IQ-TREE multicore version 1.6.11 for Linux 64-bit built Jun  6 2019
Developed by Bui Quang Minh, Nguyen Lam Tung, Olga Chernomor,
Heiko Schmidt, Dominik Schrempf, Michael Woodhams.

Host:    92355f672ec4 (AVX2, FMA3, 125 GB RAM)
Command: /usr/local/iqtree/bin/iqtree -s /tmp/IQTREE/nB2a_K_FkA/seqin.fst -st AA -pre /tmp/IQTREE/nB2a_K_FkA/iqt -m LG+R4+FO -wsr -bb 1000 -alrt 1000 -pers 0.5 -numstop 100 -nt 3
Seed:    381102 (Using SPRNG - Scalable Parallel Random Number Generator)
Time:    Sun Mar  3 10:41:18 2024
Kernel:  AVX+FMA - 3 threads (24 CPU cores detected)

Reading alignment file /tmp/IQTREE/nB2a_K_FkA/seqin.fst ... Fasta format detected
Alignment most likely contains protein sequences
Alignment has 212 sequences with 1612 columns, 755 distinct patterns
206 parsimony-informative, 365 singleton sites, 1041 constant sites
WARNING: Some sequence names are changed as follows:
CP@TRINITY_DN1386_c0_g1__CP@TRINITY_DN1386_c0_g1_i1__g.35088__m.35088_type_5prime_partial_len_173_gc_universal_CP@TRINITY_DN1386_c0_g1_i1_2-520_+_ -> CP_TRINITY_DN1386_c0_g1__CP_TRINITY_DN1386_c0_g1_i1__g.35088__m.35088_type_5prime_partial_len_173_gc_universal_CP_TRINITY_DN1386_c0_g1_i1_2-520___
CP@TRINITY_DN1386_c0_g1__CP@TRINITY_DN1386_c0_g1_i2__g.35089__m.35089_type_5prime_partial_len_173_gc_universal_CP@TRINITY_DN1386_c0_g1_i2_2-520_+_ -> CP_TRINITY_DN1386_c0_g1__CP_TRINITY_DN1386_c0_g1_i2__g.35089__m.35089_type_5prime_partial_len_173_gc_universal_CP_TRINITY_DN1386_c0_g1_i2_2-520___
CP@TRINITY_DN1386_c0_g1__CP@TRINITY_DN1386_c0_g1_i3__g.35090__m.35090_type_5prime_partial_len_173_gc_universal_CP@TRINITY_DN1386_c0_g1_i3_2-520_+_ -> CP_TRINITY_DN1386_c0_g1__CP_TRINITY_DN1386_c0_g1_i3__g.35090__m.35090_type_5prime_partial_len_173_gc_universal_CP_TRINITY_DN1386_c0_g1_i3_2-520___
CP@TRINITY_DN1386_c0_g1__CP@TRINITY_DN1386_c0_g1_i5__g.35093__m.35093_type_5prime_partial_len_173_gc_universal_CP@TRINITY_DN1386_c0_g1_i5_2-520_+_ -> CP_TRINITY_DN1386_c0_g1__CP_TRINITY_DN1386_c0_g1_i5__g.35093__m.35093_type_5prime_partial_len_173_gc_universal_CP_TRINITY_DN1386_c0_g1_i5_2-520___
CP@TRINITY_DN1386_c0_g1__CP@TRINITY_DN1386_c0_g1_i6__g.35094__m.35094_type_5prime_partial_len_173_gc_universal_CP@TRINITY_DN1386_c0_g1_i6_2-520_+_ -> CP_TRINITY_DN1386_c0_g1__CP_TRINITY_DN1386_c0_g1_i6__g.35094__m.35094_type_5prime_partial_len_173_gc_universal_CP_TRINITY_DN1386_c0_g1_i6_2-520___
CP@TRINITY_DN13643_c0_g1__CP@TRINITY_DN13643_c0_g1_i1__g.38396__m.38396_type_5prime_partial_len_174_gc_universal_CP@TRINITY_DN13643_c0_g1_i1_555-34_-_ -> CP_TRINITY_DN13643_c0_g1__CP_TRINITY_DN13643_c0_g1_i1__g.38396__m.38396_type_5prime_partial_len_174_gc_universal_CP_TRINITY_DN13643_c0_g1_i1_555-34_-_

                                                                                                                                                        Gap/Ambiguity  Composition  p-value
   1  Protlace                                                                                                                                                 97.27%    passed     77.64%
   2  Thectrah                                                                                                                                                 90.38%    passed     12.52%
   3  Batrdend                                                                                                                                                 89.27%    failed      0.65%
   4  Prascaps                                                                                                                                                 91.00%    passed     98.43%
   5  Sphadest                                                                                                                                                 89.70%    passed     33.75%
   6  Hemirufe                                                                                                                                                 91.00%    passed     62.51%
   7  Goniavon                                                                                                                                                 93.18%    passed     75.77%
   8  Guilthet                                                                                                                                                 91.07%    passed     38.88%
   9  Gemicryo                                                                                                                                                 91.13%    passed     59.13%
  10  Protfung                                                                                                                                                 92.06%    passed     82.99%
  11  Aurisoli                                                                                                                                                 91.44%    passed     89.34%
  12  Paulchro                                                                                                                                                 90.76%    passed     50.09%
  13  Gymn2014                                                                                                                                                 90.01%    passed     75.22%
  14  Bigenata                                                                                                                                                 90.88%    passed     32.86%
  15  Parapyri                                                                                                                                                 90.20%    passed     72.41%
  16  Plasbras                                                                                                                                                 90.94%    passed     38.54%
  17  Rainerin                                                                                                                                                 90.38%    passed     51.42%
  18  Raphhete                                                                                                                                                 89.64%    passed     91.21%
  19  ChoanoFB                                                                                                                                                 89.52%    passed     83.07%
  20  AcanthFB                                                                                                                                                 89.70%    passed      7.50%
  21  Calclept                                                                                                                                                 89.64%    passed     43.50%
  22  Phaeglob                                                                                                                                                 89.89%    passed     44.11%
  23  BicoCB20                                                                                                                                                 91.00%    passed     62.92%
  24  Phytpara                                                                                                                                                 91.07%    passed     69.17%
  25  Hemikukw                                                                                                                                                 90.26%    passed     60.25%
  26  TeloneP2                                                                                                                                                 91.13%    passed     39.16%
  27  Telosubt                                                                                                                                                 89.21%    passed     59.94%
  28  Syssmult                                                                                                                                                 91.19%    passed     67.22%
  29  Pigoviet                                                                                                                                                 91.13%    passed     72.34%
  30  Nemavect                                                                                                                                                 91.13%    passed     68.77%
  31  Parvatla                                                                                                                                                 88.83%    passed     17.30%
  32  Capsowcz                                                                                                                                                 90.76%    passed     75.15%
  33  Monobrev                                                                                                                                                 90.88%    passed     47.52%
  34  Dictdisc                                                                                                                                                 91.38%    passed     37.18%
  35  Monoexil                                                                                                                                                 91.13%    passed     67.20%
  36  Physpoly                                                                                                                                                 93.05%    passed     79.46%
  37  Tricvagi                                                                                                                                                 91.25%    passed     34.31%
  38  Homosapi                                                                                                                                                 90.76%    passed     74.06%
  39  Styginca                                                                                                                                                 88.40%    failed      2.91%
  40  Andagodo                                                                                                                                                 90.94%    passed     85.10%
  41  ChrysoH1                                                                                                                                                 92.31%    passed     77.57%
  42  EctocSP7                                                                                                                                                 90.26%    passed     25.85%
  43  Thalpseu                                                                                                                                                 90.45%    passed     52.04%
  44  MAST004E                                                                                                                                                 91.13%    passed     57.25%
  45  MAST04A1                                                                                                                                                 92.25%    passed     44.86%
  46  MAST04A2                                                                                                                                                 91.07%    passed     47.94%
  47  MAST004C                                                                                                                                                 91.07%    passed     35.09%
  48  Paratetr                                                                                                                                                 91.00%    passed     50.69%
  49  Stencoer                                                                                                                                                 91.13%    passed     55.08%
  50  Styllemn                                                                                                                                                 90.94%    passed     55.41%
  51  Platmacr                                                                                                                                                 91.19%    passed     60.75%
  52  Ichtmult                                                                                                                                                 91.69%    passed     43.45%
  53  Tetrther                                                                                                                                                 91.07%    passed     57.72%
  54  Protadhe                                                                                                                                                 91.13%    passed     75.60%
  55  Oxyrmari                                                                                                                                                 90.07%    passed     58.05%
  56  Noctscin                                                                                                                                                 89.52%    passed     46.45%
  57  Symbmicr                                                                                                                                                 30.96%    failed      0.00%
  58  Alphedax                                                                                                                                                 91.07%    passed     57.75%
  59  Plasfalc                                                                                                                                                 90.94%    failed      3.10%
  60  Gregniph                                                                                                                                                 90.94%    passed     34.58%
  61  Vitrbras                                                                                                                                                 91.25%    passed     32.83%
  62  Colpangu                                                                                                                                                 90.07%    passed     34.07%
  63  Ammo1384                                                                                                                                                 90.26%    passed     70.38%
  64  Sori0191                                                                                                                                                 90.88%    passed     58.66%
  65  Retifilo                                                                                                                                                 87.84%    failed      0.70%
  66  Leptvora                                                                                                                                                 91.19%    passed     45.58%
  67  Lapoguse                                                                                                                                                 90.01%    passed     33.68%
  68  Naeggrub                                                                                                                                                 91.13%    passed     49.40%
  69  Leptpyrr                                                                                                                                                 90.01%    passed     28.08%
  70  Paraconf                                                                                                                                                 87.90%    failed      0.49%
  71  Trypbruc                                                                                                                                                 89.02%    passed     10.06%
  72  Chlarein                                                                                                                                                 91.07%    passed     61.91%
  73  Dunasali                                                                                                                                                 90.94%    passed     27.24%
  74  Chlovari                                                                                                                                                 91.13%    passed     59.96%
  75  Nephpyri                                                                                                                                                 90.82%    passed     89.40%
  76  Tetrasti                                                                                                                                                 90.94%    passed     85.40%
  77  Arabthal                                                                                                                                                 91.13%    passed     87.27%
  78  Mesoviri                                                                                                                                                 91.13%    passed     32.86%
  79  Pyrapark                                                                                                                                                 89.02%    passed     26.71%
  80  Charbrau                                                                                                                                                 84.55%    failed      0.00%
  81  Prassing                                                                                                                                                 86.97%    failed      0.00%
  82  Acancast                                                                                                                                                 89.14%    failed      0.00%
  83  PlacCLAB                                                                                                                                                 90.51%    passed     18.63%
  84  Wobbluna                                                                                                                                                 90.01%    passed     57.19%
  85  Caferoen                                                                                                                                                 91.13%    passed     57.23%
  86  Cantmars                                                                                                                                                 90.20%    passed     36.76%
  87  Hyphcate                                                                                                                                                 87.90%    passed     40.20%
  88  Aplakerg                                                                                                                                                 91.07%    passed     33.35%
  89  Auralima                                                                                                                                                 91.07%    passed     88.14%
  90  Schiaggr                                                                                                                                                 91.07%    passed     49.16%
  91  ThraLLF1                                                                                                                                                 90.45%    passed     81.74%
  92  Aureanop                                                                                                                                                 90.57%    passed     71.01%
  93  Pelasubv                                                                                                                                                 85.24%    failed      0.01%
  94  Chryfrag                                                                                                                                                 90.26%    passed     67.21%
  95  Pelacalc                                                                                                                                                 82.82%    passed      5.61%
  96  Pela2097                                                                                                                                                 90.45%    passed     67.26%
  97  Deveeleg                                                                                                                                                 79.53%    failed      0.00%
  98  Micrgadi                                                                                                                                                 89.58%    passed     54.83%
  99  Psuemult                                                                                                                                                 90.20%    passed     22.05%
 100  Fragcyli                                                                                                                                                 90.20%    passed     15.17%
 101  Phaetric                                                                                                                                                 90.26%    passed     59.72%
 102  Tripeleu                                                                                                                                                 90.63%    passed     33.70%
 103  Heteakas                                                                                                                                                 90.51%    passed     22.60%
 104  Syncpusi                                                                                                                                                 89.70%    passed     76.36%
 105  Pedoelon                                                                                                                                                 90.57%    passed     56.04%
 106  Ochr2298                                                                                                                                                 86.97%    failed      3.58%
 107  Rhiz1243                                                                                                                                                 88.90%    failed      4.24%
 108  Pedi2098                                                                                                                                                 90.20%    passed     96.22%
 109  Pseuelas                                                                                                                                                 86.23%    passed     52.71%
 110  Vauclito                                                                                                                                                 89.89%    passed     42.69%
 111  Agarclat                                                                                                                                                 90.32%    passed     57.87%
 112  Fucucera                                                                                                                                                 90.32%    passed     55.47%
 113  Tribgaya                                                                                                                                                 90.32%    passed     68.80%
 114  Pirisoci                                                                                                                                                 93.55%    passed     24.45%
 115  Crypparv                                                                                                                                                 90.38%    failed      3.39%
 116  Karebrev                                                                                                                                                 89.08%    passed     62.50%
 117  Perkmari                                                                                                                                                 90.82%    passed     55.48%
 118  Platviva                                                                                                                                                 91.13%    passed     47.70%
 119  Chroveli                                                                                                                                                 91.07%    passed     69.20%
 120  Toxogond                                                                                                                                                 91.00%    passed     89.93%
 121  Flor1587                                                                                                                                                 84.55%    failed      0.28%
 122  Saprdecl                                                                                                                                                 91.07%    passed     77.55%
 123  Pythirre                                                                                                                                                 91.32%    passed     57.61%
 124  Albulaib                                                                                                                                                 91.07%    passed     49.81%
 125  Haloseos                                                                                                                                                 89.45%    passed     77.01%
 126  Roomtrun                                                                                                                                                 90.51%    passed     29.47%
 127  Cryppara                                                                                                                                                 91.32%    passed     20.95%
 128  Rhodsali                                                                                                                                                 91.13%    passed     52.13%
 129  Bafffrig                                                                                                                                                 91.07%    passed     65.25%
 130  Palpbili                                                                                                                                                 89.83%    passed     72.65%
 131  Rhodemar                                                                                                                                                 90.57%    passed     64.35%
 132  Rhodlimn                                                                                                                                                 90.20%    passed     77.24%
 133  Ancytwis                                                                                                                                                 91.32%    passed     79.32%
 134  Pavl2436                                                                                                                                                 91.00%    passed     34.93%
 135  Diacluth                                                                                                                                                 89.39%    passed     13.30%
 136  Chryrota                                                                                                                                                 90.94%    passed     88.34%
 137  Prymparv                                                                                                                                                 90.88%    passed     69.23%
 138  Tisolute                                                                                                                                                 90.94%    passed     70.60%
 139  Vannfimi                                                                                                                                                 90.32%    passed     70.28%
 140  Idiovort                                                                                                                                                 91.07%    passed     53.04%
 141  Chlorept                                                                                                                                                 88.90%    passed     53.53%
 142  MatazaD1                                                                                                                                                 90.20%    passed     57.87%
 143  Brevmoto                                                                                                                                                 90.07%    passed     48.22%
 144  Physpate                                                                                                                                                 91.13%    passed     70.81%
 145  Ostrtaur                                                                                                                                                 90.69%    passed     35.10%
 146  Oryzsati                                                                                                                                                 91.13%    passed     50.48%
 147  BlasS7SB                                                                                                                                                 90.88%    passed     44.10%
 148  Volvcart                                                                                                                                                 91.07%    passed     79.31%
 149  Micrpusl                                                                                                                                                 90.88%    passed     60.26%
 150  Flecnera                                                                                                                                                 91.07%    passed     17.90%
 151  Diplambu                                                                                                                                                 91.00%    passed     37.79%
 152  Reclamer                                                                                                                                                 89.27%    passed     10.84%
 153  Squajapo                                                                                                                                                 89.45%    failed      0.19%
 154  Diphrota                                                                                                                                                 90.82%    passed     38.40%
 155  Rigiramo                                                                                                                                                 90.57%    passed     63.49%
 156  Guttvulg                                                                                                                                                 90.82%    passed     53.64%
 157  Pygsbifo                                                                                                                                                 91.19%    passed     47.64%
 158  Salprose                                                                                                                                                 90.88%    passed     55.24%
 159  Gefiokel                                                                                                                                                 92.62%    passed     37.91%
 160  Tsukglob                                                                                                                                                 90.26%    passed     87.68%
 161  Mantplas                                                                                                                                                 87.90%    failed      3.46%
 162  Fabotrop                                                                                                                                                 91.13%    passed     28.78%
 163  HeterBB2                                                                                                                                                 91.13%    passed     11.14%
 164  Eugllong                                                                                                                                                 90.20%    passed     63.29%
 165  Euglgrac                                                                                                                                                 90.76%    passed     53.00%
 166  Bodosalt                                                                                                                                                 92.43%    passed     20.49%
 167  Pharkirb                                                                                                                                                 91.13%    passed     54.95%
 168  Cochminu                                                                                                                                                 91.19%    passed     32.77%
 169  Schivulg                                                                                                                                                 87.97%    failed      3.16%
 170  Cavoapop                                                                                                                                                 90.88%    passed     57.82%
 171  Trimmari                                                                                                                                                 91.13%    passed     37.20%
 172  NolaAFSM                                                                                                                                                 90.88%    passed     62.10%
 173  Arcevulg                                                                                                                                                 90.88%    passed     80.22%
 174  Phalsoli                                                                                                                                                 90.26%    failed      1.98%
 175  Aplycali                                                                                                                                                 91.19%    passed     38.59%
 176  Echibisp                                                                                                                                                 91.19%    passed     74.43%
 177  Hetepall                                                                                                                                                 91.63%    passed      9.37%
 178  Masteilh                                                                                                                                                 90.88%    passed     57.80%
 179  Sapppeda                                                                                                                                                 91.19%    passed     16.06%
 180  ThecSK13                                                                                                                                                 93.61%    passed     17.67%
 181  Coprprot                                                                                                                                                 87.66%    passed      9.33%
 182  Amoeprot                                                                                                                                                 88.34%    passed     59.71%
 183  Rhizelon                                                                                                                                                 88.03%    failed      3.21%
 184  Soliirre                                                                                                                                                 91.19%    passed     53.28%
 185  Flabcita                                                                                                                                                 90.94%    passed     14.60%
 186  Rhizsaxo                                                                                                                                                 90.88%    passed     15.29%
 187  Vermverm                                                                                                                                                 90.88%    passed     44.65%
 188  MicrA134                                                                                                                                                 90.01%    passed     75.39%
 189  Echiexud                                                                                                                                                 90.51%    passed     61.82%
 190  Mancberm                                                                                                                                                 91.00%    failed      3.20%
 191  Gallgall                                                                                                                                                 91.07%    passed     67.35%
 192  Mnemleid                                                                                                                                                 84.49%    failed      0.51%
 193  Luaphula                                                                                                                                                 90.88%    passed     43.13%
 194  Ovaldese                                                                                                                                                 90.63%    failed      2.47%
 195  Endozona                                                                                                                                                 90.82%    passed     66.16%
 196  Fontalba                                                                                                                                                 90.14%    failed      0.20%
 197  Gocefonb                                                                                                                                                 89.64%    passed     73.44%
 198  Minivibr                                                                                                                                                 91.38%    passed     64.82%
 199  Cuneruss                                                                                                                                                 92.06%    passed     71.37%
 200  Veximinu                                                                                                                                                 90.14%    passed     30.98%
 201  Stensten                                                                                                                                                 91.13%    passed     29.12%
 202  Tricadha                                                                                                                                                 91.50%    passed     12.03%
 203  Branflor                                                                                                                                                 88.59%    passed     38.46%
 204  Nutohowe                                                                                                                                                 93.98%    passed     68.97%
 205  Nutolong                                                                                                                                                 91.13%    passed     56.56%
 206  Ancysigm                                                                                                                                                 91.13%    passed     65.84%
 207  CP_TRINITY_DN1386_c0_g1__CP_TRINITY_DN1386_c0_g1_i1__g.35088__m.35088_type_5prime_partial_len_173_gc_universal_CP_TRINITY_DN1386_c0_g1_i1_2-520___       89.33%    passed      6.75%
 208  CP_TRINITY_DN1386_c0_g1__CP_TRINITY_DN1386_c0_g1_i2__g.35089__m.35089_type_5prime_partial_len_173_gc_universal_CP_TRINITY_DN1386_c0_g1_i2_2-520___       89.33%    passed      6.75%
 209  CP_TRINITY_DN1386_c0_g1__CP_TRINITY_DN1386_c0_g1_i3__g.35090__m.35090_type_5prime_partial_len_173_gc_universal_CP_TRINITY_DN1386_c0_g1_i3_2-520___       89.33%    passed      6.75%
 210  CP_TRINITY_DN1386_c0_g1__CP_TRINITY_DN1386_c0_g1_i5__g.35093__m.35093_type_5prime_partial_len_173_gc_universal_CP_TRINITY_DN1386_c0_g1_i5_2-520___       89.33%    passed      6.75%
 211  CP_TRINITY_DN1386_c0_g1__CP_TRINITY_DN1386_c0_g1_i6__g.35094__m.35094_type_5prime_partial_len_173_gc_universal_CP_TRINITY_DN1386_c0_g1_i6_2-520___       89.33%    passed      6.75%
 212  CP_TRINITY_DN13643_c0_g1__CP_TRINITY_DN13643_c0_g1_i1__g.38396__m.38396_type_5prime_partial_len_174_gc_universal_CP_TRINITY_DN13643_c0_g1_i1_555-34_-_   89.27%    passed     17.07%
WARNING: 211 sequences contain more than 50% gaps/ambiguity
****  TOTAL                                                                                                                                                    90.07%  24 sequences failed composition chi2 test (p-value<5%; df=19)
NOTE: CP_TRINITY_DN1386_c0_g1__CP_TRINITY_DN1386_c0_g1_i2__g.35089__m.35089_type_5prime_partial_len_173_gc_universal_CP_TRINITY_DN1386_c0_g1_i2_2-520___ is identical to CP_TRINITY_DN1386_c0_g1__CP_TRINITY_DN1386_c0_g1_i1__g.35088__m.35088_type_5prime_partial_len_173_gc_universal_CP_TRINITY_DN1386_c0_g1_i1_2-520___ but kept for subsequent analysis
NOTE: 3 identical sequences (see below) will be ignored for subsequent analysis
NOTE: CP_TRINITY_DN1386_c0_g1__CP_TRINITY_DN1386_c0_g1_i3__g.35090__m.35090_type_5prime_partial_len_173_gc_universal_CP_TRINITY_DN1386_c0_g1_i3_2-520___ (identical to CP_TRINITY_DN1386_c0_g1__CP_TRINITY_DN1386_c0_g1_i1__g.35088__m.35088_type_5prime_partial_len_173_gc_universal_CP_TRINITY_DN1386_c0_g1_i1_2-520___) is ignored but added at the end
NOTE: CP_TRINITY_DN1386_c0_g1__CP_TRINITY_DN1386_c0_g1_i5__g.35093__m.35093_type_5prime_partial_len_173_gc_universal_CP_TRINITY_DN1386_c0_g1_i5_2-520___ (identical to CP_TRINITY_DN1386_c0_g1__CP_TRINITY_DN1386_c0_g1_i1__g.35088__m.35088_type_5prime_partial_len_173_gc_universal_CP_TRINITY_DN1386_c0_g1_i1_2-520___) is ignored but added at the end
NOTE: CP_TRINITY_DN1386_c0_g1__CP_TRINITY_DN1386_c0_g1_i6__g.35094__m.35094_type_5prime_partial_len_173_gc_universal_CP_TRINITY_DN1386_c0_g1_i6_2-520___ (identical to CP_TRINITY_DN1386_c0_g1__CP_TRINITY_DN1386_c0_g1_i1__g.35088__m.35088_type_5prime_partial_len_173_gc_universal_CP_TRINITY_DN1386_c0_g1_i1_2-520___) is ignored but added at the end

For your convenience alignment with unique sequences printed to /tmp/IQTREE/nB2a_K_FkA/iqt.uniqueseq.phy

Create initial parsimony tree by phylogenetic likelihood library (PLL)... 0.119 seconds
Generating 1000 samples for ultrafast bootstrap (seed: 381102)...

NOTE: 103 MB RAM (0 GB) is required!
Estimate model parameters (epsilon = 0.100)
1. Initial log-likelihood: -45558.044
2. Current log-likelihood: -38357.292
3. Current log-likelihood: -38237.249
4. Current log-likelihood: -38234.578
5. Current log-likelihood: -38234.054
6. Current log-likelihood: -38233.880
Optimal log-likelihood: -38233.818
Site proportion and rates:  (0.166,0.099) (0.168,0.332) (0.183,0.686) (0.483,1.661)
Parameters optimization took 6 rounds (148.498 sec)
Computing ML distances based on estimated model parameters... 13.951 sec
Computing BIONJ tree...
0.127 seconds
Log-likelihood of BIONJ tree: -38014.952
--------------------------------------------------------------------
|             INITIALIZING CANDIDATE TREE SET                      |
--------------------------------------------------------------------
Generating 98 parsimony trees... 10.916 second
Computing log-likelihood of 98 initial trees ... 190.242 seconds
Current best score: -38014.952

Do NNI search on 20 best initial trees
Estimate model parameters (epsilon = 0.100)
BETTER TREE FOUND at iteration 1: -37834.926
Iteration 10 / LogL: -37915.423 / Time: 0h:16m:11s
Iteration 20 / LogL: -37882.722 / Time: 0h:26m:43s
Finish initializing candidate tree set (20)
Current best tree score: -37834.926 / CPU time: 1442.004
Number of iterations: 20
--------------------------------------------------------------------
|               OPTIMIZING CANDIDATE TREE SET                      |
--------------------------------------------------------------------
Estimate model parameters (epsilon = 0.100)
BETTER TREE FOUND at iteration 25: -37815.432
Estimate model parameters (epsilon = 0.100)
BETTER TREE FOUND at iteration 26: -37793.784
Estimate model parameters (epsilon = 0.100)
BETTER TREE FOUND at iteration 29: -37790.880
Iteration 30 / LogL: -37799.825 / Time: 0h:40m:51s (2h:19m:27s left)
Estimate model parameters (epsilon = 0.100)
BETTER TREE FOUND at iteration 32: -37783.890
Estimate model parameters (epsilon = 0.100)
BETTER TREE FOUND at iteration 33: -37776.858
Estimate model parameters (epsilon = 0.100)
BETTER TREE FOUND at iteration 35: -37774.871
Estimate model parameters (epsilon = 0.100)
BETTER TREE FOUND at iteration 39: -37773.186
Estimate model parameters (epsilon = 0.100)
BETTER TREE FOUND at iteration 40: -37771.099
Iteration 40 / LogL: -37771.099 / Time: 0h:58m:44s (2h:30m:36s left)
Estimate model parameters (epsilon = 0.100)
BETTER TREE FOUND at iteration 42: -37759.020
Iteration 50 / LogL: -37776.660 / Time: 1h:10m:51s (2h:13m:1s left)
Log-likelihood cutoff on original alignment: -37942.701
Estimate model parameters (epsilon = 0.100)
BETTER TREE FOUND at iteration 58: -37753.428
Iteration 60 / LogL: -37760.733 / Time: 1h:23m:53s (2h:19m:20s left)
Estimate model parameters (epsilon = 0.100)
BETTER TREE FOUND at iteration 63: -37748.206
Estimate model parameters (epsilon = 0.100)
BETTER TREE FOUND at iteration 65: -37745.620
Estimate model parameters (epsilon = 0.100)
BETTER TREE FOUND at iteration 68: -37741.960
Estimate model parameters (epsilon = 0.100)
BETTER TREE FOUND at iteration 70: -37738.762
Iteration 70 / LogL: -37738.762 / Time: 1h:41m:36s (2h:27m:15s left)
Estimate model parameters (epsilon = 0.100)
BETTER TREE FOUND at iteration 72: -37735.776
Estimate model parameters (epsilon = 0.100)
BETTER TREE FOUND at iteration 75: -37727.526
Iteration 80 / LogL: -37744.474 / Time: 1h:55m:13s (2h:18m:33s left)
Iteration 90 / LogL: -37735.457 / Time: 2h:8m:8s (2h:2m:22s left)
Estimate model parameters (epsilon = 0.100)
BETTER TREE FOUND at iteration 95: -37723.824
Iteration 100 / LogL: -37724.589 / Time: 2h:21m:22s (2h:15m:39s left)
Log-likelihood cutoff on original alignment: -37912.209
NOTE: Bootstrap correlation coefficient of split occurrence frequencies: 0.863
NOTE: UFBoot does not converge, continue at least 100 more iterations
Estimate model parameters (epsilon = 0.100)
BETTER TREE FOUND at iteration 101: -37722.002
Iteration 110 / LogL: -37755.493 / Time: 2h:31m:57s (2h:6m:51s left)
Estimate model parameters (epsilon = 0.100)
BETTER TREE FOUND at iteration 115: -37721.617
Estimate model parameters (epsilon = 0.100)
BETTER TREE FOUND at iteration 116: -37719.121
Iteration 120 / LogL: -37747.235 / Time: 2h:43m:46s (2h:12m:7s left)
Iteration 130 / LogL: -37722.275 / Time: 2h:52m:3s (1h:54m:42s left)
Estimate model parameters (epsilon = 0.100)
BETTER TREE FOUND at iteration 140: -37717.848
Iteration 140 / LogL: -37717.848 / Time: 3h:3m:9s (2h:11m:45s left)
Estimate model parameters (epsilon = 0.100)
BETTER TREE FOUND at iteration 144: -37715.246
Iteration 150 / LogL: -37734.054 / Time: 3h:14m:46s (2h:2m:52s left)
Log-likelihood cutoff on original alignment: -37905.916
Estimate model parameters (epsilon = 0.100)
BETTER TREE FOUND at iteration 151: -37713.668
Estimate model parameters (epsilon = 0.100)
BETTER TREE FOUND at iteration 152: -37712.222
Iteration 160 / LogL: -37712.723 / Time: 3h:25m:46s (1h:59m:3s left)
Estimate model parameters (epsilon = 0.100)
BETTER TREE FOUND at iteration 166: -37711.636
Iteration 170 / LogL: -37712.784 / Time: 3h:36m:53s (2h:3m:12s left)
Estimate model parameters (epsilon = 0.100)
BETTER TREE FOUND at iteration 174: -37710.638
Iteration 180 / LogL: -37717.088 / Time: 3h:47m:37s (1h:59m:32s left)
Estimate model parameters (epsilon = 0.100)
BETTER TREE FOUND at iteration 183: -37707.686
Iteration 190 / LogL: -37743.285 / Time: 3h:59m:54s (1h:58m:2s left)
Iteration 200 / LogL: -37708.745 / Time: 4h:9m:4s (1h:43m:53s left)
Log-likelihood cutoff on original alignment: -37866.685
NOTE: Bootstrap correlation coefficient of split occurrence frequencies: 0.946
NOTE: UFBoot does not converge, continue at least 100 more iterations
Estimate model parameters (epsilon = 0.100)
BETTER TREE FOUND at iteration 206: -37699.998
Estimate model parameters (epsilon = 0.100)
BETTER TREE FOUND at iteration 207: -37695.295
Iteration 210 / LogL: -37709.155 / Time: 4h:20m:28s (2h:0m:53s left)
Iteration 220 / LogL: -37713.372 / Time: 4h:29m:8s (1h:46m:55s left)
Iteration 230 / LogL: -37731.964 / Time: 4h:37m:3s (1h:33m:9s left)
UPDATE BEST LOG-LIKELIHOOD: -37695.294
Iteration 240 / LogL: -37697.210 / Time: 4h:44m:53s (1h:19m:51s left)
Iteration 250 / LogL: -37706.771 / Time: 4h:53m:16s (1h:7m:8s left)
Log-likelihood cutoff on original alignment: -37866.685
Iteration 260 / LogL: -37723.662 / Time: 5h:2m:18s (0h:54m:51s left)
Iteration 270 / LogL: -37701.431 / Time: 5h:11m:13s (0h:42m:48s left)
Iteration 280 / LogL: -37705.528 / Time: 5h:19m:13s (0h:30m:53s left)
Iteration 290 / LogL: -37726.646 / Time: 5h:26m:49s (0h:19m:13s left)
Iteration 300 / LogL: -37702.434 / Time: 5h:34m:39s (0h:7m:50s left)
Log-likelihood cutoff on original alignment: -37866.685
NOTE: Bootstrap correlation coefficient of split occurrence frequencies: 0.929
NOTE: UFBoot does not converge, continue at least 100 more iterations
Iteration 310 / LogL: -37702.690 / Time: 5h:43m:17s (1h:39m:59s left)
Estimate model parameters (epsilon = 0.100)
BETTER TREE FOUND at iteration 313: -37695.175
Iteration 320 / LogL: -37702.406 / Time: 5h:52m:22s (1h:42m:43s left)
Iteration 330 / LogL: -37716.822 / Time: 6h:0m:21s (1h:30m:54s left)
Iteration 340 / LogL: -37698.499 / Time: 6h:8m:14s (1h:19m:17s left)
Iteration 350 / LogL: -37701.095 / Time: 6h:15m:22s (1h:7m:45s left)
Log-likelihood cutoff on original alignment: -37866.685
Estimate model parameters (epsilon = 0.100)
BETTER TREE FOUND at iteration 354: -37693.796
Iteration 360 / LogL: -37702.498 / Time: 6h:24m:4s (1h:40m:33s left)
Estimate model parameters (epsilon = 0.100)
BETTER TREE FOUND at iteration 369: -37686.189
Iteration 370 / LogL: -37702.969 / Time: 6h:32m:8s (1h:45m:12s left)
Iteration 380 / LogL: -37695.860 / Time: 6h:39m:27s (1h:33m:48s left)
Iteration 390 / LogL: -37699.859 / Time: 6h:46m:45s (1h:22m:36s left)
Iteration 400 / LogL: -37715.259 / Time: 6h:54m:18s (1h:11m:38s left)
Log-likelihood cutoff on original alignment: -37866.685
NOTE: Bootstrap correlation coefficient of split occurrence frequencies: 0.955
NOTE: UFBoot does not converge, continue at least 100 more iterations
Iteration 410 / LogL: -37693.805 / Time: 7h:2m:24s (1h:32m:56s left)
Iteration 420 / LogL: -37706.324 / Time: 7h:10m:13s (1h:22m:8s left)
Iteration 430 / LogL: -37689.446 / Time: 7h:17m:28s (1h:11m:22s left)
Iteration 440 / LogL: -37710.049 / Time: 7h:25m:41s (1h:0m:54s left)
Iteration 450 / LogL: -37694.618 / Time: 7h:32m:47s (0h:50m:25s left)
Log-likelihood cutoff on original alignment: -37866.685
Iteration 460 / LogL: -37703.192 / Time: 7h:40m:13s (0h:40m:6s left)
Iteration 470 / LogL: -37697.769 / Time: 7h:47m:36s (0h:29m:54s left)
Iteration 480 / LogL: -37709.338 / Time: 7h:55m:22s (0h:19m:50s left)
Iteration 490 / LogL: -37712.422 / Time: 8h:1m:57s (0h:9m:51s left)
Iteration 500 / LogL: -37691.849 / Time: 8h:8m:56s (0h:0m:0s left)
Log-likelihood cutoff on original alignment: -37790.348
NOTE: Bootstrap correlation coefficient of split occurrence frequencies: 0.969
NOTE: UFBoot does not converge, continue at least 100 more iterations
Iteration 510 / LogL: -37709.760 / Time: 8h:15m:36s (1h:27m:37s left)
Iteration 520 / LogL: -37694.056 / Time: 8h:21m:41s (1h:17m:19s left)
Iteration 530 / LogL: -37688.059 / Time: 8h:28m:0s (1h:7m:13s left)
Iteration 540 / LogL: -37693.378 / Time: 8h:34m:15s (0h:57m:14s left)
Iteration 550 / LogL: -37691.125 / Time: 8h:40m:44s (0h:47m:25s left)
Log-likelihood cutoff on original alignment: -37790.348
Iteration 560 / LogL: -37698.661 / Time: 8h:46m:50s (0h:37m:41s left)
Iteration 570 / LogL: -37694.302 / Time: 8h:52m:13s (0h:28m:3s left)
Iteration 580 / LogL: -37695.944 / Time: 8h:58m:35s (0h:18m:36s left)
Iteration 590 / LogL: -37691.609 / Time: 9h:4m:18s (0h:9m:14s left)
Iteration 600 / LogL: -37690.824 / Time: 9h:10m:5s (0h:0m:0s left)
Log-likelihood cutoff on original alignment: -37785.862
NOTE: Bootstrap correlation coefficient of split occurrence frequencies: 0.966
NOTE: UFBoot does not converge, continue at least 100 more iterations
Iteration 610 / LogL: -37692.209 / Time: 9h:15m:35s (1h:22m:6s left)
Iteration 620 / LogL: -37696.557 / Time: 9h:21m:47s (1h:12m:36s left)
Iteration 630 / LogL: -37689.730 / Time: 9h:27m:14s (1h:3m:7s left)
Iteration 640 / LogL: -37692.072 / Time: 9h:34m:33s (0h:53m:56s left)
Estimate model parameters (epsilon = 0.100)
BETTER TREE FOUND at iteration 649: -37686.036
Iteration 650 / LogL: -37696.819 / Time: 9h:41m:15s (1h:28m:40s left)
Log-likelihood cutoff on original alignment: -37785.862
Estimate model parameters (epsilon = 0.100)
BETTER TREE FOUND at iteration 658: -37685.635
Iteration 660 / LogL: -37694.203 / Time: 9h:48m:56s (1h:27m:34s left)
Iteration 670 / LogL: -37698.072 / Time: 9h:54m:57s (1h:18m:15s left)
Iteration 680 / LogL: -37690.512 / Time: 10h:0m:57s (1h:9m:2s left)
Iteration 690 / LogL: -37698.804 / Time: 10h:6m:56s (0h:59m:54s left)
Iteration 700 / LogL: -37687.764 / Time: 10h:12m:27s (0h:50m:49s left)
Log-likelihood cutoff on original alignment: -37785.862
NOTE: Bootstrap correlation coefficient of split occurrence frequencies: 0.967
NOTE: UFBoot does not converge, continue at least 100 more iterations
Iteration 710 / LogL: -37704.271 / Time: 10h:17m:53s (1h:18m:26s left)
Iteration 720 / LogL: -37694.642 / Time: 10h:23m:28s (1h:9m:22s left)
Iteration 730 / LogL: -37691.255 / Time: 10h:28m:14s (1h:0m:19s left)
Iteration 740 / LogL: -37692.796 / Time: 10h:32m:37s (0h:51m:21s left)
Iteration 750 / LogL: -37691.265 / Time: 10h:37m:14s (0h:42m:32s left)
Log-likelihood cutoff on original alignment: -37785.862
Iteration 760 / LogL: -37691.359 / Time: 10h:41m:36s (0h:33m:48s left)
Iteration 770 / LogL: -37707.882 / Time: 10h:45m:59s (0h:25m:12s left)
Iteration 780 / LogL: -37685.698 / Time: 10h:50m:12s (0h:16m:41s left)
Iteration 790 / LogL: -37688.607 / Time: 10h:54m:32s (0h:8m:17s left)
Iteration 800 / LogL: -37688.694 / Time: 10h:58m:24s (0h:0m:0s left)
Log-likelihood cutoff on original alignment: -37785.862
NOTE: Bootstrap correlation coefficient of split occurrence frequencies: 0.986
NOTE: UFBoot does not converge, continue at least 100 more iterations
Iteration 810 / LogL: -37707.061 / Time: 11h:2m:37s (1h:13m:42s left)
Iteration 820 / LogL: -37690.445 / Time: 11h:6m:41s (1h:5m:7s left)
Iteration 830 / LogL: -37706.089 / Time: 11h:10m:36s (0h:56m:37s left)
Iteration 840 / LogL: -37693.891 / Time: 11h:14m:29s (0h:48m:14s left)
Iteration 850 / LogL: -37709.936 / Time: 11h:18m:9s (0h:39m:56s left)
Log-likelihood cutoff on original alignment: -37785.862
Iteration 860 / LogL: -37696.529 / Time: 11h:22m:0s (0h:31m:45s left)
Iteration 870 / LogL: -37693.663 / Time: 11h:25m:50s (0h:23m:40s left)
Iteration 880 / LogL: -37700.552 / Time: 11h:29m:2s (0h:15m:40s left)
Iteration 890 / LogL: -37695.641 / Time: 11h:32m:13s (0h:7m:47s left)
Iteration 900 / LogL: -37699.529 / Time: 11h:35m:38s (0h:0m:0s left)
Log-likelihood cutoff on original alignment: -37785.862
NOTE: Bootstrap correlation coefficient of split occurrence frequencies: 0.994
TREE SEARCH COMPLETED AFTER 900 ITERATIONS / Time: 11h:35m:41s

--------------------------------------------------------------------
|                    FINALIZING TREE SEARCH                        |
--------------------------------------------------------------------
Performs final model parameters optimization
Estimate model parameters (epsilon = 0.010)
1. Initial log-likelihood: -37685.635
Optimal log-likelihood: -37685.635
Site proportion and rates:  (0.167,0.100) (0.170,0.334) (0.185,0.691) (0.477,1.673)
Parameters optimization took 1 rounds (10.628 sec)
BEST SCORE FOUND : -37685.635
Empirical proportions for each category: 0.088 0.036 0.025 0.850
Site rates printed to /tmp/IQTREE/nB2a_K_FkA/iqt.rate

Testing tree branches by SH-like aLRT with 1000 replicates...
Alternative NNI shows better log-likelihood -37685.626 > -37685.635
Alternative NNI shows better log-likelihood -37685.633 > -37685.635
7.964 sec.
Creating bootstrap support values...
Split supports printed to NEXUS file /tmp/IQTREE/nB2a_K_FkA/iqt.splits.nex
Total tree length: 146.332

Total number of iterations: 900
CPU time used for tree search: 26566.081 sec (7h:22m:46s)
Wall-clock time used for tree search: 41579.488 sec (11h:32m:59s)
Total CPU time used: 26880.630 sec (7h:28m:0s)
Total wall-clock time used: 41760.435 sec (11h:36m:0s)

Computing bootstrap consensus tree...
Reading input file /tmp/IQTREE/nB2a_K_FkA/iqt.splits.nex...
209 taxa and 2054 splits.
Consensus tree written to /tmp/IQTREE/nB2a_K_FkA/iqt.contree
Reading input trees file /tmp/IQTREE/nB2a_K_FkA/iqt.contree
Log-likelihood of consensus tree: -37685.637

Analysis results written to: 
  IQ-TREE report:                /tmp/IQTREE/nB2a_K_FkA/iqt.iqtree
  Maximum-likelihood tree:       /tmp/IQTREE/nB2a_K_FkA/iqt.treefile
  Likelihood distances:          /tmp/IQTREE/nB2a_K_FkA/iqt.mldist
  Site-specific rates:           /tmp/IQTREE/nB2a_K_FkA/iqt.rate

Ultrafast bootstrap approximation results written to:
  Split support values:          /tmp/IQTREE/nB2a_K_FkA/iqt.splits.nex
  Consensus tree:                /tmp/IQTREE/nB2a_K_FkA/iqt.contree
  Screen log file:               /tmp/IQTREE/nB2a_K_FkA/iqt.log

Date and Time: Sun Mar  3 22:17:22 2024
