IQ-TREE multicore version 1.6.11 for Linux 64-bit built Jun  6 2019
Developed by Bui Quang Minh, Nguyen Lam Tung, Olga Chernomor,
Heiko Schmidt, Dominik Schrempf, Michael Woodhams.

Host:    92355f672ec4 (AVX2, FMA3, 125 GB RAM)
Command: /usr/local/iqtree/bin/iqtree -s /tmp/IQTREE/6sAPirj1IA/seqin.fst -st AA -pre /tmp/IQTREE/6sAPirj1IA/iqt -m LG+R4+FO -wsr -bb 1000 -alrt 1000 -pers 0.5 -numstop 100 -nt 3
Seed:    562912 (Using SPRNG - Scalable Parallel Random Number Generator)
Time:    Mon Mar  4 10:57:09 2024
Kernel:  AVX+FMA - 3 threads (24 CPU cores detected)

Reading alignment file /tmp/IQTREE/6sAPirj1IA/seqin.fst ... Fasta format detected
Alignment most likely contains protein sequences
Alignment has 270 sequences with 1541 columns, 563 distinct patterns
177 parsimony-informative, 1152 singleton sites, 212 constant sites
WARNING: Some sequence names are changed as follows:
CP@TRINITY_DN8655_c0_g2__CP@TRINITY_DN8655_c0_g2_i2__g.28185__m.28185_type_complete_len_124_gc_universal_CP@TRINITY_DN8655_c0_g2_i2_3519-3148_-_ -> CP_TRINITY_DN8655_c0_g2__CP_TRINITY_DN8655_c0_g2_i2__g.28185__m.28185_type_complete_len_124_gc_universal_CP_TRINITY_DN8655_c0_g2_i2_3519-3148_-_
CP@TRINITY_DN8655_c0_g2__CP@TRINITY_DN8655_c0_g2_i3__g.28186__m.28186_type_complete_len_124_gc_universal_CP@TRINITY_DN8655_c0_g2_i3_595-966_+_ -> CP_TRINITY_DN8655_c0_g2__CP_TRINITY_DN8655_c0_g2_i3__g.28186__m.28186_type_complete_len_124_gc_universal_CP_TRINITY_DN8655_c0_g2_i3_595-966___
CP@TRINITY_DN8655_c0_g2__CP@TRINITY_DN8655_c0_g2_i4__g.28187__m.28187_type_complete_len_124_gc_universal_CP@TRINITY_DN8655_c0_g2_i4_747-376_-_ -> CP_TRINITY_DN8655_c0_g2__CP_TRINITY_DN8655_c0_g2_i4__g.28187__m.28187_type_complete_len_124_gc_universal_CP_TRINITY_DN8655_c0_g2_i4_747-376_-_
CP@TRINITY_DN2017_c1_g1__CP@TRINITY_DN2017_c1_g1_i1__g.50841__m.50841_type_complete_len_120_gc_universal_CP@TRINITY_DN2017_c1_g1_i1_465-106_-_ -> CP_TRINITY_DN2017_c1_g1__CP_TRINITY_DN2017_c1_g1_i1__g.50841__m.50841_type_complete_len_120_gc_universal_CP_TRINITY_DN2017_c1_g1_i1_465-106_-_

                                                                                                                                                  Gap/Ambiguity  Composition  p-value
   1  Blasemer                                                                                                                                           92.67%    passed     41.56%
   2  Protlace                                                                                                                                           94.68%    passed     82.23%
   3  Thectrah                                                                                                                                           91.63%    passed     13.32%
   4  Paulchro                                                                                                                                           89.29%    passed     64.39%
   5  Bigenata                                                                                                                                           92.21%    passed     21.08%
   6  TeloneP1                                                                                                                                           92.21%    passed     34.00%
   7  TeloneP2                                                                                                                                           92.80%    passed     82.00%
   8  Telosubt                                                                                                                                           90.98%    passed     87.27%
   9  Mesoviri                                                                                                                                           92.21%    passed     27.10%
  10  Porppurp                                                                                                                                           90.66%    passed     17.55%
  11  Naeggrub                                                                                                                                           91.95%    passed     22.04%
  12  Charbrau                                                                                                                                           91.82%    passed     33.12%
  13  Pyrapark                                                                                                                                           90.27%    passed     66.68%
  14  Lapoguse                                                                                                                                           90.27%    passed     60.50%
  15  SpirCILI                                                                                                                                           91.30%    passed     57.26%
  16  Hemirufe                                                                                                                                           91.04%    passed     56.11%
  17  Guilthet                                                                                                                                           92.15%    passed     22.20%
  18  Gemicryo                                                                                                                                           91.69%    passed     53.64%
  19  Dunasali                                                                                                                                           92.08%    passed     37.29%
  20  Styginca                                                                                                                                           92.15%    failed      1.80%
  21  Chlovari                                                                                                                                           91.30%    passed     52.18%
  22  Tricvagi                                                                                                                                           92.08%    passed     47.20%
  23  Nephpyri                                                                                                                                           90.46%    passed     13.22%
  24  Chlarein                                                                                                                                           92.15%    passed     36.02%
  25  Tetrasti                                                                                                                                           92.15%    passed     56.91%
  26  Prassing                                                                                                                                           92.15%    passed     72.08%
  27  Protadhe                                                                                                                                           92.08%    passed     66.43%
  28  Styllemn                                                                                                                                            7.92%    failed      0.00%
  29  Stroincl                                                                                                                                           92.34%    passed     42.11%
  30  Stencoer                                                                                                                                           92.08%    passed     44.82%
  31  Paratetr                                                                                                                                           92.08%    passed     28.24%
  32  Platmacr                                                                                                                                           92.21%    passed     15.52%
  33  Tetrther                                                                                                                                           88.97%    failed      0.00%
  34  Ichtmult                                                                                                                                           92.21%    failed      3.90%
  35  Raphhete                                                                                                                                           92.34%    passed     19.92%
  36  Gracchor                                                                                                                                           92.34%    passed     11.72%
  37  Dictdisc                                                                                                                                           91.95%    failed      4.94%
  38  Arabthal                                                                                                                                           91.95%    passed     64.53%
  39  Eimebrun                                                                                                                                           92.34%    passed     25.21%
  40  Spirsalm                                                                                                                                           92.73%    passed     33.90%
  41  Plasfalc                                                                                                                                           92.34%    passed     49.35%
  42  Gregniph                                                                                                                                           91.95%    passed     96.62%
  43  Galdphle                                                                                                                                           92.15%    passed     44.58%
  44  Vitrbras                                                                                                                                           91.69%    passed     42.14%
  45  Oxyrmari                                                                                                                                           92.47%    passed     39.60%
  46  HemaVICK                                                                                                                                           92.34%    passed     66.98%
  47  Noctscin                                                                                                                                           91.04%    passed     26.36%
  48  Stichzan                                                                                                                                           90.46%    failed      0.23%
  49  Calclept                                                                                                                                           89.68%    passed      8.28%
  50  Phaeglob                                                                                                                                           90.66%    passed      9.81%
  51  BicoCB20                                                                                                                                           89.62%    failed      0.34%
  52  MAST004C                                                                                                                                           93.38%    passed     54.22%
  53  MAST04A1                                                                                                                                           92.34%    passed     41.45%
  54  MAST004E                                                                                                                                           94.42%    passed     66.85%
  55  Phytpara                                                                                                                                           90.46%    passed     60.61%
  56  EctocSP7                                                                                                                                           92.15%    passed     28.12%
  57  Thalpseu                                                                                                                                           91.95%    passed     62.87%
  58  Gephhuxl                                                                                                                                           91.82%    passed     40.61%
  59  Goniavon                                                                                                                                           93.51%    passed     49.16%
  60  Symbmicr                                                                                                                                            1.82%    failed      0.00%
  61  Plasbras                                                                                                                                           92.41%    passed     30.29%
  62  Prascaps                                                                                                                                           92.02%    passed     20.24%
  63  Aurisoli                                                                                                                                           91.76%    passed     64.97%
  64  Sori0191                                                                                                                                           92.08%    passed     17.95%
  65  Monobrev                                                                                                                                           92.34%    passed     59.71%
  66  Sphadest                                                                                                                                           91.82%    passed     68.91%
  67  Hemikukw                                                                                                                                           90.91%    passed     83.30%
  68  Parvatla                                                                                                                                           88.71%    failed      4.66%
  69  Parapyri                                                                                                                                           91.37%    failed      3.44%
  70  Monoexil                                                                                                                                           91.37%    passed      6.82%
  71  Mitodaph                                                                                                                                           91.30%    passed     11.06%
  72  Coralima                                                                                                                                           92.34%    passed     50.81%
  73  Andagodo                                                                                                                                           92.41%    passed     35.21%
  74  Colpangu                                                                                                                                           91.69%    passed     70.95%
  75  Homosapi                                                                                                                                           92.28%    passed     47.01%
  76  Nemavect                                                                                                                                           92.28%    passed     36.37%
  77  Creofrag                                                                                                                                           89.94%    passed     21.84%
  78  Capsowcz                                                                                                                                           92.41%    passed     19.48%
  79  Batrdend                                                                                                                                           91.95%    passed      7.20%
  80  Paraconf                                                                                                                                           92.41%    passed     51.98%
  81  Leptpyrr                                                                                                                                           92.47%    passed     15.01%
  82  Leismajo                                                                                                                                           92.47%    passed     27.59%
  83  Rozeallo                                                                                                                                           92.28%    passed     19.94%
  84  Sacccere                                                                                                                                           92.15%    failed      1.51%
  85  Pigoviet                                                                                                                                           90.91%    passed     56.12%
  86  Protfung                                                                                                                                           91.56%    passed     52.04%
  87  Physpoly                                                                                                                                           92.02%    passed     57.99%
  88  Syssmult                                                                                                                                           87.99%    passed      9.63%
  89  Acancast                                                                                                                                           92.21%    passed     80.47%
  90  Chlorept                                                                                                                                           92.41%    passed     11.44%
  91  Cyanmero                                                                                                                                           90.01%    passed      7.40%
  92  MatazaD1                                                                                                                                           92.02%    passed     28.98%
  93  Diplambu                                                                                                                                           92.28%    passed     45.80%
  94  Flecnera                                                                                                                                           92.15%    passed      9.53%
  95  Rhodmacu                                                                                                                                           89.55%    failed      1.22%
  96  Porpumbi                                                                                                                                           87.93%    failed      0.03%
  97  Choncris                                                                                                                                           92.34%    passed     49.12%
  98  Gratturu                                                                                                                                           92.86%    passed      7.18%
  99  Cerakond                                                                                                                                           92.73%    passed     12.00%
 100  Compcoer                                                                                                                                           91.95%    passed     64.47%
 101  Porpaeru                                                                                                                                           92.15%    passed     19.03%
 102  BlasS7SB                                                                                                                                           92.67%    passed      8.60%
 103  Syncpusi                                                                                                                                           91.30%    passed      9.35%
 104  Paravest                                                                                                                                           92.02%    passed     46.23%
 105  Mallmari                                                                                                                                           92.21%    passed     31.22%
 106  Dino2267                                                                                                                                           92.02%    passed     69.25%
 107  Pedoelon                                                                                                                                           90.79%    passed     30.10%
 108  Ochr2298                                                                                                                                           92.15%    passed     43.91%
 109  PoterBG1                                                                                                                                           92.02%    passed     41.28%
 110  PlacCLAB                                                                                                                                           91.37%    passed     18.96%
 111  Haloseos                                                                                                                                           92.21%    passed     31.97%
 112  Micrpusl                                                                                                                                           92.02%    passed     29.94%
 113  Volvcart                                                                                                                                           92.15%    passed     43.41%
 114  Pirisoci                                                                                                                                           91.76%    failed      4.46%
 115  Cryppara                                                                                                                                           91.04%    passed     16.04%
 116  Bafffrig                                                                                                                                           91.43%    passed     34.10%
 117  Picosali                                                                                                                                           91.82%    passed     16.13%
 118  PB58411a                                                                                                                                           92.21%    failed      0.62%
 119  Chryrota                                                                                                                                           88.71%    failed      4.66%
 120  Prympoly                                                                                                                                           91.56%    passed     51.80%
 121  Tisolute                                                                                                                                           92.15%    passed     27.33%
 122  Prymparv                                                                                                                                           89.75%    passed     52.59%
 123  Diacluth                                                                                                                                           87.93%    failed      3.90%
 124  Pavl2436                                                                                                                                           91.76%    passed     34.96%
 125  Psuemult                                                                                                                                           92.28%    passed     59.37%
 126  Fragcyli                                                                                                                                           92.08%    passed     47.79%
 127  Phaetric                                                                                                                                           92.15%    passed     43.74%
 128  Tripeleu                                                                                                                                           90.91%    passed     29.83%
 129  Tribgaya                                                                                                                                           91.30%    passed     15.34%
 130  Agarclat                                                                                                                                           92.15%    passed     42.85%
 131  Fucucera                                                                                                                                           92.15%    passed     35.44%
 132  Pedi2098                                                                                                                                           92.80%    passed     34.70%
 133  Pseuelas                                                                                                                                           91.89%    passed     36.36%
 134  Rhiz1243                                                                                                                                           92.08%    passed     43.29%
 135  Flor1587                                                                                                                                           91.89%    passed     21.13%
 136  Octaspec                                                                                                                                           91.56%    passed     60.17%
 137  Aurelagu                                                                                                                                           91.50%    passed     22.63%
 138  Pelacalc                                                                                                                                           91.50%    passed      5.15%
 139  Pelasubv                                                                                                                                           86.44%    failed      0.03%
 140  Aureanop                                                                                                                                           91.56%    passed     12.30%
 141  Pela2097                                                                                                                                           91.82%    passed     14.09%
 142  Deveeleg                                                                                                                                           91.69%    passed     46.72%
 143  Hyphcate                                                                                                                                           92.34%    passed     71.99%
 144  Fibrjapo                                                                                                                                           92.21%    passed     28.47%
 145  Chatsubs                                                                                                                                           96.43%    passed     72.40%
 146  Heteakas                                                                                                                                           92.21%    passed     30.17%
 147  Aplakerg                                                                                                                                           92.54%    passed     70.27%
 148  Auralima                                                                                                                                           92.54%    passed     45.00%
 149  ThraLLF1                                                                                                                                           92.54%    passed     38.71%
 150  Schiaggr                                                                                                                                           92.60%    passed     74.24%
 151  Pythirre                                                                                                                                           92.21%    passed     46.17%
 152  Saprdecl                                                                                                                                           92.08%    passed     65.80%
 153  Cyanpara                                                                                                                                           91.69%    passed     31.37%
 154  Gloewitr                                                                                                                                           90.72%    passed     45.66%
 155  Glauincr                                                                                                                                           92.41%    passed     21.91%
 156  Chrycart                                                                                                                                           91.43%    passed     74.10%
 157  Oryzsati                                                                                                                                           91.76%    passed     45.40%
 158  Cantmars                                                                                                                                           91.82%    passed     46.41%
 159  Neobdesi                                                                                                                                           92.34%    passed     83.75%
 160  Ostrtaur                                                                                                                                           92.02%    passed     79.21%
 161  Roomtrun                                                                                                                                           90.85%    passed     61.73%
 162  Brevmoto                                                                                                                                           91.43%    passed     38.07%
 163  Idiovort                                                                                                                                           90.53%    passed     17.15%
 164  Vannfimi                                                                                                                                           90.91%    passed     56.49%
 165  Palpbili                                                                                                                                           91.95%    passed     51.44%
 166  Ancytwis                                                                                                                                           92.08%    passed     43.07%
 167  Rhodemar                                                                                                                                           92.47%    passed     54.12%
 168  Wobbluna                                                                                                                                           90.91%    passed      9.70%
 169  Rhodlimn                                                                                                                                           92.21%    passed     36.87%
 170  Toxogond                                                                                                                                           84.88%    failed      0.17%
 171  Galdsulp                                                                                                                                           92.08%    passed     27.28%
 172  Crypparv                                                                                                                                           91.24%    passed     40.45%
 173  Paheparv                                                                                                                                           92.08%    passed     47.24%
 174  Chroveli                                                                                                                                           92.28%    passed     34.83%
 175  Platviva                                                                                                                                           91.69%    passed     96.17%
 176  Perkmari                                                                                                                                           92.08%    passed     81.11%
 177  Karebrev                                                                                                                                           90.59%    failed      3.72%
 178  Alexminu                                                                                                                                           90.66%    passed     22.03%
 179  Squajapo                                                                                                                                           91.76%    passed     46.75%
 180  Trimmari                                                                                                                                           90.91%    failed      4.06%
 181  Ancysigm                                                                                                                                           88.19%    failed      0.00%
 182  Diphrota                                                                                                                                           90.40%    failed      1.74%
 183  Rigiramo                                                                                                                                           92.21%    passed     37.23%
 184  Rhizsaxo                                                                                                                                           90.01%    passed     51.02%
 185  Veximinu                                                                                                                                           92.28%    passed     15.69%
 186  Nutolong                                                                                                                                           92.28%    passed     46.89%
 187  Pharkirb                                                                                                                                           92.08%    passed     80.37%
 188  Coprprot                                                                                                                                           90.27%    passed     78.53%
 189  Amoeprot                                                                                                                                           91.63%    passed     64.16%
 190  NolaAFSM                                                                                                                                           91.69%    passed     76.35%
 191  MicrA134                                                                                                                                           91.04%    passed     44.84%
 192  Flabcita                                                                                                                                           90.40%    passed     71.75%
 193  Echiexud                                                                                                                                           91.76%    passed     63.86%
 194  Vermverm                                                                                                                                           90.20%    passed     18.20%
 195  Arcevulg                                                                                                                                           91.04%    passed      7.26%
 196  Fabotrop                                                                                                                                           92.41%    passed     63.22%
 197  Mayocant                                                                                                                                           91.95%    passed     39.89%
 198  Paralevi                                                                                                                                           90.79%    passed     15.04%
 199  Colltric                                                                                                                                           95.98%    passed     17.75%
 200  Cuneruss                                                                                                                                           92.34%    passed     68.38%
 201  Sapochin                                                                                                                                           92.21%    passed      5.38%
 202  Hetepall                                                                                                                                           91.82%    passed     53.87%
 203  Bodosalt                                                                                                                                           92.28%    passed     27.29%
 204  Eutrgymn                                                                                                                                           92.02%    passed     14.66%
 205  Eugllong                                                                                                                                           91.43%    passed     70.07%
 206  Euglgrac                                                                                                                                           92.15%    passed     20.28%
 207  Tsukglob                                                                                                                                           92.34%    passed     44.78%
 208  Cochminu                                                                                                                                           92.21%    passed      9.11%
 209  Pellcata                                                                                                                                           91.24%    passed     84.30%
 210  Armalang                                                                                                                                           91.89%    passed     56.37%
 211  Reclamer                                                                                                                                           92.93%    passed     33.83%
 212  Mancberm                                                                                                                                           92.47%    passed     28.18%
 213  Dracjorm                                                                                                                                           92.15%    passed     80.29%
 214  Mantplas                                                                                                                                           92.02%    passed     59.00%
 215  Guttvulg                                                                                                                                           92.08%    failed      0.09%
 216  Ovaldese                                                                                                                                           90.33%    failed      0.00%
 217  Sapppeda                                                                                                                                           91.24%    failed      0.85%
 218  ThecSK13                                                                                                                                           90.66%    passed     14.26%
 219  Stensten                                                                                                                                           87.99%    passed     36.28%
 220  Schivulg                                                                                                                                           91.43%    passed     34.26%
 221  Tychacut                                                                                                                                           91.43%    passed     36.24%
 222  Phalsoli                                                                                                                                           91.82%    passed     57.35%
 223  Filanola                                                                                                                                           91.63%    passed     67.31%
 224  Soliirre                                                                                                                                           90.40%    passed     51.00%
 225  Gocefonb                                                                                                                                           89.36%    passed     14.81%
 226  Echibisp                                                                                                                                           91.82%    passed     45.27%
 227  HeterBB2                                                                                                                                           91.69%    passed     31.60%
 228  Thecoxon                                                                                                                                           91.95%    passed     13.15%
 229  Endozona                                                                                                                                           90.46%    passed     11.75%
 230  Pygsbifo                                                                                                                                           92.34%    passed     78.38%
 231  Cavoapop                                                                                                                                           91.37%    passed     75.92%
 232  Adunpalu                                                                                                                                           90.98%    passed     42.44%
 233  Carpmemb                                                                                                                                           91.30%    passed     44.67%
 234  Brevanat                                                                                                                                           93.58%    passed     39.19%
 235  Gallgall                                                                                                                                           92.28%    passed     59.84%
 236  Rhizelon                                                                                                                                           92.15%    passed     62.73%
 237  Schimans                                                                                                                                           92.41%    passed     36.67%
 238  Taensoli                                                                                                                                           92.41%    passed      5.83%
 239  Caeneleg                                                                                                                                           92.41%    passed     83.90%
 240  Apismell                                                                                                                                           92.15%    passed     37.88%
 241  Drosmela                                                                                                                                           92.21%    passed     49.36%
 242  Aplycali                                                                                                                                           91.82%    passed     26.19%
 243  Amphquee                                                                                                                                           92.28%    passed     42.64%
 244  Masteilh                                                                                                                                           90.33%    failed      0.36%
 245  Mnemleid                                                                                                                                           92.86%    passed     35.09%
 246  Salprose                                                                                                                                           92.60%    passed     81.22%
 247  Ergocypr                                                                                                                                           93.38%    passed     40.86%
 248  Sphaarct                                                                                                                                           92.47%    passed     43.06%
 249  Branflor                                                                                                                                           92.15%    passed     76.98%
 250  Malacali                                                                                                                                           91.63%    passed     15.16%
 251  Malajako                                                                                                                                           91.30%    passed     63.03%
 252  Gefiokel                                                                                                                                           92.08%    passed     55.47%
 253  Amoepara                                                                                                                                           90.66%    passed     43.17%
 254  Debahans                                                                                                                                           92.34%    failed      3.14%
 255  Coprcine                                                                                                                                           92.15%    passed     41.77%
 256  Ustimayd                                                                                                                                           92.08%    passed     23.41%
 257  Schizpom                                                                                                                                           92.34%    passed     32.02%
 258  Aspefumi                                                                                                                                           92.47%    passed     42.66%
 259  Neurcras                                                                                                                                           92.41%    passed     50.29%
 260  Rhizdele                                                                                                                                           92.08%    passed     48.08%
 261  Spizpunc                                                                                                                                           92.08%    passed     57.67%
 262  Fontalba                                                                                                                                           92.02%    failed      0.53%
 263  Minivibr                                                                                                                                           92.41%    passed     28.75%
 264  Allomacr                                                                                                                                           90.53%    failed      1.93%
 265  Blasbrit                                                                                                                                           92.08%    passed     52.62%
 266  Physpate                                                                                                                                           92.15%    passed     14.22%
 267  CP_TRINITY_DN8655_c0_g2__CP_TRINITY_DN8655_c0_g2_i2__g.28185__m.28185_type_complete_len_124_gc_universal_CP_TRINITY_DN8655_c0_g2_i2_3519-3148_-_   92.02%    passed     68.77%
 268  CP_TRINITY_DN8655_c0_g2__CP_TRINITY_DN8655_c0_g2_i3__g.28186__m.28186_type_complete_len_124_gc_universal_CP_TRINITY_DN8655_c0_g2_i3_595-966___     92.02%    passed     68.77%
 269  CP_TRINITY_DN8655_c0_g2__CP_TRINITY_DN8655_c0_g2_i4__g.28187__m.28187_type_complete_len_124_gc_universal_CP_TRINITY_DN8655_c0_g2_i4_747-376_-_     92.02%    passed     68.77%
 270  CP_TRINITY_DN2017_c1_g1__CP_TRINITY_DN2017_c1_g1_i1__g.50841__m.50841_type_complete_len_120_gc_universal_CP_TRINITY_DN2017_c1_g1_i1_465-106_-_     92.28%    passed     46.30%
WARNING: 268 sequences contain more than 50% gaps/ambiguity
****  TOTAL                                                                                                                                              91.05%  30 sequences failed composition chi2 test (p-value<5%; df=19)
NOTE: CP_TRINITY_DN8655_c0_g2__CP_TRINITY_DN8655_c0_g2_i3__g.28186__m.28186_type_complete_len_124_gc_universal_CP_TRINITY_DN8655_c0_g2_i3_595-966___ is identical to CP_TRINITY_DN8655_c0_g2__CP_TRINITY_DN8655_c0_g2_i2__g.28185__m.28185_type_complete_len_124_gc_universal_CP_TRINITY_DN8655_c0_g2_i2_3519-3148_-_ but kept for subsequent analysis
NOTE: 1 identical sequences (see below) will be ignored for subsequent analysis
NOTE: CP_TRINITY_DN8655_c0_g2__CP_TRINITY_DN8655_c0_g2_i4__g.28187__m.28187_type_complete_len_124_gc_universal_CP_TRINITY_DN8655_c0_g2_i4_747-376_-_ (identical to CP_TRINITY_DN8655_c0_g2__CP_TRINITY_DN8655_c0_g2_i2__g.28185__m.28185_type_complete_len_124_gc_universal_CP_TRINITY_DN8655_c0_g2_i2_3519-3148_-_) is ignored but added at the end

For your convenience alignment with unique sequences printed to /tmp/IQTREE/6sAPirj1IA/iqt.uniqueseq.phy

Create initial parsimony tree by phylogenetic likelihood library (PLL)... 0.595 seconds
Generating 1000 samples for ultrafast bootstrap (seed: 562912)...

NOTE: 99 MB RAM (0 GB) is required!
Estimate model parameters (epsilon = 0.100)
1. Initial log-likelihood: -83099.209
2. Current log-likelihood: -68586.380
3. Current log-likelihood: -68039.361
4. Current log-likelihood: -67966.863
5. Current log-likelihood: -67951.883
6. Current log-likelihood: -67941.551
7. Current log-likelihood: -67934.039
8. Current log-likelihood: -67928.057
9. Current log-likelihood: -67924.847
10. Current log-likelihood: -67923.305
11. Current log-likelihood: -67921.570
12. Current log-likelihood: -67920.419
13. Current log-likelihood: -67919.771
14. Current log-likelihood: -67919.356
15. Current log-likelihood: -67919.229
16. Current log-likelihood: -67919.127
Optimal log-likelihood: -67918.993
Site proportion and rates:  (0.597,0.527) (0.260,1.041) (0.046,1.497) (0.097,3.558)
Parameters optimization took 16 rounds (333.073 sec)
Computing ML distances based on estimated model parameters... 52.440 sec
WARNING: Some pairwise ML distances are too long (saturated)
Computing BIONJ tree...
0.038 seconds
Log-likelihood of BIONJ tree: -68056.756
--------------------------------------------------------------------
|             INITIALIZING CANDIDATE TREE SET                      |
--------------------------------------------------------------------
Generating 98 parsimony trees... 16.395 second
Computing log-likelihood of 98 initial trees ... 256.225 seconds
Current best score: -67918.993

Do NNI search on 20 best initial trees
Estimate model parameters (epsilon = 0.100)
BETTER TREE FOUND at iteration 1: -67693.194
Estimate model parameters (epsilon = 0.100)
BETTER TREE FOUND at iteration 2: -67614.603
Iteration 10 / LogL: -67713.343 / Time: 0h:36m:17s
Iteration 20 / LogL: -67681.262 / Time: 1h:1m:12s
Finish initializing candidate tree set (20)
Current best tree score: -67614.603 / CPU time: 3214.639
Number of iterations: 20
--------------------------------------------------------------------
|               OPTIMIZING CANDIDATE TREE SET                      |
--------------------------------------------------------------------
Estimate model parameters (epsilon = 0.100)
BETTER TREE FOUND at iteration 22: -67590.307
Estimate model parameters (epsilon = 0.100)
BETTER TREE FOUND at iteration 28: -67575.458
Iteration 30 / LogL: -67587.336 / Time: 1h:28m:20s (4h:58m:30s left)
Estimate model parameters (epsilon = 0.100)
BETTER TREE FOUND at iteration 40: -67572.522
Iteration 40 / LogL: -67572.522 / Time: 1h:50m:4s (4h:42m:12s left)
Estimate model parameters (epsilon = 0.100)
BETTER TREE FOUND at iteration 42: -67568.109
Iteration 50 / LogL: -67715.100 / Time: 2h:23m:33s (4h:29m:30s left)
Log-likelihood cutoff on original alignment: -67697.041
Estimate model parameters (epsilon = 0.100)
BETTER TREE FOUND at iteration 53: -67565.202
Iteration 60 / LogL: -67675.510 / Time: 3h:9m:45s (4h:59m:5s left)
Iteration 70 / LogL: -67806.359 / Time: 3h:41m:27s (4h:26m:22s left)
Estimate model parameters (epsilon = 0.100)
BETTER TREE FOUND at iteration 79: -67563.614
Iteration 80 / LogL: -67593.919 / Time: 4h:7m:51s (5h:10m:35s left)
Estimate model parameters (epsilon = 0.100)
BETTER TREE FOUND at iteration 84: -67558.697
Iteration 90 / LogL: -67575.256 / Time: 4h:34m:40s (4h:50m:6s left)
Estimate model parameters (epsilon = 0.100)
BETTER TREE FOUND at iteration 92: -67558.324
Estimate model parameters (epsilon = 0.100)
BETTER TREE FOUND at iteration 93: -67553.886
Iteration 100 / LogL: -67658.286 / Time: 5h:5m:15s (4h:46m:44s left)
Log-likelihood cutoff on original alignment: -67656.988
NOTE: Bootstrap correlation coefficient of split occurrence frequencies: 0.871
NOTE: UFBoot does not converge, continue at least 100 more iterations
Estimate model parameters (epsilon = 0.100)
BETTER TREE FOUND at iteration 101: -67549.275
Iteration 110 / LogL: -67554.484 / Time: 5h:29m:41s (4h:35m:14s left)
Estimate model parameters (epsilon = 0.100)
BETTER TREE FOUND at iteration 111: -67546.410
Iteration 120 / LogL: -67571.930 / Time: 5h:55m:57s (4h:32m:11s left)
Iteration 130 / LogL: -67555.043 / Time: 6h:18m:11s (3h:57m:27s left)
Estimate model parameters (epsilon = 0.100)
BETTER TREE FOUND at iteration 135: -67544.612
Iteration 140 / LogL: -67557.672 / Time: 6h:32m:40s (4h:28m:22s left)
Iteration 150 / LogL: -67553.329 / Time: 6h:49m:40s (3h:53m:42s left)
Log-likelihood cutoff on original alignment: -67656.988
Iteration 160 / LogL: -67667.880 / Time: 7h:9m:37s (3h:22m:38s left)
Iteration 170 / LogL: -67832.530 / Time: 7h:26m:21s (2h:51m:40s left)
Iteration 180 / LogL: -67559.595 / Time: 7h:41m:17s (2h:21m:43s left)
Iteration 190 / LogL: -67831.103 / Time: 8h:0m:35s (1h:54m:25s left)
Iteration 200 / LogL: -67799.475 / Time: 8h:17m:8s (1h:27m:26s left)
Log-likelihood cutoff on original alignment: -67650.959
NOTE: Bootstrap correlation coefficient of split occurrence frequencies: 0.914
NOTE: UFBoot does not converge, continue at least 100 more iterations
Iteration 210 / LogL: -67941.472 / Time: 8h:29m:45s (3h:39m:30s left)
Estimate model parameters (epsilon = 0.100)
BETTER TREE FOUND at iteration 211: -67543.226
Iteration 220 / LogL: -67801.688 / Time: 8h:47m:50s (3h:39m:19s left)
Iteration 230 / LogL: -67604.555 / Time: 8h:59m:17s (3h:10m:45s left)
Iteration 240 / LogL: -67817.286 / Time: 9h:16m:58s (2h:45m:27s left)
Iteration 250 / LogL: -67567.874 / Time: 9h:30m:58s (2h:19m:52s left)
Log-likelihood cutoff on original alignment: -67650.959
Iteration 260 / LogL: -67544.700 / Time: 9h:43m:57s (1h:54m:59s left)
Iteration 270 / LogL: -67555.365 / Time: 9h:55m:57s (1h:30m:49s left)
Iteration 280 / LogL: -67545.408 / Time: 10h:4m:28s (1h:7m:9s left)
Estimate model parameters (epsilon = 0.100)
BETTER TREE FOUND at iteration 288: -67539.901
Iteration 290 / LogL: -67743.516 / Time: 10h:17m:7s (3h:29m:15s left)
Iteration 300 / LogL: -67559.425 / Time: 10h:27m:45s (3h:4m:45s left)
Log-likelihood cutoff on original alignment: -67650.959
NOTE: Bootstrap correlation coefficient of split occurrence frequencies: 0.981
NOTE: UFBoot does not converge, continue at least 100 more iterations
Iteration 310 / LogL: -67576.087 / Time: 10h:40m:2s (3h:6m:25s left)
Iteration 320 / LogL: -67773.323 / Time: 10h:49m:33s (2h:42m:53s left)
Iteration 330 / LogL: -67556.465 / Time: 10h:59m:57s (2h:20m:24s left)
Iteration 340 / LogL: -67555.463 / Time: 11h:8m:47s (1h:58m:22s left)
Iteration 350 / LogL: -67555.452 / Time: 11h:17m:24s (1h:37m:2s left)
Log-likelihood cutoff on original alignment: -67650.959
Iteration 360 / LogL: -67804.543 / Time: 11h:26m:14s (1h:16m:27s left)
Iteration 370 / LogL: -67694.648 / Time: 11h:32m:2s (0h:56m:15s left)
Iteration 380 / LogL: -67548.430 / Time: 11h:38m:23s (0h:36m:51s left)
Iteration 390 / LogL: -67934.371 / Time: 11h:43m:27s (0h:18m:5s left)
Iteration 400 / LogL: -67792.183 / Time: 11h:49m:24s (0h:0m:0s left)
Log-likelihood cutoff on original alignment: -67650.959
NOTE: Bootstrap correlation coefficient of split occurrence frequencies: 0.979
NOTE: UFBoot does not converge, continue at least 100 more iterations
Iteration 410 / LogL: -67676.902 / Time: 11h:54m:47s (2h:37m:17s left)
Iteration 420 / LogL: -67717.676 / Time: 12h:0m:8s (2h:17m:29s left)
Iteration 430 / LogL: -67722.185 / Time: 12h:5m:57s (1h:58m:27s left)
Iteration 440 / LogL: -67606.258 / Time: 12h:11m:47s (1h:40m:0s left)
Iteration 450 / LogL: -67546.358 / Time: 12h:16m:31s (1h:22m:1s left)
Log-likelihood cutoff on original alignment: -67650.959
Iteration 460 / LogL: -67776.778 / Time: 12h:20m:41s (1h:4m:32s left)
Iteration 470 / LogL: -67698.241 / Time: 12h:24m:0s (0h:47m:35s left)
Iteration 480 / LogL: -67621.239 / Time: 12h:28m:8s (0h:31m:14s left)
Iteration 490 / LogL: -67562.010 / Time: 12h:30m:24s (0h:15m:20s left)
Iteration 500 / LogL: -67549.775 / Time: 12h:32m:43s (0h:0m:0s left)
Log-likelihood cutoff on original alignment: -67650.959
NOTE: Bootstrap correlation coefficient of split occurrence frequencies: 0.978
NOTE: UFBoot does not converge, continue at least 100 more iterations
Iteration 510 / LogL: -67540.787 / Time: 12h:34m:28s (2h:13m:24s left)
Iteration 520 / LogL: -67716.165 / Time: 12h:35m:57s (1h:56m:31s left)
Iteration 530 / LogL: -67739.860 / Time: 12h:37m:54s (1h:40m:17s left)
Iteration 540 / LogL: -67834.024 / Time: 12h:39m:24s (1h:24m:32s left)
Iteration 550 / LogL: -67559.172 / Time: 12h:40m:18s (1h:9m:14s left)
Log-likelihood cutoff on original alignment: -67650.959
Iteration 560 / LogL: -67584.243 / Time: 12h:41m:32s (0h:54m:29s left)
Iteration 570 / LogL: -67571.252 / Time: 12h:42m:30s (0h:40m:12s left)
Iteration 580 / LogL: -67734.477 / Time: 12h:43m:40s (0h:26m:22s left)
Iteration 590 / LogL: -67568.622 / Time: 12h:44m:50s (0h:12m:59s left)
Estimate model parameters (epsilon = 0.100)
BETTER TREE FOUND at iteration 595: -67536.770
Iteration 600 / LogL: -67549.466 / Time: 12h:46m:1s (2h:1m:29s left)
Log-likelihood cutoff on original alignment: -67650.959
NOTE: Bootstrap correlation coefficient of split occurrence frequencies: 0.982
NOTE: UFBoot does not converge, continue at least 100 more iterations
Iteration 610 / LogL: -67863.815 / Time: 12h:47m:20s (1h:53m:23s left)
Iteration 620 / LogL: -67544.859 / Time: 12h:48m:45s (1h:39m:21s left)
Iteration 630 / LogL: -67602.428 / Time: 12h:50m:3s (1h:25m:41s left)
Iteration 640 / LogL: -67774.020 / Time: 12h:51m:23s (1h:12m:25s left)
Iteration 650 / LogL: -67554.998 / Time: 12h:52m:47s (0h:59m:32s left)
Log-likelihood cutoff on original alignment: -67650.959
Iteration 660 / LogL: -67561.502 / Time: 12h:54m:29s (0h:47m:0s left)
Iteration 670 / LogL: -67557.732 / Time: 12h:55m:50s (0h:34m:47s left)
Iteration 680 / LogL: -67563.190 / Time: 12h:56m:59s (0h:22m:53s left)
Iteration 690 / LogL: -67553.621 / Time: 12h:58m:4s (0h:11m:17s left)
Estimate model parameters (epsilon = 0.100)
BETTER TREE FOUND at iteration 700: -67535.071
Iteration 700 / LogL: -67535.071 / Time: 12h:59m:25s (1h:51m:30s left)
Log-likelihood cutoff on original alignment: -67650.959
NOTE: Bootstrap correlation coefficient of split occurrence frequencies: 0.983
NOTE: UFBoot does not converge, continue at least 100 more iterations
Iteration 710 / LogL: -67604.619 / Time: 13h:0m:42s (1h:39m:6s left)
Iteration 720 / LogL: -67566.455 / Time: 13h:1m:49s (1h:26m:59s left)
Iteration 730 / LogL: -67563.962 / Time: 13h:3m:5s (1h:15m:11s left)
Iteration 740 / LogL: -67564.238 / Time: 13h:4m:15s (1h:3m:40s left)
Iteration 750 / LogL: -67705.367 / Time: 13h:5m:23s (0h:52m:25s left)
Log-likelihood cutoff on original alignment: -67650.959
Iteration 760 / LogL: -67769.665 / Time: 13h:6m:43s (0h:41m:27s left)
Iteration 770 / LogL: -67549.405 / Time: 13h:8m:16s (0h:30m:45s left)
Iteration 780 / LogL: -67764.010 / Time: 13h:9m:42s (0h:20m:16s left)
Iteration 790 / LogL: -67593.748 / Time: 13h:10m:54s (0h:10m:1s left)
Iteration 800 / LogL: -67550.859 / Time: 13h:12m:0s (0h:0m:0s left)
Log-likelihood cutoff on original alignment: -67650.959
NOTE: Bootstrap correlation coefficient of split occurrence frequencies: 0.982
NOTE: UFBoot does not converge, continue at least 100 more iterations
Iteration 810 / LogL: -67632.695 / Time: 13h:13m:16s (1h:28m:14s left)
Iteration 820 / LogL: -67562.698 / Time: 13h:14m:33s (1h:17m:36s left)
Iteration 830 / LogL: -67557.744 / Time: 13h:15m:58s (1h:7m:12s left)
Iteration 840 / LogL: -67551.221 / Time: 13h:17m:13s (0h:57m:0s left)
Iteration 850 / LogL: -67553.480 / Time: 13h:18m:37s (0h:47m:1s left)
Log-likelihood cutoff on original alignment: -67650.959
Iteration 860 / LogL: -67546.769 / Time: 13h:19m:53s (0h:37m:14s left)
Iteration 870 / LogL: -67555.607 / Time: 13h:21m:4s (0h:27m:39s left)
Iteration 880 / LogL: -67550.302 / Time: 13h:22m:38s (0h:18m:15s left)
Iteration 890 / LogL: -67542.542 / Time: 13h:24m:14s (0h:9m:2s left)
Iteration 900 / LogL: -67672.141 / Time: 13h:25m:24s (0h:0m:0s left)
Log-likelihood cutoff on original alignment: -67650.959
NOTE: Bootstrap correlation coefficient of split occurrence frequencies: 0.984
NOTE: UFBoot does not converge, continue at least 100 more iterations
Iteration 910 / LogL: -67822.652 / Time: 13h:26m:53s (1h:19m:53s left)
Estimate model parameters (epsilon = 0.100)
BETTER TREE FOUND at iteration 917: -67534.292
Iteration 920 / LogL: -67796.786 / Time: 13h:28m:16s (1h:25m:18s left)
Iteration 930 / LogL: -67568.128 / Time: 13h:29m:44s (1h:15m:49s left)
Iteration 940 / LogL: -67557.383 / Time: 13h:31m:21s (1h:6m:31s left)
Iteration 950 / LogL: -67556.654 / Time: 13h:32m:50s (0h:57m:23s left)
Log-likelihood cutoff on original alignment: -67650.959
Iteration 960 / LogL: -67557.758 / Time: 13h:34m:49s (0h:48m:25s left)
Iteration 970 / LogL: -67548.107 / Time: 13h:36m:12s (0h:39m:35s left)
Iteration 980 / LogL: -67552.652 / Time: 13h:37m:39s (0h:30m:54s left)
Iteration 990 / LogL: -67545.610 / Time: 13h:38m:52s (0h:22m:21s left)
Iteration 1000 / LogL: -67568.997 / Time: 13h:40m:15s (0h:13m:57s left)
Log-likelihood cutoff on original alignment: -67650.959
NOTE: Bootstrap correlation coefficient of split occurrence frequencies: 0.980
NOTE: UFBoot does not converge, continue at least 100 more iterations
WARNING: bootstrap analysis did not converge. You should rerun with higher number of iterations (-nm option)
TREE SEARCH COMPLETED AFTER 1001 ITERATIONS / Time: 13h:40m:31s

--------------------------------------------------------------------
|                    FINALIZING TREE SEARCH                        |
--------------------------------------------------------------------
Performs final model parameters optimization
Estimate model parameters (epsilon = 0.010)
1. Initial log-likelihood: -67534.292
2. Current log-likelihood: -67534.197
3. Current log-likelihood: -67534.066
4. Current log-likelihood: -67533.947
5. Current log-likelihood: -67533.839
6. Current log-likelihood: -67533.738
7. Current log-likelihood: -67533.648
8. Current log-likelihood: -67533.611
Optimal log-likelihood: -67533.592
Site proportion and rates:  (0.588,0.532) (0.273,1.000) (0.041,1.511) (0.098,3.593)
Parameters optimization took 8 rounds (10.477 sec)
BEST SCORE FOUND : -67533.592
Empirical proportions for each category: 0.959 0.028 0.003 0.010
Site rates printed to /tmp/IQTREE/6sAPirj1IA/iqt.rate

Testing tree branches by SH-like aLRT with 1000 replicates...
Alternative NNI shows better log-likelihood -67533.547 > -67533.592
Alternative NNI shows better log-likelihood -67533.565 > -67533.592
Alternative NNI shows better log-likelihood -67533.555 > -67533.592
3.262 sec.
Creating bootstrap support values...
Split supports printed to NEXUS file /tmp/IQTREE/6sAPirj1IA/iqt.splits.nex
Total tree length: 547.901

Total number of iterations: 1001
CPU time used for tree search: 43171.529 sec (11h:59m:31s)
Wall-clock time used for tree search: 48773.659 sec (13h:32m:53s)
Total CPU time used: 43760.940 sec (12h:9m:20s)
Total wall-clock time used: 49246.164 sec (13h:40m:46s)

Computing bootstrap consensus tree...
Reading input file /tmp/IQTREE/6sAPirj1IA/iqt.splits.nex...
269 taxa and 4241 splits.
Consensus tree written to /tmp/IQTREE/6sAPirj1IA/iqt.contree
Reading input trees file /tmp/IQTREE/6sAPirj1IA/iqt.contree
Log-likelihood of consensus tree: -67536.948

Analysis results written to: 
  IQ-TREE report:                /tmp/IQTREE/6sAPirj1IA/iqt.iqtree
  Maximum-likelihood tree:       /tmp/IQTREE/6sAPirj1IA/iqt.treefile
  Likelihood distances:          /tmp/IQTREE/6sAPirj1IA/iqt.mldist
  Site-specific rates:           /tmp/IQTREE/6sAPirj1IA/iqt.rate

Ultrafast bootstrap approximation results written to:
  Split support values:          /tmp/IQTREE/6sAPirj1IA/iqt.splits.nex
  Consensus tree:                /tmp/IQTREE/6sAPirj1IA/iqt.contree
  Screen log file:               /tmp/IQTREE/6sAPirj1IA/iqt.log

Date and Time: Tue Mar  5 00:38:05 2024
