IQ-TREE multicore version 1.6.11 for Linux 64-bit built Jun  6 2019
Developed by Bui Quang Minh, Nguyen Lam Tung, Olga Chernomor,
Heiko Schmidt, Dominik Schrempf, Michael Woodhams.

Host:    92355f672ec4 (AVX2, FMA3, 125 GB RAM)
Command: /usr/local/iqtree/bin/iqtree -s /tmp/IQTREE/gL1s3kLatH/seqin.fst -st AA -pre /tmp/IQTREE/gL1s3kLatH/iqt -m LG+R4+FO -wsr -bb 1000 -alrt 1000 -pers 0.5 -numstop 100 -nt 3
Seed:    357910 (Using SPRNG - Scalable Parallel Random Number Generator)
Time:    Mon Mar  4 10:17:52 2024
Kernel:  AVX+FMA - 3 threads (24 CPU cores detected)

Reading alignment file /tmp/IQTREE/gL1s3kLatH/seqin.fst ... Fasta format detected
Alignment most likely contains protein sequences
WARNING: 13 sites contain only gaps or ambiguous characters.
Alignment has 248 sequences with 3928 columns, 2539 distinct patterns
1245 parsimony-informative, 809 singleton sites, 1874 constant sites
WARNING: Some sequence names are changed as follows:
CP@TRINITY_DN2777_c0_g2__CP@TRINITY_DN2777_c0_g2_i1__g.37274__m.37274_type_5prime_partial_len_618_gc_universal_CP@TRINITY_DN2777_c0_g2_i1_1936-83_-_ -> CP_TRINITY_DN2777_c0_g2__CP_TRINITY_DN2777_c0_g2_i1__g.37274__m.37274_type_5prime_partial_len_618_gc_universal_CP_TRINITY_DN2777_c0_g2_i1_1936-83_-_
CP@TRINITY_DN2777_c0_g2__CP@TRINITY_DN2777_c0_g2_i2__g.37277__m.37277_type_5prime_partial_len_618_gc_universal_CP@TRINITY_DN2777_c0_g2_i2_1936-83_-_ -> CP_TRINITY_DN2777_c0_g2__CP_TRINITY_DN2777_c0_g2_i2__g.37277__m.37277_type_5prime_partial_len_618_gc_universal_CP_TRINITY_DN2777_c0_g2_i2_1936-83_-_
CP@TRINITY_DN29985_c0_g1__CP@TRINITY_DN29985_c0_g1_i1__g.61751__m.61751_type_internal_len_125_gc_universal_CP@TRINITY_DN29985_c0_g1_i1_374-3_-_ -> CP_TRINITY_DN29985_c0_g1__CP_TRINITY_DN29985_c0_g1_i1__g.61751__m.61751_type_internal_len_125_gc_universal_CP_TRINITY_DN29985_c0_g1_i1_374-3_-_

                                                                                                                                                      Gap/Ambiguity  Composition  p-value
   1  Calltube                                                                                                                                               89.82%    failed      3.90%
   2  Tricvagi                                                                                                                                               78.36%    failed      0.00%
   3  Spirsalm                                                                                                                                               80.09%    failed      0.00%
   4  BicoCB20                                                                                                                                               74.85%    failed      0.00%
   5  MAST003F                                                                                                                                               81.72%    passed      9.28%
   6  MAST003A                                                                                                                                               79.86%    passed     27.55%
   7  EctocSP7                                                                                                                                               82.94%    failed      0.05%
   8  Thalpseu                                                                                                                                               77.01%    passed     67.53%
   9  Phytpara                                                                                                                                               77.24%    passed     56.06%
  10  MAST004C                                                                                                                                               78.72%    passed     18.63%
  11  MAST04A2                                                                                                                                               76.45%    passed      5.98%
  12  MAST04A1                                                                                                                                               77.67%    failed      0.69%
  13  Tetrther                                                                                                                                               77.62%    failed      0.00%
  14  Ichtmult                                                                                                                                               77.75%    failed      0.00%
  15  Platmacr                                                                                                                                               89.99%    passed     24.67%
  16  Paratetr                                                                                                                                               77.67%    failed      0.00%
  17  Stroincl                                                                                                                                               88.11%    failed      0.18%
  18  Styllemn                                                                                                                                               76.93%    failed      0.78%
  19  Stencoer                                                                                                                                               78.39%    failed      4.80%
  20  Protadhe                                                                                                                                               82.51%    passed     15.03%
  21  Noctscin                                                                                                                                               77.01%    passed     33.25%
  22  Oxyrmari                                                                                                                                               76.81%    passed     31.65%
  23  HemaVICK                                                                                                                                               77.09%    passed     40.83%
  24  Vitrbras                                                                                                                                               77.04%    passed     40.49%
  25  Gregniph                                                                                                                                               78.16%    failed      0.00%
  26  Colpangu                                                                                                                                               80.83%    failed      3.41%
  27  Alphedax                                                                                                                                               90.45%    failed      0.05%
  28  Eimebrun                                                                                                                                               72.73%    failed      0.00%
  29  Plasfalc                                                                                                                                               75.41%    failed      0.00%
  30  Calclept                                                                                                                                               82.79%    failed      0.28%
  31  Gephhuxl                                                                                                                                               74.75%    failed      0.00%
  32  Phaeglob                                                                                                                                               83.15%    failed      1.22%
  33  AcanthFB                                                                                                                                               80.14%    passed     82.18%
  34  Raphhete                                                                                                                                               76.91%    passed     27.52%
  35  ChoanoFB                                                                                                                                               84.06%    passed     87.80%
  36  Rainerin                                                                                                                                               76.78%    failed      4.88%
  37  Paraconf                                                                                                                                               76.27%    failed      4.26%
  38  Leismajo                                                                                                                                               76.86%    passed     72.20%
  39  Leptpyrr                                                                                                                                               76.88%    passed     75.42%
  40  Trypbruc                                                                                                                                               76.81%    passed     63.95%
  41  Styginca                                                                                                                                               76.83%    passed     34.31%
  42  Naeggrub                                                                                                                                               77.27%    failed      0.17%
  43  Andagodo                                                                                                                                               72.61%    failed      0.19%
  44  Abolprol                                                                                                                                               91.98%    failed      0.00%
  45  Parapyri                                                                                                                                               81.77%    failed      0.09%
  46  Lapoguse                                                                                                                                               77.21%    passed     57.15%
  47  Leptvora                                                                                                                                               76.91%    passed      5.08%
  48  Plasbras                                                                                                                                               77.06%    passed     51.68%
  49  Paulchro                                                                                                                                               73.91%    failed      0.72%
  50  Aurisoli                                                                                                                                               75.48%    passed     16.20%
  51  Bigenata                                                                                                                                               77.75%    failed      0.89%
  52  Gymn2014                                                                                                                                               76.76%    failed      2.29%
  53  Galdphle                                                                                                                                               76.04%    passed     65.00%
  54  Gracchor                                                                                                                                               74.49%    failed      2.60%
  55  Porppurp                                                                                                                                               73.35%    failed      0.16%
  56  TeloneP1                                                                                                                                               78.18%    passed      6.47%
  57  Telosubt                                                                                                                                               86.53%    passed     12.35%
  58  TeloneP2                                                                                                                                               85.72%    passed     43.22%
  59  SpirCILI                                                                                                                                               77.34%    passed     83.67%
  60  Goniavon                                                                                                                                               77.44%    passed     58.14%
  61  Guilthet                                                                                                                                               76.63%    passed     55.25%
  62  Gemicryo                                                                                                                                               76.35%    passed     37.61%
  63  Hemirufe                                                                                                                                               76.58%    passed     50.04%
  64  Chlovari                                                                                                                                               78.23%    failed      0.01%
  65  Tetrasti                                                                                                                                               77.19%    passed     41.71%
  66  Dunasali                                                                                                                                               77.21%    passed     40.62%
  67  Chlarein                                                                                                                                               77.21%    failed      0.01%
  68  Prassing                                                                                                                                               87.19%    failed      0.00%
  69  Prascaps                                                                                                                                               77.37%    passed     86.55%
  70  Pyrapark                                                                                                                                               76.37%    passed     19.55%
  71  Nephpyri                                                                                                                                               77.14%    passed     31.15%
  72  Mesoviri                                                                                                                                               76.53%    failed      1.28%
  73  Charbrau                                                                                                                                               86.56%    failed      2.41%
  74  Arabthal                                                                                                                                               77.32%    passed     59.60%
  75  Protfung                                                                                                                                               77.60%    passed     22.56%
  76  Physpoly                                                                                                                                               77.70%    passed     84.78%
  77  Dictdisc                                                                                                                                               77.27%    failed      0.26%
  78  Thectrah                                                                                                                                               77.77%    failed      0.13%
  79  Sori0191                                                                                                                                               85.46%    failed      0.00%
  80  Retifilo                                                                                                                                               73.96%    failed      0.04%
  81  Ammo1384                                                                                                                                               81.44%    failed      0.05%
  82  Monobrev                                                                                                                                               76.35%    passed     35.50%
  83  Parvatla                                                                                                                                               90.84%    passed     29.21%
  84  Sacccere                                                                                                                                               74.72%    failed      0.11%
  85  Batrdend                                                                                                                                               77.21%    passed     85.78%
  86  Parasacc                                                                                                                                               79.63%    passed     90.80%
  87  Mitodaph                                                                                                                                               85.87%    failed      0.76%
  88  Rozeallo                                                                                                                                               76.71%    failed      0.00%
  89  Pigoviet                                                                                                                                               78.44%    passed     84.17%
  90  Sphadest                                                                                                                                               76.73%    failed      0.60%
  91  Syssmult                                                                                                                                               77.72%    passed     32.69%
  92  Capsowcz                                                                                                                                               77.34%    passed     54.77%
  93  Creofrag                                                                                                                                               76.20%    passed     18.48%
  94  Coralima                                                                                                                                               77.09%    passed     21.01%
  95  Homosapi                                                                                                                                               76.96%    passed     77.58%
  96  Acancast                                                                                                                                               77.90%    passed     39.35%
  97  Palpbili                                                                                                                                               78.18%    passed     93.69%
  98  Neobdesi                                                                                                                                               76.35%    failed      0.08%
  99  Flecnera                                                                                                                                               76.17%    passed     20.58%
 100  Diplambu                                                                                                                                               76.55%    passed     92.60%
 101  Gloewitr                                                                                                                                               77.34%    passed     50.65%
 102  Cyanpara                                                                                                                                               80.37%    passed     88.00%
 103  Cryppara                                                                                                                                               76.88%    passed     79.06%
 104  Rhodsali                                                                                                                                               76.43%    passed     15.49%
 105  Bafffrig                                                                                                                                               76.35%    passed     13.23%
 106  Oryzsati                                                                                                                                               77.14%    passed     19.89%
 107  Physpate                                                                                                                                               77.01%    passed     56.18%
 108  Micrpusl                                                                                                                                               76.22%    passed     27.47%
 109  Ostrtaur                                                                                                                                               79.00%    passed     62.80%
 110  Picosali                                                                                                                                               77.01%    passed     39.40%
 111  Volvcart                                                                                                                                               77.16%    failed      0.80%
 112  Diacluth                                                                                                                                               83.83%    passed     24.67%
 113  Pavl2436                                                                                                                                               79.89%    failed      0.00%
 114  Chrycart                                                                                                                                               76.68%    failed      0.02%
 115  Tisolute                                                                                                                                               75.61%    failed      0.07%
 116  Chryrota                                                                                                                                               82.94%    failed      0.16%
 117  Prymparv                                                                                                                                               76.07%    failed      0.56%
 118  Porpumbi                                                                                                                                               83.27%    failed      0.29%
 119  Choncris                                                                                                                                               73.91%    failed      0.28%
 120  Cerakond                                                                                                                                               74.92%    failed      0.08%
 121  Gratturu                                                                                                                                               75.99%    failed      1.80%
 122  Porpaeru                                                                                                                                               74.06%    failed      0.17%
 123  Rhodmacu                                                                                                                                               78.59%    failed      0.01%
 124  Compcoer                                                                                                                                               74.85%    passed      8.78%
 125  Rhodmari                                                                                                                                               77.06%    passed     50.57%
 126  Cyanmero                                                                                                                                               76.37%    failed      0.00%
 127  Galdsulp                                                                                                                                               76.12%    passed     20.46%
 128  Cantmars                                                                                                                                               79.68%    passed     37.86%
 129  Caferoen                                                                                                                                               69.04%    failed      0.00%
 130  Haloseos                                                                                                                                               74.26%    failed      0.43%
 131  Wobbluna                                                                                                                                               82.94%    failed      0.00%
 132  PlacCLAB                                                                                                                                               76.40%    failed      0.00%
 133  Deveeleg                                                                                                                                               76.65%    failed      0.00%
 134  Aplakerg                                                                                                                                               75.51%    failed      2.35%
 135  Auralima                                                                                                                                               75.53%    passed      6.52%
 136  ThraLLF1                                                                                                                                               76.32%    passed     20.97%
 137  Schiaggr                                                                                                                                               76.68%    passed     48.58%
 138  Saprdecl                                                                                                                                               77.24%    passed     42.32%
 139  Albulaib                                                                                                                                               77.16%    passed     18.66%
 140  Pythirre                                                                                                                                               77.16%    passed     50.85%
 141  Paheparv                                                                                                                                               77.29%    passed     66.29%
 142  Pingpyre                                                                                                                                               77.34%    passed     70.56%
 143  Pela2097                                                                                                                                               75.51%    failed      0.00%
 144  Chryfrag                                                                                                                                               56.64%    failed      0.00%
 145  Aurelagu                                                                                                                                               75.74%    failed      4.03%
 146  Aureanop                                                                                                                                               73.80%    failed      0.22%
 147  Pelasubv                                                                                                                                               76.78%    passed     16.04%
 148  Pelacalc                                                                                                                                               76.76%    passed     50.02%
 149  Rhiz1243                                                                                                                                               76.25%    passed     20.40%
 150  Pseuelas                                                                                                                                               76.58%    passed     39.21%
 151  Pedi2098                                                                                                                                               77.49%    passed     16.93%
 152  Flor1587                                                                                                                                               76.68%    passed     32.10%
 153  Octaspec                                                                                                                                               77.27%    passed     53.69%
 154  Fibrjapo                                                                                                                                               75.99%    passed      8.81%
 155  Chatsubs                                                                                                                                               77.09%    passed     32.92%
 156  Heteakas                                                                                                                                               75.23%    failed      0.00%
 157  Syncpusi                                                                                                                                               76.81%    failed      0.00%
 158  Dino2267                                                                                                                                               76.09%    passed     32.44%
 159  Pedoelon                                                                                                                                               77.27%    passed     20.18%
 160  Ochr2298                                                                                                                                               77.11%    passed      9.30%
 161  PoterBG1                                                                                                                                               77.19%    passed      8.96%
 162  Mallmari                                                                                                                                               77.11%    passed     60.15%
 163  Fucucera                                                                                                                                               76.27%    failed      1.22%
 164  Agarclat                                                                                                                                               81.67%    failed      2.36%
 165  Vauclito                                                                                                                                               76.96%    passed     31.86%
 166  Tripeleu                                                                                                                                               76.04%    failed      0.67%
 167  Phaetric                                                                                                                                               76.68%    passed     55.38%
 168  Fragcyli                                                                                                                                               77.19%    passed     46.46%
 169  Psuemult                                                                                                                                               76.22%    passed     19.26%
 170  Rhodemar                                                                                                                                               77.37%    passed     17.00%
 171  Rhodlimn                                                                                                                                               77.37%    passed     33.66%
 172  Vannfimi                                                                                                                                               87.81%    failed      0.23%
 173  Ancytwis                                                                                                                                               86.81%    passed     13.80%
 174  Idiovort                                                                                                                                               75.66%    passed     12.14%
 175  Guttvulg                                                                                                                                               68.61%    failed      0.00%
 176  Giarlamb                                                                                                                                               68.71%    failed      0.00%
 177  Carpmemb                                                                                                                                               80.70%    failed      0.18%
 178  Ancysigm                                                                                                                                               85.34%    failed      0.00%
 179  Nutolong                                                                                                                                               75.81%    failed      1.02%
 180  Trimmari                                                                                                                                               81.44%    passed     28.53%
 181  HeterBB2                                                                                                                                               76.43%    passed     42.65%
 182  Pharkirb                                                                                                                                               77.83%    passed     13.11%
 183  Eugllong                                                                                                                                               74.54%    passed     31.87%
 184  Euglgrac                                                                                                                                               78.03%    passed     70.52%
 185  Eutrgymn                                                                                                                                               77.44%    passed     53.44%
 186  Bodosalt                                                                                                                                               76.40%    failed      0.02%
 187  Rigiramo                                                                                                                                               72.15%    failed      0.00%
 188  Cochminu                                                                                                                                               88.01%    failed      0.05%
 189  Gefiokel                                                                                                                                               76.50%    failed      4.13%
 190  Mayocant                                                                                                                                               90.89%    passed     16.49%
 191  Paralevi                                                                                                                                               87.42%    passed     18.21%
 192  Cuneruss                                                                                                                                               76.58%    passed     14.37%
 193  Armalang                                                                                                                                               75.25%    failed      0.20%
 194  Sapochin                                                                                                                                               71.89%    failed      0.00%
 195  Pellcata                                                                                                                                               79.86%    passed     50.26%
 196  Endozona                                                                                                                                               75.53%    failed      0.01%
 197  Gocefonb                                                                                                                                               89.31%    failed      0.05%
 198  Luaphula                                                                                                                                               77.01%    passed     14.53%
 199  Dracjorm                                                                                                                                               77.95%    passed     16.46%
 200  Sapppeda                                                                                                                                               77.83%    failed      0.72%
 201  Stensten                                                                                                                                               77.57%    passed     15.12%
 202  Soliirre                                                                                                                                               77.67%    passed     27.25%
 203  Filanola                                                                                                                                               77.04%    passed     10.84%
 204  Cavoapop                                                                                                                                               77.09%    passed     35.71%
 205  Schivulg                                                                                                                                               77.55%    passed     15.32%
 206  Hetepall                                                                                                                                               77.44%    failed      0.02%
 207  Masteilh                                                                                                                                               77.04%    passed     56.49%
 208  Mantplas                                                                                                                                               77.27%    passed     46.80%
 209  Veximinu                                                                                                                                               74.59%    failed      0.05%
 210  Flabcita                                                                                                                                               77.16%    passed     14.54%
 211  Rhizsaxo                                                                                                                                               77.49%    passed     23.61%
 212  Amoeprot                                                                                                                                               77.67%    passed     24.88%
 213  Coprprot                                                                                                                                               77.14%    passed     55.39%
 214  NolaAFSM                                                                                                                                               76.76%    passed     61.59%
 215  Arcevulg                                                                                                                                               77.62%    passed     89.34%
 216  Echiexud                                                                                                                                               76.55%    passed     33.29%
 217  Vermverm                                                                                                                                               76.53%    failed      1.34%
 218  Diphrota                                                                                                                                               77.49%    passed     32.92%
 219  Ovaldese                                                                                                                                               93.13%    passed      7.24%
 220  Mnemleid                                                                                                                                               76.96%    passed     76.77%
 221  Caeneleg                                                                                                                                               75.03%    passed     17.30%
 222  Apismell                                                                                                                                               77.29%    passed     78.63%
 223  Drosmela                                                                                                                                               76.60%    passed     13.13%
 224  Aplycali                                                                                                                                               76.88%    passed     81.15%
 225  Schimans                                                                                                                                               74.67%    passed     38.88%
 226  Taensoli                                                                                                                                               76.07%    passed     51.47%
 227  Gallgall                                                                                                                                               76.96%    passed     83.95%
 228  Branflor                                                                                                                                               77.44%    passed     31.77%
 229  Tricadha                                                                                                                                               76.20%    failed      0.01%
 230  Amphquee                                                                                                                                               72.96%    passed     44.92%
 231  Salprose                                                                                                                                               76.99%    passed     82.39%
 232  Minivibr                                                                                                                                               84.73%    passed     36.35%
 233  Amoepara                                                                                                                                               77.77%    passed     39.03%
 234  Sphaarct                                                                                                                                               76.35%    passed     19.60%
 235  Fontalba                                                                                                                                               70.09%    failed      0.00%
 236  Spizpunc                                                                                                                                               77.19%    passed     70.18%
 237  Rhizdele                                                                                                                                               77.70%    passed     18.50%
 238  Schizpom                                                                                                                                               77.32%    passed     18.67%
 239  Neurcras                                                                                                                                               77.04%    passed     67.52%
 240  Aspefumi                                                                                                                                               76.96%    passed     39.25%
 241  Debahans                                                                                                                                               75.38%    failed      0.00%
 242  Ustimayd                                                                                                                                               75.92%    passed     47.47%
 243  Coprcine                                                                                                                                               75.05%    failed      4.11%
 244  Blasbrit                                                                                                                                               77.52%    failed      3.33%
 245  Allomacr                                                                                                                                               77.88%    passed     43.02%
 246  CP_TRINITY_DN2777_c0_g2__CP_TRINITY_DN2777_c0_g2_i1__g.37274__m.37274_type_5prime_partial_len_618_gc_universal_CP_TRINITY_DN2777_c0_g2_i1_1936-83_-_   84.29%    passed     85.32%
 247  CP_TRINITY_DN2777_c0_g2__CP_TRINITY_DN2777_c0_g2_i2__g.37277__m.37277_type_5prime_partial_len_618_gc_universal_CP_TRINITY_DN2777_c0_g2_i2_1936-83_-_   84.29%    passed     85.32%
 248  CP_TRINITY_DN29985_c0_g1__CP_TRINITY_DN29985_c0_g1_i1__g.61751__m.61751_type_internal_len_125_gc_universal_CP_TRINITY_DN29985_c0_g1_i1_374-3_-_        96.84%    passed     54.69%
WARNING: 248 sequences contain more than 50% gaps/ambiguity
****  TOTAL                                                                                                                                                  78.01%  97 sequences failed composition chi2 test (p-value<5%; df=19)
NOTE: CP_TRINITY_DN2777_c0_g2__CP_TRINITY_DN2777_c0_g2_i2__g.37277__m.37277_type_5prime_partial_len_618_gc_universal_CP_TRINITY_DN2777_c0_g2_i2_1936-83_-_ is identical to CP_TRINITY_DN2777_c0_g2__CP_TRINITY_DN2777_c0_g2_i1__g.37274__m.37274_type_5prime_partial_len_618_gc_universal_CP_TRINITY_DN2777_c0_g2_i1_1936-83_-_ but kept for subsequent analysis

Create initial parsimony tree by phylogenetic likelihood library (PLL)... 0.328 seconds
Generating 1000 samples for ultrafast bootstrap (seed: 357910)...

NOTE: 402 MB RAM (0 GB) is required!
Estimate model parameters (epsilon = 0.100)
1. Initial log-likelihood: -310149.180
2. Current log-likelihood: -286651.240
3. Current log-likelihood: -286309.522
4. Current log-likelihood: -286305.191
5. Current log-likelihood: -286304.604
Optimal log-likelihood: -286304.507
Site proportion and rates:  (0.119,0.102) (0.202,0.376) (0.254,0.776) (0.425,1.682)
Parameters optimization took 5 rounds (415.633 sec)
Computing ML distances based on estimated model parameters... 21.573 sec
WARNING: Some pairwise ML distances are too long (saturated)
Computing BIONJ tree...
0.071 seconds
Log-likelihood of BIONJ tree: -286870.724
--------------------------------------------------------------------
|             INITIALIZING CANDIDATE TREE SET                      |
--------------------------------------------------------------------
Generating 98 parsimony trees... 53.499 second
Computing log-likelihood of 98 initial trees ... 371.223 seconds
Current best score: -286304.507

Do NNI search on 20 best initial trees
Estimate model parameters (epsilon = 0.100)
BETTER TREE FOUND at iteration 1: -285990.425
Estimate model parameters (epsilon = 0.100)
BETTER TREE FOUND at iteration 2: -285708.868
Iteration 10 / LogL: -285798.934 / Time: 0h:36m:24s
Iteration 20 / LogL: -285747.722 / Time: 0h:49m:16s
Finish initializing candidate tree set (20)
Current best tree score: -285708.868 / CPU time: 2450.599
Number of iterations: 20
--------------------------------------------------------------------
|               OPTIMIZING CANDIDATE TREE SET                      |
--------------------------------------------------------------------
Estimate model parameters (epsilon = 0.100)
BETTER TREE FOUND at iteration 21: -285705.315
Estimate model parameters (epsilon = 0.100)
BETTER TREE FOUND at iteration 22: -285694.320
Estimate model parameters (epsilon = 0.100)
BETTER TREE FOUND at iteration 23: -285670.743
Estimate model parameters (epsilon = 0.100)
BETTER TREE FOUND at iteration 24: -285644.697
Estimate model parameters (epsilon = 0.100)
BETTER TREE FOUND at iteration 27: -285636.619
Estimate model parameters (epsilon = 0.100)
BETTER TREE FOUND at iteration 29: -285609.235
Iteration 30 / LogL: -285677.971 / Time: 1h:30m:13s (5h:7m:59s left)
Estimate model parameters (epsilon = 0.100)
BETTER TREE FOUND at iteration 31: -285604.975
Estimate model parameters (epsilon = 0.100)
BETTER TREE FOUND at iteration 32: -285581.072
Estimate model parameters (epsilon = 0.100)
BETTER TREE FOUND at iteration 38: -285572.189
Iteration 40 / LogL: -285612.274 / Time: 1h:57m:50s (4h:56m:6s left)
Estimate model parameters (epsilon = 0.100)
BETTER TREE FOUND at iteration 41: -285556.577
Estimate model parameters (epsilon = 0.100)
BETTER TREE FOUND at iteration 48: -285554.733
Iteration 50 / LogL: -285576.625 / Time: 2h:20m:8s (4h:40m:15s left)
Log-likelihood cutoff on original alignment: -285763.293
Iteration 60 / LogL: -285559.396 / Time: 2h:36m:46s (3h:53m:49s left)
Estimate model parameters (epsilon = 0.100)
BETTER TREE FOUND at iteration 64: -285550.424
Estimate model parameters (epsilon = 0.100)
BETTER TREE FOUND at iteration 68: -285549.600
Estimate model parameters (epsilon = 0.100)
BETTER TREE FOUND at iteration 69: -285548.791
Estimate model parameters (epsilon = 0.100)
BETTER TREE FOUND at iteration 70: -285546.834
Iteration 70 / LogL: -285546.834 / Time: 3h:11m:53s (4h:38m:6s left)
Iteration 80 / LogL: -285572.464 / Time: 3h:41m:16s (4h:12m:4s left)
Estimate model parameters (epsilon = 0.100)
BETTER TREE FOUND at iteration 85: -285539.479
Estimate model parameters (epsilon = 0.100)
BETTER TREE FOUND at iteration 86: -285535.104
Iteration 90 / LogL: -285556.879 / Time: 4h:21m:43s (4h:42m:18s left)
Iteration 100 / LogL: -285547.626 / Time: 4h:42m:13s (4h:5m:9s left)
Log-likelihood cutoff on original alignment: -285763.293
NOTE: Bootstrap correlation coefficient of split occurrence frequencies: 0.984
NOTE: UFBoot does not converge, continue at least 100 more iterations
Estimate model parameters (epsilon = 0.100)
BETTER TREE FOUND at iteration 106: -285534.229
Iteration 110 / LogL: -285556.485 / Time: 5h:2m:11s (4h:26m:8s left)
Iteration 120 / LogL: -285572.934 / Time: 5h:19m:49s (3h:51m:8s left)
Estimate model parameters (epsilon = 0.100)
BETTER TREE FOUND at iteration 129: -285531.672
Iteration 130 / LogL: -285552.363 / Time: 5h:43m:13s (4h:23m:23s left)
Iteration 140 / LogL: -285547.820 / Time: 6h:0m:31s (3h:50m:50s left)
Iteration 150 / LogL: -285542.663 / Time: 6h:16m:6s (3h:19m:24s left)
Log-likelihood cutoff on original alignment: -285736.158
Estimate model parameters (epsilon = 0.100)
BETTER TREE FOUND at iteration 152: -285530.978
Estimate model parameters (epsilon = 0.100)
BETTER TREE FOUND at iteration 160: -285527.881
Iteration 160 / LogL: -285527.881 / Time: 6h:38m:7s (4h:10m:23s left)
Iteration 170 / LogL: -285548.511 / Time: 6h:51m:43s (3h:39m:15s left)
Iteration 180 / LogL: -285574.727 / Time: 7h:5m:30s (3h:10m:10s left)
Iteration 190 / LogL: -285568.355 / Time: 7h:19m:10s (2h:42m:39s left)
Iteration 200 / LogL: -285537.573 / Time: 7h:32m:50s (2h:16m:31s left)
Log-likelihood cutoff on original alignment: -285736.158
NOTE: Bootstrap correlation coefficient of split occurrence frequencies: 0.993
Iteration 210 / LogL: -285547.531 / Time: 7h:46m:54s (3h:21m:3s left)
Iteration 220 / LogL: -285566.068 / Time: 8h:0m:13s (2h:55m:25s left)
Iteration 230 / LogL: -285553.144 / Time: 8h:13m:1s (2h:30m:42s left)
Iteration 240 / LogL: -285568.832 / Time: 8h:25m:39s (2h:6m:56s left)
Iteration 250 / LogL: -285544.989 / Time: 8h:37m:39s (1h:43m:56s left)
Log-likelihood cutoff on original alignment: -285667.194
Iteration 260 / LogL: -285538.956 / Time: 8h:50m:27s (1h:21m:55s left)
TREE SEARCH COMPLETED AFTER 261 ITERATIONS / Time: 8h:51m:31s

--------------------------------------------------------------------
|                    FINALIZING TREE SEARCH                        |
--------------------------------------------------------------------
Performs final model parameters optimization
Estimate model parameters (epsilon = 0.010)
1. Initial log-likelihood: -285527.881
2. Current log-likelihood: -285527.835
3. Current log-likelihood: -285527.814
Optimal log-likelihood: -285527.804
Site proportion and rates:  (0.124,0.102) (0.221,0.388) (0.265,0.822) (0.390,1.754)
Parameters optimization took 3 rounds (72.194 sec)
BEST SCORE FOUND : -285527.804
Empirical proportions for each category: 0.072 0.106 0.091 0.731
Site rates printed to /tmp/IQTREE/gL1s3kLatH/iqt.rate

Testing tree branches by SH-like aLRT with 1000 replicates...
Alternative NNI shows better log-likelihood -285527.755 > -285527.804
52.100 sec.
Creating bootstrap support values...
Split supports printed to NEXUS file /tmp/IQTREE/gL1s3kLatH/iqt.splits.nex
Total tree length: 171.648

Total number of iterations: 261
CPU time used for tree search: 20473.090 sec (5h:41m:13s)
Wall-clock time used for tree search: 31385.588 sec (8h:43m:5s)
Total CPU time used: 21405.854 sec (5h:56m:45s)
Total wall-clock time used: 32018.098 sec (8h:53m:38s)

Computing bootstrap consensus tree...
Reading input file /tmp/IQTREE/gL1s3kLatH/iqt.splits.nex...
248 taxa and 1289 splits.
Consensus tree written to /tmp/IQTREE/gL1s3kLatH/iqt.contree
Reading input trees file /tmp/IQTREE/gL1s3kLatH/iqt.contree
Log-likelihood of consensus tree: -285531.433

Analysis results written to: 
  IQ-TREE report:                /tmp/IQTREE/gL1s3kLatH/iqt.iqtree
  Maximum-likelihood tree:       /tmp/IQTREE/gL1s3kLatH/iqt.treefile
  Likelihood distances:          /tmp/IQTREE/gL1s3kLatH/iqt.mldist
  Site-specific rates:           /tmp/IQTREE/gL1s3kLatH/iqt.rate

Ultrafast bootstrap approximation results written to:
  Split support values:          /tmp/IQTREE/gL1s3kLatH/iqt.splits.nex
  Consensus tree:                /tmp/IQTREE/gL1s3kLatH/iqt.contree
  Screen log file:               /tmp/IQTREE/gL1s3kLatH/iqt.log

Date and Time: Mon Mar  4 19:12:51 2024
