Protfung	CP@TRINITY_DN1852_c1_g2::CP@TRINITY_DN1852_c1_g2_i1::g.46087::m.46087	57.627	118	38	2	63	176	1	110	1.04e-41	137
Thalpseu	CP@TRINITY_DN1852_c1_g2::CP@TRINITY_DN1852_c1_g2_i1::g.46087::m.46087	75.281	89	22	0	60	148	4	92	3.65e-44	142
EctocSP7	CP@TRINITY_DN1852_c1_g2::CP@TRINITY_DN1852_c1_g2_i1::g.46087::m.46087	66.990	103	34	0	63	165	4	106	2.36e-48	154
ChrysoH2	CP@TRINITY_DN1852_c1_g2::CP@TRINITY_DN1852_c1_g2_i1::g.46087::m.46087	62.385	109	32	1	64	172	4	103	4.95e-45	145
Phytpara	CP@TRINITY_DN1852_c1_g2::CP@TRINITY_DN1852_c1_g2_i1::g.46087::m.46087	69.388	98	30	0	62	159	4	101	2.21e-44	142
Styginca	CP@TRINITY_DN1852_c1_g2::CP@TRINITY_DN1852_c1_g2_i1::g.46087::m.46087	74.725	91	23	0	91	181	1	91	9.58e-45	145
Lapoguse	CP@TRINITY_DN1852_c1_g2::CP@TRINITY_DN1852_c1_g2_i1::g.46087::m.46087	68.807	109	32	1	80	188	1	107	5.25e-46	148
Naeggrub	CP@TRINITY_DN1852_c1_g2::CP@TRINITY_DN1852_c1_g2_i1::g.46087::m.46087	72.000	100	26	1	59	156	2	101	7.76e-47	149
Parvatla	CP@TRINITY_DN1852_c1_g2::CP@TRINITY_DN1852_c1_g2_i1::g.46087::m.46087	67.000	100	28	1	59	153	1	100	4.87e-44	142
BicoCB20	CP@TRINITY_DN1852_c1_g2::CP@TRINITY_DN1852_c1_g2_i1::g.46087::m.46087	76.344	93	22	0	85	177	2	94	2.94e-48	153
Gemicryo	CP@TRINITY_DN1852_c1_g2::CP@TRINITY_DN1852_c1_g2_i1::g.46087::m.46087	64.356	101	36	0	59	159	2	102	1.56e-42	138
Hemirufe	CP@TRINITY_DN1852_c1_g2::CP@TRINITY_DN1852_c1_g2_i1::g.46087::m.46087	66.667	99	33	0	75	173	2	100	4.33e-42	137
Rainerin	CP@TRINITY_DN1852_c1_g2::CP@TRINITY_DN1852_c1_g2_i1::g.46087::m.46087	68.868	106	31	1	28	133	4	107	1.61e-46	147
Raphhete	CP@TRINITY_DN1852_c1_g2::CP@TRINITY_DN1852_c1_g2_i1::g.46087::m.46087	74.468	94	24	0	26	119	1	94	2.75e-46	146
ChoanoFB	CP@TRINITY_DN1852_c1_g2::CP@TRINITY_DN1852_c1_g2_i1::g.46087::m.46087	68.269	104	33	0	87	190	4	107	7.07e-46	147
Coralima	CP@TRINITY_DN1852_c1_g2::CP@TRINITY_DN1852_c1_g2_i1::g.46087::m.46087	71.579	95	27	0	60	154	2	96	6.95e-46	146
Thectrah	CP@TRINITY_DN1852_c1_g2::CP@TRINITY_DN1852_c1_g2_i1::g.46087::m.46087	60.550	109	41	1	4	112	4	110	2.60e-42	135
Syssmult	CP@TRINITY_DN1852_c1_g2::CP@TRINITY_DN1852_c1_g2_i1::g.46087::m.46087	70.833	96	28	0	60	155	2	97	1.11e-45	146
Charbrau	CP@TRINITY_DN1852_c1_g2::CP@TRINITY_DN1852_c1_g2_i1::g.46087::m.46087	70.000	90	27	0	59	148	2	91	1.88e-41	135
Telosubt	CP@TRINITY_DN1852_c1_g2::CP@TRINITY_DN1852_c1_g2_i1::g.46087::m.46087	65.094	106	36	1	42	147	4	108	1.66e-42	137
Noctscin	CP@TRINITY_DN1852_c1_g2::CP@TRINITY_DN1852_c1_g2_i1::g.46087::m.46087	66.667	96	32	0	60	155	2	97	7.80e-42	136
Symbmicr	CP@TRINITY_DN1852_c1_g2::CP@TRINITY_DN1852_c1_g2_i1::g.46087::m.46087	64.583	96	34	0	60	155	2	97	8.77e-42	136
Vitrbras	CP@TRINITY_DN1852_c1_g2::CP@TRINITY_DN1852_c1_g2_i1::g.46087::m.46087	66.316	95	32	0	60	154	2	96	6.46e-42	136
Andagodo	CP@TRINITY_DN1852_c1_g2::CP@TRINITY_DN1852_c1_g2_i1::g.46087::m.46087	72.222	90	25	0	126	215	1	90	4.94e-45	147
Gymn2014	CP@TRINITY_DN1852_c1_g2::CP@TRINITY_DN1852_c1_g2_i1::g.46087::m.46087	69.792	96	29	0	61	156	4	99	9.16e-44	141
Bigenata	CP@TRINITY_DN1852_c1_g2::CP@TRINITY_DN1852_c1_g2_i1::g.46087::m.46087	69.149	94	29	0	59	152	2	95	5.25e-43	139
Paulchro	CP@TRINITY_DN1852_c1_g2::CP@TRINITY_DN1852_c1_g2_i1::g.46087::m.46087	63.889	108	33	1	61	162	2	109	9.66e-44	141
Aurisoli	CP@TRINITY_DN1852_c1_g2::CP@TRINITY_DN1852_c1_g2_i1::g.46087::m.46087	83.117	77	13	0	79	155	4	80	3.85e-42	138
Gracchor	CP@TRINITY_DN1852_c1_g2::CP@TRINITY_DN1852_c1_g2_i1::g.46087::m.46087	62.136	103	38	1	61	163	4	105	9.66e-45	144
Capsowcz	CP@TRINITY_DN1852_c1_g2::CP@TRINITY_DN1852_c1_g2_i1::g.46087::m.46087	79.245	106	22	0	59	164	1	106	4.77e-58	177
Sphadest	CP@TRINITY_DN1852_c1_g2::CP@TRINITY_DN1852_c1_g2_i1::g.46087::m.46087	65.741	108	36	1	100	206	2	109	3.86e-46	149
Monobrev	CP@TRINITY_DN1852_c1_g2::CP@TRINITY_DN1852_c1_g2_i1::g.46087::m.46087	71.277	94	27	0	59	152	1	94	2.32e-44	143
Pigoviet	CP@TRINITY_DN1852_c1_g2::CP@TRINITY_DN1852_c1_g2_i1::g.46087::m.46087	77.670	103	23	0	60	162	1	103	1.41e-54	169
Homosapi	CP@TRINITY_DN1852_c1_g2::CP@TRINITY_DN1852_c1_g2_i1::g.46087::m.46087	72.519	131	36	0	59	189	1	131	2.03e-67	202
Nemavect	CP@TRINITY_DN1852_c1_g2::CP@TRINITY_DN1852_c1_g2_i1::g.46087::m.46087	73.438	128	31	1	59	186	1	125	1.53e-64	195
Dictdisc	CP@TRINITY_DN1852_c1_g2::CP@TRINITY_DN1852_c1_g2_i1::g.46087::m.46087	67.290	107	35	0	62	168	2	108	6.08e-47	149
Physpoly	CP@TRINITY_DN1852_c1_g2::CP@TRINITY_DN1852_c1_g2_i1::g.46087::m.46087	71.698	106	30	0	80	185	4	109	7.56e-51	160
Acancast	CP@TRINITY_DN1852_c1_g2::CP@TRINITY_DN1852_c1_g2_i1::g.46087::m.46087	72.381	105	29	0	58	162	1	105	1.02e-48	154
Chlorept	CP@TRINITY_DN1852_c1_g2::CP@TRINITY_DN1852_c1_g2_i1::g.46087::m.46087	69.565	92	28	0	59	150	4	95	4.66e-42	137
MatazaD1	CP@TRINITY_DN1852_c1_g2::CP@TRINITY_DN1852_c1_g2_i1::g.46087::m.46087	65.686	102	34	1	74	174	2	103	5.63e-43	140
Brevmoto	CP@TRINITY_DN1852_c1_g2::CP@TRINITY_DN1852_c1_g2_i1::g.46087::m.46087	83.544	79	13	0	59	137	2	80	1.63e-44	143
Ancytwis	CP@TRINITY_DN1852_c1_g2::CP@TRINITY_DN1852_c1_g2_i1::g.46087::m.46087	73.118	93	25	0	78	170	2	94	2.22e-46	148
Bafffrig	CP@TRINITY_DN1852_c1_g2::CP@TRINITY_DN1852_c1_g2_i1::g.46087::m.46087	65.347	101	35	0	59	159	2	102	2.98e-43	140
Cryppara	CP@TRINITY_DN1852_c1_g2::CP@TRINITY_DN1852_c1_g2_i1::g.46087::m.46087	65.347	101	35	0	59	159	2	102	6.80e-43	139
Rhodsali	CP@TRINITY_DN1852_c1_g2::CP@TRINITY_DN1852_c1_g2_i1::g.46087::m.46087	56.349	126	46	1	58	174	1	126	3.46e-43	141
Roomtrun	CP@TRINITY_DN1852_c1_g2::CP@TRINITY_DN1852_c1_g2_i1::g.46087::m.46087	70.833	96	25	1	68	160	2	97	1.09e-41	136
Vannfimi	CP@TRINITY_DN1852_c1_g2::CP@TRINITY_DN1852_c1_g2_i1::g.46087::m.46087	67.593	108	35	0	83	190	2	109	6.73e-50	158
Idiovort	CP@TRINITY_DN1852_c1_g2::CP@TRINITY_DN1852_c1_g2_i1::g.46087::m.46087	70.476	105	31	0	85	189	4	108	2.49e-48	154
Cerakond	CP@TRINITY_DN1852_c1_g2::CP@TRINITY_DN1852_c1_g2_i1::g.46087::m.46087	76.623	77	18	0	61	137	4	80	3.69e-41	134
Gratturu	CP@TRINITY_DN1852_c1_g2::CP@TRINITY_DN1852_c1_g2_i1::g.46087::m.46087	78.947	76	16	0	61	136	4	79	2.08e-41	134
Choncris	CP@TRINITY_DN1852_c1_g2::CP@TRINITY_DN1852_c1_g2_i1::g.46087::m.46087	61.905	105	39	1	59	163	2	105	6.38e-44	142
Rhodmacu	CP@TRINITY_DN1852_c1_g2::CP@TRINITY_DN1852_c1_g2_i1::g.46087::m.46087	63.000	100	37	0	48	147	4	103	9.19e-41	133
Gloewitr	CP@TRINITY_DN1852_c1_g2::CP@TRINITY_DN1852_c1_g2_i1::g.46087::m.46087	76.136	88	21	0	116	203	4	91	2.85e-42	139
Cyanpara	CP@TRINITY_DN1852_c1_g2::CP@TRINITY_DN1852_c1_g2_i1::g.46087::m.46087	70.787	89	26	0	64	152	2	90	1.08e-43	141
Glauincr	CP@TRINITY_DN1852_c1_g2::CP@TRINITY_DN1852_c1_g2_i1::g.46087::m.46087	65.957	94	32	0	70	163	4	97	4.62e-41	134
Auralima	CP@TRINITY_DN1852_c1_g2::CP@TRINITY_DN1852_c1_g2_i1::g.46087::m.46087	65.179	112	37	1	64	175	4	113	6.30e-47	150
ThraLLF1	CP@TRINITY_DN1852_c1_g2::CP@TRINITY_DN1852_c1_g2_i1::g.46087::m.46087	64.762	105	37	0	72	176	4	108	1.64e-42	139
Schiaggr	CP@TRINITY_DN1852_c1_g2::CP@TRINITY_DN1852_c1_g2_i1::g.46087::m.46087	75.000	88	22	0	64	151	4	91	1.61e-44	142
Haloseos	CP@TRINITY_DN1852_c1_g2::CP@TRINITY_DN1852_c1_g2_i1::g.46087::m.46087	69.565	92	28	0	63	154	4	95	9.49e-42	136
Pythirre	CP@TRINITY_DN1852_c1_g2::CP@TRINITY_DN1852_c1_g2_i1::g.46087::m.46087	74.713	87	22	0	62	148	4	90	1.02e-43	141
Albulaib	CP@TRINITY_DN1852_c1_g2::CP@TRINITY_DN1852_c1_g2_i1::g.46087::m.46087	67.619	105	28	1	99	197	4	108	9.12e-47	150
Saprdecl	CP@TRINITY_DN1852_c1_g2::CP@TRINITY_DN1852_c1_g2_i1::g.46087::m.46087	71.429	98	28	0	62	159	4	101	1.13e-46	148
Deveeleg	CP@TRINITY_DN1852_c1_g2::CP@TRINITY_DN1852_c1_g2_i1::g.46087::m.46087	65.347	101	35	0	76	176	2	102	7.72e-44	142
Syncpusi	CP@TRINITY_DN1852_c1_g2::CP@TRINITY_DN1852_c1_g2_i1::g.46087::m.46087	76.744	86	20	0	61	146	4	89	8.30e-45	145
Chryfrag	CP@TRINITY_DN1852_c1_g2::CP@TRINITY_DN1852_c1_g2_i1::g.46087::m.46087	74.157	89	23	0	69	157	4	92	4.25e-44	142
Pela2097	CP@TRINITY_DN1852_c1_g2::CP@TRINITY_DN1852_c1_g2_i1::g.46087::m.46087	75.281	89	22	0	68	156	4	92	1.07e-44	144
Pelacalc	CP@TRINITY_DN1852_c1_g2::CP@TRINITY_DN1852_c1_g2_i1::g.46087::m.46087	66.346	104	34	1	99	202	4	106	1.38e-43	142
Aureanop	CP@TRINITY_DN1852_c1_g2::CP@TRINITY_DN1852_c1_g2_i1::g.46087::m.46087	74.157	89	23	0	68	156	4	92	4.94e-44	142
Phaetric	CP@TRINITY_DN1852_c1_g2::CP@TRINITY_DN1852_c1_g2_i1::g.46087::m.46087	73.864	88	23	0	63	150	4	91	5.23e-44	141
Psuemult	CP@TRINITY_DN1852_c1_g2::CP@TRINITY_DN1852_c1_g2_i1::g.46087::m.46087	69.767	86	26	0	60	145	4	89	5.82e-42	137
Fragcyli	CP@TRINITY_DN1852_c1_g2::CP@TRINITY_DN1852_c1_g2_i1::g.46087::m.46087	74.419	86	22	0	60	145	4	89	7.63e-44	142
Paheparv	CP@TRINITY_DN1852_c1_g2::CP@TRINITY_DN1852_c1_g2_i1::g.46087::m.46087	64.423	104	37	0	61	164	2	105	3.89e-45	145
Octaspec	CP@TRINITY_DN1852_c1_g2::CP@TRINITY_DN1852_c1_g2_i1::g.46087::m.46087	62.857	105	39	0	62	166	4	108	8.72e-43	139
Flor1587	CP@TRINITY_DN1852_c1_g2::CP@TRINITY_DN1852_c1_g2_i1::g.46087::m.46087	71.910	89	25	0	61	149	4	92	1.57e-43	140
Tribgaya	CP@TRINITY_DN1852_c1_g2::CP@TRINITY_DN1852_c1_g2_i1::g.46087::m.46087	62.385	109	36	2	63	171	4	107	7.84e-45	144
Vauclito	CP@TRINITY_DN1852_c1_g2::CP@TRINITY_DN1852_c1_g2_i1::g.46087::m.46087	72.727	88	24	0	58	145	4	91	1.71e-45	146
Fucucera	CP@TRINITY_DN1852_c1_g2::CP@TRINITY_DN1852_c1_g2_i1::g.46087::m.46087	65.686	102	35	0	73	174	4	105	6.85e-47	150
Agarclat	CP@TRINITY_DN1852_c1_g2::CP@TRINITY_DN1852_c1_g2_i1::g.46087::m.46087	65.049	103	36	0	75	177	4	106	1.56e-46	149
Fibrjapo	CP@TRINITY_DN1852_c1_g2::CP@TRINITY_DN1852_c1_g2_i1::g.46087::m.46087	60.345	116	44	1	63	176	4	119	1.97e-45	146
Heteakas	CP@TRINITY_DN1852_c1_g2::CP@TRINITY_DN1852_c1_g2_i1::g.46087::m.46087	60.177	113	43	1	65	175	4	116	1.42e-43	141
Chatsubs	CP@TRINITY_DN1852_c1_g2::CP@TRINITY_DN1852_c1_g2_i1::g.46087::m.46087	59.292	113	44	1	65	175	4	116	8.08e-44	142
Pedoelon	CP@TRINITY_DN1852_c1_g2::CP@TRINITY_DN1852_c1_g2_i1::g.46087::m.46087	67.000	100	33	0	63	162	4	103	8.75e-44	142
Ochr2298	CP@TRINITY_DN1852_c1_g2::CP@TRINITY_DN1852_c1_g2_i1::g.46087::m.46087	70.115	87	26	0	125	211	4	90	8.82e-42	139
Dino2267	CP@TRINITY_DN1852_c1_g2::CP@TRINITY_DN1852_c1_g2_i1::g.46087::m.46087	64.000	100	36	0	65	164	4	103	4.51e-43	140
PoterBG1	CP@TRINITY_DN1852_c1_g2::CP@TRINITY_DN1852_c1_g2_i1::g.46087::m.46087	63.462	104	37	1	66	169	4	106	2.14e-43	141
Mallmari	CP@TRINITY_DN1852_c1_g2::CP@TRINITY_DN1852_c1_g2_i1::g.46087::m.46087	58.824	119	47	1	63	181	4	120	6.26e-46	148
Rhiz1243	CP@TRINITY_DN1852_c1_g2::CP@TRINITY_DN1852_c1_g2_i1::g.46087::m.46087	66.337	101	34	0	59	159	1	101	9.81e-44	145
Pedi2098	CP@TRINITY_DN1852_c1_g2::CP@TRINITY_DN1852_c1_g2_i1::g.46087::m.46087	60.550	109	39	1	47	151	1	109	1.43e-42	138
Diplambu	CP@TRINITY_DN1852_c1_g2::CP@TRINITY_DN1852_c1_g2_i1::g.46087::m.46087	68.085	94	27	1	58	151	1	91	2.03e-41	135
PlacCLAB	CP@TRINITY_DN1852_c1_g2::CP@TRINITY_DN1852_c1_g2_i1::g.46087::m.46087	70.968	93	27	0	61	153	1	93	2.50e-43	140
Guttvulg	CP@TRINITY_DN1852_c1_g2::CP@TRINITY_DN1852_c1_g2_i1::g.46087::m.46087	58.879	107	44	0	61	167	2	108	3.17e-42	137
Tsukglob	CP@TRINITY_DN1852_c1_g2::CP@TRINITY_DN1852_c1_g2_i1::g.46087::m.46087	76.404	89	21	0	71	159	2	90	4.98e-45	144
Eutrgymn	CP@TRINITY_DN1852_c1_g2::CP@TRINITY_DN1852_c1_g2_i1::g.46087::m.46087	69.697	99	30	0	57	155	1	99	9.09e-47	148
Eugllong	CP@TRINITY_DN1852_c1_g2::CP@TRINITY_DN1852_c1_g2_i1::g.46087::m.46087	69.072	97	30	0	70	166	2	98	6.94e-45	144
Euglgrac	CP@TRINITY_DN1852_c1_g2::CP@TRINITY_DN1852_c1_g2_i1::g.46087::m.46087	69.072	97	30	0	71	167	2	98	3.14e-45	145
Ustimayd	CP@TRINITY_DN1852_c1_g2::CP@TRINITY_DN1852_c1_g2_i1::g.46087::m.46087	55.469	128	48	2	97	224	4	122	1.21e-44	147
Trimmari	CP@TRINITY_DN1852_c1_g2::CP@TRINITY_DN1852_c1_g2_i1::g.46087::m.46087	70.787	89	26	0	60	148	4	92	2.56e-41	134
Mayocant	CP@TRINITY_DN1852_c1_g2::CP@TRINITY_DN1852_c1_g2_i1::g.46087::m.46087	55.652	115	48	1	16	127	2	116	7.00e-42	135
Fabotrop	CP@TRINITY_DN1852_c1_g2::CP@TRINITY_DN1852_c1_g2_i1::g.46087::m.46087	72.222	90	25	0	154	243	4	93	4.71e-44	145
Lenilimo	CP@TRINITY_DN1852_c1_g2::CP@TRINITY_DN1852_c1_g2_i1::g.46087::m.46087	68.539	89	28	0	61	149	4	92	1.33e-43	140
Mantplas	CP@TRINITY_DN1852_c1_g2::CP@TRINITY_DN1852_c1_g2_i1::g.46087::m.46087	76.087	92	19	1	69	157	2	93	1.78e-44	143
Veximinu	CP@TRINITY_DN1852_c1_g2::CP@TRINITY_DN1852_c1_g2_i1::g.46087::m.46087	68.868	106	32	1	74	178	2	107	2.82e-47	152
Arcevulg	CP@TRINITY_DN1852_c1_g2::CP@TRINITY_DN1852_c1_g2_i1::g.46087::m.46087	70.330	91	27	0	75	165	4	94	7.17e-42	137
Coprprot	CP@TRINITY_DN1852_c1_g2::CP@TRINITY_DN1852_c1_g2_i1::g.46087::m.46087	65.421	107	37	0	63	169	2	108	2.20e-45	145
Amoeprot	CP@TRINITY_DN1852_c1_g2::CP@TRINITY_DN1852_c1_g2_i1::g.46087::m.46087	67.290	107	35	0	64	170	2	108	1.51e-46	149
Luaphula	CP@TRINITY_DN1852_c1_g2::CP@TRINITY_DN1852_c1_g2_i1::g.46087::m.46087	76.087	92	22	0	59	150	2	93	1.58e-47	150
Dracjorm	CP@TRINITY_DN1852_c1_g2::CP@TRINITY_DN1852_c1_g2_i1::g.46087::m.46087	76.667	90	21	0	51	140	4	93	1.36e-47	150
Endozona	CP@TRINITY_DN1852_c1_g2::CP@TRINITY_DN1852_c1_g2_i1::g.46087::m.46087	78.889	90	19	0	58	147	4	93	7.70e-49	154
Pellcata	CP@TRINITY_DN1852_c1_g2::CP@TRINITY_DN1852_c1_g2_i1::g.46087::m.46087	75.258	97	22	1	61	155	2	98	1.08e-47	151
Gocefonb	CP@TRINITY_DN1852_c1_g2::CP@TRINITY_DN1852_c1_g2_i1::g.46087::m.46087	83.696	92	15	0	59	150	2	93	2.60e-51	160
ThecSK13	CP@TRINITY_DN1852_c1_g2::CP@TRINITY_DN1852_c1_g2_i1::g.46087::m.46087	78.351	97	21	0	63	159	2	98	3.05e-53	165
Sapppeda	CP@TRINITY_DN1852_c1_g2::CP@TRINITY_DN1852_c1_g2_i1::g.46087::m.46087	76.289	97	23	0	74	170	2	98	2.26e-50	159
Stensten	CP@TRINITY_DN1852_c1_g2::CP@TRINITY_DN1852_c1_g2_i1::g.46087::m.46087	77.320	97	22	0	59	155	2	98	1.97e-50	158
Cuneruss	CP@TRINITY_DN1852_c1_g2::CP@TRINITY_DN1852_c1_g2_i1::g.46087::m.46087	63.636	99	36	0	61	159	1	99	8.41e-43	139
Masteilh	CP@TRINITY_DN1852_c1_g2::CP@TRINITY_DN1852_c1_g2_i1::g.46087::m.46087	70.213	94	28	0	56	149	1	94	1.87e-43	140
Soliirre	CP@TRINITY_DN1852_c1_g2::CP@TRINITY_DN1852_c1_g2_i1::g.46087::m.46087	75.862	87	21	0	70	156	4	90	5.58e-45	145
Cavoapop	CP@TRINITY_DN1852_c1_g2::CP@TRINITY_DN1852_c1_g2_i1::g.46087::m.46087	74.157	89	23	0	59	147	2	90	4.92e-46	147
Schivulg	CP@TRINITY_DN1852_c1_g2::CP@TRINITY_DN1852_c1_g2_i1::g.46087::m.46087	73.034	89	24	0	59	147	2	90	1.54e-44	143
Echiexud	CP@TRINITY_DN1852_c1_g2::CP@TRINITY_DN1852_c1_g2_i1::g.46087::m.46087	64.151	106	38	0	62	167	4	109	4.29e-43	140
Squajapo	CP@TRINITY_DN1852_c1_g2::CP@TRINITY_DN1852_c1_g2_i1::g.46087::m.46087	72.222	90	25	0	82	171	4	93	2.01e-41	136
Sapochin	CP@TRINITY_DN1852_c1_g2::CP@TRINITY_DN1852_c1_g2_i1::g.46087::m.46087	65.421	107	32	2	63	169	2	103	7.23e-43	140
Cochminu	CP@TRINITY_DN1852_c1_g2::CP@TRINITY_DN1852_c1_g2_i1::g.46087::m.46087	75.556	90	22	0	62	151	4	93	2.25e-44	142
Ovaldese	CP@TRINITY_DN1852_c1_g2::CP@TRINITY_DN1852_c1_g2_i1::g.46087::m.46087	67.925	106	34	0	61	166	4	109	1.05e-46	149
Diphrota	CP@TRINITY_DN1852_c1_g2::CP@TRINITY_DN1852_c1_g2_i1::g.46087::m.46087	70.370	108	25	1	75	175	2	109	4.83e-48	152
Malajako	CP@TRINITY_DN1852_c1_g2::CP@TRINITY_DN1852_c1_g2_i1::g.46087::m.46087	66.667	99	33	0	66	164	4	102	1.53e-44	143
Gefiokel	CP@TRINITY_DN1852_c1_g2::CP@TRINITY_DN1852_c1_g2_i1::g.46087::m.46087	71.277	94	27	0	59	152	2	95	8.05e-47	149
Rigiramo	CP@TRINITY_DN1852_c1_g2::CP@TRINITY_DN1852_c1_g2_i1::g.46087::m.46087	77.778	90	20	0	60	149	2	91	2.86e-48	152
Salprose	CP@TRINITY_DN1852_c1_g2::CP@TRINITY_DN1852_c1_g2_i1::g.46087::m.46087	67.544	114	34	2	59	172	1	111	2.73e-48	153
Branflor	CP@TRINITY_DN1852_c1_g2::CP@TRINITY_DN1852_c1_g2_i1::g.46087::m.46087	77.600	125	28	0	59	183	1	125	1.44e-70	210
Drosmela	CP@TRINITY_DN1852_c1_g2::CP@TRINITY_DN1852_c1_g2_i1::g.46087::m.46087	86.364	132	18	0	59	190	1	132	1.15e-82	241
Apismell	CP@TRINITY_DN1852_c1_g2::CP@TRINITY_DN1852_c1_g2_i1::g.46087::m.46087	89.394	132	14	0	59	190	1	132	2.23e-87	253
Aplycali	CP@TRINITY_DN1852_c1_g2::CP@TRINITY_DN1852_c1_g2_i1::g.46087::m.46087	85.606	132	18	1	59	189	1	132	4.89e-81	236
Taensoli	CP@TRINITY_DN1852_c1_g2::CP@TRINITY_DN1852_c1_g2_i1::g.46087::m.46087	69.355	124	38	0	60	183	2	125	5.97e-63	191
Schimans	CP@TRINITY_DN1852_c1_g2::CP@TRINITY_DN1852_c1_g2_i1::g.46087::m.46087	63.415	123	22	1	60	159	2	124	7.12e-53	164
Caeneleg	CP@TRINITY_DN1852_c1_g2::CP@TRINITY_DN1852_c1_g2_i1::g.46087::m.46087	77.273	132	29	1	59	189	1	132	1.58e-75	223
Tricadha	CP@TRINITY_DN1852_c1_g2::CP@TRINITY_DN1852_c1_g2_i1::g.46087::m.46087	70.635	126	32	1	60	180	1	126	5.02e-62	188
Amphquee	CP@TRINITY_DN1852_c1_g2::CP@TRINITY_DN1852_c1_g2_i1::g.46087::m.46087	63.121	141	39	3	59	194	1	133	9.00e-58	178
Mnemleid	CP@TRINITY_DN1852_c1_g2::CP@TRINITY_DN1852_c1_g2_i1::g.46087::m.46087	68.182	132	36	2	59	190	1	126	1.39e-63	192
Gallgall	CP@TRINITY_DN1852_c1_g2::CP@TRINITY_DN1852_c1_g2_i1::g.46087::m.46087	75.000	132	26	2	59	190	1	125	1.56e-67	202
Minivibr	CP@TRINITY_DN1852_c1_g2::CP@TRINITY_DN1852_c1_g2_i1::g.46087::m.46087	70.909	110	27	1	59	168	1	105	6.26e-49	155
Amoepara	CP@TRINITY_DN1852_c1_g2::CP@TRINITY_DN1852_c1_g2_i1::g.46087::m.46087	76.087	92	22	0	60	151	2	93	4.67e-45	145
