Blasemer	CP@TRINITY_DN13250_c0_g1::CP@TRINITY_DN13250_c0_g1_i48::g.35924::m.35924	69.474	190	57	1	1	190	1	189	2.90e-99	285
Blasemer	CP@TRINITY_DN13250_c0_g1::CP@TRINITY_DN13250_c0_g1_i31::g.35911::m.35911	69.474	190	57	1	1	190	1	189	2.90e-99	285
Blasemer	CP@TRINITY_DN784_c3_g3::CP@TRINITY_DN784_c3_g3_i1::g.22096::m.22096	68.681	182	55	2	11	190	19	200	4.29e-85	249
Tricvagi	CP@TRINITY_DN784_c3_g3::CP@TRINITY_DN784_c3_g3_i1::g.22096::m.22096	46.196	184	97	1	13	194	17	200	1.07e-53	170
Tricvagi	CP@TRINITY_DN13250_c0_g1::CP@TRINITY_DN13250_c0_g1_i48::g.35924::m.35924	45.699	186	100	1	9	194	5	189	3.95e-53	168
Tricvagi	CP@TRINITY_DN13250_c0_g1::CP@TRINITY_DN13250_c0_g1_i31::g.35911::m.35911	45.699	186	100	1	9	194	5	189	3.95e-53	168
Monoexil	CP@TRINITY_DN13250_c0_g1::CP@TRINITY_DN13250_c0_g1_i48::g.35924::m.35924	48.168	191	98	1	1	191	1	190	3.64e-61	188
Monoexil	CP@TRINITY_DN13250_c0_g1::CP@TRINITY_DN13250_c0_g1_i31::g.35911::m.35911	48.168	191	98	1	1	191	1	190	3.64e-61	188
Monoexil	CP@TRINITY_DN784_c3_g3::CP@TRINITY_DN784_c3_g3_i1::g.22096::m.22096	50.811	185	87	2	9	190	17	200	2.59e-60	186
Parapyri	CP@TRINITY_DN784_c3_g3::CP@TRINITY_DN784_c3_g3_i1::g.22096::m.22096	58.470	183	72	2	11	190	19	200	3.90e-69	209
Parapyri	CP@TRINITY_DN13250_c0_g1::CP@TRINITY_DN13250_c0_g1_i48::g.35924::m.35924	51.832	191	91	1	1	191	1	190	4.80e-67	203
Parapyri	CP@TRINITY_DN13250_c0_g1::CP@TRINITY_DN13250_c0_g1_i31::g.35911::m.35911	51.832	191	91	1	1	191	1	190	4.80e-67	203
TeloneP2	CP@TRINITY_DN784_c3_g3::CP@TRINITY_DN784_c3_g3_i1::g.22096::m.22096	52.703	148	66	2	1	144	53	200	2.92e-52	164
TeloneP2	CP@TRINITY_DN13250_c0_g1::CP@TRINITY_DN13250_c0_g1_i48::g.35924::m.35924	53.103	145	67	1	1	144	45	189	1.94e-51	162
TeloneP2	CP@TRINITY_DN13250_c0_g1::CP@TRINITY_DN13250_c0_g1_i31::g.35911::m.35911	53.103	145	67	1	1	144	45	189	1.94e-51	162
Telosubt	CP@TRINITY_DN13250_c0_g1::CP@TRINITY_DN13250_c0_g1_i48::g.35924::m.35924	55.556	189	83	1	1	188	1	189	1.21e-73	220
Telosubt	CP@TRINITY_DN13250_c0_g1::CP@TRINITY_DN13250_c0_g1_i31::g.35911::m.35911	55.556	189	83	1	1	188	1	189	1.21e-73	220
Telosubt	CP@TRINITY_DN784_c3_g3::CP@TRINITY_DN784_c3_g3_i1::g.22096::m.22096	57.979	188	75	2	7	190	15	202	2.45e-73	219
TeloneP1	CP@TRINITY_DN784_c3_g3::CP@TRINITY_DN784_c3_g3_i1::g.22096::m.22096	52.866	157	70	1	1	153	44	200	2.24e-56	175
TeloneP1	CP@TRINITY_DN13250_c0_g1::CP@TRINITY_DN13250_c0_g1_i48::g.35924::m.35924	52.597	154	72	1	1	153	36	189	2.64e-55	172
TeloneP1	CP@TRINITY_DN13250_c0_g1::CP@TRINITY_DN13250_c0_g1_i31::g.35911::m.35911	52.597	154	72	1	1	153	36	189	2.64e-55	172
Guilthet	CP@TRINITY_DN13250_c0_g1::CP@TRINITY_DN13250_c0_g1_i48::g.35924::m.35924	59.067	193	74	2	1	192	1	189	4.98e-79	234
Guilthet	CP@TRINITY_DN13250_c0_g1::CP@TRINITY_DN13250_c0_g1_i31::g.35911::m.35911	59.067	193	74	2	1	192	1	189	4.98e-79	234
Guilthet	CP@TRINITY_DN784_c3_g3::CP@TRINITY_DN784_c3_g3_i1::g.22096::m.22096	57.377	183	78	0	11	193	19	201	2.98e-71	214
Gemicryo	CP@TRINITY_DN13250_c0_g1::CP@TRINITY_DN13250_c0_g1_i48::g.35924::m.35924	55.155	194	81	2	1	193	1	189	1.34e-72	218
Gemicryo	CP@TRINITY_DN13250_c0_g1::CP@TRINITY_DN13250_c0_g1_i31::g.35911::m.35911	55.155	194	81	2	1	193	1	189	1.34e-72	218
Gemicryo	CP@TRINITY_DN784_c3_g3::CP@TRINITY_DN784_c3_g3_i1::g.22096::m.22096	56.383	188	75	2	11	195	19	202	8.28e-68	206
Hemirufe	CP@TRINITY_DN13250_c0_g1::CP@TRINITY_DN13250_c0_g1_i48::g.35924::m.35924	53.608	194	84	2	31	223	1	189	1.73e-70	213
Hemirufe	CP@TRINITY_DN13250_c0_g1::CP@TRINITY_DN13250_c0_g1_i31::g.35911::m.35911	53.608	194	84	2	31	223	1	189	1.73e-70	213
Hemirufe	CP@TRINITY_DN784_c3_g3::CP@TRINITY_DN784_c3_g3_i1::g.22096::m.22096	56.216	185	80	1	41	225	19	202	1.66e-66	204
Goniavon	CP@TRINITY_DN13250_c0_g1::CP@TRINITY_DN13250_c0_g1_i48::g.35924::m.35924	54.054	185	84	1	33	217	6	189	1.90e-69	210
Goniavon	CP@TRINITY_DN13250_c0_g1::CP@TRINITY_DN13250_c0_g1_i31::g.35911::m.35911	54.054	185	84	1	33	217	6	189	1.90e-69	210
Goniavon	CP@TRINITY_DN784_c3_g3::CP@TRINITY_DN784_c3_g3_i1::g.22096::m.22096	55.738	183	79	2	36	216	17	199	8.08e-69	209
Calclept	CP@TRINITY_DN13250_c0_g1::CP@TRINITY_DN13250_c0_g1_i48::g.35924::m.35924	65.789	190	64	1	18	207	1	189	1.07e-89	261
Calclept	CP@TRINITY_DN13250_c0_g1::CP@TRINITY_DN13250_c0_g1_i31::g.35911::m.35911	65.789	190	64	1	18	207	1	189	1.07e-89	261
Calclept	CP@TRINITY_DN784_c3_g3::CP@TRINITY_DN784_c3_g3_i1::g.22096::m.22096	68.449	187	55	2	26	209	17	202	2.05e-84	248
Phaeglob	CP@TRINITY_DN13250_c0_g1::CP@TRINITY_DN13250_c0_g1_i48::g.35924::m.35924	61.053	190	73	1	1	190	1	189	1.68e-84	248
Phaeglob	CP@TRINITY_DN13250_c0_g1::CP@TRINITY_DN13250_c0_g1_i31::g.35911::m.35911	61.053	190	73	1	1	190	1	189	1.68e-84	248
Phaeglob	CP@TRINITY_DN784_c3_g3::CP@TRINITY_DN784_c3_g3_i1::g.22096::m.22096	64.516	186	64	1	9	192	17	202	1.37e-82	243
Gephhuxl	CP@TRINITY_DN13250_c0_g1::CP@TRINITY_DN13250_c0_g1_i48::g.35924::m.35924	62.632	190	70	1	1	190	1	189	4.71e-87	254
Gephhuxl	CP@TRINITY_DN13250_c0_g1::CP@TRINITY_DN13250_c0_g1_i31::g.35911::m.35911	62.632	190	70	1	1	190	1	189	4.71e-87	254
Gephhuxl	CP@TRINITY_DN784_c3_g3::CP@TRINITY_DN784_c3_g3_i1::g.22096::m.22096	67.391	184	56	2	11	191	19	201	1.72e-82	243
Spirsalm	CP@TRINITY_DN784_c3_g3::CP@TRINITY_DN784_c3_g3_i1::g.22096::m.22096	48.352	182	92	1	11	190	19	200	1.98e-61	189
Spirsalm	CP@TRINITY_DN13250_c0_g1::CP@TRINITY_DN13250_c0_g1_i48::g.35924::m.35924	46.032	189	101	1	1	189	1	188	5.07e-57	178
Spirsalm	CP@TRINITY_DN13250_c0_g1::CP@TRINITY_DN13250_c0_g1_i31::g.35911::m.35911	46.032	189	101	1	1	189	1	188	5.07e-57	178
Galdphle	CP@TRINITY_DN784_c3_g3::CP@TRINITY_DN784_c3_g3_i1::g.22096::m.22096	61.165	103	40	0	7	109	17	119	1.24e-44	143
Galdphle	CP@TRINITY_DN13250_c0_g1::CP@TRINITY_DN13250_c0_g1_i48::g.35924::m.35924	54.128	109	50	0	1	109	3	111	1.10e-42	138
Galdphle	CP@TRINITY_DN13250_c0_g1::CP@TRINITY_DN13250_c0_g1_i31::g.35911::m.35911	54.128	109	50	0	1	109	3	111	1.10e-42	138
Gracchor	CP@TRINITY_DN13250_c0_g1::CP@TRINITY_DN13250_c0_g1_i48::g.35924::m.35924	54.787	188	84	1	1	188	3	189	2.01e-77	229
Gracchor	CP@TRINITY_DN13250_c0_g1::CP@TRINITY_DN13250_c0_g1_i31::g.35911::m.35911	54.787	188	84	1	1	188	3	189	2.01e-77	229
Gracchor	CP@TRINITY_DN784_c3_g3::CP@TRINITY_DN784_c3_g3_i1::g.22096::m.22096	56.522	184	78	1	7	188	17	200	1.21e-76	228
Pyroyezo	CP@TRINITY_DN784_c3_g3::CP@TRINITY_DN784_c3_g3_i1::g.22096::m.22096	58.602	186	75	1	7	190	17	202	7.97e-76	226
Pyroyezo	CP@TRINITY_DN13250_c0_g1::CP@TRINITY_DN13250_c0_g1_i48::g.35924::m.35924	53.723	188	86	1	1	188	3	189	1.71e-73	219
Pyroyezo	CP@TRINITY_DN13250_c0_g1::CP@TRINITY_DN13250_c0_g1_i31::g.35911::m.35911	53.723	188	86	1	1	188	3	189	1.71e-73	219
Porppurp	CP@TRINITY_DN784_c3_g3::CP@TRINITY_DN784_c3_g3_i1::g.22096::m.22096	55.030	169	74	1	1	167	32	200	3.05e-65	198
Porppurp	CP@TRINITY_DN13250_c0_g1::CP@TRINITY_DN13250_c0_g1_i48::g.35924::m.35924	53.293	167	77	1	1	167	24	189	2.08e-61	188
Porppurp	CP@TRINITY_DN13250_c0_g1::CP@TRINITY_DN13250_c0_g1_i31::g.35911::m.35911	53.293	167	77	1	1	167	24	189	2.08e-61	188
Styginca	CP@TRINITY_DN784_c3_g3::CP@TRINITY_DN784_c3_g3_i1::g.22096::m.22096	56.452	186	81	0	9	194	17	202	1.56e-71	215
Styginca	CP@TRINITY_DN13250_c0_g1::CP@TRINITY_DN13250_c0_g1_i48::g.35924::m.35924	53.125	192	87	2	1	192	1	189	4.46e-71	214
Styginca	CP@TRINITY_DN13250_c0_g1::CP@TRINITY_DN13250_c0_g1_i31::g.35911::m.35911	53.125	192	87	2	1	192	1	189	4.46e-71	214
Andagodo	CP@TRINITY_DN13250_c0_g1::CP@TRINITY_DN13250_c0_g1_i48::g.35924::m.35924	60.526	190	74	1	1	190	1	189	4.13e-85	249
Andagodo	CP@TRINITY_DN13250_c0_g1::CP@TRINITY_DN13250_c0_g1_i31::g.35911::m.35911	60.526	190	74	1	1	190	1	189	4.13e-85	249
Andagodo	CP@TRINITY_DN784_c3_g3::CP@TRINITY_DN784_c3_g3_i1::g.22096::m.22096	65.217	184	62	1	11	192	19	202	6.10e-85	249
Pyrapark	CP@TRINITY_DN13250_c0_g1::CP@TRINITY_DN13250_c0_g1_i48::g.35924::m.35924	60.417	192	72	2	3	194	2	189	2.47e-82	242
Pyrapark	CP@TRINITY_DN13250_c0_g1::CP@TRINITY_DN13250_c0_g1_i31::g.35911::m.35911	60.417	192	72	2	3	194	2	189	2.47e-82	242
Pyrapark	CP@TRINITY_DN784_c3_g3::CP@TRINITY_DN784_c3_g3_i1::g.22096::m.22096	62.295	183	68	1	12	194	19	200	9.74e-82	241
Mesoviri	CP@TRINITY_DN784_c3_g3::CP@TRINITY_DN784_c3_g3_i1::g.22096::m.22096	67.033	182	60	0	11	192	19	200	1.82e-88	258
Mesoviri	CP@TRINITY_DN13250_c0_g1::CP@TRINITY_DN13250_c0_g1_i48::g.35924::m.35924	61.458	192	71	2	1	192	1	189	6.97e-82	241
Mesoviri	CP@TRINITY_DN13250_c0_g1::CP@TRINITY_DN13250_c0_g1_i31::g.35911::m.35911	61.458	192	71	2	1	192	1	189	6.97e-82	241
Prascaps	CP@TRINITY_DN784_c3_g3::CP@TRINITY_DN784_c3_g3_i1::g.22096::m.22096	65.761	184	63	0	11	194	19	202	6.77e-86	251
Prascaps	CP@TRINITY_DN13250_c0_g1::CP@TRINITY_DN13250_c0_g1_i48::g.35924::m.35924	60.938	192	72	2	1	192	1	189	9.07e-82	241
Prascaps	CP@TRINITY_DN13250_c0_g1::CP@TRINITY_DN13250_c0_g1_i31::g.35911::m.35911	60.938	192	72	2	1	192	1	189	9.07e-82	241
Prassing	CP@TRINITY_DN784_c3_g3::CP@TRINITY_DN784_c3_g3_i1::g.22096::m.22096	67.391	184	60	0	72	255	19	202	1.27e-86	256
Prassing	CP@TRINITY_DN13250_c0_g1::CP@TRINITY_DN13250_c0_g1_i48::g.35924::m.35924	59.375	192	75	2	62	253	1	189	3.70e-77	231
Prassing	CP@TRINITY_DN13250_c0_g1::CP@TRINITY_DN13250_c0_g1_i31::g.35911::m.35911	59.375	192	75	2	62	253	1	189	3.70e-77	231
Arabthal	CP@TRINITY_DN784_c3_g3::CP@TRINITY_DN784_c3_g3_i1::g.22096::m.22096	66.667	183	61	0	11	193	19	201	3.00e-89	260
Arabthal	CP@TRINITY_DN13250_c0_g1::CP@TRINITY_DN13250_c0_g1_i48::g.35924::m.35924	61.458	192	71	2	1	192	1	189	6.52e-83	243
Arabthal	CP@TRINITY_DN13250_c0_g1::CP@TRINITY_DN13250_c0_g1_i31::g.35911::m.35911	61.458	192	71	2	1	192	1	189	6.52e-83	243
Charbrau	CP@TRINITY_DN784_c3_g3::CP@TRINITY_DN784_c3_g3_i1::g.22096::m.22096	62.500	184	69	0	9	192	17	200	2.51e-83	245
Charbrau	CP@TRINITY_DN13250_c0_g1::CP@TRINITY_DN13250_c0_g1_i48::g.35924::m.35924	59.375	192	75	2	1	192	1	189	1.01e-80	238
Charbrau	CP@TRINITY_DN13250_c0_g1::CP@TRINITY_DN13250_c0_g1_i31::g.35911::m.35911	59.375	192	75	2	1	192	1	189	1.01e-80	238
Chlovari	CP@TRINITY_DN784_c3_g3::CP@TRINITY_DN784_c3_g3_i1::g.22096::m.22096	65.934	182	62	0	11	192	19	200	1.81e-84	248
Chlovari	CP@TRINITY_DN13250_c0_g1::CP@TRINITY_DN13250_c0_g1_i48::g.35924::m.35924	58.333	192	77	2	1	192	1	189	3.30e-78	231
Chlovari	CP@TRINITY_DN13250_c0_g1::CP@TRINITY_DN13250_c0_g1_i31::g.35911::m.35911	58.333	192	77	2	1	192	1	189	3.30e-78	231
Chlarein	CP@TRINITY_DN13250_c0_g1::CP@TRINITY_DN13250_c0_g1_i48::g.35924::m.35924	60.733	191	73	1	1	191	1	189	2.48e-84	247
Chlarein	CP@TRINITY_DN13250_c0_g1::CP@TRINITY_DN13250_c0_g1_i31::g.35911::m.35911	60.733	191	73	1	1	191	1	189	2.48e-84	247
Chlarein	CP@TRINITY_DN784_c3_g3::CP@TRINITY_DN784_c3_g3_i1::g.22096::m.22096	64.286	182	64	1	11	191	19	200	3.60e-82	242
Dunasali	CP@TRINITY_DN784_c3_g3::CP@TRINITY_DN784_c3_g3_i1::g.22096::m.22096	66.304	184	61	1	38	220	19	202	1.04e-83	247
Dunasali	CP@TRINITY_DN13250_c0_g1::CP@TRINITY_DN13250_c0_g1_i48::g.35924::m.35924	58.947	190	76	1	29	218	2	189	9.52e-79	234
Dunasali	CP@TRINITY_DN13250_c0_g1::CP@TRINITY_DN13250_c0_g1_i31::g.35911::m.35911	58.947	190	76	1	29	218	2	189	9.52e-79	234
Tetrasti	CP@TRINITY_DN784_c3_g3::CP@TRINITY_DN784_c3_g3_i1::g.22096::m.22096	64.674	184	64	1	11	193	19	202	5.27e-85	249
Tetrasti	CP@TRINITY_DN13250_c0_g1::CP@TRINITY_DN13250_c0_g1_i48::g.35924::m.35924	58.115	191	78	2	1	191	1	189	2.49e-78	232
Tetrasti	CP@TRINITY_DN13250_c0_g1::CP@TRINITY_DN13250_c0_g1_i31::g.35911::m.35911	58.115	191	78	2	1	191	1	189	2.49e-78	232
Nephpyri	CP@TRINITY_DN784_c3_g3::CP@TRINITY_DN784_c3_g3_i1::g.22096::m.22096	63.804	163	59	0	14	176	19	181	8.78e-71	213
Nephpyri	CP@TRINITY_DN13250_c0_g1::CP@TRINITY_DN13250_c0_g1_i48::g.35924::m.35924	56.647	173	72	2	4	176	1	170	1.26e-65	199
Nephpyri	CP@TRINITY_DN13250_c0_g1::CP@TRINITY_DN13250_c0_g1_i31::g.35911::m.35911	56.647	173	72	2	4	176	1	170	1.26e-65	199
Coralima	CP@TRINITY_DN784_c3_g3::CP@TRINITY_DN784_c3_g3_i1::g.22096::m.22096	67.027	185	57	2	10	191	17	200	1.06e-86	253
Coralima	CP@TRINITY_DN13250_c0_g1::CP@TRINITY_DN13250_c0_g1_i48::g.35924::m.35924	58.201	189	78	1	3	191	2	189	4.27e-84	246
Coralima	CP@TRINITY_DN13250_c0_g1::CP@TRINITY_DN13250_c0_g1_i31::g.35911::m.35911	58.201	189	78	1	3	191	2	189	4.27e-84	246
Syssmult	CP@TRINITY_DN784_c3_g3::CP@TRINITY_DN784_c3_g3_i1::g.22096::m.22096	66.129	186	61	1	49	232	17	202	6.43e-86	253
Syssmult	CP@TRINITY_DN13250_c0_g1::CP@TRINITY_DN13250_c0_g1_i48::g.35924::m.35924	59.474	190	76	1	41	230	1	189	1.27e-83	247
Syssmult	CP@TRINITY_DN13250_c0_g1::CP@TRINITY_DN13250_c0_g1_i31::g.35911::m.35911	59.474	190	76	1	41	230	1	189	1.27e-83	247
Sphadest	CP@TRINITY_DN13250_c0_g1::CP@TRINITY_DN13250_c0_g1_i48::g.35924::m.35924	65.263	190	65	1	1	190	1	189	1.22e-92	268
Sphadest	CP@TRINITY_DN13250_c0_g1::CP@TRINITY_DN13250_c0_g1_i31::g.35911::m.35911	65.263	190	65	1	1	190	1	189	1.22e-92	268
Sphadest	CP@TRINITY_DN784_c3_g3::CP@TRINITY_DN784_c3_g3_i1::g.22096::m.22096	70.270	185	51	2	11	192	19	202	5.14e-92	267
Pigoviet	CP@TRINITY_DN784_c3_g3::CP@TRINITY_DN784_c3_g3_i1::g.22096::m.22096	65.946	185	61	1	14	196	17	201	1.97e-89	261
Pigoviet	CP@TRINITY_DN13250_c0_g1::CP@TRINITY_DN13250_c0_g1_i48::g.35924::m.35924	62.766	188	69	1	8	195	3	189	1.18e-87	256
Pigoviet	CP@TRINITY_DN13250_c0_g1::CP@TRINITY_DN13250_c0_g1_i31::g.35911::m.35911	62.766	188	69	1	8	195	3	189	1.18e-87	256
Capsowcz	CP@TRINITY_DN13250_c0_g1::CP@TRINITY_DN13250_c0_g1_i48::g.35924::m.35924	63.684	190	68	1	1	190	1	189	1.01e-89	261
Capsowcz	CP@TRINITY_DN13250_c0_g1::CP@TRINITY_DN13250_c0_g1_i31::g.35911::m.35911	63.684	190	68	1	1	190	1	189	1.01e-89	261
Capsowcz	CP@TRINITY_DN784_c3_g3::CP@TRINITY_DN784_c3_g3_i1::g.22096::m.22096	67.027	185	59	1	9	191	17	201	9.07e-87	254
Creofrag	CP@TRINITY_DN13250_c0_g1::CP@TRINITY_DN13250_c0_g1_i48::g.35924::m.35924	62.105	190	71	1	1	190	1	189	8.25e-86	251
Creofrag	CP@TRINITY_DN13250_c0_g1::CP@TRINITY_DN13250_c0_g1_i31::g.35911::m.35911	62.105	190	71	1	1	190	1	189	8.25e-86	251
Creofrag	CP@TRINITY_DN784_c3_g3::CP@TRINITY_DN784_c3_g3_i1::g.22096::m.22096	65.027	183	62	1	10	190	18	200	1.38e-85	251
Thectrah	CP@TRINITY_DN784_c3_g3::CP@TRINITY_DN784_c3_g3_i1::g.22096::m.22096	63.587	184	63	2	11	191	18	200	2.05e-79	235
Thectrah	CP@TRINITY_DN13250_c0_g1::CP@TRINITY_DN13250_c0_g1_i48::g.35924::m.35924	55.556	189	83	1	3	191	2	189	8.98e-76	225
Thectrah	CP@TRINITY_DN13250_c0_g1::CP@TRINITY_DN13250_c0_g1_i31::g.35911::m.35911	55.556	189	83	1	3	191	2	189	8.98e-76	225
Physpoly	CP@TRINITY_DN13250_c0_g1::CP@TRINITY_DN13250_c0_g1_i48::g.35924::m.35924	60.526	190	74	1	1	190	1	189	1.25e-84	248
Physpoly	CP@TRINITY_DN13250_c0_g1::CP@TRINITY_DN13250_c0_g1_i31::g.35911::m.35911	60.526	190	74	1	1	190	1	189	1.25e-84	248
Physpoly	CP@TRINITY_DN784_c3_g3::CP@TRINITY_DN784_c3_g3_i1::g.22096::m.22096	64.324	185	62	3	9	190	17	200	1.62e-82	243
Dictdisc	CP@TRINITY_DN13250_c0_g1::CP@TRINITY_DN13250_c0_g1_i48::g.35924::m.35924	57.672	189	79	1	1	188	1	189	2.24e-83	244
Dictdisc	CP@TRINITY_DN13250_c0_g1::CP@TRINITY_DN13250_c0_g1_i31::g.35911::m.35911	57.672	189	79	1	1	188	1	189	2.24e-83	244
Dictdisc	CP@TRINITY_DN784_c3_g3::CP@TRINITY_DN784_c3_g3_i1::g.22096::m.22096	61.081	185	66	4	9	188	17	200	1.16e-76	228
SpirCILI	CP@TRINITY_DN13250_c0_g1::CP@TRINITY_DN13250_c0_g1_i48::g.35924::m.35924	45.213	188	97	2	14	195	2	189	4.09e-57	178
SpirCILI	CP@TRINITY_DN13250_c0_g1::CP@TRINITY_DN13250_c0_g1_i31::g.35911::m.35911	45.213	188	97	2	14	195	2	189	4.09e-57	178
SpirCILI	CP@TRINITY_DN784_c3_g3::CP@TRINITY_DN784_c3_g3_i1::g.22096::m.22096	48.913	184	85	3	23	197	19	202	8.56e-54	170
Hemikukw	CP@TRINITY_DN784_c3_g3::CP@TRINITY_DN784_c3_g3_i1::g.22096::m.22096	56.915	188	78	2	8	192	15	202	1.35e-72	218
Hemikukw	CP@TRINITY_DN13250_c0_g1::CP@TRINITY_DN13250_c0_g1_i48::g.35924::m.35924	52.660	188	89	0	3	190	2	189	1.54e-72	217
Hemikukw	CP@TRINITY_DN13250_c0_g1::CP@TRINITY_DN13250_c0_g1_i31::g.35911::m.35911	52.660	188	89	0	3	190	2	189	1.54e-72	217
Protfung	CP@TRINITY_DN13250_c0_g1::CP@TRINITY_DN13250_c0_g1_i48::g.35924::m.35924	57.672	189	78	1	1	189	1	187	4.16e-77	233
Protfung	CP@TRINITY_DN13250_c0_g1::CP@TRINITY_DN13250_c0_g1_i31::g.35911::m.35911	57.672	189	78	1	1	189	1	187	4.16e-77	233
Protfung	CP@TRINITY_DN784_c3_g3::CP@TRINITY_DN784_c3_g3_i1::g.22096::m.22096	62.637	182	63	3	11	189	19	198	1.57e-74	226
Parasacc	CP@TRINITY_DN13250_c0_g1::CP@TRINITY_DN13250_c0_g1_i48::g.35924::m.35924	65.789	152	51	1	35	186	16	166	2.29e-68	210
Parasacc	CP@TRINITY_DN13250_c0_g1::CP@TRINITY_DN13250_c0_g1_i31::g.35911::m.35911	65.789	152	51	1	35	186	16	166	2.29e-68	210
Parasacc	CP@TRINITY_DN784_c3_g3::CP@TRINITY_DN784_c3_g3_i1::g.22096::m.22096	59.091	154	61	2	35	186	24	177	2.27e-55	177
Mitodaph	CP@TRINITY_DN13250_c0_g1::CP@TRINITY_DN13250_c0_g1_i48::g.35924::m.35924	52.850	193	78	4	1	186	1	187	1.72e-63	194
Mitodaph	CP@TRINITY_DN13250_c0_g1::CP@TRINITY_DN13250_c0_g1_i31::g.35911::m.35911	52.850	193	78	4	1	186	1	187	1.72e-63	194
Mitodaph	CP@TRINITY_DN784_c3_g3::CP@TRINITY_DN784_c3_g3_i1::g.22096::m.22096	51.351	185	76	4	11	186	19	198	5.17e-57	178
Sacccere	CP@TRINITY_DN13250_c0_g1::CP@TRINITY_DN13250_c0_g1_i48::g.35924::m.35924	69.519	187	55	1	6	190	3	189	4.26e-93	269
Sacccere	CP@TRINITY_DN13250_c0_g1::CP@TRINITY_DN13250_c0_g1_i31::g.35911::m.35911	69.519	187	55	1	6	190	3	189	4.26e-93	269
Sacccere	CP@TRINITY_DN784_c3_g3::CP@TRINITY_DN784_c3_g3_i1::g.22096::m.22096	61.538	182	65	2	14	190	19	200	3.75e-76	227
Rozeallo	CP@TRINITY_DN13250_c0_g1::CP@TRINITY_DN13250_c0_g1_i48::g.35924::m.35924	59.155	142	57	1	37	178	49	189	1.47e-58	181
Rozeallo	CP@TRINITY_DN13250_c0_g1::CP@TRINITY_DN13250_c0_g1_i31::g.35911::m.35911	59.155	142	57	1	37	178	49	189	1.47e-58	181
Rozeallo	CP@TRINITY_DN784_c3_g3::CP@TRINITY_DN784_c3_g3_i1::g.22096::m.22096	58.273	139	56	2	42	178	62	200	1.19e-54	172
Parvatla	CP@TRINITY_DN13250_c0_g1::CP@TRINITY_DN13250_c0_g1_i48::g.35924::m.35924	63.492	189	69	0	25	213	1	189	8.66e-90	262
Parvatla	CP@TRINITY_DN13250_c0_g1::CP@TRINITY_DN13250_c0_g1_i31::g.35911::m.35911	63.492	189	69	0	25	213	1	189	8.66e-90	262
Parvatla	CP@TRINITY_DN784_c3_g3::CP@TRINITY_DN784_c3_g3_i1::g.22096::m.22096	63.441	186	65	2	33	215	17	202	4.67e-83	245
Batrdend	CP@TRINITY_DN13250_c0_g1::CP@TRINITY_DN13250_c0_g1_i48::g.35924::m.35924	73.016	189	51	0	1	189	1	189	3.64e-105	300
Batrdend	CP@TRINITY_DN13250_c0_g1::CP@TRINITY_DN13250_c0_g1_i31::g.35911::m.35911	73.016	189	51	0	1	189	1	189	3.64e-105	300
Batrdend	CP@TRINITY_DN784_c3_g3::CP@TRINITY_DN784_c3_g3_i1::g.22096::m.22096	66.120	183	59	2	11	190	19	201	2.90e-85	250
AcanthFB	CP@TRINITY_DN13250_c0_g1::CP@TRINITY_DN13250_c0_g1_i48::g.35924::m.35924	56.364	110	48	0	3	112	2	111	1.97e-41	135
AcanthFB	CP@TRINITY_DN13250_c0_g1::CP@TRINITY_DN13250_c0_g1_i31::g.35911::m.35911	56.364	110	48	0	3	112	2	111	1.97e-41	135
ChoanoFB	CP@TRINITY_DN13250_c0_g1::CP@TRINITY_DN13250_c0_g1_i48::g.35924::m.35924	58.031	193	77	3	19	211	2	190	5.36e-72	216
ChoanoFB	CP@TRINITY_DN13250_c0_g1::CP@TRINITY_DN13250_c0_g1_i31::g.35911::m.35911	58.031	193	77	3	19	211	2	190	5.36e-72	216
ChoanoFB	CP@TRINITY_DN784_c3_g3::CP@TRINITY_DN784_c3_g3_i1::g.22096::m.22096	56.522	184	77	2	28	210	19	200	1.60e-68	208
Raphhete	CP@TRINITY_DN13250_c0_g1::CP@TRINITY_DN13250_c0_g1_i48::g.35924::m.35924	60.284	141	54	1	40	180	1	139	8.40e-57	177
Raphhete	CP@TRINITY_DN13250_c0_g1::CP@TRINITY_DN13250_c0_g1_i31::g.35911::m.35911	60.284	141	54	1	40	180	1	139	8.40e-57	177
Raphhete	CP@TRINITY_DN784_c3_g3::CP@TRINITY_DN784_c3_g3_i1::g.22096::m.22096	58.015	131	53	1	50	180	19	147	2.51e-46	150
Monobrev	CP@TRINITY_DN784_c3_g3::CP@TRINITY_DN784_c3_g3_i1::g.22096::m.22096	69.780	182	55	0	12	193	19	200	1.88e-94	273
Monobrev	CP@TRINITY_DN13250_c0_g1::CP@TRINITY_DN13250_c0_g1_i48::g.35924::m.35924	56.842	190	79	2	4	193	3	189	1.97e-76	227
Monobrev	CP@TRINITY_DN13250_c0_g1::CP@TRINITY_DN13250_c0_g1_i31::g.35911::m.35911	56.842	190	79	2	4	193	3	189	1.97e-76	227
Nemavect	CP@TRINITY_DN784_c3_g3::CP@TRINITY_DN784_c3_g3_i1::g.22096::m.22096	76.374	182	43	0	11	192	19	200	1.02e-103	296
Nemavect	CP@TRINITY_DN13250_c0_g1::CP@TRINITY_DN13250_c0_g1_i48::g.35924::m.35924	60.938	192	72	2	1	192	1	189	1.19e-83	245
Nemavect	CP@TRINITY_DN13250_c0_g1::CP@TRINITY_DN13250_c0_g1_i31::g.35911::m.35911	60.938	192	72	2	1	192	1	189	1.19e-83	245
Homosapi	CP@TRINITY_DN784_c3_g3::CP@TRINITY_DN784_c3_g3_i1::g.22096::m.22096	74.317	183	47	0	16	198	19	201	2.97e-103	296
Homosapi	CP@TRINITY_DN13250_c0_g1::CP@TRINITY_DN13250_c0_g1_i48::g.35924::m.35924	57.949	195	75	3	3	197	2	189	4.87e-78	231
Homosapi	CP@TRINITY_DN13250_c0_g1::CP@TRINITY_DN13250_c0_g1_i31::g.35911::m.35911	57.949	195	75	3	3	197	2	189	4.87e-78	231
Aurisoli	CP@TRINITY_DN13250_c0_g1::CP@TRINITY_DN13250_c0_g1_i48::g.35924::m.35924	48.969	194	93	3	4	197	3	190	5.65e-61	188
Aurisoli	CP@TRINITY_DN13250_c0_g1::CP@TRINITY_DN13250_c0_g1_i31::g.35911::m.35911	48.969	194	93	3	4	197	3	190	5.65e-61	188
Aurisoli	CP@TRINITY_DN784_c3_g3::CP@TRINITY_DN784_c3_g3_i1::g.22096::m.22096	49.721	179	89	1	19	196	22	200	1.65e-59	185
Naeggrub	CP@TRINITY_DN13250_c0_g1::CP@TRINITY_DN13250_c0_g1_i48::g.35924::m.35924	54.737	190	82	3	1	190	1	186	6.77e-69	208
Naeggrub	CP@TRINITY_DN13250_c0_g1::CP@TRINITY_DN13250_c0_g1_i31::g.35911::m.35911	54.737	190	82	3	1	190	1	186	6.77e-69	208
Naeggrub	CP@TRINITY_DN784_c3_g3::CP@TRINITY_DN784_c3_g3_i1::g.22096::m.22096	55.000	180	80	1	11	190	19	197	6.13e-65	198
Leptpyrr	CP@TRINITY_DN13250_c0_g1::CP@TRINITY_DN13250_c0_g1_i48::g.35924::m.35924	52.604	192	88	3	1	192	1	189	7.44e-67	203
Leptpyrr	CP@TRINITY_DN13250_c0_g1::CP@TRINITY_DN13250_c0_g1_i31::g.35911::m.35911	52.604	192	88	3	1	192	1	189	7.44e-67	203
Leptpyrr	CP@TRINITY_DN784_c3_g3::CP@TRINITY_DN784_c3_g3_i1::g.22096::m.22096	55.738	183	79	2	11	192	19	200	4.06e-65	199
Leismajo	CP@TRINITY_DN13250_c0_g1::CP@TRINITY_DN13250_c0_g1_i48::g.35924::m.35924	52.604	192	88	2	1	192	1	189	3.04e-69	209
Leismajo	CP@TRINITY_DN13250_c0_g1::CP@TRINITY_DN13250_c0_g1_i31::g.35911::m.35911	52.604	192	88	2	1	192	1	189	3.04e-69	209
Leismajo	CP@TRINITY_DN784_c3_g3::CP@TRINITY_DN784_c3_g3_i1::g.22096::m.22096	56.284	183	78	2	11	192	19	200	5.72e-66	201
Trypbruc	CP@TRINITY_DN13250_c0_g1::CP@TRINITY_DN13250_c0_g1_i48::g.35924::m.35924	53.403	191	87	2	1	191	1	189	2.27e-70	212
Trypbruc	CP@TRINITY_DN13250_c0_g1::CP@TRINITY_DN13250_c0_g1_i31::g.35911::m.35911	53.403	191	87	2	1	191	1	189	2.27e-70	212
Trypbruc	CP@TRINITY_DN784_c3_g3::CP@TRINITY_DN784_c3_g3_i1::g.22096::m.22096	55.495	182	80	1	11	191	19	200	2.96e-67	204
Paraconf	CP@TRINITY_DN13250_c0_g1::CP@TRINITY_DN13250_c0_g1_i48::g.35924::m.35924	52.880	191	88	2	1	191	1	189	3.04e-68	206
Paraconf	CP@TRINITY_DN13250_c0_g1::CP@TRINITY_DN13250_c0_g1_i31::g.35911::m.35911	52.880	191	88	2	1	191	1	189	3.04e-68	206
Paraconf	CP@TRINITY_DN784_c3_g3::CP@TRINITY_DN784_c3_g3_i1::g.22096::m.22096	53.297	182	84	1	11	191	19	200	9.73e-65	198
Lapoguse	CP@TRINITY_DN13250_c0_g1::CP@TRINITY_DN13250_c0_g1_i48::g.35924::m.35924	60.000	190	75	1	1	190	1	189	1.30e-79	235
Lapoguse	CP@TRINITY_DN13250_c0_g1::CP@TRINITY_DN13250_c0_g1_i31::g.35911::m.35911	60.000	190	75	1	1	190	1	189	1.30e-79	235
Lapoguse	CP@TRINITY_DN784_c3_g3::CP@TRINITY_DN784_c3_g3_i1::g.22096::m.22096	60.000	185	70	2	11	192	19	202	7.49e-72	216
Paulchro	CP@TRINITY_DN13250_c0_g1::CP@TRINITY_DN13250_c0_g1_i48::g.35924::m.35924	55.208	192	83	2	31	221	1	190	6.22e-73	219
Paulchro	CP@TRINITY_DN13250_c0_g1::CP@TRINITY_DN13250_c0_g1_i31::g.35911::m.35911	55.208	192	83	2	31	221	1	190	6.22e-73	219
Paulchro	CP@TRINITY_DN784_c3_g3::CP@TRINITY_DN784_c3_g3_i1::g.22096::m.22096	53.226	186	81	2	39	220	17	200	2.85e-65	200
Leptvora	CP@TRINITY_DN13250_c0_g1::CP@TRINITY_DN13250_c0_g1_i48::g.35924::m.35924	52.910	189	85	4	17	204	5	190	1.20e-67	205
Leptvora	CP@TRINITY_DN13250_c0_g1::CP@TRINITY_DN13250_c0_g1_i31::g.35911::m.35911	52.910	189	85	4	17	204	5	190	1.20e-67	205
Leptvora	CP@TRINITY_DN784_c3_g3::CP@TRINITY_DN784_c3_g3_i1::g.22096::m.22096	52.747	182	84	2	24	203	19	200	2.27e-63	195
Plasbras	CP@TRINITY_DN13250_c0_g1::CP@TRINITY_DN13250_c0_g1_i48::g.35924::m.35924	56.383	188	81	1	1	188	3	189	2.98e-76	226
Plasbras	CP@TRINITY_DN13250_c0_g1::CP@TRINITY_DN13250_c0_g1_i31::g.35911::m.35911	56.383	188	81	1	1	188	3	189	2.98e-76	226
Plasbras	CP@TRINITY_DN784_c3_g3::CP@TRINITY_DN784_c3_g3_i1::g.22096::m.22096	57.297	185	75	2	7	188	17	200	6.95e-72	216
Retifilo	CP@TRINITY_DN13250_c0_g1::CP@TRINITY_DN13250_c0_g1_i48::g.35924::m.35924	49.763	211	83	1	3	213	2	189	5.87e-71	214
Retifilo	CP@TRINITY_DN13250_c0_g1::CP@TRINITY_DN13250_c0_g1_i31::g.35911::m.35911	49.763	211	83	1	3	213	2	189	5.87e-71	214
Retifilo	CP@TRINITY_DN784_c3_g3::CP@TRINITY_DN784_c3_g3_i1::g.22096::m.22096	47.343	207	83	3	11	214	18	201	7.29e-62	191
Sori0191	CP@TRINITY_DN13250_c0_g1::CP@TRINITY_DN13250_c0_g1_i48::g.35924::m.35924	55.026	189	83	2	3	190	2	189	5.52e-75	223
Sori0191	CP@TRINITY_DN13250_c0_g1::CP@TRINITY_DN13250_c0_g1_i31::g.35911::m.35911	55.026	189	83	2	3	190	2	189	5.52e-75	223
Sori0191	CP@TRINITY_DN784_c3_g3::CP@TRINITY_DN784_c3_g3_i1::g.22096::m.22096	55.676	185	79	1	11	192	18	202	1.12e-73	221
Ammo1384	CP@TRINITY_DN13250_c0_g1::CP@TRINITY_DN13250_c0_g1_i48::g.35924::m.35924	55.851	188	83	0	40	227	2	189	6.47e-74	222
Ammo1384	CP@TRINITY_DN13250_c0_g1::CP@TRINITY_DN13250_c0_g1_i31::g.35911::m.35911	55.851	188	83	0	40	227	2	189	6.47e-74	222
Ammo1384	CP@TRINITY_DN784_c3_g3::CP@TRINITY_DN784_c3_g3_i1::g.22096::m.22096	54.348	184	81	2	49	229	19	202	2.05e-66	204
Thalpseu	CP@TRINITY_DN13250_c0_g1::CP@TRINITY_DN13250_c0_g1_i48::g.35924::m.35924	59.162	191	76	1	1	191	1	189	1.53e-80	238
Thalpseu	CP@TRINITY_DN13250_c0_g1::CP@TRINITY_DN13250_c0_g1_i31::g.35911::m.35911	59.162	191	76	1	1	191	1	189	1.53e-80	238
Thalpseu	CP@TRINITY_DN784_c3_g3::CP@TRINITY_DN784_c3_g3_i1::g.22096::m.22096	55.978	184	80	1	9	191	17	200	1.97e-73	220
ChrysoH2	CP@TRINITY_DN13250_c0_g1::CP@TRINITY_DN13250_c0_g1_i48::g.35924::m.35924	51.562	192	90	2	3	194	2	190	1.83e-66	202
ChrysoH2	CP@TRINITY_DN13250_c0_g1::CP@TRINITY_DN13250_c0_g1_i31::g.35911::m.35911	51.562	192	90	2	3	194	2	190	1.83e-66	202
ChrysoH2	CP@TRINITY_DN784_c3_g3::CP@TRINITY_DN784_c3_g3_i1::g.22096::m.22096	51.913	183	86	2	12	193	19	200	3.06e-63	194
EctocSP7	CP@TRINITY_DN13250_c0_g1::CP@TRINITY_DN13250_c0_g1_i48::g.35924::m.35924	58.639	191	77	1	1	191	1	189	1.10e-79	235
EctocSP7	CP@TRINITY_DN13250_c0_g1::CP@TRINITY_DN13250_c0_g1_i31::g.35911::m.35911	58.639	191	77	1	1	191	1	189	1.10e-79	235
EctocSP7	CP@TRINITY_DN784_c3_g3::CP@TRINITY_DN784_c3_g3_i1::g.22096::m.22096	58.791	182	74	1	11	191	19	200	1.33e-75	225
Phytpara	CP@TRINITY_DN784_c3_g3::CP@TRINITY_DN784_c3_g3_i1::g.22096::m.22096	62.500	184	68	1	9	191	17	200	1.01e-80	238
Phytpara	CP@TRINITY_DN13250_c0_g1::CP@TRINITY_DN13250_c0_g1_i48::g.35924::m.35924	58.639	191	77	1	1	191	1	189	1.71e-80	237
Phytpara	CP@TRINITY_DN13250_c0_g1::CP@TRINITY_DN13250_c0_g1_i31::g.35911::m.35911	58.639	191	77	1	1	191	1	189	1.71e-80	237
MAST003A	CP@TRINITY_DN13250_c0_g1::CP@TRINITY_DN13250_c0_g1_i48::g.35924::m.35924	51.295	193	71	2	3	176	2	190	1.65e-62	191
MAST003A	CP@TRINITY_DN13250_c0_g1::CP@TRINITY_DN13250_c0_g1_i31::g.35911::m.35911	51.295	193	71	2	3	176	2	190	1.65e-62	191
MAST003A	CP@TRINITY_DN784_c3_g3::CP@TRINITY_DN784_c3_g3_i1::g.22096::m.22096	50.794	189	67	4	9	175	16	200	2.93e-56	176
BicoCB20	CP@TRINITY_DN13250_c0_g1::CP@TRINITY_DN13250_c0_g1_i48::g.35924::m.35924	56.701	194	80	1	1	194	1	190	2.09e-77	229
BicoCB20	CP@TRINITY_DN13250_c0_g1::CP@TRINITY_DN13250_c0_g1_i31::g.35911::m.35911	56.701	194	80	1	1	194	1	190	2.09e-77	229
BicoCB20	CP@TRINITY_DN784_c3_g3::CP@TRINITY_DN784_c3_g3_i1::g.22096::m.22096	54.645	183	82	1	11	193	19	200	4.56e-69	209
Platmacr	CP@TRINITY_DN784_c3_g3::CP@TRINITY_DN784_c3_g3_i1::g.22096::m.22096	53.804	184	84	1	11	193	19	202	6.23e-69	208
Platmacr	CP@TRINITY_DN13250_c0_g1::CP@TRINITY_DN13250_c0_g1_i48::g.35924::m.35924	51.309	191	91	1	1	191	1	189	3.80e-68	206
Platmacr	CP@TRINITY_DN13250_c0_g1::CP@TRINITY_DN13250_c0_g1_i31::g.35911::m.35911	51.309	191	91	1	1	191	1	189	3.80e-68	206
Tetrther	CP@TRINITY_DN784_c3_g3::CP@TRINITY_DN784_c3_g3_i1::g.22096::m.22096	57.297	185	78	1	8	191	16	200	1.98e-74	223
Tetrther	CP@TRINITY_DN13250_c0_g1::CP@TRINITY_DN13250_c0_g1_i48::g.35924::m.35924	44.503	191	104	1	1	191	1	189	1.15e-59	184
Tetrther	CP@TRINITY_DN13250_c0_g1::CP@TRINITY_DN13250_c0_g1_i31::g.35911::m.35911	44.503	191	104	1	1	191	1	189	1.15e-59	184
Ichtmult	CP@TRINITY_DN784_c3_g3::CP@TRINITY_DN784_c3_g3_i1::g.22096::m.22096	57.923	183	76	1	11	192	19	201	6.77e-73	218
Ichtmult	CP@TRINITY_DN13250_c0_g1::CP@TRINITY_DN13250_c0_g1_i48::g.35924::m.35924	43.979	191	105	1	1	191	1	189	1.15e-55	174
Ichtmult	CP@TRINITY_DN13250_c0_g1::CP@TRINITY_DN13250_c0_g1_i31::g.35911::m.35911	43.979	191	105	1	1	191	1	189	1.15e-55	174
Protadhe	CP@TRINITY_DN13250_c0_g1::CP@TRINITY_DN13250_c0_g1_i48::g.35924::m.35924	65.766	111	38	0	1	111	1	111	1.05e-52	164
Protadhe	CP@TRINITY_DN13250_c0_g1::CP@TRINITY_DN13250_c0_g1_i31::g.35911::m.35911	65.766	111	38	0	1	111	1	111	1.05e-52	164
Protadhe	CP@TRINITY_DN784_c3_g3::CP@TRINITY_DN784_c3_g3_i1::g.22096::m.22096	66.990	103	34	0	9	111	17	119	1.17e-47	151
Styllemn	CP@TRINITY_DN784_c3_g3::CP@TRINITY_DN784_c3_g3_i1::g.22096::m.22096	50.556	180	89	0	384	563	21	200	2.84e-61	201
Styllemn	CP@TRINITY_DN13250_c0_g1::CP@TRINITY_DN13250_c0_g1_i48::g.35924::m.35924	50.543	184	88	2	380	563	9	189	7.17e-61	199
Styllemn	CP@TRINITY_DN13250_c0_g1::CP@TRINITY_DN13250_c0_g1_i31::g.35911::m.35911	50.543	184	88	2	380	563	9	189	7.17e-61	199
Symbmicr	CP@TRINITY_DN13250_c0_g1::CP@TRINITY_DN13250_c0_g1_i48::g.35924::m.35924	60.938	192	72	1	303	494	1	189	6.86e-78	242
Symbmicr	CP@TRINITY_DN13250_c0_g1::CP@TRINITY_DN13250_c0_g1_i31::g.35911::m.35911	60.938	192	72	1	303	494	1	189	6.86e-78	242
Symbmicr	CP@TRINITY_DN784_c3_g3::CP@TRINITY_DN784_c3_g3_i1::g.22096::m.22096	62.088	182	69	0	313	494	19	200	8.08e-78	242
AmoeALEX	CP@TRINITY_DN784_c3_g3::CP@TRINITY_DN784_c3_g3_i1::g.22096::m.22096	51.852	189	84	2	15	203	19	200	4.98e-63	194
AmoeALEX	CP@TRINITY_DN13250_c0_g1::CP@TRINITY_DN13250_c0_g1_i48::g.35924::m.35924	48.768	203	86	3	1	201	1	187	1.20e-62	193
AmoeALEX	CP@TRINITY_DN13250_c0_g1::CP@TRINITY_DN13250_c0_g1_i31::g.35911::m.35911	48.768	203	86	3	1	201	1	187	1.20e-62	193
HemaVICK	CP@TRINITY_DN13250_c0_g1::CP@TRINITY_DN13250_c0_g1_i48::g.35924::m.35924	59.694	196	72	2	16	211	1	189	1.26e-79	236
HemaVICK	CP@TRINITY_DN13250_c0_g1::CP@TRINITY_DN13250_c0_g1_i31::g.35911::m.35911	59.694	196	72	2	16	211	1	189	1.26e-79	236
HemaVICK	CP@TRINITY_DN784_c3_g3::CP@TRINITY_DN784_c3_g3_i1::g.22096::m.22096	61.053	190	70	1	24	213	17	202	7.28e-79	234
Noctscin	CP@TRINITY_DN784_c3_g3::CP@TRINITY_DN784_c3_g3_i1::g.22096::m.22096	62.500	184	69	0	11	194	19	202	7.78e-81	239
Noctscin	CP@TRINITY_DN13250_c0_g1::CP@TRINITY_DN13250_c0_g1_i48::g.35924::m.35924	59.375	192	75	2	1	192	1	189	5.67e-80	236
Noctscin	CP@TRINITY_DN13250_c0_g1::CP@TRINITY_DN13250_c0_g1_i31::g.35911::m.35911	59.375	192	75	2	1	192	1	189	5.67e-80	236
Alphedax	CP@TRINITY_DN784_c3_g3::CP@TRINITY_DN784_c3_g3_i1::g.22096::m.22096	62.937	143	53	0	11	153	19	161	3.41e-63	192
Alphedax	CP@TRINITY_DN13250_c0_g1::CP@TRINITY_DN13250_c0_g1_i48::g.35924::m.35924	58.974	156	64	0	1	156	1	156	9.23e-63	191
Alphedax	CP@TRINITY_DN13250_c0_g1::CP@TRINITY_DN13250_c0_g1_i31::g.35911::m.35911	58.974	156	64	0	1	156	1	156	9.23e-63	191
Plasfalc	CP@TRINITY_DN784_c3_g3::CP@TRINITY_DN784_c3_g3_i1::g.22096::m.22096	61.538	182	69	1	11	191	19	200	4.80e-83	244
Plasfalc	CP@TRINITY_DN13250_c0_g1::CP@TRINITY_DN13250_c0_g1_i48::g.35924::m.35924	56.021	191	82	1	1	191	1	189	4.22e-78	231
Plasfalc	CP@TRINITY_DN13250_c0_g1::CP@TRINITY_DN13250_c0_g1_i31::g.35911::m.35911	56.021	191	82	1	1	191	1	189	4.22e-78	231
Vitrbras	CP@TRINITY_DN13250_c0_g1::CP@TRINITY_DN13250_c0_g1_i48::g.35924::m.35924	60.733	191	73	1	1	191	1	189	9.80e-85	248
Vitrbras	CP@TRINITY_DN13250_c0_g1::CP@TRINITY_DN13250_c0_g1_i31::g.35911::m.35911	60.733	191	73	1	1	191	1	189	9.80e-85	248
Vitrbras	CP@TRINITY_DN784_c3_g3::CP@TRINITY_DN784_c3_g3_i1::g.22096::m.22096	64.674	184	64	1	9	191	17	200	3.12e-84	247
Gregniph	CP@TRINITY_DN13250_c0_g1::CP@TRINITY_DN13250_c0_g1_i48::g.35924::m.35924	58.201	189	77	1	1	189	3	189	8.41e-79	233
Gregniph	CP@TRINITY_DN13250_c0_g1::CP@TRINITY_DN13250_c0_g1_i31::g.35911::m.35911	58.201	189	77	1	1	189	3	189	8.41e-79	233
Gregniph	CP@TRINITY_DN784_c3_g3::CP@TRINITY_DN784_c3_g3_i1::g.22096::m.22096	57.065	184	78	1	7	189	17	200	1.04e-75	226
Stencoer	CP@TRINITY_DN13250_c0_g1::CP@TRINITY_DN13250_c0_g1_i48::g.35924::m.35924	56.545	191	80	2	1	190	1	189	2.12e-75	224
Stencoer	CP@TRINITY_DN13250_c0_g1::CP@TRINITY_DN13250_c0_g1_i31::g.35911::m.35911	56.545	191	80	2	1	190	1	189	2.12e-75	224
Stencoer	CP@TRINITY_DN784_c3_g3::CP@TRINITY_DN784_c3_g3_i1::g.22096::m.22096	58.152	184	75	1	9	190	17	200	2.91e-72	217
Oxyrmari	CP@TRINITY_DN784_c3_g3::CP@TRINITY_DN784_c3_g3_i1::g.22096::m.22096	63.043	184	68	0	31	214	19	202	2.15e-79	236
Oxyrmari	CP@TRINITY_DN13250_c0_g1::CP@TRINITY_DN13250_c0_g1_i48::g.35924::m.35924	59.896	192	74	2	21	212	1	189	3.54e-79	235
Oxyrmari	CP@TRINITY_DN13250_c0_g1::CP@TRINITY_DN13250_c0_g1_i31::g.35911::m.35911	59.896	192	74	2	21	212	1	189	3.54e-79	235
Colpangu	CP@TRINITY_DN13250_c0_g1::CP@TRINITY_DN13250_c0_g1_i48::g.35924::m.35924	48.148	189	98	0	1	189	1	189	1.53e-64	197
Colpangu	CP@TRINITY_DN13250_c0_g1::CP@TRINITY_DN13250_c0_g1_i31::g.35911::m.35911	48.148	189	98	0	1	189	1	189	1.53e-64	197
Colpangu	CP@TRINITY_DN784_c3_g3::CP@TRINITY_DN784_c3_g3_i1::g.22096::m.22096	50.276	181	87	2	9	186	17	197	1.83e-62	192
Roomtrun	CP@TRINITY_DN13250_c0_g1::CP@TRINITY_DN13250_c0_g1_i48::g.35924::m.35924	56.842	190	81	1	11	200	1	189	9.31e-77	228
Roomtrun	CP@TRINITY_DN13250_c0_g1::CP@TRINITY_DN13250_c0_g1_i31::g.35911::m.35911	56.842	190	81	1	11	200	1	189	9.31e-77	228
Roomtrun	CP@TRINITY_DN784_c3_g3::CP@TRINITY_DN784_c3_g3_i1::g.22096::m.22096	60.989	182	69	1	21	200	19	200	3.54e-76	227
Vannfimi	CP@TRINITY_DN13250_c0_g1::CP@TRINITY_DN13250_c0_g1_i48::g.35924::m.35924	57.368	190	79	2	1	189	1	189	2.36e-79	234
Vannfimi	CP@TRINITY_DN13250_c0_g1::CP@TRINITY_DN13250_c0_g1_i31::g.35911::m.35911	57.368	190	79	2	1	189	1	189	2.36e-79	234
Vannfimi	CP@TRINITY_DN784_c3_g3::CP@TRINITY_DN784_c3_g3_i1::g.22096::m.22096	60.326	184	70	3	11	191	19	202	2.25e-77	230
Neobdesi	CP@TRINITY_DN13250_c0_g1::CP@TRINITY_DN13250_c0_g1_i48::g.35924::m.35924	51.832	191	90	2	1	191	1	189	5.04e-66	201
Neobdesi	CP@TRINITY_DN13250_c0_g1::CP@TRINITY_DN13250_c0_g1_i31::g.35911::m.35911	51.832	191	90	2	1	191	1	189	5.04e-66	201
Neobdesi	CP@TRINITY_DN784_c3_g3::CP@TRINITY_DN784_c3_g3_i1::g.22096::m.22096	53.073	179	83	1	14	191	22	200	2.99e-63	194
Flecnera	CP@TRINITY_DN13250_c0_g1::CP@TRINITY_DN13250_c0_g1_i48::g.35924::m.35924	50.270	185	91	1	25	209	6	189	2.18e-64	197
Flecnera	CP@TRINITY_DN13250_c0_g1::CP@TRINITY_DN13250_c0_g1_i31::g.35911::m.35911	50.270	185	91	1	25	209	6	189	2.18e-64	197
Flecnera	CP@TRINITY_DN784_c3_g3::CP@TRINITY_DN784_c3_g3_i1::g.22096::m.22096	52.688	186	80	2	30	210	19	201	6.76e-63	194
Diplambu	CP@TRINITY_DN13250_c0_g1::CP@TRINITY_DN13250_c0_g1_i48::g.35924::m.35924	51.042	192	90	2	1	191	1	189	6.65e-66	201
Diplambu	CP@TRINITY_DN13250_c0_g1::CP@TRINITY_DN13250_c0_g1_i31::g.35911::m.35911	51.042	192	90	2	1	191	1	189	6.65e-66	201
Diplambu	CP@TRINITY_DN784_c3_g3::CP@TRINITY_DN784_c3_g3_i1::g.22096::m.22096	51.366	183	88	1	11	192	19	201	3.73e-61	189
Ancytwis	CP@TRINITY_DN13250_c0_g1::CP@TRINITY_DN13250_c0_g1_i48::g.35924::m.35924	62.963	189	69	1	3	191	2	189	1.32e-84	248
Ancytwis	CP@TRINITY_DN13250_c0_g1::CP@TRINITY_DN13250_c0_g1_i31::g.35911::m.35911	62.963	189	69	1	3	191	2	189	1.32e-84	248
Ancytwis	CP@TRINITY_DN784_c3_g3::CP@TRINITY_DN784_c3_g3_i1::g.22096::m.22096	66.848	184	59	1	12	193	19	202	2.20e-83	245
Idiovort	CP@TRINITY_DN13250_c0_g1::CP@TRINITY_DN13250_c0_g1_i48::g.35924::m.35924	59.896	192	75	1	1	192	1	190	1.50e-79	235
Idiovort	CP@TRINITY_DN13250_c0_g1::CP@TRINITY_DN13250_c0_g1_i31::g.35911::m.35911	59.896	192	75	1	1	192	1	190	1.50e-79	235
Idiovort	CP@TRINITY_DN784_c3_g3::CP@TRINITY_DN784_c3_g3_i1::g.22096::m.22096	64.835	182	63	1	11	191	19	200	2.35e-78	232
Pavl2436	CP@TRINITY_DN784_c3_g3::CP@TRINITY_DN784_c3_g3_i1::g.22096::m.22096	67.935	184	57	1	11	192	19	202	9.74e-87	254
Pavl2436	CP@TRINITY_DN13250_c0_g1::CP@TRINITY_DN13250_c0_g1_i48::g.35924::m.35924	62.105	190	71	1	1	190	1	189	6.07e-86	251
Pavl2436	CP@TRINITY_DN13250_c0_g1::CP@TRINITY_DN13250_c0_g1_i31::g.35911::m.35911	62.105	190	71	1	1	190	1	189	6.07e-86	251
Prymparv	CP@TRINITY_DN13250_c0_g1::CP@TRINITY_DN13250_c0_g1_i48::g.35924::m.35924	63.684	190	68	1	9	198	1	189	1.55e-87	255
Prymparv	CP@TRINITY_DN13250_c0_g1::CP@TRINITY_DN13250_c0_g1_i31::g.35911::m.35911	63.684	190	68	1	9	198	1	189	1.55e-87	255
Prymparv	CP@TRINITY_DN784_c3_g3::CP@TRINITY_DN784_c3_g3_i1::g.22096::m.22096	68.306	183	54	2	19	198	19	200	4.92e-84	247
Prympoly	CP@TRINITY_DN13250_c0_g1::CP@TRINITY_DN13250_c0_g1_i48::g.35924::m.35924	63.158	190	69	1	59	248	1	189	2.78e-84	251
Prympoly	CP@TRINITY_DN13250_c0_g1::CP@TRINITY_DN13250_c0_g1_i31::g.35911::m.35911	63.158	190	69	1	59	248	1	189	2.78e-84	251
Prympoly	CP@TRINITY_DN784_c3_g3::CP@TRINITY_DN784_c3_g3_i1::g.22096::m.22096	67.213	183	56	2	69	248	19	200	4.54e-80	241
Chryrota	CP@TRINITY_DN13250_c0_g1::CP@TRINITY_DN13250_c0_g1_i48::g.35924::m.35924	62.105	190	71	1	90	279	1	189	7.80e-85	252
Chryrota	CP@TRINITY_DN13250_c0_g1::CP@TRINITY_DN13250_c0_g1_i31::g.35911::m.35911	62.105	190	71	1	90	279	1	189	7.80e-85	252
Chryrota	CP@TRINITY_DN784_c3_g3::CP@TRINITY_DN784_c3_g3_i1::g.22096::m.22096	64.286	182	63	1	100	279	19	200	2.95e-81	243
Chrycart	CP@TRINITY_DN13250_c0_g1::CP@TRINITY_DN13250_c0_g1_i48::g.35924::m.35924	62.632	190	70	1	1	190	1	189	2.52e-85	255
Chrycart	CP@TRINITY_DN13250_c0_g1::CP@TRINITY_DN13250_c0_g1_i31::g.35911::m.35911	62.632	190	70	1	1	190	1	189	2.52e-85	255
Chrycart	CP@TRINITY_DN784_c3_g3::CP@TRINITY_DN784_c3_g3_i1::g.22096::m.22096	66.848	184	59	1	9	190	17	200	6.31e-81	244
Tisolute	CP@TRINITY_DN13250_c0_g1::CP@TRINITY_DN13250_c0_g1_i48::g.35924::m.35924	62.632	190	70	1	88	277	1	189	1.16e-84	251
Tisolute	CP@TRINITY_DN13250_c0_g1::CP@TRINITY_DN13250_c0_g1_i31::g.35911::m.35911	62.632	190	70	1	88	277	1	189	1.16e-84	251
Tisolute	CP@TRINITY_DN784_c3_g3::CP@TRINITY_DN784_c3_g3_i1::g.22096::m.22096	67.742	186	56	2	96	278	17	201	5.23e-82	245
Haloseos	CP@TRINITY_DN13250_c0_g1::CP@TRINITY_DN13250_c0_g1_i48::g.35924::m.35924	51.596	188	91	0	4	191	3	190	4.60e-73	218
Haloseos	CP@TRINITY_DN13250_c0_g1::CP@TRINITY_DN13250_c0_g1_i31::g.35911::m.35911	51.596	188	91	0	4	191	3	190	4.60e-73	218
Haloseos	CP@TRINITY_DN784_c3_g3::CP@TRINITY_DN784_c3_g3_i1::g.22096::m.22096	56.831	183	74	3	12	190	19	200	3.84e-64	196
Cyanmero	CP@TRINITY_DN784_c3_g3::CP@TRINITY_DN784_c3_g3_i1::g.22096::m.22096	61.376	189	68	1	7	195	17	200	8.36e-81	239
Cyanmero	CP@TRINITY_DN13250_c0_g1::CP@TRINITY_DN13250_c0_g1_i48::g.35924::m.35924	55.385	195	79	3	1	195	3	189	1.53e-75	225
Cyanmero	CP@TRINITY_DN13250_c0_g1::CP@TRINITY_DN13250_c0_g1_i31::g.35911::m.35911	55.385	195	79	3	1	195	3	189	1.53e-75	225
Galdsulp	CP@TRINITY_DN784_c3_g3::CP@TRINITY_DN784_c3_g3_i1::g.22096::m.22096	60.326	184	71	1	7	188	17	200	3.25e-82	242
Galdsulp	CP@TRINITY_DN13250_c0_g1::CP@TRINITY_DN13250_c0_g1_i48::g.35924::m.35924	55.319	188	83	1	1	188	3	189	1.69e-76	227
Galdsulp	CP@TRINITY_DN13250_c0_g1::CP@TRINITY_DN13250_c0_g1_i31::g.35911::m.35911	55.319	188	83	1	1	188	3	189	1.69e-76	227
Porpumbi	CP@TRINITY_DN784_c3_g3::CP@TRINITY_DN784_c3_g3_i1::g.22096::m.22096	60.215	186	72	1	67	250	17	202	1.80e-76	230
Porpumbi	CP@TRINITY_DN13250_c0_g1::CP@TRINITY_DN13250_c0_g1_i48::g.35924::m.35924	55.319	188	83	1	61	248	3	189	2.11e-75	227
Porpumbi	CP@TRINITY_DN13250_c0_g1::CP@TRINITY_DN13250_c0_g1_i31::g.35911::m.35911	55.319	188	83	1	61	248	3	189	2.11e-75	227
Porpaeru	CP@TRINITY_DN13250_c0_g1::CP@TRINITY_DN13250_c0_g1_i48::g.35924::m.35924	57.447	188	79	1	1	188	3	189	2.61e-78	232
Porpaeru	CP@TRINITY_DN13250_c0_g1::CP@TRINITY_DN13250_c0_g1_i31::g.35911::m.35911	57.447	188	79	1	1	188	3	189	2.61e-78	232
Porpaeru	CP@TRINITY_DN784_c3_g3::CP@TRINITY_DN784_c3_g3_i1::g.22096::m.22096	57.609	184	76	1	7	188	17	200	5.63e-78	231
Rhodmacu	CP@TRINITY_DN13250_c0_g1::CP@TRINITY_DN13250_c0_g1_i48::g.35924::m.35924	57.297	185	78	1	6	190	4	187	5.26e-76	226
Rhodmacu	CP@TRINITY_DN13250_c0_g1::CP@TRINITY_DN13250_c0_g1_i31::g.35911::m.35911	57.297	185	78	1	6	190	4	187	5.26e-76	226
Rhodmacu	CP@TRINITY_DN784_c3_g3::CP@TRINITY_DN784_c3_g3_i1::g.22096::m.22096	58.242	182	74	1	13	192	19	200	6.69e-76	226
Cerakond	CP@TRINITY_DN784_c3_g3::CP@TRINITY_DN784_c3_g3_i1::g.22096::m.22096	57.609	184	76	1	7	188	17	200	8.58e-79	233
Cerakond	CP@TRINITY_DN13250_c0_g1::CP@TRINITY_DN13250_c0_g1_i48::g.35924::m.35924	53.723	188	86	1	1	188	3	189	8.60e-74	220
Cerakond	CP@TRINITY_DN13250_c0_g1::CP@TRINITY_DN13250_c0_g1_i31::g.35911::m.35911	53.723	188	86	1	1	188	3	189	8.60e-74	220
Choncris	CP@TRINITY_DN13250_c0_g1::CP@TRINITY_DN13250_c0_g1_i48::g.35924::m.35924	55.319	188	83	1	1	188	3	189	2.54e-76	227
Choncris	CP@TRINITY_DN13250_c0_g1::CP@TRINITY_DN13250_c0_g1_i31::g.35911::m.35911	55.319	188	83	1	1	188	3	189	2.54e-76	227
Choncris	CP@TRINITY_DN784_c3_g3::CP@TRINITY_DN784_c3_g3_i1::g.22096::m.22096	56.522	184	78	1	7	188	17	200	3.13e-76	227
Gloewitr	CP@TRINITY_DN784_c3_g3::CP@TRINITY_DN784_c3_g3_i1::g.22096::m.22096	65.405	185	61	2	26	207	17	201	5.46e-85	250
Gloewitr	CP@TRINITY_DN13250_c0_g1::CP@TRINITY_DN13250_c0_g1_i48::g.35924::m.35924	60.317	189	75	0	18	206	1	189	1.88e-84	248
Gloewitr	CP@TRINITY_DN13250_c0_g1::CP@TRINITY_DN13250_c0_g1_i31::g.35911::m.35911	60.317	189	75	0	18	206	1	189	1.88e-84	248
Cyanpara	CP@TRINITY_DN784_c3_g3::CP@TRINITY_DN784_c3_g3_i1::g.22096::m.22096	68.306	183	55	2	13	192	19	201	3.36e-86	252
Cyanpara	CP@TRINITY_DN13250_c0_g1::CP@TRINITY_DN13250_c0_g1_i48::g.35924::m.35924	61.622	185	71	0	7	191	5	189	2.02e-84	247
Cyanpara	CP@TRINITY_DN13250_c0_g1::CP@TRINITY_DN13250_c0_g1_i31::g.35911::m.35911	61.622	185	71	0	7	191	5	189	2.02e-84	247
Glauincr	CP@TRINITY_DN784_c3_g3::CP@TRINITY_DN784_c3_g3_i1::g.22096::m.22096	67.935	184	56	2	35	215	19	202	2.01e-87	256
Glauincr	CP@TRINITY_DN13250_c0_g1::CP@TRINITY_DN13250_c0_g1_i48::g.35924::m.35924	61.413	184	71	0	30	213	6	189	4.87e-84	247
Glauincr	CP@TRINITY_DN13250_c0_g1::CP@TRINITY_DN13250_c0_g1_i31::g.35911::m.35911	61.413	184	71	0	30	213	6	189	4.87e-84	247
Rhodemar	CP@TRINITY_DN784_c3_g3::CP@TRINITY_DN784_c3_g3_i1::g.22096::m.22096	63.441	186	67	1	9	193	17	202	6.04e-84	246
Rhodemar	CP@TRINITY_DN13250_c0_g1::CP@TRINITY_DN13250_c0_g1_i48::g.35924::m.35924	59.162	191	76	2	1	191	1	189	1.94e-79	235
Rhodemar	CP@TRINITY_DN13250_c0_g1::CP@TRINITY_DN13250_c0_g1_i31::g.35911::m.35911	59.162	191	76	2	1	191	1	189	1.94e-79	235
Rhodlimn	CP@TRINITY_DN784_c3_g3::CP@TRINITY_DN784_c3_g3_i1::g.22096::m.22096	64.516	186	64	1	9	192	17	202	1.54e-83	246
Rhodlimn	CP@TRINITY_DN13250_c0_g1::CP@TRINITY_DN13250_c0_g1_i48::g.35924::m.35924	59.474	190	76	1	1	190	1	189	3.21e-80	237
Rhodlimn	CP@TRINITY_DN13250_c0_g1::CP@TRINITY_DN13250_c0_g1_i31::g.35911::m.35911	59.474	190	76	1	1	190	1	189	3.21e-80	237
Volvcart	CP@TRINITY_DN13250_c0_g1::CP@TRINITY_DN13250_c0_g1_i48::g.35924::m.35924	60.209	191	74	1	1	191	1	189	3.23e-84	247
Volvcart	CP@TRINITY_DN13250_c0_g1::CP@TRINITY_DN13250_c0_g1_i31::g.35911::m.35911	60.209	191	74	1	1	191	1	189	3.23e-84	247
Volvcart	CP@TRINITY_DN784_c3_g3::CP@TRINITY_DN784_c3_g3_i1::g.22096::m.22096	64.835	182	63	1	11	191	19	200	5.95e-82	241
Picosali	CP@TRINITY_DN784_c3_g3::CP@TRINITY_DN784_c3_g3_i1::g.22096::m.22096	62.651	166	62	0	75	240	35	200	1.55e-67	217
Picosali	CP@TRINITY_DN13250_c0_g1::CP@TRINITY_DN13250_c0_g1_i48::g.35924::m.35924	62.733	161	57	2	75	235	27	184	9.84e-65	209
Picosali	CP@TRINITY_DN13250_c0_g1::CP@TRINITY_DN13250_c0_g1_i31::g.35911::m.35911	62.733	161	57	2	75	235	27	184	9.84e-65	209
Micrpusl	CP@TRINITY_DN784_c3_g3::CP@TRINITY_DN784_c3_g3_i1::g.22096::m.22096	65.934	182	62	0	11	192	19	200	4.41e-87	254
Micrpusl	CP@TRINITY_DN13250_c0_g1::CP@TRINITY_DN13250_c0_g1_i48::g.35924::m.35924	59.896	192	74	2	1	192	1	189	3.04e-79	234
Micrpusl	CP@TRINITY_DN13250_c0_g1::CP@TRINITY_DN13250_c0_g1_i31::g.35911::m.35911	59.896	192	74	2	1	192	1	189	3.04e-79	234
Ostrtaur	CP@TRINITY_DN784_c3_g3::CP@TRINITY_DN784_c3_g3_i1::g.22096::m.22096	66.304	184	62	0	10	193	17	200	5.45e-88	257
Ostrtaur	CP@TRINITY_DN13250_c0_g1::CP@TRINITY_DN13250_c0_g1_i48::g.35924::m.35924	60.938	192	72	2	2	193	1	189	1.99e-82	242
Ostrtaur	CP@TRINITY_DN13250_c0_g1::CP@TRINITY_DN13250_c0_g1_i31::g.35911::m.35911	60.938	192	72	2	2	193	1	189	1.99e-82	242
Oryzsati	CP@TRINITY_DN784_c3_g3::CP@TRINITY_DN784_c3_g3_i1::g.22096::m.22096	66.484	182	61	0	11	192	19	200	1.46e-87	256
Oryzsati	CP@TRINITY_DN13250_c0_g1::CP@TRINITY_DN13250_c0_g1_i48::g.35924::m.35924	59.375	192	75	2	1	192	1	189	2.46e-80	237
Oryzsati	CP@TRINITY_DN13250_c0_g1::CP@TRINITY_DN13250_c0_g1_i31::g.35911::m.35911	59.375	192	75	2	1	192	1	189	2.46e-80	237
Physpate	CP@TRINITY_DN784_c3_g3::CP@TRINITY_DN784_c3_g3_i1::g.22096::m.22096	62.637	182	68	0	11	192	19	200	1.44e-84	248
Physpate	CP@TRINITY_DN13250_c0_g1::CP@TRINITY_DN13250_c0_g1_i48::g.35924::m.35924	61.979	192	70	2	1	192	1	189	9.05e-83	243
Physpate	CP@TRINITY_DN13250_c0_g1::CP@TRINITY_DN13250_c0_g1_i31::g.35911::m.35911	61.979	192	70	2	1	192	1	189	9.05e-83	243
Palpbili	CP@TRINITY_DN13250_c0_g1::CP@TRINITY_DN13250_c0_g1_i48::g.35924::m.35924	54.315	197	82	2	1	197	1	189	2.73e-74	222
Palpbili	CP@TRINITY_DN13250_c0_g1::CP@TRINITY_DN13250_c0_g1_i31::g.35911::m.35911	54.315	197	82	2	1	197	1	189	2.73e-74	222
Palpbili	CP@TRINITY_DN784_c3_g3::CP@TRINITY_DN784_c3_g3_i1::g.22096::m.22096	55.615	187	78	1	11	197	19	200	6.48e-74	221
Caferoen	CP@TRINITY_DN13250_c0_g1::CP@TRINITY_DN13250_c0_g1_i48::g.35924::m.35924	46.597	191	99	2	12	202	2	189	1.10e-54	186
Caferoen	CP@TRINITY_DN13250_c0_g1::CP@TRINITY_DN13250_c0_g1_i31::g.35911::m.35911	46.597	191	99	2	12	202	2	189	1.10e-54	186
Caferoen	CP@TRINITY_DN784_c3_g3::CP@TRINITY_DN784_c3_g3_i1::g.22096::m.22096	47.568	185	91	3	21	202	19	200	1.66e-46	164
Cryppara	CP@TRINITY_DN13250_c0_g1::CP@TRINITY_DN13250_c0_g1_i48::g.35924::m.35924	54.639	194	82	3	1	193	1	189	4.35e-72	216
Cryppara	CP@TRINITY_DN13250_c0_g1::CP@TRINITY_DN13250_c0_g1_i31::g.35911::m.35911	54.639	194	82	3	1	193	1	189	4.35e-72	216
Cryppara	CP@TRINITY_DN784_c3_g3::CP@TRINITY_DN784_c3_g3_i1::g.22096::m.22096	56.757	185	77	2	11	194	19	201	1.18e-67	205
Bafffrig	CP@TRINITY_DN13250_c0_g1::CP@TRINITY_DN13250_c0_g1_i48::g.35924::m.35924	55.155	194	81	3	1	193	1	189	1.78e-70	212
Bafffrig	CP@TRINITY_DN13250_c0_g1::CP@TRINITY_DN13250_c0_g1_i31::g.35911::m.35911	55.155	194	81	3	1	193	1	189	1.78e-70	212
Bafffrig	CP@TRINITY_DN784_c3_g3::CP@TRINITY_DN784_c3_g3_i1::g.22096::m.22096	58.065	186	75	2	11	195	19	202	5.58e-69	209
Rhodsali	CP@TRINITY_DN13250_c0_g1::CP@TRINITY_DN13250_c0_g1_i48::g.35924::m.35924	52.062	194	87	2	1	193	1	189	2.22e-70	212
Rhodsali	CP@TRINITY_DN13250_c0_g1::CP@TRINITY_DN13250_c0_g1_i31::g.35911::m.35911	52.062	194	87	2	1	193	1	189	2.22e-70	212
Rhodsali	CP@TRINITY_DN784_c3_g3::CP@TRINITY_DN784_c3_g3_i1::g.22096::m.22096	55.978	184	80	1	11	194	19	201	1.39e-67	205
Chatsubs	CP@TRINITY_DN13250_c0_g1::CP@TRINITY_DN13250_c0_g1_i48::g.35924::m.35924	50.000	196	88	2	1	193	1	189	1.20e-69	210
Chatsubs	CP@TRINITY_DN13250_c0_g1::CP@TRINITY_DN13250_c0_g1_i31::g.35911::m.35911	50.000	196	88	2	1	193	1	189	1.20e-69	210
Chatsubs	CP@TRINITY_DN784_c3_g3::CP@TRINITY_DN784_c3_g3_i1::g.22096::m.22096	53.804	184	82	2	11	193	19	200	1.07e-66	203
Chlorept	CP@TRINITY_DN13250_c0_g1::CP@TRINITY_DN13250_c0_g1_i48::g.35924::m.35924	48.677	189	94	3	3	189	2	189	8.02e-65	197
Chlorept	CP@TRINITY_DN13250_c0_g1::CP@TRINITY_DN13250_c0_g1_i31::g.35911::m.35911	48.677	189	94	3	3	189	2	189	8.02e-65	197
Chlorept	CP@TRINITY_DN784_c3_g3::CP@TRINITY_DN784_c3_g3_i1::g.22096::m.22096	50.267	187	89	3	8	190	15	201	8.47e-62	190
Brevmoto	CP@TRINITY_DN13250_c0_g1::CP@TRINITY_DN13250_c0_g1_i48::g.35924::m.35924	50.485	206	85	1	7	212	2	190	5.78e-69	209
Brevmoto	CP@TRINITY_DN13250_c0_g1::CP@TRINITY_DN13250_c0_g1_i31::g.35911::m.35911	50.485	206	85	1	7	212	2	190	5.78e-69	209
Brevmoto	CP@TRINITY_DN784_c3_g3::CP@TRINITY_DN784_c3_g3_i1::g.22096::m.22096	49.754	203	88	1	9	211	12	200	2.33e-62	192
MatazaD1	CP@TRINITY_DN13250_c0_g1::CP@TRINITY_DN13250_c0_g1_i48::g.35924::m.35924	58.421	190	78	1	1	190	1	189	7.58e-80	236
MatazaD1	CP@TRINITY_DN13250_c0_g1::CP@TRINITY_DN13250_c0_g1_i31::g.35911::m.35911	58.421	190	78	1	1	190	1	189	7.58e-80	236
MatazaD1	CP@TRINITY_DN784_c3_g3::CP@TRINITY_DN784_c3_g3_i1::g.22096::m.22096	57.609	184	76	2	9	190	17	200	1.47e-70	213
Cantmars	CP@TRINITY_DN13250_c0_g1::CP@TRINITY_DN13250_c0_g1_i48::g.35924::m.35924	51.813	193	90	1	1	193	1	190	1.07e-67	205
Cantmars	CP@TRINITY_DN13250_c0_g1::CP@TRINITY_DN13250_c0_g1_i31::g.35911::m.35911	51.813	193	90	1	1	193	1	190	1.07e-67	205
Cantmars	CP@TRINITY_DN784_c3_g3::CP@TRINITY_DN784_c3_g3_i1::g.22096::m.22096	53.333	180	82	2	14	192	22	200	6.40e-63	193
BlasS7SB	CP@TRINITY_DN13250_c0_g1::CP@TRINITY_DN13250_c0_g1_i48::g.35924::m.35924	59.474	190	76	1	1	190	1	189	2.04e-79	234
BlasS7SB	CP@TRINITY_DN13250_c0_g1::CP@TRINITY_DN13250_c0_g1_i31::g.35911::m.35911	59.474	190	76	1	1	190	1	189	2.04e-79	234
BlasS7SB	CP@TRINITY_DN784_c3_g3::CP@TRINITY_DN784_c3_g3_i1::g.22096::m.22096	59.890	182	71	2	11	190	19	200	2.68e-72	217
Deveeleg	CP@TRINITY_DN13250_c0_g1::CP@TRINITY_DN13250_c0_g1_i48::g.35924::m.35924	58.639	191	77	1	3	193	2	190	2.41e-81	239
Deveeleg	CP@TRINITY_DN13250_c0_g1::CP@TRINITY_DN13250_c0_g1_i31::g.35911::m.35911	58.639	191	77	1	3	193	2	190	2.41e-81	239
Deveeleg	CP@TRINITY_DN784_c3_g3::CP@TRINITY_DN784_c3_g3_i1::g.22096::m.22096	59.459	185	68	2	12	192	19	200	2.45e-74	222
Pythirre	CP@TRINITY_DN13250_c0_g1::CP@TRINITY_DN13250_c0_g1_i48::g.35924::m.35924	58.639	191	77	1	1	191	1	189	4.43e-80	236
Pythirre	CP@TRINITY_DN13250_c0_g1::CP@TRINITY_DN13250_c0_g1_i31::g.35911::m.35911	58.639	191	77	1	1	191	1	189	4.43e-80	236
Pythirre	CP@TRINITY_DN784_c3_g3::CP@TRINITY_DN784_c3_g3_i1::g.22096::m.22096	62.637	182	67	1	11	191	19	200	9.16e-80	236
Saprdecl	CP@TRINITY_DN13250_c0_g1::CP@TRINITY_DN13250_c0_g1_i48::g.35924::m.35924	59.375	192	74	2	19	209	1	189	3.34e-79	235
Saprdecl	CP@TRINITY_DN13250_c0_g1::CP@TRINITY_DN13250_c0_g1_i31::g.35911::m.35911	59.375	192	74	2	19	209	1	189	3.34e-79	235
Saprdecl	CP@TRINITY_DN784_c3_g3::CP@TRINITY_DN784_c3_g3_i1::g.22096::m.22096	62.088	182	68	1	29	209	19	200	8.17e-78	232
Phaetric	CP@TRINITY_DN13250_c0_g1::CP@TRINITY_DN13250_c0_g1_i48::g.35924::m.35924	57.068	191	80	1	1	191	1	189	8.99e-78	230
Phaetric	CP@TRINITY_DN13250_c0_g1::CP@TRINITY_DN13250_c0_g1_i31::g.35911::m.35911	57.068	191	80	1	1	191	1	189	8.99e-78	230
Phaetric	CP@TRINITY_DN784_c3_g3::CP@TRINITY_DN784_c3_g3_i1::g.22096::m.22096	57.754	187	72	2	9	191	17	200	7.89e-76	226
Fragcyli	CP@TRINITY_DN13250_c0_g1::CP@TRINITY_DN13250_c0_g1_i48::g.35924::m.35924	55.556	189	83	1	4	192	2	189	1.91e-74	222
Fragcyli	CP@TRINITY_DN13250_c0_g1::CP@TRINITY_DN13250_c0_g1_i31::g.35911::m.35911	55.556	189	83	1	4	192	2	189	1.91e-74	222
Fragcyli	CP@TRINITY_DN784_c3_g3::CP@TRINITY_DN784_c3_g3_i1::g.22096::m.22096	56.684	187	73	2	11	192	17	200	2.16e-73	220
Psuemult	CP@TRINITY_DN13250_c0_g1::CP@TRINITY_DN13250_c0_g1_i48::g.35924::m.35924	57.527	186	78	1	5	190	5	189	1.98e-76	227
Psuemult	CP@TRINITY_DN13250_c0_g1::CP@TRINITY_DN13250_c0_g1_i31::g.35911::m.35911	57.527	186	78	1	5	190	5	189	1.98e-76	227
Psuemult	CP@TRINITY_DN784_c3_g3::CP@TRINITY_DN784_c3_g3_i1::g.22096::m.22096	57.754	187	71	2	9	190	17	200	1.39e-74	223
Tripeleu	CP@TRINITY_DN13250_c0_g1::CP@TRINITY_DN13250_c0_g1_i48::g.35924::m.35924	57.812	192	77	2	1	191	1	189	3.53e-77	229
Tripeleu	CP@TRINITY_DN13250_c0_g1::CP@TRINITY_DN13250_c0_g1_i31::g.35911::m.35911	57.812	192	77	2	1	191	1	189	3.53e-77	229
Tripeleu	CP@TRINITY_DN784_c3_g3::CP@TRINITY_DN784_c3_g3_i1::g.22096::m.22096	57.692	182	76	1	11	191	19	200	2.51e-72	217
Pseuelas	CP@TRINITY_DN13250_c0_g1::CP@TRINITY_DN13250_c0_g1_i48::g.35924::m.35924	58.421	190	78	1	1	190	1	189	5.25e-80	236
Pseuelas	CP@TRINITY_DN13250_c0_g1::CP@TRINITY_DN13250_c0_g1_i31::g.35911::m.35911	58.421	190	78	1	1	190	1	189	5.25e-80	236
Pseuelas	CP@TRINITY_DN784_c3_g3::CP@TRINITY_DN784_c3_g3_i1::g.22096::m.22096	54.945	182	80	2	11	190	19	200	2.59e-70	212
Pedi2098	CP@TRINITY_DN13250_c0_g1::CP@TRINITY_DN13250_c0_g1_i48::g.35924::m.35924	58.947	190	77	1	33	222	1	189	1.99e-79	236
Pedi2098	CP@TRINITY_DN13250_c0_g1::CP@TRINITY_DN13250_c0_g1_i31::g.35911::m.35911	58.947	190	77	1	33	222	1	189	1.99e-79	236
Pedi2098	CP@TRINITY_DN784_c3_g3::CP@TRINITY_DN784_c3_g3_i1::g.22096::m.22096	55.495	182	79	2	43	222	19	200	1.63e-69	211
Rhiz1243	CP@TRINITY_DN13250_c0_g1::CP@TRINITY_DN13250_c0_g1_i48::g.35924::m.35924	54.737	190	85	1	24	213	1	189	2.33e-73	220
Rhiz1243	CP@TRINITY_DN13250_c0_g1::CP@TRINITY_DN13250_c0_g1_i31::g.35911::m.35911	54.737	190	85	1	24	213	1	189	2.33e-73	220
Rhiz1243	CP@TRINITY_DN784_c3_g3::CP@TRINITY_DN784_c3_g3_i1::g.22096::m.22096	48.585	212	94	3	4	213	2	200	8.46e-68	206
Flor1587	CP@TRINITY_DN784_c3_g3::CP@TRINITY_DN784_c3_g3_i1::g.22096::m.22096	43.443	244	82	4	109	350	11	200	3.05e-61	195
Flor1587	CP@TRINITY_DN13250_c0_g1::CP@TRINITY_DN13250_c0_g1_i48::g.35924::m.35924	42.291	227	79	2	124	350	15	189	3.56e-57	184
Flor1587	CP@TRINITY_DN13250_c0_g1::CP@TRINITY_DN13250_c0_g1_i31::g.35911::m.35911	42.291	227	79	2	124	350	15	189	3.56e-57	184
Octaspec	CP@TRINITY_DN13250_c0_g1::CP@TRINITY_DN13250_c0_g1_i48::g.35924::m.35924	55.789	190	83	1	21	210	1	189	4.25e-75	224
Octaspec	CP@TRINITY_DN13250_c0_g1::CP@TRINITY_DN13250_c0_g1_i31::g.35911::m.35911	55.789	190	83	1	21	210	1	189	4.25e-75	224
Octaspec	CP@TRINITY_DN784_c3_g3::CP@TRINITY_DN784_c3_g3_i1::g.22096::m.22096	59.890	182	71	2	31	210	19	200	1.76e-73	221
Fibrjapo	CP@TRINITY_DN13250_c0_g1::CP@TRINITY_DN13250_c0_g1_i48::g.35924::m.35924	57.292	192	79	1	1	192	1	189	1.00e-77	230
Fibrjapo	CP@TRINITY_DN13250_c0_g1::CP@TRINITY_DN13250_c0_g1_i31::g.35911::m.35911	57.292	192	79	1	1	192	1	189	1.00e-77	230
Fibrjapo	CP@TRINITY_DN784_c3_g3::CP@TRINITY_DN784_c3_g3_i1::g.22096::m.22096	60.109	183	71	2	11	192	19	200	7.27e-77	229
Heteakas	CP@TRINITY_DN13250_c0_g1::CP@TRINITY_DN13250_c0_g1_i48::g.35924::m.35924	56.250	192	81	1	22	213	1	189	5.52e-76	227
Heteakas	CP@TRINITY_DN13250_c0_g1::CP@TRINITY_DN13250_c0_g1_i31::g.35911::m.35911	56.250	192	81	1	22	213	1	189	5.52e-76	227
Heteakas	CP@TRINITY_DN784_c3_g3::CP@TRINITY_DN784_c3_g3_i1::g.22096::m.22096	57.143	182	78	0	32	213	19	200	1.78e-75	226
Fucucera	CP@TRINITY_DN13250_c0_g1::CP@TRINITY_DN13250_c0_g1_i48::g.35924::m.35924	58.639	191	77	1	57	247	1	189	2.80e-79	236
Fucucera	CP@TRINITY_DN13250_c0_g1::CP@TRINITY_DN13250_c0_g1_i31::g.35911::m.35911	58.639	191	77	1	57	247	1	189	2.80e-79	236
Fucucera	CP@TRINITY_DN784_c3_g3::CP@TRINITY_DN784_c3_g3_i1::g.22096::m.22096	58.791	182	74	1	67	247	19	200	2.42e-75	227
Agarclat	CP@TRINITY_DN13250_c0_g1::CP@TRINITY_DN13250_c0_g1_i48::g.35924::m.35924	58.854	192	77	1	1	192	1	190	2.24e-80	237
Agarclat	CP@TRINITY_DN13250_c0_g1::CP@TRINITY_DN13250_c0_g1_i31::g.35911::m.35911	58.854	192	77	1	1	192	1	190	2.24e-80	237
Agarclat	CP@TRINITY_DN784_c3_g3::CP@TRINITY_DN784_c3_g3_i1::g.22096::m.22096	59.341	182	73	1	11	191	19	200	1.11e-76	228
Tribgaya	CP@TRINITY_DN13250_c0_g1::CP@TRINITY_DN13250_c0_g1_i48::g.35924::m.35924	59.162	191	77	1	1	191	1	190	5.58e-80	236
Tribgaya	CP@TRINITY_DN13250_c0_g1::CP@TRINITY_DN13250_c0_g1_i31::g.35911::m.35911	59.162	191	77	1	1	191	1	190	5.58e-80	236
Tribgaya	CP@TRINITY_DN784_c3_g3::CP@TRINITY_DN784_c3_g3_i1::g.22096::m.22096	58.470	183	72	3	11	190	19	200	1.78e-73	220
Syncpusi	CP@TRINITY_DN784_c3_g3::CP@TRINITY_DN784_c3_g3_i1::g.22096::m.22096	59.783	184	71	3	31	213	19	200	4.44e-74	223
Syncpusi	CP@TRINITY_DN13250_c0_g1::CP@TRINITY_DN13250_c0_g1_i48::g.35924::m.35924	54.639	194	84	3	21	214	1	190	7.17e-69	209
Syncpusi	CP@TRINITY_DN13250_c0_g1::CP@TRINITY_DN13250_c0_g1_i31::g.35911::m.35911	54.639	194	84	3	21	214	1	190	7.17e-69	209
Pedoelon	CP@TRINITY_DN784_c3_g3::CP@TRINITY_DN784_c3_g3_i1::g.22096::m.22096	58.378	185	75	2	9	192	17	200	6.34e-73	219
Pedoelon	CP@TRINITY_DN13250_c0_g1::CP@TRINITY_DN13250_c0_g1_i48::g.35924::m.35924	56.186	194	78	3	1	192	1	189	1.05e-71	215
Pedoelon	CP@TRINITY_DN13250_c0_g1::CP@TRINITY_DN13250_c0_g1_i31::g.35911::m.35911	56.186	194	78	3	1	192	1	189	1.05e-71	215
Ochr2298	CP@TRINITY_DN784_c3_g3::CP@TRINITY_DN784_c3_g3_i1::g.22096::m.22096	57.838	185	76	2	48	231	17	200	7.88e-73	220
Ochr2298	CP@TRINITY_DN13250_c0_g1::CP@TRINITY_DN13250_c0_g1_i48::g.35924::m.35924	56.410	195	78	3	40	232	1	190	4.43e-72	218
Ochr2298	CP@TRINITY_DN13250_c0_g1::CP@TRINITY_DN13250_c0_g1_i31::g.35911::m.35911	56.410	195	78	3	40	232	1	190	4.43e-72	218
Dino2267	CP@TRINITY_DN784_c3_g3::CP@TRINITY_DN784_c3_g3_i1::g.22096::m.22096	59.459	185	73	2	27	210	17	200	1.94e-74	223
Dino2267	CP@TRINITY_DN13250_c0_g1::CP@TRINITY_DN13250_c0_g1_i48::g.35924::m.35924	56.701	194	77	3	19	210	1	189	9.29e-73	218
Dino2267	CP@TRINITY_DN13250_c0_g1::CP@TRINITY_DN13250_c0_g1_i31::g.35911::m.35911	56.701	194	77	3	19	210	1	189	9.29e-73	218
Mallmari	CP@TRINITY_DN13250_c0_g1::CP@TRINITY_DN13250_c0_g1_i48::g.35924::m.35924	56.915	188	76	3	1	187	1	184	5.05e-72	216
Mallmari	CP@TRINITY_DN13250_c0_g1::CP@TRINITY_DN13250_c0_g1_i31::g.35911::m.35911	56.915	188	76	3	1	187	1	184	5.05e-72	216
Mallmari	CP@TRINITY_DN784_c3_g3::CP@TRINITY_DN784_c3_g3_i1::g.22096::m.22096	58.889	180	72	2	9	187	17	195	2.99e-71	214
Aurelagu	CP@TRINITY_DN13250_c0_g1::CP@TRINITY_DN13250_c0_g1_i48::g.35924::m.35924	53.846	195	84	1	1	195	1	189	3.52e-74	221
Aurelagu	CP@TRINITY_DN13250_c0_g1::CP@TRINITY_DN13250_c0_g1_i31::g.35911::m.35911	53.846	195	84	1	1	195	1	189	3.52e-74	221
Aurelagu	CP@TRINITY_DN784_c3_g3::CP@TRINITY_DN784_c3_g3_i1::g.22096::m.22096	56.684	187	78	1	9	195	17	200	2.66e-73	219
Chryfrag	CP@TRINITY_DN13250_c0_g1::CP@TRINITY_DN13250_c0_g1_i48::g.35924::m.35924	54.872	195	82	2	19	213	1	189	2.38e-73	220
Chryfrag	CP@TRINITY_DN13250_c0_g1::CP@TRINITY_DN13250_c0_g1_i31::g.35911::m.35911	54.872	195	82	2	19	213	1	189	2.38e-73	220
Chryfrag	CP@TRINITY_DN784_c3_g3::CP@TRINITY_DN784_c3_g3_i1::g.22096::m.22096	55.319	188	79	3	27	213	17	200	5.71e-70	212
Pelacalc	CP@TRINITY_DN13250_c0_g1::CP@TRINITY_DN13250_c0_g1_i48::g.35924::m.35924	55.155	194	82	2	1	194	1	189	1.29e-74	223
Pelacalc	CP@TRINITY_DN13250_c0_g1::CP@TRINITY_DN13250_c0_g1_i31::g.35911::m.35911	55.155	194	82	2	1	194	1	189	1.29e-74	223
Pelacalc	CP@TRINITY_DN784_c3_g3::CP@TRINITY_DN784_c3_g3_i1::g.22096::m.22096	57.219	187	76	2	9	194	17	200	8.70e-73	218
Aureanop	CP@TRINITY_DN13250_c0_g1::CP@TRINITY_DN13250_c0_g1_i48::g.35924::m.35924	53.846	195	85	1	1	195	1	190	2.37e-72	217
Aureanop	CP@TRINITY_DN13250_c0_g1::CP@TRINITY_DN13250_c0_g1_i31::g.35911::m.35911	53.846	195	85	1	1	195	1	190	2.37e-72	217
Aureanop	CP@TRINITY_DN784_c3_g3::CP@TRINITY_DN784_c3_g3_i1::g.22096::m.22096	56.150	187	78	2	9	194	17	200	5.57e-70	211
Pelasubv	CP@TRINITY_DN13250_c0_g1::CP@TRINITY_DN13250_c0_g1_i48::g.35924::m.35924	54.639	194	83	1	39	232	1	189	2.56e-73	221
Pelasubv	CP@TRINITY_DN13250_c0_g1::CP@TRINITY_DN13250_c0_g1_i31::g.35911::m.35911	54.639	194	83	1	39	232	1	189	2.56e-73	221
Pelasubv	CP@TRINITY_DN784_c3_g3::CP@TRINITY_DN784_c3_g3_i1::g.22096::m.22096	57.754	187	75	2	47	232	17	200	1.53e-72	219
Pela2097	CP@TRINITY_DN13250_c0_g1::CP@TRINITY_DN13250_c0_g1_i48::g.35924::m.35924	54.592	196	83	1	61	256	1	190	1.28e-72	220
Pela2097	CP@TRINITY_DN13250_c0_g1::CP@TRINITY_DN13250_c0_g1_i31::g.35911::m.35911	54.592	196	83	1	61	256	1	190	1.28e-72	220
Pela2097	CP@TRINITY_DN784_c3_g3::CP@TRINITY_DN784_c3_g3_i1::g.22096::m.22096	56.684	187	78	1	69	255	17	200	1.98e-71	218
Paheparv	CP@TRINITY_DN784_c3_g3::CP@TRINITY_DN784_c3_g3_i1::g.22096::m.22096	58.791	182	74	1	11	191	19	200	3.45e-69	223
Paheparv	CP@TRINITY_DN13250_c0_g1::CP@TRINITY_DN13250_c0_g1_i48::g.35924::m.35924	55.497	191	83	1	1	191	1	189	1.10e-66	216
Paheparv	CP@TRINITY_DN13250_c0_g1::CP@TRINITY_DN13250_c0_g1_i31::g.35911::m.35911	55.497	191	83	1	1	191	1	189	1.10e-66	216
Pingpyre	CP@TRINITY_DN784_c3_g3::CP@TRINITY_DN784_c3_g3_i1::g.22096::m.22096	59.341	182	73	1	212	392	19	200	3.06e-71	222
Pingpyre	CP@TRINITY_DN13250_c0_g1::CP@TRINITY_DN13250_c0_g1_i48::g.35924::m.35924	55.497	191	83	1	202	392	1	189	1.89e-70	219
Pingpyre	CP@TRINITY_DN13250_c0_g1::CP@TRINITY_DN13250_c0_g1_i31::g.35911::m.35911	55.497	191	83	1	202	392	1	189	1.89e-70	219
Micrgadi	CP@TRINITY_DN13250_c0_g1::CP@TRINITY_DN13250_c0_g1_i48::g.35924::m.35924	52.970	202	82	2	1	202	1	189	8.89e-75	223
Micrgadi	CP@TRINITY_DN13250_c0_g1::CP@TRINITY_DN13250_c0_g1_i31::g.35911::m.35911	52.970	202	82	2	1	202	1	189	8.89e-75	223
Micrgadi	CP@TRINITY_DN784_c3_g3::CP@TRINITY_DN784_c3_g3_i1::g.22096::m.22096	56.614	189	79	3	16	202	13	200	1.58e-72	218
Auralima	CP@TRINITY_DN13250_c0_g1::CP@TRINITY_DN13250_c0_g1_i48::g.35924::m.35924	58.115	191	78	1	1	191	1	189	1.10e-79	235
Auralima	CP@TRINITY_DN13250_c0_g1::CP@TRINITY_DN13250_c0_g1_i31::g.35911::m.35911	58.115	191	78	1	1	191	1	189	1.10e-79	235
Auralima	CP@TRINITY_DN784_c3_g3::CP@TRINITY_DN784_c3_g3_i1::g.22096::m.22096	59.239	184	74	1	11	193	19	202	1.35e-75	225
ThraLLF1	CP@TRINITY_DN13250_c0_g1::CP@TRINITY_DN13250_c0_g1_i48::g.35924::m.35924	60.209	191	74	1	1	191	1	189	3.19e-81	239
ThraLLF1	CP@TRINITY_DN13250_c0_g1::CP@TRINITY_DN13250_c0_g1_i31::g.35911::m.35911	60.209	191	74	1	1	191	1	189	3.19e-81	239
ThraLLF1	CP@TRINITY_DN784_c3_g3::CP@TRINITY_DN784_c3_g3_i1::g.22096::m.22096	60.000	185	73	1	9	192	17	201	1.23e-76	228
Schiaggr	CP@TRINITY_DN13250_c0_g1::CP@TRINITY_DN13250_c0_g1_i48::g.35924::m.35924	61.497	187	70	1	5	191	5	189	2.75e-83	244
Schiaggr	CP@TRINITY_DN13250_c0_g1::CP@TRINITY_DN13250_c0_g1_i31::g.35911::m.35911	61.497	187	70	1	5	191	5	189	2.75e-83	244
Schiaggr	CP@TRINITY_DN784_c3_g3::CP@TRINITY_DN784_c3_g3_i1::g.22096::m.22096	61.828	186	70	1	9	193	17	202	1.76e-80	238
Aplakerg	CP@TRINITY_DN784_c3_g3::CP@TRINITY_DN784_c3_g3_i1::g.22096::m.22096	62.366	186	68	2	9	192	17	202	1.31e-81	241
Aplakerg	CP@TRINITY_DN13250_c0_g1::CP@TRINITY_DN13250_c0_g1_i48::g.35924::m.35924	60.215	186	73	1	5	190	5	189	2.80e-81	239
Aplakerg	CP@TRINITY_DN13250_c0_g1::CP@TRINITY_DN13250_c0_g1_i31::g.35911::m.35911	60.215	186	73	1	5	190	5	189	2.80e-81	239
Wobbluna	CP@TRINITY_DN13250_c0_g1::CP@TRINITY_DN13250_c0_g1_i48::g.35924::m.35924	61.053	190	73	1	71	260	2	190	3.08e-80	239
Wobbluna	CP@TRINITY_DN13250_c0_g1::CP@TRINITY_DN13250_c0_g1_i31::g.35911::m.35911	61.053	190	73	1	71	260	2	190	3.08e-80	239
Wobbluna	CP@TRINITY_DN784_c3_g3::CP@TRINITY_DN784_c3_g3_i1::g.22096::m.22096	56.044	182	78	2	80	259	19	200	1.00e-70	216
PlacCLAB	CP@TRINITY_DN13250_c0_g1::CP@TRINITY_DN13250_c0_g1_i48::g.35924::m.35924	58.947	190	76	1	3	192	2	189	8.55e-79	233
PlacCLAB	CP@TRINITY_DN13250_c0_g1::CP@TRINITY_DN13250_c0_g1_i31::g.35911::m.35911	58.947	190	76	1	3	192	2	189	8.55e-79	233
PlacCLAB	CP@TRINITY_DN784_c3_g3::CP@TRINITY_DN784_c3_g3_i1::g.22096::m.22096	60.440	182	71	1	12	192	19	200	6.59e-77	229
Chroveli	CP@TRINITY_DN784_c3_g3::CP@TRINITY_DN784_c3_g3_i1::g.22096::m.22096	64.324	185	64	2	9	191	17	201	5.72e-84	246
Chroveli	CP@TRINITY_DN13250_c0_g1::CP@TRINITY_DN13250_c0_g1_i48::g.35924::m.35924	59.686	191	74	2	1	190	1	189	1.54e-81	240
Chroveli	CP@TRINITY_DN13250_c0_g1::CP@TRINITY_DN13250_c0_g1_i31::g.35911::m.35911	59.686	191	74	2	1	190	1	189	1.54e-81	240
Toxogond	CP@TRINITY_DN784_c3_g3::CP@TRINITY_DN784_c3_g3_i1::g.22096::m.22096	66.486	185	57	3	11	192	19	201	2.90e-85	250
Toxogond	CP@TRINITY_DN13250_c0_g1::CP@TRINITY_DN13250_c0_g1_i48::g.35924::m.35924	57.592	191	79	1	1	191	1	189	7.20e-82	241
Toxogond	CP@TRINITY_DN13250_c0_g1::CP@TRINITY_DN13250_c0_g1_i31::g.35911::m.35911	57.592	191	79	1	1	191	1	189	7.20e-82	241
Crypparv	CP@TRINITY_DN13250_c0_g1::CP@TRINITY_DN13250_c0_g1_i48::g.35924::m.35924	61.458	192	71	2	19	210	1	189	1.50e-81	241
Crypparv	CP@TRINITY_DN13250_c0_g1::CP@TRINITY_DN13250_c0_g1_i31::g.35911::m.35911	61.458	192	71	2	19	210	1	189	1.50e-81	241
Crypparv	CP@TRINITY_DN784_c3_g3::CP@TRINITY_DN784_c3_g3_i1::g.22096::m.22096	62.637	182	68	0	29	210	19	200	2.42e-79	236
Platviva	CP@TRINITY_DN784_c3_g3::CP@TRINITY_DN784_c3_g3_i1::g.22096::m.22096	62.703	185	66	2	17	199	17	200	2.34e-81	240
Platviva	CP@TRINITY_DN13250_c0_g1::CP@TRINITY_DN13250_c0_g1_i48::g.35924::m.35924	57.592	191	79	1	9	199	1	189	6.09e-81	239
Platviva	CP@TRINITY_DN13250_c0_g1::CP@TRINITY_DN13250_c0_g1_i31::g.35911::m.35911	57.592	191	79	1	9	199	1	189	6.09e-81	239
Pirisoci	CP@TRINITY_DN13250_c0_g1::CP@TRINITY_DN13250_c0_g1_i48::g.35924::m.35924	59.686	191	75	1	1	191	1	189	3.42e-83	244
Pirisoci	CP@TRINITY_DN13250_c0_g1::CP@TRINITY_DN13250_c0_g1_i31::g.35911::m.35911	59.686	191	75	1	1	191	1	189	3.42e-83	244
Pirisoci	CP@TRINITY_DN784_c3_g3::CP@TRINITY_DN784_c3_g3_i1::g.22096::m.22096	63.441	186	67	1	9	193	17	202	1.64e-81	240
Karebrev	CP@TRINITY_DN13250_c0_g1::CP@TRINITY_DN13250_c0_g1_i48::g.35924::m.35924	61.458	192	71	2	1	192	1	189	1.98e-81	240
Karebrev	CP@TRINITY_DN13250_c0_g1::CP@TRINITY_DN13250_c0_g1_i31::g.35911::m.35911	61.458	192	71	2	1	192	1	189	1.98e-81	240
Karebrev	CP@TRINITY_DN784_c3_g3::CP@TRINITY_DN784_c3_g3_i1::g.22096::m.22096	61.749	183	70	0	11	193	19	201	1.99e-81	240
Perkmari	CP@TRINITY_DN784_c3_g3::CP@TRINITY_DN784_c3_g3_i1::g.22096::m.22096	61.780	191	67	2	9	199	17	201	6.29e-81	239
Perkmari	CP@TRINITY_DN13250_c0_g1::CP@TRINITY_DN13250_c0_g1_i48::g.35924::m.35924	58.586	198	73	1	1	198	1	189	1.58e-79	235
Perkmari	CP@TRINITY_DN13250_c0_g1::CP@TRINITY_DN13250_c0_g1_i31::g.35911::m.35911	58.586	198	73	1	1	198	1	189	1.58e-79	235
Bigenata	CP@TRINITY_DN13250_c0_g1::CP@TRINITY_DN13250_c0_g1_i48::g.35924::m.35924	48.677	189	94	3	3	189	2	189	2.89e-64	196
Bigenata	CP@TRINITY_DN13250_c0_g1::CP@TRINITY_DN13250_c0_g1_i31::g.35911::m.35911	48.677	189	94	3	3	189	2	189	2.89e-64	196
Bigenata	CP@TRINITY_DN784_c3_g3::CP@TRINITY_DN784_c3_g3_i1::g.22096::m.22096	51.064	188	88	3	8	191	15	202	3.59e-61	189
Lenilimo	CP@TRINITY_DN784_c3_g3::CP@TRINITY_DN784_c3_g3_i1::g.22096::m.22096	52.113	142	65	1	2	140	60	201	4.27e-52	164
Lenilimo	CP@TRINITY_DN13250_c0_g1::CP@TRINITY_DN13250_c0_g1_i48::g.35924::m.35924	46.429	140	71	3	2	139	52	189	4.01e-44	143
Lenilimo	CP@TRINITY_DN13250_c0_g1::CP@TRINITY_DN13250_c0_g1_i31::g.35911::m.35911	46.429	140	71	3	2	139	52	189	4.01e-44	143
Coprprot	CP@TRINITY_DN13250_c0_g1::CP@TRINITY_DN13250_c0_g1_i48::g.35924::m.35924	55.959	193	78	2	10	199	1	189	2.84e-74	222
Coprprot	CP@TRINITY_DN13250_c0_g1::CP@TRINITY_DN13250_c0_g1_i31::g.35911::m.35911	55.959	193	78	2	10	199	1	189	2.84e-74	222
Coprprot	CP@TRINITY_DN784_c3_g3::CP@TRINITY_DN784_c3_g3_i1::g.22096::m.22096	58.152	184	75	2	18	199	17	200	6.49e-71	214
Amoeprot	CP@TRINITY_DN13250_c0_g1::CP@TRINITY_DN13250_c0_g1_i48::g.35924::m.35924	56.995	193	77	2	15	205	1	189	2.00e-75	225
Amoeprot	CP@TRINITY_DN13250_c0_g1::CP@TRINITY_DN13250_c0_g1_i31::g.35911::m.35911	56.995	193	77	2	15	205	1	189	2.00e-75	225
Amoeprot	CP@TRINITY_DN784_c3_g3::CP@TRINITY_DN784_c3_g3_i1::g.22096::m.22096	57.609	184	77	1	23	205	17	200	4.15e-71	214
Arcevulg	CP@TRINITY_DN13250_c0_g1::CP@TRINITY_DN13250_c0_g1_i48::g.35924::m.35924	51.309	191	91	1	7	197	1	189	1.78e-72	217
Arcevulg	CP@TRINITY_DN13250_c0_g1::CP@TRINITY_DN13250_c0_g1_i31::g.35911::m.35911	51.309	191	91	1	7	197	1	189	1.78e-72	217
Arcevulg	CP@TRINITY_DN784_c3_g3::CP@TRINITY_DN784_c3_g3_i1::g.22096::m.22096	54.595	185	77	2	17	197	19	200	3.19e-69	209
NolaAFSM	CP@TRINITY_DN13250_c0_g1::CP@TRINITY_DN13250_c0_g1_i48::g.35924::m.35924	54.974	191	84	1	23	213	1	189	8.48e-75	224
NolaAFSM	CP@TRINITY_DN13250_c0_g1::CP@TRINITY_DN13250_c0_g1_i31::g.35911::m.35911	54.974	191	84	1	23	213	1	189	8.48e-75	224
NolaAFSM	CP@TRINITY_DN784_c3_g3::CP@TRINITY_DN784_c3_g3_i1::g.22096::m.22096	57.143	182	77	1	33	213	19	200	4.42e-74	223
Echiexud	CP@TRINITY_DN13250_c0_g1::CP@TRINITY_DN13250_c0_g1_i48::g.35924::m.35924	59.788	189	75	1	1	188	1	189	3.68e-84	246
Echiexud	CP@TRINITY_DN13250_c0_g1::CP@TRINITY_DN13250_c0_g1_i31::g.35911::m.35911	59.788	189	75	1	1	188	1	189	3.68e-84	246
Echiexud	CP@TRINITY_DN784_c3_g3::CP@TRINITY_DN784_c3_g3_i1::g.22096::m.22096	61.538	182	66	2	11	188	19	200	7.32e-78	231
MicrA134	CP@TRINITY_DN13250_c0_g1::CP@TRINITY_DN13250_c0_g1_i48::g.35924::m.35924	58.730	189	77	1	1	188	1	189	5.88e-81	238
MicrA134	CP@TRINITY_DN13250_c0_g1::CP@TRINITY_DN13250_c0_g1_i31::g.35911::m.35911	58.730	189	77	1	1	188	1	189	5.88e-81	238
MicrA134	CP@TRINITY_DN784_c3_g3::CP@TRINITY_DN784_c3_g3_i1::g.22096::m.22096	57.838	185	68	2	11	188	19	200	6.01e-73	218
Vermverm	CP@TRINITY_DN13250_c0_g1::CP@TRINITY_DN13250_c0_g1_i48::g.35924::m.35924	59.162	191	76	1	1	191	1	189	2.11e-80	237
Vermverm	CP@TRINITY_DN13250_c0_g1::CP@TRINITY_DN13250_c0_g1_i31::g.35911::m.35911	59.162	191	76	1	1	191	1	189	2.11e-80	237
Vermverm	CP@TRINITY_DN784_c3_g3::CP@TRINITY_DN784_c3_g3_i1::g.22096::m.22096	55.978	184	80	1	9	191	17	200	1.33e-74	223
Ancysigm	CP@TRINITY_DN784_c3_g3::CP@TRINITY_DN784_c3_g3_i1::g.22096::m.22096	57.143	182	77	1	47	227	19	200	1.14e-72	219
Ancysigm	CP@TRINITY_DN13250_c0_g1::CP@TRINITY_DN13250_c0_g1_i48::g.35924::m.35924	56.545	191	81	2	37	227	1	189	1.05e-71	216
Ancysigm	CP@TRINITY_DN13250_c0_g1::CP@TRINITY_DN13250_c0_g1_i31::g.35911::m.35911	56.545	191	81	2	37	227	1	189	1.05e-71	216
Nutohowe	CP@TRINITY_DN784_c3_g3::CP@TRINITY_DN784_c3_g3_i1::g.22096::m.22096	60.526	114	43	1	9	120	65	178	9.82e-41	134
Nutolong	CP@TRINITY_DN784_c3_g3::CP@TRINITY_DN784_c3_g3_i1::g.22096::m.22096	65.957	188	60	1	44	231	19	202	1.53e-82	244
Nutolong	CP@TRINITY_DN13250_c0_g1::CP@TRINITY_DN13250_c0_g1_i48::g.35924::m.35924	58.163	196	75	3	34	229	1	189	1.35e-76	229
Nutolong	CP@TRINITY_DN13250_c0_g1::CP@TRINITY_DN13250_c0_g1_i31::g.35911::m.35911	58.163	196	75	3	34	229	1	189	1.35e-76	229
Fabotrop	CP@TRINITY_DN784_c3_g3::CP@TRINITY_DN784_c3_g3_i1::g.22096::m.22096	64.674	184	63	1	11	192	19	202	2.66e-83	245
Fabotrop	CP@TRINITY_DN13250_c0_g1::CP@TRINITY_DN13250_c0_g1_i48::g.35924::m.35924	56.842	190	81	1	1	190	1	189	3.83e-76	226
Fabotrop	CP@TRINITY_DN13250_c0_g1::CP@TRINITY_DN13250_c0_g1_i31::g.35911::m.35911	56.842	190	81	1	1	190	1	189	3.83e-76	226
Trimmari	CP@TRINITY_DN784_c3_g3::CP@TRINITY_DN784_c3_g3_i1::g.22096::m.22096	57.143	182	74	2	28	206	22	202	6.26e-68	206
Trimmari	CP@TRINITY_DN13250_c0_g1::CP@TRINITY_DN13250_c0_g1_i48::g.35924::m.35924	52.105	190	90	1	15	204	1	189	4.71e-64	196
Trimmari	CP@TRINITY_DN13250_c0_g1::CP@TRINITY_DN13250_c0_g1_i31::g.35911::m.35911	52.105	190	90	1	15	204	1	189	4.71e-64	196
Giarlamb	CP@TRINITY_DN784_c3_g3::CP@TRINITY_DN784_c3_g3_i1::g.22096::m.22096	50.543	184	90	1	9	191	17	200	3.36e-60	186
Giarlamb	CP@TRINITY_DN13250_c0_g1::CP@TRINITY_DN13250_c0_g1_i48::g.35924::m.35924	46.774	186	97	2	6	191	6	189	2.94e-55	173
Giarlamb	CP@TRINITY_DN13250_c0_g1::CP@TRINITY_DN13250_c0_g1_i31::g.35911::m.35911	46.774	186	97	2	6	191	6	189	2.94e-55	173
Ergocypr	CP@TRINITY_DN13250_c0_g1::CP@TRINITY_DN13250_c0_g1_i48::g.35924::m.35924	50.526	190	89	3	38	226	5	190	5.84e-60	187
Ergocypr	CP@TRINITY_DN13250_c0_g1::CP@TRINITY_DN13250_c0_g1_i31::g.35911::m.35911	50.526	190	89	3	38	226	5	190	5.84e-60	187
Ergocypr	CP@TRINITY_DN784_c3_g3::CP@TRINITY_DN784_c3_g3_i1::g.22096::m.22096	50.000	182	91	0	44	225	19	200	8.65e-59	184
Adunpalu	CP@TRINITY_DN13250_c0_g1::CP@TRINITY_DN13250_c0_g1_i48::g.35924::m.35924	44.681	188	101	2	5	192	6	190	7.68e-55	172
Adunpalu	CP@TRINITY_DN13250_c0_g1::CP@TRINITY_DN13250_c0_g1_i31::g.35911::m.35911	44.681	188	101	2	5	192	6	190	7.68e-55	172
Adunpalu	CP@TRINITY_DN784_c3_g3::CP@TRINITY_DN784_c3_g3_i1::g.22096::m.22096	46.703	182	97	0	10	191	19	200	2.67e-53	169
Pygsbifo	CP@TRINITY_DN13250_c0_g1::CP@TRINITY_DN13250_c0_g1_i48::g.35924::m.35924	57.812	192	78	3	1	191	1	190	1.80e-75	224
Pygsbifo	CP@TRINITY_DN13250_c0_g1::CP@TRINITY_DN13250_c0_g1_i31::g.35911::m.35911	57.812	192	78	3	1	191	1	190	1.80e-75	224
Pygsbifo	CP@TRINITY_DN784_c3_g3::CP@TRINITY_DN784_c3_g3_i1::g.22096::m.22096	59.890	182	71	1	11	190	19	200	1.62e-74	223
Brevanat	CP@TRINITY_DN784_c3_g3::CP@TRINITY_DN784_c3_g3_i1::g.22096::m.22096	60.000	165	66	0	1	165	36	200	2.29e-69	209
Brevanat	CP@TRINITY_DN13250_c0_g1::CP@TRINITY_DN13250_c0_g1_i48::g.35924::m.35924	55.152	165	71	3	1	165	28	189	4.14e-61	187
Brevanat	CP@TRINITY_DN13250_c0_g1::CP@TRINITY_DN13250_c0_g1_i31::g.35911::m.35911	55.152	165	71	3	1	165	28	189	4.14e-61	187
Rigiramo	CP@TRINITY_DN784_c3_g3::CP@TRINITY_DN784_c3_g3_i1::g.22096::m.22096	61.957	184	68	1	26	207	19	202	1.77e-80	238
Rigiramo	CP@TRINITY_DN13250_c0_g1::CP@TRINITY_DN13250_c0_g1_i48::g.35924::m.35924	57.672	189	79	1	17	205	2	189	9.40e-78	231
Rigiramo	CP@TRINITY_DN13250_c0_g1::CP@TRINITY_DN13250_c0_g1_i31::g.35911::m.35911	57.672	189	79	1	17	205	2	189	9.40e-78	231
Diphrota	CP@TRINITY_DN784_c3_g3::CP@TRINITY_DN784_c3_g3_i1::g.22096::m.22096	60.215	186	73	1	9	193	17	202	9.46e-78	231
Diphrota	CP@TRINITY_DN13250_c0_g1::CP@TRINITY_DN13250_c0_g1_i48::g.35924::m.35924	55.497	191	83	2	1	191	1	189	3.45e-76	226
Diphrota	CP@TRINITY_DN13250_c0_g1::CP@TRINITY_DN13250_c0_g1_i31::g.35911::m.35911	55.497	191	83	2	1	191	1	189	3.45e-76	226
Hetepall	CP@TRINITY_DN13250_c0_g1::CP@TRINITY_DN13250_c0_g1_i48::g.35924::m.35924	58.286	175	66	4	21	189	16	189	7.27e-65	197
Hetepall	CP@TRINITY_DN13250_c0_g1::CP@TRINITY_DN13250_c0_g1_i31::g.35911::m.35911	58.286	175	66	4	21	189	16	189	7.27e-65	197
Hetepall	CP@TRINITY_DN784_c3_g3::CP@TRINITY_DN784_c3_g3_i1::g.22096::m.22096	55.618	178	71	5	21	190	24	201	5.35e-61	188
Phalsoli	CP@TRINITY_DN784_c3_g3::CP@TRINITY_DN784_c3_g3_i1::g.22096::m.22096	60.440	182	70	1	50	229	19	200	4.34e-78	233
Phalsoli	CP@TRINITY_DN13250_c0_g1::CP@TRINITY_DN13250_c0_g1_i48::g.35924::m.35924	56.842	190	81	1	40	229	1	189	2.13e-77	231
Phalsoli	CP@TRINITY_DN13250_c0_g1::CP@TRINITY_DN13250_c0_g1_i31::g.35911::m.35911	56.842	190	81	1	40	229	1	189	2.13e-77	231
Soliirre	CP@TRINITY_DN13250_c0_g1::CP@TRINITY_DN13250_c0_g1_i48::g.35924::m.35924	59.686	191	75	1	1	191	1	189	5.13e-81	239
Soliirre	CP@TRINITY_DN13250_c0_g1::CP@TRINITY_DN13250_c0_g1_i31::g.35911::m.35911	59.686	191	75	1	1	191	1	189	5.13e-81	239
Soliirre	CP@TRINITY_DN784_c3_g3::CP@TRINITY_DN784_c3_g3_i1::g.22096::m.22096	61.622	185	68	2	9	191	17	200	6.25e-78	231
Filanola	CP@TRINITY_DN784_c3_g3::CP@TRINITY_DN784_c3_g3_i1::g.22096::m.22096	61.594	138	48	3	2	136	65	200	2.39e-54	169
Filanola	CP@TRINITY_DN13250_c0_g1::CP@TRINITY_DN13250_c0_g1_i48::g.35924::m.35924	56.296	135	57	1	2	136	57	189	8.92e-51	160
Filanola	CP@TRINITY_DN13250_c0_g1::CP@TRINITY_DN13250_c0_g1_i31::g.35911::m.35911	56.296	135	57	1	2	136	57	189	8.92e-51	160
Cavoapop	CP@TRINITY_DN13250_c0_g1::CP@TRINITY_DN13250_c0_g1_i48::g.35924::m.35924	61.053	190	73	1	1	190	1	189	1.18e-84	248
Cavoapop	CP@TRINITY_DN13250_c0_g1::CP@TRINITY_DN13250_c0_g1_i31::g.35911::m.35911	61.053	190	73	1	1	190	1	189	1.18e-84	248
Cavoapop	CP@TRINITY_DN784_c3_g3::CP@TRINITY_DN784_c3_g3_i1::g.22096::m.22096	62.088	182	67	1	11	190	19	200	6.82e-81	239
Schivulg	CP@TRINITY_DN13250_c0_g1::CP@TRINITY_DN13250_c0_g1_i48::g.35924::m.35924	60.526	190	74	1	1	190	1	189	2.86e-84	247
Schivulg	CP@TRINITY_DN13250_c0_g1::CP@TRINITY_DN13250_c0_g1_i31::g.35911::m.35911	60.526	190	74	1	1	190	1	189	2.86e-84	247
Schivulg	CP@TRINITY_DN784_c3_g3::CP@TRINITY_DN784_c3_g3_i1::g.22096::m.22096	62.637	182	66	1	11	190	19	200	3.86e-81	239
Paralevi	CP@TRINITY_DN784_c3_g3::CP@TRINITY_DN784_c3_g3_i1::g.22096::m.22096	63.128	179	65	1	38	215	22	200	4.34e-81	240
Paralevi	CP@TRINITY_DN13250_c0_g1::CP@TRINITY_DN13250_c0_g1_i48::g.35924::m.35924	59.896	192	75	1	25	216	1	190	2.86e-80	238
Paralevi	CP@TRINITY_DN13250_c0_g1::CP@TRINITY_DN13250_c0_g1_i31::g.35911::m.35911	59.896	192	75	1	25	216	1	190	2.86e-80	238
ThecSK13	CP@TRINITY_DN784_c3_g3::CP@TRINITY_DN784_c3_g3_i1::g.22096::m.22096	65.027	183	60	3	18	197	19	200	5.03e-82	242
ThecSK13	CP@TRINITY_DN13250_c0_g1::CP@TRINITY_DN13250_c0_g1_i48::g.35924::m.35924	59.474	190	76	1	8	197	1	189	1.73e-80	238
ThecSK13	CP@TRINITY_DN13250_c0_g1::CP@TRINITY_DN13250_c0_g1_i31::g.35911::m.35911	59.474	190	76	1	8	197	1	189	1.73e-80	238
Sapppeda	CP@TRINITY_DN13250_c0_g1::CP@TRINITY_DN13250_c0_g1_i48::g.35924::m.35924	54.497	189	86	0	23	211	1	189	8.23e-75	224
Sapppeda	CP@TRINITY_DN13250_c0_g1::CP@TRINITY_DN13250_c0_g1_i31::g.35911::m.35911	54.497	189	86	0	23	211	1	189	8.23e-75	224
Sapppeda	CP@TRINITY_DN784_c3_g3::CP@TRINITY_DN784_c3_g3_i1::g.22096::m.22096	58.791	182	72	2	33	211	19	200	9.15e-71	214
Stensten	CP@TRINITY_DN784_c3_g3::CP@TRINITY_DN784_c3_g3_i1::g.22096::m.22096	63.587	184	63	2	9	188	17	200	2.17e-79	235
Stensten	CP@TRINITY_DN13250_c0_g1::CP@TRINITY_DN13250_c0_g1_i48::g.35924::m.35924	57.368	190	80	1	1	189	1	190	2.03e-77	229
Stensten	CP@TRINITY_DN13250_c0_g1::CP@TRINITY_DN13250_c0_g1_i31::g.35911::m.35911	57.368	190	80	1	1	189	1	190	2.03e-77	229
Veximinu	CP@TRINITY_DN13250_c0_g1::CP@TRINITY_DN13250_c0_g1_i48::g.35924::m.35924	63.158	190	70	0	1	190	1	190	1.17e-88	258
Veximinu	CP@TRINITY_DN13250_c0_g1::CP@TRINITY_DN13250_c0_g1_i31::g.35911::m.35911	63.158	190	70	0	1	190	1	190	1.17e-88	258
Veximinu	CP@TRINITY_DN784_c3_g3::CP@TRINITY_DN784_c3_g3_i1::g.22096::m.22096	61.538	182	67	2	11	189	19	200	1.52e-77	230
Echibisp	CP@TRINITY_DN784_c3_g3::CP@TRINITY_DN784_c3_g3_i1::g.22096::m.22096	62.759	145	53	1	17	160	19	163	5.04e-64	195
Echibisp	CP@TRINITY_DN13250_c0_g1::CP@TRINITY_DN13250_c0_g1_i48::g.35924::m.35924	57.516	153	65	0	8	160	2	154	8.07e-64	194
Echibisp	CP@TRINITY_DN13250_c0_g1::CP@TRINITY_DN13250_c0_g1_i31::g.35911::m.35911	57.516	153	65	0	8	160	2	154	8.07e-64	194
Rhizelon	CP@TRINITY_DN13250_c0_g1::CP@TRINITY_DN13250_c0_g1_i48::g.35924::m.35924	64.021	189	68	0	26	214	1	189	7.76e-90	262
Rhizelon	CP@TRINITY_DN13250_c0_g1::CP@TRINITY_DN13250_c0_g1_i31::g.35911::m.35911	64.021	189	68	0	26	214	1	189	7.76e-90	262
Rhizelon	CP@TRINITY_DN784_c3_g3::CP@TRINITY_DN784_c3_g3_i1::g.22096::m.22096	64.674	184	62	2	34	214	17	200	4.48e-80	238
Masteilh	CP@TRINITY_DN13250_c0_g1::CP@TRINITY_DN13250_c0_g1_i48::g.35924::m.35924	63.492	189	69	0	1	189	1	189	6.29e-87	253
Masteilh	CP@TRINITY_DN13250_c0_g1::CP@TRINITY_DN13250_c0_g1_i31::g.35911::m.35911	63.492	189	69	0	1	189	1	189	6.29e-87	253
Masteilh	CP@TRINITY_DN784_c3_g3::CP@TRINITY_DN784_c3_g3_i1::g.22096::m.22096	60.109	183	70	2	11	190	19	201	1.97e-73	220
Sapochin	CP@TRINITY_DN13250_c0_g1::CP@TRINITY_DN13250_c0_g1_i48::g.35924::m.35924	60.847	189	74	0	1	189	1	189	1.44e-81	240
Sapochin	CP@TRINITY_DN13250_c0_g1::CP@TRINITY_DN13250_c0_g1_i31::g.35911::m.35911	60.847	189	74	0	1	189	1	189	1.44e-81	240
Sapochin	CP@TRINITY_DN784_c3_g3::CP@TRINITY_DN784_c3_g3_i1::g.22096::m.22096	60.109	183	68	3	11	189	19	200	2.96e-71	214
Squajapo	CP@TRINITY_DN13250_c0_g1::CP@TRINITY_DN13250_c0_g1_i48::g.35924::m.35924	61.376	189	73	0	24	212	1	189	6.32e-87	254
Squajapo	CP@TRINITY_DN13250_c0_g1::CP@TRINITY_DN13250_c0_g1_i31::g.35911::m.35911	61.376	189	73	0	24	212	1	189	6.32e-87	254
Squajapo	CP@TRINITY_DN784_c3_g3::CP@TRINITY_DN784_c3_g3_i1::g.22096::m.22096	62.500	184	66	2	34	214	19	202	9.39e-76	227
Armalang	CP@TRINITY_DN13250_c0_g1::CP@TRINITY_DN13250_c0_g1_i48::g.35924::m.35924	63.158	133	49	0	2	134	57	189	7.05e-61	185
Armalang	CP@TRINITY_DN13250_c0_g1::CP@TRINITY_DN13250_c0_g1_i31::g.35911::m.35911	63.158	133	49	0	2	134	57	189	7.05e-61	185
Armalang	CP@TRINITY_DN784_c3_g3::CP@TRINITY_DN784_c3_g3_i1::g.22096::m.22096	59.854	137	50	3	2	134	65	200	5.90e-52	163
Mancberm	CP@TRINITY_DN784_c3_g3::CP@TRINITY_DN784_c3_g3_i1::g.22096::m.22096	59.783	184	72	1	12	193	19	202	4.38e-74	221
Mancberm	CP@TRINITY_DN13250_c0_g1::CP@TRINITY_DN13250_c0_g1_i48::g.35924::m.35924	51.852	189	90	1	3	191	2	189	1.22e-72	218
Mancberm	CP@TRINITY_DN13250_c0_g1::CP@TRINITY_DN13250_c0_g1_i31::g.35911::m.35911	51.852	189	90	1	3	191	2	189	1.22e-72	218
Thecoxon	CP@TRINITY_DN13250_c0_g1::CP@TRINITY_DN13250_c0_g1_i48::g.35924::m.35924	62.385	109	41	0	20	128	1	109	6.79e-47	149
Thecoxon	CP@TRINITY_DN13250_c0_g1::CP@TRINITY_DN13250_c0_g1_i31::g.35911::m.35911	62.385	109	41	0	20	128	1	109	6.79e-47	149
Thecoxon	CP@TRINITY_DN784_c3_g3::CP@TRINITY_DN784_c3_g3_i1::g.22096::m.22096	65.657	99	34	0	30	128	19	117	6.02e-44	142
Amphquee	CP@TRINITY_DN784_c3_g3::CP@TRINITY_DN784_c3_g3_i1::g.22096::m.22096	67.532	154	50	0	1	154	47	200	6.83e-76	224
Amphquee	CP@TRINITY_DN13250_c0_g1::CP@TRINITY_DN13250_c0_g1_i48::g.35924::m.35924	52.597	154	70	2	1	154	39	189	3.42e-55	172
Amphquee	CP@TRINITY_DN13250_c0_g1::CP@TRINITY_DN13250_c0_g1_i31::g.35911::m.35911	52.597	154	70	2	1	154	39	189	3.42e-55	172
Gallgall	CP@TRINITY_DN784_c3_g3::CP@TRINITY_DN784_c3_g3_i1::g.22096::m.22096	74.317	183	47	0	16	198	19	201	6.06e-103	295
Gallgall	CP@TRINITY_DN13250_c0_g1::CP@TRINITY_DN13250_c0_g1_i48::g.35924::m.35924	58.974	195	73	3	3	197	2	189	1.92e-80	238
Gallgall	CP@TRINITY_DN13250_c0_g1::CP@TRINITY_DN13250_c0_g1_i31::g.35911::m.35911	58.974	195	73	3	3	197	2	189	1.92e-80	238
Branflor	CP@TRINITY_DN784_c3_g3::CP@TRINITY_DN784_c3_g3_i1::g.22096::m.22096	78.571	182	39	0	2	183	19	200	4.12e-106	302
Branflor	CP@TRINITY_DN13250_c0_g1::CP@TRINITY_DN13250_c0_g1_i48::g.35924::m.35924	60.989	182	68	2	2	183	11	189	3.35e-79	234
Branflor	CP@TRINITY_DN13250_c0_g1::CP@TRINITY_DN13250_c0_g1_i31::g.35911::m.35911	60.989	182	68	2	2	183	11	189	3.35e-79	234
Aplycali	CP@TRINITY_DN784_c3_g3::CP@TRINITY_DN784_c3_g3_i1::g.22096::m.22096	79.781	183	37	0	11	193	19	201	2.35e-108	308
Aplycali	CP@TRINITY_DN13250_c0_g1::CP@TRINITY_DN13250_c0_g1_i48::g.35924::m.35924	57.812	192	78	2	1	192	1	189	4.64e-78	231
Aplycali	CP@TRINITY_DN13250_c0_g1::CP@TRINITY_DN13250_c0_g1_i31::g.35911::m.35911	57.812	192	78	2	1	192	1	189	4.64e-78	231
Taensoli	CP@TRINITY_DN784_c3_g3::CP@TRINITY_DN784_c3_g3_i1::g.22096::m.22096	64.674	184	64	1	16	199	19	201	3.84e-87	255
Taensoli	CP@TRINITY_DN13250_c0_g1::CP@TRINITY_DN13250_c0_g1_i48::g.35924::m.35924	54.167	192	84	2	7	198	2	189	5.19e-72	216
Taensoli	CP@TRINITY_DN13250_c0_g1::CP@TRINITY_DN13250_c0_g1_i31::g.35911::m.35911	54.167	192	84	2	7	198	2	189	5.19e-72	216
Schimans	CP@TRINITY_DN784_c3_g3::CP@TRINITY_DN784_c3_g3_i1::g.22096::m.22096	72.251	191	52	1	9	199	12	201	3.18e-101	291
Schimans	CP@TRINITY_DN13250_c0_g1::CP@TRINITY_DN13250_c0_g1_i48::g.35924::m.35924	56.061	198	75	3	1	198	4	189	4.31e-75	224
Schimans	CP@TRINITY_DN13250_c0_g1::CP@TRINITY_DN13250_c0_g1_i31::g.35911::m.35911	56.061	198	75	3	1	198	4	189	4.31e-75	224
Tricadha	CP@TRINITY_DN784_c3_g3::CP@TRINITY_DN784_c3_g3_i1::g.22096::m.22096	78.378	185	40	0	9	193	17	201	1.39e-111	317
Tricadha	CP@TRINITY_DN13250_c0_g1::CP@TRINITY_DN13250_c0_g1_i48::g.35924::m.35924	58.333	192	77	2	1	192	1	189	1.53e-80	238
Tricadha	CP@TRINITY_DN13250_c0_g1::CP@TRINITY_DN13250_c0_g1_i31::g.35911::m.35911	58.333	192	77	2	1	192	1	189	1.53e-80	238
Apismell	CP@TRINITY_DN784_c3_g3::CP@TRINITY_DN784_c3_g3_i1::g.22096::m.22096	82.514	183	32	0	11	193	19	201	1.02e-113	322
Apismell	CP@TRINITY_DN13250_c0_g1::CP@TRINITY_DN13250_c0_g1_i48::g.35924::m.35924	65.104	192	64	2	1	192	1	189	8.21e-86	251
Apismell	CP@TRINITY_DN13250_c0_g1::CP@TRINITY_DN13250_c0_g1_i31::g.35911::m.35911	65.104	192	64	2	1	192	1	189	8.21e-86	251
Drosmela	CP@TRINITY_DN784_c3_g3::CP@TRINITY_DN784_c3_g3_i1::g.22096::m.22096	84.153	183	29	0	11	193	19	201	1.98e-114	324
Drosmela	CP@TRINITY_DN13250_c0_g1::CP@TRINITY_DN13250_c0_g1_i48::g.35924::m.35924	62.500	192	69	2	1	192	1	189	5.39e-82	241
Drosmela	CP@TRINITY_DN13250_c0_g1::CP@TRINITY_DN13250_c0_g1_i31::g.35911::m.35911	62.500	192	69	2	1	192	1	189	5.39e-82	241
Mnemleid	CP@TRINITY_DN784_c3_g3::CP@TRINITY_DN784_c3_g3_i1::g.22096::m.22096	68.132	182	58	0	12	193	19	200	4.26e-93	270
Mnemleid	CP@TRINITY_DN13250_c0_g1::CP@TRINITY_DN13250_c0_g1_i48::g.35924::m.35924	55.319	188	81	2	6	193	5	189	2.35e-74	222
Mnemleid	CP@TRINITY_DN13250_c0_g1::CP@TRINITY_DN13250_c0_g1_i31::g.35911::m.35911	55.319	188	81	2	6	193	5	189	2.35e-74	222
Caeneleg	CP@TRINITY_DN784_c3_g3::CP@TRINITY_DN784_c3_g3_i1::g.22096::m.22096	70.330	182	54	0	12	193	19	200	3.87e-94	272
Caeneleg	CP@TRINITY_DN13250_c0_g1::CP@TRINITY_DN13250_c0_g1_i48::g.35924::m.35924	56.545	191	80	2	3	193	2	189	1.60e-77	230
Caeneleg	CP@TRINITY_DN13250_c0_g1::CP@TRINITY_DN13250_c0_g1_i31::g.35911::m.35911	56.545	191	80	2	3	193	2	189	1.60e-77	230
Salprose	CP@TRINITY_DN784_c3_g3::CP@TRINITY_DN784_c3_g3_i1::g.22096::m.22096	68.681	182	57	0	11	192	19	200	2.56e-90	263
Salprose	CP@TRINITY_DN13250_c0_g1::CP@TRINITY_DN13250_c0_g1_i48::g.35924::m.35924	58.854	192	76	2	1	192	1	189	1.48e-81	240
Salprose	CP@TRINITY_DN13250_c0_g1::CP@TRINITY_DN13250_c0_g1_i31::g.35911::m.35911	58.854	192	76	2	1	192	1	189	1.48e-81	240
Amoepara	CP@TRINITY_DN784_c3_g3::CP@TRINITY_DN784_c3_g3_i1::g.22096::m.22096	63.587	184	66	1	11	193	19	202	2.92e-83	245
Amoepara	CP@TRINITY_DN13250_c0_g1::CP@TRINITY_DN13250_c0_g1_i48::g.35924::m.35924	59.686	191	75	2	1	191	1	189	9.69e-81	238
Amoepara	CP@TRINITY_DN13250_c0_g1::CP@TRINITY_DN13250_c0_g1_i31::g.35911::m.35911	59.686	191	75	2	1	191	1	189	9.69e-81	238
Sphaarct	CP@TRINITY_DN784_c3_g3::CP@TRINITY_DN784_c3_g3_i1::g.22096::m.22096	63.281	128	45	1	2	127	65	192	2.37e-55	171
Sphaarct	CP@TRINITY_DN13250_c0_g1::CP@TRINITY_DN13250_c0_g1_i48::g.35924::m.35924	61.111	126	48	1	2	127	57	181	1.09e-50	159
Sphaarct	CP@TRINITY_DN13250_c0_g1::CP@TRINITY_DN13250_c0_g1_i31::g.35911::m.35911	61.111	126	48	1	2	127	57	181	1.09e-50	159
Minivibr	CP@TRINITY_DN784_c3_g3::CP@TRINITY_DN784_c3_g3_i1::g.22096::m.22096	67.391	184	60	0	11	194	19	202	1.53e-89	261
Minivibr	CP@TRINITY_DN13250_c0_g1::CP@TRINITY_DN13250_c0_g1_i48::g.35924::m.35924	60.938	192	72	2	1	192	1	189	1.14e-83	245
Minivibr	CP@TRINITY_DN13250_c0_g1::CP@TRINITY_DN13250_c0_g1_i31::g.35911::m.35911	60.938	192	72	2	1	192	1	189	1.14e-83	245
Mayocant	CP@TRINITY_DN13250_c0_g1::CP@TRINITY_DN13250_c0_g1_i48::g.35924::m.35924	56.771	192	80	1	24	215	1	189	1.15e-79	236
Mayocant	CP@TRINITY_DN13250_c0_g1::CP@TRINITY_DN13250_c0_g1_i31::g.35911::m.35911	56.771	192	80	1	24	215	1	189	1.15e-79	236
Mayocant	CP@TRINITY_DN784_c3_g3::CP@TRINITY_DN784_c3_g3_i1::g.22096::m.22096	61.202	183	69	2	34	215	19	200	4.34e-76	228
Ovaldese	CP@TRINITY_DN13250_c0_g1::CP@TRINITY_DN13250_c0_g1_i48::g.35924::m.35924	55.026	189	85	0	14	202	1	189	7.20e-77	229
Ovaldese	CP@TRINITY_DN13250_c0_g1::CP@TRINITY_DN13250_c0_g1_i31::g.35911::m.35911	55.026	189	85	0	14	202	1	189	7.20e-77	229
Ovaldese	CP@TRINITY_DN784_c3_g3::CP@TRINITY_DN784_c3_g3_i1::g.22096::m.22096	55.978	184	76	3	23	202	18	200	4.45e-69	209
Bodosalt	CP@TRINITY_DN13250_c0_g1::CP@TRINITY_DN13250_c0_g1_i48::g.35924::m.35924	53.723	188	84	2	5	192	5	189	2.75e-70	212
Bodosalt	CP@TRINITY_DN13250_c0_g1::CP@TRINITY_DN13250_c0_g1_i31::g.35911::m.35911	53.723	188	84	2	5	192	5	189	2.75e-70	212
Bodosalt	CP@TRINITY_DN784_c3_g3::CP@TRINITY_DN784_c3_g3_i1::g.22096::m.22096	56.593	182	79	0	11	192	19	200	2.11e-68	207
Eutrgymn	CP@TRINITY_DN784_c3_g3::CP@TRINITY_DN784_c3_g3_i1::g.22096::m.22096	61.538	182	69	1	11	191	19	200	2.20e-78	233
Eutrgymn	CP@TRINITY_DN13250_c0_g1::CP@TRINITY_DN13250_c0_g1_i48::g.35924::m.35924	56.150	187	80	2	5	191	5	189	9.94e-73	218
Eutrgymn	CP@TRINITY_DN13250_c0_g1::CP@TRINITY_DN13250_c0_g1_i31::g.35911::m.35911	56.150	187	80	2	5	191	5	189	9.94e-73	218
Euglgrac	CP@TRINITY_DN784_c3_g3::CP@TRINITY_DN784_c3_g3_i1::g.22096::m.22096	60.989	182	70	1	13	193	19	200	1.87e-76	228
Euglgrac	CP@TRINITY_DN13250_c0_g1::CP@TRINITY_DN13250_c0_g1_i48::g.35924::m.35924	55.376	186	81	2	8	193	6	189	1.95e-71	214
Euglgrac	CP@TRINITY_DN13250_c0_g1::CP@TRINITY_DN13250_c0_g1_i31::g.35911::m.35911	55.376	186	81	2	8	193	6	189	1.95e-71	214
Eugllong	CP@TRINITY_DN784_c3_g3::CP@TRINITY_DN784_c3_g3_i1::g.22096::m.22096	60.656	183	69	2	39	219	19	200	2.26e-75	226
Eugllong	CP@TRINITY_DN13250_c0_g1::CP@TRINITY_DN13250_c0_g1_i48::g.35924::m.35924	56.452	186	79	2	34	219	6	189	3.29e-73	220
Eugllong	CP@TRINITY_DN13250_c0_g1::CP@TRINITY_DN13250_c0_g1_i31::g.35911::m.35911	56.452	186	79	2	34	219	6	189	3.29e-73	220
Mantplas	CP@TRINITY_DN784_c3_g3::CP@TRINITY_DN784_c3_g3_i1::g.22096::m.22096	52.174	184	84	3	18	199	19	200	1.25e-63	195
Mantplas	CP@TRINITY_DN13250_c0_g1::CP@TRINITY_DN13250_c0_g1_i48::g.35924::m.35924	47.668	193	96	3	8	199	1	189	1.85e-61	189
Mantplas	CP@TRINITY_DN13250_c0_g1::CP@TRINITY_DN13250_c0_g1_i31::g.35911::m.35911	47.668	193	96	3	8	199	1	189	1.85e-61	189
Pharkirb	CP@TRINITY_DN13250_c0_g1::CP@TRINITY_DN13250_c0_g1_i48::g.35924::m.35924	58.730	189	77	1	19	206	1	189	9.10e-79	234
Pharkirb	CP@TRINITY_DN13250_c0_g1::CP@TRINITY_DN13250_c0_g1_i31::g.35911::m.35911	58.730	189	77	1	19	206	1	189	9.10e-79	234
Pharkirb	CP@TRINITY_DN784_c3_g3::CP@TRINITY_DN784_c3_g3_i1::g.22096::m.22096	57.527	186	75	2	27	208	17	202	7.98e-73	219
Jakolibe	CP@TRINITY_DN13250_c0_g1::CP@TRINITY_DN13250_c0_g1_i48::g.35924::m.35924	53.723	188	83	4	50	235	1	186	3.03e-65	201
Jakolibe	CP@TRINITY_DN13250_c0_g1::CP@TRINITY_DN13250_c0_g1_i31::g.35911::m.35911	53.723	188	83	4	50	235	1	186	3.03e-65	201
Jakolibe	CP@TRINITY_DN784_c3_g3::CP@TRINITY_DN784_c3_g3_i1::g.22096::m.22096	57.542	179	73	2	60	235	19	197	3.32e-63	196
Reclamer	CP@TRINITY_DN13250_c0_g1::CP@TRINITY_DN13250_c0_g1_i48::g.35924::m.35924	50.785	191	92	2	1	190	1	190	7.04e-65	197
Reclamer	CP@TRINITY_DN13250_c0_g1::CP@TRINITY_DN13250_c0_g1_i31::g.35911::m.35911	50.785	191	92	2	1	190	1	190	7.04e-65	197
Reclamer	CP@TRINITY_DN784_c3_g3::CP@TRINITY_DN784_c3_g3_i1::g.22096::m.22096	55.495	182	78	3	11	189	19	200	8.95e-65	198
Tsukglob	CP@TRINITY_DN784_c3_g3::CP@TRINITY_DN784_c3_g3_i1::g.22096::m.22096	62.821	156	55	2	7	160	48	202	7.91e-65	197
Tsukglob	CP@TRINITY_DN13250_c0_g1::CP@TRINITY_DN13250_c0_g1_i48::g.35924::m.35924	54.605	152	67	2	7	158	40	189	4.15e-56	174
Tsukglob	CP@TRINITY_DN13250_c0_g1::CP@TRINITY_DN13250_c0_g1_i31::g.35911::m.35911	54.605	152	67	2	7	158	40	189	4.15e-56	174
Guttvulg	CP@TRINITY_DN13250_c0_g1::CP@TRINITY_DN13250_c0_g1_i48::g.35924::m.35924	52.406	187	87	2	6	192	5	189	1.50e-69	210
Guttvulg	CP@TRINITY_DN13250_c0_g1::CP@TRINITY_DN13250_c0_g1_i31::g.35911::m.35911	52.406	187	87	2	6	192	5	189	1.50e-69	210
Guttvulg	CP@TRINITY_DN784_c3_g3::CP@TRINITY_DN784_c3_g3_i1::g.22096::m.22096	51.075	186	90	1	10	194	17	202	1.81e-61	189
Dracjorm	CP@TRINITY_DN13250_c0_g1::CP@TRINITY_DN13250_c0_g1_i48::g.35924::m.35924	53.927	191	83	2	9	199	4	189	1.81e-70	212
Dracjorm	CP@TRINITY_DN13250_c0_g1::CP@TRINITY_DN13250_c0_g1_i31::g.35911::m.35911	53.927	191	83	2	9	199	4	189	1.81e-70	212
Dracjorm	CP@TRINITY_DN784_c3_g3::CP@TRINITY_DN784_c3_g3_i1::g.22096::m.22096	54.945	182	80	2	20	199	19	200	1.15e-64	198
Pellcata	CP@TRINITY_DN13250_c0_g1::CP@TRINITY_DN13250_c0_g1_i48::g.35924::m.35924	53.846	169	77	1	3	171	2	169	3.23e-56	175
Pellcata	CP@TRINITY_DN13250_c0_g1::CP@TRINITY_DN13250_c0_g1_i31::g.35911::m.35911	53.846	169	77	1	3	171	2	169	3.23e-56	175
Pellcata	CP@TRINITY_DN784_c3_g3::CP@TRINITY_DN784_c3_g3_i1::g.22096::m.22096	53.704	162	73	2	12	171	19	180	2.57e-50	160
Endozona	CP@TRINITY_DN13250_c0_g1::CP@TRINITY_DN13250_c0_g1_i48::g.35924::m.35924	50.794	189	92	1	29	217	2	189	4.24e-65	199
Endozona	CP@TRINITY_DN13250_c0_g1::CP@TRINITY_DN13250_c0_g1_i31::g.35911::m.35911	50.794	189	92	1	29	217	2	189	4.24e-65	199
Endozona	CP@TRINITY_DN784_c3_g3::CP@TRINITY_DN784_c3_g3_i1::g.22096::m.22096	53.297	182	83	2	38	217	19	200	6.63e-61	189
Gocefonb	CP@TRINITY_DN13250_c0_g1::CP@TRINITY_DN13250_c0_g1_i48::g.35924::m.35924	53.968	189	86	1	3	191	2	189	2.06e-67	204
Gocefonb	CP@TRINITY_DN13250_c0_g1::CP@TRINITY_DN13250_c0_g1_i31::g.35911::m.35911	53.968	189	86	1	3	191	2	189	2.06e-67	204
Gocefonb	CP@TRINITY_DN784_c3_g3::CP@TRINITY_DN784_c3_g3_i1::g.22096::m.22096	56.044	182	78	2	12	191	19	200	8.67e-66	201
Luaphula	CP@TRINITY_DN784_c3_g3::CP@TRINITY_DN784_c3_g3_i1::g.22096::m.22096	53.514	185	83	3	45	227	17	200	2.65e-60	188
Luaphula	CP@TRINITY_DN13250_c0_g1::CP@TRINITY_DN13250_c0_g1_i48::g.35924::m.35924	50.000	190	93	2	38	227	2	189	7.78e-59	184
Luaphula	CP@TRINITY_DN13250_c0_g1::CP@TRINITY_DN13250_c0_g1_i31::g.35911::m.35911	50.000	190	93	2	38	227	2	189	7.78e-59	184
Carpmemb	CP@TRINITY_DN784_c3_g3::CP@TRINITY_DN784_c3_g3_i1::g.22096::m.22096	55.676	185	78	3	11	192	17	200	4.38e-73	219
Carpmemb	CP@TRINITY_DN13250_c0_g1::CP@TRINITY_DN13250_c0_g1_i48::g.35924::m.35924	51.323	189	89	2	5	192	3	189	4.73e-70	211
Carpmemb	CP@TRINITY_DN13250_c0_g1::CP@TRINITY_DN13250_c0_g1_i31::g.35911::m.35911	51.323	189	89	2	5	192	3	189	4.73e-70	211
Gefiokel	CP@TRINITY_DN784_c3_g3::CP@TRINITY_DN784_c3_g3_i1::g.22096::m.22096	61.413	184	69	1	30	211	19	202	9.72e-78	231
Gefiokel	CP@TRINITY_DN13250_c0_g1::CP@TRINITY_DN13250_c0_g1_i48::g.35924::m.35924	58.947	190	77	1	20	209	1	189	2.89e-77	230
Gefiokel	CP@TRINITY_DN13250_c0_g1::CP@TRINITY_DN13250_c0_g1_i31::g.35911::m.35911	58.947	190	77	1	20	209	1	189	2.89e-77	230
Malajako	CP@TRINITY_DN784_c3_g3::CP@TRINITY_DN784_c3_g3_i1::g.22096::m.22096	63.587	184	65	1	27	208	17	200	5.35e-80	237
Malajako	CP@TRINITY_DN13250_c0_g1::CP@TRINITY_DN13250_c0_g1_i48::g.35924::m.35924	58.421	190	78	1	20	209	2	190	2.11e-77	230
Malajako	CP@TRINITY_DN13250_c0_g1::CP@TRINITY_DN13250_c0_g1_i31::g.35911::m.35911	58.421	190	78	1	20	209	2	190	2.11e-77	230
Cochminu	CP@TRINITY_DN13250_c0_g1::CP@TRINITY_DN13250_c0_g1_i48::g.35924::m.35924	61.053	190	73	1	1	190	1	189	1.05e-85	250
Cochminu	CP@TRINITY_DN13250_c0_g1::CP@TRINITY_DN13250_c0_g1_i31::g.35911::m.35911	61.053	190	73	1	1	190	1	189	1.05e-85	250
Cochminu	CP@TRINITY_DN784_c3_g3::CP@TRINITY_DN784_c3_g3_i1::g.22096::m.22096	59.218	179	71	2	14	190	22	200	4.65e-74	221
Fontalba	CP@TRINITY_DN13250_c0_g1::CP@TRINITY_DN13250_c0_g1_i48::g.35924::m.35924	62.632	190	66	2	1	188	3	189	1.44e-85	250
Fontalba	CP@TRINITY_DN13250_c0_g1::CP@TRINITY_DN13250_c0_g1_i31::g.35911::m.35911	62.632	190	66	2	1	188	3	189	1.44e-85	250
Fontalba	CP@TRINITY_DN784_c3_g3::CP@TRINITY_DN784_c3_g3_i1::g.22096::m.22096	63.736	182	64	2	9	188	19	200	3.12e-80	237
Rhizdele	CP@TRINITY_DN13250_c0_g1::CP@TRINITY_DN13250_c0_g1_i48::g.35924::m.35924	76.190	189	45	0	1	189	1	189	4.86e-107	304
Rhizdele	CP@TRINITY_DN13250_c0_g1::CP@TRINITY_DN13250_c0_g1_i31::g.35911::m.35911	76.190	189	45	0	1	189	1	189	4.86e-107	304
Rhizdele	CP@TRINITY_DN784_c3_g3::CP@TRINITY_DN784_c3_g3_i1::g.22096::m.22096	66.484	182	58	2	11	189	19	200	1.27e-83	246
Schizpom	CP@TRINITY_DN13250_c0_g1::CP@TRINITY_DN13250_c0_g1_i48::g.35924::m.35924	71.053	190	54	1	1	190	1	189	1.08e-102	293
Schizpom	CP@TRINITY_DN13250_c0_g1::CP@TRINITY_DN13250_c0_g1_i31::g.35911::m.35911	71.053	190	54	1	1	190	1	189	1.08e-102	293
Schizpom	CP@TRINITY_DN784_c3_g3::CP@TRINITY_DN784_c3_g3_i1::g.22096::m.22096	65.761	184	61	2	9	190	17	200	6.00e-84	246
Debahans	CP@TRINITY_DN13250_c0_g1::CP@TRINITY_DN13250_c0_g1_i48::g.35924::m.35924	70.157	191	54	2	1	190	1	189	2.23e-93	270
Debahans	CP@TRINITY_DN13250_c0_g1::CP@TRINITY_DN13250_c0_g1_i31::g.35911::m.35911	70.157	191	54	2	1	190	1	189	2.23e-93	270
Debahans	CP@TRINITY_DN784_c3_g3::CP@TRINITY_DN784_c3_g3_i1::g.22096::m.22096	65.934	182	60	2	11	190	19	200	3.99e-81	239
Neurcras	CP@TRINITY_DN13250_c0_g1::CP@TRINITY_DN13250_c0_g1_i48::g.35924::m.35924	74.074	189	49	0	1	189	1	189	4.80e-105	299
Neurcras	CP@TRINITY_DN13250_c0_g1::CP@TRINITY_DN13250_c0_g1_i31::g.35911::m.35911	74.074	189	49	0	1	189	1	189	4.80e-105	299
Neurcras	CP@TRINITY_DN784_c3_g3::CP@TRINITY_DN784_c3_g3_i1::g.22096::m.22096	65.574	183	58	3	11	189	19	200	5.75e-81	239
Aspefumi	CP@TRINITY_DN13250_c0_g1::CP@TRINITY_DN13250_c0_g1_i48::g.35924::m.35924	72.487	189	52	0	1	189	1	189	8.40e-104	296
Aspefumi	CP@TRINITY_DN13250_c0_g1::CP@TRINITY_DN13250_c0_g1_i31::g.35911::m.35911	72.487	189	52	0	1	189	1	189	8.40e-104	296
Aspefumi	CP@TRINITY_DN784_c3_g3::CP@TRINITY_DN784_c3_g3_i1::g.22096::m.22096	67.582	182	56	2	11	189	19	200	1.08e-81	241
Ustimayd	CP@TRINITY_DN13250_c0_g1::CP@TRINITY_DN13250_c0_g1_i48::g.35924::m.35924	76.190	189	45	0	1	189	1	189	1.35e-109	311
Ustimayd	CP@TRINITY_DN13250_c0_g1::CP@TRINITY_DN13250_c0_g1_i31::g.35911::m.35911	76.190	189	45	0	1	189	1	189	1.35e-109	311
Ustimayd	CP@TRINITY_DN784_c3_g3::CP@TRINITY_DN784_c3_g3_i1::g.22096::m.22096	68.132	182	55	2	11	189	19	200	1.11e-87	256
Coprcine	CP@TRINITY_DN13250_c0_g1::CP@TRINITY_DN13250_c0_g1_i48::g.35924::m.35924	76.630	184	43	0	10	193	6	189	4.99e-105	300
Coprcine	CP@TRINITY_DN13250_c0_g1::CP@TRINITY_DN13250_c0_g1_i31::g.35911::m.35911	76.630	184	43	0	10	193	6	189	4.99e-105	300
Coprcine	CP@TRINITY_DN784_c3_g3::CP@TRINITY_DN784_c3_g3_i1::g.22096::m.22096	65.385	182	60	2	15	193	19	200	1.65e-83	245
Spizpunc	CP@TRINITY_DN13250_c0_g1::CP@TRINITY_DN13250_c0_g1_i48::g.35924::m.35924	71.429	189	54	0	1	189	1	189	8.64e-104	296
Spizpunc	CP@TRINITY_DN13250_c0_g1::CP@TRINITY_DN13250_c0_g1_i31::g.35911::m.35911	71.429	189	54	0	1	189	1	189	8.64e-104	296
Spizpunc	CP@TRINITY_DN784_c3_g3::CP@TRINITY_DN784_c3_g3_i1::g.22096::m.22096	63.483	178	62	2	15	189	23	200	7.57e-80	236
Blasbrit	CP@TRINITY_DN13250_c0_g1::CP@TRINITY_DN13250_c0_g1_i48::g.35924::m.35924	70.157	191	56	1	1	191	1	190	1.97e-100	288
Blasbrit	CP@TRINITY_DN13250_c0_g1::CP@TRINITY_DN13250_c0_g1_i31::g.35911::m.35911	70.157	191	56	1	1	191	1	190	1.97e-100	288
Blasbrit	CP@TRINITY_DN784_c3_g3::CP@TRINITY_DN784_c3_g3_i1::g.22096::m.22096	67.033	182	58	2	11	190	19	200	3.79e-85	249
Allomacr	CP@TRINITY_DN13250_c0_g1::CP@TRINITY_DN13250_c0_g1_i48::g.35924::m.35924	66.842	190	62	1	1	190	1	189	1.48e-93	270
Allomacr	CP@TRINITY_DN13250_c0_g1::CP@TRINITY_DN13250_c0_g1_i31::g.35911::m.35911	66.842	190	62	1	1	190	1	189	1.48e-93	270
Allomacr	CP@TRINITY_DN784_c3_g3::CP@TRINITY_DN784_c3_g3_i1::g.22096::m.22096	63.736	182	64	2	11	190	19	200	1.57e-78	233
Acancast	CP@TRINITY_DN13250_c0_g1::CP@TRINITY_DN13250_c0_g1_i48::g.35924::m.35924	56.452	186	79	2	7	192	6	189	2.39e-69	209
Acancast	CP@TRINITY_DN13250_c0_g1::CP@TRINITY_DN13250_c0_g1_i31::g.35911::m.35911	56.452	186	79	2	7	192	6	189	2.39e-69	209
Acancast	CP@TRINITY_DN784_c3_g3::CP@TRINITY_DN784_c3_g3_i1::g.22096::m.22096	53.804	184	84	1	10	192	17	200	1.54e-68	207
Paratetr	CP@TRINITY_DN784_c3_g3::CP@TRINITY_DN784_c3_g3_i1::g.22096::m.22096	59.239	184	72	2	11	192	19	201	5.63e-78	231
Paratetr	CP@TRINITY_DN13250_c0_g1::CP@TRINITY_DN13250_c0_g1_i48::g.35924::m.35924	51.562	192	89	2	1	191	1	189	9.02e-70	210
Paratetr	CP@TRINITY_DN13250_c0_g1::CP@TRINITY_DN13250_c0_g1_i31::g.35911::m.35911	51.562	192	89	2	1	191	1	189	9.02e-70	210
Alexminu	CP@TRINITY_DN784_c3_g3::CP@TRINITY_DN784_c3_g3_i1::g.22096::m.22096	57.377	183	77	1	51	233	19	200	2.40e-70	214
Alexminu	CP@TRINITY_DN13250_c0_g1::CP@TRINITY_DN13250_c0_g1_i48::g.35924::m.35924	52.356	191	87	1	43	233	3	189	3.80e-66	202
Alexminu	CP@TRINITY_DN13250_c0_g1::CP@TRINITY_DN13250_c0_g1_i31::g.35911::m.35911	52.356	191	87	1	43	233	3	189	3.80e-66	202
