Platmacr	CP@TRINITY_DN1709_c2_g1::CP@TRINITY_DN1709_c2_g1_i2::g.45274::m.45274	33.777	376	229	6	169	530	493	862	9.38e-64	224
Ichtmult	CP@TRINITY_DN1709_c2_g1::CP@TRINITY_DN1709_c2_g1_i2::g.45274::m.45274	28.434	415	239	11	242	632	486	866	2.21e-47	181
Tetrther	CP@TRINITY_DN1709_c2_g1::CP@TRINITY_DN1709_c2_g1_i2::g.45274::m.45274	30.252	357	232	6	535	879	543	894	1.29e-48	187
Paratetr	CP@TRINITY_DN1709_c2_g1::CP@TRINITY_DN1709_c2_g1_i2::g.45274::m.45274	28.893	578	359	19	270	813	363	922	1.12e-52	198
Gregniph	CP@TRINITY_DN1709_c2_g1::CP@TRINITY_DN1709_c2_g1_i2::g.45274::m.45274	31.499	527	324	15	94	594	364	879	2.85e-54	199
Rozeallo	CP@TRINITY_DN1709_c2_g1::CP@TRINITY_DN1709_c2_g1_i2::g.45274::m.45274	27.443	481	291	7	242	664	388	868	3.44e-56	206
Stencoer	CP@TRINITY_DN1709_c2_g1::CP@TRINITY_DN1709_c2_g1_i2::g.45274::m.45274	27.184	515	333	10	290	771	363	868	3.03e-44	172
Stroincl	CP@TRINITY_DN1709_c2_g1::CP@TRINITY_DN1709_c2_g1_i2::g.45274::m.45274	32.713	376	244	5	1	375	512	879	4.22e-59	207
Styllemn	CP@TRINITY_DN1709_c2_g1::CP@TRINITY_DN1709_c2_g1_i2::g.45274::m.45274	27.491	582	391	9	377	950	362	920	2.91e-68	246
Styginca	CP@TRINITY_DN1709_c2_g1::CP@TRINITY_DN1709_c2_g1_i2::g.45274::m.45274	29.643	560	360	11	228	771	367	908	4.59e-67	240
Thectrah	CP@TRINITY_DN1709_c2_g1::CP@TRINITY_DN1709_c2_g1_i2::g.45274::m.45274	31.114	691	394	19	197	841	265	919	1.09e-82	286
Eimebrun	CP@TRINITY_DN1709_c2_g1::CP@TRINITY_DN1709_c2_g1_i2::g.45274::m.45274	39.141	419	236	6	270	679	486	894	4.31e-84	285
Plasfalc	CP@TRINITY_DN1709_c2_g1::CP@TRINITY_DN1709_c2_g1_i2::g.45274::m.45274	30.298	571	350	8	350	911	364	895	6.11e-75	266
HemaVICK	CP@TRINITY_DN1709_c2_g1::CP@TRINITY_DN1709_c2_g1_i2::g.45274::m.45274	29.091	550	352	10	364	893	364	895	2.59e-64	235
Symbmicr	CP@TRINITY_DN1709_c2_g1::CP@TRINITY_DN1709_c2_g1_i2::g.45274::m.45274	31.837	490	275	13	367	817	387	856	2.23e-63	233
Noctscin	CP@TRINITY_DN1709_c2_g1::CP@TRINITY_DN1709_c2_g1_i2::g.45274::m.45274	31.514	568	362	11	366	924	366	915	1.27e-79	279
Oxyrmari	CP@TRINITY_DN1709_c2_g1::CP@TRINITY_DN1709_c2_g1_i2::g.45274::m.45274	36.047	430	261	7	54	477	490	911	2.65e-79	269
Rainerin	CP@TRINITY_DN1709_c2_g1::CP@TRINITY_DN1709_c2_g1_i2::g.45274::m.45274	39.353	587	310	12	213	782	364	921	5.00e-121	388
Raphhete	CP@TRINITY_DN1709_c2_g1::CP@TRINITY_DN1709_c2_g1_i2::g.45274::m.45274	43.675	332	185	1	487	816	577	908	7.66e-88	301
ChoanoFB	CP@TRINITY_DN1709_c2_g1::CP@TRINITY_DN1709_c2_g1_i2::g.45274::m.45274	38.127	598	308	8	288	880	366	906	2.28e-121	391
AcanthFB	CP@TRINITY_DN1709_c2_g1::CP@TRINITY_DN1709_c2_g1_i2::g.45274::m.45274	37.479	595	320	9	58	642	364	916	6.96e-117	373
Naeggrub	CP@TRINITY_DN1709_c2_g1::CP@TRINITY_DN1709_c2_g1_i2::g.45274::m.45274	31.239	589	348	10	280	857	364	906	6.90e-87	298
MAST004E	CP@TRINITY_DN1709_c2_g1::CP@TRINITY_DN1709_c2_g1_i2::g.45274::m.45274	33.800	571	334	14	277	817	363	919	3.91e-87	296
MAST04A1	CP@TRINITY_DN1709_c2_g1::CP@TRINITY_DN1709_c2_g1_i2::g.45274::m.45274	30.308	650	372	13	200	800	278	895	6.06e-78	272
MAST04A2	CP@TRINITY_DN1709_c2_g1::CP@TRINITY_DN1709_c2_g1_i2::g.45274::m.45274	31.749	589	340	10	311	893	363	895	6.95e-83	288
Phytpara	CP@TRINITY_DN1709_c2_g1::CP@TRINITY_DN1709_c2_g1_i2::g.45274::m.45274	35.930	629	323	17	298	920	363	917	1.37e-106	353
EctocSP7	CP@TRINITY_DN1709_c2_g1::CP@TRINITY_DN1709_c2_g1_i2::g.45274::m.45274	35.762	604	322	12	338	934	364	908	4.22e-106	353
Thalpseu	CP@TRINITY_DN1709_c2_g1::CP@TRINITY_DN1709_c2_g1_i2::g.45274::m.45274	37.589	564	325	14	178	732	363	908	2.54e-111	359
ChrysoH1	CP@TRINITY_DN1709_c2_g1::CP@TRINITY_DN1709_c2_g1_i2::g.45274::m.45274	32.743	565	347	11	292	843	364	908	1.89e-89	306
BicoCB20	CP@TRINITY_DN1709_c2_g1::CP@TRINITY_DN1709_c2_g1_i2::g.45274::m.45274	35.714	350	208	9	88	428	565	906	8.27e-56	201
Plasbras	CP@TRINITY_DN1709_c2_g1::CP@TRINITY_DN1709_c2_g1_i2::g.45274::m.45274	34.381	509	285	9	308	815	363	823	9.93e-83	284
Leptvora	CP@TRINITY_DN1709_c2_g1::CP@TRINITY_DN1709_c2_g1_i2::g.45274::m.45274	33.258	445	269	8	78	506	476	908	4.52e-68	236
Paulchro	CP@TRINITY_DN1709_c2_g1::CP@TRINITY_DN1709_c2_g1_i2::g.45274::m.45274	29.834	543	334	10	332	865	363	867	1.02e-64	235
Aurisoli	CP@TRINITY_DN1709_c2_g1::CP@TRINITY_DN1709_c2_g1_i2::g.45274::m.45274	41.818	275	156	2	1	274	603	874	4.97e-74	243
Euglrotu	CP@TRINITY_DN1709_c2_g1::CP@TRINITY_DN1709_c2_g1_i2::g.45274::m.45274	41.706	211	120	3	76	284	475	684	1.72e-41	152
Bigenata	CP@TRINITY_DN1709_c2_g1::CP@TRINITY_DN1709_c2_g1_i2::g.45274::m.45274	30.858	606	377	12	198	775	287	878	9.74e-72	254
Porppurp	CP@TRINITY_DN1709_c2_g1::CP@TRINITY_DN1709_c2_g1_i2::g.45274::m.45274	41.935	341	175	7	676	1010	583	906	1.42e-74	266
Galdphle	CP@TRINITY_DN1709_c2_g1::CP@TRINITY_DN1709_c2_g1_i2::g.45274::m.45274	31.280	633	343	11	302	931	365	908	7.34e-87	299
Gracchor	CP@TRINITY_DN1709_c2_g1::CP@TRINITY_DN1709_c2_g1_i2::g.45274::m.45274	34.992	603	324	14	287	879	364	908	5.90e-98	328
Protadhe	CP@TRINITY_DN1709_c2_g1::CP@TRINITY_DN1709_c2_g1_i2::g.45274::m.45274	32.914	556	353	9	103	649	364	908	1.05e-87	295
Hemirufe	CP@TRINITY_DN1709_c2_g1::CP@TRINITY_DN1709_c2_g1_i2::g.45274::m.45274	35.424	542	319	9	293	830	364	878	2.30e-102	339
Gemicryo	CP@TRINITY_DN1709_c2_g1::CP@TRINITY_DN1709_c2_g1_i2::g.45274::m.45274	27.042	906	532	18	55	875	56	917	6.63e-89	303
Guilthet	CP@TRINITY_DN1709_c2_g1::CP@TRINITY_DN1709_c2_g1_i2::g.45274::m.45274	33.696	552	320	9	305	848	364	877	6.07e-94	317
Calclept	CP@TRINITY_DN1709_c2_g1::CP@TRINITY_DN1709_c2_g1_i2::g.45274::m.45274	40.549	328	191	3	1	326	583	908	1.52e-84	276
Protfung	CP@TRINITY_DN1709_c2_g1::CP@TRINITY_DN1709_c2_g1_i2::g.45274::m.45274	36.934	574	319	7	272	831	364	908	2.51e-117	380
SpirCILI	CP@TRINITY_DN1709_c2_g1::CP@TRINITY_DN1709_c2_g1_i2::g.45274::m.45274	36.163	589	326	11	305	879	364	916	3.82e-109	358
Hemikukw	CP@TRINITY_DN1709_c2_g1::CP@TRINITY_DN1709_c2_g1_i2::g.45274::m.45274	36.462	554	318	9	261	802	365	896	1.05e-105	348
Dictdisc	CP@TRINITY_DN1709_c2_g1::CP@TRINITY_DN1709_c2_g1_i2::g.45274::m.45274	32.194	556	345	10	321	845	364	918	1.70e-86	297
Physpoly	CP@TRINITY_DN1709_c2_g1::CP@TRINITY_DN1709_c2_g1_i2::g.45274::m.45274	40.198	505	241	7	290	779	364	822	4.26e-112	363
Parapyri	CP@TRINITY_DN1709_c2_g1::CP@TRINITY_DN1709_c2_g1_i2::g.45274::m.45274	35.791	556	318	8	353	882	364	906	5.02e-108	357
Goniavon	CP@TRINITY_DN1709_c2_g1::CP@TRINITY_DN1709_c2_g1_i2::g.45274::m.45274	37.591	548	329	6	306	840	364	911	1.69e-118	383
Mesoviri	CP@TRINITY_DN1709_c2_g1::CP@TRINITY_DN1709_c2_g1_i2::g.45274::m.45274	48.846	260	130	2	542	800	582	839	5.78e-78	271
Charbrau	CP@TRINITY_DN1709_c2_g1::CP@TRINITY_DN1709_c2_g1_i2::g.45274::m.45274	39.597	596	300	8	237	826	364	905	1.35e-124	402
Arabthal	CP@TRINITY_DN1709_c2_g1::CP@TRINITY_DN1709_c2_g1_i2::g.45274::m.45274	36.194	536	308	9	231	757	394	904	5.27e-102	336
Prassing	CP@TRINITY_DN1709_c2_g1::CP@TRINITY_DN1709_c2_g1_i2::g.45274::m.45274	36.409	607	325	9	71	673	366	915	1.33e-124	393
Chlarein	CP@TRINITY_DN1709_c2_g1::CP@TRINITY_DN1709_c2_g1_i2::g.45274::m.45274	35.690	580	319	7	246	813	364	901	3.55e-108	356
Dunasali	CP@TRINITY_DN1709_c2_g1::CP@TRINITY_DN1709_c2_g1_i2::g.45274::m.45274	40.650	369	194	4	1	366	582	928	8.11e-83	274
Tetrasti	CP@TRINITY_DN1709_c2_g1::CP@TRINITY_DN1709_c2_g1_i2::g.45274::m.45274	37.374	594	312	9	284	867	362	905	5.12e-119	387
Pyrapark	CP@TRINITY_DN1709_c2_g1::CP@TRINITY_DN1709_c2_g1_i2::g.45274::m.45274	42.724	323	179	2	565	881	597	919	3.19e-82	285
Nephpyri	CP@TRINITY_DN1709_c2_g1::CP@TRINITY_DN1709_c2_g1_i2::g.45274::m.45274	37.500	592	316	6	239	823	364	908	3.44e-121	389
Prascaps	CP@TRINITY_DN1709_c2_g1::CP@TRINITY_DN1709_c2_g1_i2::g.45274::m.45274	34.566	622	329	10	229	836	364	921	2.02e-106	351
Chlovari	CP@TRINITY_DN1709_c2_g1::CP@TRINITY_DN1709_c2_g1_i2::g.45274::m.45274	32.353	646	352	12	250	893	366	928	1.67e-95	322
Telosubt	CP@TRINITY_DN1709_c2_g1::CP@TRINITY_DN1709_c2_g1_i2::g.45274::m.45274	43.827	324	178	2	25	346	587	908	3.39e-88	287
TeloneP1	CP@TRINITY_DN1709_c2_g1::CP@TRINITY_DN1709_c2_g1_i2::g.45274::m.45274	41.256	223	127	2	28	248	688	908	3.03e-50	179
TeloneP2	CP@TRINITY_DN1709_c2_g1::CP@TRINITY_DN1709_c2_g1_i2::g.45274::m.45274	40.798	451	242	7	7	438	475	919	1.50e-106	339
Monobrev	CP@TRINITY_DN1709_c2_g1::CP@TRINITY_DN1709_c2_g1_i2::g.45274::m.45274	40.265	452	242	5	421	869	482	908	3.42e-95	331
Creofrag	CP@TRINITY_DN1709_c2_g1::CP@TRINITY_DN1709_c2_g1_i2::g.45274::m.45274	38.434	562	306	10	377	917	366	908	7.83e-123	397
Syssmult	CP@TRINITY_DN1709_c2_g1::CP@TRINITY_DN1709_c2_g1_i2::g.45274::m.45274	41.667	564	304	9	361	906	363	919	1.13e-138	439
Capsowcz	CP@TRINITY_DN1709_c2_g1::CP@TRINITY_DN1709_c2_g1_i2::g.45274::m.45274	40.684	526	287	9	331	845	366	877	5.54e-125	402
Nemavect	CP@TRINITY_DN1709_c2_g1::CP@TRINITY_DN1709_c2_g1_i2::g.45274::m.45274	43.219	553	286	11	274	812	366	904	6.11e-139	435
Homosapi	CP@TRINITY_DN1709_c2_g1::CP@TRINITY_DN1709_c2_g1_i2::g.45274::m.45274	40.179	560	304	8	330	874	366	909	3.83e-129	412
Sphadest	CP@TRINITY_DN1709_c2_g1::CP@TRINITY_DN1709_c2_g1_i2::g.45274::m.45274	42.726	543	294	6	298	828	369	906	4.67e-139	439
Batrdend	CP@TRINITY_DN1709_c2_g1::CP@TRINITY_DN1709_c2_g1_i2::g.45274::m.45274	44.865	555	290	9	193	742	363	906	4.24e-153	471
Parvatla	CP@TRINITY_DN1709_c2_g1::CP@TRINITY_DN1709_c2_g1_i2::g.45274::m.45274	41.166	583	305	4	227	806	362	909	1.26e-151	471
Sacccere	CP@TRINITY_DN1709_c2_g1::CP@TRINITY_DN1709_c2_g1_i2::g.45274::m.45274	33.271	538	326	12	252	780	364	877	7.17e-84	287
Karebrev	CP@TRINITY_DN1709_c2_g1::CP@TRINITY_DN1709_c2_g1_i2::g.45274::m.45274	30.571	543	344	12	372	903	395	915	1.66e-75	267
Crypparv	CP@TRINITY_DN1709_c2_g1::CP@TRINITY_DN1709_c2_g1_i2::g.45274::m.45274	29.825	627	343	14	322	933	364	908	4.41e-76	270
Toxogond	CP@TRINITY_DN1709_c2_g1::CP@TRINITY_DN1709_c2_g1_i2::g.45274::m.45274	34.328	536	328	8	326	855	377	894	4.92e-91	310
Chroveli	CP@TRINITY_DN1709_c2_g1::CP@TRINITY_DN1709_c2_g1_i2::g.45274::m.45274	30.399	602	375	10	387	970	344	919	2.36e-80	282
Pirisoci	CP@TRINITY_DN1709_c2_g1::CP@TRINITY_DN1709_c2_g1_i2::g.45274::m.45274	33.162	582	334	14	337	905	369	908	2.39e-78	275
Brevmoto	CP@TRINITY_DN1709_c2_g1::CP@TRINITY_DN1709_c2_g1_i2::g.45274::m.45274	37.987	308	182	3	348	647	568	874	3.74e-69	246
MatazaD1	CP@TRINITY_DN1709_c2_g1::CP@TRINITY_DN1709_c2_g1_i2::g.45274::m.45274	32.117	548	329	6	320	859	363	875	7.56e-82	285
Chlorept	CP@TRINITY_DN1709_c2_g1::CP@TRINITY_DN1709_c2_g1_i2::g.45274::m.45274	29.492	590	363	10	361	943	363	906	4.15e-80	281
Flecnera	CP@TRINITY_DN1709_c2_g1::CP@TRINITY_DN1709_c2_g1_i2::g.45274::m.45274	32.565	347	216	6	517	858	562	895	5.33e-49	188
Diplambu	CP@TRINITY_DN1709_c2_g1::CP@TRINITY_DN1709_c2_g1_i2::g.45274::m.45274	33.634	333	200	6	493	820	579	895	4.95e-53	200
Palpbili	CP@TRINITY_DN1709_c2_g1::CP@TRINITY_DN1709_c2_g1_i2::g.45274::m.45274	42.151	344	177	5	110	446	574	902	6.69e-81	270
Wobbluna	CP@TRINITY_DN1709_c2_g1::CP@TRINITY_DN1709_c2_g1_i2::g.45274::m.45274	35.503	338	203	4	677	1006	578	908	1.20e-56	213
PlacCLAB	CP@TRINITY_DN1709_c2_g1::CP@TRINITY_DN1709_c2_g1_i2::g.45274::m.45274	45.210	334	175	5	39	367	578	908	2.65e-83	288
Deveeleg	CP@TRINITY_DN1709_c2_g1::CP@TRINITY_DN1709_c2_g1_i2::g.45274::m.45274	34.426	488	264	7	272	753	482	919	3.00e-89	301
Haloseos	CP@TRINITY_DN1709_c2_g1::CP@TRINITY_DN1709_c2_g1_i2::g.45274::m.45274	36.404	445	234	6	498	941	481	877	6.08e-83	289
Aplakerg	CP@TRINITY_DN1709_c2_g1::CP@TRINITY_DN1709_c2_g1_i2::g.45274::m.45274	31.947	601	337	9	304	900	363	895	1.19e-90	310
ThraLLF1	CP@TRINITY_DN1709_c2_g1::CP@TRINITY_DN1709_c2_g1_i2::g.45274::m.45274	32.184	609	320	9	322	927	377	895	7.69e-91	311
Schiaggr	CP@TRINITY_DN1709_c2_g1::CP@TRINITY_DN1709_c2_g1_i2::g.45274::m.45274	31.847	628	337	12	301	922	363	905	1.85e-88	304
Auralima	CP@TRINITY_DN1709_c2_g1::CP@TRINITY_DN1709_c2_g1_i2::g.45274::m.45274	34.821	448	247	5	451	895	473	878	1.16e-79	280
Pingpyre	CP@TRINITY_DN1709_c2_g1::CP@TRINITY_DN1709_c2_g1_i2::g.45274::m.45274	30.384	599	353	11	323	911	364	908	1.01e-76	271
Tripeleu	CP@TRINITY_DN1709_c2_g1::CP@TRINITY_DN1709_c2_g1_i2::g.45274::m.45274	38.689	473	246	7	487	955	481	913	5.10e-97	327
Phaetric	CP@TRINITY_DN1709_c2_g1::CP@TRINITY_DN1709_c2_g1_i2::g.45274::m.45274	33.833	600	333	13	153	739	363	911	6.47e-94	313
Fragcyli	CP@TRINITY_DN1709_c2_g1::CP@TRINITY_DN1709_c2_g1_i2::g.45274::m.45274	31.872	593	326	13	246	813	369	908	3.04e-89	304
Psuemult	CP@TRINITY_DN1709_c2_g1::CP@TRINITY_DN1709_c2_g1_i2::g.45274::m.45274	32.888	599	342	13	223	814	366	911	7.43e-94	317
Syncpusi	CP@TRINITY_DN1709_c2_g1::CP@TRINITY_DN1709_c2_g1_i2::g.45274::m.45274	36.119	335	190	6	35	361	590	908	3.31e-59	206
PoterBG1	CP@TRINITY_DN1709_c2_g1::CP@TRINITY_DN1709_c2_g1_i2::g.45274::m.45274	34.050	605	320	16	327	917	364	903	7.34e-86	297
Dino2267	CP@TRINITY_DN1709_c2_g1::CP@TRINITY_DN1709_c2_g1_i2::g.45274::m.45274	32.718	596	345	10	296	886	364	908	3.80e-91	311
Pedoelon	CP@TRINITY_DN1709_c2_g1::CP@TRINITY_DN1709_c2_g1_i2::g.45274::m.45274	33.167	600	340	10	313	906	364	908	7.31e-85	294
Ochr2298	CP@TRINITY_DN1709_c2_g1::CP@TRINITY_DN1709_c2_g1_i2::g.45274::m.45274	30.629	604	352	9	311	906	364	908	5.79e-79	278
Mallmari	CP@TRINITY_DN1709_c2_g1::CP@TRINITY_DN1709_c2_g1_i2::g.45274::m.45274	35.441	601	322	14	316	906	364	908	3.27e-99	335
Chryfrag	CP@TRINITY_DN1709_c2_g1::CP@TRINITY_DN1709_c2_g1_i2::g.45274::m.45274	33.280	625	329	10	325	946	369	908	1.16e-100	342
Aurelagu	CP@TRINITY_DN1709_c2_g1::CP@TRINITY_DN1709_c2_g1_i2::g.45274::m.45274	35.787	489	255	8	457	941	475	908	8.96e-96	325
Pela2097	CP@TRINITY_DN1709_c2_g1::CP@TRINITY_DN1709_c2_g1_i2::g.45274::m.45274	35.924	579	326	11	345	917	369	908	9.12e-100	334
Pelacalc	CP@TRINITY_DN1709_c2_g1::CP@TRINITY_DN1709_c2_g1_i2::g.45274::m.45274	38.750	480	245	6	550	1026	475	908	6.77e-101	340
Pelasubv	CP@TRINITY_DN1709_c2_g1::CP@TRINITY_DN1709_c2_g1_i2::g.45274::m.45274	39.085	481	242	7	452	929	476	908	4.39e-102	341
Rhiz1243	CP@TRINITY_DN1709_c2_g1::CP@TRINITY_DN1709_c2_g1_i2::g.45274::m.45274	36.595	511	270	11	408	907	451	918	4.48e-91	310
Pedi2098	CP@TRINITY_DN1709_c2_g1::CP@TRINITY_DN1709_c2_g1_i2::g.45274::m.45274	39.158	475	237	7	359	830	481	906	1.82e-97	326
Pseuelas	CP@TRINITY_DN1709_c2_g1::CP@TRINITY_DN1709_c2_g1_i2::g.45274::m.45274	35.859	594	322	13	322	910	369	908	1.47e-97	330
Octaspec	CP@TRINITY_DN1709_c2_g1::CP@TRINITY_DN1709_c2_g1_i2::g.45274::m.45274	36.195	594	317	13	312	899	369	906	3.19e-101	339
Flor1587	CP@TRINITY_DN1709_c2_g1::CP@TRINITY_DN1709_c2_g1_i2::g.45274::m.45274	38.306	543	273	10	508	1046	424	908	1.46e-102	344
Fibrjapo	CP@TRINITY_DN1709_c2_g1::CP@TRINITY_DN1709_c2_g1_i2::g.45274::m.45274	33.950	595	317	12	349	937	384	908	6.19e-100	337
Chatsubs	CP@TRINITY_DN1709_c2_g1::CP@TRINITY_DN1709_c2_g1_i2::g.45274::m.45274	36.111	612	329	9	329	937	364	916	1.10e-108	360
Vauclito	CP@TRINITY_DN1709_c2_g1::CP@TRINITY_DN1709_c2_g1_i2::g.45274::m.45274	30.198	606	350	14	320	912	363	908	3.74e-62	229
Fucucera	CP@TRINITY_DN1709_c2_g1::CP@TRINITY_DN1709_c2_g1_i2::g.45274::m.45274	35.108	601	330	10	329	925	364	908	4.53e-107	355
Saprdecl	CP@TRINITY_DN1709_c2_g1::CP@TRINITY_DN1709_c2_g1_i2::g.45274::m.45274	35.914	607	318	11	312	914	369	908	1.45e-111	367
Pythirre	CP@TRINITY_DN1709_c2_g1::CP@TRINITY_DN1709_c2_g1_i2::g.45274::m.45274	36.093	604	317	12	277	875	369	908	1.44e-106	351
Rhodemar	CP@TRINITY_DN1709_c2_g1::CP@TRINITY_DN1709_c2_g1_i2::g.45274::m.45274	36.585	574	327	9	336	901	364	908	2.91e-110	363
Rhodlimn	CP@TRINITY_DN1709_c2_g1::CP@TRINITY_DN1709_c2_g1_i2::g.45274::m.45274	36.632	576	329	8	309	879	364	908	3.48e-115	376
Diacluth	CP@TRINITY_DN1709_c2_g1::CP@TRINITY_DN1709_c2_g1_i2::g.45274::m.45274	32.489	474	265	9	2	470	485	908	2.33e-78	265
Pavl2436	CP@TRINITY_DN1709_c2_g1::CP@TRINITY_DN1709_c2_g1_i2::g.45274::m.45274	30.333	600	353	13	309	903	369	908	7.45e-78	274
Chryrota	CP@TRINITY_DN1709_c2_g1::CP@TRINITY_DN1709_c2_g1_i2::g.45274::m.45274	39.157	332	195	3	49	374	578	908	2.13e-80	265
Tisolute	CP@TRINITY_DN1709_c2_g1::CP@TRINITY_DN1709_c2_g1_i2::g.45274::m.45274	41.566	332	191	2	468	797	578	908	1.01e-83	288
Chrycart	CP@TRINITY_DN1709_c2_g1::CP@TRINITY_DN1709_c2_g1_i2::g.45274::m.45274	40.896	335	190	4	577	905	576	908	9.29e-83	287
Prymparv	CP@TRINITY_DN1709_c2_g1::CP@TRINITY_DN1709_c2_g1_i2::g.45274::m.45274	42.236	322	182	3	570	889	576	895	2.00e-80	281
Cryppara	CP@TRINITY_DN1709_c2_g1::CP@TRINITY_DN1709_c2_g1_i2::g.45274::m.45274	34.206	573	347	10	306	868	364	916	2.99e-101	336
Bafffrig	CP@TRINITY_DN1709_c2_g1::CP@TRINITY_DN1709_c2_g1_i2::g.45274::m.45274	34.014	588	344	11	327	902	364	919	1.04e-101	339
Rhodsali	CP@TRINITY_DN1709_c2_g1::CP@TRINITY_DN1709_c2_g1_i2::g.45274::m.45274	33.619	583	347	11	307	878	366	919	8.17e-98	329
Cyanmero	CP@TRINITY_DN1709_c2_g1::CP@TRINITY_DN1709_c2_g1_i2::g.45274::m.45274	29.180	634	348	13	395	1019	377	918	1.43e-71	257
Porpaeru	CP@TRINITY_DN1709_c2_g1::CP@TRINITY_DN1709_c2_g1_i2::g.45274::m.45274	33.655	621	332	12	284	901	363	906	2.25e-96	325
Rhodmacu	CP@TRINITY_DN1709_c2_g1::CP@TRINITY_DN1709_c2_g1_i2::g.45274::m.45274	36.049	577	324	12	319	882	364	908	4.65e-104	345
Compcoer	CP@TRINITY_DN1709_c2_g1::CP@TRINITY_DN1709_c2_g1_i2::g.45274::m.45274	35.590	576	332	10	319	891	369	908	1.91e-105	349
Cerakond	CP@TRINITY_DN1709_c2_g1::CP@TRINITY_DN1709_c2_g1_i2::g.45274::m.45274	33.775	604	330	14	299	891	364	908	7.12e-94	318
Choncris	CP@TRINITY_DN1709_c2_g1::CP@TRINITY_DN1709_c2_g1_i2::g.45274::m.45274	34.106	604	329	13	289	882	364	908	6.94e-99	331
Gratturu	CP@TRINITY_DN1709_c2_g1::CP@TRINITY_DN1709_c2_g1_i2::g.45274::m.45274	32.953	701	375	20	207	881	277	908	6.74e-96	322
Rhodmari	CP@TRINITY_DN1709_c2_g1::CP@TRINITY_DN1709_c2_g1_i2::g.45274::m.45274	34.676	571	314	11	239	794	369	895	2.62e-102	339
Galdsulp	CP@TRINITY_DN1709_c2_g1::CP@TRINITY_DN1709_c2_g1_i2::g.45274::m.45274	30.918	621	356	12	300	917	365	915	1.03e-84	293
Physpate	CP@TRINITY_DN1709_c2_g1::CP@TRINITY_DN1709_c2_g1_i2::g.45274::m.45274	38.176	592	309	8	241	822	364	908	1.89e-119	387
Oryzsati	CP@TRINITY_DN1709_c2_g1::CP@TRINITY_DN1709_c2_g1_i2::g.45274::m.45274	38.462	572	307	7	261	822	369	905	8.39e-123	395
Micrpusl	CP@TRINITY_DN1709_c2_g1::CP@TRINITY_DN1709_c2_g1_i2::g.45274::m.45274	35.838	346	213	4	536	873	575	919	1.83e-63	232
Ostrtaur	CP@TRINITY_DN1709_c2_g1::CP@TRINITY_DN1709_c2_g1_i2::g.45274::m.45274	31.520	533	326	7	224	745	364	868	3.54e-83	286
Volvcart	CP@TRINITY_DN1709_c2_g1::CP@TRINITY_DN1709_c2_g1_i2::g.45274::m.45274	37.148	568	316	6	243	799	364	901	2.66e-117	381
Picosali	CP@TRINITY_DN1709_c2_g1::CP@TRINITY_DN1709_c2_g1_i2::g.45274::m.45274	35.655	603	339	9	239	837	364	921	2.47e-102	340
Idiovort	CP@TRINITY_DN1709_c2_g1::CP@TRINITY_DN1709_c2_g1_i2::g.45274::m.45274	46.199	342	179	3	117	455	580	919	2.43e-101	324
Gloewitr	CP@TRINITY_DN1709_c2_g1::CP@TRINITY_DN1709_c2_g1_i2::g.45274::m.45274	39.519	582	312	7	323	899	363	909	3.22e-132	424
Cyanpara	CP@TRINITY_DN1709_c2_g1::CP@TRINITY_DN1709_c2_g1_i2::g.45274::m.45274	41.533	561	301	6	327	877	363	906	9.45e-135	430
Eutrgymn	CP@TRINITY_DN1709_c2_g1::CP@TRINITY_DN1709_c2_g1_i2::g.45274::m.45274	33.068	629	355	10	227	843	344	918	1.01e-108	358
Euglgrac	CP@TRINITY_DN1709_c2_g1::CP@TRINITY_DN1709_c2_g1_i2::g.45274::m.45274	42.296	331	187	3	521	848	579	908	2.61e-81	283
Eugllong	CP@TRINITY_DN1709_c2_g1::CP@TRINITY_DN1709_c2_g1_i2::g.45274::m.45274	41.692	331	189	3	585	912	579	908	1.35e-79	279
HeterBB2	CP@TRINITY_DN1709_c2_g1::CP@TRINITY_DN1709_c2_g1_i2::g.45274::m.45274	35.284	581	336	10	317	880	364	921	1.42e-113	371
Pharkirb	CP@TRINITY_DN1709_c2_g1::CP@TRINITY_DN1709_c2_g1_i2::g.45274::m.45274	32.305	551	354	8	118	655	362	906	4.71e-88	295
Fontalba	CP@TRINITY_DN1709_c2_g1::CP@TRINITY_DN1709_c2_g1_i2::g.45274::m.45274	34.163	442	269	6	272	691	468	909	5.25e-76	263
Cochminu	CP@TRINITY_DN1709_c2_g1::CP@TRINITY_DN1709_c2_g1_i2::g.45274::m.45274	31.041	538	344	11	71	592	369	895	2.39e-71	248
Guttvulg	CP@TRINITY_DN1709_c2_g1::CP@TRINITY_DN1709_c2_g1_i2::g.45274::m.45274	31.592	402	255	10	483	876	479	868	2.46e-48	186
Mantplas	CP@TRINITY_DN1709_c2_g1::CP@TRINITY_DN1709_c2_g1_i2::g.45274::m.45274	38.274	452	256	10	499	945	486	919	9.18e-86	297
Rhizelon	CP@TRINITY_DN1709_c2_g1::CP@TRINITY_DN1709_c2_g1_i2::g.45274::m.45274	28.088	591	329	15	80	654	364	874	8.39e-53	203
Masteilh	CP@TRINITY_DN1709_c2_g1::CP@TRINITY_DN1709_c2_g1_i2::g.45274::m.45274	36.411	574	322	15	315	864	364	918	3.23e-93	315
Rigiramo	CP@TRINITY_DN1709_c2_g1::CP@TRINITY_DN1709_c2_g1_i2::g.45274::m.45274	39.783	553	311	6	100	631	364	915	4.88e-125	395
Vermverm	CP@TRINITY_DN1709_c2_g1::CP@TRINITY_DN1709_c2_g1_i2::g.45274::m.45274	32.787	610	336	11	313	919	364	902	6.17e-95	322
Echiexud	CP@TRINITY_DN1709_c2_g1::CP@TRINITY_DN1709_c2_g1_i2::g.45274::m.45274	33.618	586	334	9	337	914	364	902	7.25e-102	340
Arcevulg	CP@TRINITY_DN1709_c2_g1::CP@TRINITY_DN1709_c2_g1_i2::g.45274::m.45274	30.616	601	337	14	218	797	363	904	2.35e-72	256
Coprprot	CP@TRINITY_DN1709_c2_g1::CP@TRINITY_DN1709_c2_g1_i2::g.45274::m.45274	33.192	473	278	4	320	792	455	889	2.78e-76	267
Amoeprot	CP@TRINITY_DN1709_c2_g1::CP@TRINITY_DN1709_c2_g1_i2::g.45274::m.45274	36.721	433	238	7	339	768	482	881	5.28e-81	281
NolaAFSM	CP@TRINITY_DN1709_c2_g1::CP@TRINITY_DN1709_c2_g1_i2::g.45274::m.45274	33.257	439	245	7	377	815	484	874	1.21e-64	234
Rhizsaxo	CP@TRINITY_DN1709_c2_g1::CP@TRINITY_DN1709_c2_g1_i2::g.45274::m.45274	24.912	566	345	9	263	789	377	901	6.23e-51	192
Flabcita	CP@TRINITY_DN1709_c2_g1::CP@TRINITY_DN1709_c2_g1_i2::g.45274::m.45274	27.857	560	352	13	277	817	369	895	2.66e-62	227
Diphrota	CP@TRINITY_DN1709_c2_g1::CP@TRINITY_DN1709_c2_g1_i2::g.45274::m.45274	37.024	551	318	7	234	758	364	911	1.25e-110	360
Cuneruss	CP@TRINITY_DN1709_c2_g1::CP@TRINITY_DN1709_c2_g1_i2::g.45274::m.45274	32.014	581	335	12	330	897	378	911	2.15e-77	273
Gefiokel	CP@TRINITY_DN1709_c2_g1::CP@TRINITY_DN1709_c2_g1_i2::g.45274::m.45274	36.742	577	324	8	58	624	363	908	7.19e-115	367
Sapppeda	CP@TRINITY_DN1709_c2_g1::CP@TRINITY_DN1709_c2_g1_i2::g.45274::m.45274	36.213	544	307	10	193	704	364	899	1.37e-101	335
Armalang	CP@TRINITY_DN1709_c2_g1::CP@TRINITY_DN1709_c2_g1_i2::g.45274::m.45274	39.640	444	250	4	440	878	481	911	3.54e-91	310
Lenilimo	CP@TRINITY_DN1709_c2_g1::CP@TRINITY_DN1709_c2_g1_i2::g.45274::m.45274	33.455	550	331	6	163	687	369	908	2.15e-92	307
Nutolong	CP@TRINITY_DN1709_c2_g1::CP@TRINITY_DN1709_c2_g1_i2::g.45274::m.45274	33.453	556	341	9	262	811	364	896	2.00e-88	302
Mancberm	CP@TRINITY_DN1709_c2_g1::CP@TRINITY_DN1709_c2_g1_i2::g.45274::m.45274	42.020	307	173	3	6	307	602	908	7.46e-73	243
Trimmari	CP@TRINITY_DN1709_c2_g1::CP@TRINITY_DN1709_c2_g1_i2::g.45274::m.45274	36.239	585	333	7	295	876	364	911	1.02e-112	369
Fabotrop	CP@TRINITY_DN1709_c2_g1::CP@TRINITY_DN1709_c2_g1_i2::g.45274::m.45274	36.514	545	321	7	242	767	377	915	5.93e-106	347
Hetepall	CP@TRINITY_DN1709_c2_g1::CP@TRINITY_DN1709_c2_g1_i2::g.45274::m.45274	34.414	555	325	9	296	812	364	917	7.08e-96	321
Dracjorm	CP@TRINITY_DN1709_c2_g1::CP@TRINITY_DN1709_c2_g1_i2::g.45274::m.45274	36.565	588	308	10	216	785	366	906	1.61e-117	379
Luaphula	CP@TRINITY_DN1709_c2_g1::CP@TRINITY_DN1709_c2_g1_i2::g.45274::m.45274	34.603	604	309	10	268	842	362	908	1.11e-107	356
Pellcata	CP@TRINITY_DN1709_c2_g1::CP@TRINITY_DN1709_c2_g1_i2::g.45274::m.45274	40.816	343	197	4	520	858	571	911	4.02e-81	282
Gocefonb	CP@TRINITY_DN1709_c2_g1::CP@TRINITY_DN1709_c2_g1_i2::g.45274::m.45274	35.690	580	308	11	230	792	377	908	5.32e-111	360
Phalsoli	CP@TRINITY_DN1709_c2_g1::CP@TRINITY_DN1709_c2_g1_i2::g.45274::m.45274	35.932	590	326	7	283	867	364	906	2.50e-116	379
Filanola	CP@TRINITY_DN1709_c2_g1::CP@TRINITY_DN1709_c2_g1_i2::g.45274::m.45274	40.212	567	318	9	286	840	364	921	4.49e-129	412
Soliirre	CP@TRINITY_DN1709_c2_g1::CP@TRINITY_DN1709_c2_g1_i2::g.45274::m.45274	40.876	548	293	6	317	835	363	908	1.29e-132	421
Echibisp	CP@TRINITY_DN1709_c2_g1::CP@TRINITY_DN1709_c2_g1_i2::g.45274::m.45274	45.484	310	166	2	1	307	602	911	2.88e-89	288
Stensten	CP@TRINITY_DN1709_c2_g1::CP@TRINITY_DN1709_c2_g1_i2::g.45274::m.45274	39.633	545	292	5	355	862	364	908	4.23e-128	411
Paralevi	CP@TRINITY_DN1709_c2_g1::CP@TRINITY_DN1709_c2_g1_i2::g.45274::m.45274	42.545	550	282	10	284	804	364	908	1.00e-129	412
Veximinu	CP@TRINITY_DN1709_c2_g1::CP@TRINITY_DN1709_c2_g1_i2::g.45274::m.45274	40.171	351	204	4	51	398	575	922	7.22e-83	274
Sphaarct	CP@TRINITY_DN1709_c2_g1::CP@TRINITY_DN1709_c2_g1_i2::g.45274::m.45274	40.373	483	248	7	53	530	461	908	6.44e-115	362
Amoepara	CP@TRINITY_DN1709_c2_g1::CP@TRINITY_DN1709_c2_g1_i2::g.45274::m.45274	39.130	552	317	9	387	926	364	908	1.65e-125	404
Minivibr	CP@TRINITY_DN1709_c2_g1::CP@TRINITY_DN1709_c2_g1_i2::g.45274::m.45274	43.103	464	233	7	483	941	482	919	2.15e-120	391
Branflor	CP@TRINITY_DN1709_c2_g1::CP@TRINITY_DN1709_c2_g1_i2::g.45274::m.45274	39.091	550	263	9	321	807	366	906	1.15e-115	375
Schimans	CP@TRINITY_DN1709_c2_g1::CP@TRINITY_DN1709_c2_g1_i2::g.45274::m.45274	34.142	577	329	12	302	847	364	920	3.41e-89	303
Taensoli	CP@TRINITY_DN1709_c2_g1::CP@TRINITY_DN1709_c2_g1_i2::g.45274::m.45274	37.456	566	325	10	297	843	364	919	5.11e-102	338
Aplycali	CP@TRINITY_DN1709_c2_g1::CP@TRINITY_DN1709_c2_g1_i2::g.45274::m.45274	41.081	555	291	10	307	837	364	906	2.09e-133	422
Amphquee	CP@TRINITY_DN1709_c2_g1::CP@TRINITY_DN1709_c2_g1_i2::g.45274::m.45274	37.086	604	342	13	296	882	339	921	1.12e-110	362
Mnemleid	CP@TRINITY_DN1709_c2_g1::CP@TRINITY_DN1709_c2_g1_i2::g.45274::m.45274	34.552	547	272	12	302	766	364	906	4.12e-83	285
Tricadha	CP@TRINITY_DN1709_c2_g1::CP@TRINITY_DN1709_c2_g1_i2::g.45274::m.45274	39.216	561	308	12	285	830	364	906	3.52e-119	385
Caeneleg	CP@TRINITY_DN1709_c2_g1::CP@TRINITY_DN1709_c2_g1_i2::g.45274::m.45274	36.804	557	310	10	302	830	364	906	9.57e-111	362
Spizpunc	CP@TRINITY_DN1709_c2_g1::CP@TRINITY_DN1709_c2_g1_i2::g.45274::m.45274	45.063	557	295	5	290	840	362	913	4.06e-161	495
Schizpom	CP@TRINITY_DN1709_c2_g1::CP@TRINITY_DN1709_c2_g1_i2::g.45274::m.45274	40.747	562	316	5	330	886	363	912	4.42e-142	446
Ustimayd	CP@TRINITY_DN1709_c2_g1::CP@TRINITY_DN1709_c2_g1_i2::g.45274::m.45274	42.553	564	298	9	282	838	364	908	1.09e-141	444
Debahans	CP@TRINITY_DN1709_c2_g1::CP@TRINITY_DN1709_c2_g1_i2::g.45274::m.45274	34.813	563	332	10	247	797	366	905	1.12e-101	337
Aspefumi	CP@TRINITY_DN1709_c2_g1::CP@TRINITY_DN1709_c2_g1_i2::g.45274::m.45274	41.197	568	310	7	244	805	363	912	6.09e-143	446
Rhizdele	CP@TRINITY_DN1709_c2_g1::CP@TRINITY_DN1709_c2_g1_i2::g.45274::m.45274	42.735	585	305	8	220	781	329	906	1.16e-151	467
Blasbrit	CP@TRINITY_DN1709_c2_g1::CP@TRINITY_DN1709_c2_g1_i2::g.45274::m.45274	36.166	553	313	10	252	776	366	906	5.35e-101	336
Heteakas	CP@TRINITY_DN1709_c2_g1::CP@TRINITY_DN1709_c2_g1_i2::g.45274::m.45274	43.653	323	176	3	2	321	596	915	1.67e-85	279
