Guilthet	CP@TRINITY_DN998_c1_g1::CP@TRINITY_DN998_c1_g1_i7::g.29534::m.29534	43.805	226	102	6	9	213	41	262	2.27e-48	164
Guilthet	CP@TRINITY_DN998_c1_g1::CP@TRINITY_DN998_c1_g1_i18::g.29526::m.29526	43.805	226	102	6	9	213	41	262	2.27e-48	164
Guilthet	CP@TRINITY_DN998_c1_g1::CP@TRINITY_DN998_c1_g1_i10::g.29514::m.29514	43.805	226	102	6	9	213	41	262	2.27e-48	164
Hemirufe	CP@TRINITY_DN998_c1_g1::CP@TRINITY_DN998_c1_g1_i7::g.29534::m.29534	39.453	256	130	4	38	272	11	262	4.10e-47	162
Hemirufe	CP@TRINITY_DN998_c1_g1::CP@TRINITY_DN998_c1_g1_i18::g.29526::m.29526	39.453	256	130	4	38	272	11	262	4.10e-47	162
Hemirufe	CP@TRINITY_DN998_c1_g1::CP@TRINITY_DN998_c1_g1_i10::g.29514::m.29514	39.453	256	130	4	38	272	11	262	4.10e-47	162
Mesoviri	CP@TRINITY_DN998_c1_g1::CP@TRINITY_DN998_c1_g1_i7::g.29534::m.29534	40.157	254	116	8	79	307	23	265	6.98e-44	155
Mesoviri	CP@TRINITY_DN998_c1_g1::CP@TRINITY_DN998_c1_g1_i18::g.29526::m.29526	40.157	254	116	8	79	307	23	265	6.98e-44	155
Mesoviri	CP@TRINITY_DN998_c1_g1::CP@TRINITY_DN998_c1_g1_i10::g.29514::m.29514	40.157	254	116	8	79	307	23	265	6.98e-44	155
Thectrah	CP@TRINITY_DN998_c1_g1::CP@TRINITY_DN998_c1_g1_i7::g.29534::m.29534	39.033	269	129	6	150	403	18	266	6.64e-45	160
Thectrah	CP@TRINITY_DN998_c1_g1::CP@TRINITY_DN998_c1_g1_i18::g.29526::m.29526	39.033	269	129	6	150	403	18	266	6.64e-45	160
Thectrah	CP@TRINITY_DN998_c1_g1::CP@TRINITY_DN998_c1_g1_i10::g.29514::m.29514	39.033	269	129	6	150	403	18	266	6.64e-45	160
Lapoguse	CP@TRINITY_DN998_c1_g1::CP@TRINITY_DN998_c1_g1_i7::g.29534::m.29534	38.492	252	118	5	38	261	20	262	1.26e-41	148
Lapoguse	CP@TRINITY_DN998_c1_g1::CP@TRINITY_DN998_c1_g1_i18::g.29526::m.29526	38.492	252	118	5	38	261	20	262	1.26e-41	148
Lapoguse	CP@TRINITY_DN998_c1_g1::CP@TRINITY_DN998_c1_g1_i10::g.29514::m.29514	38.492	252	118	5	38	261	20	262	1.26e-41	148
Physpoly	CP@TRINITY_DN998_c1_g1::CP@TRINITY_DN998_c1_g1_i7::g.29534::m.29534	40.000	255	124	4	52	284	20	267	1.88e-49	169
Physpoly	CP@TRINITY_DN998_c1_g1::CP@TRINITY_DN998_c1_g1_i18::g.29526::m.29526	40.000	255	124	4	52	284	20	267	1.88e-49	169
Physpoly	CP@TRINITY_DN998_c1_g1::CP@TRINITY_DN998_c1_g1_i10::g.29514::m.29514	40.000	255	124	4	52	284	20	267	1.88e-49	169
ChoanoFB	CP@TRINITY_DN998_c1_g1::CP@TRINITY_DN998_c1_g1_i7::g.29534::m.29534	39.516	248	126	6	36	262	18	262	3.18e-44	155
ChoanoFB	CP@TRINITY_DN998_c1_g1::CP@TRINITY_DN998_c1_g1_i18::g.29526::m.29526	39.516	248	126	6	36	262	18	262	3.18e-44	155
ChoanoFB	CP@TRINITY_DN998_c1_g1::CP@TRINITY_DN998_c1_g1_i10::g.29514::m.29514	39.516	248	126	6	36	262	18	262	3.18e-44	155
Raphhete	CP@TRINITY_DN998_c1_g1::CP@TRINITY_DN998_c1_g1_i7::g.29534::m.29534	37.153	288	131	8	21	285	2	262	1.29e-44	156
Raphhete	CP@TRINITY_DN998_c1_g1::CP@TRINITY_DN998_c1_g1_i18::g.29526::m.29526	37.153	288	131	8	21	285	2	262	1.29e-44	156
Raphhete	CP@TRINITY_DN998_c1_g1::CP@TRINITY_DN998_c1_g1_i10::g.29514::m.29514	37.153	288	131	8	21	285	2	262	1.29e-44	156
Stencoer	CP@TRINITY_DN998_c1_g1::CP@TRINITY_DN998_c1_g1_i7::g.29534::m.29534	40.741	243	120	3	34	252	20	262	3.61e-45	157
Stencoer	CP@TRINITY_DN998_c1_g1::CP@TRINITY_DN998_c1_g1_i18::g.29526::m.29526	40.741	243	120	3	34	252	20	262	3.61e-45	157
Stencoer	CP@TRINITY_DN998_c1_g1::CP@TRINITY_DN998_c1_g1_i10::g.29514::m.29514	40.741	243	120	3	34	252	20	262	3.61e-45	157
Cyanpara	CP@TRINITY_DN998_c1_g1::CP@TRINITY_DN998_c1_g1_i7::g.29534::m.29534	39.163	263	117	5	37	271	15	262	9.95e-47	161
Cyanpara	CP@TRINITY_DN998_c1_g1::CP@TRINITY_DN998_c1_g1_i18::g.29526::m.29526	39.163	263	117	5	37	271	15	262	9.95e-47	161
Cyanpara	CP@TRINITY_DN998_c1_g1::CP@TRINITY_DN998_c1_g1_i10::g.29514::m.29514	39.163	263	117	5	37	271	15	262	9.95e-47	161
Oryzsati	CP@TRINITY_DN998_c1_g1::CP@TRINITY_DN998_c1_g1_i7::g.29534::m.29534	40.323	248	120	6	87	311	20	262	1.94e-46	162
Oryzsati	CP@TRINITY_DN998_c1_g1::CP@TRINITY_DN998_c1_g1_i18::g.29526::m.29526	40.323	248	120	6	87	311	20	262	1.94e-46	162
Oryzsati	CP@TRINITY_DN998_c1_g1::CP@TRINITY_DN998_c1_g1_i10::g.29514::m.29514	40.323	248	120	6	87	311	20	262	1.94e-46	162
Physpate	CP@TRINITY_DN998_c1_g1::CP@TRINITY_DN998_c1_g1_i7::g.29534::m.29534	41.633	245	123	7	83	312	23	262	8.50e-55	184
Physpate	CP@TRINITY_DN998_c1_g1::CP@TRINITY_DN998_c1_g1_i18::g.29526::m.29526	41.633	245	123	7	83	312	23	262	8.50e-55	184
Physpate	CP@TRINITY_DN998_c1_g1::CP@TRINITY_DN998_c1_g1_i10::g.29514::m.29514	41.633	245	123	7	83	312	23	262	8.50e-55	184
Brevmoto	CP@TRINITY_DN998_c1_g1::CP@TRINITY_DN998_c1_g1_i7::g.29534::m.29534	50.323	155	70	3	6	153	106	260	1.12e-41	145
Brevmoto	CP@TRINITY_DN998_c1_g1::CP@TRINITY_DN998_c1_g1_i18::g.29526::m.29526	50.323	155	70	3	6	153	106	260	1.12e-41	145
Brevmoto	CP@TRINITY_DN998_c1_g1::CP@TRINITY_DN998_c1_g1_i10::g.29514::m.29514	50.323	155	70	3	6	153	106	260	1.12e-41	145
Palpbili	CP@TRINITY_DN998_c1_g1::CP@TRINITY_DN998_c1_g1_i7::g.29534::m.29534	39.370	254	112	6	51	277	27	265	1.25e-44	156
Palpbili	CP@TRINITY_DN998_c1_g1::CP@TRINITY_DN998_c1_g1_i18::g.29526::m.29526	39.370	254	112	6	51	277	27	265	1.25e-44	156
Palpbili	CP@TRINITY_DN998_c1_g1::CP@TRINITY_DN998_c1_g1_i10::g.29514::m.29514	39.370	254	112	6	51	277	27	265	1.25e-44	156
Cryppara	CP@TRINITY_DN998_c1_g1::CP@TRINITY_DN998_c1_g1_i7::g.29534::m.29534	41.004	239	118	6	48	267	28	262	4.60e-46	161
Cryppara	CP@TRINITY_DN998_c1_g1::CP@TRINITY_DN998_c1_g1_i18::g.29526::m.29526	41.004	239	118	6	48	267	28	262	4.60e-46	161
Cryppara	CP@TRINITY_DN998_c1_g1::CP@TRINITY_DN998_c1_g1_i10::g.29514::m.29514	41.004	239	118	6	48	267	28	262	4.60e-46	161
Rhodemar	CP@TRINITY_DN998_c1_g1::CP@TRINITY_DN998_c1_g1_i7::g.29534::m.29534	42.387	243	111	5	44	261	24	262	1.49e-44	155
Rhodemar	CP@TRINITY_DN998_c1_g1::CP@TRINITY_DN998_c1_g1_i18::g.29526::m.29526	42.387	243	111	5	44	261	24	262	1.49e-44	155
Rhodemar	CP@TRINITY_DN998_c1_g1::CP@TRINITY_DN998_c1_g1_i10::g.29514::m.29514	42.387	243	111	5	44	261	24	262	1.49e-44	155
Rhodlimn	CP@TRINITY_DN998_c1_g1::CP@TRINITY_DN998_c1_g1_i7::g.29534::m.29534	40.664	241	114	5	48	263	26	262	4.03e-43	152
Rhodlimn	CP@TRINITY_DN998_c1_g1::CP@TRINITY_DN998_c1_g1_i18::g.29526::m.29526	40.664	241	114	5	48	263	26	262	4.03e-43	152
Rhodlimn	CP@TRINITY_DN998_c1_g1::CP@TRINITY_DN998_c1_g1_i10::g.29514::m.29514	40.664	241	114	5	48	263	26	262	4.03e-43	152
Wobbluna	CP@TRINITY_DN998_c1_g1::CP@TRINITY_DN998_c1_g1_i7::g.29534::m.29534	37.175	269	120	4	60	307	20	260	1.58e-41	149
Wobbluna	CP@TRINITY_DN998_c1_g1::CP@TRINITY_DN998_c1_g1_i18::g.29526::m.29526	37.175	269	120	4	60	307	20	260	1.58e-41	149
Wobbluna	CP@TRINITY_DN998_c1_g1::CP@TRINITY_DN998_c1_g1_i10::g.29514::m.29514	37.175	269	120	4	60	307	20	260	1.58e-41	149
Pygsbifo	CP@TRINITY_DN998_c1_g1::CP@TRINITY_DN998_c1_g1_i7::g.29534::m.29534	38.431	255	132	5	68	307	18	262	5.23e-43	152
Pygsbifo	CP@TRINITY_DN998_c1_g1::CP@TRINITY_DN998_c1_g1_i18::g.29526::m.29526	38.431	255	132	5	68	307	18	262	5.23e-43	152
Pygsbifo	CP@TRINITY_DN998_c1_g1::CP@TRINITY_DN998_c1_g1_i10::g.29514::m.29514	38.431	255	132	5	68	307	18	262	5.23e-43	152
Schimans	CP@TRINITY_DN998_c1_g1::CP@TRINITY_DN998_c1_g1_i7::g.29534::m.29534	44.690	226	115	3	51	272	41	260	2.08e-53	181
Schimans	CP@TRINITY_DN998_c1_g1::CP@TRINITY_DN998_c1_g1_i18::g.29526::m.29526	44.690	226	115	3	51	272	41	260	2.08e-53	181
Schimans	CP@TRINITY_DN998_c1_g1::CP@TRINITY_DN998_c1_g1_i10::g.29514::m.29514	44.690	226	115	3	51	272	41	260	2.08e-53	181
Taensoli	CP@TRINITY_DN998_c1_g1::CP@TRINITY_DN998_c1_g1_i7::g.29534::m.29534	41.016	256	132	2	20	271	20	260	4.28e-53	180
Taensoli	CP@TRINITY_DN998_c1_g1::CP@TRINITY_DN998_c1_g1_i18::g.29526::m.29526	41.016	256	132	2	20	271	20	260	4.28e-53	180
Taensoli	CP@TRINITY_DN998_c1_g1::CP@TRINITY_DN998_c1_g1_i10::g.29514::m.29514	41.016	256	132	2	20	271	20	260	4.28e-53	180
Tricadha	CP@TRINITY_DN998_c1_g1::CP@TRINITY_DN998_c1_g1_i7::g.29534::m.29534	40.574	244	131	3	14	243	19	262	2.82e-46	161
Tricadha	CP@TRINITY_DN998_c1_g1::CP@TRINITY_DN998_c1_g1_i18::g.29526::m.29526	40.574	244	131	3	14	243	19	262	2.82e-46	161
Tricadha	CP@TRINITY_DN998_c1_g1::CP@TRINITY_DN998_c1_g1_i10::g.29514::m.29514	40.574	244	131	3	14	243	19	262	2.82e-46	161
Amphquee	CP@TRINITY_DN998_c1_g1::CP@TRINITY_DN998_c1_g1_i7::g.29534::m.29534	42.601	223	104	4	35	234	41	262	1.61e-49	169
Amphquee	CP@TRINITY_DN998_c1_g1::CP@TRINITY_DN998_c1_g1_i18::g.29526::m.29526	42.601	223	104	4	35	234	41	262	1.61e-49	169
Amphquee	CP@TRINITY_DN998_c1_g1::CP@TRINITY_DN998_c1_g1_i10::g.29514::m.29514	42.601	223	104	4	35	234	41	262	1.61e-49	169
Branflor	CP@TRINITY_DN998_c1_g1::CP@TRINITY_DN998_c1_g1_i7::g.29534::m.29534	40.928	237	129	2	18	243	26	262	1.38e-51	175
Branflor	CP@TRINITY_DN998_c1_g1::CP@TRINITY_DN998_c1_g1_i18::g.29526::m.29526	40.928	237	129	2	18	243	26	262	1.38e-51	175
Branflor	CP@TRINITY_DN998_c1_g1::CP@TRINITY_DN998_c1_g1_i10::g.29514::m.29514	40.928	237	129	2	18	243	26	262	1.38e-51	175
Gallgall	CP@TRINITY_DN998_c1_g1::CP@TRINITY_DN998_c1_g1_i7::g.29534::m.29534	39.431	246	133	4	14	244	18	262	1.15e-46	162
Gallgall	CP@TRINITY_DN998_c1_g1::CP@TRINITY_DN998_c1_g1_i18::g.29526::m.29526	39.431	246	133	4	14	244	18	262	1.15e-46	162
Gallgall	CP@TRINITY_DN998_c1_g1::CP@TRINITY_DN998_c1_g1_i10::g.29514::m.29514	39.431	246	133	4	14	244	18	262	1.15e-46	162
Aplycali	CP@TRINITY_DN998_c1_g1::CP@TRINITY_DN998_c1_g1_i7::g.29534::m.29534	42.683	246	126	5	15	246	18	262	1.72e-48	167
Aplycali	CP@TRINITY_DN998_c1_g1::CP@TRINITY_DN998_c1_g1_i18::g.29526::m.29526	42.683	246	126	5	15	246	18	262	1.72e-48	167
Aplycali	CP@TRINITY_DN998_c1_g1::CP@TRINITY_DN998_c1_g1_i10::g.29514::m.29514	42.683	246	126	5	15	246	18	262	1.72e-48	167
Stensten	CP@TRINITY_DN998_c1_g1::CP@TRINITY_DN998_c1_g1_i7::g.29534::m.29534	50.649	154	73	1	16	166	109	262	5.40e-45	155
Stensten	CP@TRINITY_DN998_c1_g1::CP@TRINITY_DN998_c1_g1_i18::g.29526::m.29526	50.649	154	73	1	16	166	109	262	5.40e-45	155
Stensten	CP@TRINITY_DN998_c1_g1::CP@TRINITY_DN998_c1_g1_i10::g.29514::m.29514	50.649	154	73	1	16	166	109	262	5.40e-45	155
Salprose	CP@TRINITY_DN998_c1_g1::CP@TRINITY_DN998_c1_g1_i7::g.29534::m.29534	42.248	258	126	7	23	262	10	262	6.66e-52	176
Salprose	CP@TRINITY_DN998_c1_g1::CP@TRINITY_DN998_c1_g1_i18::g.29526::m.29526	42.248	258	126	7	23	262	10	262	6.66e-52	176
Salprose	CP@TRINITY_DN998_c1_g1::CP@TRINITY_DN998_c1_g1_i10::g.29514::m.29514	42.248	258	126	7	23	262	10	262	6.66e-52	176
Pellcata	CP@TRINITY_DN998_c1_g1::CP@TRINITY_DN998_c1_g1_i7::g.29534::m.29534	40.833	240	124	5	37	262	27	262	4.80e-48	163
Pellcata	CP@TRINITY_DN998_c1_g1::CP@TRINITY_DN998_c1_g1_i18::g.29526::m.29526	40.833	240	124	5	37	262	27	262	4.80e-48	163
Pellcata	CP@TRINITY_DN998_c1_g1::CP@TRINITY_DN998_c1_g1_i10::g.29514::m.29514	40.833	240	124	5	37	262	27	262	4.80e-48	163
Endozona	CP@TRINITY_DN998_c1_g1::CP@TRINITY_DN998_c1_g1_i7::g.29534::m.29534	36.604	265	136	6	44	301	23	262	3.36e-43	154
Endozona	CP@TRINITY_DN998_c1_g1::CP@TRINITY_DN998_c1_g1_i18::g.29526::m.29526	36.604	265	136	6	44	301	23	262	3.36e-43	154
Endozona	CP@TRINITY_DN998_c1_g1::CP@TRINITY_DN998_c1_g1_i10::g.29514::m.29514	36.604	265	136	6	44	301	23	262	3.36e-43	154
Mnemleid	CP@TRINITY_DN998_c1_g1::CP@TRINITY_DN998_c1_g1_i7::g.29534::m.29534	40.891	247	128	5	17	247	18	262	7.12e-50	174
Mnemleid	CP@TRINITY_DN998_c1_g1::CP@TRINITY_DN998_c1_g1_i18::g.29526::m.29526	40.891	247	128	5	17	247	18	262	7.12e-50	174
Mnemleid	CP@TRINITY_DN998_c1_g1::CP@TRINITY_DN998_c1_g1_i10::g.29514::m.29514	40.891	247	128	5	17	247	18	262	7.12e-50	174
Luaphula	CP@TRINITY_DN998_c1_g1::CP@TRINITY_DN998_c1_g1_i7::g.29534::m.29534	40.741	270	135	7	39	291	5	266	4.78e-52	173
Luaphula	CP@TRINITY_DN998_c1_g1::CP@TRINITY_DN998_c1_g1_i18::g.29526::m.29526	40.741	270	135	7	39	291	5	266	4.78e-52	173
Luaphula	CP@TRINITY_DN998_c1_g1::CP@TRINITY_DN998_c1_g1_i10::g.29514::m.29514	40.741	270	135	7	39	291	5	266	4.78e-52	173
Blasbrit	CP@TRINITY_DN998_c1_g1::CP@TRINITY_DN998_c1_g1_i7::g.29534::m.29534	39.286	252	135	3	26	276	31	265	5.29e-44	157
Blasbrit	CP@TRINITY_DN998_c1_g1::CP@TRINITY_DN998_c1_g1_i18::g.29526::m.29526	39.286	252	135	3	26	276	31	265	5.29e-44	157
Blasbrit	CP@TRINITY_DN998_c1_g1::CP@TRINITY_DN998_c1_g1_i10::g.29514::m.29514	39.286	252	135	3	26	276	31	265	5.29e-44	157
Allomacr	CP@TRINITY_DN998_c1_g1::CP@TRINITY_DN998_c1_g1_i7::g.29534::m.29534	46.667	240	116	2	33	260	20	259	4.04e-65	210
Allomacr	CP@TRINITY_DN998_c1_g1::CP@TRINITY_DN998_c1_g1_i18::g.29526::m.29526	46.667	240	116	2	33	260	20	259	4.04e-65	210
Allomacr	CP@TRINITY_DN998_c1_g1::CP@TRINITY_DN998_c1_g1_i10::g.29514::m.29514	46.667	240	116	2	33	260	20	259	4.04e-65	210
Coprcine	CP@TRINITY_DN998_c1_g1::CP@TRINITY_DN998_c1_g1_i7::g.29534::m.29534	44.828	203	110	2	45	245	18	220	1.48e-42	152
Coprcine	CP@TRINITY_DN998_c1_g1::CP@TRINITY_DN998_c1_g1_i18::g.29526::m.29526	44.828	203	110	2	45	245	18	220	1.48e-42	152
Coprcine	CP@TRINITY_DN998_c1_g1::CP@TRINITY_DN998_c1_g1_i10::g.29514::m.29514	44.828	203	110	2	45	245	18	220	1.48e-42	152
Schizpom	CP@TRINITY_DN998_c1_g1::CP@TRINITY_DN998_c1_g1_i7::g.29534::m.29534	38.400	250	149	3	31	280	18	262	4.57e-52	177
Schizpom	CP@TRINITY_DN998_c1_g1::CP@TRINITY_DN998_c1_g1_i18::g.29526::m.29526	38.400	250	149	3	31	280	18	262	4.57e-52	177
Schizpom	CP@TRINITY_DN998_c1_g1::CP@TRINITY_DN998_c1_g1_i10::g.29514::m.29514	38.400	250	149	3	31	280	18	262	4.57e-52	177
Neurcras	CP@TRINITY_DN998_c1_g1::CP@TRINITY_DN998_c1_g1_i7::g.29534::m.29534	37.255	255	136	2	55	302	23	260	1.66e-47	166
Neurcras	CP@TRINITY_DN998_c1_g1::CP@TRINITY_DN998_c1_g1_i18::g.29526::m.29526	37.255	255	136	2	55	302	23	260	1.66e-47	166
Neurcras	CP@TRINITY_DN998_c1_g1::CP@TRINITY_DN998_c1_g1_i10::g.29514::m.29514	37.255	255	136	2	55	302	23	260	1.66e-47	166
Aspefumi	CP@TRINITY_DN998_c1_g1::CP@TRINITY_DN998_c1_g1_i7::g.29534::m.29534	42.063	252	134	4	49	300	23	262	2.85e-52	178
Aspefumi	CP@TRINITY_DN998_c1_g1::CP@TRINITY_DN998_c1_g1_i18::g.29526::m.29526	42.063	252	134	4	49	300	23	262	2.85e-52	178
Aspefumi	CP@TRINITY_DN998_c1_g1::CP@TRINITY_DN998_c1_g1_i10::g.29514::m.29514	42.063	252	134	4	49	300	23	262	2.85e-52	178
Spizpunc	CP@TRINITY_DN998_c1_g1::CP@TRINITY_DN998_c1_g1_i7::g.29534::m.29534	43.348	233	117	5	44	264	31	260	1.41e-52	178
Spizpunc	CP@TRINITY_DN998_c1_g1::CP@TRINITY_DN998_c1_g1_i18::g.29526::m.29526	43.348	233	117	5	44	264	31	260	1.41e-52	178
Spizpunc	CP@TRINITY_DN998_c1_g1::CP@TRINITY_DN998_c1_g1_i10::g.29514::m.29514	43.348	233	117	5	44	264	31	260	1.41e-52	178
Amoepara	CP@TRINITY_DN998_c1_g1::CP@TRINITY_DN998_c1_g1_i7::g.29534::m.29534	40.574	244	130	2	68	296	17	260	6.55e-53	180
Amoepara	CP@TRINITY_DN998_c1_g1::CP@TRINITY_DN998_c1_g1_i18::g.29526::m.29526	40.574	244	130	2	68	296	17	260	6.55e-53	180
Amoepara	CP@TRINITY_DN998_c1_g1::CP@TRINITY_DN998_c1_g1_i10::g.29514::m.29514	40.574	244	130	2	68	296	17	260	6.55e-53	180
Apismell	CP@TRINITY_DN998_c1_g1::CP@TRINITY_DN998_c1_g1_i7::g.29534::m.29534	44.672	244	112	4	34	261	30	266	5.69e-58	191
Apismell	CP@TRINITY_DN998_c1_g1::CP@TRINITY_DN998_c1_g1_i18::g.29526::m.29526	44.672	244	112	4	34	261	30	266	5.69e-58	191
Apismell	CP@TRINITY_DN998_c1_g1::CP@TRINITY_DN998_c1_g1_i10::g.29514::m.29514	44.672	244	112	4	34	261	30	266	5.69e-58	191
Drosmela	CP@TRINITY_DN998_c1_g1::CP@TRINITY_DN998_c1_g1_i7::g.29534::m.29534	41.176	255	140	3	3	249	10	262	1.66e-50	172
Drosmela	CP@TRINITY_DN998_c1_g1::CP@TRINITY_DN998_c1_g1_i18::g.29526::m.29526	41.176	255	140	3	3	249	10	262	1.66e-50	172
Drosmela	CP@TRINITY_DN998_c1_g1::CP@TRINITY_DN998_c1_g1_i10::g.29514::m.29514	41.176	255	140	3	3	249	10	262	1.66e-50	172
Pharkirb	CP@TRINITY_DN998_c1_g1::CP@TRINITY_DN998_c1_g1_i7::g.29534::m.29534	42.857	252	114	6	53	278	15	262	1.63e-49	169
Pharkirb	CP@TRINITY_DN998_c1_g1::CP@TRINITY_DN998_c1_g1_i18::g.29526::m.29526	42.857	252	114	6	53	278	15	262	1.63e-49	169
Pharkirb	CP@TRINITY_DN998_c1_g1::CP@TRINITY_DN998_c1_g1_i10::g.29514::m.29514	42.857	252	114	6	53	278	15	262	1.63e-49	169
Cuneruss	CP@TRINITY_DN998_c1_g1::CP@TRINITY_DN998_c1_g1_i7::g.29534::m.29534	39.419	241	114	5	55	264	23	262	3.98e-44	154
Cuneruss	CP@TRINITY_DN998_c1_g1::CP@TRINITY_DN998_c1_g1_i18::g.29526::m.29526	39.419	241	114	5	55	264	23	262	3.98e-44	154
Cuneruss	CP@TRINITY_DN998_c1_g1::CP@TRINITY_DN998_c1_g1_i10::g.29514::m.29514	39.419	241	114	5	55	264	23	262	3.98e-44	154
Schivulg	CP@TRINITY_DN998_c1_g1::CP@TRINITY_DN998_c1_g1_i7::g.29534::m.29534	38.247	251	121	4	40	259	15	262	1.84e-41	147
Schivulg	CP@TRINITY_DN998_c1_g1::CP@TRINITY_DN998_c1_g1_i18::g.29526::m.29526	38.247	251	121	4	40	259	15	262	1.84e-41	147
Schivulg	CP@TRINITY_DN998_c1_g1::CP@TRINITY_DN998_c1_g1_i10::g.29514::m.29514	38.247	251	121	4	40	259	15	262	1.84e-41	147
Flabcita	CP@TRINITY_DN998_c1_g1::CP@TRINITY_DN998_c1_g1_i7::g.29534::m.29534	37.759	241	119	3	47	256	22	262	2.03e-42	150
Flabcita	CP@TRINITY_DN998_c1_g1::CP@TRINITY_DN998_c1_g1_i18::g.29526::m.29526	37.759	241	119	3	47	256	22	262	2.03e-42	150
Flabcita	CP@TRINITY_DN998_c1_g1::CP@TRINITY_DN998_c1_g1_i10::g.29514::m.29514	37.759	241	119	3	47	256	22	262	2.03e-42	150
Echiexud	CP@TRINITY_DN998_c1_g1::CP@TRINITY_DN998_c1_g1_i7::g.29534::m.29534	40.598	234	107	5	58	260	30	262	4.38e-42	149
Echiexud	CP@TRINITY_DN998_c1_g1::CP@TRINITY_DN998_c1_g1_i18::g.29526::m.29526	40.598	234	107	5	58	260	30	262	4.38e-42	149
Echiexud	CP@TRINITY_DN998_c1_g1::CP@TRINITY_DN998_c1_g1_i10::g.29514::m.29514	40.598	234	107	5	58	260	30	262	4.38e-42	149
Vermverm	CP@TRINITY_DN998_c1_g1::CP@TRINITY_DN998_c1_g1_i7::g.29534::m.29534	38.889	252	116	5	43	263	22	266	7.41e-42	148
Vermverm	CP@TRINITY_DN998_c1_g1::CP@TRINITY_DN998_c1_g1_i18::g.29526::m.29526	38.889	252	116	5	43	263	22	266	7.41e-42	148
Vermverm	CP@TRINITY_DN998_c1_g1::CP@TRINITY_DN998_c1_g1_i10::g.29514::m.29514	38.889	252	116	5	43	263	22	266	7.41e-42	148
Nemavect	CP@TRINITY_DN998_c1_g1::CP@TRINITY_DN998_c1_g1_i7::g.29534::m.29534	43.162	234	119	4	22	242	30	262	3.67e-51	174
Nemavect	CP@TRINITY_DN998_c1_g1::CP@TRINITY_DN998_c1_g1_i18::g.29526::m.29526	43.162	234	119	4	22	242	30	262	3.67e-51	174
Nemavect	CP@TRINITY_DN998_c1_g1::CP@TRINITY_DN998_c1_g1_i10::g.29514::m.29514	43.162	234	119	4	22	242	30	262	3.67e-51	174
Homosapi	CP@TRINITY_DN998_c1_g1::CP@TRINITY_DN998_c1_g1_i7::g.29534::m.29534	40.664	241	125	4	22	246	24	262	6.21e-50	171
Homosapi	CP@TRINITY_DN998_c1_g1::CP@TRINITY_DN998_c1_g1_i18::g.29526::m.29526	40.664	241	125	4	22	246	24	262	6.21e-50	171
Homosapi	CP@TRINITY_DN998_c1_g1::CP@TRINITY_DN998_c1_g1_i10::g.29514::m.29514	40.664	241	125	4	22	246	24	262	6.21e-50	171
Paulchro	CP@TRINITY_DN998_c1_g1::CP@TRINITY_DN998_c1_g1_i7::g.29534::m.29534	42.979	235	115	4	43	260	30	262	1.60e-52	178
Paulchro	CP@TRINITY_DN998_c1_g1::CP@TRINITY_DN998_c1_g1_i18::g.29526::m.29526	42.979	235	115	4	43	260	30	262	1.60e-52	178
Paulchro	CP@TRINITY_DN998_c1_g1::CP@TRINITY_DN998_c1_g1_i10::g.29514::m.29514	42.979	235	115	4	43	260	30	262	1.60e-52	178
Idiovort	CP@TRINITY_DN998_c1_g1::CP@TRINITY_DN998_c1_g1_i7::g.29534::m.29534	40.079	252	134	4	131	373	23	266	1.38e-47	167
Idiovort	CP@TRINITY_DN998_c1_g1::CP@TRINITY_DN998_c1_g1_i18::g.29526::m.29526	40.079	252	134	4	131	373	23	266	1.38e-47	167
Idiovort	CP@TRINITY_DN998_c1_g1::CP@TRINITY_DN998_c1_g1_i10::g.29514::m.29514	40.079	252	134	4	131	373	23	266	1.38e-47	167
Idiovort	CP@TRINITY_DN998_c1_g1::CP@TRINITY_DN998_c1_g1_i7::g.29535::m.29535	51.701	147	68	1	376	519	1	147	8.41e-42	147
Idiovort	CP@TRINITY_DN998_c1_g1::CP@TRINITY_DN998_c1_g1_i18::g.29527::m.29527	51.701	147	68	1	376	519	1	147	8.41e-42	147
Idiovort	CP@TRINITY_DN998_c1_g1::CP@TRINITY_DN998_c1_g1_i13::g.29521::m.29521	51.701	147	68	1	376	519	1	147	8.41e-42	147
Idiovort	CP@TRINITY_DN998_c1_g1::CP@TRINITY_DN998_c1_g1_i10::g.29517::m.29517	51.701	147	68	1	376	519	1	147	8.41e-42	147
Parvatla	CP@TRINITY_DN998_c1_g1::CP@TRINITY_DN998_c1_g1_i7::g.29534::m.29534	43.568	241	119	4	42	267	24	262	2.70e-54	182
Parvatla	CP@TRINITY_DN998_c1_g1::CP@TRINITY_DN998_c1_g1_i18::g.29526::m.29526	43.568	241	119	4	42	267	24	262	2.70e-54	182
Parvatla	CP@TRINITY_DN998_c1_g1::CP@TRINITY_DN998_c1_g1_i10::g.29514::m.29514	43.568	241	119	4	42	267	24	262	2.70e-54	182
MatazaD1	CP@TRINITY_DN998_c1_g1::CP@TRINITY_DN998_c1_g1_i7::g.29534::m.29534	40.244	246	126	6	19	247	21	262	1.21e-46	162
MatazaD1	CP@TRINITY_DN998_c1_g1::CP@TRINITY_DN998_c1_g1_i18::g.29526::m.29526	40.244	246	126	6	19	247	21	262	1.21e-46	162
MatazaD1	CP@TRINITY_DN998_c1_g1::CP@TRINITY_DN998_c1_g1_i10::g.29514::m.29514	40.244	246	126	6	19	247	21	262	1.21e-46	162
Monobrev	CP@TRINITY_DN998_c1_g1::CP@TRINITY_DN998_c1_g1_i7::g.29534::m.29534	44.534	247	124	4	39	274	18	262	2.29e-58	193
Monobrev	CP@TRINITY_DN998_c1_g1::CP@TRINITY_DN998_c1_g1_i18::g.29526::m.29526	44.534	247	124	4	39	274	18	262	2.29e-58	193
Monobrev	CP@TRINITY_DN998_c1_g1::CP@TRINITY_DN998_c1_g1_i10::g.29514::m.29514	44.534	247	124	4	39	274	18	262	2.29e-58	193
Acancast	CP@TRINITY_DN998_c1_g1::CP@TRINITY_DN998_c1_g1_i7::g.29534::m.29534	39.662	237	127	4	40	261	27	262	8.49e-49	168
Acancast	CP@TRINITY_DN998_c1_g1::CP@TRINITY_DN998_c1_g1_i18::g.29526::m.29526	39.662	237	127	4	40	261	27	262	8.49e-49	168
Acancast	CP@TRINITY_DN998_c1_g1::CP@TRINITY_DN998_c1_g1_i10::g.29514::m.29514	39.662	237	127	4	40	261	27	262	8.49e-49	168
Syssmult	CP@TRINITY_DN998_c1_g1::CP@TRINITY_DN998_c1_g1_i7::g.29534::m.29534	42.975	242	122	3	34	261	23	262	6.90e-54	181
Syssmult	CP@TRINITY_DN998_c1_g1::CP@TRINITY_DN998_c1_g1_i18::g.29526::m.29526	42.975	242	122	3	34	261	23	262	6.90e-54	181
Syssmult	CP@TRINITY_DN998_c1_g1::CP@TRINITY_DN998_c1_g1_i10::g.29514::m.29514	42.975	242	122	3	34	261	23	262	6.90e-54	181
Coralima	CP@TRINITY_DN998_c1_g1::CP@TRINITY_DN998_c1_g1_i7::g.29534::m.29534	41.532	248	126	5	166	411	30	260	9.26e-47	166
Coralima	CP@TRINITY_DN998_c1_g1::CP@TRINITY_DN998_c1_g1_i18::g.29526::m.29526	41.532	248	126	5	166	411	30	260	9.26e-47	166
Coralima	CP@TRINITY_DN998_c1_g1::CP@TRINITY_DN998_c1_g1_i10::g.29514::m.29514	41.532	248	126	5	166	411	30	260	9.26e-47	166
Sphadest	CP@TRINITY_DN998_c1_g1::CP@TRINITY_DN998_c1_g1_i7::g.29534::m.29534	37.956	274	127	6	42	312	29	262	5.65e-46	162
Sphadest	CP@TRINITY_DN998_c1_g1::CP@TRINITY_DN998_c1_g1_i18::g.29526::m.29526	37.956	274	127	6	42	312	29	262	5.65e-46	162
Sphadest	CP@TRINITY_DN998_c1_g1::CP@TRINITY_DN998_c1_g1_i10::g.29514::m.29514	37.956	274	127	6	42	312	29	262	5.65e-46	162
Perkmari	CP@TRINITY_DN998_c1_g1::CP@TRINITY_DN998_c1_g1_i7::g.29534::m.29534	38.610	259	135	7	3	249	14	260	8.60e-43	152
Perkmari	CP@TRINITY_DN998_c1_g1::CP@TRINITY_DN998_c1_g1_i18::g.29526::m.29526	38.610	259	135	7	3	249	14	260	8.60e-43	152
Perkmari	CP@TRINITY_DN998_c1_g1::CP@TRINITY_DN998_c1_g1_i10::g.29514::m.29514	38.610	259	135	7	3	249	14	260	8.60e-43	152
TeloneP2	CP@TRINITY_DN998_c1_g1::CP@TRINITY_DN998_c1_g1_i7::g.29534::m.29534	37.805	246	122	4	49	278	30	260	4.24e-44	156
TeloneP2	CP@TRINITY_DN998_c1_g1::CP@TRINITY_DN998_c1_g1_i18::g.29526::m.29526	37.805	246	122	4	49	278	30	260	4.24e-44	156
TeloneP2	CP@TRINITY_DN998_c1_g1::CP@TRINITY_DN998_c1_g1_i10::g.29514::m.29514	37.805	246	122	4	49	278	30	260	4.24e-44	156
Chryrota	CP@TRINITY_DN998_c1_g1::CP@TRINITY_DN998_c1_g1_i7::g.29534::m.29534	37.970	266	141	6	26	289	19	262	7.59e-43	153
Chryrota	CP@TRINITY_DN998_c1_g1::CP@TRINITY_DN998_c1_g1_i18::g.29526::m.29526	37.970	266	141	6	26	289	19	262	7.59e-43	153
Chryrota	CP@TRINITY_DN998_c1_g1::CP@TRINITY_DN998_c1_g1_i10::g.29514::m.29514	37.970	266	141	6	26	289	19	262	7.59e-43	153
Calclept	CP@TRINITY_DN998_c1_g1::CP@TRINITY_DN998_c1_g1_i7::g.29534::m.29534	36.471	255	137	2	44	287	20	260	1.39e-42	152
Calclept	CP@TRINITY_DN998_c1_g1::CP@TRINITY_DN998_c1_g1_i18::g.29526::m.29526	36.471	255	137	2	44	287	20	260	1.39e-42	152
Calclept	CP@TRINITY_DN998_c1_g1::CP@TRINITY_DN998_c1_g1_i10::g.29514::m.29514	36.471	255	137	2	44	287	20	260	1.39e-42	152
Chrycart	CP@TRINITY_DN998_c1_g1::CP@TRINITY_DN998_c1_g1_i7::g.29534::m.29534	39.035	228	126	5	60	275	34	260	3.42e-41	150
Chrycart	CP@TRINITY_DN998_c1_g1::CP@TRINITY_DN998_c1_g1_i18::g.29526::m.29526	39.035	228	126	5	60	275	34	260	3.42e-41	150
Chrycart	CP@TRINITY_DN998_c1_g1::CP@TRINITY_DN998_c1_g1_i10::g.29514::m.29514	39.035	228	126	5	60	275	34	260	3.42e-41	150
Sacccere	CP@TRINITY_DN998_c1_g1::CP@TRINITY_DN998_c1_g1_i7::g.29534::m.29534	39.841	251	138	5	30	277	18	258	4.31e-46	161
Sacccere	CP@TRINITY_DN998_c1_g1::CP@TRINITY_DN998_c1_g1_i18::g.29526::m.29526	39.841	251	138	5	30	277	18	258	4.31e-46	161
Sacccere	CP@TRINITY_DN998_c1_g1::CP@TRINITY_DN998_c1_g1_i10::g.29514::m.29514	39.841	251	138	5	30	277	18	258	4.31e-46	161
Parasacc	CP@TRINITY_DN998_c1_g1::CP@TRINITY_DN998_c1_g1_i7::g.29534::m.29534	45.259	232	106	3	143	355	31	260	1.91e-56	190
Parasacc	CP@TRINITY_DN998_c1_g1::CP@TRINITY_DN998_c1_g1_i18::g.29526::m.29526	45.259	232	106	3	143	355	31	260	1.91e-56	190
Parasacc	CP@TRINITY_DN998_c1_g1::CP@TRINITY_DN998_c1_g1_i10::g.29514::m.29514	45.259	232	106	3	143	355	31	260	1.91e-56	190
Creofrag	CP@TRINITY_DN998_c1_g1::CP@TRINITY_DN998_c1_g1_i7::g.29534::m.29534	38.961	231	125	5	43	258	31	260	2.64e-45	159
Creofrag	CP@TRINITY_DN998_c1_g1::CP@TRINITY_DN998_c1_g1_i18::g.29526::m.29526	38.961	231	125	5	43	258	31	260	2.64e-45	159
Creofrag	CP@TRINITY_DN998_c1_g1::CP@TRINITY_DN998_c1_g1_i10::g.29514::m.29514	38.961	231	125	5	43	258	31	260	2.64e-45	159
Bigenata	CP@TRINITY_DN998_c1_g1::CP@TRINITY_DN998_c1_g1_i7::g.29534::m.29534	38.800	250	127	2	80	317	27	262	3.65e-50	173
Bigenata	CP@TRINITY_DN998_c1_g1::CP@TRINITY_DN998_c1_g1_i18::g.29526::m.29526	38.800	250	127	2	80	317	27	262	3.65e-50	173
Bigenata	CP@TRINITY_DN998_c1_g1::CP@TRINITY_DN998_c1_g1_i10::g.29514::m.29514	38.800	250	127	2	80	317	27	262	3.65e-50	173
Chlorept	CP@TRINITY_DN998_c1_g1::CP@TRINITY_DN998_c1_g1_i7::g.29534::m.29534	40.239	251	123	5	86	324	27	262	8.69e-51	174
Chlorept	CP@TRINITY_DN998_c1_g1::CP@TRINITY_DN998_c1_g1_i18::g.29526::m.29526	40.239	251	123	5	86	324	27	262	8.69e-51	174
Chlorept	CP@TRINITY_DN998_c1_g1::CP@TRINITY_DN998_c1_g1_i10::g.29514::m.29514	40.239	251	123	5	86	324	27	262	8.69e-51	174
