Blasemer	CP@TRINITY_DN12464_c0_g1::CP@TRINITY_DN12464_c0_g1_i1::g.34040::m.34040	66.957	115	38	0	69	183	1	115	5.01e-52	162
Styginca	CP@TRINITY_DN12464_c0_g1::CP@TRINITY_DN12464_c0_g1_i1::g.34040::m.34040	51.220	123	58	1	136	258	1	121	7.75e-42	139
Tetrther	CP@TRINITY_DN12464_c0_g1::CP@TRINITY_DN12464_c0_g1_i1::g.34040::m.34040	55.357	112	50	0	187	298	4	115	4.91e-42	141
Protadhe	CP@TRINITY_DN12464_c0_g1::CP@TRINITY_DN12464_c0_g1_i1::g.34040::m.34040	51.695	118	57	0	193	310	1	118	1.77e-41	140
Rainerin	CP@TRINITY_DN12464_c0_g1::CP@TRINITY_DN12464_c0_g1_i1::g.34040::m.34040	58.974	117	48	0	155	271	1	117	5.03e-44	145
Plasbras	CP@TRINITY_DN12464_c0_g1::CP@TRINITY_DN12464_c0_g1_i1::g.34040::m.34040	54.386	114	51	1	148	260	4	117	7.12e-41	137
Leptvora	CP@TRINITY_DN12464_c0_g1::CP@TRINITY_DN12464_c0_g1_i1::g.34040::m.34040	60.504	119	46	1	159	276	1	119	1.16e-45	150
Lapoguse	CP@TRINITY_DN12464_c0_g1::CP@TRINITY_DN12464_c0_g1_i1::g.34040::m.34040	58.261	115	48	0	152	266	1	115	1.24e-44	147
Physpoly	CP@TRINITY_DN12464_c0_g1::CP@TRINITY_DN12464_c0_g1_i1::g.34040::m.34040	59.829	117	47	0	150	266	1	117	3.44e-42	140
Dictdisc	CP@TRINITY_DN12464_c0_g1::CP@TRINITY_DN12464_c0_g1_i1::g.34040::m.34040	52.893	121	57	0	124	244	1	121	1.58e-41	139
Prassing	CP@TRINITY_DN12464_c0_g1::CP@TRINITY_DN12464_c0_g1_i1::g.34040::m.34040	56.897	116	50	0	124	239	1	116	5.43e-41	137
Dunasali	CP@TRINITY_DN12464_c0_g1::CP@TRINITY_DN12464_c0_g1_i1::g.34040::m.34040	54.167	120	55	0	195	314	1	120	2.11e-43	145
Nephpyri	CP@TRINITY_DN12464_c0_g1::CP@TRINITY_DN12464_c0_g1_i1::g.34040::m.34040	55.462	119	53	0	160	278	1	119	9.13e-43	142
Chlovari	CP@TRINITY_DN12464_c0_g1::CP@TRINITY_DN12464_c0_g1_i1::g.34040::m.34040	59.167	120	49	0	128	247	3	122	5.27e-47	154
Prascaps	CP@TRINITY_DN12464_c0_g1::CP@TRINITY_DN12464_c0_g1_i1::g.34040::m.34040	58.261	115	48	0	166	280	1	115	1.01e-44	148
Mesoviri	CP@TRINITY_DN12464_c0_g1::CP@TRINITY_DN12464_c0_g1_i1::g.34040::m.34040	55.652	115	51	0	157	271	1	115	1.81e-41	139
Charbrau	CP@TRINITY_DN12464_c0_g1::CP@TRINITY_DN12464_c0_g1_i1::g.34040::m.34040	61.207	116	45	0	299	414	1	116	1.45e-44	151
Arabthal	CP@TRINITY_DN12464_c0_g1::CP@TRINITY_DN12464_c0_g1_i1::g.34040::m.34040	59.130	115	47	0	133	247	1	115	1.68e-43	143
Telosubt	CP@TRINITY_DN12464_c0_g1::CP@TRINITY_DN12464_c0_g1_i1::g.34040::m.34040	57.759	116	49	0	139	254	1	116	8.80e-47	152
TeloneP2	CP@TRINITY_DN12464_c0_g1::CP@TRINITY_DN12464_c0_g1_i1::g.34040::m.34040	56.522	115	50	0	122	236	1	115	1.02e-44	146
Protfung	CP@TRINITY_DN12464_c0_g1::CP@TRINITY_DN12464_c0_g1_i1::g.34040::m.34040	61.404	114	44	0	137	250	1	114	4.42e-46	150
Homosapi	CP@TRINITY_DN12464_c0_g1::CP@TRINITY_DN12464_c0_g1_i1::g.34040::m.34040	65.254	118	41	0	145	262	1	118	6.22e-51	163
Capsowcz	CP@TRINITY_DN12464_c0_g1::CP@TRINITY_DN12464_c0_g1_i1::g.34040::m.34040	73.267	101	27	0	179	279	1	101	9.59e-48	166
Coralima	CP@TRINITY_DN12464_c0_g1::CP@TRINITY_DN12464_c0_g1_i1::g.34040::m.34040	54.167	120	54	1	127	246	1	119	8.96e-46	149
Syssmult	CP@TRINITY_DN12464_c0_g1::CP@TRINITY_DN12464_c0_g1_i1::g.34040::m.34040	65.546	119	41	0	171	289	1	119	1.86e-52	167
Sphadest	CP@TRINITY_DN12464_c0_g1::CP@TRINITY_DN12464_c0_g1_i1::g.34040::m.34040	63.248	117	43	0	43	159	1	117	1.02e-50	158
Creofrag	CP@TRINITY_DN12464_c0_g1::CP@TRINITY_DN12464_c0_g1_i1::g.34040::m.34040	60.976	123	43	1	169	291	1	118	3.73e-48	157
Parvatla	CP@TRINITY_DN12464_c0_g1::CP@TRINITY_DN12464_c0_g1_i1::g.34040::m.34040	67.797	118	38	0	131	248	1	118	4.81e-55	173
Mitodaph	CP@TRINITY_DN12464_c0_g1::CP@TRINITY_DN12464_c0_g1_i1::g.34040::m.34040	58.824	119	46	1	152	267	1	119	2.23e-45	149
Rozeallo	CP@TRINITY_DN12464_c0_g1::CP@TRINITY_DN12464_c0_g1_i1::g.34040::m.34040	58.261	115	48	0	119	233	1	115	1.84e-42	140
Parasacc	CP@TRINITY_DN12464_c0_g1::CP@TRINITY_DN12464_c0_g1_i1::g.34040::m.34040	58.621	116	48	0	109	224	1	116	1.66e-43	142
Batrdend	CP@TRINITY_DN12464_c0_g1::CP@TRINITY_DN12464_c0_g1_i1::g.34040::m.34040	65.517	116	40	0	109	224	2	117	9.99e-51	162
Sacccere	CP@TRINITY_DN12464_c0_g1::CP@TRINITY_DN12464_c0_g1_i1::g.34040::m.34040	60.169	118	47	0	166	283	1	118	1.88e-45	149
Idiovort	CP@TRINITY_DN12464_c0_g1::CP@TRINITY_DN12464_c0_g1_i1::g.34040::m.34040	53.782	119	55	0	128	246	2	120	1.97e-41	138
Vannfimi	CP@TRINITY_DN12464_c0_g1::CP@TRINITY_DN12464_c0_g1_i1::g.34040::m.34040	61.739	115	44	0	156	270	1	115	1.02e-47	155
Chlorept	CP@TRINITY_DN12464_c0_g1::CP@TRINITY_DN12464_c0_g1_i1::g.34040::m.34040	51.667	120	58	0	118	237	3	122	8.31e-42	139
MatazaD1	CP@TRINITY_DN12464_c0_g1::CP@TRINITY_DN12464_c0_g1_i1::g.34040::m.34040	55.556	117	51	1	174	289	2	118	2.16e-41	139
Brevmoto	CP@TRINITY_DN12464_c0_g1::CP@TRINITY_DN12464_c0_g1_i1::g.34040::m.34040	54.622	119	52	1	23	141	2	118	2.87e-42	137
Roomtrun	CP@TRINITY_DN12464_c0_g1::CP@TRINITY_DN12464_c0_g1_i1::g.34040::m.34040	57.724	123	52	0	137	259	1	123	7.46e-45	147
Haloseos	CP@TRINITY_DN12464_c0_g1::CP@TRINITY_DN12464_c0_g1_i1::g.34040::m.34040	59.504	121	49	0	153	273	1	121	2.47e-47	154
Rhodemar	CP@TRINITY_DN12464_c0_g1::CP@TRINITY_DN12464_c0_g1_i1::g.34040::m.34040	53.390	118	54	1	130	246	1	118	8.31e-42	139
Rhodlimn	CP@TRINITY_DN12464_c0_g1::CP@TRINITY_DN12464_c0_g1_i1::g.34040::m.34040	59.322	118	47	1	135	251	1	118	2.11e-45	148
Wobbluna	CP@TRINITY_DN12464_c0_g1::CP@TRINITY_DN12464_c0_g1_i1::g.34040::m.34040	54.622	119	54	0	150	268	1	119	2.55e-41	139
Pythirre	CP@TRINITY_DN12464_c0_g1::CP@TRINITY_DN12464_c0_g1_i1::g.34040::m.34040	52.893	121	57	0	137	257	1	121	7.86e-42	139
Pseuelas	CP@TRINITY_DN12464_c0_g1::CP@TRINITY_DN12464_c0_g1_i1::g.34040::m.34040	52.206	136	50	1	108	243	1	121	1.04e-42	141
Octaspec	CP@TRINITY_DN12464_c0_g1::CP@TRINITY_DN12464_c0_g1_i1::g.34040::m.34040	52.941	119	56	0	127	245	1	119	8.77e-41	136
Flor1587	CP@TRINITY_DN12464_c0_g1::CP@TRINITY_DN12464_c0_g1_i1::g.34040::m.34040	49.180	122	62	0	29	150	1	122	3.12e-42	137
Heteakas	CP@TRINITY_DN12464_c0_g1::CP@TRINITY_DN12464_c0_g1_i1::g.34040::m.34040	54.701	117	53	0	138	254	1	117	2.19e-41	139
Cantmars	CP@TRINITY_DN12464_c0_g1::CP@TRINITY_DN12464_c0_g1_i1::g.34040::m.34040	54.237	118	53	1	138	254	1	118	7.90e-42	141
Ostrtaur	CP@TRINITY_DN12464_c0_g1::CP@TRINITY_DN12464_c0_g1_i1::g.34040::m.34040	57.627	118	50	0	157	274	1	118	2.51e-47	154
Physpate	CP@TRINITY_DN12464_c0_g1::CP@TRINITY_DN12464_c0_g1_i1::g.34040::m.34040	56.522	115	50	0	180	294	1	115	8.78e-43	143
Gloewitr	CP@TRINITY_DN12464_c0_g1::CP@TRINITY_DN12464_c0_g1_i1::g.34040::m.34040	60.000	115	46	0	121	235	1	115	3.12e-45	148
HeterBB2	CP@TRINITY_DN12464_c0_g1::CP@TRINITY_DN12464_c0_g1_i1::g.34040::m.34040	55.652	115	51	0	43	157	1	115	4.20e-43	139
Nutolong	CP@TRINITY_DN12464_c0_g1::CP@TRINITY_DN12464_c0_g1_i1::g.34040::m.34040	55.738	122	53	1	155	276	1	121	1.50e-43	144
Fabotrop	CP@TRINITY_DN12464_c0_g1::CP@TRINITY_DN12464_c0_g1_i1::g.34040::m.34040	61.607	112	43	0	156	267	4	115	2.00e-46	151
Cochminu	CP@TRINITY_DN12464_c0_g1::CP@TRINITY_DN12464_c0_g1_i1::g.34040::m.34040	55.932	118	52	0	133	250	1	118	3.14e-41	137
Ovaldese	CP@TRINITY_DN12464_c0_g1::CP@TRINITY_DN12464_c0_g1_i1::g.34040::m.34040	59.130	115	47	0	129	243	1	115	2.76e-45	147
NolaAFSM	CP@TRINITY_DN12464_c0_g1::CP@TRINITY_DN12464_c0_g1_i1::g.34040::m.34040	61.739	115	44	0	159	273	1	115	4.54e-50	161
Veximinu	CP@TRINITY_DN12464_c0_g1::CP@TRINITY_DN12464_c0_g1_i1::g.34040::m.34040	56.780	118	51	0	189	306	1	118	4.34e-44	147
Luaphula	CP@TRINITY_DN12464_c0_g1::CP@TRINITY_DN12464_c0_g1_i1::g.34040::m.34040	62.712	118	44	0	150	267	1	118	1.26e-48	157
Pellcata	CP@TRINITY_DN12464_c0_g1::CP@TRINITY_DN12464_c0_g1_i1::g.34040::m.34040	57.391	115	49	0	72	186	1	115	2.96e-44	143
Gocefonb	CP@TRINITY_DN12464_c0_g1::CP@TRINITY_DN12464_c0_g1_i1::g.34040::m.34040	64.348	115	41	0	135	249	1	115	1.65e-50	161
Endozona	CP@TRINITY_DN12464_c0_g1::CP@TRINITY_DN12464_c0_g1_i1::g.34040::m.34040	62.281	114	43	0	135	248	2	115	3.03e-47	153
Masteilh	CP@TRINITY_DN12464_c0_g1::CP@TRINITY_DN12464_c0_g1_i1::g.34040::m.34040	59.322	118	48	0	120	237	1	118	1.94e-43	142
Stensten	CP@TRINITY_DN12464_c0_g1::CP@TRINITY_DN12464_c0_g1_i1::g.34040::m.34040	58.772	114	47	0	149	262	1	114	5.87e-46	150
Sapppeda	CP@TRINITY_DN12464_c0_g1::CP@TRINITY_DN12464_c0_g1_i1::g.34040::m.34040	60.504	119	47	0	148	266	1	119	1.07e-45	149
Cuneruss	CP@TRINITY_DN12464_c0_g1::CP@TRINITY_DN12464_c0_g1_i1::g.34040::m.34040	60.000	115	46	0	133	247	1	115	4.74e-43	142
Gefiokel	CP@TRINITY_DN12464_c0_g1::CP@TRINITY_DN12464_c0_g1_i1::g.34040::m.34040	55.000	120	54	0	139	258	1	120	7.72e-42	140
MicrA134	CP@TRINITY_DN12464_c0_g1::CP@TRINITY_DN12464_c0_g1_i1::g.34040::m.34040	59.483	116	47	0	197	312	1	116	5.45e-44	147
Echiexud	CP@TRINITY_DN12464_c0_g1::CP@TRINITY_DN12464_c0_g1_i1::g.34040::m.34040	54.622	119	54	0	208	326	1	119	2.45e-43	145
Flabcita	CP@TRINITY_DN12464_c0_g1::CP@TRINITY_DN12464_c0_g1_i1::g.34040::m.34040	60.169	118	47	0	151	268	1	118	3.73e-46	150
Amoeprot	CP@TRINITY_DN12464_c0_g1::CP@TRINITY_DN12464_c0_g1_i1::g.34040::m.34040	56.410	117	51	0	172	288	1	117	1.89e-43	144
Coprprot	CP@TRINITY_DN12464_c0_g1::CP@TRINITY_DN12464_c0_g1_i1::g.34040::m.34040	56.410	117	51	0	159	275	1	117	6.83e-44	145
Rhizsaxo	CP@TRINITY_DN12464_c0_g1::CP@TRINITY_DN12464_c0_g1_i1::g.34040::m.34040	60.504	119	43	2	129	246	1	116	1.03e-45	149
Arcevulg	CP@TRINITY_DN12464_c0_g1::CP@TRINITY_DN12464_c0_g1_i1::g.34040::m.34040	53.913	115	53	0	147	261	2	116	7.68e-41	137
Paralevi	CP@TRINITY_DN12464_c0_g1::CP@TRINITY_DN12464_c0_g1_i1::g.34040::m.34040	56.522	115	50	0	173	287	1	115	9.21e-41	137
Schivulg	CP@TRINITY_DN12464_c0_g1::CP@TRINITY_DN12464_c0_g1_i1::g.34040::m.34040	60.870	115	45	0	150	264	1	115	4.16e-45	148
Vermverm	CP@TRINITY_DN12464_c0_g1::CP@TRINITY_DN12464_c0_g1_i1::g.34040::m.34040	56.410	117	51	0	156	272	1	117	2.84e-43	144
Rhizelon	CP@TRINITY_DN12464_c0_g1::CP@TRINITY_DN12464_c0_g1_i1::g.34040::m.34040	55.172	116	52	0	146	261	1	116	1.04e-41	139
Soliirre	CP@TRINITY_DN12464_c0_g1::CP@TRINITY_DN12464_c0_g1_i1::g.34040::m.34040	59.130	115	47	0	131	245	1	115	5.16e-44	144
Amoepara	CP@TRINITY_DN12464_c0_g1::CP@TRINITY_DN12464_c0_g1_i1::g.34040::m.34040	58.537	123	46	1	135	257	1	118	1.44e-46	151
Sphaarct	CP@TRINITY_DN12464_c0_g1::CP@TRINITY_DN12464_c0_g1_i1::g.34040::m.34040	60.976	123	43	1	45	167	1	118	9.31e-49	154
Minivibr	CP@TRINITY_DN12464_c0_g1::CP@TRINITY_DN12464_c0_g1_i1::g.34040::m.34040	65.546	119	41	0	57	175	1	119	9.51e-55	169
Caeneleg	CP@TRINITY_DN12464_c0_g1::CP@TRINITY_DN12464_c0_g1_i1::g.34040::m.34040	69.492	118	36	0	137	254	1	118	8.01e-59	182
Mnemleid	CP@TRINITY_DN12464_c0_g1::CP@TRINITY_DN12464_c0_g1_i1::g.34040::m.34040	61.017	118	44	1	42	157	1	118	7.98e-49	153
Aplycali	CP@TRINITY_DN12464_c0_g1::CP@TRINITY_DN12464_c0_g1_i1::g.34040::m.34040	69.828	116	35	0	138	253	1	116	1.98e-54	171
Branflor	CP@TRINITY_DN12464_c0_g1::CP@TRINITY_DN12464_c0_g1_i1::g.34040::m.34040	67.797	118	38	0	133	250	1	118	1.40e-54	172
Drosmela	CP@TRINITY_DN12464_c0_g1::CP@TRINITY_DN12464_c0_g1_i1::g.34040::m.34040	63.478	115	42	0	142	256	1	115	7.24e-53	167
Apismell	CP@TRINITY_DN12464_c0_g1::CP@TRINITY_DN12464_c0_g1_i1::g.34040::m.34040	66.116	121	41	0	145	265	1	121	6.64e-55	173
Amphquee	CP@TRINITY_DN12464_c0_g1::CP@TRINITY_DN12464_c0_g1_i1::g.34040::m.34040	61.017	118	43	1	138	252	1	118	1.15e-45	149
Salprose	CP@TRINITY_DN12464_c0_g1::CP@TRINITY_DN12464_c0_g1_i1::g.34040::m.34040	60.976	123	40	2	96	215	1	118	1.12e-46	150
Fontalba	CP@TRINITY_DN12464_c0_g1::CP@TRINITY_DN12464_c0_g1_i1::g.34040::m.34040	56.667	120	52	0	159	278	1	120	6.65e-43	144
Mancberm	CP@TRINITY_DN12464_c0_g1::CP@TRINITY_DN12464_c0_g1_i1::g.34040::m.34040	60.526	114	45	0	162	275	1	114	3.07e-45	149
Spizpunc	CP@TRINITY_DN12464_c0_g1::CP@TRINITY_DN12464_c0_g1_i1::g.34040::m.34040	63.478	115	42	0	145	259	2	116	1.19e-48	157
Ustimayd	CP@TRINITY_DN12464_c0_g1::CP@TRINITY_DN12464_c0_g1_i1::g.34040::m.34040	61.789	123	43	2	251	372	1	120	2.15e-46	154
Neurcras	CP@TRINITY_DN12464_c0_g1::CP@TRINITY_DN12464_c0_g1_i1::g.34040::m.34040	56.303	119	52	0	168	286	1	119	4.63e-44	146
Debahans	CP@TRINITY_DN12464_c0_g1::CP@TRINITY_DN12464_c0_g1_i1::g.34040::m.34040	61.667	120	46	0	171	290	1	120	2.13e-50	162
Schizpom	CP@TRINITY_DN12464_c0_g1::CP@TRINITY_DN12464_c0_g1_i1::g.34040::m.34040	57.143	119	51	0	155	273	1	119	9.75e-44	144
Blasbrit	CP@TRINITY_DN12464_c0_g1::CP@TRINITY_DN12464_c0_g1_i1::g.34040::m.34040	63.333	120	44	0	130	249	1	120	5.08e-52	165
Allomacr	CP@TRINITY_DN12464_c0_g1::CP@TRINITY_DN12464_c0_g1_i1::g.34040::m.34040	64.655	116	41	0	156	271	1	116	2.07e-50	162
