Calltube	CP@TRINITY_DN13311_c0_g2::CP@TRINITY_DN13311_c0_g2_i1::g.35967::m.35967	39.700	267	145	2	1	251	9	275	2.93e-57	191
Platmacr	CP@TRINITY_DN13311_c0_g1::CP@TRINITY_DN13311_c0_g1_i1::g.35966::m.35966	27.273	462	308	7	137	578	1	454	1.50e-48	175
Tetrther	CP@TRINITY_DN13311_c0_g1::CP@TRINITY_DN13311_c0_g1_i1::g.35966::m.35966	34.799	273	174	3	282	550	1	273	1.41e-43	164
Tetrther	CP@TRINITY_DN13311_c0_g2::CP@TRINITY_DN13311_c0_g2_i1::g.35967::m.35967	37.956	274	152	3	5	260	2	275	1.55e-43	159
Ichtmult	CP@TRINITY_DN13311_c0_g2::CP@TRINITY_DN13311_c0_g2_i1::g.35967::m.35967	36.531	271	154	3	5	257	2	272	9.55e-43	155
Stencoer	CP@TRINITY_DN13311_c0_g1::CP@TRINITY_DN13311_c0_g1_i1::g.35966::m.35966	35.316	269	171	3	283	548	8	276	4.26e-42	158
Monobrev	CP@TRINITY_DN13311_c0_g1::CP@TRINITY_DN13311_c0_g1_i1::g.35966::m.35966	32.420	438	282	6	294	726	1	429	6.63e-58	205
Monobrev	CP@TRINITY_DN13311_c0_g2::CP@TRINITY_DN13311_c0_g2_i1::g.35967::m.35967	35.616	292	155	3	2	279	3	275	2.94e-47	169
Andagodo	CP@TRINITY_DN13311_c0_g2::CP@TRINITY_DN13311_c0_g2_i1::g.35967::m.35967	40.659	273	145	4	4	261	5	275	7.37e-51	179
Stichzan	CP@TRINITY_DN13311_c0_g1::CP@TRINITY_DN13311_c0_g1_i1::g.35966::m.35966	32.765	293	193	4	109	400	2	291	7.72e-48	169
Aurisoli	CP@TRINITY_DN13311_c0_g2::CP@TRINITY_DN13311_c0_g2_i1::g.35967::m.35967	41.392	273	143	3	16	271	3	275	6.89e-59	190
Paulchro	CP@TRINITY_DN13311_c0_g1::CP@TRINITY_DN13311_c0_g1_i1::g.35966::m.35966	34.797	296	191	2	331	625	1	295	1.02e-56	202
Lapoguse	CP@TRINITY_DN13311_c0_g2::CP@TRINITY_DN13311_c0_g2_i1::g.35967::m.35967	37.410	278	153	3	35	295	2	275	3.71e-48	163
Bigenata	CP@TRINITY_DN13311_c0_g1::CP@TRINITY_DN13311_c0_g1_i1::g.35966::m.35966	28.311	438	284	7	266	695	2	417	2.37e-54	195
Bigenata	CP@TRINITY_DN13311_c0_g2::CP@TRINITY_DN13311_c0_g2_i1::g.35967::m.35967	37.455	275	137	4	1	240	1	275	4.27e-43	157
Plasbras	CP@TRINITY_DN13311_c0_g2::CP@TRINITY_DN13311_c0_g2_i1::g.35967::m.35967	36.531	271	152	3	35	285	1	271	3.36e-49	175
Plasbras	CP@TRINITY_DN13311_c0_g1::CP@TRINITY_DN13311_c0_g1_i1::g.35966::m.35966	27.957	465	275	8	311	730	6	455	1.64e-47	176
Leptvora	CP@TRINITY_DN13311_c0_g2::CP@TRINITY_DN13311_c0_g2_i1::g.35967::m.35967	43.173	271	136	3	4	257	2	271	1.49e-60	206
Leptvora	CP@TRINITY_DN13311_c0_g1::CP@TRINITY_DN13311_c0_g1_i1::g.35966::m.35966	30.641	421	249	5	284	661	3	423	7.12e-53	191
Galdphle	CP@TRINITY_DN13311_c0_g2::CP@TRINITY_DN13311_c0_g2_i1::g.35967::m.35967	41.200	250	142	2	23	270	2	248	2.21e-47	170
Gracchor	CP@TRINITY_DN13311_c0_g2::CP@TRINITY_DN13311_c0_g2_i1::g.35967::m.35967	39.781	274	149	2	6	263	2	275	5.03e-54	189
Gracchor	CP@TRINITY_DN13311_c0_g1::CP@TRINITY_DN13311_c0_g1_i1::g.35966::m.35966	34.507	284	165	4	363	645	32	295	1.82e-48	179
Porppurp	CP@TRINITY_DN13311_c0_g2::CP@TRINITY_DN13311_c0_g2_i1::g.35967::m.35967	40.580	276	148	3	14	275	2	275	2.44e-56	196
Porppurp	CP@TRINITY_DN13311_c0_g1::CP@TRINITY_DN13311_c0_g1_i1::g.35966::m.35966	27.193	456	286	8	318	773	13	422	7.42e-43	162
Vitrbras	CP@TRINITY_DN13311_c0_g2::CP@TRINITY_DN13311_c0_g2_i1::g.35967::m.35967	40.942	276	145	4	5	264	2	275	6.35e-57	198
Vitrbras	CP@TRINITY_DN13311_c0_g1::CP@TRINITY_DN13311_c0_g1_i1::g.35966::m.35966	29.054	444	275	8	462	891	1	418	3.27e-46	173
Styginca	CP@TRINITY_DN13311_c0_g1::CP@TRINITY_DN13311_c0_g1_i1::g.35966::m.35966	36.304	303	180	6	338	637	8	300	2.11e-53	193
Naeggrub	CP@TRINITY_DN13311_c0_g2::CP@TRINITY_DN13311_c0_g2_i1::g.35967::m.35967	36.101	277	157	6	1	263	5	275	1.15e-42	154
Hemikukw	CP@TRINITY_DN13311_c0_g2::CP@TRINITY_DN13311_c0_g2_i1::g.35967::m.35967	40.074	272	146	4	26	282	6	275	5.98e-52	174
MAST004E	CP@TRINITY_DN13311_c0_g2::CP@TRINITY_DN13311_c0_g2_i1::g.35967::m.35967	38.267	277	144	4	32	286	2	273	4.06e-46	166
Styllemn	CP@TRINITY_DN13311_c0_g1::CP@TRINITY_DN13311_c0_g1_i1::g.35966::m.35966	35.448	268	168	4	291	554	9	275	1.01e-45	170
Calclept	CP@TRINITY_DN13311_c0_g2::CP@TRINITY_DN13311_c0_g2_i1::g.35967::m.35967	43.704	270	135	2	9	261	6	275	2.25e-63	214
Calclept	CP@TRINITY_DN13311_c0_g1::CP@TRINITY_DN13311_c0_g1_i1::g.35966::m.35966	29.540	457	311	5	295	745	5	456	1.24e-59	210
Gephhuxl	CP@TRINITY_DN13311_c0_g2::CP@TRINITY_DN13311_c0_g2_i1::g.35967::m.35967	39.114	271	147	4	2	254	3	273	4.48e-53	184
Phaeglob	CP@TRINITY_DN13311_c0_g1::CP@TRINITY_DN13311_c0_g1_i1::g.35966::m.35966	31.264	451	293	6	243	687	4	443	9.49e-65	221
Phaeglob	CP@TRINITY_DN13311_c0_g2::CP@TRINITY_DN13311_c0_g2_i1::g.35967::m.35967	41.509	212	108	1	15	210	64	275	4.58e-52	181
Physpoly	CP@TRINITY_DN13311_c0_g1::CP@TRINITY_DN13311_c0_g1_i1::g.35966::m.35966	34.467	441	268	6	319	747	2	433	3.37e-67	231
Physpoly	CP@TRINITY_DN13311_c0_g2::CP@TRINITY_DN13311_c0_g2_i1::g.35967::m.35967	45.522	268	128	2	34	283	5	272	1.50e-64	218
SpirCILI	CP@TRINITY_DN13311_c0_g1::CP@TRINITY_DN13311_c0_g1_i1::g.35966::m.35966	30.374	428	282	7	317	740	1	416	6.34e-60	209
SpirCILI	CP@TRINITY_DN13311_c0_g2::CP@TRINITY_DN13311_c0_g2_i1::g.35967::m.35967	35.517	290	161	6	21	300	2	275	5.25e-41	151
Telosubt	CP@TRINITY_DN13311_c0_g2::CP@TRINITY_DN13311_c0_g2_i1::g.35967::m.35967	44.118	272	131	3	44	296	3	272	8.61e-58	192
TeloneP2	CP@TRINITY_DN13311_c0_g1::CP@TRINITY_DN13311_c0_g1_i1::g.35966::m.35966	33.019	424	269	5	284	698	6	423	2.39e-59	209
TeloneP2	CP@TRINITY_DN13311_c0_g2::CP@TRINITY_DN13311_c0_g2_i1::g.35967::m.35967	40.217	276	144	3	6	262	2	275	7.94e-53	185
HemaVICK	CP@TRINITY_DN13311_c0_g1::CP@TRINITY_DN13311_c0_g1_i1::g.35966::m.35966	31.442	423	275	8	324	736	1	418	1.22e-54	196
HemaVICK	CP@TRINITY_DN13311_c0_g2::CP@TRINITY_DN13311_c0_g2_i1::g.35967::m.35967	41.379	261	134	3	8	250	16	275	2.83e-51	181
Noctscin	CP@TRINITY_DN13311_c0_g2::CP@TRINITY_DN13311_c0_g2_i1::g.35967::m.35967	45.788	273	129	3	38	292	4	275	5.61e-67	226
Noctscin	CP@TRINITY_DN13311_c0_g1::CP@TRINITY_DN13311_c0_g1_i1::g.35966::m.35966	29.933	451	282	9	395	834	2	429	4.17e-52	190
Symbmicr	CP@TRINITY_DN13311_c0_g2::CP@TRINITY_DN13311_c0_g2_i1::g.35967::m.35967	42.857	273	141	2	2	259	3	275	2.83e-63	210
Oxyrmari	CP@TRINITY_DN13311_c0_g2::CP@TRINITY_DN13311_c0_g2_i1::g.35967::m.35967	39.194	273	148	3	1	256	4	275	1.01e-50	180
Oxyrmari	CP@TRINITY_DN13311_c0_g1::CP@TRINITY_DN13311_c0_g1_i1::g.35966::m.35966	28.298	470	301	9	353	803	1	453	3.70e-49	181
Gemicryo	CP@TRINITY_DN13311_c0_g1::CP@TRINITY_DN13311_c0_g1_i1::g.35966::m.35966	29.647	425	292	5	283	703	1	422	1.19e-57	204
Gemicryo	CP@TRINITY_DN13311_c0_g2::CP@TRINITY_DN13311_c0_g2_i1::g.35967::m.35967	40.809	272	143	2	7	260	4	275	3.81e-56	194
Hemirufe	CP@TRINITY_DN13311_c0_g2::CP@TRINITY_DN13311_c0_g2_i1::g.35967::m.35967	40.146	274	147	2	34	290	2	275	4.81e-63	200
Goniavon	CP@TRINITY_DN13311_c0_g2::CP@TRINITY_DN13311_c0_g2_i1::g.35967::m.35967	43.015	272	137	2	20	273	4	275	1.11e-61	210
Goniavon	CP@TRINITY_DN13311_c0_g1::CP@TRINITY_DN13311_c0_g1_i1::g.35966::m.35966	29.913	458	300	8	316	767	13	455	1.01e-57	205
Guilthet	CP@TRINITY_DN13311_c0_g1::CP@TRINITY_DN13311_c0_g1_i1::g.35966::m.35966	32.057	418	264	6	287	693	2	410	5.67e-63	217
Guilthet	CP@TRINITY_DN13311_c0_g2::CP@TRINITY_DN13311_c0_g2_i1::g.35967::m.35967	42.754	276	137	3	6	263	3	275	3.25e-61	206
Prascaps	CP@TRINITY_DN13311_c0_g2::CP@TRINITY_DN13311_c0_g2_i1::g.35967::m.35967	44.203	276	137	3	16	275	1	275	1.05e-60	207
Prascaps	CP@TRINITY_DN13311_c0_g1::CP@TRINITY_DN13311_c0_g1_i1::g.35966::m.35966	29.025	472	307	8	301	766	5	454	4.40e-53	192
Prassing	CP@TRINITY_DN13311_c0_g1::CP@TRINITY_DN13311_c0_g1_i1::g.35966::m.35966	32.308	325	207	4	9	327	94	411	5.64e-50	172
Nephpyri	CP@TRINITY_DN13311_c0_g2::CP@TRINITY_DN13311_c0_g2_i1::g.35967::m.35967	42.647	272	138	2	44	297	4	275	2.26e-59	204
Nephpyri	CP@TRINITY_DN13311_c0_g1::CP@TRINITY_DN13311_c0_g1_i1::g.35966::m.35966	29.911	448	278	8	319	756	1	422	3.27e-58	206
Chlovari	CP@TRINITY_DN13311_c0_g2::CP@TRINITY_DN13311_c0_g2_i1::g.35967::m.35967	42.857	273	134	5	10	260	3	275	4.30e-57	196
Chlovari	CP@TRINITY_DN13311_c0_g1::CP@TRINITY_DN13311_c0_g1_i1::g.35966::m.35966	28.947	418	281	5	299	715	1	403	4.27e-50	182
Dunasali	CP@TRINITY_DN13311_c0_g2::CP@TRINITY_DN13311_c0_g2_i1::g.35967::m.35967	42.182	275	141	3	7	265	3	275	1.35e-58	202
Dunasali	CP@TRINITY_DN13311_c0_g1::CP@TRINITY_DN13311_c0_g1_i1::g.35966::m.35966	30.568	458	294	8	303	758	1	436	5.96e-56	200
Tetrasti	CP@TRINITY_DN13311_c0_g2::CP@TRINITY_DN13311_c0_g2_i1::g.35967::m.35967	43.431	274	136	3	9	265	4	275	5.32e-60	206
Tetrasti	CP@TRINITY_DN13311_c0_g1::CP@TRINITY_DN13311_c0_g1_i1::g.35966::m.35966	31.746	441	268	6	292	722	2	419	4.21e-58	206
Mesoviri	CP@TRINITY_DN13311_c0_g1::CP@TRINITY_DN13311_c0_g1_i1::g.35966::m.35966	32.500	440	279	6	288	723	1	426	6.32e-65	225
Mesoviri	CP@TRINITY_DN13311_c0_g2::CP@TRINITY_DN13311_c0_g2_i1::g.35967::m.35967	42.491	273	138	3	3	257	4	275	4.25e-57	197
Pyrapark	CP@TRINITY_DN13311_c0_g2::CP@TRINITY_DN13311_c0_g2_i1::g.35967::m.35967	45.455	275	133	4	5	263	2	275	5.33e-64	216
Pyrapark	CP@TRINITY_DN13311_c0_g1::CP@TRINITY_DN13311_c0_g1_i1::g.35966::m.35966	28.755	466	308	10	286	744	6	454	8.27e-44	165
Arabthal	CP@TRINITY_DN13311_c0_g1::CP@TRINITY_DN13311_c0_g1_i1::g.35966::m.35966	32.388	423	269	6	283	693	1	418	2.42e-62	218
Arabthal	CP@TRINITY_DN13311_c0_g2::CP@TRINITY_DN13311_c0_g2_i1::g.35967::m.35967	42.029	276	135	3	4	259	5	275	1.07e-56	196
Charbrau	CP@TRINITY_DN13311_c0_g2::CP@TRINITY_DN13311_c0_g2_i1::g.35967::m.35967	44.649	271	135	3	4	259	5	275	2.75e-60	207
Charbrau	CP@TRINITY_DN13311_c0_g1::CP@TRINITY_DN13311_c0_g1_i1::g.35966::m.35966	33.898	354	215	4	455	807	87	422	3.67e-51	187
Phytpara	CP@TRINITY_DN13311_c0_g2::CP@TRINITY_DN13311_c0_g2_i1::g.35967::m.35967	48.162	272	123	3	3	256	1	272	4.16e-72	237
Phytpara	CP@TRINITY_DN13311_c0_g1::CP@TRINITY_DN13311_c0_g1_i1::g.35966::m.35966	30.580	448	276	7	305	743	2	423	6.97e-56	199
EctocSP7	CP@TRINITY_DN13311_c0_g2::CP@TRINITY_DN13311_c0_g2_i1::g.35967::m.35967	43.704	270	138	2	10	265	6	275	5.21e-61	209
ChrysoH1	CP@TRINITY_DN13311_c0_g2::CP@TRINITY_DN13311_c0_g2_i1::g.35967::m.35967	37.102	283	144	5	14	272	3	275	6.08e-47	169
Thalpseu	CP@TRINITY_DN13311_c0_g2::CP@TRINITY_DN13311_c0_g2_i1::g.35967::m.35967	38.971	272	143	5	1	257	6	269	2.42e-49	173
Thalpseu	CP@TRINITY_DN13311_c0_g1::CP@TRINITY_DN13311_c0_g1_i1::g.35966::m.35966	29.393	313	187	6	287	594	12	295	2.84e-41	156
Protfung	CP@TRINITY_DN13311_c0_g1::CP@TRINITY_DN13311_c0_g1_i1::g.35966::m.35966	34.483	435	270	3	289	711	5	436	1.94e-80	266
Protfung	CP@TRINITY_DN13311_c0_g2::CP@TRINITY_DN13311_c0_g2_i1::g.35967::m.35967	35.926	270	154	4	9	259	6	275	6.85e-47	168
Rainerin	CP@TRINITY_DN13311_c0_g2::CP@TRINITY_DN13311_c0_g2_i1::g.35967::m.35967	38.346	266	142	4	44	291	14	275	6.37e-51	174
AcanthFB	CP@TRINITY_DN13311_c0_g2::CP@TRINITY_DN13311_c0_g2_i1::g.35967::m.35967	39.259	270	141	5	14	264	8	273	1.09e-47	165
Raphhete	CP@TRINITY_DN13311_c0_g2::CP@TRINITY_DN13311_c0_g2_i1::g.35967::m.35967	36.330	267	147	4	35	283	14	275	1.18e-46	160
ChoanoFB	CP@TRINITY_DN13311_c0_g1::CP@TRINITY_DN13311_c0_g1_i1::g.35966::m.35966	29.025	441	277	8	336	763	2	419	5.23e-44	166
Parvatla	CP@TRINITY_DN13311_c0_g2::CP@TRINITY_DN13311_c0_g2_i1::g.35967::m.35967	42.804	271	139	2	48	302	5	275	2.10e-63	211
Parvatla	CP@TRINITY_DN13311_c0_g1::CP@TRINITY_DN13311_c0_g1_i1::g.35966::m.35966	36.478	318	197	4	321	636	3	317	5.42e-55	194
Rozeallo	CP@TRINITY_DN13311_c0_g2::CP@TRINITY_DN13311_c0_g2_i1::g.35967::m.35967	44.944	267	127	2	7	253	3	269	6.37e-62	207
Rozeallo	CP@TRINITY_DN13311_c0_g1::CP@TRINITY_DN13311_c0_g1_i1::g.35966::m.35966	38.129	278	156	3	297	560	21	296	1.37e-51	185
MAST003A	CP@TRINITY_DN13311_c0_g2::CP@TRINITY_DN13311_c0_g2_i1::g.35967::m.35967	34.672	274	163	3	28	285	2	275	7.19e-42	153
Batrdend	CP@TRINITY_DN13311_c0_g1::CP@TRINITY_DN13311_c0_g1_i1::g.35966::m.35966	33.482	448	275	5	292	731	1	433	7.36e-64	222
Batrdend	CP@TRINITY_DN13311_c0_g2::CP@TRINITY_DN13311_c0_g2_i1::g.35967::m.35967	45.290	276	132	6	12	270	2	275	1.49e-63	215
Parasacc	CP@TRINITY_DN13311_c0_g2::CP@TRINITY_DN13311_c0_g2_i1::g.35967::m.35967	40.310	258	133	3	323	562	18	272	8.29e-48	172
Coralima	CP@TRINITY_DN13311_c0_g1::CP@TRINITY_DN13311_c0_g1_i1::g.35966::m.35966	30.065	459	309	8	329	783	3	453	8.97e-54	194
Coralima	CP@TRINITY_DN13311_c0_g2::CP@TRINITY_DN13311_c0_g2_i1::g.35967::m.35967	42.979	235	120	3	51	271	4	238	3.81e-53	187
Nemavect	CP@TRINITY_DN13311_c0_g1::CP@TRINITY_DN13311_c0_g1_i1::g.35966::m.35966	39.427	454	264	5	278	722	3	454	1.29e-100	320
Nemavect	CP@TRINITY_DN13311_c0_g2::CP@TRINITY_DN13311_c0_g2_i1::g.35967::m.35967	57.299	274	102	2	3	261	2	275	1.45e-94	297
Homosapi	CP@TRINITY_DN13311_c0_g1::CP@TRINITY_DN13311_c0_g1_i1::g.35966::m.35966	41.595	464	252	8	277	734	3	453	1.36e-95	307
Homosapi	CP@TRINITY_DN13311_c0_g2::CP@TRINITY_DN13311_c0_g2_i1::g.35967::m.35967	56.000	275	106	2	1	260	1	275	1.30e-91	290
Syssmult	CP@TRINITY_DN13311_c0_g1::CP@TRINITY_DN13311_c0_g1_i1::g.35966::m.35966	35.377	424	264	4	278	695	3	422	3.51e-71	241
Syssmult	CP@TRINITY_DN13311_c0_g2::CP@TRINITY_DN13311_c0_g2_i1::g.35967::m.35967	46.520	273	131	2	2	259	3	275	9.97e-70	231
Sphadest	CP@TRINITY_DN13311_c0_g1::CP@TRINITY_DN13311_c0_g1_i1::g.35966::m.35966	32.421	475	294	7	292	760	1	454	8.77e-71	241
Sphadest	CP@TRINITY_DN13311_c0_g2::CP@TRINITY_DN13311_c0_g2_i1::g.35967::m.35967	45.387	271	140	3	3	265	5	275	4.63e-64	217
Creofrag	CP@TRINITY_DN13311_c0_g1::CP@TRINITY_DN13311_c0_g1_i1::g.35966::m.35966	30.549	455	303	4	293	747	2	443	3.55e-62	217
Creofrag	CP@TRINITY_DN13311_c0_g2::CP@TRINITY_DN13311_c0_g2_i1::g.35967::m.35967	44.649	271	141	3	7	268	5	275	6.83e-60	205
Capsowcz	CP@TRINITY_DN13311_c0_g1::CP@TRINITY_DN13311_c0_g1_i1::g.35966::m.35966	34.713	435	274	5	301	725	3	437	3.12e-78	261
Capsowcz	CP@TRINITY_DN13311_c0_g2::CP@TRINITY_DN13311_c0_g2_i1::g.35967::m.35967	36.996	273	167	3	6	273	3	275	2.48e-47	170
Picosali	CP@TRINITY_DN13311_c0_g2::CP@TRINITY_DN13311_c0_g2_i1::g.35967::m.35967	40.146	274	148	2	11	268	2	275	1.51e-54	190
Micrpusl	CP@TRINITY_DN13311_c0_g2::CP@TRINITY_DN13311_c0_g2_i1::g.35967::m.35967	39.922	258	139	5	1	245	21	275	7.45e-51	178
Micrpusl	CP@TRINITY_DN13311_c0_g1::CP@TRINITY_DN13311_c0_g1_i1::g.35966::m.35966	28.899	436	286	6	272	703	1	416	2.49e-47	174
Ostrtaur	CP@TRINITY_DN13311_c0_g1::CP@TRINITY_DN13311_c0_g1_i1::g.35966::m.35966	26.987	478	319	8	302	775	2	453	4.79e-42	160
Ostrtaur	CP@TRINITY_DN13311_c0_g2::CP@TRINITY_DN13311_c0_g2_i1::g.35967::m.35967	36.299	281	158	4	7	276	5	275	1.34e-41	154
Perkmari	CP@TRINITY_DN13311_c0_g2::CP@TRINITY_DN13311_c0_g2_i1::g.35967::m.35967	40.071	282	147	6	1	268	1	274	6.09e-53	186
Toxogond	CP@TRINITY_DN13311_c0_g2::CP@TRINITY_DN13311_c0_g2_i1::g.35967::m.35967	36.462	277	155	4	10	268	2	275	1.62e-49	176
Karebrev	CP@TRINITY_DN13311_c0_g2::CP@TRINITY_DN13311_c0_g2_i1::g.35967::m.35967	42.279	272	139	2	2	255	4	275	2.45e-63	215
Karebrev	CP@TRINITY_DN13311_c0_g1::CP@TRINITY_DN13311_c0_g1_i1::g.35966::m.35966	33.886	422	249	8	362	771	13	416	2.88e-61	215
Physpate	CP@TRINITY_DN13311_c0_g1::CP@TRINITY_DN13311_c0_g1_i1::g.35966::m.35966	34.419	430	271	6	284	709	1	423	7.98e-71	241
Physpate	CP@TRINITY_DN13311_c0_g2::CP@TRINITY_DN13311_c0_g2_i1::g.35967::m.35967	44.364	275	138	3	1	260	1	275	1.60e-62	213
Oryzsati	CP@TRINITY_DN13311_c0_g1::CP@TRINITY_DN13311_c0_g1_i1::g.35966::m.35966	30.369	461	312	5	283	740	1	455	7.28e-61	214
Oryzsati	CP@TRINITY_DN13311_c0_g2::CP@TRINITY_DN13311_c0_g2_i1::g.35967::m.35967	43.116	276	132	3	4	259	5	275	1.28e-60	207
Volvcart	CP@TRINITY_DN13311_c0_g2::CP@TRINITY_DN13311_c0_g2_i1::g.35967::m.35967	42.960	277	135	3	9	268	3	273	1.15e-63	214
Volvcart	CP@TRINITY_DN13311_c0_g1::CP@TRINITY_DN13311_c0_g1_i1::g.35966::m.35966	30.822	438	277	7	298	726	2	422	2.75e-57	202
Cyanpara	CP@TRINITY_DN13311_c0_g1::CP@TRINITY_DN13311_c0_g1_i1::g.35966::m.35966	30.388	464	273	9	282	741	1	418	3.94e-60	210
Cyanpara	CP@TRINITY_DN13311_c0_g2::CP@TRINITY_DN13311_c0_g2_i1::g.35967::m.35967	43.015	272	135	3	11	264	6	275	1.92e-56	194
Gloewitr	CP@TRINITY_DN13311_c0_g2::CP@TRINITY_DN13311_c0_g2_i1::g.35967::m.35967	42.963	270	136	2	10	261	6	275	2.21e-63	215
Gloewitr	CP@TRINITY_DN13311_c0_g1::CP@TRINITY_DN13311_c0_g1_i1::g.35966::m.35966	39.485	233	138	2	456	687	87	317	1.99e-47	176
Ancytwis	CP@TRINITY_DN13311_c0_g1::CP@TRINITY_DN13311_c0_g1_i1::g.35966::m.35966	33.641	434	259	6	97	520	9	423	4.64e-69	232
Pavl2436	CP@TRINITY_DN13311_c0_g1::CP@TRINITY_DN13311_c0_g1_i1::g.35966::m.35966	31.498	454	281	6	307	760	2	425	4.24e-68	232
Pavl2436	CP@TRINITY_DN13311_c0_g2::CP@TRINITY_DN13311_c0_g2_i1::g.35967::m.35967	42.125	273	142	2	2	258	3	275	5.27e-59	201
Tisolute	CP@TRINITY_DN13311_c0_g1::CP@TRINITY_DN13311_c0_g1_i1::g.35966::m.35966	29.515	454	308	8	183	630	5	452	4.87e-56	199
Chryrota	CP@TRINITY_DN13311_c0_g1::CP@TRINITY_DN13311_c0_g1_i1::g.35966::m.35966	30.283	459	312	5	294	750	4	456	9.29e-62	217
Chryrota	CP@TRINITY_DN13311_c0_g2::CP@TRINITY_DN13311_c0_g2_i1::g.35967::m.35967	42.804	271	136	3	9	261	6	275	8.64e-58	200
Prymparv	CP@TRINITY_DN13311_c0_g1::CP@TRINITY_DN13311_c0_g1_i1::g.35966::m.35966	32.464	422	269	6	329	741	5	419	1.45e-60	213
Prymparv	CP@TRINITY_DN13311_c0_g2::CP@TRINITY_DN13311_c0_g2_i1::g.35967::m.35967	43.542	271	134	3	43	295	6	275	4.77e-60	206
Flecnera	CP@TRINITY_DN13311_c0_g2::CP@TRINITY_DN13311_c0_g2_i1::g.35967::m.35967	38.376	271	146	5	11	262	4	272	3.68e-42	154
Diplambu	CP@TRINITY_DN13311_c0_g2::CP@TRINITY_DN13311_c0_g2_i1::g.35967::m.35967	36.559	279	150	5	4	263	2	272	4.78e-46	165
Idiovort	CP@TRINITY_DN13311_c0_g1::CP@TRINITY_DN13311_c0_g1_i1::g.35966::m.35966	29.956	454	298	5	326	778	2	436	8.00e-59	208
Idiovort	CP@TRINITY_DN13311_c0_g2::CP@TRINITY_DN13311_c0_g2_i1::g.35967::m.35967	38.376	271	156	3	41	300	5	275	7.97e-46	166
PB58411a	CP@TRINITY_DN13311_c0_g1::CP@TRINITY_DN13311_c0_g1_i1::g.35966::m.35966	31.004	458	311	3	195	650	1	455	7.51e-67	233
Cryppara	CP@TRINITY_DN13311_c0_g1::CP@TRINITY_DN13311_c0_g1_i1::g.35966::m.35966	32.536	418	266	7	296	710	4	408	1.13e-63	219
Cryppara	CP@TRINITY_DN13311_c0_g2::CP@TRINITY_DN13311_c0_g2_i1::g.35967::m.35967	39.929	283	142	4	6	270	3	275	7.69e-56	192
Rhodsali	CP@TRINITY_DN13311_c0_g1::CP@TRINITY_DN13311_c0_g1_i1::g.35966::m.35966	32.471	425	275	5	284	700	2	422	6.43e-63	219
Rhodsali	CP@TRINITY_DN13311_c0_g2::CP@TRINITY_DN13311_c0_g2_i1::g.35967::m.35967	43.223	273	137	2	6	260	3	275	2.91e-62	211
Bafffrig	CP@TRINITY_DN13311_c0_g2::CP@TRINITY_DN13311_c0_g2_i1::g.35967::m.35967	41.455	275	143	2	4	260	1	275	1.46e-59	204
Bafffrig	CP@TRINITY_DN13311_c0_g1::CP@TRINITY_DN13311_c0_g1_i1::g.35966::m.35966	29.466	431	277	8	284	703	8	422	1.84e-49	181
Galdsulp	CP@TRINITY_DN13311_c0_g2::CP@TRINITY_DN13311_c0_g2_i1::g.35967::m.35967	42.292	253	137	3	1	251	1	246	1.88e-52	185
Galdsulp	CP@TRINITY_DN13311_c0_g1::CP@TRINITY_DN13311_c0_g1_i1::g.35966::m.35966	28.538	431	284	9	328	755	7	416	1.90e-44	167
Choncris	CP@TRINITY_DN13311_c0_g2::CP@TRINITY_DN13311_c0_g2_i1::g.35967::m.35967	42.336	274	142	2	7	264	2	275	1.78e-63	214
Choncris	CP@TRINITY_DN13311_c0_g1::CP@TRINITY_DN13311_c0_g1_i1::g.35966::m.35966	30.277	469	300	9	287	744	2	454	1.24e-57	204
Gratturu	CP@TRINITY_DN13311_c0_g2::CP@TRINITY_DN13311_c0_g2_i1::g.35967::m.35967	40.590	271	145	2	1	255	5	275	2.66e-57	198
Gratturu	CP@TRINITY_DN13311_c0_g1::CP@TRINITY_DN13311_c0_g1_i1::g.35966::m.35966	30.887	327	201	5	340	666	16	317	3.08e-47	175
Cerakond	CP@TRINITY_DN13311_c0_g2::CP@TRINITY_DN13311_c0_g2_i1::g.35967::m.35967	41.111	270	143	2	1	254	6	275	2.02e-59	203
Cerakond	CP@TRINITY_DN13311_c0_g1::CP@TRINITY_DN13311_c0_g1_i1::g.35966::m.35966	30.323	465	268	7	328	791	14	423	7.36e-59	207
Compcoer	CP@TRINITY_DN13311_c0_g2::CP@TRINITY_DN13311_c0_g2_i1::g.35967::m.35967	39.560	273	149	3	41	297	3	275	1.39e-49	176
Compcoer	CP@TRINITY_DN13311_c0_g1::CP@TRINITY_DN13311_c0_g1_i1::g.35966::m.35966	28.641	412	266	8	354	757	32	423	1.58e-45	170
Porpaeru	CP@TRINITY_DN13311_c0_g2::CP@TRINITY_DN13311_c0_g2_i1::g.35967::m.35967	43.066	274	141	3	16	275	3	275	1.94e-58	201
Porpaeru	CP@TRINITY_DN13311_c0_g1::CP@TRINITY_DN13311_c0_g1_i1::g.35966::m.35966	27.004	474	284	8	313	775	5	427	7.43e-51	186
Rhodmari	CP@TRINITY_DN13311_c0_g2::CP@TRINITY_DN13311_c0_g2_i1::g.35967::m.35967	42.435	271	140	4	4	258	5	275	4.14e-56	194
Rhodmari	CP@TRINITY_DN13311_c0_g1::CP@TRINITY_DN13311_c0_g1_i1::g.35966::m.35966	31.121	437	281	6	282	715	3	422	3.15e-55	197
Cyanmero	CP@TRINITY_DN13311_c0_g2::CP@TRINITY_DN13311_c0_g2_i1::g.35967::m.35967	36.630	273	158	4	18	277	5	275	4.75e-42	155
Palpbili	CP@TRINITY_DN13311_c0_g2::CP@TRINITY_DN13311_c0_g2_i1::g.35967::m.35967	34.909	275	168	2	34	297	1	275	3.41e-41	152
Chlorept	CP@TRINITY_DN13311_c0_g1::CP@TRINITY_DN13311_c0_g1_i1::g.35966::m.35966	30.180	444	285	5	290	728	2	425	3.99e-61	214
Chlorept	CP@TRINITY_DN13311_c0_g2::CP@TRINITY_DN13311_c0_g2_i1::g.35967::m.35967	44.981	269	130	3	6	256	3	271	5.10e-57	197
MatazaD1	CP@TRINITY_DN13311_c0_g1::CP@TRINITY_DN13311_c0_g1_i1::g.35966::m.35966	31.776	428	282	5	318	743	3	422	3.19e-65	226
MatazaD1	CP@TRINITY_DN13311_c0_g2::CP@TRINITY_DN13311_c0_g2_i1::g.35967::m.35967	40.441	272	143	2	32	284	4	275	1.95e-54	190
Brevmoto	CP@TRINITY_DN13311_c0_g1::CP@TRINITY_DN13311_c0_g1_i1::g.35966::m.35966	31.628	430	280	5	312	739	2	419	9.95e-64	222
Deveeleg	CP@TRINITY_DN13311_c0_g2::CP@TRINITY_DN13311_c0_g2_i1::g.35967::m.35967	38.148	270	154	2	13	269	4	273	1.87e-51	181
Deveeleg	CP@TRINITY_DN13311_c0_g1::CP@TRINITY_DN13311_c0_g1_i1::g.35966::m.35966	28.251	446	293	7	306	745	1	425	2.07e-43	164
Saprdecl	CP@TRINITY_DN13311_c0_g2::CP@TRINITY_DN13311_c0_g2_i1::g.35967::m.35967	45.788	273	130	2	2	256	3	275	1.49e-66	223
Saprdecl	CP@TRINITY_DN13311_c0_g1::CP@TRINITY_DN13311_c0_g1_i1::g.35966::m.35966	28.395	405	269	3	307	700	22	416	6.66e-50	182
Albulaib	CP@TRINITY_DN13311_c0_g2::CP@TRINITY_DN13311_c0_g2_i1::g.35967::m.35967	44.402	259	125	4	43	283	18	275	8.99e-58	198
Albulaib	CP@TRINITY_DN13311_c0_g1::CP@TRINITY_DN13311_c0_g1_i1::g.35966::m.35966	32.857	420	250	9	349	758	19	416	2.13e-56	201
Pythirre	CP@TRINITY_DN13311_c0_g2::CP@TRINITY_DN13311_c0_g2_i1::g.35967::m.35967	45.788	273	130	2	2	256	3	275	4.06e-68	226
Pythirre	CP@TRINITY_DN13311_c0_g1::CP@TRINITY_DN13311_c0_g1_i1::g.35966::m.35966	32.619	420	268	4	311	729	14	419	8.16e-64	220
Fucucera	CP@TRINITY_DN13311_c0_g2::CP@TRINITY_DN13311_c0_g2_i1::g.35967::m.35967	44.689	273	137	3	7	265	3	275	3.09e-66	223
Tribgaya	CP@TRINITY_DN13311_c0_g2::CP@TRINITY_DN13311_c0_g2_i1::g.35967::m.35967	42.435	271	137	3	38	289	3	273	1.11e-55	194
Tribgaya	CP@TRINITY_DN13311_c0_g1::CP@TRINITY_DN13311_c0_g1_i1::g.35966::m.35966	28.571	469	285	6	334	800	2	422	6.42e-50	183
Vauclito	CP@TRINITY_DN13311_c0_g2::CP@TRINITY_DN13311_c0_g2_i1::g.35967::m.35967	41.544	272	141	2	6	259	2	273	4.31e-55	192
Paheparv	CP@TRINITY_DN13311_c0_g1::CP@TRINITY_DN13311_c0_g1_i1::g.35966::m.35966	27.397	511	311	9	467	977	2	452	2.55e-49	182
Paheparv	CP@TRINITY_DN13311_c0_g2::CP@TRINITY_DN13311_c0_g2_i1::g.35967::m.35967	40.157	254	137	2	184	422	22	275	1.49e-46	168
Pingpyre	CP@TRINITY_DN13311_c0_g2::CP@TRINITY_DN13311_c0_g2_i1::g.35967::m.35967	39.927	273	149	2	20	277	3	275	3.85e-53	187
Pingpyre	CP@TRINITY_DN13311_c0_g1::CP@TRINITY_DN13311_c0_g1_i1::g.35966::m.35966	28.821	458	274	7	324	776	6	416	1.73e-45	171
Chatsubs	CP@TRINITY_DN13311_c0_g2::CP@TRINITY_DN13311_c0_g2_i1::g.35967::m.35967	43.123	269	138	3	23	277	6	273	4.42e-57	197
Chatsubs	CP@TRINITY_DN13311_c0_g1::CP@TRINITY_DN13311_c0_g1_i1::g.35966::m.35966	29.279	444	272	6	351	785	32	442	5.13e-51	186
PoterBG1	CP@TRINITY_DN13311_c0_g2::CP@TRINITY_DN13311_c0_g2_i1::g.35967::m.35967	38.519	270	144	4	16	263	3	272	1.41e-46	167
Pedoelon	CP@TRINITY_DN13311_c0_g2::CP@TRINITY_DN13311_c0_g2_i1::g.35967::m.35967	34.815	270	157	3	9	259	6	275	5.01e-43	158
Pedoelon	CP@TRINITY_DN13311_c0_g1::CP@TRINITY_DN13311_c0_g1_i1::g.35966::m.35966	32.014	278	167	3	335	612	36	291	9.51e-43	162
Ochr2298	CP@TRINITY_DN13311_c0_g2::CP@TRINITY_DN13311_c0_g2_i1::g.35967::m.35967	35.688	269	154	3	10	259	5	273	1.19e-42	157
Tripeleu	CP@TRINITY_DN13311_c0_g2::CP@TRINITY_DN13311_c0_g2_i1::g.35967::m.35967	40.000	275	151	4	7	271	3	273	7.27e-51	180
Phaetric	CP@TRINITY_DN13311_c0_g2::CP@TRINITY_DN13311_c0_g2_i1::g.35967::m.35967	38.662	269	149	4	13	266	2	269	3.38e-47	169
Phaetric	CP@TRINITY_DN13311_c0_g1::CP@TRINITY_DN13311_c0_g1_i1::g.35966::m.35966	26.304	441	280	8	309	732	13	425	4.17e-45	168
Fragcyli	CP@TRINITY_DN13311_c0_g2::CP@TRINITY_DN13311_c0_g2_i1::g.35967::m.35967	36.765	272	155	5	19	275	4	273	7.58e-45	163
Fragcyli	CP@TRINITY_DN13311_c0_g1::CP@TRINITY_DN13311_c0_g1_i1::g.35966::m.35966	26.501	483	302	6	325	790	7	453	7.13e-42	159
Psuemult	CP@TRINITY_DN13311_c0_g1::CP@TRINITY_DN13311_c0_g1_i1::g.35966::m.35966	28.246	439	287	6	321	757	11	423	3.59e-45	169
Psuemult	CP@TRINITY_DN13311_c0_g2::CP@TRINITY_DN13311_c0_g2_i1::g.35967::m.35967	38.235	272	151	5	14	270	4	273	1.15e-44	162
Octaspec	CP@TRINITY_DN13311_c0_g2::CP@TRINITY_DN13311_c0_g2_i1::g.35967::m.35967	42.222	270	135	3	46	296	6	273	1.79e-54	191
Octaspec	CP@TRINITY_DN13311_c0_g1::CP@TRINITY_DN13311_c0_g1_i1::g.35966::m.35966	28.947	380	248	4	419	796	57	416	1.01e-42	162
Pseuelas	CP@TRINITY_DN13311_c0_g2::CP@TRINITY_DN13311_c0_g2_i1::g.35967::m.35967	38.007	271	144	6	2	252	7	273	7.01e-43	157
Rhiz1243	CP@TRINITY_DN13311_c0_g2::CP@TRINITY_DN13311_c0_g2_i1::g.35967::m.35967	40.299	268	149	5	2	259	7	273	4.33e-49	175
Pelasubv	CP@TRINITY_DN13311_c0_g2::CP@TRINITY_DN13311_c0_g2_i1::g.35967::m.35967	43.644	236	117	2	11	230	2	237	9.06e-52	180
Pelacalc	CP@TRINITY_DN13311_c0_g2::CP@TRINITY_DN13311_c0_g2_i1::g.35967::m.35967	44.017	234	114	2	10	226	4	237	1.88e-50	179
Pelacalc	CP@TRINITY_DN13311_c0_g1::CP@TRINITY_DN13311_c0_g1_i1::g.35966::m.35966	29.710	414	260	9	348	756	31	418	3.40e-46	172
Pela2097	CP@TRINITY_DN13311_c0_g2::CP@TRINITY_DN13311_c0_g2_i1::g.35967::m.35967	39.568	278	155	5	33	302	3	275	1.75e-48	174
Aureanop	CP@TRINITY_DN13311_c0_g2::CP@TRINITY_DN13311_c0_g2_i1::g.35967::m.35967	44.094	254	127	3	1	242	1	251	7.59e-54	188
Aureanop	CP@TRINITY_DN13311_c0_g1::CP@TRINITY_DN13311_c0_g1_i1::g.35966::m.35966	27.876	452	275	8	286	733	14	418	2.46e-44	167
Aplakerg	CP@TRINITY_DN13311_c0_g2::CP@TRINITY_DN13311_c0_g2_i1::g.35967::m.35967	37.363	273	154	2	10	265	3	275	1.18e-52	185
Aplakerg	CP@TRINITY_DN13311_c0_g1::CP@TRINITY_DN13311_c0_g1_i1::g.35966::m.35966	28.540	452	280	6	304	748	4	419	4.36e-46	172
Schiaggr	CP@TRINITY_DN13311_c0_g1::CP@TRINITY_DN13311_c0_g1_i1::g.35966::m.35966	30.952	462	277	7	297	753	2	426	8.08e-66	228
Schiaggr	CP@TRINITY_DN13311_c0_g2::CP@TRINITY_DN13311_c0_g2_i1::g.35967::m.35967	36.861	274	152	5	6	260	4	275	2.12e-45	164
ThraLLF1	CP@TRINITY_DN13311_c0_g2::CP@TRINITY_DN13311_c0_g2_i1::g.35967::m.35967	37.545	277	152	5	1	258	1	275	4.82e-49	175
ThraLLF1	CP@TRINITY_DN13311_c0_g1::CP@TRINITY_DN13311_c0_g1_i1::g.35966::m.35966	27.957	465	284	9	295	755	2	419	2.48e-48	179
Auralima	CP@TRINITY_DN13311_c0_g1::CP@TRINITY_DN13311_c0_g1_i1::g.35966::m.35966	29.424	469	275	8	313	778	1	416	3.75e-55	198
Auralima	CP@TRINITY_DN13311_c0_g2::CP@TRINITY_DN13311_c0_g2_i1::g.35967::m.35967	38.828	273	149	2	26	280	3	275	2.19e-52	185
PlacCLAB	CP@TRINITY_DN13311_c0_g2::CP@TRINITY_DN13311_c0_g2_i1::g.35967::m.35967	41.818	275	142	2	2	258	1	275	4.02e-59	204
PlacCLAB	CP@TRINITY_DN13311_c0_g1::CP@TRINITY_DN13311_c0_g1_i1::g.35966::m.35966	26.802	444	315	5	297	740	1	434	1.62e-41	159
Wobbluna	CP@TRINITY_DN13311_c0_g2::CP@TRINITY_DN13311_c0_g2_i1::g.35967::m.35967	38.321	274	149	5	11	266	4	275	1.52e-48	174
Cantmars	CP@TRINITY_DN13311_c0_g2::CP@TRINITY_DN13311_c0_g2_i1::g.35967::m.35967	37.546	269	149	3	6	255	4	272	4.41e-43	157
Haloseos	CP@TRINITY_DN13311_c0_g1::CP@TRINITY_DN13311_c0_g1_i1::g.35966::m.35966	29.345	443	270	11	345	772	3	417	4.08e-49	180
Haloseos	CP@TRINITY_DN13311_c0_g2::CP@TRINITY_DN13311_c0_g2_i1::g.35967::m.35967	37.500	272	159	4	13	274	5	275	6.92e-49	174
Rhodemar	CP@TRINITY_DN13311_c0_g2::CP@TRINITY_DN13311_c0_g2_i1::g.35967::m.35967	45.556	270	130	3	24	276	6	275	9.89e-63	212
Rhodlimn	CP@TRINITY_DN13311_c0_g2::CP@TRINITY_DN13311_c0_g2_i1::g.35967::m.35967	41.026	273	144	2	10	265	3	275	1.08e-58	202
Rhodlimn	CP@TRINITY_DN13311_c0_g1::CP@TRINITY_DN13311_c0_g1_i1::g.35966::m.35966	28.205	468	253	8	331	780	40	442	2.84e-47	176
Sapppeda	CP@TRINITY_DN13311_c0_g1::CP@TRINITY_DN13311_c0_g1_i1::g.35966::m.35966	33.488	430	273	7	302	721	4	430	1.81e-62	218
Sapppeda	CP@TRINITY_DN13311_c0_g2::CP@TRINITY_DN13311_c0_g2_i1::g.35967::m.35967	40.659	273	144	3	17	271	1	273	1.23e-54	190
Fabotrop	CP@TRINITY_DN13311_c0_g2::CP@TRINITY_DN13311_c0_g2_i1::g.35967::m.35967	39.636	275	146	4	11	268	4	275	1.28e-50	177
Rhizelon	CP@TRINITY_DN13311_c0_g2::CP@TRINITY_DN13311_c0_g2_i1::g.35967::m.35967	36.000	275	158	2	3	259	1	275	7.30e-52	172
Masteilh	CP@TRINITY_DN13311_c0_g1::CP@TRINITY_DN13311_c0_g1_i1::g.35966::m.35966	28.635	447	282	7	319	732	1	443	2.85e-53	192
Trimmari	CP@TRINITY_DN13311_c0_g1::CP@TRINITY_DN13311_c0_g1_i1::g.35966::m.35966	32.997	297	188	3	223	514	1	291	7.32e-46	168
Soliirre	CP@TRINITY_DN13311_c0_g1::CP@TRINITY_DN13311_c0_g1_i1::g.35966::m.35966	32.494	397	244	7	316	693	32	423	2.08e-62	218
Soliirre	CP@TRINITY_DN13311_c0_g2::CP@TRINITY_DN13311_c0_g2_i1::g.35967::m.35967	40.876	274	144	2	5	260	2	275	6.71e-59	202
Schivulg	CP@TRINITY_DN13311_c0_g2::CP@TRINITY_DN13311_c0_g2_i1::g.35967::m.35967	46.324	272	128	2	7	260	4	275	1.01e-66	224
Schivulg	CP@TRINITY_DN13311_c0_g1::CP@TRINITY_DN13311_c0_g1_i1::g.35966::m.35966	32.787	427	272	6	284	700	1	422	1.42e-63	221
Cavoapop	CP@TRINITY_DN13311_c0_g2::CP@TRINITY_DN13311_c0_g2_i1::g.35967::m.35967	44.161	274	138	3	9	267	2	275	1.97e-61	209
Cavoapop	CP@TRINITY_DN13311_c0_g1::CP@TRINITY_DN13311_c0_g1_i1::g.35966::m.35966	31.788	453	290	8	291	737	2	441	1.25e-59	211
Filanola	CP@TRINITY_DN13311_c0_g2::CP@TRINITY_DN13311_c0_g2_i1::g.35967::m.35967	45.788	273	133	3	19	276	3	275	3.66e-65	219
Filanola	CP@TRINITY_DN13311_c0_g1::CP@TRINITY_DN13311_c0_g1_i1::g.35966::m.35966	31.900	442	274	6	301	734	4	426	1.57e-61	215
Phalsoli	CP@TRINITY_DN13311_c0_g2::CP@TRINITY_DN13311_c0_g2_i1::g.35967::m.35967	42.238	277	142	5	7	269	3	275	3.61e-54	184
Phalsoli	CP@TRINITY_DN13311_c0_g1::CP@TRINITY_DN13311_c0_g1_i1::g.35966::m.35966	35.545	211	136	0	298	508	2	212	2.93e-43	159
Mayocant	CP@TRINITY_DN13311_c0_g2::CP@TRINITY_DN13311_c0_g2_i1::g.35967::m.35967	45.421	273	125	3	8	257	4	275	3.76e-64	216
Mayocant	CP@TRINITY_DN13311_c0_g1::CP@TRINITY_DN13311_c0_g1_i1::g.35966::m.35966	30.435	414	284	3	310	719	13	426	2.32e-53	192
Luaphula	CP@TRINITY_DN13311_c0_g1::CP@TRINITY_DN13311_c0_g1_i1::g.35966::m.35966	28.668	443	285	7	293	714	4	436	1.24e-44	168
Luaphula	CP@TRINITY_DN13311_c0_g2::CP@TRINITY_DN13311_c0_g2_i1::g.35967::m.35967	33.818	275	162	3	13	269	3	275	3.66e-41	152
Dracjorm	CP@TRINITY_DN13311_c0_g1::CP@TRINITY_DN13311_c0_g1_i1::g.35966::m.35966	30.217	460	285	7	280	708	1	455	1.05e-51	188
Arcevulg	CP@TRINITY_DN13311_c0_g1::CP@TRINITY_DN13311_c0_g1_i1::g.35966::m.35966	29.186	442	298	4	305	736	16	452	2.07e-52	189
Amoeprot	CP@TRINITY_DN13311_c0_g1::CP@TRINITY_DN13311_c0_g1_i1::g.35966::m.35966	26.840	462	310	7	308	750	2	454	1.89e-48	179
Coprprot	CP@TRINITY_DN13311_c0_g1::CP@TRINITY_DN13311_c0_g1_i1::g.35966::m.35966	28.633	461	304	8	301	743	1	454	1.36e-50	185
Rhizsaxo	CP@TRINITY_DN13311_c0_g1::CP@TRINITY_DN13311_c0_g1_i1::g.35966::m.35966	29.577	426	251	7	297	681	2	419	4.18e-54	193
Vermverm	CP@TRINITY_DN13311_c0_g1::CP@TRINITY_DN13311_c0_g1_i1::g.35966::m.35966	31.350	437	280	7	288	713	2	429	1.75e-55	198
Vermverm	CP@TRINITY_DN13311_c0_g2::CP@TRINITY_DN13311_c0_g2_i1::g.35967::m.35967	39.552	268	145	3	12	262	8	275	5.37e-47	169
Echiexud	CP@TRINITY_DN13311_c0_g1::CP@TRINITY_DN13311_c0_g1_i1::g.35966::m.35966	27.650	434	279	7	334	747	1	419	2.34e-46	173
Diphrota	CP@TRINITY_DN13311_c0_g1::CP@TRINITY_DN13311_c0_g1_i1::g.35966::m.35966	32.385	457	301	5	292	742	1	455	8.04e-67	230
Diphrota	CP@TRINITY_DN13311_c0_g2::CP@TRINITY_DN13311_c0_g2_i1::g.35967::m.35967	42.806	278	145	3	1	267	1	275	9.24e-55	191
Gefiokel	CP@TRINITY_DN13311_c0_g2::CP@TRINITY_DN13311_c0_g2_i1::g.35967::m.35967	41.697	271	138	4	18	269	6	275	2.51e-59	202
Gefiokel	CP@TRINITY_DN13311_c0_g1::CP@TRINITY_DN13311_c0_g1_i1::g.35966::m.35966	32.143	448	277	7	304	728	10	453	1.62e-58	205
Pharkirb	CP@TRINITY_DN13311_c0_g2::CP@TRINITY_DN13311_c0_g2_i1::g.35967::m.35967	36.614	254	141	3	2	237	24	275	5.71e-45	156
HeterBB2	CP@TRINITY_DN13311_c0_g1::CP@TRINITY_DN13311_c0_g1_i1::g.35966::m.35966	30.407	467	304	6	197	655	1	454	7.58e-63	218
Eugllong	CP@TRINITY_DN13311_c0_g2::CP@TRINITY_DN13311_c0_g2_i1::g.35967::m.35967	40.876	274	141	4	13	267	4	275	4.83e-59	201
Eugllong	CP@TRINITY_DN13311_c0_g1::CP@TRINITY_DN13311_c0_g1_i1::g.35966::m.35966	29.333	450	295	8	303	734	11	455	3.34e-45	168
Euglgrac	CP@TRINITY_DN13311_c0_g2::CP@TRINITY_DN13311_c0_g2_i1::g.35967::m.35967	42.336	274	137	4	26	280	4	275	3.48e-60	204
Euglgrac	CP@TRINITY_DN13311_c0_g1::CP@TRINITY_DN13311_c0_g1_i1::g.35966::m.35966	28.810	420	271	5	316	714	11	423	9.30e-47	173
Eutrgymn	CP@TRINITY_DN13311_c0_g2::CP@TRINITY_DN13311_c0_g2_i1::g.35967::m.35967	41.971	274	138	4	14	268	4	275	3.48e-57	196
Eutrgymn	CP@TRINITY_DN13311_c0_g1::CP@TRINITY_DN13311_c0_g1_i1::g.35966::m.35966	29.306	447	293	9	307	735	14	455	1.10e-46	172
Stensten	CP@TRINITY_DN13311_c0_g2::CP@TRINITY_DN13311_c0_g2_i1::g.35967::m.35967	39.781	274	147	2	14	269	2	275	1.42e-58	201
Stensten	CP@TRINITY_DN13311_c0_g1::CP@TRINITY_DN13311_c0_g1_i1::g.35966::m.35966	29.956	454	303	6	293	733	1	452	1.76e-57	204
Amoepara	CP@TRINITY_DN13311_c0_g1::CP@TRINITY_DN13311_c0_g1_i1::g.35966::m.35966	34.742	426	262	5	277	693	5	423	1.69e-71	242
Amoepara	CP@TRINITY_DN13311_c0_g2::CP@TRINITY_DN13311_c0_g2_i1::g.35967::m.35967	43.431	274	140	3	2	261	3	275	8.19e-57	196
Sphaarct	CP@TRINITY_DN13311_c0_g2::CP@TRINITY_DN13311_c0_g2_i1::g.35967::m.35967	45.421	273	131	5	8	268	6	272	2.91e-64	217
Sphaarct	CP@TRINITY_DN13311_c0_g1::CP@TRINITY_DN13311_c0_g1_i1::g.35966::m.35966	32.547	424	272	6	299	720	5	416	7.48e-60	211
Mnemleid	CP@TRINITY_DN13311_c0_g2::CP@TRINITY_DN13311_c0_g2_i1::g.35967::m.35967	47.985	273	125	2	2	257	3	275	1.80e-79	257
Mnemleid	CP@TRINITY_DN13311_c0_g1::CP@TRINITY_DN13311_c0_g1_i1::g.35966::m.35966	34.475	438	284	2	284	719	13	449	4.96e-78	260
Amphquee	CP@TRINITY_DN13311_c0_g1::CP@TRINITY_DN13311_c0_g1_i1::g.35966::m.35966	39.220	436	250	4	279	711	3	426	6.29e-91	295
Amphquee	CP@TRINITY_DN13311_c0_g2::CP@TRINITY_DN13311_c0_g2_i1::g.35967::m.35967	48.352	273	126	1	5	262	3	275	1.22e-76	251
Caeneleg	CP@TRINITY_DN13311_c0_g2::CP@TRINITY_DN13311_c0_g2_i1::g.35967::m.35967	43.431	274	138	1	9	265	2	275	4.16e-65	219
Caeneleg	CP@TRINITY_DN13311_c0_g1::CP@TRINITY_DN13311_c0_g1_i1::g.35966::m.35966	33.673	392	233	6	324	697	44	426	4.01e-56	200
Taensoli	CP@TRINITY_DN13311_c0_g1::CP@TRINITY_DN13311_c0_g1_i1::g.35966::m.35966	33.953	430	261	5	290	711	5	419	3.06e-66	229
Taensoli	CP@TRINITY_DN13311_c0_g2::CP@TRINITY_DN13311_c0_g2_i1::g.35967::m.35967	41.637	281	131	3	5	262	1	271	7.32e-57	197
Schimans	CP@TRINITY_DN13311_c0_g2::CP@TRINITY_DN13311_c0_g2_i1::g.35967::m.35967	50.730	274	119	1	6	263	2	275	2.25e-81	265
Schimans	CP@TRINITY_DN13311_c0_g1::CP@TRINITY_DN13311_c0_g1_i1::g.35966::m.35966	33.570	423	255	6	297	709	13	419	1.62e-67	233
Aplycali	CP@TRINITY_DN13311_c0_g1::CP@TRINITY_DN13311_c0_g1_i1::g.35966::m.35966	41.270	441	254	4	278	716	3	440	7.91e-100	318
Aplycali	CP@TRINITY_DN13311_c0_g2::CP@TRINITY_DN13311_c0_g2_i1::g.35967::m.35967	56.458	271	102	1	6	260	5	275	3.19e-95	300
Drosmela	CP@TRINITY_DN13311_c0_g1::CP@TRINITY_DN13311_c0_g1_i1::g.35966::m.35966	39.446	469	266	6	276	742	2	454	1.12e-100	321
Drosmela	CP@TRINITY_DN13311_c0_g2::CP@TRINITY_DN13311_c0_g2_i1::g.35967::m.35967	52.190	274	115	1	3	260	2	275	4.05e-87	279
Apismell	CP@TRINITY_DN13311_c0_g2::CP@TRINITY_DN13311_c0_g2_i1::g.35967::m.35967	58.394	274	96	2	3	258	2	275	9.89e-101	314
Apismell	CP@TRINITY_DN13311_c0_g1::CP@TRINITY_DN13311_c0_g1_i1::g.35966::m.35966	38.307	449	265	4	274	719	2	441	1.47e-96	310
Branflor	CP@TRINITY_DN13311_c0_g1::CP@TRINITY_DN13311_c0_g1_i1::g.35966::m.35966	39.286	448	263	3	275	719	3	444	1.77e-98	315
Branflor	CP@TRINITY_DN13311_c0_g2::CP@TRINITY_DN13311_c0_g2_i1::g.35967::m.35967	56.318	277	100	2	1	258	1	275	9.97e-93	293
Gallgall	CP@TRINITY_DN13311_c0_g1::CP@TRINITY_DN13311_c0_g1_i1::g.35966::m.35966	41.253	463	254	8	277	733	3	453	2.31e-94	304
Gallgall	CP@TRINITY_DN13311_c0_g2::CP@TRINITY_DN13311_c0_g2_i1::g.35967::m.35967	56.000	275	106	2	1	260	1	275	1.59e-91	290
Tricadha	CP@TRINITY_DN13311_c0_g1::CP@TRINITY_DN13311_c0_g1_i1::g.35966::m.35966	38.182	440	259	3	273	703	2	437	1.69e-89	291
Tricadha	CP@TRINITY_DN13311_c0_g2::CP@TRINITY_DN13311_c0_g2_i1::g.35967::m.35967	52.941	272	110	2	1	254	1	272	2.32e-83	268
Salprose	CP@TRINITY_DN13311_c0_g1::CP@TRINITY_DN13311_c0_g1_i1::g.35966::m.35966	33.811	349	219	7	235	582	105	442	1.02e-49	181
Minivibr	CP@TRINITY_DN13311_c0_g1::CP@TRINITY_DN13311_c0_g1_i1::g.35966::m.35966	31.264	451	292	6	310	750	13	455	5.28e-67	230
Minivibr	CP@TRINITY_DN13311_c0_g2::CP@TRINITY_DN13311_c0_g2_i1::g.35967::m.35967	37.729	273	159	2	13	274	3	275	2.11e-51	181
Rhizdele	CP@TRINITY_DN13311_c0_g1::CP@TRINITY_DN13311_c0_g1_i1::g.35966::m.35966	35.698	437	268	5	285	710	13	447	5.28e-74	247
Rhizdele	CP@TRINITY_DN13311_c0_g2::CP@TRINITY_DN13311_c0_g2_i1::g.35967::m.35967	40.659	273	145	2	6	261	3	275	1.59e-53	186
Spizpunc	CP@TRINITY_DN13311_c0_g1::CP@TRINITY_DN13311_c0_g1_i1::g.35966::m.35966	35.268	448	269	7	286	715	1	445	3.37e-72	244
Spizpunc	CP@TRINITY_DN13311_c0_g2::CP@TRINITY_DN13311_c0_g2_i1::g.35967::m.35967	45.588	272	131	3	8	262	4	275	3.41e-65	219
Allomacr	CP@TRINITY_DN13311_c0_g2::CP@TRINITY_DN13311_c0_g2_i1::g.35967::m.35967	37.818	275	150	4	65	321	4	275	4.72e-46	166
Allomacr	CP@TRINITY_DN13311_c0_g1::CP@TRINITY_DN13311_c0_g1_i1::g.35966::m.35966	27.273	462	296	8	333	764	2	453	1.02e-43	165
Ustimayd	CP@TRINITY_DN13311_c0_g1::CP@TRINITY_DN13311_c0_g1_i1::g.35966::m.35966	32.071	449	287	7	278	722	1	435	1.07e-55	199
Ustimayd	CP@TRINITY_DN13311_c0_g2::CP@TRINITY_DN13311_c0_g2_i1::g.35967::m.35967	36.765	272	153	4	7	260	5	275	2.88e-42	155
Coprcine	CP@TRINITY_DN13311_c0_g1::CP@TRINITY_DN13311_c0_g1_i1::g.35966::m.35966	31.915	423	261	7	237	636	8	426	1.50e-55	198
Schizpom	CP@TRINITY_DN13311_c0_g1::CP@TRINITY_DN13311_c0_g1_i1::g.35966::m.35966	36.364	297	185	2	282	578	3	295	5.31e-58	204
Schizpom	CP@TRINITY_DN13311_c0_g2::CP@TRINITY_DN13311_c0_g2_i1::g.35967::m.35967	36.232	276	157	3	1	258	1	275	8.45e-47	167
Neurcras	CP@TRINITY_DN13311_c0_g1::CP@TRINITY_DN13311_c0_g1_i1::g.35966::m.35966	32.174	460	298	8	277	730	4	455	2.44e-62	216
Neurcras	CP@TRINITY_DN13311_c0_g2::CP@TRINITY_DN13311_c0_g2_i1::g.35967::m.35967	40.659	273	145	2	2	257	3	275	4.29e-58	198
Aspefumi	CP@TRINITY_DN13311_c0_g2::CP@TRINITY_DN13311_c0_g2_i1::g.35967::m.35967	41.758	273	142	2	2	257	3	275	3.07e-62	211
Aspefumi	CP@TRINITY_DN13311_c0_g1::CP@TRINITY_DN13311_c0_g1_i1::g.35966::m.35966	29.613	439	279	8	277	704	4	423	2.23e-47	175
Dino2267	CP@TRINITY_DN13311_c0_g2::CP@TRINITY_DN13311_c0_g2_i1::g.35967::m.35967	42.654	211	102	3	2	193	21	231	5.35e-41	152
