Galdphle	CP@TRINITY_DN23589_c0_g1::CP@TRINITY_DN23589_c0_g1_i1::g.56480::m.56480	69.697	99	30	0	1130	1228	1	99	2.84e-42	150
Sphadest	CP@TRINITY_DN23589_c0_g1::CP@TRINITY_DN23589_c0_g1_i1::g.56480::m.56480	71.429	98	28	0	1044	1141	2	99	1.27e-41	148
Creofrag	CP@TRINITY_DN23589_c0_g1::CP@TRINITY_DN23589_c0_g1_i1::g.56480::m.56480	68.367	98	31	0	1066	1163	2	99	1.25e-41	148
Syssmult	CP@TRINITY_DN23589_c0_g1::CP@TRINITY_DN23589_c0_g1_i1::g.56480::m.56480	69.388	98	30	0	431	528	2	99	8.16e-41	143
Capsowcz	CP@TRINITY_DN23589_c0_g1::CP@TRINITY_DN23589_c0_g1_i1::g.56480::m.56480	69.388	98	30	0	1054	1151	2	99	1.38e-41	148
Parvatla	CP@TRINITY_DN23589_c0_g1::CP@TRINITY_DN23589_c0_g1_i1::g.56480::m.56480	72.449	98	27	0	320	417	2	99	7.48e-44	152
Gemicryo	CP@TRINITY_DN23589_c0_g1::CP@TRINITY_DN23589_c0_g1_i1::g.56480::m.56480	70.408	98	29	0	804	901	2	99	1.10e-41	148
Nephpyri	CP@TRINITY_DN23589_c0_g1::CP@TRINITY_DN23589_c0_g1_i1::g.56480::m.56480	70.408	98	29	0	1084	1181	2	99	6.25e-41	146
Leptvora	CP@TRINITY_DN23589_c0_g1::CP@TRINITY_DN23589_c0_g1_i1::g.56480::m.56480	71.429	98	28	0	599	696	2	99	4.99e-42	149
Stencoer	CP@TRINITY_DN23589_c0_g1::CP@TRINITY_DN23589_c0_g1_i1::g.56480::m.56480	66.327	98	33	0	928	1025	2	99	6.01e-41	146
MatazaD1	CP@TRINITY_DN23589_c0_g1::CP@TRINITY_DN23589_c0_g1_i1::g.56480::m.56480	69.697	99	30	0	440	538	1	99	7.99e-42	147
Rhodlimn	CP@TRINITY_DN23589_c0_g1::CP@TRINITY_DN23589_c0_g1_i1::g.56480::m.56480	71.429	98	28	0	383	480	2	99	1.11e-41	147
Galdsulp	CP@TRINITY_DN23589_c0_g1::CP@TRINITY_DN23589_c0_g1_i1::g.56480::m.56480	69.697	99	30	0	1027	1125	1	99	1.09e-41	148
Cyanmero	CP@TRINITY_DN23589_c0_g1::CP@TRINITY_DN23589_c0_g1_i1::g.56480::m.56480	70.408	98	29	0	1097	1194	2	99	2.88e-41	147
Deveeleg	CP@TRINITY_DN23589_c0_g1::CP@TRINITY_DN23589_c0_g1_i1::g.56480::m.56480	72.727	99	26	1	1008	1106	2	99	5.84e-42	149
Phaetric	CP@TRINITY_DN23589_c0_g1::CP@TRINITY_DN23589_c0_g1_i1::g.56480::m.56480	69.000	100	31	0	1024	1123	2	101	8.88e-41	145
Hetepall	CP@TRINITY_DN23589_c0_g1::CP@TRINITY_DN23589_c0_g1_i1::g.56480::m.56480	70.707	99	29	0	1001	1099	1	99	5.78e-41	146
HeterBB2	CP@TRINITY_DN23589_c0_g1::CP@TRINITY_DN23589_c0_g1_i1::g.56480::m.56480	68.687	99	30	1	264	362	2	99	1.06e-42	145
Amoepara	CP@TRINITY_DN23589_c0_g1::CP@TRINITY_DN23589_c0_g1_i1::g.56480::m.56480	76.531	98	23	0	1061	1158	2	99	3.03e-43	153
Sphaarct	CP@TRINITY_DN23589_c0_g1::CP@TRINITY_DN23589_c0_g1_i1::g.56480::m.56480	66.327	98	33	0	977	1074	2	99	6.16e-41	146
Tricadha	CP@TRINITY_DN23589_c0_g1::CP@TRINITY_DN23589_c0_g1_i1::g.56480::m.56480	71.429	98	28	0	1032	1129	2	99	2.06e-43	153
Apismell	CP@TRINITY_DN23589_c0_g1::CP@TRINITY_DN23589_c0_g1_i1::g.56480::m.56480	70.408	98	29	0	1025	1122	2	99	1.57e-42	150
Spizpunc	CP@TRINITY_DN23589_c0_g1::CP@TRINITY_DN23589_c0_g1_i1::g.56480::m.56480	71.569	102	26	1	1024	1125	1	99	6.76e-42	149
Schizpom	CP@TRINITY_DN23589_c0_g1::CP@TRINITY_DN23589_c0_g1_i1::g.56480::m.56480	67.290	107	24	2	1035	1141	2	97	2.87e-41	147
Allomacr	CP@TRINITY_DN23589_c0_g1::CP@TRINITY_DN23589_c0_g1_i1::g.56480::m.56480	70.755	106	23	1	1029	1134	2	99	6.51e-43	152
