Blasemer	CP@TRINITY_DN26567_c0_g1::CP@TRINITY_DN26567_c0_g1_i1::g.60421::m.60421	42.697	178	99	2	17	193	1	176	3.19e-50	161
Protlace	CP@TRINITY_DN26567_c0_g1::CP@TRINITY_DN26567_c0_g1_i1::g.60421::m.60421	42.857	203	115	1	35	236	1	203	2.29e-57	182
Hemirufe	CP@TRINITY_DN26567_c0_g1::CP@TRINITY_DN26567_c0_g1_i1::g.60421::m.60421	48.815	211	95	4	107	316	2	200	4.59e-62	196
Gemicryo	CP@TRINITY_DN26567_c0_g1::CP@TRINITY_DN26567_c0_g1_i1::g.60421::m.60421	42.056	214	109	4	103	316	2	200	3.28e-56	181
Guilthet	CP@TRINITY_DN26567_c0_g1::CP@TRINITY_DN26567_c0_g1_i1::g.60421::m.60421	48.515	202	94	3	102	302	8	200	2.32e-62	197
Goniavon	CP@TRINITY_DN26567_c0_g1::CP@TRINITY_DN26567_c0_g1_i1::g.60421::m.60421	66.667	96	32	0	81	176	105	200	3.61e-45	148
Calclept	CP@TRINITY_DN26567_c0_g1::CP@TRINITY_DN26567_c0_g1_i1::g.60421::m.60421	46.569	204	103	2	98	300	1	199	1.72e-64	202
Protadhe	CP@TRINITY_DN26567_c0_g1::CP@TRINITY_DN26567_c0_g1_i1::g.60421::m.60421	47.000	200	104	2	115	313	1	199	1.54e-62	197
Protadhe	CP@TRINITY_DN700_c0_g3::CP@TRINITY_DN700_c0_g3_i1::g.21315::m.21315	37.069	232	137	6	101	329	61	286	7.42e-41	144
Protadhe	CP@TRINITY_DN700_c0_g2::CP@TRINITY_DN700_c0_g2_i1::g.21310::m.21310	37.069	232	137	6	101	329	61	286	7.42e-41	144
Parasacc	CP@TRINITY_DN26567_c0_g1::CP@TRINITY_DN26567_c0_g1_i1::g.60421::m.60421	44.118	204	106	4	55	255	1	199	5.90e-57	181
MAST004E	CP@TRINITY_DN26567_c0_g1::CP@TRINITY_DN26567_c0_g1_i1::g.60421::m.60421	42.788	208	91	4	86	280	7	199	6.41e-51	167
MAST004C	CP@TRINITY_DN26567_c0_g1::CP@TRINITY_DN26567_c0_g1_i1::g.60421::m.60421	38.532	218	104	3	69	274	1	200	2.87e-49	162
EctocSP7	CP@TRINITY_DN26567_c0_g1::CP@TRINITY_DN26567_c0_g1_i1::g.60421::m.60421	44.651	215	110	2	86	299	1	207	7.80e-62	195
Thalpseu	CP@TRINITY_DN26567_c0_g1::CP@TRINITY_DN26567_c0_g1_i1::g.60421::m.60421	42.342	222	112	4	71	291	1	207	3.97e-56	180
Phytpara	CP@TRINITY_DN26567_c0_g1::CP@TRINITY_DN26567_c0_g1_i1::g.60421::m.60421	52.261	199	94	1	113	310	2	200	5.16e-71	219
ChrysoH1	CP@TRINITY_DN26567_c0_g1::CP@TRINITY_DN26567_c0_g1_i1::g.60421::m.60421	47.872	188	91	4	26	210	25	208	1.38e-55	176
BicoCB20	CP@TRINITY_DN26567_c0_g1::CP@TRINITY_DN26567_c0_g1_i1::g.60421::m.60421	44.712	208	113	2	99	305	1	207	6.82e-61	193
Paulchro	CP@TRINITY_DN26567_c0_g1::CP@TRINITY_DN26567_c0_g1_i1::g.60421::m.60421	51.500	200	96	1	145	343	1	200	1.02e-67	212
Ammo1384	CP@TRINITY_DN26567_c0_g1::CP@TRINITY_DN26567_c0_g1_i1::g.60421::m.60421	37.799	209	119	3	47	254	1	199	2.04e-49	162
Sori0191	CP@TRINITY_DN26567_c0_g1::CP@TRINITY_DN26567_c0_g1_i1::g.60421::m.60421	41.429	210	111	5	104	312	1	199	7.47e-49	162
Bigenata	CP@TRINITY_DN26567_c0_g1::CP@TRINITY_DN26567_c0_g1_i1::g.60421::m.60421	56.500	200	86	1	101	299	8	207	1.29e-72	223
Leptvora	CP@TRINITY_DN26567_c0_g1::CP@TRINITY_DN26567_c0_g1_i1::g.60421::m.60421	46.544	217	97	2	123	338	1	199	3.70e-62	197
Plasbras	CP@TRINITY_DN26567_c0_g1::CP@TRINITY_DN26567_c0_g1_i1::g.60421::m.60421	53.000	200	92	2	90	288	1	199	1.09e-73	225
Aurisoli	CP@TRINITY_DN26567_c0_g1::CP@TRINITY_DN26567_c0_g1_i1::g.60421::m.60421	66.316	95	32	0	8	102	106	200	1.12e-44	144
Andagodo	CP@TRINITY_DN26567_c0_g1::CP@TRINITY_DN26567_c0_g1_i1::g.60421::m.60421	42.857	203	105	2	91	292	8	200	1.85e-54	176
Styginca	CP@TRINITY_DN26567_c0_g1::CP@TRINITY_DN26567_c0_g1_i1::g.60421::m.60421	42.130	216	112	4	111	323	3	208	5.06e-54	176
Rainerin	CP@TRINITY_DN26567_c0_g1::CP@TRINITY_DN26567_c0_g1_i1::g.60421::m.60421	50.777	193	93	2	90	281	8	199	8.18e-65	202
Raphhete	CP@TRINITY_DN26567_c0_g1::CP@TRINITY_DN26567_c0_g1_i1::g.60421::m.60421	52.830	159	74	1	7	164	41	199	9.14e-56	175
ChoanoFB	CP@TRINITY_DN26567_c0_g1::CP@TRINITY_DN26567_c0_g1_i1::g.60421::m.60421	47.000	200	103	3	105	302	1	199	8.92e-59	187
Prassing	CP@TRINITY_DN26567_c0_g1::CP@TRINITY_DN26567_c0_g1_i1::g.60421::m.60421	42.544	228	101	3	123	349	1	199	2.06e-60	193
Arabthal	CP@TRINITY_DN26567_c0_g1::CP@TRINITY_DN26567_c0_g1_i1::g.60421::m.60421	48.039	204	94	2	127	329	8	200	8.37e-62	196
Charbrau	CP@TRINITY_DN26567_c0_g1::CP@TRINITY_DN26567_c0_g1_i1::g.60421::m.60421	48.000	200	94	2	80	269	1	200	8.05e-63	197
Chlovari	CP@TRINITY_DN26567_c0_g1::CP@TRINITY_DN26567_c0_g1_i1::g.60421::m.60421	48.357	213	96	2	115	326	1	200	1.54e-67	211
Dunasali	CP@TRINITY_DN26567_c0_g1::CP@TRINITY_DN26567_c0_g1_i1::g.60421::m.60421	43.556	225	101	2	117	340	1	200	2.00e-64	203
Prascaps	CP@TRINITY_DN26567_c0_g1::CP@TRINITY_DN26567_c0_g1_i1::g.60421::m.60421	47.847	209	99	2	31	238	1	200	6.91e-69	211
Tetrasti	CP@TRINITY_DN26567_c0_g1::CP@TRINITY_DN26567_c0_g1_i1::g.60421::m.60421	47.664	214	90	2	138	350	8	200	3.90e-67	211
Nephpyri	CP@TRINITY_DN26567_c0_g1::CP@TRINITY_DN26567_c0_g1_i1::g.60421::m.60421	46.262	214	99	3	129	340	1	200	6.71e-65	204
Mesoviri	CP@TRINITY_DN26567_c0_g1::CP@TRINITY_DN26567_c0_g1_i1::g.60421::m.60421	47.847	209	99	2	119	326	1	200	1.29e-65	206
Chlarein	CP@TRINITY_DN26567_c0_g1::CP@TRINITY_DN26567_c0_g1_i1::g.60421::m.60421	45.000	220	93	5	84	295	1	200	1.53e-54	176
Galdphle	CP@TRINITY_DN26567_c0_g1::CP@TRINITY_DN26567_c0_g1_i1::g.60421::m.60421	40.000	205	121	2	81	284	2	205	2.57e-47	157
Porppurp	CP@TRINITY_DN26567_c0_g1::CP@TRINITY_DN26567_c0_g1_i1::g.60421::m.60421	44.000	200	109	3	103	300	2	200	6.60e-55	177
Coralima	CP@TRINITY_DN26567_c0_g1::CP@TRINITY_DN26567_c0_g1_i1::g.60421::m.60421	48.241	199	92	3	101	294	8	200	2.81e-62	196
Thectrah	CP@TRINITY_DN26567_c0_g1::CP@TRINITY_DN26567_c0_g1_i1::g.60421::m.60421	48.500	200	102	1	84	282	1	200	1.28e-64	202
Physpoly	CP@TRINITY_DN26567_c0_g1::CP@TRINITY_DN26567_c0_g1_i1::g.60421::m.60421	46.569	204	101	3	127	326	8	207	5.69e-58	186
Stroincl	CP@TRINITY_DN26567_c0_g1::CP@TRINITY_DN26567_c0_g1_i1::g.60421::m.60421	44.554	202	110	2	29	230	1	200	1.89e-58	184
Styllemn	CP@TRINITY_DN26567_c0_g1::CP@TRINITY_DN26567_c0_g1_i1::g.60421::m.60421	46.766	201	102	3	167	363	1	200	3.41e-59	191
Stencoer	CP@TRINITY_DN26567_c0_g1::CP@TRINITY_DN26567_c0_g1_i1::g.60421::m.60421	45.771	201	107	2	95	294	1	200	9.06e-59	187
Noctscin	CP@TRINITY_DN26567_c0_g1::CP@TRINITY_DN26567_c0_g1_i1::g.60421::m.60421	44.828	203	109	1	139	341	1	200	4.82e-62	197
Oxyrmari	CP@TRINITY_DN26567_c0_g1::CP@TRINITY_DN26567_c0_g1_i1::g.60421::m.60421	41.379	203	113	3	152	351	1	200	1.15e-55	181
HemaVICK	CP@TRINITY_DN26567_c0_g1::CP@TRINITY_DN26567_c0_g1_i1::g.60421::m.60421	47.761	201	104	1	123	323	1	200	4.61e-67	209
HemaVICK	CP@TRINITY_DN700_c0_g3::CP@TRINITY_DN700_c0_g3_i1::g.21315::m.21315	31.081	296	180	5	51	338	7	286	2.19e-42	148
HemaVICK	CP@TRINITY_DN700_c0_g2::CP@TRINITY_DN700_c0_g2_i1::g.21310::m.21310	31.081	296	180	5	51	338	7	286	2.19e-42	148
Vitrbras	CP@TRINITY_DN26567_c0_g1::CP@TRINITY_DN26567_c0_g1_i1::g.60421::m.60421	46.766	201	105	2	122	321	1	200	7.19e-65	204
Gregniph	CP@TRINITY_DN26567_c0_g1::CP@TRINITY_DN26567_c0_g1_i1::g.60421::m.60421	40.099	202	116	4	98	297	1	199	1.00e-46	156
Alphedax	CP@TRINITY_DN26567_c0_g1::CP@TRINITY_DN26567_c0_g1_i1::g.60421::m.60421	51.741	201	95	2	172	371	1	200	3.11e-70	219
Colpangu	CP@TRINITY_DN26567_c0_g1::CP@TRINITY_DN26567_c0_g1_i1::g.60421::m.60421	45.274	201	107	3	150	349	1	199	1.86e-56	183
Plasfalc	CP@TRINITY_DN26567_c0_g1::CP@TRINITY_DN26567_c0_g1_i1::g.60421::m.60421	37.799	209	125	3	115	319	1	208	1.20e-42	146
Paraconf	CP@TRINITY_DN26567_c0_g1::CP@TRINITY_DN26567_c0_g1_i1::g.60421::m.60421	44.221	199	110	1	117	314	1	199	2.46e-59	189
Leismajo	CP@TRINITY_DN26567_c0_g1::CP@TRINITY_DN26567_c0_g1_i1::g.60421::m.60421	45.226	199	108	1	118	315	1	199	1.44e-57	185
Leptpyrr	CP@TRINITY_DN26567_c0_g1::CP@TRINITY_DN26567_c0_g1_i1::g.60421::m.60421	43.961	207	114	2	118	322	1	207	8.13e-58	186
Trypbruc	CP@TRINITY_DN26567_c0_g1::CP@TRINITY_DN26567_c0_g1_i1::g.60421::m.60421	44.444	207	113	2	119	323	1	207	1.21e-58	187
Monoexil	CP@TRINITY_DN26567_c0_g1::CP@TRINITY_DN26567_c0_g1_i1::g.60421::m.60421	38.462	195	116	3	84	276	8	200	3.41e-42	144
Sacccere	CP@TRINITY_DN26567_c0_g1::CP@TRINITY_DN26567_c0_g1_i1::g.60421::m.60421	45.604	182	97	2	93	273	8	188	4.38e-47	157
Dictdisc	CP@TRINITY_DN26567_c0_g1::CP@TRINITY_DN26567_c0_g1_i1::g.60421::m.60421	43.158	190	107	1	112	300	8	197	1.80e-57	184
Protfung	CP@TRINITY_DN26567_c0_g1::CP@TRINITY_DN26567_c0_g1_i1::g.60421::m.60421	40.496	242	100	4	107	346	1	200	6.77e-53	176
Mitodaph	CP@TRINITY_DN26567_c0_g1::CP@TRINITY_DN26567_c0_g1_i1::g.60421::m.60421	42.408	191	92	2	26	211	30	207	1.23e-51	166
Platmacr	CP@TRINITY_DN26567_c0_g1::CP@TRINITY_DN26567_c0_g1_i1::g.60421::m.60421	49.718	177	87	2	1	176	25	200	3.70e-56	176
Ichtmult	CP@TRINITY_DN26567_c0_g1::CP@TRINITY_DN26567_c0_g1_i1::g.60421::m.60421	46.000	200	106	2	129	327	1	199	1.11e-59	191
Tetrther	CP@TRINITY_DN26567_c0_g1::CP@TRINITY_DN26567_c0_g1_i1::g.60421::m.60421	44.186	215	111	2	130	343	1	207	1.54e-58	188
Paratetr	CP@TRINITY_DN26567_c0_g1::CP@TRINITY_DN26567_c0_g1_i1::g.60421::m.60421	42.786	201	111	4	125	323	1	199	1.35e-49	164
TeloneP2	CP@TRINITY_DN26567_c0_g1::CP@TRINITY_DN26567_c0_g1_i1::g.60421::m.60421	44.776	201	86	3	1	200	24	200	1.74e-59	186
Naeggrub	CP@TRINITY_DN26567_c0_g1::CP@TRINITY_DN26567_c0_g1_i1::g.60421::m.60421	44.000	225	100	3	31	255	1	199	1.09e-58	186
SpirCILI	CP@TRINITY_DN26567_c0_g1::CP@TRINITY_DN26567_c0_g1_i1::g.60421::m.60421	50.246	203	95	2	97	298	8	205	8.77e-69	213
Syssmult	CP@TRINITY_DN26567_c0_g1::CP@TRINITY_DN26567_c0_g1_i1::g.60421::m.60421	50.242	207	101	2	87	291	1	207	6.35e-72	221
Monobrev	CP@TRINITY_DN26567_c0_g1::CP@TRINITY_DN26567_c0_g1_i1::g.60421::m.60421	54.124	194	88	1	33	225	7	200	3.23e-73	221
Nemavect	CP@TRINITY_DN26567_c0_g1::CP@TRINITY_DN26567_c0_g1_i1::g.60421::m.60421	58.937	207	84	1	70	275	1	207	1.04e-89	265
Homosapi	CP@TRINITY_DN26567_c0_g1::CP@TRINITY_DN26567_c0_g1_i1::g.60421::m.60421	55.072	207	93	0	135	341	1	207	1.41e-87	262
Homosapi	CP@TRINITY_DN700_c0_g3::CP@TRINITY_DN700_c0_g3_i1::g.21315::m.21315	35.000	240	147	4	117	349	48	285	1.38e-42	149
Homosapi	CP@TRINITY_DN700_c0_g2::CP@TRINITY_DN700_c0_g2_i1::g.21310::m.21310	35.000	240	147	4	117	349	48	285	1.38e-42	149
Creofrag	CP@TRINITY_DN26567_c0_g1::CP@TRINITY_DN26567_c0_g1_i1::g.60421::m.60421	48.500	200	100	2	123	321	7	204	8.14e-69	214
Sphadest	CP@TRINITY_DN26567_c0_g1::CP@TRINITY_DN26567_c0_g1_i1::g.60421::m.60421	51.244	201	97	1	94	293	8	208	2.14e-73	224
Capsowcz	CP@TRINITY_DN26567_c0_g1::CP@TRINITY_DN26567_c0_g1_i1::g.60421::m.60421	53.365	208	94	2	137	341	1	208	6.37e-81	245
Lapoguse	CP@TRINITY_DN26567_c0_g1::CP@TRINITY_DN26567_c0_g1_i1::g.60421::m.60421	46.262	214	108	3	107	319	1	208	6.54e-60	191
Parvatla	CP@TRINITY_DN26567_c0_g1::CP@TRINITY_DN26567_c0_g1_i1::g.60421::m.60421	55.276	199	88	1	99	296	1	199	8.53e-75	228
Rozeallo	CP@TRINITY_DN26567_c0_g1::CP@TRINITY_DN26567_c0_g1_i1::g.60421::m.60421	48.958	192	97	1	91	281	8	199	5.91e-66	205
Batrdend	CP@TRINITY_DN26567_c0_g1::CP@TRINITY_DN26567_c0_g1_i1::g.60421::m.60421	49.751	201	99	2	83	282	1	200	1.24e-71	219
Vannfimi	CP@TRINITY_DN26567_c0_g1::CP@TRINITY_DN26567_c0_g1_i1::g.60421::m.60421	48.756	201	100	2	92	291	1	199	1.73e-65	204
Idiovort	CP@TRINITY_DN26567_c0_g1::CP@TRINITY_DN26567_c0_g1_i1::g.60421::m.60421	53.500	200	91	2	121	318	1	200	1.85e-70	218
Rhodemar	CP@TRINITY_DN26567_c0_g1::CP@TRINITY_DN26567_c0_g1_i1::g.60421::m.60421	49.751	201	97	2	98	297	2	199	3.14e-66	206
Rhodemar	CP@TRINITY_DN700_c0_g3::CP@TRINITY_DN700_c0_g3_i1::g.21315::m.21315	32.707	266	170	4	49	313	29	286	6.69e-44	152
Rhodemar	CP@TRINITY_DN700_c0_g2::CP@TRINITY_DN700_c0_g2_i1::g.21310::m.21310	32.707	266	170	4	49	313	29	286	6.69e-44	152
Rhodlimn	CP@TRINITY_DN26567_c0_g1::CP@TRINITY_DN26567_c0_g1_i1::g.60421::m.60421	52.332	193	91	1	106	297	8	200	7.14e-70	216
Cyanpara	CP@TRINITY_DN26567_c0_g1::CP@TRINITY_DN26567_c0_g1_i1::g.60421::m.60421	57.500	200	83	2	102	299	1	200	1.29e-78	238
Cyanpara	CP@TRINITY_DN700_c0_g3::CP@TRINITY_DN700_c0_g3_i1::g.21315::m.21315	35.540	287	174	6	29	313	8	285	2.60e-46	158
Cyanpara	CP@TRINITY_DN700_c0_g2::CP@TRINITY_DN700_c0_g2_i1::g.21310::m.21310	35.540	287	174	6	29	313	8	285	2.60e-46	158
Gloewitr	CP@TRINITY_DN26567_c0_g1::CP@TRINITY_DN26567_c0_g1_i1::g.60421::m.60421	55.440	193	85	1	98	289	8	200	2.98e-72	221
Rhodmari	CP@TRINITY_DN26567_c0_g1::CP@TRINITY_DN26567_c0_g1_i1::g.60421::m.60421	46.000	200	106	2	90	288	2	200	2.45e-58	186
Choncris	CP@TRINITY_DN26567_c0_g1::CP@TRINITY_DN26567_c0_g1_i1::g.60421::m.60421	45.000	200	107	3	88	286	2	199	2.85e-53	173
Galdsulp	CP@TRINITY_DN26567_c0_g1::CP@TRINITY_DN26567_c0_g1_i1::g.60421::m.60421	42.553	188	106	2	81	267	2	188	1.07e-45	153
Compcoer	CP@TRINITY_DN26567_c0_g1::CP@TRINITY_DN26567_c0_g1_i1::g.60421::m.60421	42.995	207	104	7	109	312	2	197	2.19e-46	157
Rhodmacu	CP@TRINITY_DN26567_c0_g1::CP@TRINITY_DN26567_c0_g1_i1::g.60421::m.60421	39.899	198	115	3	50	246	9	203	5.64e-44	147
Caferoen	CP@TRINITY_DN26567_c0_g1::CP@TRINITY_DN26567_c0_g1_i1::g.60421::m.60421	40.704	199	116	2	135	332	2	199	5.86e-54	176
Cantmars	CP@TRINITY_DN26567_c0_g1::CP@TRINITY_DN26567_c0_g1_i1::g.60421::m.60421	42.500	200	112	2	98	295	1	199	5.72e-55	177
Cantmars	CP@TRINITY_DN700_c0_g3::CP@TRINITY_DN700_c0_g3_i1::g.21315::m.21315	32.773	238	147	4	84	311	52	286	6.51e-42	146
Cantmars	CP@TRINITY_DN700_c0_g2::CP@TRINITY_DN700_c0_g2_i1::g.21310::m.21310	32.773	238	147	4	84	311	52	286	6.51e-42	146
Haloseos	CP@TRINITY_DN26567_c0_g1::CP@TRINITY_DN26567_c0_g1_i1::g.60421::m.60421	45.771	201	107	2	117	316	1	200	1.38e-56	182
Ochr2298	CP@TRINITY_DN26567_c0_g1::CP@TRINITY_DN26567_c0_g1_i1::g.60421::m.60421	44.712	208	111	2	126	332	1	205	6.25e-60	191
Pedoelon	CP@TRINITY_DN26567_c0_g1::CP@TRINITY_DN26567_c0_g1_i1::g.60421::m.60421	46.305	203	105	2	96	297	1	200	9.67e-61	192
Dino2267	CP@TRINITY_DN26567_c0_g1::CP@TRINITY_DN26567_c0_g1_i1::g.60421::m.60421	48.515	202	100	2	66	266	1	199	3.44e-64	199
PoterBG1	CP@TRINITY_DN26567_c0_g1::CP@TRINITY_DN26567_c0_g1_i1::g.60421::m.60421	44.335	203	109	2	65	266	1	200	1.49e-57	183
Phaetric	CP@TRINITY_DN26567_c0_g1::CP@TRINITY_DN26567_c0_g1_i1::g.60421::m.60421	44.762	210	106	4	74	282	7	207	4.99e-55	177
Fragcyli	CP@TRINITY_DN26567_c0_g1::CP@TRINITY_DN26567_c0_g1_i1::g.60421::m.60421	48.322	149	53	2	16	163	82	207	3.78e-41	137
Psuemult	CP@TRINITY_DN26567_c0_g1::CP@TRINITY_DN26567_c0_g1_i1::g.60421::m.60421	39.831	236	112	3	112	346	1	207	2.61e-53	175
Albulaib	CP@TRINITY_DN26567_c0_g1::CP@TRINITY_DN26567_c0_g1_i1::g.60421::m.60421	46.000	200	106	2	118	316	2	200	1.00e-60	193
Pythirre	CP@TRINITY_DN26567_c0_g1::CP@TRINITY_DN26567_c0_g1_i1::g.60421::m.60421	52.261	199	94	1	135	332	2	200	5.25e-71	220
Pythirre	CP@TRINITY_DN700_c0_g3::CP@TRINITY_DN700_c0_g3_i1::g.21315::m.21315	32.517	286	184	6	63	347	8	285	1.03e-43	152
Pythirre	CP@TRINITY_DN700_c0_g2::CP@TRINITY_DN700_c0_g2_i1::g.21310::m.21310	32.517	286	184	6	63	347	8	285	1.03e-43	152
Saprdecl	CP@TRINITY_DN26567_c0_g1::CP@TRINITY_DN26567_c0_g1_i1::g.60421::m.60421	47.826	207	105	2	126	329	2	208	1.94e-64	203
Deveeleg	CP@TRINITY_DN26567_c0_g1::CP@TRINITY_DN26567_c0_g1_i1::g.60421::m.60421	47.087	206	108	1	105	309	2	207	1.73e-66	207
Flor1587	CP@TRINITY_DN26567_c0_g1::CP@TRINITY_DN26567_c0_g1_i1::g.60421::m.60421	44.737	228	102	4	102	326	2	208	1.05e-59	191
Octaspec	CP@TRINITY_DN26567_c0_g1::CP@TRINITY_DN26567_c0_g1_i1::g.60421::m.60421	42.667	225	109	2	89	312	2	207	7.30e-61	193
Rhiz1243	CP@TRINITY_DN26567_c0_g1::CP@TRINITY_DN26567_c0_g1_i1::g.60421::m.60421	44.105	229	103	3	91	316	2	208	2.59e-61	194
Pseuelas	CP@TRINITY_DN26567_c0_g1::CP@TRINITY_DN26567_c0_g1_i1::g.60421::m.60421	39.592	245	102	3	95	339	2	200	1.61e-52	173
Pedi2098	CP@TRINITY_DN26567_c0_g1::CP@TRINITY_DN26567_c0_g1_i1::g.60421::m.60421	43.043	230	99	2	96	324	2	200	9.72e-59	188
Pelasubv	CP@TRINITY_DN26567_c0_g1::CP@TRINITY_DN26567_c0_g1_i1::g.60421::m.60421	45.794	214	106	4	215	425	2	208	3.67e-60	195
Pela2097	CP@TRINITY_DN26567_c0_g1::CP@TRINITY_DN26567_c0_g1_i1::g.60421::m.60421	40.969	227	105	3	95	318	8	208	7.36e-53	173
Aurelagu	CP@TRINITY_DN26567_c0_g1::CP@TRINITY_DN26567_c0_g1_i1::g.60421::m.60421	41.036	251	101	4	79	326	2	208	2.86e-55	179
Fucucera	CP@TRINITY_DN26567_c0_g1::CP@TRINITY_DN26567_c0_g1_i1::g.60421::m.60421	46.047	215	107	2	105	318	1	207	6.84e-65	203
Vauclito	CP@TRINITY_DN26567_c0_g1::CP@TRINITY_DN26567_c0_g1_i1::g.60421::m.60421	39.912	228	103	3	55	281	1	195	5.88e-53	171
Tribgaya	CP@TRINITY_DN26567_c0_g1::CP@TRINITY_DN26567_c0_g1_i1::g.60421::m.60421	39.113	248	109	2	56	302	1	207	2.24e-59	189
Fibrjapo	CP@TRINITY_DN26567_c0_g1::CP@TRINITY_DN26567_c0_g1_i1::g.60421::m.60421	47.030	202	103	2	93	293	1	199	3.04e-64	201
Fibrjapo	CP@TRINITY_DN700_c0_g3::CP@TRINITY_DN700_c0_g3_i1::g.21315::m.21315	35.385	260	155	8	37	293	21	270	3.64e-42	146
Fibrjapo	CP@TRINITY_DN700_c0_g2::CP@TRINITY_DN700_c0_g2_i1::g.21310::m.21310	35.385	260	155	8	37	293	21	270	3.64e-42	146
Chatsubs	CP@TRINITY_DN26567_c0_g1::CP@TRINITY_DN26567_c0_g1_i1::g.60421::m.60421	46.445	211	108	2	93	302	1	207	3.65e-65	204
BlasS7SB	CP@TRINITY_DN26567_c0_g1::CP@TRINITY_DN26567_c0_g1_i1::g.60421::m.60421	42.927	205	113	2	95	295	1	205	2.93e-54	176
Aplakerg	CP@TRINITY_DN26567_c0_g1::CP@TRINITY_DN26567_c0_g1_i1::g.60421::m.60421	44.878	205	111	2	88	291	1	204	6.81e-59	187
Auralima	CP@TRINITY_DN26567_c0_g1::CP@TRINITY_DN26567_c0_g1_i1::g.60421::m.60421	44.776	201	109	2	85	284	1	200	2.74e-57	183
ThraLLF1	CP@TRINITY_DN26567_c0_g1::CP@TRINITY_DN26567_c0_g1_i1::g.60421::m.60421	42.727	220	105	4	83	301	1	200	4.21e-55	177
Schiaggr	CP@TRINITY_DN26567_c0_g1::CP@TRINITY_DN26567_c0_g1_i1::g.60421::m.60421	43.284	201	112	2	83	282	1	200	1.16e-55	179
Wobbluna	CP@TRINITY_DN26567_c0_g1::CP@TRINITY_DN26567_c0_g1_i1::g.60421::m.60421	46.154	208	110	2	106	312	1	207	1.35e-63	200
Chlorept	CP@TRINITY_DN26567_c0_g1::CP@TRINITY_DN26567_c0_g1_i1::g.60421::m.60421	54.229	201	91	1	100	299	7	207	1.01e-70	218
MatazaD1	CP@TRINITY_DN26567_c0_g1::CP@TRINITY_DN26567_c0_g1_i1::g.60421::m.60421	52.500	200	93	2	110	308	1	199	6.39e-69	214
Ostrtaur	CP@TRINITY_DN26567_c0_g1::CP@TRINITY_DN26567_c0_g1_i1::g.60421::m.60421	45.000	180	93	2	112	290	1	175	1.25e-48	164
Micrpusl	CP@TRINITY_DN26567_c0_g1::CP@TRINITY_DN26567_c0_g1_i1::g.60421::m.60421	41.420	169	93	2	61	228	1	164	8.66e-43	148
Volvcart	CP@TRINITY_DN26567_c0_g1::CP@TRINITY_DN26567_c0_g1_i1::g.60421::m.60421	48.869	221	91	3	86	305	1	200	9.78e-70	216
Volvcart	CP@TRINITY_DN700_c0_g3::CP@TRINITY_DN700_c0_g3_i1::g.21315::m.21315	34.483	261	144	7	60	319	51	285	4.31e-43	150
Volvcart	CP@TRINITY_DN700_c0_g2::CP@TRINITY_DN700_c0_g2_i1::g.21310::m.21310	34.483	261	144	7	60	319	51	285	4.31e-43	150
Physpate	CP@TRINITY_DN26567_c0_g1::CP@TRINITY_DN26567_c0_g1_i1::g.60421::m.60421	46.957	230	91	2	109	337	1	200	3.98e-69	215
Physpate	CP@TRINITY_DN700_c0_g3::CP@TRINITY_DN700_c0_g3_i1::g.21315::m.21315	35.849	265	131	7	95	351	52	285	1.15e-42	149
Physpate	CP@TRINITY_DN700_c0_g2::CP@TRINITY_DN700_c0_g2_i1::g.21310::m.21310	35.849	265	131	7	95	351	52	285	1.15e-42	149
Picosali	CP@TRINITY_DN26567_c0_g1::CP@TRINITY_DN26567_c0_g1_i1::g.60421::m.60421	50.472	212	91	2	102	312	1	199	3.19e-73	224
Toxogond	CP@TRINITY_DN26567_c0_g1::CP@TRINITY_DN26567_c0_g1_i1::g.60421::m.60421	43.500	200	112	1	177	375	1	200	9.67e-59	190
Chroveli	CP@TRINITY_DN26567_c0_g1::CP@TRINITY_DN26567_c0_g1_i1::g.60421::m.60421	43.284	201	112	2	114	313	1	200	6.97e-62	196
Chroveli	CP@TRINITY_DN700_c0_g3::CP@TRINITY_DN700_c0_g3_i1::g.21315::m.21315	35.616	292	168	9	46	327	4	285	1.72e-45	156
Chroveli	CP@TRINITY_DN700_c0_g2::CP@TRINITY_DN700_c0_g2_i1::g.21310::m.21310	35.616	292	168	9	46	327	4	285	1.72e-45	156
Karebrev	CP@TRINITY_DN26567_c0_g1::CP@TRINITY_DN26567_c0_g1_i1::g.60421::m.60421	44.776	201	110	1	130	330	1	200	5.41e-61	194
Perkmari	CP@TRINITY_DN26567_c0_g1::CP@TRINITY_DN26567_c0_g1_i1::g.60421::m.60421	39.320	206	116	4	202	407	4	200	5.85e-49	165
Crypparv	CP@TRINITY_DN26567_c0_g1::CP@TRINITY_DN26567_c0_g1_i1::g.60421::m.60421	41.892	222	106	5	125	345	1	200	1.41e-52	173
Pirisoci	CP@TRINITY_DN26567_c0_g1::CP@TRINITY_DN26567_c0_g1_i1::g.60421::m.60421	41.791	201	115	2	107	306	1	200	3.03e-57	184
Neobdesi	CP@TRINITY_DN26567_c0_g1::CP@TRINITY_DN26567_c0_g1_i1::g.60421::m.60421	46.377	207	109	2	121	325	1	207	6.53e-60	191
Flecnera	CP@TRINITY_DN26567_c0_g1::CP@TRINITY_DN26567_c0_g1_i1::g.60421::m.60421	39.024	205	120	2	138	341	7	207	6.99e-49	163
Diplambu	CP@TRINITY_DN26567_c0_g1::CP@TRINITY_DN26567_c0_g1_i1::g.60421::m.60421	38.389	211	125	2	124	333	1	207	1.01e-51	170
Pavl2436	CP@TRINITY_DN26567_c0_g1::CP@TRINITY_DN26567_c0_g1_i1::g.60421::m.60421	46.269	201	105	3	145	344	1	199	2.45e-59	190
Diacluth	CP@TRINITY_DN26567_c0_g1::CP@TRINITY_DN26567_c0_g1_i1::g.60421::m.60421	44.330	194	106	2	82	274	7	199	1.98e-59	188
Tisolute	CP@TRINITY_DN26567_c0_g1::CP@TRINITY_DN26567_c0_g1_i1::g.60421::m.60421	43.627	204	109	2	56	258	1	199	1.36e-60	191
Chrycart	CP@TRINITY_DN26567_c0_g1::CP@TRINITY_DN26567_c0_g1_i1::g.60421::m.60421	44.878	205	106	3	100	303	1	199	1.45e-63	200
Prympoly	CP@TRINITY_DN26567_c0_g1::CP@TRINITY_DN26567_c0_g1_i1::g.60421::m.60421	44.162	197	101	2	102	297	11	199	1.25e-55	182
Prymparv	CP@TRINITY_DN26567_c0_g1::CP@TRINITY_DN26567_c0_g1_i1::g.60421::m.60421	44.444	207	106	3	105	310	1	199	2.08e-58	186
Chryrota	CP@TRINITY_DN26567_c0_g1::CP@TRINITY_DN26567_c0_g1_i1::g.60421::m.60421	42.647	204	102	4	79	279	1	192	5.49e-48	163
Cuneruss	CP@TRINITY_DN26567_c0_g1::CP@TRINITY_DN26567_c0_g1_i1::g.60421::m.60421	46.632	193	101	2	160	351	8	199	1.91e-56	183
Schivulg	CP@TRINITY_DN26567_c0_g1::CP@TRINITY_DN26567_c0_g1_i1::g.60421::m.60421	47.980	198	97	3	129	325	8	200	1.65e-63	200
Sapochin	CP@TRINITY_DN26567_c0_g1::CP@TRINITY_DN26567_c0_g1_i1::g.60421::m.60421	37.824	193	119	1	173	365	8	199	3.85e-48	162
Dracjorm	CP@TRINITY_DN26567_c0_g1::CP@TRINITY_DN26567_c0_g1_i1::g.60421::m.60421	49.500	200	99	2	145	343	1	199	1.16e-63	201
Trimmari	CP@TRINITY_DN26567_c0_g1::CP@TRINITY_DN26567_c0_g1_i1::g.60421::m.60421	39.109	202	120	2	85	285	2	201	5.37e-49	162
Bodosalt	CP@TRINITY_DN26567_c0_g1::CP@TRINITY_DN26567_c0_g1_i1::g.60421::m.60421	43.500	200	112	1	119	317	1	200	1.94e-57	184
Euglgrac	CP@TRINITY_DN26567_c0_g1::CP@TRINITY_DN26567_c0_g1_i1::g.60421::m.60421	43.216	199	112	1	102	299	1	199	5.49e-59	188
Eugllong	CP@TRINITY_DN26567_c0_g1::CP@TRINITY_DN26567_c0_g1_i1::g.60421::m.60421	43.719	199	111	1	98	295	1	199	6.23e-59	188
Eutrgymn	CP@TRINITY_DN26567_c0_g1::CP@TRINITY_DN26567_c0_g1_i1::g.60421::m.60421	43.216	199	112	1	87	284	1	199	5.53e-56	180
Vermverm	CP@TRINITY_DN26567_c0_g1::CP@TRINITY_DN26567_c0_g1_i1::g.60421::m.60421	51.741	201	95	2	129	328	1	200	2.21e-67	210
Fabotrop	CP@TRINITY_DN26567_c0_g1::CP@TRINITY_DN26567_c0_g1_i1::g.60421::m.60421	57.664	137	57	1	21	156	24	160	6.11e-53	167
Coprprot	CP@TRINITY_DN26567_c0_g1::CP@TRINITY_DN26567_c0_g1_i1::g.60421::m.60421	73.118	93	25	0	9	101	108	200	8.40e-46	147
Nutolong	CP@TRINITY_DN26567_c0_g1::CP@TRINITY_DN26567_c0_g1_i1::g.60421::m.60421	46.341	205	98	3	193	396	7	200	3.85e-58	189
Amoeprot	CP@TRINITY_DN26567_c0_g1::CP@TRINITY_DN26567_c0_g1_i1::g.60421::m.60421	50.971	206	92	3	134	336	1	200	1.02e-69	217
Rhizsaxo	CP@TRINITY_DN26567_c0_g1::CP@TRINITY_DN26567_c0_g1_i1::g.60421::m.60421	48.000	200	102	2	109	306	1	200	5.90e-63	198
Flabcita	CP@TRINITY_DN26567_c0_g1::CP@TRINITY_DN26567_c0_g1_i1::g.60421::m.60421	50.732	205	100	1	113	316	1	205	2.12e-72	223
Arcevulg	CP@TRINITY_DN26567_c0_g1::CP@TRINITY_DN26567_c0_g1_i1::g.60421::m.60421	48.276	203	101	2	128	329	1	200	1.16e-68	214
NolaAFSM	CP@TRINITY_DN26567_c0_g1::CP@TRINITY_DN26567_c0_g1_i1::g.60421::m.60421	52.427	206	94	2	115	319	1	203	2.23e-71	220
Guttvulg	CP@TRINITY_DN26567_c0_g1::CP@TRINITY_DN26567_c0_g1_i1::g.60421::m.60421	41.860	258	90	5	104	361	2	199	6.30e-60	192
Carpmemb	CP@TRINITY_DN26567_c0_g1::CP@TRINITY_DN26567_c0_g1_i1::g.60421::m.60421	41.753	194	109	3	115	306	8	199	3.07e-51	169
Taensoli	CP@TRINITY_DN26567_c0_g1::CP@TRINITY_DN26567_c0_g1_i1::g.60421::m.60421	41.277	235	100	6	77	309	2	200	8.78e-51	167
Schimans	CP@TRINITY_DN26567_c0_g1::CP@TRINITY_DN26567_c0_g1_i1::g.60421::m.60421	40.099	202	101	4	78	262	2	200	2.60e-42	144
Pharkirb	CP@TRINITY_DN26567_c0_g1::CP@TRINITY_DN26567_c0_g1_i1::g.60421::m.60421	45.771	201	104	3	160	357	1	199	1.37e-56	184
HeterBB2	CP@TRINITY_DN26567_c0_g1::CP@TRINITY_DN26567_c0_g1_i1::g.60421::m.60421	45.098	204	108	2	126	328	1	201	1.60e-61	195
Tsukglob	CP@TRINITY_DN26567_c0_g1::CP@TRINITY_DN26567_c0_g1_i1::g.60421::m.60421	65.714	105	31	1	24	128	106	205	1.83e-47	152
Echiexud	CP@TRINITY_DN26567_c0_g1::CP@TRINITY_DN26567_c0_g1_i1::g.60421::m.60421	51.000	200	97	1	168	366	1	200	7.03e-69	216
Veximinu	CP@TRINITY_DN26567_c0_g1::CP@TRINITY_DN26567_c0_g1_i1::g.60421::m.60421	47.668	193	100	1	62	253	8	200	4.39e-61	192
Rhizelon	CP@TRINITY_DN26567_c0_g1::CP@TRINITY_DN26567_c0_g1_i1::g.60421::m.60421	43.125	160	90	1	170	328	8	167	2.05e-42	146
Masteilh	CP@TRINITY_DN26567_c0_g1::CP@TRINITY_DN26567_c0_g1_i1::g.60421::m.60421	38.235	204	112	2	131	334	8	197	4.90e-46	156
ThecSK13	CP@TRINITY_DN26567_c0_g1::CP@TRINITY_DN26567_c0_g1_i1::g.60421::m.60421	45.498	211	103	2	79	288	1	200	9.56e-63	197
Stensten	CP@TRINITY_DN26567_c0_g1::CP@TRINITY_DN26567_c0_g1_i1::g.60421::m.60421	48.259	201	95	3	142	341	8	200	6.52e-62	197
Ancysigm	CP@TRINITY_DN26567_c0_g1::CP@TRINITY_DN26567_c0_g1_i1::g.60421::m.60421	49.751	201	99	2	160	359	1	200	8.21e-67	210
Ovaldese	CP@TRINITY_DN26567_c0_g1::CP@TRINITY_DN26567_c0_g1_i1::g.60421::m.60421	52.778	144	67	1	4	146	57	200	1.34e-52	166
MicrA134	CP@TRINITY_DN26567_c0_g1::CP@TRINITY_DN26567_c0_g1_i1::g.60421::m.60421	52.000	200	95	1	1	199	1	200	2.93e-75	225
Armalang	CP@TRINITY_DN26567_c0_g1::CP@TRINITY_DN26567_c0_g1_i1::g.60421::m.60421	43.415	205	105	2	117	321	7	200	2.93e-62	197
Cochminu	CP@TRINITY_DN26567_c0_g1::CP@TRINITY_DN26567_c0_g1_i1::g.60421::m.60421	45.771	201	107	2	122	321	1	200	1.55e-57	185
Hetepall	CP@TRINITY_DN26567_c0_g1::CP@TRINITY_DN26567_c0_g1_i1::g.60421::m.60421	47.644	191	99	1	105	294	7	197	6.32e-62	195
Mantplas	CP@TRINITY_DN26567_c0_g1::CP@TRINITY_DN26567_c0_g1_i1::g.60421::m.60421	52.577	194	91	1	142	334	7	200	3.82e-67	210
Mancberm	CP@TRINITY_DN26567_c0_g1::CP@TRINITY_DN26567_c0_g1_i1::g.60421::m.60421	48.780	205	103	2	106	309	1	204	9.26e-66	206
Endozona	CP@TRINITY_DN26567_c0_g1::CP@TRINITY_DN26567_c0_g1_i1::g.60421::m.60421	52.062	194	90	3	228	419	8	200	1.10e-65	209
Luaphula	CP@TRINITY_DN26567_c0_g1::CP@TRINITY_DN26567_c0_g1_i1::g.60421::m.60421	46.047	215	99	3	158	371	1	199	1.48e-60	194
Pellcata	CP@TRINITY_DN26567_c0_g1::CP@TRINITY_DN26567_c0_g1_i1::g.60421::m.60421	49.254	201	99	3	85	283	1	200	7.04e-66	205
Cavoapop	CP@TRINITY_DN26567_c0_g1::CP@TRINITY_DN26567_c0_g1_i1::g.60421::m.60421	53.465	202	85	3	166	366	7	200	3.01e-69	218
Soliirre	CP@TRINITY_DN26567_c0_g1::CP@TRINITY_DN26567_c0_g1_i1::g.60421::m.60421	47.264	201	102	3	109	307	8	206	3.01e-62	196
Sapppeda	CP@TRINITY_DN26567_c0_g1::CP@TRINITY_DN26567_c0_g1_i1::g.60421::m.60421	45.972	211	100	3	117	325	1	199	4.18e-62	197
Sapppeda	CP@TRINITY_DN700_c0_g3::CP@TRINITY_DN700_c0_g3_i1::g.21315::m.21315	30.872	298	184	7	44	340	9	285	1.03e-43	152
Sapppeda	CP@TRINITY_DN700_c0_g2::CP@TRINITY_DN700_c0_g2_i1::g.21310::m.21310	30.872	298	184	7	44	340	9	285	1.03e-43	152
Malajako	CP@TRINITY_DN26567_c0_g1::CP@TRINITY_DN26567_c0_g1_i1::g.60421::m.60421	48.718	195	98	2	117	309	1	195	4.92e-67	208
Gefiokel	CP@TRINITY_DN26567_c0_g1::CP@TRINITY_DN26567_c0_g1_i1::g.60421::m.60421	49.500	200	98	2	96	292	1	200	1.85e-68	212
Drosmela	CP@TRINITY_DN26567_c0_g1::CP@TRINITY_DN26567_c0_g1_i1::g.60421::m.60421	64.593	209	73	1	178	386	1	208	1.72e-100	297
Apismell	CP@TRINITY_DN26567_c0_g1::CP@TRINITY_DN26567_c0_g1_i1::g.60421::m.60421	64.593	209	73	1	119	327	1	208	1.50e-98	290
Fontalba	CP@TRINITY_DN26567_c0_g1::CP@TRINITY_DN26567_c0_g1_i1::g.60421::m.60421	47.000	200	104	2	559	757	1	199	6.84e-61	204
Amphquee	CP@TRINITY_DN26567_c0_g1::CP@TRINITY_DN26567_c0_g1_i1::g.60421::m.60421	53.140	207	96	1	107	312	1	207	7.54e-78	236
Salprose	CP@TRINITY_DN26567_c0_g1::CP@TRINITY_DN26567_c0_g1_i1::g.60421::m.60421	48.705	193	97	2	239	430	9	200	1.89e-61	198
Amoepara	CP@TRINITY_DN26567_c0_g1::CP@TRINITY_DN26567_c0_g1_i1::g.60421::m.60421	54.124	194	87	2	118	310	8	200	3.03e-72	222
Minivibr	CP@TRINITY_DN26567_c0_g1::CP@TRINITY_DN26567_c0_g1_i1::g.60421::m.60421	50.000	202	100	1	111	311	6	207	4.63e-71	219
Branflor	CP@TRINITY_DN26567_c0_g1::CP@TRINITY_DN26567_c0_g1_i1::g.60421::m.60421	60.577	208	79	2	75	279	1	208	6.79e-92	271
Branflor	CP@TRINITY_DN700_c0_g3::CP@TRINITY_DN700_c0_g3_i1::g.21315::m.21315	33.449	287	181	4	10	288	1	285	4.67e-47	159
Branflor	CP@TRINITY_DN700_c0_g2::CP@TRINITY_DN700_c0_g2_i1::g.21310::m.21310	33.449	287	181	4	10	288	1	285	4.67e-47	159
Caeneleg	CP@TRINITY_DN26567_c0_g1::CP@TRINITY_DN26567_c0_g1_i1::g.60421::m.60421	54.067	209	92	3	170	375	1	208	5.24e-79	241
Aplycali	CP@TRINITY_DN26567_c0_g1::CP@TRINITY_DN26567_c0_g1_i1::g.60421::m.60421	57.692	208	85	2	88	292	1	208	2.57e-85	254
Gallgall	CP@TRINITY_DN26567_c0_g1::CP@TRINITY_DN26567_c0_g1_i1::g.60421::m.60421	56.039	207	91	0	157	363	1	207	6.29e-88	264
Gallgall	CP@TRINITY_DN700_c0_g3::CP@TRINITY_DN700_c0_g3_i1::g.21315::m.21315	33.448	290	181	6	89	371	1	285	8.60e-42	148
Gallgall	CP@TRINITY_DN700_c0_g2::CP@TRINITY_DN700_c0_g2_i1::g.21310::m.21310	33.448	290	181	6	89	371	1	285	8.60e-42	148
Spizpunc	CP@TRINITY_DN26567_c0_g1::CP@TRINITY_DN26567_c0_g1_i1::g.60421::m.60421	51.244	201	95	3	88	286	1	200	2.21e-72	222
Coprcine	CP@TRINITY_DN26567_c0_g1::CP@TRINITY_DN26567_c0_g1_i1::g.60421::m.60421	44.751	181	87	3	120	287	8	188	5.25e-44	153
Lenilimo	CP@TRINITY_DN26567_c0_g1::CP@TRINITY_DN26567_c0_g1_i1::g.60421::m.60421	48.205	195	97	3	86	279	8	199	1.08e-63	199
Debahans	CP@TRINITY_DN26567_c0_g1::CP@TRINITY_DN26567_c0_g1_i1::g.60421::m.60421	46.000	200	102	3	84	278	1	199	8.81e-56	179
Schizpom	CP@TRINITY_DN26567_c0_g1::CP@TRINITY_DN26567_c0_g1_i1::g.60421::m.60421	39.216	204	115	4	86	288	1	196	5.83e-48	159
Rhizdele	CP@TRINITY_DN26567_c0_g1::CP@TRINITY_DN26567_c0_g1_i1::g.60421::m.60421	45.876	194	89	4	27	205	8	200	2.09e-57	181
Blasbrit	CP@TRINITY_DN26567_c0_g1::CP@TRINITY_DN26567_c0_g1_i1::g.60421::m.60421	45.631	206	110	1	90	295	1	204	1.32e-65	204
Blasbrit	CP@TRINITY_DN700_c0_g3::CP@TRINITY_DN700_c0_g3_i1::g.21315::m.21315	31.615	291	191	5	19	306	1	286	4.86e-45	154
Blasbrit	CP@TRINITY_DN700_c0_g2::CP@TRINITY_DN700_c0_g2_i1::g.21310::m.21310	31.615	291	191	5	19	306	1	286	4.86e-45	154
Allomacr	CP@TRINITY_DN26567_c0_g1::CP@TRINITY_DN26567_c0_g1_i1::g.60421::m.60421	48.544	206	103	2	87	291	1	204	6.75e-68	210
Allomacr	CP@TRINITY_DN700_c0_g3::CP@TRINITY_DN700_c0_g3_i1::g.21315::m.21315	31.944	288	179	7	26	301	3	285	8.45e-41	143
Allomacr	CP@TRINITY_DN700_c0_g2::CP@TRINITY_DN700_c0_g2_i1::g.21310::m.21310	31.944	288	179	7	26	301	3	285	8.45e-41	143
