Blasemer	CP@TRINITY_DN5617_c0_g1::CP@TRINITY_DN5617_c0_g1_i7::g.15588::m.15588	54.737	190	78	2	1	183	13	201	3.24e-64	197
Calltube	CP@TRINITY_DN5617_c0_g1::CP@TRINITY_DN5617_c0_g1_i7::g.15588::m.15588	52.850	193	88	2	1	192	11	201	1.03e-62	194
Physpoly	CP@TRINITY_DN5617_c0_g1::CP@TRINITY_DN5617_c0_g1_i7::g.15588::m.15588	54.688	192	86	1	47	238	10	200	5.08e-66	204
Oxyrmari	CP@TRINITY_DN5617_c0_g1::CP@TRINITY_DN5617_c0_g1_i7::g.15588::m.15588	48.187	193	97	3	3	194	11	201	1.86e-48	157
Protfung	CP@TRINITY_DN5617_c0_g1::CP@TRINITY_DN5617_c0_g1_i7::g.15588::m.15588	44.845	194	104	2	1	191	8	201	7.77e-49	159
Trypbruc	CP@TRINITY_DN5617_c0_g1::CP@TRINITY_DN5617_c0_g1_i7::g.15588::m.15588	51.579	190	76	3	12	200	8	182	1.31e-56	179
Leptpyrr	CP@TRINITY_DN5617_c0_g1::CP@TRINITY_DN5617_c0_g1_i7::g.15588::m.15588	47.368	190	84	3	1	189	8	182	2.55e-48	160
Leismajo	CP@TRINITY_DN5617_c0_g1::CP@TRINITY_DN5617_c0_g1_i7::g.15588::m.15588	53.896	154	64	2	1	153	8	155	1.31e-48	158
Andagodo	CP@TRINITY_DN5617_c0_g1::CP@TRINITY_DN5617_c0_g1_i7::g.15588::m.15588	47.120	191	94	1	28	211	11	201	6.27e-53	169
Platmacr	CP@TRINITY_DN5617_c0_g1::CP@TRINITY_DN5617_c0_g1_i7::g.15588::m.15588	51.562	192	86	3	8	198	16	201	6.57e-59	184
Hemikukw	CP@TRINITY_DN5617_c0_g1::CP@TRINITY_DN5617_c0_g1_i7::g.15588::m.15588	63.636	132	48	0	17	148	11	142	4.65e-59	182
Homosapi	CP@TRINITY_DN5617_c0_g1::CP@TRINITY_DN5617_c0_g1_i7::g.15588::m.15588	61.611	211	80	1	1	211	8	217	1.79e-82	244
Homosapi	CP@TRINITY_DN5617_c0_g1::CP@TRINITY_DN5617_c0_g1_i13::g.15584::m.15584	60.417	144	57	0	68	211	11	154	9.73e-50	159
Homosapi	CP@TRINITY_DN5617_c0_g1::CP@TRINITY_DN5617_c0_g1_i4::g.15586::m.15586	60.993	141	55	0	71	211	12	152	3.06e-49	157
Rainerin	CP@TRINITY_DN5617_c0_g1::CP@TRINITY_DN5617_c0_g1_i7::g.15588::m.15588	57.292	192	81	1	3	194	11	201	4.91e-79	235
Rainerin	CP@TRINITY_DN5617_c0_g1::CP@TRINITY_DN5617_c0_g1_i13::g.15584::m.15584	53.906	128	59	0	67	194	11	138	1.32e-43	143
Rainerin	CP@TRINITY_DN5617_c0_g1::CP@TRINITY_DN5617_c0_g1_i4::g.15586::m.15586	54.400	125	57	0	70	194	12	136	3.74e-43	142
ChoanoFB	CP@TRINITY_DN5617_c0_g1::CP@TRINITY_DN5617_c0_g1_i7::g.15588::m.15588	55.497	191	85	0	26	216	11	201	2.47e-76	229
Raphhete	CP@TRINITY_DN5617_c0_g1::CP@TRINITY_DN5617_c0_g1_i7::g.15588::m.15588	48.947	190	96	1	3	192	13	201	7.89e-64	197
AcanthFB	CP@TRINITY_DN5617_c0_g1::CP@TRINITY_DN5617_c0_g1_i7::g.15588::m.15588	52.709	203	84	3	3	205	11	201	1.01e-65	203
Porppurp	CP@TRINITY_DN5617_c0_g1::CP@TRINITY_DN5617_c0_g1_i7::g.15588::m.15588	58.549	193	79	1	2	194	10	201	3.43e-75	226
Porppurp	CP@TRINITY_DN5617_c0_g1::CP@TRINITY_DN5617_c0_g1_i13::g.15584::m.15584	54.331	127	58	0	68	194	12	138	6.74e-41	136
Gracchor	CP@TRINITY_DN5617_c0_g1::CP@TRINITY_DN5617_c0_g1_i7::g.15588::m.15588	52.308	195	86	3	2	193	11	201	6.08e-67	205
Cyangloe	CP@TRINITY_DN5617_c0_g1::CP@TRINITY_DN5617_c0_g1_i7::g.15588::m.15588	57.949	195	80	2	1	194	8	201	2.32e-71	216
Galdphle	CP@TRINITY_DN5617_c0_g1::CP@TRINITY_DN5617_c0_g1_i7::g.15588::m.15588	63.187	182	65	2	2	183	10	189	6.90e-71	233
MAST004E	CP@TRINITY_DN5617_c0_g1::CP@TRINITY_DN5617_c0_g1_i7::g.15588::m.15588	56.604	159	56	3	3	154	11	163	9.40e-53	169
MAST04A2	CP@TRINITY_DN5617_c0_g1::CP@TRINITY_DN5617_c0_g1_i7::g.15588::m.15588	54.922	193	78	5	3	188	11	201	1.72e-57	181
MAST004C	CP@TRINITY_DN5617_c0_g1::CP@TRINITY_DN5617_c0_g1_i7::g.15588::m.15588	48.187	193	73	4	3	170	11	201	8.73e-47	153
Vitrbras	CP@TRINITY_DN5617_c0_g1::CP@TRINITY_DN5617_c0_g1_i7::g.15588::m.15588	55.440	193	83	3	3	194	11	201	6.11e-66	202
Colpangu	CP@TRINITY_DN5617_c0_g1::CP@TRINITY_DN5617_c0_g1_i7::g.15588::m.15588	53.226	186	82	3	3	188	11	191	3.54e-60	187
Noctscin	CP@TRINITY_DN5617_c0_g1::CP@TRINITY_DN5617_c0_g1_i7::g.15588::m.15588	47.716	197	92	5	6	201	13	199	2.52e-48	157
Symbmicr	CP@TRINITY_DN5617_c0_g1::CP@TRINITY_DN5617_c0_g1_i7::g.15588::m.15588	47.264	201	94	4	6	206	13	201	7.42e-50	176
HemaVICK	CP@TRINITY_DN5617_c0_g1::CP@TRINITY_DN5617_c0_g1_i7::g.15588::m.15588	52.880	191	87	3	12	201	11	199	1.48e-55	176
Parvatla	CP@TRINITY_DN5617_c0_g1::CP@TRINITY_DN5617_c0_g1_i7::g.15588::m.15588	59.375	192	76	2	12	203	12	201	3.16e-73	222
Calclept	CP@TRINITY_DN5617_c0_g1::CP@TRINITY_DN5617_c0_g1_i7::g.15588::m.15588	60.104	193	75	2	25	217	11	201	6.74e-74	223
Calclept	CP@TRINITY_DN5617_c0_g1::CP@TRINITY_DN5617_c0_g1_i13::g.15584::m.15584	57.480	127	54	0	91	217	12	138	4.63e-44	145
Calclept	CP@TRINITY_DN5617_c0_g1::CP@TRINITY_DN5617_c0_g1_i4::g.15586::m.15586	57.600	125	53	0	93	217	12	136	1.00e-43	144
Phaeglob	CP@TRINITY_DN5617_c0_g1::CP@TRINITY_DN5617_c0_g1_i7::g.15588::m.15588	57.071	198	82	3	2	198	6	201	3.65e-66	203
Gephhuxl	CP@TRINITY_DN5617_c0_g1::CP@TRINITY_DN5617_c0_g1_i7::g.15588::m.15588	54.595	185	82	2	3	187	11	193	7.92e-65	199
Stencoer	CP@TRINITY_DN5617_c0_g1::CP@TRINITY_DN5617_c0_g1_i7::g.15588::m.15588	58.209	134	56	0	2	135	10	143	5.87e-52	164
Capsowcz	CP@TRINITY_DN5617_c0_g1::CP@TRINITY_DN5617_c0_g1_i7::g.15588::m.15588	54.822	197	83	4	1	194	8	201	1.09e-68	209
Sphadest	CP@TRINITY_DN5617_c0_g1::CP@TRINITY_DN5617_c0_g1_i7::g.15588::m.15588	57.895	190	79	1	18	207	13	201	2.79e-77	231
Sphadest	CP@TRINITY_DN5617_c0_g1::CP@TRINITY_DN5617_c0_g1_i13::g.15584::m.15584	54.839	124	56	0	84	207	15	138	8.40e-43	142
Sphadest	CP@TRINITY_DN5617_c0_g1::CP@TRINITY_DN5617_c0_g1_i4::g.15586::m.15586	54.839	124	56	0	84	207	13	136	1.12e-42	141
Pigoviet	CP@TRINITY_DN5617_c0_g1::CP@TRINITY_DN5617_c0_g1_i7::g.15588::m.15588	62.500	192	71	1	3	194	11	201	5.12e-76	228
Pigoviet	CP@TRINITY_DN5617_c0_g1::CP@TRINITY_DN5617_c0_g1_i13::g.15584::m.15584	59.375	128	52	0	67	194	11	138	2.55e-43	142
Pigoviet	CP@TRINITY_DN5617_c0_g1::CP@TRINITY_DN5617_c0_g1_i4::g.15586::m.15586	60.000	125	50	0	70	194	12	136	7.34e-43	141
Creofrag	CP@TRINITY_DN5617_c0_g1::CP@TRINITY_DN5617_c0_g1_i7::g.15588::m.15588	52.632	190	89	1	5	194	13	201	3.22e-69	211
Monobrev	CP@TRINITY_DN5617_c0_g1::CP@TRINITY_DN5617_c0_g1_i7::g.15588::m.15588	46.798	203	82	6	943	1130	8	199	2.10e-44	160
Syssmult	CP@TRINITY_DN5617_c0_g1::CP@TRINITY_DN5617_c0_g1_i7::g.15588::m.15588	63.684	190	68	1	5	194	13	201	6.02e-84	248
Syssmult	CP@TRINITY_DN5617_c0_g1::CP@TRINITY_DN5617_c0_g1_i13::g.15584::m.15584	60.938	128	50	0	67	194	11	138	1.00e-48	156
Syssmult	CP@TRINITY_DN5617_c0_g1::CP@TRINITY_DN5617_c0_g1_i4::g.15586::m.15586	61.600	125	48	0	70	194	12	136	6.41e-48	154
Syssmult	CP@TRINITY_DN5617_c0_g1::CP@TRINITY_DN5617_c0_g1_i11::g.15582::m.15582	70.833	96	27	1	67	162	11	105	3.24e-41	137
Nemavect	CP@TRINITY_DN5617_c0_g1::CP@TRINITY_DN5617_c0_g1_i7::g.15588::m.15588	64.615	195	68	1	1	195	8	201	1.14e-87	257
Nemavect	CP@TRINITY_DN5617_c0_g1::CP@TRINITY_DN5617_c0_g1_i13::g.15584::m.15584	59.375	128	52	0	68	195	11	138	9.13e-47	151
Nemavect	CP@TRINITY_DN5617_c0_g1::CP@TRINITY_DN5617_c0_g1_i4::g.15586::m.15586	60.000	125	50	0	71	195	12	136	5.76e-46	149
TeloneP2	CP@TRINITY_DN5617_c0_g1::CP@TRINITY_DN5617_c0_g1_i7::g.15588::m.15588	59.028	144	55	2	23	166	11	150	2.60e-54	171
Telosubt	CP@TRINITY_DN5617_c0_g1::CP@TRINITY_DN5617_c0_g1_i7::g.15588::m.15588	51.031	194	91	3	2	194	11	201	2.20e-59	186
ChrysoH1	CP@TRINITY_DN5617_c0_g1::CP@TRINITY_DN5617_c0_g1_i7::g.15588::m.15588	48.691	191	88	2	3	183	11	201	1.13e-56	178
EctocSP7	CP@TRINITY_DN5617_c0_g1::CP@TRINITY_DN5617_c0_g1_i7::g.15588::m.15588	55.729	192	84	1	3	194	11	201	1.79e-67	206
Thalpseu	CP@TRINITY_DN5617_c0_g1::CP@TRINITY_DN5617_c0_g1_i7::g.15588::m.15588	45.771	201	94	4	3	198	11	201	3.78e-50	162
Phytpara	CP@TRINITY_DN5617_c0_g1::CP@TRINITY_DN5617_c0_g1_i7::g.15588::m.15588	54.211	190	86	1	3	192	11	199	3.03e-67	205
MAST003A	CP@TRINITY_DN5617_c0_g1::CP@TRINITY_DN5617_c0_g1_i7::g.15588::m.15588	55.670	194	74	4	3	187	11	201	5.98e-65	199
Sori0191	CP@TRINITY_DN5617_c0_g1::CP@TRINITY_DN5617_c0_g1_i7::g.15588::m.15588	60.800	125	49	0	2	126	10	134	3.57e-50	163
Ammo1384	CP@TRINITY_DN5617_c0_g1::CP@TRINITY_DN5617_c0_g1_i7::g.15588::m.15588	44.500	200	98	2	3	201	11	198	1.34e-48	159
Thectrah	CP@TRINITY_DN5617_c0_g1::CP@TRINITY_DN5617_c0_g1_i7::g.15588::m.15588	51.813	193	88	3	5	196	13	201	1.65e-60	188
Rozeallo	CP@TRINITY_DN5617_c0_g1::CP@TRINITY_DN5617_c0_g1_i7::g.15588::m.15588	53.571	196	83	3	3	195	11	201	4.19e-64	197
Batrdend	CP@TRINITY_DN5617_c0_g1::CP@TRINITY_DN5617_c0_g1_i7::g.15588::m.15588	55.670	194	80	3	2	192	11	201	2.31e-72	218
Batrdend	CP@TRINITY_DN5617_c0_g1::CP@TRINITY_DN5617_c0_g1_i13::g.15584::m.15584	54.615	130	54	2	66	192	11	138	2.53e-41	137
Mitodaph	CP@TRINITY_DN5617_c0_g1::CP@TRINITY_DN5617_c0_g1_i7::g.15588::m.15588	50.000	192	87	3	2	185	11	201	2.41e-54	172
Parasacc	CP@TRINITY_DN5617_c0_g1::CP@TRINITY_DN5617_c0_g1_i7::g.15588::m.15588	52.356	191	83	2	2	184	11	201	1.38e-58	194
Sacccere	CP@TRINITY_DN5617_c0_g1::CP@TRINITY_DN5617_c0_g1_i7::g.15588::m.15588	47.143	210	100	2	1	199	8	217	8.12e-53	168
Coralima	CP@TRINITY_DN5617_c0_g1::CP@TRINITY_DN5617_c0_g1_i7::g.15588::m.15588	56.566	198	78	5	1	194	8	201	1.75e-66	204
Gemicryo	CP@TRINITY_DN5617_c0_g1::CP@TRINITY_DN5617_c0_g1_i7::g.15588::m.15588	44.860	214	103	5	20	230	16	217	1.28e-51	167
Guilthet	CP@TRINITY_DN5617_c0_g1::CP@TRINITY_DN5617_c0_g1_i7::g.15588::m.15588	52.308	195	83	5	8	201	16	201	1.29e-57	181
Hemirufe	CP@TRINITY_DN5617_c0_g1::CP@TRINITY_DN5617_c0_g1_i7::g.15588::m.15588	46.154	195	96	3	23	217	16	201	1.75e-52	169
Bigenata	CP@TRINITY_DN5617_c0_g1::CP@TRINITY_DN5617_c0_g1_i7::g.15588::m.15588	50.000	214	99	3	3	215	11	217	8.08e-63	194
Leptvora	CP@TRINITY_DN5617_c0_g1::CP@TRINITY_DN5617_c0_g1_i7::g.15588::m.15588	51.031	194	92	2	2	195	11	201	1.88e-63	196
Lapoguse	CP@TRINITY_DN5617_c0_g1::CP@TRINITY_DN5617_c0_g1_i7::g.15588::m.15588	52.062	194	88	2	1	194	13	201	3.67e-62	193
BicoCB20	CP@TRINITY_DN5617_c0_g1::CP@TRINITY_DN5617_c0_g1_i7::g.15588::m.15588	47.668	193	98	3	3	194	11	201	3.92e-50	162
Plasbras	CP@TRINITY_DN5617_c0_g1::CP@TRINITY_DN5617_c0_g1_i7::g.15588::m.15588	50.521	192	94	1	3	194	11	201	3.37e-62	192
Aurisoli	CP@TRINITY_DN5617_c0_g1::CP@TRINITY_DN5617_c0_g1_i7::g.15588::m.15588	50.515	194	93	2	22	215	11	201	6.54e-57	180
Paulchro	CP@TRINITY_DN5617_c0_g1::CP@TRINITY_DN5617_c0_g1_i7::g.15588::m.15588	46.766	201	106	1	17	217	2	201	5.99e-58	183
Paratetr	CP@TRINITY_DN5617_c0_g1::CP@TRINITY_DN5617_c0_g1_i7::g.15588::m.15588	44.865	185	97	2	2	186	11	190	2.27e-45	150
Styllemn	CP@TRINITY_DN5617_c0_g1::CP@TRINITY_DN5617_c0_g1_i7::g.15588::m.15588	53.535	198	85	4	3	200	11	201	5.69e-58	182
Protadhe	CP@TRINITY_DN5617_c0_g1::CP@TRINITY_DN5617_c0_g1_i7::g.15588::m.15588	54.040	198	84	2	2	199	11	201	1.62e-65	201
Tetrther	CP@TRINITY_DN5617_c0_g1::CP@TRINITY_DN5617_c0_g1_i7::g.15588::m.15588	44.041	193	106	1	2	194	11	201	1.14e-43	145
Stroincl	CP@TRINITY_DN5617_c0_g1::CP@TRINITY_DN5617_c0_g1_i7::g.15588::m.15588	48.718	195	96	2	3	197	11	201	1.36e-54	173
Prassing	CP@TRINITY_DN5617_c0_g1::CP@TRINITY_DN5617_c0_g1_i7::g.15588::m.15588	55.789	190	83	1	15	204	13	201	9.15e-69	210
SpirCILI	CP@TRINITY_DN5617_c0_g1::CP@TRINITY_DN5617_c0_g1_i7::g.15588::m.15588	50.000	198	93	1	15	212	10	201	6.00e-58	182
Tetrasti	CP@TRINITY_DN5617_c0_g1::CP@TRINITY_DN5617_c0_g1_i7::g.15588::m.15588	58.333	192	79	1	2	193	11	201	1.67e-75	226
Prascaps	CP@TRINITY_DN5617_c0_g1::CP@TRINITY_DN5617_c0_g1_i7::g.15588::m.15588	56.545	191	81	2	5	195	13	201	1.14e-69	212
Dunasali	CP@TRINITY_DN5617_c0_g1::CP@TRINITY_DN5617_c0_g1_i7::g.15588::m.15588	55.959	193	78	3	4	193	13	201	1.06e-67	206
Chlovari	CP@TRINITY_DN5617_c0_g1::CP@TRINITY_DN5617_c0_g1_i7::g.15588::m.15588	56.316	190	82	1	4	193	13	201	5.88e-67	204
Chlovari	CP@TRINITY_DN5617_c0_g1::CP@TRINITY_DN5617_c0_g1_i13::g.15584::m.15584	53.906	128	59	0	66	193	11	138	1.43e-41	138
Chlarein	CP@TRINITY_DN5617_c0_g1::CP@TRINITY_DN5617_c0_g1_i7::g.15588::m.15588	56.322	174	70	3	3	174	11	180	6.36e-59	184
Charbrau	CP@TRINITY_DN5617_c0_g1::CP@TRINITY_DN5617_c0_g1_i7::g.15588::m.15588	52.604	192	90	1	3	194	11	201	4.23e-66	202
Nephpyri	CP@TRINITY_DN5617_c0_g1::CP@TRINITY_DN5617_c0_g1_i7::g.15588::m.15588	50.246	203	90	6	6	204	6	201	1.61e-56	179
Pyrapark	CP@TRINITY_DN5617_c0_g1::CP@TRINITY_DN5617_c0_g1_i7::g.15588::m.15588	54.450	191	85	2	25	215	13	201	1.88e-66	204
Mesoviri	CP@TRINITY_DN5617_c0_g1::CP@TRINITY_DN5617_c0_g1_i7::g.15588::m.15588	58.854	192	78	1	8	199	11	201	6.71e-76	228
Mesoviri	CP@TRINITY_DN5617_c0_g1::CP@TRINITY_DN5617_c0_g1_i13::g.15584::m.15584	54.331	127	58	0	73	199	12	138	9.84e-41	136
Arabthal	CP@TRINITY_DN5617_c0_g1::CP@TRINITY_DN5617_c0_g1_i7::g.15588::m.15588	56.410	195	78	3	2	193	11	201	1.91e-71	216
Kipfbial	CP@TRINITY_DN5617_c0_g1::CP@TRINITY_DN5617_c0_g1_i7::g.15588::m.15588	47.368	171	73	3	20	174	30	199	2.26e-42	142
Goniavon	CP@TRINITY_DN5617_c0_g1::CP@TRINITY_DN5617_c0_g1_i7::g.15588::m.15588	55.500	200	76	4	2	197	11	201	3.79e-64	197
Dictdisc	CP@TRINITY_DN5617_c0_g1::CP@TRINITY_DN5617_c0_g1_i7::g.15588::m.15588	55.330	197	74	3	5	195	13	201	3.25e-67	205
Acancast	CP@TRINITY_DN5617_c0_g1::CP@TRINITY_DN5617_c0_g1_i7::g.15588::m.15588	57.789	199	77	5	1	197	8	201	1.97e-68	209
Styginca	CP@TRINITY_DN5617_c0_g1::CP@TRINITY_DN5617_c0_g1_i7::g.15588::m.15588	51.813	193	82	3	2	184	10	201	2.41e-62	192
Galdsulp	CP@TRINITY_DN5617_c0_g1::CP@TRINITY_DN5617_c0_g1_i7::g.15588::m.15588	59.341	182	72	2	5	186	13	192	6.14e-72	217
Vannfimi	CP@TRINITY_DN5617_c0_g1::CP@TRINITY_DN5617_c0_g1_i7::g.15588::m.15588	54.450	191	87	0	2	192	11	201	3.25e-69	210
Idiovort	CP@TRINITY_DN5617_c0_g1::CP@TRINITY_DN5617_c0_g1_i7::g.15588::m.15588	58.462	195	77	3	9	202	8	199	1.12e-71	217
Rhodmacu	CP@TRINITY_DN5617_c0_g1::CP@TRINITY_DN5617_c0_g1_i7::g.15588::m.15588	47.953	171	84	4	2	171	23	189	8.40e-48	155
Bafffrig	CP@TRINITY_DN5617_c0_g1::CP@TRINITY_DN5617_c0_g1_i7::g.15588::m.15588	49.495	198	85	5	22	216	16	201	5.11e-52	168
Cryppara	CP@TRINITY_DN5617_c0_g1::CP@TRINITY_DN5617_c0_g1_i7::g.15588::m.15588	45.854	205	101	4	24	227	6	201	1.26e-53	172
Rhodsali	CP@TRINITY_DN5617_c0_g1::CP@TRINITY_DN5617_c0_g1_i7::g.15588::m.15588	46.977	215	98	5	8	219	16	217	1.03e-52	169
Haloseos	CP@TRINITY_DN5617_c0_g1::CP@TRINITY_DN5617_c0_g1_i7::g.15588::m.15588	53.886	193	86	3	3	194	11	201	3.36e-62	192
Palpbili	CP@TRINITY_DN5617_c0_g1::CP@TRINITY_DN5617_c0_g1_i7::g.15588::m.15588	55.789	190	79	4	28	213	13	201	4.29e-63	196
Oryzsati	CP@TRINITY_DN5617_c0_g1::CP@TRINITY_DN5617_c0_g1_i7::g.15588::m.15588	59.585	193	76	2	3	195	11	201	3.15e-77	231
Oryzsati	CP@TRINITY_DN5617_c0_g1::CP@TRINITY_DN5617_c0_g1_i13::g.15584::m.15584	56.250	128	55	1	68	195	12	138	1.15e-42	140
Oryzsati	CP@TRINITY_DN5617_c0_g1::CP@TRINITY_DN5617_c0_g1_i4::g.15586::m.15586	55.469	128	56	1	68	195	10	136	4.21e-42	139
Ostrtaur	CP@TRINITY_DN5617_c0_g1::CP@TRINITY_DN5617_c0_g1_i7::g.15588::m.15588	52.500	200	86	3	2	201	11	201	2.36e-61	191
Micrpusl	CP@TRINITY_DN5617_c0_g1::CP@TRINITY_DN5617_c0_g1_i7::g.15588::m.15588	55.000	200	83	3	1	199	8	201	8.02e-64	197
Physpate	CP@TRINITY_DN5617_c0_g1::CP@TRINITY_DN5617_c0_g1_i7::g.15588::m.15588	55.897	195	79	3	77	268	11	201	2.50e-70	216
Volvcart	CP@TRINITY_DN5617_c0_g1::CP@TRINITY_DN5617_c0_g1_i7::g.15588::m.15588	50.732	205	85	4	3	205	11	201	2.20e-58	183
Rhodmari	CP@TRINITY_DN5617_c0_g1::CP@TRINITY_DN5617_c0_g1_i7::g.15588::m.15588	57.672	189	80	0	5	193	13	201	4.49e-73	220
Rhodmari	CP@TRINITY_DN5617_c0_g1::CP@TRINITY_DN5617_c0_g1_i4::g.15586::m.15586	54.331	127	58	0	67	193	10	136	2.03e-41	137
Rhodmari	CP@TRINITY_DN5617_c0_g1::CP@TRINITY_DN5617_c0_g1_i13::g.15584::m.15584	54.400	125	57	0	69	193	14	138	3.29e-41	137
Choncris	CP@TRINITY_DN5617_c0_g1::CP@TRINITY_DN5617_c0_g1_i7::g.15588::m.15588	51.562	192	92	1	2	193	11	201	2.25e-68	208
Cerakond	CP@TRINITY_DN5617_c0_g1::CP@TRINITY_DN5617_c0_g1_i7::g.15588::m.15588	53.125	192	89	1	2	193	11	201	2.62e-69	210
Gratturu	CP@TRINITY_DN5617_c0_g1::CP@TRINITY_DN5617_c0_g1_i7::g.15588::m.15588	56.410	195	78	3	2	193	11	201	2.12e-72	218
Porpumbi	CP@TRINITY_DN5617_c0_g1::CP@TRINITY_DN5617_c0_g1_i7::g.15588::m.15588	54.167	192	87	1	3	194	11	201	7.87e-70	212
Porpaeru	CP@TRINITY_DN5617_c0_g1::CP@TRINITY_DN5617_c0_g1_i7::g.15588::m.15588	59.375	192	77	1	3	194	11	201	6.48e-76	228
Compcoer	CP@TRINITY_DN5617_c0_g1::CP@TRINITY_DN5617_c0_g1_i7::g.15588::m.15588	58.031	193	74	3	5	194	13	201	8.92e-72	217
Cyanmero	CP@TRINITY_DN5617_c0_g1::CP@TRINITY_DN5617_c0_g1_i7::g.15588::m.15588	50.711	211	96	5	4	212	13	217	1.42e-60	189
Rhodemar	CP@TRINITY_DN5617_c0_g1::CP@TRINITY_DN5617_c0_g1_i7::g.15588::m.15588	58.639	191	77	2	5	195	13	201	2.83e-75	226
Rhodlimn	CP@TRINITY_DN5617_c0_g1::CP@TRINITY_DN5617_c0_g1_i7::g.15588::m.15588	54.211	190	86	1	5	194	13	201	4.32e-67	205
Chroveli	CP@TRINITY_DN5617_c0_g1::CP@TRINITY_DN5617_c0_g1_i7::g.15588::m.15588	62.821	156	56	2	3	158	11	164	3.09e-66	201
Caferoen	CP@TRINITY_DN5617_c0_g1::CP@TRINITY_DN5617_c0_g1_i7::g.15588::m.15588	48.438	192	92	3	15	200	11	201	2.51e-47	167
Saprdecl	CP@TRINITY_DN5617_c0_g1::CP@TRINITY_DN5617_c0_g1_i7::g.15588::m.15588	55.959	193	83	2	3	195	11	201	1.81e-71	216
Pythirre	CP@TRINITY_DN5617_c0_g1::CP@TRINITY_DN5617_c0_g1_i7::g.15588::m.15588	56.545	191	81	2	3	193	11	199	1.54e-70	214
Albulaib	CP@TRINITY_DN5617_c0_g1::CP@TRINITY_DN5617_c0_g1_i7::g.15588::m.15588	55.440	193	80	3	2	192	11	199	3.86e-70	213
Wobbluna	CP@TRINITY_DN5617_c0_g1::CP@TRINITY_DN5617_c0_g1_i7::g.15588::m.15588	56.190	210	90	2	31	240	11	218	5.45e-73	221
PlacCLAB	CP@TRINITY_DN5617_c0_g1::CP@TRINITY_DN5617_c0_g1_i7::g.15588::m.15588	56.995	193	81	2	3	195	11	201	3.11e-73	221
Fibrjapo	CP@TRINITY_DN5617_c0_g1::CP@TRINITY_DN5617_c0_g1_i7::g.15588::m.15588	54.872	195	81	4	3	194	11	201	2.74e-68	208
Heteakas	CP@TRINITY_DN5617_c0_g1::CP@TRINITY_DN5617_c0_g1_i7::g.15588::m.15588	58.031	193	79	2	3	195	11	201	6.65e-69	218
Heteakas	CP@TRINITY_DN5617_c0_g1::CP@TRINITY_DN5617_c0_g1_i7::g.15588::m.15588	64.189	148	49	3	237	384	20	163	5.02e-54	180
Chatsubs	CP@TRINITY_DN5617_c0_g1::CP@TRINITY_DN5617_c0_g1_i7::g.15588::m.15588	59.585	193	76	2	3	195	11	201	5.59e-78	233
Chatsubs	CP@TRINITY_DN5617_c0_g1::CP@TRINITY_DN5617_c0_g1_i13::g.15584::m.15584	54.198	131	58	2	65	195	10	138	8.57e-42	138
Chatsubs	CP@TRINITY_DN5617_c0_g1::CP@TRINITY_DN5617_c0_g1_i4::g.15586::m.15586	54.264	129	57	2	67	195	10	136	5.95e-41	136
Fucucera	CP@TRINITY_DN5617_c0_g1::CP@TRINITY_DN5617_c0_g1_i7::g.15588::m.15588	55.208	192	85	1	3	194	11	201	2.00e-69	211
Agarclat	CP@TRINITY_DN5617_c0_g1::CP@TRINITY_DN5617_c0_g1_i7::g.15588::m.15588	54.688	192	86	1	30	221	11	201	4.63e-67	206
Tribgaya	CP@TRINITY_DN5617_c0_g1::CP@TRINITY_DN5617_c0_g1_i7::g.15588::m.15588	56.771	192	82	1	21	212	11	201	7.97e-74	223
Syncpusi	CP@TRINITY_DN5617_c0_g1::CP@TRINITY_DN5617_c0_g1_i7::g.15588::m.15588	55.208	192	85	1	13	204	11	201	8.37e-68	207
Fragcyli	CP@TRINITY_DN5617_c0_g1::CP@TRINITY_DN5617_c0_g1_i7::g.15588::m.15588	46.701	197	88	3	3	188	11	201	1.44e-48	157
Psuemult	CP@TRINITY_DN5617_c0_g1::CP@TRINITY_DN5617_c0_g1_i7::g.15588::m.15588	45.685	197	90	3	3	188	11	201	1.10e-49	160
Tripeleu	CP@TRINITY_DN5617_c0_g1::CP@TRINITY_DN5617_c0_g1_i7::g.15588::m.15588	43.434	198	94	5	5	191	11	201	9.81e-45	148
Aureanop	CP@TRINITY_DN5617_c0_g1::CP@TRINITY_DN5617_c0_g1_i7::g.15588::m.15588	58.571	140	52	1	3	142	11	144	6.97e-50	159
Pelasubv	CP@TRINITY_DN5617_c0_g1::CP@TRINITY_DN5617_c0_g1_i7::g.15588::m.15588	47.000	200	95	4	22	219	11	201	7.18e-55	175
Pelacalc	CP@TRINITY_DN5617_c0_g1::CP@TRINITY_DN5617_c0_g1_i7::g.15588::m.15588	47.264	201	80	6	3	187	11	201	5.80e-49	159
Pela2097	CP@TRINITY_DN5617_c0_g1::CP@TRINITY_DN5617_c0_g1_i7::g.15588::m.15588	50.000	198	92	2	3	200	11	201	9.35e-59	184
Chryfrag	CP@TRINITY_DN5617_c0_g1::CP@TRINITY_DN5617_c0_g1_i7::g.15588::m.15588	50.935	214	91	5	3	215	1	201	4.20e-62	193
Aurelagu	CP@TRINITY_DN5617_c0_g1::CP@TRINITY_DN5617_c0_g1_i7::g.15588::m.15588	48.744	199	94	2	3	201	11	201	1.23e-59	186
Flor1587	CP@TRINITY_DN5617_c0_g1::CP@TRINITY_DN5617_c0_g1_i7::g.15588::m.15588	48.293	205	91	5	3	206	11	201	1.84e-51	169
Octaspec	CP@TRINITY_DN5617_c0_g1::CP@TRINITY_DN5617_c0_g1_i7::g.15588::m.15588	50.000	218	87	7	18	232	3	201	4.27e-58	184
Pseuelas	CP@TRINITY_DN5617_c0_g1::CP@TRINITY_DN5617_c0_g1_i7::g.15588::m.15588	48.768	203	92	3	3	205	11	201	5.46e-56	177
Pedi2098	CP@TRINITY_DN5617_c0_g1::CP@TRINITY_DN5617_c0_g1_i7::g.15588::m.15588	50.246	203	89	3	3	205	11	201	1.30e-57	181
Rhiz1243	CP@TRINITY_DN5617_c0_g1::CP@TRINITY_DN5617_c0_g1_i7::g.15588::m.15588	48.571	210	89	4	15	224	11	201	3.93e-59	186
Paheparv	CP@TRINITY_DN5617_c0_g1::CP@TRINITY_DN5617_c0_g1_i7::g.15588::m.15588	47.312	186	97	1	75	260	17	201	6.83e-46	153
Paravest	CP@TRINITY_DN5617_c0_g1::CP@TRINITY_DN5617_c0_g1_i7::g.15588::m.15588	59.375	192	77	1	3	194	11	201	2.32e-73	221
Paravest	CP@TRINITY_DN5617_c0_g1::CP@TRINITY_DN5617_c0_g1_i13::g.15584::m.15584	57.031	128	55	0	67	194	11	138	1.08e-41	138
Paravest	CP@TRINITY_DN5617_c0_g1::CP@TRINITY_DN5617_c0_g1_i4::g.15586::m.15586	57.600	125	53	0	70	194	12	136	4.63e-41	137
Dino2267	CP@TRINITY_DN5617_c0_g1::CP@TRINITY_DN5617_c0_g1_i7::g.15588::m.15588	50.000	202	100	1	8	209	1	201	8.72e-67	205
Pedoelon	CP@TRINITY_DN5617_c0_g1::CP@TRINITY_DN5617_c0_g1_i7::g.15588::m.15588	52.083	192	91	1	3	194	11	201	2.81e-65	200
Ochr2298	CP@TRINITY_DN5617_c0_g1::CP@TRINITY_DN5617_c0_g1_i7::g.15588::m.15588	48.438	192	98	1	3	194	11	201	5.13e-59	184
Mallmari	CP@TRINITY_DN5617_c0_g1::CP@TRINITY_DN5617_c0_g1_i7::g.15588::m.15588	55.729	192	84	1	3	194	11	201	6.95e-70	212
Micrgadi	CP@TRINITY_DN5617_c0_g1::CP@TRINITY_DN5617_c0_g1_i7::g.15588::m.15588	56.771	192	82	1	3	194	11	201	1.09e-71	217
Micrgadi	CP@TRINITY_DN5617_c0_g1::CP@TRINITY_DN5617_c0_g1_i13::g.15584::m.15584	54.688	128	57	1	67	194	12	138	4.27e-41	137
Deveeleg	CP@TRINITY_DN5617_c0_g1::CP@TRINITY_DN5617_c0_g1_i7::g.15588::m.15588	65.385	104	35	1	46	149	11	113	1.88e-41	137
BlasS7SB	CP@TRINITY_DN5617_c0_g1::CP@TRINITY_DN5617_c0_g1_i7::g.15588::m.15588	59.890	182	71	2	2	182	11	191	6.70e-69	209
Schiaggr	CP@TRINITY_DN5617_c0_g1::CP@TRINITY_DN5617_c0_g1_i7::g.15588::m.15588	59.067	193	72	3	3	192	11	199	1.86e-72	218
Auralima	CP@TRINITY_DN5617_c0_g1::CP@TRINITY_DN5617_c0_g1_i7::g.15588::m.15588	54.639	194	83	1	3	196	11	199	2.18e-68	209
Auralima	CP@TRINITY_DN5617_c0_g1::CP@TRINITY_DN5617_c0_g1_i13::g.15584::m.15584	56.000	125	55	0	72	196	12	136	9.74e-41	136
Aplakerg	CP@TRINITY_DN5617_c0_g1::CP@TRINITY_DN5617_c0_g1_i7::g.15588::m.15588	52.083	192	91	1	3	194	11	201	2.00e-66	203
ThraLLF1	CP@TRINITY_DN5617_c0_g1::CP@TRINITY_DN5617_c0_g1_i7::g.15588::m.15588	54.945	182	74	4	1	178	23	200	6.69e-59	184
Pavl2436	CP@TRINITY_DN5617_c0_g1::CP@TRINITY_DN5617_c0_g1_i7::g.15588::m.15588	50.249	201	85	5	1	193	8	201	4.85e-57	179
Prympoly	CP@TRINITY_DN5617_c0_g1::CP@TRINITY_DN5617_c0_g1_i7::g.15588::m.15588	58.031	193	79	2	3	195	11	201	2.98e-70	213
Prympoly	CP@TRINITY_DN5617_c0_g1::CP@TRINITY_DN5617_c0_g1_i13::g.15584::m.15584	55.118	127	57	0	69	195	12	138	1.98e-41	137
Prympoly	CP@TRINITY_DN5617_c0_g1::CP@TRINITY_DN5617_c0_g1_i4::g.15586::m.15586	55.200	125	56	0	71	195	12	136	4.20e-41	137
Prymparv	CP@TRINITY_DN5617_c0_g1::CP@TRINITY_DN5617_c0_g1_i7::g.15588::m.15588	57.711	201	83	2	12	212	3	201	4.23e-73	221
Prymparv	CP@TRINITY_DN5617_c0_g1::CP@TRINITY_DN5617_c0_g1_i13::g.15584::m.15584	56.693	127	55	0	86	212	12	138	1.48e-43	144
Prymparv	CP@TRINITY_DN5617_c0_g1::CP@TRINITY_DN5617_c0_g1_i4::g.15586::m.15586	56.800	125	54	0	88	212	12	136	3.82e-43	142
Chrycart	CP@TRINITY_DN5617_c0_g1::CP@TRINITY_DN5617_c0_g1_i7::g.15588::m.15588	60.104	193	75	2	14	206	11	201	4.53e-75	226
Chrycart	CP@TRINITY_DN5617_c0_g1::CP@TRINITY_DN5617_c0_g1_i13::g.15584::m.15584	58.268	127	53	0	80	206	12	138	1.29e-46	151
Chrycart	CP@TRINITY_DN5617_c0_g1::CP@TRINITY_DN5617_c0_g1_i4::g.15586::m.15586	58.400	125	52	0	82	206	12	136	3.25e-46	150
Chryrota	CP@TRINITY_DN5617_c0_g1::CP@TRINITY_DN5617_c0_g1_i7::g.15588::m.15588	59.585	193	76	2	3	195	11	201	4.32e-72	219
Chryrota	CP@TRINITY_DN5617_c0_g1::CP@TRINITY_DN5617_c0_g1_i13::g.15584::m.15584	58.268	127	53	0	69	195	12	138	2.78e-44	146
Chryrota	CP@TRINITY_DN5617_c0_g1::CP@TRINITY_DN5617_c0_g1_i4::g.15586::m.15586	58.400	125	52	0	71	195	12	136	5.17e-44	145
Tisolute	CP@TRINITY_DN5617_c0_g1::CP@TRINITY_DN5617_c0_g1_i7::g.15588::m.15588	58.549	193	78	2	20	212	11	201	4.15e-70	213
Roomtrun	CP@TRINITY_DN5617_c0_g1::CP@TRINITY_DN5617_c0_g1_i7::g.15588::m.15588	58.333	192	77	2	10	201	13	201	3.91e-72	218
Cyanpara	CP@TRINITY_DN5617_c0_g1::CP@TRINITY_DN5617_c0_g1_i7::g.15588::m.15588	57.143	196	81	3	1	195	8	201	2.04e-71	216
Cyanpara	CP@TRINITY_DN5617_c0_g1::CP@TRINITY_DN5617_c0_g1_i13::g.15584::m.15584	54.688	128	57	1	68	195	12	138	2.35e-41	137
Cyanpara	CP@TRINITY_DN5617_c0_g1::CP@TRINITY_DN5617_c0_g1_i4::g.15586::m.15586	54.762	126	56	1	70	195	12	136	5.89e-41	136
Glauincr	CP@TRINITY_DN5617_c0_g1::CP@TRINITY_DN5617_c0_g1_i7::g.15588::m.15588	66.667	156	50	2	1	155	8	162	2.14e-66	201
Gloewitr	CP@TRINITY_DN5617_c0_g1::CP@TRINITY_DN5617_c0_g1_i7::g.15588::m.15588	58.854	192	78	1	20	211	11	201	1.07e-72	220
Gloewitr	CP@TRINITY_DN5617_c0_g1::CP@TRINITY_DN5617_c0_g1_i13::g.15584::m.15584	55.469	128	57	0	84	211	11	138	1.39e-42	141
Gloewitr	CP@TRINITY_DN5617_c0_g1::CP@TRINITY_DN5617_c0_g1_i4::g.15586::m.15586	55.200	125	56	0	87	211	12	136	1.18e-41	139
Chlorept	CP@TRINITY_DN5617_c0_g1::CP@TRINITY_DN5617_c0_g1_i7::g.15588::m.15588	49.065	214	100	4	31	242	11	217	1.63e-60	190
Brevmoto	CP@TRINITY_DN5617_c0_g1::CP@TRINITY_DN5617_c0_g1_i7::g.15588::m.15588	51.295	193	91	3	2	193	11	201	1.49e-58	184
Gromspha	CP@TRINITY_DN5617_c0_g1::CP@TRINITY_DN5617_c0_g1_i7::g.15588::m.15588	66.393	122	41	0	1	122	11	132	4.29e-56	173
MatazaD1	CP@TRINITY_DN5617_c0_g1::CP@TRINITY_DN5617_c0_g1_i7::g.15588::m.15588	53.646	192	86	2	5	196	13	201	2.24e-63	196
Platviva	CP@TRINITY_DN5617_c0_g1::CP@TRINITY_DN5617_c0_g1_i7::g.15588::m.15588	52.667	150	70	1	1	150	2	150	5.75e-49	159
Diplambu	CP@TRINITY_DN5617_c0_g1::CP@TRINITY_DN5617_c0_g1_i7::g.15588::m.15588	44.601	213	101	5	15	224	3	201	1.30e-46	154
Flecnera	CP@TRINITY_DN5617_c0_g1::CP@TRINITY_DN5617_c0_g1_i7::g.15588::m.15588	44.231	208	95	7	1	201	8	201	3.74e-43	145
Crypparv	CP@TRINITY_DN5617_c0_g1::CP@TRINITY_DN5617_c0_g1_i7::g.15588::m.15588	44.385	187	97	2	2	188	11	190	8.92e-50	161
Toxogond	CP@TRINITY_DN5617_c0_g1::CP@TRINITY_DN5617_c0_g1_i7::g.15588::m.15588	51.795	195	83	5	141	332	5	191	3.24e-55	180
Pirisoci	CP@TRINITY_DN5617_c0_g1::CP@TRINITY_DN5617_c0_g1_i7::g.15588::m.15588	52.332	193	89	3	3	194	11	201	1.86e-58	183
Perkmari	CP@TRINITY_DN5617_c0_g1::CP@TRINITY_DN5617_c0_g1_i7::g.15588::m.15588	53.093	194	84	5	1	191	8	197	2.52e-57	180
Karebrev	CP@TRINITY_DN5617_c0_g1::CP@TRINITY_DN5617_c0_g1_i7::g.15588::m.15588	48.529	204	93	5	1	204	8	199	8.08e-51	164
Paralevi	CP@TRINITY_DN5617_c0_g1::CP@TRINITY_DN5617_c0_g1_i7::g.15588::m.15588	55.789	190	83	1	5	194	13	201	7.49e-70	212
Colltric	CP@TRINITY_DN5617_c0_g1::CP@TRINITY_DN5617_c0_g1_i7::g.15588::m.15588	64.078	103	36	1	2	104	10	111	3.07e-42	137
Diphrota	CP@TRINITY_DN5617_c0_g1::CP@TRINITY_DN5617_c0_g1_i7::g.15588::m.15588	51.562	192	80	3	3	182	11	201	2.34e-58	182
Fontalba	CP@TRINITY_DN5617_c0_g1::CP@TRINITY_DN5617_c0_g1_i7::g.15588::m.15588	56.875	160	61	3	154	308	11	167	3.40e-50	167
HeterBB2	CP@TRINITY_DN5617_c0_g1::CP@TRINITY_DN5617_c0_g1_i7::g.15588::m.15588	59.494	158	60	2	3	160	11	164	2.07e-59	186
Tsukglob	CP@TRINITY_DN5617_c0_g1::CP@TRINITY_DN5617_c0_g1_i7::g.15588::m.15588	55.208	192	84	2	3	193	11	201	1.05e-64	199
Guttvulg	CP@TRINITY_DN5617_c0_g1::CP@TRINITY_DN5617_c0_g1_i7::g.15588::m.15588	54.225	142	63	2	5	144	13	154	5.83e-46	152
Mnemleid	CP@TRINITY_DN5617_c0_g1::CP@TRINITY_DN5617_c0_g1_i7::g.15588::m.15588	60.000	195	77	1	1	195	8	201	4.14e-78	233
Mnemleid	CP@TRINITY_DN5617_c0_g1::CP@TRINITY_DN5617_c0_g1_i13::g.15584::m.15584	59.200	125	51	0	71	195	14	138	1.73e-44	145
Mnemleid	CP@TRINITY_DN5617_c0_g1::CP@TRINITY_DN5617_c0_g1_i4::g.15586::m.15586	59.055	127	52	0	69	195	10	136	2.51e-44	145
Aspefumi	CP@TRINITY_DN5617_c0_g1::CP@TRINITY_DN5617_c0_g1_i7::g.15588::m.15588	50.000	198	83	3	13	210	20	201	1.01e-55	177
Neurcras	CP@TRINITY_DN5617_c0_g1::CP@TRINITY_DN5617_c0_g1_i7::g.15588::m.15588	47.236	199	99	3	1	198	8	201	1.74e-52	168
Ustimayd	CP@TRINITY_DN5617_c0_g1::CP@TRINITY_DN5617_c0_g1_i7::g.15588::m.15588	49.485	194	93	2	1	191	8	199	5.47e-60	187
Coprcine	CP@TRINITY_DN5617_c0_g1::CP@TRINITY_DN5617_c0_g1_i7::g.15588::m.15588	49.275	207	99	2	6	208	13	217	3.97e-60	187
Pharkirb	CP@TRINITY_DN5617_c0_g1::CP@TRINITY_DN5617_c0_g1_i7::g.15588::m.15588	53.472	144	62	2	2	141	10	152	5.66e-43	144
Dracjorm	CP@TRINITY_DN5617_c0_g1::CP@TRINITY_DN5617_c0_g1_i7::g.15588::m.15588	54.922	193	83	3	3	193	11	201	2.77e-63	195
Pellcata	CP@TRINITY_DN5617_c0_g1::CP@TRINITY_DN5617_c0_g1_i7::g.15588::m.15588	52.821	195	86	3	5	199	13	201	2.59e-62	193
Luaphula	CP@TRINITY_DN5617_c0_g1::CP@TRINITY_DN5617_c0_g1_i7::g.15588::m.15588	53.465	202	91	2	17	216	1	201	1.17e-61	192
Masteilh	CP@TRINITY_DN5617_c0_g1::CP@TRINITY_DN5617_c0_g1_i7::g.15588::m.15588	52.198	182	86	1	34	215	13	193	9.96e-57	182
Cuneruss	CP@TRINITY_DN5617_c0_g1::CP@TRINITY_DN5617_c0_g1_i7::g.15588::m.15588	48.718	195	82	4	2	182	11	201	9.02e-55	173
Endozona	CP@TRINITY_DN5617_c0_g1::CP@TRINITY_DN5617_c0_g1_i7::g.15588::m.15588	53.061	196	83	4	1	189	8	201	4.27e-64	197
Gocefonb	CP@TRINITY_DN5617_c0_g1::CP@TRINITY_DN5617_c0_g1_i7::g.15588::m.15588	47.692	195	98	3	1	192	8	201	1.05e-54	174
Sapochin	CP@TRINITY_DN5617_c0_g1::CP@TRINITY_DN5617_c0_g1_i7::g.15588::m.15588	44.221	199	99	5	2	196	11	201	1.31e-44	148
Phalsoli	CP@TRINITY_DN5617_c0_g1::CP@TRINITY_DN5617_c0_g1_i7::g.15588::m.15588	57.576	198	82	2	18	214	5	201	4.03e-73	221
Phalsoli	CP@TRINITY_DN5617_c0_g1::CP@TRINITY_DN5617_c0_g1_i13::g.15584::m.15584	56.250	128	56	0	87	214	11	138	1.03e-41	139
Phalsoli	CP@TRINITY_DN5617_c0_g1::CP@TRINITY_DN5617_c0_g1_i4::g.15586::m.15586	56.000	125	55	0	90	214	12	136	6.21e-41	137
Cavoapop	CP@TRINITY_DN5617_c0_g1::CP@TRINITY_DN5617_c0_g1_i7::g.15588::m.15588	52.850	193	87	2	6	198	13	201	4.17e-63	195
Schivulg	CP@TRINITY_DN5617_c0_g1::CP@TRINITY_DN5617_c0_g1_i7::g.15588::m.15588	53.646	192	85	3	6	196	13	201	2.86e-62	193
Tychacut	CP@TRINITY_DN5617_c0_g1::CP@TRINITY_DN5617_c0_g1_i7::g.15588::m.15588	57.669	163	66	2	1	163	1	160	3.72e-61	189
Filanola	CP@TRINITY_DN5617_c0_g1::CP@TRINITY_DN5617_c0_g1_i7::g.15588::m.15588	55.155	194	85	2	1	192	8	201	6.88e-70	212
Mayocant	CP@TRINITY_DN5617_c0_g1::CP@TRINITY_DN5617_c0_g1_i7::g.15588::m.15588	54.359	195	87	2	1	194	8	201	6.54e-70	212
Squajapo	CP@TRINITY_DN5617_c0_g1::CP@TRINITY_DN5617_c0_g1_i7::g.15588::m.15588	50.495	202	84	7	36	231	1	192	3.50e-53	172
Armalang	CP@TRINITY_DN5617_c0_g1::CP@TRINITY_DN5617_c0_g1_i7::g.15588::m.15588	55.330	197	82	3	2	198	11	201	6.34e-66	203
ThecSK13	CP@TRINITY_DN5617_c0_g1::CP@TRINITY_DN5617_c0_g1_i7::g.15588::m.15588	53.403	191	87	2	14	204	11	199	1.91e-65	201
Stensten	CP@TRINITY_DN5617_c0_g1::CP@TRINITY_DN5617_c0_g1_i7::g.15588::m.15588	59.184	196	77	3	43	237	8	201	4.70e-71	217
Arcevulg	CP@TRINITY_DN5617_c0_g1::CP@TRINITY_DN5617_c0_g1_i7::g.15588::m.15588	53.846	182	83	1	3	183	11	192	1.90e-62	194
Hetepall	CP@TRINITY_DN5617_c0_g1::CP@TRINITY_DN5617_c0_g1_i7::g.15588::m.15588	55.026	189	85	0	5	193	13	201	2.83e-63	195
NolaAFSM	CP@TRINITY_DN5617_c0_g1::CP@TRINITY_DN5617_c0_g1_i7::g.15588::m.15588	51.282	195	88	3	3	196	11	199	5.16e-58	182
Giarlamb	CP@TRINITY_DN5617_c0_g1::CP@TRINITY_DN5617_c0_g1_i7::g.15588::m.15588	50.299	167	71	4	51	208	29	192	1.25e-41	141
Echiexud	CP@TRINITY_DN5617_c0_g1::CP@TRINITY_DN5617_c0_g1_i7::g.15588::m.15588	51.256	199	80	3	1	199	18	199	3.72e-57	180
Vermverm	CP@TRINITY_DN5617_c0_g1::CP@TRINITY_DN5617_c0_g1_i7::g.15588::m.15588	47.872	188	89	4	5	191	13	192	1.73e-49	160
Caeneleg	CP@TRINITY_DN5617_c0_g1::CP@TRINITY_DN5617_c0_g1_i7::g.15588::m.15588	53.333	195	90	1	1	195	8	201	3.16e-67	205
Coprprot	CP@TRINITY_DN5617_c0_g1::CP@TRINITY_DN5617_c0_g1_i7::g.15588::m.15588	64.615	130	45	1	37	166	11	139	1.08e-55	177
Amoeprot	CP@TRINITY_DN5617_c0_g1::CP@TRINITY_DN5617_c0_g1_i7::g.15588::m.15588	50.802	187	85	3	2	188	10	189	1.32e-55	176
Rhizsaxo	CP@TRINITY_DN5617_c0_g1::CP@TRINITY_DN5617_c0_g1_i7::g.15588::m.15588	51.087	184	88	2	3	185	11	193	6.60e-55	174
Flabcita	CP@TRINITY_DN5617_c0_g1::CP@TRINITY_DN5617_c0_g1_i7::g.15588::m.15588	46.237	186	97	3	1	184	8	192	5.50e-50	161
MicrA134	CP@TRINITY_DN5617_c0_g1::CP@TRINITY_DN5617_c0_g1_i7::g.15588::m.15588	58.088	136	51	2	3	138	11	140	1.15e-46	154
Nutolong	CP@TRINITY_DN5617_c0_g1::CP@TRINITY_DN5617_c0_g1_i7::g.15588::m.15588	51.942	206	86	5	1	205	8	201	1.48e-62	194
Ancysigm	CP@TRINITY_DN5617_c0_g1::CP@TRINITY_DN5617_c0_g1_i7::g.15588::m.15588	54.206	214	94	4	1	213	8	218	1.86e-70	214
Fabotrop	CP@TRINITY_DN5617_c0_g1::CP@TRINITY_DN5617_c0_g1_i7::g.15588::m.15588	56.039	207	90	1	5	211	13	218	4.71e-73	220
Fabotrop	CP@TRINITY_DN5617_c0_g1::CP@TRINITY_DN5617_c0_g1_i13::g.15584::m.15584	55.039	129	58	0	66	194	10	138	3.60e-45	147
Fabotrop	CP@TRINITY_DN5617_c0_g1::CP@TRINITY_DN5617_c0_g1_i4::g.15586::m.15586	54.930	142	64	0	70	211	12	153	2.20e-44	145
Jakolibe	CP@TRINITY_DN5617_c0_g1::CP@TRINITY_DN5617_c0_g1_i7::g.15588::m.15588	48.780	205	89	3	3	207	11	199	1.89e-56	178
Lenilimo	CP@TRINITY_DN5617_c0_g1::CP@TRINITY_DN5617_c0_g1_i7::g.15588::m.15588	50.262	191	94	1	8	198	12	201	1.90e-63	196
Pygsbifo	CP@TRINITY_DN5617_c0_g1::CP@TRINITY_DN5617_c0_g1_i7::g.15588::m.15588	52.604	192	81	2	13	195	11	201	4.46e-64	197
Rigiramo	CP@TRINITY_DN5617_c0_g1::CP@TRINITY_DN5617_c0_g1_i7::g.15588::m.15588	54.822	197	86	3	10	205	7	201	1.18e-64	199
Sphaarct	CP@TRINITY_DN5617_c0_g1::CP@TRINITY_DN5617_c0_g1_i7::g.15588::m.15588	56.316	190	82	1	5	194	13	201	3.82e-74	223
Sphaarct	CP@TRINITY_DN5617_c0_g1::CP@TRINITY_DN5617_c0_g1_i13::g.15584::m.15584	53.125	128	60	0	67	194	11	138	1.54e-42	140
Sphaarct	CP@TRINITY_DN5617_c0_g1::CP@TRINITY_DN5617_c0_g1_i4::g.15586::m.15586	53.543	127	59	0	68	194	10	136	2.20e-42	140
Amoepara	CP@TRINITY_DN5617_c0_g1::CP@TRINITY_DN5617_c0_g1_i7::g.15588::m.15588	57.895	190	78	2	27	215	13	201	5.97e-73	221
Amoepara	CP@TRINITY_DN5617_c0_g1::CP@TRINITY_DN5617_c0_g1_i13::g.15584::m.15584	57.031	128	54	1	89	215	11	138	2.08e-43	144
Amoepara	CP@TRINITY_DN5617_c0_g1::CP@TRINITY_DN5617_c0_g1_i4::g.15586::m.15586	57.480	127	53	1	90	215	10	136	5.60e-43	142
Drosmela	CP@TRINITY_DN5617_c0_g1::CP@TRINITY_DN5617_c0_g1_i7::g.15588::m.15588	61.224	196	70	3	2	195	10	201	3.19e-78	234
Drosmela	CP@TRINITY_DN5617_c0_g1::CP@TRINITY_DN5617_c0_g1_i13::g.15584::m.15584	60.305	131	47	2	67	195	11	138	3.17e-44	145
Drosmela	CP@TRINITY_DN5617_c0_g1::CP@TRINITY_DN5617_c0_g1_i4::g.15586::m.15586	60.938	128	45	2	70	195	12	136	1.31e-43	143
Apismell	CP@TRINITY_DN5617_c0_g1::CP@TRINITY_DN5617_c0_g1_i7::g.15588::m.15588	66.321	193	64	1	2	194	10	201	1.40e-92	270
Apismell	CP@TRINITY_DN5617_c0_g1::CP@TRINITY_DN5617_c0_g1_i13::g.15584::m.15584	63.566	129	46	1	66	194	11	138	1.76e-50	161
Apismell	CP@TRINITY_DN5617_c0_g1::CP@TRINITY_DN5617_c0_g1_i4::g.15586::m.15586	64.286	126	44	1	69	194	12	136	6.89e-50	159
Apismell	CP@TRINITY_DN5617_c0_g1::CP@TRINITY_DN5617_c0_g1_i11::g.15582::m.15582	73.626	91	24	0	66	156	11	101	3.51e-42	140
Gallgall	CP@TRINITY_DN5617_c0_g1::CP@TRINITY_DN5617_c0_g1_i7::g.15588::m.15588	60.190	211	83	1	1	211	8	217	1.95e-82	244
Gallgall	CP@TRINITY_DN5617_c0_g1::CP@TRINITY_DN5617_c0_g1_i13::g.15584::m.15584	59.441	143	58	0	69	211	12	154	1.11e-49	159
Gallgall	CP@TRINITY_DN5617_c0_g1::CP@TRINITY_DN5617_c0_g1_i4::g.15586::m.15586	59.574	141	57	0	71	211	12	152	2.21e-49	158
Branflor	CP@TRINITY_DN5617_c0_g1::CP@TRINITY_DN5617_c0_g1_i7::g.15588::m.15588	68.205	195	61	1	1	195	8	201	2.20e-92	269
Branflor	CP@TRINITY_DN5617_c0_g1::CP@TRINITY_DN5617_c0_g1_i13::g.15584::m.15584	67.969	128	41	0	68	195	11	138	1.13e-52	166
Branflor	CP@TRINITY_DN5617_c0_g1::CP@TRINITY_DN5617_c0_g1_i4::g.15586::m.15586	68.800	125	39	0	71	195	12	136	5.72e-52	164
Branflor	CP@TRINITY_DN5617_c0_g1::CP@TRINITY_DN5617_c0_g1_i11::g.15582::m.15582	74.737	95	24	0	68	162	11	105	2.78e-41	137
Aplycali	CP@TRINITY_DN5617_c0_g1::CP@TRINITY_DN5617_c0_g1_i7::g.15588::m.15588	66.154	195	65	1	1	195	8	201	1.85e-84	249
Aplycali	CP@TRINITY_DN5617_c0_g1::CP@TRINITY_DN5617_c0_g1_i13::g.15584::m.15584	61.719	128	49	0	68	195	11	138	4.09e-44	144
Aplycali	CP@TRINITY_DN5617_c0_g1::CP@TRINITY_DN5617_c0_g1_i4::g.15586::m.15586	62.400	125	47	0	71	195	12	136	1.99e-43	142
Minivibr	CP@TRINITY_DN5617_c0_g1::CP@TRINITY_DN5617_c0_g1_i7::g.15588::m.15588	53.642	151	67	2	18	168	16	163	8.51e-47	154
Salprose	CP@TRINITY_DN5617_c0_g1::CP@TRINITY_DN5617_c0_g1_i7::g.15588::m.15588	46.569	204	87	5	1	192	8	201	2.04e-49	160
Mantplas	CP@TRINITY_DN5617_c0_g1::CP@TRINITY_DN5617_c0_g1_i7::g.15588::m.15588	57.068	191	81	1	7	197	11	200	2.98e-68	208
Tricadha	CP@TRINITY_DN5617_c0_g1::CP@TRINITY_DN5617_c0_g1_i7::g.15588::m.15588	60.209	191	75	1	5	195	12	201	8.57e-76	227
Tricadha	CP@TRINITY_DN5617_c0_g1::CP@TRINITY_DN5617_c0_g1_i13::g.15584::m.15584	59.200	125	51	0	71	195	14	138	7.30e-44	144
Tricadha	CP@TRINITY_DN5617_c0_g1::CP@TRINITY_DN5617_c0_g1_i4::g.15586::m.15586	59.200	125	51	0	71	195	12	136	1.29e-43	143
Schizpom	CP@TRINITY_DN5617_c0_g1::CP@TRINITY_DN5617_c0_g1_i7::g.15588::m.15588	54.902	204	86	4	9	208	16	217	1.78e-70	214
Reclamer	CP@TRINITY_DN5617_c0_g1::CP@TRINITY_DN5617_c0_g1_i7::g.15588::m.15588	47.872	188	97	1	15	202	13	199	3.70e-57	180
Malajako	CP@TRINITY_DN5617_c0_g1::CP@TRINITY_DN5617_c0_g1_i7::g.15588::m.15588	45.856	181	86	3	2	171	10	189	4.57e-46	150
Malacali	CP@TRINITY_DN5617_c0_g1::CP@TRINITY_DN5617_c0_g1_i7::g.15588::m.15588	45.550	191	99	2	2	188	10	199	1.01e-49	160
Gefiokel	CP@TRINITY_DN5617_c0_g1::CP@TRINITY_DN5617_c0_g1_i7::g.15588::m.15588	49.206	189	83	4	21	198	13	199	6.75e-44	146
Veximinu	CP@TRINITY_DN5617_c0_g1::CP@TRINITY_DN5617_c0_g1_i7::g.15588::m.15588	48.947	190	91	2	3	187	11	199	1.10e-58	183
Echibisp	CP@TRINITY_DN5617_c0_g1::CP@TRINITY_DN5617_c0_g1_i7::g.15588::m.15588	54.450	191	87	0	3	193	11	201	2.35e-70	213
Echibisp	CP@TRINITY_DN5617_c0_g1::CP@TRINITY_DN5617_c0_g1_i4::g.15586::m.15586	55.906	127	56	0	67	193	10	136	3.25e-44	145
Echibisp	CP@TRINITY_DN5617_c0_g1::CP@TRINITY_DN5617_c0_g1_i13::g.15584::m.15584	56.911	123	53	0	71	193	16	138	5.51e-44	144
Rhizelon	CP@TRINITY_DN5617_c0_g1::CP@TRINITY_DN5617_c0_g1_i7::g.15588::m.15588	49.524	210	85	5	2	209	11	201	1.73e-56	179
Bodosalt	CP@TRINITY_DN5617_c0_g1::CP@TRINITY_DN5617_c0_g1_i7::g.15588::m.15588	48.404	188	83	4	1	187	8	182	2.67e-48	157
Eutrgymn	CP@TRINITY_DN5617_c0_g1::CP@TRINITY_DN5617_c0_g1_i7::g.15588::m.15588	48.077	156	73	3	1	156	8	155	1.16e-42	143
Eugllong	CP@TRINITY_DN5617_c0_g1::CP@TRINITY_DN5617_c0_g1_i7::g.15588::m.15588	43.602	211	98	5	11	217	8	201	3.26e-43	145
Euglgrac	CP@TRINITY_DN5617_c0_g1::CP@TRINITY_DN5617_c0_g1_i7::g.15588::m.15588	43.478	207	104	4	1	207	8	201	3.88e-42	142
Amphquee	CP@TRINITY_DN5617_c0_g1::CP@TRINITY_DN5617_c0_g1_i7::g.15588::m.15588	55.696	158	69	1	2	159	45	201	2.44e-54	171
Taensoli	CP@TRINITY_DN5617_c0_g1::CP@TRINITY_DN5617_c0_g1_i7::g.15588::m.15588	50.510	196	81	3	5	191	13	201	5.01e-57	179
Schimans	CP@TRINITY_DN5617_c0_g1::CP@TRINITY_DN5617_c0_g1_i7::g.15588::m.15588	58.421	190	78	1	5	194	13	201	7.80e-73	219
Schimans	CP@TRINITY_DN5617_c0_g1::CP@TRINITY_DN5617_c0_g1_i13::g.15584::m.15584	55.906	127	56	0	68	194	12	138	2.54e-41	137
Schimans	CP@TRINITY_DN5617_c0_g1::CP@TRINITY_DN5617_c0_g1_i4::g.15586::m.15586	56.000	125	55	0	70	194	12	136	6.77e-41	136
Cochminu	CP@TRINITY_DN5617_c0_g1::CP@TRINITY_DN5617_c0_g1_i7::g.15588::m.15588	57.143	175	68	2	5	179	13	180	1.86e-62	195
Ovaldese	CP@TRINITY_DN5617_c0_g1::CP@TRINITY_DN5617_c0_g1_i7::g.15588::m.15588	51.562	192	91	2	4	195	12	201	4.96e-64	198
Brevanat	CP@TRINITY_DN5617_c0_g1::CP@TRINITY_DN5617_c0_g1_i7::g.15588::m.15588	57.764	161	64	4	9	168	7	164	1.28e-60	187
Debahans	CP@TRINITY_DN5617_c0_g1::CP@TRINITY_DN5617_c0_g1_i7::g.15588::m.15588	49.020	204	88	5	1	193	8	206	1.03e-50	163
Rhizdele	CP@TRINITY_DN5617_c0_g1::CP@TRINITY_DN5617_c0_g1_i7::g.15588::m.15588	54.502	211	95	1	1	211	8	217	8.98e-71	214
Spizpunc	CP@TRINITY_DN5617_c0_g1::CP@TRINITY_DN5617_c0_g1_i7::g.15588::m.15588	56.281	199	71	4	2	192	11	201	7.66e-71	214
Allomacr	CP@TRINITY_DN5617_c0_g1::CP@TRINITY_DN5617_c0_g1_i7::g.15588::m.15588	55.208	192	85	1	2	193	11	201	2.56e-69	211
Blasbrit	CP@TRINITY_DN5617_c0_g1::CP@TRINITY_DN5617_c0_g1_i7::g.15588::m.15588	51.795	195	81	4	3	188	11	201	2.49e-63	195
Abolprol	CP@TRINITY_DN5617_c0_g1::CP@TRINITY_DN5617_c0_g1_i7::g.15588::m.15588	53.886	193	87	1	15	207	11	201	2.01e-66	204
