Blasemer	CP@TRINITY_DN1604_c0_g1::CP@TRINITY_DN1604_c0_g1_i4::g.42636::m.42636	50.340	147	72	1	14	159	1	147	1.90e-48	153
Blasemer	CP@TRINITY_DN1604_c0_g1::CP@TRINITY_DN1604_c0_g1_i1::g.42635::m.42635	50.340	147	72	1	14	159	1	147	1.90e-48	153
Styllemn	CP@TRINITY_DN1604_c0_g1::CP@TRINITY_DN1604_c0_g1_i4::g.42636::m.42636	51.908	131	62	1	14	143	1	131	1.77e-41	135
Styllemn	CP@TRINITY_DN1604_c0_g1::CP@TRINITY_DN1604_c0_g1_i1::g.42635::m.42635	51.908	131	62	1	14	143	1	131	1.77e-41	135
Thectrah	CP@TRINITY_DN1604_c0_g1::CP@TRINITY_DN1604_c0_g1_i4::g.42636::m.42636	50.345	145	71	1	14	157	1	145	3.57e-41	135
Thectrah	CP@TRINITY_DN1604_c0_g1::CP@TRINITY_DN1604_c0_g1_i1::g.42635::m.42635	50.345	145	71	1	14	157	1	145	3.57e-41	135
Raphhete	CP@TRINITY_DN1604_c0_g1::CP@TRINITY_DN1604_c0_g1_i4::g.42636::m.42636	49.660	147	72	2	14	158	1	147	1.03e-45	146
Raphhete	CP@TRINITY_DN1604_c0_g1::CP@TRINITY_DN1604_c0_g1_i1::g.42635::m.42635	49.660	147	72	2	14	158	1	147	1.03e-45	146
Gemicryo	CP@TRINITY_DN1604_c0_g1::CP@TRINITY_DN1604_c0_g1_i4::g.42636::m.42636	46.309	149	80	0	65	213	1	149	8.71e-45	146
Gemicryo	CP@TRINITY_DN1604_c0_g1::CP@TRINITY_DN1604_c0_g1_i1::g.42635::m.42635	46.309	149	80	0	65	213	1	149	8.71e-45	146
Guilthet	CP@TRINITY_DN1604_c0_g1::CP@TRINITY_DN1604_c0_g1_i4::g.42636::m.42636	48.649	148	76	0	16	163	1	148	5.26e-46	147
Guilthet	CP@TRINITY_DN1604_c0_g1::CP@TRINITY_DN1604_c0_g1_i1::g.42635::m.42635	48.649	148	76	0	16	163	1	148	5.26e-46	147
Hemirufe	CP@TRINITY_DN1604_c0_g1::CP@TRINITY_DN1604_c0_g1_i4::g.42636::m.42636	48.993	149	76	0	26	174	1	149	9.13e-47	150
Hemirufe	CP@TRINITY_DN1604_c0_g1::CP@TRINITY_DN1604_c0_g1_i1::g.42635::m.42635	48.993	149	76	0	26	174	1	149	9.13e-47	150
Chlarein	CP@TRINITY_DN1604_c0_g1::CP@TRINITY_DN1604_c0_g1_i4::g.42636::m.42636	47.619	147	75	1	14	158	1	147	1.35e-42	139
Chlarein	CP@TRINITY_DN1604_c0_g1::CP@TRINITY_DN1604_c0_g1_i1::g.42635::m.42635	47.619	147	75	1	14	158	1	147	1.35e-42	139
Tetrasti	CP@TRINITY_DN1604_c0_g1::CP@TRINITY_DN1604_c0_g1_i4::g.42636::m.42636	49.315	146	72	1	15	158	2	147	4.20e-43	140
Tetrasti	CP@TRINITY_DN1604_c0_g1::CP@TRINITY_DN1604_c0_g1_i1::g.42635::m.42635	49.315	146	72	1	15	158	2	147	4.20e-43	140
Charbrau	CP@TRINITY_DN1604_c0_g1::CP@TRINITY_DN1604_c0_g1_i4::g.42636::m.42636	49.324	148	72	2	14	159	1	147	1.67e-41	136
Charbrau	CP@TRINITY_DN1604_c0_g1::CP@TRINITY_DN1604_c0_g1_i1::g.42635::m.42635	49.324	148	72	2	14	159	1	147	1.67e-41	136
Arabthal	CP@TRINITY_DN1604_c0_g1::CP@TRINITY_DN1604_c0_g1_i4::g.42636::m.42636	48.980	147	72	2	14	157	1	147	6.15e-41	134
Arabthal	CP@TRINITY_DN1604_c0_g1::CP@TRINITY_DN1604_c0_g1_i1::g.42635::m.42635	48.980	147	72	2	14	157	1	147	6.15e-41	134
Telosubt	CP@TRINITY_DN1604_c0_g1::CP@TRINITY_DN1604_c0_g1_i4::g.42636::m.42636	50.340	147	70	1	53	196	1	147	2.14e-46	150
Telosubt	CP@TRINITY_DN1604_c0_g1::CP@TRINITY_DN1604_c0_g1_i1::g.42635::m.42635	50.340	147	70	1	53	196	1	147	2.14e-46	150
Bigenata	CP@TRINITY_DN1604_c0_g1::CP@TRINITY_DN1604_c0_g1_i4::g.42636::m.42636	53.147	143	65	1	14	156	1	141	1.94e-44	143
Bigenata	CP@TRINITY_DN1604_c0_g1::CP@TRINITY_DN1604_c0_g1_i1::g.42635::m.42635	53.147	143	65	1	14	156	1	141	1.94e-44	143
MAST04A1	CP@TRINITY_DN1604_c0_g1::CP@TRINITY_DN1604_c0_g1_i4::g.42636::m.42636	49.664	149	72	2	14	159	1	149	7.26e-44	142
MAST04A1	CP@TRINITY_DN1604_c0_g1::CP@TRINITY_DN1604_c0_g1_i1::g.42635::m.42635	49.664	149	72	2	14	159	1	149	7.26e-44	142
MAST04A2	CP@TRINITY_DN1604_c0_g1::CP@TRINITY_DN1604_c0_g1_i4::g.42636::m.42636	49.664	149	72	2	14	159	1	149	7.26e-44	142
MAST04A2	CP@TRINITY_DN1604_c0_g1::CP@TRINITY_DN1604_c0_g1_i1::g.42635::m.42635	49.664	149	72	2	14	159	1	149	7.26e-44	142
Thalpseu	CP@TRINITY_DN1604_c0_g1::CP@TRINITY_DN1604_c0_g1_i4::g.42636::m.42636	47.619	147	74	2	14	159	1	145	2.42e-41	135
Thalpseu	CP@TRINITY_DN1604_c0_g1::CP@TRINITY_DN1604_c0_g1_i1::g.42635::m.42635	47.619	147	74	2	14	159	1	145	2.42e-41	135
Phytpara	CP@TRINITY_DN1604_c0_g1::CP@TRINITY_DN1604_c0_g1_i4::g.42636::m.42636	54.861	144	64	1	14	156	1	144	3.31e-50	158
Phytpara	CP@TRINITY_DN1604_c0_g1::CP@TRINITY_DN1604_c0_g1_i1::g.42635::m.42635	54.861	144	64	1	14	156	1	144	3.31e-50	158
Parasacc	CP@TRINITY_DN1604_c0_g1::CP@TRINITY_DN1604_c0_g1_i4::g.42636::m.42636	51.701	147	71	0	14	160	1	147	4.12e-51	160
Parasacc	CP@TRINITY_DN1604_c0_g1::CP@TRINITY_DN1604_c0_g1_i1::g.42635::m.42635	51.701	147	71	0	14	160	1	147	4.12e-51	160
Mitodaph	CP@TRINITY_DN1604_c0_g1::CP@TRINITY_DN1604_c0_g1_i4::g.42636::m.42636	52.740	146	63	2	14	154	1	145	1.02e-46	149
Mitodaph	CP@TRINITY_DN1604_c0_g1::CP@TRINITY_DN1604_c0_g1_i1::g.42635::m.42635	52.740	146	63	2	14	154	1	145	1.02e-46	149
Creofrag	CP@TRINITY_DN1604_c0_g1::CP@TRINITY_DN1604_c0_g1_i4::g.42636::m.42636	52.083	144	68	1	19	161	1	144	1.03e-47	152
Creofrag	CP@TRINITY_DN1604_c0_g1::CP@TRINITY_DN1604_c0_g1_i1::g.42635::m.42635	52.083	144	68	1	19	161	1	144	1.03e-47	152
Parvatla	CP@TRINITY_DN1604_c0_g1::CP@TRINITY_DN1604_c0_g1_i4::g.42636::m.42636	53.020	149	69	1	33	180	1	149	4.54e-50	158
Parvatla	CP@TRINITY_DN1604_c0_g1::CP@TRINITY_DN1604_c0_g1_i1::g.42635::m.42635	53.020	149	69	1	33	180	1	149	4.54e-50	158
Pigoviet	CP@TRINITY_DN1604_c0_g1::CP@TRINITY_DN1604_c0_g1_i4::g.42636::m.42636	59.310	145	59	0	47	191	1	145	6.89e-54	169
Pigoviet	CP@TRINITY_DN1604_c0_g1::CP@TRINITY_DN1604_c0_g1_i1::g.42635::m.42635	59.310	145	59	0	47	191	1	145	6.89e-54	169
Syssmult	CP@TRINITY_DN1604_c0_g1::CP@TRINITY_DN1604_c0_g1_i4::g.42636::m.42636	56.552	145	63	0	83	227	1	145	1.60e-52	166
Syssmult	CP@TRINITY_DN1604_c0_g1::CP@TRINITY_DN1604_c0_g1_i1::g.42635::m.42635	56.552	145	63	0	83	227	1	145	1.60e-52	166
Coralima	CP@TRINITY_DN1604_c0_g1::CP@TRINITY_DN1604_c0_g1_i4::g.42636::m.42636	47.297	148	77	1	14	160	1	148	3.66e-43	140
Coralima	CP@TRINITY_DN1604_c0_g1::CP@TRINITY_DN1604_c0_g1_i1::g.42635::m.42635	47.297	148	77	1	14	160	1	148	3.66e-43	140
Homosapi	CP@TRINITY_DN1604_c0_g1::CP@TRINITY_DN1604_c0_g1_i4::g.42636::m.42636	60.811	148	57	1	14	160	1	148	2.83e-60	183
Homosapi	CP@TRINITY_DN1604_c0_g1::CP@TRINITY_DN1604_c0_g1_i1::g.42635::m.42635	60.811	148	57	1	14	160	1	148	2.83e-60	183
Nemavect	CP@TRINITY_DN1604_c0_g1::CP@TRINITY_DN1604_c0_g1_i4::g.42636::m.42636	65.986	147	49	1	14	159	1	147	2.84e-66	198
Nemavect	CP@TRINITY_DN1604_c0_g1::CP@TRINITY_DN1604_c0_g1_i1::g.42635::m.42635	65.986	147	49	1	14	159	1	147	2.84e-66	198
Monobrev	CP@TRINITY_DN1604_c0_g1::CP@TRINITY_DN1604_c0_g1_i4::g.42636::m.42636	60.135	148	59	0	14	161	1	148	2.94e-60	183
Monobrev	CP@TRINITY_DN1604_c0_g1::CP@TRINITY_DN1604_c0_g1_i1::g.42635::m.42635	60.135	148	59	0	14	161	1	148	2.94e-60	183
Capsowcz	CP@TRINITY_DN1604_c0_g1::CP@TRINITY_DN1604_c0_g1_i4::g.42636::m.42636	57.432	148	62	1	10	156	1	148	3.63e-57	175
Capsowcz	CP@TRINITY_DN1604_c0_g1::CP@TRINITY_DN1604_c0_g1_i1::g.42635::m.42635	57.432	148	62	1	10	156	1	148	3.63e-57	175
Sphadest	CP@TRINITY_DN1604_c0_g1::CP@TRINITY_DN1604_c0_g1_i4::g.42636::m.42636	55.705	149	65	1	14	161	1	149	2.53e-53	166
Sphadest	CP@TRINITY_DN1604_c0_g1::CP@TRINITY_DN1604_c0_g1_i1::g.42635::m.42635	55.705	149	65	1	14	161	1	149	2.53e-53	166
Batrdend	CP@TRINITY_DN1604_c0_g1::CP@TRINITY_DN1604_c0_g1_i4::g.42636::m.42636	50.340	147	72	1	14	159	1	147	2.91e-48	153
Batrdend	CP@TRINITY_DN1604_c0_g1::CP@TRINITY_DN1604_c0_g1_i1::g.42635::m.42635	50.340	147	72	1	14	159	1	147	2.91e-48	153
Sacccere	CP@TRINITY_DN1604_c0_g1::CP@TRINITY_DN1604_c0_g1_i4::g.42636::m.42636	55.862	145	63	1	14	157	1	145	1.11e-57	177
Sacccere	CP@TRINITY_DN1604_c0_g1::CP@TRINITY_DN1604_c0_g1_i1::g.42635::m.42635	55.862	145	63	1	14	157	1	145	1.11e-57	177
Rozeallo	CP@TRINITY_DN1604_c0_g1::CP@TRINITY_DN1604_c0_g1_i4::g.42636::m.42636	54.615	130	58	1	1	129	18	147	1.36e-45	145
Rozeallo	CP@TRINITY_DN1604_c0_g1::CP@TRINITY_DN1604_c0_g1_i1::g.42635::m.42635	54.615	130	58	1	1	129	18	147	1.36e-45	145
Hemikukw	CP@TRINITY_DN1604_c0_g1::CP@TRINITY_DN1604_c0_g1_i4::g.42636::m.42636	51.678	149	71	1	27	174	1	149	2.63e-48	154
Hemikukw	CP@TRINITY_DN1604_c0_g1::CP@TRINITY_DN1604_c0_g1_i1::g.42635::m.42635	51.678	149	71	1	27	174	1	149	2.63e-48	154
SpirCILI	CP@TRINITY_DN1604_c0_g1::CP@TRINITY_DN1604_c0_g1_i4::g.42636::m.42636	53.020	149	69	1	27	174	1	149	2.52e-46	149
SpirCILI	CP@TRINITY_DN1604_c0_g1::CP@TRINITY_DN1604_c0_g1_i1::g.42635::m.42635	53.020	149	69	1	27	174	1	149	2.52e-46	149
Andagodo	CP@TRINITY_DN1604_c0_g1::CP@TRINITY_DN1604_c0_g1_i4::g.42636::m.42636	45.946	148	79	1	15	161	2	149	9.49e-43	139
Andagodo	CP@TRINITY_DN1604_c0_g1::CP@TRINITY_DN1604_c0_g1_i1::g.42635::m.42635	45.946	148	79	1	15	161	2	149	9.49e-43	139
Lapoguse	CP@TRINITY_DN1604_c0_g1::CP@TRINITY_DN1604_c0_g1_i4::g.42636::m.42636	48.966	145	71	2	14	155	1	145	9.16e-42	136
Lapoguse	CP@TRINITY_DN1604_c0_g1::CP@TRINITY_DN1604_c0_g1_i1::g.42635::m.42635	48.966	145	71	2	14	155	1	145	9.16e-42	136
Parapyri	CP@TRINITY_DN1604_c0_g1::CP@TRINITY_DN1604_c0_g1_i4::g.42636::m.42636	47.651	149	75	2	22	167	1	149	1.87e-41	136
Parapyri	CP@TRINITY_DN1604_c0_g1::CP@TRINITY_DN1604_c0_g1_i1::g.42635::m.42635	47.651	149	75	2	22	167	1	149	1.87e-41	136
Protfung	CP@TRINITY_DN1604_c0_g1::CP@TRINITY_DN1604_c0_g1_i4::g.42636::m.42636	53.731	134	58	1	15	144	2	135	4.01e-45	145
Protfung	CP@TRINITY_DN1604_c0_g1::CP@TRINITY_DN1604_c0_g1_i1::g.42635::m.42635	53.731	134	58	1	15	144	2	135	4.01e-45	145
Rhodemar	CP@TRINITY_DN1604_c0_g1::CP@TRINITY_DN1604_c0_g1_i4::g.42636::m.42636	56.376	149	64	1	14	161	1	149	1.76e-51	161
Rhodemar	CP@TRINITY_DN1604_c0_g1::CP@TRINITY_DN1604_c0_g1_i1::g.42635::m.42635	56.376	149	64	1	14	161	1	149	1.76e-51	161
Rhodlimn	CP@TRINITY_DN1604_c0_g1::CP@TRINITY_DN1604_c0_g1_i4::g.42636::m.42636	50.694	144	70	1	14	156	1	144	1.49e-45	146
Rhodlimn	CP@TRINITY_DN1604_c0_g1::CP@TRINITY_DN1604_c0_g1_i1::g.42635::m.42635	50.694	144	70	1	14	156	1	144	1.49e-45	146
Roomtrun	CP@TRINITY_DN1604_c0_g1::CP@TRINITY_DN1604_c0_g1_i4::g.42636::m.42636	49.660	147	72	1	14	160	1	145	1.17e-42	139
Roomtrun	CP@TRINITY_DN1604_c0_g1::CP@TRINITY_DN1604_c0_g1_i1::g.42635::m.42635	49.660	147	72	1	14	160	1	145	1.17e-42	139
Psuemult	CP@TRINITY_DN1604_c0_g1::CP@TRINITY_DN1604_c0_g1_i4::g.42636::m.42636	50.000	150	73	2	14	162	1	149	5.96e-43	139
Psuemult	CP@TRINITY_DN1604_c0_g1::CP@TRINITY_DN1604_c0_g1_i1::g.42635::m.42635	50.000	150	73	2	14	162	1	149	5.96e-43	139
Fragcyli	CP@TRINITY_DN1604_c0_g1::CP@TRINITY_DN1604_c0_g1_i4::g.42636::m.42636	50.685	146	70	2	14	158	1	145	2.95e-42	137
Fragcyli	CP@TRINITY_DN1604_c0_g1::CP@TRINITY_DN1604_c0_g1_i1::g.42635::m.42635	50.685	146	70	2	14	158	1	145	2.95e-42	137
Fucucera	CP@TRINITY_DN1604_c0_g1::CP@TRINITY_DN1604_c0_g1_i4::g.42636::m.42636	47.917	144	74	1	14	156	1	144	4.36e-41	134
Fucucera	CP@TRINITY_DN1604_c0_g1::CP@TRINITY_DN1604_c0_g1_i1::g.42635::m.42635	47.917	144	74	1	14	156	1	144	4.36e-41	134
Agarclat	CP@TRINITY_DN1604_c0_g1::CP@TRINITY_DN1604_c0_g1_i4::g.42636::m.42636	47.917	144	74	1	30	172	1	144	6.28e-41	135
Agarclat	CP@TRINITY_DN1604_c0_g1::CP@TRINITY_DN1604_c0_g1_i1::g.42635::m.42635	47.917	144	74	1	30	172	1	144	6.28e-41	135
Pedi2098	CP@TRINITY_DN1604_c0_g1::CP@TRINITY_DN1604_c0_g1_i4::g.42636::m.42636	48.980	147	73	1	14	158	1	147	2.35e-41	135
Pedi2098	CP@TRINITY_DN1604_c0_g1::CP@TRINITY_DN1604_c0_g1_i1::g.42635::m.42635	48.980	147	73	1	14	158	1	147	2.35e-41	135
Albulaib	CP@TRINITY_DN1604_c0_g1::CP@TRINITY_DN1604_c0_g1_i4::g.42636::m.42636	49.650	143	71	1	15	156	2	144	1.20e-46	149
Albulaib	CP@TRINITY_DN1604_c0_g1::CP@TRINITY_DN1604_c0_g1_i1::g.42635::m.42635	49.650	143	71	1	15	156	2	144	1.20e-46	149
Saprdecl	CP@TRINITY_DN1604_c0_g1::CP@TRINITY_DN1604_c0_g1_i4::g.42636::m.42636	56.250	144	62	1	14	156	1	144	8.88e-52	162
Saprdecl	CP@TRINITY_DN1604_c0_g1::CP@TRINITY_DN1604_c0_g1_i1::g.42635::m.42635	56.250	144	62	1	14	156	1	144	8.88e-52	162
Pythirre	CP@TRINITY_DN1604_c0_g1::CP@TRINITY_DN1604_c0_g1_i4::g.42636::m.42636	55.556	144	63	1	14	156	1	144	2.33e-50	158
Pythirre	CP@TRINITY_DN1604_c0_g1::CP@TRINITY_DN1604_c0_g1_i1::g.42635::m.42635	55.556	144	63	1	14	156	1	144	2.33e-50	158
Aplakerg	CP@TRINITY_DN1604_c0_g1::CP@TRINITY_DN1604_c0_g1_i4::g.42636::m.42636	48.299	147	74	2	14	159	1	146	1.54e-43	141
Aplakerg	CP@TRINITY_DN1604_c0_g1::CP@TRINITY_DN1604_c0_g1_i1::g.42635::m.42635	48.299	147	74	2	14	159	1	146	1.54e-43	141
PlacCLAB	CP@TRINITY_DN1604_c0_g1::CP@TRINITY_DN1604_c0_g1_i4::g.42636::m.42636	52.027	148	70	1	51	197	1	148	5.68e-51	161
PlacCLAB	CP@TRINITY_DN1604_c0_g1::CP@TRINITY_DN1604_c0_g1_i1::g.42635::m.42635	52.027	148	70	1	51	197	1	148	5.68e-51	161
Haloseos	CP@TRINITY_DN1604_c0_g1::CP@TRINITY_DN1604_c0_g1_i4::g.42636::m.42636	52.980	151	67	2	14	164	1	147	4.01e-47	150
Haloseos	CP@TRINITY_DN1604_c0_g1::CP@TRINITY_DN1604_c0_g1_i1::g.42635::m.42635	52.980	151	67	2	14	164	1	147	4.01e-47	150
Volvcart	CP@TRINITY_DN1604_c0_g1::CP@TRINITY_DN1604_c0_g1_i4::g.42636::m.42636	48.299	147	74	1	14	158	1	147	1.59e-42	138
Volvcart	CP@TRINITY_DN1604_c0_g1::CP@TRINITY_DN1604_c0_g1_i1::g.42635::m.42635	48.299	147	74	1	14	158	1	147	1.59e-42	138
Physpate	CP@TRINITY_DN1604_c0_g1::CP@TRINITY_DN1604_c0_g1_i4::g.42636::m.42636	48.299	147	73	2	14	157	1	147	7.21e-43	139
Physpate	CP@TRINITY_DN1604_c0_g1::CP@TRINITY_DN1604_c0_g1_i1::g.42635::m.42635	48.299	147	73	2	14	157	1	147	7.21e-43	139
Compcoer	CP@TRINITY_DN1604_c0_g1::CP@TRINITY_DN1604_c0_g1_i4::g.42636::m.42636	46.259	147	77	1	14	158	1	147	2.04e-41	135
Compcoer	CP@TRINITY_DN1604_c0_g1::CP@TRINITY_DN1604_c0_g1_i1::g.42635::m.42635	46.259	147	77	1	14	158	1	147	2.04e-41	135
Choncris	CP@TRINITY_DN1604_c0_g1::CP@TRINITY_DN1604_c0_g1_i4::g.42636::m.42636	47.619	147	75	1	14	158	1	147	8.09e-43	139
Choncris	CP@TRINITY_DN1604_c0_g1::CP@TRINITY_DN1604_c0_g1_i1::g.42635::m.42635	47.619	147	75	1	14	158	1	147	8.09e-43	139
Gratturu	CP@TRINITY_DN1604_c0_g1::CP@TRINITY_DN1604_c0_g1_i4::g.42636::m.42636	46.939	147	76	1	14	158	1	147	2.25e-43	140
Gratturu	CP@TRINITY_DN1604_c0_g1::CP@TRINITY_DN1604_c0_g1_i1::g.42635::m.42635	46.939	147	76	1	14	158	1	147	2.25e-43	140
Porpumbi	CP@TRINITY_DN1604_c0_g1::CP@TRINITY_DN1604_c0_g1_i4::g.42636::m.42636	51.678	149	70	1	14	160	1	149	1.24e-47	151
Porpumbi	CP@TRINITY_DN1604_c0_g1::CP@TRINITY_DN1604_c0_g1_i1::g.42635::m.42635	51.678	149	70	1	14	160	1	149	1.24e-47	151
Bafffrig	CP@TRINITY_DN1604_c0_g1::CP@TRINITY_DN1604_c0_g1_i4::g.42636::m.42636	44.966	149	82	0	32	180	1	149	9.86e-45	145
Bafffrig	CP@TRINITY_DN1604_c0_g1::CP@TRINITY_DN1604_c0_g1_i1::g.42635::m.42635	44.966	149	82	0	32	180	1	149	9.86e-45	145
Cryppara	CP@TRINITY_DN1604_c0_g1::CP@TRINITY_DN1604_c0_g1_i4::g.42636::m.42636	46.980	149	78	1	3	151	1	148	1.53e-44	143
Cryppara	CP@TRINITY_DN1604_c0_g1::CP@TRINITY_DN1604_c0_g1_i1::g.42635::m.42635	46.980	149	78	1	3	151	1	148	1.53e-44	143
Idiovort	CP@TRINITY_DN1604_c0_g1::CP@TRINITY_DN1604_c0_g1_i4::g.42636::m.42636	48.322	149	77	0	14	162	1	149	8.82e-43	139
Idiovort	CP@TRINITY_DN1604_c0_g1::CP@TRINITY_DN1604_c0_g1_i1::g.42635::m.42635	48.322	149	77	0	14	162	1	149	8.82e-43	139
Cyanpara	CP@TRINITY_DN1604_c0_g1::CP@TRINITY_DN1604_c0_g1_i4::g.42636::m.42636	47.619	147	77	0	14	160	1	147	1.08e-42	139
Cyanpara	CP@TRINITY_DN1604_c0_g1::CP@TRINITY_DN1604_c0_g1_i1::g.42635::m.42635	47.619	147	77	0	14	160	1	147	1.08e-42	139
Glauincr	CP@TRINITY_DN1604_c0_g1::CP@TRINITY_DN1604_c0_g1_i4::g.42636::m.42636	52.349	149	71	0	14	162	1	149	1.58e-51	161
Glauincr	CP@TRINITY_DN1604_c0_g1::CP@TRINITY_DN1604_c0_g1_i1::g.42635::m.42635	52.349	149	71	0	14	162	1	149	1.58e-51	161
Gloewitr	CP@TRINITY_DN1604_c0_g1::CP@TRINITY_DN1604_c0_g1_i4::g.42636::m.42636	54.483	145	66	0	14	158	1	145	1.49e-54	169
Gloewitr	CP@TRINITY_DN1604_c0_g1::CP@TRINITY_DN1604_c0_g1_i1::g.42635::m.42635	54.483	145	66	0	14	158	1	145	1.49e-54	169
Ancytwis	CP@TRINITY_DN1604_c0_g1::CP@TRINITY_DN1604_c0_g1_i4::g.42636::m.42636	49.660	147	73	1	14	160	1	146	2.10e-43	140
Ancytwis	CP@TRINITY_DN1604_c0_g1::CP@TRINITY_DN1604_c0_g1_i1::g.42635::m.42635	49.660	147	73	1	14	160	1	146	2.10e-43	140
AcanthFB	CP@TRINITY_DN1604_c0_g1::CP@TRINITY_DN1604_c0_g1_i4::g.42636::m.42636	63.000	100	37	0	14	113	1	100	2.37e-41	133
AcanthFB	CP@TRINITY_DN1604_c0_g1::CP@TRINITY_DN1604_c0_g1_i1::g.42635::m.42635	63.000	100	37	0	14	113	1	100	2.37e-41	133
Mancberm	CP@TRINITY_DN1604_c0_g1::CP@TRINITY_DN1604_c0_g1_i4::g.42636::m.42636	47.586	145	73	2	13	154	1	145	9.68e-42	136
Mancberm	CP@TRINITY_DN1604_c0_g1::CP@TRINITY_DN1604_c0_g1_i1::g.42635::m.42635	47.586	145	73	2	13	154	1	145	9.68e-42	136
Lenilimo	CP@TRINITY_DN1604_c0_g1::CP@TRINITY_DN1604_c0_g1_i4::g.42636::m.42636	51.678	149	67	3	14	158	1	148	2.77e-45	145
Lenilimo	CP@TRINITY_DN1604_c0_g1::CP@TRINITY_DN1604_c0_g1_i1::g.42635::m.42635	51.678	149	67	3	14	158	1	148	2.77e-45	145
Diphrota	CP@TRINITY_DN1604_c0_g1::CP@TRINITY_DN1604_c0_g1_i4::g.42636::m.42636	48.299	147	75	1	14	160	1	146	5.97e-43	139
Diphrota	CP@TRINITY_DN1604_c0_g1::CP@TRINITY_DN1604_c0_g1_i1::g.42635::m.42635	48.299	147	75	1	14	160	1	146	5.97e-43	139
Colltric	CP@TRINITY_DN1604_c0_g1::CP@TRINITY_DN1604_c0_g1_i4::g.42636::m.42636	51.538	130	63	0	14	143	1	130	8.51e-42	137
Colltric	CP@TRINITY_DN1604_c0_g1::CP@TRINITY_DN1604_c0_g1_i1::g.42635::m.42635	51.538	130	63	0	14	143	1	130	8.51e-42	137
Rigiramo	CP@TRINITY_DN1604_c0_g1::CP@TRINITY_DN1604_c0_g1_i4::g.42636::m.42636	48.993	149	76	0	21	169	1	149	1.51e-43	141
Rigiramo	CP@TRINITY_DN1604_c0_g1::CP@TRINITY_DN1604_c0_g1_i1::g.42635::m.42635	48.993	149	76	0	21	169	1	149	1.51e-43	141
Ovaldese	CP@TRINITY_DN1604_c0_g1::CP@TRINITY_DN1604_c0_g1_i4::g.42636::m.42636	52.703	148	67	2	14	161	1	145	2.15e-49	156
Ovaldese	CP@TRINITY_DN1604_c0_g1::CP@TRINITY_DN1604_c0_g1_i1::g.42635::m.42635	52.703	148	67	2	14	161	1	145	2.15e-49	156
Pellcata	CP@TRINITY_DN1604_c0_g1::CP@TRINITY_DN1604_c0_g1_i4::g.42636::m.42636	51.678	149	71	1	33	180	1	149	7.23e-47	150
Pellcata	CP@TRINITY_DN1604_c0_g1::CP@TRINITY_DN1604_c0_g1_i1::g.42635::m.42635	51.678	149	71	1	33	180	1	149	7.23e-47	150
Amphquee	CP@TRINITY_DN1604_c0_g1::CP@TRINITY_DN1604_c0_g1_i4::g.42636::m.42636	48.667	150	75	1	13	162	1	148	2.87e-44	143
Amphquee	CP@TRINITY_DN1604_c0_g1::CP@TRINITY_DN1604_c0_g1_i1::g.42635::m.42635	48.667	150	75	1	13	162	1	148	2.87e-44	143
Pygsbifo	CP@TRINITY_DN1604_c0_g1::CP@TRINITY_DN1604_c0_g1_i4::g.42636::m.42636	50.340	147	70	2	28	171	1	147	1.26e-47	152
Pygsbifo	CP@TRINITY_DN1604_c0_g1::CP@TRINITY_DN1604_c0_g1_i1::g.42635::m.42635	50.340	147	70	2	28	171	1	147	1.26e-47	152
Soliirre	CP@TRINITY_DN1604_c0_g1::CP@TRINITY_DN1604_c0_g1_i4::g.42636::m.42636	48.980	147	75	0	27	173	1	147	4.78e-45	145
Soliirre	CP@TRINITY_DN1604_c0_g1::CP@TRINITY_DN1604_c0_g1_i1::g.42635::m.42635	48.980	147	75	0	27	173	1	147	4.78e-45	145
Cochminu	CP@TRINITY_DN1604_c0_g1::CP@TRINITY_DN1604_c0_g1_i4::g.42636::m.42636	50.676	148	73	0	14	161	1	148	3.93e-47	150
Cochminu	CP@TRINITY_DN1604_c0_g1::CP@TRINITY_DN1604_c0_g1_i1::g.42635::m.42635	50.676	148	73	0	14	161	1	148	3.93e-47	150
Schivulg	CP@TRINITY_DN1604_c0_g1::CP@TRINITY_DN1604_c0_g1_i4::g.42636::m.42636	50.000	148	74	0	36	183	1	148	7.63e-48	153
Schivulg	CP@TRINITY_DN1604_c0_g1::CP@TRINITY_DN1604_c0_g1_i1::g.42635::m.42635	50.000	148	74	0	36	183	1	148	7.63e-48	153
Tychacut	CP@TRINITY_DN1604_c0_g1::CP@TRINITY_DN1604_c0_g1_i4::g.42636::m.42636	47.403	154	75	1	19	172	1	148	1.06e-44	144
Tychacut	CP@TRINITY_DN1604_c0_g1::CP@TRINITY_DN1604_c0_g1_i1::g.42635::m.42635	47.403	154	75	1	19	172	1	148	1.06e-44	144
Cavoapop	CP@TRINITY_DN1604_c0_g1::CP@TRINITY_DN1604_c0_g1_i4::g.42636::m.42636	49.664	149	74	1	14	162	1	148	2.61e-45	145
Cavoapop	CP@TRINITY_DN1604_c0_g1::CP@TRINITY_DN1604_c0_g1_i1::g.42635::m.42635	49.664	149	74	1	14	162	1	148	2.61e-45	145
MicrA134	CP@TRINITY_DN1604_c0_g1::CP@TRINITY_DN1604_c0_g1_i4::g.42636::m.42636	50.000	144	71	1	15	157	2	145	3.30e-41	135
MicrA134	CP@TRINITY_DN1604_c0_g1::CP@TRINITY_DN1604_c0_g1_i1::g.42635::m.42635	50.000	144	71	1	15	157	2	145	3.30e-41	135
Echiexud	CP@TRINITY_DN1604_c0_g1::CP@TRINITY_DN1604_c0_g1_i4::g.42636::m.42636	47.945	146	75	1	14	158	1	146	3.10e-42	137
Echiexud	CP@TRINITY_DN1604_c0_g1::CP@TRINITY_DN1604_c0_g1_i1::g.42635::m.42635	47.945	146	75	1	14	158	1	146	3.10e-42	137
Mayocant	CP@TRINITY_DN1604_c0_g1::CP@TRINITY_DN1604_c0_g1_i4::g.42636::m.42636	50.340	147	72	1	14	159	1	147	5.74e-46	147
Mayocant	CP@TRINITY_DN1604_c0_g1::CP@TRINITY_DN1604_c0_g1_i1::g.42635::m.42635	50.340	147	72	1	14	159	1	147	5.74e-46	147
Gefiokel	CP@TRINITY_DN1604_c0_g1::CP@TRINITY_DN1604_c0_g1_i4::g.42636::m.42636	46.622	148	79	0	26	173	2	149	6.45e-44	142
Gefiokel	CP@TRINITY_DN1604_c0_g1::CP@TRINITY_DN1604_c0_g1_i1::g.42635::m.42635	46.622	148	79	0	26	173	2	149	6.45e-44	142
Malajako	CP@TRINITY_DN1604_c0_g1::CP@TRINITY_DN1604_c0_g1_i4::g.42636::m.42636	47.297	148	78	0	15	162	2	149	1.51e-44	144
Malajako	CP@TRINITY_DN1604_c0_g1::CP@TRINITY_DN1604_c0_g1_i1::g.42635::m.42635	47.297	148	78	0	15	162	2	149	1.51e-44	144
Malacali	CP@TRINITY_DN1604_c0_g1::CP@TRINITY_DN1604_c0_g1_i4::g.42636::m.42636	48.993	149	75	1	8	156	2	149	2.19e-44	143
Malacali	CP@TRINITY_DN1604_c0_g1::CP@TRINITY_DN1604_c0_g1_i1::g.42635::m.42635	48.993	149	75	1	8	156	2	149	2.19e-44	143
Paralevi	CP@TRINITY_DN1604_c0_g1::CP@TRINITY_DN1604_c0_g1_i4::g.42636::m.42636	48.980	147	74	1	14	159	1	147	1.46e-45	146
Paralevi	CP@TRINITY_DN1604_c0_g1::CP@TRINITY_DN1604_c0_g1_i1::g.42635::m.42635	48.980	147	74	1	14	159	1	147	1.46e-45	146
Gocefonb	CP@TRINITY_DN1604_c0_g1::CP@TRINITY_DN1604_c0_g1_i4::g.42636::m.42636	47.973	148	75	1	15	162	2	147	6.96e-42	137
Gocefonb	CP@TRINITY_DN1604_c0_g1::CP@TRINITY_DN1604_c0_g1_i1::g.42635::m.42635	47.973	148	75	1	15	162	2	147	6.96e-42	137
Endozona	CP@TRINITY_DN1604_c0_g1::CP@TRINITY_DN1604_c0_g1_i4::g.42636::m.42636	46.897	145	77	0	14	158	1	145	1.93e-44	143
Endozona	CP@TRINITY_DN1604_c0_g1::CP@TRINITY_DN1604_c0_g1_i1::g.42635::m.42635	46.897	145	77	0	14	158	1	145	1.93e-44	143
Filanola	CP@TRINITY_DN1604_c0_g1::CP@TRINITY_DN1604_c0_g1_i4::g.42636::m.42636	48.276	145	74	1	33	176	1	145	1.71e-43	141
Filanola	CP@TRINITY_DN1604_c0_g1::CP@TRINITY_DN1604_c0_g1_i1::g.42635::m.42635	48.276	145	74	1	33	176	1	145	1.71e-43	141
Luaphula	CP@TRINITY_DN1604_c0_g1::CP@TRINITY_DN1604_c0_g1_i4::g.42636::m.42636	44.898	147	81	0	14	160	1	147	1.27e-41	136
Luaphula	CP@TRINITY_DN1604_c0_g1::CP@TRINITY_DN1604_c0_g1_i1::g.42635::m.42635	44.898	147	81	0	14	160	1	147	1.27e-41	136
Cuneruss	CP@TRINITY_DN1604_c0_g1::CP@TRINITY_DN1604_c0_g1_i4::g.42636::m.42636	51.515	132	64	0	14	145	1	132	2.45e-43	140
Cuneruss	CP@TRINITY_DN1604_c0_g1::CP@TRINITY_DN1604_c0_g1_i1::g.42635::m.42635	51.515	132	64	0	14	145	1	132	2.45e-43	140
Sapochin	CP@TRINITY_DN1604_c0_g1::CP@TRINITY_DN1604_c0_g1_i4::g.42636::m.42636	51.351	148	69	2	1	147	1	146	2.35e-43	149
Sapochin	CP@TRINITY_DN1604_c0_g1::CP@TRINITY_DN1604_c0_g1_i1::g.42635::m.42635	51.351	148	69	2	1	147	1	146	2.35e-43	149
Armalang	CP@TRINITY_DN1604_c0_g1::CP@TRINITY_DN1604_c0_g1_i4::g.42636::m.42636	53.793	145	65	1	14	158	1	143	8.11e-54	167
Armalang	CP@TRINITY_DN1604_c0_g1::CP@TRINITY_DN1604_c0_g1_i1::g.42635::m.42635	53.793	145	65	1	14	158	1	143	8.11e-54	167
Flabcita	CP@TRINITY_DN1604_c0_g1::CP@TRINITY_DN1604_c0_g1_i4::g.42636::m.42636	46.939	147	74	1	27	169	1	147	4.58e-42	137
Flabcita	CP@TRINITY_DN1604_c0_g1::CP@TRINITY_DN1604_c0_g1_i1::g.42635::m.42635	46.939	147	74	1	27	169	1	147	4.58e-42	137
NolaAFSM	CP@TRINITY_DN1604_c0_g1::CP@TRINITY_DN1604_c0_g1_i4::g.42636::m.42636	55.039	129	52	2	35	157	2	130	1.09e-42	139
NolaAFSM	CP@TRINITY_DN1604_c0_g1::CP@TRINITY_DN1604_c0_g1_i1::g.42635::m.42635	55.039	129	52	2	35	157	2	130	1.09e-42	139
Fontalba	CP@TRINITY_DN1604_c0_g1::CP@TRINITY_DN1604_c0_g1_i4::g.42636::m.42636	53.061	147	68	1	14	159	1	147	1.90e-52	164
Fontalba	CP@TRINITY_DN1604_c0_g1::CP@TRINITY_DN1604_c0_g1_i1::g.42635::m.42635	53.061	147	68	1	14	159	1	147	1.90e-52	164
Amoepara	CP@TRINITY_DN1604_c0_g1::CP@TRINITY_DN1604_c0_g1_i4::g.42636::m.42636	53.020	149	69	1	14	161	1	149	1.54e-51	161
Amoepara	CP@TRINITY_DN1604_c0_g1::CP@TRINITY_DN1604_c0_g1_i1::g.42635::m.42635	53.020	149	69	1	14	161	1	149	1.54e-51	161
Sphaarct	CP@TRINITY_DN1604_c0_g1::CP@TRINITY_DN1604_c0_g1_i4::g.42636::m.42636	49.306	144	72	1	14	156	1	144	2.61e-43	140
Sphaarct	CP@TRINITY_DN1604_c0_g1::CP@TRINITY_DN1604_c0_g1_i1::g.42635::m.42635	49.306	144	72	1	14	156	1	144	2.61e-43	140
Tricadha	CP@TRINITY_DN1604_c0_g1::CP@TRINITY_DN1604_c0_g1_i4::g.42636::m.42636	59.459	148	58	2	14	159	1	148	5.50e-56	172
Tricadha	CP@TRINITY_DN1604_c0_g1::CP@TRINITY_DN1604_c0_g1_i1::g.42635::m.42635	59.459	148	58	2	14	159	1	148	5.50e-56	172
Salprose	CP@TRINITY_DN1604_c0_g1::CP@TRINITY_DN1604_c0_g1_i4::g.42636::m.42636	51.351	148	69	2	14	158	1	148	1.16e-46	149
Salprose	CP@TRINITY_DN1604_c0_g1::CP@TRINITY_DN1604_c0_g1_i1::g.42635::m.42635	51.351	148	69	2	14	158	1	148	1.16e-46	149
Drosmela	CP@TRINITY_DN1604_c0_g1::CP@TRINITY_DN1604_c0_g1_i4::g.42636::m.42636	60.811	148	56	2	14	159	1	148	1.62e-57	176
Drosmela	CP@TRINITY_DN1604_c0_g1::CP@TRINITY_DN1604_c0_g1_i1::g.42635::m.42635	60.811	148	56	2	14	159	1	148	1.62e-57	176
Apismell	CP@TRINITY_DN1604_c0_g1::CP@TRINITY_DN1604_c0_g1_i4::g.42636::m.42636	59.459	148	58	2	14	159	1	148	1.18e-56	174
Apismell	CP@TRINITY_DN1604_c0_g1::CP@TRINITY_DN1604_c0_g1_i1::g.42635::m.42635	59.459	148	58	2	14	159	1	148	1.18e-56	174
Caeneleg	CP@TRINITY_DN1604_c0_g1::CP@TRINITY_DN1604_c0_g1_i4::g.42636::m.42636	64.189	148	53	0	14	161	1	148	3.28e-69	206
Caeneleg	CP@TRINITY_DN1604_c0_g1::CP@TRINITY_DN1604_c0_g1_i1::g.42635::m.42635	64.189	148	53	0	14	161	1	148	3.28e-69	206
Gallgall	CP@TRINITY_DN1604_c0_g1::CP@TRINITY_DN1604_c0_g1_i4::g.42636::m.42636	60.135	148	58	1	14	160	1	148	8.01e-60	182
Gallgall	CP@TRINITY_DN1604_c0_g1::CP@TRINITY_DN1604_c0_g1_i1::g.42635::m.42635	60.135	148	58	1	14	160	1	148	8.01e-60	182
Taensoli	CP@TRINITY_DN1604_c0_g1::CP@TRINITY_DN1604_c0_g1_i4::g.42636::m.42636	55.970	134	58	1	14	146	1	134	1.21e-45	146
Taensoli	CP@TRINITY_DN1604_c0_g1::CP@TRINITY_DN1604_c0_g1_i1::g.42635::m.42635	55.970	134	58	1	14	146	1	134	1.21e-45	146
Schimans	CP@TRINITY_DN1604_c0_g1::CP@TRINITY_DN1604_c0_g1_i4::g.42636::m.42636	51.351	148	71	1	14	160	1	148	1.11e-49	156
Schimans	CP@TRINITY_DN1604_c0_g1::CP@TRINITY_DN1604_c0_g1_i1::g.42635::m.42635	51.351	148	71	1	14	160	1	148	1.11e-49	156
Branflor	CP@TRINITY_DN1604_c0_g1::CP@TRINITY_DN1604_c0_g1_i4::g.42636::m.42636	56.081	148	64	1	14	160	1	148	1.20e-57	177
Branflor	CP@TRINITY_DN1604_c0_g1::CP@TRINITY_DN1604_c0_g1_i1::g.42635::m.42635	56.081	148	64	1	14	160	1	148	1.20e-57	177
Aplycali	CP@TRINITY_DN1604_c0_g1::CP@TRINITY_DN1604_c0_g1_i4::g.42636::m.42636	57.432	148	62	1	14	160	1	148	1.72e-53	166
Aplycali	CP@TRINITY_DN1604_c0_g1::CP@TRINITY_DN1604_c0_g1_i1::g.42635::m.42635	57.432	148	62	1	14	160	1	148	1.72e-53	166
Coprcine	CP@TRINITY_DN1604_c0_g1::CP@TRINITY_DN1604_c0_g1_i4::g.42636::m.42636	49.655	145	72	1	14	157	1	145	1.07e-47	151
Coprcine	CP@TRINITY_DN1604_c0_g1::CP@TRINITY_DN1604_c0_g1_i1::g.42635::m.42635	49.655	145	72	1	14	157	1	145	1.07e-47	151
Rhizdele	CP@TRINITY_DN1604_c0_g1::CP@TRINITY_DN1604_c0_g1_i4::g.42636::m.42636	53.741	147	67	1	14	159	1	147	9.08e-55	169
Rhizdele	CP@TRINITY_DN1604_c0_g1::CP@TRINITY_DN1604_c0_g1_i1::g.42635::m.42635	53.741	147	67	1	14	159	1	147	9.08e-55	169
Spizpunc	CP@TRINITY_DN1604_c0_g1::CP@TRINITY_DN1604_c0_g1_i4::g.42636::m.42636	52.381	147	69	1	14	159	1	147	1.28e-53	166
Spizpunc	CP@TRINITY_DN1604_c0_g1::CP@TRINITY_DN1604_c0_g1_i1::g.42635::m.42635	52.381	147	69	1	14	159	1	147	1.28e-53	166
Schizpom	CP@TRINITY_DN1604_c0_g1::CP@TRINITY_DN1604_c0_g1_i4::g.42636::m.42636	56.250	144	62	1	15	157	2	145	1.34e-52	164
Schizpom	CP@TRINITY_DN1604_c0_g1::CP@TRINITY_DN1604_c0_g1_i1::g.42635::m.42635	56.250	144	62	1	15	157	2	145	1.34e-52	164
Debahans	CP@TRINITY_DN1604_c0_g1::CP@TRINITY_DN1604_c0_g1_i4::g.42636::m.42636	53.793	145	66	1	14	157	1	145	4.13e-52	162
Debahans	CP@TRINITY_DN1604_c0_g1::CP@TRINITY_DN1604_c0_g1_i1::g.42635::m.42635	53.793	145	66	1	14	157	1	145	4.13e-52	162
Aspefumi	CP@TRINITY_DN1604_c0_g1::CP@TRINITY_DN1604_c0_g1_i4::g.42636::m.42636	51.389	144	67	2	15	155	2	145	1.64e-43	140
Aspefumi	CP@TRINITY_DN1604_c0_g1::CP@TRINITY_DN1604_c0_g1_i1::g.42635::m.42635	51.389	144	67	2	15	155	2	145	1.64e-43	140
Neurcras	CP@TRINITY_DN1604_c0_g1::CP@TRINITY_DN1604_c0_g1_i4::g.42636::m.42636	50.000	144	71	1	15	157	2	145	4.65e-46	147
Neurcras	CP@TRINITY_DN1604_c0_g1::CP@TRINITY_DN1604_c0_g1_i1::g.42635::m.42635	50.000	144	71	1	15	157	2	145	4.65e-46	147
Ustimayd	CP@TRINITY_DN1604_c0_g1::CP@TRINITY_DN1604_c0_g1_i4::g.42636::m.42636	51.724	145	69	1	14	157	1	145	2.27e-46	148
Ustimayd	CP@TRINITY_DN1604_c0_g1::CP@TRINITY_DN1604_c0_g1_i1::g.42635::m.42635	51.724	145	69	1	14	157	1	145	2.27e-46	148
Allomacr	CP@TRINITY_DN1604_c0_g1::CP@TRINITY_DN1604_c0_g1_i4::g.42636::m.42636	52.381	147	69	1	14	159	1	147	6.78e-51	159
Allomacr	CP@TRINITY_DN1604_c0_g1::CP@TRINITY_DN1604_c0_g1_i1::g.42635::m.42635	52.381	147	69	1	14	159	1	147	6.78e-51	159
Blasbrit	CP@TRINITY_DN1604_c0_g1::CP@TRINITY_DN1604_c0_g1_i4::g.42636::m.42636	51.678	149	71	1	14	161	1	149	1.32e-52	164
Blasbrit	CP@TRINITY_DN1604_c0_g1::CP@TRINITY_DN1604_c0_g1_i1::g.42635::m.42635	51.678	149	71	1	14	161	1	149	1.32e-52	164
