Protlace	CP@TRINITY_DN1288_c1_g1::CP@TRINITY_DN1288_c1_g1_i8::g.32812::m.32812	38.819	711	394	10	46	748	209	886	1.25e-152	486
Paratetr	CP@TRINITY_DN1288_c1_g1::CP@TRINITY_DN1288_c1_g1_i8::g.32812::m.32812	34.279	916	527	17	10	873	18	910	2.25e-161	530
Paratetr	CP@TRINITY_DN1288_c1_g1::CP@TRINITY_DN1288_c1_g1_i8::g.32812::m.32812	33.094	417	251	9	947	1338	1071	1484	4.49e-50	195
Tetrther	CP@TRINITY_DN1288_c1_g1::CP@TRINITY_DN1288_c1_g1_i8::g.32812::m.32812	30.460	1543	877	37	16	1439	18	1483	0.0	666
Ichtmult	CP@TRINITY_DN1288_c1_g1::CP@TRINITY_DN1288_c1_g1_i8::g.32812::m.32812	34.460	917	558	19	2	909	22	904	7.70e-154	511
Tricvagi	CP@TRINITY_DN1288_c1_g1::CP@TRINITY_DN1288_c1_g1_i8::g.32812::m.32812	34.957	924	561	13	5	909	32	934	6.74e-157	524
Stroincl	CP@TRINITY_DN6521_c0_g1::CP@TRINITY_DN6521_c0_g1_i1::g.19905::m.19905	38.491	265	141	6	32	281	18	275	9.50e-46	161
Stencoer	CP@TRINITY_DN1288_c1_g1::CP@TRINITY_DN1288_c1_g1_i8::g.32812::m.32812	34.671	1520	784	34	9	1351	10	1497	0.0	785
Stencoer	CP@TRINITY_DN36262_c0_g1::CP@TRINITY_DN36262_c0_g1_i1::g.37714::m.37714	52.830	159	75	0	180	338	9	167	7.86e-48	168
Stencoer	CP@TRINITY_DN6521_c0_g1::CP@TRINITY_DN6521_c0_g1_i1::g.19905::m.19905	58.940	151	58	2	973	1119	125	275	4.10e-46	167
Plasbras	CP@TRINITY_DN1288_c1_g1::CP@TRINITY_DN1288_c1_g1_i8::g.32812::m.32812	39.093	926	508	15	41	939	14	910	0.0	611
Plasbras	CP@TRINITY_DN36262_c0_g1::CP@TRINITY_DN36262_c0_g1_i1::g.37714::m.37714	53.049	164	72	2	238	398	6	167	1.05e-46	165
Bigenata	CP@TRINITY_DN1288_c1_g1::CP@TRINITY_DN1288_c1_g1_i8::g.32812::m.32812	38.319	916	517	15	32	928	19	905	1.19e-180	587
Bigenata	CP@TRINITY_DN6521_c0_g1::CP@TRINITY_DN6521_c0_g1_i1::g.19905::m.19905	55.102	147	62	1	1011	1153	129	275	8.91e-43	158
Paulchro	CP@TRINITY_DN1288_c1_g1::CP@TRINITY_DN1288_c1_g1_i8::g.32812::m.32812	40.136	882	474	17	4	865	58	905	0.0	587
Paulchro	CP@TRINITY_DN36262_c0_g1::CP@TRINITY_DN36262_c0_g1_i1::g.37714::m.37714	50.932	161	79	0	152	312	7	167	6.82e-45	159
Paulchro	CP@TRINITY_DN6521_c0_g1::CP@TRINITY_DN6521_c0_g1_i1::g.19905::m.19905	54.110	146	63	1	1051	1192	130	275	1.55e-41	154
Retifilo	CP@TRINITY_DN1288_c1_g1::CP@TRINITY_DN1288_c1_g1_i8::g.32812::m.32812	31.164	876	477	21	9	781	633	1485	3.67e-103	350
Leptvora	CP@TRINITY_DN1288_c1_g1::CP@TRINITY_DN1288_c1_g1_i8::g.32812::m.32812	34.575	1047	544	18	21	940	453	1485	1.30e-168	538
Leptvora	CP@TRINITY_DN6521_c0_g1::CP@TRINITY_DN6521_c0_g1_i1::g.19905::m.19905	51.705	176	76	2	550	721	105	275	1.08e-46	168
Guilthet	CP@TRINITY_DN1288_c1_g1::CP@TRINITY_DN1288_c1_g1_i8::g.32812::m.32812	36.517	890	505	16	21	892	58	905	5.42e-161	526
Guilthet	CP@TRINITY_DN6521_c0_g1::CP@TRINITY_DN6521_c0_g1_i1::g.19905::m.19905	54.545	143	61	1	933	1071	133	275	3.82e-42	156
Gemicryo	CP@TRINITY_DN1288_c1_g1::CP@TRINITY_DN1288_c1_g1_i8::g.32812::m.32812	30.793	958	499	18	26	865	587	1498	6.77e-122	407
Gemicryo	CP@TRINITY_DN6521_c0_g1::CP@TRINITY_DN6521_c0_g1_i1::g.19905::m.19905	56.250	144	59	2	487	626	132	275	2.80e-41	153
Hemirufe	CP@TRINITY_DN1288_c1_g1::CP@TRINITY_DN1288_c1_g1_i8::g.32812::m.32812	40.083	721	402	10	98	818	220	910	7.77e-154	508
Hemirufe	CP@TRINITY_DN36262_c0_g1::CP@TRINITY_DN36262_c0_g1_i1::g.37714::m.37714	54.491	167	71	2	95	261	6	167	2.21e-48	170
Hemirufe	CP@TRINITY_DN6521_c0_g1::CP@TRINITY_DN6521_c0_g1_i1::g.19905::m.19905	54.930	142	60	1	927	1064	134	275	3.54e-42	156
Symbmicr	CP@TRINITY_DN1288_c1_g1::CP@TRINITY_DN1288_c1_g1_i8::g.32812::m.32812	36.501	926	496	19	30	906	19	901	1.98e-174	551
Oxyrmari	CP@TRINITY_DN1288_c1_g1::CP@TRINITY_DN1288_c1_g1_i8::g.32812::m.32812	43.165	278	157	1	280	557	628	904	3.63e-66	245
HemaVICK	CP@TRINITY_DN1288_c1_g1::CP@TRINITY_DN1288_c1_g1_i8::g.32812::m.32812	38.161	794	441	14	237	1021	229	981	1.50e-139	471
Colpangu	CP@TRINITY_DN1288_c1_g1::CP@TRINITY_DN1288_c1_g1_i8::g.32812::m.32812	37.526	485	282	8	24	500	229	700	1.93e-92	308
Colpangu	CP@TRINITY_DN36262_c0_g1::CP@TRINITY_DN36262_c0_g1_i1::g.37714::m.37714	48.387	155	75	2	19	168	13	167	1.08e-41	147
Vitrbras	CP@TRINITY_DN1288_c1_g1::CP@TRINITY_DN1288_c1_g1_i8::g.32812::m.32812	35.211	923	543	13	40	939	20	910	5.38e-175	575
Vitrbras	CP@TRINITY_DN36262_c0_g1::CP@TRINITY_DN36262_c0_g1_i1::g.37714::m.37714	50.633	158	73	2	241	394	11	167	1.03e-45	162
Gregniph	CP@TRINITY_DN1288_c1_g1::CP@TRINITY_DN1288_c1_g1_i8::g.32812::m.32812	33.968	945	534	22	21	926	19	912	1.18e-145	495
Plasfalc	CP@TRINITY_DN1288_c1_g1::CP@TRINITY_DN1288_c1_g1_i8::g.32812::m.32812	41.564	486	270	5	540	1024	438	910	6.47e-109	387
Plasfalc	CP@TRINITY_DN1288_c1_g1::CP@TRINITY_DN1288_c1_g1_i8::g.32812::m.32812	31.075	428	257	9	34	428	19	441	3.05e-50	197
ChrysoH2	CP@TRINITY_DN1288_c1_g1::CP@TRINITY_DN1288_c1_g1_i8::g.32812::m.32812	41.219	689	380	7	198	866	228	911	3.08e-155	512
ChrysoH2	CP@TRINITY_DN36262_c0_g1::CP@TRINITY_DN36262_c0_g1_i1::g.37714::m.37714	50.898	167	80	2	184	349	2	167	5.98e-50	174
Thalpseu	CP@TRINITY_DN1288_c1_g1::CP@TRINITY_DN1288_c1_g1_i8::g.32812::m.32812	36.249	949	527	21	23	933	2	910	1.98e-169	553
Thalpseu	CP@TRINITY_DN6521_c0_g1::CP@TRINITY_DN6521_c0_g1_i1::g.19905::m.19905	58.333	144	56	2	1025	1164	132	275	3.13e-44	162
EctocSP7	CP@TRINITY_DN1288_c1_g1::CP@TRINITY_DN1288_c1_g1_i8::g.32812::m.32812	35.336	1531	848	35	60	1507	18	1489	0.0	785
EctocSP7	CP@TRINITY_DN36262_c0_g1::CP@TRINITY_DN36262_c0_g1_i1::g.37714::m.37714	55.828	163	71	1	256	418	6	167	1.93e-49	173
EctocSP7	CP@TRINITY_DN6521_c0_g1::CP@TRINITY_DN6521_c0_g1_i1::g.19905::m.19905	53.595	153	63	3	1105	1253	127	275	1.42e-41	154
Phytpara	CP@TRINITY_DN1288_c1_g1::CP@TRINITY_DN1288_c1_g1_i8::g.32812::m.32812	38.335	913	525	18	29	924	19	910	0.0	598
Phytpara	CP@TRINITY_DN1288_c1_g1::CP@TRINITY_DN1288_c1_g1_i8::g.32812::m.32812	33.575	414	238	8	1139	1516	1071	1483	5.64e-46	182
Phytpara	CP@TRINITY_DN36262_c0_g1::CP@TRINITY_DN36262_c0_g1_i1::g.37714::m.37714	52.147	163	77	1	220	382	6	167	3.00e-47	167
Phytpara	CP@TRINITY_DN6521_c0_g1::CP@TRINITY_DN6521_c0_g1_i1::g.19905::m.19905	55.844	154	62	2	1129	1278	124	275	2.21e-43	160
MAST004E	CP@TRINITY_DN1288_c1_g1::CP@TRINITY_DN1288_c1_g1_i8::g.32812::m.32812	34.545	660	320	11	160	709	256	913	1.44e-100	351
MAST004E	CP@TRINITY_DN6521_c0_g1::CP@TRINITY_DN6521_c0_g1_i1::g.19905::m.19905	54.795	146	62	1	760	901	130	275	2.40e-42	156
MAST04A1	CP@TRINITY_DN1288_c1_g1::CP@TRINITY_DN1288_c1_g1_i8::g.32812::m.32812	32.925	899	445	21	15	766	18	905	2.68e-125	426
MAST04A1	CP@TRINITY_DN6521_c0_g1::CP@TRINITY_DN6521_c0_g1_i1::g.19905::m.19905	50.296	169	77	2	847	1011	110	275	1.20e-42	157
MAST04A2	CP@TRINITY_DN1288_c1_g1::CP@TRINITY_DN1288_c1_g1_i8::g.32812::m.32812	36.690	864	496	17	12	855	73	905	1.08e-157	521
MAST04A2	CP@TRINITY_DN6521_c0_g1::CP@TRINITY_DN6521_c0_g1_i1::g.19905::m.19905	54.054	148	64	1	996	1139	128	275	1.80e-42	157
MAST004C	CP@TRINITY_DN1288_c1_g1::CP@TRINITY_DN1288_c1_g1_i8::g.32812::m.32812	32.945	686	313	17	157	704	229	905	5.07e-87	310
MAST004C	CP@TRINITY_DN6521_c0_g1::CP@TRINITY_DN6521_c0_g1_i1::g.19905::m.19905	51.744	172	77	2	767	934	106	275	1.55e-45	166
BicoCB20	CP@TRINITY_DN1288_c1_g1::CP@TRINITY_DN1288_c1_g1_i8::g.32812::m.32812	41.970	467	258	4	2	467	459	913	4.32e-109	374
BicoCB20	CP@TRINITY_DN1288_c1_g1::CP@TRINITY_DN1288_c1_g1_i8::g.32812::m.32812	34.689	418	237	6	655	1041	1071	1483	3.56e-56	213
MAST003F	CP@TRINITY_DN1288_c1_g1::CP@TRINITY_DN1288_c1_g1_i8::g.32812::m.32812	30.691	883	412	19	4	699	36	905	2.20e-102	357
MAST003A	CP@TRINITY_DN1288_c1_g1::CP@TRINITY_DN1288_c1_g1_i8::g.32812::m.32812	34.010	591	298	9	208	714	348	930	1.49e-86	308
Nephpyri	CP@TRINITY_DN1288_c1_g1::CP@TRINITY_DN1288_c1_g1_i8::g.32812::m.32812	37.931	928	506	15	32	924	18	910	0.0	584
Nephpyri	CP@TRINITY_DN6521_c0_g1::CP@TRINITY_DN6521_c0_g1_i1::g.19905::m.19905	60.839	143	52	1	1028	1166	133	275	9.56e-48	172
Nephpyri	CP@TRINITY_DN36262_c0_g1::CP@TRINITY_DN36262_c0_g1_i1::g.37714::m.37714	53.659	164	70	4	222	382	7	167	1.01e-45	162
Prascaps	CP@TRINITY_DN1288_c1_g1::CP@TRINITY_DN1288_c1_g1_i8::g.32812::m.32812	47.660	235	121	2	1	234	691	924	1.74e-59	218
Chlarein	CP@TRINITY_DN36262_c0_g1::CP@TRINITY_DN36262_c0_g1_i1::g.37714::m.37714	52.976	168	74	3	463	626	1	167	1.13e-48	170
Dunasali	CP@TRINITY_DN1288_c1_g1::CP@TRINITY_DN1288_c1_g1_i8::g.32812::m.32812	38.398	362	215	3	4	365	552	905	5.35e-68	247
Tetrasti	CP@TRINITY_DN1288_c1_g1::CP@TRINITY_DN1288_c1_g1_i8::g.32812::m.32812	40.385	416	231	7	1	412	508	910	1.28e-86	303
Mesoviri	CP@TRINITY_DN1288_c1_g1::CP@TRINITY_DN1288_c1_g1_i8::g.32812::m.32812	37.797	926	530	17	25	926	19	922	0.0	586
Mesoviri	CP@TRINITY_DN36262_c0_g1::CP@TRINITY_DN36262_c0_g1_i1::g.37714::m.37714	52.695	167	74	3	210	373	3	167	6.97e-48	168
Charbrau	CP@TRINITY_DN1288_c1_g1::CP@TRINITY_DN1288_c1_g1_i8::g.32812::m.32812	37.477	555	328	9	418	958	60	609	2.53e-99	354
Charbrau	CP@TRINITY_DN1288_c1_g1::CP@TRINITY_DN1288_c1_g1_i8::g.32812::m.32812	56.831	183	79	0	991	1173	733	915	6.59e-56	215
Charbrau	CP@TRINITY_DN36262_c0_g1::CP@TRINITY_DN36262_c0_g1_i1::g.37714::m.37714	52.439	164	73	3	565	725	6	167	1.30e-46	165
Charbrau	CP@TRINITY_DN6521_c0_g1::CP@TRINITY_DN6521_c0_g1_i1::g.19905::m.19905	52.747	182	77	4	1239	1411	94	275	2.70e-46	168
Arabthal	CP@TRINITY_DN1288_c1_g1::CP@TRINITY_DN1288_c1_g1_i8::g.32812::m.32812	36.797	943	512	23	22	931	19	910	4.31e-166	543
Prassing	CP@TRINITY_DN1288_c1_g1::CP@TRINITY_DN1288_c1_g1_i8::g.32812::m.32812	34.969	815	443	20	1	752	693	1483	1.43e-118	394
Prassing	CP@TRINITY_DN6521_c0_g1::CP@TRINITY_DN6521_c0_g1_i1::g.19905::m.19905	59.441	143	54	1	378	516	133	275	5.65e-43	157
Pyrapark	CP@TRINITY_DN1288_c1_g1::CP@TRINITY_DN1288_c1_g1_i8::g.32812::m.32812	62.651	166	62	0	1	166	745	910	1.35e-60	219
Pyrapark	CP@TRINITY_DN6521_c0_g1::CP@TRINITY_DN6521_c0_g1_i1::g.19905::m.19905	58.741	143	55	1	257	395	133	275	1.83e-45	162
TeloneP2	CP@TRINITY_DN1288_c1_g1::CP@TRINITY_DN1288_c1_g1_i8::g.32812::m.32812	32.067	895	465	23	20	811	629	1483	9.24e-117	390
TeloneP2	CP@TRINITY_DN6521_c0_g1::CP@TRINITY_DN6521_c0_g1_i1::g.19905::m.19905	53.691	149	65	1	449	593	127	275	3.83e-42	155
Telosubt	CP@TRINITY_DN1288_c1_g1::CP@TRINITY_DN1288_c1_g1_i8::g.32812::m.32812	37.009	916	539	14	31	929	18	912	7.30e-180	583
Telosubt	CP@TRINITY_DN6521_c0_g1::CP@TRINITY_DN6521_c0_g1_i1::g.19905::m.19905	55.172	145	61	1	1079	1219	131	275	1.34e-41	154
Gephhuxl	CP@TRINITY_DN1288_c1_g1::CP@TRINITY_DN1288_c1_g1_i8::g.32812::m.32812	34.783	966	480	21	22	894	19	927	5.71e-145	484
Gephhuxl	CP@TRINITY_DN6521_c0_g1::CP@TRINITY_DN6521_c0_g1_i1::g.19905::m.19905	64.844	128	41	2	972	1095	148	275	5.65e-43	158
Calclept	CP@TRINITY_DN1288_c1_g1::CP@TRINITY_DN1288_c1_g1_i8::g.32812::m.32812	40.000	475	270	5	29	503	453	912	6.48e-104	357
Thectrah	CP@TRINITY_DN1288_c1_g1::CP@TRINITY_DN1288_c1_g1_i8::g.32812::m.32812	34.458	1512	825	33	32	1414	19	1493	0.0	777
Nemavect	CP@TRINITY_DN1288_c1_g1::CP@TRINITY_DN1288_c1_g1_i8::g.32812::m.32812	37.400	1000	532	16	211	1134	222	1203	0.0	613
Nemavect	CP@TRINITY_DN36262_c0_g1::CP@TRINITY_DN36262_c0_g1_i1::g.37714::m.37714	54.487	156	70	1	213	368	13	167	6.36e-48	169
Nemavect	CP@TRINITY_DN6521_c0_g1::CP@TRINITY_DN6521_c0_g1_i1::g.19905::m.19905	57.534	146	58	1	1002	1143	130	275	1.82e-43	160
Homosapi	CP@TRINITY_DN1288_c1_g1::CP@TRINITY_DN1288_c1_g1_i8::g.32812::m.32812	34.880	1207	659	26	13	1124	18	1192	0.0	652
Homosapi	CP@TRINITY_DN36262_c0_g1::CP@TRINITY_DN36262_c0_g1_i1::g.37714::m.37714	57.051	156	66	1	213	368	13	167	7.95e-51	177
Homosapi	CP@TRINITY_DN6521_c0_g1::CP@TRINITY_DN6521_c0_g1_i1::g.19905::m.19905	56.376	149	61	1	1000	1144	127	275	2.57e-44	162
Parvatla	CP@TRINITY_DN1288_c1_g1::CP@TRINITY_DN1288_c1_g1_i8::g.32812::m.32812	37.534	365	216	6	1	363	508	862	1.02e-70	248
Batrdend	CP@TRINITY_DN1288_c1_g1::CP@TRINITY_DN1288_c1_g1_i8::g.32812::m.32812	38.015	947	493	22	17	928	23	910	0.0	593
Batrdend	CP@TRINITY_DN36262_c0_g1::CP@TRINITY_DN36262_c0_g1_i1::g.37714::m.37714	55.215	163	70	2	205	366	7	167	1.31e-53	185
Batrdend	CP@TRINITY_DN6521_c0_g1::CP@TRINITY_DN6521_c0_g1_i1::g.19905::m.19905	60.000	150	53	3	1014	1163	133	275	5.26e-47	170
Mitodaph	CP@TRINITY_DN1288_c1_g1::CP@TRINITY_DN1288_c1_g1_i8::g.32812::m.32812	37.421	946	514	18	12	928	18	914	1.74e-179	582
Mitodaph	CP@TRINITY_DN36262_c0_g1::CP@TRINITY_DN36262_c0_g1_i1::g.37714::m.37714	62.264	159	57	3	216	373	11	167	7.10e-57	194
Mitodaph	CP@TRINITY_DN6521_c0_g1::CP@TRINITY_DN6521_c0_g1_i1::g.19905::m.19905	58.108	148	58	2	992	1135	128	275	1.26e-42	157
Parasacc	CP@TRINITY_DN1288_c1_g1::CP@TRINITY_DN1288_c1_g1_i8::g.32812::m.32812	37.419	922	528	15	428	1329	18	910	0.0	608
Parasacc	CP@TRINITY_DN36262_c0_g1::CP@TRINITY_DN36262_c0_g1_i1::g.37714::m.37714	59.394	165	63	3	619	782	6	167	1.23e-57	197
Parasacc	CP@TRINITY_DN6521_c0_g1::CP@TRINITY_DN6521_c0_g1_i1::g.19905::m.19905	59.211	152	58	1	1409	1556	124	275	8.28e-48	172
Rozeallo	CP@TRINITY_DN1288_c1_g1::CP@TRINITY_DN1288_c1_g1_i8::g.32812::m.32812	37.885	908	513	18	1	880	28	912	7.42e-178	574
Rozeallo	CP@TRINITY_DN36262_c0_g1::CP@TRINITY_DN36262_c0_g1_i1::g.37714::m.37714	55.828	163	71	1	187	349	6	167	2.51e-56	192
Rozeallo	CP@TRINITY_DN6521_c0_g1::CP@TRINITY_DN6521_c0_g1_i1::g.19905::m.19905	58.553	152	53	2	959	1103	127	275	1.41e-46	169
Sacccere	CP@TRINITY_DN1288_c1_g1::CP@TRINITY_DN1288_c1_g1_i8::g.32812::m.32812	36.998	946	514	21	11	927	18	910	4.64e-176	573
Sacccere	CP@TRINITY_DN36262_c0_g1::CP@TRINITY_DN36262_c0_g1_i1::g.37714::m.37714	54.386	171	69	3	210	380	6	167	5.96e-52	180
Sacccere	CP@TRINITY_DN6521_c0_g1::CP@TRINITY_DN6521_c0_g1_i1::g.19905::m.19905	55.034	149	63	1	1056	1200	127	275	1.35e-44	163
Pigoviet	CP@TRINITY_DN1288_c1_g1::CP@TRINITY_DN1288_c1_g1_i8::g.32812::m.32812	57.055	163	69	1	1	163	749	910	7.88e-53	198
Pigoviet	CP@TRINITY_DN6521_c0_g1::CP@TRINITY_DN6521_c0_g1_i1::g.19905::m.19905	58.940	151	58	1	311	457	125	275	1.36e-48	172
Pigoviet	CP@TRINITY_DN25748_c0_g1::CP@TRINITY_DN25748_c0_g1_i1::g.59254::m.59254	69.307	101	31	0	589	689	1	101	1.76e-41	146
Capsowcz	CP@TRINITY_DN1288_c1_g1::CP@TRINITY_DN1288_c1_g1_i8::g.32812::m.32812	32.969	1556	842	36	12	1441	18	1498	0.0	724
Capsowcz	CP@TRINITY_DN36262_c0_g1::CP@TRINITY_DN36262_c0_g1_i1::g.37714::m.37714	56.287	167	64	5	204	366	6	167	7.98e-49	171
Coralima	CP@TRINITY_DN1288_c1_g1::CP@TRINITY_DN1288_c1_g1_i8::g.32812::m.32812	34.167	1519	808	31	12	1380	18	1494	0.0	782
Coralima	CP@TRINITY_DN36262_c0_g1::CP@TRINITY_DN36262_c0_g1_i1::g.37714::m.37714	52.761	163	76	1	204	366	6	167	1.05e-50	176
Coralima	CP@TRINITY_DN6521_c0_g1::CP@TRINITY_DN6521_c0_g1_i1::g.19905::m.19905	55.479	146	61	1	1011	1152	130	275	4.54e-41	153
Sphadest	CP@TRINITY_DN1288_c1_g1::CP@TRINITY_DN1288_c1_g1_i8::g.32812::m.32812	38.194	919	517	14	13	907	19	910	0.0	627
Sphadest	CP@TRINITY_DN36262_c0_g1::CP@TRINITY_DN36262_c0_g1_i1::g.37714::m.37714	56.707	164	69	2	203	366	6	167	1.25e-52	182
Sphadest	CP@TRINITY_DN6521_c0_g1::CP@TRINITY_DN6521_c0_g1_i1::g.19905::m.19905	57.692	156	62	1	1054	1205	120	275	3.45e-46	167
Syssmult	CP@TRINITY_DN1288_c1_g1::CP@TRINITY_DN1288_c1_g1_i8::g.32812::m.32812	34.114	1495	834	31	12	1379	18	1488	0.0	764
Syssmult	CP@TRINITY_DN36262_c0_g1::CP@TRINITY_DN36262_c0_g1_i1::g.37714::m.37714	53.704	162	75	0	201	362	6	167	1.43e-51	179
Syssmult	CP@TRINITY_DN6521_c0_g1::CP@TRINITY_DN6521_c0_g1_i1::g.19905::m.19905	42.913	254	120	5	927	1155	22	275	1.16e-48	175
Monobrev	CP@TRINITY_DN1288_c1_g1::CP@TRINITY_DN1288_c1_g1_i8::g.32812::m.32812	35.637	926	535	18	13	910	18	910	3.09e-169	553
Creofrag	CP@TRINITY_DN1288_c1_g1::CP@TRINITY_DN1288_c1_g1_i8::g.32812::m.32812	33.447	1178	672	25	13	1124	18	1149	0.0	606
ChoanoFB	CP@TRINITY_DN6521_c0_g1::CP@TRINITY_DN6521_c0_g1_i1::g.19905::m.19905	55.944	143	59	1	183	321	133	275	1.49e-43	155
Raphhete	CP@TRINITY_DN1288_c1_g1::CP@TRINITY_DN1288_c1_g1_i8::g.32812::m.32812	33.090	1508	830	30	20	1382	10	1483	0.0	726
Raphhete	CP@TRINITY_DN36262_c0_g1::CP@TRINITY_DN36262_c0_g1_i1::g.37714::m.37714	57.055	163	68	2	218	379	6	167	7.08e-50	174
Raphhete	CP@TRINITY_DN6521_c0_g1::CP@TRINITY_DN6521_c0_g1_i1::g.19905::m.19905	58.333	144	56	1	1026	1165	132	275	4.60e-46	167
Rainerin	CP@TRINITY_DN1288_c1_g1::CP@TRINITY_DN1288_c1_g1_i8::g.32812::m.32812	40.254	472	268	6	1	470	372	831	1.21e-107	350
Styginca	CP@TRINITY_DN1288_c1_g1::CP@TRINITY_DN1288_c1_g1_i8::g.32812::m.32812	34.884	1505	814	30	21	1397	19	1485	0.0	773
Styginca	CP@TRINITY_DN36262_c0_g1::CP@TRINITY_DN36262_c0_g1_i1::g.37714::m.37714	51.534	163	78	1	210	372	6	167	4.17e-46	163
Andagodo	CP@TRINITY_DN1288_c1_g1::CP@TRINITY_DN1288_c1_g1_i8::g.32812::m.32812	35.463	1221	684	24	23	1171	19	1207	0.0	668
Andagodo	CP@TRINITY_DN6521_c0_g1::CP@TRINITY_DN6521_c0_g1_i1::g.19905::m.19905	52.571	175	78	2	1006	1175	100	274	6.36e-47	170
Andagodo	CP@TRINITY_DN36262_c0_g1::CP@TRINITY_DN36262_c0_g1_i1::g.37714::m.37714	49.704	169	83	2	217	385	1	167	5.37e-46	163
Naeggrub	CP@TRINITY_DN1288_c1_g1::CP@TRINITY_DN1288_c1_g1_i8::g.32812::m.32812	37.565	961	559	16	25	964	16	956	0.0	611
Naeggrub	CP@TRINITY_DN6521_c0_g1::CP@TRINITY_DN6521_c0_g1_i1::g.19905::m.19905	44.156	231	113	5	940	1169	60	275	3.48e-46	167
Naeggrub	CP@TRINITY_DN36262_c0_g1::CP@TRINITY_DN36262_c0_g1_i1::g.37714::m.37714	51.948	154	73	1	230	382	14	167	5.85e-46	163
Parapyri	CP@TRINITY_DN1288_c1_g1::CP@TRINITY_DN1288_c1_g1_i8::g.32812::m.32812	43.324	704	386	8	90	792	219	910	8.88e-179	563
Parapyri	CP@TRINITY_DN36262_c0_g1::CP@TRINITY_DN36262_c0_g1_i1::g.37714::m.37714	55.975	159	69	1	92	250	10	167	7.19e-54	184
Monoexil	CP@TRINITY_DN1288_c1_g1::CP@TRINITY_DN1288_c1_g1_i8::g.32812::m.32812	37.164	931	519	12	8	908	19	913	1.93e-176	582
Monoexil	CP@TRINITY_DN36262_c0_g1::CP@TRINITY_DN36262_c0_g1_i1::g.37714::m.37714	53.374	163	74	2	197	358	6	167	8.63e-49	171
Galdphle	CP@TRINITY_DN1288_c1_g1::CP@TRINITY_DN1288_c1_g1_i8::g.32812::m.32812	37.299	933	533	15	27	948	19	910	0.0	588
Galdphle	CP@TRINITY_DN36262_c0_g1::CP@TRINITY_DN36262_c0_g1_i1::g.37714::m.37714	57.055	163	69	1	233	395	6	167	2.26e-55	190
Galdphle	CP@TRINITY_DN6521_c0_g1::CP@TRINITY_DN6521_c0_g1_i1::g.19905::m.19905	52.410	166	74	2	1031	1191	110	275	3.06e-44	162
Porppurp	CP@TRINITY_DN1288_c1_g1::CP@TRINITY_DN1288_c1_g1_i8::g.32812::m.32812	33.927	1571	880	39	40	1553	18	1487	0.0	721
Porppurp	CP@TRINITY_DN36262_c0_g1::CP@TRINITY_DN36262_c0_g1_i1::g.37714::m.37714	50.857	175	73	2	252	426	6	167	1.05e-46	165
Gracchor	CP@TRINITY_DN1288_c1_g1::CP@TRINITY_DN1288_c1_g1_i8::g.32812::m.32812	37.307	973	527	19	40	993	14	922	3.88e-180	583
Gracchor	CP@TRINITY_DN36262_c0_g1::CP@TRINITY_DN36262_c0_g1_i1::g.37714::m.37714	53.374	163	75	1	245	407	6	167	2.78e-49	172
Paraconf	CP@TRINITY_DN1288_c1_g1::CP@TRINITY_DN1288_c1_g1_i8::g.32812::m.32812	31.331	1548	900	35	52	1509	12	1486	0.0	641
Trypbruc	CP@TRINITY_DN1288_c1_g1::CP@TRINITY_DN1288_c1_g1_i8::g.32812::m.32812	36.114	947	530	22	26	938	19	924	6.45e-156	519
Leptpyrr	CP@TRINITY_DN1288_c1_g1::CP@TRINITY_DN1288_c1_g1_i8::g.32812::m.32812	34.642	993	564	22	21	966	19	973	9.59e-162	536
Leismajo	CP@TRINITY_DN1288_c1_g1::CP@TRINITY_DN1288_c1_g1_i8::g.32812::m.32812	31.760	1568	879	38	21	1493	19	1490	0.0	671
Dictdisc	CP@TRINITY_DN1288_c1_g1::CP@TRINITY_DN1288_c1_g1_i8::g.32812::m.32812	37.527	922	519	15	12	903	18	912	0.0	605
Dictdisc	CP@TRINITY_DN36262_c0_g1::CP@TRINITY_DN36262_c0_g1_i1::g.37714::m.37714	55.828	163	70	2	200	361	6	167	2.76e-52	181
Dictdisc	CP@TRINITY_DN6521_c0_g1::CP@TRINITY_DN6521_c0_g1_i1::g.19905::m.19905	58.904	146	56	1	1073	1214	130	275	2.96e-45	165
Physpoly	CP@TRINITY_DN1288_c1_g1::CP@TRINITY_DN1288_c1_g1_i8::g.32812::m.32812	34.375	1504	808	32	39	1401	18	1483	0.0	767
Physpoly	CP@TRINITY_DN36262_c0_g1::CP@TRINITY_DN36262_c0_g1_i1::g.37714::m.37714	55.758	165	72	1	224	388	4	167	8.66e-54	185
Physpoly	CP@TRINITY_DN6521_c0_g1::CP@TRINITY_DN6521_c0_g1_i1::g.19905::m.19905	41.410	227	125	3	966	1184	49	275	1.04e-44	163
Protfung	CP@TRINITY_DN1288_c1_g1::CP@TRINITY_DN1288_c1_g1_i8::g.32812::m.32812	38.907	915	522	15	44	943	18	910	0.0	620
Protfung	CP@TRINITY_DN1288_c1_g1::CP@TRINITY_DN1288_c1_g1_i8::g.32812::m.32812	28.733	529	288	12	939	1406	983	1483	7.71e-48	188
Protfung	CP@TRINITY_DN6521_c0_g1::CP@TRINITY_DN6521_c0_g1_i1::g.19905::m.19905	37.692	260	124	6	964	1186	17	275	2.70e-43	159
Acancast	CP@TRINITY_DN1288_c1_g1::CP@TRINITY_DN1288_c1_g1_i8::g.32812::m.32812	41.834	698	388	10	140	835	229	910	2.90e-161	526
Acancast	CP@TRINITY_DN36262_c0_g1::CP@TRINITY_DN36262_c0_g1_i1::g.37714::m.37714	48.765	162	82	1	129	290	7	167	6.68e-44	157
Saprdecl	CP@TRINITY_DN1288_c1_g1::CP@TRINITY_DN1288_c1_g1_i8::g.32812::m.32812	39.434	918	509	19	29	925	19	910	0.0	603
Saprdecl	CP@TRINITY_DN1288_c1_g1::CP@TRINITY_DN1288_c1_g1_i8::g.32812::m.32812	32.456	456	254	14	1097	1501	1042	1494	5.51e-46	182
Saprdecl	CP@TRINITY_DN36262_c0_g1::CP@TRINITY_DN36262_c0_g1_i1::g.37714::m.37714	53.165	158	73	1	226	383	11	167	6.09e-46	163
Albulaib	CP@TRINITY_DN1288_c1_g1::CP@TRINITY_DN1288_c1_g1_i8::g.32812::m.32812	37.844	909	535	15	34	929	19	910	0.0	592
Albulaib	CP@TRINITY_DN1288_c1_g1::CP@TRINITY_DN1288_c1_g1_i8::g.32812::m.32812	33.584	399	225	8	1163	1523	1087	1483	6.54e-46	182
Albulaib	CP@TRINITY_DN36262_c0_g1::CP@TRINITY_DN36262_c0_g1_i1::g.37714::m.37714	50.920	163	79	1	225	387	6	167	7.58e-46	162
Pythirre	CP@TRINITY_DN1288_c1_g1::CP@TRINITY_DN1288_c1_g1_i8::g.32812::m.32812	39.168	914	500	23	38	917	19	910	2.01e-179	584
Pythirre	CP@TRINITY_DN1288_c1_g1::CP@TRINITY_DN1288_c1_g1_i8::g.32812::m.32812	32.446	413	244	6	1142	1519	1071	1483	6.69e-47	186
Pythirre	CP@TRINITY_DN36262_c0_g1::CP@TRINITY_DN36262_c0_g1_i1::g.37714::m.37714	54.601	163	73	1	229	391	6	167	6.15e-49	171
Pythirre	CP@TRINITY_DN6521_c0_g1::CP@TRINITY_DN6521_c0_g1_i1::g.19905::m.19905	53.896	154	65	2	1132	1281	124	275	3.01e-43	159
Tribgaya	CP@TRINITY_DN1288_c1_g1::CP@TRINITY_DN1288_c1_g1_i8::g.32812::m.32812	34.646	1524	865	32	30	1480	18	1483	0.0	765
Tribgaya	CP@TRINITY_DN6521_c0_g1::CP@TRINITY_DN6521_c0_g1_i1::g.19905::m.19905	57.718	149	59	2	1090	1234	127	275	6.29e-45	164
Tribgaya	CP@TRINITY_DN36262_c0_g1::CP@TRINITY_DN36262_c0_g1_i1::g.37714::m.37714	49.080	163	82	1	225	387	6	167	9.68e-43	154
Pingpyre	CP@TRINITY_DN1288_c1_g1::CP@TRINITY_DN1288_c1_g1_i8::g.32812::m.32812	33.743	1547	848	36	13	1441	18	1505	0.0	740
Paheparv	CP@TRINITY_DN1288_c1_g1::CP@TRINITY_DN1288_c1_g1_i8::g.32812::m.32812	40.097	414	225	8	1	411	512	905	1.14e-83	296
Phaetric	CP@TRINITY_DN1288_c1_g1::CP@TRINITY_DN1288_c1_g1_i8::g.32812::m.32812	38.531	885	496	18	5	868	53	910	3.48e-175	565
Phaetric	CP@TRINITY_DN36262_c0_g1::CP@TRINITY_DN36262_c0_g1_i1::g.37714::m.37714	56.863	153	64	2	176	327	16	167	3.41e-46	163
Phaetric	CP@TRINITY_DN6521_c0_g1::CP@TRINITY_DN6521_c0_g1_i1::g.19905::m.19905	53.472	144	63	2	941	1080	132	275	2.87e-41	153
Fragcyli	CP@TRINITY_DN1288_c1_g1::CP@TRINITY_DN1288_c1_g1_i8::g.32812::m.32812	38.219	921	521	16	26	926	18	910	0.0	588
Psuemult	CP@TRINITY_DN1288_c1_g1::CP@TRINITY_DN1288_c1_g1_i8::g.32812::m.32812	38.816	912	528	16	32	932	18	910	1.86e-180	583
Octaspec	CP@TRINITY_DN1288_c1_g1::CP@TRINITY_DN1288_c1_g1_i8::g.32812::m.32812	37.446	932	524	14	20	931	18	910	7.03e-180	587
Octaspec	CP@TRINITY_DN36262_c0_g1::CP@TRINITY_DN36262_c0_g1_i1::g.37714::m.37714	54.167	168	75	2	208	374	1	167	2.07e-49	173
Flor1587	CP@TRINITY_DN1288_c1_g1::CP@TRINITY_DN1288_c1_g1_i8::g.32812::m.32812	34.234	1370	712	27	104	1371	229	1511	0.0	676
Flor1587	CP@TRINITY_DN36262_c0_g1::CP@TRINITY_DN36262_c0_g1_i1::g.37714::m.37714	49.724	181	76	3	87	266	1	167	2.99e-46	164
Rhiz1243	CP@TRINITY_DN1288_c1_g1::CP@TRINITY_DN1288_c1_g1_i8::g.32812::m.32812	35.664	858	478	17	19	859	18	818	1.61e-148	479
Rhiz1243	CP@TRINITY_DN36262_c0_g1::CP@TRINITY_DN36262_c0_g1_i1::g.37714::m.37714	49.444	180	73	2	213	392	6	167	2.53e-44	157
Pedi2098	CP@TRINITY_DN1288_c1_g1::CP@TRINITY_DN1288_c1_g1_i8::g.32812::m.32812	39.502	281	161	2	9	281	633	912	6.45e-56	209
Chryfrag	CP@TRINITY_DN1288_c1_g1::CP@TRINITY_DN1288_c1_g1_i8::g.32812::m.32812	43.254	756	404	11	266	1008	286	1029	0.0	604
Pela2097	CP@TRINITY_DN1288_c1_g1::CP@TRINITY_DN1288_c1_g1_i8::g.32812::m.32812	30.887	1049	600	22	1	995	508	1485	4.43e-133	442
Pela2097	CP@TRINITY_DN6521_c0_g1::CP@TRINITY_DN6521_c0_g1_i1::g.19905::m.19905	52.121	165	71	2	567	727	115	275	4.88e-45	164
Aureanop	CP@TRINITY_DN1288_c1_g1::CP@TRINITY_DN1288_c1_g1_i8::g.32812::m.32812	39.049	904	491	19	21	910	53	910	0.0	585
Pelacalc	CP@TRINITY_DN1288_c1_g1::CP@TRINITY_DN1288_c1_g1_i8::g.32812::m.32812	37.971	956	524	18	16	959	12	910	0.0	595
Pelasubv	CP@TRINITY_DN1288_c1_g1::CP@TRINITY_DN1288_c1_g1_i8::g.32812::m.32812	35.522	1264	677	28	86	1287	18	1205	0.0	661
Aurelagu	CP@TRINITY_DN1288_c1_g1::CP@TRINITY_DN1288_c1_g1_i8::g.32812::m.32812	38.574	687	340	15	2	682	252	862	6.42e-127	439
PoterBG1	CP@TRINITY_DN1288_c1_g1::CP@TRINITY_DN1288_c1_g1_i8::g.32812::m.32812	44.154	573	309	7	8	577	347	911	2.76e-144	476
Pedoelon	CP@TRINITY_DN1288_c1_g1::CP@TRINITY_DN1288_c1_g1_i8::g.32812::m.32812	38.335	913	528	15	15	910	18	912	0.0	609
Pedoelon	CP@TRINITY_DN36262_c0_g1::CP@TRINITY_DN36262_c0_g1_i1::g.37714::m.37714	53.333	165	76	1	205	369	4	167	1.15e-48	171
Cantmars	CP@TRINITY_DN1288_c1_g1::CP@TRINITY_DN1288_c1_g1_i8::g.32812::m.32812	37.284	928	530	12	12	920	11	905	4.65e-180	584
Cantmars	CP@TRINITY_DN1288_c1_g1::CP@TRINITY_DN1288_c1_g1_i8::g.32812::m.32812	33.656	413	229	10	1079	1447	1072	1483	5.25e-47	186
Caferoen	CP@TRINITY_DN1288_c1_g1::CP@TRINITY_DN1288_c1_g1_i8::g.32812::m.32812	41.643	718	387	9	160	869	216	909	7.90e-166	529
BlasS7SB	CP@TRINITY_DN1288_c1_g1::CP@TRINITY_DN1288_c1_g1_i8::g.32812::m.32812	36.044	910	541	13	5	889	37	930	5.84e-169	556
Wobbluna	CP@TRINITY_DN1288_c1_g1::CP@TRINITY_DN1288_c1_g1_i8::g.32812::m.32812	39.594	937	504	18	25	932	8	911	0.0	614
Wobbluna	CP@TRINITY_DN6521_c0_g1::CP@TRINITY_DN6521_c0_g1_i1::g.19905::m.19905	55.689	167	69	2	1066	1227	109	275	1.44e-46	169
Aplakerg	CP@TRINITY_DN1288_c1_g1::CP@TRINITY_DN1288_c1_g1_i8::g.32812::m.32812	37.949	946	522	17	35	967	18	911	0.0	592
Aplakerg	CP@TRINITY_DN6521_c0_g1::CP@TRINITY_DN6521_c0_g1_i1::g.19905::m.19905	39.394	297	132	10	975	1252	8	275	9.32e-42	155
Aplakerg	CP@TRINITY_DN36262_c0_g1::CP@TRINITY_DN36262_c0_g1_i1::g.37714::m.37714	45.833	168	90	1	228	395	1	167	7.07e-41	148
Auralima	CP@TRINITY_DN1288_c1_g1::CP@TRINITY_DN1288_c1_g1_i8::g.32812::m.32812	38.080	969	528	16	16	970	1	911	0.0	624
Auralima	CP@TRINITY_DN1288_c1_g1::CP@TRINITY_DN1288_c1_g1_i8::g.32812::m.32812	34.772	417	241	9	1118	1507	1071	1483	7.35e-52	202
Auralima	CP@TRINITY_DN6521_c0_g1::CP@TRINITY_DN6521_c0_g1_i1::g.19905::m.19905	52.047	171	69	3	1096	1257	109	275	2.36e-45	165
Schiaggr	CP@TRINITY_DN1288_c1_g1::CP@TRINITY_DN1288_c1_g1_i8::g.32812::m.32812	35.607	1525	840	36	19	1446	18	1497	0.0	783
ThraLLF1	CP@TRINITY_DN1288_c1_g1::CP@TRINITY_DN1288_c1_g1_i8::g.32812::m.32812	33.892	1552	870	30	47	1524	18	1487	0.0	766
Karebrev	CP@TRINITY_DN1288_c1_g1::CP@TRINITY_DN1288_c1_g1_i8::g.32812::m.32812	37.568	913	528	13	102	993	19	910	3.10e-171	563
Perkmari	CP@TRINITY_DN1288_c1_g1::CP@TRINITY_DN1288_c1_g1_i8::g.32812::m.32812	37.543	879	495	14	31	881	58	910	5.57e-168	556
Crypparv	CP@TRINITY_DN1288_c1_g1::CP@TRINITY_DN1288_c1_g1_i8::g.32812::m.32812	35.526	912	536	12	35	911	18	912	1.83e-159	535
Toxogond	CP@TRINITY_DN1288_c1_g1::CP@TRINITY_DN1288_c1_g1_i8::g.32812::m.32812	36.285	926	522	17	106	990	14	912	1.09e-158	531
Chroveli	CP@TRINITY_DN1288_c1_g1::CP@TRINITY_DN1288_c1_g1_i8::g.32812::m.32812	43.667	600	323	6	11	606	322	910	1.84e-144	489
Chroveli	CP@TRINITY_DN6521_c0_g1::CP@TRINITY_DN6521_c0_g1_i1::g.19905::m.19905	59.441	143	54	1	1085	1223	133	275	1.69e-43	160
Pirisoci	CP@TRINITY_DN1288_c1_g1::CP@TRINITY_DN1288_c1_g1_i8::g.32812::m.32812	39.244	344	197	2	4	347	587	918	6.47e-71	259
Chlorept	CP@TRINITY_DN1288_c1_g1::CP@TRINITY_DN1288_c1_g1_i8::g.32812::m.32812	36.997	919	519	15	43	934	20	905	8.40e-180	584
Chlorept	CP@TRINITY_DN6521_c0_g1::CP@TRINITY_DN6521_c0_g1_i1::g.19905::m.19905	55.556	144	60	1	1012	1151	132	275	6.09e-44	161
Chlorept	CP@TRINITY_DN36262_c0_g1::CP@TRINITY_DN36262_c0_g1_i1::g.37714::m.37714	47.239	163	81	2	237	394	5	167	5.44e-42	152
MatazaD1	CP@TRINITY_DN1288_c1_g1::CP@TRINITY_DN1288_c1_g1_i8::g.32812::m.32812	37.323	919	526	13	10	910	19	905	1.81e-177	575
MatazaD1	CP@TRINITY_DN36262_c0_g1::CP@TRINITY_DN36262_c0_g1_i1::g.37714::m.37714	52.727	165	76	2	198	361	4	167	1.62e-48	170
Idiovort	CP@TRINITY_DN1288_c1_g1::CP@TRINITY_DN1288_c1_g1_i8::g.32812::m.32812	38.972	934	516	20	64	974	10	912	0.0	598
Idiovort	CP@TRINITY_DN36262_c0_g1::CP@TRINITY_DN36262_c0_g1_i1::g.37714::m.37714	55.215	163	72	1	262	424	6	167	3.67e-50	174
Picosali	CP@TRINITY_DN1288_c1_g1::CP@TRINITY_DN1288_c1_g1_i8::g.32812::m.32812	37.766	940	507	14	45	946	18	917	0.0	600
Picosali	CP@TRINITY_DN1288_c1_g1::CP@TRINITY_DN1288_c1_g1_i8::g.32812::m.32812	32.847	411	220	9	1036	1390	1072	1482	2.41e-48	190
Picosali	CP@TRINITY_DN36262_c0_g1::CP@TRINITY_DN36262_c0_g1_i1::g.37714::m.37714	54.088	159	68	3	239	394	11	167	2.56e-47	167
Picosali	CP@TRINITY_DN6521_c0_g1::CP@TRINITY_DN6521_c0_g1_i1::g.19905::m.19905	56.164	146	60	1	1033	1174	130	275	5.23e-42	155
Physpate	CP@TRINITY_DN1288_c1_g1::CP@TRINITY_DN1288_c1_g1_i8::g.32812::m.32812	37.459	913	522	14	43	931	18	905	0.0	585
Physpate	CP@TRINITY_DN1288_c1_g1::CP@TRINITY_DN1288_c1_g1_i8::g.32812::m.32812	32.779	421	220	10	1037	1397	1072	1489	2.17e-49	193
Physpate	CP@TRINITY_DN6521_c0_g1::CP@TRINITY_DN6521_c0_g1_i1::g.19905::m.19905	42.231	251	106	7	964	1175	25	275	5.20e-45	164
Oryzsati	CP@TRINITY_DN1288_c1_g1::CP@TRINITY_DN1288_c1_g1_i8::g.32812::m.32812	36.598	929	507	20	22	904	18	910	1.71e-170	555
Micrpusl	CP@TRINITY_DN1288_c1_g1::CP@TRINITY_DN1288_c1_g1_i8::g.32812::m.32812	37.378	923	504	19	34	912	18	910	3.42e-173	568
Micrpusl	CP@TRINITY_DN1288_c1_g1::CP@TRINITY_DN1288_c1_g1_i8::g.32812::m.32812	33.183	443	248	11	1164	1563	1072	1509	8.82e-52	201
Micrpusl	CP@TRINITY_DN36262_c0_g1::CP@TRINITY_DN36262_c0_g1_i1::g.37714::m.37714	51.534	163	74	3	225	384	7	167	8.47e-46	162
Micrpusl	CP@TRINITY_DN6521_c0_g1::CP@TRINITY_DN6521_c0_g1_i1::g.19905::m.19905	57.343	143	57	1	1164	1302	133	275	7.50e-43	158
Ostrtaur	CP@TRINITY_DN1288_c1_g1::CP@TRINITY_DN1288_c1_g1_i8::g.32812::m.32812	39.209	936	512	22	21	926	4	912	0.0	613
Ostrtaur	CP@TRINITY_DN36262_c0_g1::CP@TRINITY_DN36262_c0_g1_i1::g.37714::m.37714	49.080	163	78	3	224	383	7	167	1.40e-43	156
Volvcart	CP@TRINITY_DN1288_c1_g1::CP@TRINITY_DN1288_c1_g1_i8::g.32812::m.32812	37.117	881	499	10	6	852	54	913	4.14e-167	546
Volvcart	CP@TRINITY_DN36262_c0_g1::CP@TRINITY_DN36262_c0_g1_i1::g.37714::m.37714	53.704	162	70	3	152	309	7	167	5.74e-48	169
Rhodemar	CP@TRINITY_DN1288_c1_g1::CP@TRINITY_DN1288_c1_g1_i8::g.32812::m.32812	34.551	1505	812	33	40	1406	18	1487	0.0	775
Rhodemar	CP@TRINITY_DN36262_c0_g1::CP@TRINITY_DN36262_c0_g1_i1::g.37714::m.37714	52.469	162	74	2	234	393	7	167	2.30e-48	170
Rhodemar	CP@TRINITY_DN6521_c0_g1::CP@TRINITY_DN6521_c0_g1_i1::g.19905::m.19905	60.274	146	54	1	1041	1182	130	275	6.55e-46	167
Compcoer	CP@TRINITY_DN1288_c1_g1::CP@TRINITY_DN1288_c1_g1_i8::g.32812::m.32812	37.604	960	509	17	81	1018	19	910	0.0	604
Compcoer	CP@TRINITY_DN1288_c1_g1::CP@TRINITY_DN1288_c1_g1_i8::g.32812::m.32812	34.901	404	200	8	1126	1470	1091	1490	4.90e-53	205
Compcoer	CP@TRINITY_DN36262_c0_g1::CP@TRINITY_DN36262_c0_g1_i1::g.37714::m.37714	58.537	164	66	2	305	468	6	167	4.70e-55	189
Rhodmacu	CP@TRINITY_DN1288_c1_g1::CP@TRINITY_DN1288_c1_g1_i8::g.32812::m.32812	32.146	1039	507	25	2	905	508	1483	1.16e-133	441
Rhodmari	CP@TRINITY_DN1288_c1_g1::CP@TRINITY_DN1288_c1_g1_i8::g.32812::m.32812	37.994	937	515	19	31	943	18	912	0.0	597
Rhodmari	CP@TRINITY_DN36262_c0_g1::CP@TRINITY_DN36262_c0_g1_i1::g.37714::m.37714	51.534	163	78	1	224	386	6	167	1.91e-48	170
Galdsulp	CP@TRINITY_DN1288_c1_g1::CP@TRINITY_DN1288_c1_g1_i8::g.32812::m.32812	39.140	930	511	19	24	936	19	910	0.0	610
Galdsulp	CP@TRINITY_DN36262_c0_g1::CP@TRINITY_DN36262_c0_g1_i1::g.37714::m.37714	57.669	163	68	1	216	378	6	167	1.02e-55	191
Cyanmero	CP@TRINITY_DN1288_c1_g1::CP@TRINITY_DN1288_c1_g1_i8::g.32812::m.32812	37.451	1012	573	17	497	1480	229	1208	0.0	605
Cyanmero	CP@TRINITY_DN36262_c0_g1::CP@TRINITY_DN36262_c0_g1_i1::g.37714::m.37714	51.974	152	71	2	496	646	17	167	8.59e-43	154
Gratturu	CP@TRINITY_DN1288_c1_g1::CP@TRINITY_DN1288_c1_g1_i8::g.32812::m.32812	32.101	1542	837	46	3	1412	19	1482	0.0	621
Gratturu	CP@TRINITY_DN36262_c0_g1::CP@TRINITY_DN36262_c0_g1_i1::g.37714::m.37714	55.828	163	70	2	209	370	6	167	6.79e-51	177
Choncris	CP@TRINITY_DN1288_c1_g1::CP@TRINITY_DN1288_c1_g1_i8::g.32812::m.32812	38.952	878	485	19	30	880	57	910	5.94e-180	580
Choncris	CP@TRINITY_DN36262_c0_g1::CP@TRINITY_DN36262_c0_g1_i1::g.37714::m.37714	54.839	155	69	1	186	340	14	167	7.21e-49	171
Gloewitr	CP@TRINITY_DN1288_c1_g1::CP@TRINITY_DN1288_c1_g1_i8::g.32812::m.32812	36.198	989	578	15	18	989	18	970	0.0	573
Gloewitr	CP@TRINITY_DN36262_c0_g1::CP@TRINITY_DN36262_c0_g1_i1::g.37714::m.37714	55.488	164	69	3	210	371	6	167	3.29e-48	169
Cyanpara	CP@TRINITY_DN1288_c1_g1::CP@TRINITY_DN1288_c1_g1_i8::g.32812::m.32812	45.455	286	153	3	1	285	629	912	7.63e-67	243
Cyanpara	CP@TRINITY_DN6521_c0_g1::CP@TRINITY_DN6521_c0_g1_i1::g.19905::m.19905	59.155	142	54	1	461	598	134	275	1.32e-44	162
Flecnera	CP@TRINITY_DN1288_c1_g1::CP@TRINITY_DN1288_c1_g1_i8::g.32812::m.32812	33.267	1518	885	33	15	1447	9	1483	0.0	694
Diplambu	CP@TRINITY_DN1288_c1_g1::CP@TRINITY_DN1288_c1_g1_i8::g.32812::m.32812	34.430	1246	706	26	303	1472	279	1489	0.0	627
Neobdesi	CP@TRINITY_DN1288_c1_g1::CP@TRINITY_DN1288_c1_g1_i8::g.32812::m.32812	31.316	1504	837	29	21	1367	20	1484	0.0	666
Pavl2436	CP@TRINITY_DN1288_c1_g1::CP@TRINITY_DN1288_c1_g1_i8::g.32812::m.32812	38.126	918	522	13	25	921	18	910	0.0	605
Pavl2436	CP@TRINITY_DN36262_c0_g1::CP@TRINITY_DN36262_c0_g1_i1::g.37714::m.37714	52.761	163	75	2	215	376	6	167	1.25e-47	167
Chrycart	CP@TRINITY_DN1288_c1_g1::CP@TRINITY_DN1288_c1_g1_i8::g.32812::m.32812	39.437	710	400	11	120	818	222	912	8.41e-148	495
Chrycart	CP@TRINITY_DN6521_c0_g1::CP@TRINITY_DN6521_c0_g1_i1::g.19905::m.19905	57.343	143	57	1	1027	1165	133	275	2.47e-41	154
Guttvulg	CP@TRINITY_DN1288_c1_g1::CP@TRINITY_DN1288_c1_g1_i8::g.32812::m.32812	37.972	1588	813	32	272	1837	170	1607	0.0	946
Guttvulg	CP@TRINITY_DN36262_c0_g1::CP@TRINITY_DN36262_c0_g1_i1::g.37714::m.37714	54.938	162	73	0	324	485	6	167	4.99e-52	181
Giarlamb	CP@TRINITY_DN1288_c1_g1::CP@TRINITY_DN1288_c1_g1_i8::g.32812::m.32812	34.073	496	283	5	673	1168	459	910	5.55e-79	290
Carpmemb	CP@TRINITY_DN1288_c1_g1::CP@TRINITY_DN1288_c1_g1_i8::g.32812::m.32812	36.141	938	527	17	18	928	18	910	7.97e-163	538
Carpmemb	CP@TRINITY_DN6521_c0_g1::CP@TRINITY_DN6521_c0_g1_i1::g.19905::m.19905	48.851	174	77	3	1088	1255	108	275	2.09e-42	157
Mantplas	CP@TRINITY_DN1288_c1_g1::CP@TRINITY_DN1288_c1_g1_i8::g.32812::m.32812	35.266	1276	709	27	6	1229	277	1487	0.0	674
Gefiokel	CP@TRINITY_DN1288_c1_g1::CP@TRINITY_DN1288_c1_g1_i8::g.32812::m.32812	38.738	919	490	14	63	934	18	910	0.0	602
Gefiokel	CP@TRINITY_DN6521_c0_g1::CP@TRINITY_DN6521_c0_g1_i1::g.19905::m.19905	42.308	234	126	4	951	1177	44	275	5.56e-45	164
Gefiokel	CP@TRINITY_DN36262_c0_g1::CP@TRINITY_DN36262_c0_g1_i1::g.37714::m.37714	50.000	168	75	2	227	392	7	167	2.77e-44	158
Cochminu	CP@TRINITY_DN1288_c1_g1::CP@TRINITY_DN1288_c1_g1_i8::g.32812::m.32812	33.012	1036	564	21	1	919	460	1482	8.32e-161	515
Cochminu	CP@TRINITY_DN6521_c0_g1::CP@TRINITY_DN6521_c0_g1_i1::g.19905::m.19905	41.453	234	111	6	487	699	47	275	2.62e-42	155
Veximinu	CP@TRINITY_DN1288_c1_g1::CP@TRINITY_DN1288_c1_g1_i8::g.32812::m.32812	54.945	182	82	0	1	182	729	910	2.80e-56	208
Echiexud	CP@TRINITY_DN1288_c1_g1::CP@TRINITY_DN1288_c1_g1_i8::g.32812::m.32812	39.305	921	511	16	36	936	18	910	0.0	608
Echiexud	CP@TRINITY_DN36262_c0_g1::CP@TRINITY_DN36262_c0_g1_i1::g.37714::m.37714	54.248	153	68	2	239	390	16	167	9.08e-46	162
Vermverm	CP@TRINITY_DN1288_c1_g1::CP@TRINITY_DN1288_c1_g1_i8::g.32812::m.32812	35.724	1492	816	30	28	1402	18	1483	0.0	796
Vermverm	CP@TRINITY_DN36262_c0_g1::CP@TRINITY_DN36262_c0_g1_i1::g.37714::m.37714	50.307	163	80	1	218	380	6	167	4.23e-46	163
Vermverm	CP@TRINITY_DN6521_c0_g1::CP@TRINITY_DN6521_c0_g1_i1::g.19905::m.19905	40.727	275	130	9	915	1177	22	275	4.03e-43	159
Flabcita	CP@TRINITY_DN1288_c1_g1::CP@TRINITY_DN1288_c1_g1_i8::g.32812::m.32812	32.396	1494	823	29	11	1345	18	1483	0.0	696
Flabcita	CP@TRINITY_DN36262_c0_g1::CP@TRINITY_DN36262_c0_g1_i1::g.37714::m.37714	54.321	162	73	1	201	361	6	167	2.97e-48	169
Rhizsaxo	CP@TRINITY_DN1288_c1_g1::CP@TRINITY_DN1288_c1_g1_i8::g.32812::m.32812	42.326	619	335	9	2	613	310	913	3.96e-147	483
Coprprot	CP@TRINITY_DN1288_c1_g1::CP@TRINITY_DN1288_c1_g1_i8::g.32812::m.32812	38.678	923	518	17	41	943	19	913	0.0	595
Coprprot	CP@TRINITY_DN1288_c1_g1::CP@TRINITY_DN1288_c1_g1_i8::g.32812::m.32812	30.099	505	295	11	923	1390	1000	1483	6.07e-46	182
Amoeprot	CP@TRINITY_DN1288_c1_g1::CP@TRINITY_DN1288_c1_g1_i8::g.32812::m.32812	38.553	926	516	19	39	942	19	913	0.0	584
Amoeprot	CP@TRINITY_DN1288_c1_g1::CP@TRINITY_DN1288_c1_g1_i8::g.32812::m.32812	31.126	453	249	11	978	1379	1043	1483	6.79e-48	188
Amoeprot	CP@TRINITY_DN36262_c0_g1::CP@TRINITY_DN36262_c0_g1_i1::g.37714::m.37714	48.171	164	82	2	233	395	6	167	1.60e-44	159
Arcevulg	CP@TRINITY_DN1288_c1_g1::CP@TRINITY_DN1288_c1_g1_i8::g.32812::m.32812	39.069	924	502	12	17	910	18	910	0.0	596
Arcevulg	CP@TRINITY_DN36262_c0_g1::CP@TRINITY_DN36262_c0_g1_i1::g.37714::m.37714	49.405	168	83	2	204	370	1	167	1.26e-47	167
NolaAFSM	CP@TRINITY_DN1288_c1_g1::CP@TRINITY_DN1288_c1_g1_i8::g.32812::m.32812	43.504	508	269	8	1	504	420	913	1.66e-120	407
Sapochin	CP@TRINITY_DN1288_c1_g1::CP@TRINITY_DN1288_c1_g1_i8::g.32812::m.32812	37.512	1013	541	26	387	1367	229	1181	3.39e-174	577
Sapochin	CP@TRINITY_DN36262_c0_g1::CP@TRINITY_DN36262_c0_g1_i1::g.37714::m.37714	48.538	171	81	2	370	537	1	167	6.14e-45	160
Cuneruss	CP@TRINITY_DN1288_c1_g1::CP@TRINITY_DN1288_c1_g1_i8::g.32812::m.32812	37.991	916	524	13	141	1035	18	910	9.94e-177	577
Cuneruss	CP@TRINITY_DN36262_c0_g1::CP@TRINITY_DN36262_c0_g1_i1::g.37714::m.37714	56.442	163	68	2	334	494	6	167	3.04e-51	178
Cuneruss	CP@TRINITY_DN6521_c0_g1::CP@TRINITY_DN6521_c0_g1_i1::g.19905::m.19905	55.556	162	66	2	1144	1299	114	275	4.96e-46	167
Endozona	CP@TRINITY_DN1288_c1_g1::CP@TRINITY_DN1288_c1_g1_i8::g.32812::m.32812	40.608	724	366	12	1	720	249	912	3.41e-161	510
Luaphula	CP@TRINITY_DN1288_c1_g1::CP@TRINITY_DN1288_c1_g1_i8::g.32812::m.32812	37.527	922	522	12	44	941	19	910	0.0	595
Luaphula	CP@TRINITY_DN6521_c0_g1::CP@TRINITY_DN6521_c0_g1_i1::g.19905::m.19905	56.643	143	58	2	1059	1197	132	274	2.05e-41	154
Dracjorm	CP@TRINITY_DN1288_c1_g1::CP@TRINITY_DN1288_c1_g1_i8::g.32812::m.32812	32.213	922	523	20	19	863	587	1483	6.80e-123	409
Dracjorm	CP@TRINITY_DN6521_c0_g1::CP@TRINITY_DN6521_c0_g1_i1::g.19905::m.19905	55.901	161	67	1	478	634	115	275	2.87e-47	170
Diphrota	CP@TRINITY_DN1288_c1_g1::CP@TRINITY_DN1288_c1_g1_i8::g.32812::m.32812	38.504	909	527	12	17	909	18	910	0.0	625
Diphrota	CP@TRINITY_DN36262_c0_g1::CP@TRINITY_DN36262_c0_g1_i1::g.37714::m.37714	54.321	162	74	0	206	367	6	167	2.33e-50	176
Diphrota	CP@TRINITY_DN6521_c0_g1::CP@TRINITY_DN6521_c0_g1_i1::g.19905::m.19905	61.224	147	53	1	1015	1157	129	275	2.36e-47	171
Hetepall	CP@TRINITY_DN1288_c1_g1::CP@TRINITY_DN1288_c1_g1_i8::g.32812::m.32812	33.843	1504	821	36	13	1378	18	1485	0.0	773
Hetepall	CP@TRINITY_DN36262_c0_g1::CP@TRINITY_DN36262_c0_g1_i1::g.37714::m.37714	56.364	165	70	2	200	363	4	167	3.78e-51	177
Hetepall	CP@TRINITY_DN6521_c0_g1::CP@TRINITY_DN6521_c0_g1_i1::g.19905::m.19905	40.602	266	116	5	926	1160	21	275	2.46e-44	162
Masteilh	CP@TRINITY_DN1288_c1_g1::CP@TRINITY_DN1288_c1_g1_i8::g.32812::m.32812	37.192	933	514	15	45	945	18	910	0.0	598
Masteilh	CP@TRINITY_DN36262_c0_g1::CP@TRINITY_DN36262_c0_g1_i1::g.37714::m.37714	52.976	168	78	1	232	399	1	167	1.49e-49	173
Masteilh	CP@TRINITY_DN6521_c0_g1::CP@TRINITY_DN6521_c0_g1_i1::g.19905::m.19905	50.000	218	80	6	991	1200	79	275	7.68e-49	175
Rhizelon	CP@TRINITY_DN1288_c1_g1::CP@TRINITY_DN1288_c1_g1_i8::g.32812::m.32812	38.837	430	237	6	1	429	508	912	3.73e-87	305
Soliirre	CP@TRINITY_DN1288_c1_g1::CP@TRINITY_DN1288_c1_g1_i8::g.32812::m.32812	37.872	874	496	17	32	886	18	863	0.0	568
Soliirre	CP@TRINITY_DN36262_c0_g1::CP@TRINITY_DN36262_c0_g1_i1::g.37714::m.37714	55.556	162	72	0	224	385	6	167	2.16e-51	177
Schivulg	CP@TRINITY_DN1288_c1_g1::CP@TRINITY_DN1288_c1_g1_i8::g.32812::m.32812	33.575	1519	819	32	16	1382	3	1483	0.0	775
Schivulg	CP@TRINITY_DN36262_c0_g1::CP@TRINITY_DN36262_c0_g1_i1::g.37714::m.37714	48.503	167	86	0	209	375	1	167	6.50e-50	174
Schivulg	CP@TRINITY_DN6521_c0_g1::CP@TRINITY_DN6521_c0_g1_i1::g.19905::m.19905	38.824	255	124	6	942	1164	21	275	2.92e-44	162
Cavoapop	CP@TRINITY_DN1288_c1_g1::CP@TRINITY_DN1288_c1_g1_i8::g.32812::m.32812	42.816	696	382	9	18	711	229	910	3.11e-168	537
Cavoapop	CP@TRINITY_DN36262_c0_g1::CP@TRINITY_DN36262_c0_g1_i1::g.37714::m.37714	50.898	167	82	0	1	167	1	167	7.16e-52	179
Filanola	CP@TRINITY_DN1288_c1_g1::CP@TRINITY_DN1288_c1_g1_i8::g.32812::m.32812	42.920	452	246	4	1	450	472	913	2.59e-111	377
Filanola	CP@TRINITY_DN6521_c0_g1::CP@TRINITY_DN6521_c0_g1_i1::g.19905::m.19905	48.000	200	90	4	485	673	79	275	2.87e-46	167
HeterBB2	CP@TRINITY_DN1288_c1_g1::CP@TRINITY_DN1288_c1_g1_i8::g.32812::m.32812	38.594	868	494	15	1	850	64	910	2.36e-177	581
HeterBB2	CP@TRINITY_DN36262_c0_g1::CP@TRINITY_DN36262_c0_g1_i1::g.37714::m.37714	55.758	165	70	3	145	309	6	167	4.19e-53	184
HeterBB2	CP@TRINITY_DN6521_c0_g1::CP@TRINITY_DN6521_c0_g1_i1::g.19905::m.19905	50.838	179	76	4	927	1096	100	275	7.31e-44	161
Pharkirb	CP@TRINITY_DN1288_c1_g1::CP@TRINITY_DN1288_c1_g1_i8::g.32812::m.32812	35.167	836	493	19	21	831	12	823	8.72e-137	471
Pharkirb	CP@TRINITY_DN6521_c0_g1::CP@TRINITY_DN6521_c0_g1_i1::g.19905::m.19905	40.569	281	121	8	1457	1700	4	275	2.83e-48	174
Pharkirb	CP@TRINITY_DN36262_c0_g1::CP@TRINITY_DN36262_c0_g1_i1::g.37714::m.37714	50.633	158	77	1	222	379	11	167	4.55e-44	158
Euglgrac	CP@TRINITY_DN1288_c1_g1::CP@TRINITY_DN1288_c1_g1_i8::g.32812::m.32812	36.970	944	523	14	23	937	10	910	3.24e-179	581
Euglgrac	CP@TRINITY_DN36262_c0_g1::CP@TRINITY_DN36262_c0_g1_i1::g.37714::m.37714	50.296	169	81	2	222	390	2	167	9.30e-46	162
Eugllong	CP@TRINITY_DN1288_c1_g1::CP@TRINITY_DN1288_c1_g1_i8::g.32812::m.32812	33.137	1530	818	37	17	1397	10	1483	0.0	699
Eugllong	CP@TRINITY_DN36262_c0_g1::CP@TRINITY_DN36262_c0_g1_i1::g.37714::m.37714	50.296	169	81	2	216	384	2	167	1.99e-45	161
Bodosalt	CP@TRINITY_DN1288_c1_g1::CP@TRINITY_DN1288_c1_g1_i8::g.32812::m.32812	37.214	919	531	18	7	902	10	905	4.09e-166	545
Trimmari	CP@TRINITY_DN1288_c1_g1::CP@TRINITY_DN1288_c1_g1_i8::g.32812::m.32812	39.083	916	514	18	6	897	18	913	0.0	598
Trimmari	CP@TRINITY_DN36262_c0_g1::CP@TRINITY_DN36262_c0_g1_i1::g.37714::m.37714	57.055	163	66	3	194	353	6	167	8.10e-50	174
Trimmari	CP@TRINITY_DN6521_c0_g1::CP@TRINITY_DN6521_c0_g1_i1::g.19905::m.19905	54.839	155	60	2	997	1144	124	275	7.09e-43	158
Lenilimo	CP@TRINITY_DN1288_c1_g1::CP@TRINITY_DN1288_c1_g1_i8::g.32812::m.32812	38.943	927	509	16	32	932	18	913	0.0	612
Lenilimo	CP@TRINITY_DN36262_c0_g1::CP@TRINITY_DN36262_c0_g1_i1::g.37714::m.37714	55.769	156	68	1	234	389	13	167	8.03e-53	182
Amoepara	CP@TRINITY_DN1288_c1_g1::CP@TRINITY_DN1288_c1_g1_i8::g.32812::m.32812	36.802	913	534	13	10	902	16	905	0.0	592
Amoepara	CP@TRINITY_DN36262_c0_g1::CP@TRINITY_DN36262_c0_g1_i1::g.37714::m.37714	53.988	163	74	1	203	365	6	167	5.28e-53	183
Amoepara	CP@TRINITY_DN6521_c0_g1::CP@TRINITY_DN6521_c0_g1_i1::g.19905::m.19905	60.140	143	53	1	1136	1274	133	275	8.27e-45	164
Mnemleid	CP@TRINITY_DN1288_c1_g1::CP@TRINITY_DN1288_c1_g1_i8::g.32812::m.32812	37.705	915	537	15	11	912	16	910	0.0	614
Mnemleid	CP@TRINITY_DN36262_c0_g1::CP@TRINITY_DN36262_c0_g1_i1::g.37714::m.37714	50.318	157	78	0	213	369	11	167	1.05e-44	159
Aplycali	CP@TRINITY_DN1288_c1_g1::CP@TRINITY_DN1288_c1_g1_i8::g.32812::m.32812	34.305	1510	788	35	11	1358	16	1483	0.0	780
Aplycali	CP@TRINITY_DN6521_c0_g1::CP@TRINITY_DN6521_c0_g1_i1::g.19905::m.19905	56.944	144	58	1	1004	1143	132	275	4.06e-42	156
Aplycali	CP@TRINITY_DN36262_c0_g1::CP@TRINITY_DN36262_c0_g1_i1::g.37714::m.37714	47.273	165	86	1	203	367	4	167	5.01e-42	152
Taensoli	CP@TRINITY_DN1288_c1_g1::CP@TRINITY_DN1288_c1_g1_i8::g.32812::m.32812	35.256	936	547	20	12	927	18	914	7.91e-162	531
Schimans	CP@TRINITY_DN1288_c1_g1::CP@TRINITY_DN1288_c1_g1_i8::g.32812::m.32812	34.842	950	555	17	1	928	7	914	3.55e-160	526
Drosmela	CP@TRINITY_DN1288_c1_g1::CP@TRINITY_DN1288_c1_g1_i8::g.32812::m.32812	33.378	1507	818	30	8	1360	13	1487	0.0	725
Drosmela	CP@TRINITY_DN36262_c0_g1::CP@TRINITY_DN36262_c0_g1_i1::g.37714::m.37714	51.299	154	74	1	214	367	15	167	3.27e-44	158
Apismell	CP@TRINITY_DN1288_c1_g1::CP@TRINITY_DN1288_c1_g1_i8::g.32812::m.32812	40.693	924	493	18	636	1535	18	910	0.0	621
Apismell	CP@TRINITY_DN1288_c1_g1::CP@TRINITY_DN1288_c1_g1_i8::g.32812::m.32812	30.144	418	237	6	1616	1978	1066	1483	9.29e-46	182
Apismell	CP@TRINITY_DN5541_c1_g2::CP@TRINITY_DN5541_c1_g2_i2::g.15402::m.15402	50.777	386	183	4	85	464	19	403	4.57e-127	405
Apismell	CP@TRINITY_DN5541_c1_g2::CP@TRINITY_DN5541_c1_g2_i3::g.15403::m.15403	50.000	386	186	4	85	464	19	403	1.21e-124	399
Apismell	CP@TRINITY_DN3222_c0_g1::CP@TRINITY_DN3222_c0_g1_i2::g.66193::m.66193	42.857	420	211	8	218	610	2	419	1.28e-115	374
Apismell	CP@TRINITY_DN3222_c0_g1::CP@TRINITY_DN3222_c0_g1_i2::g.66192::m.66192	38.512	457	242	11	50	469	41	495	4.71e-102	338
Apismell	CP@TRINITY_DN3222_c0_g1::CP@TRINITY_DN3222_c0_g1_i4::g.66196::m.66196	38.964	444	232	11	50	456	41	482	3.76e-100	333
Apismell	CP@TRINITY_DN5541_c0_g1::CP@TRINITY_DN5541_c0_g1_i1::g.15399::m.15399	44.737	228	123	2	387	612	3	229	4.29e-72	243
Apismell	CP@TRINITY_DN3222_c0_g1::CP@TRINITY_DN3222_c0_g1_i5::g.66199::m.66199	44.737	228	122	2	389	613	1	227	2.41e-67	227
Apismell	CP@TRINITY_DN3222_c0_g1::CP@TRINITY_DN3222_c0_g1_i10::g.66189::m.66189	33.910	289	171	8	50	319	39	326	2.63e-50	183
Apismell	CP@TRINITY_DN3222_c0_g1::CP@TRINITY_DN3222_c0_g1_i8::g.66200::m.66200	33.910	289	171	8	50	319	72	359	4.08e-50	182
Apismell	CP@TRINITY_DN3222_c0_g1::CP@TRINITY_DN3222_c0_g1_i18::g.66191::m.66191	33.910	289	171	8	50	319	39	326	1.10e-48	177
Apismell	CP@TRINITY_DN5541_c0_g1::CP@TRINITY_DN5541_c0_g1_i4::g.15400::m.15400	42.604	169	94	2	387	553	3	170	6.60e-48	169
Apismell	CP@TRINITY_DN6521_c0_g1::CP@TRINITY_DN6521_c0_g1_i1::g.19905::m.19905	57.639	144	57	1	1621	1760	132	275	8.21e-43	158
Apismell	CP@TRINITY_DN36262_c0_g1::CP@TRINITY_DN36262_c0_g1_i1::g.37714::m.37714	52.318	151	71	1	841	991	18	167	2.57e-42	153
Caeneleg	CP@TRINITY_DN1288_c1_g1::CP@TRINITY_DN1288_c1_g1_i8::g.32812::m.32812	37.553	940	509	19	14	916	19	917	0.0	598
Gallgall	CP@TRINITY_DN1288_c1_g1::CP@TRINITY_DN1288_c1_g1_i8::g.32812::m.32812	34.876	1210	663	27	9	1124	14	1192	0.0	649
Gallgall	CP@TRINITY_DN36262_c0_g1::CP@TRINITY_DN36262_c0_g1_i1::g.37714::m.37714	56.410	156	67	1	213	368	13	167	1.28e-50	176
Gallgall	CP@TRINITY_DN6521_c0_g1::CP@TRINITY_DN6521_c0_g1_i1::g.19905::m.19905	57.047	149	60	1	1000	1144	127	275	1.44e-44	163
Tricadha	CP@TRINITY_DN1288_c1_g1::CP@TRINITY_DN1288_c1_g1_i8::g.32812::m.32812	38.503	922	521	18	13	915	18	912	0.0	610
Amphquee	CP@TRINITY_DN1288_c1_g1::CP@TRINITY_DN1288_c1_g1_i8::g.32812::m.32812	38.428	916	522	15	14	910	18	910	0.0	608
Amphquee	CP@TRINITY_DN36262_c0_g1::CP@TRINITY_DN36262_c0_g1_i1::g.37714::m.37714	53.374	163	75	1	205	367	6	167	3.07e-51	178
Amphquee	CP@TRINITY_DN6521_c0_g1::CP@TRINITY_DN6521_c0_g1_i1::g.19905::m.19905	37.687	268	129	6	920	1150	9	275	5.91e-44	161
Salprose	CP@TRINITY_DN1288_c1_g1::CP@TRINITY_DN1288_c1_g1_i8::g.32812::m.32812	34.112	985	531	22	11	952	18	927	1.21e-163	536
Fontalba	CP@TRINITY_DN1288_c1_g1::CP@TRINITY_DN1288_c1_g1_i8::g.32812::m.32812	40.044	914	511	12	14	911	18	910	0.0	647
Fontalba	CP@TRINITY_DN36262_c0_g1::CP@TRINITY_DN36262_c0_g1_i1::g.37714::m.37714	57.576	165	66	3	207	370	6	167	2.22e-55	190
Fontalba	CP@TRINITY_DN6521_c0_g1::CP@TRINITY_DN6521_c0_g1_i1::g.19905::m.19905	57.419	155	61	2	1062	1212	122	275	2.49e-47	171
Spizpunc	CP@TRINITY_DN1288_c1_g1::CP@TRINITY_DN1288_c1_g1_i8::g.32812::m.32812	33.221	1490	796	32	63	1413	58	1487	0.0	716
Spizpunc	CP@TRINITY_DN6521_c0_g1::CP@TRINITY_DN6521_c0_g1_i1::g.19905::m.19905	45.726	234	106	7	965	1189	54	275	2.34e-51	182
Spizpunc	CP@TRINITY_DN36262_c0_g1::CP@TRINITY_DN36262_c0_g1_i1::g.37714::m.37714	53.049	164	72	3	214	375	7	167	2.00e-50	176
Blasbrit	CP@TRINITY_DN1288_c1_g1::CP@TRINITY_DN1288_c1_g1_i8::g.32812::m.32812	37.137	929	525	16	16	921	18	910	0.0	590
Blasbrit	CP@TRINITY_DN36262_c0_g1::CP@TRINITY_DN36262_c0_g1_i1::g.37714::m.37714	58.788	165	65	1	209	373	6	167	6.50e-59	200
Blasbrit	CP@TRINITY_DN6521_c0_g1::CP@TRINITY_DN6521_c0_g1_i1::g.19905::m.19905	42.857	273	100	6	927	1144	4	275	3.14e-46	167
Allomacr	CP@TRINITY_DN1288_c1_g1::CP@TRINITY_DN1288_c1_g1_i8::g.32812::m.32812	33.333	1512	837	35	17	1403	18	1483	0.0	743
Allomacr	CP@TRINITY_DN36262_c0_g1::CP@TRINITY_DN36262_c0_g1_i1::g.37714::m.37714	55.063	158	71	0	215	372	10	167	5.37e-54	186
Allomacr	CP@TRINITY_DN6521_c0_g1::CP@TRINITY_DN6521_c0_g1_i1::g.19905::m.19905	49.432	176	63	1	1018	1193	126	275	3.28e-43	159
Coprcine	CP@TRINITY_DN1288_c1_g1::CP@TRINITY_DN1288_c1_g1_i8::g.32812::m.32812	37.312	930	518	16	11	912	18	910	0.0	596
Coprcine	CP@TRINITY_DN36262_c0_g1::CP@TRINITY_DN36262_c0_g1_i1::g.37714::m.37714	59.524	168	65	3	196	361	1	167	4.98e-60	203
Coprcine	CP@TRINITY_DN6521_c0_g1::CP@TRINITY_DN6521_c0_g1_i1::g.19905::m.19905	39.841	251	134	6	920	1161	33	275	3.58e-42	156
Ustimayd	CP@TRINITY_DN1288_c1_g1::CP@TRINITY_DN1288_c1_g1_i8::g.32812::m.32812	34.621	1502	808	39	11	1379	18	1478	0.0	749
Ustimayd	CP@TRINITY_DN36262_c0_g1::CP@TRINITY_DN36262_c0_g1_i1::g.37714::m.37714	59.281	167	63	3	202	366	4	167	1.23e-58	199
Ustimayd	CP@TRINITY_DN6521_c0_g1::CP@TRINITY_DN6521_c0_g1_i1::g.19905::m.19905	41.132	265	138	7	911	1163	17	275	2.59e-44	162
Schizpom	CP@TRINITY_DN1288_c1_g1::CP@TRINITY_DN1288_c1_g1_i8::g.32812::m.32812	33.290	1523	837	35	11	1394	18	1500	0.0	740
Schizpom	CP@TRINITY_DN36262_c0_g1::CP@TRINITY_DN36262_c0_g1_i1::g.37714::m.37714	63.473	167	60	1	197	362	1	167	4.40e-65	218
Schizpom	CP@TRINITY_DN6521_c0_g1::CP@TRINITY_DN6521_c0_g1_i1::g.19905::m.19905	37.818	275	138	5	913	1157	4	275	3.15e-44	162
Neurcras	CP@TRINITY_DN1288_c1_g1::CP@TRINITY_DN1288_c1_g1_i8::g.32812::m.32812	37.730	925	530	17	17	925	16	910	2.83e-176	575
Neurcras	CP@TRINITY_DN1288_c1_g1::CP@TRINITY_DN1288_c1_g1_i8::g.32812::m.32812	32.683	410	226	12	1097	1468	1086	1483	2.23e-43	174
Neurcras	CP@TRINITY_DN36262_c0_g1::CP@TRINITY_DN36262_c0_g1_i1::g.37714::m.37714	55.556	162	70	2	218	377	6	167	2.57e-56	192
Aspefumi	CP@TRINITY_DN1288_c1_g1::CP@TRINITY_DN1288_c1_g1_i8::g.32812::m.32812	33.488	1505	846	36	22	1410	18	1483	0.0	723
Aspefumi	CP@TRINITY_DN36262_c0_g1::CP@TRINITY_DN36262_c0_g1_i1::g.37714::m.37714	51.852	162	76	2	223	382	6	167	5.64e-54	186
Debahans	CP@TRINITY_DN1288_c1_g1::CP@TRINITY_DN1288_c1_g1_i8::g.32812::m.32812	33.074	1542	850	45	11	1440	18	1489	0.0	713
Debahans	CP@TRINITY_DN36262_c0_g1::CP@TRINITY_DN36262_c0_g1_i1::g.37714::m.37714	55.621	169	67	3	210	377	6	167	2.96e-52	181
Debahans	CP@TRINITY_DN6521_c0_g1::CP@TRINITY_DN6521_c0_g1_i1::g.19905::m.19905	51.190	168	76	3	1031	1192	108	275	4.84e-43	159
Rhizdele	CP@TRINITY_DN1288_c1_g1::CP@TRINITY_DN1288_c1_g1_i8::g.32812::m.32812	33.333	1401	744	35	22	1271	54	1415	0.0	663
Rhizdele	CP@TRINITY_DN36262_c0_g1::CP@TRINITY_DN36262_c0_g1_i1::g.37714::m.37714	64.198	162	57	1	166	326	6	167	4.59e-63	212
Rhizdele	CP@TRINITY_DN6521_c0_g1::CP@TRINITY_DN6521_c0_g1_i1::g.19905::m.19905	41.328	271	132	4	876	1119	4	274	2.02e-47	171
Cryppara	CP@TRINITY_DN1288_c1_g1::CP@TRINITY_DN1288_c1_g1_i8::g.32812::m.32812	41.071	560	304	6	1	560	372	905	1.61e-123	417
Cryppara	CP@TRINITY_DN1288_c1_g1::CP@TRINITY_DN1288_c1_g1_i8::g.32812::m.32812	32.220	419	261	7	673	1073	1073	1486	2.30e-48	189
Cryppara	CP@TRINITY_DN6521_c0_g1::CP@TRINITY_DN6521_c0_g1_i1::g.19905::m.19905	53.797	158	61	2	663	808	116	273	2.35e-43	159
