Blasemer	CP@TRINITY_DN15431_c0_g1::CP@TRINITY_DN15431_c0_g1_i1::g.42237::m.42237	58.333	132	54	1	6	137	8	138	1.39e-50	157
Blasemer	CP@TRINITY_DN236_c0_g1::CP@TRINITY_DN236_c0_g1_i7::g.49269::m.49269	65.812	117	40	0	18	134	23	139	3.39e-50	157
Blasemer	CP@TRINITY_DN236_c0_g1::CP@TRINITY_DN236_c0_g1_i2::g.49263::m.49263	65.812	117	40	0	18	134	23	139	3.39e-50	157
Blasemer	CP@TRINITY_DN236_c0_g1::CP@TRINITY_DN236_c0_g1_i12::g.49260::m.49260	65.812	117	40	0	18	134	23	139	3.39e-50	157
Blasemer	CP@TRINITY_DN2884_c0_g1::CP@TRINITY_DN2884_c0_g1_i9::g.9929::m.9929	64.957	117	41	0	18	134	23	139	4.29e-49	154
Blasemer	CP@TRINITY_DN2884_c0_g1::CP@TRINITY_DN2884_c0_g1_i4::g.9927::m.9927	64.957	117	41	0	18	134	23	139	4.29e-49	154
Blasemer	CP@TRINITY_DN2884_c0_g1::CP@TRINITY_DN2884_c0_g1_i3::g.9926::m.9926	64.957	117	41	0	18	134	23	139	4.29e-49	154
Blasemer	CP@TRINITY_DN2884_c0_g1::CP@TRINITY_DN2884_c0_g1_i14::g.9921::m.9921	64.957	117	41	0	18	134	23	139	4.29e-49	154
Blasemer	CP@TRINITY_DN2884_c0_g1::CP@TRINITY_DN2884_c0_g1_i10::g.9917::m.9917	64.957	117	41	0	18	134	23	139	4.29e-49	154
Blasemer	CP@TRINITY_DN2884_c0_g1::CP@TRINITY_DN2884_c0_g1_i1::g.9913::m.9913	64.957	117	41	0	18	134	23	139	4.29e-49	154
Blasemer	CP@TRINITY_DN5648_c0_g1::CP@TRINITY_DN5648_c0_g1_i1::g.16064::m.16064	59.524	126	50	1	13	137	13	138	4.31e-49	154
Blasemer	CP@TRINITY_DN236_c0_g1::CP@TRINITY_DN236_c0_g1_i5::g.49266::m.49266	66.337	101	34	0	18	118	23	123	8.52e-41	133
Parapyri	CP@TRINITY_DN5648_c0_g1::CP@TRINITY_DN5648_c0_g1_i1::g.16064::m.16064	60.000	140	52	2	7	144	2	139	3.86e-53	164
Parapyri	CP@TRINITY_DN15431_c0_g1::CP@TRINITY_DN15431_c0_g1_i1::g.42237::m.42237	58.647	133	52	2	10	142	8	137	1.18e-52	163
TeloneP1	CP@TRINITY_DN5648_c0_g1::CP@TRINITY_DN5648_c0_g1_i1::g.16064::m.16064	58.929	112	42	1	1	108	27	138	1.07e-44	141
TeloneP1	CP@TRINITY_DN15431_c0_g1::CP@TRINITY_DN15431_c0_g1_i1::g.42237::m.42237	60.000	105	42	0	1	105	27	131	2.28e-44	140
Plasbras	CP@TRINITY_DN5648_c0_g1::CP@TRINITY_DN5648_c0_g1_i1::g.16064::m.16064	48.951	143	68	1	1	143	1	138	4.99e-42	136
Plasbras	CP@TRINITY_DN15431_c0_g1::CP@TRINITY_DN15431_c0_g1_i1::g.42237::m.42237	48.252	143	69	2	1	143	1	138	1.04e-41	135
Thectrah	CP@TRINITY_DN5648_c0_g1::CP@TRINITY_DN5648_c0_g1_i1::g.16064::m.16064	62.698	126	47	0	21	146	14	139	3.24e-51	159
Thectrah	CP@TRINITY_DN15431_c0_g1::CP@TRINITY_DN15431_c0_g1_i1::g.42237::m.42237	61.111	126	49	0	21	146	14	139	4.45e-51	159
Abolprol	CP@TRINITY_DN15431_c0_g1::CP@TRINITY_DN15431_c0_g1_i1::g.42237::m.42237	52.857	140	62	2	8	146	2	138	2.26e-42	137
Abolprol	CP@TRINITY_DN5648_c0_g1::CP@TRINITY_DN5648_c0_g1_i1::g.16064::m.16064	52.800	125	58	1	23	146	14	138	7.36e-41	133
Aurisoli	CP@TRINITY_DN15431_c0_g1::CP@TRINITY_DN15431_c0_g1_i1::g.42237::m.42237	57.143	126	54	0	19	144	15	140	1.12e-48	153
Aurisoli	CP@TRINITY_DN5648_c0_g1::CP@TRINITY_DN5648_c0_g1_i1::g.16064::m.16064	56.800	125	54	0	20	144	16	140	1.16e-47	150
Lapoguse	CP@TRINITY_DN15431_c0_g1::CP@TRINITY_DN15431_c0_g1_i1::g.42237::m.42237	63.200	125	46	0	28	152	13	137	8.68e-50	156
Lapoguse	CP@TRINITY_DN5648_c0_g1::CP@TRINITY_DN5648_c0_g1_i1::g.16064::m.16064	62.698	126	45	1	28	151	11	136	2.23e-48	152
Mitodaph	CP@TRINITY_DN5648_c0_g1::CP@TRINITY_DN5648_c0_g1_i1::g.16064::m.16064	54.676	139	60	2	11	146	1	139	1.39e-42	137
Mitodaph	CP@TRINITY_DN15431_c0_g1::CP@TRINITY_DN15431_c0_g1_i1::g.42237::m.42237	54.962	131	59	0	15	145	8	138	1.93e-42	137
Hemikukw	CP@TRINITY_DN15431_c0_g1::CP@TRINITY_DN15431_c0_g1_i1::g.42237::m.42237	61.345	119	46	0	31	149	18	136	9.97e-50	156
Hemikukw	CP@TRINITY_DN5648_c0_g1::CP@TRINITY_DN5648_c0_g1_i1::g.16064::m.16064	60.504	119	47	0	31	149	18	136	1.11e-49	156
Hemikukw	CP@TRINITY_DN2884_c0_g1::CP@TRINITY_DN2884_c0_g1_i9::g.9929::m.9929	51.282	117	57	0	32	148	23	139	3.03e-41	134
Hemikukw	CP@TRINITY_DN2884_c0_g1::CP@TRINITY_DN2884_c0_g1_i4::g.9927::m.9927	51.282	117	57	0	32	148	23	139	3.03e-41	134
Hemikukw	CP@TRINITY_DN2884_c0_g1::CP@TRINITY_DN2884_c0_g1_i3::g.9926::m.9926	51.282	117	57	0	32	148	23	139	3.03e-41	134
Hemikukw	CP@TRINITY_DN2884_c0_g1::CP@TRINITY_DN2884_c0_g1_i14::g.9921::m.9921	51.282	117	57	0	32	148	23	139	3.03e-41	134
Hemikukw	CP@TRINITY_DN2884_c0_g1::CP@TRINITY_DN2884_c0_g1_i10::g.9917::m.9917	51.282	117	57	0	32	148	23	139	3.03e-41	134
Hemikukw	CP@TRINITY_DN2884_c0_g1::CP@TRINITY_DN2884_c0_g1_i1::g.9913::m.9913	51.282	117	57	0	32	148	23	139	3.03e-41	134
SpirCILI	CP@TRINITY_DN15431_c0_g1::CP@TRINITY_DN15431_c0_g1_i1::g.42237::m.42237	52.740	146	60	1	8	153	1	137	7.50e-49	154
SpirCILI	CP@TRINITY_DN5648_c0_g1::CP@TRINITY_DN5648_c0_g1_i1::g.16064::m.16064	55.385	130	56	1	24	153	10	137	5.21e-47	149
Parasacc	CP@TRINITY_DN5648_c0_g1::CP@TRINITY_DN5648_c0_g1_i1::g.16064::m.16064	53.030	132	61	1	5	136	6	136	1.64e-44	142
Parasacc	CP@TRINITY_DN15431_c0_g1::CP@TRINITY_DN15431_c0_g1_i1::g.42237::m.42237	52.239	134	63	1	5	138	6	138	6.28e-44	140
Parasacc	CP@TRINITY_DN236_c0_g1::CP@TRINITY_DN236_c0_g1_i7::g.49269::m.49269	52.101	119	57	0	17	135	21	139	2.53e-42	137
Parasacc	CP@TRINITY_DN236_c0_g1::CP@TRINITY_DN236_c0_g1_i2::g.49263::m.49263	52.101	119	57	0	17	135	21	139	2.53e-42	137
Parasacc	CP@TRINITY_DN236_c0_g1::CP@TRINITY_DN236_c0_g1_i12::g.49260::m.49260	52.101	119	57	0	17	135	21	139	2.53e-42	137
Parasacc	CP@TRINITY_DN2884_c0_g1::CP@TRINITY_DN2884_c0_g1_i9::g.9929::m.9929	51.639	122	59	0	17	138	21	142	3.15e-42	136
Parasacc	CP@TRINITY_DN2884_c0_g1::CP@TRINITY_DN2884_c0_g1_i4::g.9927::m.9927	51.639	122	59	0	17	138	21	142	3.15e-42	136
Parasacc	CP@TRINITY_DN2884_c0_g1::CP@TRINITY_DN2884_c0_g1_i3::g.9926::m.9926	51.639	122	59	0	17	138	21	142	3.15e-42	136
Parasacc	CP@TRINITY_DN2884_c0_g1::CP@TRINITY_DN2884_c0_g1_i14::g.9921::m.9921	51.639	122	59	0	17	138	21	142	3.15e-42	136
Parasacc	CP@TRINITY_DN2884_c0_g1::CP@TRINITY_DN2884_c0_g1_i10::g.9917::m.9917	51.639	122	59	0	17	138	21	142	3.15e-42	136
Parasacc	CP@TRINITY_DN2884_c0_g1::CP@TRINITY_DN2884_c0_g1_i1::g.9913::m.9913	51.639	122	59	0	17	138	21	142	3.15e-42	136
Leptvora	CP@TRINITY_DN5648_c0_g1::CP@TRINITY_DN5648_c0_g1_i1::g.16064::m.16064	52.206	136	63	2	7	141	2	136	1.79e-43	140
Leptvora	CP@TRINITY_DN15431_c0_g1::CP@TRINITY_DN15431_c0_g1_i1::g.42237::m.42237	50.000	136	66	2	7	141	2	136	6.55e-43	138
Goniavon	CP@TRINITY_DN5648_c0_g1::CP@TRINITY_DN5648_c0_g1_i1::g.16064::m.16064	55.396	139	60	2	19	156	1	138	1.49e-48	153
Goniavon	CP@TRINITY_DN15431_c0_g1::CP@TRINITY_DN15431_c0_g1_i1::g.42237::m.42237	52.593	135	64	0	19	153	1	135	1.22e-46	148
Goniavon	CP@TRINITY_DN2884_c0_g1::CP@TRINITY_DN2884_c0_g1_i9::g.9929::m.9929	52.941	119	56	0	35	153	21	139	2.24e-42	137
Goniavon	CP@TRINITY_DN2884_c0_g1::CP@TRINITY_DN2884_c0_g1_i4::g.9927::m.9927	52.941	119	56	0	35	153	21	139	2.24e-42	137
Goniavon	CP@TRINITY_DN2884_c0_g1::CP@TRINITY_DN2884_c0_g1_i3::g.9926::m.9926	52.941	119	56	0	35	153	21	139	2.24e-42	137
Goniavon	CP@TRINITY_DN2884_c0_g1::CP@TRINITY_DN2884_c0_g1_i14::g.9921::m.9921	52.941	119	56	0	35	153	21	139	2.24e-42	137
Goniavon	CP@TRINITY_DN2884_c0_g1::CP@TRINITY_DN2884_c0_g1_i10::g.9917::m.9917	52.941	119	56	0	35	153	21	139	2.24e-42	137
Goniavon	CP@TRINITY_DN2884_c0_g1::CP@TRINITY_DN2884_c0_g1_i1::g.9913::m.9913	52.941	119	56	0	35	153	21	139	2.24e-42	137
Goniavon	CP@TRINITY_DN236_c0_g1::CP@TRINITY_DN236_c0_g1_i7::g.49269::m.49269	52.101	119	57	0	35	153	21	139	1.74e-41	135
Goniavon	CP@TRINITY_DN236_c0_g1::CP@TRINITY_DN236_c0_g1_i2::g.49263::m.49263	52.101	119	57	0	35	153	21	139	1.74e-41	135
Goniavon	CP@TRINITY_DN236_c0_g1::CP@TRINITY_DN236_c0_g1_i12::g.49260::m.49260	52.101	119	57	0	35	153	21	139	1.74e-41	135
Rozeallo	CP@TRINITY_DN5648_c0_g1::CP@TRINITY_DN5648_c0_g1_i1::g.16064::m.16064	56.618	136	56	1	3	138	4	136	3.15e-47	149
Rozeallo	CP@TRINITY_DN15431_c0_g1::CP@TRINITY_DN15431_c0_g1_i1::g.42237::m.42237	56.204	137	57	1	4	140	5	138	4.10e-47	149
Rozeallo	CP@TRINITY_DN2884_c0_g1::CP@TRINITY_DN2884_c0_g1_i9::g.9929::m.9929	57.851	121	51	0	20	140	22	142	8.20e-47	148
Rozeallo	CP@TRINITY_DN2884_c0_g1::CP@TRINITY_DN2884_c0_g1_i4::g.9927::m.9927	57.851	121	51	0	20	140	22	142	8.20e-47	148
Rozeallo	CP@TRINITY_DN2884_c0_g1::CP@TRINITY_DN2884_c0_g1_i3::g.9926::m.9926	57.851	121	51	0	20	140	22	142	8.20e-47	148
Rozeallo	CP@TRINITY_DN2884_c0_g1::CP@TRINITY_DN2884_c0_g1_i14::g.9921::m.9921	57.851	121	51	0	20	140	22	142	8.20e-47	148
Rozeallo	CP@TRINITY_DN2884_c0_g1::CP@TRINITY_DN2884_c0_g1_i10::g.9917::m.9917	57.851	121	51	0	20	140	22	142	8.20e-47	148
Rozeallo	CP@TRINITY_DN2884_c0_g1::CP@TRINITY_DN2884_c0_g1_i1::g.9913::m.9913	57.851	121	51	0	20	140	22	142	8.20e-47	148
Rozeallo	CP@TRINITY_DN236_c0_g1::CP@TRINITY_DN236_c0_g1_i7::g.49269::m.49269	56.198	121	53	0	20	140	22	142	1.18e-45	145
Rozeallo	CP@TRINITY_DN236_c0_g1::CP@TRINITY_DN236_c0_g1_i2::g.49263::m.49263	56.198	121	53	0	20	140	22	142	1.18e-45	145
Rozeallo	CP@TRINITY_DN236_c0_g1::CP@TRINITY_DN236_c0_g1_i12::g.49260::m.49260	56.198	121	53	0	20	140	22	142	1.18e-45	145
Gemicryo	CP@TRINITY_DN5648_c0_g1::CP@TRINITY_DN5648_c0_g1_i1::g.16064::m.16064	53.906	128	58	1	29	156	9	135	4.05e-44	142
Gemicryo	CP@TRINITY_DN15431_c0_g1::CP@TRINITY_DN15431_c0_g1_i1::g.42237::m.42237	55.285	123	54	1	37	159	17	138	8.80e-44	141
Guilthet	CP@TRINITY_DN15431_c0_g1::CP@TRINITY_DN15431_c0_g1_i1::g.42237::m.42237	55.970	134	59	0	7	140	4	137	5.86e-49	154
Guilthet	CP@TRINITY_DN5648_c0_g1::CP@TRINITY_DN5648_c0_g1_i1::g.16064::m.16064	53.333	135	63	0	7	141	4	138	5.18e-47	149
Hemirufe	CP@TRINITY_DN15431_c0_g1::CP@TRINITY_DN15431_c0_g1_i1::g.42237::m.42237	57.364	129	55	0	29	157	7	135	6.84e-48	152
Hemirufe	CP@TRINITY_DN5648_c0_g1::CP@TRINITY_DN5648_c0_g1_i1::g.16064::m.16064	60.504	119	47	0	39	157	17	135	1.21e-46	149
Dictdisc	CP@TRINITY_DN5648_c0_g1::CP@TRINITY_DN5648_c0_g1_i1::g.16064::m.16064	52.206	136	58	2	1	133	4	135	1.50e-44	142
Dictdisc	CP@TRINITY_DN15431_c0_g1::CP@TRINITY_DN15431_c0_g1_i1::g.42237::m.42237	49.640	139	63	2	1	136	4	138	1.46e-43	140
Coralima	CP@TRINITY_DN5648_c0_g1::CP@TRINITY_DN5648_c0_g1_i1::g.16064::m.16064	60.000	135	53	1	3	137	5	138	6.71e-52	161
Coralima	CP@TRINITY_DN15431_c0_g1::CP@TRINITY_DN15431_c0_g1_i1::g.42237::m.42237	57.037	135	57	1	3	137	5	138	1.40e-49	155
Syssmult	CP@TRINITY_DN5648_c0_g1::CP@TRINITY_DN5648_c0_g1_i1::g.16064::m.16064	66.423	137	43	3	4	138	5	140	9.55e-54	166
Syssmult	CP@TRINITY_DN15431_c0_g1::CP@TRINITY_DN15431_c0_g1_i1::g.42237::m.42237	67.480	123	39	1	16	138	19	140	3.70e-52	161
Parvatla	CP@TRINITY_DN5648_c0_g1::CP@TRINITY_DN5648_c0_g1_i1::g.16064::m.16064	52.239	134	61	1	11	144	6	136	6.98e-44	141
Parvatla	CP@TRINITY_DN15431_c0_g1::CP@TRINITY_DN15431_c0_g1_i1::g.42237::m.42237	51.938	129	62	0	18	146	10	138	9.90e-44	140
Phytpara	CP@TRINITY_DN5648_c0_g1::CP@TRINITY_DN5648_c0_g1_i1::g.16064::m.16064	60.484	124	46	1	50	170	13	136	3.05e-43	140
Phytpara	CP@TRINITY_DN15431_c0_g1::CP@TRINITY_DN15431_c0_g1_i1::g.42237::m.42237	59.836	122	46	1	54	172	17	138	3.76e-43	140
MAST003A	CP@TRINITY_DN15431_c0_g1::CP@TRINITY_DN15431_c0_g1_i1::g.42237::m.42237	55.738	122	54	0	1	122	19	140	1.18e-42	137
MAST003A	CP@TRINITY_DN5648_c0_g1::CP@TRINITY_DN5648_c0_g1_i1::g.16064::m.16064	56.780	118	51	0	1	118	19	136	4.47e-42	135
BicoCB20	CP@TRINITY_DN5648_c0_g1::CP@TRINITY_DN5648_c0_g1_i1::g.16064::m.16064	59.524	126	51	0	44	169	11	136	6.23e-47	150
BicoCB20	CP@TRINITY_DN15431_c0_g1::CP@TRINITY_DN15431_c0_g1_i1::g.42237::m.42237	58.678	121	50	0	49	169	16	136	2.28e-45	146
Prascaps	CP@TRINITY_DN5648_c0_g1::CP@TRINITY_DN5648_c0_g1_i1::g.16064::m.16064	53.191	141	61	1	26	166	1	136	5.47e-45	145
Prascaps	CP@TRINITY_DN15431_c0_g1::CP@TRINITY_DN15431_c0_g1_i1::g.42237::m.42237	52.083	144	62	2	26	168	1	138	1.54e-42	138
Pyrapark	CP@TRINITY_DN15431_c0_g1::CP@TRINITY_DN15431_c0_g1_i1::g.42237::m.42237	55.172	145	56	3	1	143	1	138	1.49e-46	147
Pyrapark	CP@TRINITY_DN5648_c0_g1::CP@TRINITY_DN5648_c0_g1_i1::g.16064::m.16064	56.338	142	55	3	1	141	1	136	2.94e-45	144
Nephpyri	CP@TRINITY_DN15431_c0_g1::CP@TRINITY_DN15431_c0_g1_i1::g.42237::m.42237	58.993	139	56	1	1	139	1	138	8.59e-50	155
Nephpyri	CP@TRINITY_DN5648_c0_g1::CP@TRINITY_DN5648_c0_g1_i1::g.16064::m.16064	59.124	137	55	1	1	137	1	136	9.63e-49	153
Mesoviri	CP@TRINITY_DN15431_c0_g1::CP@TRINITY_DN15431_c0_g1_i1::g.42237::m.42237	57.042	142	56	2	1	141	1	138	9.72e-48	150
Mesoviri	CP@TRINITY_DN5648_c0_g1::CP@TRINITY_DN5648_c0_g1_i1::g.16064::m.16064	57.746	142	53	2	1	140	1	137	1.22e-47	150
Charbrau	CP@TRINITY_DN5648_c0_g1::CP@TRINITY_DN5648_c0_g1_i1::g.16064::m.16064	57.353	136	58	0	1	136	1	136	6.09e-49	153
Charbrau	CP@TRINITY_DN15431_c0_g1::CP@TRINITY_DN15431_c0_g1_i1::g.42237::m.42237	55.072	138	62	0	1	138	1	138	9.68e-48	150
Chlovari	CP@TRINITY_DN15431_c0_g1::CP@TRINITY_DN15431_c0_g1_i1::g.42237::m.42237	57.252	131	56	0	13	143	8	138	1.32e-50	158
Chlovari	CP@TRINITY_DN5648_c0_g1::CP@TRINITY_DN5648_c0_g1_i1::g.16064::m.16064	54.545	143	58	3	1	142	1	137	4.90e-47	149
Chlarein	CP@TRINITY_DN15431_c0_g1::CP@TRINITY_DN15431_c0_g1_i1::g.42237::m.42237	58.571	140	56	1	1	140	1	138	3.60e-51	159
Chlarein	CP@TRINITY_DN5648_c0_g1::CP@TRINITY_DN5648_c0_g1_i1::g.16064::m.16064	56.835	139	58	1	1	139	1	137	3.10e-48	152
Dunasali	CP@TRINITY_DN5648_c0_g1::CP@TRINITY_DN5648_c0_g1_i1::g.16064::m.16064	55.474	137	55	1	9	139	1	137	2.23e-44	142
Dunasali	CP@TRINITY_DN15431_c0_g1::CP@TRINITY_DN15431_c0_g1_i1::g.42237::m.42237	54.348	138	59	1	3	140	5	138	2.90e-44	142
Tetrasti	CP@TRINITY_DN15431_c0_g1::CP@TRINITY_DN15431_c0_g1_i1::g.42237::m.42237	60.714	140	51	2	1	140	1	136	2.03e-52	162
Tetrasti	CP@TRINITY_DN5648_c0_g1::CP@TRINITY_DN5648_c0_g1_i1::g.16064::m.16064	60.563	142	48	4	1	140	1	136	9.58e-50	155
Galdphle	CP@TRINITY_DN15431_c0_g1::CP@TRINITY_DN15431_c0_g1_i1::g.42237::m.42237	58.407	113	47	0	9	121	24	136	3.43e-41	133
Galdphle	CP@TRINITY_DN5648_c0_g1::CP@TRINITY_DN5648_c0_g1_i1::g.16064::m.16064	57.391	115	49	0	9	123	24	138	6.61e-41	132
Porppurp	CP@TRINITY_DN5648_c0_g1::CP@TRINITY_DN5648_c0_g1_i1::g.16064::m.16064	55.882	136	58	1	4	139	3	136	8.47e-47	148
Porppurp	CP@TRINITY_DN15431_c0_g1::CP@TRINITY_DN15431_c0_g1_i1::g.42237::m.42237	56.800	125	54	0	17	141	14	138	3.39e-46	147
Gracchor	CP@TRINITY_DN15431_c0_g1::CP@TRINITY_DN15431_c0_g1_i1::g.42237::m.42237	56.296	135	57	1	3	137	7	139	7.96e-50	156
Gracchor	CP@TRINITY_DN5648_c0_g1::CP@TRINITY_DN5648_c0_g1_i1::g.16064::m.16064	54.286	140	60	2	1	137	1	139	1.82e-48	152
Sphadest	CP@TRINITY_DN5648_c0_g1::CP@TRINITY_DN5648_c0_g1_i1::g.16064::m.16064	60.870	138	50	1	11	148	5	138	1.27e-52	163
Sphadest	CP@TRINITY_DN15431_c0_g1::CP@TRINITY_DN15431_c0_g1_i1::g.42237::m.42237	61.600	125	48	0	24	148	14	138	1.06e-49	155
Sphadest	CP@TRINITY_DN236_c0_g1::CP@TRINITY_DN236_c0_g1_i7::g.49269::m.49269	59.322	118	48	0	28	145	22	139	8.95e-45	143
Sphadest	CP@TRINITY_DN236_c0_g1::CP@TRINITY_DN236_c0_g1_i2::g.49263::m.49263	59.322	118	48	0	28	145	22	139	8.95e-45	143
Sphadest	CP@TRINITY_DN236_c0_g1::CP@TRINITY_DN236_c0_g1_i12::g.49260::m.49260	59.322	118	48	0	28	145	22	139	8.95e-45	143
Sphadest	CP@TRINITY_DN2884_c0_g1::CP@TRINITY_DN2884_c0_g1_i9::g.9929::m.9929	58.475	118	49	0	28	145	22	139	1.22e-43	140
Sphadest	CP@TRINITY_DN2884_c0_g1::CP@TRINITY_DN2884_c0_g1_i4::g.9927::m.9927	58.475	118	49	0	28	145	22	139	1.22e-43	140
Sphadest	CP@TRINITY_DN2884_c0_g1::CP@TRINITY_DN2884_c0_g1_i3::g.9926::m.9926	58.475	118	49	0	28	145	22	139	1.22e-43	140
Sphadest	CP@TRINITY_DN2884_c0_g1::CP@TRINITY_DN2884_c0_g1_i14::g.9921::m.9921	58.475	118	49	0	28	145	22	139	1.22e-43	140
Sphadest	CP@TRINITY_DN2884_c0_g1::CP@TRINITY_DN2884_c0_g1_i10::g.9917::m.9917	58.475	118	49	0	28	145	22	139	1.22e-43	140
Sphadest	CP@TRINITY_DN2884_c0_g1::CP@TRINITY_DN2884_c0_g1_i1::g.9913::m.9913	58.475	118	49	0	28	145	22	139	1.22e-43	140
Gephhuxl	CP@TRINITY_DN5648_c0_g1::CP@TRINITY_DN5648_c0_g1_i1::g.16064::m.16064	56.934	137	57	1	7	143	4	138	2.54e-50	157
Gephhuxl	CP@TRINITY_DN15431_c0_g1::CP@TRINITY_DN15431_c0_g1_i1::g.42237::m.42237	54.545	143	60	2	1	143	1	138	1.58e-48	152
Gephhuxl	CP@TRINITY_DN2884_c0_g1::CP@TRINITY_DN2884_c0_g1_i9::g.9929::m.9929	55.000	120	54	0	24	143	23	142	6.20e-41	133
Gephhuxl	CP@TRINITY_DN2884_c0_g1::CP@TRINITY_DN2884_c0_g1_i4::g.9927::m.9927	55.000	120	54	0	24	143	23	142	6.20e-41	133
Gephhuxl	CP@TRINITY_DN2884_c0_g1::CP@TRINITY_DN2884_c0_g1_i3::g.9926::m.9926	55.000	120	54	0	24	143	23	142	6.20e-41	133
Gephhuxl	CP@TRINITY_DN2884_c0_g1::CP@TRINITY_DN2884_c0_g1_i14::g.9921::m.9921	55.000	120	54	0	24	143	23	142	6.20e-41	133
Gephhuxl	CP@TRINITY_DN2884_c0_g1::CP@TRINITY_DN2884_c0_g1_i10::g.9917::m.9917	55.000	120	54	0	24	143	23	142	6.20e-41	133
Gephhuxl	CP@TRINITY_DN2884_c0_g1::CP@TRINITY_DN2884_c0_g1_i1::g.9913::m.9913	55.000	120	54	0	24	143	23	142	6.20e-41	133
Calclept	CP@TRINITY_DN5648_c0_g1::CP@TRINITY_DN5648_c0_g1_i1::g.16064::m.16064	56.618	136	57	1	15	148	5	140	3.59e-49	154
Calclept	CP@TRINITY_DN15431_c0_g1::CP@TRINITY_DN15431_c0_g1_i1::g.42237::m.42237	56.716	134	55	2	17	148	8	140	7.31e-49	154
Phaeglob	CP@TRINITY_DN5648_c0_g1::CP@TRINITY_DN5648_c0_g1_i1::g.16064::m.16064	62.205	127	46	1	21	147	12	136	7.40e-52	161
Phaeglob	CP@TRINITY_DN15431_c0_g1::CP@TRINITY_DN15431_c0_g1_i1::g.42237::m.42237	55.396	139	58	1	9	147	2	136	4.60e-51	159
Phaeglob	CP@TRINITY_DN2884_c0_g1::CP@TRINITY_DN2884_c0_g1_i9::g.9929::m.9929	58.974	117	48	0	30	146	23	139	2.57e-44	142
Phaeglob	CP@TRINITY_DN2884_c0_g1::CP@TRINITY_DN2884_c0_g1_i4::g.9927::m.9927	58.974	117	48	0	30	146	23	139	2.57e-44	142
Phaeglob	CP@TRINITY_DN2884_c0_g1::CP@TRINITY_DN2884_c0_g1_i3::g.9926::m.9926	58.974	117	48	0	30	146	23	139	2.57e-44	142
Phaeglob	CP@TRINITY_DN2884_c0_g1::CP@TRINITY_DN2884_c0_g1_i14::g.9921::m.9921	58.974	117	48	0	30	146	23	139	2.57e-44	142
Phaeglob	CP@TRINITY_DN2884_c0_g1::CP@TRINITY_DN2884_c0_g1_i10::g.9917::m.9917	58.974	117	48	0	30	146	23	139	2.57e-44	142
Phaeglob	CP@TRINITY_DN2884_c0_g1::CP@TRINITY_DN2884_c0_g1_i1::g.9913::m.9913	58.974	117	48	0	30	146	23	139	2.57e-44	142
Phaeglob	CP@TRINITY_DN236_c0_g1::CP@TRINITY_DN236_c0_g1_i7::g.49269::m.49269	57.265	117	50	0	30	146	23	139	2.63e-43	140
Phaeglob	CP@TRINITY_DN236_c0_g1::CP@TRINITY_DN236_c0_g1_i2::g.49263::m.49263	57.265	117	50	0	30	146	23	139	2.63e-43	140
Phaeglob	CP@TRINITY_DN236_c0_g1::CP@TRINITY_DN236_c0_g1_i12::g.49260::m.49260	57.265	117	50	0	30	146	23	139	2.63e-43	140
Eimebrun	CP@TRINITY_DN15431_c0_g1::CP@TRINITY_DN15431_c0_g1_i1::g.42237::m.42237	51.064	141	65	1	1	141	1	137	2.59e-43	139
Eimebrun	CP@TRINITY_DN5648_c0_g1::CP@TRINITY_DN5648_c0_g1_i1::g.16064::m.16064	51.064	141	65	2	1	141	1	137	8.89e-43	138
Creofrag	CP@TRINITY_DN5648_c0_g1::CP@TRINITY_DN5648_c0_g1_i1::g.16064::m.16064	63.830	141	44	2	4	144	5	138	6.45e-55	169
Creofrag	CP@TRINITY_DN15431_c0_g1::CP@TRINITY_DN15431_c0_g1_i1::g.42237::m.42237	61.871	139	50	1	6	144	3	138	5.13e-53	164
Creofrag	CP@TRINITY_DN2884_c0_g1::CP@TRINITY_DN2884_c0_g1_i9::g.9929::m.9929	56.780	118	51	0	24	141	22	139	6.46e-42	136
Creofrag	CP@TRINITY_DN2884_c0_g1::CP@TRINITY_DN2884_c0_g1_i4::g.9927::m.9927	56.780	118	51	0	24	141	22	139	6.46e-42	136
Creofrag	CP@TRINITY_DN2884_c0_g1::CP@TRINITY_DN2884_c0_g1_i3::g.9926::m.9926	56.780	118	51	0	24	141	22	139	6.46e-42	136
Creofrag	CP@TRINITY_DN2884_c0_g1::CP@TRINITY_DN2884_c0_g1_i14::g.9921::m.9921	56.780	118	51	0	24	141	22	139	6.46e-42	136
Creofrag	CP@TRINITY_DN2884_c0_g1::CP@TRINITY_DN2884_c0_g1_i10::g.9917::m.9917	56.780	118	51	0	24	141	22	139	6.46e-42	136
Creofrag	CP@TRINITY_DN2884_c0_g1::CP@TRINITY_DN2884_c0_g1_i1::g.9913::m.9913	56.780	118	51	0	24	141	22	139	6.46e-42	136
Creofrag	CP@TRINITY_DN236_c0_g1::CP@TRINITY_DN236_c0_g1_i7::g.49269::m.49269	54.918	122	55	0	24	145	22	143	2.39e-41	134
Creofrag	CP@TRINITY_DN236_c0_g1::CP@TRINITY_DN236_c0_g1_i2::g.49263::m.49263	54.918	122	55	0	24	145	22	143	2.39e-41	134
Creofrag	CP@TRINITY_DN236_c0_g1::CP@TRINITY_DN236_c0_g1_i12::g.49260::m.49260	54.918	122	55	0	24	145	22	143	2.39e-41	134
Homosapi	CP@TRINITY_DN5648_c0_g1::CP@TRINITY_DN5648_c0_g1_i1::g.16064::m.16064	73.600	125	33	0	8	132	15	139	5.43e-62	186
Homosapi	CP@TRINITY_DN15431_c0_g1::CP@TRINITY_DN15431_c0_g1_i1::g.42237::m.42237	71.774	124	35	0	9	132	16	139	2.94e-61	184
Homosapi	CP@TRINITY_DN236_c0_g1::CP@TRINITY_DN236_c0_g1_i7::g.49269::m.49269	57.983	119	50	0	10	128	21	139	1.24e-44	142
Homosapi	CP@TRINITY_DN236_c0_g1::CP@TRINITY_DN236_c0_g1_i2::g.49263::m.49263	57.983	119	50	0	10	128	21	139	1.24e-44	142
Homosapi	CP@TRINITY_DN236_c0_g1::CP@TRINITY_DN236_c0_g1_i12::g.49260::m.49260	57.983	119	50	0	10	128	21	139	1.24e-44	142
Homosapi	CP@TRINITY_DN2884_c0_g1::CP@TRINITY_DN2884_c0_g1_i9::g.9929::m.9929	57.143	119	51	0	10	128	21	139	2.06e-43	139
Homosapi	CP@TRINITY_DN2884_c0_g1::CP@TRINITY_DN2884_c0_g1_i4::g.9927::m.9927	57.143	119	51	0	10	128	21	139	2.06e-43	139
Homosapi	CP@TRINITY_DN2884_c0_g1::CP@TRINITY_DN2884_c0_g1_i3::g.9926::m.9926	57.143	119	51	0	10	128	21	139	2.06e-43	139
Homosapi	CP@TRINITY_DN2884_c0_g1::CP@TRINITY_DN2884_c0_g1_i14::g.9921::m.9921	57.143	119	51	0	10	128	21	139	2.06e-43	139
Homosapi	CP@TRINITY_DN2884_c0_g1::CP@TRINITY_DN2884_c0_g1_i10::g.9917::m.9917	57.143	119	51	0	10	128	21	139	2.06e-43	139
Homosapi	CP@TRINITY_DN2884_c0_g1::CP@TRINITY_DN2884_c0_g1_i1::g.9913::m.9913	57.143	119	51	0	10	128	21	139	2.06e-43	139
Nemavect	CP@TRINITY_DN5648_c0_g1::CP@TRINITY_DN5648_c0_g1_i1::g.16064::m.16064	71.223	139	40	0	1	139	1	139	5.16e-68	202
Nemavect	CP@TRINITY_DN15431_c0_g1::CP@TRINITY_DN15431_c0_g1_i1::g.42237::m.42237	68.345	139	44	0	1	139	1	139	2.94e-66	197
Nemavect	CP@TRINITY_DN236_c0_g1::CP@TRINITY_DN236_c0_g1_i7::g.49269::m.49269	47.887	142	70	1	1	138	1	142	2.60e-41	134
Nemavect	CP@TRINITY_DN236_c0_g1::CP@TRINITY_DN236_c0_g1_i2::g.49263::m.49263	47.887	142	70	1	1	138	1	142	2.60e-41	134
Nemavect	CP@TRINITY_DN236_c0_g1::CP@TRINITY_DN236_c0_g1_i12::g.49260::m.49260	47.887	142	70	1	1	138	1	142	2.60e-41	134
Nemavect	CP@TRINITY_DN2884_c0_g1::CP@TRINITY_DN2884_c0_g1_i9::g.9929::m.9929	50.000	142	67	1	1	138	1	142	4.84e-41	134
Nemavect	CP@TRINITY_DN2884_c0_g1::CP@TRINITY_DN2884_c0_g1_i4::g.9927::m.9927	50.000	142	67	1	1	138	1	142	4.84e-41	134
Nemavect	CP@TRINITY_DN2884_c0_g1::CP@TRINITY_DN2884_c0_g1_i3::g.9926::m.9926	50.000	142	67	1	1	138	1	142	4.84e-41	134
Nemavect	CP@TRINITY_DN2884_c0_g1::CP@TRINITY_DN2884_c0_g1_i14::g.9921::m.9921	50.000	142	67	1	1	138	1	142	4.84e-41	134
Nemavect	CP@TRINITY_DN2884_c0_g1::CP@TRINITY_DN2884_c0_g1_i10::g.9917::m.9917	50.000	142	67	1	1	138	1	142	4.84e-41	134
Nemavect	CP@TRINITY_DN2884_c0_g1::CP@TRINITY_DN2884_c0_g1_i1::g.9913::m.9913	50.000	142	67	1	1	138	1	142	4.84e-41	134
Pigoviet	CP@TRINITY_DN15431_c0_g1::CP@TRINITY_DN15431_c0_g1_i1::g.42237::m.42237	62.222	135	50	1	36	169	5	139	7.60e-55	169
Pigoviet	CP@TRINITY_DN5648_c0_g1::CP@TRINITY_DN5648_c0_g1_i1::g.16064::m.16064	65.152	132	45	1	36	166	5	136	4.67e-54	167
Pigoviet	CP@TRINITY_DN2884_c0_g1::CP@TRINITY_DN2884_c0_g1_i9::g.9929::m.9929	54.098	122	56	0	47	168	21	142	1.39e-41	136
Pigoviet	CP@TRINITY_DN2884_c0_g1::CP@TRINITY_DN2884_c0_g1_i4::g.9927::m.9927	54.098	122	56	0	47	168	21	142	1.39e-41	136
Pigoviet	CP@TRINITY_DN2884_c0_g1::CP@TRINITY_DN2884_c0_g1_i3::g.9926::m.9926	54.098	122	56	0	47	168	21	142	1.39e-41	136
Pigoviet	CP@TRINITY_DN2884_c0_g1::CP@TRINITY_DN2884_c0_g1_i14::g.9921::m.9921	54.098	122	56	0	47	168	21	142	1.39e-41	136
Pigoviet	CP@TRINITY_DN2884_c0_g1::CP@TRINITY_DN2884_c0_g1_i10::g.9917::m.9917	54.098	122	56	0	47	168	21	142	1.39e-41	136
Pigoviet	CP@TRINITY_DN2884_c0_g1::CP@TRINITY_DN2884_c0_g1_i1::g.9913::m.9913	54.098	122	56	0	47	168	21	142	1.39e-41	136
Batrdend	CP@TRINITY_DN5648_c0_g1::CP@TRINITY_DN5648_c0_g1_i1::g.16064::m.16064	57.042	142	51	2	4	144	5	137	8.96e-49	153
Batrdend	CP@TRINITY_DN15431_c0_g1::CP@TRINITY_DN15431_c0_g1_i1::g.42237::m.42237	57.037	135	58	0	11	145	4	138	1.60e-48	152
Batrdend	CP@TRINITY_DN236_c0_g1::CP@TRINITY_DN236_c0_g1_i7::g.49269::m.49269	62.185	119	45	0	24	142	21	139	7.04e-48	151
Batrdend	CP@TRINITY_DN236_c0_g1::CP@TRINITY_DN236_c0_g1_i2::g.49263::m.49263	62.185	119	45	0	24	142	21	139	7.04e-48	151
Batrdend	CP@TRINITY_DN236_c0_g1::CP@TRINITY_DN236_c0_g1_i12::g.49260::m.49260	62.185	119	45	0	24	142	21	139	7.04e-48	151
Batrdend	CP@TRINITY_DN2884_c0_g1::CP@TRINITY_DN2884_c0_g1_i9::g.9929::m.9929	62.185	119	45	0	24	142	21	139	1.78e-47	150
Batrdend	CP@TRINITY_DN2884_c0_g1::CP@TRINITY_DN2884_c0_g1_i4::g.9927::m.9927	62.185	119	45	0	24	142	21	139	1.78e-47	150
Batrdend	CP@TRINITY_DN2884_c0_g1::CP@TRINITY_DN2884_c0_g1_i3::g.9926::m.9926	62.185	119	45	0	24	142	21	139	1.78e-47	150
Batrdend	CP@TRINITY_DN2884_c0_g1::CP@TRINITY_DN2884_c0_g1_i14::g.9921::m.9921	62.185	119	45	0	24	142	21	139	1.78e-47	150
Batrdend	CP@TRINITY_DN2884_c0_g1::CP@TRINITY_DN2884_c0_g1_i10::g.9917::m.9917	62.185	119	45	0	24	142	21	139	1.78e-47	150
Batrdend	CP@TRINITY_DN2884_c0_g1::CP@TRINITY_DN2884_c0_g1_i1::g.9913::m.9913	62.185	119	45	0	24	142	21	139	1.78e-47	150
Batrdend	CP@TRINITY_DN236_c0_g1::CP@TRINITY_DN236_c0_g1_i5::g.49266::m.49266	65.049	103	36	0	24	126	21	123	1.96e-41	135
Protfung	CP@TRINITY_DN15431_c0_g1::CP@TRINITY_DN15431_c0_g1_i1::g.42237::m.42237	52.857	140	65	1	1	140	1	139	1.40e-47	150
Protfung	CP@TRINITY_DN5648_c0_g1::CP@TRINITY_DN5648_c0_g1_i1::g.16064::m.16064	54.745	137	61	1	1	137	1	136	7.99e-47	148
ChoanoFB	CP@TRINITY_DN5648_c0_g1::CP@TRINITY_DN5648_c0_g1_i1::g.16064::m.16064	62.992	127	47	0	32	158	10	136	1.18e-51	162
ChoanoFB	CP@TRINITY_DN15431_c0_g1::CP@TRINITY_DN15431_c0_g1_i1::g.42237::m.42237	62.016	129	47	1	32	160	12	138	2.06e-50	159
ChoanoFB	CP@TRINITY_DN236_c0_g1::CP@TRINITY_DN236_c0_g1_i7::g.49269::m.49269	54.098	122	56	0	39	160	21	142	4.63e-43	140
ChoanoFB	CP@TRINITY_DN236_c0_g1::CP@TRINITY_DN236_c0_g1_i2::g.49263::m.49263	54.098	122	56	0	39	160	21	142	4.63e-43	140
ChoanoFB	CP@TRINITY_DN236_c0_g1::CP@TRINITY_DN236_c0_g1_i12::g.49260::m.49260	54.098	122	56	0	39	160	21	142	4.63e-43	140
ChoanoFB	CP@TRINITY_DN2884_c0_g1::CP@TRINITY_DN2884_c0_g1_i9::g.9929::m.9929	56.303	119	52	0	39	157	21	139	1.17e-42	140
ChoanoFB	CP@TRINITY_DN2884_c0_g1::CP@TRINITY_DN2884_c0_g1_i4::g.9927::m.9927	56.303	119	52	0	39	157	21	139	1.17e-42	140
ChoanoFB	CP@TRINITY_DN2884_c0_g1::CP@TRINITY_DN2884_c0_g1_i3::g.9926::m.9926	56.303	119	52	0	39	157	21	139	1.17e-42	140
ChoanoFB	CP@TRINITY_DN2884_c0_g1::CP@TRINITY_DN2884_c0_g1_i14::g.9921::m.9921	56.303	119	52	0	39	157	21	139	1.17e-42	140
ChoanoFB	CP@TRINITY_DN2884_c0_g1::CP@TRINITY_DN2884_c0_g1_i10::g.9917::m.9917	56.303	119	52	0	39	157	21	139	1.17e-42	140
ChoanoFB	CP@TRINITY_DN2884_c0_g1::CP@TRINITY_DN2884_c0_g1_i1::g.9913::m.9913	56.303	119	52	0	39	157	21	139	1.17e-42	140
Raphhete	CP@TRINITY_DN15431_c0_g1::CP@TRINITY_DN15431_c0_g1_i1::g.42237::m.42237	56.522	138	54	1	17	148	1	138	1.86e-49	155
Raphhete	CP@TRINITY_DN5648_c0_g1::CP@TRINITY_DN5648_c0_g1_i1::g.16064::m.16064	56.589	129	56	0	20	148	10	138	6.38e-47	149
Raphhete	CP@TRINITY_DN236_c0_g1::CP@TRINITY_DN236_c0_g1_i7::g.49269::m.49269	53.846	117	54	0	29	145	23	139	4.45e-41	134
Raphhete	CP@TRINITY_DN236_c0_g1::CP@TRINITY_DN236_c0_g1_i2::g.49263::m.49263	53.846	117	54	0	29	145	23	139	4.45e-41	134
Raphhete	CP@TRINITY_DN236_c0_g1::CP@TRINITY_DN236_c0_g1_i12::g.49260::m.49260	53.846	117	54	0	29	145	23	139	4.45e-41	134
Rainerin	CP@TRINITY_DN15431_c0_g1::CP@TRINITY_DN15431_c0_g1_i1::g.42237::m.42237	55.474	137	53	2	25	153	1	137	1.51e-46	148
Rainerin	CP@TRINITY_DN5648_c0_g1::CP@TRINITY_DN5648_c0_g1_i1::g.16064::m.16064	56.934	137	51	3	25	153	1	137	1.85e-46	148
Capsowcz	CP@TRINITY_DN5648_c0_g1::CP@TRINITY_DN5648_c0_g1_i1::g.16064::m.16064	65.649	131	44	1	14	144	7	136	2.60e-56	172
Capsowcz	CP@TRINITY_DN15431_c0_g1::CP@TRINITY_DN15431_c0_g1_i1::g.42237::m.42237	59.441	143	49	1	4	146	5	138	1.56e-55	171
Capsowcz	CP@TRINITY_DN2884_c0_g1::CP@TRINITY_DN2884_c0_g1_i9::g.9929::m.9929	55.833	120	53	0	27	146	23	142	8.69e-43	138
Capsowcz	CP@TRINITY_DN2884_c0_g1::CP@TRINITY_DN2884_c0_g1_i4::g.9927::m.9927	55.833	120	53	0	27	146	23	142	8.69e-43	138
Capsowcz	CP@TRINITY_DN2884_c0_g1::CP@TRINITY_DN2884_c0_g1_i3::g.9926::m.9926	55.833	120	53	0	27	146	23	142	8.69e-43	138
Capsowcz	CP@TRINITY_DN2884_c0_g1::CP@TRINITY_DN2884_c0_g1_i14::g.9921::m.9921	55.833	120	53	0	27	146	23	142	8.69e-43	138
Capsowcz	CP@TRINITY_DN2884_c0_g1::CP@TRINITY_DN2884_c0_g1_i10::g.9917::m.9917	55.833	120	53	0	27	146	23	142	8.69e-43	138
Capsowcz	CP@TRINITY_DN2884_c0_g1::CP@TRINITY_DN2884_c0_g1_i1::g.9913::m.9913	55.833	120	53	0	27	146	23	142	8.69e-43	138
Capsowcz	CP@TRINITY_DN236_c0_g1::CP@TRINITY_DN236_c0_g1_i7::g.49269::m.49269	55.000	120	54	0	27	146	23	142	9.07e-43	138
Capsowcz	CP@TRINITY_DN236_c0_g1::CP@TRINITY_DN236_c0_g1_i2::g.49263::m.49263	55.000	120	54	0	27	146	23	142	9.07e-43	138
Capsowcz	CP@TRINITY_DN236_c0_g1::CP@TRINITY_DN236_c0_g1_i12::g.49260::m.49260	55.000	120	54	0	27	146	23	142	9.07e-43	138
Acancast	CP@TRINITY_DN5648_c0_g1::CP@TRINITY_DN5648_c0_g1_i1::g.16064::m.16064	57.143	133	56	1	18	150	8	139	8.49e-48	151
Acancast	CP@TRINITY_DN15431_c0_g1::CP@TRINITY_DN15431_c0_g1_i1::g.42237::m.42237	52.000	150	61	3	1	150	1	139	6.49e-46	146
Haloseos	CP@TRINITY_DN5648_c0_g1::CP@TRINITY_DN5648_c0_g1_i1::g.16064::m.16064	50.000	126	63	0	12	137	11	136	6.57e-43	138
Haloseos	CP@TRINITY_DN15431_c0_g1::CP@TRINITY_DN15431_c0_g1_i1::g.42237::m.42237	48.413	126	65	0	12	137	11	136	1.03e-41	135
Albulaib	CP@TRINITY_DN15431_c0_g1::CP@TRINITY_DN15431_c0_g1_i1::g.42237::m.42237	56.349	126	55	0	8	133	13	138	5.53e-43	138
Albulaib	CP@TRINITY_DN5648_c0_g1::CP@TRINITY_DN5648_c0_g1_i1::g.16064::m.16064	58.678	121	50	0	11	131	16	136	1.37e-42	137
Pythirre	CP@TRINITY_DN5648_c0_g1::CP@TRINITY_DN5648_c0_g1_i1::g.16064::m.16064	57.692	130	52	1	5	131	7	136	1.42e-44	142
Pythirre	CP@TRINITY_DN15431_c0_g1::CP@TRINITY_DN15431_c0_g1_i1::g.42237::m.42237	58.140	129	49	2	8	133	12	138	3.91e-44	141
Saprdecl	CP@TRINITY_DN15431_c0_g1::CP@TRINITY_DN15431_c0_g1_i1::g.42237::m.42237	58.400	125	49	1	10	131	14	138	1.35e-44	142
Saprdecl	CP@TRINITY_DN5648_c0_g1::CP@TRINITY_DN5648_c0_g1_i1::g.16064::m.16064	62.281	114	43	0	17	130	24	137	1.79e-44	142
Deveeleg	CP@TRINITY_DN5648_c0_g1::CP@TRINITY_DN5648_c0_g1_i1::g.16064::m.16064	53.901	141	59	2	14	153	1	136	1.36e-41	135
Tribgaya	CP@TRINITY_DN15431_c0_g1::CP@TRINITY_DN15431_c0_g1_i1::g.42237::m.42237	51.064	141	64	1	23	163	1	136	4.27e-42	137
Fibrjapo	CP@TRINITY_DN15431_c0_g1::CP@TRINITY_DN15431_c0_g1_i1::g.42237::m.42237	51.493	134	65	0	13	146	6	139	8.53e-43	138
Chatsubs	CP@TRINITY_DN5648_c0_g1::CP@TRINITY_DN5648_c0_g1_i1::g.16064::m.16064	52.239	134	64	0	5	138	3	136	7.50e-41	133
Pseuelas	CP@TRINITY_DN15431_c0_g1::CP@TRINITY_DN15431_c0_g1_i1::g.42237::m.42237	47.857	140	67	1	3	142	6	139	5.96e-41	133
Pseuelas	CP@TRINITY_DN5648_c0_g1::CP@TRINITY_DN5648_c0_g1_i1::g.16064::m.16064	49.275	138	69	1	5	142	3	139	9.96e-41	133
Pedi2098	CP@TRINITY_DN15431_c0_g1::CP@TRINITY_DN15431_c0_g1_i1::g.42237::m.42237	53.030	132	62	0	11	142	8	139	5.30e-45	144
Pedi2098	CP@TRINITY_DN5648_c0_g1::CP@TRINITY_DN5648_c0_g1_i1::g.16064::m.16064	57.851	121	51	0	22	142	19	139	9.39e-44	140
Flor1587	CP@TRINITY_DN15431_c0_g1::CP@TRINITY_DN15431_c0_g1_i1::g.42237::m.42237	54.400	125	57	0	19	143	14	138	1.86e-43	140
Flor1587	CP@TRINITY_DN5648_c0_g1::CP@TRINITY_DN5648_c0_g1_i1::g.16064::m.16064	57.143	119	51	0	23	141	18	136	3.95e-43	139
Aurelagu	CP@TRINITY_DN15431_c0_g1::CP@TRINITY_DN15431_c0_g1_i1::g.42237::m.42237	54.478	134	60	1	14	146	5	138	1.40e-43	140
Aurelagu	CP@TRINITY_DN5648_c0_g1::CP@TRINITY_DN5648_c0_g1_i1::g.16064::m.16064	55.224	134	58	1	11	144	5	136	2.53e-42	137
Chryfrag	CP@TRINITY_DN15431_c0_g1::CP@TRINITY_DN15431_c0_g1_i1::g.42237::m.42237	51.852	135	65	0	9	143	5	139	5.73e-43	139
Chryfrag	CP@TRINITY_DN5648_c0_g1::CP@TRINITY_DN5648_c0_g1_i1::g.16064::m.16064	54.545	132	60	0	9	140	5	136	2.50e-42	137
Pelacalc	CP@TRINITY_DN5648_c0_g1::CP@TRINITY_DN5648_c0_g1_i1::g.16064::m.16064	50.000	138	69	0	7	144	1	138	6.41e-41	134
Pedoelon	CP@TRINITY_DN15431_c0_g1::CP@TRINITY_DN15431_c0_g1_i1::g.42237::m.42237	52.000	125	60	0	18	142	15	139	1.56e-41	135
Schiaggr	CP@TRINITY_DN15431_c0_g1::CP@TRINITY_DN15431_c0_g1_i1::g.42237::m.42237	53.676	136	61	1	4	139	3	136	7.10e-44	140
Schiaggr	CP@TRINITY_DN5648_c0_g1::CP@TRINITY_DN5648_c0_g1_i1::g.16064::m.16064	52.174	138	63	1	7	141	1	138	5.24e-43	139
ThraLLF1	CP@TRINITY_DN5648_c0_g1::CP@TRINITY_DN5648_c0_g1_i1::g.16064::m.16064	51.471	136	63	1	8	140	1	136	2.49e-43	139
ThraLLF1	CP@TRINITY_DN15431_c0_g1::CP@TRINITY_DN15431_c0_g1_i1::g.42237::m.42237	50.365	137	66	1	5	141	3	137	2.55e-43	139
Auralima	CP@TRINITY_DN15431_c0_g1::CP@TRINITY_DN15431_c0_g1_i1::g.42237::m.42237	53.901	141	61	1	1	141	1	137	1.21e-44	143
Auralima	CP@TRINITY_DN5648_c0_g1::CP@TRINITY_DN5648_c0_g1_i1::g.16064::m.16064	55.639	133	56	2	8	140	7	136	1.91e-44	142
BlasS7SB	CP@TRINITY_DN5648_c0_g1::CP@TRINITY_DN5648_c0_g1_i1::g.16064::m.16064	51.852	135	59	1	5	139	11	139	7.12e-44	140
BlasS7SB	CP@TRINITY_DN15431_c0_g1::CP@TRINITY_DN15431_c0_g1_i1::g.42237::m.42237	54.545	121	55	0	19	139	19	139	6.33e-43	138
Vannfimi	CP@TRINITY_DN15431_c0_g1::CP@TRINITY_DN15431_c0_g1_i1::g.42237::m.42237	53.147	143	62	1	1	143	1	138	5.96e-46	146
Vannfimi	CP@TRINITY_DN5648_c0_g1::CP@TRINITY_DN5648_c0_g1_i1::g.16064::m.16064	52.778	144	63	2	1	144	1	139	5.07e-45	144
Gromspha	CP@TRINITY_DN5648_c0_g1::CP@TRINITY_DN5648_c0_g1_i1::g.16064::m.16064	55.285	123	55	0	1	123	18	140	4.22e-46	145
Gromspha	CP@TRINITY_DN15431_c0_g1::CP@TRINITY_DN15431_c0_g1_i1::g.42237::m.42237	54.472	123	56	0	1	123	18	140	7.54e-46	145
MatazaD1	CP@TRINITY_DN15431_c0_g1::CP@TRINITY_DN15431_c0_g1_i1::g.42237::m.42237	52.941	136	61	1	12	147	6	138	9.76e-43	138
MatazaD1	CP@TRINITY_DN5648_c0_g1::CP@TRINITY_DN5648_c0_g1_i1::g.16064::m.16064	55.462	119	53	0	29	147	20	138	4.08e-42	136
Brevmoto	CP@TRINITY_DN15431_c0_g1::CP@TRINITY_DN15431_c0_g1_i1::g.42237::m.42237	52.066	121	58	0	38	158	17	137	2.79e-44	142
Brevmoto	CP@TRINITY_DN5648_c0_g1::CP@TRINITY_DN5648_c0_g1_i1::g.16064::m.16064	50.413	121	60	0	38	158	17	137	4.86e-44	142
Cyanmero	CP@TRINITY_DN5648_c0_g1::CP@TRINITY_DN5648_c0_g1_i1::g.16064::m.16064	51.389	144	62	1	1	144	1	136	3.09e-43	139
Cyanmero	CP@TRINITY_DN15431_c0_g1::CP@TRINITY_DN15431_c0_g1_i1::g.42237::m.42237	50.340	147	63	3	1	146	1	138	3.76e-42	137
Rhodsali	CP@TRINITY_DN5648_c0_g1::CP@TRINITY_DN5648_c0_g1_i1::g.16064::m.16064	51.429	140	63	1	38	177	1	135	3.11e-46	148
Rhodsali	CP@TRINITY_DN15431_c0_g1::CP@TRINITY_DN15431_c0_g1_i1::g.42237::m.42237	51.095	137	66	1	44	180	3	138	1.70e-45	146
Bafffrig	CP@TRINITY_DN15431_c0_g1::CP@TRINITY_DN15431_c0_g1_i1::g.42237::m.42237	55.039	129	58	0	31	159	7	135	3.40e-47	150
Bafffrig	CP@TRINITY_DN5648_c0_g1::CP@TRINITY_DN5648_c0_g1_i1::g.16064::m.16064	58.824	119	49	0	41	159	17	135	3.29e-46	147
Bafffrig	CP@TRINITY_DN2884_c0_g1::CP@TRINITY_DN2884_c0_g1_i9::g.9929::m.9929	53.719	121	56	0	41	161	21	141	4.72e-42	137
Bafffrig	CP@TRINITY_DN2884_c0_g1::CP@TRINITY_DN2884_c0_g1_i4::g.9927::m.9927	53.719	121	56	0	41	161	21	141	4.72e-42	137
Bafffrig	CP@TRINITY_DN2884_c0_g1::CP@TRINITY_DN2884_c0_g1_i3::g.9926::m.9926	53.719	121	56	0	41	161	21	141	4.72e-42	137
Bafffrig	CP@TRINITY_DN2884_c0_g1::CP@TRINITY_DN2884_c0_g1_i14::g.9921::m.9921	53.719	121	56	0	41	161	21	141	4.72e-42	137
Bafffrig	CP@TRINITY_DN2884_c0_g1::CP@TRINITY_DN2884_c0_g1_i10::g.9917::m.9917	53.719	121	56	0	41	161	21	141	4.72e-42	137
Bafffrig	CP@TRINITY_DN2884_c0_g1::CP@TRINITY_DN2884_c0_g1_i1::g.9913::m.9913	53.719	121	56	0	41	161	21	141	4.72e-42	137
Bafffrig	CP@TRINITY_DN236_c0_g1::CP@TRINITY_DN236_c0_g1_i7::g.49269::m.49269	54.167	120	55	0	41	160	21	140	2.64e-41	135
Bafffrig	CP@TRINITY_DN236_c0_g1::CP@TRINITY_DN236_c0_g1_i2::g.49263::m.49263	54.167	120	55	0	41	160	21	140	2.64e-41	135
Bafffrig	CP@TRINITY_DN236_c0_g1::CP@TRINITY_DN236_c0_g1_i12::g.49260::m.49260	54.167	120	55	0	41	160	21	140	2.64e-41	135
Cryppara	CP@TRINITY_DN5648_c0_g1::CP@TRINITY_DN5648_c0_g1_i1::g.16064::m.16064	55.147	136	61	0	5	140	3	138	5.61e-51	159
Cryppara	CP@TRINITY_DN15431_c0_g1::CP@TRINITY_DN15431_c0_g1_i1::g.42237::m.42237	52.206	136	65	0	5	140	3	138	1.40e-48	152
Cryppara	CP@TRINITY_DN2884_c0_g1::CP@TRINITY_DN2884_c0_g1_i9::g.9929::m.9929	53.333	120	56	0	19	138	21	140	7.25e-41	133
Cryppara	CP@TRINITY_DN2884_c0_g1::CP@TRINITY_DN2884_c0_g1_i4::g.9927::m.9927	53.333	120	56	0	19	138	21	140	7.25e-41	133
Cryppara	CP@TRINITY_DN2884_c0_g1::CP@TRINITY_DN2884_c0_g1_i3::g.9926::m.9926	53.333	120	56	0	19	138	21	140	7.25e-41	133
Cryppara	CP@TRINITY_DN2884_c0_g1::CP@TRINITY_DN2884_c0_g1_i14::g.9921::m.9921	53.333	120	56	0	19	138	21	140	7.25e-41	133
Cryppara	CP@TRINITY_DN2884_c0_g1::CP@TRINITY_DN2884_c0_g1_i10::g.9917::m.9917	53.333	120	56	0	19	138	21	140	7.25e-41	133
Cryppara	CP@TRINITY_DN2884_c0_g1::CP@TRINITY_DN2884_c0_g1_i1::g.9913::m.9913	53.333	120	56	0	19	138	21	140	7.25e-41	133
Diacluth	CP@TRINITY_DN15431_c0_g1::CP@TRINITY_DN15431_c0_g1_i1::g.42237::m.42237	53.521	142	61	1	35	176	3	139	6.44e-46	153
Diacluth	CP@TRINITY_DN5648_c0_g1::CP@TRINITY_DN5648_c0_g1_i1::g.16064::m.16064	58.197	122	51	0	55	176	18	139	3.29e-43	146
Pavl2436	CP@TRINITY_DN15431_c0_g1::CP@TRINITY_DN15431_c0_g1_i1::g.42237::m.42237	51.064	141	64	1	12	152	3	138	1.17e-45	145
Pavl2436	CP@TRINITY_DN5648_c0_g1::CP@TRINITY_DN5648_c0_g1_i1::g.16064::m.16064	53.623	138	62	1	13	150	1	136	7.73e-45	144
Pavl2436	CP@TRINITY_DN236_c0_g1::CP@TRINITY_DN236_c0_g1_i7::g.49269::m.49269	54.545	121	55	0	33	153	23	143	1.61e-41	135
Pavl2436	CP@TRINITY_DN236_c0_g1::CP@TRINITY_DN236_c0_g1_i2::g.49263::m.49263	54.545	121	55	0	33	153	23	143	1.61e-41	135
Pavl2436	CP@TRINITY_DN236_c0_g1::CP@TRINITY_DN236_c0_g1_i12::g.49260::m.49260	54.545	121	55	0	33	153	23	143	1.61e-41	135
Chryrota	CP@TRINITY_DN5648_c0_g1::CP@TRINITY_DN5648_c0_g1_i1::g.16064::m.16064	53.077	130	60	1	12	140	3	132	9.04e-42	135
Prymparv	CP@TRINITY_DN15431_c0_g1::CP@TRINITY_DN15431_c0_g1_i1::g.42237::m.42237	55.147	136	61	0	53	188	3	138	6.94e-46	147
Prymparv	CP@TRINITY_DN5648_c0_g1::CP@TRINITY_DN5648_c0_g1_i1::g.16064::m.16064	55.970	134	57	1	55	186	3	136	1.42e-45	147
Prympoly	CP@TRINITY_DN15431_c0_g1::CP@TRINITY_DN15431_c0_g1_i1::g.42237::m.42237	53.147	143	63	2	1	143	1	139	5.71e-43	142
Prympoly	CP@TRINITY_DN5648_c0_g1::CP@TRINITY_DN5648_c0_g1_i1::g.16064::m.16064	54.483	145	58	2	1	143	1	139	2.63e-42	140
Chrycart	CP@TRINITY_DN15431_c0_g1::CP@TRINITY_DN15431_c0_g1_i1::g.42237::m.42237	55.970	134	59	0	12	145	6	139	1.37e-51	160
Chrycart	CP@TRINITY_DN5648_c0_g1::CP@TRINITY_DN5648_c0_g1_i1::g.16064::m.16064	55.172	145	59	2	1	145	1	139	2.58e-49	155
Chrycart	CP@TRINITY_DN2884_c0_g1::CP@TRINITY_DN2884_c0_g1_i9::g.9929::m.9929	55.556	117	52	0	25	141	23	139	6.75e-41	133
Chrycart	CP@TRINITY_DN2884_c0_g1::CP@TRINITY_DN2884_c0_g1_i4::g.9927::m.9927	55.556	117	52	0	25	141	23	139	6.75e-41	133
Chrycart	CP@TRINITY_DN2884_c0_g1::CP@TRINITY_DN2884_c0_g1_i3::g.9926::m.9926	55.556	117	52	0	25	141	23	139	6.75e-41	133
Chrycart	CP@TRINITY_DN2884_c0_g1::CP@TRINITY_DN2884_c0_g1_i14::g.9921::m.9921	55.556	117	52	0	25	141	23	139	6.75e-41	133
Chrycart	CP@TRINITY_DN2884_c0_g1::CP@TRINITY_DN2884_c0_g1_i10::g.9917::m.9917	55.556	117	52	0	25	141	23	139	6.75e-41	133
Chrycart	CP@TRINITY_DN2884_c0_g1::CP@TRINITY_DN2884_c0_g1_i1::g.9913::m.9913	55.556	117	52	0	25	141	23	139	6.75e-41	133
Tisolute	CP@TRINITY_DN15431_c0_g1::CP@TRINITY_DN15431_c0_g1_i1::g.42237::m.42237	52.941	136	62	1	7	142	3	136	8.85e-47	148
Tisolute	CP@TRINITY_DN5648_c0_g1::CP@TRINITY_DN5648_c0_g1_i1::g.16064::m.16064	55.303	132	56	2	12	142	7	136	2.08e-45	145
Idiovort	CP@TRINITY_DN15431_c0_g1::CP@TRINITY_DN15431_c0_g1_i1::g.42237::m.42237	58.108	148	51	3	26	172	1	138	4.60e-46	148
Idiovort	CP@TRINITY_DN5648_c0_g1::CP@TRINITY_DN5648_c0_g1_i1::g.16064::m.16064	56.081	148	54	2	26	172	1	138	6.44e-46	147
Cyanpara	CP@TRINITY_DN15431_c0_g1::CP@TRINITY_DN15431_c0_g1_i1::g.42237::m.42237	60.317	126	50	0	11	136	13	138	7.12e-52	160
Cyanpara	CP@TRINITY_DN5648_c0_g1::CP@TRINITY_DN5648_c0_g1_i1::g.16064::m.16064	62.698	126	45	1	11	134	11	136	6.28e-51	158
Glauincr	CP@TRINITY_DN5648_c0_g1::CP@TRINITY_DN5648_c0_g1_i1::g.16064::m.16064	61.029	136	53	0	1	136	1	136	6.08e-52	161
Glauincr	CP@TRINITY_DN15431_c0_g1::CP@TRINITY_DN15431_c0_g1_i1::g.42237::m.42237	60.741	135	49	2	8	138	4	138	1.26e-50	157
Gloewitr	CP@TRINITY_DN15431_c0_g1::CP@TRINITY_DN15431_c0_g1_i1::g.42237::m.42237	56.489	131	57	0	12	142	8	138	4.26e-48	151
Gloewitr	CP@TRINITY_DN5648_c0_g1::CP@TRINITY_DN5648_c0_g1_i1::g.16064::m.16064	59.055	127	50	1	16	140	10	136	5.96e-46	146
Gloewitr	CP@TRINITY_DN2884_c0_g1::CP@TRINITY_DN2884_c0_g1_i9::g.9929::m.9929	53.782	119	55	0	21	139	21	139	3.24e-41	134
Gloewitr	CP@TRINITY_DN2884_c0_g1::CP@TRINITY_DN2884_c0_g1_i4::g.9927::m.9927	53.782	119	55	0	21	139	21	139	3.24e-41	134
Gloewitr	CP@TRINITY_DN2884_c0_g1::CP@TRINITY_DN2884_c0_g1_i3::g.9926::m.9926	53.782	119	55	0	21	139	21	139	3.24e-41	134
Gloewitr	CP@TRINITY_DN2884_c0_g1::CP@TRINITY_DN2884_c0_g1_i14::g.9921::m.9921	53.782	119	55	0	21	139	21	139	3.24e-41	134
Gloewitr	CP@TRINITY_DN2884_c0_g1::CP@TRINITY_DN2884_c0_g1_i10::g.9917::m.9917	53.782	119	55	0	21	139	21	139	3.24e-41	134
Gloewitr	CP@TRINITY_DN2884_c0_g1::CP@TRINITY_DN2884_c0_g1_i1::g.9913::m.9913	53.782	119	55	0	21	139	21	139	3.24e-41	134
Roomtrun	CP@TRINITY_DN5648_c0_g1::CP@TRINITY_DN5648_c0_g1_i1::g.16064::m.16064	58.955	134	55	0	22	155	2	135	6.85e-51	159
Roomtrun	CP@TRINITY_DN15431_c0_g1::CP@TRINITY_DN15431_c0_g1_i1::g.42237::m.42237	57.246	138	56	1	18	155	1	135	1.05e-50	159
Roomtrun	CP@TRINITY_DN2884_c0_g1::CP@TRINITY_DN2884_c0_g1_i9::g.9929::m.9929	51.220	123	60	0	37	159	21	143	5.41e-41	134
Roomtrun	CP@TRINITY_DN2884_c0_g1::CP@TRINITY_DN2884_c0_g1_i4::g.9927::m.9927	51.220	123	60	0	37	159	21	143	5.41e-41	134
Roomtrun	CP@TRINITY_DN2884_c0_g1::CP@TRINITY_DN2884_c0_g1_i3::g.9926::m.9926	51.220	123	60	0	37	159	21	143	5.41e-41	134
Roomtrun	CP@TRINITY_DN2884_c0_g1::CP@TRINITY_DN2884_c0_g1_i14::g.9921::m.9921	51.220	123	60	0	37	159	21	143	5.41e-41	134
Roomtrun	CP@TRINITY_DN2884_c0_g1::CP@TRINITY_DN2884_c0_g1_i10::g.9917::m.9917	51.220	123	60	0	37	159	21	143	5.41e-41	134
Roomtrun	CP@TRINITY_DN2884_c0_g1::CP@TRINITY_DN2884_c0_g1_i1::g.9913::m.9913	51.220	123	60	0	37	159	21	143	5.41e-41	134
Physpate	CP@TRINITY_DN15431_c0_g1::CP@TRINITY_DN15431_c0_g1_i1::g.42237::m.42237	56.154	130	57	0	14	143	9	138	5.19e-49	154
Physpate	CP@TRINITY_DN5648_c0_g1::CP@TRINITY_DN5648_c0_g1_i1::g.16064::m.16064	58.400	125	52	0	17	141	12	136	3.63e-48	152
Oryzsati	CP@TRINITY_DN5648_c0_g1::CP@TRINITY_DN5648_c0_g1_i1::g.16064::m.16064	57.480	127	54	0	12	138	12	138	4.31e-48	151
Oryzsati	CP@TRINITY_DN15431_c0_g1::CP@TRINITY_DN15431_c0_g1_i1::g.42237::m.42237	55.725	131	58	0	8	138	8	138	5.60e-48	151
Volvcart	CP@TRINITY_DN15431_c0_g1::CP@TRINITY_DN15431_c0_g1_i1::g.42237::m.42237	57.857	140	57	1	1	140	1	138	5.40e-51	159
Volvcart	CP@TRINITY_DN5648_c0_g1::CP@TRINITY_DN5648_c0_g1_i1::g.16064::m.16064	56.115	139	59	1	1	139	1	137	3.78e-48	151
Picosali	CP@TRINITY_DN15431_c0_g1::CP@TRINITY_DN15431_c0_g1_i1::g.42237::m.42237	58.015	131	55	0	12	142	8	138	6.09e-50	156
Picosali	CP@TRINITY_DN5648_c0_g1::CP@TRINITY_DN5648_c0_g1_i1::g.16064::m.16064	55.303	132	56	2	12	141	7	137	1.17e-44	143
Micrpusl	CP@TRINITY_DN15431_c0_g1::CP@TRINITY_DN15431_c0_g1_i1::g.42237::m.42237	54.962	131	59	0	11	141	7	137	4.34e-46	146
Micrpusl	CP@TRINITY_DN5648_c0_g1::CP@TRINITY_DN5648_c0_g1_i1::g.16064::m.16064	57.377	122	52	0	19	140	15	136	5.72e-45	144
Ostrtaur	CP@TRINITY_DN5648_c0_g1::CP@TRINITY_DN5648_c0_g1_i1::g.16064::m.16064	57.353	136	58	0	6	141	1	136	2.32e-48	152
Ostrtaur	CP@TRINITY_DN15431_c0_g1::CP@TRINITY_DN15431_c0_g1_i1::g.42237::m.42237	55.474	137	61	0	6	142	1	137	2.78e-46	147
Rhodmacu	CP@TRINITY_DN15431_c0_g1::CP@TRINITY_DN15431_c0_g1_i1::g.42237::m.42237	55.396	139	60	1	9	147	2	138	3.79e-49	154
Rhodmacu	CP@TRINITY_DN5648_c0_g1::CP@TRINITY_DN5648_c0_g1_i1::g.16064::m.16064	57.664	137	56	1	9	145	2	136	1.71e-48	153
Porpaeru	CP@TRINITY_DN5648_c0_g1::CP@TRINITY_DN5648_c0_g1_i1::g.16064::m.16064	57.576	132	54	1	7	138	7	136	4.09e-44	141
Porpaeru	CP@TRINITY_DN15431_c0_g1::CP@TRINITY_DN15431_c0_g1_i1::g.42237::m.42237	56.557	122	53	0	18	139	16	137	2.23e-42	137
Porpumbi	CP@TRINITY_DN5648_c0_g1::CP@TRINITY_DN5648_c0_g1_i1::g.16064::m.16064	54.962	131	59	0	17	147	9	139	1.52e-48	153
Porpumbi	CP@TRINITY_DN15431_c0_g1::CP@TRINITY_DN15431_c0_g1_i1::g.42237::m.42237	52.672	131	61	1	17	147	10	139	1.89e-45	145
Cerakond	CP@TRINITY_DN15431_c0_g1::CP@TRINITY_DN15431_c0_g1_i1::g.42237::m.42237	52.143	140	63	2	1	140	1	136	5.44e-44	141
Cerakond	CP@TRINITY_DN5648_c0_g1::CP@TRINITY_DN5648_c0_g1_i1::g.16064::m.16064	50.000	140	66	2	1	140	1	136	8.56e-42	135
Choncris	CP@TRINITY_DN5648_c0_g1::CP@TRINITY_DN5648_c0_g1_i1::g.16064::m.16064	51.095	137	65	1	17	151	3	139	1.65e-45	145
Choncris	CP@TRINITY_DN15431_c0_g1::CP@TRINITY_DN15431_c0_g1_i1::g.42237::m.42237	50.365	137	66	2	17	151	3	139	5.92e-43	139
Choncris	CP@TRINITY_DN2884_c0_g1::CP@TRINITY_DN2884_c0_g1_i9::g.9929::m.9929	51.240	121	59	0	29	149	21	141	4.33e-42	137
Choncris	CP@TRINITY_DN2884_c0_g1::CP@TRINITY_DN2884_c0_g1_i4::g.9927::m.9927	51.240	121	59	0	29	149	21	141	4.33e-42	137
Choncris	CP@TRINITY_DN2884_c0_g1::CP@TRINITY_DN2884_c0_g1_i3::g.9926::m.9926	51.240	121	59	0	29	149	21	141	4.33e-42	137
Choncris	CP@TRINITY_DN2884_c0_g1::CP@TRINITY_DN2884_c0_g1_i14::g.9921::m.9921	51.240	121	59	0	29	149	21	141	4.33e-42	137
Choncris	CP@TRINITY_DN2884_c0_g1::CP@TRINITY_DN2884_c0_g1_i10::g.9917::m.9917	51.240	121	59	0	29	149	21	141	4.33e-42	137
Choncris	CP@TRINITY_DN2884_c0_g1::CP@TRINITY_DN2884_c0_g1_i1::g.9913::m.9913	51.240	121	59	0	29	149	21	141	4.33e-42	137
Choncris	CP@TRINITY_DN236_c0_g1::CP@TRINITY_DN236_c0_g1_i7::g.49269::m.49269	50.420	119	59	0	29	147	21	139	7.14e-41	134
Choncris	CP@TRINITY_DN236_c0_g1::CP@TRINITY_DN236_c0_g1_i2::g.49263::m.49263	50.420	119	59	0	29	147	21	139	7.14e-41	134
Choncris	CP@TRINITY_DN236_c0_g1::CP@TRINITY_DN236_c0_g1_i12::g.49260::m.49260	50.420	119	59	0	29	147	21	139	7.14e-41	134
Gratturu	CP@TRINITY_DN15431_c0_g1::CP@TRINITY_DN15431_c0_g1_i1::g.42237::m.42237	51.852	135	63	1	2	134	2	136	1.93e-45	144
Gratturu	CP@TRINITY_DN5648_c0_g1::CP@TRINITY_DN5648_c0_g1_i1::g.16064::m.16064	50.000	134	67	0	1	134	3	136	6.20e-45	143
Gratturu	CP@TRINITY_DN2884_c0_g1::CP@TRINITY_DN2884_c0_g1_i9::g.9929::m.9929	50.420	119	59	0	15	133	21	139	3.64e-41	134
Gratturu	CP@TRINITY_DN2884_c0_g1::CP@TRINITY_DN2884_c0_g1_i4::g.9927::m.9927	50.420	119	59	0	15	133	21	139	3.64e-41	134
Gratturu	CP@TRINITY_DN2884_c0_g1::CP@TRINITY_DN2884_c0_g1_i3::g.9926::m.9926	50.420	119	59	0	15	133	21	139	3.64e-41	134
Gratturu	CP@TRINITY_DN2884_c0_g1::CP@TRINITY_DN2884_c0_g1_i14::g.9921::m.9921	50.420	119	59	0	15	133	21	139	3.64e-41	134
Gratturu	CP@TRINITY_DN2884_c0_g1::CP@TRINITY_DN2884_c0_g1_i10::g.9917::m.9917	50.420	119	59	0	15	133	21	139	3.64e-41	134
Gratturu	CP@TRINITY_DN2884_c0_g1::CP@TRINITY_DN2884_c0_g1_i1::g.9913::m.9913	50.420	119	59	0	15	133	21	139	3.64e-41	134
Rhodmari	CP@TRINITY_DN15431_c0_g1::CP@TRINITY_DN15431_c0_g1_i1::g.42237::m.42237	50.704	142	65	3	1	142	1	137	2.37e-41	135
Compcoer	CP@TRINITY_DN15431_c0_g1::CP@TRINITY_DN15431_c0_g1_i1::g.42237::m.42237	52.899	138	65	0	5	142	2	139	6.02e-46	146
Compcoer	CP@TRINITY_DN5648_c0_g1::CP@TRINITY_DN5648_c0_g1_i1::g.16064::m.16064	55.797	138	57	1	4	141	5	138	7.66e-46	146
Rhodlimn	CP@TRINITY_DN15431_c0_g1::CP@TRINITY_DN15431_c0_g1_i1::g.42237::m.42237	58.741	143	54	1	1	143	1	138	1.19e-52	163
Rhodlimn	CP@TRINITY_DN5648_c0_g1::CP@TRINITY_DN5648_c0_g1_i1::g.16064::m.16064	60.284	141	51	1	1	141	1	136	1.02e-51	160
Rhodemar	CP@TRINITY_DN15431_c0_g1::CP@TRINITY_DN15431_c0_g1_i1::g.42237::m.42237	55.882	136	60	0	1	136	1	136	2.27e-51	159
Rhodemar	CP@TRINITY_DN5648_c0_g1::CP@TRINITY_DN5648_c0_g1_i1::g.16064::m.16064	57.353	136	58	0	1	136	1	136	6.15e-51	158
Ancytwis	CP@TRINITY_DN5648_c0_g1::CP@TRINITY_DN5648_c0_g1_i1::g.16064::m.16064	54.930	142	60	3	32	172	1	139	6.39e-44	142
Ancytwis	CP@TRINITY_DN15431_c0_g1::CP@TRINITY_DN15431_c0_g1_i1::g.42237::m.42237	52.448	143	62	3	32	172	1	139	4.75e-43	140
Chroveli	CP@TRINITY_DN5648_c0_g1::CP@TRINITY_DN5648_c0_g1_i1::g.16064::m.16064	54.545	121	55	0	23	143	19	139	4.97e-42	136
Toxogond	CP@TRINITY_DN5648_c0_g1::CP@TRINITY_DN5648_c0_g1_i1::g.16064::m.16064	54.286	140	61	2	1	140	1	137	2.61e-44	142
Toxogond	CP@TRINITY_DN15431_c0_g1::CP@TRINITY_DN15431_c0_g1_i1::g.42237::m.42237	52.857	140	63	2	1	140	1	137	4.37e-44	141
Platviva	CP@TRINITY_DN15431_c0_g1::CP@TRINITY_DN15431_c0_g1_i1::g.42237::m.42237	47.059	136	72	0	1	136	1	136	2.86e-41	134
Platviva	CP@TRINITY_DN5648_c0_g1::CP@TRINITY_DN5648_c0_g1_i1::g.16064::m.16064	46.043	139	75	0	1	139	1	139	5.89e-41	133
Mantplas	CP@TRINITY_DN15431_c0_g1::CP@TRINITY_DN15431_c0_g1_i1::g.42237::m.42237	57.025	121	49	1	29	146	7	127	2.86e-42	137
Mantplas	CP@TRINITY_DN5648_c0_g1::CP@TRINITY_DN5648_c0_g1_i1::g.16064::m.16064	53.125	128	55	1	19	146	5	127	3.15e-41	135
Veximinu	CP@TRINITY_DN15431_c0_g1::CP@TRINITY_DN15431_c0_g1_i1::g.42237::m.42237	53.030	132	62	0	17	148	7	138	1.28e-46	148
Veximinu	CP@TRINITY_DN5648_c0_g1::CP@TRINITY_DN5648_c0_g1_i1::g.16064::m.16064	52.381	126	60	0	21	146	11	136	3.28e-43	139
Ovaldese	CP@TRINITY_DN5648_c0_g1::CP@TRINITY_DN5648_c0_g1_i1::g.16064::m.16064	54.478	134	59	2	28	159	3	136	6.92e-41	135
Rigiramo	CP@TRINITY_DN5648_c0_g1::CP@TRINITY_DN5648_c0_g1_i1::g.16064::m.16064	51.408	142	65	1	1	142	1	138	2.04e-42	137
Hetepall	CP@TRINITY_DN5648_c0_g1::CP@TRINITY_DN5648_c0_g1_i1::g.16064::m.16064	53.957	139	57	3	3	138	5	139	5.98e-44	141
Hetepall	CP@TRINITY_DN15431_c0_g1::CP@TRINITY_DN15431_c0_g1_i1::g.42237::m.42237	50.360	139	62	2	3	138	5	139	2.08e-42	137
Diphrota	CP@TRINITY_DN5648_c0_g1::CP@TRINITY_DN5648_c0_g1_i1::g.16064::m.16064	52.066	121	58	0	14	134	16	136	8.03e-42	135
Diphrota	CP@TRINITY_DN15431_c0_g1::CP@TRINITY_DN15431_c0_g1_i1::g.42237::m.42237	52.066	121	58	0	14	134	16	136	1.26e-41	135
Trimmari	CP@TRINITY_DN15431_c0_g1::CP@TRINITY_DN15431_c0_g1_i1::g.42237::m.42237	49.275	138	68	1	2	139	3	138	2.78e-48	152
Trimmari	CP@TRINITY_DN5648_c0_g1::CP@TRINITY_DN5648_c0_g1_i1::g.16064::m.16064	51.471	136	64	1	2	137	3	136	1.15e-47	150
Amphquee	CP@TRINITY_DN15431_c0_g1::CP@TRINITY_DN15431_c0_g1_i1::g.42237::m.42237	57.258	124	53	0	7	130	15	138	8.07e-46	145
Amphquee	CP@TRINITY_DN5648_c0_g1::CP@TRINITY_DN5648_c0_g1_i1::g.16064::m.16064	55.814	129	57	0	2	130	10	138	9.31e-46	145
Vermverm	CP@TRINITY_DN15431_c0_g1::CP@TRINITY_DN15431_c0_g1_i1::g.42237::m.42237	58.156	141	54	3	1	138	1	139	1.29e-46	147
Vermverm	CP@TRINITY_DN5648_c0_g1::CP@TRINITY_DN5648_c0_g1_i1::g.16064::m.16064	56.429	140	58	3	1	138	1	139	8.47e-46	145
Vermverm	CP@TRINITY_DN2884_c0_g1::CP@TRINITY_DN2884_c0_g1_i9::g.9929::m.9929	58.120	117	49	0	18	134	23	139	4.87e-42	136
Vermverm	CP@TRINITY_DN2884_c0_g1::CP@TRINITY_DN2884_c0_g1_i4::g.9927::m.9927	58.120	117	49	0	18	134	23	139	4.87e-42	136
Vermverm	CP@TRINITY_DN2884_c0_g1::CP@TRINITY_DN2884_c0_g1_i3::g.9926::m.9926	58.120	117	49	0	18	134	23	139	4.87e-42	136
Vermverm	CP@TRINITY_DN2884_c0_g1::CP@TRINITY_DN2884_c0_g1_i14::g.9921::m.9921	58.120	117	49	0	18	134	23	139	4.87e-42	136
Vermverm	CP@TRINITY_DN2884_c0_g1::CP@TRINITY_DN2884_c0_g1_i10::g.9917::m.9917	58.120	117	49	0	18	134	23	139	4.87e-42	136
Vermverm	CP@TRINITY_DN2884_c0_g1::CP@TRINITY_DN2884_c0_g1_i1::g.9913::m.9913	58.120	117	49	0	18	134	23	139	4.87e-42	136
Mayocant	CP@TRINITY_DN5648_c0_g1::CP@TRINITY_DN5648_c0_g1_i1::g.16064::m.16064	52.027	148	61	3	1	147	1	139	2.68e-47	149
Mayocant	CP@TRINITY_DN15431_c0_g1::CP@TRINITY_DN15431_c0_g1_i1::g.42237::m.42237	54.615	130	58	1	15	144	8	136	3.80e-47	149
Pygsbifo	CP@TRINITY_DN15431_c0_g1::CP@TRINITY_DN15431_c0_g1_i1::g.42237::m.42237	65.185	135	43	2	3	134	5	138	4.23e-52	161
Pygsbifo	CP@TRINITY_DN5648_c0_g1::CP@TRINITY_DN5648_c0_g1_i1::g.16064::m.16064	63.636	132	46	1	3	132	5	136	1.81e-51	160
Pygsbifo	CP@TRINITY_DN2884_c0_g1::CP@TRINITY_DN2884_c0_g1_i9::g.9929::m.9929	55.372	121	54	0	15	135	23	143	4.11e-43	139
Pygsbifo	CP@TRINITY_DN2884_c0_g1::CP@TRINITY_DN2884_c0_g1_i4::g.9927::m.9927	55.372	121	54	0	15	135	23	143	4.11e-43	139
Pygsbifo	CP@TRINITY_DN2884_c0_g1::CP@TRINITY_DN2884_c0_g1_i3::g.9926::m.9926	55.372	121	54	0	15	135	23	143	4.11e-43	139
Pygsbifo	CP@TRINITY_DN2884_c0_g1::CP@TRINITY_DN2884_c0_g1_i14::g.9921::m.9921	55.372	121	54	0	15	135	23	143	4.11e-43	139
Pygsbifo	CP@TRINITY_DN2884_c0_g1::CP@TRINITY_DN2884_c0_g1_i10::g.9917::m.9917	55.372	121	54	0	15	135	23	143	4.11e-43	139
Pygsbifo	CP@TRINITY_DN2884_c0_g1::CP@TRINITY_DN2884_c0_g1_i1::g.9913::m.9913	55.372	121	54	0	15	135	23	143	4.11e-43	139
Pygsbifo	CP@TRINITY_DN236_c0_g1::CP@TRINITY_DN236_c0_g1_i7::g.49269::m.49269	53.719	121	56	0	15	135	23	143	4.40e-42	136
Pygsbifo	CP@TRINITY_DN236_c0_g1::CP@TRINITY_DN236_c0_g1_i2::g.49263::m.49263	53.719	121	56	0	15	135	23	143	4.40e-42	136
Pygsbifo	CP@TRINITY_DN236_c0_g1::CP@TRINITY_DN236_c0_g1_i12::g.49260::m.49260	53.719	121	56	0	15	135	23	143	4.40e-42	136
Lenilimo	CP@TRINITY_DN5648_c0_g1::CP@TRINITY_DN5648_c0_g1_i1::g.16064::m.16064	53.788	132	61	0	1	132	4	135	3.55e-46	146
Lenilimo	CP@TRINITY_DN15431_c0_g1::CP@TRINITY_DN15431_c0_g1_i1::g.42237::m.42237	55.833	120	53	0	15	134	18	137	9.24e-45	143
Eutrgymn	CP@TRINITY_DN15431_c0_g1::CP@TRINITY_DN15431_c0_g1_i1::g.42237::m.42237	50.704	142	62	3	1	138	1	138	2.50e-41	134
HeterBB2	CP@TRINITY_DN15431_c0_g1::CP@TRINITY_DN15431_c0_g1_i1::g.42237::m.42237	56.667	120	52	0	18	137	19	138	9.98e-46	145
HeterBB2	CP@TRINITY_DN5648_c0_g1::CP@TRINITY_DN5648_c0_g1_i1::g.16064::m.16064	51.880	133	63	1	3	135	5	136	1.79e-44	142
Rhizelon	CP@TRINITY_DN15431_c0_g1::CP@TRINITY_DN15431_c0_g1_i1::g.42237::m.42237	55.639	133	57	1	22	154	8	138	8.38e-47	149
Rhizelon	CP@TRINITY_DN5648_c0_g1::CP@TRINITY_DN5648_c0_g1_i1::g.16064::m.16064	54.861	144	54	2	10	153	5	137	4.51e-46	147
Tsukglob	CP@TRINITY_DN5648_c0_g1::CP@TRINITY_DN5648_c0_g1_i1::g.16064::m.16064	59.055	127	52	0	13	139	10	136	8.65e-46	145
Tsukglob	CP@TRINITY_DN15431_c0_g1::CP@TRINITY_DN15431_c0_g1_i1::g.42237::m.42237	56.489	131	55	1	9	139	8	136	1.92e-45	145
Nutolong	CP@TRINITY_DN5648_c0_g1::CP@TRINITY_DN5648_c0_g1_i1::g.16064::m.16064	61.538	130	49	1	29	158	9	137	4.14e-50	157
Nutolong	CP@TRINITY_DN15431_c0_g1::CP@TRINITY_DN15431_c0_g1_i1::g.42237::m.42237	62.500	120	45	0	39	158	18	137	7.16e-49	154
Ancysigm	CP@TRINITY_DN5648_c0_g1::CP@TRINITY_DN5648_c0_g1_i1::g.16064::m.16064	58.015	131	54	1	41	170	8	138	2.64e-46	148
Ancysigm	CP@TRINITY_DN15431_c0_g1::CP@TRINITY_DN15431_c0_g1_i1::g.42237::m.42237	54.167	144	55	2	26	169	5	137	3.95e-45	145
Pellcata	CP@TRINITY_DN15431_c0_g1::CP@TRINITY_DN15431_c0_g1_i1::g.42237::m.42237	56.944	144	57	1	1	144	1	139	1.37e-52	163
Pellcata	CP@TRINITY_DN5648_c0_g1::CP@TRINITY_DN5648_c0_g1_i1::g.16064::m.16064	59.028	144	54	2	1	144	1	139	1.20e-51	160
Pellcata	CP@TRINITY_DN2884_c0_g1::CP@TRINITY_DN2884_c0_g1_i9::g.9929::m.9929	52.101	119	57	0	22	140	21	139	6.61e-42	136
Pellcata	CP@TRINITY_DN2884_c0_g1::CP@TRINITY_DN2884_c0_g1_i4::g.9927::m.9927	52.101	119	57	0	22	140	21	139	6.61e-42	136
Pellcata	CP@TRINITY_DN2884_c0_g1::CP@TRINITY_DN2884_c0_g1_i3::g.9926::m.9926	52.101	119	57	0	22	140	21	139	6.61e-42	136
Pellcata	CP@TRINITY_DN2884_c0_g1::CP@TRINITY_DN2884_c0_g1_i14::g.9921::m.9921	52.101	119	57	0	22	140	21	139	6.61e-42	136
Pellcata	CP@TRINITY_DN2884_c0_g1::CP@TRINITY_DN2884_c0_g1_i10::g.9917::m.9917	52.101	119	57	0	22	140	21	139	6.61e-42	136
Pellcata	CP@TRINITY_DN2884_c0_g1::CP@TRINITY_DN2884_c0_g1_i1::g.9913::m.9913	52.101	119	57	0	22	140	21	139	6.61e-42	136
Pellcata	CP@TRINITY_DN236_c0_g1::CP@TRINITY_DN236_c0_g1_i7::g.49269::m.49269	52.101	119	57	0	22	140	21	139	2.85e-41	134
Pellcata	CP@TRINITY_DN236_c0_g1::CP@TRINITY_DN236_c0_g1_i2::g.49263::m.49263	52.101	119	57	0	22	140	21	139	2.85e-41	134
Pellcata	CP@TRINITY_DN236_c0_g1::CP@TRINITY_DN236_c0_g1_i12::g.49260::m.49260	52.101	119	57	0	22	140	21	139	2.85e-41	134
Gocefonb	CP@TRINITY_DN5648_c0_g1::CP@TRINITY_DN5648_c0_g1_i1::g.16064::m.16064	58.451	142	55	1	5	146	2	139	6.40e-51	159
Gocefonb	CP@TRINITY_DN15431_c0_g1::CP@TRINITY_DN15431_c0_g1_i1::g.42237::m.42237	60.800	125	49	0	22	146	15	139	2.89e-50	157
Gocefonb	CP@TRINITY_DN2884_c0_g1::CP@TRINITY_DN2884_c0_g1_i9::g.9929::m.9929	55.462	119	53	0	24	142	21	139	2.20e-43	140
Gocefonb	CP@TRINITY_DN2884_c0_g1::CP@TRINITY_DN2884_c0_g1_i4::g.9927::m.9927	55.462	119	53	0	24	142	21	139	2.20e-43	140
Gocefonb	CP@TRINITY_DN2884_c0_g1::CP@TRINITY_DN2884_c0_g1_i3::g.9926::m.9926	55.462	119	53	0	24	142	21	139	2.20e-43	140
Gocefonb	CP@TRINITY_DN2884_c0_g1::CP@TRINITY_DN2884_c0_g1_i14::g.9921::m.9921	55.462	119	53	0	24	142	21	139	2.20e-43	140
Gocefonb	CP@TRINITY_DN2884_c0_g1::CP@TRINITY_DN2884_c0_g1_i10::g.9917::m.9917	55.462	119	53	0	24	142	21	139	2.20e-43	140
Gocefonb	CP@TRINITY_DN2884_c0_g1::CP@TRINITY_DN2884_c0_g1_i1::g.9913::m.9913	55.462	119	53	0	24	142	21	139	2.20e-43	140
Gocefonb	CP@TRINITY_DN236_c0_g1::CP@TRINITY_DN236_c0_g1_i7::g.49269::m.49269	53.719	121	56	0	24	144	21	141	2.92e-42	137
Gocefonb	CP@TRINITY_DN236_c0_g1::CP@TRINITY_DN236_c0_g1_i2::g.49263::m.49263	53.719	121	56	0	24	144	21	141	2.92e-42	137
Gocefonb	CP@TRINITY_DN236_c0_g1::CP@TRINITY_DN236_c0_g1_i12::g.49260::m.49260	53.719	121	56	0	24	144	21	141	2.92e-42	137
Endozona	CP@TRINITY_DN5648_c0_g1::CP@TRINITY_DN5648_c0_g1_i1::g.16064::m.16064	59.259	135	55	0	22	156	5	139	6.93e-51	160
Endozona	CP@TRINITY_DN15431_c0_g1::CP@TRINITY_DN15431_c0_g1_i1::g.42237::m.42237	57.037	135	58	0	22	156	5	139	2.02e-50	159
Luaphula	CP@TRINITY_DN5648_c0_g1::CP@TRINITY_DN5648_c0_g1_i1::g.16064::m.16064	60.274	146	48	1	1	146	1	136	5.72e-54	167
Luaphula	CP@TRINITY_DN15431_c0_g1::CP@TRINITY_DN15431_c0_g1_i1::g.42237::m.42237	61.194	134	52	0	15	148	5	138	1.37e-52	163
Luaphula	CP@TRINITY_DN2884_c0_g1::CP@TRINITY_DN2884_c0_g1_i9::g.9929::m.9929	54.098	122	56	0	27	148	21	142	3.24e-42	137
Luaphula	CP@TRINITY_DN2884_c0_g1::CP@TRINITY_DN2884_c0_g1_i4::g.9927::m.9927	54.098	122	56	0	27	148	21	142	3.24e-42	137
Luaphula	CP@TRINITY_DN2884_c0_g1::CP@TRINITY_DN2884_c0_g1_i3::g.9926::m.9926	54.098	122	56	0	27	148	21	142	3.24e-42	137
Luaphula	CP@TRINITY_DN2884_c0_g1::CP@TRINITY_DN2884_c0_g1_i14::g.9921::m.9921	54.098	122	56	0	27	148	21	142	3.24e-42	137
Luaphula	CP@TRINITY_DN2884_c0_g1::CP@TRINITY_DN2884_c0_g1_i10::g.9917::m.9917	54.098	122	56	0	27	148	21	142	3.24e-42	137
Luaphula	CP@TRINITY_DN2884_c0_g1::CP@TRINITY_DN2884_c0_g1_i1::g.9913::m.9913	54.098	122	56	0	27	148	21	142	3.24e-42	137
Luaphula	CP@TRINITY_DN236_c0_g1::CP@TRINITY_DN236_c0_g1_i7::g.49269::m.49269	53.279	122	57	0	27	148	21	142	3.86e-41	134
Luaphula	CP@TRINITY_DN236_c0_g1::CP@TRINITY_DN236_c0_g1_i2::g.49263::m.49263	53.279	122	57	0	27	148	21	142	3.86e-41	134
Luaphula	CP@TRINITY_DN236_c0_g1::CP@TRINITY_DN236_c0_g1_i12::g.49260::m.49260	53.279	122	57	0	27	148	21	142	3.86e-41	134
Dracjorm	CP@TRINITY_DN15431_c0_g1::CP@TRINITY_DN15431_c0_g1_i1::g.42237::m.42237	56.643	143	58	1	1	143	1	139	4.89e-52	161
Dracjorm	CP@TRINITY_DN5648_c0_g1::CP@TRINITY_DN5648_c0_g1_i1::g.16064::m.16064	64.463	121	43	0	23	143	19	139	9.95e-52	160
Dracjorm	CP@TRINITY_DN236_c0_g1::CP@TRINITY_DN236_c0_g1_i7::g.49269::m.49269	47.482	139	73	0	1	139	1	139	8.77e-41	133
Dracjorm	CP@TRINITY_DN236_c0_g1::CP@TRINITY_DN236_c0_g1_i2::g.49263::m.49263	47.482	139	73	0	1	139	1	139	8.77e-41	133
Dracjorm	CP@TRINITY_DN236_c0_g1::CP@TRINITY_DN236_c0_g1_i12::g.49260::m.49260	47.482	139	73	0	1	139	1	139	8.77e-41	133
Squajapo	CP@TRINITY_DN15431_c0_g1::CP@TRINITY_DN15431_c0_g1_i1::g.42237::m.42237	51.724	145	63	1	1	145	1	138	6.44e-46	146
Squajapo	CP@TRINITY_DN5648_c0_g1::CP@TRINITY_DN5648_c0_g1_i1::g.16064::m.16064	52.778	144	61	1	1	144	1	137	1.20e-45	145
Armalang	CP@TRINITY_DN15431_c0_g1::CP@TRINITY_DN15431_c0_g1_i1::g.42237::m.42237	61.905	126	48	0	20	145	13	138	3.35e-50	157
Armalang	CP@TRINITY_DN5648_c0_g1::CP@TRINITY_DN5648_c0_g1_i1::g.16064::m.16064	64.754	122	43	0	22	143	15	136	3.82e-50	157
Filanola	CP@TRINITY_DN5648_c0_g1::CP@TRINITY_DN5648_c0_g1_i1::g.16064::m.16064	60.870	138	49	2	1	133	1	138	1.86e-50	157
Filanola	CP@TRINITY_DN15431_c0_g1::CP@TRINITY_DN15431_c0_g1_i1::g.42237::m.42237	60.145	138	50	2	1	133	1	138	1.02e-49	155
Masteilh	CP@TRINITY_DN15431_c0_g1::CP@TRINITY_DN15431_c0_g1_i1::g.42237::m.42237	52.143	140	63	1	38	177	3	138	5.86e-44	142
Masteilh	CP@TRINITY_DN5648_c0_g1::CP@TRINITY_DN5648_c0_g1_i1::g.16064::m.16064	52.518	139	60	2	38	175	3	136	1.36e-43	141
Echibisp	CP@TRINITY_DN5648_c0_g1::CP@TRINITY_DN5648_c0_g1_i1::g.16064::m.16064	54.412	136	60	2	20	154	5	139	1.75e-46	148
Echibisp	CP@TRINITY_DN15431_c0_g1::CP@TRINITY_DN15431_c0_g1_i1::g.42237::m.42237	53.333	135	63	0	20	154	5	139	3.53e-46	147
Schivulg	CP@TRINITY_DN5648_c0_g1::CP@TRINITY_DN5648_c0_g1_i1::g.16064::m.16064	58.537	123	51	0	17	139	17	139	6.25e-47	148
Schivulg	CP@TRINITY_DN15431_c0_g1::CP@TRINITY_DN15431_c0_g1_i1::g.42237::m.42237	53.333	135	62	1	6	139	5	139	6.62e-46	145
Schivulg	CP@TRINITY_DN2884_c0_g1::CP@TRINITY_DN2884_c0_g1_i9::g.9929::m.9929	53.782	119	55	0	17	135	21	139	3.69e-41	134
Schivulg	CP@TRINITY_DN2884_c0_g1::CP@TRINITY_DN2884_c0_g1_i4::g.9927::m.9927	53.782	119	55	0	17	135	21	139	3.69e-41	134
Schivulg	CP@TRINITY_DN2884_c0_g1::CP@TRINITY_DN2884_c0_g1_i3::g.9926::m.9926	53.782	119	55	0	17	135	21	139	3.69e-41	134
Schivulg	CP@TRINITY_DN2884_c0_g1::CP@TRINITY_DN2884_c0_g1_i14::g.9921::m.9921	53.782	119	55	0	17	135	21	139	3.69e-41	134
Schivulg	CP@TRINITY_DN2884_c0_g1::CP@TRINITY_DN2884_c0_g1_i10::g.9917::m.9917	53.782	119	55	0	17	135	21	139	3.69e-41	134
Schivulg	CP@TRINITY_DN2884_c0_g1::CP@TRINITY_DN2884_c0_g1_i1::g.9913::m.9913	53.782	119	55	0	17	135	21	139	3.69e-41	134
Cavoapop	CP@TRINITY_DN5648_c0_g1::CP@TRINITY_DN5648_c0_g1_i1::g.16064::m.16064	56.818	132	54	1	30	158	5	136	1.37e-47	151
Cavoapop	CP@TRINITY_DN15431_c0_g1::CP@TRINITY_DN15431_c0_g1_i1::g.42237::m.42237	59.016	122	50	0	39	160	17	138	2.95e-47	150
Phalsoli	CP@TRINITY_DN5648_c0_g1::CP@TRINITY_DN5648_c0_g1_i1::g.16064::m.16064	59.441	143	51	2	1	143	1	136	4.33e-52	162
Phalsoli	CP@TRINITY_DN15431_c0_g1::CP@TRINITY_DN15431_c0_g1_i1::g.42237::m.42237	55.862	145	57	1	1	145	1	138	8.54e-52	161
ThecSK13	CP@TRINITY_DN5648_c0_g1::CP@TRINITY_DN5648_c0_g1_i1::g.16064::m.16064	58.273	139	58	0	1	139	1	139	9.69e-49	153
ThecSK13	CP@TRINITY_DN15431_c0_g1::CP@TRINITY_DN15431_c0_g1_i1::g.42237::m.42237	55.882	136	59	1	4	139	5	139	3.50e-47	149
Sapppeda	CP@TRINITY_DN15431_c0_g1::CP@TRINITY_DN15431_c0_g1_i1::g.42237::m.42237	61.111	126	49	0	18	143	14	139	8.54e-50	155
Sapppeda	CP@TRINITY_DN5648_c0_g1::CP@TRINITY_DN5648_c0_g1_i1::g.16064::m.16064	61.290	124	48	0	18	141	14	137	1.24e-47	150
Apismell	CP@TRINITY_DN15431_c0_g1::CP@TRINITY_DN15431_c0_g1_i1::g.42237::m.42237	70.588	136	40	0	1	136	1	136	5.22e-69	204
Apismell	CP@TRINITY_DN5648_c0_g1::CP@TRINITY_DN5648_c0_g1_i1::g.16064::m.16064	70.588	136	40	0	1	136	1	136	1.70e-66	198
Drosmela	CP@TRINITY_DN5648_c0_g1::CP@TRINITY_DN5648_c0_g1_i1::g.16064::m.16064	68.116	138	44	0	1	138	1	138	5.98e-66	196
Drosmela	CP@TRINITY_DN15431_c0_g1::CP@TRINITY_DN15431_c0_g1_i1::g.42237::m.42237	66.187	139	45	2	1	138	1	138	2.52e-60	182
Caeneleg	CP@TRINITY_DN15431_c0_g1::CP@TRINITY_DN15431_c0_g1_i1::g.42237::m.42237	56.429	140	60	1	1	140	1	139	5.67e-50	156
Caeneleg	CP@TRINITY_DN5648_c0_g1::CP@TRINITY_DN5648_c0_g1_i1::g.16064::m.16064	58.088	136	56	1	1	136	1	135	4.24e-49	154
Aplycali	CP@TRINITY_DN15431_c0_g1::CP@TRINITY_DN15431_c0_g1_i1::g.42237::m.42237	65.217	138	48	0	1	138	1	138	6.65e-61	184
Aplycali	CP@TRINITY_DN5648_c0_g1::CP@TRINITY_DN5648_c0_g1_i1::g.16064::m.16064	62.044	137	52	0	1	137	1	137	5.46e-57	174
Tricadha	CP@TRINITY_DN15431_c0_g1::CP@TRINITY_DN15431_c0_g1_i1::g.42237::m.42237	62.676	142	49	1	1	142	1	138	1.05e-56	173
Tricadha	CP@TRINITY_DN5648_c0_g1::CP@TRINITY_DN5648_c0_g1_i1::g.16064::m.16064	60.563	142	52	2	1	142	1	138	3.31e-53	164
Gallgall	CP@TRINITY_DN5648_c0_g1::CP@TRINITY_DN5648_c0_g1_i1::g.16064::m.16064	73.016	126	34	0	7	132	14	139	4.92e-62	186
Gallgall	CP@TRINITY_DN15431_c0_g1::CP@TRINITY_DN15431_c0_g1_i1::g.42237::m.42237	70.635	126	37	0	7	132	14	139	2.41e-61	184
Gallgall	CP@TRINITY_DN236_c0_g1::CP@TRINITY_DN236_c0_g1_i7::g.49269::m.49269	57.983	119	50	0	10	128	21	139	1.16e-44	142
Gallgall	CP@TRINITY_DN236_c0_g1::CP@TRINITY_DN236_c0_g1_i2::g.49263::m.49263	57.983	119	50	0	10	128	21	139	1.16e-44	142
Gallgall	CP@TRINITY_DN236_c0_g1::CP@TRINITY_DN236_c0_g1_i12::g.49260::m.49260	57.983	119	50	0	10	128	21	139	1.16e-44	142
Gallgall	CP@TRINITY_DN2884_c0_g1::CP@TRINITY_DN2884_c0_g1_i9::g.9929::m.9929	57.143	119	51	0	10	128	21	139	1.89e-43	139
Gallgall	CP@TRINITY_DN2884_c0_g1::CP@TRINITY_DN2884_c0_g1_i4::g.9927::m.9927	57.143	119	51	0	10	128	21	139	1.89e-43	139
Gallgall	CP@TRINITY_DN2884_c0_g1::CP@TRINITY_DN2884_c0_g1_i3::g.9926::m.9926	57.143	119	51	0	10	128	21	139	1.89e-43	139
Gallgall	CP@TRINITY_DN2884_c0_g1::CP@TRINITY_DN2884_c0_g1_i14::g.9921::m.9921	57.143	119	51	0	10	128	21	139	1.89e-43	139
Gallgall	CP@TRINITY_DN2884_c0_g1::CP@TRINITY_DN2884_c0_g1_i10::g.9917::m.9917	57.143	119	51	0	10	128	21	139	1.89e-43	139
Gallgall	CP@TRINITY_DN2884_c0_g1::CP@TRINITY_DN2884_c0_g1_i1::g.9913::m.9913	57.143	119	51	0	10	128	21	139	1.89e-43	139
Amoepara	CP@TRINITY_DN5648_c0_g1::CP@TRINITY_DN5648_c0_g1_i1::g.16064::m.16064	61.832	131	50	0	5	135	10	140	7.48e-52	160
Amoepara	CP@TRINITY_DN15431_c0_g1::CP@TRINITY_DN15431_c0_g1_i1::g.42237::m.42237	59.091	132	54	0	4	135	9	140	7.44e-51	158
Amoepara	CP@TRINITY_DN236_c0_g1::CP@TRINITY_DN236_c0_g1_i7::g.49269::m.49269	57.627	118	50	0	13	130	22	139	6.71e-44	140
Amoepara	CP@TRINITY_DN236_c0_g1::CP@TRINITY_DN236_c0_g1_i2::g.49263::m.49263	57.627	118	50	0	13	130	22	139	6.71e-44	140
Amoepara	CP@TRINITY_DN236_c0_g1::CP@TRINITY_DN236_c0_g1_i12::g.49260::m.49260	57.627	118	50	0	13	130	22	139	6.71e-44	140
Amoepara	CP@TRINITY_DN2884_c0_g1::CP@TRINITY_DN2884_c0_g1_i9::g.9929::m.9929	56.780	118	51	0	13	130	22	139	1.21e-42	137
Amoepara	CP@TRINITY_DN2884_c0_g1::CP@TRINITY_DN2884_c0_g1_i4::g.9927::m.9927	56.780	118	51	0	13	130	22	139	1.21e-42	137
Amoepara	CP@TRINITY_DN2884_c0_g1::CP@TRINITY_DN2884_c0_g1_i3::g.9926::m.9926	56.780	118	51	0	13	130	22	139	1.21e-42	137
Amoepara	CP@TRINITY_DN2884_c0_g1::CP@TRINITY_DN2884_c0_g1_i14::g.9921::m.9921	56.780	118	51	0	13	130	22	139	1.21e-42	137
Amoepara	CP@TRINITY_DN2884_c0_g1::CP@TRINITY_DN2884_c0_g1_i10::g.9917::m.9917	56.780	118	51	0	13	130	22	139	1.21e-42	137
Amoepara	CP@TRINITY_DN2884_c0_g1::CP@TRINITY_DN2884_c0_g1_i1::g.9913::m.9913	56.780	118	51	0	13	130	22	139	1.21e-42	137
Sphaarct	CP@TRINITY_DN5648_c0_g1::CP@TRINITY_DN5648_c0_g1_i1::g.16064::m.16064	63.830	141	44	2	4	144	5	138	4.18e-55	169
Sphaarct	CP@TRINITY_DN15431_c0_g1::CP@TRINITY_DN15431_c0_g1_i1::g.42237::m.42237	61.702	141	47	2	4	144	5	138	6.45e-54	166
Sphaarct	CP@TRINITY_DN2884_c0_g1::CP@TRINITY_DN2884_c0_g1_i9::g.9929::m.9929	57.627	118	50	0	24	141	22	139	1.54e-42	137
Sphaarct	CP@TRINITY_DN2884_c0_g1::CP@TRINITY_DN2884_c0_g1_i4::g.9927::m.9927	57.627	118	50	0	24	141	22	139	1.54e-42	137
Sphaarct	CP@TRINITY_DN2884_c0_g1::CP@TRINITY_DN2884_c0_g1_i3::g.9926::m.9926	57.627	118	50	0	24	141	22	139	1.54e-42	137
Sphaarct	CP@TRINITY_DN2884_c0_g1::CP@TRINITY_DN2884_c0_g1_i14::g.9921::m.9921	57.627	118	50	0	24	141	22	139	1.54e-42	137
Sphaarct	CP@TRINITY_DN2884_c0_g1::CP@TRINITY_DN2884_c0_g1_i10::g.9917::m.9917	57.627	118	50	0	24	141	22	139	1.54e-42	137
Sphaarct	CP@TRINITY_DN2884_c0_g1::CP@TRINITY_DN2884_c0_g1_i1::g.9913::m.9913	57.627	118	50	0	24	141	22	139	1.54e-42	137
Sphaarct	CP@TRINITY_DN236_c0_g1::CP@TRINITY_DN236_c0_g1_i7::g.49269::m.49269	56.780	118	51	0	24	141	22	139	8.09e-42	135
Sphaarct	CP@TRINITY_DN236_c0_g1::CP@TRINITY_DN236_c0_g1_i2::g.49263::m.49263	56.780	118	51	0	24	141	22	139	8.09e-42	135
Sphaarct	CP@TRINITY_DN236_c0_g1::CP@TRINITY_DN236_c0_g1_i12::g.49260::m.49260	56.780	118	51	0	24	141	22	139	8.09e-42	135
Fabotrop	CP@TRINITY_DN15431_c0_g1::CP@TRINITY_DN15431_c0_g1_i1::g.42237::m.42237	61.429	140	49	2	1	139	1	136	2.97e-50	157
Fabotrop	CP@TRINITY_DN5648_c0_g1::CP@TRINITY_DN5648_c0_g1_i1::g.16064::m.16064	61.871	139	50	1	1	139	1	136	3.01e-50	157
Fabotrop	CP@TRINITY_DN236_c0_g1::CP@TRINITY_DN236_c0_g1_i7::g.49269::m.49269	53.237	139	64	1	1	138	1	139	4.03e-41	134
Fabotrop	CP@TRINITY_DN236_c0_g1::CP@TRINITY_DN236_c0_g1_i2::g.49263::m.49263	53.237	139	64	1	1	138	1	139	4.03e-41	134
Fabotrop	CP@TRINITY_DN236_c0_g1::CP@TRINITY_DN236_c0_g1_i12::g.49260::m.49260	53.237	139	64	1	1	138	1	139	4.03e-41	134
Fabotrop	CP@TRINITY_DN2884_c0_g1::CP@TRINITY_DN2884_c0_g1_i9::g.9929::m.9929	57.265	117	50	0	22	138	23	139	4.49e-41	134
Fabotrop	CP@TRINITY_DN2884_c0_g1::CP@TRINITY_DN2884_c0_g1_i4::g.9927::m.9927	57.265	117	50	0	22	138	23	139	4.49e-41	134
Fabotrop	CP@TRINITY_DN2884_c0_g1::CP@TRINITY_DN2884_c0_g1_i3::g.9926::m.9926	57.265	117	50	0	22	138	23	139	4.49e-41	134
Fabotrop	CP@TRINITY_DN2884_c0_g1::CP@TRINITY_DN2884_c0_g1_i14::g.9921::m.9921	57.265	117	50	0	22	138	23	139	4.49e-41	134
Fabotrop	CP@TRINITY_DN2884_c0_g1::CP@TRINITY_DN2884_c0_g1_i10::g.9917::m.9917	57.265	117	50	0	22	138	23	139	4.49e-41	134
Fabotrop	CP@TRINITY_DN2884_c0_g1::CP@TRINITY_DN2884_c0_g1_i1::g.9913::m.9913	57.265	117	50	0	22	138	23	139	4.49e-41	134
Thecoxon	CP@TRINITY_DN5648_c0_g1::CP@TRINITY_DN5648_c0_g1_i1::g.16064::m.16064	66.964	112	34	1	1	112	16	124	1.51e-48	151
Thecoxon	CP@TRINITY_DN15431_c0_g1::CP@TRINITY_DN15431_c0_g1_i1::g.42237::m.42237	65.179	112	36	1	1	112	16	124	4.62e-48	150
Stensten	CP@TRINITY_DN15431_c0_g1::CP@TRINITY_DN15431_c0_g1_i1::g.42237::m.42237	52.055	146	64	2	1	146	1	140	6.98e-47	149
Stensten	CP@TRINITY_DN5648_c0_g1::CP@TRINITY_DN5648_c0_g1_i1::g.16064::m.16064	52.055	146	64	1	1	146	1	140	1.17e-45	145
Paralevi	CP@TRINITY_DN5648_c0_g1::CP@TRINITY_DN5648_c0_g1_i1::g.16064::m.16064	60.432	139	54	1	44	182	3	140	1.49e-50	159
Paralevi	CP@TRINITY_DN15431_c0_g1::CP@TRINITY_DN15431_c0_g1_i1::g.42237::m.42237	58.647	133	55	0	50	182	8	140	3.60e-50	158
Soliirre	CP@TRINITY_DN15431_c0_g1::CP@TRINITY_DN15431_c0_g1_i1::g.42237::m.42237	56.522	138	59	1	34	170	1	138	4.11e-49	155
Soliirre	CP@TRINITY_DN5648_c0_g1::CP@TRINITY_DN5648_c0_g1_i1::g.16064::m.16064	58.088	136	56	1	34	168	1	136	2.16e-48	153
Gefiokel	CP@TRINITY_DN5648_c0_g1::CP@TRINITY_DN5648_c0_g1_i1::g.16064::m.16064	60.000	120	48	0	24	143	17	136	1.95e-46	147
Gefiokel	CP@TRINITY_DN15431_c0_g1::CP@TRINITY_DN15431_c0_g1_i1::g.42237::m.42237	58.197	122	51	0	24	145	17	138	4.52e-46	146
Malacali	CP@TRINITY_DN5648_c0_g1::CP@TRINITY_DN5648_c0_g1_i1::g.16064::m.16064	58.678	121	50	0	4	124	16	136	2.53e-44	141
Malacali	CP@TRINITY_DN15431_c0_g1::CP@TRINITY_DN15431_c0_g1_i1::g.42237::m.42237	56.911	123	53	0	4	126	16	138	4.56e-44	140
Mancberm	CP@TRINITY_DN5648_c0_g1::CP@TRINITY_DN5648_c0_g1_i1::g.16064::m.16064	55.634	142	55	1	4	145	5	138	8.55e-48	151
Mancberm	CP@TRINITY_DN15431_c0_g1::CP@TRINITY_DN15431_c0_g1_i1::g.42237::m.42237	55.303	132	59	0	14	145	7	138	2.85e-46	147
Ustimayd	CP@TRINITY_DN15431_c0_g1::CP@TRINITY_DN15431_c0_g1_i1::g.42237::m.42237	61.481	135	52	0	11	145	4	138	6.25e-51	159
Ustimayd	CP@TRINITY_DN5648_c0_g1::CP@TRINITY_DN5648_c0_g1_i1::g.16064::m.16064	58.904	146	51	2	1	145	1	138	1.53e-50	158
Ustimayd	CP@TRINITY_DN2884_c0_g1::CP@TRINITY_DN2884_c0_g1_i9::g.9929::m.9929	59.664	119	48	0	24	142	21	139	2.82e-47	149
Ustimayd	CP@TRINITY_DN2884_c0_g1::CP@TRINITY_DN2884_c0_g1_i4::g.9927::m.9927	59.664	119	48	0	24	142	21	139	2.82e-47	149
Ustimayd	CP@TRINITY_DN2884_c0_g1::CP@TRINITY_DN2884_c0_g1_i3::g.9926::m.9926	59.664	119	48	0	24	142	21	139	2.82e-47	149
Ustimayd	CP@TRINITY_DN2884_c0_g1::CP@TRINITY_DN2884_c0_g1_i14::g.9921::m.9921	59.664	119	48	0	24	142	21	139	2.82e-47	149
Ustimayd	CP@TRINITY_DN2884_c0_g1::CP@TRINITY_DN2884_c0_g1_i10::g.9917::m.9917	59.664	119	48	0	24	142	21	139	2.82e-47	149
Ustimayd	CP@TRINITY_DN2884_c0_g1::CP@TRINITY_DN2884_c0_g1_i1::g.9913::m.9913	59.664	119	48	0	24	142	21	139	2.82e-47	149
Ustimayd	CP@TRINITY_DN236_c0_g1::CP@TRINITY_DN236_c0_g1_i7::g.49269::m.49269	56.557	122	53	0	24	145	21	142	3.48e-46	147
Ustimayd	CP@TRINITY_DN236_c0_g1::CP@TRINITY_DN236_c0_g1_i2::g.49263::m.49263	56.557	122	53	0	24	145	21	142	3.48e-46	147
Ustimayd	CP@TRINITY_DN236_c0_g1::CP@TRINITY_DN236_c0_g1_i12::g.49260::m.49260	56.557	122	53	0	24	145	21	142	3.48e-46	147
Coprcine	CP@TRINITY_DN2884_c0_g1::CP@TRINITY_DN2884_c0_g1_i9::g.9929::m.9929	55.738	122	54	0	24	145	21	142	6.16e-45	144
Coprcine	CP@TRINITY_DN2884_c0_g1::CP@TRINITY_DN2884_c0_g1_i4::g.9927::m.9927	55.738	122	54	0	24	145	21	142	6.16e-45	144
Coprcine	CP@TRINITY_DN2884_c0_g1::CP@TRINITY_DN2884_c0_g1_i3::g.9926::m.9926	55.738	122	54	0	24	145	21	142	6.16e-45	144
Coprcine	CP@TRINITY_DN2884_c0_g1::CP@TRINITY_DN2884_c0_g1_i14::g.9921::m.9921	55.738	122	54	0	24	145	21	142	6.16e-45	144
Coprcine	CP@TRINITY_DN2884_c0_g1::CP@TRINITY_DN2884_c0_g1_i10::g.9917::m.9917	55.738	122	54	0	24	145	21	142	6.16e-45	144
Coprcine	CP@TRINITY_DN2884_c0_g1::CP@TRINITY_DN2884_c0_g1_i1::g.9913::m.9913	55.738	122	54	0	24	145	21	142	6.16e-45	144
Coprcine	CP@TRINITY_DN15431_c0_g1::CP@TRINITY_DN15431_c0_g1_i1::g.42237::m.42237	56.489	131	56	1	16	145	8	138	2.02e-44	142
Coprcine	CP@TRINITY_DN5648_c0_g1::CP@TRINITY_DN5648_c0_g1_i1::g.16064::m.16064	53.147	143	60	1	1	143	1	136	6.49e-44	141
Coprcine	CP@TRINITY_DN236_c0_g1::CP@TRINITY_DN236_c0_g1_i7::g.49269::m.49269	53.279	122	57	0	24	145	21	142	1.16e-43	140
Coprcine	CP@TRINITY_DN236_c0_g1::CP@TRINITY_DN236_c0_g1_i2::g.49263::m.49263	53.279	122	57	0	24	145	21	142	1.16e-43	140
Coprcine	CP@TRINITY_DN236_c0_g1::CP@TRINITY_DN236_c0_g1_i12::g.49260::m.49260	53.279	122	57	0	24	145	21	142	1.16e-43	140
Spizpunc	CP@TRINITY_DN15431_c0_g1::CP@TRINITY_DN15431_c0_g1_i1::g.42237::m.42237	61.417	127	49	0	67	193	12	138	3.41e-50	159
Spizpunc	CP@TRINITY_DN236_c0_g1::CP@TRINITY_DN236_c0_g1_i7::g.49269::m.49269	63.866	119	43	0	72	190	21	139	5.79e-50	158
Spizpunc	CP@TRINITY_DN236_c0_g1::CP@TRINITY_DN236_c0_g1_i2::g.49263::m.49263	63.866	119	43	0	72	190	21	139	5.79e-50	158
Spizpunc	CP@TRINITY_DN236_c0_g1::CP@TRINITY_DN236_c0_g1_i12::g.49260::m.49260	63.866	119	43	0	72	190	21	139	5.79e-50	158
Spizpunc	CP@TRINITY_DN2884_c0_g1::CP@TRINITY_DN2884_c0_g1_i9::g.9929::m.9929	65.546	119	41	0	72	190	21	139	8.03e-50	158
Spizpunc	CP@TRINITY_DN2884_c0_g1::CP@TRINITY_DN2884_c0_g1_i4::g.9927::m.9927	65.546	119	41	0	72	190	21	139	8.03e-50	158
Spizpunc	CP@TRINITY_DN2884_c0_g1::CP@TRINITY_DN2884_c0_g1_i3::g.9926::m.9926	65.546	119	41	0	72	190	21	139	8.03e-50	158
Spizpunc	CP@TRINITY_DN2884_c0_g1::CP@TRINITY_DN2884_c0_g1_i14::g.9921::m.9921	65.546	119	41	0	72	190	21	139	8.03e-50	158
Spizpunc	CP@TRINITY_DN2884_c0_g1::CP@TRINITY_DN2884_c0_g1_i10::g.9917::m.9917	65.546	119	41	0	72	190	21	139	8.03e-50	158
Spizpunc	CP@TRINITY_DN2884_c0_g1::CP@TRINITY_DN2884_c0_g1_i1::g.9913::m.9913	65.546	119	41	0	72	190	21	139	8.03e-50	158
Spizpunc	CP@TRINITY_DN5648_c0_g1::CP@TRINITY_DN5648_c0_g1_i1::g.16064::m.16064	61.069	131	51	0	62	192	7	137	4.10e-49	156
Spizpunc	CP@TRINITY_DN236_c0_g1::CP@TRINITY_DN236_c0_g1_i5::g.49266::m.49266	66.019	103	35	0	72	174	21	123	4.65e-43	140
Mnemleid	CP@TRINITY_DN5648_c0_g1::CP@TRINITY_DN5648_c0_g1_i1::g.16064::m.16064	57.600	125	53	0	2	126	12	136	4.01e-48	151
Mnemleid	CP@TRINITY_DN15431_c0_g1::CP@TRINITY_DN15431_c0_g1_i1::g.42237::m.42237	57.600	125	53	0	2	126	12	136	6.35e-48	150
Blasbrit	CP@TRINITY_DN15431_c0_g1::CP@TRINITY_DN15431_c0_g1_i1::g.42237::m.42237	59.542	131	49	1	2	128	8	138	5.19e-51	158
Blasbrit	CP@TRINITY_DN5648_c0_g1::CP@TRINITY_DN5648_c0_g1_i1::g.16064::m.16064	55.303	132	54	1	2	128	7	138	1.08e-48	152
Blasbrit	CP@TRINITY_DN236_c0_g1::CP@TRINITY_DN236_c0_g1_i7::g.49269::m.49269	60.684	117	46	0	9	125	23	139	2.17e-48	152
Blasbrit	CP@TRINITY_DN236_c0_g1::CP@TRINITY_DN236_c0_g1_i2::g.49263::m.49263	60.684	117	46	0	9	125	23	139	2.17e-48	152
Blasbrit	CP@TRINITY_DN236_c0_g1::CP@TRINITY_DN236_c0_g1_i12::g.49260::m.49260	60.684	117	46	0	9	125	23	139	2.17e-48	152
Blasbrit	CP@TRINITY_DN2884_c0_g1::CP@TRINITY_DN2884_c0_g1_i9::g.9929::m.9929	58.974	117	48	0	9	125	23	139	1.10e-46	147
Blasbrit	CP@TRINITY_DN2884_c0_g1::CP@TRINITY_DN2884_c0_g1_i4::g.9927::m.9927	58.974	117	48	0	9	125	23	139	1.10e-46	147
Blasbrit	CP@TRINITY_DN2884_c0_g1::CP@TRINITY_DN2884_c0_g1_i3::g.9926::m.9926	58.974	117	48	0	9	125	23	139	1.10e-46	147
Blasbrit	CP@TRINITY_DN2884_c0_g1::CP@TRINITY_DN2884_c0_g1_i14::g.9921::m.9921	58.974	117	48	0	9	125	23	139	1.10e-46	147
Blasbrit	CP@TRINITY_DN2884_c0_g1::CP@TRINITY_DN2884_c0_g1_i10::g.9917::m.9917	58.974	117	48	0	9	125	23	139	1.10e-46	147
Blasbrit	CP@TRINITY_DN2884_c0_g1::CP@TRINITY_DN2884_c0_g1_i1::g.9913::m.9913	58.974	117	48	0	9	125	23	139	1.10e-46	147
Allomacr	CP@TRINITY_DN236_c0_g1::CP@TRINITY_DN236_c0_g1_i7::g.49269::m.49269	64.957	117	41	0	18	134	23	139	1.06e-52	163
Allomacr	CP@TRINITY_DN236_c0_g1::CP@TRINITY_DN236_c0_g1_i2::g.49263::m.49263	64.957	117	41	0	18	134	23	139	1.06e-52	163
Allomacr	CP@TRINITY_DN236_c0_g1::CP@TRINITY_DN236_c0_g1_i12::g.49260::m.49260	64.957	117	41	0	18	134	23	139	1.06e-52	163
Allomacr	CP@TRINITY_DN2884_c0_g1::CP@TRINITY_DN2884_c0_g1_i9::g.9929::m.9929	63.248	117	43	0	18	134	23	139	5.37e-51	159
Allomacr	CP@TRINITY_DN2884_c0_g1::CP@TRINITY_DN2884_c0_g1_i4::g.9927::m.9927	63.248	117	43	0	18	134	23	139	5.37e-51	159
Allomacr	CP@TRINITY_DN2884_c0_g1::CP@TRINITY_DN2884_c0_g1_i3::g.9926::m.9926	63.248	117	43	0	18	134	23	139	5.37e-51	159
Allomacr	CP@TRINITY_DN2884_c0_g1::CP@TRINITY_DN2884_c0_g1_i14::g.9921::m.9921	63.248	117	43	0	18	134	23	139	5.37e-51	159
Allomacr	CP@TRINITY_DN2884_c0_g1::CP@TRINITY_DN2884_c0_g1_i10::g.9917::m.9917	63.248	117	43	0	18	134	23	139	5.37e-51	159
Allomacr	CP@TRINITY_DN2884_c0_g1::CP@TRINITY_DN2884_c0_g1_i1::g.9913::m.9913	63.248	117	43	0	18	134	23	139	5.37e-51	159
Allomacr	CP@TRINITY_DN15431_c0_g1::CP@TRINITY_DN15431_c0_g1_i1::g.42237::m.42237	57.143	133	55	2	6	138	8	138	2.11e-49	154
Allomacr	CP@TRINITY_DN5648_c0_g1::CP@TRINITY_DN5648_c0_g1_i1::g.16064::m.16064	51.880	133	64	0	6	138	7	139	6.15e-49	153
Allomacr	CP@TRINITY_DN236_c0_g1::CP@TRINITY_DN236_c0_g1_i5::g.49266::m.49266	66.337	101	34	0	18	118	23	123	8.80e-44	140
Rhizdele	CP@TRINITY_DN5648_c0_g1::CP@TRINITY_DN5648_c0_g1_i1::g.16064::m.16064	58.779	131	54	0	12	142	7	137	1.82e-49	155
Rhizdele	CP@TRINITY_DN15431_c0_g1::CP@TRINITY_DN15431_c0_g1_i1::g.42237::m.42237	56.643	143	57	2	1	143	1	138	5.73e-49	154
Rhizdele	CP@TRINITY_DN2884_c0_g1::CP@TRINITY_DN2884_c0_g1_i9::g.9929::m.9929	57.143	140	59	1	1	140	1	139	1.70e-48	152
Rhizdele	CP@TRINITY_DN2884_c0_g1::CP@TRINITY_DN2884_c0_g1_i4::g.9927::m.9927	57.143	140	59	1	1	140	1	139	1.70e-48	152
Rhizdele	CP@TRINITY_DN2884_c0_g1::CP@TRINITY_DN2884_c0_g1_i3::g.9926::m.9926	57.143	140	59	1	1	140	1	139	1.70e-48	152
Rhizdele	CP@TRINITY_DN2884_c0_g1::CP@TRINITY_DN2884_c0_g1_i14::g.9921::m.9921	57.143	140	59	1	1	140	1	139	1.70e-48	152
Rhizdele	CP@TRINITY_DN2884_c0_g1::CP@TRINITY_DN2884_c0_g1_i10::g.9917::m.9917	57.143	140	59	1	1	140	1	139	1.70e-48	152
Rhizdele	CP@TRINITY_DN2884_c0_g1::CP@TRINITY_DN2884_c0_g1_i1::g.9913::m.9913	57.143	140	59	1	1	140	1	139	1.70e-48	152
Rhizdele	CP@TRINITY_DN236_c0_g1::CP@TRINITY_DN236_c0_g1_i7::g.49269::m.49269	59.016	122	50	0	22	143	21	142	2.52e-48	152
Rhizdele	CP@TRINITY_DN236_c0_g1::CP@TRINITY_DN236_c0_g1_i2::g.49263::m.49263	59.016	122	50	0	22	143	21	142	2.52e-48	152
Rhizdele	CP@TRINITY_DN236_c0_g1::CP@TRINITY_DN236_c0_g1_i12::g.49260::m.49260	59.016	122	50	0	22	143	21	142	2.52e-48	152
Rhizdele	CP@TRINITY_DN236_c0_g1::CP@TRINITY_DN236_c0_g1_i5::g.49266::m.49266	63.725	102	37	0	22	123	21	122	3.78e-41	134
Neurcras	CP@TRINITY_DN15431_c0_g1::CP@TRINITY_DN15431_c0_g1_i1::g.42237::m.42237	52.381	147	62	1	1	147	1	139	9.52e-50	156
Neurcras	CP@TRINITY_DN5648_c0_g1::CP@TRINITY_DN5648_c0_g1_i1::g.16064::m.16064	52.381	147	62	2	1	147	1	139	4.21e-46	147
Aspefumi	CP@TRINITY_DN15431_c0_g1::CP@TRINITY_DN15431_c0_g1_i1::g.42237::m.42237	56.061	132	58	0	13	144	8	139	6.17e-48	151
Aspefumi	CP@TRINITY_DN5648_c0_g1::CP@TRINITY_DN5648_c0_g1_i1::g.16064::m.16064	58.462	130	54	0	15	144	10	139	7.94e-48	151
Schizpom	CP@TRINITY_DN15431_c0_g1::CP@TRINITY_DN15431_c0_g1_i1::g.42237::m.42237	54.198	131	57	1	15	142	7	137	1.74e-41	135
Schizpom	CP@TRINITY_DN236_c0_g1::CP@TRINITY_DN236_c0_g1_i7::g.49269::m.49269	56.780	118	51	0	27	144	23	140	4.97e-41	134
Schizpom	CP@TRINITY_DN236_c0_g1::CP@TRINITY_DN236_c0_g1_i2::g.49263::m.49263	56.780	118	51	0	27	144	23	140	4.97e-41	134
Schizpom	CP@TRINITY_DN236_c0_g1::CP@TRINITY_DN236_c0_g1_i12::g.49260::m.49260	56.780	118	51	0	27	144	23	140	4.97e-41	134
