Blasemer	CP@TRINITY_DN54_c0_g1::CP@TRINITY_DN54_c0_g1_i1::g.629::m.629	82.979	141	24	0	2	142	5	145	1.33e-84	244
Blasemer	CP@TRINITY_DN556_c0_g1::CP@TRINITY_DN556_c0_g1_i2::g.12911::m.12911	74.648	142	36	0	1	142	6	147	2.92e-75	220
Protlace	CP@TRINITY_DN556_c0_g1::CP@TRINITY_DN556_c0_g1_i2::g.12911::m.12911	71.795	117	33	0	2	118	31	147	2.46e-58	177
Protlace	CP@TRINITY_DN54_c0_g1::CP@TRINITY_DN54_c0_g1_i1::g.629::m.629	70.339	118	35	0	1	118	28	145	5.76e-56	171
Retifilo	CP@TRINITY_DN556_c0_g1::CP@TRINITY_DN556_c0_g1_i2::g.12911::m.12911	66.883	154	38	1	26	179	6	146	4.38e-65	198
Retifilo	CP@TRINITY_DN54_c0_g1::CP@TRINITY_DN54_c0_g1_i1::g.629::m.629	62.987	154	44	1	26	179	4	144	6.96e-63	192
Sori0191	CP@TRINITY_DN54_c0_g1::CP@TRINITY_DN54_c0_g1_i1::g.629::m.629	71.918	146	41	0	1	146	1	146	2.23e-72	213
Sori0191	CP@TRINITY_DN556_c0_g1::CP@TRINITY_DN556_c0_g1_i2::g.12911::m.12911	71.831	142	40	0	5	146	7	148	8.37e-70	207
Ammo1384	CP@TRINITY_DN54_c0_g1::CP@TRINITY_DN54_c0_g1_i1::g.629::m.629	69.178	146	45	0	1	146	1	146	1.04e-71	211
Ammo1384	CP@TRINITY_DN556_c0_g1::CP@TRINITY_DN556_c0_g1_i2::g.12911::m.12911	71.831	142	40	0	5	146	7	148	1.18e-70	209
Styllemn	CP@TRINITY_DN54_c0_g1::CP@TRINITY_DN54_c0_g1_i1::g.629::m.629	67.133	143	46	1	1	142	1	143	7.28e-66	197
Styllemn	CP@TRINITY_DN556_c0_g1::CP@TRINITY_DN556_c0_g1_i2::g.12911::m.12911	67.857	140	44	1	4	142	6	145	4.19e-64	192
Protadhe	CP@TRINITY_DN54_c0_g1::CP@TRINITY_DN54_c0_g1_i1::g.629::m.629	69.444	144	44	0	1	144	1	144	2.13e-71	211
Protadhe	CP@TRINITY_DN556_c0_g1::CP@TRINITY_DN556_c0_g1_i2::g.12911::m.12911	71.631	141	40	0	4	144	6	146	1.09e-68	204
Paratetr	CP@TRINITY_DN54_c0_g1::CP@TRINITY_DN54_c0_g1_i1::g.629::m.629	70.423	142	41	1	1	141	1	142	3.01e-68	202
Paratetr	CP@TRINITY_DN556_c0_g1::CP@TRINITY_DN556_c0_g1_i2::g.12911::m.12911	67.857	140	44	1	3	141	5	144	5.27e-63	189
Ichtmult	CP@TRINITY_DN556_c0_g1::CP@TRINITY_DN556_c0_g1_i2::g.12911::m.12911	68.345	139	43	1	4	141	6	144	8.31e-66	196
Ichtmult	CP@TRINITY_DN54_c0_g1::CP@TRINITY_DN54_c0_g1_i1::g.629::m.629	67.606	142	45	1	1	141	1	142	1.64e-65	196
Tetrther	CP@TRINITY_DN54_c0_g1::CP@TRINITY_DN54_c0_g1_i1::g.629::m.629	69.014	142	43	1	1	141	1	142	1.34e-65	196
Tetrther	CP@TRINITY_DN556_c0_g1::CP@TRINITY_DN556_c0_g1_i2::g.12911::m.12911	67.143	140	45	1	3	141	5	144	3.18e-65	195
Platmacr	CP@TRINITY_DN54_c0_g1::CP@TRINITY_DN54_c0_g1_i1::g.629::m.629	70.548	146	42	1	1	145	1	146	6.66e-68	202
Platmacr	CP@TRINITY_DN556_c0_g1::CP@TRINITY_DN556_c0_g1_i2::g.12911::m.12911	72.028	143	39	1	4	145	6	148	7.92e-67	199
Stencoer	CP@TRINITY_DN54_c0_g1::CP@TRINITY_DN54_c0_g1_i1::g.629::m.629	74.306	144	36	1	1	143	1	144	1.66e-70	208
Stencoer	CP@TRINITY_DN556_c0_g1::CP@TRINITY_DN556_c0_g1_i2::g.12911::m.12911	72.340	141	38	1	4	143	6	146	2.13e-70	208
Abolprol	CP@TRINITY_DN556_c0_g1::CP@TRINITY_DN556_c0_g1_i2::g.12911::m.12911	80.531	113	22	0	9	121	36	148	7.26e-63	188
Abolprol	CP@TRINITY_DN54_c0_g1::CP@TRINITY_DN54_c0_g1_i1::g.629::m.629	77.876	113	25	0	9	121	34	146	7.43e-63	188
Paulchro	CP@TRINITY_DN54_c0_g1::CP@TRINITY_DN54_c0_g1_i1::g.629::m.629	70.548	146	43	0	1	146	1	146	1.03e-73	216
Paulchro	CP@TRINITY_DN556_c0_g1::CP@TRINITY_DN556_c0_g1_i2::g.12911::m.12911	71.528	144	41	0	3	146	5	148	1.67e-70	209
Bigenata	CP@TRINITY_DN54_c0_g1::CP@TRINITY_DN54_c0_g1_i1::g.629::m.629	71.918	146	41	0	1	146	1	146	1.67e-72	214
Bigenata	CP@TRINITY_DN556_c0_g1::CP@TRINITY_DN556_c0_g1_i2::g.12911::m.12911	72.727	143	39	0	4	146	6	148	2.04e-70	208
Alphedax	CP@TRINITY_DN556_c0_g1::CP@TRINITY_DN556_c0_g1_i2::g.12911::m.12911	80.870	115	22	0	1	115	34	148	2.37e-64	192
Alphedax	CP@TRINITY_DN54_c0_g1::CP@TRINITY_DN54_c0_g1_i1::g.629::m.629	79.646	113	23	0	3	115	34	146	1.80e-62	187
TeloneP2	CP@TRINITY_DN54_c0_g1::CP@TRINITY_DN54_c0_g1_i1::g.629::m.629	72.603	146	40	0	41	186	1	146	2.58e-73	217
TeloneP2	CP@TRINITY_DN556_c0_g1::CP@TRINITY_DN556_c0_g1_i2::g.12911::m.12911	76.224	143	34	0	44	186	6	148	9.46e-72	213
TeloneP1	CP@TRINITY_DN556_c0_g1::CP@TRINITY_DN556_c0_g1_i2::g.12911::m.12911	78.322	143	31	0	17	159	6	148	5.93e-76	223
TeloneP1	CP@TRINITY_DN54_c0_g1::CP@TRINITY_DN54_c0_g1_i1::g.629::m.629	71.918	146	41	0	14	159	1	146	3.70e-75	221
Eimebrun	CP@TRINITY_DN556_c0_g1::CP@TRINITY_DN556_c0_g1_i2::g.12911::m.12911	79.562	137	28	0	1	137	11	147	5.08e-78	227
Eimebrun	CP@TRINITY_DN54_c0_g1::CP@TRINITY_DN54_c0_g1_i1::g.629::m.629	75.912	137	33	0	1	137	9	145	4.03e-77	225
Vitrbras	CP@TRINITY_DN556_c0_g1::CP@TRINITY_DN556_c0_g1_i2::g.12911::m.12911	76.056	142	34	0	4	145	6	147	1.49e-77	226
Vitrbras	CP@TRINITY_DN54_c0_g1::CP@TRINITY_DN54_c0_g1_i1::g.629::m.629	73.103	145	39	0	1	145	1	145	4.88e-75	220
Colpangu	CP@TRINITY_DN54_c0_g1::CP@TRINITY_DN54_c0_g1_i1::g.629::m.629	71.918	146	41	0	1	146	1	146	1.02e-74	219
Colpangu	CP@TRINITY_DN556_c0_g1::CP@TRINITY_DN556_c0_g1_i2::g.12911::m.12911	72.727	143	39	0	4	146	6	148	2.09e-73	216
Gregniph	CP@TRINITY_DN556_c0_g1::CP@TRINITY_DN556_c0_g1_i2::g.12911::m.12911	73.188	138	37	0	429	566	10	147	4.83e-65	209
Gregniph	CP@TRINITY_DN54_c0_g1::CP@TRINITY_DN54_c0_g1_i1::g.629::m.629	71.942	139	39	0	428	566	7	145	1.47e-64	207
Plasfalc	CP@TRINITY_DN556_c0_g1::CP@TRINITY_DN556_c0_g1_i2::g.12911::m.12911	77.465	142	32	0	4	145	6	147	1.46e-79	231
Plasfalc	CP@TRINITY_DN54_c0_g1::CP@TRINITY_DN54_c0_g1_i1::g.629::m.629	74.483	145	37	0	1	145	1	145	1.03e-76	224
Styginca	CP@TRINITY_DN54_c0_g1::CP@TRINITY_DN54_c0_g1_i1::g.629::m.629	75.342	146	36	0	1	146	1	146	1.94e-78	229
Styginca	CP@TRINITY_DN556_c0_g1::CP@TRINITY_DN556_c0_g1_i2::g.12911::m.12911	76.923	143	33	0	4	146	6	148	7.96e-76	222
Sacccere	CP@TRINITY_DN54_c0_g1::CP@TRINITY_DN54_c0_g1_i1::g.629::m.629	79.310	145	30	0	1	145	1	145	5.94e-83	240
Sacccere	CP@TRINITY_DN556_c0_g1::CP@TRINITY_DN556_c0_g1_i2::g.12911::m.12911	72.535	142	39	0	4	145	6	147	9.50e-72	212
Parasacc	CP@TRINITY_DN54_c0_g1::CP@TRINITY_DN54_c0_g1_i1::g.629::m.629	71.034	145	42	0	250	394	1	145	9.61e-71	218
Parasacc	CP@TRINITY_DN556_c0_g1::CP@TRINITY_DN556_c0_g1_i2::g.12911::m.12911	69.504	141	43	0	254	394	7	147	4.66e-65	204
Mitodaph	CP@TRINITY_DN54_c0_g1::CP@TRINITY_DN54_c0_g1_i1::g.629::m.629	77.931	145	32	0	1	145	1	145	3.29e-81	236
Mitodaph	CP@TRINITY_DN556_c0_g1::CP@TRINITY_DN556_c0_g1_i2::g.12911::m.12911	73.239	142	38	0	4	145	6	147	8.17e-75	219
Rozeallo	CP@TRINITY_DN54_c0_g1::CP@TRINITY_DN54_c0_g1_i1::g.629::m.629	84.828	145	22	0	1	145	1	145	4.12e-87	250
Rozeallo	CP@TRINITY_DN556_c0_g1::CP@TRINITY_DN556_c0_g1_i2::g.12911::m.12911	73.944	142	37	0	4	145	6	147	4.28e-75	220
Batrdend	CP@TRINITY_DN54_c0_g1::CP@TRINITY_DN54_c0_g1_i1::g.629::m.629	75.352	142	35	0	7	148	4	145	1.59e-76	224
Batrdend	CP@TRINITY_DN556_c0_g1::CP@TRINITY_DN556_c0_g1_i2::g.12911::m.12911	72.340	141	39	0	8	148	7	147	1.13e-72	214
Coralima	CP@TRINITY_DN54_c0_g1::CP@TRINITY_DN54_c0_g1_i1::g.629::m.629	78.723	141	30	0	3	143	5	145	1.47e-80	234
Coralima	CP@TRINITY_DN556_c0_g1::CP@TRINITY_DN556_c0_g1_i2::g.12911::m.12911	79.021	143	30	0	1	143	5	147	1.16e-77	226
Syssmult	CP@TRINITY_DN556_c0_g1::CP@TRINITY_DN556_c0_g1_i2::g.12911::m.12911	77.083	144	33	0	1	144	5	148	2.38e-76	223
Syssmult	CP@TRINITY_DN54_c0_g1::CP@TRINITY_DN54_c0_g1_i1::g.629::m.629	72.535	142	39	0	3	144	5	146	2.30e-74	218
Capsowcz	CP@TRINITY_DN556_c0_g1::CP@TRINITY_DN556_c0_g1_i2::g.12911::m.12911	77.622	143	32	0	1	143	5	147	4.36e-79	230
Capsowcz	CP@TRINITY_DN54_c0_g1::CP@TRINITY_DN54_c0_g1_i1::g.629::m.629	72.340	141	39	0	3	143	5	145	1.00e-72	214
Pigoviet	CP@TRINITY_DN556_c0_g1::CP@TRINITY_DN556_c0_g1_i2::g.12911::m.12911	82.812	128	22	0	11	138	20	147	1.09e-72	214
Pigoviet	CP@TRINITY_DN54_c0_g1::CP@TRINITY_DN54_c0_g1_i1::g.629::m.629	75.573	131	32	0	8	138	15	145	6.95e-72	212
Andagodo	CP@TRINITY_DN54_c0_g1::CP@TRINITY_DN54_c0_g1_i1::g.629::m.629	75.342	146	36	0	22	167	1	146	1.26e-77	228
Andagodo	CP@TRINITY_DN556_c0_g1::CP@TRINITY_DN556_c0_g1_i2::g.12911::m.12911	74.150	147	36	1	21	167	4	148	5.88e-73	216
Sphadest	CP@TRINITY_DN556_c0_g1::CP@TRINITY_DN556_c0_g1_i2::g.12911::m.12911	75.000	144	36	0	9	152	5	148	4.86e-77	225
Sphadest	CP@TRINITY_DN54_c0_g1::CP@TRINITY_DN54_c0_g1_i1::g.629::m.629	71.831	142	40	0	11	152	5	146	4.79e-73	215
Creofrag	CP@TRINITY_DN54_c0_g1::CP@TRINITY_DN54_c0_g1_i1::g.629::m.629	77.465	142	32	0	3	144	5	146	5.77e-78	227
Creofrag	CP@TRINITY_DN556_c0_g1::CP@TRINITY_DN556_c0_g1_i2::g.12911::m.12911	77.778	144	32	0	1	144	5	148	2.48e-77	226
Naeggrub	CP@TRINITY_DN556_c0_g1::CP@TRINITY_DN556_c0_g1_i2::g.12911::m.12911	79.577	142	29	0	4	145	6	147	2.29e-78	228
Naeggrub	CP@TRINITY_DN54_c0_g1::CP@TRINITY_DN54_c0_g1_i1::g.629::m.629	76.552	145	34	0	1	145	1	145	1.34e-77	226
Physpoly	CP@TRINITY_DN556_c0_g1::CP@TRINITY_DN556_c0_g1_i2::g.12911::m.12911	81.119	143	27	0	27	169	6	148	8.19e-82	238
Physpoly	CP@TRINITY_DN54_c0_g1::CP@TRINITY_DN54_c0_g1_i1::g.629::m.629	77.397	146	33	0	24	169	1	146	2.15e-80	234
Monobrev	CP@TRINITY_DN556_c0_g1::CP@TRINITY_DN556_c0_g1_i2::g.12911::m.12911	81.119	143	27	0	1355	1497	5	147	3.76e-78	254
Monobrev	CP@TRINITY_DN54_c0_g1::CP@TRINITY_DN54_c0_g1_i1::g.629::m.629	76.596	141	33	0	1357	1497	5	145	1.94e-70	232
Homosapi	CP@TRINITY_DN556_c0_g1::CP@TRINITY_DN556_c0_g1_i2::g.12911::m.12911	85.315	143	21	0	1	143	5	147	1.93e-85	246
Homosapi	CP@TRINITY_DN54_c0_g1::CP@TRINITY_DN54_c0_g1_i1::g.629::m.629	75.177	141	35	0	3	143	5	145	5.42e-74	217
Nemavect	CP@TRINITY_DN556_c0_g1::CP@TRINITY_DN556_c0_g1_i2::g.12911::m.12911	84.615	143	22	0	1	143	5	147	8.76e-86	247
Nemavect	CP@TRINITY_DN54_c0_g1::CP@TRINITY_DN54_c0_g1_i1::g.629::m.629	75.177	141	35	0	3	143	5	145	4.12e-75	220
Tricvagi	CP@TRINITY_DN54_c0_g1::CP@TRINITY_DN54_c0_g1_i1::g.629::m.629	60.690	145	56	1	1	144	1	145	8.94e-55	169
Tricvagi	CP@TRINITY_DN556_c0_g1::CP@TRINITY_DN556_c0_g1_i2::g.12911::m.12911	56.028	141	61	1	5	144	7	147	2.14e-47	150
Spirsalm	CP@TRINITY_DN54_c0_g1::CP@TRINITY_DN54_c0_g1_i1::g.629::m.629	58.696	138	57	0	3	140	5	142	2.12e-58	178
Spirsalm	CP@TRINITY_DN556_c0_g1::CP@TRINITY_DN556_c0_g1_i2::g.12911::m.12911	57.143	140	60	0	1	140	5	144	8.52e-56	171
Oxyrmari	CP@TRINITY_DN556_c0_g1::CP@TRINITY_DN556_c0_g1_i2::g.12911::m.12911	79.167	144	30	0	1	144	5	148	3.37e-84	243
Oxyrmari	CP@TRINITY_DN54_c0_g1::CP@TRINITY_DN54_c0_g1_i1::g.629::m.629	75.352	142	35	0	3	144	5	146	2.18e-75	221
Noctscin	CP@TRINITY_DN556_c0_g1::CP@TRINITY_DN556_c0_g1_i2::g.12911::m.12911	77.778	144	32	0	1	144	5	148	3.85e-81	235
Noctscin	CP@TRINITY_DN54_c0_g1::CP@TRINITY_DN54_c0_g1_i1::g.629::m.629	78.169	142	31	0	3	144	5	146	7.68e-77	224
HemaVICK	CP@TRINITY_DN556_c0_g1::CP@TRINITY_DN556_c0_g1_i2::g.12911::m.12911	75.862	145	35	0	11	155	4	148	2.78e-79	231
HemaVICK	CP@TRINITY_DN54_c0_g1::CP@TRINITY_DN54_c0_g1_i1::g.629::m.629	75.352	142	35	0	14	155	5	146	3.48e-74	218
Calclept	CP@TRINITY_DN54_c0_g1::CP@TRINITY_DN54_c0_g1_i1::g.629::m.629	76.027	146	35	0	1	146	1	146	1.94e-79	231
Calclept	CP@TRINITY_DN556_c0_g1::CP@TRINITY_DN556_c0_g1_i2::g.12911::m.12911	76.923	143	33	0	4	146	6	148	1.74e-77	226
Phaeglob	CP@TRINITY_DN54_c0_g1::CP@TRINITY_DN54_c0_g1_i1::g.629::m.629	76.027	146	35	0	5	150	1	146	3.64e-79	231
Phaeglob	CP@TRINITY_DN556_c0_g1::CP@TRINITY_DN556_c0_g1_i2::g.12911::m.12911	76.224	143	34	0	8	150	6	148	9.14e-77	224
Gephhuxl	CP@TRINITY_DN54_c0_g1::CP@TRINITY_DN54_c0_g1_i1::g.629::m.629	75.172	145	36	0	1	145	1	145	1.92e-79	231
Gephhuxl	CP@TRINITY_DN556_c0_g1::CP@TRINITY_DN556_c0_g1_i2::g.12911::m.12911	75.352	142	35	0	4	145	6	147	9.64e-77	224
Charbrau	CP@TRINITY_DN556_c0_g1::CP@TRINITY_DN556_c0_g1_i2::g.12911::m.12911	74.825	143	32	1	1	139	5	147	2.22e-74	218
Charbrau	CP@TRINITY_DN54_c0_g1::CP@TRINITY_DN54_c0_g1_i1::g.629::m.629	73.759	141	33	1	3	139	5	145	3.36e-71	210
Arabthal	CP@TRINITY_DN556_c0_g1::CP@TRINITY_DN556_c0_g1_i2::g.12911::m.12911	72.727	143	35	1	1	139	5	147	4.14e-72	212
Arabthal	CP@TRINITY_DN54_c0_g1::CP@TRINITY_DN54_c0_g1_i1::g.629::m.629	72.340	141	35	1	3	139	5	145	1.70e-69	206
Prassing	CP@TRINITY_DN556_c0_g1::CP@TRINITY_DN556_c0_g1_i2::g.12911::m.12911	73.973	146	37	1	15	159	3	148	5.19e-75	221
Prassing	CP@TRINITY_DN54_c0_g1::CP@TRINITY_DN54_c0_g1_i1::g.629::m.629	71.127	142	40	1	19	159	5	146	9.62e-70	207
Guilthet	CP@TRINITY_DN556_c0_g1::CP@TRINITY_DN556_c0_g1_i2::g.12911::m.12911	74.126	143	36	1	1	142	5	147	3.43e-73	215
Guilthet	CP@TRINITY_DN54_c0_g1::CP@TRINITY_DN54_c0_g1_i1::g.629::m.629	72.340	141	38	1	3	142	5	145	6.27e-71	209
Hemirufe	CP@TRINITY_DN556_c0_g1::CP@TRINITY_DN556_c0_g1_i2::g.12911::m.12911	72.789	147	39	1	13	158	2	148	2.92e-75	221
Hemirufe	CP@TRINITY_DN54_c0_g1::CP@TRINITY_DN54_c0_g1_i1::g.629::m.629	71.127	142	40	1	18	158	5	146	7.68e-70	207
Gemicryo	CP@TRINITY_DN556_c0_g1::CP@TRINITY_DN556_c0_g1_i2::g.12911::m.12911	71.429	147	41	1	7	152	2	148	3.84e-73	216
Gemicryo	CP@TRINITY_DN54_c0_g1::CP@TRINITY_DN54_c0_g1_i1::g.629::m.629	70.423	142	41	1	12	152	5	146	4.46e-70	207
Pyrapark	CP@TRINITY_DN556_c0_g1::CP@TRINITY_DN556_c0_g1_i2::g.12911::m.12911	75.172	145	35	1	11	154	4	148	7.47e-77	225
Pyrapark	CP@TRINITY_DN54_c0_g1::CP@TRINITY_DN54_c0_g1_i1::g.629::m.629	69.718	142	42	1	14	154	5	146	1.12e-67	202
Nephpyri	CP@TRINITY_DN556_c0_g1::CP@TRINITY_DN556_c0_g1_i2::g.12911::m.12911	76.389	144	33	1	1	143	5	148	1.57e-76	224
Nephpyri	CP@TRINITY_DN54_c0_g1::CP@TRINITY_DN54_c0_g1_i1::g.629::m.629	71.127	142	40	1	3	143	5	146	1.84e-68	203
Prascaps	CP@TRINITY_DN556_c0_g1::CP@TRINITY_DN556_c0_g1_i2::g.12911::m.12911	75.200	125	30	1	20	143	4	128	4.47e-67	200
Prascaps	CP@TRINITY_DN54_c0_g1::CP@TRINITY_DN54_c0_g1_i1::g.629::m.629	70.492	122	35	1	23	143	5	126	6.36e-59	179
Tetrasti	CP@TRINITY_DN556_c0_g1::CP@TRINITY_DN556_c0_g1_i2::g.12911::m.12911	75.694	144	34	1	45	187	5	148	2.48e-76	225
Tetrasti	CP@TRINITY_DN54_c0_g1::CP@TRINITY_DN54_c0_g1_i1::g.629::m.629	71.127	142	40	1	47	187	5	146	3.38e-68	204
Dunasali	CP@TRINITY_DN556_c0_g1::CP@TRINITY_DN556_c0_g1_i2::g.12911::m.12911	75.000	144	35	1	1	143	5	148	6.83e-76	222
Dunasali	CP@TRINITY_DN54_c0_g1::CP@TRINITY_DN54_c0_g1_i1::g.629::m.629	71.831	142	39	1	3	143	5	146	7.60e-71	209
Chlarein	CP@TRINITY_DN556_c0_g1::CP@TRINITY_DN556_c0_g1_i2::g.12911::m.12911	74.825	143	35	1	1	142	5	147	9.02e-76	222
Chlarein	CP@TRINITY_DN54_c0_g1::CP@TRINITY_DN54_c0_g1_i1::g.629::m.629	73.050	141	37	1	3	142	5	145	1.70e-70	208
Chlovari	CP@TRINITY_DN556_c0_g1::CP@TRINITY_DN556_c0_g1_i2::g.12911::m.12911	74.825	143	35	1	1	142	5	147	5.05e-76	222
Chlovari	CP@TRINITY_DN54_c0_g1::CP@TRINITY_DN54_c0_g1_i1::g.629::m.629	70.922	141	40	1	3	142	5	145	2.36e-69	205
Raphhete	CP@TRINITY_DN54_c0_g1::CP@TRINITY_DN54_c0_g1_i1::g.629::m.629	76.712	146	34	0	19	164	1	146	1.04e-78	230
Raphhete	CP@TRINITY_DN556_c0_g1::CP@TRINITY_DN556_c0_g1_i2::g.12911::m.12911	77.622	143	32	0	22	164	6	148	5.44e-77	226
Lapoguse	CP@TRINITY_DN54_c0_g1::CP@TRINITY_DN54_c0_g1_i1::g.629::m.629	72.535	142	39	0	8	149	5	146	1.22e-71	211
Lapoguse	CP@TRINITY_DN556_c0_g1::CP@TRINITY_DN556_c0_g1_i2::g.12911::m.12911	68.707	147	46	0	3	149	2	148	1.34e-70	209
Aurisoli	CP@TRINITY_DN54_c0_g1::CP@TRINITY_DN54_c0_g1_i1::g.629::m.629	73.288	146	39	0	19	164	1	146	8.94e-73	215
Aurisoli	CP@TRINITY_DN556_c0_g1::CP@TRINITY_DN556_c0_g1_i2::g.12911::m.12911	72.028	143	40	0	22	164	6	148	3.84e-68	203
Dictdisc	CP@TRINITY_DN556_c0_g1::CP@TRINITY_DN556_c0_g1_i2::g.12911::m.12911	73.050	141	38	0	1	141	5	145	2.38e-74	218
Dictdisc	CP@TRINITY_DN54_c0_g1::CP@TRINITY_DN54_c0_g1_i1::g.629::m.629	66.906	139	46	0	3	141	5	143	6.92e-66	197
Hemikukw	CP@TRINITY_DN54_c0_g1::CP@TRINITY_DN54_c0_g1_i1::g.629::m.629	72.603	146	40	0	11	156	1	146	7.55e-75	220
Hemikukw	CP@TRINITY_DN556_c0_g1::CP@TRINITY_DN556_c0_g1_i2::g.12911::m.12911	72.973	148	40	0	9	156	1	148	5.02e-73	215
SpirCILI	CP@TRINITY_DN556_c0_g1::CP@TRINITY_DN556_c0_g1_i2::g.12911::m.12911	71.333	150	39	1	10	159	3	148	2.18e-72	214
SpirCILI	CP@TRINITY_DN54_c0_g1::CP@TRINITY_DN54_c0_g1_i1::g.629::m.629	69.863	146	44	0	14	159	1	146	4.05e-71	211
ChrysoH2	CP@TRINITY_DN54_c0_g1::CP@TRINITY_DN54_c0_g1_i1::g.629::m.629	71.296	108	31	0	2	109	39	146	6.03e-52	160
ChrysoH2	CP@TRINITY_DN556_c0_g1::CP@TRINITY_DN556_c0_g1_i2::g.12911::m.12911	67.890	109	35	0	1	109	40	148	1.94e-51	159
EctocSP7	CP@TRINITY_DN556_c0_g1::CP@TRINITY_DN556_c0_g1_i2::g.12911::m.12911	72.535	142	39	0	65	206	6	147	1.22e-72	216
EctocSP7	CP@TRINITY_DN54_c0_g1::CP@TRINITY_DN54_c0_g1_i1::g.629::m.629	73.103	145	39	0	62	206	1	145	2.58e-71	213
BicoCB20	CP@TRINITY_DN54_c0_g1::CP@TRINITY_DN54_c0_g1_i1::g.629::m.629	71.233	146	42	0	1	146	1	146	1.95e-73	216
BicoCB20	CP@TRINITY_DN556_c0_g1::CP@TRINITY_DN556_c0_g1_i2::g.12911::m.12911	72.028	143	40	0	4	146	6	148	2.13e-71	211
Phytpara	CP@TRINITY_DN556_c0_g1::CP@TRINITY_DN556_c0_g1_i2::g.12911::m.12911	72.340	141	39	0	5	145	7	147	7.30e-71	209
Phytpara	CP@TRINITY_DN54_c0_g1::CP@TRINITY_DN54_c0_g1_i1::g.629::m.629	70.345	145	43	0	1	145	1	145	7.78e-70	207
Thalpseu	CP@TRINITY_DN556_c0_g1::CP@TRINITY_DN556_c0_g1_i2::g.12911::m.12911	74.126	143	37	0	1	143	5	147	4.65e-73	215
Thalpseu	CP@TRINITY_DN54_c0_g1::CP@TRINITY_DN54_c0_g1_i1::g.629::m.629	71.631	141	40	0	3	143	5	145	3.06e-70	207
MAST04A2	CP@TRINITY_DN54_c0_g1::CP@TRINITY_DN54_c0_g1_i1::g.629::m.629	74.658	146	37	0	1	146	1	146	9.59e-75	219
MAST04A2	CP@TRINITY_DN556_c0_g1::CP@TRINITY_DN556_c0_g1_i2::g.12911::m.12911	72.727	143	39	0	4	146	6	148	2.93e-73	216
MAST04A1	CP@TRINITY_DN54_c0_g1::CP@TRINITY_DN54_c0_g1_i1::g.629::m.629	67.808	146	27	1	1	126	1	146	1.47e-62	187
MAST04A1	CP@TRINITY_DN556_c0_g1::CP@TRINITY_DN556_c0_g1_i2::g.12911::m.12911	65.734	143	29	1	4	126	6	148	5.00e-61	184
Porppurp	CP@TRINITY_DN556_c0_g1::CP@TRINITY_DN556_c0_g1_i2::g.12911::m.12911	73.944	142	37	0	4	145	6	147	5.26e-73	215
Porppurp	CP@TRINITY_DN54_c0_g1::CP@TRINITY_DN54_c0_g1_i1::g.629::m.629	68.966	145	45	0	1	145	1	145	2.23e-71	211
Gracchor	CP@TRINITY_DN556_c0_g1::CP@TRINITY_DN556_c0_g1_i2::g.12911::m.12911	73.239	142	38	0	4	145	6	147	3.18e-73	215
Gracchor	CP@TRINITY_DN54_c0_g1::CP@TRINITY_DN54_c0_g1_i1::g.629::m.629	66.207	145	49	0	1	145	1	145	6.11e-69	204
Galdphle	CP@TRINITY_DN54_c0_g1::CP@TRINITY_DN54_c0_g1_i1::g.629::m.629	74.483	145	37	0	1	145	1	145	2.85e-76	223
Galdphle	CP@TRINITY_DN556_c0_g1::CP@TRINITY_DN556_c0_g1_i2::g.12911::m.12911	73.944	142	37	0	4	145	6	147	1.40e-72	214
Leptvora	CP@TRINITY_DN54_c0_g1::CP@TRINITY_DN54_c0_g1_i1::g.629::m.629	77.397	146	33	0	5	150	1	146	7.03e-80	232
Leptvora	CP@TRINITY_DN556_c0_g1::CP@TRINITY_DN556_c0_g1_i2::g.12911::m.12911	77.622	143	32	0	8	150	6	148	6.10e-78	228
Plasbras	CP@TRINITY_DN556_c0_g1::CP@TRINITY_DN556_c0_g1_i2::g.12911::m.12911	79.720	143	29	0	1	143	5	147	1.85e-79	231
Plasbras	CP@TRINITY_DN54_c0_g1::CP@TRINITY_DN54_c0_g1_i1::g.629::m.629	76.596	141	33	0	3	143	5	145	4.17e-76	223
Monoexil	CP@TRINITY_DN54_c0_g1::CP@TRINITY_DN54_c0_g1_i1::g.629::m.629	76.027	146	35	0	1	146	1	146	3.95e-78	228
Monoexil	CP@TRINITY_DN556_c0_g1::CP@TRINITY_DN556_c0_g1_i2::g.12911::m.12911	71.329	143	41	0	4	146	6	148	4.63e-70	207
Parapyri	CP@TRINITY_DN54_c0_g1::CP@TRINITY_DN54_c0_g1_i1::g.629::m.629	71.233	146	42	0	10	155	1	146	2.78e-70	208
Parapyri	CP@TRINITY_DN556_c0_g1::CP@TRINITY_DN556_c0_g1_i2::g.12911::m.12911	70.629	143	42	0	13	155	6	148	1.09e-67	202
Leptpyrr	CP@TRINITY_DN556_c0_g1::CP@TRINITY_DN556_c0_g1_i2::g.12911::m.12911	74.126	143	37	0	1	143	5	147	3.53e-71	210
Leptpyrr	CP@TRINITY_DN54_c0_g1::CP@TRINITY_DN54_c0_g1_i1::g.629::m.629	70.423	142	42	0	2	143	4	145	2.50e-68	203
Leismajo	CP@TRINITY_DN556_c0_g1::CP@TRINITY_DN556_c0_g1_i2::g.12911::m.12911	74.126	143	37	0	1	143	5	147	1.23e-70	209
Leismajo	CP@TRINITY_DN54_c0_g1::CP@TRINITY_DN54_c0_g1_i1::g.629::m.629	69.718	142	43	0	2	143	4	145	2.08e-67	201
Trypbruc	CP@TRINITY_DN556_c0_g1::CP@TRINITY_DN556_c0_g1_i2::g.12911::m.12911	74.126	143	37	0	1	143	5	147	2.25e-71	211
Trypbruc	CP@TRINITY_DN54_c0_g1::CP@TRINITY_DN54_c0_g1_i1::g.629::m.629	70.423	142	42	0	2	143	4	145	1.73e-68	203
Acancast	CP@TRINITY_DN556_c0_g1::CP@TRINITY_DN556_c0_g1_i2::g.12911::m.12911	77.305	141	32	0	1	141	7	147	2.86e-77	225
Acancast	CP@TRINITY_DN54_c0_g1::CP@TRINITY_DN54_c0_g1_i1::g.629::m.629	73.759	141	37	0	1	141	5	145	8.11e-75	219
Neobdesi	CP@TRINITY_DN556_c0_g1::CP@TRINITY_DN556_c0_g1_i2::g.12911::m.12911	80.909	110	21	0	2	111	38	147	2.31e-60	181
Neobdesi	CP@TRINITY_DN54_c0_g1::CP@TRINITY_DN54_c0_g1_i1::g.629::m.629	73.636	110	29	0	2	111	36	145	2.33e-57	174
Diplambu	CP@TRINITY_DN556_c0_g1::CP@TRINITY_DN556_c0_g1_i2::g.12911::m.12911	77.703	148	33	0	14	161	1	148	1.18e-79	232
Diplambu	CP@TRINITY_DN54_c0_g1::CP@TRINITY_DN54_c0_g1_i1::g.629::m.629	69.014	142	44	0	20	161	5	146	4.09e-69	206
Flecnera	CP@TRINITY_DN556_c0_g1::CP@TRINITY_DN556_c0_g1_i2::g.12911::m.12911	79.167	144	30	0	15	158	5	148	8.29e-78	228
Flecnera	CP@TRINITY_DN54_c0_g1::CP@TRINITY_DN54_c0_g1_i1::g.629::m.629	69.014	142	44	0	17	158	5	146	2.17e-69	206
Pirisoci	CP@TRINITY_DN556_c0_g1::CP@TRINITY_DN556_c0_g1_i2::g.12911::m.12911	77.622	143	32	0	29	171	6	148	2.47e-77	227
Pirisoci	CP@TRINITY_DN54_c0_g1::CP@TRINITY_DN54_c0_g1_i1::g.629::m.629	74.658	146	37	0	26	171	1	146	7.30e-77	226
Crypparv	CP@TRINITY_DN556_c0_g1::CP@TRINITY_DN556_c0_g1_i2::g.12911::m.12911	75.694	144	35	0	18	161	4	147	2.96e-79	231
Crypparv	CP@TRINITY_DN54_c0_g1::CP@TRINITY_DN54_c0_g1_i1::g.629::m.629	76.596	141	33	0	21	161	5	145	2.86e-78	229
Platviva	CP@TRINITY_DN556_c0_g1::CP@TRINITY_DN556_c0_g1_i2::g.12911::m.12911	76.429	140	33	0	16	155	7	146	3.59e-77	226
Platviva	CP@TRINITY_DN54_c0_g1::CP@TRINITY_DN54_c0_g1_i1::g.629::m.629	73.611	144	38	0	12	155	1	144	2.47e-76	224
Chroveli	CP@TRINITY_DN54_c0_g1::CP@TRINITY_DN54_c0_g1_i1::g.629::m.629	75.862	145	35	0	1	145	1	145	7.16e-78	227
Chroveli	CP@TRINITY_DN556_c0_g1::CP@TRINITY_DN556_c0_g1_i2::g.12911::m.12911	75.352	142	35	0	4	145	6	147	1.51e-75	221
Vannfimi	CP@TRINITY_DN556_c0_g1::CP@TRINITY_DN556_c0_g1_i2::g.12911::m.12911	77.778	144	32	0	15	158	5	148	1.50e-81	237
Vannfimi	CP@TRINITY_DN54_c0_g1::CP@TRINITY_DN54_c0_g1_i1::g.629::m.629	73.944	142	37	0	17	158	5	146	2.92e-75	221
Toxogond	CP@TRINITY_DN556_c0_g1::CP@TRINITY_DN556_c0_g1_i2::g.12911::m.12911	79.720	143	29	0	1	143	5	147	2.90e-82	238
Toxogond	CP@TRINITY_DN54_c0_g1::CP@TRINITY_DN54_c0_g1_i1::g.629::m.629	75.177	141	35	0	3	143	5	145	3.74e-76	223
Brevmoto	CP@TRINITY_DN54_c0_g1::CP@TRINITY_DN54_c0_g1_i1::g.629::m.629	68.493	146	46	0	6	151	1	146	1.28e-69	206
Brevmoto	CP@TRINITY_DN556_c0_g1::CP@TRINITY_DN556_c0_g1_i2::g.12911::m.12911	64.336	143	51	0	9	151	6	148	7.73e-64	192
MatazaD1	CP@TRINITY_DN556_c0_g1::CP@TRINITY_DN556_c0_g1_i2::g.12911::m.12911	69.444	144	44	0	26	169	4	147	1.37e-68	205
MatazaD1	CP@TRINITY_DN54_c0_g1::CP@TRINITY_DN54_c0_g1_i1::g.629::m.629	73.723	137	32	1	37	169	9	145	1.00e-66	200
Chlorept	CP@TRINITY_DN54_c0_g1::CP@TRINITY_DN54_c0_g1_i1::g.629::m.629	71.034	145	42	0	1	145	1	145	1.13e-71	211
Chlorept	CP@TRINITY_DN556_c0_g1::CP@TRINITY_DN556_c0_g1_i2::g.12911::m.12911	72.535	142	39	0	4	145	6	147	1.09e-69	206
Cyanmero	CP@TRINITY_DN54_c0_g1::CP@TRINITY_DN54_c0_g1_i1::g.629::m.629	71.724	145	41	0	1	145	1	145	1.54e-73	216
Cyanmero	CP@TRINITY_DN556_c0_g1::CP@TRINITY_DN556_c0_g1_i2::g.12911::m.12911	70.423	142	42	0	4	145	6	147	8.89e-71	209
Rhodmacu	CP@TRINITY_DN54_c0_g1::CP@TRINITY_DN54_c0_g1_i1::g.629::m.629	73.571	140	37	0	5	144	6	145	1.37e-73	216
Rhodmacu	CP@TRINITY_DN556_c0_g1::CP@TRINITY_DN556_c0_g1_i2::g.12911::m.12911	69.014	142	44	0	3	144	6	147	2.57e-67	200
Porpaeru	CP@TRINITY_DN556_c0_g1::CP@TRINITY_DN556_c0_g1_i2::g.12911::m.12911	73.050	141	38	0	5	145	7	147	1.38e-72	214
Porpaeru	CP@TRINITY_DN54_c0_g1::CP@TRINITY_DN54_c0_g1_i1::g.629::m.629	69.655	145	44	0	1	145	1	145	3.91e-71	210
Rhodmari	CP@TRINITY_DN54_c0_g1::CP@TRINITY_DN54_c0_g1_i1::g.629::m.629	68.966	145	45	0	1	145	1	145	5.26e-72	212
Rhodmari	CP@TRINITY_DN556_c0_g1::CP@TRINITY_DN556_c0_g1_i2::g.12911::m.12911	68.085	141	45	0	5	145	7	147	5.40e-67	199
Porpumbi	CP@TRINITY_DN556_c0_g1::CP@TRINITY_DN556_c0_g1_i2::g.12911::m.12911	72.028	143	40	0	4	146	6	148	8.76e-72	212
Porpumbi	CP@TRINITY_DN54_c0_g1::CP@TRINITY_DN54_c0_g1_i1::g.629::m.629	67.123	146	48	0	1	146	1	146	8.27e-69	204
Compcoer	CP@TRINITY_DN556_c0_g1::CP@TRINITY_DN556_c0_g1_i2::g.12911::m.12911	72.143	140	39	0	3	142	5	144	1.12e-69	206
Compcoer	CP@TRINITY_DN54_c0_g1::CP@TRINITY_DN54_c0_g1_i1::g.629::m.629	69.014	142	44	0	1	142	1	142	6.73e-68	202
Choncris	CP@TRINITY_DN556_c0_g1::CP@TRINITY_DN556_c0_g1_i2::g.12911::m.12911	73.239	142	38	0	4	145	6	147	2.88e-73	216
Choncris	CP@TRINITY_DN54_c0_g1::CP@TRINITY_DN54_c0_g1_i1::g.629::m.629	66.207	145	49	0	1	145	1	145	3.42e-69	205
Gratturu	CP@TRINITY_DN556_c0_g1::CP@TRINITY_DN556_c0_g1_i2::g.12911::m.12911	73.239	142	38	0	1	142	6	147	3.79e-73	215
Gratturu	CP@TRINITY_DN54_c0_g1::CP@TRINITY_DN54_c0_g1_i1::g.629::m.629	66.667	141	47	0	2	142	5	145	1.09e-67	201
Cerakond	CP@TRINITY_DN556_c0_g1::CP@TRINITY_DN556_c0_g1_i2::g.12911::m.12911	73.239	142	38	0	1	142	6	147	4.18e-73	215
Cerakond	CP@TRINITY_DN54_c0_g1::CP@TRINITY_DN54_c0_g1_i1::g.629::m.629	66.667	141	47	0	2	142	5	145	1.14e-67	201
Pela2097	CP@TRINITY_DN54_c0_g1::CP@TRINITY_DN54_c0_g1_i1::g.629::m.629	71.918	146	40	1	26	170	1	146	6.64e-71	211
Pela2097	CP@TRINITY_DN556_c0_g1::CP@TRINITY_DN556_c0_g1_i2::g.12911::m.12911	73.427	143	37	1	29	170	6	148	8.83e-71	210
Pelasubv	CP@TRINITY_DN54_c0_g1::CP@TRINITY_DN54_c0_g1_i1::g.629::m.629	71.724	145	40	1	1	144	1	145	3.53e-73	215
Pelasubv	CP@TRINITY_DN556_c0_g1::CP@TRINITY_DN556_c0_g1_i2::g.12911::m.12911	74.648	142	35	1	4	144	6	147	4.45e-73	215
Pelacalc	CP@TRINITY_DN556_c0_g1::CP@TRINITY_DN556_c0_g1_i2::g.12911::m.12911	74.648	142	35	1	135	275	6	147	3.16e-72	218
Pelacalc	CP@TRINITY_DN54_c0_g1::CP@TRINITY_DN54_c0_g1_i1::g.629::m.629	71.724	145	40	1	132	275	1	145	9.83e-72	217
Chryfrag	CP@TRINITY_DN556_c0_g1::CP@TRINITY_DN556_c0_g1_i2::g.12911::m.12911	73.759	141	36	1	37	176	7	147	4.91e-72	214
Chryfrag	CP@TRINITY_DN54_c0_g1::CP@TRINITY_DN54_c0_g1_i1::g.629::m.629	71.034	145	41	1	33	176	1	145	5.30e-72	214
Aureanop	CP@TRINITY_DN556_c0_g1::CP@TRINITY_DN556_c0_g1_i2::g.12911::m.12911	74.126	143	36	1	4	145	6	148	9.62e-73	214
Aureanop	CP@TRINITY_DN54_c0_g1::CP@TRINITY_DN54_c0_g1_i1::g.629::m.629	71.233	146	41	1	1	145	1	146	1.54e-71	211
BlasS7SB	CP@TRINITY_DN556_c0_g1::CP@TRINITY_DN556_c0_g1_i2::g.12911::m.12911	73.944	142	37	0	4	145	6	147	4.21e-70	207
BlasS7SB	CP@TRINITY_DN54_c0_g1::CP@TRINITY_DN54_c0_g1_i1::g.629::m.629	67.586	145	47	0	1	145	1	145	8.55e-67	199
PlacCLAB	CP@TRINITY_DN54_c0_g1::CP@TRINITY_DN54_c0_g1_i1::g.629::m.629	72.414	145	40	0	14	158	1	145	1.59e-74	219
PlacCLAB	CP@TRINITY_DN556_c0_g1::CP@TRINITY_DN556_c0_g1_i2::g.12911::m.12911	71.831	142	40	0	17	158	6	147	7.12e-71	210
Wobbluna	CP@TRINITY_DN54_c0_g1::CP@TRINITY_DN54_c0_g1_i1::g.629::m.629	74.658	146	37	0	1	146	1	146	6.18e-75	220
Wobbluna	CP@TRINITY_DN556_c0_g1::CP@TRINITY_DN556_c0_g1_i2::g.12911::m.12911	73.427	143	38	0	4	146	6	148	1.91e-72	213
Albulaib	CP@TRINITY_DN54_c0_g1::CP@TRINITY_DN54_c0_g1_i1::g.629::m.629	72.414	145	40	0	1	145	1	145	2.41e-72	213
Albulaib	CP@TRINITY_DN556_c0_g1::CP@TRINITY_DN556_c0_g1_i2::g.12911::m.12911	71.631	141	40	0	5	145	7	147	1.39e-71	211
Pythirre	CP@TRINITY_DN556_c0_g1::CP@TRINITY_DN556_c0_g1_i2::g.12911::m.12911	71.631	141	40	0	1	141	7	147	5.58e-71	209
Pythirre	CP@TRINITY_DN54_c0_g1::CP@TRINITY_DN54_c0_g1_i1::g.629::m.629	70.922	141	41	0	1	141	5	145	1.74e-69	206
Saprdecl	CP@TRINITY_DN556_c0_g1::CP@TRINITY_DN556_c0_g1_i2::g.12911::m.12911	72.340	141	39	0	5	145	7	147	1.31e-71	211
Saprdecl	CP@TRINITY_DN54_c0_g1::CP@TRINITY_DN54_c0_g1_i1::g.629::m.629	70.345	145	43	0	1	145	1	145	1.55e-70	209
Syncpusi	CP@TRINITY_DN556_c0_g1::CP@TRINITY_DN556_c0_g1_i2::g.12911::m.12911	74.126	143	37	0	31	173	6	148	4.95e-73	216
Syncpusi	CP@TRINITY_DN54_c0_g1::CP@TRINITY_DN54_c0_g1_i1::g.629::m.629	70.548	146	43	0	28	173	1	146	9.18e-71	210
Haloseos	CP@TRINITY_DN54_c0_g1::CP@TRINITY_DN54_c0_g1_i1::g.629::m.629	71.233	146	42	0	1	146	1	146	5.91e-72	212
Haloseos	CP@TRINITY_DN556_c0_g1::CP@TRINITY_DN556_c0_g1_i2::g.12911::m.12911	69.655	145	44	0	2	146	4	148	2.43e-70	208
Caferoen	CP@TRINITY_DN556_c0_g1::CP@TRINITY_DN556_c0_g1_i2::g.12911::m.12911	76.978	139	32	0	2	140	4	142	7.33e-71	211
Caferoen	CP@TRINITY_DN54_c0_g1::CP@TRINITY_DN54_c0_g1_i1::g.629::m.629	73.571	140	37	0	1	140	1	140	9.94e-68	203
Deveeleg	CP@TRINITY_DN54_c0_g1::CP@TRINITY_DN54_c0_g1_i1::g.629::m.629	73.973	146	38	0	10	155	1	146	1.82e-72	214
Deveeleg	CP@TRINITY_DN556_c0_g1::CP@TRINITY_DN556_c0_g1_i2::g.12911::m.12911	74.126	143	37	0	13	155	6	148	1.44e-71	212
Tribgaya	CP@TRINITY_DN556_c0_g1::CP@TRINITY_DN556_c0_g1_i2::g.12911::m.12911	76.224	143	34	0	25	167	6	148	1.36e-75	222
Tribgaya	CP@TRINITY_DN54_c0_g1::CP@TRINITY_DN54_c0_g1_i1::g.629::m.629	73.288	146	39	0	22	167	1	146	3.42e-71	211
Agarclat	CP@TRINITY_DN556_c0_g1::CP@TRINITY_DN556_c0_g1_i2::g.12911::m.12911	72.727	143	39	0	4	146	6	148	5.85e-73	215
Agarclat	CP@TRINITY_DN54_c0_g1::CP@TRINITY_DN54_c0_g1_i1::g.629::m.629	73.288	146	39	0	1	146	1	146	1.18e-71	211
Fucucera	CP@TRINITY_DN556_c0_g1::CP@TRINITY_DN556_c0_g1_i2::g.12911::m.12911	73.944	142	37	0	4	145	6	147	3.75e-74	218
Fucucera	CP@TRINITY_DN54_c0_g1::CP@TRINITY_DN54_c0_g1_i1::g.629::m.629	73.793	145	38	0	1	145	1	145	2.78e-72	213
Pingpyre	CP@TRINITY_DN556_c0_g1::CP@TRINITY_DN556_c0_g1_i2::g.12911::m.12911	73.944	142	37	0	4	145	6	147	6.33e-72	212
Pingpyre	CP@TRINITY_DN54_c0_g1::CP@TRINITY_DN54_c0_g1_i1::g.629::m.629	71.724	145	41	0	1	145	1	145	2.00e-71	211
Paravest	CP@TRINITY_DN556_c0_g1::CP@TRINITY_DN556_c0_g1_i2::g.12911::m.12911	66.901	142	47	0	4	145	6	147	1.66e-65	196
Paravest	CP@TRINITY_DN54_c0_g1::CP@TRINITY_DN54_c0_g1_i1::g.629::m.629	64.138	145	52	0	1	145	1	145	1.99e-62	188
Dino2267	CP@TRINITY_DN54_c0_g1::CP@TRINITY_DN54_c0_g1_i1::g.629::m.629	66.207	145	49	0	1	145	1	145	2.88e-65	195
Dino2267	CP@TRINITY_DN556_c0_g1::CP@TRINITY_DN556_c0_g1_i2::g.12911::m.12911	65.493	142	49	0	4	145	6	147	7.14e-65	194
Ochr2298	CP@TRINITY_DN556_c0_g1::CP@TRINITY_DN556_c0_g1_i2::g.12911::m.12911	64.336	143	51	0	4	146	6	148	1.60e-64	193
Ochr2298	CP@TRINITY_DN54_c0_g1::CP@TRINITY_DN54_c0_g1_i1::g.629::m.629	65.068	146	51	0	1	146	1	146	3.97e-64	192
Pedoelon	CP@TRINITY_DN556_c0_g1::CP@TRINITY_DN556_c0_g1_i2::g.12911::m.12911	64.789	142	50	0	4	145	6	147	6.47e-65	194
Pedoelon	CP@TRINITY_DN54_c0_g1::CP@TRINITY_DN54_c0_g1_i1::g.629::m.629	64.828	145	51	0	1	145	1	145	5.14e-64	192
PoterBG1	CP@TRINITY_DN54_c0_g1::CP@TRINITY_DN54_c0_g1_i1::g.629::m.629	66.897	145	48	0	1	145	1	145	4.23e-66	197
PoterBG1	CP@TRINITY_DN556_c0_g1::CP@TRINITY_DN556_c0_g1_i2::g.12911::m.12911	66.197	142	48	0	4	145	6	147	2.78e-65	195
Mallmari	CP@TRINITY_DN556_c0_g1::CP@TRINITY_DN556_c0_g1_i2::g.12911::m.12911	73.239	142	38	0	4	145	6	147	1.00e-71	212
Mallmari	CP@TRINITY_DN54_c0_g1::CP@TRINITY_DN54_c0_g1_i1::g.629::m.629	66.897	145	48	0	1	145	1	145	1.83e-64	193
Aplakerg	CP@TRINITY_DN54_c0_g1::CP@TRINITY_DN54_c0_g1_i1::g.629::m.629	71.831	142	39	1	3	143	5	146	2.77e-69	205
Aplakerg	CP@TRINITY_DN556_c0_g1::CP@TRINITY_DN556_c0_g1_i2::g.12911::m.12911	68.750	144	44	1	1	143	5	148	5.45e-68	202
ThraLLF1	CP@TRINITY_DN556_c0_g1::CP@TRINITY_DN556_c0_g1_i2::g.12911::m.12911	68.493	146	45	1	25	169	2	147	1.70e-67	202
ThraLLF1	CP@TRINITY_DN54_c0_g1::CP@TRINITY_DN54_c0_g1_i1::g.629::m.629	68.085	141	44	1	30	169	5	145	6.77e-65	195
Schiaggr	CP@TRINITY_DN556_c0_g1::CP@TRINITY_DN556_c0_g1_i2::g.12911::m.12911	70.139	144	42	1	1	143	5	148	2.01e-68	203
Schiaggr	CP@TRINITY_DN54_c0_g1::CP@TRINITY_DN54_c0_g1_i1::g.629::m.629	69.718	142	42	1	3	143	5	146	2.05e-66	198
Auralima	CP@TRINITY_DN556_c0_g1::CP@TRINITY_DN556_c0_g1_i2::g.12911::m.12911	72.917	144	38	1	1	143	5	148	1.57e-71	211
Auralima	CP@TRINITY_DN54_c0_g1::CP@TRINITY_DN54_c0_g1_i1::g.629::m.629	71.831	142	39	1	3	143	5	146	2.01e-67	201
Psuemult	CP@TRINITY_DN556_c0_g1::CP@TRINITY_DN556_c0_g1_i2::g.12911::m.12911	70.833	144	42	0	1	144	5	148	3.44e-70	207
Psuemult	CP@TRINITY_DN54_c0_g1::CP@TRINITY_DN54_c0_g1_i1::g.629::m.629	69.718	142	43	0	3	144	5	146	2.75e-68	203
Fragcyli	CP@TRINITY_DN556_c0_g1::CP@TRINITY_DN556_c0_g1_i2::g.12911::m.12911	68.531	143	45	0	1	143	5	147	9.12e-68	201
Fragcyli	CP@TRINITY_DN54_c0_g1::CP@TRINITY_DN54_c0_g1_i1::g.629::m.629	68.085	141	45	0	3	143	5	145	3.44e-67	200
Phaetric	CP@TRINITY_DN556_c0_g1::CP@TRINITY_DN556_c0_g1_i2::g.12911::m.12911	72.028	143	40	0	1	143	5	147	2.83e-71	210
Phaetric	CP@TRINITY_DN54_c0_g1::CP@TRINITY_DN54_c0_g1_i1::g.629::m.629	72.340	141	39	0	3	143	5	145	7.11e-70	207
Tripeleu	CP@TRINITY_DN54_c0_g1::CP@TRINITY_DN54_c0_g1_i1::g.629::m.629	70.213	141	42	0	3	143	5	145	3.16e-70	207
Tripeleu	CP@TRINITY_DN556_c0_g1::CP@TRINITY_DN556_c0_g1_i2::g.12911::m.12911	71.329	143	41	0	1	143	5	147	4.84e-70	207
Rhiz1243	CP@TRINITY_DN556_c0_g1::CP@TRINITY_DN556_c0_g1_i2::g.12911::m.12911	73.154	149	38	1	8	156	1	147	1.72e-73	216
Rhiz1243	CP@TRINITY_DN54_c0_g1::CP@TRINITY_DN54_c0_g1_i1::g.629::m.629	72.414	145	40	0	12	156	1	145	4.39e-71	210
Pseuelas	CP@TRINITY_DN556_c0_g1::CP@TRINITY_DN556_c0_g1_i2::g.12911::m.12911	72.603	146	40	0	28	173	2	147	2.87e-74	219
Pseuelas	CP@TRINITY_DN54_c0_g1::CP@TRINITY_DN54_c0_g1_i1::g.629::m.629	74.468	141	36	0	33	173	5	145	8.74e-73	215
Pedi2098	CP@TRINITY_DN54_c0_g1::CP@TRINITY_DN54_c0_g1_i1::g.629::m.629	73.793	145	38	0	9	153	1	145	1.35e-72	214
Pedi2098	CP@TRINITY_DN556_c0_g1::CP@TRINITY_DN556_c0_g1_i2::g.12911::m.12911	72.789	147	38	1	7	153	3	147	9.49e-72	212
Flor1587	CP@TRINITY_DN556_c0_g1::CP@TRINITY_DN556_c0_g1_i2::g.12911::m.12911	73.913	138	36	0	1	138	5	142	2.60e-70	211
Flor1587	CP@TRINITY_DN54_c0_g1::CP@TRINITY_DN54_c0_g1_i1::g.629::m.629	71.014	138	40	0	3	140	5	142	3.30e-67	203
Octaspec	CP@TRINITY_DN54_c0_g1::CP@TRINITY_DN54_c0_g1_i1::g.629::m.629	73.793	145	38	0	1	145	1	145	1.80e-73	216
Octaspec	CP@TRINITY_DN556_c0_g1::CP@TRINITY_DN556_c0_g1_i2::g.12911::m.12911	75.177	141	35	0	5	145	7	147	4.00e-73	215
Fibrjapo	CP@TRINITY_DN54_c0_g1::CP@TRINITY_DN54_c0_g1_i1::g.629::m.629	73.793	145	38	0	1	145	1	145	7.47e-72	212
Fibrjapo	CP@TRINITY_DN556_c0_g1::CP@TRINITY_DN556_c0_g1_i2::g.12911::m.12911	71.831	142	40	0	4	145	6	147	3.03e-70	208
Heteakas	CP@TRINITY_DN54_c0_g1::CP@TRINITY_DN54_c0_g1_i1::g.629::m.629	70.345	145	43	0	1	145	1	145	2.63e-69	205
Heteakas	CP@TRINITY_DN556_c0_g1::CP@TRINITY_DN556_c0_g1_i2::g.12911::m.12911	71.724	145	39	1	1	145	5	147	1.20e-68	204
Chatsubs	CP@TRINITY_DN556_c0_g1::CP@TRINITY_DN556_c0_g1_i2::g.12911::m.12911	72.932	133	36	0	4	136	6	138	5.47e-66	197
Chatsubs	CP@TRINITY_DN54_c0_g1::CP@TRINITY_DN54_c0_g1_i1::g.629::m.629	69.118	136	42	0	1	136	1	136	1.19e-63	191
Cantmars	CP@TRINITY_DN54_c0_g1::CP@TRINITY_DN54_c0_g1_i1::g.629::m.629	76.027	146	35	0	1	146	1	146	1.71e-75	221
Cantmars	CP@TRINITY_DN556_c0_g1::CP@TRINITY_DN556_c0_g1_i2::g.12911::m.12911	72.727	143	39	0	4	146	6	148	2.30e-73	216
Gloewitr	CP@TRINITY_DN556_c0_g1::CP@TRINITY_DN556_c0_g1_i2::g.12911::m.12911	79.577	142	29	0	25	166	6	147	1.50e-79	232
Gloewitr	CP@TRINITY_DN54_c0_g1::CP@TRINITY_DN54_c0_g1_i1::g.629::m.629	74.483	145	37	0	22	166	1	145	2.03e-77	227
Cyanpara	CP@TRINITY_DN556_c0_g1::CP@TRINITY_DN556_c0_g1_i2::g.12911::m.12911	77.778	144	32	0	2	145	4	147	5.88e-78	227
Cyanpara	CP@TRINITY_DN54_c0_g1::CP@TRINITY_DN54_c0_g1_i1::g.629::m.629	72.414	145	40	0	1	145	1	145	2.94e-73	215
Gromspha	CP@TRINITY_DN556_c0_g1::CP@TRINITY_DN556_c0_g1_i2::g.12911::m.12911	80.833	120	23	0	2	121	29	148	4.91e-68	201
Gromspha	CP@TRINITY_DN54_c0_g1::CP@TRINITY_DN54_c0_g1_i1::g.629::m.629	78.814	118	25	0	4	121	29	146	3.23e-65	194
Rhodemar	CP@TRINITY_DN54_c0_g1::CP@TRINITY_DN54_c0_g1_i1::g.629::m.629	76.027	146	35	0	19	164	1	146	5.63e-81	236
Rhodemar	CP@TRINITY_DN556_c0_g1::CP@TRINITY_DN556_c0_g1_i2::g.12911::m.12911	76.224	143	34	0	22	164	6	148	5.48e-75	221
Rhodlimn	CP@TRINITY_DN54_c0_g1::CP@TRINITY_DN54_c0_g1_i1::g.629::m.629	76.712	146	34	0	1	146	1	146	8.98e-81	234
Rhodlimn	CP@TRINITY_DN556_c0_g1::CP@TRINITY_DN556_c0_g1_i2::g.12911::m.12911	73.427	143	38	0	4	146	6	148	3.86e-73	215
Idiovort	CP@TRINITY_DN54_c0_g1::CP@TRINITY_DN54_c0_g1_i1::g.629::m.629	76.027	146	35	0	22	167	1	146	9.50e-79	230
Idiovort	CP@TRINITY_DN556_c0_g1::CP@TRINITY_DN556_c0_g1_i2::g.12911::m.12911	76.923	143	33	0	25	167	6	148	6.88e-75	221
Volvcart	CP@TRINITY_DN556_c0_g1::CP@TRINITY_DN556_c0_g1_i2::g.12911::m.12911	74.825	143	35	1	1	142	5	147	9.02e-76	222
Volvcart	CP@TRINITY_DN54_c0_g1::CP@TRINITY_DN54_c0_g1_i1::g.629::m.629	73.050	141	37	1	3	142	5	145	1.70e-70	208
Picosali	CP@TRINITY_DN556_c0_g1::CP@TRINITY_DN556_c0_g1_i2::g.12911::m.12911	74.658	146	36	1	86	230	2	147	2.37e-77	229
Picosali	CP@TRINITY_DN54_c0_g1::CP@TRINITY_DN54_c0_g1_i1::g.629::m.629	72.340	141	38	1	91	230	5	145	3.72e-71	214
Physpate	CP@TRINITY_DN556_c0_g1::CP@TRINITY_DN556_c0_g1_i2::g.12911::m.12911	73.427	143	34	1	1	139	5	147	2.22e-74	218
Physpate	CP@TRINITY_DN54_c0_g1::CP@TRINITY_DN54_c0_g1_i1::g.629::m.629	72.340	141	35	1	3	139	5	145	1.05e-70	209
Oryzsati	CP@TRINITY_DN556_c0_g1::CP@TRINITY_DN556_c0_g1_i2::g.12911::m.12911	73.427	143	34	1	1	139	5	147	2.64e-73	215
Oryzsati	CP@TRINITY_DN54_c0_g1::CP@TRINITY_DN54_c0_g1_i1::g.629::m.629	73.759	141	33	1	3	139	5	145	5.81e-71	209
Micrpusl	CP@TRINITY_DN556_c0_g1::CP@TRINITY_DN556_c0_g1_i2::g.12911::m.12911	76.224	143	33	1	1	142	5	147	5.05e-75	220
Micrpusl	CP@TRINITY_DN54_c0_g1::CP@TRINITY_DN54_c0_g1_i1::g.629::m.629	73.050	141	37	1	3	142	5	145	2.52e-72	213
Ostrtaur	CP@TRINITY_DN556_c0_g1::CP@TRINITY_DN556_c0_g1_i2::g.12911::m.12911	76.224	143	33	1	1	142	5	147	3.33e-75	220
Ostrtaur	CP@TRINITY_DN54_c0_g1::CP@TRINITY_DN54_c0_g1_i1::g.629::m.629	73.050	141	37	1	3	142	5	145	1.26e-70	209
Chrycart	CP@TRINITY_DN54_c0_g1::CP@TRINITY_DN54_c0_g1_i1::g.629::m.629	76.923	143	33	0	43	185	3	145	3.47e-79	232
Chrycart	CP@TRINITY_DN556_c0_g1::CP@TRINITY_DN556_c0_g1_i2::g.12911::m.12911	75.352	142	35	0	44	185	6	147	4.19e-76	224
Chryrota	CP@TRINITY_DN54_c0_g1::CP@TRINITY_DN54_c0_g1_i1::g.629::m.629	76.552	145	34	0	1	145	1	145	5.63e-80	232
Chryrota	CP@TRINITY_DN556_c0_g1::CP@TRINITY_DN556_c0_g1_i2::g.12911::m.12911	75.352	142	35	0	4	145	6	147	8.00e-76	222
Prympoly	CP@TRINITY_DN54_c0_g1::CP@TRINITY_DN54_c0_g1_i1::g.629::m.629	75.862	145	35	0	8	152	1	145	1.15e-79	232
Prympoly	CP@TRINITY_DN556_c0_g1::CP@TRINITY_DN556_c0_g1_i2::g.12911::m.12911	76.056	142	34	0	11	152	6	147	1.93e-77	226
Prymparv	CP@TRINITY_DN54_c0_g1::CP@TRINITY_DN54_c0_g1_i1::g.629::m.629	75.862	145	35	0	15	159	1	145	4.18e-79	231
Prymparv	CP@TRINITY_DN556_c0_g1::CP@TRINITY_DN556_c0_g1_i2::g.12911::m.12911	76.056	142	34	0	18	159	6	147	3.87e-77	226
Pavl2436	CP@TRINITY_DN54_c0_g1::CP@TRINITY_DN54_c0_g1_i1::g.629::m.629	75.342	146	36	0	1	146	1	146	1.87e-79	231
Pavl2436	CP@TRINITY_DN556_c0_g1::CP@TRINITY_DN556_c0_g1_i2::g.12911::m.12911	78.169	142	31	0	5	146	7	148	3.95e-78	228
Diacluth	CP@TRINITY_DN556_c0_g1::CP@TRINITY_DN556_c0_g1_i2::g.12911::m.12911	76.224	143	34	0	3	145	5	147	2.76e-78	228
Diacluth	CP@TRINITY_DN54_c0_g1::CP@TRINITY_DN54_c0_g1_i1::g.629::m.629	73.103	145	39	0	1	145	1	145	4.14e-76	223
Roomtrun	CP@TRINITY_DN556_c0_g1::CP@TRINITY_DN556_c0_g1_i2::g.12911::m.12911	73.333	150	37	2	4	152	1	148	5.02e-76	223
Roomtrun	CP@TRINITY_DN54_c0_g1::CP@TRINITY_DN54_c0_g1_i1::g.629::m.629	71.233	146	41	1	8	152	1	146	2.34e-71	211
Bafffrig	CP@TRINITY_DN556_c0_g1::CP@TRINITY_DN556_c0_g1_i2::g.12911::m.12911	73.973	146	37	1	14	158	3	148	1.61e-74	219
Bafffrig	CP@TRINITY_DN54_c0_g1::CP@TRINITY_DN54_c0_g1_i1::g.629::m.629	70.423	142	41	1	18	158	5	146	1.37e-69	207
Cryppara	CP@TRINITY_DN556_c0_g1::CP@TRINITY_DN556_c0_g1_i2::g.12911::m.12911	74.825	143	35	1	1	142	5	147	1.10e-74	219
Cryppara	CP@TRINITY_DN54_c0_g1::CP@TRINITY_DN54_c0_g1_i1::g.629::m.629	73.759	141	36	1	3	142	5	145	1.19e-72	214
Rhodsali	CP@TRINITY_DN556_c0_g1::CP@TRINITY_DN556_c0_g1_i2::g.12911::m.12911	73.944	142	36	1	14	154	6	147	3.69e-73	216
Rhodsali	CP@TRINITY_DN54_c0_g1::CP@TRINITY_DN54_c0_g1_i1::g.629::m.629	71.631	141	39	1	15	154	5	145	3.51e-70	208
Ancytwis	CP@TRINITY_DN556_c0_g1::CP@TRINITY_DN556_c0_g1_i2::g.12911::m.12911	75.207	121	29	1	3	122	5	125	2.77e-63	191
Ancytwis	CP@TRINITY_DN54_c0_g1::CP@TRINITY_DN54_c0_g1_i1::g.629::m.629	69.600	125	37	1	1	124	1	125	5.97e-60	182
Perkmari	CP@TRINITY_DN54_c0_g1::CP@TRINITY_DN54_c0_g1_i1::g.629::m.629	79.310	145	30	0	1	145	1	145	5.32e-82	238
Perkmari	CP@TRINITY_DN556_c0_g1::CP@TRINITY_DN556_c0_g1_i2::g.12911::m.12911	77.465	142	32	0	4	145	6	147	4.14e-78	228
Karebrev	CP@TRINITY_DN556_c0_g1::CP@TRINITY_DN556_c0_g1_i2::g.12911::m.12911	75.839	149	34	1	22	170	1	147	1.47e-80	235
Karebrev	CP@TRINITY_DN54_c0_g1::CP@TRINITY_DN54_c0_g1_i1::g.629::m.629	76.552	145	34	0	26	170	1	145	5.52e-77	226
Alexminu	CP@TRINITY_DN556_c0_g1::CP@TRINITY_DN556_c0_g1_i2::g.12911::m.12911	77.953	127	28	0	2	128	16	142	1.54e-71	211
Alexminu	CP@TRINITY_DN54_c0_g1::CP@TRINITY_DN54_c0_g1_i1::g.629::m.629	76.378	127	30	0	2	128	14	140	6.23e-67	199
Fontalba	CP@TRINITY_DN54_c0_g1::CP@TRINITY_DN54_c0_g1_i1::g.629::m.629	72.414	145	40	0	1	145	1	145	1.06e-78	229
Fontalba	CP@TRINITY_DN556_c0_g1::CP@TRINITY_DN556_c0_g1_i2::g.12911::m.12911	66.667	141	47	0	5	145	7	147	5.20e-65	194
Brevanat	CP@TRINITY_DN556_c0_g1::CP@TRINITY_DN556_c0_g1_i2::g.12911::m.12911	80.469	128	25	0	28	155	21	148	1.52e-71	211
Brevanat	CP@TRINITY_DN54_c0_g1::CP@TRINITY_DN54_c0_g1_i1::g.629::m.629	77.344	128	29	0	28	155	19	146	1.24e-68	204
Masteilh	CP@TRINITY_DN54_c0_g1::CP@TRINITY_DN54_c0_g1_i1::g.629::m.629	75.714	140	33	1	5	143	6	145	3.82e-75	220
Masteilh	CP@TRINITY_DN556_c0_g1::CP@TRINITY_DN556_c0_g1_i2::g.12911::m.12911	73.944	142	36	1	3	143	6	147	1.68e-74	219
Rhizelon	CP@TRINITY_DN556_c0_g1::CP@TRINITY_DN556_c0_g1_i2::g.12911::m.12911	76.224	143	34	0	1	143	5	147	1.16e-78	229
Rhizelon	CP@TRINITY_DN54_c0_g1::CP@TRINITY_DN54_c0_g1_i1::g.629::m.629	77.143	140	32	0	4	143	6	145	2.69e-77	226
Multmedi	CP@TRINITY_DN556_c0_g1::CP@TRINITY_DN556_c0_g1_i2::g.12911::m.12911	80.000	120	24	0	9	128	26	145	1.20e-67	201
Multmedi	CP@TRINITY_DN54_c0_g1::CP@TRINITY_DN54_c0_g1_i1::g.629::m.629	74.167	120	31	0	9	128	24	143	1.96e-63	190
Thecoxon	CP@TRINITY_DN556_c0_g1::CP@TRINITY_DN556_c0_g1_i2::g.12911::m.12911	79.487	117	24	0	9	125	32	148	4.57e-64	191
Thecoxon	CP@TRINITY_DN54_c0_g1::CP@TRINITY_DN54_c0_g1_i1::g.629::m.629	78.571	112	24	0	14	125	35	146	1.61e-63	190
Hetepall	CP@TRINITY_DN556_c0_g1::CP@TRINITY_DN556_c0_g1_i2::g.12911::m.12911	73.759	141	37	0	54	194	5	145	8.33e-74	219
Hetepall	CP@TRINITY_DN54_c0_g1::CP@TRINITY_DN54_c0_g1_i1::g.629::m.629	71.223	139	40	0	56	194	5	143	9.85e-70	209
Rhizsaxo	CP@TRINITY_DN54_c0_g1::CP@TRINITY_DN54_c0_g1_i1::g.629::m.629	75.177	141	35	0	19	159	5	145	2.38e-74	219
Rhizsaxo	CP@TRINITY_DN556_c0_g1::CP@TRINITY_DN556_c0_g1_i2::g.12911::m.12911	68.750	144	45	0	16	159	4	147	5.74e-70	208
Cuneruss	CP@TRINITY_DN54_c0_g1::CP@TRINITY_DN54_c0_g1_i1::g.629::m.629	72.222	144	40	0	1	144	1	144	5.04e-75	220
Cuneruss	CP@TRINITY_DN556_c0_g1::CP@TRINITY_DN556_c0_g1_i2::g.12911::m.12911	71.942	139	39	0	5	143	7	145	2.54e-68	203
Giarlamb	CP@TRINITY_DN54_c0_g1::CP@TRINITY_DN54_c0_g1_i1::g.629::m.629	65.468	139	48	0	2	140	4	142	5.30e-64	192
Giarlamb	CP@TRINITY_DN556_c0_g1::CP@TRINITY_DN556_c0_g1_i2::g.12911::m.12911	63.571	140	51	0	1	140	5	144	1.88e-59	181
Adunpalu	CP@TRINITY_DN556_c0_g1::CP@TRINITY_DN556_c0_g1_i2::g.12911::m.12911	62.143	140	53	0	3	142	9	148	2.04e-59	180
Adunpalu	CP@TRINITY_DN54_c0_g1::CP@TRINITY_DN54_c0_g1_i1::g.629::m.629	64.029	139	50	0	4	142	8	146	5.86e-59	179
Guttvulg	CP@TRINITY_DN54_c0_g1::CP@TRINITY_DN54_c0_g1_i1::g.629::m.629	67.857	140	44	1	3	141	5	144	4.05e-64	192
Guttvulg	CP@TRINITY_DN556_c0_g1::CP@TRINITY_DN556_c0_g1_i2::g.12911::m.12911	65.493	142	48	1	1	141	5	146	2.46e-63	190
Ergocypr	CP@TRINITY_DN556_c0_g1::CP@TRINITY_DN556_c0_g1_i2::g.12911::m.12911	70.748	147	42	1	8	153	2	148	6.32e-71	210
Ergocypr	CP@TRINITY_DN54_c0_g1::CP@TRINITY_DN54_c0_g1_i1::g.629::m.629	71.942	139	38	1	16	153	8	146	1.00e-69	207
Taensoli	CP@TRINITY_DN556_c0_g1::CP@TRINITY_DN556_c0_g1_i2::g.12911::m.12911	83.099	142	24	0	4	145	6	147	2.69e-85	246
Taensoli	CP@TRINITY_DN54_c0_g1::CP@TRINITY_DN54_c0_g1_i1::g.629::m.629	76.552	145	34	0	1	145	1	145	2.12e-77	226
Salprose	CP@TRINITY_DN556_c0_g1::CP@TRINITY_DN556_c0_g1_i2::g.12911::m.12911	80.420	143	28	0	1	143	5	147	1.01e-81	237
Salprose	CP@TRINITY_DN54_c0_g1::CP@TRINITY_DN54_c0_g1_i1::g.629::m.629	75.887	141	34	0	3	143	5	145	6.33e-76	222
Ovaldese	CP@TRINITY_DN556_c0_g1::CP@TRINITY_DN556_c0_g1_i2::g.12911::m.12911	77.305	141	32	0	5	145	7	147	3.12e-77	226
Ovaldese	CP@TRINITY_DN54_c0_g1::CP@TRINITY_DN54_c0_g1_i1::g.629::m.629	74.483	145	37	0	1	145	1	145	4.67e-77	225
Amphquee	CP@TRINITY_DN556_c0_g1::CP@TRINITY_DN556_c0_g1_i2::g.12911::m.12911	86.713	143	19	0	1	143	5	147	1.80e-87	251
Amphquee	CP@TRINITY_DN54_c0_g1::CP@TRINITY_DN54_c0_g1_i1::g.629::m.629	76.596	141	33	0	3	143	5	145	1.54e-75	221
Gallgall	CP@TRINITY_DN556_c0_g1::CP@TRINITY_DN556_c0_g1_i2::g.12911::m.12911	85.315	143	21	0	1	143	5	147	1.93e-85	246
Gallgall	CP@TRINITY_DN54_c0_g1::CP@TRINITY_DN54_c0_g1_i1::g.629::m.629	75.177	141	35	0	3	143	5	145	5.42e-74	217
Branflor	CP@TRINITY_DN556_c0_g1::CP@TRINITY_DN556_c0_g1_i2::g.12911::m.12911	82.517	143	25	0	1	143	5	147	6.46e-83	240
Branflor	CP@TRINITY_DN54_c0_g1::CP@TRINITY_DN54_c0_g1_i1::g.629::m.629	77.305	141	32	0	3	143	5	145	7.46e-77	224
Schimans	CP@TRINITY_DN556_c0_g1::CP@TRINITY_DN556_c0_g1_i2::g.12911::m.12911	85.211	142	21	0	4	145	6	147	2.58e-86	248
Schimans	CP@TRINITY_DN54_c0_g1::CP@TRINITY_DN54_c0_g1_i1::g.629::m.629	71.034	145	42	0	1	145	1	145	1.31e-74	219
Mnemleid	CP@TRINITY_DN556_c0_g1::CP@TRINITY_DN556_c0_g1_i2::g.12911::m.12911	83.916	143	23	0	1	143	5	147	9.36e-86	247
Mnemleid	CP@TRINITY_DN54_c0_g1::CP@TRINITY_DN54_c0_g1_i1::g.629::m.629	73.050	141	38	0	3	143	5	145	4.50e-73	215
Caeneleg	CP@TRINITY_DN556_c0_g1::CP@TRINITY_DN556_c0_g1_i2::g.12911::m.12911	86.014	143	20	0	1	143	5	147	9.05e-87	249
Caeneleg	CP@TRINITY_DN54_c0_g1::CP@TRINITY_DN54_c0_g1_i1::g.629::m.629	71.631	141	40	0	3	143	5	145	1.75e-72	213
Aplycali	CP@TRINITY_DN556_c0_g1::CP@TRINITY_DN556_c0_g1_i2::g.12911::m.12911	88.112	143	17	0	1	143	5	147	2.73e-89	256
Aplycali	CP@TRINITY_DN54_c0_g1::CP@TRINITY_DN54_c0_g1_i1::g.629::m.629	73.050	141	38	0	3	143	5	145	2.33e-74	218
Apismell	CP@TRINITY_DN556_c0_g1::CP@TRINITY_DN556_c0_g1_i2::g.12911::m.12911	87.413	143	18	0	1	143	5	147	1.76e-89	256
Apismell	CP@TRINITY_DN54_c0_g1::CP@TRINITY_DN54_c0_g1_i1::g.629::m.629	75.887	141	34	0	3	143	5	145	1.19e-74	219
Drosmela	CP@TRINITY_DN556_c0_g1::CP@TRINITY_DN556_c0_g1_i2::g.12911::m.12911	87.413	143	18	0	1	143	5	147	1.59e-90	259
Drosmela	CP@TRINITY_DN54_c0_g1::CP@TRINITY_DN54_c0_g1_i1::g.629::m.629	75.887	141	34	0	3	143	5	145	4.55e-75	220
Tricadha	CP@TRINITY_DN556_c0_g1::CP@TRINITY_DN556_c0_g1_i2::g.12911::m.12911	84.615	143	22	0	1	143	5	147	3.53e-85	246
Tricadha	CP@TRINITY_DN54_c0_g1::CP@TRINITY_DN54_c0_g1_i1::g.629::m.629	75.887	141	34	0	3	143	5	145	6.19e-77	224
Echibisp	CP@TRINITY_DN556_c0_g1::CP@TRINITY_DN556_c0_g1_i2::g.12911::m.12911	82.394	142	25	0	8	149	6	147	6.32e-84	243
Echibisp	CP@TRINITY_DN54_c0_g1::CP@TRINITY_DN54_c0_g1_i1::g.629::m.629	76.552	145	34	0	5	149	1	145	2.36e-79	231
Tsukglob	CP@TRINITY_DN54_c0_g1::CP@TRINITY_DN54_c0_g1_i1::g.629::m.629	77.778	144	32	0	12	155	1	144	2.57e-78	229
Tsukglob	CP@TRINITY_DN556_c0_g1::CP@TRINITY_DN556_c0_g1_i2::g.12911::m.12911	76.596	141	33	0	15	155	6	146	1.60e-75	222
Trimmari	CP@TRINITY_DN54_c0_g1::CP@TRINITY_DN54_c0_g1_i1::g.629::m.629	73.944	142	37	0	15	156	5	146	3.23e-71	211
Trimmari	CP@TRINITY_DN556_c0_g1::CP@TRINITY_DN556_c0_g1_i2::g.12911::m.12911	69.388	147	45	0	10	156	2	148	1.48e-69	207
Soliirre	CP@TRINITY_DN556_c0_g1::CP@TRINITY_DN556_c0_g1_i2::g.12911::m.12911	75.839	149	34	1	11	159	1	147	1.25e-79	232
Soliirre	CP@TRINITY_DN54_c0_g1::CP@TRINITY_DN54_c0_g1_i1::g.629::m.629	74.483	145	37	0	15	159	1	145	3.66e-76	223
Endozona	CP@TRINITY_DN54_c0_g1::CP@TRINITY_DN54_c0_g1_i1::g.629::m.629	71.429	140	38	1	3	140	6	145	1.19e-69	206
Endozona	CP@TRINITY_DN556_c0_g1::CP@TRINITY_DN556_c0_g1_i2::g.12911::m.12911	68.571	140	42	1	3	140	8	147	6.14e-66	197
Pellcata	CP@TRINITY_DN54_c0_g1::CP@TRINITY_DN54_c0_g1_i1::g.629::m.629	68.276	145	43	2	1	143	1	144	1.84e-65	196
Pellcata	CP@TRINITY_DN556_c0_g1::CP@TRINITY_DN556_c0_g1_i2::g.12911::m.12911	61.379	145	51	2	1	143	5	146	1.27e-59	181
Gocefonb	CP@TRINITY_DN54_c0_g1::CP@TRINITY_DN54_c0_g1_i1::g.629::m.629	69.504	141	41	1	51	189	6	146	7.71e-67	201
Gocefonb	CP@TRINITY_DN556_c0_g1::CP@TRINITY_DN556_c0_g1_i2::g.12911::m.12911	64.430	149	50	2	43	189	1	148	2.33e-64	195
Phalsoli	CP@TRINITY_DN556_c0_g1::CP@TRINITY_DN556_c0_g1_i2::g.12911::m.12911	76.761	142	33	0	4	145	6	147	1.05e-78	229
Phalsoli	CP@TRINITY_DN54_c0_g1::CP@TRINITY_DN54_c0_g1_i1::g.629::m.629	74.483	145	37	0	1	145	1	145	2.45e-78	228
Filanola	CP@TRINITY_DN54_c0_g1::CP@TRINITY_DN54_c0_g1_i1::g.629::m.629	76.552	145	34	0	16	160	1	145	2.66e-79	231
Filanola	CP@TRINITY_DN556_c0_g1::CP@TRINITY_DN556_c0_g1_i2::g.12911::m.12911	75.839	149	34	1	12	160	1	147	1.17e-77	227
Cavoapop	CP@TRINITY_DN54_c0_g1::CP@TRINITY_DN54_c0_g1_i1::g.629::m.629	77.241	145	33	0	16	160	1	145	1.60e-78	229
Cavoapop	CP@TRINITY_DN556_c0_g1::CP@TRINITY_DN556_c0_g1_i2::g.12911::m.12911	76.056	142	34	0	19	160	6	147	6.60e-78	228
Tychacut	CP@TRINITY_DN54_c0_g1::CP@TRINITY_DN54_c0_g1_i1::g.629::m.629	77.931	145	32	0	1	145	1	145	3.36e-81	236
Tychacut	CP@TRINITY_DN556_c0_g1::CP@TRINITY_DN556_c0_g1_i2::g.12911::m.12911	76.761	142	33	0	4	145	6	147	1.65e-77	226
Schivulg	CP@TRINITY_DN54_c0_g1::CP@TRINITY_DN54_c0_g1_i1::g.629::m.629	77.931	145	32	0	15	159	1	145	1.31e-80	234
Schivulg	CP@TRINITY_DN556_c0_g1::CP@TRINITY_DN556_c0_g1_i2::g.12911::m.12911	75.510	147	36	0	13	159	1	147	2.76e-78	229
Luaphula	CP@TRINITY_DN54_c0_g1::CP@TRINITY_DN54_c0_g1_i1::g.629::m.629	75.172	145	36	0	1	145	1	145	2.07e-78	228
Luaphula	CP@TRINITY_DN556_c0_g1::CP@TRINITY_DN556_c0_g1_i2::g.12911::m.12911	76.761	142	33	0	4	145	6	147	3.55e-77	225
Dracjorm	CP@TRINITY_DN556_c0_g1::CP@TRINITY_DN556_c0_g1_i2::g.12911::m.12911	78.322	143	31	0	1	143	5	147	2.41e-78	228
Dracjorm	CP@TRINITY_DN54_c0_g1::CP@TRINITY_DN54_c0_g1_i1::g.629::m.629	76.596	141	33	0	3	143	5	145	1.96e-76	223
Vermverm	CP@TRINITY_DN556_c0_g1::CP@TRINITY_DN556_c0_g1_i2::g.12911::m.12911	72.727	143	39	0	1	143	5	147	1.57e-73	216
Vermverm	CP@TRINITY_DN54_c0_g1::CP@TRINITY_DN54_c0_g1_i1::g.629::m.629	72.535	142	39	0	2	143	4	145	1.18e-72	214
Mancberm	CP@TRINITY_DN54_c0_g1::CP@TRINITY_DN54_c0_g1_i1::g.629::m.629	68.919	148	43	2	12	158	1	146	4.41e-67	200
Mancberm	CP@TRINITY_DN556_c0_g1::CP@TRINITY_DN556_c0_g1_i2::g.12911::m.12911	62.500	144	53	1	15	158	6	148	7.55e-64	192
Gefiokel	CP@TRINITY_DN556_c0_g1::CP@TRINITY_DN556_c0_g1_i2::g.12911::m.12911	73.611	144	38	0	20	163	5	148	3.73e-72	213
Gefiokel	CP@TRINITY_DN54_c0_g1::CP@TRINITY_DN54_c0_g1_i1::g.629::m.629	70.423	142	42	0	22	163	5	146	8.09e-70	207
Malajako	CP@TRINITY_DN54_c0_g1::CP@TRINITY_DN54_c0_g1_i1::g.629::m.629	73.288	146	39	0	8	153	1	146	2.10e-75	221
Malajako	CP@TRINITY_DN556_c0_g1::CP@TRINITY_DN556_c0_g1_i2::g.12911::m.12911	69.333	150	44	1	4	153	1	148	2.03e-68	204
Malacali	CP@TRINITY_DN54_c0_g1::CP@TRINITY_DN54_c0_g1_i1::g.629::m.629	73.973	146	38	0	1	146	1	146	1.75e-75	221
Malacali	CP@TRINITY_DN556_c0_g1::CP@TRINITY_DN556_c0_g1_i2::g.12911::m.12911	72.727	143	39	0	4	146	6	148	1.44e-71	211
Amoeprot	CP@TRINITY_DN556_c0_g1::CP@TRINITY_DN556_c0_g1_i2::g.12911::m.12911	75.694	144	35	0	18	161	4	147	2.83e-78	229
Amoeprot	CP@TRINITY_DN54_c0_g1::CP@TRINITY_DN54_c0_g1_i1::g.629::m.629	75.887	141	34	0	21	161	5	145	1.63e-75	222
NolaAFSM	CP@TRINITY_DN556_c0_g1::CP@TRINITY_DN556_c0_g1_i2::g.12911::m.12911	76.224	143	34	0	1	143	5	147	1.70e-76	224
NolaAFSM	CP@TRINITY_DN54_c0_g1::CP@TRINITY_DN54_c0_g1_i1::g.629::m.629	74.468	141	36	0	3	143	5	145	1.47e-75	221
Coprprot	CP@TRINITY_DN556_c0_g1::CP@TRINITY_DN556_c0_g1_i2::g.12911::m.12911	74.825	143	36	0	1	143	5	147	2.66e-76	223
Coprprot	CP@TRINITY_DN54_c0_g1::CP@TRINITY_DN54_c0_g1_i1::g.629::m.629	75.887	141	34	0	3	143	5	145	2.18e-74	218
Arcevulg	CP@TRINITY_DN556_c0_g1::CP@TRINITY_DN556_c0_g1_i2::g.12911::m.12911	74.126	143	37	0	1	143	5	147	1.24e-75	221
Arcevulg	CP@TRINITY_DN54_c0_g1::CP@TRINITY_DN54_c0_g1_i1::g.629::m.629	72.340	141	39	0	3	143	5	145	1.67e-69	206
Eutrgymn	CP@TRINITY_DN556_c0_g1::CP@TRINITY_DN556_c0_g1_i2::g.12911::m.12911	78.322	143	31	0	1	143	5	147	1.52e-78	229
Eutrgymn	CP@TRINITY_DN54_c0_g1::CP@TRINITY_DN54_c0_g1_i1::g.629::m.629	73.050	141	38	0	3	143	5	145	2.00e-75	221
Eugllong	CP@TRINITY_DN556_c0_g1::CP@TRINITY_DN556_c0_g1_i2::g.12911::m.12911	78.472	144	31	0	13	156	5	148	1.50e-78	229
Eugllong	CP@TRINITY_DN54_c0_g1::CP@TRINITY_DN54_c0_g1_i1::g.629::m.629	73.239	142	38	0	15	156	5	146	1.21e-74	219
Euglgrac	CP@TRINITY_DN556_c0_g1::CP@TRINITY_DN556_c0_g1_i2::g.12911::m.12911	78.472	144	31	0	11	154	5	148	2.21e-78	229
Euglgrac	CP@TRINITY_DN54_c0_g1::CP@TRINITY_DN54_c0_g1_i1::g.629::m.629	73.239	142	38	0	13	154	5	146	1.26e-74	219
Fabotrop	CP@TRINITY_DN556_c0_g1::CP@TRINITY_DN556_c0_g1_i2::g.12911::m.12911	74.825	143	36	0	4	146	6	148	4.40e-75	220
Fabotrop	CP@TRINITY_DN54_c0_g1::CP@TRINITY_DN54_c0_g1_i1::g.629::m.629	71.918	146	41	0	1	146	1	146	2.84e-73	216
Ancysigm	CP@TRINITY_DN556_c0_g1::CP@TRINITY_DN556_c0_g1_i2::g.12911::m.12911	79.054	148	31	0	16	163	1	148	2.78e-83	241
Ancysigm	CP@TRINITY_DN54_c0_g1::CP@TRINITY_DN54_c0_g1_i1::g.629::m.629	70.548	146	43	0	18	163	1	146	3.06e-72	214
Veximinu	CP@TRINITY_DN54_c0_g1::CP@TRINITY_DN54_c0_g1_i1::g.629::m.629	77.778	144	31	1	7	149	2	145	5.91e-78	228
Veximinu	CP@TRINITY_DN556_c0_g1::CP@TRINITY_DN556_c0_g1_i2::g.12911::m.12911	73.944	142	36	1	9	149	6	147	6.48e-72	213
Sapochin	CP@TRINITY_DN54_c0_g1::CP@TRINITY_DN54_c0_g1_i1::g.629::m.629	75.862	145	35	0	1	145	1	145	8.44e-78	227
Sapochin	CP@TRINITY_DN556_c0_g1::CP@TRINITY_DN556_c0_g1_i2::g.12911::m.12911	75.352	142	35	0	4	145	6	147	5.63e-75	220
Carpmemb	CP@TRINITY_DN54_c0_g1::CP@TRINITY_DN54_c0_g1_i1::g.629::m.629	78.261	138	30	0	4	141	8	145	2.30e-75	221
Carpmemb	CP@TRINITY_DN556_c0_g1::CP@TRINITY_DN556_c0_g1_i2::g.12911::m.12911	77.698	139	31	0	3	141	9	147	1.20e-74	219
Pharkirb	CP@TRINITY_DN54_c0_g1::CP@TRINITY_DN54_c0_g1_i1::g.629::m.629	76.027	146	34	1	1	145	1	146	3.55e-77	225
Pharkirb	CP@TRINITY_DN556_c0_g1::CP@TRINITY_DN556_c0_g1_i2::g.12911::m.12911	72.028	143	39	1	4	145	6	148	5.03e-71	210
Armalang	CP@TRINITY_DN54_c0_g1::CP@TRINITY_DN54_c0_g1_i1::g.629::m.629	76.552	145	34	0	1	145	1	145	3.15e-79	231
Armalang	CP@TRINITY_DN556_c0_g1::CP@TRINITY_DN556_c0_g1_i2::g.12911::m.12911	78.014	141	31	0	5	145	7	147	1.58e-76	224
Squajapo	CP@TRINITY_DN54_c0_g1::CP@TRINITY_DN54_c0_g1_i1::g.629::m.629	74.658	146	37	0	55	200	1	146	5.96e-76	224
Squajapo	CP@TRINITY_DN556_c0_g1::CP@TRINITY_DN556_c0_g1_i2::g.12911::m.12911	74.126	143	37	0	58	200	6	148	4.70e-74	220
Lenilimo	CP@TRINITY_DN54_c0_g1::CP@TRINITY_DN54_c0_g1_i1::g.629::m.629	69.014	142	44	0	1	142	1	142	1.11e-66	214
Lenilimo	CP@TRINITY_DN556_c0_g1::CP@TRINITY_DN556_c0_g1_i2::g.12911::m.12911	71.223	139	40	0	4	142	6	144	1.11e-66	214
Pygsbifo	CP@TRINITY_DN54_c0_g1::CP@TRINITY_DN54_c0_g1_i1::g.629::m.629	76.087	138	33	0	3	140	5	142	2.75e-76	223
Pygsbifo	CP@TRINITY_DN556_c0_g1::CP@TRINITY_DN556_c0_g1_i2::g.12911::m.12911	78.571	140	30	0	1	140	5	144	1.01e-75	221
Flabcita	CP@TRINITY_DN54_c0_g1::CP@TRINITY_DN54_c0_g1_i1::g.629::m.629	71.631	141	40	0	3	143	5	145	3.17e-72	213
Flabcita	CP@TRINITY_DN556_c0_g1::CP@TRINITY_DN556_c0_g1_i2::g.12911::m.12911	66.434	143	48	0	1	143	5	147	1.45e-68	204
HeterBB2	CP@TRINITY_DN54_c0_g1::CP@TRINITY_DN54_c0_g1_i1::g.629::m.629	78.767	146	31	0	22	167	1	146	4.08e-79	231
HeterBB2	CP@TRINITY_DN556_c0_g1::CP@TRINITY_DN556_c0_g1_i2::g.12911::m.12911	79.021	143	30	0	25	167	6	148	2.14e-78	229
Mantplas	CP@TRINITY_DN556_c0_g1::CP@TRINITY_DN556_c0_g1_i2::g.12911::m.12911	75.000	144	36	0	13	156	5	148	9.92e-74	217
Mantplas	CP@TRINITY_DN54_c0_g1::CP@TRINITY_DN54_c0_g1_i1::g.629::m.629	73.239	142	38	0	15	156	5	146	4.70e-73	215
Colltric	CP@TRINITY_DN54_c0_g1::CP@TRINITY_DN54_c0_g1_i1::g.629::m.629	75.000	144	36	0	1	144	1	144	3.63e-76	223
Colltric	CP@TRINITY_DN556_c0_g1::CP@TRINITY_DN556_c0_g1_i2::g.12911::m.12911	76.596	141	33	0	4	144	6	146	7.74e-76	222
Diphrota	CP@TRINITY_DN556_c0_g1::CP@TRINITY_DN556_c0_g1_i2::g.12911::m.12911	77.622	143	32	0	4	146	6	148	1.21e-76	224
Diphrota	CP@TRINITY_DN54_c0_g1::CP@TRINITY_DN54_c0_g1_i1::g.629::m.629	73.973	146	38	0	1	146	1	146	4.75e-75	220
Rigiramo	CP@TRINITY_DN54_c0_g1::CP@TRINITY_DN54_c0_g1_i1::g.629::m.629	76.027	146	35	0	15	160	1	146	5.65e-76	223
Rigiramo	CP@TRINITY_DN556_c0_g1::CP@TRINITY_DN556_c0_g1_i2::g.12911::m.12911	75.524	143	35	0	18	160	6	148	7.02e-74	218
ThecSK13	CP@TRINITY_DN556_c0_g1::CP@TRINITY_DN556_c0_g1_i2::g.12911::m.12911	78.082	146	30	1	18	163	4	147	1.13e-80	235
ThecSK13	CP@TRINITY_DN54_c0_g1::CP@TRINITY_DN54_c0_g1_i1::g.629::m.629	77.241	145	33	0	19	163	1	145	1.60e-80	234
Paralevi	CP@TRINITY_DN556_c0_g1::CP@TRINITY_DN556_c0_g1_i2::g.12911::m.12911	73.381	139	37	0	4	142	10	148	4.22e-71	210
Paralevi	CP@TRINITY_DN54_c0_g1::CP@TRINITY_DN54_c0_g1_i1::g.629::m.629	69.286	140	43	0	3	142	7	146	1.37e-67	201
Stensten	CP@TRINITY_DN556_c0_g1::CP@TRINITY_DN556_c0_g1_i2::g.12911::m.12911	76.351	148	35	0	20	167	1	148	1.90e-79	232
Stensten	CP@TRINITY_DN54_c0_g1::CP@TRINITY_DN54_c0_g1_i1::g.629::m.629	76.027	146	35	0	22	167	1	146	1.02e-77	228
Mayocant	CP@TRINITY_DN556_c0_g1::CP@TRINITY_DN556_c0_g1_i2::g.12911::m.12911	79.433	141	29	0	38	178	6	146	1.87e-78	230
Mayocant	CP@TRINITY_DN54_c0_g1::CP@TRINITY_DN54_c0_g1_i1::g.629::m.629	72.222	144	40	0	35	178	1	144	1.20e-74	220
Sapppeda	CP@TRINITY_DN54_c0_g1::CP@TRINITY_DN54_c0_g1_i1::g.629::m.629	77.241	145	33	0	13	157	1	145	1.49e-78	229
Sapppeda	CP@TRINITY_DN556_c0_g1::CP@TRINITY_DN556_c0_g1_i2::g.12911::m.12911	76.190	147	33	1	11	157	3	147	2.38e-77	226
Bodosalt	CP@TRINITY_DN556_c0_g1::CP@TRINITY_DN556_c0_g1_i2::g.12911::m.12911	75.524	143	35	0	1	143	5	147	2.72e-73	216
Bodosalt	CP@TRINITY_DN54_c0_g1::CP@TRINITY_DN54_c0_g1_i1::g.629::m.629	69.014	142	44	0	2	143	4	145	2.92e-67	200
Reclamer	CP@TRINITY_DN556_c0_g1::CP@TRINITY_DN556_c0_g1_i2::g.12911::m.12911	74.497	149	36	1	11	159	2	148	6.85e-77	225
Reclamer	CP@TRINITY_DN54_c0_g1::CP@TRINITY_DN54_c0_g1_i1::g.629::m.629	70.548	146	43	0	14	159	1	146	4.65e-75	221
Jakolibe	CP@TRINITY_DN54_c0_g1::CP@TRINITY_DN54_c0_g1_i1::g.629::m.629	71.233	146	42	0	32	177	1	146	3.86e-74	219
Jakolibe	CP@TRINITY_DN556_c0_g1::CP@TRINITY_DN556_c0_g1_i2::g.12911::m.12911	76.056	142	34	0	36	177	7	148	7.20e-74	218
Amoepara	CP@TRINITY_DN556_c0_g1::CP@TRINITY_DN556_c0_g1_i2::g.12911::m.12911	77.083	144	33	0	32	175	5	148	8.34e-76	223
Amoepara	CP@TRINITY_DN54_c0_g1::CP@TRINITY_DN54_c0_g1_i1::g.629::m.629	75.352	142	35	0	34	175	5	146	1.07e-73	218
Sphaarct	CP@TRINITY_DN54_c0_g1::CP@TRINITY_DN54_c0_g1_i1::g.629::m.629	77.305	141	32	0	3	143	5	145	7.62e-78	227
Sphaarct	CP@TRINITY_DN556_c0_g1::CP@TRINITY_DN556_c0_g1_i2::g.12911::m.12911	77.622	143	32	0	1	143	5	147	3.28e-77	225
Minivibr	CP@TRINITY_DN556_c0_g1::CP@TRINITY_DN556_c0_g1_i2::g.12911::m.12911	64.341	129	46	0	32	160	20	148	4.08e-53	165
Minivibr	CP@TRINITY_DN54_c0_g1::CP@TRINITY_DN54_c0_g1_i1::g.629::m.629	61.240	129	50	0	32	160	18	146	5.24e-51	160
Spizpunc	CP@TRINITY_DN54_c0_g1::CP@TRINITY_DN54_c0_g1_i1::g.629::m.629	82.759	145	25	0	1	145	1	145	1.17e-86	249
Spizpunc	CP@TRINITY_DN556_c0_g1::CP@TRINITY_DN556_c0_g1_i2::g.12911::m.12911	76.761	142	33	0	4	145	6	147	1.34e-77	226
Rhizdele	CP@TRINITY_DN54_c0_g1::CP@TRINITY_DN54_c0_g1_i1::g.629::m.629	80.000	145	29	0	1	145	1	145	3.62e-84	243
Rhizdele	CP@TRINITY_DN556_c0_g1::CP@TRINITY_DN556_c0_g1_i2::g.12911::m.12911	75.352	142	35	0	4	145	6	147	4.05e-76	223
Debahans	CP@TRINITY_DN54_c0_g1::CP@TRINITY_DN54_c0_g1_i1::g.629::m.629	79.310	145	30	0	1	145	1	145	3.32e-83	241
Debahans	CP@TRINITY_DN556_c0_g1::CP@TRINITY_DN556_c0_g1_i2::g.12911::m.12911	70.922	141	41	0	5	145	7	147	1.72e-70	208
Schizpom	CP@TRINITY_DN54_c0_g1::CP@TRINITY_DN54_c0_g1_i1::g.629::m.629	81.560	141	26	0	3	143	5	145	8.59e-82	237
Schizpom	CP@TRINITY_DN556_c0_g1::CP@TRINITY_DN556_c0_g1_i2::g.12911::m.12911	74.126	143	37	0	1	143	5	147	1.85e-74	218
Aspefumi	CP@TRINITY_DN54_c0_g1::CP@TRINITY_DN54_c0_g1_i1::g.629::m.629	80.690	145	28	0	1	145	1	145	6.55e-84	242
Aspefumi	CP@TRINITY_DN556_c0_g1::CP@TRINITY_DN556_c0_g1_i2::g.12911::m.12911	74.648	142	36	0	4	145	6	147	5.94e-73	215
Neurcras	CP@TRINITY_DN54_c0_g1::CP@TRINITY_DN54_c0_g1_i1::g.629::m.629	78.621	145	31	0	1	145	1	145	3.32e-82	238
Neurcras	CP@TRINITY_DN556_c0_g1::CP@TRINITY_DN556_c0_g1_i2::g.12911::m.12911	75.352	142	35	0	4	145	6	147	1.98e-73	216
Coprcine	CP@TRINITY_DN54_c0_g1::CP@TRINITY_DN54_c0_g1_i1::g.629::m.629	76.552	145	34	0	1	145	1	145	1.58e-80	234
Coprcine	CP@TRINITY_DN556_c0_g1::CP@TRINITY_DN556_c0_g1_i2::g.12911::m.12911	74.468	141	36	0	5	145	7	147	3.00e-71	210
Ustimayd	CP@TRINITY_DN54_c0_g1::CP@TRINITY_DN54_c0_g1_i1::g.629::m.629	75.887	141	34	0	3	143	5	145	3.70e-75	220
Ustimayd	CP@TRINITY_DN556_c0_g1::CP@TRINITY_DN556_c0_g1_i2::g.12911::m.12911	72.727	143	39	0	1	143	5	147	5.79e-73	214
Blasbrit	CP@TRINITY_DN54_c0_g1::CP@TRINITY_DN54_c0_g1_i1::g.629::m.629	79.861	144	29	0	6	149	3	146	2.18e-83	241
Blasbrit	CP@TRINITY_DN556_c0_g1::CP@TRINITY_DN556_c0_g1_i2::g.12911::m.12911	72.535	142	39	0	8	149	7	148	3.38e-73	216
Allomacr	CP@TRINITY_DN54_c0_g1::CP@TRINITY_DN54_c0_g1_i1::g.629::m.629	80.000	145	29	0	3	147	1	145	2.86e-84	243
Allomacr	CP@TRINITY_DN556_c0_g1::CP@TRINITY_DN556_c0_g1_i2::g.12911::m.12911	76.056	142	34	0	6	147	6	147	8.38e-75	219
