Telosubt	CP@TRINITY_DN7650_c0_g1::CP@TRINITY_DN7650_c0_g1_i1::g.24429::m.24429	38.369	331	185	6	24	354	1	312	1.82e-76	239
TeloneP2	CP@TRINITY_DN7650_c0_g1::CP@TRINITY_DN7650_c0_g1_i1::g.24429::m.24429	34.870	347	202	8	13	359	1	323	2.83e-65	210
Homosapi	CP@TRINITY_DN7650_c0_g1::CP@TRINITY_DN7650_c0_g1_i1::g.24429::m.24429	75.235	319	78	1	62	379	2	320	6.38e-179	501
Homosapi	CP@TRINITY_DN1537_c0_g1::CP@TRINITY_DN1537_c0_g1_i18::g.41116::m.41116	51.230	244	108	4	136	368	236	479	4.76e-76	244
Homosapi	CP@TRINITY_DN1537_c0_g1::CP@TRINITY_DN1537_c0_g1_i11::g.41111::m.41111	60.479	167	65	1	136	301	236	402	3.73e-63	208
Nemavect	CP@TRINITY_DN7650_c0_g1::CP@TRINITY_DN7650_c0_g1_i1::g.24429::m.24429	74.018	331	85	1	40	369	2	332	0.0	514
Nemavect	CP@TRINITY_DN1537_c0_g1::CP@TRINITY_DN1537_c0_g1_i18::g.41116::m.41116	52.399	271	109	6	118	377	240	501	1.22e-79	253
Nemavect	CP@TRINITY_DN1537_c0_g1::CP@TRINITY_DN1537_c0_g1_i11::g.41111::m.41111	65.031	163	56	1	118	279	240	402	5.08e-65	212
Capsowcz	CP@TRINITY_DN7650_c0_g1::CP@TRINITY_DN7650_c0_g1_i1::g.24429::m.24429	75.884	311	73	2	1776	2084	2	312	1.54e-161	499
Capsowcz	CP@TRINITY_DN1537_c0_g1::CP@TRINITY_DN1537_c0_g1_i18::g.41116::m.41116	54.583	240	97	4	1854	2081	240	479	8.47e-75	259
Capsowcz	CP@TRINITY_DN1537_c0_g1::CP@TRINITY_DN1537_c0_g1_i11::g.41111::m.41111	62.577	163	60	1	1854	2015	240	402	1.07e-60	214
Creofrag	CP@TRINITY_DN7650_c0_g1::CP@TRINITY_DN7650_c0_g1_i1::g.24429::m.24429	74.038	312	79	2	38	348	2	312	2.61e-173	485
Creofrag	CP@TRINITY_DN1537_c0_g1::CP@TRINITY_DN1537_c0_g1_i18::g.41116::m.41116	57.551	245	84	4	116	345	240	479	6.30e-84	263
Creofrag	CP@TRINITY_DN1537_c0_g1::CP@TRINITY_DN1537_c0_g1_i11::g.41111::m.41111	68.098	163	51	1	116	277	240	402	1.98e-70	225
Coralima	CP@TRINITY_DN7650_c0_g1::CP@TRINITY_DN7650_c0_g1_i1::g.24429::m.24429	68.847	321	99	1	45	364	1	321	9.96e-165	463
Coralima	CP@TRINITY_DN1537_c0_g1::CP@TRINITY_DN1537_c0_g1_i18::g.41116::m.41116	52.066	242	105	4	124	354	240	481	9.23e-72	232
Coralima	CP@TRINITY_DN1537_c0_g1::CP@TRINITY_DN1537_c0_g1_i11::g.41111::m.41111	61.350	163	62	1	124	285	240	402	2.46e-59	197
Rozeallo	CP@TRINITY_DN7650_c0_g1::CP@TRINITY_DN7650_c0_g1_i1::g.24429::m.24429	39.344	305	177	6	2	298	1	305	3.28e-63	215
Rozeallo	CP@TRINITY_DN1537_c0_g1::CP@TRINITY_DN1537_c0_g1_i18::g.41116::m.41116	37.109	256	147	5	72	313	236	491	1.01e-43	165
Protfung	CP@TRINITY_DN7650_c0_g1::CP@TRINITY_DN7650_c0_g1_i1::g.24429::m.24429	71.382	304	83	3	47	346	2	305	1.34e-151	444
Protfung	CP@TRINITY_DN1537_c0_g1::CP@TRINITY_DN1537_c0_g1_i18::g.41116::m.41116	52.321	237	99	3	125	347	240	476	2.15e-71	241
Protfung	CP@TRINITY_DN11087_c2_g2::CP@TRINITY_DN11087_c2_g2_i4::g.8650::m.8650	54.211	190	86	1	543	731	1	190	2.79e-66	219
Protfung	CP@TRINITY_DN11087_c2_g2::CP@TRINITY_DN11087_c2_g2_i3::g.8649::m.8649	54.211	190	86	1	543	731	1	190	3.26e-66	219
Protfung	CP@TRINITY_DN11087_c2_g2::CP@TRINITY_DN11087_c2_g2_i7::g.8652::m.8652	54.211	190	86	1	543	731	1	190	2.32e-65	218
Protfung	CP@TRINITY_DN1537_c0_g1::CP@TRINITY_DN1537_c0_g1_i11::g.41111::m.41111	60.123	163	63	1	125	285	240	402	1.93e-56	198
Dictdisc	CP@TRINITY_DN7650_c0_g1::CP@TRINITY_DN7650_c0_g1_i1::g.24429::m.24429	66.667	321	105	1	38	356	2	322	2.72e-161	454
Dictdisc	CP@TRINITY_DN1537_c0_g1::CP@TRINITY_DN1537_c0_g1_i18::g.41116::m.41116	51.653	242	105	3	116	345	240	481	2.22e-72	233
Dictdisc	CP@TRINITY_DN1537_c0_g1::CP@TRINITY_DN1537_c0_g1_i11::g.41111::m.41111	58.896	163	65	1	116	276	240	402	4.12e-57	191
Physpoly	CP@TRINITY_DN7650_c0_g1::CP@TRINITY_DN7650_c0_g1_i1::g.24429::m.24429	67.273	220	71	1	2	220	101	320	7.92e-107	311
Physpoly	CP@TRINITY_DN1537_c0_g1::CP@TRINITY_DN1537_c0_g1_i18::g.41116::m.41116	54.054	222	92	3	1	212	260	481	3.81e-75	235
Physpoly	CP@TRINITY_DN1537_c0_g1::CP@TRINITY_DN1537_c0_g1_i11::g.41111::m.41111	65.035	143	50	0	1	143	260	402	1.98e-61	197
Thectrah	CP@TRINITY_DN7650_c0_g1::CP@TRINITY_DN7650_c0_g1_i1::g.24429::m.24429	62.500	312	114	2	38	347	2	312	1.44e-140	402
Thectrah	CP@TRINITY_DN1537_c0_g1::CP@TRINITY_DN1537_c0_g1_i18::g.41116::m.41116	48.117	239	112	2	117	343	240	478	3.25e-68	222
Thectrah	CP@TRINITY_DN1537_c0_g1::CP@TRINITY_DN1537_c0_g1_i11::g.41111::m.41111	55.215	163	73	0	117	279	240	402	1.12e-55	187
Styginca	CP@TRINITY_DN7650_c0_g1::CP@TRINITY_DN7650_c0_g1_i1::g.24429::m.24429	60.000	310	121	2	32	339	1	309	2.00e-136	391
Styginca	CP@TRINITY_DN1537_c0_g1::CP@TRINITY_DN1537_c0_g1_i18::g.41116::m.41116	45.935	246	120	5	108	341	237	481	5.78e-60	200
Styginca	CP@TRINITY_DN1537_c0_g1::CP@TRINITY_DN1537_c0_g1_i11::g.41111::m.41111	50.898	167	79	2	108	272	237	402	3.60e-45	159
Andagodo	CP@TRINITY_DN7650_c0_g1::CP@TRINITY_DN7650_c0_g1_i1::g.24429::m.24429	62.727	330	111	3	57	385	2	320	2.34e-148	423
Andagodo	CP@TRINITY_DN1537_c0_g1::CP@TRINITY_DN1537_c0_g1_i18::g.41116::m.41116	49.187	246	119	4	135	377	240	482	2.41e-67	221
Andagodo	CP@TRINITY_DN1537_c0_g1::CP@TRINITY_DN1537_c0_g1_i11::g.41111::m.41111	58.025	162	67	1	135	295	240	401	1.48e-52	180
Naeggrub	CP@TRINITY_DN7650_c0_g1::CP@TRINITY_DN7650_c0_g1_i1::g.24429::m.24429	57.941	340	136	3	25	364	1	333	7.55e-147	418
Naeggrub	CP@TRINITY_DN1537_c0_g1::CP@TRINITY_DN1537_c0_g1_i18::g.41116::m.41116	50.826	242	110	4	106	340	240	479	1.49e-71	231
Naeggrub	CP@TRINITY_DN1537_c0_g1::CP@TRINITY_DN1537_c0_g1_i11::g.41111::m.41111	56.970	165	69	1	106	270	240	402	3.29e-57	191
Calclept	CP@TRINITY_DN7650_c0_g1::CP@TRINITY_DN7650_c0_g1_i1::g.24429::m.24429	56.825	315	129	3	13	326	2	310	3.49e-130	375
Calclept	CP@TRINITY_DN1537_c0_g1::CP@TRINITY_DN1537_c0_g1_i18::g.41116::m.41116	47.881	236	118	4	91	321	240	475	5.33e-65	213
Calclept	CP@TRINITY_DN1537_c0_g1::CP@TRINITY_DN1537_c0_g1_i11::g.41111::m.41111	56.442	163	70	1	91	252	240	402	1.71e-56	188
Phaeglob	CP@TRINITY_DN7650_c0_g1::CP@TRINITY_DN7650_c0_g1_i1::g.24429::m.24429	56.897	116	49	1	8	123	2	116	6.26e-46	151
Gephhuxl	CP@TRINITY_DN7650_c0_g1::CP@TRINITY_DN7650_c0_g1_i1::g.24429::m.24429	60.841	309	120	1	12	319	3	311	5.01e-140	399
Gephhuxl	CP@TRINITY_DN1537_c0_g1::CP@TRINITY_DN1537_c0_g1_i18::g.41116::m.41116	48.729	236	110	3	89	313	240	475	2.70e-65	214
Gephhuxl	CP@TRINITY_DN1537_c0_g1::CP@TRINITY_DN1537_c0_g1_i11::g.41111::m.41111	57.055	163	69	1	89	250	240	402	9.71e-57	189
Lapoguse	CP@TRINITY_DN7650_c0_g1::CP@TRINITY_DN7650_c0_g1_i1::g.24429::m.24429	57.492	327	129	5	56	379	2	321	1.16e-132	383
Lapoguse	CP@TRINITY_DN1537_c0_g1::CP@TRINITY_DN1537_c0_g1_i18::g.41116::m.41116	50.000	252	108	7	125	364	230	475	6.35e-68	223
Lapoguse	CP@TRINITY_DN1537_c0_g1::CP@TRINITY_DN1537_c0_g1_i11::g.41111::m.41111	55.866	179	71	4	125	301	230	402	1.15e-54	185
Leptvora	CP@TRINITY_DN7650_c0_g1::CP@TRINITY_DN7650_c0_g1_i1::g.24429::m.24429	49.275	345	147	6	45	387	2	320	1.05e-111	330
Leptvora	CP@TRINITY_DN1537_c0_g1::CP@TRINITY_DN1537_c0_g1_i18::g.41116::m.41116	42.188	256	129	7	120	372	236	475	1.06e-53	185
Leptvora	CP@TRINITY_DN1537_c0_g1::CP@TRINITY_DN1537_c0_g1_i11::g.41111::m.41111	48.876	178	73	5	120	290	236	402	5.28e-42	152
Aurisoli	CP@TRINITY_DN7650_c0_g1::CP@TRINITY_DN7650_c0_g1_i1::g.24429::m.24429	52.308	260	104	4	1	252	80	327	7.70e-87	262
Aurisoli	CP@TRINITY_DN1537_c0_g1::CP@TRINITY_DN1537_c0_g1_i18::g.41116::m.41116	45.490	255	121	6	1	243	240	488	2.58e-60	199
Aurisoli	CP@TRINITY_DN1537_c0_g1::CP@TRINITY_DN1537_c0_g1_i11::g.41111::m.41111	52.663	169	72	3	1	167	240	402	2.09e-47	162
Paulchro	CP@TRINITY_DN7650_c0_g1::CP@TRINITY_DN7650_c0_g1_i1::g.24429::m.24429	53.125	320	137	5	33	350	1	309	1.86e-107	320
Paulchro	CP@TRINITY_DN1537_c0_g1::CP@TRINITY_DN1537_c0_g1_i18::g.41116::m.41116	42.339	248	123	6	116	351	240	479	3.41e-52	182
Paulchro	CP@TRINITY_DN1537_c0_g1::CP@TRINITY_DN1537_c0_g1_i11::g.41111::m.41111	48.824	170	78	4	116	283	240	402	3.21e-42	153
Bigenata	CP@TRINITY_DN7650_c0_g1::CP@TRINITY_DN7650_c0_g1_i1::g.24429::m.24429	45.938	320	157	5	32	348	2	308	4.96e-86	265
Plasbras	CP@TRINITY_DN7650_c0_g1::CP@TRINITY_DN7650_c0_g1_i1::g.24429::m.24429	47.720	329	147	7	31	354	2	310	7.08e-100	298
Plasbras	CP@TRINITY_DN1537_c0_g1::CP@TRINITY_DN1537_c0_g1_i18::g.41116::m.41116	44.578	249	127	6	103	349	236	475	2.56e-55	189
Plasbras	CP@TRINITY_DN1537_c0_g1::CP@TRINITY_DN1537_c0_g1_i11::g.41111::m.41111	48.837	172	82	3	103	273	236	402	3.98e-45	159
Ammo1384	CP@TRINITY_DN7650_c0_g1::CP@TRINITY_DN7650_c0_g1_i1::g.24429::m.24429	39.326	356	166	10	35	387	3	311	3.14e-77	242
Retifilo	CP@TRINITY_DN7650_c0_g1::CP@TRINITY_DN7650_c0_g1_i1::g.24429::m.24429	36.264	364	156	10	1	348	8	311	2.99e-59	197
Noctscin	CP@TRINITY_DN7650_c0_g1::CP@TRINITY_DN7650_c0_g1_i1::g.24429::m.24429	51.829	328	140	9	18	338	1	317	4.60e-110	324
Noctscin	CP@TRINITY_DN1537_c0_g1::CP@TRINITY_DN1537_c0_g1_i18::g.41116::m.41116	45.344	247	122	6	91	328	233	475	3.49e-59	198
Noctscin	CP@TRINITY_DN1537_c0_g1::CP@TRINITY_DN1537_c0_g1_i11::g.41111::m.41111	50.575	174	79	3	91	261	233	402	1.41e-47	166
Vitrbras	CP@TRINITY_DN7650_c0_g1::CP@TRINITY_DN7650_c0_g1_i1::g.24429::m.24429	45.697	337	164	10	22	347	3	331	5.75e-90	273
Vitrbras	CP@TRINITY_DN1537_c0_g1::CP@TRINITY_DN1537_c0_g1_i18::g.41116::m.41116	40.079	252	132	5	99	336	240	486	1.07e-52	182
Vitrbras	CP@TRINITY_DN1537_c0_g1::CP@TRINITY_DN1537_c0_g1_i11::g.41111::m.41111	47.024	168	83	3	99	265	240	402	5.53e-42	151
Alphedax	CP@TRINITY_DN7650_c0_g1::CP@TRINITY_DN7650_c0_g1_i1::g.24429::m.24429	43.895	344	174	7	20	357	3	333	9.01e-94	283
Alphedax	CP@TRINITY_DN1537_c0_g1::CP@TRINITY_DN1537_c0_g1_i18::g.41116::m.41116	37.313	268	154	6	95	358	240	497	1.09e-45	163
Colpangu	CP@TRINITY_DN7650_c0_g1::CP@TRINITY_DN7650_c0_g1_i1::g.24429::m.24429	40.237	338	163	8	31	361	3	308	1.91e-73	232
HemaVICK	CP@TRINITY_DN7650_c0_g1::CP@TRINITY_DN7650_c0_g1_i1::g.24429::m.24429	55.375	307	128	6	31	333	4	305	4.65e-114	334
HemaVICK	CP@TRINITY_DN1537_c0_g1::CP@TRINITY_DN1537_c0_g1_i18::g.41116::m.41116	46.667	240	113	6	105	333	240	475	1.41e-58	197
HemaVICK	CP@TRINITY_DN1537_c0_g1::CP@TRINITY_DN1537_c0_g1_i11::g.41111::m.41111	52.096	167	74	3	105	269	240	402	1.85e-47	165
Oxyrmari	CP@TRINITY_DN7650_c0_g1::CP@TRINITY_DN7650_c0_g1_i1::g.24429::m.24429	55.272	313	131	6	20	328	3	310	1.32e-115	338
Oxyrmari	CP@TRINITY_DN1537_c0_g1::CP@TRINITY_DN1537_c0_g1_i18::g.41116::m.41116	43.750	240	120	6	95	323	240	475	1.20e-55	189
Oxyrmari	CP@TRINITY_DN1537_c0_g1::CP@TRINITY_DN1537_c0_g1_i11::g.41111::m.41111	51.807	166	74	3	96	259	241	402	2.36e-47	165
Ichtmult	CP@TRINITY_DN7650_c0_g1::CP@TRINITY_DN7650_c0_g1_i1::g.24429::m.24429	34.185	313	188	8	39	343	2	304	2.76e-47	164
Tetrther	CP@TRINITY_DN7650_c0_g1::CP@TRINITY_DN7650_c0_g1_i1::g.24429::m.24429	31.949	313	201	6	3	309	5	311	6.23e-52	174
Paratetr	CP@TRINITY_DN7650_c0_g1::CP@TRINITY_DN7650_c0_g1_i1::g.24429::m.24429	34.194	310	193	4	5	305	5	312	4.39e-60	194
Platmacr	CP@TRINITY_DN7650_c0_g1::CP@TRINITY_DN7650_c0_g1_i1::g.24429::m.24429	41.935	310	175	3	3	311	5	310	2.77e-84	257
Stroincl	CP@TRINITY_DN7650_c0_g1::CP@TRINITY_DN7650_c0_g1_i1::g.24429::m.24429	38.889	198	111	3	3	195	124	316	7.69e-42	144
Styllemn	CP@TRINITY_DN7650_c0_g1::CP@TRINITY_DN7650_c0_g1_i1::g.24429::m.24429	45.425	306	150	7	1	300	26	320	3.52e-84	256
Protadhe	CP@TRINITY_DN7650_c0_g1::CP@TRINITY_DN7650_c0_g1_i1::g.24429::m.24429	50.321	312	148	4	13	321	5	312	2.45e-105	311
Protadhe	CP@TRINITY_DN1537_c0_g1::CP@TRINITY_DN1537_c0_g1_i18::g.41116::m.41116	36.782	261	139	7	83	331	236	482	3.47e-45	161
Stencoer	CP@TRINITY_DN7650_c0_g1::CP@TRINITY_DN7650_c0_g1_i1::g.24429::m.24429	42.994	314	171	4	2	312	4	312	1.87e-87	265
Stencoer	CP@TRINITY_DN1537_c0_g1::CP@TRINITY_DN1537_c0_g1_i18::g.41116::m.41116	37.349	249	136	7	79	313	241	483	1.11e-43	156
Hemikukw	CP@TRINITY_DN7650_c0_g1::CP@TRINITY_DN7650_c0_g1_i1::g.24429::m.24429	56.364	330	136	3	64	391	2	325	3.70e-128	372
Hemikukw	CP@TRINITY_DN1537_c0_g1::CP@TRINITY_DN1537_c0_g1_i18::g.41116::m.41116	47.917	240	115	4	138	367	236	475	2.01e-65	216
Hemikukw	CP@TRINITY_DN1537_c0_g1::CP@TRINITY_DN1537_c0_g1_i11::g.41111::m.41111	53.892	167	75	1	138	302	236	402	2.94e-51	176
SpirCILI	CP@TRINITY_DN7650_c0_g1::CP@TRINITY_DN7650_c0_g1_i1::g.24429::m.24429	50.462	325	153	4	48	365	2	325	6.22e-112	330
SpirCILI	CP@TRINITY_DN1537_c0_g1::CP@TRINITY_DN1537_c0_g1_i18::g.41116::m.41116	38.281	256	135	7	126	368	240	485	1.85e-47	168
Sacccere	CP@TRINITY_DN7650_c0_g1::CP@TRINITY_DN7650_c0_g1_i1::g.24429::m.24429	45.342	322	157	5	9	325	2	309	1.42e-92	279
Sacccere	CP@TRINITY_DN1537_c0_g1::CP@TRINITY_DN1537_c0_g1_i18::g.41116::m.41116	43.825	251	130	5	81	326	236	480	7.34e-58	195
Sacccere	CP@TRINITY_DN1537_c0_g1::CP@TRINITY_DN1537_c0_g1_i11::g.41111::m.41111	52.410	166	78	1	81	245	236	401	1.01e-49	171
ChoanoFB	CP@TRINITY_DN7650_c0_g1::CP@TRINITY_DN7650_c0_g1_i1::g.24429::m.24429	60.714	308	120	1	51	357	2	309	9.33e-139	398
ChoanoFB	CP@TRINITY_DN1537_c0_g1::CP@TRINITY_DN1537_c0_g1_i18::g.41116::m.41116	46.502	243	119	4	129	360	240	482	1.39e-67	221
ChoanoFB	CP@TRINITY_DN1537_c0_g1::CP@TRINITY_DN1537_c0_g1_i11::g.41111::m.41111	55.215	163	72	1	129	290	240	402	1.99e-54	184
Raphhete	CP@TRINITY_DN7650_c0_g1::CP@TRINITY_DN7650_c0_g1_i1::g.24429::m.24429	56.494	308	133	1	42	348	2	309	8.31e-132	380
Raphhete	CP@TRINITY_DN1537_c0_g1::CP@TRINITY_DN1537_c0_g1_i18::g.41116::m.41116	43.089	246	129	4	117	351	237	482	8.27e-63	208
Raphhete	CP@TRINITY_DN1537_c0_g1::CP@TRINITY_DN1537_c0_g1_i11::g.41111::m.41111	54.217	166	75	1	117	281	237	402	8.10e-55	185
Rainerin	CP@TRINITY_DN7650_c0_g1::CP@TRINITY_DN7650_c0_g1_i1::g.24429::m.24429	60.194	309	122	1	27	334	2	310	1.94e-139	398
Rainerin	CP@TRINITY_DN1537_c0_g1::CP@TRINITY_DN1537_c0_g1_i18::g.41116::m.41116	46.748	246	120	4	102	336	237	482	1.32e-69	225
Rainerin	CP@TRINITY_DN1537_c0_g1::CP@TRINITY_DN1537_c0_g1_i11::g.41111::m.41111	54.819	166	74	1	102	266	237	402	1.29e-55	186
AcanthFB	CP@TRINITY_DN7650_c0_g1::CP@TRINITY_DN7650_c0_g1_i1::g.24429::m.24429	59.547	309	124	1	31	338	2	310	3.38e-137	393
AcanthFB	CP@TRINITY_DN1537_c0_g1::CP@TRINITY_DN1537_c0_g1_i18::g.41116::m.41116	44.856	243	123	4	105	336	236	478	3.26e-65	214
AcanthFB	CP@TRINITY_DN1537_c0_g1::CP@TRINITY_DN1537_c0_g1_i11::g.41111::m.41111	52.096	167	79	1	105	270	236	402	2.66e-52	177
MAST003A	CP@TRINITY_DN7650_c0_g1::CP@TRINITY_DN7650_c0_g1_i1::g.24429::m.24429	36.677	319	144	7	69	343	8	312	4.59e-59	194
EctocSP7	CP@TRINITY_DN7650_c0_g1::CP@TRINITY_DN7650_c0_g1_i1::g.24429::m.24429	37.126	334	144	6	36	315	2	323	1.01e-64	209
Thalpseu	CP@TRINITY_DN7650_c0_g1::CP@TRINITY_DN7650_c0_g1_i1::g.24429::m.24429	53.376	311	134	6	1	310	8	308	1.91e-114	334
Thalpseu	CP@TRINITY_DN1537_c0_g1::CP@TRINITY_DN1537_c0_g1_i18::g.41116::m.41116	45.041	242	122	5	73	308	240	476	2.26e-61	203
Thalpseu	CP@TRINITY_DN1537_c0_g1::CP@TRINITY_DN1537_c0_g1_i11::g.41111::m.41111	51.190	168	77	3	73	240	240	402	2.06e-51	174
BicoCB20	CP@TRINITY_DN7650_c0_g1::CP@TRINITY_DN7650_c0_g1_i1::g.24429::m.24429	60.000	325	114	5	59	381	2	312	5.16e-131	379
BicoCB20	CP@TRINITY_DN1537_c0_g1::CP@TRINITY_DN1537_c0_g1_i18::g.41116::m.41116	44.523	283	134	8	129	399	226	497	9.40e-61	204
BicoCB20	CP@TRINITY_DN1537_c0_g1::CP@TRINITY_DN1537_c0_g1_i11::g.41111::m.41111	51.381	181	82	3	129	307	226	402	4.93e-50	174
ChrysoH1	CP@TRINITY_DN7650_c0_g1::CP@TRINITY_DN7650_c0_g1_i1::g.24429::m.24429	43.827	324	127	7	24	311	4	308	7.53e-84	256
ChrysoH1	CP@TRINITY_DN1537_c0_g1::CP@TRINITY_DN1537_c0_g1_i18::g.41116::m.41116	45.344	247	128	5	68	311	236	478	7.09e-59	197
ChrysoH1	CP@TRINITY_DN1537_c0_g1::CP@TRINITY_DN1537_c0_g1_i11::g.41111::m.41111	53.529	170	74	3	68	235	236	402	2.59e-47	164
MAST004E	CP@TRINITY_DN7650_c0_g1::CP@TRINITY_DN7650_c0_g1_i1::g.24429::m.24429	51.497	334	105	8	4	294	3	322	8.74e-106	311
MAST004E	CP@TRINITY_DN1537_c0_g1::CP@TRINITY_DN1537_c0_g1_i18::g.41116::m.41116	48.988	247	109	7	53	287	240	481	1.96e-67	218
MAST004E	CP@TRINITY_DN1537_c0_g1::CP@TRINITY_DN1537_c0_g1_i11::g.41111::m.41111	55.952	168	67	4	53	218	240	402	1.45e-52	177
MAST04A2	CP@TRINITY_DN7650_c0_g1::CP@TRINITY_DN7650_c0_g1_i1::g.24429::m.24429	56.869	313	122	5	1	311	8	309	1.59e-117	342
MAST04A2	CP@TRINITY_DN1537_c0_g1::CP@TRINITY_DN1537_c0_g1_i18::g.41116::m.41116	49.799	249	108	7	79	315	240	483	1.08e-66	217
MAST04A2	CP@TRINITY_DN1537_c0_g1::CP@TRINITY_DN1537_c0_g1_i11::g.41111::m.41111	57.143	168	65	4	79	244	240	402	1.28e-51	175
Phytpara	CP@TRINITY_DN7650_c0_g1::CP@TRINITY_DN7650_c0_g1_i1::g.24429::m.24429	63.240	321	104	5	28	346	2	310	8.28e-142	405
Phytpara	CP@TRINITY_DN1537_c0_g1::CP@TRINITY_DN1537_c0_g1_i18::g.41116::m.41116	50.806	248	108	5	112	349	240	483	1.63e-72	233
Phytpara	CP@TRINITY_DN1537_c0_g1::CP@TRINITY_DN1537_c0_g1_i11::g.41111::m.41111	59.281	167	62	3	112	276	240	402	2.34e-58	194
Galdphle	CP@TRINITY_DN7650_c0_g1::CP@TRINITY_DN7650_c0_g1_i1::g.24429::m.24429	42.898	352	160	7	60	411	2	312	2.02e-87	269
Galdphle	CP@TRINITY_DN1537_c0_g1::CP@TRINITY_DN1537_c0_g1_i18::g.41116::m.41116	40.602	266	127	6	140	404	240	475	6.49e-51	178
Galdphle	CP@TRINITY_DN1537_c0_g1::CP@TRINITY_DN1537_c0_g1_i11::g.41111::m.41111	52.121	165	75	3	140	303	240	401	1.13e-41	151
Porppurp	CP@TRINITY_DN7650_c0_g1::CP@TRINITY_DN7650_c0_g1_i1::g.24429::m.24429	40.533	375	161	7	232	606	1	313	8.61e-92	286
Guilthet	CP@TRINITY_DN7650_c0_g1::CP@TRINITY_DN7650_c0_g1_i1::g.24429::m.24429	53.894	321	145	3	47	365	3	322	4.09e-119	348
Guilthet	CP@TRINITY_DN1537_c0_g1::CP@TRINITY_DN1537_c0_g1_i18::g.41116::m.41116	42.570	249	132	5	124	362	240	487	1.32e-53	184
Guilthet	CP@TRINITY_DN1537_c0_g1::CP@TRINITY_DN1537_c0_g1_i11::g.41111::m.41111	50.920	163	79	1	124	285	240	402	3.80e-45	160
Gemicryo	CP@TRINITY_DN7650_c0_g1::CP@TRINITY_DN7650_c0_g1_i1::g.24429::m.24429	49.387	326	157	3	51	374	4	323	1.70e-108	322
Gemicryo	CP@TRINITY_DN1537_c0_g1::CP@TRINITY_DN1537_c0_g1_i18::g.41116::m.41116	44.355	248	132	4	127	369	240	486	1.96e-56	192
Gemicryo	CP@TRINITY_DN1537_c0_g1::CP@TRINITY_DN1537_c0_g1_i11::g.41111::m.41111	50.920	163	79	1	127	288	240	402	2.12e-44	158
Hemirufe	CP@TRINITY_DN7650_c0_g1::CP@TRINITY_DN7650_c0_g1_i1::g.24429::m.24429	54.683	331	147	2	81	408	3	333	2.17e-122	358
Hemirufe	CP@TRINITY_DN1537_c0_g1::CP@TRINITY_DN1537_c0_g1_i18::g.41116::m.41116	49.789	237	108	4	158	383	240	476	1.80e-64	214
Hemirufe	CP@TRINITY_DN1537_c0_g1::CP@TRINITY_DN1537_c0_g1_i11::g.41111::m.41111	54.601	163	73	1	158	319	240	402	5.01e-52	179
Batrdend	CP@TRINITY_DN7650_c0_g1::CP@TRINITY_DN7650_c0_g1_i1::g.24429::m.24429	59.936	312	118	4	55	363	2	309	3.92e-133	383
Batrdend	CP@TRINITY_DN1537_c0_g1::CP@TRINITY_DN1537_c0_g1_i18::g.41116::m.41116	49.388	245	111	4	131	365	240	481	1.03e-71	232
Batrdend	CP@TRINITY_DN1537_c0_g1::CP@TRINITY_DN1537_c0_g1_i11::g.41111::m.41111	59.877	162	64	1	131	291	240	401	6.35e-60	198
Leptpyrr	CP@TRINITY_DN7650_c0_g1::CP@TRINITY_DN7650_c0_g1_i1::g.24429::m.24429	36.389	360	172	7	10	366	4	309	4.66e-66	212
Leismajo	CP@TRINITY_DN7650_c0_g1::CP@TRINITY_DN7650_c0_g1_i1::g.24429::m.24429	37.465	355	171	8	9	360	3	309	9.24e-68	216
Paraconf	CP@TRINITY_DN7650_c0_g1::CP@TRINITY_DN7650_c0_g1_i1::g.24429::m.24429	35.635	362	175	8	10	368	3	309	3.04e-65	210
Trypbruc	CP@TRINITY_DN7650_c0_g1::CP@TRINITY_DN7650_c0_g1_i1::g.24429::m.24429	37.386	329	185	6	8	336	2	309	2.46e-68	217
Parvatla	CP@TRINITY_DN7650_c0_g1::CP@TRINITY_DN7650_c0_g1_i1::g.24429::m.24429	72.549	255	69	1	1	254	32	286	1.06e-137	390
Parvatla	CP@TRINITY_DN1537_c0_g1::CP@TRINITY_DN1537_c0_g1_i18::g.41116::m.41116	55.093	216	87	2	49	254	240	455	3.34e-74	234
Parvatla	CP@TRINITY_DN1537_c0_g1::CP@TRINITY_DN1537_c0_g1_i11::g.41111::m.41111	64.417	163	57	1	49	210	240	402	6.79e-68	215
Pigoviet	CP@TRINITY_DN7650_c0_g1::CP@TRINITY_DN7650_c0_g1_i1::g.24429::m.24429	74.383	324	76	2	42	358	2	325	1.55e-178	499
Pigoviet	CP@TRINITY_DN1537_c0_g1::CP@TRINITY_DN1537_c0_g1_i18::g.41116::m.41116	52.549	255	110	4	120	363	240	494	2.45e-78	249
Pigoviet	CP@TRINITY_DN1537_c0_g1::CP@TRINITY_DN1537_c0_g1_i11::g.41111::m.41111	63.190	163	59	1	120	281	240	402	8.83e-63	206
Syssmult	CP@TRINITY_DN7650_c0_g1::CP@TRINITY_DN7650_c0_g1_i1::g.24429::m.24429	72.923	325	81	2	40	357	2	326	1.54e-174	488
Syssmult	CP@TRINITY_DN1537_c0_g1::CP@TRINITY_DN1537_c0_g1_i18::g.41116::m.41116	54.583	240	98	4	118	346	240	479	3.33e-78	248
Syssmult	CP@TRINITY_DN1537_c0_g1::CP@TRINITY_DN1537_c0_g1_i11::g.41111::m.41111	63.190	163	59	1	118	279	240	402	2.18e-64	209
Sphadest	CP@TRINITY_DN7650_c0_g1::CP@TRINITY_DN7650_c0_g1_i1::g.24429::m.24429	68.314	344	77	1	76	419	1	312	1.45e-173	488
Sphadest	CP@TRINITY_DN1537_c0_g1::CP@TRINITY_DN1537_c0_g1_i18::g.41116::m.41116	52.471	263	101	4	155	416	240	479	3.52e-79	253
Sphadest	CP@TRINITY_DN1537_c0_g1::CP@TRINITY_DN1537_c0_g1_i11::g.41111::m.41111	63.190	163	60	0	155	317	240	402	7.82e-64	210
Monobrev	CP@TRINITY_DN7650_c0_g1::CP@TRINITY_DN7650_c0_g1_i1::g.24429::m.24429	65.517	319	110	0	35	353	2	320	1.80e-159	450
Monobrev	CP@TRINITY_DN1537_c0_g1::CP@TRINITY_DN1537_c0_g1_i18::g.41116::m.41116	52.083	240	105	3	113	342	240	479	4.29e-74	238
Monobrev	CP@TRINITY_DN1537_c0_g1::CP@TRINITY_DN1537_c0_g1_i11::g.41111::m.41111	58.282	163	68	0	113	275	240	402	1.92e-59	197
Acancast	CP@TRINITY_DN7650_c0_g1::CP@TRINITY_DN7650_c0_g1_i1::g.24429::m.24429	69.841	315	93	1	30	342	2	316	4.23e-162	456
Acancast	CP@TRINITY_DN1537_c0_g1::CP@TRINITY_DN1537_c0_g1_i18::g.41116::m.41116	53.390	236	98	4	108	331	240	475	9.18e-75	239
Acancast	CP@TRINITY_DN1537_c0_g1::CP@TRINITY_DN1537_c0_g1_i11::g.41111::m.41111	61.963	163	60	1	108	268	240	402	1.55e-61	202
Karebrev	CP@TRINITY_DN7650_c0_g1::CP@TRINITY_DN7650_c0_g1_i1::g.24429::m.24429	51.411	319	142	7	15	328	1	311	5.11e-105	311
Karebrev	CP@TRINITY_DN1537_c0_g1::CP@TRINITY_DN1537_c0_g1_i18::g.41116::m.41116	44.534	247	120	7	92	327	240	480	1.90e-55	188
Karebrev	CP@TRINITY_DN1537_c0_g1::CP@TRINITY_DN1537_c0_g1_i11::g.41111::m.41111	51.190	168	71	4	93	255	241	402	8.26e-44	155
Crypparv	CP@TRINITY_DN7650_c0_g1::CP@TRINITY_DN7650_c0_g1_i1::g.24429::m.24429	34.713	314	193	8	68	376	3	309	2.99e-50	171
Pirisoci	CP@TRINITY_DN7650_c0_g1::CP@TRINITY_DN7650_c0_g1_i1::g.24429::m.24429	43.175	315	168	5	23	334	4	310	1.49e-84	259
Pirisoci	CP@TRINITY_DN1537_c0_g1::CP@TRINITY_DN1537_c0_g1_i18::g.41116::m.41116	36.486	222	124	4	130	339	269	485	5.15e-44	158
Platviva	CP@TRINITY_DN7650_c0_g1::CP@TRINITY_DN7650_c0_g1_i1::g.24429::m.24429	37.778	315	179	6	14	325	1	301	9.88e-64	205
Perkmari	CP@TRINITY_DN7650_c0_g1::CP@TRINITY_DN7650_c0_g1_i1::g.24429::m.24429	35.613	351	181	10	24	373	3	309	2.87e-56	187
Caferoen	CP@TRINITY_DN7650_c0_g1::CP@TRINITY_DN7650_c0_g1_i1::g.24429::m.24429	31.967	366	188	9	85	446	2	310	1.32e-52	181
Haloseos	CP@TRINITY_DN7650_c0_g1::CP@TRINITY_DN7650_c0_g1_i1::g.24429::m.24429	37.367	281	133	5	27	303	45	286	1.16e-52	178
Palpbili	CP@TRINITY_DN7650_c0_g1::CP@TRINITY_DN7650_c0_g1_i1::g.24429::m.24429	53.548	310	136	3	20	321	3	312	7.81e-114	333
Palpbili	CP@TRINITY_DN1537_c0_g1::CP@TRINITY_DN1537_c0_g1_i18::g.41116::m.41116	45.228	241	117	4	94	319	240	480	2.51e-59	198
Palpbili	CP@TRINITY_DN1537_c0_g1::CP@TRINITY_DN1537_c0_g1_i11::g.41111::m.41111	50.920	163	76	1	94	252	240	402	2.62e-46	161
Brevmoto	CP@TRINITY_DN7650_c0_g1::CP@TRINITY_DN7650_c0_g1_i1::g.24429::m.24429	57.028	249	99	4	45	292	1	242	1.11e-91	276
Brevmoto	CP@TRINITY_DN1537_c0_g1::CP@TRINITY_DN1537_c0_g1_i18::g.41116::m.41116	47.541	183	90	3	122	303	236	413	5.74e-46	162
Brevmoto	CP@TRINITY_DN1537_c0_g1::CP@TRINITY_DN1537_c0_g1_i11::g.41111::m.41111	48.837	172	82	3	122	292	236	402	6.05e-46	160
Chlorept	CP@TRINITY_DN7650_c0_g1::CP@TRINITY_DN7650_c0_g1_i1::g.24429::m.24429	44.915	354	163	9	19	364	2	331	1.44e-89	273
MatazaD1	CP@TRINITY_DN7650_c0_g1::CP@TRINITY_DN7650_c0_g1_i1::g.24429::m.24429	58.154	325	127	4	16	338	3	320	1.10e-128	371
MatazaD1	CP@TRINITY_DN1537_c0_g1::CP@TRINITY_DN1537_c0_g1_i18::g.41116::m.41116	47.303	241	110	6	95	323	240	475	5.15e-59	198
MatazaD1	CP@TRINITY_DN1537_c0_g1::CP@TRINITY_DN1537_c0_g1_i11::g.41111::m.41111	51.786	168	74	3	95	260	240	402	1.61e-45	160
Cantmars	CP@TRINITY_DN7650_c0_g1::CP@TRINITY_DN7650_c0_g1_i1::g.24429::m.24429	42.500	320	166	5	10	326	4	308	1.43e-83	256
Cantmars	CP@TRINITY_DN1537_c0_g1::CP@TRINITY_DN1537_c0_g1_i18::g.41116::m.41116	35.458	251	143	6	91	328	236	480	4.61e-42	152
Micrgadi	CP@TRINITY_DN7650_c0_g1::CP@TRINITY_DN7650_c0_g1_i1::g.24429::m.24429	46.821	346	144	5	17	361	2	308	1.76e-103	310
Micrgadi	CP@TRINITY_DN1537_c0_g1::CP@TRINITY_DN1537_c0_g1_i18::g.41116::m.41116	46.667	240	117	6	126	358	240	475	8.72e-59	199
Micrgadi	CP@TRINITY_DN1537_c0_g1::CP@TRINITY_DN1537_c0_g1_i11::g.41111::m.41111	52.695	167	74	3	126	291	240	402	9.49e-48	168
Vauclito	CP@TRINITY_DN7650_c0_g1::CP@TRINITY_DN7650_c0_g1_i1::g.24429::m.24429	55.519	308	111	6	1	306	26	309	2.00e-110	324
Vauclito	CP@TRINITY_DN1537_c0_g1::CP@TRINITY_DN1537_c0_g1_i18::g.41116::m.41116	47.876	259	122	6	61	316	240	488	5.92e-66	215
Vauclito	CP@TRINITY_DN1537_c0_g1::CP@TRINITY_DN1537_c0_g1_i11::g.41111::m.41111	54.491	167	70	3	61	225	240	402	1.06e-49	170
Tribgaya	CP@TRINITY_DN7650_c0_g1::CP@TRINITY_DN7650_c0_g1_i1::g.24429::m.24429	56.897	348	120	6	31	373	2	324	1.60e-130	378
Tribgaya	CP@TRINITY_DN1537_c0_g1::CP@TRINITY_DN1537_c0_g1_i18::g.41116::m.41116	49.425	261	119	6	112	369	237	487	1.86e-66	219
Tribgaya	CP@TRINITY_DN1537_c0_g1::CP@TRINITY_DN1537_c0_g1_i11::g.41111::m.41111	57.485	167	65	3	115	279	240	402	2.03e-52	179
Fucucera	CP@TRINITY_DN7650_c0_g1::CP@TRINITY_DN7650_c0_g1_i1::g.24429::m.24429	50.155	323	146	6	94	414	1	310	6.50e-105	314
Fucucera	CP@TRINITY_DN1537_c0_g1::CP@TRINITY_DN1537_c0_g1_i18::g.41116::m.41116	42.400	250	133	5	174	416	237	482	1.64e-53	186
Agarclat	CP@TRINITY_DN7650_c0_g1::CP@TRINITY_DN7650_c0_g1_i1::g.24429::m.24429	51.020	343	145	7	47	382	2	328	4.18e-114	336
Agarclat	CP@TRINITY_DN1537_c0_g1::CP@TRINITY_DN1537_c0_g1_i18::g.41116::m.41116	42.231	251	134	5	128	371	236	482	9.30e-57	193
Heteakas	CP@TRINITY_DN7650_c0_g1::CP@TRINITY_DN7650_c0_g1_i1::g.24429::m.24429	53.731	335	133	7	29	355	2	322	2.09e-116	341
Heteakas	CP@TRINITY_DN1537_c0_g1::CP@TRINITY_DN1537_c0_g1_i18::g.41116::m.41116	44.534	247	125	6	113	351	240	482	2.99e-53	183
Heteakas	CP@TRINITY_DN1537_c0_g1::CP@TRINITY_DN1537_c0_g1_i11::g.41111::m.41111	50.299	167	77	3	113	277	240	402	6.67e-43	153
Chatsubs	CP@TRINITY_DN7650_c0_g1::CP@TRINITY_DN7650_c0_g1_i1::g.24429::m.24429	58.075	322	119	5	22	341	2	309	2.53e-126	365
Chatsubs	CP@TRINITY_DN1537_c0_g1::CP@TRINITY_DN1537_c0_g1_i18::g.41116::m.41116	46.825	252	122	5	106	349	240	487	2.74e-62	207
Chatsubs	CP@TRINITY_DN1537_c0_g1::CP@TRINITY_DN1537_c0_g1_i11::g.41111::m.41111	52.096	167	74	3	106	270	240	402	3.86e-46	162
Fibrjapo	CP@TRINITY_DN7650_c0_g1::CP@TRINITY_DN7650_c0_g1_i1::g.24429::m.24429	58.333	324	118	5	42	363	2	310	1.70e-130	377
Fibrjapo	CP@TRINITY_DN1537_c0_g1::CP@TRINITY_DN1537_c0_g1_i18::g.41116::m.41116	48.221	253	119	6	127	371	240	488	1.18e-65	216
Fibrjapo	CP@TRINITY_DN1537_c0_g1::CP@TRINITY_DN1537_c0_g1_i11::g.41111::m.41111	53.293	167	72	3	127	291	240	402	4.36e-49	170
Tripeleu	CP@TRINITY_DN7650_c0_g1::CP@TRINITY_DN7650_c0_g1_i1::g.24429::m.24429	39.200	375	160	10	175	547	3	311	5.79e-78	249
Phaetric	CP@TRINITY_DN7650_c0_g1::CP@TRINITY_DN7650_c0_g1_i1::g.24429::m.24429	51.118	313	131	7	1	297	4	310	3.30e-106	312
Phaetric	CP@TRINITY_DN1537_c0_g1::CP@TRINITY_DN1537_c0_g1_i18::g.41116::m.41116	43.320	247	113	6	74	298	241	482	2.37e-56	189
Phaetric	CP@TRINITY_DN1537_c0_g1::CP@TRINITY_DN1537_c0_g1_i11::g.41111::m.41111	48.795	166	80	3	74	239	241	401	1.88e-45	158
Fragcyli	CP@TRINITY_DN7650_c0_g1::CP@TRINITY_DN7650_c0_g1_i1::g.24429::m.24429	49.296	355	140	11	20	358	3	333	9.92e-109	321
Fragcyli	CP@TRINITY_DN1537_c0_g1::CP@TRINITY_DN1537_c0_g1_i18::g.41116::m.41116	42.366	262	137	6	106	358	234	490	5.23e-59	198
Fragcyli	CP@TRINITY_DN1537_c0_g1::CP@TRINITY_DN1537_c0_g1_i11::g.41111::m.41111	49.112	169	81	3	106	274	234	397	1.43e-46	163
Psuemult	CP@TRINITY_DN7650_c0_g1::CP@TRINITY_DN7650_c0_g1_i1::g.24429::m.24429	50.794	315	137	8	59	362	3	310	2.16e-104	311
Psuemult	CP@TRINITY_DN1537_c0_g1::CP@TRINITY_DN1537_c0_g1_i18::g.41116::m.41116	42.400	250	121	7	136	367	242	486	9.76e-53	182
Psuemult	CP@TRINITY_DN1537_c0_g1::CP@TRINITY_DN1537_c0_g1_i11::g.41111::m.41111	50.000	160	75	3	136	295	242	396	3.49e-43	155
Paheparv	CP@TRINITY_DN7650_c0_g1::CP@TRINITY_DN7650_c0_g1_i1::g.24429::m.24429	47.212	269	124	6	164	429	57	310	6.58e-75	237
Paheparv	CP@TRINITY_DN1537_c0_g1::CP@TRINITY_DN1537_c0_g1_i18::g.41116::m.41116	42.500	240	126	6	193	424	240	475	6.18e-51	179
Pingpyre	CP@TRINITY_DN7650_c0_g1::CP@TRINITY_DN7650_c0_g1_i1::g.24429::m.24429	48.758	322	149	5	46	365	3	310	6.90e-99	296
Pingpyre	CP@TRINITY_DN1537_c0_g1::CP@TRINITY_DN1537_c0_g1_i18::g.41116::m.41116	41.532	248	132	7	129	367	240	483	7.21e-47	167
Pela2097	CP@TRINITY_DN7650_c0_g1::CP@TRINITY_DN7650_c0_g1_i1::g.24429::m.24429	39.837	369	162	6	53	421	3	311	1.60e-83	259
Pela2097	CP@TRINITY_DN1537_c0_g1::CP@TRINITY_DN1537_c0_g1_i18::g.41116::m.41116	37.456	283	128	9	135	415	240	475	4.22e-43	158
Chryfrag	CP@TRINITY_DN7650_c0_g1::CP@TRINITY_DN7650_c0_g1_i1::g.24429::m.24429	42.708	288	144	7	95	371	52	329	5.66e-67	218
Chryfrag	CP@TRINITY_DN1537_c0_g1::CP@TRINITY_DN1537_c0_g1_i18::g.41116::m.41116	39.062	256	129	6	127	363	239	486	1.20e-46	169
Aureanop	CP@TRINITY_DN7650_c0_g1::CP@TRINITY_DN7650_c0_g1_i1::g.24429::m.24429	45.397	315	160	4	1	315	3	305	1.34e-87	266
Pelasubv	CP@TRINITY_DN7650_c0_g1::CP@TRINITY_DN7650_c0_g1_i1::g.24429::m.24429	42.500	280	130	4	139	418	3	251	1.46e-67	218
Pelacalc	CP@TRINITY_DN7650_c0_g1::CP@TRINITY_DN7650_c0_g1_i1::g.24429::m.24429	42.188	320	146	7	61	380	3	283	1.16e-72	229
Pseuelas	CP@TRINITY_DN7650_c0_g1::CP@TRINITY_DN7650_c0_g1_i1::g.24429::m.24429	59.055	254	90	5	28	280	3	243	3.17e-97	295
Pseuelas	CP@TRINITY_DN1537_c0_g1::CP@TRINITY_DN1537_c0_g1_i11::g.41111::m.41111	52.663	169	73	4	112	279	240	402	1.09e-46	166
Pseuelas	CP@TRINITY_DN1537_c0_g1::CP@TRINITY_DN1537_c0_g1_i18::g.41116::m.41116	52.023	173	76	4	112	283	240	406	1.73e-46	167
Rhiz1243	CP@TRINITY_DN7650_c0_g1::CP@TRINITY_DN7650_c0_g1_i1::g.24429::m.24429	49.148	352	131	7	26	374	3	309	7.01e-113	333
Rhiz1243	CP@TRINITY_DN1537_c0_g1::CP@TRINITY_DN1537_c0_g1_i18::g.41116::m.41116	41.516	277	126	8	110	379	240	487	1.43e-56	193
Rhiz1243	CP@TRINITY_DN1537_c0_g1::CP@TRINITY_DN1537_c0_g1_i11::g.41111::m.41111	50.898	167	75	4	110	273	240	402	9.96e-46	162
Flor1587	CP@TRINITY_DN7650_c0_g1::CP@TRINITY_DN7650_c0_g1_i1::g.24429::m.24429	61.328	256	86	4	24	277	1	245	4.53e-103	305
Flor1587	CP@TRINITY_DN1537_c0_g1::CP@TRINITY_DN1537_c0_g1_i11::g.41111::m.41111	55.882	170	69	3	107	274	237	402	2.69e-53	179
Flor1587	CP@TRINITY_DN1537_c0_g1::CP@TRINITY_DN1537_c0_g1_i18::g.41116::m.41116	55.882	170	69	3	107	274	237	402	1.65e-52	179
Octaspec	CP@TRINITY_DN7650_c0_g1::CP@TRINITY_DN7650_c0_g1_i1::g.24429::m.24429	52.210	362	124	7	22	380	3	318	1.17e-122	358
Octaspec	CP@TRINITY_DN1537_c0_g1::CP@TRINITY_DN1537_c0_g1_i18::g.41116::m.41116	45.018	271	121	6	108	375	237	482	3.83e-61	205
Octaspec	CP@TRINITY_DN1537_c0_g1::CP@TRINITY_DN1537_c0_g1_i11::g.41111::m.41111	54.118	170	72	3	108	275	237	402	6.49e-49	170
Deveeleg	CP@TRINITY_DN7650_c0_g1::CP@TRINITY_DN7650_c0_g1_i1::g.24429::m.24429	58.944	341	115	8	31	361	1	326	6.72e-135	388
Deveeleg	CP@TRINITY_DN1537_c0_g1::CP@TRINITY_DN1537_c0_g1_i18::g.41116::m.41116	48.790	248	113	5	117	354	240	483	1.81e-67	221
Deveeleg	CP@TRINITY_DN1537_c0_g1::CP@TRINITY_DN1537_c0_g1_i11::g.41111::m.41111	57.485	167	65	3	117	281	240	402	1.87e-55	187
Saprdecl	CP@TRINITY_DN7650_c0_g1::CP@TRINITY_DN7650_c0_g1_i1::g.24429::m.24429	62.733	322	104	6	28	346	2	310	8.70e-140	400
Saprdecl	CP@TRINITY_DN1537_c0_g1::CP@TRINITY_DN1537_c0_g1_i18::g.41116::m.41116	51.639	244	104	6	112	345	240	479	9.74e-71	229
Saprdecl	CP@TRINITY_DN1537_c0_g1::CP@TRINITY_DN1537_c0_g1_i11::g.41111::m.41111	58.683	167	63	3	112	276	240	402	4.84e-57	190
Pythirre	CP@TRINITY_DN7650_c0_g1::CP@TRINITY_DN7650_c0_g1_i1::g.24429::m.24429	63.975	322	102	5	29	348	2	311	2.94e-143	409
Pythirre	CP@TRINITY_DN1537_c0_g1::CP@TRINITY_DN1537_c0_g1_i18::g.41116::m.41116	51.210	248	107	6	113	350	240	483	5.26e-72	232
Pythirre	CP@TRINITY_DN1537_c0_g1::CP@TRINITY_DN1537_c0_g1_i11::g.41111::m.41111	58.683	167	63	3	113	277	240	402	2.40e-57	191
Albulaib	CP@TRINITY_DN7650_c0_g1::CP@TRINITY_DN7650_c0_g1_i1::g.24429::m.24429	60.125	321	114	5	33	351	3	311	6.74e-134	385
Albulaib	CP@TRINITY_DN1537_c0_g1::CP@TRINITY_DN1537_c0_g1_i18::g.41116::m.41116	48.333	240	110	6	116	345	240	475	1.28e-62	207
Albulaib	CP@TRINITY_DN1537_c0_g1::CP@TRINITY_DN1537_c0_g1_i11::g.41111::m.41111	54.491	167	70	3	116	280	240	402	5.51e-51	174
Hyphcate	CP@TRINITY_DN7650_c0_g1::CP@TRINITY_DN7650_c0_g1_i1::g.24429::m.24429	66.272	169	53	2	1	169	145	309	9.45e-72	219
Hyphcate	CP@TRINITY_DN1537_c0_g1::CP@TRINITY_DN1537_c0_g1_i18::g.41116::m.41116	49.412	170	78	3	11	172	313	482	2.89e-47	160
PlacCLAB	CP@TRINITY_DN7650_c0_g1::CP@TRINITY_DN7650_c0_g1_i1::g.24429::m.24429	48.765	324	148	5	13	334	1	308	2.14e-109	323
PlacCLAB	CP@TRINITY_DN1537_c0_g1::CP@TRINITY_DN1537_c0_g1_i18::g.41116::m.41116	42.800	250	123	7	100	337	240	481	3.28e-51	177
PlacCLAB	CP@TRINITY_DN1537_c0_g1::CP@TRINITY_DN1537_c0_g1_i11::g.41111::m.41111	48.503	167	80	3	100	264	240	402	4.44e-41	148
Wobbluna	CP@TRINITY_DN7650_c0_g1::CP@TRINITY_DN7650_c0_g1_i1::g.24429::m.24429	48.308	325	143	6	10	328	4	309	3.10e-100	298
Wobbluna	CP@TRINITY_DN1537_c0_g1::CP@TRINITY_DN1537_c0_g1_i18::g.41116::m.41116	43.373	249	122	7	92	329	240	480	4.19e-52	179
Wobbluna	CP@TRINITY_DN1537_c0_g1::CP@TRINITY_DN1537_c0_g1_i11::g.41111::m.41111	48.503	167	81	3	92	257	240	402	2.34e-44	156
Dino2267	CP@TRINITY_DN7650_c0_g1::CP@TRINITY_DN7650_c0_g1_i1::g.24429::m.24429	49.038	312	147	5	16	325	4	305	5.83e-101	301
Dino2267	CP@TRINITY_DN1537_c0_g1::CP@TRINITY_DN1537_c0_g1_i18::g.41116::m.41116	43.651	252	128	6	94	334	236	484	1.19e-56	192
Dino2267	CP@TRINITY_DN1537_c0_g1::CP@TRINITY_DN1537_c0_g1_i11::g.41111::m.41111	50.588	170	79	3	94	261	236	402	8.50e-45	158
PoterBG1	CP@TRINITY_DN7650_c0_g1::CP@TRINITY_DN7650_c0_g1_i1::g.24429::m.24429	46.584	322	155	7	12	330	2	309	6.55e-102	303
PoterBG1	CP@TRINITY_DN1537_c0_g1::CP@TRINITY_DN1537_c0_g1_i18::g.41116::m.41116	41.132	265	139	7	84	337	228	486	8.51e-56	189
PoterBG1	CP@TRINITY_DN1537_c0_g1::CP@TRINITY_DN1537_c0_g1_i11::g.41111::m.41111	47.514	181	87	4	84	262	228	402	8.46e-44	155
Pedoelon	CP@TRINITY_DN7650_c0_g1::CP@TRINITY_DN7650_c0_g1_i1::g.24429::m.24429	47.319	317	153	6	24	337	4	309	1.79e-101	302
Pedoelon	CP@TRINITY_DN1537_c0_g1::CP@TRINITY_DN1537_c0_g1_i18::g.41116::m.41116	44.841	252	125	7	102	342	236	484	1.35e-57	194
Pedoelon	CP@TRINITY_DN1537_c0_g1::CP@TRINITY_DN1537_c0_g1_i11::g.41111::m.41111	52.941	170	75	3	102	269	236	402	1.96e-46	162
Ochr2298	CP@TRINITY_DN7650_c0_g1::CP@TRINITY_DN7650_c0_g1_i1::g.24429::m.24429	47.516	322	152	7	18	336	2	309	3.76e-103	306
Ochr2298	CP@TRINITY_DN1537_c0_g1::CP@TRINITY_DN1537_c0_g1_i18::g.41116::m.41116	45.492	244	119	7	106	338	241	481	3.65e-56	190
Ochr2298	CP@TRINITY_DN1537_c0_g1::CP@TRINITY_DN1537_c0_g1_i11::g.41111::m.41111	53.939	165	71	3	106	268	241	402	3.51e-45	159
Auralima	CP@TRINITY_DN7650_c0_g1::CP@TRINITY_DN7650_c0_g1_i1::g.24429::m.24429	59.615	260	95	3	54	313	2	251	5.98e-100	302
Auralima	CP@TRINITY_DN1537_c0_g1::CP@TRINITY_DN1537_c0_g1_i18::g.41116::m.41116	51.256	199	93	2	138	336	240	434	5.15e-54	187
Auralima	CP@TRINITY_DN1537_c0_g1::CP@TRINITY_DN1537_c0_g1_i11::g.41111::m.41111	57.485	167	67	2	138	304	240	402	2.07e-53	184
Schiaggr	CP@TRINITY_DN7650_c0_g1::CP@TRINITY_DN7650_c0_g1_i1::g.24429::m.24429	58.103	253	95	4	25	276	1	243	6.80e-94	286
Schiaggr	CP@TRINITY_DN1537_c0_g1::CP@TRINITY_DN1537_c0_g1_i18::g.41116::m.41116	49.738	191	91	3	110	299	240	426	8.44e-49	174
Schiaggr	CP@TRINITY_DN1537_c0_g1::CP@TRINITY_DN1537_c0_g1_i11::g.41111::m.41111	53.892	167	72	3	110	275	240	402	1.07e-47	168
ThraLLF1	CP@TRINITY_DN7650_c0_g1::CP@TRINITY_DN7650_c0_g1_i1::g.24429::m.24429	51.190	252	113	3	70	321	2	243	2.76e-82	258
ThraLLF1	CP@TRINITY_DN1537_c0_g1::CP@TRINITY_DN1537_c0_g1_i11::g.41111::m.41111	46.707	167	85	2	154	320	240	402	3.71e-42	155
Aplakerg	CP@TRINITY_DN7650_c0_g1::CP@TRINITY_DN7650_c0_g1_i1::g.24429::m.24429	46.562	320	158	5	10	327	2	310	2.96e-91	276
Aplakerg	CP@TRINITY_DN1537_c0_g1::CP@TRINITY_DN1537_c0_g1_i18::g.41116::m.41116	38.800	250	138	6	94	332	240	485	4.74e-42	153
Rhodlimn	CP@TRINITY_DN7650_c0_g1::CP@TRINITY_DN7650_c0_g1_i1::g.24429::m.24429	61.218	312	120	1	43	353	1	312	4.99e-140	400
Rhodlimn	CP@TRINITY_DN1537_c0_g1::CP@TRINITY_DN1537_c0_g1_i18::g.41116::m.41116	52.119	236	102	5	122	346	240	475	2.43e-68	223
Rhodlimn	CP@TRINITY_DN1537_c0_g1::CP@TRINITY_DN1537_c0_g1_i11::g.41111::m.41111	59.509	163	65	1	122	283	240	402	6.94e-58	192
Rhodemar	CP@TRINITY_DN7650_c0_g1::CP@TRINITY_DN7650_c0_g1_i1::g.24429::m.24429	59.091	308	124	1	53	358	5	312	7.84e-133	383
Rhodemar	CP@TRINITY_DN1537_c0_g1::CP@TRINITY_DN1537_c0_g1_i18::g.41116::m.41116	48.583	247	115	4	117	351	229	475	7.39e-64	211
Rhodemar	CP@TRINITY_DN1537_c0_g1::CP@TRINITY_DN1537_c0_g1_i11::g.41111::m.41111	56.287	167	71	1	124	288	236	402	9.57e-55	185
Cyanpara	CP@TRINITY_DN7650_c0_g1::CP@TRINITY_DN7650_c0_g1_i1::g.24429::m.24429	56.269	327	132	3	60	375	2	328	1.70e-136	392
Cyanpara	CP@TRINITY_DN1537_c0_g1::CP@TRINITY_DN1537_c0_g1_i18::g.41116::m.41116	49.367	237	109	4	136	361	240	476	1.78e-68	224
Cyanpara	CP@TRINITY_DN1537_c0_g1::CP@TRINITY_DN1537_c0_g1_i11::g.41111::m.41111	56.442	163	70	1	136	297	240	402	1.53e-54	184
Gloewitr	CP@TRINITY_DN7650_c0_g1::CP@TRINITY_DN7650_c0_g1_i1::g.24429::m.24429	56.962	316	128	4	9	321	2	312	2.32e-122	355
Gloewitr	CP@TRINITY_DN1537_c0_g1::CP@TRINITY_DN1537_c0_g1_i18::g.41116::m.41116	48.954	239	110	4	85	314	240	475	6.04e-67	218
Gloewitr	CP@TRINITY_DN1537_c0_g1::CP@TRINITY_DN1537_c0_g1_i11::g.41111::m.41111	55.422	166	70	2	85	249	240	402	4.19e-50	171
Rhodmari	CP@TRINITY_DN7650_c0_g1::CP@TRINITY_DN7650_c0_g1_i1::g.24429::m.24429	43.491	338	174	4	43	374	2	328	2.65e-92	280
Rhodmari	CP@TRINITY_DN1537_c0_g1::CP@TRINITY_DN1537_c0_g1_i18::g.41116::m.41116	37.945	253	156	1	111	363	230	481	4.60e-48	170
Compcoer	CP@TRINITY_DN7650_c0_g1::CP@TRINITY_DN7650_c0_g1_i1::g.24429::m.24429	41.834	349	161	8	54	400	4	312	2.61e-90	276
Compcoer	CP@TRINITY_DN1537_c0_g1::CP@TRINITY_DN1537_c0_g1_i18::g.41116::m.41116	36.842	285	151	3	115	399	226	481	5.51e-51	178
Rhodmacu	CP@TRINITY_DN7650_c0_g1::CP@TRINITY_DN7650_c0_g1_i1::g.24429::m.24429	44.856	243	125	5	2	239	74	312	1.73e-66	209
Rhodmacu	CP@TRINITY_DN1537_c0_g1::CP@TRINITY_DN1537_c0_g1_i18::g.41116::m.41116	37.917	240	134	3	7	233	239	476	1.20e-47	164
Galdsulp	CP@TRINITY_DN7650_c0_g1::CP@TRINITY_DN7650_c0_g1_i1::g.24429::m.24429	43.402	341	158	6	62	402	5	310	5.87e-81	252
Galdsulp	CP@TRINITY_DN1537_c0_g1::CP@TRINITY_DN1537_c0_g1_i18::g.41116::m.41116	38.636	264	137	6	139	401	240	479	2.41e-45	163
Porpaeru	CP@TRINITY_DN7650_c0_g1::CP@TRINITY_DN7650_c0_g1_i1::g.24429::m.24429	46.286	350	153	5	178	527	1	315	1.30e-104	317
Porpaeru	CP@TRINITY_DN1537_c0_g1::CP@TRINITY_DN1537_c0_g1_i18::g.41116::m.41116	40.377	265	133	5	257	521	240	479	1.60e-51	183
Chryrota	CP@TRINITY_DN7650_c0_g1::CP@TRINITY_DN7650_c0_g1_i1::g.24429::m.24429	60.645	310	120	2	2	309	2	311	7.53e-141	401
Chryrota	CP@TRINITY_DN1537_c0_g1::CP@TRINITY_DN1537_c0_g1_i18::g.41116::m.41116	50.628	239	100	6	80	303	240	475	6.00e-68	220
Chryrota	CP@TRINITY_DN1537_c0_g1::CP@TRINITY_DN1537_c0_g1_i11::g.41111::m.41111	56.627	166	65	2	80	241	240	402	2.19e-55	184
Prymparv	CP@TRINITY_DN7650_c0_g1::CP@TRINITY_DN7650_c0_g1_i1::g.24429::m.24429	57.508	313	130	2	23	334	2	312	1.92e-133	383
Prymparv	CP@TRINITY_DN1537_c0_g1::CP@TRINITY_DN1537_c0_g1_i18::g.41116::m.41116	50.424	236	108	5	101	327	240	475	2.00e-67	219
Prymparv	CP@TRINITY_DN1537_c0_g1::CP@TRINITY_DN1537_c0_g1_i11::g.41111::m.41111	55.215	163	72	1	101	262	240	402	2.37e-53	180
Chrycart	CP@TRINITY_DN7650_c0_g1::CP@TRINITY_DN7650_c0_g1_i1::g.24429::m.24429	59.333	300	117	2	26	324	2	297	1.89e-128	374
Chrycart	CP@TRINITY_DN1537_c0_g1::CP@TRINITY_DN1537_c0_g1_i18::g.41116::m.41116	48.684	228	110	4	104	324	240	467	4.07e-63	211
Chrycart	CP@TRINITY_DN1537_c0_g1::CP@TRINITY_DN1537_c0_g1_i11::g.41111::m.41111	57.055	163	69	1	104	265	240	402	5.95e-56	189
Tisolute	CP@TRINITY_DN7650_c0_g1::CP@TRINITY_DN7650_c0_g1_i1::g.24429::m.24429	55.088	285	120	3	2	279	43	326	2.45e-109	319
Tisolute	CP@TRINITY_DN1537_c0_g1::CP@TRINITY_DN1537_c0_g1_i18::g.41116::m.41116	48.305	236	111	3	39	263	240	475	9.98e-66	213
Tisolute	CP@TRINITY_DN1537_c0_g1::CP@TRINITY_DN1537_c0_g1_i11::g.41111::m.41111	57.669	163	68	1	39	200	240	402	8.01e-58	190
Pavl2436	CP@TRINITY_DN7650_c0_g1::CP@TRINITY_DN7650_c0_g1_i1::g.24429::m.24429	48.936	329	142	3	26	352	2	306	2.08e-110	326
Pavl2436	CP@TRINITY_DN1537_c0_g1::CP@TRINITY_DN1537_c0_g1_i18::g.41116::m.41116	43.015	272	139	4	94	362	228	486	3.63e-60	202
Pavl2436	CP@TRINITY_DN1537_c0_g1::CP@TRINITY_DN1537_c0_g1_i11::g.41111::m.41111	49.714	175	86	1	94	266	228	402	1.62e-49	171
Diacluth	CP@TRINITY_DN7650_c0_g1::CP@TRINITY_DN7650_c0_g1_i1::g.24429::m.24429	55.967	243	104	2	15	256	2	242	5.41e-97	288
Diacluth	CP@TRINITY_DN1537_c0_g1::CP@TRINITY_DN1537_c0_g1_i11::g.41111::m.41111	47.159	176	90	2	83	256	228	402	3.46e-46	159
Diacluth	CP@TRINITY_DN1537_c0_g1::CP@TRINITY_DN1537_c0_g1_i18::g.41116::m.41116	46.629	178	92	2	84	259	229	405	1.69e-45	159
Roomtrun	CP@TRINITY_DN7650_c0_g1::CP@TRINITY_DN7650_c0_g1_i1::g.24429::m.24429	67.123	292	94	2	50	340	4	294	5.65e-144	410
Roomtrun	CP@TRINITY_DN1537_c0_g1::CP@TRINITY_DN1537_c0_g1_i18::g.41116::m.41116	48.673	226	104	5	126	340	240	464	3.75e-58	195
Roomtrun	CP@TRINITY_DN1537_c0_g1::CP@TRINITY_DN1537_c0_g1_i11::g.41111::m.41111	56.098	164	70	2	126	288	240	402	9.21e-52	176
Rhodsali	CP@TRINITY_DN7650_c0_g1::CP@TRINITY_DN7650_c0_g1_i1::g.24429::m.24429	50.456	329	162	1	51	378	3	331	3.69e-117	343
Rhodsali	CP@TRINITY_DN1537_c0_g1::CP@TRINITY_DN1537_c0_g1_i18::g.41116::m.41116	45.344	247	124	4	128	363	240	486	8.97e-61	204
Rhodsali	CP@TRINITY_DN1537_c0_g1::CP@TRINITY_DN1537_c0_g1_i11::g.41111::m.41111	53.374	163	75	1	128	289	240	402	1.36e-49	172
Cryppara	CP@TRINITY_DN7650_c0_g1::CP@TRINITY_DN7650_c0_g1_i1::g.24429::m.24429	39.834	241	137	3	47	281	3	241	2.09e-50	169
Ancytwis	CP@TRINITY_DN7650_c0_g1::CP@TRINITY_DN7650_c0_g1_i1::g.24429::m.24429	68.438	320	98	2	27	344	2	320	4.88e-161	453
Ancytwis	CP@TRINITY_DN1537_c0_g1::CP@TRINITY_DN1537_c0_g1_i18::g.41116::m.41116	55.085	236	94	4	106	329	240	475	1.06e-76	244
Ancytwis	CP@TRINITY_DN1537_c0_g1::CP@TRINITY_DN1537_c0_g1_i11::g.41111::m.41111	62.577	163	59	1	106	266	240	402	3.12e-61	201
Flecnera	CP@TRINITY_DN7650_c0_g1::CP@TRINITY_DN7650_c0_g1_i1::g.24429::m.24429	43.169	366	153	10	35	400	2	312	1.21e-87	269
Diplambu	CP@TRINITY_DN7650_c0_g1::CP@TRINITY_DN7650_c0_g1_i1::g.24429::m.24429	43.200	375	156	11	44	416	1	320	7.10e-90	275
Vannfimi	CP@TRINITY_DN7650_c0_g1::CP@TRINITY_DN7650_c0_g1_i1::g.24429::m.24429	72.078	308	84	2	51	356	2	309	4.48e-161	454
Vannfimi	CP@TRINITY_DN1537_c0_g1::CP@TRINITY_DN1537_c0_g1_i18::g.41116::m.41116	49.388	245	112	4	129	361	240	484	8.97e-69	224
Vannfimi	CP@TRINITY_DN1537_c0_g1::CP@TRINITY_DN1537_c0_g1_i11::g.41111::m.41111	56.442	163	70	1	129	290	240	402	2.30e-54	184
Idiovort	CP@TRINITY_DN7650_c0_g1::CP@TRINITY_DN7650_c0_g1_i1::g.24429::m.24429	69.659	323	96	2	36	357	2	323	1.37e-167	471
Idiovort	CP@TRINITY_DN1537_c0_g1::CP@TRINITY_DN1537_c0_g1_i18::g.41116::m.41116	52.479	242	104	3	114	344	240	481	3.08e-75	241
Idiovort	CP@TRINITY_DN1537_c0_g1::CP@TRINITY_DN1537_c0_g1_i11::g.41111::m.41111	61.350	163	62	1	114	275	240	402	7.00e-61	201
Pygsbifo	CP@TRINITY_DN7650_c0_g1::CP@TRINITY_DN7650_c0_g1_i1::g.24429::m.24429	55.036	278	114	3	44	319	1	269	2.11e-105	311
Pygsbifo	CP@TRINITY_DN1537_c0_g1::CP@TRINITY_DN1537_c0_g1_i18::g.41116::m.41116	47.291	203	98	3	122	319	240	438	1.02e-52	180
Pygsbifo	CP@TRINITY_DN1537_c0_g1::CP@TRINITY_DN1537_c0_g1_i11::g.41111::m.41111	52.147	163	77	1	122	283	240	402	8.83e-50	170
Lenilimo	CP@TRINITY_DN7650_c0_g1::CP@TRINITY_DN7650_c0_g1_i1::g.24429::m.24429	52.648	321	138	5	35	352	1	310	8.35e-109	321
Lenilimo	CP@TRINITY_DN1537_c0_g1::CP@TRINITY_DN1537_c0_g1_i18::g.41116::m.41116	47.034	236	113	3	124	347	240	475	3.19e-60	201
Lenilimo	CP@TRINITY_DN1537_c0_g1::CP@TRINITY_DN1537_c0_g1_i11::g.41111::m.41111	55.215	163	71	1	124	284	240	402	1.04e-50	174
Bodosalt	CP@TRINITY_DN7650_c0_g1::CP@TRINITY_DN7650_c0_g1_i1::g.24429::m.24429	35.920	348	189	8	8	352	3	319	1.99e-64	207
Tsukglob	CP@TRINITY_DN7650_c0_g1::CP@TRINITY_DN7650_c0_g1_i1::g.24429::m.24429	60.335	179	70	1	13	190	129	307	3.21e-71	219
Tsukglob	CP@TRINITY_DN1537_c0_g1::CP@TRINITY_DN1537_c0_g1_i18::g.41116::m.41116	52.778	180	74	4	14	182	290	469	3.54e-51	172
Tsukglob	CP@TRINITY_DN1537_c0_g1::CP@TRINITY_DN1537_c0_g1_i11::g.41111::m.41111	65.487	113	38	1	14	125	290	402	1.05e-43	150
HeterBB2	CP@TRINITY_DN7650_c0_g1::CP@TRINITY_DN7650_c0_g1_i1::g.24429::m.24429	68.025	319	101	1	51	368	2	320	9.13e-162	457
HeterBB2	CP@TRINITY_DN1537_c0_g1::CP@TRINITY_DN1537_c0_g1_i18::g.41116::m.41116	52.966	236	100	4	129	353	240	475	3.86e-72	234
HeterBB2	CP@TRINITY_DN1537_c0_g1::CP@TRINITY_DN1537_c0_g1_i11::g.41111::m.41111	61.350	163	62	1	129	290	240	402	4.17e-60	199
Pharkirb	CP@TRINITY_DN7650_c0_g1::CP@TRINITY_DN7650_c0_g1_i1::g.24429::m.24429	65.916	311	105	1	41	350	2	312	1.63e-151	430
Pharkirb	CP@TRINITY_DN1537_c0_g1::CP@TRINITY_DN1537_c0_g1_i18::g.41116::m.41116	50.833	240	107	4	119	347	240	479	1.17e-68	224
Pharkirb	CP@TRINITY_DN1537_c0_g1::CP@TRINITY_DN1537_c0_g1_i11::g.41111::m.41111	58.282	163	67	1	119	280	240	402	6.21e-56	188
Euglgrac	CP@TRINITY_DN7650_c0_g1::CP@TRINITY_DN7650_c0_g1_i1::g.24429::m.24429	61.128	337	105	3	41	376	2	313	8.32e-143	409
Euglgrac	CP@TRINITY_DN1537_c0_g1::CP@TRINITY_DN1537_c0_g1_i18::g.41116::m.41116	47.287	258	114	4	119	372	240	479	9.75e-69	224
Euglgrac	CP@TRINITY_DN1537_c0_g1::CP@TRINITY_DN1537_c0_g1_i11::g.41111::m.41111	56.364	165	67	2	119	280	240	402	9.26e-55	185
Eugllong	CP@TRINITY_DN7650_c0_g1::CP@TRINITY_DN7650_c0_g1_i1::g.24429::m.24429	60.767	339	107	3	34	371	2	315	8.73e-143	408
Eugllong	CP@TRINITY_DN1537_c0_g1::CP@TRINITY_DN1537_c0_g1_i18::g.41116::m.41116	47.287	258	114	4	112	365	240	479	1.24e-68	224
Eugllong	CP@TRINITY_DN1537_c0_g1::CP@TRINITY_DN1537_c0_g1_i11::g.41111::m.41111	56.364	165	67	2	112	273	240	402	1.06e-54	185
Ancysigm	CP@TRINITY_DN7650_c0_g1::CP@TRINITY_DN7650_c0_g1_i1::g.24429::m.24429	66.032	315	105	1	49	361	2	316	4.84e-155	439
Ancysigm	CP@TRINITY_DN1537_c0_g1::CP@TRINITY_DN1537_c0_g1_i18::g.41116::m.41116	51.004	249	110	3	118	354	231	479	6.33e-73	235
Ancysigm	CP@TRINITY_DN1537_c0_g1::CP@TRINITY_DN1537_c0_g1_i11::g.41111::m.41111	58.721	172	69	1	118	287	231	402	2.00e-59	197
Nutolong	CP@TRINITY_DN7650_c0_g1::CP@TRINITY_DN7650_c0_g1_i1::g.24429::m.24429	60.692	318	122	2	38	352	2	319	2.21e-139	399
Nutolong	CP@TRINITY_DN1537_c0_g1::CP@TRINITY_DN1537_c0_g1_i18::g.41116::m.41116	47.881	236	110	4	116	338	240	475	9.80e-64	211
Nutolong	CP@TRINITY_DN1537_c0_g1::CP@TRINITY_DN1537_c0_g1_i11::g.41111::m.41111	55.215	163	71	1	116	276	240	402	8.23e-54	182
Fabotrop	CP@TRINITY_DN7650_c0_g1::CP@TRINITY_DN7650_c0_g1_i1::g.24429::m.24429	72.755	323	83	3	47	364	1	323	4.79e-172	482
Fabotrop	CP@TRINITY_DN1537_c0_g1::CP@TRINITY_DN1537_c0_g1_i18::g.41116::m.41116	54.008	237	96	4	126	349	240	476	2.64e-76	244
Fabotrop	CP@TRINITY_DN1537_c0_g1::CP@TRINITY_DN1537_c0_g1_i11::g.41111::m.41111	61.963	163	60	1	126	286	240	402	3.13e-61	202
Mantplas	CP@TRINITY_DN7650_c0_g1::CP@TRINITY_DN7650_c0_g1_i1::g.24429::m.24429	67.188	320	102	1	33	349	1	320	2.73e-160	453
Mantplas	CP@TRINITY_DN1537_c0_g1::CP@TRINITY_DN1537_c0_g1_i18::g.41116::m.41116	48.106	264	117	6	112	358	240	500	3.89e-71	231
Mantplas	CP@TRINITY_DN1537_c0_g1::CP@TRINITY_DN1537_c0_g1_i11::g.41111::m.41111	55.828	163	69	1	112	271	240	402	4.02e-54	184
Malajako	CP@TRINITY_DN7650_c0_g1::CP@TRINITY_DN7650_c0_g1_i1::g.24429::m.24429	65.158	221	73	3	55	275	2	218	7.48e-99	293
Gefiokel	CP@TRINITY_DN7650_c0_g1::CP@TRINITY_DN7650_c0_g1_i1::g.24429::m.24429	62.462	325	113	2	52	370	1	322	5.89e-154	437
Gefiokel	CP@TRINITY_DN1537_c0_g1::CP@TRINITY_DN1537_c0_g1_i18::g.41116::m.41116	48.594	249	115	4	131	369	240	485	9.45e-67	219
Gefiokel	CP@TRINITY_DN1537_c0_g1::CP@TRINITY_DN1537_c0_g1_i11::g.41111::m.41111	57.229	166	68	1	131	296	240	402	1.65e-53	182
Ovaldese	CP@TRINITY_DN7650_c0_g1::CP@TRINITY_DN7650_c0_g1_i1::g.24429::m.24429	59.444	180	64	4	1	177	108	281	5.46e-65	202
Cochminu	CP@TRINITY_DN7650_c0_g1::CP@TRINITY_DN7650_c0_g1_i1::g.24429::m.24429	63.580	324	107	4	42	362	1	316	2.62e-140	401
Cochminu	CP@TRINITY_DN1537_c0_g1::CP@TRINITY_DN1537_c0_g1_i18::g.41116::m.41116	45.714	245	122	5	121	357	240	481	4.90e-60	201
Cochminu	CP@TRINITY_DN1537_c0_g1::CP@TRINITY_DN1537_c0_g1_i11::g.41111::m.41111	52.469	162	75	1	121	280	240	401	8.85e-49	169
Vermverm	CP@TRINITY_DN7650_c0_g1::CP@TRINITY_DN7650_c0_g1_i1::g.24429::m.24429	65.361	332	111	2	68	395	2	333	8.64e-156	442
Vermverm	CP@TRINITY_DN1537_c0_g1::CP@TRINITY_DN1537_c0_g1_i18::g.41116::m.41116	51.250	240	103	4	146	371	240	479	2.40e-70	229
Vermverm	CP@TRINITY_DN1537_c0_g1::CP@TRINITY_DN1537_c0_g1_i11::g.41111::m.41111	56.886	167	71	1	142	307	236	402	1.91e-56	190
Flabcita	CP@TRINITY_DN7650_c0_g1::CP@TRINITY_DN7650_c0_g1_i1::g.24429::m.24429	54.870	308	132	3	42	342	3	310	1.94e-115	338
Flabcita	CP@TRINITY_DN1537_c0_g1::CP@TRINITY_DN1537_c0_g1_i18::g.41116::m.41116	45.833	240	114	4	118	341	240	479	1.54e-62	207
Flabcita	CP@TRINITY_DN1537_c0_g1::CP@TRINITY_DN1537_c0_g1_i11::g.41111::m.41111	53.704	162	74	1	119	279	241	402	5.25e-52	177
Rhizsaxo	CP@TRINITY_DN7650_c0_g1::CP@TRINITY_DN7650_c0_g1_i1::g.24429::m.24429	65.049	309	107	1	44	351	3	311	6.68e-147	418
Rhizsaxo	CP@TRINITY_DN1537_c0_g1::CP@TRINITY_DN1537_c0_g1_i18::g.41116::m.41116	47.917	240	114	3	121	349	240	479	2.19e-69	226
Rhizsaxo	CP@TRINITY_DN1537_c0_g1::CP@TRINITY_DN1537_c0_g1_i11::g.41111::m.41111	53.293	167	78	0	117	283	236	402	4.95e-55	185
Amoeprot	CP@TRINITY_DN7650_c0_g1::CP@TRINITY_DN7650_c0_g1_i1::g.24429::m.24429	63.141	312	109	3	46	354	3	311	1.78e-137	394
Amoeprot	CP@TRINITY_DN1537_c0_g1::CP@TRINITY_DN1537_c0_g1_i18::g.41116::m.41116	49.791	239	104	6	123	348	240	475	4.38e-64	212
Amoeprot	CP@TRINITY_DN1537_c0_g1::CP@TRINITY_DN1537_c0_g1_i11::g.41111::m.41111	55.294	170	72	2	119	287	236	402	8.14e-54	182
Coprprot	CP@TRINITY_DN7650_c0_g1::CP@TRINITY_DN7650_c0_g1_i1::g.24429::m.24429	66.774	310	101	2	53	360	2	311	5.77e-151	429
Coprprot	CP@TRINITY_DN1537_c0_g1::CP@TRINITY_DN1537_c0_g1_i18::g.41116::m.41116	50.201	249	112	5	118	354	227	475	8.65e-70	227
Coprprot	CP@TRINITY_DN1537_c0_g1::CP@TRINITY_DN1537_c0_g1_i11::g.41111::m.41111	56.250	176	76	1	118	292	227	402	2.98e-58	194
Arcevulg	CP@TRINITY_DN7650_c0_g1::CP@TRINITY_DN7650_c0_g1_i1::g.24429::m.24429	59.621	317	119	4	38	349	2	314	5.70e-132	380
Arcevulg	CP@TRINITY_DN1537_c0_g1::CP@TRINITY_DN1537_c0_g1_i18::g.41116::m.41116	46.058	241	114	4	115	340	236	475	2.14e-61	204
Arcevulg	CP@TRINITY_DN1537_c0_g1::CP@TRINITY_DN1537_c0_g1_i11::g.41111::m.41111	52.381	168	77	2	115	280	236	402	1.91e-48	168
NolaAFSM	CP@TRINITY_DN7650_c0_g1::CP@TRINITY_DN7650_c0_g1_i1::g.24429::m.24429	60.841	309	119	2	79	386	4	311	7.93e-137	394
NolaAFSM	CP@TRINITY_DN1537_c0_g1::CP@TRINITY_DN1537_c0_g1_i18::g.41116::m.41116	46.311	244	119	5	155	387	240	482	2.02e-65	216
NolaAFSM	CP@TRINITY_DN1537_c0_g1::CP@TRINITY_DN1537_c0_g1_i11::g.41111::m.41111	50.920	163	79	1	155	316	240	402	3.16e-50	174
Echiexud	CP@TRINITY_DN7650_c0_g1::CP@TRINITY_DN7650_c0_g1_i1::g.24429::m.24429	66.349	315	101	3	59	372	1	311	1.83e-149	426
Echiexud	CP@TRINITY_DN1537_c0_g1::CP@TRINITY_DN1537_c0_g1_i18::g.41116::m.41116	47.638	254	124	5	125	370	227	479	1.87e-67	221
Echiexud	CP@TRINITY_DN1537_c0_g1::CP@TRINITY_DN1537_c0_g1_i11::g.41111::m.41111	51.977	177	83	2	125	300	227	402	3.67e-51	176
MicrA134	CP@TRINITY_DN7650_c0_g1::CP@TRINITY_DN7650_c0_g1_i1::g.24429::m.24429	60.699	229	83	2	1	228	74	296	7.44e-95	280
MicrA134	CP@TRINITY_DN1537_c0_g1::CP@TRINITY_DN1537_c0_g1_i18::g.41116::m.41116	51.316	228	104	4	7	228	240	466	1.74e-63	205
MicrA134	CP@TRINITY_DN1537_c0_g1::CP@TRINITY_DN1537_c0_g1_i11::g.41111::m.41111	55.828	163	71	1	7	168	240	402	2.26e-54	179
Schivulg	CP@TRINITY_DN7650_c0_g1::CP@TRINITY_DN7650_c0_g1_i1::g.24429::m.24429	69.373	271	81	1	43	311	2	272	3.71e-138	394
Schivulg	CP@TRINITY_DN1537_c0_g1::CP@TRINITY_DN1537_c0_g1_i18::g.41116::m.41116	55.000	200	79	4	121	309	240	439	4.20e-63	207
Schivulg	CP@TRINITY_DN1537_c0_g1::CP@TRINITY_DN1537_c0_g1_i11::g.41111::m.41111	58.896	163	65	1	121	281	240	402	9.67e-59	193
Cavoapop	CP@TRINITY_DN7650_c0_g1::CP@TRINITY_DN7650_c0_g1_i1::g.24429::m.24429	68.013	297	94	1	44	339	2	298	1.76e-150	427
Cavoapop	CP@TRINITY_DN1537_c0_g1::CP@TRINITY_DN1537_c0_g1_i18::g.41116::m.41116	51.528	229	100	5	122	339	240	468	4.14e-68	222
Cavoapop	CP@TRINITY_DN1537_c0_g1::CP@TRINITY_DN1537_c0_g1_i11::g.41111::m.41111	55.215	163	72	1	122	283	240	402	5.70e-55	185
Filanola	CP@TRINITY_DN7650_c0_g1::CP@TRINITY_DN7650_c0_g1_i1::g.24429::m.24429	71.521	309	86	2	41	347	2	310	3.38e-161	454
Filanola	CP@TRINITY_DN1537_c0_g1::CP@TRINITY_DN1537_c0_g1_i18::g.41116::m.41116	50.413	242	108	4	119	348	240	481	1.65e-71	231
Filanola	CP@TRINITY_DN1537_c0_g1::CP@TRINITY_DN1537_c0_g1_i11::g.41111::m.41111	58.025	162	67	1	119	279	240	401	4.76e-57	190
Phalsoli	CP@TRINITY_DN7650_c0_g1::CP@TRINITY_DN7650_c0_g1_i1::g.24429::m.24429	67.797	295	91	4	39	331	1	293	7.11e-140	399
Phalsoli	CP@TRINITY_DN1537_c0_g1::CP@TRINITY_DN1537_c0_g1_i18::g.41116::m.41116	50.000	220	99	5	118	327	240	458	1.77e-61	204
Phalsoli	CP@TRINITY_DN1537_c0_g1::CP@TRINITY_DN1537_c0_g1_i11::g.41111::m.41111	58.537	164	65	3	118	279	240	402	1.47e-55	186
Soliirre	CP@TRINITY_DN7650_c0_g1::CP@TRINITY_DN7650_c0_g1_i1::g.24429::m.24429	69.579	309	90	1	54	358	2	310	4.82e-159	449
Soliirre	CP@TRINITY_DN1537_c0_g1::CP@TRINITY_DN1537_c0_g1_i18::g.41116::m.41116	51.271	236	101	4	132	353	240	475	1.78e-70	228
Soliirre	CP@TRINITY_DN1537_c0_g1::CP@TRINITY_DN1537_c0_g1_i11::g.41111::m.41111	57.407	162	65	1	132	289	240	401	9.41e-56	187
Gocefonb	CP@TRINITY_DN7650_c0_g1::CP@TRINITY_DN7650_c0_g1_i1::g.24429::m.24429	63.366	202	72	2	1	201	129	329	1.81e-84	253
Gocefonb	CP@TRINITY_DN1537_c0_g1::CP@TRINITY_DN1537_c0_g1_i18::g.41116::m.41116	47.692	195	91	4	2	186	290	483	5.39e-53	177
Pellcata	CP@TRINITY_DN7650_c0_g1::CP@TRINITY_DN7650_c0_g1_i1::g.24429::m.24429	63.871	310	111	1	38	347	2	310	4.13e-144	410
Pellcata	CP@TRINITY_DN1537_c0_g1::CP@TRINITY_DN1537_c0_g1_i18::g.41116::m.41116	50.000	242	112	3	116	348	240	481	8.68e-69	224
Pellcata	CP@TRINITY_DN1537_c0_g1::CP@TRINITY_DN1537_c0_g1_i11::g.41111::m.41111	57.055	163	70	0	116	278	240	402	3.33e-55	186
Endozona	CP@TRINITY_DN7650_c0_g1::CP@TRINITY_DN7650_c0_g1_i1::g.24429::m.24429	69.831	295	86	3	41	334	2	294	3.40e-146	415
Endozona	CP@TRINITY_DN1537_c0_g1::CP@TRINITY_DN1537_c0_g1_i18::g.41116::m.41116	51.770	226	98	5	119	334	240	464	4.80e-65	213
Endozona	CP@TRINITY_DN1537_c0_g1::CP@TRINITY_DN1537_c0_g1_i11::g.41111::m.41111	59.146	164	65	2	119	281	240	402	2.25e-57	191
Dracjorm	CP@TRINITY_DN7650_c0_g1::CP@TRINITY_DN7650_c0_g1_i1::g.24429::m.24429	68.051	313	97	2	33	343	1	312	2.52e-155	439
Dracjorm	CP@TRINITY_DN1537_c0_g1::CP@TRINITY_DN1537_c0_g1_i18::g.41116::m.41116	50.833	240	107	3	112	340	240	479	2.06e-71	230
Dracjorm	CP@TRINITY_DN1537_c0_g1::CP@TRINITY_DN1537_c0_g1_i11::g.41111::m.41111	59.509	163	64	1	112	272	240	402	4.64e-56	187
Luaphula	CP@TRINITY_DN7650_c0_g1::CP@TRINITY_DN7650_c0_g1_i1::g.24429::m.24429	68.553	318	99	1	29	345	2	319	1.11e-164	462
Luaphula	CP@TRINITY_DN1537_c0_g1::CP@TRINITY_DN1537_c0_g1_i18::g.41116::m.41116	52.439	246	106	5	107	341	240	485	5.47e-74	237
Luaphula	CP@TRINITY_DN1537_c0_g1::CP@TRINITY_DN1537_c0_g1_i11::g.41111::m.41111	63.190	163	59	1	107	268	240	402	1.48e-61	202
Hetepall	CP@TRINITY_DN7650_c0_g1::CP@TRINITY_DN7650_c0_g1_i1::g.24429::m.24429	67.601	321	101	2	37	354	2	322	2.78e-162	457
Hetepall	CP@TRINITY_DN1537_c0_g1::CP@TRINITY_DN1537_c0_g1_i18::g.41116::m.41116	51.240	242	106	3	115	344	240	481	2.32e-72	233
Hetepall	CP@TRINITY_DN1537_c0_g1::CP@TRINITY_DN1537_c0_g1_i11::g.41111::m.41111	58.282	163	66	1	115	275	240	402	1.11e-56	189
Echibisp	CP@TRINITY_DN7650_c0_g1::CP@TRINITY_DN7650_c0_g1_i1::g.24429::m.24429	71.898	274	76	1	37	309	2	275	6.73e-146	414
Echibisp	CP@TRINITY_DN1537_c0_g1::CP@TRINITY_DN1537_c0_g1_i18::g.41116::m.41116	56.585	205	79	3	115	309	240	444	1.36e-69	224
Echibisp	CP@TRINITY_DN1537_c0_g1::CP@TRINITY_DN1537_c0_g1_i11::g.41111::m.41111	62.577	163	60	1	115	276	240	402	4.42e-65	210
Sapppeda	CP@TRINITY_DN7650_c0_g1::CP@TRINITY_DN7650_c0_g1_i1::g.24429::m.24429	67.097	310	101	1	52	361	2	310	2.00e-154	437
Sapppeda	CP@TRINITY_DN1537_c0_g1::CP@TRINITY_DN1537_c0_g1_i18::g.41116::m.41116	51.230	244	109	2	131	364	240	483	3.34e-76	243
Sapppeda	CP@TRINITY_DN1537_c0_g1::CP@TRINITY_DN1537_c0_g1_i11::g.41111::m.41111	60.123	163	65	0	131	293	240	402	6.14e-62	203
Stensten	CP@TRINITY_DN7650_c0_g1::CP@TRINITY_DN7650_c0_g1_i1::g.24429::m.24429	72.816	309	83	1	51	358	2	310	1.82e-168	473
Stensten	CP@TRINITY_DN1537_c0_g1::CP@TRINITY_DN1537_c0_g1_i18::g.41116::m.41116	52.675	243	104	4	129	360	240	482	3.74e-77	246
Stensten	CP@TRINITY_DN1537_c0_g1::CP@TRINITY_DN1537_c0_g1_i11::g.41111::m.41111	59.509	163	65	1	129	290	240	402	1.74e-60	200
Sapochin	CP@TRINITY_DN7650_c0_g1::CP@TRINITY_DN7650_c0_g1_i1::g.24429::m.24429	65.484	310	103	3	52	358	2	310	2.02e-144	412
Sapochin	CP@TRINITY_DN1537_c0_g1::CP@TRINITY_DN1537_c0_g1_i18::g.41116::m.41116	50.000	242	109	2	130	359	240	481	6.24e-70	227
Sapochin	CP@TRINITY_DN1537_c0_g1::CP@TRINITY_DN1537_c0_g1_i11::g.41111::m.41111	60.736	163	63	1	130	291	240	402	2.20e-60	199
Squajapo	CP@TRINITY_DN7650_c0_g1::CP@TRINITY_DN7650_c0_g1_i1::g.24429::m.24429	70.227	309	91	1	59	366	1	309	4.10e-162	457
Squajapo	CP@TRINITY_DN1537_c0_g1::CP@TRINITY_DN1537_c0_g1_i18::g.41116::m.41116	56.017	241	95	4	138	367	240	480	4.22e-80	254
Squajapo	CP@TRINITY_DN1537_c0_g1::CP@TRINITY_DN1537_c0_g1_i11::g.41111::m.41111	64.417	163	57	1	138	299	240	402	4.84e-65	212
Armalang	CP@TRINITY_DN7650_c0_g1::CP@TRINITY_DN7650_c0_g1_i1::g.24429::m.24429	72.727	308	83	1	42	348	2	309	1.61e-165	465
Armalang	CP@TRINITY_DN1537_c0_g1::CP@TRINITY_DN1537_c0_g1_i18::g.41116::m.41116	54.237	236	97	5	120	344	240	475	4.03e-76	243
Armalang	CP@TRINITY_DN1537_c0_g1::CP@TRINITY_DN1537_c0_g1_i11::g.41111::m.41111	60.736	163	63	1	120	281	240	402	3.75e-61	201
Paralevi	CP@TRINITY_DN7650_c0_g1::CP@TRINITY_DN7650_c0_g1_i1::g.24429::m.24429	70.096	311	89	2	83	392	2	309	7.71e-159	450
Paralevi	CP@TRINITY_DN1537_c0_g1::CP@TRINITY_DN1537_c0_g1_i18::g.41116::m.41116	49.794	243	108	6	161	392	240	479	7.26e-67	221
Paralevi	CP@TRINITY_DN1537_c0_g1::CP@TRINITY_DN1537_c0_g1_i11::g.41111::m.41111	55.422	166	70	2	161	325	240	402	8.77e-53	181
Cuneruss	CP@TRINITY_DN7650_c0_g1::CP@TRINITY_DN7650_c0_g1_i1::g.24429::m.24429	66.238	311	103	1	39	347	2	312	8.54e-156	440
Cuneruss	CP@TRINITY_DN1537_c0_g1::CP@TRINITY_DN1537_c0_g1_i18::g.41116::m.41116	50.413	242	108	5	117	346	240	481	1.87e-68	223
Cuneruss	CP@TRINITY_DN1537_c0_g1::CP@TRINITY_DN1537_c0_g1_i11::g.41111::m.41111	60.736	163	62	1	117	277	240	402	1.16e-58	194
Veximinu	CP@TRINITY_DN7650_c0_g1::CP@TRINITY_DN7650_c0_g1_i1::g.24429::m.24429	65.495	313	106	1	84	394	1	313	6.65e-151	430
Veximinu	CP@TRINITY_DN1537_c0_g1::CP@TRINITY_DN1537_c0_g1_i18::g.41116::m.41116	52.500	240	102	5	163	390	240	479	9.10e-73	236
Veximinu	CP@TRINITY_DN1537_c0_g1::CP@TRINITY_DN1537_c0_g1_i11::g.41111::m.41111	59.509	163	64	1	163	323	240	402	1.29e-57	193
Diphrota	CP@TRINITY_DN7650_c0_g1::CP@TRINITY_DN7650_c0_g1_i1::g.24429::m.24429	72.381	315	86	1	41	354	2	316	4.24e-166	467
Diphrota	CP@TRINITY_DN1537_c0_g1::CP@TRINITY_DN1537_c0_g1_i18::g.41116::m.41116	51.250	240	106	4	119	347	240	479	9.66e-70	226
Diphrota	CP@TRINITY_DN1537_c0_g1::CP@TRINITY_DN1537_c0_g1_i11::g.41111::m.41111	59.509	163	65	1	119	280	240	402	5.02e-58	193
Rigiramo	CP@TRINITY_DN7650_c0_g1::CP@TRINITY_DN7650_c0_g1_i1::g.24429::m.24429	70.219	319	93	2	56	372	2	320	3.98e-165	465
Rigiramo	CP@TRINITY_DN1537_c0_g1::CP@TRINITY_DN1537_c0_g1_i18::g.41116::m.41116	51.695	236	103	3	134	358	240	475	4.01e-75	241
Rigiramo	CP@TRINITY_DN1537_c0_g1::CP@TRINITY_DN1537_c0_g1_i11::g.41111::m.41111	60.736	163	63	1	134	295	240	402	3.62e-62	204
Mancberm	CP@TRINITY_DN7650_c0_g1::CP@TRINITY_DN7650_c0_g1_i1::g.24429::m.24429	69.970	333	99	1	46	378	1	332	5.17e-170	478
Mancberm	CP@TRINITY_DN1537_c0_g1::CP@TRINITY_DN1537_c0_g1_i18::g.41116::m.41116	51.250	240	107	3	125	354	240	479	2.56e-73	236
Mancberm	CP@TRINITY_DN1537_c0_g1::CP@TRINITY_DN1537_c0_g1_i11::g.41111::m.41111	58.896	163	67	0	125	287	240	402	1.07e-60	201
Sphaarct	CP@TRINITY_DN7650_c0_g1::CP@TRINITY_DN7650_c0_g1_i1::g.24429::m.24429	75.000	312	76	2	37	347	2	312	3.29e-175	489
Sphaarct	CP@TRINITY_DN1537_c0_g1::CP@TRINITY_DN1537_c0_g1_i18::g.41116::m.41116	57.959	245	83	4	115	344	240	479	2.22e-84	264
Sphaarct	CP@TRINITY_DN1537_c0_g1::CP@TRINITY_DN1537_c0_g1_i11::g.41111::m.41111	68.098	163	51	1	115	276	240	402	1.61e-70	225
Amoepara	CP@TRINITY_DN7650_c0_g1::CP@TRINITY_DN7650_c0_g1_i1::g.24429::m.24429	76.206	311	73	1	42	351	2	312	1.05e-177	496
Amoepara	CP@TRINITY_DN1537_c0_g1::CP@TRINITY_DN1537_c0_g1_i18::g.41116::m.41116	54.918	244	91	4	120	348	240	479	2.57e-79	251
Amoepara	CP@TRINITY_DN1537_c0_g1::CP@TRINITY_DN1537_c0_g1_i11::g.41111::m.41111	65.031	163	56	1	120	281	240	402	4.40e-66	214
Minivibr	CP@TRINITY_DN7650_c0_g1::CP@TRINITY_DN7650_c0_g1_i1::g.24429::m.24429	73.312	311	80	2	44	353	2	310	3.89e-170	478
Minivibr	CP@TRINITY_DN1537_c0_g1::CP@TRINITY_DN1537_c0_g1_i18::g.41116::m.41116	52.083	240	106	3	122	352	240	479	9.41e-76	243
Minivibr	CP@TRINITY_DN1537_c0_g1::CP@TRINITY_DN1537_c0_g1_i11::g.41111::m.41111	61.963	163	61	1	122	283	240	402	6.85e-61	201
Fontalba	CP@TRINITY_DN7650_c0_g1::CP@TRINITY_DN7650_c0_g1_i1::g.24429::m.24429	72.581	248	67	1	48	294	1	248	5.14e-130	380
Fontalba	CP@TRINITY_DN1537_c0_g1::CP@TRINITY_DN1537_c0_g1_i11::g.41111::m.41111	63.190	163	59	1	127	288	240	402	2.28e-63	211
Fontalba	CP@TRINITY_DN1537_c0_g1::CP@TRINITY_DN1537_c0_g1_i18::g.41116::m.41116	62.805	164	60	1	127	289	240	403	1.66e-62	212
Amphquee	CP@TRINITY_DN7650_c0_g1::CP@TRINITY_DN7650_c0_g1_i1::g.24429::m.24429	68.944	322	98	1	72	391	2	323	4.09e-166	468
Amphquee	CP@TRINITY_DN1537_c0_g1::CP@TRINITY_DN1537_c0_g1_i18::g.41116::m.41116	50.833	240	106	2	150	377	240	479	4.20e-75	242
Amphquee	CP@TRINITY_DN1537_c0_g1::CP@TRINITY_DN1537_c0_g1_i11::g.41111::m.41111	57.669	163	69	0	150	312	240	402	3.46e-57	192
Caeneleg	CP@TRINITY_DN7650_c0_g1::CP@TRINITY_DN7650_c0_g1_i1::g.24429::m.24429	48.875	311	155	3	26	332	2	312	2.32e-107	317
Caeneleg	CP@TRINITY_DN1537_c0_g1::CP@TRINITY_DN1537_c0_g1_i18::g.41116::m.41116	41.803	244	129	4	99	329	236	479	8.06e-52	179
Caeneleg	CP@TRINITY_DN1537_c0_g1::CP@TRINITY_DN1537_c0_g1_i11::g.41111::m.41111	48.503	167	85	1	99	264	236	402	3.81e-43	153
Rhizelon	CP@TRINITY_DN7650_c0_g1::CP@TRINITY_DN7650_c0_g1_i1::g.24429::m.24429	37.261	314	184	6	14	321	4	310	1.01e-58	192
Coprcine	CP@TRINITY_DN7650_c0_g1::CP@TRINITY_DN7650_c0_g1_i1::g.24429::m.24429	42.562	242	130	4	29	263	2	241	5.37e-59	194
Mnemleid	CP@TRINITY_DN7650_c0_g1::CP@TRINITY_DN7650_c0_g1_i1::g.24429::m.24429	46.395	319	159	7	50	365	2	311	3.66e-94	284
Mnemleid	CP@TRINITY_DN1537_c0_g1::CP@TRINITY_DN1537_c0_g1_i18::g.41116::m.41116	37.860	243	138	4	132	363	239	479	1.73e-44	160
Aplycali	CP@TRINITY_DN7650_c0_g1::CP@TRINITY_DN7650_c0_g1_i1::g.24429::m.24429	69.605	329	93	3	37	363	1	324	2.61e-166	469
Aplycali	CP@TRINITY_DN1537_c0_g1::CP@TRINITY_DN1537_c0_g1_i18::g.41116::m.41116	48.339	271	126	6	116	380	240	502	4.21e-75	242
Aplycali	CP@TRINITY_DN1537_c0_g1::CP@TRINITY_DN1537_c0_g1_i11::g.41111::m.41111	60.736	163	63	1	116	277	240	402	1.84e-62	206
Masteilh	CP@TRINITY_DN7650_c0_g1::CP@TRINITY_DN7650_c0_g1_i1::g.24429::m.24429	49.679	312	150	2	121	425	1	312	3.71e-107	320
Masteilh	CP@TRINITY_DN1537_c0_g1::CP@TRINITY_DN1537_c0_g1_i18::g.41116::m.41116	38.589	241	131	5	200	423	240	480	4.18e-48	171
Taensoli	CP@TRINITY_DN7650_c0_g1::CP@TRINITY_DN7650_c0_g1_i1::g.24429::m.24429	53.274	336	148	2	9	344	1	327	8.15e-127	367
Taensoli	CP@TRINITY_DN1537_c0_g1::CP@TRINITY_DN1537_c0_g1_i18::g.41116::m.41116	43.775	249	122	6	88	326	240	480	1.34e-56	192
Taensoli	CP@TRINITY_DN1537_c0_g1::CP@TRINITY_DN1537_c0_g1_i11::g.41111::m.41111	51.176	170	75	2	88	257	240	401	7.65e-48	167
Schimans	CP@TRINITY_DN7650_c0_g1::CP@TRINITY_DN7650_c0_g1_i1::g.24429::m.24429	56.757	333	139	2	61	393	1	328	7.98e-127	372
Schimans	CP@TRINITY_DN1537_c0_g1::CP@TRINITY_DN1537_c0_g1_i18::g.41116::m.41116	43.033	244	125	4	140	373	240	479	1.51e-54	190
Schimans	CP@TRINITY_DN1537_c0_g1::CP@TRINITY_DN1537_c0_g1_i11::g.41111::m.41111	51.205	166	77	2	140	305	240	401	3.10e-47	168
Tricadha	CP@TRINITY_DN7650_c0_g1::CP@TRINITY_DN7650_c0_g1_i1::g.24429::m.24429	70.227	309	86	2	47	349	3	311	3.49e-159	450
Tricadha	CP@TRINITY_DN1537_c0_g1::CP@TRINITY_DN1537_c0_g1_i18::g.41116::m.41116	49.569	232	106	3	127	347	248	479	6.19e-69	225
Tricadha	CP@TRINITY_DN1537_c0_g1::CP@TRINITY_DN1537_c0_g1_i11::g.41111::m.41111	58.065	155	64	1	127	280	248	402	1.15e-54	185
Gallgall	CP@TRINITY_DN7650_c0_g1::CP@TRINITY_DN7650_c0_g1_i1::g.24429::m.24429	76.923	312	71	1	217	527	2	313	0.0	512
Gallgall	CP@TRINITY_DN1537_c0_g1::CP@TRINITY_DN1537_c0_g1_i18::g.41116::m.41116	52.049	244	106	4	291	523	236	479	8.39e-77	251
Gallgall	CP@TRINITY_DN1537_c0_g1::CP@TRINITY_DN1537_c0_g1_i11::g.41111::m.41111	61.677	167	63	1	291	456	236	402	1.24e-64	216
Branflor	CP@TRINITY_DN7650_c0_g1::CP@TRINITY_DN7650_c0_g1_i1::g.24429::m.24429	70.405	321	64	4	1	319	26	317	9.37e-160	450
Branflor	CP@TRINITY_DN1537_c0_g1::CP@TRINITY_DN1537_c0_g1_i18::g.41116::m.41116	49.606	254	102	5	70	311	240	479	8.12e-74	236
Branflor	CP@TRINITY_DN1537_c0_g1::CP@TRINITY_DN1537_c0_g1_i11::g.41111::m.41111	57.062	177	61	2	70	245	240	402	4.12e-60	198
Apismell	CP@TRINITY_DN7650_c0_g1::CP@TRINITY_DN7650_c0_g1_i1::g.24429::m.24429	79.487	312	63	1	45	355	1	312	0.0	518
Apismell	CP@TRINITY_DN1537_c0_g1::CP@TRINITY_DN1537_c0_g1_i18::g.41116::m.41116	53.279	244	95	4	124	352	240	479	2.41e-76	245
Apismell	CP@TRINITY_DN1537_c0_g1::CP@TRINITY_DN1537_c0_g1_i11::g.41111::m.41111	61.963	163	61	1	124	285	240	402	2.33e-62	206
Drosmela	CP@TRINITY_DN7650_c0_g1::CP@TRINITY_DN7650_c0_g1_i1::g.24429::m.24429	75.962	312	70	2	40	346	2	313	1.12e-175	492
Drosmela	CP@TRINITY_DN1537_c0_g1::CP@TRINITY_DN1537_c0_g1_i18::g.41116::m.41116	52.083	240	100	3	118	342	240	479	9.31e-73	235
Drosmela	CP@TRINITY_DN1537_c0_g1::CP@TRINITY_DN1537_c0_g1_i11::g.41111::m.41111	59.877	162	64	1	118	278	240	401	2.27e-57	192
Spizpunc	CP@TRINITY_DN7650_c0_g1::CP@TRINITY_DN7650_c0_g1_i1::g.24429::m.24429	65.976	338	104	3	43	377	1	330	5.60e-161	455
Spizpunc	CP@TRINITY_DN1537_c0_g1::CP@TRINITY_DN1537_c0_g1_i18::g.41116::m.41116	56.780	236	99	3	120	352	240	475	1.69e-82	261
Spizpunc	CP@TRINITY_DN1537_c0_g1::CP@TRINITY_DN1537_c0_g1_i11::g.41111::m.41111	66.258	163	54	1	120	281	240	402	2.07e-67	219
Neurcras	CP@TRINITY_DN7650_c0_g1::CP@TRINITY_DN7650_c0_g1_i1::g.24429::m.24429	47.714	350	159	5	68	413	2	331	4.80e-102	306
Neurcras	CP@TRINITY_DN1537_c0_g1::CP@TRINITY_DN1537_c0_g1_i11::g.41111::m.41111	49.693	163	81	1	147	308	240	402	2.77e-47	167
Neurcras	CP@TRINITY_DN1537_c0_g1::CP@TRINITY_DN1537_c0_g1_i18::g.41116::m.41116	50.000	164	81	1	147	309	240	403	3.88e-47	169
Aspefumi	CP@TRINITY_DN7650_c0_g1::CP@TRINITY_DN7650_c0_g1_i1::g.24429::m.24429	52.050	317	134	5	25	332	2	309	2.56e-111	328
Aspefumi	CP@TRINITY_DN1537_c0_g1::CP@TRINITY_DN1537_c0_g1_i18::g.41116::m.41116	40.377	265	142	4	98	347	237	500	9.00e-56	190
Aspefumi	CP@TRINITY_DN1537_c0_g1::CP@TRINITY_DN1537_c0_g1_i11::g.41111::m.41111	49.697	165	82	1	98	261	237	401	3.54e-47	165
Schizpom	CP@TRINITY_DN7650_c0_g1::CP@TRINITY_DN7650_c0_g1_i1::g.24429::m.24429	63.782	312	107	3	5	313	4	312	1.54e-143	408
Schizpom	CP@TRINITY_DN1537_c0_g1::CP@TRINITY_DN1537_c0_g1_i18::g.41116::m.41116	50.622	241	111	4	79	311	240	480	7.02e-75	238
Schizpom	CP@TRINITY_DN1537_c0_g1::CP@TRINITY_DN1537_c0_g1_i11::g.41111::m.41111	58.896	163	66	1	79	240	240	402	8.44e-61	199
Debahans	CP@TRINITY_DN7650_c0_g1::CP@TRINITY_DN7650_c0_g1_i1::g.24429::m.24429	47.095	327	155	6	16	337	5	318	1.04e-99	298
Debahans	CP@TRINITY_DN1537_c0_g1::CP@TRINITY_DN1537_c0_g1_i18::g.41116::m.41116	45.455	242	120	3	89	324	240	475	1.64e-63	209
Debahans	CP@TRINITY_DN1537_c0_g1::CP@TRINITY_DN1537_c0_g1_i11::g.41111::m.41111	54.545	165	74	1	86	249	237	401	8.45e-55	184
Salprose	CP@TRINITY_DN7650_c0_g1::CP@TRINITY_DN7650_c0_g1_i1::g.24429::m.24429	39.759	332	186	5	37	358	2	329	5.08e-76	238
Rhizdele	CP@TRINITY_DN7650_c0_g1::CP@TRINITY_DN7650_c0_g1_i1::g.24429::m.24429	55.442	294	96	4	17	308	13	273	1.34e-107	317
Rhizdele	CP@TRINITY_DN1537_c0_g1::CP@TRINITY_DN1537_c0_g1_i18::g.41116::m.41116	48.879	223	90	3	84	305	240	439	3.48e-61	202
Rhizdele	CP@TRINITY_DN1537_c0_g1::CP@TRINITY_DN1537_c0_g1_i11::g.41111::m.41111	55.172	174	75	2	73	245	231	402	3.80e-59	195
Blasbrit	CP@TRINITY_DN7650_c0_g1::CP@TRINITY_DN7650_c0_g1_i1::g.24429::m.24429	52.909	361	127	7	6	363	1	321	3.93e-119	349
Blasbrit	CP@TRINITY_DN1537_c0_g1::CP@TRINITY_DN1537_c0_g1_i18::g.41116::m.41116	51.493	268	108	3	89	355	237	483	3.85e-82	259
Blasbrit	CP@TRINITY_DN1537_c0_g1::CP@TRINITY_DN1537_c0_g1_i11::g.41111::m.41111	66.061	165	56	0	89	253	237	401	1.66e-70	226
Allomacr	CP@TRINITY_DN7650_c0_g1::CP@TRINITY_DN7650_c0_g1_i1::g.24429::m.24429	59.062	320	117	6	48	364	3	311	3.87e-126	365
Allomacr	CP@TRINITY_DN1537_c0_g1::CP@TRINITY_DN1537_c0_g1_i18::g.41116::m.41116	56.356	236	94	3	132	358	240	475	4.16e-81	256
Allomacr	CP@TRINITY_DN1537_c0_g1::CP@TRINITY_DN1537_c0_g1_i11::g.41111::m.41111	67.284	162	53	0	132	293	240	401	1.73e-69	223
