Thalpseu	CP@TRINITY_DN3481_c0_g3::CP@TRINITY_DN3481_c0_g3_i1::g.68177::m.68177	42.440	377	213	3	294	668	1	375	1.93e-102	318
Thalpseu	CP@TRINITY_DN3481_c0_g3::CP@TRINITY_DN3481_c0_g3_i3::g.68182::m.68182	49.756	205	87	4	131	334	1	190	2.68e-59	197
ChrysoH1	CP@TRINITY_DN3481_c0_g3::CP@TRINITY_DN3481_c0_g3_i1::g.68177::m.68177	35.450	378	162	5	248	543	1	378	6.46e-67	223
ChrysoH1	CP@TRINITY_DN3481_c0_g3::CP@TRINITY_DN3481_c0_g3_i3::g.68182::m.68182	48.901	182	84	3	104	278	1	180	1.74e-57	191
EctocSP7	CP@TRINITY_DN3481_c0_g3::CP@TRINITY_DN3481_c0_g3_i1::g.68177::m.68177	42.416	389	212	4	753	1140	1	378	7.96e-96	311
EctocSP7	CP@TRINITY_DN3481_c0_g3::CP@TRINITY_DN3481_c0_g3_i3::g.68182::m.68182	49.268	205	80	5	598	793	1	190	1.45e-53	185
Phytpara	CP@TRINITY_DN3481_c0_g3::CP@TRINITY_DN3481_c0_g3_i1::g.68177::m.68177	45.736	387	202	4	287	672	1	380	1.02e-106	329
Phytpara	CP@TRINITY_DN3481_c0_g3::CP@TRINITY_DN3481_c0_g3_i3::g.68182::m.68182	49.010	202	88	3	123	324	1	187	6.98e-56	188
MAST003F	CP@TRINITY_DN3481_c0_g3::CP@TRINITY_DN3481_c0_g3_i3::g.68182::m.68182	48.889	180	88	1	112	291	13	188	8.96e-55	177
MAST004C	CP@TRINITY_DN3481_c0_g3::CP@TRINITY_DN3481_c0_g3_i1::g.68177::m.68177	38.601	386	130	7	253	539	2	379	3.78e-73	239
MAST004C	CP@TRINITY_DN3481_c0_g3::CP@TRINITY_DN3481_c0_g3_i3::g.68182::m.68182	50.847	177	84	2	106	279	1	177	2.04e-52	177
MAST004E	CP@TRINITY_DN3481_c0_g3::CP@TRINITY_DN3481_c0_g3_i3::g.68182::m.68182	50.314	159	63	3	111	253	19	177	2.18e-43	153
BicoCB20	CP@TRINITY_DN3481_c0_g3::CP@TRINITY_DN3481_c0_g3_i1::g.68177::m.68177	39.948	388	224	5	297	682	1	381	6.06e-90	286
BicoCB20	CP@TRINITY_DN3481_c0_g3::CP@TRINITY_DN3481_c0_g3_i3::g.68182::m.68182	52.475	202	82	2	134	335	1	188	6.51e-64	210
Thectrah	CP@TRINITY_DN3481_c0_g3::CP@TRINITY_DN3481_c0_g3_i1::g.68177::m.68177	41.316	380	219	2	281	659	2	378	2.59e-98	307
Thectrah	CP@TRINITY_DN3481_c0_g3::CP@TRINITY_DN3481_c0_g3_i3::g.68182::m.68182	50.777	193	82	1	118	310	1	180	4.51e-59	197
Paulchro	CP@TRINITY_DN3481_c0_g3::CP@TRINITY_DN3481_c0_g3_i1::g.68177::m.68177	42.010	388	208	6	286	666	1	378	3.75e-95	299
Paulchro	CP@TRINITY_DN3481_c0_g3::CP@TRINITY_DN3481_c0_g3_i3::g.68182::m.68182	49.754	203	86	2	121	323	1	187	7.54e-63	207
Goniavon	CP@TRINITY_DN3481_c0_g3::CP@TRINITY_DN3481_c0_g3_i1::g.68177::m.68177	45.312	384	203	4	294	676	1	378	1.33e-105	327
Goniavon	CP@TRINITY_DN3481_c0_g3::CP@TRINITY_DN3481_c0_g3_i3::g.68182::m.68182	54.680	203	79	2	132	334	1	190	1.20e-67	220
Sori0191	CP@TRINITY_DN3481_c0_g3::CP@TRINITY_DN3481_c0_g3_i3::g.68182::m.68182	50.000	174	70	2	41	214	1	157	8.85e-50	160
Ammo1384	CP@TRINITY_DN3481_c0_g3::CP@TRINITY_DN3481_c0_g3_i3::g.68182::m.68182	46.569	204	90	4	275	478	1	185	7.85e-54	181
Retifilo	CP@TRINITY_DN3481_c0_g3::CP@TRINITY_DN3481_c0_g3_i1::g.68177::m.68177	37.143	350	195	8	549	879	1	344	4.88e-57	201
Retifilo	CP@TRINITY_DN3481_c0_g3::CP@TRINITY_DN3481_c0_g3_i3::g.68182::m.68182	42.381	210	92	3	391	591	1	190	2.89e-45	161
Lapoguse	CP@TRINITY_DN3481_c0_g3::CP@TRINITY_DN3481_c0_g3_i1::g.68177::m.68177	47.342	395	204	1	382	776	1	391	5.23e-117	358
Lapoguse	CP@TRINITY_DN3481_c0_g3::CP@TRINITY_DN3481_c0_g3_i3::g.68182::m.68182	50.980	204	86	2	219	422	1	190	5.88e-59	198
Plasbras	CP@TRINITY_DN3481_c0_g3::CP@TRINITY_DN3481_c0_g3_i1::g.68177::m.68177	42.569	397	217	4	283	678	1	387	1.14e-101	316
Plasbras	CP@TRINITY_DN3481_c0_g3::CP@TRINITY_DN3481_c0_g3_i3::g.68182::m.68182	48.259	201	90	1	120	320	1	187	2.09e-56	190
Leptvora	CP@TRINITY_DN3481_c0_g3::CP@TRINITY_DN3481_c0_g3_i1::g.68177::m.68177	44.444	396	213	3	312	707	1	389	2.61e-109	338
Leptvora	CP@TRINITY_DN3481_c0_g3::CP@TRINITY_DN3481_c0_g3_i3::g.68182::m.68182	47.059	204	93	2	150	352	1	190	1.84e-55	188
Bigenata	CP@TRINITY_DN3481_c0_g3::CP@TRINITY_DN3481_c0_g3_i1::g.68177::m.68177	41.071	392	224	5	238	627	1	387	2.95e-93	293
Bigenata	CP@TRINITY_DN3481_c0_g3::CP@TRINITY_DN3481_c0_g3_i3::g.68182::m.68182	48.039	204	92	2	75	278	1	190	1.13e-56	189
Aurisoli	CP@TRINITY_DN3481_c0_g3::CP@TRINITY_DN3481_c0_g3_i1::g.68177::m.68177	45.953	383	199	5	293	674	1	376	8.44e-107	330
Aurisoli	CP@TRINITY_DN3481_c0_g3::CP@TRINITY_DN3481_c0_g3_i3::g.68182::m.68182	51.942	206	83	3	128	333	1	190	9.78e-64	209
Alphedax	CP@TRINITY_DN3481_c0_g3::CP@TRINITY_DN3481_c0_g3_i1::g.68177::m.68177	42.929	396	220	2	347	742	1	390	1.80e-103	322
Alphedax	CP@TRINITY_DN3481_c0_g3::CP@TRINITY_DN3481_c0_g3_i3::g.68182::m.68182	51.961	204	83	3	185	387	1	190	4.61e-60	201
Vitrbras	CP@TRINITY_DN3481_c0_g3::CP@TRINITY_DN3481_c0_g3_i1::g.68177::m.68177	44.584	397	212	4	287	682	1	390	5.97e-107	330
Vitrbras	CP@TRINITY_DN3481_c0_g3::CP@TRINITY_DN3481_c0_g3_i3::g.68182::m.68182	51.724	203	84	3	126	327	1	190	6.56e-61	202
Vitrbras	CP@TRINITY_DN16261_c0_g2::CP@TRINITY_DN16261_c0_g2_i1::g.43725::m.43725	53.077	130	60	1	553	681	5	134	4.71e-42	151
Colpangu	CP@TRINITY_DN3481_c0_g3::CP@TRINITY_DN3481_c0_g3_i1::g.68177::m.68177	41.282	390	214	2	245	634	1	375	5.86e-97	303
Colpangu	CP@TRINITY_DN3481_c0_g3::CP@TRINITY_DN3481_c0_g3_i3::g.68182::m.68182	50.249	201	87	1	83	283	1	188	2.11e-59	197
Plasfalc	CP@TRINITY_DN3481_c0_g3::CP@TRINITY_DN3481_c0_g3_i1::g.68177::m.68177	40.500	400	225	2	486	885	2	388	2.75e-96	307
Stencoer	CP@TRINITY_DN3481_c0_g3::CP@TRINITY_DN3481_c0_g3_i1::g.68177::m.68177	41.470	381	218	3	235	614	2	378	4.73e-93	292
Stencoer	CP@TRINITY_DN3481_c0_g3::CP@TRINITY_DN3481_c0_g3_i3::g.68182::m.68182	52.577	194	77	4	72	264	1	180	3.07e-57	191
Tricvagi	CP@TRINITY_DN3481_c0_g3::CP@TRINITY_DN3481_c0_g3_i3::g.68182::m.68182	44.828	203	96	4	60	261	1	188	6.78e-51	172
Gregniph	CP@TRINITY_DN3481_c0_g3::CP@TRINITY_DN3481_c0_g3_i1::g.68177::m.68177	42.119	387	209	8	273	654	2	378	5.23e-88	280
Tetrther	CP@TRINITY_DN3481_c0_g3::CP@TRINITY_DN3481_c0_g3_i1::g.68177::m.68177	38.265	392	233	2	239	628	2	386	2.36e-89	283
Tetrther	CP@TRINITY_DN3481_c0_g3::CP@TRINITY_DN3481_c0_g3_i3::g.68182::m.68182	53.234	201	80	2	75	275	1	187	5.56e-63	206
Paratetr	CP@TRINITY_DN3481_c0_g3::CP@TRINITY_DN3481_c0_g3_i1::g.68177::m.68177	38.071	394	236	6	247	637	1	389	2.07e-83	267
Paratetr	CP@TRINITY_DN3481_c0_g3::CP@TRINITY_DN3481_c0_g3_i3::g.68182::m.68182	51.323	189	76	2	82	270	1	173	7.00e-56	187
Stroincl	CP@TRINITY_DN3481_c0_g3::CP@TRINITY_DN3481_c0_g3_i1::g.68177::m.68177	39.104	335	201	1	3	337	58	389	1.98e-84	260
Styllemn	CP@TRINITY_DN3481_c0_g3::CP@TRINITY_DN3481_c0_g3_i1::g.68177::m.68177	41.131	389	225	3	235	623	2	386	2.81e-98	306
Styllemn	CP@TRINITY_DN3481_c0_g3::CP@TRINITY_DN3481_c0_g3_i3::g.68182::m.68182	50.000	206	82	2	70	272	1	188	4.53e-61	201
Platmacr	CP@TRINITY_DN3481_c0_g3::CP@TRINITY_DN3481_c0_g3_i1::g.68177::m.68177	39.766	342	199	4	17	356	53	389	1.03e-77	244
Protadhe	CP@TRINITY_DN3481_c0_g3::CP@TRINITY_DN3481_c0_g3_i3::g.68182::m.68182	51.777	197	80	3	4	200	9	190	6.19e-62	199
Protadhe	CP@TRINITY_DN3481_c0_g3::CP@TRINITY_DN3481_c0_g3_i1::g.68177::m.68177	38.577	267	160	3	160	426	1	263	7.48e-60	200
Arabthal	CP@TRINITY_DN3481_c0_g3::CP@TRINITY_DN3481_c0_g3_i1::g.68177::m.68177	42.784	388	209	4	336	718	2	381	1.67e-103	322
Arabthal	CP@TRINITY_DN3481_c0_g3::CP@TRINITY_DN3481_c0_g3_i3::g.68182::m.68182	49.756	205	88	1	171	375	1	190	1.31e-63	210
Pyrapark	CP@TRINITY_DN3481_c0_g3::CP@TRINITY_DN3481_c0_g3_i1::g.68177::m.68177	43.045	381	212	3	315	694	1	377	2.73e-102	318
Pyrapark	CP@TRINITY_DN3481_c0_g3::CP@TRINITY_DN3481_c0_g3_i3::g.68182::m.68182	48.768	203	91	1	153	355	1	190	4.67e-61	203
Prascaps	CP@TRINITY_DN3481_c0_g3::CP@TRINITY_DN3481_c0_g3_i1::g.68177::m.68177	41.470	381	219	2	312	691	1	378	1.89e-98	308
Prascaps	CP@TRINITY_DN3481_c0_g3::CP@TRINITY_DN3481_c0_g3_i3::g.68182::m.68182	50.769	195	82	2	149	343	1	181	5.14e-62	205
Dunasali	CP@TRINITY_DN3481_c0_g3::CP@TRINITY_DN3481_c0_g3_i1::g.68177::m.68177	42.257	381	217	1	290	670	1	378	3.15e-103	320
Dunasali	CP@TRINITY_DN3481_c0_g3::CP@TRINITY_DN3481_c0_g3_i3::g.68182::m.68182	51.031	194	81	2	127	320	1	180	8.77e-61	202
Chlarein	CP@TRINITY_DN3481_c0_g3::CP@TRINITY_DN3481_c0_g3_i1::g.68177::m.68177	41.775	383	218	2	299	681	1	378	2.76e-101	315
Chlarein	CP@TRINITY_DN3481_c0_g3::CP@TRINITY_DN3481_c0_g3_i3::g.68182::m.68182	48.544	206	90	2	134	339	1	190	1.91e-61	204
Chlovari	CP@TRINITY_DN3481_c0_g3::CP@TRINITY_DN3481_c0_g3_i1::g.68177::m.68177	39.535	387	225	2	297	683	1	378	3.28e-92	292
Chlovari	CP@TRINITY_DN3481_c0_g3::CP@TRINITY_DN3481_c0_g3_i3::g.68182::m.68182	49.515	206	88	2	132	337	1	190	9.33e-63	207
Tetrasti	CP@TRINITY_DN3481_c0_g3::CP@TRINITY_DN3481_c0_g3_i1::g.68177::m.68177	42.782	381	215	1	296	676	1	378	1.02e-102	319
Tetrasti	CP@TRINITY_DN3481_c0_g3::CP@TRINITY_DN3481_c0_g3_i3::g.68182::m.68182	47.716	197	86	2	130	326	1	180	1.22e-57	193
Prassing	CP@TRINITY_DN3481_c0_g3::CP@TRINITY_DN3481_c0_g3_i3::g.68182::m.68182	49.510	204	89	2	33	236	1	190	1.83e-65	201
Nephpyri	CP@TRINITY_DN3481_c0_g3::CP@TRINITY_DN3481_c0_g3_i1::g.68177::m.68177	42.708	384	214	2	295	678	1	378	1.38e-98	308
Nephpyri	CP@TRINITY_DN3481_c0_g3::CP@TRINITY_DN3481_c0_g3_i3::g.68182::m.68182	52.381	189	76	1	132	320	1	175	1.40e-61	204
Mesoviri	CP@TRINITY_DN3481_c0_g3::CP@TRINITY_DN3481_c0_g3_i1::g.68177::m.68177	42.820	383	213	2	299	680	1	378	2.56e-100	313
Mesoviri	CP@TRINITY_DN3481_c0_g3::CP@TRINITY_DN3481_c0_g3_i3::g.68182::m.68182	50.725	207	85	2	133	339	1	190	7.19e-63	207
Protfung	CP@TRINITY_DN3481_c0_g3::CP@TRINITY_DN3481_c0_g3_i1::g.68177::m.68177	42.564	390	205	7	283	664	1	379	3.88e-97	304
Protfung	CP@TRINITY_DN3481_c0_g3::CP@TRINITY_DN3481_c0_g3_i3::g.68182::m.68182	54.106	207	78	3	117	323	1	190	1.15e-66	217
Syssmult	CP@TRINITY_DN3481_c0_g3::CP@TRINITY_DN3481_c0_g3_i1::g.68177::m.68177	42.821	397	218	3	255	650	2	390	1.89e-108	333
Syssmult	CP@TRINITY_DN3481_c0_g3::CP@TRINITY_DN3481_c0_g3_i3::g.68182::m.68182	54.639	194	74	3	91	284	1	180	1.15e-68	222
Syssmult	CP@TRINITY_DN16261_c0_g2::CP@TRINITY_DN16261_c0_g2_i1::g.43725::m.43725	51.493	134	64	1	517	649	1	134	2.72e-41	149
Coralima	CP@TRINITY_DN3481_c0_g3::CP@TRINITY_DN3481_c0_g3_i1::g.68177::m.68177	44.416	394	214	3	323	715	1	390	5.56e-106	328
Coralima	CP@TRINITY_DN3481_c0_g3::CP@TRINITY_DN3481_c0_g3_i3::g.68182::m.68182	52.062	194	79	2	160	353	1	180	3.14e-65	214
Nemavect	CP@TRINITY_DN3481_c0_g3::CP@TRINITY_DN3481_c0_g3_i1::g.68177::m.68177	48.731	394	195	4	284	676	1	388	1.15e-121	368
Nemavect	CP@TRINITY_DN3481_c0_g3::CP@TRINITY_DN3481_c0_g3_i3::g.68182::m.68182	55.446	202	76	2	121	322	1	188	1.69e-69	224
Nemavect	CP@TRINITY_DN16261_c0_g2::CP@TRINITY_DN16261_c0_g2_i1::g.43725::m.43725	64.493	138	48	1	543	680	1	137	1.99e-56	190
Monobrev	CP@TRINITY_DN3481_c0_g3::CP@TRINITY_DN3481_c0_g3_i1::g.68177::m.68177	47.091	361	186	3	328	686	1	358	1.26e-105	332
Monobrev	CP@TRINITY_DN3481_c0_g3::CP@TRINITY_DN3481_c0_g3_i3::g.68182::m.68182	53.846	195	76	3	165	359	1	181	3.13e-61	206
Sphadest	CP@TRINITY_DN3481_c0_g3::CP@TRINITY_DN3481_c0_g3_i1::g.68177::m.68177	42.670	382	215	3	286	666	1	379	3.18e-109	335
Sphadest	CP@TRINITY_DN3481_c0_g3::CP@TRINITY_DN3481_c0_g3_i3::g.68182::m.68182	48.768	203	89	1	122	324	1	188	1.75e-65	214
Sphadest	CP@TRINITY_DN16261_c0_g2::CP@TRINITY_DN16261_c0_g2_i1::g.43725::m.43725	60.156	128	50	1	544	670	1	128	1.43e-43	155
Homosapi	CP@TRINITY_DN3481_c0_g3::CP@TRINITY_DN3481_c0_g3_i1::g.68177::m.68177	46.701	394	204	3	338	730	1	389	1.04e-119	364
Homosapi	CP@TRINITY_DN3481_c0_g3::CP@TRINITY_DN3481_c0_g3_i3::g.68182::m.68182	50.000	202	87	2	175	376	1	188	7.41e-62	205
Homosapi	CP@TRINITY_DN16261_c0_g2::CP@TRINITY_DN16261_c0_g2_i1::g.43725::m.43725	55.714	140	61	1	596	735	1	139	1.27e-53	183
Capsowcz	CP@TRINITY_DN3481_c0_g3::CP@TRINITY_DN3481_c0_g3_i1::g.68177::m.68177	41.109	433	210	6	283	714	1	389	4.14e-104	323
Capsowcz	CP@TRINITY_DN3481_c0_g3::CP@TRINITY_DN3481_c0_g3_i3::g.68182::m.68182	49.510	204	89	2	120	323	1	190	1.71e-63	209
Creofrag	CP@TRINITY_DN3481_c0_g3::CP@TRINITY_DN3481_c0_g3_i1::g.68177::m.68177	46.597	382	199	2	377	757	1	378	9.20e-113	347
Creofrag	CP@TRINITY_DN3481_c0_g3::CP@TRINITY_DN3481_c0_g3_i3::g.68182::m.68182	46.154	221	83	5	198	415	1	188	6.08e-55	187
Parvatla	CP@TRINITY_DN3481_c0_g3::CP@TRINITY_DN3481_c0_g3_i1::g.68177::m.68177	43.719	398	217	3	268	665	1	391	2.58e-106	328
Parvatla	CP@TRINITY_DN3481_c0_g3::CP@TRINITY_DN3481_c0_g3_i3::g.68182::m.68182	51.546	194	79	3	106	298	1	180	1.65e-59	198
Parasacc	CP@TRINITY_DN3481_c0_g3::CP@TRINITY_DN3481_c0_g3_i1::g.68177::m.68177	48.354	395	199	3	222	616	1	390	1.54e-122	368
Parasacc	CP@TRINITY_DN3481_c0_g3::CP@TRINITY_DN3481_c0_g3_i3::g.68182::m.68182	53.646	192	76	3	62	252	1	180	8.85e-62	203
Rozeallo	CP@TRINITY_DN3481_c0_g3::CP@TRINITY_DN3481_c0_g3_i1::g.68177::m.68177	51.538	390	180	2	303	683	1	390	1.13e-134	401
Rozeallo	CP@TRINITY_DN3481_c0_g3::CP@TRINITY_DN3481_c0_g3_i3::g.68182::m.68182	51.256	199	80	2	137	335	1	182	2.74e-65	214
Sacccere	CP@TRINITY_DN3481_c0_g3::CP@TRINITY_DN3481_c0_g3_i1::g.68177::m.68177	49.624	399	184	2	267	659	1	388	5.49e-133	396
Sacccere	CP@TRINITY_DN3481_c0_g3::CP@TRINITY_DN3481_c0_g3_i3::g.68182::m.68182	47.257	237	78	2	71	307	1	190	1.03e-66	217
Batrdend	CP@TRINITY_DN3481_c0_g3::CP@TRINITY_DN3481_c0_g3_i1::g.68177::m.68177	48.878	401	192	3	298	697	2	390	2.75e-131	393
Batrdend	CP@TRINITY_DN3481_c0_g3::CP@TRINITY_DN3481_c0_g3_i3::g.68182::m.68182	47.748	222	82	2	114	335	1	188	1.04e-65	215
Mitodaph	CP@TRINITY_DN3481_c0_g3::CP@TRINITY_DN3481_c0_g3_i1::g.68177::m.68177	43.921	403	202	6	207	609	1	379	1.73e-106	327
Mitodaph	CP@TRINITY_DN3481_c0_g3::CP@TRINITY_DN3481_c0_g3_i3::g.68182::m.68182	50.971	206	84	3	44	248	1	190	7.06e-61	201
Galdphle	CP@TRINITY_DN3481_c0_g3::CP@TRINITY_DN3481_c0_g3_i1::g.68177::m.68177	40.102	394	222	6	938	1321	1	390	4.10e-89	294
Galdphle	CP@TRINITY_DN3481_c0_g3::CP@TRINITY_DN3481_c0_g3_i3::g.68182::m.68182	48.039	204	90	3	775	976	1	190	9.29e-57	194
Gracchor	CP@TRINITY_DN3481_c0_g3::CP@TRINITY_DN3481_c0_g3_i1::g.68177::m.68177	40.000	395	226	5	299	692	1	385	6.47e-94	296
Gracchor	CP@TRINITY_DN3481_c0_g3::CP@TRINITY_DN3481_c0_g3_i3::g.68182::m.68182	46.798	203	95	2	137	339	1	190	1.50e-56	190
Porppurp	CP@TRINITY_DN3481_c0_g3::CP@TRINITY_DN3481_c0_g3_i1::g.68177::m.68177	38.442	385	234	3	402	784	2	385	6.37e-89	286
Porppurp	CP@TRINITY_DN3481_c0_g3::CP@TRINITY_DN3481_c0_g3_i3::g.68182::m.68182	39.419	241	95	2	201	441	1	190	1.28e-51	178
AcanthFB	CP@TRINITY_DN3481_c0_g3::CP@TRINITY_DN3481_c0_g3_i3::g.68182::m.68182	50.962	208	83	4	118	324	1	190	1.15e-67	213
Raphhete	CP@TRINITY_DN3481_c0_g3::CP@TRINITY_DN3481_c0_g3_i1::g.68177::m.68177	43.500	400	209	6	325	718	1	389	4.43e-106	328
Raphhete	CP@TRINITY_DN3481_c0_g3::CP@TRINITY_DN3481_c0_g3_i3::g.68182::m.68182	51.456	206	81	4	159	363	1	188	2.00e-63	209
ChoanoFB	CP@TRINITY_DN3481_c0_g3::CP@TRINITY_DN3481_c0_g3_i1::g.68177::m.68177	39.695	393	222	5	304	693	1	381	8.86e-93	293
ChoanoFB	CP@TRINITY_DN3481_c0_g3::CP@TRINITY_DN3481_c0_g3_i3::g.68182::m.68182	49.038	208	87	3	138	344	1	190	1.04e-57	194
Rainerin	CP@TRINITY_DN3481_c0_g3::CP@TRINITY_DN3481_c0_g3_i1::g.68177::m.68177	43.990	391	208	5	303	692	1	381	6.35e-104	322
Rainerin	CP@TRINITY_DN3481_c0_g3::CP@TRINITY_DN3481_c0_g3_i3::g.68182::m.68182	51.923	208	81	4	137	343	1	190	8.74e-66	215
Guilthet	CP@TRINITY_DN3481_c0_g3::CP@TRINITY_DN3481_c0_g3_i1::g.68177::m.68177	37.852	391	228	6	309	696	2	380	3.13e-83	268
Guilthet	CP@TRINITY_DN3481_c0_g3::CP@TRINITY_DN3481_c0_g3_i3::g.68182::m.68182	42.718	206	102	2	143	348	1	190	1.17e-48	169
Monoexil	CP@TRINITY_DN3481_c0_g3::CP@TRINITY_DN3481_c0_g3_i1::g.68177::m.68177	32.716	486	222	8	237	714	1	389	1.67e-71	238
Monoexil	CP@TRINITY_DN3481_c0_g3::CP@TRINITY_DN3481_c0_g3_i3::g.68182::m.68182	47.805	205	91	4	74	277	1	190	2.08e-57	193
Parapyri	CP@TRINITY_DN3481_c0_g3::CP@TRINITY_DN3481_c0_g3_i1::g.68177::m.68177	39.163	406	216	3	257	661	1	376	4.35e-91	288
Spirsalm	CP@TRINITY_DN3481_c0_g3::CP@TRINITY_DN3481_c0_g3_i1::g.68177::m.68177	36.772	378	216	5	212	574	1	370	7.96e-76	246
Spirsalm	CP@TRINITY_DN3481_c0_g3::CP@TRINITY_DN3481_c0_g3_i3::g.68182::m.68182	45.361	194	91	3	52	243	1	181	7.41e-48	165
Styginca	CP@TRINITY_DN3481_c0_g3::CP@TRINITY_DN3481_c0_g3_i1::g.68177::m.68177	44.800	375	200	4	296	669	1	369	6.79e-100	312
Styginca	CP@TRINITY_DN3481_c0_g3::CP@TRINITY_DN3481_c0_g3_i3::g.68182::m.68182	46.561	189	84	3	132	319	1	173	2.30e-48	168
Andagodo	CP@TRINITY_DN3481_c0_g3::CP@TRINITY_DN3481_c0_g3_i1::g.68177::m.68177	37.972	424	226	5	285	706	1	389	1.31e-86	278
Andagodo	CP@TRINITY_DN3481_c0_g3::CP@TRINITY_DN3481_c0_g3_i3::g.68182::m.68182	47.959	196	85	4	123	317	1	180	1.63e-51	177
Leptpyrr	CP@TRINITY_DN3481_c0_g3::CP@TRINITY_DN3481_c0_g3_i1::g.68177::m.68177	39.130	391	220	7	233	617	1	379	1.92e-82	265
Leptpyrr	CP@TRINITY_DN3481_c0_g3::CP@TRINITY_DN3481_c0_g3_i3::g.68182::m.68182	44.878	205	97	4	70	273	1	190	6.87e-47	164
Leismajo	CP@TRINITY_DN3481_c0_g3::CP@TRINITY_DN3481_c0_g3_i1::g.68177::m.68177	38.144	388	225	7	233	615	1	378	4.22e-78	253
Leismajo	CP@TRINITY_DN3481_c0_g3::CP@TRINITY_DN3481_c0_g3_i3::g.68182::m.68182	42.927	205	101	4	70	273	1	190	4.02e-47	164
Trypbruc	CP@TRINITY_DN3481_c0_g3::CP@TRINITY_DN3481_c0_g3_i1::g.68177::m.68177	41.131	389	214	7	231	614	1	379	3.45e-85	271
Trypbruc	CP@TRINITY_DN3481_c0_g3::CP@TRINITY_DN3481_c0_g3_i3::g.68182::m.68182	46.829	205	93	4	68	271	1	190	1.89e-50	173
Paraconf	CP@TRINITY_DN3481_c0_g3::CP@TRINITY_DN3481_c0_g3_i1::g.68177::m.68177	40.617	389	213	8	233	616	3	378	3.09e-86	275
Paraconf	CP@TRINITY_DN3481_c0_g3::CP@TRINITY_DN3481_c0_g3_i3::g.68182::m.68182	46.341	205	94	4	68	271	1	190	2.98e-50	172
Naeggrub	CP@TRINITY_DN3481_c0_g3::CP@TRINITY_DN3481_c0_g3_i1::g.68177::m.68177	37.340	391	229	4	242	629	1	378	9.21e-86	274
Naeggrub	CP@TRINITY_DN3481_c0_g3::CP@TRINITY_DN3481_c0_g3_i3::g.68182::m.68182	51.707	205	84	1	78	282	1	190	3.66e-64	210
SpirCILI	CP@TRINITY_DN3481_c0_g3::CP@TRINITY_DN3481_c0_g3_i1::g.68177::m.68177	42.559	383	215	3	228	608	2	381	9.47e-98	305
SpirCILI	CP@TRINITY_DN3481_c0_g3::CP@TRINITY_DN3481_c0_g3_i3::g.68182::m.68182	48.020	202	90	3	63	264	1	187	1.37e-58	195
Hemikukw	CP@TRINITY_DN3481_c0_g3::CP@TRINITY_DN3481_c0_g3_i1::g.68177::m.68177	45.288	382	204	2	139	519	1	378	5.55e-115	345
Hemikukw	CP@TRINITY_DN3481_c0_g3::CP@TRINITY_DN3481_c0_g3_i3::g.68182::m.68182	46.111	180	83	3	1	179	24	190	3.99e-47	162
Physpoly	CP@TRINITY_DN3481_c0_g3::CP@TRINITY_DN3481_c0_g3_i1::g.68177::m.68177	42.716	405	210	6	237	635	1	389	2.35e-103	319
Physpoly	CP@TRINITY_DN3481_c0_g3::CP@TRINITY_DN3481_c0_g3_i3::g.68182::m.68182	52.239	201	82	1	74	274	1	187	6.05e-66	214
Dictdisc	CP@TRINITY_DN3481_c0_g3::CP@TRINITY_DN3481_c0_g3_i1::g.68177::m.68177	44.784	393	211	3	285	676	1	388	5.09e-113	345
Dictdisc	CP@TRINITY_DN3481_c0_g3::CP@TRINITY_DN3481_c0_g3_i3::g.68182::m.68182	51.531	196	80	2	121	316	1	181	4.02e-66	216
Acancast	CP@TRINITY_DN3481_c0_g3::CP@TRINITY_DN3481_c0_g3_i1::g.68177::m.68177	41.855	399	210	6	236	630	1	381	5.64e-100	310
Acancast	CP@TRINITY_DN3481_c0_g3::CP@TRINITY_DN3481_c0_g3_i3::g.68182::m.68182	46.766	201	93	2	75	274	1	188	2.18e-57	192
Chlorept	CP@TRINITY_DN3481_c0_g3::CP@TRINITY_DN3481_c0_g3_i1::g.68177::m.68177	41.406	384	220	5	276	658	1	380	3.45e-89	283
Chlorept	CP@TRINITY_DN3481_c0_g3::CP@TRINITY_DN3481_c0_g3_i3::g.68182::m.68182	50.980	204	86	3	113	316	1	190	3.44e-60	199
Auralima	CP@TRINITY_DN3481_c0_g3::CP@TRINITY_DN3481_c0_g3_i1::g.68177::m.68177	40.759	395	216	7	285	677	2	380	2.20e-90	287
Auralima	CP@TRINITY_DN3481_c0_g3::CP@TRINITY_DN3481_c0_g3_i3::g.68182::m.68182	53.431	204	79	2	119	322	1	188	6.93e-65	213
Schiaggr	CP@TRINITY_DN3481_c0_g3::CP@TRINITY_DN3481_c0_g3_i1::g.68177::m.68177	40.909	396	221	3	287	681	2	385	5.83e-96	301
Schiaggr	CP@TRINITY_DN3481_c0_g3::CP@TRINITY_DN3481_c0_g3_i3::g.68182::m.68182	47.549	204	91	3	121	324	1	188	3.17e-58	195
ThraLLF1	CP@TRINITY_DN3481_c0_g3::CP@TRINITY_DN3481_c0_g3_i1::g.68177::m.68177	39.950	398	229	4	337	733	2	390	8.18e-90	286
ThraLLF1	CP@TRINITY_DN3481_c0_g3::CP@TRINITY_DN3481_c0_g3_i3::g.68182::m.68182	52.451	204	81	3	171	374	1	188	8.80e-63	208
Aplakerg	CP@TRINITY_DN3481_c0_g3::CP@TRINITY_DN3481_c0_g3_i1::g.68177::m.68177	42.317	397	210	4	289	684	1	379	2.85e-96	302
Aplakerg	CP@TRINITY_DN3481_c0_g3::CP@TRINITY_DN3481_c0_g3_i3::g.68182::m.68182	53.659	205	78	3	123	327	1	188	1.38e-66	217
Cantmars	CP@TRINITY_DN3481_c0_g3::CP@TRINITY_DN3481_c0_g3_i1::g.68177::m.68177	40.488	410	212	7	232	639	2	381	1.57e-88	281
Cantmars	CP@TRINITY_DN3481_c0_g3::CP@TRINITY_DN3481_c0_g3_i3::g.68182::m.68182	51.232	203	83	3	68	269	1	188	2.51e-60	200
Haloseos	CP@TRINITY_DN3481_c0_g3::CP@TRINITY_DN3481_c0_g3_i1::g.68177::m.68177	43.544	395	198	6	338	728	2	375	1.29e-100	315
Haloseos	CP@TRINITY_DN3481_c0_g3::CP@TRINITY_DN3481_c0_g3_i3::g.68182::m.68182	50.476	210	83	3	169	377	1	190	1.12e-61	205
Vauclito	CP@TRINITY_DN3481_c0_g3::CP@TRINITY_DN3481_c0_g3_i1::g.68177::m.68177	43.085	376	209	4	340	712	2	375	1.71e-101	317
Vauclito	CP@TRINITY_DN3481_c0_g3::CP@TRINITY_DN3481_c0_g3_i3::g.68182::m.68182	49.268	205	85	4	179	379	1	190	3.63e-59	197
Tribgaya	CP@TRINITY_DN3481_c0_g3::CP@TRINITY_DN3481_c0_g3_i1::g.68177::m.68177	44.619	381	206	4	213	590	2	380	1.48e-105	325
Tribgaya	CP@TRINITY_DN3481_c0_g3::CP@TRINITY_DN3481_c0_g3_i3::g.68182::m.68182	51.707	205	83	4	49	252	1	190	4.30e-61	202
Fucucera	CP@TRINITY_DN3481_c0_g3::CP@TRINITY_DN3481_c0_g3_i1::g.68177::m.68177	44.560	386	201	6	352	735	1	375	1.67e-107	334
Fucucera	CP@TRINITY_DN3481_c0_g3::CP@TRINITY_DN3481_c0_g3_i3::g.68182::m.68182	52.195	205	82	2	189	392	1	190	5.53e-64	212
Agarclat	CP@TRINITY_DN3481_c0_g3::CP@TRINITY_DN3481_c0_g3_i1::g.68177::m.68177	43.005	386	207	6	225	608	1	375	3.51e-103	319
Agarclat	CP@TRINITY_DN3481_c0_g3::CP@TRINITY_DN3481_c0_g3_i3::g.68182::m.68182	50.732	205	85	2	62	265	1	190	1.78e-61	203
Psuemult	CP@TRINITY_DN3481_c0_g3::CP@TRINITY_DN3481_c0_g3_i1::g.68177::m.68177	45.263	380	204	3	290	667	1	378	4.40e-113	347
Psuemult	CP@TRINITY_DN3481_c0_g3::CP@TRINITY_DN3481_c0_g3_i3::g.68182::m.68182	48.293	205	90	2	127	330	1	190	9.26e-59	197
Fragcyli	CP@TRINITY_DN3481_c0_g3::CP@TRINITY_DN3481_c0_g3_i1::g.68177::m.68177	43.377	385	210	4	178	556	1	383	2.32e-109	333
Fragcyli	CP@TRINITY_DN3481_c0_g3::CP@TRINITY_DN3481_c0_g3_i3::g.68182::m.68182	49.754	203	86	2	15	216	1	188	1.05e-59	197
Phaetric	CP@TRINITY_DN3481_c0_g3::CP@TRINITY_DN3481_c0_g3_i1::g.68177::m.68177	44.241	382	209	3	286	665	1	380	2.51e-106	329
Phaetric	CP@TRINITY_DN3481_c0_g3::CP@TRINITY_DN3481_c0_g3_i3::g.68182::m.68182	46.829	205	93	2	123	326	1	190	6.85e-56	189
Syncpusi	CP@TRINITY_DN3481_c0_g3::CP@TRINITY_DN3481_c0_g3_i1::g.68177::m.68177	44.063	379	205	5	279	655	2	375	5.32e-106	327
Syncpusi	CP@TRINITY_DN3481_c0_g3::CP@TRINITY_DN3481_c0_g3_i3::g.68182::m.68182	51.456	206	84	2	113	318	1	190	1.66e-60	201
PoterBG1	CP@TRINITY_DN3481_c0_g3::CP@TRINITY_DN3481_c0_g3_i1::g.68177::m.68177	43.947	380	211	2	295	673	2	380	3.55e-102	319
PoterBG1	CP@TRINITY_DN3481_c0_g3::CP@TRINITY_DN3481_c0_g3_i3::g.68182::m.68182	51.471	204	83	3	129	332	1	188	1.36e-63	210
Pedoelon	CP@TRINITY_DN3481_c0_g3::CP@TRINITY_DN3481_c0_g3_i1::g.68177::m.68177	44.737	380	205	3	292	668	2	379	1.79e-107	332
Pedoelon	CP@TRINITY_DN3481_c0_g3::CP@TRINITY_DN3481_c0_g3_i3::g.68182::m.68182	50.980	204	84	3	126	329	1	188	1.21e-62	207
Ochr2298	CP@TRINITY_DN3481_c0_g3::CP@TRINITY_DN3481_c0_g3_i1::g.68177::m.68177	42.670	382	215	2	286	666	1	379	1.39e-100	314
Ochr2298	CP@TRINITY_DN3481_c0_g3::CP@TRINITY_DN3481_c0_g3_i3::g.68182::m.68182	50.490	204	85	3	121	324	1	188	1.39e-60	202
Dino2267	CP@TRINITY_DN3481_c0_g3::CP@TRINITY_DN3481_c0_g3_i1::g.68177::m.68177	43.915	378	211	1	279	655	2	379	4.68e-105	326
Dino2267	CP@TRINITY_DN3481_c0_g3::CP@TRINITY_DN3481_c0_g3_i3::g.68182::m.68182	51.961	204	82	3	113	316	1	188	3.69e-64	211
Chatsubs	CP@TRINITY_DN3481_c0_g3::CP@TRINITY_DN3481_c0_g3_i1::g.68177::m.68177	41.885	382	218	3	313	692	1	380	2.91e-96	303
Chatsubs	CP@TRINITY_DN3481_c0_g3::CP@TRINITY_DN3481_c0_g3_i3::g.68182::m.68182	50.732	205	86	2	149	353	1	190	6.50e-62	206
Heteakas	CP@TRINITY_DN3481_c0_g3::CP@TRINITY_DN3481_c0_g3_i1::g.68177::m.68177	42.744	379	215	2	318	694	1	379	1.61e-99	311
Heteakas	CP@TRINITY_DN3481_c0_g3::CP@TRINITY_DN3481_c0_g3_i3::g.68182::m.68182	50.244	205	87	2	154	358	1	190	1.08e-60	202
Octaspec	CP@TRINITY_DN3481_c0_g3::CP@TRINITY_DN3481_c0_g3_i1::g.68177::m.68177	41.795	390	215	6	340	727	1	380	9.34e-101	316
Octaspec	CP@TRINITY_DN3481_c0_g3::CP@TRINITY_DN3481_c0_g3_i3::g.68182::m.68182	50.490	204	85	2	177	379	1	189	8.40e-62	206
Pseuelas	CP@TRINITY_DN3481_c0_g3::CP@TRINITY_DN3481_c0_g3_i1::g.68177::m.68177	45.953	383	202	4	315	695	1	380	3.06e-104	327
Pseuelas	CP@TRINITY_DN3481_c0_g3::CP@TRINITY_DN3481_c0_g3_i3::g.68182::m.68182	51.707	205	83	2	152	355	1	190	3.97e-63	211
Rhiz1243	CP@TRINITY_DN3481_c0_g3::CP@TRINITY_DN3481_c0_g3_i1::g.68177::m.68177	46.579	380	201	2	287	665	1	379	1.36e-108	335
Rhiz1243	CP@TRINITY_DN3481_c0_g3::CP@TRINITY_DN3481_c0_g3_i3::g.68182::m.68182	53.171	205	80	4	124	327	1	190	1.54e-63	209
Aureanop	CP@TRINITY_DN3481_c0_g3::CP@TRINITY_DN3481_c0_g3_i1::g.68177::m.68177	44.301	386	204	6	315	698	2	378	3.89e-99	311
Aureanop	CP@TRINITY_DN3481_c0_g3::CP@TRINITY_DN3481_c0_g3_i3::g.68182::m.68182	50.000	204	88	2	151	354	1	190	1.51e-61	204
Pelacalc	CP@TRINITY_DN3481_c0_g3::CP@TRINITY_DN3481_c0_g3_i1::g.68177::m.68177	43.207	368	207	2	314	679	2	369	6.10e-98	307
Pelacalc	CP@TRINITY_DN3481_c0_g3::CP@TRINITY_DN3481_c0_g3_i3::g.68182::m.68182	50.490	204	87	1	150	353	1	190	5.51e-64	211
Pelasubv	CP@TRINITY_DN3481_c0_g3::CP@TRINITY_DN3481_c0_g3_i1::g.68177::m.68177	44.054	370	203	3	267	634	2	369	2.59e-101	315
Pelasubv	CP@TRINITY_DN3481_c0_g3::CP@TRINITY_DN3481_c0_g3_i3::g.68182::m.68182	50.490	204	87	2	103	306	1	190	3.89e-63	208
Pela2097	CP@TRINITY_DN3481_c0_g3::CP@TRINITY_DN3481_c0_g3_i1::g.68177::m.68177	43.784	370	204	3	323	690	2	369	4.90e-96	303
Pela2097	CP@TRINITY_DN3481_c0_g3::CP@TRINITY_DN3481_c0_g3_i3::g.68182::m.68182	48.529	204	90	2	158	361	1	189	1.89e-59	199
Aurelagu	CP@TRINITY_DN3481_c0_g3::CP@TRINITY_DN3481_c0_g3_i1::g.68177::m.68177	42.897	359	203	2	1	357	11	369	2.01e-99	301
Chryfrag	CP@TRINITY_DN3481_c0_g3::CP@TRINITY_DN3481_c0_g3_i1::g.68177::m.68177	44.855	379	203	3	263	636	2	379	3.00e-108	336
Chryfrag	CP@TRINITY_DN3481_c0_g3::CP@TRINITY_DN3481_c0_g3_i3::g.68182::m.68182	51.232	203	86	2	100	302	1	190	6.40e-65	214
Tripeleu	CP@TRINITY_DN3481_c0_g3::CP@TRINITY_DN3481_c0_g3_i1::g.68177::m.68177	42.408	382	216	3	193	572	1	380	1.57e-98	306
Tripeleu	CP@TRINITY_DN3481_c0_g3::CP@TRINITY_DN3481_c0_g3_i3::g.68182::m.68182	47.945	219	83	3	13	231	1	188	2.02e-61	202
Pingpyre	CP@TRINITY_DN3481_c0_g3::CP@TRINITY_DN3481_c0_g3_i1::g.68177::m.68177	44.415	376	207	2	313	686	2	377	4.96e-106	330
Pingpyre	CP@TRINITY_DN3481_c0_g3::CP@TRINITY_DN3481_c0_g3_i3::g.68182::m.68182	50.246	203	85	3	149	350	1	188	4.40e-63	209
Paheparv	CP@TRINITY_DN3481_c0_g3::CP@TRINITY_DN3481_c0_g3_i1::g.68177::m.68177	42.553	376	214	2	326	699	2	377	3.87e-100	314
Paheparv	CP@TRINITY_DN3481_c0_g3::CP@TRINITY_DN3481_c0_g3_i3::g.68182::m.68182	50.244	205	85	3	159	363	1	188	2.56e-62	207
Deveeleg	CP@TRINITY_DN3481_c0_g3::CP@TRINITY_DN3481_c0_g3_i1::g.68177::m.68177	44.947	376	205	2	301	674	1	376	1.23e-107	333
Deveeleg	CP@TRINITY_DN3481_c0_g3::CP@TRINITY_DN3481_c0_g3_i3::g.68182::m.68182	54.040	198	83	1	144	341	1	190	2.25e-67	220
Saprdecl	CP@TRINITY_DN3481_c0_g3::CP@TRINITY_DN3481_c0_g3_i1::g.68177::m.68177	39.949	393	230	3	277	668	2	389	3.59e-99	309
Saprdecl	CP@TRINITY_DN3481_c0_g3::CP@TRINITY_DN3481_c0_g3_i3::g.68182::m.68182	48.529	204	89	2	111	314	1	188	2.00e-56	190
Albulaib	CP@TRINITY_DN3481_c0_g3::CP@TRINITY_DN3481_c0_g3_i1::g.68177::m.68177	39.637	386	225	3	293	677	1	379	6.84e-90	285
Albulaib	CP@TRINITY_DN3481_c0_g3::CP@TRINITY_DN3481_c0_g3_i3::g.68182::m.68182	50.000	194	76	2	129	319	1	176	9.13e-58	194
Pythirre	CP@TRINITY_DN3481_c0_g3::CP@TRINITY_DN3481_c0_g3_i1::g.68177::m.68177	41.969	386	193	6	287	648	1	379	6.87e-90	285
Pythirre	CP@TRINITY_DN3481_c0_g3::CP@TRINITY_DN3481_c0_g3_i3::g.68182::m.68182	49.010	202	88	2	123	324	1	187	6.91e-57	191
Wobbluna	CP@TRINITY_DN3481_c0_g3::CP@TRINITY_DN3481_c0_g3_i1::g.68177::m.68177	39.386	391	219	6	283	669	2	378	1.73e-88	283
Wobbluna	CP@TRINITY_DN3481_c0_g3::CP@TRINITY_DN3481_c0_g3_i3::g.68182::m.68182	49.510	204	85	2	119	320	1	188	2.28e-59	199
PlacCLAB	CP@TRINITY_DN3481_c0_g3::CP@TRINITY_DN3481_c0_g3_i1::g.68177::m.68177	43.523	386	207	3	287	671	1	376	4.51e-105	326
PlacCLAB	CP@TRINITY_DN3481_c0_g3::CP@TRINITY_DN3481_c0_g3_i3::g.68182::m.68182	50.495	202	86	2	124	325	1	188	3.61e-61	203
BlasS7SB	CP@TRINITY_DN3481_c0_g3::CP@TRINITY_DN3481_c0_g3_i1::g.68177::m.68177	42.494	393	212	4	285	676	1	380	1.94e-106	328
BlasS7SB	CP@TRINITY_DN3481_c0_g3::CP@TRINITY_DN3481_c0_g3_i3::g.68182::m.68182	47.549	204	93	2	122	325	1	190	2.23e-58	195
Crypparv	CP@TRINITY_DN3481_c0_g3::CP@TRINITY_DN3481_c0_g3_i1::g.68177::m.68177	40.698	430	200	5	236	653	2	388	1.29e-99	310
Crypparv	CP@TRINITY_DN3481_c0_g3::CP@TRINITY_DN3481_c0_g3_i3::g.68182::m.68182	46.445	211	89	4	64	273	1	188	3.84e-55	186
Toxogond	CP@TRINITY_DN3481_c0_g3::CP@TRINITY_DN3481_c0_g3_i1::g.68177::m.68177	37.563	394	240	2	377	770	2	389	1.81e-89	286
Toxogond	CP@TRINITY_DN3481_c0_g3::CP@TRINITY_DN3481_c0_g3_i3::g.68182::m.68182	44.298	228	88	4	190	416	1	190	2.67e-51	177
Pirisoci	CP@TRINITY_DN3481_c0_g3::CP@TRINITY_DN3481_c0_g3_i1::g.68177::m.68177	41.489	376	210	4	1	374	11	378	2.99e-100	303
Perkmari	CP@TRINITY_DN3481_c0_g3::CP@TRINITY_DN3481_c0_g3_i1::g.68177::m.68177	42.821	397	220	3	278	674	1	390	1.08e-104	323
Perkmari	CP@TRINITY_DN3481_c0_g3::CP@TRINITY_DN3481_c0_g3_i3::g.68182::m.68182	47.525	202	89	3	118	316	1	188	5.91e-50	172
Chroveli	CP@TRINITY_DN3481_c0_g3::CP@TRINITY_DN3481_c0_g3_i1::g.68177::m.68177	43.939	396	216	2	291	686	1	390	1.61e-110	339
Chroveli	CP@TRINITY_DN3481_c0_g3::CP@TRINITY_DN3481_c0_g3_i3::g.68182::m.68182	49.754	203	89	2	129	331	1	190	3.87e-59	197
Brevmoto	CP@TRINITY_DN3481_c0_g3::CP@TRINITY_DN3481_c0_g3_i3::g.68182::m.68182	53.398	206	80	2	87	292	1	190	1.32e-68	221
Brevmoto	CP@TRINITY_DN3481_c0_g3::CP@TRINITY_DN3481_c0_g3_i1::g.68177::m.68177	39.286	308	175	5	252	556	1	299	8.36e-67	223
Vannfimi	CP@TRINITY_DN3481_c0_g3::CP@TRINITY_DN3481_c0_g3_i1::g.68177::m.68177	45.767	378	202	2	290	667	1	375	1.18e-113	347
Vannfimi	CP@TRINITY_DN3481_c0_g3::CP@TRINITY_DN3481_c0_g3_i3::g.68182::m.68182	50.515	194	82	2	127	320	1	180	4.51e-60	200
Idiovort	CP@TRINITY_DN3481_c0_g3::CP@TRINITY_DN3481_c0_g3_i1::g.68177::m.68177	42.602	392	221	2	363	753	1	389	2.81e-106	330
Idiovort	CP@TRINITY_DN3481_c0_g3::CP@TRINITY_DN3481_c0_g3_i3::g.68182::m.68182	53.646	192	77	2	202	393	1	180	1.03e-64	213
Gloewitr	CP@TRINITY_DN3481_c0_g3::CP@TRINITY_DN3481_c0_g3_i1::g.68177::m.68177	38.743	382	229	2	287	667	1	378	9.26e-91	288
Gloewitr	CP@TRINITY_DN3481_c0_g3::CP@TRINITY_DN3481_c0_g3_i3::g.68182::m.68182	51.961	204	84	2	124	327	1	190	3.65e-65	213
Cyanpara	CP@TRINITY_DN3481_c0_g3::CP@TRINITY_DN3481_c0_g3_i1::g.68177::m.68177	41.667	384	219	2	286	668	1	380	1.33e-99	310
Cyanpara	CP@TRINITY_DN3481_c0_g3::CP@TRINITY_DN3481_c0_g3_i3::g.68182::m.68182	48.039	204	92	2	123	326	1	190	1.83e-61	203
Roomtrun	CP@TRINITY_DN3481_c0_g3::CP@TRINITY_DN3481_c0_g3_i1::g.68177::m.68177	41.606	274	154	3	299	571	1	269	1.48e-65	220
Roomtrun	CP@TRINITY_DN3481_c0_g3::CP@TRINITY_DN3481_c0_g3_i3::g.68182::m.68182	47.525	202	92	2	136	337	1	188	2.72e-59	196
Palpbili	CP@TRINITY_DN3481_c0_g3::CP@TRINITY_DN3481_c0_g3_i1::g.68177::m.68177	39.753	405	227	6	324	728	1	388	6.38e-88	283
Palpbili	CP@TRINITY_DN3481_c0_g3::CP@TRINITY_DN3481_c0_g3_i3::g.68182::m.68182	46.798	203	92	4	162	363	1	188	2.90e-55	188
Rhodemar	CP@TRINITY_DN3481_c0_g3::CP@TRINITY_DN3481_c0_g3_i1::g.68177::m.68177	46.494	385	197	5	316	698	1	378	2.14e-109	337
Rhodemar	CP@TRINITY_DN3481_c0_g3::CP@TRINITY_DN3481_c0_g3_i3::g.68182::m.68182	46.602	206	94	3	152	357	1	190	2.68e-54	184
Rhodlimn	CP@TRINITY_DN3481_c0_g3::CP@TRINITY_DN3481_c0_g3_i1::g.68177::m.68177	47.656	384	193	4	225	606	1	378	1.17e-115	350
Rhodlimn	CP@TRINITY_DN3481_c0_g3::CP@TRINITY_DN3481_c0_g3_i3::g.68182::m.68182	48.293	205	91	2	61	265	1	190	6.29e-59	195
Ancytwis	CP@TRINITY_DN3481_c0_g3::CP@TRINITY_DN3481_c0_g3_i1::g.68177::m.68177	50.262	382	178	6	297	673	1	375	1.97e-118	360
Ancytwis	CP@TRINITY_DN3481_c0_g3::CP@TRINITY_DN3481_c0_g3_i3::g.68182::m.68182	49.029	206	86	2	135	337	1	190	5.41e-62	205
Cyanmero	CP@TRINITY_DN3481_c0_g3::CP@TRINITY_DN3481_c0_g3_i1::g.68177::m.68177	39.637	386	227	3	235	619	1	381	4.36e-98	306
Cyanmero	CP@TRINITY_DN3481_c0_g3::CP@TRINITY_DN3481_c0_g3_i3::g.68182::m.68182	45.714	210	94	1	66	275	1	190	6.50e-56	188
Porpaeru	CP@TRINITY_DN3481_c0_g3::CP@TRINITY_DN3481_c0_g3_i1::g.68177::m.68177	40.633	379	222	3	379	755	1	378	3.00e-89	286
Porpaeru	CP@TRINITY_DN3481_c0_g3::CP@TRINITY_DN3481_c0_g3_i3::g.68182::m.68182	42.616	237	89	3	183	419	1	190	1.44e-55	189
Compcoer	CP@TRINITY_DN3481_c0_g3::CP@TRINITY_DN3481_c0_g3_i1::g.68177::m.68177	41.842	380	215	3	318	696	1	375	3.82e-100	312
Compcoer	CP@TRINITY_DN3481_c0_g3::CP@TRINITY_DN3481_c0_g3_i3::g.68182::m.68182	49.510	204	89	2	155	358	1	190	1.40e-62	206
Cerakond	CP@TRINITY_DN3481_c0_g3::CP@TRINITY_DN3481_c0_g3_i1::g.68177::m.68177	41.361	382	217	2	218	598	1	376	6.09e-100	309
Cerakond	CP@TRINITY_DN3481_c0_g3::CP@TRINITY_DN3481_c0_g3_i3::g.68182::m.68182	49.020	204	90	3	55	258	1	190	1.53e-59	197
Choncris	CP@TRINITY_DN3481_c0_g3::CP@TRINITY_DN3481_c0_g3_i1::g.68177::m.68177	43.367	392	215	2	166	556	1	386	6.12e-107	326
Choncris	CP@TRINITY_DN3481_c0_g3::CP@TRINITY_DN3481_c0_g3_i3::g.68182::m.68182	47.573	206	92	1	1	206	1	190	1.73e-59	196
Gratturu	CP@TRINITY_DN3481_c0_g3::CP@TRINITY_DN3481_c0_g3_i1::g.68177::m.68177	41.558	385	218	2	254	637	1	379	8.39e-101	313
Gratturu	CP@TRINITY_DN3481_c0_g3::CP@TRINITY_DN3481_c0_g3_i3::g.68182::m.68182	49.754	203	89	2	92	294	1	190	5.74e-60	199
Rhodmari	CP@TRINITY_DN3481_c0_g3::CP@TRINITY_DN3481_c0_g3_i1::g.68177::m.68177	45.312	384	203	4	309	691	1	378	1.84e-109	337
Rhodmari	CP@TRINITY_DN3481_c0_g3::CP@TRINITY_DN3481_c0_g3_i3::g.68182::m.68182	48.039	204	92	1	146	349	1	190	3.88e-60	200
Porpumbi	CP@TRINITY_DN3481_c0_g3::CP@TRINITY_DN3481_c0_g3_i3::g.68182::m.68182	50.000	204	88	3	134	337	1	190	7.20e-63	204
Porpumbi	CP@TRINITY_DN3481_c0_g3::CP@TRINITY_DN3481_c0_g3_i1::g.68177::m.68177	40.625	192	113	1	297	487	1	192	3.07e-43	158
Galdsulp	CP@TRINITY_DN3481_c0_g3::CP@TRINITY_DN3481_c0_g3_i1::g.68177::m.68177	42.564	390	219	3	857	1245	1	386	2.75e-97	316
Galdsulp	CP@TRINITY_DN3481_c0_g3::CP@TRINITY_DN3481_c0_g3_i3::g.68182::m.68182	47.549	204	93	1	694	897	1	190	8.15e-58	197
Ostrtaur	CP@TRINITY_DN3481_c0_g3::CP@TRINITY_DN3481_c0_g3_i1::g.68177::m.68177	40.665	391	226	2	284	671	1	388	1.39e-102	318
Ostrtaur	CP@TRINITY_DN3481_c0_g3::CP@TRINITY_DN3481_c0_g3_i3::g.68182::m.68182	49.510	204	89	2	121	324	1	190	6.98e-61	202
Micrpusl	CP@TRINITY_DN3481_c0_g3::CP@TRINITY_DN3481_c0_g3_i1::g.68177::m.68177	42.632	380	211	2	291	668	1	375	4.10e-97	304
Micrpusl	CP@TRINITY_DN3481_c0_g3::CP@TRINITY_DN3481_c0_g3_i3::g.68182::m.68182	49.020	204	90	1	128	331	1	190	6.03e-62	204
Picosali	CP@TRINITY_DN3481_c0_g3::CP@TRINITY_DN3481_c0_g3_i1::g.68177::m.68177	44.125	383	209	1	311	693	1	378	7.00e-106	328
Picosali	CP@TRINITY_DN3481_c0_g3::CP@TRINITY_DN3481_c0_g3_i3::g.68182::m.68182	50.490	204	87	2	148	351	1	190	1.72e-64	212
Volvcart	CP@TRINITY_DN3481_c0_g3::CP@TRINITY_DN3481_c0_g3_i1::g.68177::m.68177	41.514	383	219	2	296	678	1	378	8.84e-100	311
Volvcart	CP@TRINITY_DN3481_c0_g3::CP@TRINITY_DN3481_c0_g3_i3::g.68182::m.68182	49.029	206	89	2	131	336	1	190	9.19e-62	204
Physpate	CP@TRINITY_DN3481_c0_g3::CP@TRINITY_DN3481_c0_g3_i1::g.68177::m.68177	43.411	387	202	6	258	637	2	378	4.17e-100	311
Physpate	CP@TRINITY_DN3481_c0_g3::CP@TRINITY_DN3481_c0_g3_i3::g.68182::m.68182	42.174	230	93	2	68	297	1	190	3.09e-54	184
Oryzsati	CP@TRINITY_DN3481_c0_g3::CP@TRINITY_DN3481_c0_g3_i1::g.68177::m.68177	44.041	386	201	5	304	683	2	378	2.74e-105	326
Oryzsati	CP@TRINITY_DN3481_c0_g3::CP@TRINITY_DN3481_c0_g3_i3::g.68182::m.68182	52.195	205	83	1	139	343	1	190	2.31e-67	219
Neobdesi	CP@TRINITY_DN3481_c0_g3::CP@TRINITY_DN3481_c0_g3_i1::g.68177::m.68177	42.132	394	208	8	232	619	1	380	1.49e-91	288
Diplambu	CP@TRINITY_DN3481_c0_g3::CP@TRINITY_DN3481_c0_g3_i1::g.68177::m.68177	36.165	412	233	5	264	672	3	387	2.30e-82	265
Diplambu	CP@TRINITY_DN3481_c0_g3::CP@TRINITY_DN3481_c0_g3_i3::g.68182::m.68182	50.000	204	85	3	98	300	1	188	2.56e-59	197
Flecnera	CP@TRINITY_DN3481_c0_g3::CP@TRINITY_DN3481_c0_g3_i1::g.68177::m.68177	40.458	262	151	4	257	515	3	262	1.79e-55	195
Flecnera	CP@TRINITY_DN3481_c0_g3::CP@TRINITY_DN3481_c0_g3_i3::g.68182::m.68182	46.569	204	92	2	91	293	1	188	5.89e-55	187
Giarlamb	CP@TRINITY_DN3481_c0_g3::CP@TRINITY_DN3481_c0_g3_i1::g.68177::m.68177	36.434	387	235	2	222	608	3	378	6.10e-82	263
Giarlamb	CP@TRINITY_DN3481_c0_g3::CP@TRINITY_DN3481_c0_g3_i3::g.68182::m.68182	47.475	198	84	5	57	252	1	180	1.06e-46	163
Adunpalu	CP@TRINITY_DN3481_c0_g3::CP@TRINITY_DN3481_c0_g3_i1::g.68177::m.68177	41.176	391	221	4	222	608	1	386	6.81e-91	286
Adunpalu	CP@TRINITY_DN3481_c0_g3::CP@TRINITY_DN3481_c0_g3_i3::g.68182::m.68182	48.515	202	89	3	60	260	1	188	1.31e-55	186
Mancberm	CP@TRINITY_DN3481_c0_g3::CP@TRINITY_DN3481_c0_g3_i1::g.68177::m.68177	41.842	380	217	2	299	677	2	378	4.94e-98	307
Mancberm	CP@TRINITY_DN3481_c0_g3::CP@TRINITY_DN3481_c0_g3_i3::g.68182::m.68182	48.705	193	86	2	136	328	1	180	2.11e-56	190
Armalang	CP@TRINITY_DN3481_c0_g3::CP@TRINITY_DN3481_c0_g3_i1::g.68177::m.68177	38.677	393	226	7	337	728	2	380	1.32e-75	249
Armalang	CP@TRINITY_DN3481_c0_g3::CP@TRINITY_DN3481_c0_g3_i3::g.68182::m.68182	40.187	214	94	4	153	366	1	180	4.56e-43	154
Sapppeda	CP@TRINITY_DN3481_c0_g3::CP@TRINITY_DN3481_c0_g3_i1::g.68177::m.68177	40.420	381	217	6	266	639	1	378	4.86e-88	280
Sapppeda	CP@TRINITY_DN3481_c0_g3::CP@TRINITY_DN3481_c0_g3_i3::g.68182::m.68182	48.039	204	92	2	103	306	1	190	8.44e-59	196
Cochminu	CP@TRINITY_DN3481_c0_g3::CP@TRINITY_DN3481_c0_g3_i1::g.68177::m.68177	40.909	396	221	4	237	631	1	384	8.84e-105	323
Cochminu	CP@TRINITY_DN3481_c0_g3::CP@TRINITY_DN3481_c0_g3_i3::g.68182::m.68182	51.707	205	84	1	73	277	1	190	4.04e-69	223
Mayocant	CP@TRINITY_DN3481_c0_g3::CP@TRINITY_DN3481_c0_g3_i3::g.68182::m.68182	51.244	201	85	2	101	301	1	188	2.91e-68	213
Stensten	CP@TRINITY_DN3481_c0_g3::CP@TRINITY_DN3481_c0_g3_i1::g.68177::m.68177	44.241	382	209	2	332	712	1	379	1.17e-106	330
Stensten	CP@TRINITY_DN3481_c0_g3::CP@TRINITY_DN3481_c0_g3_i3::g.68182::m.68182	48.529	204	90	2	170	372	1	190	8.63e-59	197
Flabcita	CP@TRINITY_DN3481_c0_g3::CP@TRINITY_DN3481_c0_g3_i1::g.68177::m.68177	42.674	389	214	6	224	607	2	386	1.84e-100	311
Flabcita	CP@TRINITY_DN3481_c0_g3::CP@TRINITY_DN3481_c0_g3_i3::g.68182::m.68182	51.961	204	84	1	60	263	1	190	1.36e-63	207
Rhizsaxo	CP@TRINITY_DN3481_c0_g3::CP@TRINITY_DN3481_c0_g3_i1::g.68177::m.68177	42.005	369	211	3	228	594	2	369	3.21e-96	300
Rhizsaxo	CP@TRINITY_DN3481_c0_g3::CP@TRINITY_DN3481_c0_g3_i3::g.68182::m.68182	52.451	204	83	2	64	267	1	190	9.33e-63	205
Arcevulg	CP@TRINITY_DN3481_c0_g3::CP@TRINITY_DN3481_c0_g3_i1::g.68177::m.68177	41.470	381	218	4	387	765	1	378	1.82e-91	291
Arcevulg	CP@TRINITY_DN3481_c0_g3::CP@TRINITY_DN3481_c0_g3_i3::g.68182::m.68182	51.471	204	85	2	224	427	1	190	1.49e-65	216
NolaAFSM	CP@TRINITY_DN3481_c0_g3::CP@TRINITY_DN3481_c0_g3_i1::g.68177::m.68177	41.689	379	214	6	260	634	3	378	2.75e-93	293
NolaAFSM	CP@TRINITY_DN3481_c0_g3::CP@TRINITY_DN3481_c0_g3_i3::g.68182::m.68182	50.000	196	83	2	94	289	1	181	6.47e-59	196
Coprprot	CP@TRINITY_DN3481_c0_g3::CP@TRINITY_DN3481_c0_g3_i1::g.68177::m.68177	41.500	400	207	8	254	647	1	379	1.21e-88	281
Coprprot	CP@TRINITY_DN3481_c0_g3::CP@TRINITY_DN3481_c0_g3_i3::g.68182::m.68182	45.050	202	96	3	92	292	1	188	1.02e-52	179
Amoeprot	CP@TRINITY_DN3481_c0_g3::CP@TRINITY_DN3481_c0_g3_i1::g.68177::m.68177	42.494	393	209	6	257	647	1	378	1.14e-97	305
Amoeprot	CP@TRINITY_DN3481_c0_g3::CP@TRINITY_DN3481_c0_g3_i3::g.68182::m.68182	46.569	204	94	3	95	297	1	190	8.35e-53	180
MicrA134	CP@TRINITY_DN3481_c0_g3::CP@TRINITY_DN3481_c0_g3_i3::g.68182::m.68182	52.451	204	83	2	100	303	1	190	3.94e-70	217
Echiexud	CP@TRINITY_DN3481_c0_g3::CP@TRINITY_DN3481_c0_g3_i1::g.68177::m.68177	45.178	394	206	5	320	712	1	385	5.03e-111	341
Echiexud	CP@TRINITY_DN3481_c0_g3::CP@TRINITY_DN3481_c0_g3_i3::g.68182::m.68182	51.442	208	80	2	156	360	1	190	5.04e-65	213
Rigiramo	CP@TRINITY_DN3481_c0_g3::CP@TRINITY_DN3481_c0_g3_i1::g.68177::m.68177	43.005	386	210	5	297	681	2	378	4.07e-95	299
Rigiramo	CP@TRINITY_DN3481_c0_g3::CP@TRINITY_DN3481_c0_g3_i3::g.68182::m.68182	47.805	205	92	4	133	337	1	190	4.27e-55	186
Diphrota	CP@TRINITY_DN3481_c0_g3::CP@TRINITY_DN3481_c0_g3_i1::g.68177::m.68177	44.180	378	207	2	299	675	2	376	7.02e-110	338
Diphrota	CP@TRINITY_DN3481_c0_g3::CP@TRINITY_DN3481_c0_g3_i3::g.68182::m.68182	53.431	204	81	2	135	338	1	190	2.11e-67	219
Ancysigm	CP@TRINITY_DN3481_c0_g3::CP@TRINITY_DN3481_c0_g3_i1::g.68177::m.68177	44.388	392	202	4	324	714	2	378	7.42e-97	305
Ancysigm	CP@TRINITY_DN3481_c0_g3::CP@TRINITY_DN3481_c0_g3_i3::g.68182::m.68182	46.569	204	91	3	158	360	1	187	3.39e-50	174
Nutolong	CP@TRINITY_DN3481_c0_g3::CP@TRINITY_DN3481_c0_g3_i1::g.68177::m.68177	42.564	390	210	4	296	684	2	378	9.61e-98	306
Nutolong	CP@TRINITY_DN3481_c0_g3::CP@TRINITY_DN3481_c0_g3_i3::g.68182::m.68182	45.894	207	94	3	130	335	1	190	5.28e-53	181
Fabotrop	CP@TRINITY_DN3481_c0_g3::CP@TRINITY_DN3481_c0_g3_i1::g.68177::m.68177	44.081	397	213	5	287	682	1	389	2.11e-104	323
Fabotrop	CP@TRINITY_DN3481_c0_g3::CP@TRINITY_DN3481_c0_g3_i3::g.68182::m.68182	50.242	207	86	3	122	328	1	190	5.24e-63	207
Hetepall	CP@TRINITY_DN3481_c0_g3::CP@TRINITY_DN3481_c0_g3_i1::g.68177::m.68177	46.447	394	204	4	251	643	1	388	1.08e-113	346
Hetepall	CP@TRINITY_DN3481_c0_g3::CP@TRINITY_DN3481_c0_g3_i3::g.68182::m.68182	53.608	194	76	1	88	281	1	180	2.02e-68	221
Hetepall	CP@TRINITY_DN16261_c0_g2::CP@TRINITY_DN16261_c0_g2_i1::g.43725::m.43725	54.135	133	60	1	512	643	1	133	1.69e-44	157
Endozona	CP@TRINITY_DN3481_c0_g3::CP@TRINITY_DN3481_c0_g3_i1::g.68177::m.68177	40.302	397	218	4	247	642	2	380	2.18e-93	294
Endozona	CP@TRINITY_DN3481_c0_g3::CP@TRINITY_DN3481_c0_g3_i3::g.68182::m.68182	48.969	194	85	3	85	277	1	181	3.19e-52	178
Dracjorm	CP@TRINITY_DN3481_c0_g3::CP@TRINITY_DN3481_c0_g3_i1::g.68177::m.68177	42.257	381	215	3	248	626	1	378	2.72e-107	329
Dracjorm	CP@TRINITY_DN3481_c0_g3::CP@TRINITY_DN3481_c0_g3_i3::g.68182::m.68182	47.059	204	93	3	86	288	1	190	6.56e-55	185
Luaphula	CP@TRINITY_DN3481_c0_g3::CP@TRINITY_DN3481_c0_g3_i1::g.68177::m.68177	43.229	384	214	3	293	675	1	381	3.00e-104	323
Luaphula	CP@TRINITY_DN3481_c0_g3::CP@TRINITY_DN3481_c0_g3_i3::g.68182::m.68182	47.059	204	93	3	131	333	1	190	9.44e-55	186
Pellcata	CP@TRINITY_DN3481_c0_g3::CP@TRINITY_DN3481_c0_g3_i1::g.68177::m.68177	45.153	392	208	5	249	636	1	389	1.29e-111	340
Pellcata	CP@TRINITY_DN3481_c0_g3::CP@TRINITY_DN3481_c0_g3_i3::g.68182::m.68182	51.741	201	83	3	88	287	1	188	8.14e-61	201
Gocefonb	CP@TRINITY_DN3481_c0_g3::CP@TRINITY_DN3481_c0_g3_i1::g.68177::m.68177	44.133	392	215	2	56	446	1	389	7.56e-114	340
Ovaldese	CP@TRINITY_DN3481_c0_g3::CP@TRINITY_DN3481_c0_g3_i3::g.68182::m.68182	50.000	204	87	2	77	279	1	190	6.58e-63	198
Masteilh	CP@TRINITY_DN3481_c0_g3::CP@TRINITY_DN3481_c0_g3_i1::g.68177::m.68177	39.698	398	225	4	253	643	1	390	6.67e-92	290
Masteilh	CP@TRINITY_DN3481_c0_g3::CP@TRINITY_DN3481_c0_g3_i3::g.68182::m.68182	50.769	195	82	2	90	284	1	181	9.27e-62	203
Rhizelon	CP@TRINITY_DN3481_c0_g3::CP@TRINITY_DN3481_c0_g3_i1::g.68177::m.68177	38.071	394	223	6	241	629	1	378	2.79e-83	267
Rhizelon	CP@TRINITY_DN3481_c0_g3::CP@TRINITY_DN3481_c0_g3_i3::g.68182::m.68182	51.064	188	78	2	78	265	1	174	1.14e-59	198
Sapochin	CP@TRINITY_DN3481_c0_g3::CP@TRINITY_DN3481_c0_g3_i1::g.68177::m.68177	46.154	377	199	4	289	664	2	375	2.21e-99	310
Sapochin	CP@TRINITY_DN3481_c0_g3::CP@TRINITY_DN3481_c0_g3_i3::g.68182::m.68182	50.246	203	86	4	128	328	1	190	1.16e-56	190
Cuneruss	CP@TRINITY_DN3481_c0_g3::CP@TRINITY_DN3481_c0_g3_i1::g.68177::m.68177	39.583	384	224	3	234	617	3	378	6.08e-95	297
Cuneruss	CP@TRINITY_DN3481_c0_g3::CP@TRINITY_DN3481_c0_g3_i3::g.68182::m.68182	47.549	204	93	2	69	272	1	190	3.99e-55	186
Soliirre	CP@TRINITY_DN3481_c0_g3::CP@TRINITY_DN3481_c0_g3_i1::g.68177::m.68177	41.514	383	212	6	275	650	1	378	7.25e-93	293
Soliirre	CP@TRINITY_DN3481_c0_g3::CP@TRINITY_DN3481_c0_g3_i3::g.68182::m.68182	52.709	203	81	3	111	313	1	188	1.15e-64	211
Schivulg	CP@TRINITY_DN3481_c0_g3::CP@TRINITY_DN3481_c0_g3_i1::g.68177::m.68177	42.386	394	219	4	353	742	1	390	1.16e-100	315
Schivulg	CP@TRINITY_DN3481_c0_g3::CP@TRINITY_DN3481_c0_g3_i3::g.68182::m.68182	51.471	204	85	2	190	393	1	190	2.54e-67	220
Cavoapop	CP@TRINITY_DN3481_c0_g3::CP@TRINITY_DN3481_c0_g3_i1::g.68177::m.68177	45.288	382	203	4	371	750	1	378	3.01e-109	338
Cavoapop	CP@TRINITY_DN3481_c0_g3::CP@TRINITY_DN3481_c0_g3_i3::g.68182::m.68182	51.980	202	83	2	208	409	1	188	2.03e-67	221
Phalsoli	CP@TRINITY_DN3481_c0_g3::CP@TRINITY_DN3481_c0_g3_i3::g.68182::m.68182	51.961	204	84	1	176	379	1	190	1.45e-69	223
Phalsoli	CP@TRINITY_DN3481_c0_g3::CP@TRINITY_DN3481_c0_g3_i1::g.68177::m.68177	41.762	261	144	4	339	595	1	257	2.20e-60	206
Mantplas	CP@TRINITY_DN3481_c0_g3::CP@TRINITY_DN3481_c0_g3_i1::g.68177::m.68177	45.220	387	204	4	227	611	1	381	1.01e-110	338
Mantplas	CP@TRINITY_DN3481_c0_g3::CP@TRINITY_DN3481_c0_g3_i3::g.68182::m.68182	51.724	203	85	2	65	267	1	190	1.84e-58	194
Vermverm	CP@TRINITY_DN3481_c0_g3::CP@TRINITY_DN3481_c0_g3_i1::g.68177::m.68177	48.031	381	193	4	248	626	1	378	7.10e-114	346
Vermverm	CP@TRINITY_DN3481_c0_g3::CP@TRINITY_DN3481_c0_g3_i3::g.68182::m.68182	50.980	204	86	2	85	288	1	190	1.87e-62	205
Vermverm	CP@TRINITY_DN16261_c0_g2::CP@TRINITY_DN16261_c0_g2_i1::g.43725::m.43725	57.031	128	54	1	505	631	1	128	3.67e-45	159
HeterBB2	CP@TRINITY_DN3481_c0_g3::CP@TRINITY_DN3481_c0_g3_i1::g.68177::m.68177	43.367	392	207	3	303	693	1	378	1.33e-101	317
HeterBB2	CP@TRINITY_DN3481_c0_g3::CP@TRINITY_DN3481_c0_g3_i3::g.68182::m.68182	50.980	204	86	2	140	343	1	190	5.23e-62	205
Pharkirb	CP@TRINITY_DN3481_c0_g3::CP@TRINITY_DN3481_c0_g3_i1::g.68177::m.68177	42.416	389	212	4	297	684	1	378	9.01e-101	314
Pharkirb	CP@TRINITY_DN3481_c0_g3::CP@TRINITY_DN3481_c0_g3_i3::g.68182::m.68182	42.157	204	103	2	135	337	1	190	3.71e-52	179
Bodosalt	CP@TRINITY_DN3481_c0_g3::CP@TRINITY_DN3481_c0_g3_i1::g.68177::m.68177	41.085	387	213	8	230	610	1	378	4.93e-86	274
Bodosalt	CP@TRINITY_DN3481_c0_g3::CP@TRINITY_DN3481_c0_g3_i3::g.68182::m.68182	45.366	205	96	4	67	270	1	190	4.37e-51	174
Gefiokel	CP@TRINITY_DN3481_c0_g3::CP@TRINITY_DN3481_c0_g3_i1::g.68177::m.68177	39.747	395	219	6	300	691	2	380	3.03e-90	287
Gefiokel	CP@TRINITY_DN3481_c0_g3::CP@TRINITY_DN3481_c0_g3_i3::g.68182::m.68182	51.031	194	80	3	137	329	1	180	2.29e-56	190
Guttvulg	CP@TRINITY_DN3481_c0_g3::CP@TRINITY_DN3481_c0_g3_i1::g.68177::m.68177	40.674	386	217	3	275	656	1	378	1.53e-96	302
Guttvulg	CP@TRINITY_DN3481_c0_g3::CP@TRINITY_DN3481_c0_g3_i3::g.68182::m.68182	49.254	201	88	3	114	313	1	188	1.14e-58	196
Paralevi	CP@TRINITY_DN3481_c0_g3::CP@TRINITY_DN3481_c0_g3_i3::g.68182::m.68182	49.751	201	86	3	110	309	1	187	3.99e-62	197
Sphaarct	CP@TRINITY_DN3481_c0_g3::CP@TRINITY_DN3481_c0_g3_i1::g.68177::m.68177	42.910	268	143	4	274	535	1	264	1.80e-67	223
Sphaarct	CP@TRINITY_DN3481_c0_g3::CP@TRINITY_DN3481_c0_g3_i3::g.68182::m.68182	51.471	204	79	5	113	312	1	188	1.51e-61	201
Amoepara	CP@TRINITY_DN3481_c0_g3::CP@TRINITY_DN3481_c0_g3_i1::g.68177::m.68177	47.074	393	204	2	284	675	2	391	3.15e-124	374
Amoepara	CP@TRINITY_DN3481_c0_g3::CP@TRINITY_DN3481_c0_g3_i3::g.68182::m.68182	55.882	204	73	4	119	321	1	188	2.47e-71	229
Amoepara	CP@TRINITY_DN16261_c0_g2::CP@TRINITY_DN16261_c0_g2_i1::g.43725::m.43725	52.593	135	63	1	541	674	1	135	5.72e-47	164
Schimans	CP@TRINITY_DN3481_c0_g3::CP@TRINITY_DN3481_c0_g3_i1::g.68177::m.68177	45.063	395	211	4	325	718	1	390	1.05e-109	351
Schimans	CP@TRINITY_DN3481_c0_g3::CP@TRINITY_DN3481_c0_g3_i3::g.68182::m.68182	50.990	202	85	1	162	363	1	188	1.75e-66	223
Schimans	CP@TRINITY_DN16261_c0_g2::CP@TRINITY_DN16261_c0_g2_i1::g.43725::m.43725	59.559	136	54	1	583	718	1	135	1.72e-51	180
Taensoli	CP@TRINITY_DN3481_c0_g3::CP@TRINITY_DN3481_c0_g3_i1::g.68177::m.68177	47.089	395	203	3	333	726	1	390	1.01e-120	367
Taensoli	CP@TRINITY_DN3481_c0_g3::CP@TRINITY_DN3481_c0_g3_i3::g.68182::m.68182	54.455	202	78	2	170	371	1	188	3.21e-71	230
Taensoli	CP@TRINITY_DN16261_c0_g2::CP@TRINITY_DN16261_c0_g2_i1::g.43725::m.43725	55.147	136	60	1	591	726	1	135	1.63e-47	166
Aplycali	CP@TRINITY_DN3481_c0_g3::CP@TRINITY_DN3481_c0_g3_i1::g.68177::m.68177	46.193	394	207	3	353	745	1	390	3.35e-123	374
Aplycali	CP@TRINITY_DN3481_c0_g3::CP@TRINITY_DN3481_c0_g3_i3::g.68182::m.68182	53.465	202	80	2	190	391	1	188	1.41e-64	213
Aplycali	CP@TRINITY_DN16261_c0_g2::CP@TRINITY_DN16261_c0_g2_i1::g.43725::m.43725	64.444	135	48	0	611	745	1	135	8.45e-59	197
Caeneleg	CP@TRINITY_DN3481_c0_g3::CP@TRINITY_DN3481_c0_g3_i1::g.68177::m.68177	46.053	380	199	3	349	727	2	376	4.17e-105	327
Caeneleg	CP@TRINITY_DN3481_c0_g3::CP@TRINITY_DN3481_c0_g3_i3::g.68182::m.68182	54.950	202	77	1	185	386	1	188	5.68e-71	230
Caeneleg	CP@TRINITY_DN16261_c0_g2::CP@TRINITY_DN16261_c0_g2_i1::g.43725::m.43725	50.365	137	67	1	606	742	1	136	4.46e-45	160
Apismell	CP@TRINITY_DN3481_c0_g3::CP@TRINITY_DN3481_c0_g3_i1::g.68177::m.68177	46.193	394	206	3	344	736	1	389	1.40e-116	356
Apismell	CP@TRINITY_DN3481_c0_g3::CP@TRINITY_DN3481_c0_g3_i3::g.68182::m.68182	54.872	195	74	2	181	375	1	181	8.14e-66	216
Apismell	CP@TRINITY_DN16261_c0_g2::CP@TRINITY_DN16261_c0_g2_i1::g.43725::m.43725	65.217	138	48	0	603	740	1	138	2.04e-63	210
Drosmela	CP@TRINITY_DN3481_c0_g3::CP@TRINITY_DN3481_c0_g3_i1::g.68177::m.68177	48.354	395	198	3	370	763	1	390	7.58e-123	373
Drosmela	CP@TRINITY_DN3481_c0_g3::CP@TRINITY_DN3481_c0_g3_i3::g.68182::m.68182	52.970	202	81	2	207	408	1	188	2.87e-66	218
Drosmela	CP@TRINITY_DN16261_c0_g2::CP@TRINITY_DN16261_c0_g2_i1::g.43725::m.43725	64.925	134	47	0	629	762	1	134	5.46e-61	204
Gallgall	CP@TRINITY_DN3481_c0_g3::CP@TRINITY_DN3481_c0_g3_i1::g.68177::m.68177	47.716	394	200	3	324	716	1	389	1.75e-122	371
Gallgall	CP@TRINITY_DN3481_c0_g3::CP@TRINITY_DN3481_c0_g3_i3::g.68182::m.68182	48.515	202	90	1	161	362	1	188	2.13e-61	204
Gallgall	CP@TRINITY_DN16261_c0_g2::CP@TRINITY_DN16261_c0_g2_i1::g.43725::m.43725	58.824	136	55	1	582	717	1	135	9.29e-54	184
Branflor	CP@TRINITY_DN3481_c0_g3::CP@TRINITY_DN3481_c0_g3_i1::g.68177::m.68177	45.823	395	208	4	284	677	1	390	5.95e-117	355
Branflor	CP@TRINITY_DN3481_c0_g3::CP@TRINITY_DN3481_c0_g3_i3::g.68182::m.68182	47.525	202	92	2	121	322	1	188	1.32e-60	201
Branflor	CP@TRINITY_DN16261_c0_g2::CP@TRINITY_DN16261_c0_g2_i1::g.43725::m.43725	65.000	140	48	1	542	681	1	139	1.17e-59	199
Amphquee	CP@TRINITY_DN3481_c0_g3::CP@TRINITY_DN3481_c0_g3_i1::g.68177::m.68177	45.038	393	211	5	335	726	1	389	6.35e-116	354
Amphquee	CP@TRINITY_DN3481_c0_g3::CP@TRINITY_DN3481_c0_g3_i3::g.68182::m.68182	57.754	187	65	3	172	358	1	173	1.99e-60	201
Amphquee	CP@TRINITY_DN16261_c0_g2::CP@TRINITY_DN16261_c0_g2_i1::g.43725::m.43725	57.778	135	56	1	594	727	1	135	4.90e-48	168
Tricadha	CP@TRINITY_DN3481_c0_g3::CP@TRINITY_DN3481_c0_g3_i1::g.68177::m.68177	42.640	394	214	5	380	766	1	389	8.24e-105	327
Tricadha	CP@TRINITY_DN3481_c0_g3::CP@TRINITY_DN3481_c0_g3_i3::g.68182::m.68182	47.030	202	93	2	217	418	1	188	3.27e-55	188
Tricadha	CP@TRINITY_DN16261_c0_g2::CP@TRINITY_DN16261_c0_g2_i1::g.43725::m.43725	52.555	137	64	1	632	768	1	136	4.53e-46	163
Salprose	CP@TRINITY_DN3481_c0_g3::CP@TRINITY_DN3481_c0_g3_i1::g.68177::m.68177	45.932	381	203	3	273	652	1	379	1.39e-112	343
Salprose	CP@TRINITY_DN3481_c0_g3::CP@TRINITY_DN3481_c0_g3_i3::g.68182::m.68182	48.515	202	87	3	113	311	1	188	7.89e-57	191
Minivibr	CP@TRINITY_DN3481_c0_g3::CP@TRINITY_DN3481_c0_g3_i1::g.68177::m.68177	41.055	436	209	6	239	673	1	389	1.86e-104	323
Minivibr	CP@TRINITY_DN3481_c0_g3::CP@TRINITY_DN3481_c0_g3_i3::g.68182::m.68182	51.208	207	83	4	73	279	1	189	7.82e-61	201
Fontalba	CP@TRINITY_DN3481_c0_g3::CP@TRINITY_DN3481_c0_g3_i1::g.68177::m.68177	42.750	400	217	4	223	620	1	390	7.67e-102	315
Fontalba	CP@TRINITY_DN3481_c0_g3::CP@TRINITY_DN3481_c0_g3_i3::g.68182::m.68182	51.282	195	80	3	61	254	1	181	1.61e-58	194
Spizpunc	CP@TRINITY_DN3481_c0_g3::CP@TRINITY_DN3481_c0_g3_i1::g.68177::m.68177	52.010	398	181	3	313	709	2	390	2.17e-136	406
Spizpunc	CP@TRINITY_DN3481_c0_g3::CP@TRINITY_DN3481_c0_g3_i3::g.68182::m.68182	50.226	221	77	2	130	350	1	188	2.76e-68	222
Ustimayd	CP@TRINITY_DN3481_c0_g3::CP@TRINITY_DN3481_c0_g3_i1::g.68177::m.68177	48.724	392	198	1	286	677	1	389	1.03e-123	373
Ustimayd	CP@TRINITY_DN3481_c0_g3::CP@TRINITY_DN3481_c0_g3_i3::g.68182::m.68182	47.619	231	71	2	87	317	1	181	3.69e-67	218
Coprcine	CP@TRINITY_DN3481_c0_g3::CP@TRINITY_DN3481_c0_g3_i1::g.68177::m.68177	48.825	383	193	2	259	641	1	380	4.22e-126	378
Coprcine	CP@TRINITY_DN3481_c0_g3::CP@TRINITY_DN3481_c0_g3_i3::g.68182::m.68182	45.259	232	85	2	68	299	1	190	3.09e-65	213
Rhizdele	CP@TRINITY_DN3481_c0_g3::CP@TRINITY_DN3481_c0_g3_i1::g.68177::m.68177	57.568	370	154	1	267	636	1	367	1.55e-148	435
Rhizdele	CP@TRINITY_DN3481_c0_g3::CP@TRINITY_DN3481_c0_g3_i3::g.68182::m.68182	59.259	135	55	0	170	304	53	187	3.63e-55	186
Debahans	CP@TRINITY_DN3481_c0_g3::CP@TRINITY_DN3481_c0_g3_i1::g.68177::m.68177	51.908	393	184	1	260	652	1	388	7.13e-137	406
Debahans	CP@TRINITY_DN3481_c0_g3::CP@TRINITY_DN3481_c0_g3_i3::g.68182::m.68182	45.217	230	81	2	66	295	1	185	9.09e-61	201
Neurcras	CP@TRINITY_DN3481_c0_g3::CP@TRINITY_DN3481_c0_g3_i1::g.68177::m.68177	55.164	397	171	2	329	725	1	390	2.07e-140	417
Neurcras	CP@TRINITY_DN3481_c0_g3::CP@TRINITY_DN3481_c0_g3_i3::g.68182::m.68182	42.489	233	91	2	138	370	1	190	4.06e-56	190
Aspefumi	CP@TRINITY_DN3481_c0_g3::CP@TRINITY_DN3481_c0_g3_i1::g.68177::m.68177	52.645	397	181	2	302	698	1	390	4.09e-133	398
Aspefumi	CP@TRINITY_DN3481_c0_g3::CP@TRINITY_DN3481_c0_g3_i3::g.68182::m.68182	45.064	233	85	3	111	343	1	190	2.06e-59	198
Schizpom	CP@TRINITY_DN3481_c0_g3::CP@TRINITY_DN3481_c0_g3_i1::g.68177::m.68177	51.571	382	182	1	260	641	1	379	3.64e-135	401
Schizpom	CP@TRINITY_DN3481_c0_g3::CP@TRINITY_DN3481_c0_g3_i3::g.68182::m.68182	45.106	235	84	2	66	300	1	190	2.14e-63	208
Allomacr	CP@TRINITY_DN3481_c0_g3::CP@TRINITY_DN3481_c0_g3_i1::g.68177::m.68177	51.145	393	188	2	274	666	2	390	2.05e-138	410
Allomacr	CP@TRINITY_DN3481_c0_g3::CP@TRINITY_DN3481_c0_g3_i3::g.68182::m.68182	60.976	123	47	1	177	298	53	175	1.20e-47	166
Blasbrit	CP@TRINITY_DN3481_c0_g3::CP@TRINITY_DN3481_c0_g3_i1::g.68177::m.68177	50.260	384	184	2	265	648	2	378	4.67e-128	384
Blasbrit	CP@TRINITY_DN3481_c0_g3::CP@TRINITY_DN3481_c0_g3_i3::g.68182::m.68182	50.000	222	63	3	69	289	1	175	7.56e-65	212
MatazaD1	CP@TRINITY_DN3481_c0_g3::CP@TRINITY_DN3481_c0_g3_i1::g.68177::m.68177	43.864	383	208	4	321	701	1	378	9.20e-102	323
MatazaD1	CP@TRINITY_DN3481_c0_g3::CP@TRINITY_DN3481_c0_g3_i3::g.68182::m.68182	50.500	200	86	2	159	358	1	187	3.63e-61	206
Charbrau	CP@TRINITY_DN3481_c0_g3::CP@TRINITY_DN3481_c0_g3_i1::g.68177::m.68177	41.341	358	204	2	264	620	1	353	1.52e-88	290
Charbrau	CP@TRINITY_DN3481_c0_g3::CP@TRINITY_DN3481_c0_g3_i3::g.68182::m.68182	47.541	183	81	2	122	304	23	190	2.33e-51	179
Rhodmacu	CP@TRINITY_DN3481_c0_g3::CP@TRINITY_DN3481_c0_g3_i1::g.68177::m.68177	42.159	389	219	3	372	759	6	389	1.01e-93	297
