Blasemer	CP@TRINITY_DN5155_c0_g2::CP@TRINITY_DN5155_c0_g2_i2::g.13927::m.13927	69.712	208	63	0	1	208	318	525	5.91e-107	323
Blasemer	CP@TRINITY_DN5155_c0_g2::CP@TRINITY_DN5155_c0_g2_i1::g.13925::m.13925	69.712	208	63	0	1	208	318	525	5.91e-107	323
Protlace	CP@TRINITY_DN5155_c0_g2::CP@TRINITY_DN5155_c0_g2_i2::g.13927::m.13927	58.321	667	271	5	26	691	51	711	0.0	811
Protlace	CP@TRINITY_DN5155_c0_g2::CP@TRINITY_DN5155_c0_g2_i1::g.13925::m.13925	58.321	667	271	5	26	691	51	711	0.0	811
Protlace	CP@TRINITY_DN28311_c0_g1::CP@TRINITY_DN28311_c0_g1_i1::g.10416::m.10416	40.400	250	133	8	433	671	1	245	2.07e-53	184
Monoexil	CP@TRINITY_DN5155_c0_g2::CP@TRINITY_DN5155_c0_g2_i2::g.13927::m.13927	47.045	440	223	6	26	464	146	576	2.34e-138	422
Monoexil	CP@TRINITY_DN5155_c0_g2::CP@TRINITY_DN5155_c0_g2_i1::g.13925::m.13925	47.045	440	223	6	26	464	146	576	2.34e-138	422
Parapyri	CP@TRINITY_DN5155_c0_g2::CP@TRINITY_DN5155_c0_g2_i2::g.13927::m.13927	48.907	503	245	6	13	512	84	577	7.34e-175	518
Parapyri	CP@TRINITY_DN5155_c0_g2::CP@TRINITY_DN5155_c0_g2_i1::g.13925::m.13925	48.907	503	245	6	13	512	84	577	7.34e-175	518
Paulchro	CP@TRINITY_DN5155_c0_g2::CP@TRINITY_DN5155_c0_g2_i2::g.13927::m.13927	56.061	660	281	9	44	700	52	705	0.0	746
Paulchro	CP@TRINITY_DN5155_c0_g2::CP@TRINITY_DN5155_c0_g2_i1::g.13925::m.13925	56.061	660	281	9	44	700	52	705	0.0	746
Paulchro	CP@TRINITY_DN28311_c0_g1::CP@TRINITY_DN28311_c0_g1_i1::g.10416::m.10416	39.837	246	137	5	452	686	1	246	1.82e-53	185
Plasbras	CP@TRINITY_DN5155_c0_g2::CP@TRINITY_DN5155_c0_g2_i2::g.13927::m.13927	55.735	680	274	10	10	685	55	711	0.0	772
Plasbras	CP@TRINITY_DN5155_c0_g2::CP@TRINITY_DN5155_c0_g2_i1::g.13925::m.13925	55.735	680	274	10	10	685	55	711	0.0	772
Plasbras	CP@TRINITY_DN28311_c0_g1::CP@TRINITY_DN28311_c0_g1_i1::g.10416::m.10416	39.179	268	135	8	415	671	1	251	3.98e-54	186
Aurisoli	CP@TRINITY_DN5155_c0_g2::CP@TRINITY_DN5155_c0_g2_i2::g.13927::m.13927	56.744	645	275	4	50	693	55	696	0.0	768
Aurisoli	CP@TRINITY_DN5155_c0_g2::CP@TRINITY_DN5155_c0_g2_i1::g.13925::m.13925	56.744	645	275	4	50	693	55	696	0.0	768
Aurisoli	CP@TRINITY_DN28311_c0_g1::CP@TRINITY_DN28311_c0_g1_i1::g.10416::m.10416	38.211	246	141	6	455	689	1	246	2.01e-49	174
Cyangloe	CP@TRINITY_DN5155_c0_g2::CP@TRINITY_DN5155_c0_g2_i2::g.13927::m.13927	60.850	659	252	2	70	727	55	708	0.0	851
Cyangloe	CP@TRINITY_DN5155_c0_g2::CP@TRINITY_DN5155_c0_g2_i1::g.13925::m.13925	60.850	659	252	2	70	727	55	708	0.0	851
Cyangloe	CP@TRINITY_DN28311_c0_g1::CP@TRINITY_DN28311_c0_g1_i1::g.10416::m.10416	39.044	251	137	6	472	711	1	246	1.23e-50	177
Galdphle	CP@TRINITY_DN5155_c0_g2::CP@TRINITY_DN5155_c0_g2_i2::g.13927::m.13927	53.540	678	287	6	29	699	55	711	0.0	746
Galdphle	CP@TRINITY_DN5155_c0_g2::CP@TRINITY_DN5155_c0_g2_i1::g.13925::m.13925	53.540	678	287	6	29	699	55	711	0.0	746
Porppurp	CP@TRINITY_DN5155_c0_g2::CP@TRINITY_DN5155_c0_g2_i2::g.13927::m.13927	54.844	671	287	5	15	683	55	711	0.0	767
Porppurp	CP@TRINITY_DN5155_c0_g2::CP@TRINITY_DN5155_c0_g2_i1::g.13925::m.13925	54.844	671	287	5	15	683	55	711	0.0	767
Porppurp	CP@TRINITY_DN28311_c0_g1::CP@TRINITY_DN28311_c0_g1_i1::g.10416::m.10416	39.526	253	136	6	422	664	1	246	1.57e-49	174
Gracchor	CP@TRINITY_DN5155_c0_g2::CP@TRINITY_DN5155_c0_g2_i2::g.13927::m.13927	54.545	550	232	7	16	558	38	576	0.0	613
Gracchor	CP@TRINITY_DN5155_c0_g2::CP@TRINITY_DN5155_c0_g2_i1::g.13925::m.13925	54.545	550	232	7	16	558	38	576	0.0	613
Gemicryo	CP@TRINITY_DN5155_c0_g2::CP@TRINITY_DN5155_c0_g2_i2::g.13927::m.13927	55.807	663	283	5	31	691	55	709	0.0	781
Gemicryo	CP@TRINITY_DN5155_c0_g2::CP@TRINITY_DN5155_c0_g2_i1::g.13925::m.13925	55.807	663	283	5	31	691	55	709	0.0	781
Guilthet	CP@TRINITY_DN5155_c0_g2::CP@TRINITY_DN5155_c0_g2_i2::g.13927::m.13927	55.807	663	284	5	24	684	55	710	0.0	786
Guilthet	CP@TRINITY_DN5155_c0_g2::CP@TRINITY_DN5155_c0_g2_i1::g.13925::m.13925	55.807	663	284	5	24	684	55	710	0.0	786
Guilthet	CP@TRINITY_DN28311_c0_g1::CP@TRINITY_DN28311_c0_g1_i1::g.10416::m.10416	41.833	251	130	6	427	666	1	246	1.98e-51	179
Hemirufe	CP@TRINITY_DN5155_c0_g2::CP@TRINITY_DN5155_c0_g2_i2::g.13927::m.13927	56.692	665	275	6	37	699	57	710	0.0	786
Hemirufe	CP@TRINITY_DN5155_c0_g2::CP@TRINITY_DN5155_c0_g2_i1::g.13925::m.13925	56.692	665	275	6	37	699	57	710	0.0	786
Nephpyri	CP@TRINITY_DN5155_c0_g2::CP@TRINITY_DN5155_c0_g2_i2::g.13927::m.13927	56.801	669	273	6	47	711	56	712	0.0	795
Nephpyri	CP@TRINITY_DN5155_c0_g2::CP@TRINITY_DN5155_c0_g2_i1::g.13925::m.13925	56.801	669	273	6	47	711	56	712	0.0	795
Nephpyri	CP@TRINITY_DN28311_c0_g1::CP@TRINITY_DN28311_c0_g1_i1::g.10416::m.10416	39.200	250	138	6	455	694	1	246	3.77e-45	162
Mesoviri	CP@TRINITY_DN5155_c0_g2::CP@TRINITY_DN5155_c0_g2_i2::g.13927::m.13927	58.841	656	266	3	26	680	61	713	0.0	826
Mesoviri	CP@TRINITY_DN5155_c0_g2::CP@TRINITY_DN5155_c0_g2_i1::g.13925::m.13925	58.841	656	266	3	26	680	61	713	0.0	826
Mesoviri	CP@TRINITY_DN28311_c0_g1::CP@TRINITY_DN28311_c0_g1_i1::g.10416::m.10416	40.891	247	134	7	424	659	1	246	1.99e-52	182
Charbrau	CP@TRINITY_DN5155_c0_g2::CP@TRINITY_DN5155_c0_g2_i2::g.13927::m.13927	57.481	675	281	4	23	696	40	709	0.0	831
Charbrau	CP@TRINITY_DN5155_c0_g2::CP@TRINITY_DN5155_c0_g2_i1::g.13925::m.13925	57.481	675	281	4	23	696	40	709	0.0	831
Charbrau	CP@TRINITY_DN28311_c0_g1::CP@TRINITY_DN28311_c0_g1_i1::g.10416::m.10416	39.113	248	138	7	443	679	1	246	1.03e-48	172
Arabthal	CP@TRINITY_DN5155_c0_g2::CP@TRINITY_DN5155_c0_g2_i2::g.13927::m.13927	55.488	656	286	5	49	702	58	709	0.0	786
Arabthal	CP@TRINITY_DN5155_c0_g2::CP@TRINITY_DN5155_c0_g2_i1::g.13925::m.13925	55.488	656	286	5	49	702	58	709	0.0	786
Arabthal	CP@TRINITY_DN28311_c0_g1::CP@TRINITY_DN28311_c0_g1_i1::g.10416::m.10416	39.600	250	139	6	450	688	1	249	2.27e-53	184
Dunasali	CP@TRINITY_DN5155_c0_g2::CP@TRINITY_DN5155_c0_g2_i2::g.13927::m.13927	54.844	671	299	3	19	687	57	725	0.0	770
Dunasali	CP@TRINITY_DN5155_c0_g2::CP@TRINITY_DN5155_c0_g2_i1::g.13925::m.13925	54.844	671	299	3	19	687	57	725	0.0	770
Dunasali	CP@TRINITY_DN28311_c0_g1::CP@TRINITY_DN28311_c0_g1_i1::g.10416::m.10416	39.357	249	133	8	421	654	1	246	1.91e-47	168
Chlarein	CP@TRINITY_DN5155_c0_g2::CP@TRINITY_DN5155_c0_g2_i2::g.13927::m.13927	48.006	677	315	6	2	653	40	704	0.0	646
Chlarein	CP@TRINITY_DN5155_c0_g2::CP@TRINITY_DN5155_c0_g2_i1::g.13925::m.13925	48.006	677	315	6	2	653	40	704	0.0	646
Pyrapark	CP@TRINITY_DN5155_c0_g2::CP@TRINITY_DN5155_c0_g2_i2::g.13927::m.13927	52.550	706	325	5	35	732	39	742	0.0	777
Pyrapark	CP@TRINITY_DN5155_c0_g2::CP@TRINITY_DN5155_c0_g2_i1::g.13925::m.13925	52.550	706	325	5	35	732	39	742	0.0	777
Pyrapark	CP@TRINITY_DN28311_c0_g1::CP@TRINITY_DN28311_c0_g1_i1::g.10416::m.10416	39.837	246	136	7	452	685	1	246	8.05e-50	175
Prassing	CP@TRINITY_DN5155_c0_g2::CP@TRINITY_DN5155_c0_g2_i2::g.13927::m.13927	50.946	687	328	5	41	725	40	719	0.0	722
Prassing	CP@TRINITY_DN5155_c0_g2::CP@TRINITY_DN5155_c0_g2_i1::g.13925::m.13925	50.946	687	328	5	41	725	40	719	0.0	722
Prassing	CP@TRINITY_DN28311_c0_g1::CP@TRINITY_DN28311_c0_g1_i1::g.10416::m.10416	41.463	246	132	7	465	698	1	246	1.51e-51	181
Prascaps	CP@TRINITY_DN5155_c0_g2::CP@TRINITY_DN5155_c0_g2_i2::g.13927::m.13927	53.666	682	307	5	6	683	39	715	0.0	758
Prascaps	CP@TRINITY_DN5155_c0_g2::CP@TRINITY_DN5155_c0_g2_i1::g.13925::m.13925	53.666	682	307	5	6	683	39	715	0.0	758
Prascaps	CP@TRINITY_DN28311_c0_g1::CP@TRINITY_DN28311_c0_g1_i1::g.10416::m.10416	37.200	250	137	7	427	660	1	246	6.57e-45	161
Tetrasti	CP@TRINITY_DN5155_c0_g2::CP@TRINITY_DN5155_c0_g2_i2::g.13927::m.13927	56.175	664	286	4	48	707	66	728	0.0	786
Tetrasti	CP@TRINITY_DN5155_c0_g2::CP@TRINITY_DN5155_c0_g2_i1::g.13925::m.13925	56.175	664	286	4	48	707	66	728	0.0	786
Chlovari	CP@TRINITY_DN5155_c0_g2::CP@TRINITY_DN5155_c0_g2_i2::g.13927::m.13927	47.649	638	261	8	2	566	105	742	0.0	612
Chlovari	CP@TRINITY_DN5155_c0_g2::CP@TRINITY_DN5155_c0_g2_i1::g.13925::m.13925	47.649	638	261	8	2	566	105	742	0.0	612
Chlovari	CP@TRINITY_DN28311_c0_g1::CP@TRINITY_DN28311_c0_g1_i1::g.10416::m.10416	43.089	246	129	6	290	524	1	246	4.50e-54	184
Thectrah	CP@TRINITY_DN5155_c0_g2::CP@TRINITY_DN5155_c0_g2_i2::g.13927::m.13927	52.559	723	301	9	8	727	38	721	0.0	772
Thectrah	CP@TRINITY_DN5155_c0_g2::CP@TRINITY_DN5155_c0_g2_i1::g.13925::m.13925	52.559	723	301	9	8	727	38	721	0.0	772
Thectrah	CP@TRINITY_DN28311_c0_g1::CP@TRINITY_DN28311_c0_g1_i1::g.10416::m.10416	37.647	255	146	8	459	701	1	254	2.68e-47	168
Lapoguse	CP@TRINITY_DN5155_c0_g2::CP@TRINITY_DN5155_c0_g2_i2::g.13927::m.13927	56.863	663	279	5	96	757	55	711	0.0	780
Lapoguse	CP@TRINITY_DN5155_c0_g2::CP@TRINITY_DN5155_c0_g2_i1::g.13925::m.13925	56.863	663	279	5	96	757	55	711	0.0	780
Lapoguse	CP@TRINITY_DN28311_c0_g1::CP@TRINITY_DN28311_c0_g1_i1::g.10416::m.10416	41.296	247	133	7	500	735	1	246	1.98e-54	188
SpirCILI	CP@TRINITY_DN5155_c0_g2::CP@TRINITY_DN5155_c0_g2_i2::g.13927::m.13927	54.518	664	293	5	59	720	54	710	0.0	786
SpirCILI	CP@TRINITY_DN5155_c0_g2::CP@TRINITY_DN5155_c0_g2_i1::g.13925::m.13925	54.518	664	293	5	59	720	54	710	0.0	786
SpirCILI	CP@TRINITY_DN28311_c0_g1::CP@TRINITY_DN28311_c0_g1_i1::g.10416::m.10416	38.281	256	143	7	462	707	1	251	6.20e-50	175
Hemikukw	CP@TRINITY_DN5155_c0_g2::CP@TRINITY_DN5155_c0_g2_i2::g.13927::m.13927	57.335	668	273	6	66	732	55	711	0.0	811
Hemikukw	CP@TRINITY_DN5155_c0_g2::CP@TRINITY_DN5155_c0_g2_i1::g.13925::m.13925	57.335	668	273	6	66	732	55	711	0.0	811
Hemikukw	CP@TRINITY_DN28311_c0_g1::CP@TRINITY_DN28311_c0_g1_i1::g.10416::m.10416	39.535	258	140	7	474	720	1	253	7.92e-54	186
Protadhe	CP@TRINITY_DN5155_c0_g2::CP@TRINITY_DN5155_c0_g2_i2::g.13927::m.13927	55.696	553	218	3	75	627	51	576	0.0	664
Protadhe	CP@TRINITY_DN5155_c0_g2::CP@TRINITY_DN5155_c0_g2_i1::g.13925::m.13925	55.696	553	218	3	75	627	51	576	0.0	664
Stroincl	CP@TRINITY_DN5155_c0_g2::CP@TRINITY_DN5155_c0_g2_i2::g.13927::m.13927	45.791	297	134	3	1	297	94	363	9.43e-85	269
Stroincl	CP@TRINITY_DN5155_c0_g2::CP@TRINITY_DN5155_c0_g2_i1::g.13925::m.13925	45.791	297	134	3	1	297	94	363	9.43e-85	269
Styllemn	CP@TRINITY_DN5155_c0_g2::CP@TRINITY_DN5155_c0_g2_i2::g.13927::m.13927	47.273	770	316	8	42	810	55	735	0.0	716
Styllemn	CP@TRINITY_DN5155_c0_g2::CP@TRINITY_DN5155_c0_g2_i1::g.13925::m.13925	47.273	770	316	8	42	810	55	735	0.0	716
Stencoer	CP@TRINITY_DN5155_c0_g2::CP@TRINITY_DN5155_c0_g2_i2::g.13927::m.13927	50.727	688	289	5	36	722	57	695	0.0	729
Stencoer	CP@TRINITY_DN5155_c0_g2::CP@TRINITY_DN5155_c0_g2_i1::g.13925::m.13925	50.727	688	289	5	36	722	57	695	0.0	729
Stencoer	CP@TRINITY_DN28311_c0_g1::CP@TRINITY_DN28311_c0_g1_i1::g.10416::m.10416	39.781	274	130	12	464	725	1	251	1.49e-52	184
Platmacr	CP@TRINITY_DN5155_c0_g2::CP@TRINITY_DN5155_c0_g2_i2::g.13927::m.13927	40.779	385	196	4	13	397	38	390	4.36e-98	308
Platmacr	CP@TRINITY_DN5155_c0_g2::CP@TRINITY_DN5155_c0_g2_i1::g.13925::m.13925	40.779	385	196	4	13	397	38	390	4.36e-98	308
Ichtmult	CP@TRINITY_DN5155_c0_g2::CP@TRINITY_DN5155_c0_g2_i2::g.13927::m.13927	45.242	683	315	10	13	692	90	716	0.0	613
Ichtmult	CP@TRINITY_DN5155_c0_g2::CP@TRINITY_DN5155_c0_g2_i1::g.13925::m.13925	45.242	683	315	10	13	692	90	716	0.0	613
Tetrther	CP@TRINITY_DN5155_c0_g2::CP@TRINITY_DN5155_c0_g2_i2::g.13927::m.13927	49.376	561	245	2	95	655	55	576	0.0	586
Tetrther	CP@TRINITY_DN5155_c0_g2::CP@TRINITY_DN5155_c0_g2_i1::g.13925::m.13925	49.376	561	245	2	95	655	55	576	0.0	586
Paratetr	CP@TRINITY_DN5155_c0_g2::CP@TRINITY_DN5155_c0_g2_i2::g.13927::m.13927	50.685	584	254	4	31	614	55	604	0.0	616
Paratetr	CP@TRINITY_DN5155_c0_g2::CP@TRINITY_DN5155_c0_g2_i1::g.13925::m.13925	50.685	584	254	4	31	614	55	604	0.0	616
Oxyrmari	CP@TRINITY_DN5155_c0_g2::CP@TRINITY_DN5155_c0_g2_i2::g.13927::m.13927	46.900	742	305	6	51	791	57	710	0.0	690
Oxyrmari	CP@TRINITY_DN5155_c0_g2::CP@TRINITY_DN5155_c0_g2_i1::g.13925::m.13925	46.900	742	305	6	51	791	57	710	0.0	690
HemaVICK	CP@TRINITY_DN5155_c0_g2::CP@TRINITY_DN5155_c0_g2_i2::g.13927::m.13927	50.551	726	287	9	26	750	55	709	0.0	717
HemaVICK	CP@TRINITY_DN5155_c0_g2::CP@TRINITY_DN5155_c0_g2_i1::g.13925::m.13925	50.551	726	287	9	26	750	55	709	0.0	717
Noctscin	CP@TRINITY_DN5155_c0_g2::CP@TRINITY_DN5155_c0_g2_i2::g.13927::m.13927	53.108	563	223	4	53	615	55	576	0.0	625
Noctscin	CP@TRINITY_DN5155_c0_g2::CP@TRINITY_DN5155_c0_g2_i1::g.13925::m.13925	53.108	563	223	4	53	615	55	576	0.0	625
Vitrbras	CP@TRINITY_DN5155_c0_g2::CP@TRINITY_DN5155_c0_g2_i2::g.13927::m.13927	48.285	758	291	7	31	787	55	712	0.0	717
Vitrbras	CP@TRINITY_DN5155_c0_g2::CP@TRINITY_DN5155_c0_g2_i1::g.13925::m.13925	48.285	758	291	7	31	787	55	712	0.0	717
Gregniph	CP@TRINITY_DN5155_c0_g2::CP@TRINITY_DN5155_c0_g2_i2::g.13927::m.13927	48.845	563	249	6	24	583	50	576	0.0	559
Gregniph	CP@TRINITY_DN5155_c0_g2::CP@TRINITY_DN5155_c0_g2_i1::g.13925::m.13925	48.845	563	249	6	24	583	50	576	0.0	559
Plasfalc	CP@TRINITY_DN5155_c0_g2::CP@TRINITY_DN5155_c0_g2_i2::g.13927::m.13927	53.066	473	210	3	328	800	125	585	0.0	561
Plasfalc	CP@TRINITY_DN5155_c0_g2::CP@TRINITY_DN5155_c0_g2_i1::g.13925::m.13925	53.066	473	210	3	328	800	125	585	0.0	561
Colpangu	CP@TRINITY_DN5155_c0_g2::CP@TRINITY_DN5155_c0_g2_i2::g.13927::m.13927	47.931	580	258	4	48	626	40	576	0.0	563
Colpangu	CP@TRINITY_DN5155_c0_g2::CP@TRINITY_DN5155_c0_g2_i1::g.13925::m.13925	47.931	580	258	4	48	626	40	576	0.0	563
Pigoviet	CP@TRINITY_DN5155_c0_g2::CP@TRINITY_DN5155_c0_g2_i2::g.13927::m.13927	63.128	716	256	3	6	718	6	716	0.0	956
Pigoviet	CP@TRINITY_DN5155_c0_g2::CP@TRINITY_DN5155_c0_g2_i1::g.13925::m.13925	63.128	716	256	3	6	718	6	716	0.0	956
Capsowcz	CP@TRINITY_DN5155_c0_g2::CP@TRINITY_DN5155_c0_g2_i2::g.13927::m.13927	65.447	683	231	3	30	711	41	719	0.0	947
Capsowcz	CP@TRINITY_DN5155_c0_g2::CP@TRINITY_DN5155_c0_g2_i1::g.13925::m.13925	65.447	683	231	3	30	711	41	719	0.0	947
Capsowcz	CP@TRINITY_DN28311_c0_g1::CP@TRINITY_DN28311_c0_g1_i1::g.10416::m.10416	39.357	249	135	7	449	684	1	246	2.94e-49	174
Syssmult	CP@TRINITY_DN5155_c0_g2::CP@TRINITY_DN5155_c0_g2_i2::g.13927::m.13927	67.350	683	222	1	28	709	55	737	0.0	988
Syssmult	CP@TRINITY_DN5155_c0_g2::CP@TRINITY_DN5155_c0_g2_i1::g.13925::m.13925	67.350	683	222	1	28	709	55	737	0.0	988
Syssmult	CP@TRINITY_DN28311_c0_g1::CP@TRINITY_DN28311_c0_g1_i1::g.10416::m.10416	39.535	258	136	7	430	667	1	258	1.78e-52	182
Coralima	CP@TRINITY_DN5155_c0_g2::CP@TRINITY_DN5155_c0_g2_i2::g.13927::m.13927	62.891	671	243	3	14	683	50	715	0.0	919
Coralima	CP@TRINITY_DN5155_c0_g2::CP@TRINITY_DN5155_c0_g2_i1::g.13925::m.13925	62.891	671	243	3	14	683	50	715	0.0	919
Coralima	CP@TRINITY_DN28311_c0_g1::CP@TRINITY_DN28311_c0_g1_i1::g.10416::m.10416	38.956	249	138	6	423	660	1	246	1.39e-53	185
Nemavect	CP@TRINITY_DN5155_c0_g2::CP@TRINITY_DN5155_c0_g2_i2::g.13927::m.13927	73.250	557	148	1	1	557	166	721	0.0	887
Nemavect	CP@TRINITY_DN5155_c0_g2::CP@TRINITY_DN5155_c0_g2_i1::g.13925::m.13925	73.250	557	148	1	1	557	166	721	0.0	887
Nemavect	CP@TRINITY_DN28311_c0_g1::CP@TRINITY_DN28311_c0_g1_i1::g.10416::m.10416	41.129	248	133	8	292	528	1	246	1.94e-53	182
Homosapi	CP@TRINITY_DN5155_c0_g2::CP@TRINITY_DN5155_c0_g2_i2::g.13927::m.13927	64.602	678	234	2	123	800	50	721	0.0	944
Homosapi	CP@TRINITY_DN5155_c0_g2::CP@TRINITY_DN5155_c0_g2_i1::g.13925::m.13925	64.602	678	234	2	123	800	50	721	0.0	944
Homosapi	CP@TRINITY_DN28311_c0_g1::CP@TRINITY_DN28311_c0_g1_i1::g.10416::m.10416	42.339	248	130	7	535	771	1	246	1.68e-55	191
Creofrag	CP@TRINITY_DN5155_c0_g2::CP@TRINITY_DN5155_c0_g2_i2::g.13927::m.13927	61.243	676	255	4	109	782	44	714	0.0	882
Creofrag	CP@TRINITY_DN5155_c0_g2::CP@TRINITY_DN5155_c0_g2_i1::g.13925::m.13925	61.243	676	255	4	109	782	44	714	0.0	882
Creofrag	CP@TRINITY_DN28311_c0_g1::CP@TRINITY_DN28311_c0_g1_i1::g.10416::m.10416	40.873	252	137	7	525	765	1	251	7.85e-55	189
Sphadest	CP@TRINITY_DN5155_c0_g2::CP@TRINITY_DN5155_c0_g2_i2::g.13927::m.13927	61.404	684	257	6	31	712	42	720	0.0	864
Sphadest	CP@TRINITY_DN5155_c0_g2::CP@TRINITY_DN5155_c0_g2_i1::g.13925::m.13925	61.404	684	257	6	31	712	42	720	0.0	864
Sphadest	CP@TRINITY_DN28311_c0_g1::CP@TRINITY_DN28311_c0_g1_i1::g.10416::m.10416	35.887	248	148	5	450	686	1	248	2.13e-47	168
Monobrev	CP@TRINITY_DN5155_c0_g2::CP@TRINITY_DN5155_c0_g2_i2::g.13927::m.13927	57.517	572	220	2	1	549	130	701	0.0	709
Monobrev	CP@TRINITY_DN5155_c0_g2::CP@TRINITY_DN5155_c0_g2_i1::g.13925::m.13925	57.517	572	220	2	1	549	130	701	0.0	709
Parvatla	CP@TRINITY_DN5155_c0_g2::CP@TRINITY_DN5155_c0_g2_i2::g.13927::m.13927	60.198	706	272	6	50	749	38	740	0.0	880
Parvatla	CP@TRINITY_DN5155_c0_g2::CP@TRINITY_DN5155_c0_g2_i1::g.13925::m.13925	60.198	706	272	6	50	749	38	740	0.0	880
Parvatla	CP@TRINITY_DN28311_c0_g1::CP@TRINITY_DN28311_c0_g1_i1::g.10416::m.10416	40.650	246	135	6	468	702	1	246	9.29e-55	189
Mitodaph	CP@TRINITY_DN5155_c0_g2::CP@TRINITY_DN5155_c0_g2_i2::g.13927::m.13927	57.829	645	264	5	32	675	52	689	0.0	791
Mitodaph	CP@TRINITY_DN5155_c0_g2::CP@TRINITY_DN5155_c0_g2_i1::g.13925::m.13925	57.829	645	264	5	32	675	52	689	0.0	791
Parasacc	CP@TRINITY_DN5155_c0_g2::CP@TRINITY_DN5155_c0_g2_i2::g.13927::m.13927	58.074	675	268	7	31	702	53	715	0.0	827
Parasacc	CP@TRINITY_DN5155_c0_g2::CP@TRINITY_DN5155_c0_g2_i1::g.13925::m.13925	58.074	675	268	7	31	702	53	715	0.0	827
Parasacc	CP@TRINITY_DN28311_c0_g1::CP@TRINITY_DN28311_c0_g1_i1::g.10416::m.10416	36.965	257	143	8	436	681	1	249	2.46e-46	165
Rozeallo	CP@TRINITY_DN5155_c0_g2::CP@TRINITY_DN5155_c0_g2_i2::g.13927::m.13927	57.228	671	278	6	26	689	51	719	0.0	790
Rozeallo	CP@TRINITY_DN5155_c0_g2::CP@TRINITY_DN5155_c0_g2_i1::g.13925::m.13925	57.228	671	278	6	26	689	51	719	0.0	790
Rozeallo	CP@TRINITY_DN28311_c0_g1::CP@TRINITY_DN28311_c0_g1_i1::g.10416::m.10416	40.400	250	137	7	429	667	1	249	4.79e-54	186
Batrdend	CP@TRINITY_DN5155_c0_g2::CP@TRINITY_DN5155_c0_g2_i2::g.13927::m.13927	62.043	656	244	4	21	674	41	693	0.0	858
Batrdend	CP@TRINITY_DN5155_c0_g2::CP@TRINITY_DN5155_c0_g2_i1::g.13925::m.13925	62.043	656	244	4	21	674	41	693	0.0	858
Sacccere	CP@TRINITY_DN5155_c0_g2::CP@TRINITY_DN5155_c0_g2_i2::g.13927::m.13927	54.294	687	291	7	42	727	51	715	0.0	785
Sacccere	CP@TRINITY_DN5155_c0_g2::CP@TRINITY_DN5155_c0_g2_i1::g.13925::m.13925	54.294	687	291	7	42	727	51	715	0.0	785
Sacccere	CP@TRINITY_DN28311_c0_g1::CP@TRINITY_DN28311_c0_g1_i1::g.10416::m.10416	38.153	249	140	7	463	700	1	246	2.71e-50	176
Goniavon	CP@TRINITY_DN5155_c0_g2::CP@TRINITY_DN5155_c0_g2_i2::g.13927::m.13927	64.286	294	100	4	1	293	373	662	1.92e-140	414
Goniavon	CP@TRINITY_DN5155_c0_g2::CP@TRINITY_DN5155_c0_g2_i1::g.13925::m.13925	64.286	294	100	4	1	293	373	662	1.92e-140	414
Goniavon	CP@TRINITY_DN28311_c0_g1::CP@TRINITY_DN28311_c0_g1_i1::g.10416::m.10416	40.187	214	110	6	85	290	1	204	2.90e-43	149
Leptvora	CP@TRINITY_DN5155_c0_g2::CP@TRINITY_DN5155_c0_g2_i2::g.13927::m.13927	56.350	685	285	7	73	753	38	712	0.0	796
Leptvora	CP@TRINITY_DN5155_c0_g2::CP@TRINITY_DN5155_c0_g2_i1::g.13925::m.13925	56.350	685	285	7	73	753	38	712	0.0	796
Leptvora	CP@TRINITY_DN28311_c0_g1::CP@TRINITY_DN28311_c0_g1_i1::g.10416::m.10416	39.689	257	138	8	493	738	1	251	1.11e-50	178
Bigenata	CP@TRINITY_DN5155_c0_g2::CP@TRINITY_DN5155_c0_g2_i2::g.13927::m.13927	54.873	667	289	6	7	672	55	710	0.0	760
Bigenata	CP@TRINITY_DN5155_c0_g2::CP@TRINITY_DN5155_c0_g2_i1::g.13925::m.13925	54.873	667	289	6	7	672	55	710	0.0	760
Bigenata	CP@TRINITY_DN28311_c0_g1::CP@TRINITY_DN28311_c0_g1_i1::g.10416::m.10416	38.976	254	142	6	416	659	1	251	8.33e-53	182
Stichzan	CP@TRINITY_DN5155_c0_g2::CP@TRINITY_DN5155_c0_g2_i2::g.13927::m.13927	59.159	333	126	2	38	370	298	620	1.22e-143	424
Stichzan	CP@TRINITY_DN5155_c0_g2::CP@TRINITY_DN5155_c0_g2_i1::g.13925::m.13925	59.159	333	126	2	38	370	298	620	1.22e-143	424
Retifilo	CP@TRINITY_DN5155_c0_g2::CP@TRINITY_DN5155_c0_g2_i2::g.13927::m.13927	52.924	701	283	10	150	845	56	714	0.0	742
Retifilo	CP@TRINITY_DN5155_c0_g2::CP@TRINITY_DN5155_c0_g2_i1::g.13925::m.13925	52.924	701	283	10	150	845	56	714	0.0	742
Retifilo	CP@TRINITY_DN28311_c0_g1::CP@TRINITY_DN28311_c0_g1_i1::g.10416::m.10416	40.467	257	141	4	578	828	1	251	2.90e-55	191
Sori0191	CP@TRINITY_DN5155_c0_g2::CP@TRINITY_DN5155_c0_g2_i2::g.13927::m.13927	45.735	422	200	6	13	434	44	436	3.05e-133	400
Sori0191	CP@TRINITY_DN5155_c0_g2::CP@TRINITY_DN5155_c0_g2_i1::g.13925::m.13925	45.735	422	200	6	13	434	44	436	3.05e-133	400
Ammo1384	CP@TRINITY_DN5155_c0_g2::CP@TRINITY_DN5155_c0_g2_i2::g.13927::m.13927	52.741	529	199	7	2	530	105	582	0.0	567
Ammo1384	CP@TRINITY_DN5155_c0_g2::CP@TRINITY_DN5155_c0_g2_i1::g.13925::m.13925	52.741	529	199	7	2	530	105	582	0.0	567
Phytpara	CP@TRINITY_DN5155_c0_g2::CP@TRINITY_DN5155_c0_g2_i2::g.13927::m.13927	54.545	704	275	7	35	736	51	711	0.0	789
Phytpara	CP@TRINITY_DN5155_c0_g2::CP@TRINITY_DN5155_c0_g2_i1::g.13925::m.13925	54.545	704	275	7	35	736	51	711	0.0	789
Phytpara	CP@TRINITY_DN28311_c0_g1::CP@TRINITY_DN28311_c0_g1_i1::g.10416::m.10416	40.323	248	136	7	480	717	1	246	2.15e-51	179
Telosubt	CP@TRINITY_DN5155_c0_g2::CP@TRINITY_DN5155_c0_g2_i2::g.13927::m.13927	60.541	370	127	7	1	369	357	708	5.57e-154	456
Telosubt	CP@TRINITY_DN5155_c0_g2::CP@TRINITY_DN5155_c0_g2_i1::g.13925::m.13925	60.541	370	127	7	1	369	357	708	5.57e-154	456
Telosubt	CP@TRINITY_DN28311_c0_g1::CP@TRINITY_DN28311_c0_g1_i1::g.10416::m.10416	39.080	261	136	7	102	353	1	247	1.60e-51	176
TeloneP2	CP@TRINITY_DN5155_c0_g2::CP@TRINITY_DN5155_c0_g2_i2::g.13927::m.13927	50.752	731	300	11	94	823	52	723	0.0	720
TeloneP2	CP@TRINITY_DN5155_c0_g2::CP@TRINITY_DN5155_c0_g2_i1::g.13925::m.13925	50.752	731	300	11	94	823	52	723	0.0	720
TeloneP2	CP@TRINITY_DN28311_c0_g1::CP@TRINITY_DN28311_c0_g1_i1::g.10416::m.10416	37.786	262	139	7	537	789	1	247	1.14e-49	176
MAST003A	CP@TRINITY_DN5155_c0_g2::CP@TRINITY_DN5155_c0_g2_i2::g.13927::m.13927	38.201	678	267	14	27	575	40	694	1.04e-141	429
MAST003A	CP@TRINITY_DN5155_c0_g2::CP@TRINITY_DN5155_c0_g2_i1::g.13925::m.13925	38.201	678	267	14	27	575	40	694	1.04e-141	429
MAST004C	CP@TRINITY_DN5155_c0_g2::CP@TRINITY_DN5155_c0_g2_i2::g.13927::m.13927	51.701	294	109	6	170	440	409	692	1.41e-85	283
MAST004C	CP@TRINITY_DN5155_c0_g2::CP@TRINITY_DN5155_c0_g2_i1::g.13925::m.13925	51.701	294	109	6	170	440	409	692	1.41e-85	283
MAST04A1	CP@TRINITY_DN5155_c0_g2::CP@TRINITY_DN5155_c0_g2_i2::g.13927::m.13927	47.541	244	91	7	197	419	465	692	1.27e-58	210
MAST04A1	CP@TRINITY_DN5155_c0_g2::CP@TRINITY_DN5155_c0_g2_i2::g.13927::m.13927	36.770	291	91	6	1	210	88	366	4.29e-43	166
MAST04A1	CP@TRINITY_DN5155_c0_g2::CP@TRINITY_DN5155_c0_g2_i1::g.13925::m.13925	47.541	244	91	7	197	419	465	692	1.27e-58	210
MAST04A1	CP@TRINITY_DN5155_c0_g2::CP@TRINITY_DN5155_c0_g2_i1::g.13925::m.13925	36.770	291	91	6	1	210	88	366	4.29e-43	166
MAST04A2	CP@TRINITY_DN5155_c0_g2::CP@TRINITY_DN5155_c0_g2_i2::g.13927::m.13927	54.265	680	267	11	64	741	55	692	0.0	741
MAST04A2	CP@TRINITY_DN5155_c0_g2::CP@TRINITY_DN5155_c0_g2_i1::g.13925::m.13925	54.265	680	267	11	64	741	55	692	0.0	741
MAST004E	CP@TRINITY_DN5155_c0_g2::CP@TRINITY_DN5155_c0_g2_i2::g.13927::m.13927	45.347	505	176	11	57	500	38	503	6.13e-137	412
MAST004E	CP@TRINITY_DN5155_c0_g2::CP@TRINITY_DN5155_c0_g2_i1::g.13925::m.13925	45.347	505	176	11	57	500	38	503	6.13e-137	412
Thalpseu	CP@TRINITY_DN5155_c0_g2::CP@TRINITY_DN5155_c0_g2_i2::g.13927::m.13927	53.159	728	280	10	60	786	44	711	0.0	775
Thalpseu	CP@TRINITY_DN5155_c0_g2::CP@TRINITY_DN5155_c0_g2_i1::g.13925::m.13925	53.159	728	280	10	60	786	44	711	0.0	775
EctocSP7	CP@TRINITY_DN5155_c0_g2::CP@TRINITY_DN5155_c0_g2_i2::g.13927::m.13927	45.796	452	201	2	85	536	55	462	1.07e-138	424
EctocSP7	CP@TRINITY_DN5155_c0_g2::CP@TRINITY_DN5155_c0_g2_i2::g.13927::m.13927	47.059	187	70	4	522	702	551	714	1.13e-43	168
EctocSP7	CP@TRINITY_DN5155_c0_g2::CP@TRINITY_DN5155_c0_g2_i1::g.13925::m.13925	45.796	452	201	2	85	536	55	462	1.07e-138	424
EctocSP7	CP@TRINITY_DN5155_c0_g2::CP@TRINITY_DN5155_c0_g2_i1::g.13925::m.13925	47.059	187	70	4	522	702	551	714	1.13e-43	168
BicoCB20	CP@TRINITY_DN5155_c0_g2::CP@TRINITY_DN5155_c0_g2_i2::g.13927::m.13927	53.415	732	278	8	108	838	38	707	0.0	784
BicoCB20	CP@TRINITY_DN5155_c0_g2::CP@TRINITY_DN5155_c0_g2_i1::g.13925::m.13925	53.415	732	278	8	108	838	38	707	0.0	784
BicoCB20	CP@TRINITY_DN28311_c0_g1::CP@TRINITY_DN28311_c0_g1_i1::g.10416::m.10416	37.269	271	136	7	562	822	1	247	5.30e-51	179
Calclept	CP@TRINITY_DN5155_c0_g2::CP@TRINITY_DN5155_c0_g2_i2::g.13927::m.13927	52.374	716	290	7	75	789	50	715	0.0	749
Calclept	CP@TRINITY_DN5155_c0_g2::CP@TRINITY_DN5155_c0_g2_i1::g.13925::m.13925	52.374	716	290	7	75	789	50	715	0.0	749
Gephhuxl	CP@TRINITY_DN5155_c0_g2::CP@TRINITY_DN5155_c0_g2_i2::g.13927::m.13927	49.008	706	285	11	2	683	57	711	0.0	655
Gephhuxl	CP@TRINITY_DN5155_c0_g2::CP@TRINITY_DN5155_c0_g2_i1::g.13925::m.13925	49.008	706	285	11	2	683	57	711	0.0	655
Gephhuxl	CP@TRINITY_DN28311_c0_g1::CP@TRINITY_DN28311_c0_g1_i1::g.10416::m.10416	37.269	271	135	7	404	664	1	246	1.44e-47	168
Physpoly	CP@TRINITY_DN5155_c0_g2::CP@TRINITY_DN5155_c0_g2_i2::g.13927::m.13927	55.457	678	285	3	57	733	53	714	0.0	805
Physpoly	CP@TRINITY_DN5155_c0_g2::CP@TRINITY_DN5155_c0_g2_i1::g.13925::m.13925	55.457	678	285	3	57	733	53	714	0.0	805
Physpoly	CP@TRINITY_DN28311_c0_g1::CP@TRINITY_DN28311_c0_g1_i1::g.10416::m.10416	38.189	254	141	5	476	716	1	251	4.39e-52	181
Dictdisc	CP@TRINITY_DN5155_c0_g2::CP@TRINITY_DN5155_c0_g2_i2::g.13927::m.13927	57.910	670	278	4	40	708	48	714	0.0	823
Dictdisc	CP@TRINITY_DN5155_c0_g2::CP@TRINITY_DN5155_c0_g2_i1::g.13925::m.13925	57.910	670	278	4	40	708	48	714	0.0	823
Dictdisc	CP@TRINITY_DN28311_c0_g1::CP@TRINITY_DN28311_c0_g1_i1::g.10416::m.10416	38.735	253	142	7	450	691	1	251	2.07e-52	182
ChoanoFB	CP@TRINITY_DN5155_c0_g2::CP@TRINITY_DN5155_c0_g2_i2::g.13927::m.13927	56.347	646	267	7	78	717	56	692	0.0	752
ChoanoFB	CP@TRINITY_DN5155_c0_g2::CP@TRINITY_DN5155_c0_g2_i1::g.13925::m.13925	56.347	646	267	7	78	717	56	692	0.0	752
ChoanoFB	CP@TRINITY_DN28311_c0_g1::CP@TRINITY_DN28311_c0_g1_i1::g.10416::m.10416	40.400	250	134	7	479	717	1	246	6.94e-51	178
Rainerin	CP@TRINITY_DN5155_c0_g2::CP@TRINITY_DN5155_c0_g2_i2::g.13927::m.13927	64.646	396	133	3	2	396	327	716	0.0	547
Rainerin	CP@TRINITY_DN5155_c0_g2::CP@TRINITY_DN5155_c0_g2_i1::g.13925::m.13925	64.646	396	133	3	2	396	327	716	0.0	547
Rainerin	CP@TRINITY_DN28311_c0_g1::CP@TRINITY_DN28311_c0_g1_i1::g.10416::m.10416	40.873	252	132	8	132	372	1	246	2.38e-56	186
AcanthFB	CP@TRINITY_DN5155_c0_g2::CP@TRINITY_DN5155_c0_g2_i2::g.13927::m.13927	54.905	683	291	6	65	741	44	715	0.0	780
AcanthFB	CP@TRINITY_DN5155_c0_g2::CP@TRINITY_DN5155_c0_g2_i1::g.13925::m.13925	54.905	683	291	6	65	741	44	715	0.0	780
Raphhete	CP@TRINITY_DN5155_c0_g2::CP@TRINITY_DN5155_c0_g2_i2::g.13927::m.13927	55.965	679	279	8	127	797	56	722	0.0	787
Raphhete	CP@TRINITY_DN5155_c0_g2::CP@TRINITY_DN5155_c0_g2_i1::g.13925::m.13925	55.965	679	279	8	127	797	56	722	0.0	787
Raphhete	CP@TRINITY_DN28311_c0_g1::CP@TRINITY_DN28311_c0_g1_i1::g.10416::m.10416	39.600	250	136	7	529	767	1	246	2.30e-48	172
Styginca	CP@TRINITY_DN5155_c0_g2::CP@TRINITY_DN5155_c0_g2_i2::g.13927::m.13927	50.523	669	318	7	10	674	55	714	0.0	671
Styginca	CP@TRINITY_DN5155_c0_g2::CP@TRINITY_DN5155_c0_g2_i1::g.13925::m.13925	50.523	669	318	7	10	674	55	714	0.0	671
Andagodo	CP@TRINITY_DN5155_c0_g2::CP@TRINITY_DN5155_c0_g2_i2::g.13927::m.13927	51.562	704	299	7	1	702	51	714	0.0	736
Andagodo	CP@TRINITY_DN5155_c0_g2::CP@TRINITY_DN5155_c0_g2_i1::g.13925::m.13925	51.562	704	299	7	1	702	51	714	0.0	736
Andagodo	CP@TRINITY_DN28311_c0_g1::CP@TRINITY_DN28311_c0_g1_i1::g.10416::m.10416	38.211	246	140	7	447	680	1	246	1.40e-48	171
Protfung	CP@TRINITY_DN5155_c0_g2::CP@TRINITY_DN5155_c0_g2_i2::g.13927::m.13927	59.352	679	265	5	36	712	39	708	0.0	825
Protfung	CP@TRINITY_DN5155_c0_g2::CP@TRINITY_DN5155_c0_g2_i1::g.13925::m.13925	59.352	679	265	5	36	712	39	708	0.0	825
Protfung	CP@TRINITY_DN28311_c0_g1::CP@TRINITY_DN28311_c0_g1_i1::g.10416::m.10416	37.066	259	150	7	457	706	1	255	1.23e-47	169
Naeggrub	CP@TRINITY_DN5155_c0_g2::CP@TRINITY_DN5155_c0_g2_i2::g.13927::m.13927	54.490	657	295	4	10	665	56	709	0.0	771
Naeggrub	CP@TRINITY_DN5155_c0_g2::CP@TRINITY_DN5155_c0_g2_i1::g.13925::m.13925	54.490	657	295	4	10	665	56	709	0.0	771
Naeggrub	CP@TRINITY_DN28311_c0_g1::CP@TRINITY_DN28311_c0_g1_i1::g.10416::m.10416	40.650	246	135	5	413	647	1	246	5.27e-54	186
Trypbruc	CP@TRINITY_DN5155_c0_g2::CP@TRINITY_DN5155_c0_g2_i2::g.13927::m.13927	44.501	791	317	11	11	794	39	714	0.0	651
Trypbruc	CP@TRINITY_DN5155_c0_g2::CP@TRINITY_DN5155_c0_g2_i1::g.13925::m.13925	44.501	791	317	11	11	794	39	714	0.0	651
Leismajo	CP@TRINITY_DN5155_c0_g2::CP@TRINITY_DN5155_c0_g2_i2::g.13927::m.13927	49.828	582	237	5	19	598	55	583	0.0	574
Leismajo	CP@TRINITY_DN5155_c0_g2::CP@TRINITY_DN5155_c0_g2_i1::g.13925::m.13925	49.828	582	237	5	19	598	55	583	0.0	574
Leptpyrr	CP@TRINITY_DN5155_c0_g2::CP@TRINITY_DN5155_c0_g2_i2::g.13927::m.13927	50.751	599	236	5	2	599	43	583	0.0	596
Leptpyrr	CP@TRINITY_DN5155_c0_g2::CP@TRINITY_DN5155_c0_g2_i1::g.13925::m.13925	50.751	599	236	5	2	599	43	583	0.0	596
Paraconf	CP@TRINITY_DN5155_c0_g2::CP@TRINITY_DN5155_c0_g2_i2::g.13927::m.13927	45.583	781	315	9	7	785	39	711	0.0	674
Paraconf	CP@TRINITY_DN5155_c0_g2::CP@TRINITY_DN5155_c0_g2_i1::g.13925::m.13925	45.583	781	315	9	7	785	39	711	0.0	674
Acancast	CP@TRINITY_DN5155_c0_g2::CP@TRINITY_DN5155_c0_g2_i2::g.13927::m.13927	54.386	684	290	9	19	697	42	708	0.0	761
Acancast	CP@TRINITY_DN5155_c0_g2::CP@TRINITY_DN5155_c0_g2_i1::g.13925::m.13925	54.386	684	290	9	19	697	42	708	0.0	761
Acancast	CP@TRINITY_DN28311_c0_g1::CP@TRINITY_DN28311_c0_g1_i1::g.10416::m.10416	41.699	259	138	9	443	692	1	255	1.33e-56	193
PB58411a	CP@TRINITY_DN5155_c0_g2::CP@TRINITY_DN5155_c0_g2_i2::g.13927::m.13927	50.299	670	299	10	77	743	55	693	0.0	684
PB58411a	CP@TRINITY_DN5155_c0_g2::CP@TRINITY_DN5155_c0_g2_i1::g.13925::m.13925	50.299	670	299	10	77	743	55	693	0.0	684
PB58411a	CP@TRINITY_DN28311_c0_g1::CP@TRINITY_DN28311_c0_g1_i1::g.10416::m.10416	38.521	257	136	8	499	743	1	247	1.24e-49	177
Palpbili	CP@TRINITY_DN5155_c0_g2::CP@TRINITY_DN5155_c0_g2_i2::g.13927::m.13927	58.569	671	264	7	23	688	53	714	0.0	823
Palpbili	CP@TRINITY_DN5155_c0_g2::CP@TRINITY_DN5155_c0_g2_i1::g.13925::m.13925	58.569	671	264	7	23	688	53	714	0.0	823
Palpbili	CP@TRINITY_DN28311_c0_g1::CP@TRINITY_DN28311_c0_g1_i1::g.10416::m.10416	40.239	251	134	8	427	666	1	246	8.40e-54	185
Cryppara	CP@TRINITY_DN5155_c0_g2::CP@TRINITY_DN5155_c0_g2_i2::g.13927::m.13927	54.467	694	292	7	25	716	55	726	0.0	778
Cryppara	CP@TRINITY_DN5155_c0_g2::CP@TRINITY_DN5155_c0_g2_i1::g.13925::m.13925	54.467	694	292	7	25	716	55	726	0.0	778
Cryppara	CP@TRINITY_DN28311_c0_g1::CP@TRINITY_DN28311_c0_g1_i1::g.10416::m.10416	37.121	264	138	6	428	681	1	246	3.23e-48	171
Rhodsali	CP@TRINITY_DN5155_c0_g2::CP@TRINITY_DN5155_c0_g2_i2::g.13927::m.13927	56.287	668	278	4	34	700	55	709	0.0	783
Rhodsali	CP@TRINITY_DN5155_c0_g2::CP@TRINITY_DN5155_c0_g2_i1::g.13925::m.13925	56.287	668	278	4	34	700	55	709	0.0	783
Bafffrig	CP@TRINITY_DN5155_c0_g2::CP@TRINITY_DN5155_c0_g2_i2::g.13927::m.13927	55.522	670	281	6	21	680	43	705	0.0	768
Bafffrig	CP@TRINITY_DN5155_c0_g2::CP@TRINITY_DN5155_c0_g2_i1::g.13925::m.13925	55.522	670	281	6	21	680	43	705	0.0	768
Bafffrig	CP@TRINITY_DN28311_c0_g1::CP@TRINITY_DN28311_c0_g1_i1::g.10416::m.10416	41.036	251	132	7	428	667	1	246	8.36e-51	177
Ancytwis	CP@TRINITY_DN5155_c0_g2::CP@TRINITY_DN5155_c0_g2_i2::g.13927::m.13927	57.226	685	273	9	54	731	39	710	0.0	812
Ancytwis	CP@TRINITY_DN5155_c0_g2::CP@TRINITY_DN5155_c0_g2_i1::g.13925::m.13925	57.226	685	273	9	54	731	39	710	0.0	812
Ancytwis	CP@TRINITY_DN28311_c0_g1::CP@TRINITY_DN28311_c0_g1_i1::g.10416::m.10416	36.863	255	142	7	469	713	1	246	3.01e-46	165
Picosali	CP@TRINITY_DN5155_c0_g2::CP@TRINITY_DN5155_c0_g2_i2::g.13927::m.13927	56.318	641	278	2	53	691	75	715	0.0	764
Picosali	CP@TRINITY_DN5155_c0_g2::CP@TRINITY_DN5155_c0_g2_i1::g.13925::m.13925	56.318	641	278	2	53	691	75	715	0.0	764
Picosali	CP@TRINITY_DN28311_c0_g1::CP@TRINITY_DN28311_c0_g1_i1::g.10416::m.10416	39.431	246	137	6	435	668	1	246	5.60e-47	167
Ostrtaur	CP@TRINITY_DN5155_c0_g2::CP@TRINITY_DN5155_c0_g2_i2::g.13927::m.13927	55.828	652	284	3	23	673	57	705	0.0	775
Ostrtaur	CP@TRINITY_DN5155_c0_g2::CP@TRINITY_DN5155_c0_g2_i1::g.13925::m.13925	55.828	652	284	3	23	673	57	705	0.0	775
Ostrtaur	CP@TRINITY_DN28311_c0_g1::CP@TRINITY_DN28311_c0_g1_i1::g.10416::m.10416	37.398	246	144	6	425	660	1	246	3.16e-47	167
Micrpusl	CP@TRINITY_DN5155_c0_g2::CP@TRINITY_DN5155_c0_g2_i2::g.13927::m.13927	53.676	680	306	6	17	689	42	719	0.0	760
Micrpusl	CP@TRINITY_DN5155_c0_g2::CP@TRINITY_DN5155_c0_g2_i1::g.13925::m.13925	53.676	680	306	6	17	689	42	719	0.0	760
Micrpusl	CP@TRINITY_DN28311_c0_g1::CP@TRINITY_DN28311_c0_g1_i1::g.10416::m.10416	38.211	246	141	6	431	665	1	246	1.97e-48	171
Volvcart	CP@TRINITY_DN5155_c0_g2::CP@TRINITY_DN5155_c0_g2_i2::g.13927::m.13927	52.640	663	291	4	15	656	44	704	0.0	718
Volvcart	CP@TRINITY_DN5155_c0_g2::CP@TRINITY_DN5155_c0_g2_i1::g.13925::m.13925	52.640	663	291	4	15	656	44	704	0.0	718
Volvcart	CP@TRINITY_DN28311_c0_g1::CP@TRINITY_DN28311_c0_g1_i1::g.10416::m.10416	40.693	231	126	6	425	644	16	246	1.85e-46	165
Oryzsati	CP@TRINITY_DN5155_c0_g2::CP@TRINITY_DN5155_c0_g2_i2::g.13927::m.13927	57.274	653	275	3	85	736	61	710	0.0	803
Oryzsati	CP@TRINITY_DN5155_c0_g2::CP@TRINITY_DN5155_c0_g2_i1::g.13925::m.13925	57.274	653	275	3	85	736	61	710	0.0	803
Oryzsati	CP@TRINITY_DN28311_c0_g1::CP@TRINITY_DN28311_c0_g1_i1::g.10416::m.10416	38.095	252	144	7	483	723	1	251	1.43e-52	183
Physpate	CP@TRINITY_DN5155_c0_g2::CP@TRINITY_DN5155_c0_g2_i2::g.13927::m.13927	57.681	664	273	6	24	685	58	715	0.0	814
Physpate	CP@TRINITY_DN5155_c0_g2::CP@TRINITY_DN5155_c0_g2_i1::g.13925::m.13925	57.681	664	273	6	24	685	58	715	0.0	814
Galdsulp	CP@TRINITY_DN5155_c0_g2::CP@TRINITY_DN5155_c0_g2_i2::g.13927::m.13927	53.382	680	292	4	23	700	55	711	0.0	759
Galdsulp	CP@TRINITY_DN5155_c0_g2::CP@TRINITY_DN5155_c0_g2_i1::g.13925::m.13925	53.382	680	292	4	23	700	55	711	0.0	759
Galdsulp	CP@TRINITY_DN28311_c0_g1::CP@TRINITY_DN28311_c0_g1_i1::g.10416::m.10416	36.264	273	142	7	424	686	1	251	7.82e-50	175
Cyanmero	CP@TRINITY_DN5155_c0_g2::CP@TRINITY_DN5155_c0_g2_i2::g.13927::m.13927	50.986	710	296	6	28	735	55	714	0.0	761
Cyanmero	CP@TRINITY_DN5155_c0_g2::CP@TRINITY_DN5155_c0_g2_i1::g.13925::m.13925	50.986	710	296	6	28	735	55	714	0.0	761
Rhodmari	CP@TRINITY_DN5155_c0_g2::CP@TRINITY_DN5155_c0_g2_i2::g.13927::m.13927	49.591	734	298	9	11	734	38	709	0.0	728
Rhodmari	CP@TRINITY_DN5155_c0_g2::CP@TRINITY_DN5155_c0_g2_i1::g.13925::m.13925	49.591	734	298	9	11	734	38	709	0.0	728
Rhodmacu	CP@TRINITY_DN5155_c0_g2::CP@TRINITY_DN5155_c0_g2_i2::g.13927::m.13927	53.253	415	140	5	2	409	353	720	1.55e-153	452
Rhodmacu	CP@TRINITY_DN5155_c0_g2::CP@TRINITY_DN5155_c0_g2_i1::g.13925::m.13925	53.253	415	140	5	2	409	353	720	1.55e-153	452
Porpumbi	CP@TRINITY_DN5155_c0_g2::CP@TRINITY_DN5155_c0_g2_i2::g.13927::m.13927	53.012	415	186	3	1	415	171	576	7.67e-161	472
Porpumbi	CP@TRINITY_DN5155_c0_g2::CP@TRINITY_DN5155_c0_g2_i1::g.13925::m.13925	53.012	415	186	3	1	415	171	576	7.67e-161	472
Choncris	CP@TRINITY_DN5155_c0_g2::CP@TRINITY_DN5155_c0_g2_i2::g.13927::m.13927	50.536	653	273	5	2	651	105	710	0.0	661
Choncris	CP@TRINITY_DN5155_c0_g2::CP@TRINITY_DN5155_c0_g2_i1::g.13925::m.13925	50.536	653	273	5	2	651	105	710	0.0	661
Gratturu	CP@TRINITY_DN5155_c0_g2::CP@TRINITY_DN5155_c0_g2_i2::g.13927::m.13927	50.526	665	269	7	2	663	84	691	0.0	675
Gratturu	CP@TRINITY_DN5155_c0_g2::CP@TRINITY_DN5155_c0_g2_i1::g.13925::m.13925	50.526	665	269	7	2	663	84	691	0.0	675
Porpaeru	CP@TRINITY_DN5155_c0_g2::CP@TRINITY_DN5155_c0_g2_i2::g.13927::m.13927	55.054	554	225	4	25	569	38	576	0.0	641
Porpaeru	CP@TRINITY_DN5155_c0_g2::CP@TRINITY_DN5155_c0_g2_i1::g.13925::m.13925	55.054	554	225	4	25	569	38	576	0.0	641
Compcoer	CP@TRINITY_DN5155_c0_g2::CP@TRINITY_DN5155_c0_g2_i2::g.13927::m.13927	51.954	691	297	8	13	702	55	711	0.0	724
Compcoer	CP@TRINITY_DN5155_c0_g2::CP@TRINITY_DN5155_c0_g2_i1::g.13925::m.13925	51.954	691	297	8	13	702	55	711	0.0	724
Compcoer	CP@TRINITY_DN28311_c0_g1::CP@TRINITY_DN28311_c0_g1_i1::g.10416::m.10416	35.842	279	139	9	418	686	1	249	1.66e-43	157
Gloewitr	CP@TRINITY_DN5155_c0_g2::CP@TRINITY_DN5155_c0_g2_i2::g.13927::m.13927	57.732	679	278	4	40	717	45	715	0.0	834
Gloewitr	CP@TRINITY_DN5155_c0_g2::CP@TRINITY_DN5155_c0_g2_i1::g.13925::m.13925	57.732	679	278	4	40	717	45	715	0.0	834
Gloewitr	CP@TRINITY_DN28311_c0_g1::CP@TRINITY_DN28311_c0_g1_i1::g.10416::m.10416	39.044	251	136	7	453	692	1	245	1.59e-48	171
Cyanpara	CP@TRINITY_DN5155_c0_g2::CP@TRINITY_DN5155_c0_g2_i2::g.13927::m.13927	58.595	669	260	7	22	685	42	698	0.0	812
Cyanpara	CP@TRINITY_DN5155_c0_g2::CP@TRINITY_DN5155_c0_g2_i1::g.13925::m.13925	58.595	669	260	7	22	685	42	698	0.0	812
Cyanpara	CP@TRINITY_DN28311_c0_g1::CP@TRINITY_DN28311_c0_g1_i1::g.10416::m.10416	40.000	250	132	6	439	677	1	243	7.76e-50	175
Rhodemar	CP@TRINITY_DN5155_c0_g2::CP@TRINITY_DN5155_c0_g2_i2::g.13927::m.13927	58.271	671	277	3	153	822	46	714	0.0	826
Rhodemar	CP@TRINITY_DN5155_c0_g2::CP@TRINITY_DN5155_c0_g2_i1::g.13925::m.13925	58.271	671	277	3	153	822	46	714	0.0	826
Rhodemar	CP@TRINITY_DN28311_c0_g1::CP@TRINITY_DN28311_c0_g1_i1::g.10416::m.10416	39.837	246	138	5	565	800	1	246	5.88e-54	187
Rhodlimn	CP@TRINITY_DN5155_c0_g2::CP@TRINITY_DN5155_c0_g2_i2::g.13927::m.13927	55.685	686	293	6	16	700	40	715	0.0	800
Rhodlimn	CP@TRINITY_DN5155_c0_g2::CP@TRINITY_DN5155_c0_g2_i1::g.13925::m.13925	55.685	686	293	6	16	700	40	715	0.0	800
Rhodlimn	CP@TRINITY_DN28311_c0_g1::CP@TRINITY_DN28311_c0_g1_i1::g.10416::m.10416	37.849	251	140	7	437	676	1	246	6.04e-48	169
Chlorept	CP@TRINITY_DN5155_c0_g2::CP@TRINITY_DN5155_c0_g2_i2::g.13927::m.13927	56.072	667	280	7	21	685	55	710	0.0	769
Chlorept	CP@TRINITY_DN5155_c0_g2::CP@TRINITY_DN5155_c0_g2_i1::g.13925::m.13925	56.072	667	280	7	21	685	55	710	0.0	769
Chlorept	CP@TRINITY_DN28311_c0_g1::CP@TRINITY_DN28311_c0_g1_i1::g.10416::m.10416	39.759	249	137	6	429	667	1	246	3.95e-54	186
Brevmoto	CP@TRINITY_DN5155_c0_g2::CP@TRINITY_DN5155_c0_g2_i2::g.13927::m.13927	52.656	640	295	6	79	715	61	695	0.0	710
Brevmoto	CP@TRINITY_DN5155_c0_g2::CP@TRINITY_DN5155_c0_g2_i1::g.13925::m.13925	52.656	640	295	6	79	715	61	695	0.0	710
Brevmoto	CP@TRINITY_DN28311_c0_g1::CP@TRINITY_DN28311_c0_g1_i1::g.10416::m.10416	40.562	249	136	7	478	715	1	248	1.02e-54	189
Vannfimi	CP@TRINITY_DN5155_c0_g2::CP@TRINITY_DN5155_c0_g2_i2::g.13927::m.13927	54.917	661	290	6	4	659	57	714	0.0	769
Vannfimi	CP@TRINITY_DN5155_c0_g2::CP@TRINITY_DN5155_c0_g2_i1::g.13925::m.13925	54.917	661	290	6	4	659	57	714	0.0	769
Vannfimi	CP@TRINITY_DN28311_c0_g1::CP@TRINITY_DN28311_c0_g1_i1::g.10416::m.10416	36.905	252	146	7	403	642	1	251	1.28e-48	171
Idiovort	CP@TRINITY_DN5155_c0_g2::CP@TRINITY_DN5155_c0_g2_i2::g.13927::m.13927	58.123	554	216	5	39	592	39	576	0.0	682
Idiovort	CP@TRINITY_DN5155_c0_g2::CP@TRINITY_DN5155_c0_g2_i1::g.13925::m.13925	58.123	554	216	5	39	592	39	576	0.0	682
Karebrev	CP@TRINITY_DN5155_c0_g2::CP@TRINITY_DN5155_c0_g2_i2::g.13927::m.13927	53.460	578	229	4	33	608	45	584	0.0	658
Karebrev	CP@TRINITY_DN5155_c0_g2::CP@TRINITY_DN5155_c0_g2_i1::g.13925::m.13925	53.460	578	229	4	33	608	45	584	0.0	658
Perkmari	CP@TRINITY_DN5155_c0_g2::CP@TRINITY_DN5155_c0_g2_i2::g.13927::m.13927	52.381	714	273	11	62	772	64	713	0.0	725
Perkmari	CP@TRINITY_DN5155_c0_g2::CP@TRINITY_DN5155_c0_g2_i1::g.13925::m.13925	52.381	714	273	11	62	772	64	713	0.0	725
Crypparv	CP@TRINITY_DN5155_c0_g2::CP@TRINITY_DN5155_c0_g2_i2::g.13927::m.13927	47.956	734	311	11	21	748	44	712	0.0	672
Crypparv	CP@TRINITY_DN5155_c0_g2::CP@TRINITY_DN5155_c0_g2_i1::g.13925::m.13925	47.956	734	311	11	21	748	44	712	0.0	672
Toxogond	CP@TRINITY_DN5155_c0_g2::CP@TRINITY_DN5155_c0_g2_i2::g.13927::m.13927	48.522	744	299	8	85	824	47	710	0.0	701
Toxogond	CP@TRINITY_DN5155_c0_g2::CP@TRINITY_DN5155_c0_g2_i1::g.13925::m.13925	48.522	744	299	8	85	824	47	710	0.0	701
Chroveli	CP@TRINITY_DN5155_c0_g2::CP@TRINITY_DN5155_c0_g2_i2::g.13927::m.13927	49.410	763	293	8	33	791	56	729	0.0	732
Chroveli	CP@TRINITY_DN5155_c0_g2::CP@TRINITY_DN5155_c0_g2_i1::g.13925::m.13925	49.410	763	293	8	33	791	56	729	0.0	732
Pirisoci	CP@TRINITY_DN5155_c0_g2::CP@TRINITY_DN5155_c0_g2_i2::g.13927::m.13927	47.546	713	281	7	73	784	57	677	0.0	669
Pirisoci	CP@TRINITY_DN5155_c0_g2::CP@TRINITY_DN5155_c0_g2_i1::g.13925::m.13925	47.546	713	281	7	73	784	57	677	0.0	669
Platviva	CP@TRINITY_DN5155_c0_g2::CP@TRINITY_DN5155_c0_g2_i2::g.13927::m.13927	50.502	299	139	1	1	299	357	646	1.31e-99	315
Platviva	CP@TRINITY_DN5155_c0_g2::CP@TRINITY_DN5155_c0_g2_i1::g.13925::m.13925	50.502	299	139	1	1	299	357	646	1.31e-99	315
Cantmars	CP@TRINITY_DN5155_c0_g2::CP@TRINITY_DN5155_c0_g2_i2::g.13927::m.13927	50.978	716	309	8	9	717	38	718	0.0	726
Cantmars	CP@TRINITY_DN5155_c0_g2::CP@TRINITY_DN5155_c0_g2_i1::g.13925::m.13925	50.978	716	309	8	9	717	38	718	0.0	726
Cantmars	CP@TRINITY_DN28311_c0_g1::CP@TRINITY_DN28311_c0_g1_i1::g.10416::m.10416	40.230	261	129	8	446	694	1	246	2.46e-52	182
Prymparv	CP@TRINITY_DN5155_c0_g2::CP@TRINITY_DN5155_c0_g2_i2::g.13927::m.13927	52.022	717	296	11	56	767	38	711	0.0	731
Prymparv	CP@TRINITY_DN5155_c0_g2::CP@TRINITY_DN5155_c0_g2_i1::g.13925::m.13925	52.022	717	296	11	56	767	38	711	0.0	731
Prymparv	CP@TRINITY_DN28311_c0_g1::CP@TRINITY_DN28311_c0_g1_i1::g.10416::m.10416	36.614	254	143	7	504	747	1	246	2.38e-47	169
Chrycart	CP@TRINITY_DN5155_c0_g2::CP@TRINITY_DN5155_c0_g2_i2::g.13927::m.13927	52.138	725	297	7	75	798	39	714	0.0	758
Chrycart	CP@TRINITY_DN5155_c0_g2::CP@TRINITY_DN5155_c0_g2_i1::g.13925::m.13925	52.138	725	297	7	75	798	39	714	0.0	758
Pavl2436	CP@TRINITY_DN5155_c0_g2::CP@TRINITY_DN5155_c0_g2_i2::g.13927::m.13927	48.602	465	203	4	37	501	39	467	1.26e-156	463
Pavl2436	CP@TRINITY_DN5155_c0_g2::CP@TRINITY_DN5155_c0_g2_i1::g.13925::m.13925	48.602	465	203	4	37	501	39	467	1.26e-156	463
Diacluth	CP@TRINITY_DN5155_c0_g2::CP@TRINITY_DN5155_c0_g2_i2::g.13927::m.13927	49.856	696	286	9	2	691	91	729	0.0	704
Diacluth	CP@TRINITY_DN5155_c0_g2::CP@TRINITY_DN5155_c0_g2_i1::g.13925::m.13925	49.856	696	286	9	2	691	91	729	0.0	704
BlasS7SB	CP@TRINITY_DN5155_c0_g2::CP@TRINITY_DN5155_c0_g2_i2::g.13927::m.13927	55.282	691	279	4	73	762	50	711	0.0	786
BlasS7SB	CP@TRINITY_DN5155_c0_g2::CP@TRINITY_DN5155_c0_g2_i1::g.13925::m.13925	55.282	691	279	4	73	762	50	711	0.0	786
BlasS7SB	CP@TRINITY_DN28311_c0_g1::CP@TRINITY_DN28311_c0_g1_i1::g.10416::m.10416	38.889	252	143	6	507	748	1	251	1.15e-51	181
Caferoen	CP@TRINITY_DN5155_c0_g2::CP@TRINITY_DN5155_c0_g2_i2::g.13927::m.13927	50.346	578	240	3	45	621	45	576	0.0	617
Caferoen	CP@TRINITY_DN5155_c0_g2::CP@TRINITY_DN5155_c0_g2_i1::g.13925::m.13925	50.346	578	240	3	45	621	45	576	0.0	617
Haloseos	CP@TRINITY_DN5155_c0_g2::CP@TRINITY_DN5155_c0_g2_i2::g.13927::m.13927	51.867	723	290	8	114	834	45	711	0.0	742
Haloseos	CP@TRINITY_DN5155_c0_g2::CP@TRINITY_DN5155_c0_g2_i1::g.13925::m.13925	51.867	723	290	8	114	834	45	711	0.0	742
Haloseos	CP@TRINITY_DN28311_c0_g1::CP@TRINITY_DN28311_c0_g1_i1::g.10416::m.10416	39.922	258	135	7	566	814	1	247	1.23e-51	181
PlacCLAB	CP@TRINITY_DN5155_c0_g2::CP@TRINITY_DN5155_c0_g2_i2::g.13927::m.13927	52.566	721	295	4	187	904	38	714	0.0	790
PlacCLAB	CP@TRINITY_DN5155_c0_g2::CP@TRINITY_DN5155_c0_g2_i1::g.13925::m.13925	52.566	721	295	4	187	904	38	714	0.0	790
PlacCLAB	CP@TRINITY_DN28311_c0_g1::CP@TRINITY_DN28311_c0_g1_i1::g.10416::m.10416	40.486	247	135	6	645	881	1	245	4.90e-47	169
Wobbluna	CP@TRINITY_DN5155_c0_g2::CP@TRINITY_DN5155_c0_g2_i2::g.13927::m.13927	53.363	684	272	6	196	878	56	693	0.0	753
Wobbluna	CP@TRINITY_DN5155_c0_g2::CP@TRINITY_DN5155_c0_g2_i1::g.13925::m.13925	53.363	684	272	6	196	878	56	693	0.0	753
Wobbluna	CP@TRINITY_DN28311_c0_g1::CP@TRINITY_DN28311_c0_g1_i1::g.10416::m.10416	40.239	251	137	6	640	879	1	249	1.30e-48	173
Aurelagu	CP@TRINITY_DN5155_c0_g2::CP@TRINITY_DN5155_c0_g2_i2::g.13927::m.13927	48.993	745	318	11	50	788	40	728	0.0	730
Aurelagu	CP@TRINITY_DN5155_c0_g2::CP@TRINITY_DN5155_c0_g2_i1::g.13925::m.13925	48.993	745	318	11	50	788	40	728	0.0	730
Aurelagu	CP@TRINITY_DN28311_c0_g1::CP@TRINITY_DN28311_c0_g1_i1::g.10416::m.10416	37.828	267	136	8	498	755	1	246	1.03e-48	172
Chryfrag	CP@TRINITY_DN5155_c0_g2::CP@TRINITY_DN5155_c0_g2_i2::g.13927::m.13927	51.484	674	268	7	8	677	84	702	0.0	716
Chryfrag	CP@TRINITY_DN5155_c0_g2::CP@TRINITY_DN5155_c0_g2_i1::g.13925::m.13925	51.484	674	268	7	8	677	84	702	0.0	716
Chryfrag	CP@TRINITY_DN28311_c0_g1::CP@TRINITY_DN28311_c0_g1_i1::g.10416::m.10416	37.906	277	130	9	406	669	1	248	2.63e-49	174
Pela2097	CP@TRINITY_DN5155_c0_g2::CP@TRINITY_DN5155_c0_g2_i2::g.13927::m.13927	52.510	737	302	8	69	799	39	733	0.0	784
Pela2097	CP@TRINITY_DN5155_c0_g2::CP@TRINITY_DN5155_c0_g2_i1::g.13925::m.13925	52.510	737	302	8	69	799	39	733	0.0	784
Pela2097	CP@TRINITY_DN28311_c0_g1::CP@TRINITY_DN28311_c0_g1_i1::g.10416::m.10416	40.076	262	136	9	515	766	1	251	2.74e-53	185
Aureanop	CP@TRINITY_DN5155_c0_g2::CP@TRINITY_DN5155_c0_g2_i2::g.13927::m.13927	53.617	705	300	9	53	745	51	740	0.0	765
Aureanop	CP@TRINITY_DN5155_c0_g2::CP@TRINITY_DN5155_c0_g2_i1::g.13925::m.13925	53.617	705	300	9	53	745	51	740	0.0	765
Aureanop	CP@TRINITY_DN28311_c0_g1::CP@TRINITY_DN28311_c0_g1_i1::g.10416::m.10416	39.608	255	137	8	463	707	1	248	2.98e-51	179
Pelasubv	CP@TRINITY_DN5155_c0_g2::CP@TRINITY_DN5155_c0_g2_i2::g.13927::m.13927	52.060	728	298	8	62	784	52	733	0.0	766
Pelasubv	CP@TRINITY_DN5155_c0_g2::CP@TRINITY_DN5155_c0_g2_i1::g.13925::m.13925	52.060	728	298	8	62	784	52	733	0.0	766
Pelasubv	CP@TRINITY_DN28311_c0_g1::CP@TRINITY_DN28311_c0_g1_i1::g.10416::m.10416	36.782	261	140	7	496	746	1	246	2.79e-47	169
Pelacalc	CP@TRINITY_DN5155_c0_g2::CP@TRINITY_DN5155_c0_g2_i2::g.13927::m.13927	52.941	697	292	7	55	748	52	715	0.0	764
Pelacalc	CP@TRINITY_DN5155_c0_g2::CP@TRINITY_DN5155_c0_g2_i1::g.13925::m.13925	52.941	697	292	7	55	748	52	715	0.0	764
Pelacalc	CP@TRINITY_DN28311_c0_g1::CP@TRINITY_DN28311_c0_g1_i1::g.10416::m.10416	39.841	251	138	7	487	727	1	248	9.50e-52	181
Pingpyre	CP@TRINITY_DN5155_c0_g2::CP@TRINITY_DN5155_c0_g2_i2::g.13927::m.13927	50.404	742	325	12	65	800	38	742	0.0	730
Pingpyre	CP@TRINITY_DN5155_c0_g2::CP@TRINITY_DN5155_c0_g2_i1::g.13925::m.13925	50.404	742	325	12	65	800	38	742	0.0	730
Pingpyre	CP@TRINITY_DN28311_c0_g1::CP@TRINITY_DN28311_c0_g1_i1::g.10416::m.10416	40.873	252	138	6	517	758	1	251	1.20e-50	179
Paheparv	CP@TRINITY_DN5155_c0_g2::CP@TRINITY_DN5155_c0_g2_i2::g.13927::m.13927	51.847	704	300	8	82	778	40	711	0.0	742
Paheparv	CP@TRINITY_DN5155_c0_g2::CP@TRINITY_DN5155_c0_g2_i1::g.13925::m.13925	51.847	704	300	8	82	778	40	711	0.0	742
Paheparv	CP@TRINITY_DN28311_c0_g1::CP@TRINITY_DN28311_c0_g1_i1::g.10416::m.10416	39.370	254	143	6	527	770	1	253	8.41e-50	176
Octaspec	CP@TRINITY_DN5155_c0_g2::CP@TRINITY_DN5155_c0_g2_i2::g.13927::m.13927	55.021	707	280	6	43	746	39	710	0.0	806
Octaspec	CP@TRINITY_DN5155_c0_g2::CP@TRINITY_DN5155_c0_g2_i1::g.13925::m.13925	55.021	707	280	6	43	746	39	710	0.0	806
Octaspec	CP@TRINITY_DN28311_c0_g1::CP@TRINITY_DN28311_c0_g1_i1::g.10416::m.10416	38.645	251	138	9	489	728	1	246	1.80e-47	169
Pseuelas	CP@TRINITY_DN5155_c0_g2::CP@TRINITY_DN5155_c0_g2_i2::g.13927::m.13927	55.517	580	236	9	18	589	164	729	0.0	661
Pseuelas	CP@TRINITY_DN5155_c0_g2::CP@TRINITY_DN5155_c0_g2_i1::g.13925::m.13925	55.517	580	236	9	18	589	164	729	0.0	661
Rhiz1243	CP@TRINITY_DN5155_c0_g2::CP@TRINITY_DN5155_c0_g2_i2::g.13927::m.13927	53.159	728	295	7	64	789	55	738	0.0	805
Rhiz1243	CP@TRINITY_DN5155_c0_g2::CP@TRINITY_DN5155_c0_g2_i1::g.13925::m.13925	53.159	728	295	7	64	789	55	738	0.0	805
Rhiz1243	CP@TRINITY_DN28311_c0_g1::CP@TRINITY_DN28311_c0_g1_i1::g.10416::m.10416	39.442	251	137	7	496	736	1	246	3.92e-50	177
Fragcyli	CP@TRINITY_DN5155_c0_g2::CP@TRINITY_DN5155_c0_g2_i2::g.13927::m.13927	43.878	588	209	7	27	581	38	537	3.39e-169	498
Fragcyli	CP@TRINITY_DN5155_c0_g2::CP@TRINITY_DN5155_c0_g2_i1::g.13925::m.13925	43.878	588	209	7	27	581	38	537	3.39e-169	498
Psuemult	CP@TRINITY_DN5155_c0_g2::CP@TRINITY_DN5155_c0_g2_i2::g.13927::m.13927	53.959	682	291	8	37	717	55	714	0.0	782
Psuemult	CP@TRINITY_DN5155_c0_g2::CP@TRINITY_DN5155_c0_g2_i1::g.13925::m.13925	53.959	682	291	8	37	717	55	714	0.0	782
Phaetric	CP@TRINITY_DN5155_c0_g2::CP@TRINITY_DN5155_c0_g2_i2::g.13927::m.13927	55.325	676	285	9	90	764	55	714	0.0	783
Phaetric	CP@TRINITY_DN5155_c0_g2::CP@TRINITY_DN5155_c0_g2_i1::g.13925::m.13925	55.325	676	285	9	90	764	55	714	0.0	783
Phaetric	CP@TRINITY_DN28311_c0_g1::CP@TRINITY_DN28311_c0_g1_i1::g.10416::m.10416	40.800	250	133	8	502	741	1	245	1.80e-49	174
Tripeleu	CP@TRINITY_DN5155_c0_g2::CP@TRINITY_DN5155_c0_g2_i2::g.13927::m.13927	58.054	596	219	7	2	596	140	705	0.0	716
Tripeleu	CP@TRINITY_DN5155_c0_g2::CP@TRINITY_DN5155_c0_g2_i1::g.13925::m.13925	58.054	596	219	7	2	596	140	705	0.0	716
Tripeleu	CP@TRINITY_DN28311_c0_g1::CP@TRINITY_DN28311_c0_g1_i1::g.10416::m.10416	36.531	271	136	8	322	582	1	245	8.66e-47	165
Aplakerg	CP@TRINITY_DN5155_c0_g2::CP@TRINITY_DN5155_c0_g2_i2::g.13927::m.13927	51.604	717	296	8	69	784	50	716	0.0	758
Aplakerg	CP@TRINITY_DN5155_c0_g2::CP@TRINITY_DN5155_c0_g2_i1::g.13925::m.13925	51.604	717	296	8	69	784	50	716	0.0	758
Auralima	CP@TRINITY_DN5155_c0_g2::CP@TRINITY_DN5155_c0_g2_i2::g.13927::m.13927	53.095	727	295	9	71	791	51	737	0.0	780
Auralima	CP@TRINITY_DN5155_c0_g2::CP@TRINITY_DN5155_c0_g2_i1::g.13925::m.13925	53.095	727	295	9	71	791	51	737	0.0	780
Auralima	CP@TRINITY_DN28311_c0_g1::CP@TRINITY_DN28311_c0_g1_i1::g.10416::m.10416	40.467	257	137	7	509	755	1	251	2.24e-52	183
Schiaggr	CP@TRINITY_DN5155_c0_g2::CP@TRINITY_DN5155_c0_g2_i2::g.13927::m.13927	52.235	716	297	6	404	1118	50	721	0.0	760
Schiaggr	CP@TRINITY_DN5155_c0_g2::CP@TRINITY_DN5155_c0_g2_i1::g.13925::m.13925	52.235	716	297	6	404	1118	50	721	0.0	760
Schiaggr	CP@TRINITY_DN574_c2_g2::CP@TRINITY_DN574_c2_g2_i3::g.13098::m.13098	42.609	460	232	8	1447	1892	433	874	4.82e-102	350
Schiaggr	CP@TRINITY_DN3111_c0_g2::CP@TRINITY_DN3111_c0_g2_i1::g.64595::m.64595	47.405	289	149	3	1607	1892	1	289	4.20e-86	283
Schiaggr	CP@TRINITY_DN574_c2_g2::CP@TRINITY_DN574_c2_g2_i4::g.13101::m.13101	39.762	420	221	8	1447	1852	433	834	1.73e-82	291
Schiaggr	CP@TRINITY_DN64_c1_g1::CP@TRINITY_DN64_c1_g1_i7::g.1708::m.1708	30.667	525	263	13	1444	1889	14	516	2.06e-62	223
Schiaggr	CP@TRINITY_DN64_c1_g1::CP@TRINITY_DN64_c1_g1_i19::g.1703::m.1703	30.667	525	263	13	1444	1889	14	516	2.06e-62	223
Schiaggr	CP@TRINITY_DN64_c1_g1::CP@TRINITY_DN64_c1_g1_i14::g.1697::m.1697	30.667	525	263	13	1444	1889	14	516	2.06e-62	223
Schiaggr	CP@TRINITY_DN3565_c0_g1::CP@TRINITY_DN3565_c0_g1_i3::g.68975::m.68975	31.061	396	241	9	1516	1889	249	634	3.36e-56	208
Schiaggr	CP@TRINITY_DN574_c2_g2::CP@TRINITY_DN574_c2_g2_i7::g.13105::m.13105	53.672	177	81	1	1716	1892	3	178	6.78e-56	192
Schiaggr	CP@TRINITY_DN3565_c0_g1::CP@TRINITY_DN3565_c0_g1_i1::g.68973::m.68973	33.230	322	194	6	1583	1889	1	316	2.34e-55	196
Schiaggr	CP@TRINITY_DN239_c0_g2::CP@TRINITY_DN239_c0_g2_i18::g.50383::m.50383	31.061	396	249	9	1509	1889	439	825	2.14e-50	194
Schiaggr	CP@TRINITY_DN16442_c0_g2::CP@TRINITY_DN16442_c0_g2_i1::g.43925::m.43925	29.975	397	253	8	1507	1889	47	432	1.61e-49	183
ThraLLF1	CP@TRINITY_DN5155_c0_g2::CP@TRINITY_DN5155_c0_g2_i2::g.13927::m.13927	51.617	711	299	7	61	770	50	716	0.0	735
ThraLLF1	CP@TRINITY_DN5155_c0_g2::CP@TRINITY_DN5155_c0_g2_i1::g.13925::m.13925	51.617	711	299	7	61	770	50	716	0.0	735
ThraLLF1	CP@TRINITY_DN28311_c0_g1::CP@TRINITY_DN28311_c0_g1_i1::g.10416::m.10416	36.742	264	143	9	499	752	1	250	1.63e-41	152
Saprdecl	CP@TRINITY_DN5155_c0_g2::CP@TRINITY_DN5155_c0_g2_i2::g.13927::m.13927	53.571	728	288	7	48	768	51	735	0.0	793
Saprdecl	CP@TRINITY_DN5155_c0_g2::CP@TRINITY_DN5155_c0_g2_i1::g.13925::m.13925	53.571	728	288	7	48	768	51	735	0.0	793
Pythirre	CP@TRINITY_DN5155_c0_g2::CP@TRINITY_DN5155_c0_g2_i2::g.13927::m.13927	55.367	708	273	6	36	742	50	715	0.0	797
Pythirre	CP@TRINITY_DN5155_c0_g2::CP@TRINITY_DN5155_c0_g2_i1::g.13925::m.13925	55.367	708	273	6	36	742	50	715	0.0	797
Pythirre	CP@TRINITY_DN28311_c0_g1::CP@TRINITY_DN28311_c0_g1_i1::g.10416::m.10416	40.964	249	134	7	481	719	1	246	4.86e-49	173
Albulaib	CP@TRINITY_DN5155_c0_g2::CP@TRINITY_DN5155_c0_g2_i2::g.13927::m.13927	51.440	729	298	11	30	753	38	715	0.0	743
Albulaib	CP@TRINITY_DN5155_c0_g2::CP@TRINITY_DN5155_c0_g2_i1::g.13925::m.13925	51.440	729	298	11	30	753	38	715	0.0	743
Deveeleg	CP@TRINITY_DN5155_c0_g2::CP@TRINITY_DN5155_c0_g2_i2::g.13927::m.13927	53.496	615	270	7	7	613	105	711	0.0	704
Deveeleg	CP@TRINITY_DN5155_c0_g2::CP@TRINITY_DN5155_c0_g2_i1::g.13925::m.13925	53.496	615	270	7	7	613	105	711	0.0	704
Deveeleg	CP@TRINITY_DN28311_c0_g1::CP@TRINITY_DN28311_c0_g1_i1::g.10416::m.10416	36.863	255	143	8	356	597	1	250	8.58e-44	157
Syncpusi	CP@TRINITY_DN5155_c0_g2::CP@TRINITY_DN5155_c0_g2_i2::g.13927::m.13927	55.892	594	251	5	1	593	132	715	0.0	712
Syncpusi	CP@TRINITY_DN5155_c0_g2::CP@TRINITY_DN5155_c0_g2_i1::g.13925::m.13925	55.892	594	251	5	1	593	132	715	0.0	712
Syncpusi	CP@TRINITY_DN28311_c0_g1::CP@TRINITY_DN28311_c0_g1_i1::g.10416::m.10416	37.838	259	143	7	327	575	1	251	1.10e-51	178
Mallmari	CP@TRINITY_DN5155_c0_g2::CP@TRINITY_DN5155_c0_g2_i2::g.13927::m.13927	52.028	715	285	6	66	779	55	712	0.0	785
Mallmari	CP@TRINITY_DN5155_c0_g2::CP@TRINITY_DN5155_c0_g2_i1::g.13925::m.13925	52.028	715	285	6	66	779	55	712	0.0	785
PoterBG1	CP@TRINITY_DN5155_c0_g2::CP@TRINITY_DN5155_c0_g2_i2::g.13927::m.13927	52.801	714	294	7	52	762	38	711	0.0	790
PoterBG1	CP@TRINITY_DN5155_c0_g2::CP@TRINITY_DN5155_c0_g2_i1::g.13925::m.13925	52.801	714	294	7	52	762	38	711	0.0	790
PoterBG1	CP@TRINITY_DN28311_c0_g1::CP@TRINITY_DN28311_c0_g1_i1::g.10416::m.10416	40.800	250	133	8	503	742	1	245	1.21e-50	178
Paravest	CP@TRINITY_DN5155_c0_g2::CP@TRINITY_DN5155_c0_g2_i2::g.13927::m.13927	54.089	697	282	7	72	765	55	716	0.0	793
Paravest	CP@TRINITY_DN5155_c0_g2::CP@TRINITY_DN5155_c0_g2_i1::g.13925::m.13925	54.089	697	282	7	72	765	55	716	0.0	793
Paravest	CP@TRINITY_DN28311_c0_g1::CP@TRINITY_DN28311_c0_g1_i1::g.10416::m.10416	38.400	250	138	6	504	741	1	246	3.78e-50	176
Ochr2298	CP@TRINITY_DN5155_c0_g2::CP@TRINITY_DN5155_c0_g2_i2::g.13927::m.13927	53.911	716	289	7	91	805	38	713	0.0	798
Ochr2298	CP@TRINITY_DN5155_c0_g2::CP@TRINITY_DN5155_c0_g2_i1::g.13925::m.13925	53.911	716	289	7	91	805	38	713	0.0	798
Ochr2298	CP@TRINITY_DN28311_c0_g1::CP@TRINITY_DN28311_c0_g1_i1::g.10416::m.10416	41.532	248	132	6	546	783	1	245	3.32e-51	180
Pedoelon	CP@TRINITY_DN5155_c0_g2::CP@TRINITY_DN5155_c0_g2_i2::g.13927::m.13927	53.901	705	285	6	61	764	48	713	0.0	790
Pedoelon	CP@TRINITY_DN5155_c0_g2::CP@TRINITY_DN5155_c0_g2_i1::g.13925::m.13925	53.901	705	285	6	61	764	48	713	0.0	790
Pedoelon	CP@TRINITY_DN28311_c0_g1::CP@TRINITY_DN28311_c0_g1_i1::g.10416::m.10416	39.844	256	138	8	504	748	1	251	1.08e-49	175
Dino2267	CP@TRINITY_DN5155_c0_g2::CP@TRINITY_DN5155_c0_g2_i2::g.13927::m.13927	53.156	713	289	6	59	769	44	713	0.0	788
Dino2267	CP@TRINITY_DN5155_c0_g2::CP@TRINITY_DN5155_c0_g2_i1::g.13925::m.13925	53.156	713	289	6	59	769	44	713	0.0	788
Dino2267	CP@TRINITY_DN28311_c0_g1::CP@TRINITY_DN28311_c0_g1_i1::g.10416::m.10416	41.667	252	128	7	508	747	1	245	6.41e-52	181
Fibrjapo	CP@TRINITY_DN5155_c0_g2::CP@TRINITY_DN5155_c0_g2_i2::g.13927::m.13927	54.017	585	223	5	88	672	38	576	0.0	653
Fibrjapo	CP@TRINITY_DN5155_c0_g2::CP@TRINITY_DN5155_c0_g2_i1::g.13925::m.13925	54.017	585	223	5	88	672	38	576	0.0	653
Heteakas	CP@TRINITY_DN5155_c0_g2::CP@TRINITY_DN5155_c0_g2_i2::g.13927::m.13927	53.460	737	282	9	48	783	38	714	0.0	807
Heteakas	CP@TRINITY_DN5155_c0_g2::CP@TRINITY_DN5155_c0_g2_i1::g.13925::m.13925	53.460	737	282	9	48	783	38	714	0.0	807
Heteakas	CP@TRINITY_DN28311_c0_g1::CP@TRINITY_DN28311_c0_g1_i1::g.10416::m.10416	37.993	279	142	8	505	773	1	258	4.35e-48	171
Chatsubs	CP@TRINITY_DN5155_c0_g2::CP@TRINITY_DN5155_c0_g2_i2::g.13927::m.13927	54.674	706	272	7	71	775	55	713	0.0	802
Chatsubs	CP@TRINITY_DN5155_c0_g2::CP@TRINITY_DN5155_c0_g2_i1::g.13925::m.13925	54.674	706	272	7	71	775	55	713	0.0	802
Chatsubs	CP@TRINITY_DN28311_c0_g1::CP@TRINITY_DN28311_c0_g1_i1::g.10416::m.10416	38.462	273	143	8	504	766	1	258	4.93e-50	176
Tribgaya	CP@TRINITY_DN5155_c0_g2::CP@TRINITY_DN5155_c0_g2_i2::g.13927::m.13927	52.186	709	290	6	71	778	55	715	0.0	756
Tribgaya	CP@TRINITY_DN5155_c0_g2::CP@TRINITY_DN5155_c0_g2_i1::g.13925::m.13925	52.186	709	290	6	71	778	55	715	0.0	756
Tribgaya	CP@TRINITY_DN28311_c0_g1::CP@TRINITY_DN28311_c0_g1_i1::g.10416::m.10416	39.179	268	137	8	502	759	1	252	3.38e-49	174
Vauclito	CP@TRINITY_DN5155_c0_g2::CP@TRINITY_DN5155_c0_g2_i2::g.13927::m.13927	51.669	689	280	8	77	757	51	694	0.0	724
Vauclito	CP@TRINITY_DN5155_c0_g2::CP@TRINITY_DN5155_c0_g2_i1::g.13925::m.13925	51.669	689	280	8	77	757	51	694	0.0	724
Vauclito	CP@TRINITY_DN28311_c0_g1::CP@TRINITY_DN28311_c0_g1_i1::g.10416::m.10416	40.856	257	129	8	507	753	1	244	2.14e-53	186
Fucucera	CP@TRINITY_DN5155_c0_g2::CP@TRINITY_DN5155_c0_g2_i2::g.13927::m.13927	47.995	748	295	7	78	819	55	714	0.0	714
Fucucera	CP@TRINITY_DN5155_c0_g2::CP@TRINITY_DN5155_c0_g2_i1::g.13925::m.13925	47.995	748	295	7	78	819	55	714	0.0	714
Agarclat	CP@TRINITY_DN5155_c0_g2::CP@TRINITY_DN5155_c0_g2_i2::g.13927::m.13927	57.584	356	150	1	2	357	134	488	1.87e-152	447
Agarclat	CP@TRINITY_DN5155_c0_g2::CP@TRINITY_DN5155_c0_g2_i1::g.13925::m.13925	57.584	356	150	1	2	357	134	488	1.87e-152	447
Flecnera	CP@TRINITY_DN5155_c0_g2::CP@TRINITY_DN5155_c0_g2_i2::g.13927::m.13927	46.762	772	310	16	24	788	38	715	0.0	682
Flecnera	CP@TRINITY_DN5155_c0_g2::CP@TRINITY_DN5155_c0_g2_i1::g.13925::m.13925	46.762	772	310	16	24	788	38	715	0.0	682
Diplambu	CP@TRINITY_DN5155_c0_g2::CP@TRINITY_DN5155_c0_g2_i2::g.13927::m.13927	47.425	738	284	10	40	774	55	691	0.0	677
Diplambu	CP@TRINITY_DN5155_c0_g2::CP@TRINITY_DN5155_c0_g2_i1::g.13925::m.13925	47.425	738	284	10	40	774	55	691	0.0	677
Neobdesi	CP@TRINITY_DN5155_c0_g2::CP@TRINITY_DN5155_c0_g2_i2::g.13927::m.13927	51.473	577	224	5	21	596	55	576	0.0	585
Neobdesi	CP@TRINITY_DN5155_c0_g2::CP@TRINITY_DN5155_c0_g2_i2::g.13927::m.13927	59.231	130	52	1	678	806	583	712	2.30e-41	162
Neobdesi	CP@TRINITY_DN5155_c0_g2::CP@TRINITY_DN5155_c0_g2_i1::g.13925::m.13925	51.473	577	224	5	21	596	55	576	0.0	585
Neobdesi	CP@TRINITY_DN5155_c0_g2::CP@TRINITY_DN5155_c0_g2_i1::g.13925::m.13925	59.231	130	52	1	678	806	583	712	2.30e-41	162
Adunpalu	CP@TRINITY_DN5155_c0_g2::CP@TRINITY_DN5155_c0_g2_i2::g.13927::m.13927	48.029	685	295	7	33	716	91	715	0.0	649
Adunpalu	CP@TRINITY_DN5155_c0_g2::CP@TRINITY_DN5155_c0_g2_i1::g.13925::m.13925	48.029	685	295	7	33	716	91	715	0.0	649
Ergocypr	CP@TRINITY_DN5155_c0_g2::CP@TRINITY_DN5155_c0_g2_i2::g.13927::m.13927	56.931	404	168	2	1	403	319	717	1.69e-168	489
Ergocypr	CP@TRINITY_DN5155_c0_g2::CP@TRINITY_DN5155_c0_g2_i1::g.13925::m.13925	56.931	404	168	2	1	403	319	717	1.69e-168	489
Ergocypr	CP@TRINITY_DN28311_c0_g1::CP@TRINITY_DN28311_c0_g1_i1::g.10416::m.10416	37.450	251	141	7	139	378	1	246	1.85e-48	165
MicrA134	CP@TRINITY_DN5155_c0_g2::CP@TRINITY_DN5155_c0_g2_i2::g.13927::m.13927	64.928	345	118	2	10	353	249	591	5.54e-168	486
MicrA134	CP@TRINITY_DN5155_c0_g2::CP@TRINITY_DN5155_c0_g2_i1::g.13925::m.13925	64.928	345	118	2	10	353	249	591	5.54e-168	486
Echiexud	CP@TRINITY_DN5155_c0_g2::CP@TRINITY_DN5155_c0_g2_i2::g.13927::m.13927	57.496	687	277	9	27	710	40	714	0.0	820
Echiexud	CP@TRINITY_DN5155_c0_g2::CP@TRINITY_DN5155_c0_g2_i1::g.13925::m.13925	57.496	687	277	9	27	710	40	714	0.0	820
Echiexud	CP@TRINITY_DN28311_c0_g1::CP@TRINITY_DN28311_c0_g1_i1::g.10416::m.10416	38.211	246	142	5	453	688	1	246	5.51e-52	181
Arcevulg	CP@TRINITY_DN5155_c0_g2::CP@TRINITY_DN5155_c0_g2_i2::g.13927::m.13927	54.532	684	296	10	99	779	42	713	0.0	751
Arcevulg	CP@TRINITY_DN5155_c0_g2::CP@TRINITY_DN5155_c0_g2_i1::g.13925::m.13925	54.532	684	296	10	99	779	42	713	0.0	751
Arcevulg	CP@TRINITY_DN28311_c0_g1::CP@TRINITY_DN28311_c0_g1_i1::g.10416::m.10416	38.462	247	143	4	522	760	1	246	2.95e-52	182
NolaAFSM	CP@TRINITY_DN5155_c0_g2::CP@TRINITY_DN5155_c0_g2_i2::g.13927::m.13927	54.085	710	302	10	73	772	38	733	0.0	758
NolaAFSM	CP@TRINITY_DN5155_c0_g2::CP@TRINITY_DN5155_c0_g2_i1::g.13925::m.13925	54.085	710	302	10	73	772	38	733	0.0	758
NolaAFSM	CP@TRINITY_DN28311_c0_g1::CP@TRINITY_DN28311_c0_g1_i1::g.10416::m.10416	37.452	259	146	6	492	741	1	252	1.85e-45	163
Amoeprot	CP@TRINITY_DN5155_c0_g2::CP@TRINITY_DN5155_c0_g2_i2::g.13927::m.13927	53.412	674	295	8	39	710	55	711	0.0	734
Amoeprot	CP@TRINITY_DN5155_c0_g2::CP@TRINITY_DN5155_c0_g2_i1::g.13925::m.13925	53.412	674	295	8	39	710	55	711	0.0	734
Amoeprot	CP@TRINITY_DN28311_c0_g1::CP@TRINITY_DN28311_c0_g1_i1::g.10416::m.10416	38.400	250	140	5	450	690	1	245	1.81e-51	179
Coprprot	CP@TRINITY_DN5155_c0_g2::CP@TRINITY_DN5155_c0_g2_i2::g.13927::m.13927	54.653	677	287	9	36	710	53	711	0.0	755
Coprprot	CP@TRINITY_DN5155_c0_g2::CP@TRINITY_DN5155_c0_g2_i1::g.13925::m.13925	54.653	677	287	9	36	710	53	711	0.0	755
Coprprot	CP@TRINITY_DN28311_c0_g1::CP@TRINITY_DN28311_c0_g1_i1::g.10416::m.10416	40.873	252	133	6	450	691	1	246	1.11e-56	194
Flabcita	CP@TRINITY_DN5155_c0_g2::CP@TRINITY_DN5155_c0_g2_i2::g.13927::m.13927	54.932	659	290	6	10	666	55	708	0.0	781
Flabcita	CP@TRINITY_DN5155_c0_g2::CP@TRINITY_DN5155_c0_g2_i1::g.13925::m.13925	54.932	659	290	6	10	666	55	708	0.0	781
Flabcita	CP@TRINITY_DN28311_c0_g1::CP@TRINITY_DN28311_c0_g1_i1::g.10416::m.10416	39.024	246	140	5	413	649	1	245	2.66e-51	178
Rhizsaxo	CP@TRINITY_DN5155_c0_g2::CP@TRINITY_DN5155_c0_g2_i2::g.13927::m.13927	53.778	675	296	9	5	674	48	711	0.0	745
Rhizsaxo	CP@TRINITY_DN5155_c0_g2::CP@TRINITY_DN5155_c0_g2_i1::g.13925::m.13925	53.778	675	296	9	5	674	48	711	0.0	745
Rhizsaxo	CP@TRINITY_DN28311_c0_g1::CP@TRINITY_DN28311_c0_g1_i1::g.10416::m.10416	41.176	255	138	6	418	663	1	252	7.79e-60	201
Veximinu	CP@TRINITY_DN5155_c0_g2::CP@TRINITY_DN5155_c0_g2_i2::g.13927::m.13927	50.420	714	301	7	39	749	50	713	0.0	739
Veximinu	CP@TRINITY_DN5155_c0_g2::CP@TRINITY_DN5155_c0_g2_i1::g.13925::m.13925	50.420	714	301	7	39	749	50	713	0.0	739
Armalang	CP@TRINITY_DN5155_c0_g2::CP@TRINITY_DN5155_c0_g2_i2::g.13927::m.13927	55.435	644	277	7	7	647	55	691	0.0	743
Armalang	CP@TRINITY_DN5155_c0_g2::CP@TRINITY_DN5155_c0_g2_i1::g.13925::m.13925	55.435	644	277	7	7	647	55	691	0.0	743
Armalang	CP@TRINITY_DN28311_c0_g1::CP@TRINITY_DN28311_c0_g1_i1::g.10416::m.10416	38.492	252	141	7	411	651	1	249	7.10e-51	178
Squajapo	CP@TRINITY_DN5155_c0_g2::CP@TRINITY_DN5155_c0_g2_i2::g.13927::m.13927	53.516	256	112	3	4	258	445	694	7.23e-90	283
Squajapo	CP@TRINITY_DN5155_c0_g2::CP@TRINITY_DN5155_c0_g2_i1::g.13925::m.13925	53.516	256	112	3	4	258	445	694	7.23e-90	283
Squajapo	CP@TRINITY_DN28311_c0_g1::CP@TRINITY_DN28311_c0_g1_i1::g.10416::m.10416	37.647	255	144	6	16	260	1	250	6.28e-50	166
Dracjorm	CP@TRINITY_DN5155_c0_g2::CP@TRINITY_DN5155_c0_g2_i2::g.13927::m.13927	60.587	647	246	6	22	663	56	698	0.0	825
Dracjorm	CP@TRINITY_DN5155_c0_g2::CP@TRINITY_DN5155_c0_g2_i1::g.13925::m.13925	60.587	647	246	6	22	663	56	698	0.0	825
Dracjorm	CP@TRINITY_DN28311_c0_g1::CP@TRINITY_DN28311_c0_g1_i1::g.10416::m.10416	39.024	246	138	6	424	657	1	246	4.89e-51	177
Luaphula	CP@TRINITY_DN5155_c0_g2::CP@TRINITY_DN5155_c0_g2_i2::g.13927::m.13927	56.456	666	281	7	23	687	55	712	0.0	773
Luaphula	CP@TRINITY_DN5155_c0_g2::CP@TRINITY_DN5155_c0_g2_i1::g.13925::m.13925	56.456	666	281	7	23	687	55	712	0.0	773
Luaphula	CP@TRINITY_DN28311_c0_g1::CP@TRINITY_DN28311_c0_g1_i1::g.10416::m.10416	42.578	256	132	8	431	675	1	252	1.60e-54	187
Phalsoli	CP@TRINITY_DN5155_c0_g2::CP@TRINITY_DN5155_c0_g2_i2::g.13927::m.13927	59.910	666	259	4	45	706	53	714	0.0	847
Phalsoli	CP@TRINITY_DN5155_c0_g2::CP@TRINITY_DN5155_c0_g2_i1::g.13925::m.13925	59.910	666	259	4	45	706	53	714	0.0	847
Phalsoli	CP@TRINITY_DN28311_c0_g1::CP@TRINITY_DN28311_c0_g1_i1::g.10416::m.10416	39.200	250	137	7	446	684	1	246	2.70e-50	176
Cavoapop	CP@TRINITY_DN5155_c0_g2::CP@TRINITY_DN5155_c0_g2_i2::g.13927::m.13927	60.210	666	257	5	46	709	55	714	0.0	857
Cavoapop	CP@TRINITY_DN5155_c0_g2::CP@TRINITY_DN5155_c0_g2_i1::g.13925::m.13925	60.210	666	257	5	46	709	55	714	0.0	857
Cavoapop	CP@TRINITY_DN28311_c0_g1::CP@TRINITY_DN28311_c0_g1_i1::g.10416::m.10416	38.911	257	143	7	450	695	1	254	9.56e-53	183
Schivulg	CP@TRINITY_DN5155_c0_g2::CP@TRINITY_DN5155_c0_g2_i2::g.13927::m.13927	58.709	666	267	5	56	719	55	714	0.0	820
Schivulg	CP@TRINITY_DN5155_c0_g2::CP@TRINITY_DN5155_c0_g2_i1::g.13925::m.13925	58.709	666	267	5	56	719	55	714	0.0	820
Schivulg	CP@TRINITY_DN28311_c0_g1::CP@TRINITY_DN28311_c0_g1_i1::g.10416::m.10416	37.165	261	150	7	460	709	1	258	3.81e-51	179
Soliirre	CP@TRINITY_DN5155_c0_g2::CP@TRINITY_DN5155_c0_g2_i2::g.13927::m.13927	56.334	671	283	6	113	782	53	714	0.0	782
Soliirre	CP@TRINITY_DN5155_c0_g2::CP@TRINITY_DN5155_c0_g2_i1::g.13925::m.13925	56.334	671	283	6	113	782	53	714	0.0	782
Soliirre	CP@TRINITY_DN28311_c0_g1::CP@TRINITY_DN28311_c0_g1_i1::g.10416::m.10416	38.462	247	138	7	520	756	1	243	4.28e-51	179
Gocefonb	CP@TRINITY_DN5155_c0_g2::CP@TRINITY_DN5155_c0_g2_i2::g.13927::m.13927	62.319	345	122	2	1	337	385	729	1.61e-161	472
Gocefonb	CP@TRINITY_DN5155_c0_g2::CP@TRINITY_DN5155_c0_g2_i1::g.13925::m.13925	62.319	345	122	2	1	337	385	729	1.61e-161	472
Gocefonb	CP@TRINITY_DN28311_c0_g1::CP@TRINITY_DN28311_c0_g1_i1::g.10416::m.10416	40.650	246	135	6	73	307	1	246	1.95e-57	189
Paralevi	CP@TRINITY_DN5155_c0_g2::CP@TRINITY_DN5155_c0_g2_i2::g.13927::m.13927	59.726	658	263	2	56	712	55	711	0.0	862
Paralevi	CP@TRINITY_DN5155_c0_g2::CP@TRINITY_DN5155_c0_g2_i1::g.13925::m.13925	59.726	658	263	2	56	712	55	711	0.0	862
Paralevi	CP@TRINITY_DN28311_c0_g1::CP@TRINITY_DN28311_c0_g1_i1::g.10416::m.10416	40.244	246	136	6	459	693	1	246	9.77e-54	186
Vermverm	CP@TRINITY_DN5155_c0_g2::CP@TRINITY_DN5155_c0_g2_i2::g.13927::m.13927	57.895	684	272	6	17	697	41	711	0.0	828
Vermverm	CP@TRINITY_DN5155_c0_g2::CP@TRINITY_DN5155_c0_g2_i1::g.13925::m.13925	57.895	684	272	6	17	697	41	711	0.0	828
Vermverm	CP@TRINITY_DN28311_c0_g1::CP@TRINITY_DN28311_c0_g1_i1::g.10416::m.10416	36.434	258	153	6	444	690	1	258	2.75e-50	176
Hetepall	CP@TRINITY_DN5155_c0_g2::CP@TRINITY_DN5155_c0_g2_i2::g.13927::m.13927	55.860	657	284	4	54	706	55	709	0.0	795
Hetepall	CP@TRINITY_DN5155_c0_g2::CP@TRINITY_DN5155_c0_g2_i1::g.13925::m.13925	55.860	657	284	4	54	706	55	709	0.0	795
Hetepall	CP@TRINITY_DN28311_c0_g1::CP@TRINITY_DN28311_c0_g1_i1::g.10416::m.10416	38.492	252	143	7	454	694	1	251	2.01e-49	174
Mayocant	CP@TRINITY_DN5155_c0_g2::CP@TRINITY_DN5155_c0_g2_i2::g.13927::m.13927	61.228	570	214	3	71	640	45	607	0.0	735
Mayocant	CP@TRINITY_DN5155_c0_g2::CP@TRINITY_DN5155_c0_g2_i1::g.13925::m.13925	61.228	570	214	3	71	640	45	607	0.0	735
Sapppeda	CP@TRINITY_DN5155_c0_g2::CP@TRINITY_DN5155_c0_g2_i2::g.13927::m.13927	55.219	661	289	6	48	705	53	709	0.0	748
Sapppeda	CP@TRINITY_DN5155_c0_g2::CP@TRINITY_DN5155_c0_g2_i1::g.13925::m.13925	55.219	661	289	6	48	705	53	709	0.0	748
Sapppeda	CP@TRINITY_DN28311_c0_g1::CP@TRINITY_DN28311_c0_g1_i1::g.10416::m.10416	41.767	249	131	8	451	688	1	246	5.47e-52	181
Stensten	CP@TRINITY_DN5155_c0_g2::CP@TRINITY_DN5155_c0_g2_i2::g.13927::m.13927	57.143	672	281	4	53	719	44	713	0.0	805
Stensten	CP@TRINITY_DN5155_c0_g2::CP@TRINITY_DN5155_c0_g2_i1::g.13925::m.13925	57.143	672	281	4	53	719	44	713	0.0	805
Stensten	CP@TRINITY_DN28311_c0_g1::CP@TRINITY_DN28311_c0_g1_i1::g.10416::m.10416	40.239	251	141	5	462	703	1	251	1.96e-55	190
Cochminu	CP@TRINITY_DN5155_c0_g2::CP@TRINITY_DN5155_c0_g2_i2::g.13927::m.13927	55.045	674	290	6	36	708	53	714	0.0	766
Cochminu	CP@TRINITY_DN5155_c0_g2::CP@TRINITY_DN5155_c0_g2_i1::g.13925::m.13925	55.045	674	290	6	36	708	53	714	0.0	766
Cochminu	CP@TRINITY_DN28311_c0_g1::CP@TRINITY_DN28311_c0_g1_i1::g.10416::m.10416	38.367	245	140	6	447	680	1	245	4.32e-48	170
HeterBB2	CP@TRINITY_DN5155_c0_g2::CP@TRINITY_DN5155_c0_g2_i2::g.13927::m.13927	59.765	425	165	4	76	500	55	473	0.0	543
HeterBB2	CP@TRINITY_DN5155_c0_g2::CP@TRINITY_DN5155_c0_g2_i1::g.13925::m.13925	59.765	425	165	4	76	500	55	473	0.0	543
Filanola	CP@TRINITY_DN5155_c0_g2::CP@TRINITY_DN5155_c0_g2_i2::g.13927::m.13927	58.088	680	272	5	34	711	46	714	0.0	815
Filanola	CP@TRINITY_DN5155_c0_g2::CP@TRINITY_DN5155_c0_g2_i1::g.13925::m.13925	58.088	680	272	5	34	711	46	714	0.0	815
Filanola	CP@TRINITY_DN28311_c0_g1::CP@TRINITY_DN28311_c0_g1_i1::g.10416::m.10416	39.759	249	137	6	445	683	1	246	7.56e-51	177
Pellcata	CP@TRINITY_DN5155_c0_g2::CP@TRINITY_DN5155_c0_g2_i2::g.13927::m.13927	56.014	582	246	6	1	581	140	712	0.0	692
Pellcata	CP@TRINITY_DN5155_c0_g2::CP@TRINITY_DN5155_c0_g2_i1::g.13925::m.13925	56.014	582	246	6	1	581	140	712	0.0	692
Pellcata	CP@TRINITY_DN28311_c0_g1::CP@TRINITY_DN28311_c0_g1_i1::g.10416::m.10416	39.919	248	137	6	324	561	1	246	1.14e-56	191
Endozona	CP@TRINITY_DN5155_c0_g2::CP@TRINITY_DN5155_c0_g2_i2::g.13927::m.13927	52.025	642	298	6	39	677	57	691	0.0	672
Endozona	CP@TRINITY_DN5155_c0_g2::CP@TRINITY_DN5155_c0_g2_i1::g.13925::m.13925	52.025	642	298	6	39	677	57	691	0.0	672
Endozona	CP@TRINITY_DN28311_c0_g1::CP@TRINITY_DN28311_c0_g1_i1::g.10416::m.10416	40.329	243	134	6	444	675	1	243	6.18e-50	176
Pharkirb	CP@TRINITY_DN5155_c0_g2::CP@TRINITY_DN5155_c0_g2_i2::g.13927::m.13927	54.519	675	296	9	20	692	46	711	0.0	779
Pharkirb	CP@TRINITY_DN5155_c0_g2::CP@TRINITY_DN5155_c0_g2_i1::g.13925::m.13925	54.519	675	296	9	20	692	46	711	0.0	779
Pharkirb	CP@TRINITY_DN28311_c0_g1::CP@TRINITY_DN28311_c0_g1_i1::g.10416::m.10416	38.095	252	142	7	434	675	1	248	3.29e-52	181
Rhizelon	CP@TRINITY_DN5155_c0_g2::CP@TRINITY_DN5155_c0_g2_i2::g.13927::m.13927	54.325	659	284	7	2	656	69	714	0.0	726
Rhizelon	CP@TRINITY_DN5155_c0_g2::CP@TRINITY_DN5155_c0_g2_i1::g.13925::m.13925	54.325	659	284	7	2	656	69	714	0.0	726
Rhizelon	CP@TRINITY_DN28311_c0_g1::CP@TRINITY_DN28311_c0_g1_i1::g.10416::m.10416	41.270	252	136	6	399	639	1	251	1.06e-55	190
Masteilh	CP@TRINITY_DN5155_c0_g2::CP@TRINITY_DN5155_c0_g2_i2::g.13927::m.13927	49.925	671	323	5	53	722	53	711	0.0	699
Masteilh	CP@TRINITY_DN5155_c0_g2::CP@TRINITY_DN5155_c0_g2_i1::g.13925::m.13925	49.925	671	323	5	53	722	53	711	0.0	699
Masteilh	CP@TRINITY_DN28311_c0_g1::CP@TRINITY_DN28311_c0_g1_i1::g.10416::m.10416	42.913	254	129	7	468	708	1	251	3.16e-55	190
Diphrota	CP@TRINITY_DN5155_c0_g2::CP@TRINITY_DN5155_c0_g2_i2::g.13927::m.13927	56.808	683	278	8	8	684	40	711	0.0	822
Diphrota	CP@TRINITY_DN5155_c0_g2::CP@TRINITY_DN5155_c0_g2_i1::g.13925::m.13925	56.808	683	278	8	8	684	40	711	0.0	822
Diphrota	CP@TRINITY_DN28311_c0_g1::CP@TRINITY_DN28311_c0_g1_i1::g.10416::m.10416	39.844	256	129	9	425	665	1	246	5.72e-52	181
Rigiramo	CP@TRINITY_DN5155_c0_g2::CP@TRINITY_DN5155_c0_g2_i2::g.13927::m.13927	59.125	663	262	6	129	788	55	711	0.0	848
Rigiramo	CP@TRINITY_DN5155_c0_g2::CP@TRINITY_DN5155_c0_g2_i1::g.13925::m.13925	59.125	663	262	6	129	788	55	711	0.0	848
Rigiramo	CP@TRINITY_DN28311_c0_g1::CP@TRINITY_DN28311_c0_g1_i1::g.10416::m.10416	42.570	249	130	7	531	769	1	246	6.37e-59	201
Guttvulg	CP@TRINITY_DN5155_c0_g2::CP@TRINITY_DN5155_c0_g2_i2::g.13927::m.13927	55.535	533	229	6	5	536	55	580	0.0	597
Guttvulg	CP@TRINITY_DN5155_c0_g2::CP@TRINITY_DN5155_c0_g2_i1::g.13925::m.13925	55.535	533	229	6	5	536	55	580	0.0	597
Mancberm	CP@TRINITY_DN5155_c0_g2::CP@TRINITY_DN5155_c0_g2_i2::g.13927::m.13927	58.713	373	143	4	6	377	353	715	4.30e-160	468
Mancberm	CP@TRINITY_DN5155_c0_g2::CP@TRINITY_DN5155_c0_g2_i1::g.13925::m.13925	58.713	373	143	4	6	377	353	715	4.30e-160	468
Mancberm	CP@TRINITY_DN28311_c0_g1::CP@TRINITY_DN28311_c0_g1_i1::g.10416::m.10416	39.919	248	136	5	110	347	1	245	4.54e-54	180
Carpmemb	CP@TRINITY_DN5155_c0_g2::CP@TRINITY_DN5155_c0_g2_i2::g.13927::m.13927	44.828	551	263	10	103	653	137	646	2.18e-163	491
Carpmemb	CP@TRINITY_DN5155_c0_g2::CP@TRINITY_DN5155_c0_g2_i1::g.13925::m.13925	44.828	551	263	10	103	653	137	646	2.18e-163	491
Nutolong	CP@TRINITY_DN5155_c0_g2::CP@TRINITY_DN5155_c0_g2_i2::g.13927::m.13927	55.930	683	286	7	8	686	43	714	0.0	805
Nutolong	CP@TRINITY_DN5155_c0_g2::CP@TRINITY_DN5155_c0_g2_i1::g.13925::m.13925	55.930	683	286	7	8	686	43	714	0.0	805
Nutolong	CP@TRINITY_DN28311_c0_g1::CP@TRINITY_DN28311_c0_g1_i1::g.10416::m.10416	38.224	259	144	9	425	672	1	254	4.60e-50	175
Ancysigm	CP@TRINITY_DN5155_c0_g2::CP@TRINITY_DN5155_c0_g2_i2::g.13927::m.13927	54.058	690	292	11	17	701	45	714	0.0	767
Ancysigm	CP@TRINITY_DN5155_c0_g2::CP@TRINITY_DN5155_c0_g2_i1::g.13925::m.13925	54.058	690	292	11	17	701	45	714	0.0	767
Ancysigm	CP@TRINITY_DN28311_c0_g1::CP@TRINITY_DN28311_c0_g1_i1::g.10416::m.10416	38.023	263	147	9	441	692	1	258	2.58e-49	173
Sapochin	CP@TRINITY_DN5155_c0_g2::CP@TRINITY_DN5155_c0_g2_i2::g.13927::m.13927	57.625	682	277	7	2	682	44	714	0.0	816
Sapochin	CP@TRINITY_DN5155_c0_g2::CP@TRINITY_DN5155_c0_g2_i1::g.13925::m.13925	57.625	682	277	7	2	682	44	714	0.0	816
Fabotrop	CP@TRINITY_DN5155_c0_g2::CP@TRINITY_DN5155_c0_g2_i2::g.13927::m.13927	58.858	683	267	7	23	699	40	714	0.0	843
Fabotrop	CP@TRINITY_DN5155_c0_g2::CP@TRINITY_DN5155_c0_g2_i1::g.13925::m.13925	58.858	683	267	7	23	699	40	714	0.0	843
Lenilimo	CP@TRINITY_DN5155_c0_g2::CP@TRINITY_DN5155_c0_g2_i2::g.13927::m.13927	60.633	221	82	1	3	223	395	610	4.10e-94	290
Lenilimo	CP@TRINITY_DN5155_c0_g2::CP@TRINITY_DN5155_c0_g2_i1::g.13925::m.13925	60.633	221	82	1	3	223	395	610	4.10e-94	290
Mantplas	CP@TRINITY_DN5155_c0_g2::CP@TRINITY_DN5155_c0_g2_i2::g.13927::m.13927	56.456	666	282	8	31	694	55	714	0.0	788
Mantplas	CP@TRINITY_DN5155_c0_g2::CP@TRINITY_DN5155_c0_g2_i1::g.13925::m.13925	56.456	666	282	8	31	694	55	714	0.0	788
Mantplas	CP@TRINITY_DN28311_c0_g1::CP@TRINITY_DN28311_c0_g1_i1::g.10416::m.10416	40.891	247	136	5	436	672	1	247	2.14e-57	195
Trimmari	CP@TRINITY_DN5155_c0_g2::CP@TRINITY_DN5155_c0_g2_i2::g.13927::m.13927	46.861	653	279	13	53	696	101	694	0.0	593
Trimmari	CP@TRINITY_DN5155_c0_g2::CP@TRINITY_DN5155_c0_g2_i1::g.13925::m.13925	46.861	653	279	13	53	696	101	694	0.0	593
Trimmari	CP@TRINITY_DN28311_c0_g1::CP@TRINITY_DN28311_c0_g1_i1::g.10416::m.10416	37.549	253	141	8	458	697	1	249	5.87e-46	164
Cuneruss	CP@TRINITY_DN5155_c0_g2::CP@TRINITY_DN5155_c0_g2_i2::g.13927::m.13927	53.651	671	302	6	11	676	47	713	0.0	746
Cuneruss	CP@TRINITY_DN5155_c0_g2::CP@TRINITY_DN5155_c0_g2_i1::g.13925::m.13925	53.651	671	302	6	11	676	47	713	0.0	746
Cuneruss	CP@TRINITY_DN28311_c0_g1::CP@TRINITY_DN28311_c0_g1_i1::g.10416::m.10416	39.516	248	137	6	419	655	1	246	3.62e-51	178
Eutrgymn	CP@TRINITY_DN5155_c0_g2::CP@TRINITY_DN5155_c0_g2_i2::g.13927::m.13927	50.765	719	292	8	16	732	53	711	0.0	724
Eutrgymn	CP@TRINITY_DN5155_c0_g2::CP@TRINITY_DN5155_c0_g2_i1::g.13925::m.13925	50.765	719	292	8	16	732	53	711	0.0	724
Euglgrac	CP@TRINITY_DN5155_c0_g2::CP@TRINITY_DN5155_c0_g2_i2::g.13927::m.13927	51.247	722	290	8	14	733	53	714	0.0	726
Euglgrac	CP@TRINITY_DN5155_c0_g2::CP@TRINITY_DN5155_c0_g2_i1::g.13925::m.13925	51.247	722	290	8	14	733	53	714	0.0	726
Eugllong	CP@TRINITY_DN5155_c0_g2::CP@TRINITY_DN5155_c0_g2_i2::g.13927::m.13927	50.912	713	288	8	31	741	53	705	0.0	718
Eugllong	CP@TRINITY_DN5155_c0_g2::CP@TRINITY_DN5155_c0_g2_i1::g.13925::m.13925	50.912	713	288	8	31	741	53	705	0.0	718
Bodosalt	CP@TRINITY_DN5155_c0_g2::CP@TRINITY_DN5155_c0_g2_i2::g.13927::m.13927	51.394	574	225	5	24	595	55	576	0.0	592
Bodosalt	CP@TRINITY_DN5155_c0_g2::CP@TRINITY_DN5155_c0_g2_i1::g.13925::m.13925	51.394	574	225	5	24	595	55	576	0.0	592
Gefiokel	CP@TRINITY_DN5155_c0_g2::CP@TRINITY_DN5155_c0_g2_i2::g.13927::m.13927	56.372	667	281	6	9	671	55	715	0.0	770
Gefiokel	CP@TRINITY_DN5155_c0_g2::CP@TRINITY_DN5155_c0_g2_i1::g.13925::m.13925	56.372	667	281	6	9	671	55	715	0.0	770
Gefiokel	CP@TRINITY_DN28311_c0_g1::CP@TRINITY_DN28311_c0_g1_i1::g.10416::m.10416	39.592	245	133	9	409	640	1	243	3.41e-47	167
Fontalba	CP@TRINITY_DN5155_c0_g2::CP@TRINITY_DN5155_c0_g2_i2::g.13927::m.13927	52.227	651	297	8	7	655	55	693	0.0	696
Fontalba	CP@TRINITY_DN5155_c0_g2::CP@TRINITY_DN5155_c0_g2_i1::g.13925::m.13925	52.227	651	297	8	7	655	55	693	0.0	696
Fontalba	CP@TRINITY_DN28311_c0_g1::CP@TRINITY_DN28311_c0_g1_i1::g.10416::m.10416	43.220	236	123	6	414	638	1	236	1.39e-51	180
Salprose	CP@TRINITY_DN5155_c0_g2::CP@TRINITY_DN5155_c0_g2_i2::g.13927::m.13927	63.363	666	241	1	55	720	53	715	0.0	921
Salprose	CP@TRINITY_DN5155_c0_g2::CP@TRINITY_DN5155_c0_g2_i1::g.13925::m.13925	63.363	666	241	1	55	720	53	715	0.0	921
Salprose	CP@TRINITY_DN28311_c0_g1::CP@TRINITY_DN28311_c0_g1_i1::g.10416::m.10416	40.392	255	137	7	459	702	1	251	2.91e-51	179
Gallgall	CP@TRINITY_DN5155_c0_g2::CP@TRINITY_DN5155_c0_g2_i2::g.13927::m.13927	65.396	682	231	3	102	782	44	721	0.0	964
Gallgall	CP@TRINITY_DN5155_c0_g2::CP@TRINITY_DN5155_c0_g2_i1::g.13925::m.13925	65.396	682	231	3	102	782	44	721	0.0	964
Gallgall	CP@TRINITY_DN28311_c0_g1::CP@TRINITY_DN28311_c0_g1_i1::g.10416::m.10416	42.339	248	130	8	517	753	1	246	1.52e-57	197
Amphquee	CP@TRINITY_DN5155_c0_g2::CP@TRINITY_DN5155_c0_g2_i2::g.13927::m.13927	66.914	674	217	3	35	702	50	723	0.0	937
Amphquee	CP@TRINITY_DN5155_c0_g2::CP@TRINITY_DN5155_c0_g2_i1::g.13925::m.13925	66.914	674	217	3	35	702	50	723	0.0	937
Drosmela	CP@TRINITY_DN5155_c0_g2::CP@TRINITY_DN5155_c0_g2_i2::g.13927::m.13927	71.114	682	196	1	66	747	42	722	0.0	1050
Drosmela	CP@TRINITY_DN5155_c0_g2::CP@TRINITY_DN5155_c0_g2_i1::g.13925::m.13925	71.114	682	196	1	66	747	42	722	0.0	1050
Drosmela	CP@TRINITY_DN28311_c0_g1::CP@TRINITY_DN28311_c0_g1_i1::g.10416::m.10416	41.700	247	132	7	482	717	1	246	1.94e-56	193
Apismell	CP@TRINITY_DN5155_c0_g2::CP@TRINITY_DN5155_c0_g2_i2::g.13927::m.13927	67.416	712	221	1	4	704	4	715	0.0	1029
Apismell	CP@TRINITY_DN5155_c0_g2::CP@TRINITY_DN5155_c0_g2_i1::g.13925::m.13925	67.416	712	221	1	4	704	4	715	0.0	1029
Apismell	CP@TRINITY_DN28311_c0_g1::CP@TRINITY_DN28311_c0_g1_i1::g.10416::m.10416	39.431	246	139	6	446	681	1	246	5.75e-54	186
Taensoli	CP@TRINITY_DN5155_c0_g2::CP@TRINITY_DN5155_c0_g2_i2::g.13927::m.13927	61.743	677	250	2	42	718	53	720	0.0	911
Taensoli	CP@TRINITY_DN5155_c0_g2::CP@TRINITY_DN5155_c0_g2_i1::g.13925::m.13925	61.743	677	250	2	42	718	53	720	0.0	911
Taensoli	CP@TRINITY_DN28311_c0_g1::CP@TRINITY_DN28311_c0_g1_i1::g.10416::m.10416	36.194	268	150	8	446	702	1	258	4.33e-48	170
Aplycali	CP@TRINITY_DN5155_c0_g2::CP@TRINITY_DN5155_c0_g2_i2::g.13927::m.13927	67.827	718	220	2	1	707	4	721	0.0	1031
Aplycali	CP@TRINITY_DN5155_c0_g2::CP@TRINITY_DN5155_c0_g2_i1::g.13925::m.13925	67.827	718	220	2	1	707	4	721	0.0	1031
Aplycali	CP@TRINITY_DN28311_c0_g1::CP@TRINITY_DN28311_c0_g1_i1::g.10416::m.10416	38.996	259	146	6	443	690	1	258	7.99e-52	180
Tricadha	CP@TRINITY_DN5155_c0_g2::CP@TRINITY_DN5155_c0_g2_i2::g.13927::m.13927	66.617	674	224	1	5	678	43	715	0.0	970
Tricadha	CP@TRINITY_DN5155_c0_g2::CP@TRINITY_DN5155_c0_g2_i1::g.13925::m.13925	66.617	674	224	1	5	678	43	715	0.0	970
Tricadha	CP@TRINITY_DN28311_c0_g1::CP@TRINITY_DN28311_c0_g1_i1::g.10416::m.10416	42.292	253	133	8	419	660	1	251	1.47e-53	185
Branflor	CP@TRINITY_DN5155_c0_g2::CP@TRINITY_DN5155_c0_g2_i2::g.13927::m.13927	68.195	676	210	2	1	676	51	721	0.0	990
Branflor	CP@TRINITY_DN5155_c0_g2::CP@TRINITY_DN5155_c0_g2_i1::g.13925::m.13925	68.195	676	210	2	1	676	51	721	0.0	990
Branflor	CP@TRINITY_DN28311_c0_g1::CP@TRINITY_DN28311_c0_g1_i1::g.10416::m.10416	41.129	248	133	7	411	647	1	246	4.43e-55	189
Minivibr	CP@TRINITY_DN5155_c0_g2::CP@TRINITY_DN5155_c0_g2_i2::g.13927::m.13927	60.759	711	235	3	64	774	50	716	0.0	916
Minivibr	CP@TRINITY_DN5155_c0_g2::CP@TRINITY_DN5155_c0_g2_i1::g.13925::m.13925	60.759	711	235	3	64	774	50	716	0.0	916
Amoepara	CP@TRINITY_DN5155_c0_g2::CP@TRINITY_DN5155_c0_g2_i2::g.13927::m.13927	60.882	680	261	2	33	711	38	713	0.0	887
Amoepara	CP@TRINITY_DN5155_c0_g2::CP@TRINITY_DN5155_c0_g2_i1::g.13925::m.13925	60.882	680	261	2	33	711	38	713	0.0	887
Amoepara	CP@TRINITY_DN28311_c0_g1::CP@TRINITY_DN28311_c0_g1_i1::g.10416::m.10416	41.434	251	136	7	456	695	1	251	6.65e-53	183
Mnemleid	CP@TRINITY_DN5155_c0_g2::CP@TRINITY_DN5155_c0_g2_i2::g.13927::m.13927	67.257	678	220	1	34	709	38	715	0.0	994
Mnemleid	CP@TRINITY_DN5155_c0_g2::CP@TRINITY_DN5155_c0_g2_i1::g.13925::m.13925	67.257	678	220	1	34	709	38	715	0.0	994
Mnemleid	CP@TRINITY_DN28311_c0_g1::CP@TRINITY_DN28311_c0_g1_i1::g.10416::m.10416	42.105	247	131	7	451	686	1	246	9.93e-56	191
Caeneleg	CP@TRINITY_DN5155_c0_g2::CP@TRINITY_DN5155_c0_g2_i2::g.13927::m.13927	65.288	677	234	1	43	719	45	720	0.0	960
Caeneleg	CP@TRINITY_DN5155_c0_g2::CP@TRINITY_DN5155_c0_g2_i1::g.13925::m.13925	65.288	677	234	1	43	719	45	720	0.0	960
Caeneleg	CP@TRINITY_DN28311_c0_g1::CP@TRINITY_DN28311_c0_g1_i1::g.10416::m.10416	37.302	252	147	6	455	696	1	251	2.50e-52	182
Spizpunc	CP@TRINITY_DN5155_c0_g2::CP@TRINITY_DN5155_c0_g2_i2::g.13927::m.13927	60.000	685	263	4	28	706	38	717	0.0	862
Spizpunc	CP@TRINITY_DN5155_c0_g2::CP@TRINITY_DN5155_c0_g2_i1::g.13925::m.13925	60.000	685	263	4	28	706	38	717	0.0	862
Spizpunc	CP@TRINITY_DN28311_c0_g1::CP@TRINITY_DN28311_c0_g1_i1::g.10416::m.10416	38.492	252	143	7	442	682	1	251	8.51e-49	172
Neurcras	CP@TRINITY_DN5155_c0_g2::CP@TRINITY_DN5155_c0_g2_i2::g.13927::m.13927	50.859	757	307	10	33	782	40	738	0.0	768
Neurcras	CP@TRINITY_DN5155_c0_g2::CP@TRINITY_DN5155_c0_g2_i1::g.13925::m.13925	50.859	757	307	10	33	782	40	738	0.0	768
Aspefumi	CP@TRINITY_DN5155_c0_g2::CP@TRINITY_DN5155_c0_g2_i2::g.13927::m.13927	49.353	695	319	8	40	733	55	717	0.0	693
Aspefumi	CP@TRINITY_DN5155_c0_g2::CP@TRINITY_DN5155_c0_g2_i1::g.13925::m.13925	49.353	695	319	8	40	733	55	717	0.0	693
Ustimayd	CP@TRINITY_DN5155_c0_g2::CP@TRINITY_DN5155_c0_g2_i2::g.13927::m.13927	58.947	665	257	8	67	726	40	693	0.0	820
Ustimayd	CP@TRINITY_DN5155_c0_g2::CP@TRINITY_DN5155_c0_g2_i1::g.13925::m.13925	58.947	665	257	8	67	726	40	693	0.0	820
Ustimayd	CP@TRINITY_DN28311_c0_g1::CP@TRINITY_DN28311_c0_g1_i1::g.10416::m.10416	37.262	263	147	7	485	737	1	255	5.37e-49	173
Coprcine	CP@TRINITY_DN5155_c0_g2::CP@TRINITY_DN5155_c0_g2_i2::g.13927::m.13927	56.023	689	286	7	37	715	39	720	0.0	817
Coprcine	CP@TRINITY_DN5155_c0_g2::CP@TRINITY_DN5155_c0_g2_i1::g.13925::m.13925	56.023	689	286	7	37	715	39	720	0.0	817
Coprcine	CP@TRINITY_DN28311_c0_g1::CP@TRINITY_DN28311_c0_g1_i1::g.10416::m.10416	38.400	250	140	7	450	686	1	249	3.25e-50	176
Debahans	CP@TRINITY_DN5155_c0_g2::CP@TRINITY_DN5155_c0_g2_i2::g.13927::m.13927	54.857	700	300	9	4	699	5	692	0.0	776
Debahans	CP@TRINITY_DN5155_c0_g2::CP@TRINITY_DN5155_c0_g2_i1::g.13925::m.13925	54.857	700	300	9	4	699	5	692	0.0	776
Schizpom	CP@TRINITY_DN5155_c0_g2::CP@TRINITY_DN5155_c0_g2_i2::g.13927::m.13927	58.616	679	262	7	22	699	57	717	0.0	826
Schizpom	CP@TRINITY_DN5155_c0_g2::CP@TRINITY_DN5155_c0_g2_i1::g.13925::m.13925	58.616	679	262	7	22	699	57	717	0.0	826
Schizpom	CP@TRINITY_DN28311_c0_g1::CP@TRINITY_DN28311_c0_g1_i1::g.10416::m.10416	37.354	257	140	5	424	670	1	246	6.09e-49	172
Rhizdele	CP@TRINITY_DN5155_c0_g2::CP@TRINITY_DN5155_c0_g2_i2::g.13927::m.13927	58.153	693	267	8	21	712	50	720	0.0	843
Rhizdele	CP@TRINITY_DN5155_c0_g2::CP@TRINITY_DN5155_c0_g2_i1::g.13925::m.13925	58.153	693	267	8	21	712	50	720	0.0	843
Rhizdele	CP@TRINITY_DN28311_c0_g1::CP@TRINITY_DN28311_c0_g1_i1::g.10416::m.10416	37.109	256	144	7	438	683	1	249	1.59e-48	171
Blasbrit	CP@TRINITY_DN5155_c0_g2::CP@TRINITY_DN5155_c0_g2_i2::g.13927::m.13927	57.948	692	280	6	28	718	38	719	0.0	854
Blasbrit	CP@TRINITY_DN5155_c0_g2::CP@TRINITY_DN5155_c0_g2_i1::g.13925::m.13925	57.948	692	280	6	28	718	38	719	0.0	854
Allomacr	CP@TRINITY_DN5155_c0_g2::CP@TRINITY_DN5155_c0_g2_i2::g.13927::m.13927	60.926	691	260	5	104	793	39	720	0.0	905
Allomacr	CP@TRINITY_DN5155_c0_g2::CP@TRINITY_DN5155_c0_g2_i1::g.13925::m.13925	60.926	691	260	5	104	793	39	720	0.0	905
Allomacr	CP@TRINITY_DN28311_c0_g1::CP@TRINITY_DN28311_c0_g1_i1::g.10416::m.10416	37.945	253	142	7	523	764	1	249	5.12e-51	179
MAST003F	CP@TRINITY_DN5155_c0_g2::CP@TRINITY_DN5155_c0_g2_i2::g.13927::m.13927	45.557	709	277	16	57	692	38	710	0.0	588
MAST003F	CP@TRINITY_DN5155_c0_g2::CP@TRINITY_DN5155_c0_g2_i1::g.13925::m.13925	45.557	709	277	16	57	692	38	710	0.0	588
Pedi2098	CP@TRINITY_DN5155_c0_g2::CP@TRINITY_DN5155_c0_g2_i2::g.13927::m.13927	55.819	421	152	5	2	416	325	717	9.06e-167	487
Pedi2098	CP@TRINITY_DN5155_c0_g2::CP@TRINITY_DN5155_c0_g2_i1::g.13925::m.13925	55.819	421	152	5	2	416	325	717	9.06e-167	487
