Blasemer	CP@TRINITY_DN821_c0_g1::CP@TRINITY_DN821_c0_g1_i6::g.25430::m.25430	53.631	179	83	0	34	212	99	277	7.42e-63	201
Blasemer	CP@TRINITY_DN821_c0_g1::CP@TRINITY_DN821_c0_g1_i3::g.25425::m.25425	53.631	179	83	0	34	212	99	277	7.42e-63	201
Blasemer	CP@TRINITY_DN821_c0_g1::CP@TRINITY_DN821_c0_g1_i2::g.25423::m.25423	53.631	179	83	0	34	212	99	277	7.42e-63	201
HemaVICK	CP@TRINITY_DN821_c0_g1::CP@TRINITY_DN821_c0_g1_i6::g.25430::m.25430	31.642	335	210	9	25	351	90	413	3.10e-48	169
HemaVICK	CP@TRINITY_DN821_c0_g1::CP@TRINITY_DN821_c0_g1_i3::g.25425::m.25425	31.642	335	210	9	25	351	90	413	3.10e-48	169
HemaVICK	CP@TRINITY_DN821_c0_g1::CP@TRINITY_DN821_c0_g1_i2::g.25423::m.25423	31.642	335	210	9	25	351	90	413	3.10e-48	169
Vitrbras	CP@TRINITY_DN821_c0_g1::CP@TRINITY_DN821_c0_g1_i6::g.25430::m.25430	36.644	292	174	5	39	327	106	389	1.59e-54	186
Vitrbras	CP@TRINITY_DN821_c0_g1::CP@TRINITY_DN821_c0_g1_i3::g.25425::m.25425	36.644	292	174	5	39	327	106	389	1.59e-54	186
Vitrbras	CP@TRINITY_DN821_c0_g1::CP@TRINITY_DN821_c0_g1_i2::g.25423::m.25423	36.644	292	174	5	39	327	106	389	1.59e-54	186
Vitrbras	CP@TRINITY_DN21232_c0_g1::CP@TRINITY_DN21232_c0_g1_i1::g.53353::m.53353	41.897	253	131	6	127	374	2	243	3.51e-46	159
Styginca	CP@TRINITY_DN821_c0_g1::CP@TRINITY_DN821_c0_g1_i6::g.25430::m.25430	36.455	299	179	6	32	327	104	394	1.30e-59	199
Styginca	CP@TRINITY_DN821_c0_g1::CP@TRINITY_DN821_c0_g1_i3::g.25425::m.25425	36.455	299	179	6	32	327	104	394	1.30e-59	199
Styginca	CP@TRINITY_DN821_c0_g1::CP@TRINITY_DN821_c0_g1_i2::g.25423::m.25423	36.455	299	179	6	32	327	104	394	1.30e-59	199
TeloneP2	CP@TRINITY_DN821_c0_g1::CP@TRINITY_DN821_c0_g1_i6::g.25430::m.25430	30.247	324	209	5	48	364	104	417	1.21e-43	157
TeloneP2	CP@TRINITY_DN821_c0_g1::CP@TRINITY_DN821_c0_g1_i3::g.25425::m.25425	30.247	324	209	5	48	364	104	417	1.21e-43	157
TeloneP2	CP@TRINITY_DN821_c0_g1::CP@TRINITY_DN821_c0_g1_i2::g.25423::m.25423	30.247	324	209	5	48	364	104	417	1.21e-43	157
Protfung	CP@TRINITY_DN821_c0_g1::CP@TRINITY_DN821_c0_g1_i6::g.25430::m.25430	37.370	289	175	4	40	323	104	391	4.08e-66	215
Protfung	CP@TRINITY_DN821_c0_g1::CP@TRINITY_DN821_c0_g1_i3::g.25425::m.25425	37.370	289	175	4	40	323	104	391	4.08e-66	215
Protfung	CP@TRINITY_DN821_c0_g1::CP@TRINITY_DN821_c0_g1_i2::g.25423::m.25423	37.370	289	175	4	40	323	104	391	4.08e-66	215
Protfung	CP@TRINITY_DN21232_c0_g1::CP@TRINITY_DN21232_c0_g1_i1::g.53353::m.53353	39.442	251	143	3	129	370	1	251	1.21e-55	183
Dictdisc	CP@TRINITY_DN821_c0_g1::CP@TRINITY_DN821_c0_g1_i6::g.25430::m.25430	36.519	293	181	3	40	327	104	396	4.67e-62	205
Dictdisc	CP@TRINITY_DN821_c0_g1::CP@TRINITY_DN821_c0_g1_i3::g.25425::m.25425	36.519	293	181	3	40	327	104	396	4.67e-62	205
Dictdisc	CP@TRINITY_DN821_c0_g1::CP@TRINITY_DN821_c0_g1_i2::g.25423::m.25423	36.519	293	181	3	40	327	104	396	4.67e-62	205
Dictdisc	CP@TRINITY_DN21232_c0_g1::CP@TRINITY_DN21232_c0_g1_i1::g.53353::m.53353	39.271	247	139	3	130	365	2	248	7.47e-48	162
Monoexil	CP@TRINITY_DN821_c0_g1::CP@TRINITY_DN821_c0_g1_i6::g.25430::m.25430	38.014	292	172	5	37	321	106	395	6.14e-61	202
Monoexil	CP@TRINITY_DN821_c0_g1::CP@TRINITY_DN821_c0_g1_i3::g.25425::m.25425	38.014	292	172	5	37	321	106	395	6.14e-61	202
Monoexil	CP@TRINITY_DN821_c0_g1::CP@TRINITY_DN821_c0_g1_i2::g.25423::m.25423	38.014	292	172	5	37	321	106	395	6.14e-61	202
Monoexil	CP@TRINITY_DN21232_c0_g1::CP@TRINITY_DN21232_c0_g1_i1::g.53353::m.53353	34.902	255	154	3	121	374	1	244	2.42e-44	154
Parapyri	CP@TRINITY_DN821_c0_g1::CP@TRINITY_DN821_c0_g1_i6::g.25430::m.25430	38.644	295	172	4	53	341	104	395	9.70e-65	213
Parapyri	CP@TRINITY_DN821_c0_g1::CP@TRINITY_DN821_c0_g1_i3::g.25425::m.25425	38.644	295	172	4	53	341	104	395	9.70e-65	213
Parapyri	CP@TRINITY_DN821_c0_g1::CP@TRINITY_DN821_c0_g1_i2::g.25423::m.25423	38.644	295	172	4	53	341	104	395	9.70e-65	213
Parapyri	CP@TRINITY_DN21232_c0_g1::CP@TRINITY_DN21232_c0_g1_i1::g.53353::m.53353	36.471	255	153	3	141	394	1	247	1.11e-48	166
Goniavon	CP@TRINITY_DN821_c0_g1::CP@TRINITY_DN821_c0_g1_i6::g.25430::m.25430	41.447	304	165	4	58	356	106	401	2.68e-78	248
Goniavon	CP@TRINITY_DN821_c0_g1::CP@TRINITY_DN821_c0_g1_i3::g.25425::m.25425	41.447	304	165	4	58	356	106	401	2.68e-78	248
Goniavon	CP@TRINITY_DN821_c0_g1::CP@TRINITY_DN821_c0_g1_i2::g.25423::m.25423	41.447	304	165	4	58	356	106	401	2.68e-78	248
Goniavon	CP@TRINITY_DN21232_c0_g1::CP@TRINITY_DN21232_c0_g1_i1::g.53353::m.53353	44.488	254	127	4	141	385	1	249	1.14e-62	202
Prascaps	CP@TRINITY_DN821_c0_g1::CP@TRINITY_DN821_c0_g1_i6::g.25430::m.25430	37.377	305	181	3	40	334	104	408	2.97e-67	218
Prascaps	CP@TRINITY_DN821_c0_g1::CP@TRINITY_DN821_c0_g1_i3::g.25425::m.25425	37.377	305	181	3	40	334	104	408	2.97e-67	218
Prascaps	CP@TRINITY_DN821_c0_g1::CP@TRINITY_DN821_c0_g1_i2::g.25423::m.25423	37.377	305	181	3	40	334	104	408	2.97e-67	218
Prascaps	CP@TRINITY_DN21232_c0_g1::CP@TRINITY_DN21232_c0_g1_i1::g.53353::m.53353	39.904	208	124	1	126	332	2	209	5.92e-45	155
Tetrasti	CP@TRINITY_DN821_c0_g1::CP@TRINITY_DN821_c0_g1_i6::g.25430::m.25430	37.013	308	189	2	38	340	104	411	5.80e-70	225
Tetrasti	CP@TRINITY_DN821_c0_g1::CP@TRINITY_DN821_c0_g1_i3::g.25425::m.25425	37.013	308	189	2	38	340	104	411	5.80e-70	225
Tetrasti	CP@TRINITY_DN821_c0_g1::CP@TRINITY_DN821_c0_g1_i2::g.25423::m.25423	37.013	308	189	2	38	340	104	411	5.80e-70	225
Tetrasti	CP@TRINITY_DN21232_c0_g1::CP@TRINITY_DN21232_c0_g1_i1::g.53353::m.53353	36.965	257	144	4	124	369	1	250	1.53e-52	175
Chlovari	CP@TRINITY_DN821_c0_g1::CP@TRINITY_DN821_c0_g1_i6::g.25430::m.25430	36.806	288	179	3	36	322	104	389	3.74e-64	210
Chlovari	CP@TRINITY_DN821_c0_g1::CP@TRINITY_DN821_c0_g1_i3::g.25425::m.25425	36.806	288	179	3	36	322	104	389	3.74e-64	210
Chlovari	CP@TRINITY_DN821_c0_g1::CP@TRINITY_DN821_c0_g1_i2::g.25423::m.25423	36.806	288	179	3	36	322	104	389	3.74e-64	210
Chlovari	CP@TRINITY_DN21232_c0_g1::CP@TRINITY_DN21232_c0_g1_i1::g.53353::m.53353	34.921	252	148	4	128	366	2	250	4.95e-46	158
Charbrau	CP@TRINITY_DN821_c0_g1::CP@TRINITY_DN821_c0_g1_i6::g.25430::m.25430	39.916	238	142	1	27	263	171	408	1.67e-60	198
Charbrau	CP@TRINITY_DN821_c0_g1::CP@TRINITY_DN821_c0_g1_i3::g.25425::m.25425	39.916	238	142	1	27	263	171	408	1.67e-60	198
Charbrau	CP@TRINITY_DN821_c0_g1::CP@TRINITY_DN821_c0_g1_i2::g.25423::m.25423	39.916	238	142	1	27	263	171	408	1.67e-60	198
Charbrau	CP@TRINITY_DN21232_c0_g1::CP@TRINITY_DN21232_c0_g1_i1::g.53353::m.53353	39.922	258	137	5	51	300	2	249	2.12e-51	170
Arabthal	CP@TRINITY_DN821_c0_g1::CP@TRINITY_DN821_c0_g1_i6::g.25430::m.25430	41.414	297	170	3	36	329	101	396	1.26e-79	250
Arabthal	CP@TRINITY_DN821_c0_g1::CP@TRINITY_DN821_c0_g1_i3::g.25425::m.25425	41.414	297	170	3	36	329	101	396	1.26e-79	250
Arabthal	CP@TRINITY_DN821_c0_g1::CP@TRINITY_DN821_c0_g1_i2::g.25423::m.25423	41.414	297	170	3	36	329	101	396	1.26e-79	250
Arabthal	CP@TRINITY_DN21232_c0_g1::CP@TRINITY_DN21232_c0_g1_i1::g.53353::m.53353	42.629	251	138	4	128	374	1	249	2.17e-55	182
Prassing	CP@TRINITY_DN821_c0_g1::CP@TRINITY_DN821_c0_g1_i6::g.25430::m.25430	40.339	295	163	5	109	393	104	395	3.54e-70	228
Prassing	CP@TRINITY_DN821_c0_g1::CP@TRINITY_DN821_c0_g1_i3::g.25425::m.25425	40.339	295	163	5	109	393	104	395	3.54e-70	228
Prassing	CP@TRINITY_DN821_c0_g1::CP@TRINITY_DN821_c0_g1_i2::g.25423::m.25423	40.339	295	163	5	109	393	104	395	3.54e-70	228
Prassing	CP@TRINITY_DN21232_c0_g1::CP@TRINITY_DN21232_c0_g1_i1::g.53353::m.53353	36.719	256	159	2	193	445	1	256	5.41e-50	171
Nephpyri	CP@TRINITY_DN821_c0_g1::CP@TRINITY_DN821_c0_g1_i6::g.25430::m.25430	40.252	318	166	7	86	396	104	404	7.44e-67	219
Nephpyri	CP@TRINITY_DN821_c0_g1::CP@TRINITY_DN821_c0_g1_i3::g.25425::m.25425	40.252	318	166	7	86	396	104	404	7.44e-67	219
Nephpyri	CP@TRINITY_DN821_c0_g1::CP@TRINITY_DN821_c0_g1_i2::g.25423::m.25423	40.252	318	166	7	86	396	104	404	7.44e-67	219
Nephpyri	CP@TRINITY_DN21232_c0_g1::CP@TRINITY_DN21232_c0_g1_i1::g.53353::m.53353	40.079	252	141	4	176	421	2	249	2.19e-49	168
Dunasali	CP@TRINITY_DN821_c0_g1::CP@TRINITY_DN821_c0_g1_i6::g.25430::m.25430	37.415	294	171	7	42	327	106	394	2.79e-57	192
Dunasali	CP@TRINITY_DN821_c0_g1::CP@TRINITY_DN821_c0_g1_i3::g.25425::m.25425	37.415	294	171	7	42	327	106	394	2.79e-57	192
Dunasali	CP@TRINITY_DN821_c0_g1::CP@TRINITY_DN821_c0_g1_i2::g.25423::m.25423	37.415	294	171	7	42	327	106	394	2.79e-57	192
Dunasali	CP@TRINITY_DN21232_c0_g1::CP@TRINITY_DN21232_c0_g1_i1::g.53353::m.53353	38.000	250	153	2	129	376	3	252	3.63e-51	172
Chlarein	CP@TRINITY_DN821_c0_g1::CP@TRINITY_DN821_c0_g1_i6::g.25430::m.25430	38.225	293	171	4	39	325	106	394	1.55e-61	203
Chlarein	CP@TRINITY_DN821_c0_g1::CP@TRINITY_DN821_c0_g1_i3::g.25425::m.25425	38.225	293	171	4	39	325	106	394	1.55e-61	203
Chlarein	CP@TRINITY_DN821_c0_g1::CP@TRINITY_DN821_c0_g1_i2::g.25423::m.25423	38.225	293	171	4	39	325	106	394	1.55e-61	203
Chlarein	CP@TRINITY_DN21232_c0_g1::CP@TRINITY_DN21232_c0_g1_i1::g.53353::m.53353	39.759	249	147	2	125	370	2	250	7.51e-51	171
Mesoviri	CP@TRINITY_DN821_c0_g1::CP@TRINITY_DN821_c0_g1_i6::g.25430::m.25430	34.808	339	202	7	22	346	91	424	8.22e-66	214
Mesoviri	CP@TRINITY_DN821_c0_g1::CP@TRINITY_DN821_c0_g1_i3::g.25425::m.25425	34.808	339	202	7	22	346	91	424	8.22e-66	214
Mesoviri	CP@TRINITY_DN821_c0_g1::CP@TRINITY_DN821_c0_g1_i2::g.25423::m.25423	34.808	339	202	7	22	346	91	424	8.22e-66	214
Mesoviri	CP@TRINITY_DN21232_c0_g1::CP@TRINITY_DN21232_c0_g1_i1::g.53353::m.53353	38.095	252	150	4	124	373	2	249	8.34e-48	163
Pyrapark	CP@TRINITY_DN821_c0_g1::CP@TRINITY_DN821_c0_g1_i6::g.25430::m.25430	38.676	287	169	3	48	330	106	389	6.54e-62	205
Pyrapark	CP@TRINITY_DN821_c0_g1::CP@TRINITY_DN821_c0_g1_i3::g.25425::m.25425	38.676	287	169	3	48	330	106	389	6.54e-62	205
Pyrapark	CP@TRINITY_DN821_c0_g1::CP@TRINITY_DN821_c0_g1_i2::g.25423::m.25423	38.676	287	169	3	48	330	106	389	6.54e-62	205
Nemavect	CP@TRINITY_DN21232_c0_g1::CP@TRINITY_DN21232_c0_g1_i1::g.53353::m.53353	58.824	255	99	3	125	376	1	252	1.94e-97	290
Nemavect	CP@TRINITY_DN821_c0_g1::CP@TRINITY_DN821_c0_g1_i6::g.25430::m.25430	41.745	321	183	2	32	349	101	420	1.18e-83	261
Nemavect	CP@TRINITY_DN821_c0_g1::CP@TRINITY_DN821_c0_g1_i3::g.25425::m.25425	41.745	321	183	2	32	349	101	420	1.18e-83	261
Nemavect	CP@TRINITY_DN821_c0_g1::CP@TRINITY_DN821_c0_g1_i2::g.25423::m.25423	41.745	321	183	2	32	349	101	420	1.18e-83	261
Homosapi	CP@TRINITY_DN21232_c0_g1::CP@TRINITY_DN21232_c0_g1_i1::g.53353::m.53353	62.055	253	92	3	129	379	2	252	1.37e-104	309
Homosapi	CP@TRINITY_DN821_c0_g1::CP@TRINITY_DN821_c0_g1_i6::g.25430::m.25430	45.638	298	162	0	33	330	99	396	3.10e-90	278
Homosapi	CP@TRINITY_DN821_c0_g1::CP@TRINITY_DN821_c0_g1_i3::g.25425::m.25425	45.638	298	162	0	33	330	99	396	3.10e-90	278
Homosapi	CP@TRINITY_DN821_c0_g1::CP@TRINITY_DN821_c0_g1_i2::g.25423::m.25423	45.638	298	162	0	33	330	99	396	3.10e-90	278
Parvatla	CP@TRINITY_DN821_c0_g1::CP@TRINITY_DN821_c0_g1_i6::g.25430::m.25430	43.774	265	148	1	1	265	133	396	1.77e-73	232
Parvatla	CP@TRINITY_DN821_c0_g1::CP@TRINITY_DN821_c0_g1_i3::g.25425::m.25425	43.774	265	148	1	1	265	133	396	1.77e-73	232
Parvatla	CP@TRINITY_DN821_c0_g1::CP@TRINITY_DN821_c0_g1_i2::g.25423::m.25423	43.774	265	148	1	1	265	133	396	1.77e-73	232
Parvatla	CP@TRINITY_DN21232_c0_g1::CP@TRINITY_DN21232_c0_g1_i1::g.53353::m.53353	46.429	252	130	3	63	310	2	252	3.47e-73	226
Sacccere	CP@TRINITY_DN821_c0_g1::CP@TRINITY_DN821_c0_g1_i6::g.25430::m.25430	39.597	298	178	2	43	339	99	395	2.13e-69	224
Sacccere	CP@TRINITY_DN821_c0_g1::CP@TRINITY_DN821_c0_g1_i3::g.25425::m.25425	39.597	298	178	2	43	339	99	395	2.13e-69	224
Sacccere	CP@TRINITY_DN821_c0_g1::CP@TRINITY_DN821_c0_g1_i2::g.25423::m.25423	39.597	298	178	2	43	339	99	395	2.13e-69	224
Sacccere	CP@TRINITY_DN21232_c0_g1::CP@TRINITY_DN21232_c0_g1_i1::g.53353::m.53353	37.743	257	147	3	139	392	3	249	2.76e-43	151
Parasacc	CP@TRINITY_DN821_c0_g1::CP@TRINITY_DN821_c0_g1_i6::g.25430::m.25430	45.051	293	158	3	72	363	99	389	2.39e-88	275
Parasacc	CP@TRINITY_DN821_c0_g1::CP@TRINITY_DN821_c0_g1_i3::g.25425::m.25425	45.051	293	158	3	72	363	99	389	2.39e-88	275
Parasacc	CP@TRINITY_DN821_c0_g1::CP@TRINITY_DN821_c0_g1_i2::g.25423::m.25423	45.051	293	158	3	72	363	99	389	2.39e-88	275
Parasacc	CP@TRINITY_DN21232_c0_g1::CP@TRINITY_DN21232_c0_g1_i1::g.53353::m.53353	37.500	256	153	2	168	423	1	249	3.60e-45	157
Rozeallo	CP@TRINITY_DN821_c0_g1::CP@TRINITY_DN821_c0_g1_i6::g.25430::m.25430	47.239	326	168	2	41	365	98	420	2.89e-109	327
Rozeallo	CP@TRINITY_DN821_c0_g1::CP@TRINITY_DN821_c0_g1_i3::g.25425::m.25425	47.239	326	168	2	41	365	98	420	2.89e-109	327
Rozeallo	CP@TRINITY_DN821_c0_g1::CP@TRINITY_DN821_c0_g1_i2::g.25423::m.25423	47.239	326	168	2	41	365	98	420	2.89e-109	327
Rozeallo	CP@TRINITY_DN21232_c0_g1::CP@TRINITY_DN21232_c0_g1_i1::g.53353::m.53353	44.922	256	135	1	136	391	1	250	3.59e-71	224
Batrdend	CP@TRINITY_DN821_c0_g1::CP@TRINITY_DN821_c0_g1_i6::g.25430::m.25430	48.867	309	155	2	33	340	92	398	6.01e-108	324
Batrdend	CP@TRINITY_DN821_c0_g1::CP@TRINITY_DN821_c0_g1_i3::g.25425::m.25425	48.867	309	155	2	33	340	92	398	6.01e-108	324
Batrdend	CP@TRINITY_DN821_c0_g1::CP@TRINITY_DN821_c0_g1_i2::g.25423::m.25423	48.867	309	155	2	33	340	92	398	6.01e-108	324
Batrdend	CP@TRINITY_DN21232_c0_g1::CP@TRINITY_DN21232_c0_g1_i1::g.53353::m.53353	42.857	259	135	2	134	390	1	248	1.51e-67	214
Batrdend	CP@TRINITY_DN821_c0_g1::CP@TRINITY_DN821_c0_g1_i5::g.25428::m.25428	52.344	128	59	1	213	340	1	126	1.20e-42	146
Sphadest	CP@TRINITY_DN821_c0_g1::CP@TRINITY_DN821_c0_g1_i6::g.25430::m.25430	44.746	295	163	0	37	331	102	396	1.34e-93	286
Sphadest	CP@TRINITY_DN821_c0_g1::CP@TRINITY_DN821_c0_g1_i3::g.25425::m.25425	44.746	295	163	0	37	331	102	396	1.34e-93	286
Sphadest	CP@TRINITY_DN821_c0_g1::CP@TRINITY_DN821_c0_g1_i2::g.25423::m.25423	44.746	295	163	0	37	331	102	396	1.34e-93	286
Sphadest	CP@TRINITY_DN21232_c0_g1::CP@TRINITY_DN21232_c0_g1_i1::g.53353::m.53353	50.988	253	122	1	130	380	2	254	1.51e-85	260
Syssmult	CP@TRINITY_DN821_c0_g1::CP@TRINITY_DN821_c0_g1_i6::g.25430::m.25430	48.084	287	148	1	38	324	104	389	2.23e-92	284
Syssmult	CP@TRINITY_DN821_c0_g1::CP@TRINITY_DN821_c0_g1_i3::g.25425::m.25425	48.084	287	148	1	38	324	104	389	2.23e-92	284
Syssmult	CP@TRINITY_DN821_c0_g1::CP@TRINITY_DN821_c0_g1_i2::g.25423::m.25423	48.084	287	148	1	38	324	104	389	2.23e-92	284
Syssmult	CP@TRINITY_DN21232_c0_g1::CP@TRINITY_DN21232_c0_g1_i1::g.53353::m.53353	49.630	270	119	8	128	394	1	256	6.48e-75	233
Pigoviet	CP@TRINITY_DN821_c0_g1::CP@TRINITY_DN821_c0_g1_i6::g.25430::m.25430	46.057	317	165	3	40	355	104	415	8.47e-94	287
Pigoviet	CP@TRINITY_DN821_c0_g1::CP@TRINITY_DN821_c0_g1_i3::g.25425::m.25425	46.057	317	165	3	40	355	104	415	8.47e-94	287
Pigoviet	CP@TRINITY_DN821_c0_g1::CP@TRINITY_DN821_c0_g1_i2::g.25423::m.25423	46.057	317	165	3	40	355	104	415	8.47e-94	287
Pigoviet	CP@TRINITY_DN21232_c0_g1::CP@TRINITY_DN21232_c0_g1_i1::g.53353::m.53353	49.805	257	120	4	130	382	1	252	5.07e-75	233
Capsowcz	CP@TRINITY_DN821_c0_g1::CP@TRINITY_DN821_c0_g1_i6::g.25430::m.25430	44.904	314	163	1	27	340	93	396	6.54e-92	283
Capsowcz	CP@TRINITY_DN821_c0_g1::CP@TRINITY_DN821_c0_g1_i3::g.25425::m.25425	44.904	314	163	1	27	340	93	396	6.54e-92	283
Capsowcz	CP@TRINITY_DN821_c0_g1::CP@TRINITY_DN821_c0_g1_i2::g.25423::m.25423	44.904	314	163	1	27	340	93	396	6.54e-92	283
Capsowcz	CP@TRINITY_DN21232_c0_g1::CP@TRINITY_DN21232_c0_g1_i1::g.53353::m.53353	49.012	253	127	2	138	389	1	252	4.75e-80	246
Monobrev	CP@TRINITY_DN21232_c0_g1::CP@TRINITY_DN21232_c0_g1_i1::g.53353::m.53353	38.367	245	104	4	103	300	5	249	1.17e-42	147
AcanthFB	CP@TRINITY_DN821_c0_g1::CP@TRINITY_DN821_c0_g1_i6::g.25430::m.25430	33.117	308	183	6	41	343	106	395	5.98e-49	171
AcanthFB	CP@TRINITY_DN821_c0_g1::CP@TRINITY_DN821_c0_g1_i3::g.25425::m.25425	33.117	308	183	6	41	343	106	395	5.98e-49	171
AcanthFB	CP@TRINITY_DN821_c0_g1::CP@TRINITY_DN821_c0_g1_i2::g.25423::m.25423	33.117	308	183	6	41	343	106	395	5.98e-49	171
Raphhete	CP@TRINITY_DN821_c0_g1::CP@TRINITY_DN821_c0_g1_i6::g.25430::m.25430	34.936	312	183	5	66	372	106	402	2.58e-54	186
Raphhete	CP@TRINITY_DN821_c0_g1::CP@TRINITY_DN821_c0_g1_i3::g.25425::m.25425	34.936	312	183	5	66	372	106	402	2.58e-54	186
Raphhete	CP@TRINITY_DN821_c0_g1::CP@TRINITY_DN821_c0_g1_i2::g.25423::m.25423	34.936	312	183	5	66	372	106	402	2.58e-54	186
Physpoly	CP@TRINITY_DN821_c0_g1::CP@TRINITY_DN821_c0_g1_i6::g.25430::m.25430	45.091	275	144	5	41	310	104	376	7.74e-74	234
Physpoly	CP@TRINITY_DN821_c0_g1::CP@TRINITY_DN821_c0_g1_i3::g.25425::m.25425	45.091	275	144	5	41	310	104	376	7.74e-74	234
Physpoly	CP@TRINITY_DN821_c0_g1::CP@TRINITY_DN821_c0_g1_i2::g.25423::m.25423	45.091	275	144	5	41	310	104	376	7.74e-74	234
Physpoly	CP@TRINITY_DN21232_c0_g1::CP@TRINITY_DN21232_c0_g1_i1::g.53353::m.53353	46.995	183	95	2	130	310	1	183	1.75e-45	155
Hemirufe	CP@TRINITY_DN821_c0_g1::CP@TRINITY_DN821_c0_g1_i6::g.25430::m.25430	36.120	299	175	3	37	328	106	395	1.58e-62	206
Hemirufe	CP@TRINITY_DN821_c0_g1::CP@TRINITY_DN821_c0_g1_i3::g.25425::m.25425	36.120	299	175	3	37	328	106	395	1.58e-62	206
Hemirufe	CP@TRINITY_DN821_c0_g1::CP@TRINITY_DN821_c0_g1_i2::g.25423::m.25423	36.120	299	175	3	37	328	106	395	1.58e-62	206
Hemirufe	CP@TRINITY_DN21232_c0_g1::CP@TRINITY_DN21232_c0_g1_i1::g.53353::m.53353	42.460	252	127	7	120	363	2	243	5.68e-51	171
Guilthet	CP@TRINITY_DN21232_c0_g1::CP@TRINITY_DN21232_c0_g1_i1::g.53353::m.53353	39.286	252	135	5	74	317	2	243	6.26e-47	159
Guilthet	CP@TRINITY_DN821_c0_g1::CP@TRINITY_DN821_c0_g1_i6::g.25430::m.25430	37.008	254	146	3	25	277	149	389	1.35e-46	163
Guilthet	CP@TRINITY_DN821_c0_g1::CP@TRINITY_DN821_c0_g1_i3::g.25425::m.25425	37.008	254	146	3	25	277	149	389	1.35e-46	163
Guilthet	CP@TRINITY_DN821_c0_g1::CP@TRINITY_DN821_c0_g1_i2::g.25423::m.25423	37.008	254	146	3	25	277	149	389	1.35e-46	163
Coralima	CP@TRINITY_DN821_c0_g1::CP@TRINITY_DN821_c0_g1_i6::g.25430::m.25430	41.176	306	180	0	21	326	90	395	2.31e-85	265
Coralima	CP@TRINITY_DN821_c0_g1::CP@TRINITY_DN821_c0_g1_i3::g.25425::m.25425	41.176	306	180	0	21	326	90	395	2.31e-85	265
Coralima	CP@TRINITY_DN821_c0_g1::CP@TRINITY_DN821_c0_g1_i2::g.25423::m.25423	41.176	306	180	0	21	326	90	395	2.31e-85	265
Coralima	CP@TRINITY_DN21232_c0_g1::CP@TRINITY_DN21232_c0_g1_i1::g.53353::m.53353	41.797	256	135	3	126	372	2	252	2.71e-64	206
Phaeglob	CP@TRINITY_DN821_c0_g1::CP@TRINITY_DN821_c0_g1_i6::g.25430::m.25430	34.076	314	173	7	35	341	105	391	2.93e-49	172
Phaeglob	CP@TRINITY_DN821_c0_g1::CP@TRINITY_DN821_c0_g1_i3::g.25425::m.25425	34.076	314	173	7	35	341	105	391	2.93e-49	172
Phaeglob	CP@TRINITY_DN821_c0_g1::CP@TRINITY_DN821_c0_g1_i2::g.25423::m.25423	34.076	314	173	7	35	341	105	391	2.93e-49	172
Gracchor	CP@TRINITY_DN821_c0_g1::CP@TRINITY_DN821_c0_g1_i6::g.25430::m.25430	35.786	299	185	3	27	319	93	390	1.92e-59	198
Gracchor	CP@TRINITY_DN821_c0_g1::CP@TRINITY_DN821_c0_g1_i3::g.25425::m.25425	35.786	299	185	3	27	319	93	390	1.92e-59	198
Gracchor	CP@TRINITY_DN821_c0_g1::CP@TRINITY_DN821_c0_g1_i2::g.25423::m.25423	35.786	299	185	3	27	319	93	390	1.92e-59	198
Gracchor	CP@TRINITY_DN21232_c0_g1::CP@TRINITY_DN21232_c0_g1_i1::g.53353::m.53353	37.200	250	155	2	124	372	1	249	8.50e-52	173
Porppurp	CP@TRINITY_DN821_c0_g1::CP@TRINITY_DN821_c0_g1_i6::g.25430::m.25430	34.564	298	185	4	34	325	101	394	1.83e-55	187
Porppurp	CP@TRINITY_DN821_c0_g1::CP@TRINITY_DN821_c0_g1_i3::g.25425::m.25425	34.564	298	185	4	34	325	101	394	1.83e-55	187
Porppurp	CP@TRINITY_DN821_c0_g1::CP@TRINITY_DN821_c0_g1_i2::g.25423::m.25423	34.564	298	185	4	34	325	101	394	1.83e-55	187
Porppurp	CP@TRINITY_DN21232_c0_g1::CP@TRINITY_DN21232_c0_g1_i1::g.53353::m.53353	36.437	247	151	3	124	367	1	244	4.88e-50	169
Creofrag	CP@TRINITY_DN821_c0_g1::CP@TRINITY_DN821_c0_g1_i6::g.25430::m.25430	41.333	300	173	3	30	328	99	396	1.32e-78	248
Creofrag	CP@TRINITY_DN821_c0_g1::CP@TRINITY_DN821_c0_g1_i3::g.25425::m.25425	41.333	300	173	3	30	328	99	396	1.32e-78	248
Creofrag	CP@TRINITY_DN821_c0_g1::CP@TRINITY_DN821_c0_g1_i2::g.25423::m.25423	41.333	300	173	3	30	328	99	396	1.32e-78	248
Creofrag	CP@TRINITY_DN21232_c0_g1::CP@TRINITY_DN21232_c0_g1_i1::g.53353::m.53353	44.578	249	130	2	126	371	1	244	1.02e-67	214
Thectrah	CP@TRINITY_DN821_c0_g1::CP@TRINITY_DN821_c0_g1_i6::g.25430::m.25430	32.123	358	203	8	28	379	90	413	2.86e-49	172
Thectrah	CP@TRINITY_DN821_c0_g1::CP@TRINITY_DN821_c0_g1_i3::g.25425::m.25425	32.123	358	203	8	28	379	90	413	2.86e-49	172
Thectrah	CP@TRINITY_DN821_c0_g1::CP@TRINITY_DN821_c0_g1_i2::g.25423::m.25423	32.123	358	203	8	28	379	90	413	2.86e-49	172
Naeggrub	CP@TRINITY_DN821_c0_g1::CP@TRINITY_DN821_c0_g1_i6::g.25430::m.25430	37.069	232	145	1	33	263	164	395	3.42e-54	182
Naeggrub	CP@TRINITY_DN821_c0_g1::CP@TRINITY_DN821_c0_g1_i3::g.25425::m.25425	37.069	232	145	1	33	263	164	395	3.42e-54	182
Naeggrub	CP@TRINITY_DN821_c0_g1::CP@TRINITY_DN821_c0_g1_i2::g.25423::m.25423	37.069	232	145	1	33	263	164	395	3.42e-54	182
Naeggrub	CP@TRINITY_DN21232_c0_g1::CP@TRINITY_DN21232_c0_g1_i1::g.53353::m.53353	37.165	261	140	7	63	312	1	248	2.61e-47	160
Paraconf	CP@TRINITY_DN821_c0_g1::CP@TRINITY_DN821_c0_g1_i6::g.25430::m.25430	30.233	301	199	4	41	337	103	396	1.21e-46	164
Paraconf	CP@TRINITY_DN821_c0_g1::CP@TRINITY_DN821_c0_g1_i3::g.25425::m.25425	30.233	301	199	4	41	337	103	396	1.21e-46	164
Paraconf	CP@TRINITY_DN821_c0_g1::CP@TRINITY_DN821_c0_g1_i2::g.25423::m.25423	30.233	301	199	4	41	337	103	396	1.21e-46	164
Leptpyrr	CP@TRINITY_DN821_c0_g1::CP@TRINITY_DN821_c0_g1_i6::g.25430::m.25430	29.582	311	208	4	41	347	103	406	2.87e-46	164
Leptpyrr	CP@TRINITY_DN821_c0_g1::CP@TRINITY_DN821_c0_g1_i3::g.25425::m.25425	29.582	311	208	4	41	347	103	406	2.87e-46	164
Leptpyrr	CP@TRINITY_DN821_c0_g1::CP@TRINITY_DN821_c0_g1_i2::g.25423::m.25423	29.582	311	208	4	41	347	103	406	2.87e-46	164
Leismajo	CP@TRINITY_DN821_c0_g1::CP@TRINITY_DN821_c0_g1_i6::g.25430::m.25430	28.939	311	210	4	41	347	103	406	1.72e-47	167
Leismajo	CP@TRINITY_DN821_c0_g1::CP@TRINITY_DN821_c0_g1_i3::g.25425::m.25425	28.939	311	210	4	41	347	103	406	1.72e-47	167
Leismajo	CP@TRINITY_DN821_c0_g1::CP@TRINITY_DN821_c0_g1_i2::g.25423::m.25423	28.939	311	210	4	41	347	103	406	1.72e-47	167
Trypbruc	CP@TRINITY_DN821_c0_g1::CP@TRINITY_DN821_c0_g1_i6::g.25430::m.25430	30.915	317	202	7	34	345	97	401	2.23e-47	166
Trypbruc	CP@TRINITY_DN821_c0_g1::CP@TRINITY_DN821_c0_g1_i3::g.25425::m.25425	30.915	317	202	7	34	345	97	401	2.23e-47	166
Trypbruc	CP@TRINITY_DN821_c0_g1::CP@TRINITY_DN821_c0_g1_i2::g.25423::m.25423	30.915	317	202	7	34	345	97	401	2.23e-47	166
Phytpara	CP@TRINITY_DN821_c0_g1::CP@TRINITY_DN821_c0_g1_i6::g.25430::m.25430	34.568	324	164	5	45	362	108	389	1.54e-54	186
Phytpara	CP@TRINITY_DN821_c0_g1::CP@TRINITY_DN821_c0_g1_i3::g.25425::m.25425	34.568	324	164	5	45	362	108	389	1.54e-54	186
Phytpara	CP@TRINITY_DN821_c0_g1::CP@TRINITY_DN821_c0_g1_i2::g.25423::m.25423	34.568	324	164	5	45	362	108	389	1.54e-54	186
Thalpseu	CP@TRINITY_DN821_c0_g1::CP@TRINITY_DN821_c0_g1_i6::g.25430::m.25430	35.664	286	172	4	6	284	106	386	3.28e-45	159
Thalpseu	CP@TRINITY_DN821_c0_g1::CP@TRINITY_DN821_c0_g1_i3::g.25425::m.25425	35.664	286	172	4	6	284	106	386	3.28e-45	159
Thalpseu	CP@TRINITY_DN821_c0_g1::CP@TRINITY_DN821_c0_g1_i2::g.25423::m.25423	35.664	286	172	4	6	284	106	386	3.28e-45	159
Plasbras	CP@TRINITY_DN821_c0_g1::CP@TRINITY_DN821_c0_g1_i6::g.25430::m.25430	31.965	341	199	8	35	373	100	409	1.05e-46	165
Plasbras	CP@TRINITY_DN821_c0_g1::CP@TRINITY_DN821_c0_g1_i3::g.25425::m.25425	31.965	341	199	8	35	373	100	409	1.05e-46	165
Plasbras	CP@TRINITY_DN821_c0_g1::CP@TRINITY_DN821_c0_g1_i2::g.25423::m.25423	31.965	341	199	8	35	373	100	409	1.05e-46	165
Andagodo	CP@TRINITY_DN821_c0_g1::CP@TRINITY_DN821_c0_g1_i6::g.25430::m.25430	33.333	309	196	6	35	339	104	406	2.27e-50	174
Andagodo	CP@TRINITY_DN821_c0_g1::CP@TRINITY_DN821_c0_g1_i3::g.25425::m.25425	33.333	309	196	6	35	339	104	406	2.27e-50	174
Andagodo	CP@TRINITY_DN821_c0_g1::CP@TRINITY_DN821_c0_g1_i2::g.25423::m.25423	33.333	309	196	6	35	339	104	406	2.27e-50	174
Hemikukw	CP@TRINITY_DN821_c0_g1::CP@TRINITY_DN821_c0_g1_i6::g.25430::m.25430	33.333	288	184	4	56	337	106	391	6.41e-51	176
Hemikukw	CP@TRINITY_DN821_c0_g1::CP@TRINITY_DN821_c0_g1_i3::g.25425::m.25425	33.333	288	184	4	56	337	106	391	6.41e-51	176
Hemikukw	CP@TRINITY_DN821_c0_g1::CP@TRINITY_DN821_c0_g1_i2::g.25423::m.25423	33.333	288	184	4	56	337	106	391	6.41e-51	176
Acancast	CP@TRINITY_DN821_c0_g1::CP@TRINITY_DN821_c0_g1_i6::g.25430::m.25430	35.667	300	185	3	42	340	101	393	2.29e-68	222
Acancast	CP@TRINITY_DN821_c0_g1::CP@TRINITY_DN821_c0_g1_i3::g.25425::m.25425	35.667	300	185	3	42	340	101	393	2.29e-68	222
Acancast	CP@TRINITY_DN821_c0_g1::CP@TRINITY_DN821_c0_g1_i2::g.25423::m.25423	35.667	300	185	3	42	340	101	393	2.29e-68	222
Acancast	CP@TRINITY_DN21232_c0_g1::CP@TRINITY_DN21232_c0_g1_i1::g.53353::m.53353	40.400	250	144	4	143	389	2	249	2.70e-60	196
Rhodlimn	CP@TRINITY_DN821_c0_g1::CP@TRINITY_DN821_c0_g1_i6::g.25430::m.25430	38.966	290	170	3	36	318	104	393	6.44e-63	207
Rhodlimn	CP@TRINITY_DN821_c0_g1::CP@TRINITY_DN821_c0_g1_i3::g.25425::m.25425	38.966	290	170	3	36	318	104	393	6.44e-63	207
Rhodlimn	CP@TRINITY_DN821_c0_g1::CP@TRINITY_DN821_c0_g1_i2::g.25423::m.25423	38.966	290	170	3	36	318	104	393	6.44e-63	207
Rhodlimn	CP@TRINITY_DN21232_c0_g1::CP@TRINITY_DN21232_c0_g1_i1::g.53353::m.53353	42.063	252	144	2	120	369	1	252	6.89e-59	191
Rhodemar	CP@TRINITY_DN821_c0_g1::CP@TRINITY_DN821_c0_g1_i6::g.25430::m.25430	36.486	296	176	5	36	324	104	394	5.73e-59	197
Rhodemar	CP@TRINITY_DN821_c0_g1::CP@TRINITY_DN821_c0_g1_i3::g.25425::m.25425	36.486	296	176	5	36	324	104	394	5.73e-59	197
Rhodemar	CP@TRINITY_DN821_c0_g1::CP@TRINITY_DN821_c0_g1_i2::g.25423::m.25423	36.486	296	176	5	36	324	104	394	5.73e-59	197
Rhodemar	CP@TRINITY_DN21232_c0_g1::CP@TRINITY_DN21232_c0_g1_i1::g.53353::m.53353	40.000	260	143	4	121	374	1	253	5.02e-54	179
Volvcart	CP@TRINITY_DN821_c0_g1::CP@TRINITY_DN821_c0_g1_i6::g.25430::m.25430	36.395	294	171	7	39	322	106	393	8.21e-60	199
Volvcart	CP@TRINITY_DN821_c0_g1::CP@TRINITY_DN821_c0_g1_i3::g.25425::m.25425	36.395	294	171	7	39	322	106	393	8.21e-60	199
Volvcart	CP@TRINITY_DN821_c0_g1::CP@TRINITY_DN821_c0_g1_i2::g.25423::m.25423	36.395	294	171	7	39	322	106	393	8.21e-60	199
Volvcart	CP@TRINITY_DN21232_c0_g1::CP@TRINITY_DN21232_c0_g1_i1::g.53353::m.53353	35.686	255	161	2	125	376	2	256	3.37e-48	164
Ostrtaur	CP@TRINITY_DN821_c0_g1::CP@TRINITY_DN821_c0_g1_i6::g.25430::m.25430	33.099	284	189	1	42	324	106	389	2.36e-51	177
Ostrtaur	CP@TRINITY_DN821_c0_g1::CP@TRINITY_DN821_c0_g1_i3::g.25425::m.25425	33.099	284	189	1	42	324	106	389	2.36e-51	177
Ostrtaur	CP@TRINITY_DN821_c0_g1::CP@TRINITY_DN821_c0_g1_i2::g.25423::m.25423	33.099	284	189	1	42	324	106	389	2.36e-51	177
Micrpusl	CP@TRINITY_DN821_c0_g1::CP@TRINITY_DN821_c0_g1_i6::g.25430::m.25430	35.410	305	192	4	19	321	92	393	4.92e-61	202
Micrpusl	CP@TRINITY_DN821_c0_g1::CP@TRINITY_DN821_c0_g1_i3::g.25425::m.25425	35.410	305	192	4	19	321	92	393	4.92e-61	202
Micrpusl	CP@TRINITY_DN821_c0_g1::CP@TRINITY_DN821_c0_g1_i2::g.25423::m.25423	35.410	305	192	4	19	321	92	393	4.92e-61	202
Picosali	CP@TRINITY_DN821_c0_g1::CP@TRINITY_DN821_c0_g1_i6::g.25430::m.25430	35.370	311	176	6	25	320	91	391	1.82e-56	190
Picosali	CP@TRINITY_DN821_c0_g1::CP@TRINITY_DN821_c0_g1_i3::g.25425::m.25425	35.370	311	176	6	25	320	91	391	1.82e-56	190
Picosali	CP@TRINITY_DN821_c0_g1::CP@TRINITY_DN821_c0_g1_i2::g.25423::m.25423	35.370	311	176	6	25	320	91	391	1.82e-56	190
Oryzsati	CP@TRINITY_DN821_c0_g1::CP@TRINITY_DN821_c0_g1_i6::g.25430::m.25430	42.177	294	166	3	42	332	104	396	2.50e-81	255
Oryzsati	CP@TRINITY_DN821_c0_g1::CP@TRINITY_DN821_c0_g1_i3::g.25425::m.25425	42.177	294	166	3	42	332	104	396	2.50e-81	255
Oryzsati	CP@TRINITY_DN821_c0_g1::CP@TRINITY_DN821_c0_g1_i2::g.25423::m.25423	42.177	294	166	3	42	332	104	396	2.50e-81	255
Oryzsati	CP@TRINITY_DN21232_c0_g1::CP@TRINITY_DN21232_c0_g1_i1::g.53353::m.53353	46.185	249	129	3	131	375	1	248	9.09e-61	196
Physpate	CP@TRINITY_DN821_c0_g1::CP@TRINITY_DN821_c0_g1_i6::g.25430::m.25430	39.932	293	175	1	40	331	104	396	4.27e-76	241
Physpate	CP@TRINITY_DN821_c0_g1::CP@TRINITY_DN821_c0_g1_i3::g.25425::m.25425	39.932	293	175	1	40	331	104	396	4.27e-76	241
Physpate	CP@TRINITY_DN821_c0_g1::CP@TRINITY_DN821_c0_g1_i2::g.25423::m.25423	39.932	293	175	1	40	331	104	396	4.27e-76	241
Physpate	CP@TRINITY_DN21232_c0_g1::CP@TRINITY_DN21232_c0_g1_i1::g.53353::m.53353	40.392	255	136	4	131	376	2	249	3.37e-53	177
Cyanpara	CP@TRINITY_DN821_c0_g1::CP@TRINITY_DN821_c0_g1_i6::g.25430::m.25430	41.096	292	165	2	40	324	104	395	2.57e-79	249
Cyanpara	CP@TRINITY_DN821_c0_g1::CP@TRINITY_DN821_c0_g1_i3::g.25425::m.25425	41.096	292	165	2	40	324	104	395	2.57e-79	249
Cyanpara	CP@TRINITY_DN821_c0_g1::CP@TRINITY_DN821_c0_g1_i2::g.25423::m.25423	41.096	292	165	2	40	324	104	395	2.57e-79	249
Cyanpara	CP@TRINITY_DN21232_c0_g1::CP@TRINITY_DN21232_c0_g1_i1::g.53353::m.53353	49.606	254	126	2	125	376	2	255	2.11e-78	242
Gloewitr	CP@TRINITY_DN821_c0_g1::CP@TRINITY_DN821_c0_g1_i6::g.25430::m.25430	43.493	292	158	2	35	319	104	395	1.33e-84	263
Gloewitr	CP@TRINITY_DN821_c0_g1::CP@TRINITY_DN821_c0_g1_i3::g.25425::m.25425	43.493	292	158	2	35	319	104	395	1.33e-84	263
Gloewitr	CP@TRINITY_DN821_c0_g1::CP@TRINITY_DN821_c0_g1_i2::g.25423::m.25423	43.493	292	158	2	35	319	104	395	1.33e-84	263
Gloewitr	CP@TRINITY_DN21232_c0_g1::CP@TRINITY_DN21232_c0_g1_i1::g.53353::m.53353	45.492	244	126	3	119	355	1	244	2.24e-62	200
Rhodsali	CP@TRINITY_DN821_c0_g1::CP@TRINITY_DN821_c0_g1_i6::g.25430::m.25430	35.117	299	175	3	38	330	106	391	3.12e-63	208
Rhodsali	CP@TRINITY_DN821_c0_g1::CP@TRINITY_DN821_c0_g1_i3::g.25425::m.25425	35.117	299	175	3	38	330	106	391	3.12e-63	208
Rhodsali	CP@TRINITY_DN821_c0_g1::CP@TRINITY_DN821_c0_g1_i2::g.25423::m.25423	35.117	299	175	3	38	330	106	391	3.12e-63	208
Rhodsali	CP@TRINITY_DN21232_c0_g1::CP@TRINITY_DN21232_c0_g1_i1::g.53353::m.53353	39.216	255	134	5	122	368	2	243	2.09e-48	164
Bafffrig	CP@TRINITY_DN821_c0_g1::CP@TRINITY_DN821_c0_g1_i6::g.25430::m.25430	36.455	299	177	3	46	340	106	395	6.83e-64	210
Bafffrig	CP@TRINITY_DN821_c0_g1::CP@TRINITY_DN821_c0_g1_i3::g.25425::m.25425	36.455	299	177	3	46	340	106	395	6.83e-64	210
Bafffrig	CP@TRINITY_DN821_c0_g1::CP@TRINITY_DN821_c0_g1_i2::g.25423::m.25423	36.455	299	177	3	46	340	106	395	6.83e-64	210
Bafffrig	CP@TRINITY_DN21232_c0_g1::CP@TRINITY_DN21232_c0_g1_i1::g.53353::m.53353	41.603	262	134	7	134	385	4	256	1.79e-53	178
Cryppara	CP@TRINITY_DN821_c0_g1::CP@TRINITY_DN821_c0_g1_i6::g.25430::m.25430	34.405	311	188	3	39	342	106	407	4.30e-59	197
Cryppara	CP@TRINITY_DN821_c0_g1::CP@TRINITY_DN821_c0_g1_i3::g.25425::m.25425	34.405	311	188	3	39	342	106	407	4.30e-59	197
Cryppara	CP@TRINITY_DN821_c0_g1::CP@TRINITY_DN821_c0_g1_i2::g.25423::m.25423	34.405	311	188	3	39	342	106	407	4.30e-59	197
Cryppara	CP@TRINITY_DN21232_c0_g1::CP@TRINITY_DN21232_c0_g1_i1::g.53353::m.53353	37.358	265	145	5	122	377	2	254	4.01e-50	169
Diacluth	CP@TRINITY_DN821_c0_g1::CP@TRINITY_DN821_c0_g1_i6::g.25430::m.25430	39.262	298	171	4	56	351	103	392	3.64e-64	211
Diacluth	CP@TRINITY_DN821_c0_g1::CP@TRINITY_DN821_c0_g1_i3::g.25425::m.25425	39.262	298	171	4	56	351	103	392	3.64e-64	211
Diacluth	CP@TRINITY_DN821_c0_g1::CP@TRINITY_DN821_c0_g1_i2::g.25423::m.25423	39.262	298	171	4	56	351	103	392	3.64e-64	211
Diacluth	CP@TRINITY_DN21232_c0_g1::CP@TRINITY_DN21232_c0_g1_i1::g.53353::m.53353	42.570	249	128	6	152	391	2	244	7.44e-51	171
Pavl2436	CP@TRINITY_DN821_c0_g1::CP@TRINITY_DN821_c0_g1_i6::g.25430::m.25430	39.103	312	180	4	49	359	90	392	1.20e-64	213
Pavl2436	CP@TRINITY_DN821_c0_g1::CP@TRINITY_DN821_c0_g1_i3::g.25425::m.25425	39.103	312	180	4	49	359	90	392	1.20e-64	213
Pavl2436	CP@TRINITY_DN821_c0_g1::CP@TRINITY_DN821_c0_g1_i2::g.25423::m.25423	39.103	312	180	4	49	359	90	392	1.20e-64	213
Pavl2436	CP@TRINITY_DN21232_c0_g1::CP@TRINITY_DN21232_c0_g1_i1::g.53353::m.53353	43.320	247	130	5	159	399	2	244	3.22e-56	186
Chryrota	CP@TRINITY_DN821_c0_g1::CP@TRINITY_DN821_c0_g1_i6::g.25430::m.25430	33.333	303	186	5	75	371	99	391	2.21e-47	168
Chryrota	CP@TRINITY_DN821_c0_g1::CP@TRINITY_DN821_c0_g1_i3::g.25425::m.25425	33.333	303	186	5	75	371	99	391	2.21e-47	168
Chryrota	CP@TRINITY_DN821_c0_g1::CP@TRINITY_DN821_c0_g1_i2::g.25423::m.25423	33.333	303	186	5	75	371	99	391	2.21e-47	168
Prympoly	CP@TRINITY_DN821_c0_g1::CP@TRINITY_DN821_c0_g1_i6::g.25430::m.25430	37.377	305	169	8	39	333	99	391	6.45e-58	198
Prympoly	CP@TRINITY_DN821_c0_g1::CP@TRINITY_DN821_c0_g1_i3::g.25425::m.25425	37.377	305	169	8	39	333	99	391	6.45e-58	198
Prympoly	CP@TRINITY_DN821_c0_g1::CP@TRINITY_DN821_c0_g1_i2::g.25423::m.25423	37.377	305	169	8	39	333	99	391	6.45e-58	198
Prympoly	CP@TRINITY_DN21232_c0_g1::CP@TRINITY_DN21232_c0_g1_i1::g.53353::m.53353	35.714	252	147	6	130	375	1	243	2.66e-42	151
Prymparv	CP@TRINITY_DN821_c0_g1::CP@TRINITY_DN821_c0_g1_i6::g.25430::m.25430	35.890	326	182	10	31	343	99	410	3.78e-57	192
Prymparv	CP@TRINITY_DN821_c0_g1::CP@TRINITY_DN821_c0_g1_i3::g.25425::m.25425	35.890	326	182	10	31	343	99	410	3.78e-57	192
Prymparv	CP@TRINITY_DN821_c0_g1::CP@TRINITY_DN821_c0_g1_i2::g.25423::m.25423	35.890	326	182	10	31	343	99	410	3.78e-57	192
Chrycart	CP@TRINITY_DN821_c0_g1::CP@TRINITY_DN821_c0_g1_i6::g.25430::m.25430	34.356	326	201	4	37	357	97	414	1.09e-59	199
Chrycart	CP@TRINITY_DN821_c0_g1::CP@TRINITY_DN821_c0_g1_i3::g.25425::m.25425	34.356	326	201	4	37	357	97	414	1.09e-59	199
Chrycart	CP@TRINITY_DN821_c0_g1::CP@TRINITY_DN821_c0_g1_i2::g.25423::m.25423	34.356	326	201	4	37	357	97	414	1.09e-59	199
Chrycart	CP@TRINITY_DN21232_c0_g1::CP@TRINITY_DN21232_c0_g1_i1::g.53353::m.53353	36.434	258	151	3	134	386	1	250	6.09e-44	153
Tisolute	CP@TRINITY_DN821_c0_g1::CP@TRINITY_DN821_c0_g1_i6::g.25430::m.25430	36.184	304	176	6	64	360	99	391	2.56e-56	191
Tisolute	CP@TRINITY_DN821_c0_g1::CP@TRINITY_DN821_c0_g1_i3::g.25425::m.25425	36.184	304	176	6	64	360	99	391	2.56e-56	191
Tisolute	CP@TRINITY_DN821_c0_g1::CP@TRINITY_DN821_c0_g1_i2::g.25423::m.25423	36.184	304	176	6	64	360	99	391	2.56e-56	191
Tisolute	CP@TRINITY_DN21232_c0_g1::CP@TRINITY_DN21232_c0_g1_i1::g.53353::m.53353	35.060	251	149	5	156	400	1	243	9.98e-46	158
Palpbili	CP@TRINITY_DN821_c0_g1::CP@TRINITY_DN821_c0_g1_i6::g.25430::m.25430	39.000	300	179	2	36	334	99	395	2.29e-68	222
Palpbili	CP@TRINITY_DN821_c0_g1::CP@TRINITY_DN821_c0_g1_i3::g.25425::m.25425	39.000	300	179	2	36	334	99	395	2.29e-68	222
Palpbili	CP@TRINITY_DN821_c0_g1::CP@TRINITY_DN821_c0_g1_i2::g.25423::m.25423	39.000	300	179	2	36	334	99	395	2.29e-68	222
Palpbili	CP@TRINITY_DN21232_c0_g1::CP@TRINITY_DN21232_c0_g1_i1::g.53353::m.53353	41.564	243	140	2	135	376	2	243	2.51e-53	177
Neobdesi	CP@TRINITY_DN821_c0_g1::CP@TRINITY_DN821_c0_g1_i6::g.25430::m.25430	32.895	304	186	5	56	352	104	396	2.69e-49	175
Neobdesi	CP@TRINITY_DN821_c0_g1::CP@TRINITY_DN821_c0_g1_i3::g.25425::m.25425	32.895	304	186	5	56	352	104	396	2.69e-49	175
Neobdesi	CP@TRINITY_DN821_c0_g1::CP@TRINITY_DN821_c0_g1_i2::g.25423::m.25423	32.895	304	186	5	56	352	104	396	2.69e-49	175
Galdsulp	CP@TRINITY_DN821_c0_g1::CP@TRINITY_DN821_c0_g1_i6::g.25430::m.25430	32.056	287	186	4	17	295	104	389	9.66e-43	154
Galdsulp	CP@TRINITY_DN821_c0_g1::CP@TRINITY_DN821_c0_g1_i3::g.25425::m.25425	32.056	287	186	4	17	295	104	389	9.66e-43	154
Galdsulp	CP@TRINITY_DN821_c0_g1::CP@TRINITY_DN821_c0_g1_i2::g.25423::m.25423	32.056	287	186	4	17	295	104	389	9.66e-43	154
Galdsulp	CP@TRINITY_DN21232_c0_g1::CP@TRINITY_DN21232_c0_g1_i1::g.53353::m.53353	34.717	265	148	4	103	358	1	249	1.73e-41	146
Rhodmari	CP@TRINITY_DN821_c0_g1::CP@TRINITY_DN821_c0_g1_i6::g.25430::m.25430	34.694	294	185	3	33	320	101	393	4.58e-59	197
Rhodmari	CP@TRINITY_DN821_c0_g1::CP@TRINITY_DN821_c0_g1_i3::g.25425::m.25425	34.694	294	185	3	33	320	101	393	4.58e-59	197
Rhodmari	CP@TRINITY_DN821_c0_g1::CP@TRINITY_DN821_c0_g1_i2::g.25423::m.25423	34.694	294	185	3	33	320	101	393	4.58e-59	197
Rhodmari	CP@TRINITY_DN21232_c0_g1::CP@TRINITY_DN21232_c0_g1_i1::g.53353::m.53353	37.450	251	151	3	123	370	2	249	9.06e-55	181
Cerakond	CP@TRINITY_DN821_c0_g1::CP@TRINITY_DN821_c0_g1_i6::g.25430::m.25430	34.375	288	181	3	8	289	104	389	7.24e-58	193
Cerakond	CP@TRINITY_DN821_c0_g1::CP@TRINITY_DN821_c0_g1_i3::g.25425::m.25425	34.375	288	181	3	8	289	104	389	7.24e-58	193
Cerakond	CP@TRINITY_DN821_c0_g1::CP@TRINITY_DN821_c0_g1_i2::g.25423::m.25423	34.375	288	181	3	8	289	104	389	7.24e-58	193
Cerakond	CP@TRINITY_DN21232_c0_g1::CP@TRINITY_DN21232_c0_g1_i1::g.53353::m.53353	36.842	247	155	1	95	340	1	247	2.59e-52	173
Porpaeru	CP@TRINITY_DN821_c0_g1::CP@TRINITY_DN821_c0_g1_i6::g.25430::m.25430	33.788	293	184	4	40	326	106	394	1.93e-52	180
Porpaeru	CP@TRINITY_DN821_c0_g1::CP@TRINITY_DN821_c0_g1_i3::g.25425::m.25425	33.788	293	184	4	40	326	106	394	1.93e-52	180
Porpaeru	CP@TRINITY_DN821_c0_g1::CP@TRINITY_DN821_c0_g1_i2::g.25423::m.25423	33.788	293	184	4	40	326	106	394	1.93e-52	180
Porpaeru	CP@TRINITY_DN21232_c0_g1::CP@TRINITY_DN21232_c0_g1_i1::g.53353::m.53353	37.302	252	152	4	125	373	1	249	1.08e-50	170
Rhodmacu	CP@TRINITY_DN821_c0_g1::CP@TRINITY_DN821_c0_g1_i6::g.25430::m.25430	37.061	313	188	5	48	351	93	405	9.27e-65	213
Rhodmacu	CP@TRINITY_DN821_c0_g1::CP@TRINITY_DN821_c0_g1_i3::g.25425::m.25425	37.061	313	188	5	48	351	93	405	9.27e-65	213
Rhodmacu	CP@TRINITY_DN821_c0_g1::CP@TRINITY_DN821_c0_g1_i2::g.25423::m.25423	37.061	313	188	5	48	351	93	405	9.27e-65	213
Rhodmacu	CP@TRINITY_DN21232_c0_g1::CP@TRINITY_DN21232_c0_g1_i1::g.53353::m.53353	38.272	243	149	1	145	386	1	243	9.22e-49	166
Compcoer	CP@TRINITY_DN21232_c0_g1::CP@TRINITY_DN21232_c0_g1_i1::g.53353::m.53353	35.433	254	148	5	141	386	2	247	5.19e-48	164
Compcoer	CP@TRINITY_DN821_c0_g1::CP@TRINITY_DN821_c0_g1_i6::g.25430::m.25430	31.419	296	194	3	40	334	102	389	6.82e-48	168
Compcoer	CP@TRINITY_DN821_c0_g1::CP@TRINITY_DN821_c0_g1_i3::g.25425::m.25425	31.419	296	194	3	40	334	102	389	6.82e-48	168
Compcoer	CP@TRINITY_DN821_c0_g1::CP@TRINITY_DN821_c0_g1_i2::g.25423::m.25423	31.419	296	194	3	40	334	102	389	6.82e-48	168
Pirisoci	CP@TRINITY_DN821_c0_g1::CP@TRINITY_DN821_c0_g1_i6::g.25430::m.25430	34.405	311	190	7	32	339	95	394	5.47e-52	179
Pirisoci	CP@TRINITY_DN821_c0_g1::CP@TRINITY_DN821_c0_g1_i3::g.25425::m.25425	34.405	311	190	7	32	339	95	394	5.47e-52	179
Pirisoci	CP@TRINITY_DN821_c0_g1::CP@TRINITY_DN821_c0_g1_i2::g.25423::m.25423	34.405	311	190	7	32	339	95	394	5.47e-52	179
Chroveli	CP@TRINITY_DN821_c0_g1::CP@TRINITY_DN821_c0_g1_i6::g.25430::m.25430	34.365	323	197	8	39	356	101	413	4.16e-55	187
Chroveli	CP@TRINITY_DN821_c0_g1::CP@TRINITY_DN821_c0_g1_i3::g.25425::m.25425	34.365	323	197	8	39	356	101	413	4.16e-55	187
Chroveli	CP@TRINITY_DN821_c0_g1::CP@TRINITY_DN821_c0_g1_i2::g.25423::m.25423	34.365	323	197	8	39	356	101	413	4.16e-55	187
Platviva	CP@TRINITY_DN821_c0_g1::CP@TRINITY_DN821_c0_g1_i6::g.25430::m.25430	33.871	310	180	8	38	337	95	389	2.95e-49	172
Platviva	CP@TRINITY_DN821_c0_g1::CP@TRINITY_DN821_c0_g1_i3::g.25425::m.25425	33.871	310	180	8	38	337	95	389	2.95e-49	172
Platviva	CP@TRINITY_DN821_c0_g1::CP@TRINITY_DN821_c0_g1_i2::g.25423::m.25423	33.871	310	180	8	38	337	95	389	2.95e-49	172
Perkmari	CP@TRINITY_DN821_c0_g1::CP@TRINITY_DN821_c0_g1_i6::g.25430::m.25430	32.653	294	180	6	42	329	101	382	5.25e-46	164
Perkmari	CP@TRINITY_DN821_c0_g1::CP@TRINITY_DN821_c0_g1_i3::g.25425::m.25425	32.653	294	180	6	42	329	101	382	5.25e-46	164
Perkmari	CP@TRINITY_DN821_c0_g1::CP@TRINITY_DN821_c0_g1_i2::g.25423::m.25423	32.653	294	180	6	42	329	101	382	5.25e-46	164
Cantmars	CP@TRINITY_DN821_c0_g1::CP@TRINITY_DN821_c0_g1_i6::g.25430::m.25430	31.707	328	197	5	34	355	90	396	1.36e-50	176
Cantmars	CP@TRINITY_DN821_c0_g1::CP@TRINITY_DN821_c0_g1_i3::g.25425::m.25425	31.707	328	197	5	34	355	90	396	1.36e-50	176
Cantmars	CP@TRINITY_DN821_c0_g1::CP@TRINITY_DN821_c0_g1_i2::g.25423::m.25423	31.707	328	197	5	34	355	90	396	1.36e-50	176
Haloseos	CP@TRINITY_DN821_c0_g1::CP@TRINITY_DN821_c0_g1_i6::g.25430::m.25430	30.347	346	188	5	39	384	99	391	1.09e-44	161
Haloseos	CP@TRINITY_DN821_c0_g1::CP@TRINITY_DN821_c0_g1_i3::g.25425::m.25425	30.347	346	188	5	39	384	99	391	1.09e-44	161
Haloseos	CP@TRINITY_DN821_c0_g1::CP@TRINITY_DN821_c0_g1_i2::g.25423::m.25423	30.347	346	188	5	39	384	99	391	1.09e-44	161
Fragcyli	CP@TRINITY_DN821_c0_g1::CP@TRINITY_DN821_c0_g1_i6::g.25430::m.25430	35.082	305	181	5	29	329	95	386	1.45e-51	177
Fragcyli	CP@TRINITY_DN821_c0_g1::CP@TRINITY_DN821_c0_g1_i3::g.25425::m.25425	35.082	305	181	5	29	329	95	386	1.45e-51	177
Fragcyli	CP@TRINITY_DN821_c0_g1::CP@TRINITY_DN821_c0_g1_i2::g.25423::m.25423	35.082	305	181	5	29	329	95	386	1.45e-51	177
Aureanop	CP@TRINITY_DN821_c0_g1::CP@TRINITY_DN821_c0_g1_i6::g.25430::m.25430	34.356	326	173	6	39	363	106	391	1.43e-52	181
Aureanop	CP@TRINITY_DN821_c0_g1::CP@TRINITY_DN821_c0_g1_i3::g.25425::m.25425	34.356	326	173	6	39	363	106	391	1.43e-52	181
Aureanop	CP@TRINITY_DN821_c0_g1::CP@TRINITY_DN821_c0_g1_i2::g.25423::m.25423	34.356	326	173	6	39	363	106	391	1.43e-52	181
Albulaib	CP@TRINITY_DN821_c0_g1::CP@TRINITY_DN821_c0_g1_i6::g.25430::m.25430	33.642	324	167	6	45	362	108	389	2.80e-52	181
Albulaib	CP@TRINITY_DN821_c0_g1::CP@TRINITY_DN821_c0_g1_i3::g.25425::m.25425	33.642	324	167	6	45	362	108	389	2.80e-52	181
Albulaib	CP@TRINITY_DN821_c0_g1::CP@TRINITY_DN821_c0_g1_i2::g.25423::m.25423	33.642	324	167	6	45	362	108	389	2.80e-52	181
Saprdecl	CP@TRINITY_DN821_c0_g1::CP@TRINITY_DN821_c0_g1_i6::g.25430::m.25430	33.427	356	184	8	30	374	92	405	3.41e-52	180
Saprdecl	CP@TRINITY_DN821_c0_g1::CP@TRINITY_DN821_c0_g1_i3::g.25425::m.25425	33.427	356	184	8	30	374	92	405	3.41e-52	180
Saprdecl	CP@TRINITY_DN821_c0_g1::CP@TRINITY_DN821_c0_g1_i2::g.25423::m.25423	33.427	356	184	8	30	374	92	405	3.41e-52	180
Pythirre	CP@TRINITY_DN821_c0_g1::CP@TRINITY_DN821_c0_g1_i6::g.25430::m.25430	35.882	340	166	7	40	369	108	405	1.33e-56	192
Pythirre	CP@TRINITY_DN821_c0_g1::CP@TRINITY_DN821_c0_g1_i3::g.25425::m.25425	35.882	340	166	7	40	369	108	405	1.33e-56	192
Pythirre	CP@TRINITY_DN821_c0_g1::CP@TRINITY_DN821_c0_g1_i2::g.25423::m.25423	35.882	340	166	7	40	369	108	405	1.33e-56	192
Aplakerg	CP@TRINITY_DN821_c0_g1::CP@TRINITY_DN821_c0_g1_i6::g.25430::m.25430	32.317	328	190	5	37	360	96	395	1.60e-48	171
Aplakerg	CP@TRINITY_DN821_c0_g1::CP@TRINITY_DN821_c0_g1_i3::g.25425::m.25425	32.317	328	190	5	37	360	96	395	1.60e-48	171
Aplakerg	CP@TRINITY_DN821_c0_g1::CP@TRINITY_DN821_c0_g1_i2::g.25423::m.25423	32.317	328	190	5	37	360	96	395	1.60e-48	171
Auralima	CP@TRINITY_DN821_c0_g1::CP@TRINITY_DN821_c0_g1_i6::g.25430::m.25430	31.928	332	189	6	38	363	99	399	8.50e-47	166
Auralima	CP@TRINITY_DN821_c0_g1::CP@TRINITY_DN821_c0_g1_i3::g.25425::m.25425	31.928	332	189	6	38	363	99	399	8.50e-47	166
Auralima	CP@TRINITY_DN821_c0_g1::CP@TRINITY_DN821_c0_g1_i2::g.25423::m.25423	31.928	332	189	6	38	363	99	399	8.50e-47	166
PlacCLAB	CP@TRINITY_DN821_c0_g1::CP@TRINITY_DN821_c0_g1_i6::g.25430::m.25430	35.583	326	170	8	44	363	104	395	2.81e-54	186
PlacCLAB	CP@TRINITY_DN821_c0_g1::CP@TRINITY_DN821_c0_g1_i3::g.25425::m.25425	35.583	326	170	8	44	363	104	395	2.81e-54	186
PlacCLAB	CP@TRINITY_DN821_c0_g1::CP@TRINITY_DN821_c0_g1_i2::g.25423::m.25423	35.583	326	170	8	44	363	104	395	2.81e-54	186
Idiovort	CP@TRINITY_DN821_c0_g1::CP@TRINITY_DN821_c0_g1_i6::g.25430::m.25430	38.384	297	175	2	36	331	107	396	4.71e-67	218
Idiovort	CP@TRINITY_DN821_c0_g1::CP@TRINITY_DN821_c0_g1_i3::g.25425::m.25425	38.384	297	175	2	36	331	107	396	4.71e-67	218
Idiovort	CP@TRINITY_DN821_c0_g1::CP@TRINITY_DN821_c0_g1_i2::g.25423::m.25423	38.384	297	175	2	36	331	107	396	4.71e-67	218
Idiovort	CP@TRINITY_DN21232_c0_g1::CP@TRINITY_DN21232_c0_g1_i1::g.53353::m.53353	36.948	249	154	2	130	375	1	249	3.54e-51	172
Vannfimi	CP@TRINITY_DN821_c0_g1::CP@TRINITY_DN821_c0_g1_i6::g.25430::m.25430	32.595	316	187	2	58	372	109	399	2.48e-51	178
Vannfimi	CP@TRINITY_DN821_c0_g1::CP@TRINITY_DN821_c0_g1_i3::g.25425::m.25425	32.595	316	187	2	58	372	109	399	2.48e-51	178
Vannfimi	CP@TRINITY_DN821_c0_g1::CP@TRINITY_DN821_c0_g1_i2::g.25423::m.25423	32.595	316	187	2	58	372	109	399	2.48e-51	178
Lenilimo	CP@TRINITY_DN821_c0_g1::CP@TRINITY_DN821_c0_g1_i6::g.25430::m.25430	33.333	303	190	6	33	333	102	394	3.71e-55	187
Lenilimo	CP@TRINITY_DN821_c0_g1::CP@TRINITY_DN821_c0_g1_i3::g.25425::m.25425	33.333	303	190	6	33	333	102	394	3.71e-55	187
Lenilimo	CP@TRINITY_DN821_c0_g1::CP@TRINITY_DN821_c0_g1_i2::g.25423::m.25423	33.333	303	190	6	33	333	102	394	3.71e-55	187
Lenilimo	CP@TRINITY_DN21232_c0_g1::CP@TRINITY_DN21232_c0_g1_i1::g.53353::m.53353	37.209	258	151	4	128	381	1	251	4.22e-48	164
Mancberm	CP@TRINITY_DN821_c0_g1::CP@TRINITY_DN821_c0_g1_i6::g.25430::m.25430	34.194	310	178	6	32	332	104	396	1.25e-55	188
Mancberm	CP@TRINITY_DN821_c0_g1::CP@TRINITY_DN821_c0_g1_i3::g.25425::m.25425	34.194	310	178	6	32	332	104	396	1.25e-55	188
Mancberm	CP@TRINITY_DN821_c0_g1::CP@TRINITY_DN821_c0_g1_i2::g.25423::m.25423	34.194	310	178	6	32	332	104	396	1.25e-55	188
Tsukglob	CP@TRINITY_DN821_c0_g1::CP@TRINITY_DN821_c0_g1_i6::g.25430::m.25430	37.143	315	188	6	42	351	96	405	1.93e-66	217
Tsukglob	CP@TRINITY_DN821_c0_g1::CP@TRINITY_DN821_c0_g1_i3::g.25425::m.25425	37.143	315	188	6	42	351	96	405	1.93e-66	217
Tsukglob	CP@TRINITY_DN821_c0_g1::CP@TRINITY_DN821_c0_g1_i2::g.25423::m.25423	37.143	315	188	6	42	351	96	405	1.93e-66	217
Tsukglob	CP@TRINITY_DN21232_c0_g1::CP@TRINITY_DN21232_c0_g1_i1::g.53353::m.53353	39.286	252	147	4	143	391	1	249	2.18e-50	170
Pharkirb	CP@TRINITY_DN821_c0_g1::CP@TRINITY_DN821_c0_g1_i6::g.25430::m.25430	37.582	306	186	3	34	338	104	405	3.98e-68	221
Pharkirb	CP@TRINITY_DN821_c0_g1::CP@TRINITY_DN821_c0_g1_i3::g.25425::m.25425	37.582	306	186	3	34	338	104	405	3.98e-68	221
Pharkirb	CP@TRINITY_DN821_c0_g1::CP@TRINITY_DN821_c0_g1_i2::g.25423::m.25423	37.582	306	186	3	34	338	104	405	3.98e-68	221
Pharkirb	CP@TRINITY_DN21232_c0_g1::CP@TRINITY_DN21232_c0_g1_i1::g.53353::m.53353	36.538	260	160	4	125	382	1	257	2.72e-43	151
Euglgrac	CP@TRINITY_DN821_c0_g1::CP@TRINITY_DN821_c0_g1_i6::g.25430::m.25430	32.733	333	191	6	60	389	104	406	1.83e-50	176
Euglgrac	CP@TRINITY_DN821_c0_g1::CP@TRINITY_DN821_c0_g1_i3::g.25425::m.25425	32.733	333	191	6	60	389	104	406	1.83e-50	176
Euglgrac	CP@TRINITY_DN821_c0_g1::CP@TRINITY_DN821_c0_g1_i2::g.25423::m.25423	32.733	333	191	6	60	389	104	406	1.83e-50	176
Eugllong	CP@TRINITY_DN821_c0_g1::CP@TRINITY_DN821_c0_g1_i6::g.25430::m.25430	33.333	333	189	7	53	382	104	406	1.02e-51	179
Eugllong	CP@TRINITY_DN821_c0_g1::CP@TRINITY_DN821_c0_g1_i3::g.25425::m.25425	33.333	333	189	7	53	382	104	406	1.02e-51	179
Eugllong	CP@TRINITY_DN821_c0_g1::CP@TRINITY_DN821_c0_g1_i2::g.25423::m.25423	33.333	333	189	7	53	382	104	406	1.02e-51	179
Eutrgymn	CP@TRINITY_DN821_c0_g1::CP@TRINITY_DN821_c0_g1_i6::g.25430::m.25430	33.433	335	190	6	49	380	102	406	4.83e-53	182
Eutrgymn	CP@TRINITY_DN821_c0_g1::CP@TRINITY_DN821_c0_g1_i3::g.25425::m.25425	33.433	335	190	6	49	380	102	406	4.83e-53	182
Eutrgymn	CP@TRINITY_DN821_c0_g1::CP@TRINITY_DN821_c0_g1_i2::g.25423::m.25423	33.433	335	190	6	49	380	102	406	4.83e-53	182
Bodosalt	CP@TRINITY_DN821_c0_g1::CP@TRINITY_DN821_c0_g1_i6::g.25430::m.25430	34.146	287	179	4	84	366	103	383	1.48e-50	176
Bodosalt	CP@TRINITY_DN821_c0_g1::CP@TRINITY_DN821_c0_g1_i3::g.25425::m.25425	34.146	287	179	4	84	366	103	383	1.48e-50	176
Bodosalt	CP@TRINITY_DN821_c0_g1::CP@TRINITY_DN821_c0_g1_i2::g.25423::m.25423	34.146	287	179	4	84	366	103	383	1.48e-50	176
Nutolong	CP@TRINITY_DN821_c0_g1::CP@TRINITY_DN821_c0_g1_i6::g.25430::m.25430	35.849	318	186	5	32	343	90	395	3.66e-62	206
Nutolong	CP@TRINITY_DN821_c0_g1::CP@TRINITY_DN821_c0_g1_i3::g.25425::m.25425	35.849	318	186	5	32	343	90	395	3.66e-62	206
Nutolong	CP@TRINITY_DN821_c0_g1::CP@TRINITY_DN821_c0_g1_i2::g.25423::m.25423	35.849	318	186	5	32	343	90	395	3.66e-62	206
Nutolong	CP@TRINITY_DN21232_c0_g1::CP@TRINITY_DN21232_c0_g1_i1::g.53353::m.53353	36.398	261	151	4	131	387	1	250	5.25e-47	161
Armalang	CP@TRINITY_DN821_c0_g1::CP@TRINITY_DN821_c0_g1_i6::g.25430::m.25430	34.853	307	195	2	41	344	106	410	4.00e-56	190
Armalang	CP@TRINITY_DN821_c0_g1::CP@TRINITY_DN821_c0_g1_i3::g.25425::m.25425	34.853	307	195	2	41	344	106	410	4.00e-56	190
Armalang	CP@TRINITY_DN821_c0_g1::CP@TRINITY_DN821_c0_g1_i2::g.25423::m.25423	34.853	307	195	2	41	344	106	410	4.00e-56	190
Armalang	CP@TRINITY_DN21232_c0_g1::CP@TRINITY_DN21232_c0_g1_i1::g.53353::m.53353	36.364	253	158	1	134	383	4	256	1.12e-48	165
Mayocant	CP@TRINITY_DN821_c0_g1::CP@TRINITY_DN821_c0_g1_i6::g.25430::m.25430	39.726	292	172	4	73	362	104	393	4.92e-71	229
Mayocant	CP@TRINITY_DN821_c0_g1::CP@TRINITY_DN821_c0_g1_i3::g.25425::m.25425	39.726	292	172	4	73	362	104	393	4.92e-71	229
Mayocant	CP@TRINITY_DN821_c0_g1::CP@TRINITY_DN821_c0_g1_i2::g.25423::m.25423	39.726	292	172	4	73	362	104	393	4.92e-71	229
Mayocant	CP@TRINITY_DN21232_c0_g1::CP@TRINITY_DN21232_c0_g1_i1::g.53353::m.53353	35.686	255	153	4	163	409	2	253	2.27e-46	160
Sapppeda	CP@TRINITY_DN821_c0_g1::CP@TRINITY_DN821_c0_g1_i6::g.25430::m.25430	37.162	296	181	4	33	324	101	395	1.77e-67	219
Sapppeda	CP@TRINITY_DN821_c0_g1::CP@TRINITY_DN821_c0_g1_i3::g.25425::m.25425	37.162	296	181	4	33	324	101	395	1.77e-67	219
Sapppeda	CP@TRINITY_DN821_c0_g1::CP@TRINITY_DN821_c0_g1_i2::g.25423::m.25423	37.162	296	181	4	33	324	101	395	1.77e-67	219
Sapppeda	CP@TRINITY_DN21232_c0_g1::CP@TRINITY_DN21232_c0_g1_i1::g.53353::m.53353	43.191	257	129	4	124	369	1	251	3.26e-62	200
ThecSK13	CP@TRINITY_DN821_c0_g1::CP@TRINITY_DN821_c0_g1_i6::g.25430::m.25430	38.776	294	176	3	69	359	104	396	1.84e-71	230
ThecSK13	CP@TRINITY_DN821_c0_g1::CP@TRINITY_DN821_c0_g1_i3::g.25425::m.25425	38.776	294	176	3	69	359	104	396	1.84e-71	230
ThecSK13	CP@TRINITY_DN821_c0_g1::CP@TRINITY_DN821_c0_g1_i2::g.25423::m.25423	38.776	294	176	3	69	359	104	396	1.84e-71	230
ThecSK13	CP@TRINITY_DN21232_c0_g1::CP@TRINITY_DN21232_c0_g1_i1::g.53353::m.53353	39.919	248	140	2	158	396	1	248	7.73e-58	189
Stensten	CP@TRINITY_DN821_c0_g1::CP@TRINITY_DN821_c0_g1_i6::g.25430::m.25430	43.960	298	165	2	36	331	99	396	3.79e-85	265
Stensten	CP@TRINITY_DN821_c0_g1::CP@TRINITY_DN821_c0_g1_i3::g.25425::m.25425	43.960	298	165	2	36	331	99	396	3.79e-85	265
Stensten	CP@TRINITY_DN821_c0_g1::CP@TRINITY_DN821_c0_g1_i2::g.25423::m.25423	43.960	298	165	2	36	331	99	396	3.79e-85	265
Stensten	CP@TRINITY_DN21232_c0_g1::CP@TRINITY_DN21232_c0_g1_i1::g.53353::m.53353	42.292	253	140	2	130	376	1	253	1.67e-63	203
Masteilh	CP@TRINITY_DN821_c0_g1::CP@TRINITY_DN821_c0_g1_i6::g.25430::m.25430	36.860	293	174	4	58	341	104	394	4.77e-62	206
Masteilh	CP@TRINITY_DN821_c0_g1::CP@TRINITY_DN821_c0_g1_i3::g.25425::m.25425	36.860	293	174	4	58	341	104	394	4.77e-62	206
Masteilh	CP@TRINITY_DN821_c0_g1::CP@TRINITY_DN821_c0_g1_i2::g.25423::m.25423	36.860	293	174	4	58	341	104	394	4.77e-62	206
Masteilh	CP@TRINITY_DN21232_c0_g1::CP@TRINITY_DN21232_c0_g1_i1::g.53353::m.53353	40.551	254	142	5	143	390	1	251	1.20e-51	173
Rhizelon	CP@TRINITY_DN821_c0_g1::CP@TRINITY_DN821_c0_g1_i6::g.25430::m.25430	36.013	311	180	4	20	317	91	395	2.66e-63	208
Rhizelon	CP@TRINITY_DN821_c0_g1::CP@TRINITY_DN821_c0_g1_i3::g.25425::m.25425	36.013	311	180	4	20	317	91	395	2.66e-63	208
Rhizelon	CP@TRINITY_DN821_c0_g1::CP@TRINITY_DN821_c0_g1_i2::g.25423::m.25423	36.013	311	180	4	20	317	91	395	2.66e-63	208
Rhizelon	CP@TRINITY_DN21232_c0_g1::CP@TRINITY_DN21232_c0_g1_i1::g.53353::m.53353	38.340	253	137	6	121	360	4	250	3.31e-43	150
Echibisp	CP@TRINITY_DN821_c0_g1::CP@TRINITY_DN821_c0_g1_i6::g.25430::m.25430	44.211	285	153	5	29	310	98	379	3.67e-76	239
Echibisp	CP@TRINITY_DN821_c0_g1::CP@TRINITY_DN821_c0_g1_i3::g.25425::m.25425	44.211	285	153	5	29	310	98	379	3.67e-76	239
Echibisp	CP@TRINITY_DN821_c0_g1::CP@TRINITY_DN821_c0_g1_i2::g.25423::m.25423	44.211	285	153	5	29	310	98	379	3.67e-76	239
Echibisp	CP@TRINITY_DN21232_c0_g1::CP@TRINITY_DN21232_c0_g1_i1::g.53353::m.53353	49.462	186	92	2	127	310	1	186	4.93e-52	172
Paralevi	CP@TRINITY_DN821_c0_g1::CP@TRINITY_DN821_c0_g1_i6::g.25430::m.25430	42.712	295	158	3	38	326	104	393	5.41e-80	251
Paralevi	CP@TRINITY_DN821_c0_g1::CP@TRINITY_DN821_c0_g1_i3::g.25425::m.25425	42.712	295	158	3	38	326	104	393	5.41e-80	251
Paralevi	CP@TRINITY_DN821_c0_g1::CP@TRINITY_DN821_c0_g1_i2::g.25423::m.25423	42.712	295	158	3	38	326	104	393	5.41e-80	251
Paralevi	CP@TRINITY_DN21232_c0_g1::CP@TRINITY_DN21232_c0_g1_i1::g.53353::m.53353	40.873	252	139	4	128	371	1	250	5.30e-54	179
Hetepall	CP@TRINITY_DN821_c0_g1::CP@TRINITY_DN821_c0_g1_i6::g.25430::m.25430	35.616	292	183	3	40	326	104	395	2.03e-60	200
Hetepall	CP@TRINITY_DN821_c0_g1::CP@TRINITY_DN821_c0_g1_i3::g.25425::m.25425	35.616	292	183	3	40	326	104	395	2.03e-60	200
Hetepall	CP@TRINITY_DN821_c0_g1::CP@TRINITY_DN821_c0_g1_i2::g.25423::m.25423	35.616	292	183	3	40	326	104	395	2.03e-60	200
Hetepall	CP@TRINITY_DN21232_c0_g1::CP@TRINITY_DN21232_c0_g1_i1::g.53353::m.53353	37.600	250	144	4	130	367	2	251	9.70e-48	162
Schivulg	CP@TRINITY_DN821_c0_g1::CP@TRINITY_DN821_c0_g1_i6::g.25430::m.25430	42.373	295	165	3	39	330	104	396	8.80e-75	238
Schivulg	CP@TRINITY_DN821_c0_g1::CP@TRINITY_DN821_c0_g1_i3::g.25425::m.25425	42.373	295	165	3	39	330	104	396	8.80e-75	238
Schivulg	CP@TRINITY_DN821_c0_g1::CP@TRINITY_DN821_c0_g1_i2::g.25423::m.25423	42.373	295	165	3	39	330	104	396	8.80e-75	238
Schivulg	CP@TRINITY_DN21232_c0_g1::CP@TRINITY_DN21232_c0_g1_i1::g.53353::m.53353	44.400	250	131	2	130	371	1	250	3.98e-66	210
Cavoapop	CP@TRINITY_DN821_c0_g1::CP@TRINITY_DN821_c0_g1_i6::g.25430::m.25430	42.105	304	167	4	39	335	104	405	1.31e-77	245
Cavoapop	CP@TRINITY_DN821_c0_g1::CP@TRINITY_DN821_c0_g1_i3::g.25425::m.25425	42.105	304	167	4	39	335	104	405	1.31e-77	245
Cavoapop	CP@TRINITY_DN821_c0_g1::CP@TRINITY_DN821_c0_g1_i2::g.25423::m.25423	42.105	304	167	4	39	335	104	405	1.31e-77	245
Cavoapop	CP@TRINITY_DN21232_c0_g1::CP@TRINITY_DN21232_c0_g1_i1::g.53353::m.53353	46.215	251	128	2	130	373	1	251	2.51e-71	224
Soliirre	CP@TRINITY_DN821_c0_g1::CP@TRINITY_DN821_c0_g1_i6::g.25430::m.25430	40.972	288	167	2	58	342	104	391	1.58e-70	228
Soliirre	CP@TRINITY_DN821_c0_g1::CP@TRINITY_DN821_c0_g1_i3::g.25425::m.25425	40.972	288	167	2	58	342	104	391	1.58e-70	228
Soliirre	CP@TRINITY_DN821_c0_g1::CP@TRINITY_DN821_c0_g1_i2::g.25423::m.25423	40.972	288	167	2	58	342	104	391	1.58e-70	228
Soliirre	CP@TRINITY_DN21232_c0_g1::CP@TRINITY_DN21232_c0_g1_i1::g.53353::m.53353	42.913	254	133	4	148	392	1	251	1.35e-57	189
Filanola	CP@TRINITY_DN821_c0_g1::CP@TRINITY_DN821_c0_g1_i6::g.25430::m.25430	39.535	301	171	5	40	330	106	405	1.35e-71	229
Filanola	CP@TRINITY_DN821_c0_g1::CP@TRINITY_DN821_c0_g1_i3::g.25425::m.25425	39.535	301	171	5	40	330	106	405	1.35e-71	229
Filanola	CP@TRINITY_DN821_c0_g1::CP@TRINITY_DN821_c0_g1_i2::g.25423::m.25423	39.535	301	171	5	40	330	106	405	1.35e-71	229
Filanola	CP@TRINITY_DN21232_c0_g1::CP@TRINITY_DN21232_c0_g1_i1::g.53353::m.53353	40.562	249	139	3	126	365	1	249	3.77e-57	187
Phalsoli	CP@TRINITY_DN821_c0_g1::CP@TRINITY_DN821_c0_g1_i6::g.25430::m.25430	43.218	317	165	8	31	338	95	405	3.79e-78	247
Phalsoli	CP@TRINITY_DN821_c0_g1::CP@TRINITY_DN821_c0_g1_i3::g.25425::m.25425	43.218	317	165	8	31	338	95	405	3.79e-78	247
Phalsoli	CP@TRINITY_DN821_c0_g1::CP@TRINITY_DN821_c0_g1_i2::g.25423::m.25423	43.218	317	165	8	31	338	95	405	3.79e-78	247
Phalsoli	CP@TRINITY_DN21232_c0_g1::CP@TRINITY_DN21232_c0_g1_i1::g.53353::m.53353	41.732	254	137	4	134	379	1	251	4.53e-58	190
Cochminu	CP@TRINITY_DN821_c0_g1::CP@TRINITY_DN821_c0_g1_i6::g.25430::m.25430	28.339	307	199	5	39	344	102	388	3.94e-44	159
Cochminu	CP@TRINITY_DN821_c0_g1::CP@TRINITY_DN821_c0_g1_i3::g.25425::m.25425	28.339	307	199	5	39	344	102	388	3.94e-44	159
Cochminu	CP@TRINITY_DN821_c0_g1::CP@TRINITY_DN821_c0_g1_i2::g.25423::m.25423	28.339	307	199	5	39	344	102	388	3.94e-44	159
Coprprot	CP@TRINITY_DN821_c0_g1::CP@TRINITY_DN821_c0_g1_i6::g.25430::m.25430	32.595	316	202	7	29	340	96	404	4.37e-50	173
Coprprot	CP@TRINITY_DN821_c0_g1::CP@TRINITY_DN821_c0_g1_i3::g.25425::m.25425	32.595	316	202	7	29	340	96	404	4.37e-50	173
Coprprot	CP@TRINITY_DN821_c0_g1::CP@TRINITY_DN821_c0_g1_i2::g.25423::m.25423	32.595	316	202	7	29	340	96	404	4.37e-50	173
Amoeprot	CP@TRINITY_DN821_c0_g1::CP@TRINITY_DN821_c0_g1_i6::g.25430::m.25430	31.757	296	197	4	40	332	98	391	2.03e-48	169
Amoeprot	CP@TRINITY_DN821_c0_g1::CP@TRINITY_DN821_c0_g1_i3::g.25425::m.25425	31.757	296	197	4	40	332	98	391	2.03e-48	169
Amoeprot	CP@TRINITY_DN821_c0_g1::CP@TRINITY_DN821_c0_g1_i2::g.25423::m.25423	31.757	296	197	4	40	332	98	391	2.03e-48	169
Flabcita	CP@TRINITY_DN821_c0_g1::CP@TRINITY_DN821_c0_g1_i6::g.25430::m.25430	34.014	294	188	3	37	324	98	391	2.45e-57	193
Flabcita	CP@TRINITY_DN821_c0_g1::CP@TRINITY_DN821_c0_g1_i3::g.25425::m.25425	34.014	294	188	3	37	324	98	391	2.45e-57	193
Flabcita	CP@TRINITY_DN821_c0_g1::CP@TRINITY_DN821_c0_g1_i2::g.25423::m.25423	34.014	294	188	3	37	324	98	391	2.45e-57	193
Flabcita	CP@TRINITY_DN21232_c0_g1::CP@TRINITY_DN21232_c0_g1_i1::g.53353::m.53353	34.661	251	160	3	130	377	1	250	3.53e-41	145
Rhizsaxo	CP@TRINITY_DN821_c0_g1::CP@TRINITY_DN821_c0_g1_i6::g.25430::m.25430	33.225	307	189	7	30	325	99	400	1.60e-52	179
Rhizsaxo	CP@TRINITY_DN821_c0_g1::CP@TRINITY_DN821_c0_g1_i3::g.25425::m.25425	33.225	307	189	7	30	325	99	400	1.60e-52	179
Rhizsaxo	CP@TRINITY_DN821_c0_g1::CP@TRINITY_DN821_c0_g1_i2::g.25423::m.25423	33.225	307	189	7	30	325	99	400	1.60e-52	179
MicrA134	CP@TRINITY_DN21232_c0_g1::CP@TRINITY_DN21232_c0_g1_i1::g.53353::m.53353	40.586	239	134	4	1	234	16	251	1.20e-51	168
Echiexud	CP@TRINITY_DN821_c0_g1::CP@TRINITY_DN821_c0_g1_i6::g.25430::m.25430	40.278	288	165	5	55	336	104	390	2.19e-71	229
Echiexud	CP@TRINITY_DN821_c0_g1::CP@TRINITY_DN821_c0_g1_i3::g.25425::m.25425	40.278	288	165	5	55	336	104	390	2.19e-71	229
Echiexud	CP@TRINITY_DN821_c0_g1::CP@TRINITY_DN821_c0_g1_i2::g.25423::m.25423	40.278	288	165	5	55	336	104	390	2.19e-71	229
Echiexud	CP@TRINITY_DN21232_c0_g1::CP@TRINITY_DN21232_c0_g1_i1::g.53353::m.53353	39.841	251	140	3	144	383	1	251	3.32e-52	174
Cuneruss	CP@TRINITY_DN821_c0_g1::CP@TRINITY_DN821_c0_g1_i6::g.25430::m.25430	34.448	299	179	5	36	330	104	389	1.13e-51	178
Cuneruss	CP@TRINITY_DN821_c0_g1::CP@TRINITY_DN821_c0_g1_i3::g.25425::m.25425	34.448	299	179	5	36	330	104	389	1.13e-51	178
Cuneruss	CP@TRINITY_DN821_c0_g1::CP@TRINITY_DN821_c0_g1_i2::g.25423::m.25423	34.448	299	179	5	36	330	104	389	1.13e-51	178
Dracjorm	CP@TRINITY_DN821_c0_g1::CP@TRINITY_DN821_c0_g1_i6::g.25430::m.25430	33.546	313	183	3	38	350	103	390	8.10e-54	184
Dracjorm	CP@TRINITY_DN821_c0_g1::CP@TRINITY_DN821_c0_g1_i3::g.25425::m.25425	33.546	313	183	3	38	350	103	390	8.10e-54	184
Dracjorm	CP@TRINITY_DN821_c0_g1::CP@TRINITY_DN821_c0_g1_i2::g.25423::m.25423	33.546	313	183	3	38	350	103	390	8.10e-54	184
Dracjorm	CP@TRINITY_DN21232_c0_g1::CP@TRINITY_DN21232_c0_g1_i1::g.53353::m.53353	34.586	266	150	6	142	401	2	249	1.48e-42	150
Luaphula	CP@TRINITY_DN821_c0_g1::CP@TRINITY_DN821_c0_g1_i6::g.25430::m.25430	34.528	307	183	4	49	352	106	397	3.69e-57	193
Luaphula	CP@TRINITY_DN821_c0_g1::CP@TRINITY_DN821_c0_g1_i3::g.25425::m.25425	34.528	307	183	4	49	352	106	397	3.69e-57	193
Luaphula	CP@TRINITY_DN821_c0_g1::CP@TRINITY_DN821_c0_g1_i2::g.25423::m.25423	34.528	307	183	4	49	352	106	397	3.69e-57	193
Luaphula	CP@TRINITY_DN21232_c0_g1::CP@TRINITY_DN21232_c0_g1_i1::g.53353::m.53353	34.351	262	150	5	146	397	2	251	2.20e-41	147
Endozona	CP@TRINITY_DN821_c0_g1::CP@TRINITY_DN821_c0_g1_i6::g.25430::m.25430	36.218	312	186	7	49	352	108	414	4.19e-58	195
Endozona	CP@TRINITY_DN821_c0_g1::CP@TRINITY_DN821_c0_g1_i3::g.25425::m.25425	36.218	312	186	7	49	352	108	414	4.19e-58	195
Endozona	CP@TRINITY_DN821_c0_g1::CP@TRINITY_DN821_c0_g1_i2::g.25423::m.25423	36.218	312	186	7	49	352	108	414	4.19e-58	195
Endozona	CP@TRINITY_DN21232_c0_g1::CP@TRINITY_DN21232_c0_g1_i1::g.53353::m.53353	40.650	246	139	6	136	376	1	244	2.01e-49	167
Gocefonb	CP@TRINITY_DN821_c0_g1::CP@TRINITY_DN821_c0_g1_i6::g.25430::m.25430	36.422	313	187	4	39	346	100	405	5.97e-69	223
Gocefonb	CP@TRINITY_DN821_c0_g1::CP@TRINITY_DN821_c0_g1_i3::g.25425::m.25425	36.422	313	187	4	39	346	100	405	5.97e-69	223
Gocefonb	CP@TRINITY_DN821_c0_g1::CP@TRINITY_DN821_c0_g1_i2::g.25423::m.25423	36.422	313	187	4	39	346	100	405	5.97e-69	223
Gocefonb	CP@TRINITY_DN21232_c0_g1::CP@TRINITY_DN21232_c0_g1_i1::g.53353::m.53353	37.795	254	145	6	140	385	1	249	2.64e-48	164
Pellcata	CP@TRINITY_DN821_c0_g1::CP@TRINITY_DN821_c0_g1_i6::g.25430::m.25430	36.721	305	182	5	35	338	98	392	1.34e-59	199
Pellcata	CP@TRINITY_DN821_c0_g1::CP@TRINITY_DN821_c0_g1_i3::g.25425::m.25425	36.721	305	182	5	35	338	98	392	1.34e-59	199
Pellcata	CP@TRINITY_DN821_c0_g1::CP@TRINITY_DN821_c0_g1_i2::g.25423::m.25423	36.721	305	182	5	35	338	98	392	1.34e-59	199
Trimmari	CP@TRINITY_DN821_c0_g1::CP@TRINITY_DN821_c0_g1_i6::g.25430::m.25430	40.062	322	180	5	50	363	98	414	8.73e-76	241
Trimmari	CP@TRINITY_DN821_c0_g1::CP@TRINITY_DN821_c0_g1_i3::g.25425::m.25425	40.062	322	180	5	50	363	98	414	8.73e-76	241
Trimmari	CP@TRINITY_DN821_c0_g1::CP@TRINITY_DN821_c0_g1_i2::g.25423::m.25423	40.062	322	180	5	50	363	98	414	8.73e-76	241
Trimmari	CP@TRINITY_DN21232_c0_g1::CP@TRINITY_DN21232_c0_g1_i1::g.53353::m.53353	39.506	243	139	2	143	377	2	244	1.37e-51	173
Mantplas	CP@TRINITY_DN821_c0_g1::CP@TRINITY_DN821_c0_g1_i6::g.25430::m.25430	37.942	311	167	2	37	346	104	389	3.26e-71	229
Mantplas	CP@TRINITY_DN821_c0_g1::CP@TRINITY_DN821_c0_g1_i3::g.25425::m.25425	37.942	311	167	2	37	346	104	389	3.26e-71	229
Mantplas	CP@TRINITY_DN821_c0_g1::CP@TRINITY_DN821_c0_g1_i2::g.25423::m.25423	37.942	311	167	2	37	346	104	389	3.26e-71	229
Mantplas	CP@TRINITY_DN21232_c0_g1::CP@TRINITY_DN21232_c0_g1_i1::g.53353::m.53353	37.698	252	154	3	152	401	1	251	9.17e-48	163
Fabotrop	CP@TRINITY_DN821_c0_g1::CP@TRINITY_DN821_c0_g1_i6::g.25430::m.25430	43.357	286	156	2	38	317	104	389	3.91e-83	258
Fabotrop	CP@TRINITY_DN821_c0_g1::CP@TRINITY_DN821_c0_g1_i3::g.25425::m.25425	43.357	286	156	2	38	317	104	389	3.91e-83	258
Fabotrop	CP@TRINITY_DN821_c0_g1::CP@TRINITY_DN821_c0_g1_i2::g.25423::m.25423	43.357	286	156	2	38	317	104	389	3.91e-83	258
Fabotrop	CP@TRINITY_DN21232_c0_g1::CP@TRINITY_DN21232_c0_g1_i1::g.53353::m.53353	49.289	211	105	2	123	332	1	210	3.16e-60	194
Pygsbifo	CP@TRINITY_DN821_c0_g1::CP@TRINITY_DN821_c0_g1_i6::g.25430::m.25430	39.527	296	170	4	56	345	90	382	5.96e-69	222
Pygsbifo	CP@TRINITY_DN821_c0_g1::CP@TRINITY_DN821_c0_g1_i3::g.25425::m.25425	39.527	296	170	4	56	345	90	382	5.96e-69	222
Pygsbifo	CP@TRINITY_DN821_c0_g1::CP@TRINITY_DN821_c0_g1_i2::g.25423::m.25423	39.527	296	170	4	56	345	90	382	5.96e-69	222
Gefiokel	CP@TRINITY_DN821_c0_g1::CP@TRINITY_DN821_c0_g1_i6::g.25430::m.25430	41.214	313	163	5	16	322	95	392	4.22e-77	244
Gefiokel	CP@TRINITY_DN821_c0_g1::CP@TRINITY_DN821_c0_g1_i3::g.25425::m.25425	41.214	313	163	5	16	322	95	392	4.22e-77	244
Gefiokel	CP@TRINITY_DN821_c0_g1::CP@TRINITY_DN821_c0_g1_i2::g.25423::m.25423	41.214	313	163	5	16	322	95	392	4.22e-77	244
Gefiokel	CP@TRINITY_DN21232_c0_g1::CP@TRINITY_DN21232_c0_g1_i1::g.53353::m.53353	40.000	250	138	6	125	366	2	247	2.91e-50	169
Diphrota	CP@TRINITY_DN821_c0_g1::CP@TRINITY_DN821_c0_g1_i6::g.25430::m.25430	38.291	316	175	6	47	347	104	414	3.81e-66	216
Diphrota	CP@TRINITY_DN821_c0_g1::CP@TRINITY_DN821_c0_g1_i3::g.25425::m.25425	38.291	316	175	6	47	347	104	414	3.81e-66	216
Diphrota	CP@TRINITY_DN821_c0_g1::CP@TRINITY_DN821_c0_g1_i2::g.25423::m.25423	38.291	316	175	6	47	347	104	414	3.81e-66	216
Diphrota	CP@TRINITY_DN21232_c0_g1::CP@TRINITY_DN21232_c0_g1_i1::g.53353::m.53353	38.306	248	142	3	134	370	1	248	9.04e-47	160
Rigiramo	CP@TRINITY_DN821_c0_g1::CP@TRINITY_DN821_c0_g1_i6::g.25430::m.25430	37.543	293	176	4	36	327	106	392	2.05e-57	193
Rigiramo	CP@TRINITY_DN821_c0_g1::CP@TRINITY_DN821_c0_g1_i3::g.25425::m.25425	37.543	293	176	4	36	327	106	392	2.05e-57	193
Rigiramo	CP@TRINITY_DN821_c0_g1::CP@TRINITY_DN821_c0_g1_i2::g.25423::m.25423	37.543	293	176	4	36	327	106	392	2.05e-57	193
Amoepara	CP@TRINITY_DN821_c0_g1::CP@TRINITY_DN821_c0_g1_i6::g.25430::m.25430	44.898	294	161	1	40	333	104	396	7.32e-86	267
Amoepara	CP@TRINITY_DN821_c0_g1::CP@TRINITY_DN821_c0_g1_i3::g.25425::m.25425	44.898	294	161	1	40	333	104	396	7.32e-86	267
Amoepara	CP@TRINITY_DN821_c0_g1::CP@TRINITY_DN821_c0_g1_i2::g.25423::m.25423	44.898	294	161	1	40	333	104	396	7.32e-86	267
Amoepara	CP@TRINITY_DN21232_c0_g1::CP@TRINITY_DN21232_c0_g1_i1::g.53353::m.53353	43.922	255	136	2	131	384	1	249	6.58e-71	223
Sphaarct	CP@TRINITY_DN21232_c0_g1::CP@TRINITY_DN21232_c0_g1_i1::g.53353::m.53353	42.085	259	148	1	54	312	1	257	4.57e-69	216
Sphaarct	CP@TRINITY_DN821_c0_g1::CP@TRINITY_DN821_c0_g1_i6::g.25430::m.25430	40.784	255	151	0	2	256	142	396	4.58e-65	211
Sphaarct	CP@TRINITY_DN821_c0_g1::CP@TRINITY_DN821_c0_g1_i3::g.25425::m.25425	40.784	255	151	0	2	256	142	396	4.58e-65	211
Sphaarct	CP@TRINITY_DN821_c0_g1::CP@TRINITY_DN821_c0_g1_i2::g.25423::m.25423	40.784	255	151	0	2	256	142	396	4.58e-65	211
Salprose	CP@TRINITY_DN821_c0_g1::CP@TRINITY_DN821_c0_g1_i6::g.25430::m.25430	40.550	291	170	2	34	323	106	394	3.17e-78	247
Salprose	CP@TRINITY_DN821_c0_g1::CP@TRINITY_DN821_c0_g1_i3::g.25425::m.25425	40.550	291	170	2	34	323	106	394	3.17e-78	247
Salprose	CP@TRINITY_DN821_c0_g1::CP@TRINITY_DN821_c0_g1_i2::g.25423::m.25423	40.550	291	170	2	34	323	106	394	3.17e-78	247
Salprose	CP@TRINITY_DN21232_c0_g1::CP@TRINITY_DN21232_c0_g1_i1::g.53353::m.53353	44.000	250	137	1	121	367	1	250	6.08e-69	217
Amphquee	CP@TRINITY_DN21232_c0_g1::CP@TRINITY_DN21232_c0_g1_i1::g.53353::m.53353	47.826	253	130	1	132	384	2	252	2.95e-79	244
Amphquee	CP@TRINITY_DN821_c0_g1::CP@TRINITY_DN821_c0_g1_i6::g.25430::m.25430	38.644	295	178	2	38	332	104	395	9.70e-74	236
Amphquee	CP@TRINITY_DN821_c0_g1::CP@TRINITY_DN821_c0_g1_i3::g.25425::m.25425	38.644	295	178	2	38	332	104	395	9.70e-74	236
Amphquee	CP@TRINITY_DN821_c0_g1::CP@TRINITY_DN821_c0_g1_i2::g.25423::m.25423	38.644	295	178	2	38	332	104	395	9.70e-74	236
Mnemleid	CP@TRINITY_DN21232_c0_g1::CP@TRINITY_DN21232_c0_g1_i1::g.53353::m.53353	48.638	257	130	1	126	380	2	258	9.73e-75	233
Mnemleid	CP@TRINITY_DN821_c0_g1::CP@TRINITY_DN821_c0_g1_i6::g.25430::m.25430	37.987	308	190	1	20	327	90	396	1.47e-73	235
Mnemleid	CP@TRINITY_DN821_c0_g1::CP@TRINITY_DN821_c0_g1_i3::g.25425::m.25425	37.987	308	190	1	20	327	90	396	1.47e-73	235
Mnemleid	CP@TRINITY_DN821_c0_g1::CP@TRINITY_DN821_c0_g1_i2::g.25423::m.25423	37.987	308	190	1	20	327	90	396	1.47e-73	235
Tricadha	CP@TRINITY_DN21232_c0_g1::CP@TRINITY_DN21232_c0_g1_i1::g.53353::m.53353	59.524	252	98	2	125	374	1	250	5.46e-105	310
Tricadha	CP@TRINITY_DN821_c0_g1::CP@TRINITY_DN821_c0_g1_i6::g.25430::m.25430	43.537	294	160	1	39	326	102	395	8.43e-83	259
Tricadha	CP@TRINITY_DN821_c0_g1::CP@TRINITY_DN821_c0_g1_i3::g.25425::m.25425	43.537	294	160	1	39	326	102	395	8.43e-83	259
Tricadha	CP@TRINITY_DN821_c0_g1::CP@TRINITY_DN821_c0_g1_i2::g.25423::m.25423	43.537	294	160	1	39	326	102	395	8.43e-83	259
Caeneleg	CP@TRINITY_DN21232_c0_g1::CP@TRINITY_DN21232_c0_g1_i1::g.53353::m.53353	56.693	254	107	2	130	382	1	252	5.36e-97	290
Caeneleg	CP@TRINITY_DN821_c0_g1::CP@TRINITY_DN821_c0_g1_i6::g.25430::m.25430	40.391	307	183	0	26	332	90	396	1.64e-81	256
Caeneleg	CP@TRINITY_DN821_c0_g1::CP@TRINITY_DN821_c0_g1_i3::g.25425::m.25425	40.391	307	183	0	26	332	90	396	1.64e-81	256
Caeneleg	CP@TRINITY_DN821_c0_g1::CP@TRINITY_DN821_c0_g1_i2::g.25423::m.25423	40.391	307	183	0	26	332	90	396	1.64e-81	256
Gallgall	CP@TRINITY_DN21232_c0_g1::CP@TRINITY_DN21232_c0_g1_i1::g.53353::m.53353	62.451	253	91	3	129	379	2	252	2.89e-105	310
Gallgall	CP@TRINITY_DN821_c0_g1::CP@TRINITY_DN821_c0_g1_i6::g.25430::m.25430	45.763	295	160	0	36	330	102	396	1.50e-89	276
Gallgall	CP@TRINITY_DN821_c0_g1::CP@TRINITY_DN821_c0_g1_i3::g.25425::m.25425	45.763	295	160	0	36	330	102	396	1.50e-89	276
Gallgall	CP@TRINITY_DN821_c0_g1::CP@TRINITY_DN821_c0_g1_i2::g.25423::m.25423	45.763	295	160	0	36	330	102	396	1.50e-89	276
Branflor	CP@TRINITY_DN21232_c0_g1::CP@TRINITY_DN21232_c0_g1_i1::g.53353::m.53353	63.636	264	83	4	128	389	1	253	3.21e-110	323
Branflor	CP@TRINITY_DN821_c0_g1::CP@TRINITY_DN821_c0_g1_i6::g.25430::m.25430	44.444	306	168	1	36	341	102	405	9.60e-89	275
Branflor	CP@TRINITY_DN821_c0_g1::CP@TRINITY_DN821_c0_g1_i3::g.25425::m.25425	44.444	306	168	1	36	341	102	405	9.60e-89	275
Branflor	CP@TRINITY_DN821_c0_g1::CP@TRINITY_DN821_c0_g1_i2::g.25423::m.25423	44.444	306	168	1	36	341	102	405	9.60e-89	275
Aplycali	CP@TRINITY_DN21232_c0_g1::CP@TRINITY_DN21232_c0_g1_i1::g.53353::m.53353	60.630	254	95	3	135	386	2	252	3.92e-103	305
Aplycali	CP@TRINITY_DN821_c0_g1::CP@TRINITY_DN821_c0_g1_i6::g.25430::m.25430	42.088	297	164	2	42	335	104	395	8.44e-78	246
Aplycali	CP@TRINITY_DN821_c0_g1::CP@TRINITY_DN821_c0_g1_i3::g.25425::m.25425	42.088	297	164	2	42	335	104	395	8.44e-78	246
Aplycali	CP@TRINITY_DN821_c0_g1::CP@TRINITY_DN821_c0_g1_i2::g.25423::m.25423	42.088	297	164	2	42	335	104	395	8.44e-78	246
Drosmela	CP@TRINITY_DN21232_c0_g1::CP@TRINITY_DN21232_c0_g1_i1::g.53353::m.53353	66.667	255	82	1	129	383	1	252	7.14e-116	338
Drosmela	CP@TRINITY_DN821_c0_g1::CP@TRINITY_DN821_c0_g1_i6::g.25430::m.25430	42.808	292	167	0	39	330	104	395	7.90e-85	264
Drosmela	CP@TRINITY_DN821_c0_g1::CP@TRINITY_DN821_c0_g1_i3::g.25425::m.25425	42.808	292	167	0	39	330	104	395	7.90e-85	264
Drosmela	CP@TRINITY_DN821_c0_g1::CP@TRINITY_DN821_c0_g1_i2::g.25423::m.25423	42.808	292	167	0	39	330	104	395	7.90e-85	264
Apismell	CP@TRINITY_DN21232_c0_g1::CP@TRINITY_DN21232_c0_g1_i1::g.53353::m.53353	65.637	259	80	3	128	384	1	252	2.48e-115	336
Apismell	CP@TRINITY_DN821_c0_g1::CP@TRINITY_DN821_c0_g1_i6::g.25430::m.25430	42.053	302	171	1	38	335	104	405	4.86e-86	268
Apismell	CP@TRINITY_DN821_c0_g1::CP@TRINITY_DN821_c0_g1_i3::g.25425::m.25425	42.053	302	171	1	38	335	104	405	4.86e-86	268
Apismell	CP@TRINITY_DN821_c0_g1::CP@TRINITY_DN821_c0_g1_i2::g.25423::m.25423	42.053	302	171	1	38	335	104	405	4.86e-86	268
Schimans	CP@TRINITY_DN21232_c0_g1::CP@TRINITY_DN21232_c0_g1_i1::g.53353::m.53353	54.941	253	112	2	76	327	1	252	1.72e-97	289
Schimans	CP@TRINITY_DN821_c0_g1::CP@TRINITY_DN821_c0_g1_i6::g.25430::m.25430	41.288	264	155	0	15	278	133	396	4.19e-71	227
Schimans	CP@TRINITY_DN821_c0_g1::CP@TRINITY_DN821_c0_g1_i3::g.25425::m.25425	41.288	264	155	0	15	278	133	396	4.19e-71	227
Schimans	CP@TRINITY_DN821_c0_g1::CP@TRINITY_DN821_c0_g1_i2::g.25423::m.25423	41.288	264	155	0	15	278	133	396	4.19e-71	227
Taensoli	CP@TRINITY_DN21232_c0_g1::CP@TRINITY_DN21232_c0_g1_i1::g.53353::m.53353	45.098	255	108	4	86	331	23	254	3.06e-65	206
Taensoli	CP@TRINITY_DN821_c0_g1::CP@TRINITY_DN821_c0_g1_i6::g.25430::m.25430	36.491	285	153	2	1	257	111	395	2.45e-55	186
Taensoli	CP@TRINITY_DN821_c0_g1::CP@TRINITY_DN821_c0_g1_i3::g.25425::m.25425	36.491	285	153	2	1	257	111	395	2.45e-55	186
Taensoli	CP@TRINITY_DN821_c0_g1::CP@TRINITY_DN821_c0_g1_i2::g.25423::m.25423	36.491	285	153	2	1	257	111	395	2.45e-55	186
Minivibr	CP@TRINITY_DN821_c0_g1::CP@TRINITY_DN821_c0_g1_i6::g.25430::m.25430	44.795	317	171	3	44	360	104	416	5.06e-92	283
Minivibr	CP@TRINITY_DN821_c0_g1::CP@TRINITY_DN821_c0_g1_i3::g.25425::m.25425	44.795	317	171	3	44	360	104	416	5.06e-92	283
Minivibr	CP@TRINITY_DN821_c0_g1::CP@TRINITY_DN821_c0_g1_i2::g.25423::m.25423	44.795	317	171	3	44	360	104	416	5.06e-92	283
Minivibr	CP@TRINITY_DN21232_c0_g1::CP@TRINITY_DN21232_c0_g1_i1::g.53353::m.53353	45.349	258	134	3	135	391	1	252	3.14e-71	224
Spizpunc	CP@TRINITY_DN821_c0_g1::CP@TRINITY_DN821_c0_g1_i6::g.25430::m.25430	49.544	329	163	2	30	358	90	415	4.10e-118	350
Spizpunc	CP@TRINITY_DN821_c0_g1::CP@TRINITY_DN821_c0_g1_i3::g.25425::m.25425	49.544	329	163	2	30	358	90	415	4.10e-118	350
Spizpunc	CP@TRINITY_DN821_c0_g1::CP@TRINITY_DN821_c0_g1_i2::g.25423::m.25423	49.544	329	163	2	30	358	90	415	4.10e-118	350
Spizpunc	CP@TRINITY_DN21232_c0_g1::CP@TRINITY_DN21232_c0_g1_i1::g.53353::m.53353	46.429	252	131	2	134	385	1	248	1.42e-70	222
Spizpunc	CP@TRINITY_DN821_c0_g1::CP@TRINITY_DN821_c0_g1_i5::g.25428::m.25428	51.370	146	68	2	213	358	1	143	7.74e-46	154
Rhizdele	CP@TRINITY_DN821_c0_g1::CP@TRINITY_DN821_c0_g1_i6::g.25430::m.25430	55.184	299	129	2	28	323	98	394	1.35e-113	338
Rhizdele	CP@TRINITY_DN821_c0_g1::CP@TRINITY_DN821_c0_g1_i3::g.25425::m.25425	55.184	299	129	2	28	323	98	394	1.35e-113	338
Rhizdele	CP@TRINITY_DN821_c0_g1::CP@TRINITY_DN821_c0_g1_i2::g.25423::m.25423	55.184	299	129	2	28	323	98	394	1.35e-113	338
Rhizdele	CP@TRINITY_DN21232_c0_g1::CP@TRINITY_DN21232_c0_g1_i1::g.53353::m.53353	41.860	258	139	3	121	375	1	250	6.89e-58	189
Rhizdele	CP@TRINITY_DN821_c0_g1::CP@TRINITY_DN821_c0_g1_i5::g.25428::m.25428	58.065	124	50	1	200	323	1	122	2.50e-43	148
Coprcine	CP@TRINITY_DN821_c0_g1::CP@TRINITY_DN821_c0_g1_i6::g.25430::m.25430	40.777	309	180	2	70	378	112	417	2.97e-82	259
Coprcine	CP@TRINITY_DN821_c0_g1::CP@TRINITY_DN821_c0_g1_i3::g.25425::m.25425	40.777	309	180	2	70	378	112	417	2.97e-82	259
Coprcine	CP@TRINITY_DN821_c0_g1::CP@TRINITY_DN821_c0_g1_i2::g.25423::m.25423	40.777	309	180	2	70	378	112	417	2.97e-82	259
Coprcine	CP@TRINITY_DN21232_c0_g1::CP@TRINITY_DN21232_c0_g1_i1::g.53353::m.53353	40.000	215	129	0	153	367	1	215	5.43e-48	164
Ustimayd	CP@TRINITY_DN821_c0_g1::CP@TRINITY_DN821_c0_g1_i6::g.25430::m.25430	45.139	288	156	2	44	331	104	389	8.42e-85	265
Ustimayd	CP@TRINITY_DN821_c0_g1::CP@TRINITY_DN821_c0_g1_i3::g.25425::m.25425	45.139	288	156	2	44	331	104	389	8.42e-85	265
Ustimayd	CP@TRINITY_DN821_c0_g1::CP@TRINITY_DN821_c0_g1_i2::g.25423::m.25423	45.139	288	156	2	44	331	104	389	8.42e-85	265
Ustimayd	CP@TRINITY_DN21232_c0_g1::CP@TRINITY_DN21232_c0_g1_i1::g.53353::m.53353	40.392	255	140	3	134	388	1	243	9.77e-51	171
Aspefumi	CP@TRINITY_DN821_c0_g1::CP@TRINITY_DN821_c0_g1_i6::g.25430::m.25430	43.390	295	166	1	34	327	94	388	6.10e-83	259
Aspefumi	CP@TRINITY_DN821_c0_g1::CP@TRINITY_DN821_c0_g1_i3::g.25425::m.25425	43.390	295	166	1	34	327	94	388	6.10e-83	259
Aspefumi	CP@TRINITY_DN821_c0_g1::CP@TRINITY_DN821_c0_g1_i2::g.25423::m.25423	43.390	295	166	1	34	327	94	388	6.10e-83	259
Aspefumi	CP@TRINITY_DN21232_c0_g1::CP@TRINITY_DN21232_c0_g1_i1::g.53353::m.53353	33.846	260	161	4	133	391	1	250	3.73e-42	148
Neurcras	CP@TRINITY_DN821_c0_g1::CP@TRINITY_DN821_c0_g1_i6::g.25430::m.25430	38.079	302	186	1	33	334	98	398	5.89e-74	236
Neurcras	CP@TRINITY_DN821_c0_g1::CP@TRINITY_DN821_c0_g1_i3::g.25425::m.25425	38.079	302	186	1	33	334	98	398	5.89e-74	236
Neurcras	CP@TRINITY_DN821_c0_g1::CP@TRINITY_DN821_c0_g1_i2::g.25423::m.25423	38.079	302	186	1	33	334	98	398	5.89e-74	236
Schizpom	CP@TRINITY_DN821_c0_g1::CP@TRINITY_DN821_c0_g1_i6::g.25430::m.25430	35.294	289	187	0	40	328	101	389	8.65e-72	231
Schizpom	CP@TRINITY_DN821_c0_g1::CP@TRINITY_DN821_c0_g1_i3::g.25425::m.25425	35.294	289	187	0	40	328	101	389	8.65e-72	231
Schizpom	CP@TRINITY_DN821_c0_g1::CP@TRINITY_DN821_c0_g1_i2::g.25423::m.25423	35.294	289	187	0	40	328	101	389	8.65e-72	231
Debahans	CP@TRINITY_DN821_c0_g1::CP@TRINITY_DN821_c0_g1_i6::g.25430::m.25430	40.067	297	172	2	36	327	104	399	4.29e-70	226
Debahans	CP@TRINITY_DN821_c0_g1::CP@TRINITY_DN821_c0_g1_i3::g.25425::m.25425	40.067	297	172	2	36	327	104	399	4.29e-70	226
Debahans	CP@TRINITY_DN821_c0_g1::CP@TRINITY_DN821_c0_g1_i2::g.25423::m.25423	40.067	297	172	2	36	327	104	399	4.29e-70	226
Blasbrit	CP@TRINITY_DN821_c0_g1::CP@TRINITY_DN821_c0_g1_i6::g.25430::m.25430	48.287	321	164	1	35	353	99	419	1.94e-104	315
Blasbrit	CP@TRINITY_DN821_c0_g1::CP@TRINITY_DN821_c0_g1_i3::g.25425::m.25425	48.287	321	164	1	35	353	99	419	1.94e-104	315
Blasbrit	CP@TRINITY_DN821_c0_g1::CP@TRINITY_DN821_c0_g1_i2::g.25423::m.25423	48.287	321	164	1	35	353	99	419	1.94e-104	315
Blasbrit	CP@TRINITY_DN21232_c0_g1::CP@TRINITY_DN21232_c0_g1_i1::g.53353::m.53353	40.840	262	142	4	130	389	1	251	4.58e-56	185
Allomacr	CP@TRINITY_DN821_c0_g1::CP@TRINITY_DN821_c0_g1_i6::g.25430::m.25430	44.408	304	162	4	36	338	99	396	3.50e-80	252
Allomacr	CP@TRINITY_DN821_c0_g1::CP@TRINITY_DN821_c0_g1_i3::g.25425::m.25425	44.408	304	162	4	36	338	99	396	3.50e-80	252
Allomacr	CP@TRINITY_DN821_c0_g1::CP@TRINITY_DN821_c0_g1_i2::g.25423::m.25423	44.408	304	162	4	36	338	99	396	3.50e-80	252
Karebrev	CP@TRINITY_DN821_c0_g1::CP@TRINITY_DN821_c0_g1_i6::g.25430::m.25430	33.851	322	188	7	44	358	102	405	5.08e-51	177
Karebrev	CP@TRINITY_DN821_c0_g1::CP@TRINITY_DN821_c0_g1_i3::g.25425::m.25425	33.851	322	188	7	44	358	102	405	5.08e-51	177
Karebrev	CP@TRINITY_DN821_c0_g1::CP@TRINITY_DN821_c0_g1_i2::g.25423::m.25423	33.851	322	188	7	44	358	102	405	5.08e-51	177
