IQ-TREE multicore version 2.1.2 COVID-edition for Linux 64-bit built Oct 22 2020
Developed by Bui Quang Minh, James Barbetti, Nguyen Lam Tung,
Olga Chernomor, Heiko Schmidt, Dominik Schrempf, Michael Woodhams.

Host:    exp-3-09 (AVX2, FMA3, 251 GB RAM)
Command: iqtree2 -nt 48 -bnni -s infile.txt -st AA -m MFP -alrt 1000 -abayes --sprrad 6 -B 1000 --prefix output
Seed:    358290 (Using SPRNG - Scalable Parallel Random Number Generator)
Time:    Tue Apr 23 06:25:43 2024
Kernel:  AVX+FMA - 48 threads (48 CPU cores detected)

Reading alignment file infile.txt ... Fasta format detected
Alignment most likely contains protein sequences
Alignment has 44 sequences with 13091 columns, 11912 distinct patterns
8917 parsimony-informative, 1699 singleton sites, 2475 constant sites
                  Gap/Ambiguity  Composition  p-value
   1  Blasemer           62.55%    failed      0.18%
   2  Sacccere            5.50%    failed      0.01%
   3  Batrdend            0.47%    passed     77.07%
   4  Parasacc           20.32%    passed     34.44%
   5  Mitodaph           21.48%    failed      0.00%
   6  Coralima            0.13%    passed      6.36%
   7  Pigoviet           53.72%    passed      7.17%
   8  Syssmult            0.50%    passed     76.07%
   9  Capsowcz            1.23%    passed     70.53%
  10  Sphadest            4.19%    failed      1.58%
  11  Nemavect            5.91%    passed     24.96%
  12  Homosapi            0.08%    passed     61.39%
  13  Creofrag            1.01%    passed     14.24%
  14  Monobrev            5.30%    passed     48.19%
  15  Parvatla           13.68%    passed     82.15%
  16  Rozeallo            8.30%    failed      0.00%
  17  Tricadha            2.39%    failed      0.29%
  18  Amphquee            5.96%    passed     53.02%
  19  Aplycali            0.11%    passed     12.61%
  20  Apismell            0.60%    failed      1.53%
  21  Drosmela            0.02%    passed     35.72%
  22  Gallgall           12.05%    passed     33.37%
  23  Mnemleid           10.47%    failed      0.34%
  24  Sphaarct           16.84%    failed      0.99%
  25  Caeneleg            3.08%    passed     70.92%
  26  Salprose            4.98%    passed     28.10%
  27  Amoepara            2.47%    passed     12.58%
  28  Schimans            7.79%    failed      0.38%
  29  Taensoli            7.63%    passed     36.26%
  30  Minivibr           31.30%    passed     22.05%
  31  Rhizdele            6.27%    passed     72.17%
  32  Fontalba            5.40%    failed      0.00%
  33  Schizpom            1.83%    passed     30.34%
  34  Debahans            2.30%    failed      0.00%
  35  Aspefumi            2.22%    failed      3.32%
  36  Neurcras            7.67%    passed     12.67%
  37  Ustimayd            5.02%    passed     11.56%
  38  Coprcine            8.25%    failed      2.75%
  39  Spizpunc            2.44%    passed     89.41%
  40  Blasbrit            2.65%    failed      0.00%
  41  ProbableParasite   29.89%    passed      7.60%
  42  Allomacr            2.07%    failed      0.00%
  43  Branflor           10.59%    failed      1.35%
  44  ProbableCopepod    68.06%    failed      0.46%
WARNING: 3 sequences contain more than 50% gaps/ambiguity
****  TOTAL              10.56%  18 sequences failed composition chi2 test (p-value<5%; df=19)


Create initial parsimony tree by phylogenetic likelihood library (PLL)... 0.088 seconds
Perform fast likelihood tree search using LG+I+G model...
Estimate model parameters (epsilon = 5.000)
Perform nearest neighbor interchange...
Estimate model parameters (epsilon = 1.000)
1. Initial log-likelihood: -461066.916
Optimal log-likelihood: -461066.193
Proportion of invariable sites: 0.134
Gamma shape alpha: 1.058
Parameters optimization took 1 rounds (0.109 sec)
Time for fast ML tree search: 1.182 seconds

NOTE: ModelFinder requires 856 MB RAM!
ModelFinder will test up to 546 protein models (sample size: 13091) ...
 No. Model         -LnL         df  AIC          AICc         BIC
  1  LG            491044.730   85  982259.459   982260.583   982895.232
  2  LG+I          478654.727   86  957481.454   957482.605   958124.706
  3  LG+G4         461529.616   86  923231.232   923232.383   923874.485
  4  LG+I+G4       461065.945   87  922305.890   922307.068   922956.623
  5  LG+R2         466160.734   87  932495.468   932496.646   933146.200
  6  LG+R3         461711.276   89  923600.552   923601.784   924266.243
  7  LG+R4         460830.758   91  921843.516   921844.804   922524.166
  8  LG+R5         460614.480   93  921414.960   921416.305   922110.571
  9  LG+R6         460563.215   95  921316.430   921317.833   922026.999
 10  LG+R7         460562.622   97  921319.245   921320.708   922044.774
 22  LG+F+R6       460079.483   114 920386.966   920388.986   921239.649
 35  WAG+R6        466345.054   95  932880.107   932881.511   933590.677
 48  WAG+F+R6      465432.340   114 931092.681   931094.702   931945.365
 61  JTT+R6        469354.563   95  938899.126   938900.529   939609.695
 74  JTT+F+R6      468580.410   114 937388.819   937390.840   938241.503
 87  JTTDCMut+R6   469167.006   95  938524.013   938525.416   939234.582
100  JTTDCMut+F+R6 468353.489   114 936934.978   936936.998   937787.661
113  DCMut+R6      471559.967   95  943309.935   943311.338   944020.504
126  DCMut+F+R6    469295.747   114 938819.493   938821.514   939672.177
139  VT+R6         468259.555   95  936709.110   936710.513   937419.679
152  VT+F+R6       467497.294   114 935222.588   935224.608   936075.271
165  PMB+R6        470305.594   95  940801.189   940802.592   941511.758
178  PMB+F+R6      470790.375   114 941808.750   941810.770   942661.433
191  Blosum62+R6   469224.532   95  938639.064   938640.467   939349.633
204  Blosum62+F+R6 469657.559   114 939543.117   939545.138   940395.801
217  Dayhoff+R6    471513.007   95  943216.015   943217.418   943926.584
230  Dayhoff+F+R6  469257.857   114 938743.714   938745.735   939596.398
243  mtREV+R6      487983.880   95  976157.761   976159.164   976868.330
256  mtREV+F+R6    473915.936   114 948059.871   948061.892   948912.555
269  mtART+R6      482183.738   95  964557.476   964558.880   965268.046
282  mtART+F+R6    470219.736   114 940667.472   940669.492   941520.155
295  mtZOA+R6      473311.313   95  946812.627   946814.031   947523.197
308  mtZOA+F+R6    466041.146   114 932310.292   932312.313   933162.976
321  mtMet+R6      485649.704   95  971489.408   971490.812   972199.978
334  mtMet+F+R6    473295.701   114 946819.403   946821.423   947672.086
347  mtVer+R6      495486.081   95  991162.161   991163.565   991872.731
360  mtVer+F+R6    484130.770   114 968489.539   968491.560   969342.223
373  mtInv+R6      484525.383   95  969240.767   969242.170   969951.336
386  mtInv+F+R6    467918.597   114 936065.193   936067.214   936917.877
399  mtMAM+R6      500055.509   95  1000301.017  1000302.421  1001011.587
412  mtMAM+F+R6    487502.939   114 975233.879   975235.900   976086.563
425  HIVb+R6       485312.884   95  970815.767   970817.171   971526.337
438  HIVb+F+R6     483440.945   114 967109.891   967111.911   967962.574
451  HIVw+R6       512005.977   95  1024201.953  1024203.357  1024912.523
464  HIVw+F+R6     504085.691   114 1008399.382  1008401.403  1009252.065
477  FLU+R6        481012.831   95  962215.661   962217.065   962926.231
490  FLU+F+R6      479160.248   114 958548.496   958550.517   959401.180
503  rtREV+R6      465694.346   95  931578.692   931580.096   932289.262
516  rtREV+F+R6    461950.864   114 924129.729   924131.750   924982.412
529  cpREV+R6      469401.628   95  938993.256   938994.660   939703.826
542  cpREV+F+R6    468617.203   114 937462.407   937464.428   938315.091
Akaike Information Criterion:           LG+F+R6
Corrected Akaike Information Criterion: LG+F+R6
Bayesian Information Criterion:         LG+F+R6
Best-fit model: LG+F+R6 chosen according to BIC

All model information printed to output.model.gz
CPU time for ModelFinder: 10221.947 seconds (2h:50m:21s)
Wall-clock time for ModelFinder: 219.449 seconds (0h:3m:39s)
Generating 1000 samples for ultrafast bootstrap (seed: 358290)...

NOTE: 532 MB RAM (0 GB) is required!
Estimate model parameters (epsilon = 0.100)
1. Initial log-likelihood: -460079.483
Optimal log-likelihood: -460079.482
Site proportion and rates:  (0.195,0.029) (0.209,0.242) (0.254,0.741) (0.204,1.526) (0.109,2.742) (0.029,5.046)
Parameters optimization took 1 rounds (0.177 sec)
Computing ML distances based on estimated model parameters...
Computing ML distances took 0.007630 sec (of wall-clock time) 0.358679 sec(of CPU time)
Computing RapidNJ tree took 0.005268 sec (of wall-clock time) 0.039315 sec (of CPU time)
Log-likelihood of RapidNJ tree: -460842.200
--------------------------------------------------------------------
|             INITIALIZING CANDIDATE TREE SET                      |
--------------------------------------------------------------------
Generating 98 parsimony trees... 12.098 second
Computing log-likelihood of 98 initial trees ... 4.935 seconds
Current best score: -460079.482

Do NNI search on 20 best initial trees
Estimate model parameters (epsilon = 0.100)
BETTER TREE FOUND at iteration 1: -460079.478
Iteration 10 / LogL: -460092.155 / Time: 0h:0m:24s
Iteration 20 / LogL: -460087.440 / Time: 0h:0m:32s
Finish initializing candidate tree set (6)
Current best tree score: -460079.478 / CPU time: 31.574
Number of iterations: 20
--------------------------------------------------------------------
|               OPTIMIZING CANDIDATE TREE SET                      |
--------------------------------------------------------------------
Iteration 30 / LogL: -460091.507 / Time: 0h:0m:40s (0h:1m:38s left)
Iteration 40 / LogL: -460082.615 / Time: 0h:0m:48s (0h:1m:15s left)
Iteration 50 / LogL: -460095.815 / Time: 0h:0m:56s (0h:0m:58s left)
Iteration 60 / LogL: -460081.966 / Time: 0h:1m:4s (0h:0m:44s left)
Iteration 70 / LogL: -460086.551 / Time: 0h:1m:11s (0h:0m:32s left)
Iteration 80 / LogL: -460086.341 / Time: 0h:1m:20s (0h:0m:21s left)
Iteration 90 / LogL: -460193.270 / Time: 0h:1m:27s (0h:0m:10s left)
Iteration 100 / LogL: -460086.388 / Time: 0h:1m:35s (0h:0m:0s left)
Refining ufboot trees with NNI 1 branch...
100 samples done
200 samples done
300 samples done
400 samples done
500 samples done
600 samples done
700 samples done
800 samples done
900 samples done
1000 samples done
Total 196 ufboot trees refined
TREE SEARCH COMPLETED AFTER 102 ITERATIONS / Time: 0h:4m:6s

--------------------------------------------------------------------
|                    FINALIZING TREE SEARCH                        |
--------------------------------------------------------------------
Performs final model parameters optimization
Estimate model parameters (epsilon = 0.010)
1. Initial log-likelihood: -460079.478
Optimal log-likelihood: -460079.477
Site proportion and rates:  (0.195,0.029) (0.209,0.242) (0.255,0.742) (0.204,1.526) (0.109,2.743) (0.029,5.043)
Parameters optimization took 1 rounds (0.172 sec)
BEST SCORE FOUND : -460079.477

Testing tree branches by SH-like aLRT with 1000 replicates...
Testing tree branches by aBayes parametric test...
0.479 sec.
Creating bootstrap support values...
Split supports printed to NEXUS file output.splits.nex
Total tree length: 10.242

Total number of iterations: 102
CPU time used for tree search: 10886.970 sec (3h:1m:26s)
Wall-clock time used for tree search: 245.302 sec (0h:4m:5s)
Total CPU time used: 10967.386 sec (3h:2m:47s)
Total wall-clock time used: 247.225 sec (0h:4m:7s)
UFBoot trees printed to output.ufboot

Computing bootstrap consensus tree...
Reading input file output.splits.nex...
44 taxa and 111 splits.
Consensus tree written to output.contree
Reading input trees file output.contree
Log-likelihood of consensus tree: -460079.477

Analysis results written to: 
  IQ-TREE report:                output.iqtree
  Maximum-likelihood tree:       output.treefile
  Likelihood distances:          output.mldist

Ultrafast bootstrap approximation results written to:
  Split support values:          output.splits.nex
  Consensus tree:                output.contree
  UFBoot trees:                  output.ufboot
  Screen log file:               output.log

Date and Time: Tue Apr 23 06:33:31 2024
