IQ-TREE multicore version 1.6.11 for Linux 64-bit built Jun  6 2019
Developed by Bui Quang Minh, Nguyen Lam Tung, Olga Chernomor,
Heiko Schmidt, Dominik Schrempf, Michael Woodhams.

Host:    92355f672ec4 (AVX2, FMA3, 125 GB RAM)
Command: /usr/local/iqtree/bin/iqtree -s /tmp/IQTREE/fOkWqW9dPp/seqin.fst -st AA -pre /tmp/IQTREE/fOkWqW9dPp/iqt -m LG+R4+FO -wsr -bb 1000 -alrt 1000 -pers 0.5 -numstop 100 -nt 3
Seed:    295568 (Using SPRNG - Scalable Parallel Random Number Generator)
Time:    Mon Mar  4 11:16:48 2024
Kernel:  AVX+FMA - 3 threads (24 CPU cores detected)

Reading alignment file /tmp/IQTREE/fOkWqW9dPp/seqin.fst ... Fasta format detected
Alignment most likely contains protein sequences
Alignment has 274 sequences with 770 columns, 520 distinct patterns
190 parsimony-informative, 210 singleton sites, 370 constant sites
WARNING: Some sequence names are changed as follows:
CP@TRINITY_DN1035_c0_g1__CP@TRINITY_DN1035_c0_g1_i1__g.4816__m.4816_type_complete_len_152_gc_universal_CP@TRINITY_DN1035_c0_g1_i1_1520-1065_-_ -> CP_TRINITY_DN1035_c0_g1__CP_TRINITY_DN1035_c0_g1_i1__g.4816__m.4816_type_complete_len_152_gc_universal_CP_TRINITY_DN1035_c0_g1_i1_1520-1065_-_
CP@TRINITY_DN1556_c1_g1__CP@TRINITY_DN1556_c1_g1_i1__g.41813__m.41813_type_complete_len_152_gc_universal_CP@TRINITY_DN1556_c1_g1_i1_534-989_+_ -> CP_TRINITY_DN1556_c1_g1__CP_TRINITY_DN1556_c1_g1_i1__g.41813__m.41813_type_complete_len_152_gc_universal_CP_TRINITY_DN1556_c1_g1_i1_534-989___
CP@TRINITY_DN1556_c1_g1__CP@TRINITY_DN1556_c1_g1_i3__g.41814__m.41814_type_complete_len_152_gc_universal_CP@TRINITY_DN1556_c1_g1_i3_522-67_-_ -> CP_TRINITY_DN1556_c1_g1__CP_TRINITY_DN1556_c1_g1_i3__g.41814__m.41814_type_complete_len_152_gc_universal_CP_TRINITY_DN1556_c1_g1_i3_522-67_-_

                                                                                                                                                Gap/Ambiguity  Composition  p-value
   1  Blasemer                                                                                                                                         80.39%    passed    100.00%
   2  Calltube                                                                                                                                         85.84%    passed     89.65%
   3  Protlace                                                                                                                                         82.21%    passed     86.96%
   4  Monoexil                                                                                                                                         80.39%    passed     99.62%
   5  Platmacr                                                                                                                                         80.39%    passed     98.44%
   6  Paratetr                                                                                                                                         80.00%    passed     34.91%
   7  Tetrther                                                                                                                                         80.13%    passed     70.23%
   8  Ichtmult                                                                                                                                         80.13%    passed     91.59%
   9  Stencoer                                                                                                                                         80.39%    passed     97.61%
  10  MAST04A2                                                                                                                                         80.00%    passed     99.94%
  11  MAST04A1                                                                                                                                         80.00%    passed     99.94%
  12  TeloneP1                                                                                                                                         82.73%    passed     96.93%
  13  Telosubt                                                                                                                                         81.04%    passed     99.57%
  14  Physpoly                                                                                                                                         77.40%    passed     96.89%
  15  Gephhuxl                                                                                                                                         80.39%    passed     99.66%
  16  Phaeglob                                                                                                                                         78.96%    passed     98.79%
  17  Calclept                                                                                                                                         80.39%    passed     99.62%
  18  Thalpseu                                                                                                                                         80.39%    passed     99.92%
  19  ChrysoH1                                                                                                                                         82.21%    passed     84.13%
  20  Phytpara                                                                                                                                         80.39%    passed     99.56%
  21  Parasacc                                                                                                                                         82.73%    passed     99.66%
  22  Spirsalm                                                                                                                                         80.00%    passed     26.05%
  23  Andagodo                                                                                                                                         75.97%    passed     24.17%
  24  Sphadest                                                                                                                                         80.52%    passed     99.24%
  25  Creofrag                                                                                                                                         79.48%    passed     89.62%
  26  Goniavon                                                                                                                                         77.66%    passed     76.45%
  27  Gemicryo                                                                                                                                         80.39%    passed     94.17%
  28  Guilthet                                                                                                                                         80.26%    passed     99.87%
  29  Hemirufe                                                                                                                                         80.39%    passed     97.10%
  30  Paraconf                                                                                                                                         80.39%    passed     99.51%
  31  Trypbruc                                                                                                                                         74.16%    failed      0.01%
  32  Leismajo                                                                                                                                         80.39%    passed     83.74%
  33  Leptpyrr                                                                                                                                         80.65%    passed     92.11%
  34  Parapyri                                                                                                                                         80.39%    passed     99.81%
  35  Hemikukw                                                                                                                                         78.05%    passed     96.27%
  36  SpirCILI                                                                                                                                         77.53%    passed     99.02%
  37  Protadhe                                                                                                                                         80.39%    passed     99.14%
  38  Mesoviri                                                                                                                                         80.39%    passed     99.90%
  39  Charbrau                                                                                                                                         80.39%    passed     98.37%
  40  Pyrapark                                                                                                                                         76.88%    passed     96.65%
  41  Nephpyri                                                                                                                                         74.68%    passed     74.22%
  42  Tetrasti                                                                                                                                         75.84%    passed     97.27%
  43  Porppurp                                                                                                                                         70.00%    passed     93.57%
  44  Gracchor                                                                                                                                         80.91%    passed     99.83%
  45  Galdphle                                                                                                                                         80.39%    passed     99.83%
  46  BicoCB20                                                                                                                                         78.96%    passed     99.57%
  47  Oxyrmari                                                                                                                                         77.40%    passed     99.72%
  48  Aurisoli                                                                                                                                         77.66%    passed     98.04%
  49  Colpangu                                                                                                                                         79.22%    passed     75.72%
  50  Alphedax                                                                                                                                         76.23%    passed     99.32%
  51  HemaVICK                                                                                                                                         86.75%    passed      5.94%
  52  Gregniph                                                                                                                                         80.39%    passed     43.48%
  53  Plasfalc                                                                                                                                         80.39%    passed     49.36%
  54  Noctscin                                                                                                                                         80.39%    passed     99.06%
  55  Symbmicr                                                                                                                                         73.51%    passed     77.28%
  56  Mitodaph                                                                                                                                         59.09%    passed     21.00%
  57  ChoanoFB                                                                                                                                         80.39%    passed     99.99%
  58  Raphhete                                                                                                                                         86.88%    passed     93.08%
  59  Rainerin                                                                                                                                         85.58%    passed     70.28%
  60  Stichzan                                                                                                                                         80.78%    failed      3.74%
  61  Ammo1384                                                                                                                                         79.48%    passed     70.53%
  62  Sori0191                                                                                                                                         84.29%    passed     76.95%
  63  Chlarein                                                                                                                                         80.39%    passed     99.97%
  64  Dunasali                                                                                                                                         80.39%    passed     95.68%
  65  Prassing                                                                                                                                         80.39%    passed     99.80%
  66  Chlovari                                                                                                                                         80.26%    passed     95.77%
  67  Prascaps                                                                                                                                         78.96%    passed     96.24%
  68  Arabthal                                                                                                                                         80.39%    passed     97.46%
  69  Parvatla                                                                                                                                         78.44%    passed     99.80%
  70  Leptvora                                                                                                                                         79.35%    passed     98.75%
  71  Plasbras                                                                                                                                         80.39%    passed     97.80%
  72  Lapoguse                                                                                                                                         80.39%    passed     99.99%
  73  Paulchro                                                                                                                                         65.97%    failed      4.78%
  74  Bigenata                                                                                                                                         80.39%    passed     97.87%
  75  Vitrbras                                                                                                                                         80.39%    passed     96.44%
  76  Rozeallo                                                                                                                                         80.91%    passed     94.67%
  77  Sacccere                                                                                                                                         80.39%    passed     96.42%
  78  Batrdend                                                                                                                                         80.39%    passed     99.99%
  79  Tricvagi                                                                                                                                         80.39%    passed     97.80%
  80  Cyangloe                                                                                                                                         75.84%    passed     94.90%
  81  Coralima                                                                                                                                         80.39%    passed     96.99%
  82  Homosapi                                                                                                                                         80.39%    passed     98.85%
  83  Nemavect                                                                                                                                         80.39%    passed     99.94%
  84  Syssmult                                                                                                                                         71.17%    passed     37.80%
  85  Protfung                                                                                                                                         43.77%    failed      2.99%
  86  Dictdisc                                                                                                                                         80.39%    passed     83.98%
  87  Thectrah                                                                                                                                         80.39%    passed     92.84%
  88  Abolprol                                                                                                                                         87.01%    passed     87.27%
  89  Monobrev                                                                                                                                         80.13%    passed     97.21%
  90  Naeggrub                                                                                                                                         80.26%    passed     96.50%
  91  Pigoviet                                                                                                                                         77.40%    passed     87.29%
  92  Capsowcz                                                                                                                                         80.39%    passed     99.63%
  93  Styginca                                                                                                                                         79.74%    passed     99.20%
  94  Acancast                                                                                                                                         80.39%    passed     99.09%
  95  Ancytwis                                                                                                                                         80.39%    passed     99.98%
  96  Gloewitr                                                                                                                                         78.57%    passed     99.68%
  97  Cyanpara                                                                                                                                         80.39%    passed     99.18%
  98  Glauincr                                                                                                                                         77.79%    passed     98.69%
  99  Idiovort                                                                                                                                         78.70%    passed     99.54%
 100  Neobdesi                                                                                                                                         80.26%    passed     16.95%
 101  Roomtrun                                                                                                                                         80.39%    passed     99.39%
 102  Rhodemar                                                                                                                                         80.39%    passed     99.97%
 103  Rhodlimn                                                                                                                                         80.39%    passed     98.78%
 104  Gromspha                                                                                                                                         84.68%    passed     92.91%
 105  Chlorept                                                                                                                                         80.52%    passed     91.01%
 106  Brevmoto                                                                                                                                         74.29%    passed     16.58%
 107  MatazaD1                                                                                                                                         80.39%    passed     98.35%
 108  Palpbili                                                                                                                                         80.39%    passed     98.66%
 109  Vannfimi                                                                                                                                         78.70%    passed     99.36%
 110  Oryzsati                                                                                                                                         80.39%    passed     97.77%
 111  Volvcart                                                                                                                                         80.39%    passed     98.97%
 112  Picosali                                                                                                                                         80.26%    passed     99.06%
 113  Cryppara                                                                                                                                         78.31%    passed     79.50%
 114  Bafffrig                                                                                                                                         78.44%    passed     98.90%
 115  Rhodsali                                                                                                                                         80.39%    passed     99.06%
 116  Rhodmari                                                                                                                                         80.91%    passed     99.92%
 117  Galdsulp                                                                                                                                         80.39%    passed     99.78%
 118  Porpaeru                                                                                                                                         80.91%    passed     99.58%
 119  Cerakond                                                                                                                                         81.30%    passed     97.11%
 120  Choncris                                                                                                                                         80.91%    passed     98.10%
 121  Porpumbi                                                                                                                                         81.04%    passed     99.92%
 122  Rhodmacu                                                                                                                                         80.78%    passed    100.00%
 123  Flecnera                                                                                                                                         80.26%    passed     96.51%
 124  Diplambu                                                                                                                                         80.26%    passed     74.77%
 125  Wobbluna                                                                                                                                         80.39%    passed     92.20%
 126  PlacCLAB                                                                                                                                         77.27%    passed     96.20%
 127  Albulaib                                                                                                                                         80.39%    passed     99.11%
 128  Tribgaya                                                                                                                                         80.39%    passed     98.48%
 129  Vauclito                                                                                                                                         80.39%    passed     95.78%
 130  Syncpusi                                                                                                                                         77.79%    passed     93.02%
 131  Ochr2298                                                                                                                                         80.39%    passed     97.56%
 132  Pedoelon                                                                                                                                         80.39%    passed     97.75%
 133  Dino2267                                                                                                                                         80.39%    passed     78.25%
 134  Mallmari                                                                                                                                         80.39%    passed     98.99%
 135  Saprdecl                                                                                                                                         80.39%    passed    100.00%
 136  Pythirre                                                                                                                                         80.39%    passed     99.96%
 137  Psuemult                                                                                                                                         80.39%    passed     99.92%
 138  Fragcyli                                                                                                                                         80.39%    passed     99.85%
 139  Phaetric                                                                                                                                         80.39%    passed     99.99%
 140  Tripeleu                                                                                                                                         79.09%    passed     99.63%
 141  Chatsubs                                                                                                                                         80.39%    passed     98.39%
 142  Heteakas                                                                                                                                         77.53%    passed     99.79%
 143  Fibrjapo                                                                                                                                         80.39%    passed     98.29%
 144  Agarclat                                                                                                                                         77.53%    passed     98.81%
 145  Fucucera                                                                                                                                         80.39%    passed     97.43%
 146  Pela2097                                                                                                                                         80.39%    passed     93.13%
 147  Chryfrag                                                                                                                                         67.66%    failed      0.00%
 148  Pelacalc                                                                                                                                         80.39%    passed     99.25%
 149  Pelasubv                                                                                                                                         80.39%    passed     98.84%
 150  Aureanop                                                                                                                                         80.39%    passed     96.53%
 151  Paheparv                                                                                                                                         80.39%    passed     95.78%
 152  Deveeleg                                                                                                                                         80.39%    passed     97.92%
 153  Flor1587                                                                                                                                         64.03%    failed      0.01%
 154  Pedi2098                                                                                                                                         80.52%    passed     99.14%
 155  Pseuelas                                                                                                                                         80.39%    passed     99.59%
 156  Rhiz1243                                                                                                                                         80.39%    passed     96.21%
 157  Pavl2436                                                                                                                                         80.39%    passed     99.99%
 158  Diacluth                                                                                                                                         60.39%    failed      0.00%
 159  Prymparv                                                                                                                                         80.39%    passed     98.66%
 160  Prympoly                                                                                                                                         78.44%    passed     95.18%
 161  Chryrota                                                                                                                                         80.39%    passed     98.84%
 162  Tisolute                                                                                                                                         78.96%    passed     98.97%
 163  Chrycart                                                                                                                                         77.40%    passed     83.92%
 164  Micrpusl                                                                                                                                         80.39%    passed     99.00%
 165  Ostrtaur                                                                                                                                         80.26%    passed     99.64%
 166  Physpate                                                                                                                                         80.39%    passed     96.89%
 167  Haloseos                                                                                                                                         80.39%    passed     99.99%
 168  Aplakerg                                                                                                                                         80.39%    passed     98.50%
 169  Auralima                                                                                                                                         80.39%    passed     98.52%
 170  Schiaggr                                                                                                                                         80.39%    passed     97.28%
 171  ThraLLF1                                                                                                                                         80.39%    passed     97.92%
 172  BlasS7SB                                                                                                                                         80.39%    passed     99.81%
 173  Cantmars                                                                                                                                         80.39%    passed     89.30%
 174  Pirisoci                                                                                                                                         80.26%    passed     99.33%
 175  Chroveli                                                                                                                                         80.78%    passed     98.79%
 176  Platviva                                                                                                                                         80.39%    passed     98.38%
 177  Crypparv                                                                                                                                         80.00%    passed     94.41%
 178  Toxogond                                                                                                                                         80.39%    passed     98.18%
 179  Perkmari                                                                                                                                         80.39%    passed     96.07%
 180  Karebrev                                                                                                                                         78.18%    passed     97.07%
 181  Alexminu                                                                                                                                         67.66%    passed      9.94%
 182  EctocSP7                                                                                                                                         78.05%    passed     80.72%
 183  Pharkirb                                                                                                                                         80.39%    passed     98.62%
 184  Flabcita                                                                                                                                         80.39%    passed     94.84%
 185  Brevanat                                                                                                                                         79.35%    passed     99.23%
 186  Mantplas                                                                                                                                         78.96%    passed     98.94%
 187  Pygsbifo                                                                                                                                         78.31%    passed     98.95%
 188  Thecoxon                                                                                                                                         87.27%    passed     97.89%
 189  Reclamer                                                                                                                                         80.39%    passed     97.93%
 190  Lenilimo                                                                                                                                         80.39%    passed     99.05%
 191  Fabotrop                                                                                                                                         77.01%    passed     73.69%
 192  Ancysigm                                                                                                                                         78.44%    passed     74.41%
 193  Rigiramo                                                                                                                                         79.22%    passed     96.80%
 194  Nutolong                                                                                                                                         78.18%    passed     50.99%
 195  Nutohowe                                                                                                                                         82.99%    passed     94.80%
 196  Squajapo                                                                                                                                         80.39%    passed     98.61%
 197  Armalang                                                                                                                                         80.39%    passed     81.49%
 198  Veximinu                                                                                                                                         80.39%    passed     99.88%
 199  Sapochin                                                                                                                                         80.52%    passed     80.18%
 200  Ergocypr                                                                                                                                         79.35%    passed     99.70%
 201  Adunpalu                                                                                                                                         81.04%    passed     85.00%
 202  Giarlamb                                                                                                                                         80.00%    passed     90.39%
 203  Carpmemb                                                                                                                                         76.88%    passed     52.17%
 204  Cuneruss                                                                                                                                         80.39%    passed     99.74%
 205  Masteilh                                                                                                                                         77.79%    passed     81.73%
 206  Stensten                                                                                                                                         80.39%    passed     98.11%
 207  Pellcata                                                                                                                                         79.61%    passed     96.72%
 208  HeterBB2                                                                                                                                         80.39%    passed     96.42%
 209  ThecSK13                                                                                                                                         80.39%    passed     77.71%
 210  Tsukglob                                                                                                                                         78.31%    passed     98.76%
 211  Eutrgymn                                                                                                                                         80.39%    passed     80.56%
 212  Eugllong                                                                                                                                         76.88%    passed     97.48%
 213  Euglgrac                                                                                                                                         76.75%    passed     98.78%
 214  Endozona                                                                                                                                         80.26%    passed     98.95%
 215  Gocefonb                                                                                                                                         80.26%    passed     99.95%
 216  Luaphula                                                                                                                                         80.39%    passed     99.41%
 217  Dracjorm                                                                                                                                         80.39%    passed     99.88%
 218  Rhizelon                                                                                                                                         79.35%    passed     77.00%
 219  Ovaldese                                                                                                                                         77.53%    passed     90.43%
 220  Malajako                                                                                                                                         78.83%    passed     84.01%
 221  Gefiokel                                                                                                                                         80.39%    passed     99.98%
 222  Sapppeda                                                                                                                                         82.86%    passed     93.05%
 223  Hetepall                                                                                                                                         80.39%    passed     97.20%
 224  Mancberm                                                                                                                                         79.22%    passed     99.40%
 225  Cochminu                                                                                                                                         80.39%    passed     89.56%
 226  Echibisp                                                                                                                                         79.35%    passed     98.91%
 227  Vermverm                                                                                                                                         80.39%    passed     99.66%
 228  Bodosalt                                                                                                                                         80.39%    passed     99.87%
 229  Trimmari                                                                                                                                         80.26%    passed     98.84%
 230  Mayocant                                                                                                                                         74.03%    passed     98.31%
 231  Diphrota                                                                                                                                         80.39%    passed     99.71%
 232  Colltric                                                                                                                                         86.23%    passed     87.69%
 233  Echiexud                                                                                                                                         80.39%    passed     99.59%
 234  MicrA134                                                                                                                                         80.26%    passed     97.33%
 235  Rhizsaxo                                                                                                                                         80.39%    passed     93.02%
 236  NolaAFSM                                                                                                                                         80.39%    passed     96.55%
 237  Coprprot                                                                                                                                         78.18%    passed     90.17%
 238  Amoeprot                                                                                                                                         81.30%    passed     80.37%
 239  Arcevulg                                                                                                                                         80.39%    passed     99.75%
 240  Tychacut                                                                                                                                         80.39%    passed     98.65%
 241  Cavoapop                                                                                                                                         77.66%    passed     82.50%
 242  Schivulg                                                                                                                                         76.88%    passed     80.74%
 243  Soliirre                                                                                                                                         80.39%    passed     86.33%
 244  Filanola                                                                                                                                         80.39%    passed     96.62%
 245  Phalsoli                                                                                                                                         77.79%    passed     97.95%
 246  Salprose                                                                                                                                         75.97%    passed     93.81%
 247  Fontalba                                                                                                                                         80.39%    passed     99.72%
 248  Debahans                                                                                                                                         80.39%    passed     99.38%
 249  Aspefumi                                                                                                                                         80.78%    passed     99.71%
 250  Neurcras                                                                                                                                         80.39%    passed     99.83%
 251  Sphaarct                                                                                                                                         80.52%    passed     55.41%
 252  Amoepara                                                                                                                                         80.52%    passed     99.40%
 253  Aplycali                                                                                                                                         80.39%    passed     99.02%
 254  Drosmela                                                                                                                                         80.39%    passed     98.65%
 255  Caeneleg                                                                                                                                         80.39%    passed     96.14%
 256  Minivibr                                                                                                                                         83.12%    passed     99.01%
 257  Amphquee                                                                                                                                         80.39%    passed     96.92%
 258  Mnemleid                                                                                                                                         80.39%    passed     85.16%
 259  Taensoli                                                                                                                                         80.39%    passed     79.02%
 260  Schimans                                                                                                                                         80.39%    passed     96.15%
 261  Apismell                                                                                                                                         80.39%    passed     99.99%
 262  Gallgall                                                                                                                                         80.39%    passed     98.85%
 263  Tricadha                                                                                                                                         80.39%    passed     97.52%
 264  Coprcine                                                                                                                                         80.39%    passed     96.66%
 265  Ustimayd                                                                                                                                         80.39%    passed     97.50%
 266  Spizpunc                                                                                                                                         80.39%    passed     99.17%
 267  Rhizdele                                                                                                                                         80.39%    passed     97.22%
 268  Schizpom                                                                                                                                         80.39%    passed     99.98%
 269  Guttvulg                                                                                                                                         80.26%    passed     96.72%
 270  Blasbrit                                                                                                                                         80.26%    passed     99.82%
 271  Allomacr                                                                                                                                         80.26%    passed     99.94%
 272  CP_TRINITY_DN1035_c0_g1__CP_TRINITY_DN1035_c0_g1_i1__g.4816__m.4816_type_complete_len_152_gc_universal_CP_TRINITY_DN1035_c0_g1_i1_1520-1065_-_   80.39%    passed     99.99%
 273  CP_TRINITY_DN1556_c1_g1__CP_TRINITY_DN1556_c1_g1_i1__g.41813__m.41813_type_complete_len_152_gc_universal_CP_TRINITY_DN1556_c1_g1_i1_534-989___   80.39%    passed     99.18%
 274  CP_TRINITY_DN1556_c1_g1__CP_TRINITY_DN1556_c1_g1_i3__g.41814__m.41814_type_complete_len_152_gc_universal_CP_TRINITY_DN1556_c1_g1_i3_522-67_-_    80.39%    passed     99.18%
WARNING: 273 sequences contain more than 50% gaps/ambiguity
****  TOTAL                                                                                                                                            79.46%  7 sequences failed composition chi2 test (p-value<5%; df=19)
NOTE: MAST04A1 is identical to MAST04A2 but kept for subsequent analysis
NOTE: Gallgall is identical to Homosapi but kept for subsequent analysis
NOTE: CP_TRINITY_DN1556_c1_g1__CP_TRINITY_DN1556_c1_g1_i3__g.41814__m.41814_type_complete_len_152_gc_universal_CP_TRINITY_DN1556_c1_g1_i3_522-67_-_ is identical to CP_TRINITY_DN1556_c1_g1__CP_TRINITY_DN1556_c1_g1_i1__g.41813__m.41813_type_complete_len_152_gc_universal_CP_TRINITY_DN1556_c1_g1_i1_534-989___ but kept for subsequent analysis

Create initial parsimony tree by phylogenetic likelihood library (PLL)... 0.649 seconds
Generating 1000 samples for ultrafast bootstrap (seed: 295568)...

NOTE: 93 MB RAM (0 GB) is required!
Estimate model parameters (epsilon = 0.100)
1. Initial log-likelihood: -38904.070
2. Current log-likelihood: -34689.375
3. Current log-likelihood: -34596.201
4. Current log-likelihood: -34594.055
Optimal log-likelihood: -34593.933
Site proportion and rates:  (0.200,0.090) (0.189,0.340) (0.187,0.844) (0.425,1.789)
Parameters optimization took 4 rounds (217.137 sec)
Computing ML distances based on estimated model parameters... 21.452 sec
Computing BIONJ tree...
0.288 seconds
Log-likelihood of BIONJ tree: -34256.292
--------------------------------------------------------------------
|             INITIALIZING CANDIDATE TREE SET                      |
--------------------------------------------------------------------
Generating 98 parsimony trees... 18.927 second
Computing log-likelihood of 98 initial trees ... 308.763 seconds
Current best score: -34256.292

Do NNI search on 20 best initial trees
Estimate model parameters (epsilon = 0.100)
BETTER TREE FOUND at iteration 1: -34096.520
Iteration 10 / LogL: -34272.786 / Time: 0h:25m:3s
Iteration 20 / LogL: -34276.594 / Time: 0h:36m:40s
Finish initializing candidate tree set (20)
Current best tree score: -34096.520 / CPU time: 1943.169
Number of iterations: 20
--------------------------------------------------------------------
|               OPTIMIZING CANDIDATE TREE SET                      |
--------------------------------------------------------------------
Estimate model parameters (epsilon = 0.100)
BETTER TREE FOUND at iteration 24: -34054.449
Estimate model parameters (epsilon = 0.100)
BETTER TREE FOUND at iteration 30: -34041.079
Iteration 30 / LogL: -34041.079 / Time: 0h:52m:16s (3h:0m:12s left)
Estimate model parameters (epsilon = 0.100)
BETTER TREE FOUND at iteration 31: -34033.632
Estimate model parameters (epsilon = 0.100)
BETTER TREE FOUND at iteration 33: -34016.802
Estimate model parameters (epsilon = 0.100)
BETTER TREE FOUND at iteration 36: -33990.513
Estimate model parameters (epsilon = 0.100)
BETTER TREE FOUND at iteration 38: -33987.444
Estimate model parameters (epsilon = 0.100)
BETTER TREE FOUND at iteration 39: -33986.174
Iteration 40 / LogL: -34006.942 / Time: 1h:7m:21s (2h:50m:57s left)
Estimate model parameters (epsilon = 0.100)
BETTER TREE FOUND at iteration 42: -33982.360
Estimate model parameters (epsilon = 0.100)
BETTER TREE FOUND at iteration 46: -33975.738
Estimate model parameters (epsilon = 0.100)
BETTER TREE FOUND at iteration 49: -33964.327
Iteration 50 / LogL: -33990.408 / Time: 1h:21m:36s (2h:44m:52s left)
Log-likelihood cutoff on original alignment: -34285.901
Estimate model parameters (epsilon = 0.100)
BETTER TREE FOUND at iteration 58: -33964.206
Iteration 60 / LogL: -33979.574 / Time: 1h:31m:22s (2h:31m:45s left)
Estimate model parameters (epsilon = 0.100)
BETTER TREE FOUND at iteration 68: -33954.225
Estimate model parameters (epsilon = 0.100)
BETTER TREE FOUND at iteration 69: -33953.986
Iteration 70 / LogL: -33964.437 / Time: 1h:45m:40s (2h:31m:36s left)
Iteration 80 / LogL: -33988.353 / Time: 1h:55m:55s (2h:10m:35s left)
Estimate model parameters (epsilon = 0.100)
BETTER TREE FOUND at iteration 83: -33948.549
Iteration 90 / LogL: -33976.626 / Time: 2h:10m:58s (2h:16m:50s left)
Iteration 100 / LogL: -33962.081 / Time: 2h:29m:38s (2h:5m:26s left)
Log-likelihood cutoff on original alignment: -34285.901
NOTE: Bootstrap correlation coefficient of split occurrence frequencies: 0.948
NOTE: UFBoot does not converge, continue at least 100 more iterations
Iteration 110 / LogL: -33954.105 / Time: 2h:49m:6s (2h:19m:36s left)
Estimate model parameters (epsilon = 0.100)
BETTER TREE FOUND at iteration 111: -33945.306
Estimate model parameters (epsilon = 0.100)
BETTER TREE FOUND at iteration 116: -33938.219
Iteration 120 / LogL: -33949.731 / Time: 3h:8m:55s (2h:32m:24s left)
Iteration 130 / LogL: -33949.728 / Time: 3h:22m:26s (2h:14m:57s left)
Iteration 140 / LogL: -33944.821 / Time: 3h:35m:21s (1h:57m:44s left)
Iteration 150 / LogL: -33943.630 / Time: 3h:46m:30s (1h:40m:19s left)
Log-likelihood cutoff on original alignment: -34285.901
Iteration 160 / LogL: -33949.572 / Time: 3h:58m:7s (1h:23m:51s left)
Iteration 170 / LogL: -33955.098 / Time: 4h:9m:56s (1h:8m:1s left)
Estimate model parameters (epsilon = 0.100)
BETTER TREE FOUND at iteration 178: -33937.315
Iteration 180 / LogL: -33949.034 / Time: 4h:22m:27s (2h:23m:40s left)
Iteration 190 / LogL: -33946.356 / Time: 4h:33m:21s (2h:7m:16s left)
Iteration 200 / LogL: -33946.303 / Time: 4h:44m:33s (1h:51m:31s left)
Log-likelihood cutoff on original alignment: -34285.901
NOTE: Bootstrap correlation coefficient of split occurrence frequencies: 0.962
NOTE: UFBoot does not converge, continue at least 100 more iterations
Estimate model parameters (epsilon = 0.100)
BETTER TREE FOUND at iteration 209: -33936.609
Iteration 210 / LogL: -33943.876 / Time: 4h:54m:52s (2h:19m:40s left)
Estimate model parameters (epsilon = 0.100)
BETTER TREE FOUND at iteration 216: -33935.892
Iteration 220 / LogL: -33994.527 / Time: 5h:6m:40s (2h:14m:25s left)
Estimate model parameters (epsilon = 0.100)
BETTER TREE FOUND at iteration 225: -33932.733
Iteration 230 / LogL: -33938.246 / Time: 5h:17m:3s (2h:11m:31s left)
Iteration 240 / LogL: -33934.583 / Time: 5h:24m:58s (1h:55m:34s left)
Iteration 250 / LogL: -33937.061 / Time: 5h:32m:44s (1h:40m:13s left)
Log-likelihood cutoff on original alignment: -34285.901
Estimate model parameters (epsilon = 0.100)
BETTER TREE FOUND at iteration 252: -33931.447
Iteration 260 / LogL: -33939.580 / Time: 5h:42m:32s (2h:1m:40s left)
Estimate model parameters (epsilon = 0.100)
BETTER TREE FOUND at iteration 264: -33930.438
Estimate model parameters (epsilon = 0.100)
BETTER TREE FOUND at iteration 268: -33929.450
Iteration 270 / LogL: -33949.864 / Time: 5h:53m:22s (2h:8m:44s left)
Iteration 280 / LogL: -33977.124 / Time: 6h:0m:52s (1h:53m:49s left)
Estimate model parameters (epsilon = 0.100)
BETTER TREE FOUND at iteration 282: -33923.751
Estimate model parameters (epsilon = 0.100)
BETTER TREE FOUND at iteration 284: -33920.834
Estimate model parameters (epsilon = 0.100)
BETTER TREE FOUND at iteration 290: -33914.890
Iteration 290 / LogL: -33914.890 / Time: 6h:12m:42s (2h:8m:57s left)
Estimate model parameters (epsilon = 0.100)
BETTER TREE FOUND at iteration 300: -33906.293
Iteration 300 / LogL: -33906.293 / Time: 6h:21m:34s (2h:7m:36s left)
Log-likelihood cutoff on original alignment: -34285.901
NOTE: Bootstrap correlation coefficient of split occurrence frequencies: 0.936
NOTE: UFBoot does not converge, continue at least 100 more iterations
Iteration 310 / LogL: -33939.979 / Time: 6h:28m:48s (1h:53m:14s left)
Iteration 320 / LogL: -33914.006 / Time: 6h:36m:59s (1h:39m:33s left)
Estimate model parameters (epsilon = 0.100)
BETTER TREE FOUND at iteration 321: -33906.061
Iteration 330 / LogL: -33926.512 / Time: 6h:45m:35s (1h:52m:10s left)
Estimate model parameters (epsilon = 0.100)
BETTER TREE FOUND at iteration 331: -33899.765
Iteration 340 / LogL: -33907.381 / Time: 6h:55m:0s (1h:51m:24s left)
Iteration 350 / LogL: -33901.089 / Time: 7h:2m:4s (1h:37m:57s left)
Log-likelihood cutoff on original alignment: -34285.901
Estimate model parameters (epsilon = 0.100)
BETTER TREE FOUND at iteration 359: -33899.122
Iteration 360 / LogL: -33902.029 / Time: 7h:11m:2s (1h:58m:51s left)
Iteration 370 / LogL: -33906.917 / Time: 7h:17m:41s (1h:45m:33s left)
Estimate model parameters (epsilon = 0.100)
BETTER TREE FOUND at iteration 371: -33889.919
Iteration 380 / LogL: -33895.712 / Time: 7h:26m:1s (1h:47m:5s left)
Estimate model parameters (epsilon = 0.100)
BETTER TREE FOUND at iteration 387: -33887.281
Iteration 390 / LogL: -33902.838 / Time: 7h:34m:23s (1h:53m:18s left)
Iteration 400 / LogL: -33942.937 / Time: 7h:41m:8s (1h:40m:32s left)
Log-likelihood cutoff on original alignment: -33998.129
NOTE: Bootstrap correlation coefficient of split occurrence frequencies: 0.831
NOTE: UFBoot does not converge, continue at least 100 more iterations
Estimate model parameters (epsilon = 0.100)
BETTER TREE FOUND at iteration 403: -33886.740
Estimate model parameters (epsilon = 0.100)
BETTER TREE FOUND at iteration 407: -33884.104
Iteration 410 / LogL: -33915.414 / Time: 7h:50m:31s (1h:51m:35s left)
Iteration 420 / LogL: -33886.788 / Time: 7h:56m:42s (1h:38m:58s left)
Iteration 430 / LogL: -33905.076 / Time: 8h:2m:49s (1h:26m:39s left)
Iteration 440 / LogL: -33887.482 / Time: 8h:9m:19s (1h:14m:40s left)
Iteration 450 / LogL: -33895.211 / Time: 8h:15m:56s (1h:2m:57s left)
Log-likelihood cutoff on original alignment: -33998.129
Estimate model parameters (epsilon = 0.100)
BETTER TREE FOUND at iteration 454: -33883.746
Iteration 460 / LogL: -33891.431 / Time: 8h:23m:34s (1h:43m:7s left)
Estimate model parameters (epsilon = 0.100)
BETTER TREE FOUND at iteration 461: -33879.945
Iteration 470 / LogL: -33896.546 / Time: 8h:30m:53s (1h:39m:7s left)
BETTER TREE FOUND at iteration 472: -33879.938
Iteration 480 / LogL: -33906.851 / Time: 8h:36m:31s (1h:39m:12s left)
Iteration 490 / LogL: -33891.045 / Time: 8h:41m:40s (1h:27m:28s left)
Iteration 500 / LogL: -33896.911 / Time: 8h:47m:41s (1h:16m:8s left)
Log-likelihood cutoff on original alignment: -33998.129
NOTE: Bootstrap correlation coefficient of split occurrence frequencies: 0.827
NOTE: UFBoot does not converge, continue at least 100 more iterations
Iteration 510 / LogL: -33889.623 / Time: 8h:52m:41s (1h:34m:11s left)
Iteration 520 / LogL: -33907.338 / Time: 8h:57m:59s (1h:22m:55s left)
Iteration 530 / LogL: -33916.196 / Time: 9h:3m:14s (1h:11m:52s left)
Iteration 540 / LogL: -33928.843 / Time: 9h:8m:28s (1h:1m:3s left)
Iteration 550 / LogL: -33885.902 / Time: 9h:13m:48s (0h:50m:26s left)
Log-likelihood cutoff on original alignment: -33998.129
Iteration 560 / LogL: -33899.334 / Time: 9h:18m:57s (0h:39m:59s left)
Iteration 570 / LogL: -33887.385 / Time: 9h:24m:18s (0h:29m:45s left)
Estimate model parameters (epsilon = 0.100)
BETTER TREE FOUND at iteration 571: -33878.799
Iteration 580 / LogL: -33882.429 / Time: 9h:29m:30s (1h:29m:30s left)
Iteration 590 / LogL: -33895.770 / Time: 9h:34m:19s (1h:18m:58s left)
Estimate model parameters (epsilon = 0.100)
BETTER TREE FOUND at iteration 599: -33877.071
Iteration 600 / LogL: -33897.118 / Time: 9h:39m:30s (1h:35m:46s left)
Log-likelihood cutoff on original alignment: -33998.129
NOTE: Bootstrap correlation coefficient of split occurrence frequencies: 0.885
NOTE: UFBoot does not converge, continue at least 100 more iterations
Iteration 610 / LogL: -33880.637 / Time: 9h:44m:13s (1h:26m:20s left)
Iteration 620 / LogL: -33918.728 / Time: 9h:48m:59s (1h:16m:7s left)
Iteration 630 / LogL: -33894.135 / Time: 9h:53m:35s (1h:6m:3s left)
Iteration 640 / LogL: -33884.622 / Time: 9h:57m:48s (0h:56m:7s left)
Iteration 650 / LogL: -33888.800 / Time: 10h:2m:48s (0h:46m:26s left)
Log-likelihood cutoff on original alignment: -33998.129
Iteration 660 / LogL: -33890.659 / Time: 10h:7m:35s (0h:36m:52s left)
Iteration 670 / LogL: -33886.389 / Time: 10h:12m:1s (0h:27m:26s left)
Iteration 680 / LogL: -33894.087 / Time: 10h:17m:0s (0h:18m:10s left)
Iteration 690 / LogL: -33888.312 / Time: 10h:21m:26s (0h:9m:1s left)
Iteration 700 / LogL: -33903.651 / Time: 10h:26m:25s (0h:0m:0s left)
Log-likelihood cutoff on original alignment: -33998.129
NOTE: Bootstrap correlation coefficient of split occurrence frequencies: 0.924
NOTE: UFBoot does not converge, continue at least 100 more iterations
Iteration 710 / LogL: -33909.183 / Time: 10h:30m:40s (1h:20m:3s left)
Iteration 720 / LogL: -33878.838 / Time: 10h:34m:56s (1h:10m:38s left)
Iteration 730 / LogL: -33902.844 / Time: 10h:40m:4s (1h:1m:27s left)
Estimate model parameters (epsilon = 0.100)
BETTER TREE FOUND at iteration 735: -33873.663
Iteration 740 / LogL: -33877.859 / Time: 10h:44m:44s (1h:22m:52s left)
Iteration 750 / LogL: -33877.906 / Time: 10h:48m:21s (1h:13m:34s left)
Log-likelihood cutoff on original alignment: -33998.129
Estimate model parameters (epsilon = 0.100)
BETTER TREE FOUND at iteration 757: -33873.012
Iteration 760 / LogL: -33887.383 / Time: 10h:53m:3s (1h:23m:27s left)
Estimate model parameters (epsilon = 0.100)
BETTER TREE FOUND at iteration 765: -33871.514
Iteration 770 / LogL: -33880.738 / Time: 10h:57m:47s (1h:21m:15s left)
Iteration 780 / LogL: -33873.325 / Time: 11h:1m:31s (1h:12m:10s left)
Estimate model parameters (epsilon = 0.100)
BETTER TREE FOUND at iteration 782: -33869.119
Iteration 790 / LogL: -33880.273 / Time: 11h:6m:0s (1h:17m:39s left)
Iteration 800 / LogL: -33887.921 / Time: 11h:9m:44s (1h:8m:44s left)
Log-likelihood cutoff on original alignment: -33998.129
NOTE: Bootstrap correlation coefficient of split occurrence frequencies: 0.953
NOTE: UFBoot does not converge, continue at least 100 more iterations
Estimate model parameters (epsilon = 0.100)
BETTER TREE FOUND at iteration 809: -33867.643
Iteration 810 / LogL: -33872.788 / Time: 11h:13m:21s (1h:22m:23s left)
Iteration 820 / LogL: -33872.732 / Time: 11h:16m:31s (1h:13m:30s left)
Iteration 830 / LogL: -33876.010 / Time: 11h:19m:11s (1h:4m:43s left)
Iteration 840 / LogL: -33887.891 / Time: 11h:22m:2s (0h:56m:5s left)
Iteration 850 / LogL: -33874.215 / Time: 11h:24m:49s (0h:47m:35s left)
Log-likelihood cutoff on original alignment: -33998.129
Iteration 860 / LogL: -33899.430 / Time: 11h:28m:19s (0h:39m:15s left)
Iteration 870 / LogL: -33879.217 / Time: 11h:31m:46s (0h:31m:2s left)
Iteration 880 / LogL: -33872.678 / Time: 11h:34m:11s (0h:22m:54s left)
Iteration 890 / LogL: -33883.185 / Time: 11h:36m:42s (0h:14m:53s left)
Estimate model parameters (epsilon = 0.100)
BETTER TREE FOUND at iteration 898: -33866.067
Iteration 900 / LogL: -33882.012 / Time: 11h:39m:58s (1h:16m:18s left)
Log-likelihood cutoff on original alignment: -33998.129
NOTE: Bootstrap correlation coefficient of split occurrence frequencies: 0.950
NOTE: UFBoot does not converge, continue at least 100 more iterations
Iteration 910 / LogL: -33870.346 / Time: 11h:42m:58s (1h:9m:36s left)
Iteration 920 / LogL: -33866.732 / Time: 11h:45m:40s (1h:1m:25s left)
Estimate model parameters (epsilon = 0.100)
BETTER TREE FOUND at iteration 921: -33864.220
Iteration 930 / LogL: -33868.110 / Time: 11h:48m:48s (1h:9m:25s left)
Iteration 940 / LogL: -33882.264 / Time: 11h:51m:22s (1h:1m:21s left)
Iteration 950 / LogL: -33887.843 / Time: 11h:54m:2s (0h:53m:25s left)
Log-likelihood cutoff on original alignment: -33998.129
Estimate model parameters (epsilon = 0.100)
BETTER TREE FOUND at iteration 959: -33862.436
Iteration 960 / LogL: -33902.430 / Time: 11h:56m:59s (1h:14m:0s left)
Iteration 970 / LogL: -33895.263 / Time: 11h:59m:12s (1h:6m:3s left)
Iteration 980 / LogL: -33871.053 / Time: 12h:1m:2s (0h:58m:10s left)
Estimate model parameters (epsilon = 0.100)
BETTER TREE FOUND at iteration 985: -33860.534
Iteration 990 / LogL: -33864.025 / Time: 12h:3m:15s (1h:9m:28s left)
Iteration 1000 / LogL: -33897.107 / Time: 12h:5m:19s (1h:1m:42s left)
Log-likelihood cutoff on original alignment: -33998.129
NOTE: Bootstrap correlation coefficient of split occurrence frequencies: 0.943
NOTE: UFBoot does not converge, continue at least 100 more iterations
WARNING: bootstrap analysis did not converge. You should rerun with higher number of iterations (-nm option)
TREE SEARCH COMPLETED AFTER 1001 ITERATIONS / Time: 12h:5m:29s

--------------------------------------------------------------------
|                    FINALIZING TREE SEARCH                        |
--------------------------------------------------------------------
Performs final model parameters optimization
Estimate model parameters (epsilon = 0.010)
1. Initial log-likelihood: -33860.534
2. Current log-likelihood: -33860.512
3. Current log-likelihood: -33860.484
4. Current log-likelihood: -33860.472
Optimal log-likelihood: -33860.455
Site proportion and rates:  (0.190,0.062) (0.197,0.264) (0.244,0.729) (0.370,2.051)
Parameters optimization took 4 rounds (20.733 sec)
BEST SCORE FOUND : -33860.455
Empirical proportions for each category: 0.117 0.082 0.101 0.700
Site rates printed to /tmp/IQTREE/fOkWqW9dPp/iqt.rate

Testing tree branches by SH-like aLRT with 1000 replicates...
Alternative NNI shows better log-likelihood -33860.005 > -33860.455
Alternative NNI shows better log-likelihood -33859.325 > -33860.455
Alternative NNI shows better log-likelihood -33860.165 > -33860.455
5.263 sec.
Creating bootstrap support values...
Split supports printed to NEXUS file /tmp/IQTREE/fOkWqW9dPp/iqt.splits.nex
Total tree length: 149.623

Total number of iterations: 1001
CPU time used for tree search: 30355.162 sec (8h:25m:55s)
Wall-clock time used for tree search: 43271.544 sec (12h:1m:11s)
Total CPU time used: 30687.665 sec (8h:31m:27s)
Total wall-clock time used: 43556.386 sec (12h:5m:56s)

Computing bootstrap consensus tree...
Reading input file /tmp/IQTREE/fOkWqW9dPp/iqt.splits.nex...
274 taxa and 2918 splits.
Consensus tree written to /tmp/IQTREE/fOkWqW9dPp/iqt.contree
Reading input trees file /tmp/IQTREE/fOkWqW9dPp/iqt.contree
Log-likelihood of consensus tree: -33868.101

Analysis results written to: 
  IQ-TREE report:                /tmp/IQTREE/fOkWqW9dPp/iqt.iqtree
  Maximum-likelihood tree:       /tmp/IQTREE/fOkWqW9dPp/iqt.treefile
  Likelihood distances:          /tmp/IQTREE/fOkWqW9dPp/iqt.mldist
  Site-specific rates:           /tmp/IQTREE/fOkWqW9dPp/iqt.rate

Ultrafast bootstrap approximation results written to:
  Split support values:          /tmp/IQTREE/fOkWqW9dPp/iqt.splits.nex
  Consensus tree:                /tmp/IQTREE/fOkWqW9dPp/iqt.contree
  Screen log file:               /tmp/IQTREE/fOkWqW9dPp/iqt.log

Date and Time: Mon Mar  4 23:22:51 2024
