IQ-TREE multicore version 1.6.11 for Linux 64-bit built Jun  6 2019
Developed by Bui Quang Minh, Nguyen Lam Tung, Olga Chernomor,
Heiko Schmidt, Dominik Schrempf, Michael Woodhams.

Host:    92355f672ec4 (AVX2, FMA3, 125 GB RAM)
Command: /usr/local/iqtree/bin/iqtree -s /tmp/IQTREE/_ORuKUdtAw/seqin.fst -st AA -pre /tmp/IQTREE/_ORuKUdtAw/iqt -m LG+R4+FO -wsr -bb 1000 -alrt 1000 -pers 0.5 -numstop 100 -nt 3
Seed:    105274 (Using SPRNG - Scalable Parallel Random Number Generator)
Time:    Sun Mar  3 10:42:00 2024
Kernel:  AVX+FMA - 3 threads (24 CPU cores detected)

Reading alignment file /tmp/IQTREE/_ORuKUdtAw/seqin.fst ... Fasta format detected
Alignment most likely contains protein sequences
Alignment has 227 sequences with 1465 columns, 744 distinct patterns
260 parsimony-informative, 325 singleton sites, 880 constant sites
WARNING: Some sequence names are changed as follows:
CP@TRINITY_DN708_c0_g1__CP@TRINITY_DN708_c0_g1_i1__g.22572__m.22572_type_complete_len_181_gc_universal_CP@TRINITY_DN708_c0_g1_i1_663-121_-_ -> CP_TRINITY_DN708_c0_g1__CP_TRINITY_DN708_c0_g1_i1__g.22572__m.22572_type_complete_len_181_gc_universal_CP_TRINITY_DN708_c0_g1_i1_663-121_-_
CP@TRINITY_DN708_c0_g1__CP@TRINITY_DN708_c0_g1_i3__g.22573__m.22573_type_complete_len_181_gc_universal_CP@TRINITY_DN708_c0_g1_i3_663-121_-_ -> CP_TRINITY_DN708_c0_g1__CP_TRINITY_DN708_c0_g1_i3__g.22573__m.22573_type_complete_len_181_gc_universal_CP_TRINITY_DN708_c0_g1_i3_663-121_-_
CP@TRINITY_DN7261_c0_g1__CP@TRINITY_DN7261_c0_g1_i1_g_23556_m.23556_type_5prime_partial_len_196_gc_universalCP@TRINITY_DN7261_c0_g1_i1_665-78_-_ -> CP_TRINITY_DN7261_c0_g1__CP_TRINITY_DN7261_c0_g1_i1_g_23556_m.23556_type_5prime_partial_len_196_gc_universalCP_TRINITY_DN7261_c0_g1_i1_665-78_-_
CP@TRINITY_DN7261_c0_g1_CP@TRINITY_DN7261_c0_g1_i3_g_23558_m_23558_type_5prime_partial_len_172_gc_universal_CP@TRINITY_DN7261_c0_g1_i3_591-76_-_ -> CP_TRINITY_DN7261_c0_g1_CP_TRINITY_DN7261_c0_g1_i3_g_23558_m_23558_type_5prime_partial_len_172_gc_universal_CP_TRINITY_DN7261_c0_g1_i3_591-76_-_

                                                                                                                                                  Gap/Ambiguity  Composition  p-value
   1  Blasemer                                                                                                                                           89.15%    failed      1.25%
   2  Protlace                                                                                                                                           94.61%    passed     47.63%
   3  BicoCB20                                                                                                                                           87.24%    passed      6.43%
   4  Monoexil                                                                                                                                           87.71%    passed     73.29%
   5  Parapyri                                                                                                                                           86.48%    passed     16.11%
   6  Phytpara                                                                                                                                           88.12%    passed     86.54%
   7  Symbmicr                                                                                                                                           30.38%    failed      0.00%
   8  Noctscin                                                                                                                                           87.10%    passed     78.18%
   9  HemaVICK                                                                                                                                           88.60%    passed     68.98%
  10  MAST003A                                                                                                                                           87.10%    failed      4.03%
  11  Styginca                                                                                                                                           83.21%    passed      5.50%
  12  Paratetr                                                                                                                                           88.19%    passed     11.45%
  13  Platmacr                                                                                                                                           90.65%    failed      4.92%
  14  Styllemn                                                                                                                                           87.71%    passed     81.95%
  15  Tetrther                                                                                                                                           87.99%    passed      9.60%
  16  Protadhe                                                                                                                                           87.58%    passed     30.36%
  17  Arabthal                                                                                                                                           88.12%    passed     69.69%
  18  Coralima                                                                                                                                           87.30%    passed     66.16%
  19  Bigenata                                                                                                                                           88.67%    passed     86.89%
  20  Aurisoli                                                                                                                                           87.24%    passed     77.17%
  21  Paulchro                                                                                                                                           86.83%    passed     29.93%
  22  Retifilo                                                                                                                                           92.97%    failed      1.04%
  23  Ammo1384                                                                                                                                           90.85%    passed      9.85%
  24  Sori0191                                                                                                                                           87.30%    failed      1.94%
  25  Chlarein                                                                                                                                           87.17%    failed      1.13%
  26  Mesoviri                                                                                                                                           88.12%    passed     67.50%
  27  Nephpyri                                                                                                                                           83.89%    failed      0.01%
  28  Plasbras                                                                                                                                           88.12%    passed     73.81%
  29  Leptvora                                                                                                                                           87.03%    passed     53.74%
  30  Gemicryo                                                                                                                                           87.44%    passed     47.73%
  31  Guilthet                                                                                                                                           90.17%    passed     90.17%
  32  Hemirufe                                                                                                                                           86.89%    passed     43.33%
  33  MAST04A1                                                                                                                                           87.92%    passed     74.97%
  34  MAST04A2                                                                                                                                           87.92%    passed     74.97%
  35  MAST004C                                                                                                                                           87.92%    passed     89.29%
  36  Prassing                                                                                                                                           86.28%    failed      0.00%
  37  ChrysoH2                                                                                                                                           89.08%    passed     52.33%
  38  EctocSP7                                                                                                                                           90.17%    passed     33.30%
  39  Rainerin                                                                                                                                           87.85%    passed     22.44%
  40  Raphhete                                                                                                                                           92.15%    passed     51.28%
  41  AcanthFB                                                                                                                                           87.85%    passed     33.57%
  42  ChoanoFB                                                                                                                                           87.85%    passed     85.12%
  43  SpirCILI                                                                                                                                           86.76%    passed     12.91%
  44  Hemikukw                                                                                                                                           87.37%    passed     11.64%
  45  Naeggrub                                                                                                                                           87.85%    passed      6.53%
  46  Paraconf                                                                                                                                           87.10%    passed     59.57%
  47  Trypbruc                                                                                                                                           87.51%    passed     24.72%
  48  Andagodo                                                                                                                                           88.12%    passed     25.94%
  49  Gephhuxl                                                                                                                                           88.19%    passed     10.66%
  50  Phaeglob                                                                                                                                           87.24%    passed     58.58%
  51  Calclept                                                                                                                                           88.05%    passed     53.43%
  52  Sphadest                                                                                                                                           86.42%    failed      0.11%
  53  Pigoviet                                                                                                                                           87.85%    passed     52.36%
  54  Sacccere                                                                                                                                           87.85%    passed     21.25%
  55  Parvatla                                                                                                                                           86.76%    passed     99.52%
  56  Rozeallo                                                                                                                                           88.26%    passed     48.04%
  57  Parasacc                                                                                                                                           90.78%    passed     14.24%
  58  Batrdend                                                                                                                                           87.78%    passed     94.71%
  59  Homosapi                                                                                                                                           87.85%    passed     70.15%
  60  Nemavect                                                                                                                                           87.99%    passed     41.46%
  61  Creofrag                                                                                                                                           87.78%    passed     91.34%
  62  Syssmult                                                                                                                                           87.44%    passed     51.79%
  63  Monobrev                                                                                                                                           87.58%    passed     59.86%
  64  Capsowcz                                                                                                                                           87.71%    passed     54.64%
  65  Thectrah                                                                                                                                           85.60%    passed     83.99%
  66  Acancast                                                                                                                                           89.28%    passed     56.31%
  67  Protfung                                                                                                                                           88.26%    passed      6.51%
  68  Dictdisc                                                                                                                                           88.12%    passed     74.88%
  69  Tricvagi                                                                                                                                           87.65%    passed     36.13%
  70  Physpoly                                                                                                                                           91.26%    failed      3.38%
  71  TeloneP2                                                                                                                                           87.51%    passed     80.18%
  72  TeloneP1                                                                                                                                           87.51%    passed     18.60%
  73  Telosubt                                                                                                                                           89.22%    passed     53.66%
  74  Karebrev                                                                                                                                           84.16%    failed      1.17%
  75  Chlorept                                                                                                                                           87.99%    passed     37.12%
  76  MatazaD1                                                                                                                                           87.85%    passed     67.82%
  77  Brevmoto                                                                                                                                           85.73%    failed      0.16%
  78  Cyanpara                                                                                                                                           87.85%    passed     85.58%
  79  Volvcart                                                                                                                                           87.37%    failed      0.03%
  80  Physpate                                                                                                                                           88.05%    passed     83.89%
  81  Oryzsati                                                                                                                                           91.19%    passed     38.21%
  82  Gloewitr                                                                                                                                           88.94%    passed     55.56%
  83  Pavl2436                                                                                                                                           88.05%    passed     39.74%
  84  Ancytwis                                                                                                                                           90.85%    passed     20.39%
  85  Rhodsali                                                                                                                                           87.78%    passed     17.99%
  86  Cryppara                                                                                                                                           88.05%    passed     15.22%
  87  Bafffrig                                                                                                                                           85.67%    passed      5.47%
  88  Palpbili                                                                                                                                           88.12%    passed     79.66%
  89  Prymparv                                                                                                                                           88.46%    passed     76.83%
  90  Prympoly                                                                                                                                           87.78%    passed     90.73%
  91  Chryrota                                                                                                                                           86.83%    passed     40.00%
  92  Tisolute                                                                                                                                           88.94%    passed     35.67%
  93  Chrycart                                                                                                                                           84.16%    passed      9.73%
  94  Paheparv                                                                                                                                           83.69%    failed      0.00%
  95  Pingpyre                                                                                                                                           86.89%    failed      1.14%
  96  Syncpusi                                                                                                                                           87.10%    passed     76.99%
  97  Tribgaya                                                                                                                                           83.96%    passed     20.70%
  98  Vauclito                                                                                                                                           88.05%    passed     49.56%
  99  Agarclat                                                                                                                                           88.12%    passed     86.94%
 100  Fucucera                                                                                                                                           88.19%    passed     77.95%
 101  Flor1587                                                                                                                                           87.99%    passed     55.68%
 102  Octaspec                                                                                                                                           83.75%    passed     98.16%
 103  Pela2097                                                                                                                                           85.73%    passed     14.83%
 104  Aureanop                                                                                                                                           88.05%    passed     43.22%
 105  Aurelagu                                                                                                                                           87.92%    passed     70.35%
 106  Chryfrag                                                                                                                                           87.51%    passed     79.06%
 107  Pelacalc                                                                                                                                           88.05%    passed     58.85%
 108  Pelasubv                                                                                                                                           88.12%    passed     53.39%
 109  Pseuelas                                                                                                                                           88.19%    passed     63.10%
 110  Pedi2098                                                                                                                                           87.85%    passed     43.18%
 111  Tripeleu                                                                                                                                           88.05%    passed     95.54%
 112  Paravest                                                                                                                                           87.99%    passed     85.94%
 113  PoterBG1                                                                                                                                           87.99%    passed     49.86%
 114  Dino2267                                                                                                                                           88.26%    passed     49.42%
 115  Pedoelon                                                                                                                                           88.05%    passed     35.89%
 116  Ochr2298                                                                                                                                           84.23%    failed      2.94%
 117  BlasS7SB                                                                                                                                           85.60%    passed     22.44%
 118  Ostrtaur                                                                                                                                           87.85%    failed      0.00%
 119  Saprdecl                                                                                                                                           88.12%    passed     80.58%
 120  Albulaib                                                                                                                                           88.12%    passed     68.77%
 121  Pythirre                                                                                                                                           89.35%    passed     66.39%
 122  Caferoen                                                                                                                                           85.26%    failed      0.00%
 123  Haloseos                                                                                                                                           87.58%    passed     13.90%
 124  Neobdesi                                                                                                                                           84.98%    failed      0.06%
 125  Flecnera                                                                                                                                           86.96%    passed     47.44%
 126  Diplambu                                                                                                                                           87.17%    passed     45.96%
 127  Rhodemar                                                                                                                                           86.76%    passed     60.12%
 128  Rhodlimn                                                                                                                                           88.05%    passed     75.59%
 129  Schiaggr                                                                                                                                           88.05%    passed     72.44%
 130  Auralima                                                                                                                                           88.12%    passed     47.67%
 131  Aplakerg                                                                                                                                           88.19%    passed     32.05%
 132  Idiovort                                                                                                                                           88.05%    passed     24.39%
 133  Vannfimi                                                                                                                                           88.40%    passed     44.33%
 134  Cantmars                                                                                                                                           88.12%    passed     22.49%
 135  PlacCLAB                                                                                                                                           60.55%    failed      0.00%
 136  Wobbluna                                                                                                                                           87.30%    passed     36.95%
 137  Oxyrmari                                                                                                                                           87.99%    passed     87.59%
 138  Lapoguse                                                                                                                                           86.89%    passed     85.15%
 139  Guttvulg                                                                                                                                           87.30%    passed     16.83%
 140  Trimmari                                                                                                                                           86.01%    passed     75.65%
 141  Reclamer                                                                                                                                           87.51%    passed     78.56%
 142  Ancysigm                                                                                                                                           86.14%    passed     11.08%
 143  Nutolong                                                                                                                                           87.65%    passed     58.72%
 144  Fabotrop                                                                                                                                           87.65%    passed     51.56%
 145  HeterBB2                                                                                                                                           89.90%    passed     45.85%
 146  Pharkirb                                                                                                                                           87.99%    passed     77.48%
 147  Salprose                                                                                                                                           86.89%    passed     56.53%
 148  Bodosalt                                                                                                                                           87.30%    passed     20.73%
 149  Euglgrac                                                                                                                                           88.05%    passed     26.51%
 150  Eugllong                                                                                                                                           85.80%    passed     65.86%
 151  Tsukglob                                                                                                                                           87.03%    passed     59.24%
 152  Carpmemb                                                                                                                                           87.78%    passed     53.36%
 153  Gefiokel                                                                                                                                           86.76%    passed     80.68%
 154  Malacali                                                                                                                                           91.13%    passed     13.03%
 155  Pygsbifo                                                                                                                                           88.26%    passed     82.95%
 156  Lenilimo                                                                                                                                           88.40%    passed     43.74%
 157  Brevanat                                                                                                                                           87.44%    passed     53.74%
 158  Mancberm                                                                                                                                           87.51%    passed     79.90%
 159  Colltric                                                                                                                                           88.40%    passed     81.18%
 160  Diphrota                                                                                                                                           87.24%    passed     94.53%
 161  Rigiramo                                                                                                                                           87.37%    passed     17.05%
 162  Ovaldese                                                                                                                                           87.24%    passed     95.14%
 163  Sapochin                                                                                                                                           78.16%    passed      8.87%
 164  Armalang                                                                                                                                           87.92%    passed     92.27%
 165  Squajapo                                                                                                                                           87.99%    passed     98.07%
 166  Veximinu                                                                                                                                           87.85%    passed     61.35%
 167  Pellcata                                                                                                                                           87.37%    passed     83.06%
 168  Gocefonb                                                                                                                                           85.39%    passed     77.20%
 169  Endozona                                                                                                                                           87.51%    passed     51.94%
 170  Dracjorm                                                                                                                                           87.92%    passed     43.00%
 171  Luaphula                                                                                                                                           87.10%    passed     46.90%
 172  Cuneruss                                                                                                                                           88.19%    passed     94.88%
 173  Paralevi                                                                                                                                           85.32%    passed     59.21%
 174  Sapppeda                                                                                                                                           86.96%    passed     85.30%
 175  ThecSK13                                                                                                                                           87.78%    passed     40.95%
 176  Stensten                                                                                                                                           85.05%    passed     69.64%
 177  Mayocant                                                                                                                                           86.69%    passed     20.62%
 178  Masteilh                                                                                                                                           88.33%    passed     98.34%
 179  Rhizelon                                                                                                                                           87.44%    passed     62.01%
 180  Echibisp                                                                                                                                           87.99%    passed     30.51%
 181  Vermverm                                                                                                                                           85.87%    passed     40.14%
 182  Coprprot                                                                                                                                           87.51%    passed     31.11%
 183  Amoeprot                                                                                                                                           87.85%    passed     35.50%
 184  NolaAFSM                                                                                                                                           87.37%    passed     84.32%
 185  Arcevulg                                                                                                                                           87.17%    passed     95.07%
 186  Echiexud                                                                                                                                           87.10%    passed     27.83%
 187  MicrA134                                                                                                                                           88.12%    passed     70.08%
 188  Flabcita                                                                                                                                           88.19%    passed     68.38%
 189  Rhizsaxo                                                                                                                                           88.12%    passed     53.51%
 190  Filanola                                                                                                                                           87.78%    passed     48.99%
 191  Tychacut                                                                                                                                           87.37%    passed     78.22%
 192  Schivulg                                                                                                                                           87.99%    passed     51.72%
 193  Cavoapop                                                                                                                                           86.48%    passed     52.39%
 194  Phalsoli                                                                                                                                           88.05%    passed     44.56%
 195  Soliirre                                                                                                                                           88.05%    passed     55.09%
 196  Cochminu                                                                                                                                           87.58%    passed     45.51%
 197  Mantplas                                                                                                                                           87.85%    passed     49.61%
 198  Spizpunc                                                                                                                                           87.85%    passed     79.58%
 199  Schizpom                                                                                                                                           88.12%    passed     77.54%
 200  Debahans                                                                                                                                           87.99%    passed      8.36%
 201  Neurcras                                                                                                                                           86.89%    passed      6.25%
 202  Aspefumi                                                                                                                                           87.17%    passed     36.96%
 203  Allomacr                                                                                                                                           87.99%    passed     36.11%
 204  Blasbrit                                                                                                                                           87.78%    passed      5.75%
 205  Ustimayd                                                                                                                                           87.85%    passed      6.22%
 206  Coprcine                                                                                                                                           87.71%    passed     21.86%
 207  Fontalba                                                                                                                                           87.85%    passed     44.64%
 208  Taensoli                                                                                                                                           88.87%    failed      3.07%
 209  Schimans                                                                                                                                           87.65%    passed     46.31%
 210  Amphquee                                                                                                                                           87.92%    passed     46.74%
 211  Caeneleg                                                                                                                                           87.71%    passed     50.80%
 212  Mnemleid                                                                                                                                           87.65%    passed     91.11%
 213  Apismell                                                                                                                                           87.92%    passed     99.51%
 214  Drosmela                                                                                                                                           87.92%    passed     92.93%
 215  Branflor                                                                                                                                           89.15%    passed     82.35%
 216  Gallgall                                                                                                                                           87.85%    passed     62.03%
 217  Aplycali                                                                                                                                           87.99%    passed     50.19%
 218  Tricadha                                                                                                                                           88.12%    passed     45.65%
 219  Minivibr                                                                                                                                           88.26%    passed     56.40%
 220  Sphaarct                                                                                                                                           89.22%    passed     52.27%
 221  Amoepara                                                                                                                                           88.26%    passed     90.71%
 222  Deveeleg                                                                                                                                           88.19%    passed     71.07%
 223  Goniavon                                                                                                                                           87.65%    passed     17.40%
 224  CP_TRINITY_DN708_c0_g1__CP_TRINITY_DN708_c0_g1_i1__g.22572__m.22572_type_complete_len_181_gc_universal_CP_TRINITY_DN708_c0_g1_i1_663-121_-_        87.71%    passed      7.75%
 225  CP_TRINITY_DN708_c0_g1__CP_TRINITY_DN708_c0_g1_i3__g.22573__m.22573_type_complete_len_181_gc_universal_CP_TRINITY_DN708_c0_g1_i3_663-121_-_        87.71%    passed      7.75%
 226  CP_TRINITY_DN7261_c0_g1__CP_TRINITY_DN7261_c0_g1_i1_g_23556_m.23556_type_5prime_partial_len_196_gc_universalCP_TRINITY_DN7261_c0_g1_i1_665-78_-_   86.69%    passed     91.34%
 227  CP_TRINITY_DN7261_c0_g1_CP_TRINITY_DN7261_c0_g1_i3_g_23558_m_23558_type_5prime_partial_len_172_gc_universal_CP_TRINITY_DN7261_c0_g1_i3_591-76_-_   88.33%    passed     67.76%
WARNING: 226 sequences contain more than 50% gaps/ambiguity
****  TOTAL                                                                                                                                              87.29%  22 sequences failed composition chi2 test (p-value<5%; df=19)
NOTE: MAST04A2 is identical to MAST04A1 but kept for subsequent analysis
NOTE: CP_TRINITY_DN708_c0_g1__CP_TRINITY_DN708_c0_g1_i3__g.22573__m.22573_type_complete_len_181_gc_universal_CP_TRINITY_DN708_c0_g1_i3_663-121_-_ is identical to CP_TRINITY_DN708_c0_g1__CP_TRINITY_DN708_c0_g1_i1__g.22572__m.22572_type_complete_len_181_gc_universal_CP_TRINITY_DN708_c0_g1_i1_663-121_-_ but kept for subsequent analysis

Create initial parsimony tree by phylogenetic likelihood library (PLL)... 0.165 seconds
Generating 1000 samples for ultrafast bootstrap (seed: 105274)...

NOTE: 110 MB RAM (0 GB) is required!
Estimate model parameters (epsilon = 0.100)
1. Initial log-likelihood: -69816.680
2. Current log-likelihood: -61195.482
3. Current log-likelihood: -61128.506
4. Current log-likelihood: -61128.062
Optimal log-likelihood: -61128.026
Site proportion and rates:  (0.106,0.104) (0.226,0.371) (0.296,0.812) (0.372,1.789)
Parameters optimization took 4 rounds (100.201 sec)
Computing ML distances based on estimated model parameters... 17.510 sec
Computing BIONJ tree...
0.115 seconds
Log-likelihood of BIONJ tree: -61035.469
--------------------------------------------------------------------
|             INITIALIZING CANDIDATE TREE SET                      |
--------------------------------------------------------------------
Generating 98 parsimony trees... 12.719 second
Computing log-likelihood of 98 initial trees ... 189.783 seconds
Current best score: -61035.469

Do NNI search on 20 best initial trees
Estimate model parameters (epsilon = 0.100)
BETTER TREE FOUND at iteration 1: -60851.976
Iteration 10 / LogL: -60977.651 / Time: 0h:15m:5s
Iteration 20 / LogL: -61012.093 / Time: 0h:24m:23s
Finish initializing candidate tree set (20)
Current best tree score: -60851.976 / CPU time: 1345.412
Number of iterations: 20
--------------------------------------------------------------------
|               OPTIMIZING CANDIDATE TREE SET                      |
--------------------------------------------------------------------
Estimate model parameters (epsilon = 0.100)
BETTER TREE FOUND at iteration 21: -60844.942
Estimate model parameters (epsilon = 0.100)
BETTER TREE FOUND at iteration 23: -60798.742
Estimate model parameters (epsilon = 0.100)
BETTER TREE FOUND at iteration 30: -60792.436
Iteration 30 / LogL: -60792.436 / Time: 0h:40m:10s (2h:18m:30s left)
Estimate model parameters (epsilon = 0.100)
BETTER TREE FOUND at iteration 35: -60788.796
Iteration 40 / LogL: -60800.297 / Time: 0h:49m:28s (2h:0m:30s left)
Estimate model parameters (epsilon = 0.100)
BETTER TREE FOUND at iteration 43: -60788.273
Estimate model parameters (epsilon = 0.100)
BETTER TREE FOUND at iteration 48: -60775.997
Iteration 50 / LogL: -60785.731 / Time: 0h:59m:58s (1h:59m:55s left)
Log-likelihood cutoff on original alignment: -60918.675
Estimate model parameters (epsilon = 0.100)
BETTER TREE FOUND at iteration 55: -60770.737
Iteration 60 / LogL: -60779.745 / Time: 1h:10m:2s (1h:52m:45s left)
Estimate model parameters (epsilon = 0.100)
BETTER TREE FOUND at iteration 63: -60758.545
Estimate model parameters (epsilon = 0.100)
BETTER TREE FOUND at iteration 64: -60755.559
Iteration 70 / LogL: -60759.614 / Time: 1h:21m:34s (1h:51m:6s left)
Estimate model parameters (epsilon = 0.100)
BETTER TREE FOUND at iteration 76: -60753.619
Estimate model parameters (epsilon = 0.100)
BETTER TREE FOUND at iteration 77: -60753.173
Estimate model parameters (epsilon = 0.100)
BETTER TREE FOUND at iteration 80: -60746.080
Iteration 80 / LogL: -60746.080 / Time: 1h:32m:44s (1h:57m:22s left)
Iteration 90 / LogL: -60752.121 / Time: 1h:42m:4s (1h:43m:12s left)
Estimate model parameters (epsilon = 0.100)
BETTER TREE FOUND at iteration 92: -60742.432
Iteration 100 / LogL: -60771.724 / Time: 1h:53m:33s (1h:45m:31s left)
Log-likelihood cutoff on original alignment: -60895.842
NOTE: Bootstrap correlation coefficient of split occurrence frequencies: 0.924
NOTE: UFBoot does not converge, continue at least 100 more iterations
Estimate model parameters (epsilon = 0.100)
BETTER TREE FOUND at iteration 104: -60740.242
Estimate model parameters (epsilon = 0.100)
BETTER TREE FOUND at iteration 107: -60736.041
Estimate model parameters (epsilon = 0.100)
BETTER TREE FOUND at iteration 110: -60729.103
Iteration 110 / LogL: -60729.103 / Time: 2h:9m:38s (1h:58m:56s left)
Iteration 120 / LogL: -60746.861 / Time: 2h:20m:36s (1h:46m:20s left)
Iteration 130 / LogL: -60761.697 / Time: 2h:30m:5s (1h:33m:4s left)
Estimate model parameters (epsilon = 0.100)
BETTER TREE FOUND at iteration 133: -60728.418
Iteration 140 / LogL: -60733.074 / Time: 2h:40m:13s (1h:47m:12s left)
Iteration 150 / LogL: -60733.629 / Time: 2h:47m:53s (1h:33m:31s left)
Log-likelihood cutoff on original alignment: -60895.842
Iteration 160 / LogL: -60739.205 / Time: 2h:55m:59s (1h:20m:48s left)
Iteration 170 / LogL: -60753.369 / Time: 3h:4m:17s (1h:8m:41s left)
Iteration 180 / LogL: -60729.415 / Time: 3h:13m:53s (0h:57m:24s left)
Iteration 190 / LogL: -60741.272 / Time: 3h:21m:14s (0h:45m:47s left)
Iteration 200 / LogL: -60768.557 / Time: 3h:29m:29s (0h:34m:44s left)
Log-likelihood cutoff on original alignment: -60857.073
NOTE: Bootstrap correlation coefficient of split occurrence frequencies: 0.961
NOTE: UFBoot does not converge, continue at least 100 more iterations
Iteration 210 / LogL: -60763.786 / Time: 3h:37m:27s (1h:33m:38s left)
Iteration 220 / LogL: -60740.379 / Time: 3h:45m:19s (1h:22m:18s left)
Iteration 230 / LogL: -60734.963 / Time: 3h:54m:9s (1h:11m:34s left)
Iteration 240 / LogL: -60734.735 / Time: 4h:1m:47s (1h:0m:41s left)
Iteration 250 / LogL: -60762.902 / Time: 4h:9m:32s (0h:50m:6s left)
Log-likelihood cutoff on original alignment: -60857.073
Iteration 260 / LogL: -60743.205 / Time: 4h:17m:45s (0h:39m:48s left)
Iteration 270 / LogL: -60757.961 / Time: 4h:25m:19s (0h:29m:35s left)
Iteration 280 / LogL: -60734.578 / Time: 4h:32m:25s (0h:19m:31s left)
Iteration 290 / LogL: -60745.057 / Time: 4h:39m:40s (0h:9m:40s left)
Iteration 300 / LogL: -60737.561 / Time: 4h:46m:35s (0h:0m:0s left)
Log-likelihood cutoff on original alignment: -60857.073
NOTE: Bootstrap correlation coefficient of split occurrence frequencies: 0.996
TREE SEARCH COMPLETED AFTER 300 ITERATIONS / Time: 4h:46m:37s

--------------------------------------------------------------------
|                    FINALIZING TREE SEARCH                        |
--------------------------------------------------------------------
Performs final model parameters optimization
Estimate model parameters (epsilon = 0.010)
1. Initial log-likelihood: -60728.418
Optimal log-likelihood: -60728.418
Site proportion and rates:  (0.097,0.096) (0.222,0.348) (0.304,0.788) (0.377,1.789)
Parameters optimization took 1 rounds (7.547 sec)
BEST SCORE FOUND : -60728.418
Empirical proportions for each category: 0.034 0.087 0.106 0.773
Site rates printed to /tmp/IQTREE/_ORuKUdtAw/iqt.rate

Testing tree branches by SH-like aLRT with 1000 replicates...
21.471 sec.
Creating bootstrap support values...
Split supports printed to NEXUS file /tmp/IQTREE/_ORuKUdtAw/iqt.splits.nex
Total tree length: 155.046

Total number of iterations: 300
CPU time used for tree search: 9396.341 sec (2h:36m:36s)
Wall-clock time used for tree search: 17078.584 sec (4h:44m:38s)
Total CPU time used: 9605.287 sec (2h:40m:5s)
Total wall-clock time used: 17227.788 sec (4h:47m:7s)

Computing bootstrap consensus tree...
Reading input file /tmp/IQTREE/_ORuKUdtAw/iqt.splits.nex...
227 taxa and 1903 splits.
Consensus tree written to /tmp/IQTREE/_ORuKUdtAw/iqt.contree
Reading input trees file /tmp/IQTREE/_ORuKUdtAw/iqt.contree
Log-likelihood of consensus tree: -60730.611

Analysis results written to: 
  IQ-TREE report:                /tmp/IQTREE/_ORuKUdtAw/iqt.iqtree
  Maximum-likelihood tree:       /tmp/IQTREE/_ORuKUdtAw/iqt.treefile
  Likelihood distances:          /tmp/IQTREE/_ORuKUdtAw/iqt.mldist
  Site-specific rates:           /tmp/IQTREE/_ORuKUdtAw/iqt.rate

Ultrafast bootstrap approximation results written to:
  Split support values:          /tmp/IQTREE/_ORuKUdtAw/iqt.splits.nex
  Consensus tree:                /tmp/IQTREE/_ORuKUdtAw/iqt.contree
  Screen log file:               /tmp/IQTREE/_ORuKUdtAw/iqt.log

Date and Time: Sun Mar  3 15:29:21 2024
