IQ-TREE multicore version 1.6.11 for Linux 64-bit built Jun  6 2019
Developed by Bui Quang Minh, Nguyen Lam Tung, Olga Chernomor,
Heiko Schmidt, Dominik Schrempf, Michael Woodhams.

Host:    92355f672ec4 (AVX2, FMA3, 125 GB RAM)
Command: /usr/local/iqtree/bin/iqtree -s /tmp/IQTREE/p2si6XaR1z/seqin.fst -st AA -pre /tmp/IQTREE/p2si6XaR1z/iqt -m LG+R4+FO -wsr -bb 1000 -alrt 1000 -pers 0.5 -numstop 100 -nt 3
Seed:    460644 (Using SPRNG - Scalable Parallel Random Number Generator)
Time:    Mon Mar  4 11:18:59 2024
Kernel:  AVX+FMA - 3 threads (24 CPU cores detected)

Reading alignment file /tmp/IQTREE/p2si6XaR1z/seqin.fst ... Fasta format detected
Alignment most likely contains protein sequences
WARNING: 6 sites contain only gaps or ambiguous characters.
Alignment has 278 sequences with 1763 columns, 1076 distinct patterns
289 parsimony-informative, 578 singleton sites, 896 constant sites
WARNING: Some sequence names are changed as follows:
CP@TRINITY_DN784_c3_g3__CP@TRINITY_DN784_c3_g3_i1__g.22096__m.22096_type_5prime_partial_len_202_gc_universal_CP@TRINITY_DN784_c3_g3_i1_1-606_+_ -> CP_TRINITY_DN784_c3_g3__CP_TRINITY_DN784_c3_g3_i1__g.22096__m.22096_type_5prime_partial_len_202_gc_universal_CP_TRINITY_DN784_c3_g3_i1_1-606___
CP@TRINITY_DN13250_c0_g1__CP@TRINITY_DN13250_c0_g1_i31__g.35911__m.35911_type_complete_len_190_gc_universal_CP@TRINITY_DN13250_c0_g1_i31_1322-753_-_ -> CP_TRINITY_DN13250_c0_g1__CP_TRINITY_DN13250_c0_g1_i31__g.35911__m.35911_type_complete_len_190_gc_universal_CP_TRINITY_DN13250_c0_g1_i31_1322-753_-_
CP@TRINITY_DN13250_c0_g1__CP@TRINITY_DN13250_c0_g1_i48__g.35924__m.35924_type_complete_len_190_gc_universal_CP@TRINITY_DN13250_c0_g1_i48_1714-2283_+_ -> CP_TRINITY_DN13250_c0_g1__CP_TRINITY_DN13250_c0_g1_i48__g.35924__m.35924_type_complete_len_190_gc_universal_CP_TRINITY_DN13250_c0_g1_i48_1714-2283___

                                                                                                                                                       Gap/Ambiguity  Composition  p-value
   1  Blasemer                                                                                                                                                89.22%    passed     57.45%
   2  Protlace                                                                                                                                                95.24%    passed     15.47%
   3  Tricvagi                                                                                                                                                89.00%    passed     24.22%
   4  Monoexil                                                                                                                                                89.22%    passed     40.44%
   5  Parapyri                                                                                                                                                89.22%    passed     61.14%
   6  TeloneP2                                                                                                                                                91.78%    passed     81.15%
   7  Telosubt                                                                                                                                                89.28%    passed     59.92%
   8  TeloneP1                                                                                                                                                91.26%    passed     56.60%
   9  Guilthet                                                                                                                                                89.05%    passed     61.70%
  10  Gemicryo                                                                                                                                                89.00%    passed     49.07%
  11  Hemirufe                                                                                                                                                87.29%    passed     68.74%
  12  Goniavon                                                                                                                                                87.63%    passed     99.28%
  13  Calclept                                                                                                                                                88.20%    passed     83.61%
  14  Phaeglob                                                                                                                                                89.17%    passed     74.25%
  15  Gephhuxl                                                                                                                                                89.17%    passed     76.63%
  16  Spirsalm                                                                                                                                                89.22%    passed     26.42%
  17  Galdphle                                                                                                                                                93.76%    passed     44.42%
  18  Gracchor                                                                                                                                                89.28%    passed     81.16%
  19  Pyroyezo                                                                                                                                                89.28%    passed     57.06%
  20  Porppurp                                                                                                                                                90.41%    passed     51.47%
  21  Styginca                                                                                                                                                89.05%    passed     28.00%
  22  Andagodo                                                                                                                                                89.17%    passed     67.75%
  23  Pyrapark                                                                                                                                                88.94%    passed     97.73%
  24  Mesoviri                                                                                                                                                89.05%    passed     56.79%
  25  Prascaps                                                                                                                                                89.05%    passed     57.59%
  26  Prassing                                                                                                                                                85.59%    passed     15.36%
  27  Arabthal                                                                                                                                                89.05%    passed     67.16%
  28  Charbrau                                                                                                                                                89.05%    passed     71.23%
  29  Chlovari                                                                                                                                                89.05%    passed     88.63%
  30  Chlarein                                                                                                                                                89.11%    passed     68.26%
  31  Dunasali                                                                                                                                                87.58%    passed     95.21%
  32  Tetrasti                                                                                                                                                89.11%    passed     91.67%
  33  Nephpyri                                                                                                                                                90.02%    passed     90.81%
  34  Coralima                                                                                                                                                89.17%    passed     95.23%
  35  Syssmult                                                                                                                                                86.90%    passed     64.22%
  36  Sphadest                                                                                                                                                89.17%    passed     71.92%
  37  Pigoviet                                                                                                                                                88.88%    passed     73.39%
  38  Capsowcz                                                                                                                                                89.17%    passed     87.78%
  39  Creofrag                                                                                                                                                89.17%    passed     88.68%
  40  Thectrah                                                                                                                                                89.11%    passed     64.83%
  41  Physpoly                                                                                                                                                89.17%    passed     73.23%
  42  Dictdisc                                                                                                                                                89.34%    passed     22.07%
  43  SpirCILI                                                                                                                                                88.88%    passed     64.88%
  44  Hemikukw                                                                                                                                                89.17%    passed     77.71%
  45  Protfung                                                                                                                                                83.89%    passed     58.53%
  46  Parasacc                                                                                                                                                83.72%    failed      0.40%
  47  Mitodaph                                                                                                                                                89.28%    passed     30.82%
  48  Sacccere                                                                                                                                                89.22%    passed     71.29%
  49  Rozeallo                                                                                                                                                89.90%    passed     44.56%
  50  Parvatla                                                                                                                                                87.86%    passed     84.18%
  51  Batrdend                                                                                                                                                89.22%    passed     71.50%
  52  AcanthFB                                                                                                                                                93.65%    passed     81.54%
  53  Rainerin                                                                                                                                                93.14%    passed     92.42%
  54  ChoanoFB                                                                                                                                                88.09%    passed     92.62%
  55  Raphhete                                                                                                                                                89.79%    passed     73.79%
  56  Monobrev                                                                                                                                                89.05%    passed     65.58%
  57  Nemavect                                                                                                                                                89.11%    passed     83.05%
  58  Homosapi                                                                                                                                                88.77%    passed     79.18%
  59  Aurisoli                                                                                                                                                88.88%    passed     42.30%
  60  Naeggrub                                                                                                                                                89.05%    passed     37.74%
  61  Leptpyrr                                                                                                                                                88.88%    passed     54.48%
  62  Leismajo                                                                                                                                                88.94%    passed     57.63%
  63  Trypbruc                                                                                                                                                89.00%    passed     60.66%
  64  Paraconf                                                                                                                                                89.00%    passed     53.94%
  65  Stichzan                                                                                                                                                90.64%    failed      2.52%
  66  Lapoguse                                                                                                                                                89.17%    passed     34.86%
  67  Paulchro                                                                                                                                                87.52%    passed     58.84%
  68  Leptvora                                                                                                                                                88.49%    passed     87.87%
  69  Plasbras                                                                                                                                                89.34%    passed     78.25%
  70  Retifilo                                                                                                                                                87.86%    passed     29.31%
  71  Sori0191                                                                                                                                                89.17%    failed      4.84%
  72  Ammo1384                                                                                                                                                87.07%    passed     77.16%
  73  Thalpseu                                                                                                                                                89.11%    passed     49.71%
  74  ChrysoH2                                                                                                                                                89.05%    passed     30.64%
  75  EctocSP7                                                                                                                                                89.17%    passed     73.34%
  76  Phytpara                                                                                                                                                89.17%    passed     13.01%
  77  MAST003A                                                                                                                                                90.07%    passed      7.14%
  78  BicoCB20                                                                                                                                                89.05%    passed     25.16%
  79  Platmacr                                                                                                                                                89.11%    passed     17.39%
  80  Tetrther                                                                                                                                                89.11%    failed      0.86%
  81  Ichtmult                                                                                                                                                89.11%    passed     41.12%
  82  Protadhe                                                                                                                                                93.65%    passed     78.02%
  83  Styllemn                                                                                                                                                68.01%    failed      0.00%
  84  Symbmicr                                                                                                                                                71.92%    failed      0.00%
  85  AmoeALEX                                                                                                                                                87.98%    passed     86.58%
  86  HemaVICK                                                                                                                                                87.98%    passed     88.44%
  87  Noctscin                                                                                                                                                89.05%    passed     92.96%
  88  Alphedax                                                                                                                                                90.98%    passed     61.59%
  89  Plasfalc                                                                                                                                                89.11%    passed     55.26%
  90  Vitrbras                                                                                                                                                89.11%    passed     74.80%
  91  Gregniph                                                                                                                                                89.28%    passed     84.70%
  92  Stencoer                                                                                                                                                89.17%    passed     83.89%
  93  Eimebrun                                                                                                                                                96.26%    passed     66.06%
  94  Oxyrmari                                                                                                                                                87.92%    passed     54.49%
  95  Colpangu                                                                                                                                                89.22%    passed     30.87%
  96  Roomtrun                                                                                                                                                88.60%    passed     75.77%
  97  Vannfimi                                                                                                                                                89.22%    passed     54.04%
  98  Neobdesi                                                                                                                                                89.00%    passed     67.82%
  99  Flecnera                                                                                                                                                87.98%    failed      3.77%
 100  Diplambu                                                                                                                                                89.00%    passed     73.68%
 101  Ancytwis                                                                                                                                                89.11%    passed     93.37%
 102  Idiovort                                                                                                                                                89.17%    passed     69.68%
 103  Pavl2436                                                                                                                                                89.17%    passed     69.03%
 104  Prymparv                                                                                                                                                88.77%    passed     46.77%
 105  Prympoly                                                                                                                                                83.49%    passed      5.83%
 106  Chryrota                                                                                                                                                84.23%    failed      2.30%
 107  Chrycart                                                                                                                                                81.79%    passed     11.57%
 108  Tisolute                                                                                                                                                84.23%    passed     43.34%
 109  Haloseos                                                                                                                                                89.22%    passed     60.61%
 110  Cyanmero                                                                                                                                                88.94%    passed     52.84%
 111  Galdsulp                                                                                                                                                89.34%    passed     55.82%
 112  Porpumbi                                                                                                                                                85.88%    passed     14.50%
 113  Porpaeru                                                                                                                                                89.34%    passed     88.95%
 114  Rhodmacu                                                                                                                                                89.17%    passed     92.75%
 115  Cerakond                                                                                                                                                89.34%    passed     50.23%
 116  Choncris                                                                                                                                                89.28%    passed     63.69%
 117  Gloewitr                                                                                                                                                88.26%    passed     89.78%
 118  Cyanpara                                                                                                                                                89.11%    passed     88.38%
 119  Glauincr                                                                                                                                                87.86%    passed     58.76%
 120  Rhodemar                                                                                                                                                89.11%    passed     92.38%
 121  Rhodlimn                                                                                                                                                89.17%    passed     82.36%
 122  Volvcart                                                                                                                                                89.11%    passed     82.90%
 123  Picosali                                                                                                                                                68.69%    failed      0.00%
 124  Micrpusl                                                                                                                                                89.05%    passed     98.15%
 125  Ostrtaur                                                                                                                                                89.05%    passed     99.34%
 126  Oryzsati                                                                                                                                                89.05%    passed     44.26%
 127  Physpate                                                                                                                                                89.05%    passed     40.44%
 128  Palpbili                                                                                                                                                88.94%    passed     41.49%
 129  Caferoen                                                                                                                                                57.23%    failed      0.00%
 130  Cryppara                                                                                                                                                89.00%    passed     62.09%
 131  Bafffrig                                                                                                                                                89.00%    passed     41.82%
 132  Rhodsali                                                                                                                                                89.00%    passed     84.54%
 133  Chatsubs                                                                                                                                                89.17%    passed     59.96%
 134  Gromspha                                                                                                                                                94.04%    passed     19.31%
 135  Chlorept                                                                                                                                                89.22%    passed     63.43%
 136  Brevmoto                                                                                                                                                88.03%    failed      0.22%
 137  MatazaD1                                                                                                                                                89.17%    passed     72.60%
 138  Cantmars                                                                                                                                                89.11%    passed     21.61%
 139  BlasS7SB                                                                                                                                                89.22%    passed     32.59%
 140  Deveeleg                                                                                                                                                89.11%    failed      2.47%
 141  Pythirre                                                                                                                                                89.17%    passed     13.24%
 142  Saprdecl                                                                                                                                                88.15%    passed      6.56%
 143  Phaetric                                                                                                                                                89.11%    passed     80.70%
 144  Fragcyli                                                                                                                                                89.05%    passed     49.19%
 145  Psuemult                                                                                                                                                89.17%    passed     83.12%
 146  Tripeleu                                                                                                                                                89.11%    passed     88.11%
 147  Pseuelas                                                                                                                                                89.22%    passed     45.62%
 148  Pedi2098                                                                                                                                                87.41%    passed     26.81%
 149  Rhiz1243                                                                                                                                                87.92%    passed     75.97%
 150  Flor1587                                                                                                                                                80.20%    failed      0.00%
 151  Octaspec                                                                                                                                                88.20%    passed     48.22%
 152  Fibrjapo                                                                                                                                                89.11%    passed     52.11%
 153  Heteakas                                                                                                                                                87.98%    passed     47.95%
 154  Fucucera                                                                                                                                                85.99%    passed     96.87%
 155  Agarclat                                                                                                                                                89.17%    passed     70.00%
 156  Tribgaya                                                                                                                                                89.22%    passed     50.58%
 157  Syncpusi                                                                                                                                                87.92%    passed     37.64%
 158  Pedoelon                                                                                                                                                89.11%    passed     59.41%
 159  Ochr2298                                                                                                                                                86.90%    passed     22.28%
 160  Dino2267                                                                                                                                                88.15%    passed     53.45%
 161  Mallmari                                                                                                                                                89.39%    passed     59.45%
 162  Aurelagu                                                                                                                                                88.94%    passed     64.60%
 163  Chryfrag                                                                                                                                                87.98%    passed     75.73%
 164  Pelacalc                                                                                                                                                89.00%    passed     85.41%
 165  Aureanop                                                                                                                                                89.00%    passed     41.49%
 166  Pelasubv                                                                                                                                                86.90%    passed      8.94%
 167  Pela2097                                                                                                                                                85.54%    passed     73.25%
 168  Paheparv                                                                                                                                                64.15%    failed      0.00%
 169  Pingpyre                                                                                                                                                77.82%    failed      0.00%
 170  Micrgadi                                                                                                                                                88.54%    passed     84.27%
 171  Auralima                                                                                                                                                89.11%    passed     62.09%
 172  ThraLLF1                                                                                                                                                89.11%    passed     52.76%
 173  Schiaggr                                                                                                                                                89.11%    passed     48.89%
 174  Aplakerg                                                                                                                                                89.17%    passed     85.88%
 175  Wobbluna                                                                                                                                                85.31%    passed     47.03%
 176  PlacCLAB                                                                                                                                                89.11%    passed     57.20%
 177  Chroveli                                                                                                                                                89.17%    passed     84.25%
 178  Toxogond                                                                                                                                                89.11%    passed     89.90%
 179  Crypparv                                                                                                                                                88.03%    passed     32.77%
 180  Platviva                                                                                                                                                88.66%    passed     93.89%
 181  Pirisoci                                                                                                                                                89.11%    passed     62.90%
 182  Karebrev                                                                                                                                                89.05%    passed     83.52%
 183  Perkmari                                                                                                                                                88.71%    passed     92.82%
 184  Bigenata                                                                                                                                                89.22%    passed     45.66%
 185  Lenilimo                                                                                                                                                92.06%    passed     90.50%
 186  Coprprot                                                                                                                                                88.66%    passed     96.55%
 187  Amoeprot                                                                                                                                                88.37%    passed     79.32%
 188  Arcevulg                                                                                                                                                88.83%    passed     80.33%
 189  NolaAFSM                                                                                                                                                87.92%    passed     64.21%
 190  Echiexud                                                                                                                                                89.34%    passed     96.44%
 191  MicrA134                                                                                                                                                89.34%    passed     93.41%
 192  Vermverm                                                                                                                                                89.17%    passed     78.69%
 193  Ancysigm                                                                                                                                                87.07%    passed     13.88%
 194  Nutohowe                                                                                                                                                92.68%    passed     13.78%
 195  Nutolong                                                                                                                                                86.95%    passed     42.70%
 196  Fabotrop                                                                                                                                                89.17%    passed     70.89%
 197  Trimmari                                                                                                                                                88.37%    passed     17.74%
 198  Giarlamb                                                                                                                                                89.17%    passed     23.34%
 199  Ergocypr                                                                                                                                                87.24%    passed     71.30%
 200  Adunpalu                                                                                                                                                89.17%    passed     49.18%
 201  Pygsbifo                                                                                                                                                89.22%    passed     88.52%
 202  Brevanat                                                                                                                                                90.58%    passed     88.50%
 203  Rigiramo                                                                                                                                                88.32%    passed     91.71%
 204  Diphrota                                                                                                                                                89.11%    passed     90.81%
 205  Hetepall                                                                                                                                                89.22%    passed     75.70%
 206  Phalsoli                                                                                                                                                87.01%    passed     98.95%
 207  Soliirre                                                                                                                                                89.17%    passed     71.50%
 208  Filanola                                                                                                                                                92.29%    passed     42.41%
 209  Cavoapop                                                                                                                                                89.22%    passed     50.37%
 210  Schivulg                                                                                                                                                89.22%    passed     58.01%
 211  Paralevi                                                                                                                                                87.80%    passed     91.26%
 212  ThecSK13                                                                                                                                                88.83%    passed     50.77%
 213  Sapppeda                                                                                                                                                88.03%    passed     89.03%
 214  Stensten                                                                                                                                                89.34%    passed     75.27%
 215  Veximinu                                                                                                                                                89.28%    passed     76.35%
 216  Echibisp                                                                                                                                                90.87%    passed     75.99%
 217  Rhizelon                                                                                                                                                87.80%    failed      1.07%
 218  Masteilh                                                                                                                                                89.22%    passed     88.42%
 219  Sapochin                                                                                                                                                89.28%    passed     79.29%
 220  Squajapo                                                                                                                                                87.92%    passed     82.11%
 221  Armalang                                                                                                                                                92.40%    passed     26.57%
 222  Mancberm                                                                                                                                                89.11%    passed     59.79%
 223  Thecoxon                                                                                                                                                92.57%    passed     86.91%
 224  Amphquee                                                                                                                                                91.26%    passed     57.05%
 225  Gallgall                                                                                                                                                88.77%    passed     90.56%
 226  Branflor                                                                                                                                                89.62%    passed     63.54%
 227  Aplycali                                                                                                                                                89.05%    passed     87.97%
 228  Taensoli                                                                                                                                                88.71%    passed     98.42%
 229  Schimans                                                                                                                                                88.71%    passed     86.44%
 230  Tricadha                                                                                                                                                89.05%    passed     93.75%
 231  Apismell                                                                                                                                                89.05%    passed     90.07%
 232  Drosmela                                                                                                                                                89.05%    passed     64.64%
 233  Mnemleid                                                                                                                                                89.05%    passed     31.09%
 234  Caeneleg                                                                                                                                                89.05%    passed     76.05%
 235  Salprose                                                                                                                                                89.11%    passed     24.89%
 236  Amoepara                                                                                                                                                89.11%    passed     87.14%
 237  Sphaarct                                                                                                                                                92.74%    passed     63.75%
 238  Minivibr                                                                                                                                                89.05%    passed     85.22%
 239  Mayocant                                                                                                                                                87.80%    passed     39.86%
 240  Ovaldese                                                                                                                                                88.49%    passed     12.01%
 241  HeterBB2                                                                                                                                                93.93%    passed     85.02%
 242  Multmedi                                                                                                                                                91.21%    passed     28.08%
 243  Bodosalt                                                                                                                                                88.94%    passed     30.85%
 244  Eutrgymn                                                                                                                                                89.00%    passed     35.66%
 245  Euglgrac                                                                                                                                                88.88%    passed     66.49%
 246  Eugllong                                                                                                                                                87.41%    passed     88.68%
 247  Mantplas                                                                                                                                                88.60%    passed     21.90%
 248  Pharkirb                                                                                                                                                88.26%    passed     71.04%
 249  Jakolibe                                                                                                                                                86.50%    passed     37.09%
 250  Reclamer                                                                                                                                                89.28%    passed     69.10%
 251  Tsukglob                                                                                                                                                91.26%    passed     78.87%
 252  Guttvulg                                                                                                                                                89.05%    passed     91.04%
 253  Dracjorm                                                                                                                                                88.54%    passed     42.69%
 254  Pellcata                                                                                                                                                90.30%    passed     65.79%
 255  Endozona                                                                                                                                                87.52%    passed     52.24%
 256  Gocefonb                                                                                                                                                89.00%    passed     56.21%
 257  Luaphula                                                                                                                                                86.95%    passed     74.35%
 258  Carpmemb                                                                                                                                                88.60%    passed     92.20%
 259  Gefiokel                                                                                                                                                88.09%    passed     69.60%
 260  Malajako                                                                                                                                                88.20%    passed     69.22%
 261  Cochminu                                                                                                                                                89.22%    passed     76.29%
 262  Fontalba                                                                                                                                                89.34%    passed     41.75%
 263  Rhizdele                                                                                                                                                89.28%    passed     79.32%
 264  Schizpom                                                                                                                                                89.22%    passed     89.26%
 265  Debahans                                                                                                                                                89.22%    passed     64.80%
 266  Neurcras                                                                                                                                                89.28%    passed     79.53%
 267  Aspefumi                                                                                                                                                89.28%    passed     94.65%
 268  Ustimayd                                                                                                                                                89.28%    passed     63.83%
 269  Coprcine                                                                                                                                                89.05%    passed     89.67%
 270  Spizpunc                                                                                                                                                89.22%    passed     88.74%
 271  Blasbrit                                                                                                                                                89.22%    passed     59.76%
 272  Allomacr                                                                                                                                                89.17%    passed     51.43%
 273  Acancast                                                                                                                                                88.94%    passed     76.75%
 274  Paratetr                                                                                                                                                89.11%    passed     32.86%
 275  Alexminu                                                                                                                                                86.84%    passed      5.91%
 276  CP_TRINITY_DN784_c3_g3__CP_TRINITY_DN784_c3_g3_i1__g.22096__m.22096_type_5prime_partial_len_202_gc_universal_CP_TRINITY_DN784_c3_g3_i1_1-606___         88.60%    passed     83.64%
 277  CP_TRINITY_DN13250_c0_g1__CP_TRINITY_DN13250_c0_g1_i31__g.35911__m.35911_type_complete_len_190_gc_universal_CP_TRINITY_DN13250_c0_g1_i31_1322-753_-_    89.28%    passed     65.06%
 278  CP_TRINITY_DN13250_c0_g1__CP_TRINITY_DN13250_c0_g1_i48__g.35924__m.35924_type_complete_len_190_gc_universal_CP_TRINITY_DN13250_c0_g1_i48_1714-2283___   89.28%    passed     65.06%
WARNING: 278 sequences contain more than 50% gaps/ambiguity
****  TOTAL                                                                                                                                                   88.48%  16 sequences failed composition chi2 test (p-value<5%; df=19)
NOTE: CP_TRINITY_DN13250_c0_g1__CP_TRINITY_DN13250_c0_g1_i48__g.35924__m.35924_type_complete_len_190_gc_universal_CP_TRINITY_DN13250_c0_g1_i48_1714-2283___ is identical to CP_TRINITY_DN13250_c0_g1__CP_TRINITY_DN13250_c0_g1_i31__g.35911__m.35911_type_complete_len_190_gc_universal_CP_TRINITY_DN13250_c0_g1_i31_1322-753_-_ but kept for subsequent analysis

Create initial parsimony tree by phylogenetic likelihood library (PLL)... 0.160 seconds
Generating 1000 samples for ultrafast bootstrap (seed: 460644)...

NOTE: 192 MB RAM (0 GB) is required!
Estimate model parameters (epsilon = 0.100)
1. Initial log-likelihood: -67492.040
2. Current log-likelihood: -58009.454
3. Current log-likelihood: -57935.140
4. Current log-likelihood: -57933.503
5. Current log-likelihood: -57933.174
Optimal log-likelihood: -57933.099
Site proportion and rates:  (0.126,0.087) (0.152,0.303) (0.234,0.679) (0.488,1.606)
Parameters optimization took 5 rounds (319.794 sec)
Computing ML distances based on estimated model parameters... 36.160 sec
WARNING: Some pairwise ML distances are too long (saturated)
Computing BIONJ tree...
0.042 seconds
Log-likelihood of BIONJ tree: -57792.574
--------------------------------------------------------------------
|             INITIALIZING CANDIDATE TREE SET                      |
--------------------------------------------------------------------
Generating 98 parsimony trees... 29.810 second
Computing log-likelihood of 98 initial trees ... 515.769 seconds
Current best score: -57792.574

Do NNI search on 20 best initial trees
Estimate model parameters (epsilon = 0.100)
BETTER TREE FOUND at iteration 1: -57527.899
Iteration 10 / LogL: -57611.114 / Time: 0h:33m:13s
Iteration 20 / LogL: -57668.412 / Time: 0h:44m:39s
Finish initializing candidate tree set (20)
Current best tree score: -57527.899 / CPU time: 2301.795
Number of iterations: 20
--------------------------------------------------------------------
|               OPTIMIZING CANDIDATE TREE SET                      |
--------------------------------------------------------------------
Estimate model parameters (epsilon = 0.100)
BETTER TREE FOUND at iteration 22: -57494.748
Estimate model parameters (epsilon = 0.100)
BETTER TREE FOUND at iteration 24: -57465.170
Estimate model parameters (epsilon = 0.100)
BETTER TREE FOUND at iteration 28: -57456.956
Iteration 30 / LogL: -57505.336 / Time: 1h:21m:0s (4h:33m:45s left)
Estimate model parameters (epsilon = 0.100)
BETTER TREE FOUND at iteration 34: -57446.309
Estimate model parameters (epsilon = 0.100)
BETTER TREE FOUND at iteration 40: -57402.366
Iteration 40 / LogL: -57402.366 / Time: 1h:38m:51s (4h:13m:29s left)
Iteration 50 / LogL: -57439.528 / Time: 1h:50m:47s (3h:23m:28s left)
Log-likelihood cutoff on original alignment: -57613.218
Estimate model parameters (epsilon = 0.100)
BETTER TREE FOUND at iteration 59: -57393.264
Iteration 60 / LogL: -57414.525 / Time: 2h:7m:9s (3h:33m:21s left)
Iteration 70 / LogL: -57414.867 / Time: 2h:28m:46s (3h:11m:53s left)
Iteration 80 / LogL: -57400.180 / Time: 2h:51m:48s (2h:51m:47s left)
Iteration 90 / LogL: -57415.250 / Time: 3h:10m:24s (2h:27m:36s left)
Estimate model parameters (epsilon = 0.100)
BETTER TREE FOUND at iteration 94: -57391.973
Estimate model parameters (epsilon = 0.100)
BETTER TREE FOUND at iteration 99: -57388.239
Iteration 100 / LogL: -57402.918 / Time: 3h:32m:49s (3h:32m:49s left)
Log-likelihood cutoff on original alignment: -57592.659
NOTE: Bootstrap correlation coefficient of split occurrence frequencies: 0.942
NOTE: UFBoot does not converge, continue at least 100 more iterations
Estimate model parameters (epsilon = 0.100)
BETTER TREE FOUND at iteration 101: -57385.244
Estimate model parameters (epsilon = 0.100)
BETTER TREE FOUND at iteration 108: -57383.491
Iteration 110 / LogL: -57407.259 / Time: 3h:51m:39s (3h:28m:16s left)
Estimate model parameters (epsilon = 0.100)
BETTER TREE FOUND at iteration 115: -57377.643
Iteration 120 / LogL: -57390.534 / Time: 4h:7m:31s (3h:17m:35s left)
Iteration 130 / LogL: -57436.272 / Time: 4h:20m:43s (2h:51m:47s left)
Estimate model parameters (epsilon = 0.100)
BETTER TREE FOUND at iteration 135: -57374.404
Iteration 140 / LogL: -57382.753 / Time: 4h:35m:27s (3h:8m:15s left)
Estimate model parameters (epsilon = 0.100)
BETTER TREE FOUND at iteration 146: -57372.193
Iteration 150 / LogL: -57379.866 / Time: 4h:49m:4s (3h:6m:14s left)
Log-likelihood cutoff on original alignment: -57592.659
Estimate model parameters (epsilon = 0.100)
BETTER TREE FOUND at iteration 153: -57370.418
Iteration 160 / LogL: -57380.050 / Time: 5h:2m:17s (2h:56m:48s left)
Estimate model parameters (epsilon = 0.100)
BETTER TREE FOUND at iteration 166: -57364.975
Iteration 170 / LogL: -57374.999 / Time: 5h:17m:6s (3h:0m:8s left)
Estimate model parameters (epsilon = 0.100)
BETTER TREE FOUND at iteration 176: -57362.034
Iteration 180 / LogL: -57373.738 / Time: 5h:29m:15s (2h:56m:35s left)
Iteration 190 / LogL: -57366.996 / Time: 5h:38m:38s (2h:34m:5s left)
Iteration 200 / LogL: -57410.465 / Time: 5h:47m:23s (2h:12m:40s left)
Log-likelihood cutoff on original alignment: -57521.354
NOTE: Bootstrap correlation coefficient of split occurrence frequencies: 0.915
NOTE: UFBoot does not converge, continue at least 100 more iterations
Iteration 210 / LogL: -57367.635 / Time: 5h:57m:4s (2h:33m:45s left)
Iteration 220 / LogL: -57422.132 / Time: 6h:6m:46s (2h:13m:58s left)
Iteration 230 / LogL: -57379.656 / Time: 6h:15m:40s (1h:54m:50s left)
Estimate model parameters (epsilon = 0.100)
BETTER TREE FOUND at iteration 239: -57359.605
Iteration 240 / LogL: -57403.884 / Time: 6h:27m:17s (2h:40m:25s left)
Iteration 250 / LogL: -57366.499 / Time: 6h:36m:46s (2h:21m:49s left)
Log-likelihood cutoff on original alignment: -57474.700
Iteration 260 / LogL: -57371.406 / Time: 6h:46m:37s (2h:4m:1s left)
Iteration 270 / LogL: -57370.370 / Time: 6h:55m:27s (1h:46m:33s left)
Iteration 280 / LogL: -57375.139 / Time: 7h:4m:18s (1h:29m:43s left)
Iteration 290 / LogL: -57364.649 / Time: 7h:12m:51s (1h:13m:23s left)
Iteration 300 / LogL: -57371.413 / Time: 7h:21m:19s (0h:57m:33s left)
Log-likelihood cutoff on original alignment: -57474.700
NOTE: Bootstrap correlation coefficient of split occurrence frequencies: 0.958
NOTE: UFBoot does not converge, continue at least 100 more iterations
Iteration 310 / LogL: -57543.613 / Time: 7h:30m:7s (2h:11m:6s left)
Estimate model parameters (epsilon = 0.100)
BETTER TREE FOUND at iteration 312: -57357.312
Iteration 320 / LogL: -57362.231 / Time: 7h:40m:0s (2h:12m:39s left)
Iteration 330 / LogL: -57360.449 / Time: 7h:48m:22s (1h:56m:44s left)
Iteration 340 / LogL: -57360.902 / Time: 7h:55m:59s (1h:41m:5s left)
Iteration 350 / LogL: -57379.749 / Time: 8h:4m:46s (1h:26m:7s left)
Log-likelihood cutoff on original alignment: -57474.700
Iteration 360 / LogL: -57375.403 / Time: 8h:13m:59s (1h:11m:33s left)
Iteration 370 / LogL: -57390.586 / Time: 8h:23m:10s (0h:57m:16s left)
Iteration 380 / LogL: -57370.131 / Time: 8h:31m:24s (0h:43m:10s left)
Estimate model parameters (epsilon = 0.100)
BETTER TREE FOUND at iteration 383: -57356.187
Iteration 390 / LogL: -57364.111 / Time: 8h:41m:4s (2h:4m:34s left)
Iteration 400 / LogL: -57363.491 / Time: 8h:48m:54s (1h:50m:1s left)
Log-likelihood cutoff on original alignment: -57473.931
NOTE: Bootstrap correlation coefficient of split occurrence frequencies: 0.985
NOTE: UFBoot does not converge, continue at least 100 more iterations
Iteration 410 / LogL: -57361.725 / Time: 8h:56m:29s (1h:58m:3s left)
Iteration 420 / LogL: -57361.924 / Time: 9h:3m:46s (1h:43m:49s left)
Estimate model parameters (epsilon = 0.100)
BETTER TREE FOUND at iteration 424: -57354.099
Iteration 430 / LogL: -57382.033 / Time: 9h:12m:46s (2h:1m:7s left)
Estimate model parameters (epsilon = 0.100)
BETTER TREE FOUND at iteration 436: -57352.637
Iteration 440 / LogL: -57385.713 / Time: 9h:21m:41s (2h:2m:49s left)
Iteration 450 / LogL: -57366.196 / Time: 9h:28m:40s (1h:48m:55s left)
Log-likelihood cutoff on original alignment: -57473.931
Iteration 460 / LogL: -57367.666 / Time: 9h:35m:30s (1h:35m:17s left)
Iteration 470 / LogL: -57370.204 / Time: 9h:41m:42s (1h:21m:51s left)
Iteration 480 / LogL: -57382.723 / Time: 9h:48m:2s (1h:8m:44s left)
Iteration 490 / LogL: -57356.488 / Time: 9h:54m:53s (0h:55m:57s left)
Estimate model parameters (epsilon = 0.100)
BETTER TREE FOUND at iteration 498: -57352.070
Iteration 500 / LogL: -57375.737 / Time: 10h:2m:32s (1h:58m:20s left)
Log-likelihood cutoff on original alignment: -57473.931
NOTE: Bootstrap correlation coefficient of split occurrence frequencies: 0.984
NOTE: UFBoot does not converge, continue at least 100 more iterations
Estimate model parameters (epsilon = 0.100)
BETTER TREE FOUND at iteration 504: -57351.195
Iteration 510 / LogL: -57366.564 / Time: 10h:10m:6s (1h:52m:40s left)
Iteration 520 / LogL: -57376.017 / Time: 10h:16m:57s (1h:39m:51s left)
Iteration 530 / LogL: -57373.706 / Time: 10h:23m:7s (1h:27m:9s left)
Iteration 540 / LogL: -57385.203 / Time: 10h:30m:5s (1h:14m:48s left)
Iteration 550 / LogL: -57352.927 / Time: 10h:36m:43s (1h:2m:37s left)
Log-likelihood cutoff on original alignment: -57473.931
Estimate model parameters (epsilon = 0.100)
BETTER TREE FOUND at iteration 551: -57349.824
Iteration 560 / LogL: -57350.158 / Time: 10h:43m:35s (1h:44m:46s left)
Iteration 570 / LogL: -57358.191 / Time: 10h:49m:19s (1h:32m:25s left)
Estimate model parameters (epsilon = 0.100)
BETTER TREE FOUND at iteration 580: -57347.591
Iteration 580 / LogL: -57347.591 / Time: 10h:56m:14s (1h:53m:20s left)
Iteration 590 / LogL: -57389.786 / Time: 11h:1m:48s (1h:41m:7s left)
Iteration 600 / LogL: -57370.221 / Time: 11h:6m:50s (1h:29m:3s left)
Log-likelihood cutoff on original alignment: -57473.931
NOTE: Bootstrap correlation coefficient of split occurrence frequencies: 0.977
NOTE: UFBoot does not converge, continue at least 100 more iterations
Iteration 610 / LogL: -57368.805 / Time: 11h:11m:45s (1h:39m:16s left)
Iteration 620 / LogL: -57358.068 / Time: 11h:15m:41s (1h:27m:19s left)
Iteration 630 / LogL: -57369.041 / Time: 11h:19m:35s (1h:15m:37s left)
Iteration 640 / LogL: -57359.077 / Time: 11h:23m:17s (1h:4m:9s left)
Iteration 650 / LogL: -57348.901 / Time: 11h:27m:42s (0h:52m:58s left)
Log-likelihood cutoff on original alignment: -57473.931
Iteration 660 / LogL: -57362.145 / Time: 11h:31m:48s (0h:41m:59s left)
Iteration 670 / LogL: -57349.339 / Time: 11h:35m:30s (0h:31m:11s left)
Iteration 680 / LogL: -57367.934 / Time: 11h:39m:16s (0h:20m:35s left)
Iteration 690 / LogL: -57350.900 / Time: 11h:43m:3s (0h:10m:12s left)
Estimate model parameters (epsilon = 0.100)
BETTER TREE FOUND at iteration 691: -57347.336
Iteration 700 / LogL: -57390.984 / Time: 11h:47m:56s (1h:32m:9s left)
Log-likelihood cutoff on original alignment: -57473.931
NOTE: Bootstrap correlation coefficient of split occurrence frequencies: 0.975
NOTE: UFBoot does not converge, continue at least 100 more iterations
Iteration 710 / LogL: -57354.177 / Time: 11h:51m:30s (1h:30m:19s left)
Iteration 720 / LogL: -57361.204 / Time: 11h:54m:40s (1h:19m:31s left)
Iteration 730 / LogL: -57351.636 / Time: 11h:57m:24s (1h:8m:53s left)
Iteration 740 / LogL: -57356.998 / Time: 11h:59m:27s (0h:58m:24s left)
Iteration 750 / LogL: -57360.784 / Time: 12h:1m:45s (0h:48m:10s left)
Log-likelihood cutoff on original alignment: -57473.931
Iteration 760 / LogL: -57388.368 / Time: 12h:4m:12s (0h:38m:9s left)
Iteration 770 / LogL: -57395.406 / Time: 12h:6m:7s (0h:28m:19s left)
Iteration 780 / LogL: -57358.703 / Time: 12h:7m:41s (0h:18m:40s left)
Iteration 790 / LogL: -57359.832 / Time: 12h:8m:57s (0h:9m:14s left)
Iteration 800 / LogL: -57350.578 / Time: 12h:10m:32s (0h:0m:0s left)
Log-likelihood cutoff on original alignment: -57473.931
NOTE: Bootstrap correlation coefficient of split occurrence frequencies: 0.972
NOTE: UFBoot does not converge, continue at least 100 more iterations
Iteration 810 / LogL: -57352.994 / Time: 12h:11m:55s (1h:21m:25s left)
Iteration 820 / LogL: -57397.526 / Time: 12h:13m:12s (1h:11m:37s left)
Iteration 830 / LogL: -57358.945 / Time: 12h:14m:14s (1h:1m:59s left)
Iteration 840 / LogL: -57477.977 / Time: 12h:15m:23s (0h:52m:35s left)
Estimate model parameters (epsilon = 0.100)
BETTER TREE FOUND at iteration 843: -57347.026
Iteration 850 / LogL: -57358.910 / Time: 12h:16m:46s (1h:20m:42s left)
Log-likelihood cutoff on original alignment: -57473.931
Iteration 860 / LogL: -57388.994 / Time: 12h:17m:37s (1h:11m:16s left)
Iteration 870 / LogL: -57351.739 / Time: 12h:18m:27s (1h:2m:1s left)
Iteration 880 / LogL: -57359.976 / Time: 12h:19m:18s (0h:52m:59s left)
Iteration 890 / LogL: -57354.086 / Time: 12h:20m:7s (0h:44m:7s left)
Iteration 900 / LogL: -57381.998 / Time: 12h:20m:56s (0h:35m:26s left)
Log-likelihood cutoff on original alignment: -57473.931
NOTE: Bootstrap correlation coefficient of split occurrence frequencies: 0.974
NOTE: UFBoot does not converge, continue at least 100 more iterations
Iteration 910 / LogL: -57383.177 / Time: 12h:21m:48s (1h:13m:26s left)
Iteration 920 / LogL: -57367.124 / Time: 12h:22m:38s (1h:4m:38s left)
Iteration 930 / LogL: -57381.735 / Time: 12h:23m:29s (0h:56m:1s left)
Iteration 940 / LogL: -57362.050 / Time: 12h:24m:18s (0h:47m:33s left)
Estimate model parameters (epsilon = 0.100)
BETTER TREE FOUND at iteration 941: -57346.709
Iteration 950 / LogL: -57368.473 / Time: 12h:25m:20s (1h:11m:28s left)
Log-likelihood cutoff on original alignment: -57473.931
Iteration 960 / LogL: -57395.656 / Time: 12h:26m:8s (1h:3m:1s left)
Iteration 970 / LogL: -57356.128 / Time: 12h:26m:59s (0h:54m:43s left)
Iteration 980 / LogL: -57367.115 / Time: 12h:27m:48s (0h:46m:35s left)
Estimate model parameters (epsilon = 0.100)
BETTER TREE FOUND at iteration 982: -57345.639
Iteration 990 / LogL: -57351.515 / Time: 12h:28m:58s (1h:9m:40s left)
Estimate model parameters (epsilon = 0.100)
BETTER TREE FOUND at iteration 991: -57343.223
Iteration 1000 / LogL: -57367.760 / Time: 12h:29m:56s (1h:8m:18s left)
Log-likelihood cutoff on original alignment: -57473.931
NOTE: Bootstrap correlation coefficient of split occurrence frequencies: 0.978
NOTE: UFBoot does not converge, continue at least 100 more iterations
WARNING: bootstrap analysis did not converge. You should rerun with higher number of iterations (-nm option)
TREE SEARCH COMPLETED AFTER 1001 ITERATIONS / Time: 12h:30m:2s

--------------------------------------------------------------------
|                    FINALIZING TREE SEARCH                        |
--------------------------------------------------------------------
Performs final model parameters optimization
Estimate model parameters (epsilon = 0.010)
1. Initial log-likelihood: -57343.223
Optimal log-likelihood: -57343.221
Site proportion and rates:  (0.096,0.041) (0.157,0.236) (0.252,0.610) (0.494,1.628)
Parameters optimization took 1 rounds (2.824 sec)
BEST SCORE FOUND : -57343.221
Empirical proportions for each category: 0.058 0.065 0.070 0.807
Site rates printed to /tmp/IQTREE/p2si6XaR1z/iqt.rate

Testing tree branches by SH-like aLRT with 1000 replicates...
Alternative NNI shows better log-likelihood -57343.188 > -57343.221
Alternative NNI shows better log-likelihood -57343.014 > -57343.221
Alternative NNI shows better log-likelihood -57342.786 > -57343.221
Alternative NNI shows better log-likelihood -57342.781 > -57343.221
4.044 sec.
Creating bootstrap support values...
Split supports printed to NEXUS file /tmp/IQTREE/p2si6XaR1z/iqt.splits.nex
Total tree length: 149.149

Total number of iterations: 1001
CPU time used for tree search: 35087.012 sec (9h:44m:47s)
Wall-clock time used for tree search: 44624.434 sec (12h:23m:44s)
Total CPU time used: 35491.196 sec (9h:51m:31s)
Total wall-clock time used: 45009.717 sec (12h:30m:9s)

Computing bootstrap consensus tree...
Reading input file /tmp/IQTREE/p2si6XaR1z/iqt.splits.nex...
278 taxa and 2369 splits.
Consensus tree written to /tmp/IQTREE/p2si6XaR1z/iqt.contree
Reading input trees file /tmp/IQTREE/p2si6XaR1z/iqt.contree
Log-likelihood of consensus tree: -57350.194

Analysis results written to: 
  IQ-TREE report:                /tmp/IQTREE/p2si6XaR1z/iqt.iqtree
  Maximum-likelihood tree:       /tmp/IQTREE/p2si6XaR1z/iqt.treefile
  Likelihood distances:          /tmp/IQTREE/p2si6XaR1z/iqt.mldist
  Site-specific rates:           /tmp/IQTREE/p2si6XaR1z/iqt.rate

Ultrafast bootstrap approximation results written to:
  Split support values:          /tmp/IQTREE/p2si6XaR1z/iqt.splits.nex
  Consensus tree:                /tmp/IQTREE/p2si6XaR1z/iqt.contree
  Screen log file:               /tmp/IQTREE/p2si6XaR1z/iqt.log

Date and Time: Mon Mar  4 23:49:11 2024
