Thalpseu	CP@TRINITY_DN15314_c0_g1::CP@TRINITY_DN15314_c0_g1_i2::g.36237::m.36237	33.639	327	167	10	1	282	7	328	1.73e-47	162
Protadhe	CP@TRINITY_DN15314_c0_g1::CP@TRINITY_DN15314_c0_g1_i2::g.36237::m.36237	35.537	363	162	11	16	332	2	338	5.86e-51	172
Coralima	CP@TRINITY_DN15314_c0_g1::CP@TRINITY_DN15314_c0_g1_i2::g.36237::m.36237	44.838	339	150	12	18	327	1	331	1.17e-81	252
Creofrag	CP@TRINITY_DN15314_c0_g1::CP@TRINITY_DN15314_c0_g1_i2::g.36237::m.36237	45.133	339	150	14	20	330	2	332	4.04e-82	253
Creofrag	CP@TRINITY_DN236_c1_g1::CP@TRINITY_DN236_c1_g1_i2::g.49279::m.49279	29.348	368	191	8	44	344	1	366	3.00e-44	156
Tetrther	CP@TRINITY_DN236_c1_g1::CP@TRINITY_DN236_c1_g1_i2::g.49279::m.49279	38.077	260	109	8	88	309	107	352	3.14e-49	169
Ichtmult	CP@TRINITY_DN15314_c0_g1::CP@TRINITY_DN15314_c0_g1_i2::g.36237::m.36237	35.294	357	155	12	16	326	2	328	3.89e-51	173
Styllemn	CP@TRINITY_DN15314_c0_g1::CP@TRINITY_DN15314_c0_g1_i2::g.36237::m.36237	40.688	349	141	11	22	320	1	333	2.75e-66	212
Arabthal	CP@TRINITY_DN15314_c0_g1::CP@TRINITY_DN15314_c0_g1_i2::g.36237::m.36237	41.742	333	154	9	33	326	1	332	2.73e-64	207
Arabthal	CP@TRINITY_DN236_c1_g1::CP@TRINITY_DN236_c1_g1_i2::g.49279::m.49279	38.351	279	134	9	99	342	93	368	7.05e-50	171
Pyrapark	CP@TRINITY_DN15314_c0_g1::CP@TRINITY_DN15314_c0_g1_i2::g.36237::m.36237	36.458	384	175	10	43	393	1	348	3.30e-64	209
Pyrapark	CP@TRINITY_DN1726_c0_g1::CP@TRINITY_DN1726_c0_g1_i5::g.44888::m.44888	31.461	445	216	11	5	390	9	423	1.62e-57	194
Pyrapark	CP@TRINITY_DN236_c1_g1::CP@TRINITY_DN236_c1_g1_i2::g.49279::m.49279	34.146	287	144	10	123	390	107	367	1.03e-42	154
Prassing	CP@TRINITY_DN15314_c0_g1::CP@TRINITY_DN15314_c0_g1_i2::g.36237::m.36237	37.197	371	173	12	32	381	1	332	1.23e-52	179
Nephpyri	CP@TRINITY_DN15314_c0_g1::CP@TRINITY_DN15314_c0_g1_i2::g.36237::m.36237	39.377	353	160	11	19	334	1	336	3.93e-64	207
Nephpyri	CP@TRINITY_DN1726_c0_g1::CP@TRINITY_DN1726_c0_g1_i5::g.44888::m.44888	33.496	409	212	11	2	353	26	431	1.73e-60	201
Nephpyri	CP@TRINITY_DN236_c1_g1::CP@TRINITY_DN236_c1_g1_i2::g.49279::m.49279	38.267	277	140	9	100	353	107	375	5.88e-50	172
Mesoviri	CP@TRINITY_DN15314_c0_g1::CP@TRINITY_DN15314_c0_g1_i2::g.36237::m.36237	40.525	343	164	12	36	345	1	336	6.03e-63	205
Mesoviri	CP@TRINITY_DN1726_c0_g1::CP@TRINITY_DN1726_c0_g1_i5::g.44888::m.44888	33.967	421	206	11	3	357	10	424	9.27e-62	204
Mesoviri	CP@TRINITY_DN236_c1_g1::CP@TRINITY_DN236_c1_g1_i2::g.49279::m.49279	32.353	374	170	12	61	357	1	368	1.38e-43	155
Chlarein	CP@TRINITY_DN15314_c0_g1::CP@TRINITY_DN15314_c0_g1_i2::g.36237::m.36237	33.430	344	181	9	27	334	1	332	1.08e-49	170
Hemikukw	CP@TRINITY_DN15314_c0_g1::CP@TRINITY_DN15314_c0_g1_i2::g.36237::m.36237	35.777	341	149	12	31	315	2	328	1.09e-54	182
SpirCILI	CP@TRINITY_DN15314_c0_g1::CP@TRINITY_DN15314_c0_g1_i2::g.36237::m.36237	31.215	362	175	8	60	365	2	345	4.22e-50	173
Alphedax	CP@TRINITY_DN15314_c0_g1::CP@TRINITY_DN15314_c0_g1_i2::g.36237::m.36237	37.640	356	156	10	20	329	2	337	1.65e-63	205
Styginca	CP@TRINITY_DN15314_c0_g1::CP@TRINITY_DN15314_c0_g1_i2::g.36237::m.36237	39.003	341	156	9	37	340	2	327	5.01e-69	221
Styginca	CP@TRINITY_DN236_c1_g1::CP@TRINITY_DN236_c1_g1_i2::g.49279::m.49279	37.591	274	140	8	95	349	95	356	3.34e-48	167
Andagodo	CP@TRINITY_DN15314_c0_g1::CP@TRINITY_DN15314_c0_g1_i2::g.36237::m.36237	39.130	345	157	13	69	379	2	327	6.32e-65	211
Physpoly	CP@TRINITY_DN15314_c0_g1::CP@TRINITY_DN15314_c0_g1_i2::g.36237::m.36237	40.828	338	131	9	18	294	2	331	5.06e-71	224
Physpoly	CP@TRINITY_DN236_c1_g1::CP@TRINITY_DN236_c1_g1_i2::g.49279::m.49279	39.483	271	119	11	77	311	107	368	4.37e-51	173
Lapoguse	CP@TRINITY_DN15314_c0_g1::CP@TRINITY_DN15314_c0_g1_i2::g.36237::m.36237	41.983	343	132	11	18	309	2	328	2.82e-68	218
Lapoguse	CP@TRINITY_DN236_c1_g1::CP@TRINITY_DN236_c1_g1_i2::g.49279::m.49279	39.925	268	138	6	78	328	106	367	4.81e-58	192
Lapoguse	CP@TRINITY_DN1726_c0_g1::CP@TRINITY_DN1726_c0_g1_i5::g.44888::m.44888	38.047	297	154	9	66	341	149	436	2.02e-50	174
Abolprol	CP@TRINITY_DN15314_c0_g1::CP@TRINITY_DN15314_c0_g1_i2::g.36237::m.36237	46.063	254	99	11	78	297	92	341	1.21e-55	184
Abolprol	CP@TRINITY_DN236_c1_g1::CP@TRINITY_DN236_c1_g1_i2::g.49279::m.49279	35.842	279	139	6	70	309	108	385	4.69e-50	171
Aurisoli	CP@TRINITY_DN15314_c0_g1::CP@TRINITY_DN15314_c0_g1_i2::g.36237::m.36237	37.283	346	161	8	1	301	7	341	1.15e-57	189
Aurisoli	CP@TRINITY_DN236_c1_g1::CP@TRINITY_DN236_c1_g1_i2::g.49279::m.49279	34.340	265	146	8	64	306	108	366	4.78e-44	155
Paulchro	CP@TRINITY_DN236_c1_g1::CP@TRINITY_DN236_c1_g1_i2::g.49279::m.49279	38.043	276	144	8	80	333	96	366	4.32e-52	177
Paulchro	CP@TRINITY_DN1726_c0_g1::CP@TRINITY_DN1726_c0_g1_i5::g.44888::m.44888	37.681	276	141	9	83	333	153	422	2.18e-47	166
Plasbras	CP@TRINITY_DN15314_c0_g1::CP@TRINITY_DN15314_c0_g1_i2::g.36237::m.36237	37.183	355	160	10	15	321	2	341	1.44e-61	201
Plasbras	CP@TRINITY_DN1726_c0_g1::CP@TRINITY_DN1726_c0_g1_i5::g.44888::m.44888	37.458	299	156	8	75	351	167	456	1.09e-52	181
Plasbras	CP@TRINITY_DN236_c1_g1::CP@TRINITY_DN236_c1_g1_i2::g.49279::m.49279	37.455	275	144	8	71	327	103	367	1.11e-49	171
Protfung	CP@TRINITY_DN236_c1_g1::CP@TRINITY_DN236_c1_g1_i2::g.49279::m.49279	38.745	271	125	10	76	312	105	368	2.22e-49	169
Protfung	CP@TRINITY_DN1726_c0_g1::CP@TRINITY_DN1726_c0_g1_i5::g.44888::m.44888	37.736	265	136	7	74	312	163	424	2.27e-44	157
Dictdisc	CP@TRINITY_DN15314_c0_g1::CP@TRINITY_DN15314_c0_g1_i2::g.36237::m.36237	42.857	343	120	10	16	295	2	331	8.11e-73	228
Dictdisc	CP@TRINITY_DN236_c1_g1::CP@TRINITY_DN236_c1_g1_i2::g.49279::m.49279	37.868	272	125	7	76	312	106	368	4.02e-52	176
Thectrah	CP@TRINITY_DN15314_c0_g1::CP@TRINITY_DN15314_c0_g1_i2::g.36237::m.36237	39.826	344	145	12	14	304	2	336	9.67e-69	218
Capsowcz	CP@TRINITY_DN15314_c0_g1::CP@TRINITY_DN15314_c0_g1_i2::g.36237::m.36237	46.628	341	142	11	17	328	2	331	1.12e-93	283
Capsowcz	CP@TRINITY_DN236_c1_g1::CP@TRINITY_DN236_c1_g1_i2::g.49279::m.49279	34.383	381	171	11	41	350	1	373	5.32e-55	185
Capsowcz	CP@TRINITY_DN3083_c0_g1::CP@TRINITY_DN3083_c0_g1_i2::g.64028::m.64028	33.524	349	203	8	15	339	2	345	1.17e-45	159
Capsowcz	CP@TRINITY_DN3083_c0_g1::CP@TRINITY_DN3083_c0_g1_i3::g.64030::m.64030	34.069	317	184	6	15	307	2	317	1.18e-44	155
Monobrev	CP@TRINITY_DN15314_c0_g1::CP@TRINITY_DN15314_c0_g1_i2::g.36237::m.36237	41.234	308	139	12	14	284	1	303	2.01e-60	196
Sphadest	CP@TRINITY_DN15314_c0_g1::CP@TRINITY_DN15314_c0_g1_i2::g.36237::m.36237	45.455	352	153	9	15	347	1	332	8.68e-86	263
Sphadest	CP@TRINITY_DN236_c1_g1::CP@TRINITY_DN236_c1_g1_i2::g.49279::m.49279	30.366	382	200	11	40	366	1	371	1.48e-50	174
Pigoviet	CP@TRINITY_DN15314_c0_g1::CP@TRINITY_DN15314_c0_g1_i2::g.36237::m.36237	45.821	347	153	11	17	340	2	336	7.93e-87	266
Pigoviet	CP@TRINITY_DN236_c1_g1::CP@TRINITY_DN236_c1_g1_i2::g.49279::m.49279	35.165	273	155	5	89	350	105	366	3.36e-50	172
Pigoviet	CP@TRINITY_DN3083_c0_g1::CP@TRINITY_DN3083_c0_g1_i2::g.64028::m.64028	32.571	350	186	12	17	333	4	336	3.86e-44	155
Pigoviet	CP@TRINITY_DN3083_c0_g1::CP@TRINITY_DN3083_c0_g1_i3::g.64030::m.64030	33.837	331	169	12	17	314	4	317	2.59e-43	152
Nemavect	CP@TRINITY_DN15314_c0_g1::CP@TRINITY_DN15314_c0_g1_i2::g.36237::m.36237	51.622	339	149	7	17	342	2	338	3.16e-114	335
Nemavect	CP@TRINITY_DN3083_c0_g1::CP@TRINITY_DN3083_c0_g1_i2::g.64028::m.64028	33.828	337	203	7	16	334	3	337	1.31e-54	182
Nemavect	CP@TRINITY_DN3083_c0_g1::CP@TRINITY_DN3083_c0_g1_i3::g.64030::m.64030	35.647	317	184	7	16	314	3	317	2.15e-54	181
Homosapi	CP@TRINITY_DN15314_c0_g1::CP@TRINITY_DN15314_c0_g1_i2::g.36237::m.36237	51.462	342	143	11	33	355	2	339	6.62e-112	330
Homosapi	CP@TRINITY_DN3083_c0_g1::CP@TRINITY_DN3083_c0_g1_i2::g.64028::m.64028	33.238	349	205	8	32	356	3	347	3.19e-50	171
Homosapi	CP@TRINITY_DN3083_c0_g1::CP@TRINITY_DN3083_c0_g1_i3::g.64030::m.64030	35.423	319	178	8	32	326	3	317	2.56e-47	163
Syssmult	CP@TRINITY_DN15314_c0_g1::CP@TRINITY_DN15314_c0_g1_i2::g.36237::m.36237	44.780	364	154	11	16	365	1	331	2.14e-91	279
Syssmult	CP@TRINITY_DN1726_c0_g1::CP@TRINITY_DN1726_c0_g1_i5::g.44888::m.44888	32.084	427	205	11	6	382	33	424	1.80e-56	191
Syssmult	CP@TRINITY_DN236_c1_g1::CP@TRINITY_DN236_c1_g1_i2::g.49279::m.49279	38.000	300	141	10	93	382	104	368	2.84e-51	176
Parvatla	CP@TRINITY_DN236_c1_g1::CP@TRINITY_DN236_c1_g1_i2::g.49279::m.49279	39.305	374	153	9	82	387	1	368	3.95e-84	261
Parvatla	CP@TRINITY_DN1726_c0_g1::CP@TRINITY_DN1726_c0_g1_i5::g.44888::m.44888	37.500	424	195	12	26	387	9	424	1.89e-80	254
Parvatla	CP@TRINITY_DN15314_c0_g1::CP@TRINITY_DN15314_c0_g1_i2::g.36237::m.36237	42.274	343	157	13	58	371	2	332	4.21e-74	234
Batrdend	CP@TRINITY_DN1726_c0_g1::CP@TRINITY_DN1726_c0_g1_i5::g.44888::m.44888	35.123	447	203	11	2	402	23	428	7.79e-80	254
Batrdend	CP@TRINITY_DN236_c1_g1::CP@TRINITY_DN236_c1_g1_i2::g.49279::m.49279	36.627	415	163	11	45	402	1	372	1.26e-79	251
Batrdend	CP@TRINITY_DN15314_c0_g1::CP@TRINITY_DN15314_c0_g1_i2::g.36237::m.36237	35.789	380	177	13	21	382	2	332	5.88e-56	188
Batrdend	CP@TRINITY_DN236_c1_g1::CP@TRINITY_DN236_c1_g1_i13::g.49275::m.49275	51.389	144	58	2	268	402	9	149	2.82e-46	157
Batrdend	CP@TRINITY_DN236_c1_g1::CP@TRINITY_DN236_c1_g1_i9::g.49285::m.49285	52.593	135	55	1	277	402	4	138	1.94e-45	155
Sacccere	CP@TRINITY_DN1726_c0_g1::CP@TRINITY_DN1726_c0_g1_i5::g.44888::m.44888	34.466	412	225	8	2	370	14	423	5.24e-77	245
Sacccere	CP@TRINITY_DN236_c1_g1::CP@TRINITY_DN236_c1_g1_i2::g.49279::m.49279	33.333	369	194	9	52	370	1	367	1.13e-69	224
Rozeallo	CP@TRINITY_DN1726_c0_g1::CP@TRINITY_DN1726_c0_g1_i5::g.44888::m.44888	35.013	397	193	6	21	358	41	431	7.95e-83	259
Rozeallo	CP@TRINITY_DN236_c1_g1::CP@TRINITY_DN236_c1_g1_i2::g.49279::m.49279	39.370	381	155	10	48	358	1	375	1.85e-79	248
Rozeallo	CP@TRINITY_DN15314_c0_g1::CP@TRINITY_DN15314_c0_g1_i2::g.36237::m.36237	39.941	338	162	12	24	331	2	328	1.16e-65	211
MAST004E	CP@TRINITY_DN15314_c0_g1::CP@TRINITY_DN15314_c0_g1_i2::g.36237::m.36237	36.944	360	132	10	16	303	2	338	1.81e-58	191
Acancast	CP@TRINITY_DN15314_c0_g1::CP@TRINITY_DN15314_c0_g1_i2::g.36237::m.36237	42.136	337	127	10	32	307	2	331	5.34e-70	221
Acancast	CP@TRINITY_DN1726_c0_g1::CP@TRINITY_DN1726_c0_g1_i5::g.44888::m.44888	38.314	261	131	9	91	324	167	424	2.45e-45	160
Toxogond	CP@TRINITY_DN15314_c0_g1::CP@TRINITY_DN15314_c0_g1_i2::g.36237::m.36237	31.897	348	201	9	88	406	2	342	2.53e-47	166
Chroveli	CP@TRINITY_DN15314_c0_g1::CP@TRINITY_DN15314_c0_g1_i2::g.36237::m.36237	37.572	346	174	11	20	329	2	341	2.84e-57	189
Aureanop	CP@TRINITY_DN15314_c0_g1::CP@TRINITY_DN15314_c0_g1_i2::g.36237::m.36237	33.333	333	163	10	16	294	1	328	2.03e-48	165
Aplakerg	CP@TRINITY_DN15314_c0_g1::CP@TRINITY_DN15314_c0_g1_i2::g.36237::m.36237	36.522	345	157	11	15	314	1	328	2.02e-48	166
Volvcart	CP@TRINITY_DN15314_c0_g1::CP@TRINITY_DN15314_c0_g1_i2::g.36237::m.36237	32.768	354	186	8	22	341	1	336	1.63e-49	169
Micrpusl	CP@TRINITY_DN1726_c0_g1::CP@TRINITY_DN1726_c0_g1_i5::g.44888::m.44888	31.117	376	182	12	1	304	54	424	4.34e-43	153
Picosali	CP@TRINITY_DN15314_c0_g1::CP@TRINITY_DN15314_c0_g1_i2::g.36237::m.36237	32.110	327	182	10	32	326	2	320	2.96e-43	153
Oryzsati	CP@TRINITY_DN15314_c0_g1::CP@TRINITY_DN15314_c0_g1_i2::g.36237::m.36237	38.279	337	172	7	7	307	1	337	1.20e-60	197
Oryzsati	CP@TRINITY_DN236_c1_g1::CP@TRINITY_DN236_c1_g1_i2::g.49279::m.49279	37.500	280	144	10	70	320	93	370	6.00e-51	173
Oryzsati	CP@TRINITY_DN1726_c0_g1::CP@TRINITY_DN1726_c0_g1_i5::g.44888::m.44888	35.496	262	142	8	80	318	167	424	7.31e-43	153
Brevmoto	CP@TRINITY_DN15314_c0_g1::CP@TRINITY_DN15314_c0_g1_i2::g.36237::m.36237	36.769	359	163	12	13	319	2	348	2.23e-61	199
Brevmoto	CP@TRINITY_DN236_c1_g1::CP@TRINITY_DN236_c1_g1_i2::g.49279::m.49279	36.842	266	146	7	75	319	107	371	1.05e-50	172
Brevmoto	CP@TRINITY_DN1726_c0_g1::CP@TRINITY_DN1726_c0_g1_i5::g.44888::m.44888	35.955	267	149	8	75	322	167	430	8.22e-42	150
MatazaD1	CP@TRINITY_DN15314_c0_g1::CP@TRINITY_DN15314_c0_g1_i2::g.36237::m.36237	38.418	354	147	9	14	310	2	341	7.49e-62	200
Chlorept	CP@TRINITY_DN15314_c0_g1::CP@TRINITY_DN15314_c0_g1_i2::g.36237::m.36237	32.353	340	169	9	22	309	2	332	5.72e-48	165
Cyanpara	CP@TRINITY_DN15314_c0_g1::CP@TRINITY_DN15314_c0_g1_i2::g.36237::m.36237	41.061	358	143	12	18	330	2	336	1.55e-67	216
Cyanpara	CP@TRINITY_DN236_c1_g1::CP@TRINITY_DN236_c1_g1_i2::g.49279::m.49279	35.000	300	142	10	83	354	107	381	6.25e-46	161
Gloewitr	CP@TRINITY_DN236_c1_g1::CP@TRINITY_DN236_c1_g1_i2::g.49279::m.49279	35.862	290	155	7	72	353	102	368	4.95e-46	162
Prymparv	CP@TRINITY_DN15314_c0_g1::CP@TRINITY_DN15314_c0_g1_i2::g.36237::m.36237	34.987	383	189	17	47	416	1	336	2.53e-48	168
Neobdesi	CP@TRINITY_DN15314_c0_g1::CP@TRINITY_DN15314_c0_g1_i2::g.36237::m.36237	33.850	387	199	11	20	394	2	343	5.34e-52	177
Idiovort	CP@TRINITY_DN15314_c0_g1::CP@TRINITY_DN15314_c0_g1_i2::g.36237::m.36237	38.978	313	132	10	1	262	27	331	2.65e-54	179
Idiovort	CP@TRINITY_DN1726_c0_g1::CP@TRINITY_DN1726_c0_g1_i5::g.44888::m.44888	38.636	264	135	8	37	279	167	424	2.93e-48	166
Idiovort	CP@TRINITY_DN236_c1_g1::CP@TRINITY_DN236_c1_g1_i2::g.49279::m.49279	36.364	275	130	10	37	279	107	368	7.53e-45	156
Guttvulg	CP@TRINITY_DN15314_c0_g1::CP@TRINITY_DN15314_c0_g1_i2::g.36237::m.36237	34.971	346	179	11	29	331	2	344	3.36e-49	168
Gefiokel	CP@TRINITY_DN15314_c0_g1::CP@TRINITY_DN15314_c0_g1_i2::g.36237::m.36237	35.411	353	152	12	32	318	2	344	3.11e-52	176
Vermverm	CP@TRINITY_DN15314_c0_g1::CP@TRINITY_DN15314_c0_g1_i2::g.36237::m.36237	38.123	341	144	8	24	303	2	336	3.44e-69	219
MicrA134	CP@TRINITY_DN15314_c0_g1::CP@TRINITY_DN15314_c0_g1_i2::g.36237::m.36237	39.714	350	145	8	16	305	2	345	2.91e-69	219
Echiexud	CP@TRINITY_DN15314_c0_g1::CP@TRINITY_DN15314_c0_g1_i2::g.36237::m.36237	39.067	343	140	9	40	321	2	336	1.42e-65	210
Flabcita	CP@TRINITY_DN15314_c0_g1::CP@TRINITY_DN15314_c0_g1_i2::g.36237::m.36237	36.522	345	146	11	16	297	2	336	7.33e-58	189
Veximinu	CP@TRINITY_DN15314_c0_g1::CP@TRINITY_DN15314_c0_g1_i2::g.36237::m.36237	35.457	361	160	13	28	324	2	353	1.09e-53	179
Veximinu	CP@TRINITY_DN236_c1_g1::CP@TRINITY_DN236_c1_g1_i2::g.49279::m.49279	37.091	275	128	9	86	324	105	370	5.67e-49	168
Dracjorm	CP@TRINITY_DN15314_c0_g1::CP@TRINITY_DN15314_c0_g1_i2::g.36237::m.36237	40.653	337	136	11	24	302	2	332	3.68e-68	216
Dracjorm	CP@TRINITY_DN236_c1_g1::CP@TRINITY_DN236_c1_g1_i2::g.49279::m.49279	39.245	265	121	10	85	315	107	365	3.28e-50	171
Stensten	CP@TRINITY_DN15314_c0_g1::CP@TRINITY_DN15314_c0_g1_i2::g.36237::m.36237	30.792	341	171	9	55	336	2	336	1.06e-46	162
Endozona	CP@TRINITY_DN15314_c0_g1::CP@TRINITY_DN15314_c0_g1_i2::g.36237::m.36237	38.053	339	143	10	66	345	2	332	6.29e-58	191
Endozona	CP@TRINITY_DN236_c1_g1::CP@TRINITY_DN236_c1_g1_i2::g.49279::m.49279	37.037	270	130	10	124	360	105	367	1.28e-45	160
Pellcata	CP@TRINITY_DN15314_c0_g1::CP@TRINITY_DN15314_c0_g1_i2::g.36237::m.36237	40.058	342	142	9	44	328	1	336	6.48e-65	209
Pellcata	CP@TRINITY_DN236_c1_g1::CP@TRINITY_DN236_c1_g1_i2::g.49279::m.49279	39.630	270	122	7	105	340	106	368	1.12e-56	189
Pellcata	CP@TRINITY_DN1726_c0_g1::CP@TRINITY_DN1726_c0_g1_i5::g.44888::m.44888	38.931	262	131	7	105	340	166	424	8.07e-50	172
Cochminu	CP@TRINITY_DN15314_c0_g1::CP@TRINITY_DN15314_c0_g1_i2::g.36237::m.36237	36.873	339	153	9	27	313	2	331	1.11e-56	187
Cochminu	CP@TRINITY_DN236_c1_g1::CP@TRINITY_DN236_c1_g1_i2::g.49279::m.49279	36.567	268	141	7	86	330	107	368	1.62e-52	178
Luaphula	CP@TRINITY_DN15314_c0_g1::CP@TRINITY_DN15314_c0_g1_i2::g.36237::m.36237	41.246	337	131	9	47	322	2	332	1.80e-64	207
Luaphula	CP@TRINITY_DN236_c1_g1::CP@TRINITY_DN236_c1_g1_i2::g.49279::m.49279	39.179	268	122	9	106	338	107	368	5.76e-52	176
Luaphula	CP@TRINITY_DN1726_c0_g1::CP@TRINITY_DN1726_c0_g1_i5::g.44888::m.44888	39.847	261	126	10	106	338	167	424	8.12e-48	167
Echibisp	CP@TRINITY_DN15314_c0_g1::CP@TRINITY_DN15314_c0_g1_i2::g.36237::m.36237	41.003	339	130	9	22	299	2	331	5.81e-72	228
Hetepall	CP@TRINITY_DN15314_c0_g1::CP@TRINITY_DN15314_c0_g1_i2::g.36237::m.36237	41.246	337	130	9	18	293	2	331	3.60e-70	221
Hetepall	CP@TRINITY_DN236_c1_g1::CP@TRINITY_DN236_c1_g1_i2::g.49279::m.49279	38.376	271	126	8	75	310	104	368	1.76e-52	177
Filanola	CP@TRINITY_DN15314_c0_g1::CP@TRINITY_DN15314_c0_g1_i2::g.36237::m.36237	39.881	336	140	9	18	297	2	331	1.40e-63	204
Soliirre	CP@TRINITY_DN15314_c0_g1::CP@TRINITY_DN15314_c0_g1_i2::g.36237::m.36237	41.964	336	131	9	22	299	2	331	4.91e-71	224
Soliirre	CP@TRINITY_DN236_c1_g1::CP@TRINITY_DN236_c1_g1_i2::g.49279::m.49279	39.636	275	125	9	76	316	101	368	1.71e-52	177
Soliirre	CP@TRINITY_DN1726_c0_g1::CP@TRINITY_DN1726_c0_g1_i5::g.44888::m.44888	31.298	393	178	11	13	316	35	424	2.05e-47	165
Cavoapop	CP@TRINITY_DN15314_c0_g1::CP@TRINITY_DN15314_c0_g1_i2::g.36237::m.36237	43.917	337	120	9	20	294	2	331	1.04e-73	231
Cavoapop	CP@TRINITY_DN1726_c0_g1::CP@TRINITY_DN1726_c0_g1_i5::g.44888::m.44888	36.398	261	135	7	79	311	167	424	9.85e-44	155
Schivulg	CP@TRINITY_DN15314_c0_g1::CP@TRINITY_DN15314_c0_g1_i2::g.36237::m.36237	44.345	336	122	7	15	291	2	331	2.36e-78	242
Schivulg	CP@TRINITY_DN236_c1_g1::CP@TRINITY_DN236_c1_g1_i2::g.49279::m.49279	38.929	280	125	10	66	308	98	368	2.14e-52	177
Schivulg	CP@TRINITY_DN1726_c0_g1::CP@TRINITY_DN1726_c0_g1_i5::g.44888::m.44888	37.548	261	132	7	76	308	167	424	4.28e-46	161
Rhizelon	CP@TRINITY_DN236_c1_g1::CP@TRINITY_DN236_c1_g1_i2::g.49279::m.49279	34.700	317	168	8	33	317	59	368	8.24e-52	176
Paralevi	CP@TRINITY_DN1726_c0_g1::CP@TRINITY_DN1726_c0_g1_i5::g.44888::m.44888	40.304	263	127	9	78	318	169	423	6.67e-48	167
Paralevi	CP@TRINITY_DN236_c1_g1::CP@TRINITY_DN236_c1_g1_i2::g.49279::m.49279	37.736	265	135	8	78	318	109	367	5.62e-47	163
Phalsoli	CP@TRINITY_DN236_c1_g1::CP@TRINITY_DN236_c1_g1_i2::g.49279::m.49279	39.114	271	117	9	68	301	105	364	2.59e-49	168
Arcevulg	CP@TRINITY_DN15314_c0_g1::CP@TRINITY_DN15314_c0_g1_i2::g.36237::m.36237	38.218	348	147	9	10	293	2	345	9.83e-67	212
Rhizsaxo	CP@TRINITY_DN15314_c0_g1::CP@TRINITY_DN15314_c0_g1_i2::g.36237::m.36237	37.609	343	151	10	12	298	1	336	1.40e-64	207
Sapochin	CP@TRINITY_DN15314_c0_g1::CP@TRINITY_DN15314_c0_g1_i2::g.36237::m.36237	37.960	353	167	10	13	329	2	338	5.13e-63	209
Eugllong	CP@TRINITY_DN15314_c0_g1::CP@TRINITY_DN15314_c0_g1_i2::g.36237::m.36237	37.852	391	154	12	26	381	2	338	5.83e-66	213
Euglgrac	CP@TRINITY_DN15314_c0_g1::CP@TRINITY_DN15314_c0_g1_i2::g.36237::m.36237	35.340	382	177	11	21	377	2	338	2.80e-60	198
HeterBB2	CP@TRINITY_DN15314_c0_g1::CP@TRINITY_DN15314_c0_g1_i2::g.36237::m.36237	40.286	350	147	11	17	328	2	327	2.56e-66	213
Lenilimo	CP@TRINITY_DN15314_c0_g1::CP@TRINITY_DN15314_c0_g1_i2::g.36237::m.36237	40.541	333	145	10	13	297	2	329	3.43e-70	222
Lenilimo	CP@TRINITY_DN236_c1_g1::CP@TRINITY_DN236_c1_g1_i2::g.49279::m.49279	37.407	270	135	6	76	316	104	368	4.84e-50	171
Lenilimo	CP@TRINITY_DN1726_c0_g1::CP@TRINITY_DN1726_c0_g1_i5::g.44888::m.44888	38.491	265	135	7	76	316	164	424	3.79e-47	165
Brevanat	CP@TRINITY_DN15314_c0_g1::CP@TRINITY_DN15314_c0_g1_i2::g.36237::m.36237	40.152	264	113	10	1	224	9	267	3.21e-46	157
Pygsbifo	CP@TRINITY_DN15314_c0_g1::CP@TRINITY_DN15314_c0_g1_i2::g.36237::m.36237	44.776	335	131	11	15	300	2	331	1.10e-81	251
Pygsbifo	CP@TRINITY_DN236_c1_g1::CP@TRINITY_DN236_c1_g1_i2::g.49279::m.49279	40.441	272	122	8	77	316	104	367	1.84e-52	177
Pygsbifo	CP@TRINITY_DN1726_c0_g1::CP@TRINITY_DN1726_c0_g1_i5::g.44888::m.44888	36.226	265	141	6	76	316	163	423	3.65e-45	159
Mancberm	CP@TRINITY_DN15314_c0_g1::CP@TRINITY_DN15314_c0_g1_i2::g.36237::m.36237	36.286	350	153	10	19	311	2	338	1.07e-62	202
Diphrota	CP@TRINITY_DN15314_c0_g1::CP@TRINITY_DN15314_c0_g1_i2::g.36237::m.36237	41.667	336	131	11	28	306	2	329	1.08e-69	221
Diphrota	CP@TRINITY_DN1726_c0_g1::CP@TRINITY_DN1726_c0_g1_i5::g.44888::m.44888	29.854	412	193	12	4	327	23	426	4.86e-54	183
Diphrota	CP@TRINITY_DN236_c1_g1::CP@TRINITY_DN236_c1_g1_i2::g.49279::m.49279	38.235	272	124	9	88	325	107	368	2.54e-50	172
Rigiramo	CP@TRINITY_DN15314_c0_g1::CP@TRINITY_DN15314_c0_g1_i2::g.36237::m.36237	42.151	344	136	9	16	305	2	336	5.39e-70	221
Mantplas	CP@TRINITY_DN236_c1_g1::CP@TRINITY_DN236_c1_g1_i2::g.49279::m.49279	40.074	272	124	9	106	348	107	368	2.86e-52	178
Caeneleg	CP@TRINITY_DN15314_c0_g1::CP@TRINITY_DN15314_c0_g1_i2::g.36237::m.36237	45.821	347	145	10	36	343	2	344	5.31e-90	274
Aplycali	CP@TRINITY_DN15314_c0_g1::CP@TRINITY_DN15314_c0_g1_i2::g.36237::m.36237	49.722	360	148	10	24	360	1	350	4.31e-110	325
Aplycali	CP@TRINITY_DN3083_c0_g1::CP@TRINITY_DN3083_c0_g1_i3::g.64030::m.64030	37.736	318	172	9	25	320	4	317	1.43e-56	187
Aplycali	CP@TRINITY_DN3083_c0_g1::CP@TRINITY_DN3083_c0_g1_i2::g.64028::m.64028	35.207	338	193	9	25	340	4	337	3.68e-56	187
Tricadha	CP@TRINITY_DN15314_c0_g1::CP@TRINITY_DN15314_c0_g1_i2::g.36237::m.36237	45.739	352	167	11	20	359	2	341	1.77e-101	304
Tricadha	CP@TRINITY_DN3083_c0_g1::CP@TRINITY_DN3083_c0_g1_i2::g.64028::m.64028	32.764	351	197	12	19	348	3	335	4.58e-51	174
Tricadha	CP@TRINITY_DN3083_c0_g1::CP@TRINITY_DN3083_c0_g1_i3::g.64030::m.64030	32.931	331	185	11	19	328	3	317	2.96e-50	171
Branflor	CP@TRINITY_DN15314_c0_g1::CP@TRINITY_DN15314_c0_g1_i2::g.36237::m.36237	50.000	286	95	10	18	260	2	282	1.26e-80	246
Gallgall	CP@TRINITY_DN15314_c0_g1::CP@TRINITY_DN15314_c0_g1_i2::g.36237::m.36237	52.522	337	141	9	42	362	2	335	7.67e-115	338
Gallgall	CP@TRINITY_DN3083_c0_g1::CP@TRINITY_DN3083_c0_g1_i2::g.64028::m.64028	33.038	339	201	10	41	357	3	337	1.59e-48	167
Gallgall	CP@TRINITY_DN3083_c0_g1::CP@TRINITY_DN3083_c0_g1_i3::g.64030::m.64030	35.110	319	181	10	41	337	3	317	1.98e-47	163
Apismell	CP@TRINITY_DN15314_c0_g1::CP@TRINITY_DN15314_c0_g1_i2::g.36237::m.36237	55.125	361	128	9	21	359	2	350	4.15e-128	371
Apismell	CP@TRINITY_DN3083_c0_g1::CP@TRINITY_DN3083_c0_g1_i2::g.64028::m.64028	36.338	355	192	11	19	349	2	346	5.93e-57	189
Apismell	CP@TRINITY_DN3083_c0_g1::CP@TRINITY_DN3083_c0_g1_i3::g.64030::m.64030	38.769	325	166	10	19	319	2	317	1.04e-56	187
Drosmela	CP@TRINITY_DN15314_c0_g1::CP@TRINITY_DN15314_c0_g1_i2::g.36237::m.36237	54.391	353	139	9	24	357	2	351	3.66e-127	369
Drosmela	CP@TRINITY_DN3083_c0_g1::CP@TRINITY_DN3083_c0_g1_i2::g.64028::m.64028	37.572	346	188	11	22	343	2	343	3.26e-58	192
Drosmela	CP@TRINITY_DN3083_c0_g1::CP@TRINITY_DN3083_c0_g1_i3::g.64030::m.64030	38.679	318	170	9	22	316	2	317	2.35e-57	189
Taensoli	CP@TRINITY_DN15314_c0_g1::CP@TRINITY_DN15314_c0_g1_i2::g.36237::m.36237	46.400	250	110	7	12	244	94	336	6.60e-67	211
Schimans	CP@TRINITY_DN15314_c0_g1::CP@TRINITY_DN15314_c0_g1_i2::g.36237::m.36237	42.651	347	156	12	19	337	2	333	4.91e-89	271
Amoepara	CP@TRINITY_DN15314_c0_g1::CP@TRINITY_DN15314_c0_g1_i2::g.36237::m.36237	40.517	348	168	9	21	342	2	336	1.95e-80	249
Amoepara	CP@TRINITY_DN236_c1_g1::CP@TRINITY_DN236_c1_g1_i2::g.49279::m.49279	31.733	375	184	12	45	354	1	368	6.92e-52	177
Sphaarct	CP@TRINITY_DN15314_c0_g1::CP@TRINITY_DN15314_c0_g1_i2::g.36237::m.36237	44.012	334	150	8	20	319	2	332	7.78e-86	263
Sphaarct	CP@TRINITY_DN236_c1_g1::CP@TRINITY_DN236_c1_g1_i2::g.49279::m.49279	28.997	369	184	8	44	335	1	368	3.62e-46	161
Minivibr	CP@TRINITY_DN15314_c0_g1::CP@TRINITY_DN15314_c0_g1_i2::g.36237::m.36237	44.578	332	158	11	26	333	2	331	5.08e-87	266
Minivibr	CP@TRINITY_DN236_c1_g1::CP@TRINITY_DN236_c1_g1_i2::g.49279::m.49279	39.194	273	131	8	100	349	107	367	9.82e-50	171
Mnemleid	CP@TRINITY_DN15314_c0_g1::CP@TRINITY_DN15314_c0_g1_i2::g.36237::m.36237	41.349	341	167	11	17	336	2	330	8.24e-83	255
Mnemleid	CP@TRINITY_DN3083_c0_g1::CP@TRINITY_DN3083_c0_g1_i2::g.64028::m.64028	32.011	353	204	11	16	343	3	344	3.87e-43	152
Fontalba	CP@TRINITY_DN236_c1_g1::CP@TRINITY_DN236_c1_g1_i2::g.49279::m.49279	45.926	270	122	7	9	261	106	368	4.24e-76	236
Fontalba	CP@TRINITY_DN1726_c0_g1::CP@TRINITY_DN1726_c0_g1_i5::g.44888::m.44888	44.280	271	135	7	4	263	161	426	1.05e-69	221
Fontalba	CP@TRINITY_DN15314_c0_g1::CP@TRINITY_DN15314_c0_g1_i2::g.36237::m.36237	40.310	258	106	10	19	245	92	332	1.14e-45	156
Spizpunc	CP@TRINITY_DN236_c1_g1::CP@TRINITY_DN236_c1_g1_i2::g.49279::m.49279	37.273	440	165	17	40	415	1	393	7.13e-78	246
Spizpunc	CP@TRINITY_DN1726_c0_g1::CP@TRINITY_DN1726_c0_g1_i5::g.44888::m.44888	35.698	437	191	13	6	395	34	427	3.49e-74	239
Spizpunc	CP@TRINITY_DN15314_c0_g1::CP@TRINITY_DN15314_c0_g1_i2::g.36237::m.36237	38.684	380	165	15	16	376	2	332	5.29e-67	217
Spizpunc	CP@TRINITY_DN236_c1_g1::CP@TRINITY_DN236_c1_g1_i9::g.49285::m.49285	51.799	139	63	2	279	415	23	159	4.32e-42	145
Spizpunc	CP@TRINITY_DN236_c1_g1::CP@TRINITY_DN236_c1_g1_i13::g.49275::m.49275	51.799	139	63	2	279	415	34	170	6.83e-42	145
Neurcras	CP@TRINITY_DN1726_c0_g1::CP@TRINITY_DN1726_c0_g1_i5::g.44888::m.44888	34.772	417	241	12	16	411	26	432	2.25e-73	236
Neurcras	CP@TRINITY_DN236_c1_g1::CP@TRINITY_DN236_c1_g1_i2::g.49279::m.49279	35.917	387	201	12	57	409	1	374	3.30e-64	211
Schizpom	CP@TRINITY_DN236_c1_g1::CP@TRINITY_DN236_c1_g1_i2::g.49279::m.49279	43.152	387	173	10	53	395	1	384	7.67e-97	294
Schizpom	CP@TRINITY_DN1726_c0_g1::CP@TRINITY_DN1726_c0_g1_i5::g.44888::m.44888	40.657	396	203	9	15	382	32	423	1.50e-89	278
Schizpom	CP@TRINITY_DN236_c1_g1::CP@TRINITY_DN236_c1_g1_i13::g.49275::m.49275	45.625	160	74	3	249	395	2	161	1.21e-41	144
Debahans	CP@TRINITY_DN236_c1_g1::CP@TRINITY_DN236_c1_g1_i2::g.49279::m.49279	38.108	370	184	9	63	390	1	367	4.88e-79	249
Debahans	CP@TRINITY_DN1726_c0_g1::CP@TRINITY_DN1726_c0_g1_i5::g.44888::m.44888	37.084	391	212	10	31	390	36	423	1.72e-78	249
Aspefumi	CP@TRINITY_DN1726_c0_g1::CP@TRINITY_DN1726_c0_g1_i5::g.44888::m.44888	40.288	417	204	13	16	391	24	436	1.10e-93	288
Aspefumi	CP@TRINITY_DN236_c1_g1::CP@TRINITY_DN236_c1_g1_i2::g.49279::m.49279	38.360	378	179	7	61	387	1	375	7.70e-81	253
Ustimayd	CP@TRINITY_DN1726_c0_g1::CP@TRINITY_DN1726_c0_g1_i5::g.44888::m.44888	37.767	421	220	10	25	410	17	430	1.24e-81	258
Ustimayd	CP@TRINITY_DN236_c1_g1::CP@TRINITY_DN236_c1_g1_i2::g.49279::m.49279	38.158	380	188	9	72	410	1	374	2.89e-77	244
Coprcine	CP@TRINITY_DN236_c1_g1::CP@TRINITY_DN236_c1_g1_i2::g.49279::m.49279	38.522	379	192	8	58	406	1	368	1.78e-87	271
Coprcine	CP@TRINITY_DN1726_c0_g1::CP@TRINITY_DN1726_c0_g1_i5::g.44888::m.44888	39.950	398	209	14	28	406	38	424	1.22e-80	255
Coprcine	CP@TRINITY_DN236_c1_g1::CP@TRINITY_DN236_c1_g1_i11::g.49272::m.49272	37.226	274	143	6	11	263	13	278	5.24e-57	189
Rhizdele	CP@TRINITY_DN1726_c0_g1::CP@TRINITY_DN1726_c0_g1_i5::g.44888::m.44888	34.301	379	216	6	6	353	36	412	3.76e-72	231
Rhizdele	CP@TRINITY_DN236_c1_g1::CP@TRINITY_DN236_c1_g1_i2::g.49279::m.49279	36.134	357	184	7	39	353	2	356	4.63e-69	221
Rhizdele	CP@TRINITY_DN15314_c0_g1::CP@TRINITY_DN15314_c0_g1_i2::g.36237::m.36237	36.872	358	177	8	14	349	2	332	5.93e-68	217
Blasbrit	CP@TRINITY_DN1726_c0_g1::CP@TRINITY_DN1726_c0_g1_i5::g.44888::m.44888	40.852	399	206	8	6	375	34	431	9.25e-101	306
Blasbrit	CP@TRINITY_DN236_c1_g1::CP@TRINITY_DN236_c1_g1_i2::g.49279::m.49279	39.895	381	175	8	40	375	1	372	9.42e-97	293
Blasbrit	CP@TRINITY_DN15314_c0_g1::CP@TRINITY_DN15314_c0_g1_i2::g.36237::m.36237	38.798	366	168	12	16	356	2	336	3.88e-70	224
Blasbrit	CP@TRINITY_DN236_c1_g1::CP@TRINITY_DN236_c1_g1_i11::g.49272::m.49272	40.684	263	116	5	2	229	19	276	2.64e-63	204
Blasbrit	CP@TRINITY_DN236_c1_g1::CP@TRINITY_DN236_c1_g1_i13::g.49275::m.49275	47.945	146	63	2	240	375	7	149	2.64e-44	151
Blasbrit	CP@TRINITY_DN236_c1_g1::CP@TRINITY_DN236_c1_g1_i9::g.49285::m.49285	47.518	141	61	2	245	375	1	138	3.33e-42	145
Allomacr	CP@TRINITY_DN1726_c0_g1::CP@TRINITY_DN1726_c0_g1_i5::g.44888::m.44888	42.317	397	180	13	6	359	34	424	4.28e-91	281
Allomacr	CP@TRINITY_DN236_c1_g1::CP@TRINITY_DN236_c1_g1_i2::g.49279::m.49279	40.052	382	166	11	40	367	1	373	2.27e-87	269
Allomacr	CP@TRINITY_DN15314_c0_g1::CP@TRINITY_DN15314_c0_g1_i2::g.36237::m.36237	40.845	355	167	9	16	347	2	336	8.08e-74	233
Allomacr	CP@TRINITY_DN236_c1_g1::CP@TRINITY_DN236_c1_g1_i13::g.49275::m.49275	48.966	145	62	2	232	367	9	150	2.35e-43	148
Allomacr	CP@TRINITY_DN236_c1_g1::CP@TRINITY_DN236_c1_g1_i9::g.49285::m.49285	54.167	120	52	1	248	367	23	139	3.18e-42	145
Raphhete	CP@TRINITY_DN15314_c0_g1::CP@TRINITY_DN15314_c0_g1_i2::g.36237::m.36237	36.778	329	126	12	30	303	2	303	1.01e-43	152
Physpate	CP@TRINITY_DN15314_c0_g1::CP@TRINITY_DN15314_c0_g1_i2::g.36237::m.36237	33.616	354	187	12	34	357	1	336	3.26e-52	177
Physpate	CP@TRINITY_DN236_c1_g1::CP@TRINITY_DN236_c1_g1_i2::g.49279::m.49279	35.897	273	161	6	117	377	106	376	1.65e-47	166
