BicoCB20	CP@TRINITY_DN708_c0_g1::CP@TRINITY_DN708_c0_g1_i3::g.22573::m.22573	43.590	195	85	6	1	185	1	180	1.74e-43	143
BicoCB20	CP@TRINITY_DN708_c0_g1::CP@TRINITY_DN708_c0_g1_i1::g.22572::m.22572	43.590	195	85	6	1	185	1	180	1.74e-43	143
Phytpara	CP@TRINITY_DN708_c0_g1::CP@TRINITY_DN708_c0_g1_i3::g.22573::m.22573	45.055	182	88	4	1	172	1	180	4.79e-46	149
Phytpara	CP@TRINITY_DN708_c0_g1::CP@TRINITY_DN708_c0_g1_i1::g.22572::m.22572	45.055	182	88	4	1	172	1	180	4.79e-46	149
Styginca	CP@TRINITY_DN708_c0_g1::CP@TRINITY_DN708_c0_g1_i3::g.22573::m.22573	42.458	179	91	4	73	243	3	177	2.77e-42	142
Styginca	CP@TRINITY_DN708_c0_g1::CP@TRINITY_DN708_c0_g1_i1::g.22572::m.22572	42.458	179	91	4	73	243	3	177	2.77e-42	142
Plasbras	CP@TRINITY_DN7261_c0_g1::CP@TRINITY_DN7261_c0_g1_i1::g.23556::m.23556	40.113	177	97	4	1	171	16	189	2.29e-44	145
Plasbras	CP@TRINITY_DN708_c0_g1::CP@TRINITY_DN708_c0_g1_i3::g.22573::m.22573	41.341	179	94	4	1	170	1	177	1.68e-43	142
Plasbras	CP@TRINITY_DN708_c0_g1::CP@TRINITY_DN708_c0_g1_i1::g.22572::m.22572	41.341	179	94	4	1	170	1	177	1.68e-43	142
Hemikukw	CP@TRINITY_DN708_c0_g1::CP@TRINITY_DN708_c0_g1_i3::g.22573::m.22573	46.409	181	86	4	15	186	3	181	7.27e-48	154
Hemikukw	CP@TRINITY_DN708_c0_g1::CP@TRINITY_DN708_c0_g1_i1::g.22572::m.22572	46.409	181	86	4	15	186	3	181	7.27e-48	154
Calclept	CP@TRINITY_DN708_c0_g1::CP@TRINITY_DN708_c0_g1_i3::g.22573::m.22573	41.758	182	94	5	4	176	3	181	2.25e-43	142
Calclept	CP@TRINITY_DN708_c0_g1::CP@TRINITY_DN708_c0_g1_i1::g.22572::m.22572	41.758	182	94	5	4	176	3	181	2.25e-43	142
Calclept	CP@TRINITY_DN7261_c0_g1::CP@TRINITY_DN7261_c0_g1_i1::g.23556::m.23556	45.752	153	75	3	27	175	43	191	3.91e-42	139
Sphadest	CP@TRINITY_DN708_c0_g1::CP@TRINITY_DN708_c0_g1_i3::g.22573::m.22573	50.000	180	79	4	31	200	3	181	4.47e-57	178
Sphadest	CP@TRINITY_DN708_c0_g1::CP@TRINITY_DN708_c0_g1_i1::g.22572::m.22572	50.000	180	79	4	31	200	3	181	4.47e-57	178
Sphadest	CP@TRINITY_DN7261_c0_g1::CP@TRINITY_DN7261_c0_g1_i1::g.23556::m.23556	46.893	177	81	5	32	199	19	191	9.75e-51	162
Pigoviet	CP@TRINITY_DN708_c0_g1::CP@TRINITY_DN708_c0_g1_i3::g.22573::m.22573	47.027	185	83	6	1	175	1	180	3.13e-50	160
Pigoviet	CP@TRINITY_DN708_c0_g1::CP@TRINITY_DN708_c0_g1_i1::g.22572::m.22572	47.027	185	83	6	1	175	1	180	3.13e-50	160
Pigoviet	CP@TRINITY_DN7261_c0_g1::CP@TRINITY_DN7261_c0_g1_i1::g.23556::m.23556	43.716	183	94	4	1	178	16	194	3.60e-47	152
Sacccere	CP@TRINITY_DN708_c0_g1::CP@TRINITY_DN708_c0_g1_i3::g.22573::m.22573	48.913	184	84	7	1	178	1	180	7.05e-52	164
Sacccere	CP@TRINITY_DN708_c0_g1::CP@TRINITY_DN708_c0_g1_i1::g.22572::m.22572	48.913	184	84	7	1	178	1	180	7.05e-52	164
Parvatla	CP@TRINITY_DN7261_c0_g1::CP@TRINITY_DN7261_c0_g1_i1::g.23556::m.23556	39.560	182	96	4	16	188	15	191	9.79e-46	149
Rozeallo	CP@TRINITY_DN708_c0_g1::CP@TRINITY_DN708_c0_g1_i3::g.22573::m.22573	47.514	181	85	4	1	172	1	180	4.31e-52	164
Rozeallo	CP@TRINITY_DN708_c0_g1::CP@TRINITY_DN708_c0_g1_i1::g.22572::m.22572	47.514	181	85	4	1	172	1	180	4.31e-52	164
Batrdend	CP@TRINITY_DN708_c0_g1::CP@TRINITY_DN708_c0_g1_i3::g.22573::m.22573	49.171	181	78	5	1	171	1	177	2.77e-51	162
Batrdend	CP@TRINITY_DN708_c0_g1::CP@TRINITY_DN708_c0_g1_i1::g.22572::m.22572	49.171	181	78	5	1	171	1	177	2.77e-51	162
Batrdend	CP@TRINITY_DN7261_c0_g1::CP@TRINITY_DN7261_c0_g1_i1::g.23556::m.23556	41.573	178	94	4	1	172	16	189	3.00e-47	152
Homosapi	CP@TRINITY_DN7261_c0_g1::CP@TRINITY_DN7261_c0_g1_i1::g.23556::m.23556	48.333	180	82	5	1	173	16	191	5.76e-58	180
Homosapi	CP@TRINITY_DN708_c0_g1::CP@TRINITY_DN708_c0_g1_i3::g.22573::m.22573	48.066	181	85	4	1	173	1	180	9.32e-56	174
Homosapi	CP@TRINITY_DN708_c0_g1::CP@TRINITY_DN708_c0_g1_i1::g.22572::m.22572	48.066	181	85	4	1	173	1	180	9.32e-56	174
Homosapi	CP@TRINITY_DN7261_c0_g1::CP@TRINITY_DN7261_c0_g1_i3::g.23558::m.23558	48.387	155	72	4	1	151	16	166	1.39e-47	152
Nemavect	CP@TRINITY_DN7261_c0_g1::CP@TRINITY_DN7261_c0_g1_i1::g.23556::m.23556	48.045	179	82	5	1	171	16	191	5.71e-57	177
Nemavect	CP@TRINITY_DN708_c0_g1::CP@TRINITY_DN708_c0_g1_i3::g.22573::m.22573	48.066	181	83	5	1	171	1	180	9.85e-54	169
Nemavect	CP@TRINITY_DN708_c0_g1::CP@TRINITY_DN708_c0_g1_i1::g.22572::m.22572	48.066	181	83	5	1	171	1	180	9.85e-54	169
Nemavect	CP@TRINITY_DN7261_c0_g1::CP@TRINITY_DN7261_c0_g1_i3::g.23558::m.23558	49.351	154	70	4	1	149	16	166	9.09e-49	155
Creofrag	CP@TRINITY_DN708_c0_g1::CP@TRINITY_DN708_c0_g1_i3::g.22573::m.22573	46.995	183	84	6	6	178	1	180	1.80e-49	158
Creofrag	CP@TRINITY_DN708_c0_g1::CP@TRINITY_DN708_c0_g1_i1::g.22572::m.22572	46.995	183	84	6	6	178	1	180	1.80e-49	158
Creofrag	CP@TRINITY_DN7261_c0_g1::CP@TRINITY_DN7261_c0_g1_i1::g.23556::m.23556	44.199	181	90	4	6	179	16	192	1.72e-45	148
Syssmult	CP@TRINITY_DN708_c0_g1::CP@TRINITY_DN708_c0_g1_i3::g.22573::m.22573	48.663	187	78	6	3	178	1	180	2.49e-53	168
Syssmult	CP@TRINITY_DN708_c0_g1::CP@TRINITY_DN708_c0_g1_i1::g.22572::m.22572	48.663	187	78	6	3	178	1	180	2.49e-53	168
Syssmult	CP@TRINITY_DN7261_c0_g1::CP@TRINITY_DN7261_c0_g1_i1::g.23556::m.23556	45.946	185	86	4	1	178	14	191	1.73e-51	164
Syssmult	CP@TRINITY_DN7261_c0_g1::CP@TRINITY_DN7261_c0_g1_i3::g.23558::m.23558	46.835	158	75	3	1	156	14	164	1.22e-43	143
Monobrev	CP@TRINITY_DN708_c0_g1::CP@TRINITY_DN708_c0_g1_i3::g.22573::m.22573	41.848	184	95	5	1	176	1	180	1.96e-44	145
Monobrev	CP@TRINITY_DN708_c0_g1::CP@TRINITY_DN708_c0_g1_i1::g.22572::m.22572	41.848	184	95	5	1	176	1	180	1.96e-44	145
Thectrah	CP@TRINITY_DN7261_c0_g1::CP@TRINITY_DN7261_c0_g1_i1::g.23556::m.23556	42.222	180	94	4	38	210	15	191	2.59e-47	154
Thectrah	CP@TRINITY_DN708_c0_g1::CP@TRINITY_DN708_c0_g1_i3::g.22573::m.22573	42.222	180	96	3	39	210	1	180	1.39e-44	147
Thectrah	CP@TRINITY_DN708_c0_g1::CP@TRINITY_DN708_c0_g1_i1::g.22572::m.22572	42.222	180	96	3	39	210	1	180	1.39e-44	147
Acancast	CP@TRINITY_DN708_c0_g1::CP@TRINITY_DN708_c0_g1_i3::g.22573::m.22573	46.154	169	72	4	4	157	16	180	6.23e-46	148
Acancast	CP@TRINITY_DN708_c0_g1::CP@TRINITY_DN708_c0_g1_i1::g.22572::m.22572	46.154	169	72	4	4	157	16	180	6.23e-46	148
Protfung	CP@TRINITY_DN708_c0_g1::CP@TRINITY_DN708_c0_g1_i3::g.22573::m.22573	43.646	181	92	4	1	172	1	180	6.62e-45	146
Protfung	CP@TRINITY_DN708_c0_g1::CP@TRINITY_DN708_c0_g1_i1::g.22572::m.22572	43.646	181	92	4	1	172	1	180	6.62e-45	146
Protfung	CP@TRINITY_DN7261_c0_g1::CP@TRINITY_DN7261_c0_g1_i1::g.23556::m.23556	42.778	180	91	6	1	172	16	191	3.79e-44	144
Physpate	CP@TRINITY_DN708_c0_g1::CP@TRINITY_DN708_c0_g1_i3::g.22573::m.22573	44.944	178	86	6	2	170	3	177	5.68e-45	146
Physpate	CP@TRINITY_DN708_c0_g1::CP@TRINITY_DN708_c0_g1_i1::g.22572::m.22572	44.944	178	86	6	2	170	3	177	5.68e-45	146
Pavl2436	CP@TRINITY_DN708_c0_g1::CP@TRINITY_DN708_c0_g1_i3::g.22573::m.22573	41.209	182	97	5	2	176	3	181	1.24e-43	143
Pavl2436	CP@TRINITY_DN708_c0_g1::CP@TRINITY_DN708_c0_g1_i1::g.22572::m.22572	41.209	182	97	5	2	176	3	181	1.24e-43	143
Bafffrig	CP@TRINITY_DN7261_c0_g1::CP@TRINITY_DN7261_c0_g1_i1::g.23556::m.23556	35.979	189	111	4	25	209	9	191	1.57e-43	144
Prymparv	CP@TRINITY_DN708_c0_g1::CP@TRINITY_DN708_c0_g1_i3::g.22573::m.22573	44.444	171	85	5	6	168	12	180	2.00e-47	152
Prymparv	CP@TRINITY_DN708_c0_g1::CP@TRINITY_DN708_c0_g1_i1::g.22572::m.22572	44.444	171	85	5	6	168	12	180	2.00e-47	152
Syncpusi	CP@TRINITY_DN7261_c0_g1::CP@TRINITY_DN7261_c0_g1_i1::g.23556::m.23556	41.436	181	93	5	16	188	16	191	9.47e-45	147
Paravest	CP@TRINITY_DN708_c0_g1::CP@TRINITY_DN708_c0_g1_i3::g.22573::m.22573	45.902	183	87	6	1	174	1	180	3.03e-45	147
Paravest	CP@TRINITY_DN708_c0_g1::CP@TRINITY_DN708_c0_g1_i1::g.22572::m.22572	45.902	183	87	6	1	174	1	180	3.03e-45	147
Albulaib	CP@TRINITY_DN708_c0_g1::CP@TRINITY_DN708_c0_g1_i3::g.22573::m.22573	47.253	182	84	4	1	172	1	180	2.96e-46	149
Albulaib	CP@TRINITY_DN708_c0_g1::CP@TRINITY_DN708_c0_g1_i1::g.22572::m.22572	47.253	182	84	4	1	172	1	180	2.96e-46	149
Auralima	CP@TRINITY_DN708_c0_g1::CP@TRINITY_DN708_c0_g1_i3::g.22573::m.22573	41.341	179	94	5	1	170	1	177	7.17e-43	141
Auralima	CP@TRINITY_DN708_c0_g1::CP@TRINITY_DN708_c0_g1_i1::g.22572::m.22572	41.341	179	94	5	1	170	1	177	7.17e-43	141
Idiovort	CP@TRINITY_DN708_c0_g1::CP@TRINITY_DN708_c0_g1_i3::g.22573::m.22573	42.857	182	93	4	1	173	1	180	8.30e-48	153
Idiovort	CP@TRINITY_DN708_c0_g1::CP@TRINITY_DN708_c0_g1_i1::g.22572::m.22572	42.857	182	93	4	1	173	1	180	8.30e-48	153
Trimmari	CP@TRINITY_DN708_c0_g1::CP@TRINITY_DN708_c0_g1_i3::g.22573::m.22573	42.703	185	91	6	33	206	1	181	1.39e-42	141
Trimmari	CP@TRINITY_DN708_c0_g1::CP@TRINITY_DN708_c0_g1_i1::g.22572::m.22572	42.703	185	91	6	33	206	1	181	1.39e-42	141
Ancysigm	CP@TRINITY_DN708_c0_g1::CP@TRINITY_DN708_c0_g1_i3::g.22573::m.22573	44.920	187	85	6	30	204	1	181	9.78e-50	159
Ancysigm	CP@TRINITY_DN708_c0_g1::CP@TRINITY_DN708_c0_g1_i1::g.22572::m.22572	44.920	187	85	6	30	204	1	181	9.78e-50	159
Ancysigm	CP@TRINITY_DN7261_c0_g1::CP@TRINITY_DN7261_c0_g1_i1::g.23556::m.23556	39.572	187	99	6	25	203	11	191	4.10e-42	140
Nutolong	CP@TRINITY_DN708_c0_g1::CP@TRINITY_DN708_c0_g1_i3::g.22573::m.22573	42.391	184	94	5	8	182	1	181	2.47e-46	150
Nutolong	CP@TRINITY_DN708_c0_g1::CP@TRINITY_DN708_c0_g1_i1::g.22572::m.22572	42.391	184	94	5	8	182	1	181	2.47e-46	150
Nutolong	CP@TRINITY_DN7261_c0_g1::CP@TRINITY_DN7261_c0_g1_i1::g.23556::m.23556	45.810	179	89	4	8	181	16	191	3.00e-46	150
Fabotrop	CP@TRINITY_DN7261_c0_g1::CP@TRINITY_DN7261_c0_g1_i1::g.23556::m.23556	42.308	182	95	4	5	181	15	191	2.10e-46	150
HeterBB2	CP@TRINITY_DN7261_c0_g1::CP@TRINITY_DN7261_c0_g1_i1::g.23556::m.23556	50.360	139	67	1	9	147	56	192	1.43e-47	152
Tsukglob	CP@TRINITY_DN7261_c0_g1::CP@TRINITY_DN7261_c0_g1_i1::g.23556::m.23556	47.222	180	85	6	14	189	19	192	8.50e-49	157
Pygsbifo	CP@TRINITY_DN7261_c0_g1::CP@TRINITY_DN7261_c0_g1_i1::g.23556::m.23556	40.000	180	96	5	1	172	16	191	1.94e-43	143
Brevanat	CP@TRINITY_DN708_c0_g1::CP@TRINITY_DN708_c0_g1_i3::g.22573::m.22573	43.716	183	94	4	10	185	1	181	1.66e-46	150
Brevanat	CP@TRINITY_DN708_c0_g1::CP@TRINITY_DN708_c0_g1_i1::g.22572::m.22572	43.716	183	94	4	10	185	1	181	1.66e-46	150
Mancberm	CP@TRINITY_DN7261_c0_g1::CP@TRINITY_DN7261_c0_g1_i1::g.23556::m.23556	39.891	183	97	6	9	183	15	192	1.08e-44	146
Colltric	CP@TRINITY_DN7261_c0_g1::CP@TRINITY_DN7261_c0_g1_i1::g.23556::m.23556	41.243	177	96	3	1	170	16	191	9.69e-42	138
Rigiramo	CP@TRINITY_DN7261_c0_g1::CP@TRINITY_DN7261_c0_g1_i1::g.23556::m.23556	41.398	186	95	5	9	185	11	191	1.33e-46	151
Rigiramo	CP@TRINITY_DN708_c0_g1::CP@TRINITY_DN708_c0_g1_i3::g.22573::m.22573	42.077	183	94	5	14	186	1	181	6.52e-44	144
Rigiramo	CP@TRINITY_DN708_c0_g1::CP@TRINITY_DN708_c0_g1_i1::g.22572::m.22572	42.077	183	94	5	14	186	1	181	6.52e-44	144
Ovaldese	CP@TRINITY_DN7261_c0_g1::CP@TRINITY_DN7261_c0_g1_i1::g.23556::m.23556	44.624	186	89	5	8	186	13	191	8.90e-51	162
Ovaldese	CP@TRINITY_DN708_c0_g1::CP@TRINITY_DN708_c0_g1_i3::g.22573::m.22573	42.391	184	94	5	11	186	1	180	9.36e-48	154
Ovaldese	CP@TRINITY_DN708_c0_g1::CP@TRINITY_DN708_c0_g1_i1::g.22572::m.22572	42.391	184	94	5	11	186	1	180	9.36e-48	154
Sapochin	CP@TRINITY_DN7261_c0_g1::CP@TRINITY_DN7261_c0_g1_i1::g.23556::m.23556	44.199	181	93	5	15	191	15	191	1.97e-50	166
Sapochin	CP@TRINITY_DN708_c0_g1::CP@TRINITY_DN708_c0_g1_i3::g.22573::m.22573	44.809	183	91	5	16	191	1	180	4.20e-49	162
Sapochin	CP@TRINITY_DN708_c0_g1::CP@TRINITY_DN708_c0_g1_i1::g.22572::m.22572	44.809	183	91	5	16	191	1	180	4.20e-49	162
Armalang	CP@TRINITY_DN708_c0_g1::CP@TRINITY_DN708_c0_g1_i3::g.22573::m.22573	46.369	179	87	4	1	172	1	177	4.09e-52	164
Armalang	CP@TRINITY_DN708_c0_g1::CP@TRINITY_DN708_c0_g1_i1::g.22572::m.22572	46.369	179	87	4	1	172	1	177	4.09e-52	164
Squajapo	CP@TRINITY_DN708_c0_g1::CP@TRINITY_DN708_c0_g1_i3::g.22573::m.22573	42.857	182	95	4	1	175	1	180	3.86e-49	157
Squajapo	CP@TRINITY_DN708_c0_g1::CP@TRINITY_DN708_c0_g1_i1::g.22572::m.22572	42.857	182	95	4	1	175	1	180	3.86e-49	157
Pellcata	CP@TRINITY_DN708_c0_g1::CP@TRINITY_DN708_c0_g1_i3::g.22573::m.22573	47.283	184	85	5	12	186	1	181	3.84e-51	162
Pellcata	CP@TRINITY_DN708_c0_g1::CP@TRINITY_DN708_c0_g1_i1::g.22572::m.22572	47.283	184	85	5	12	186	1	181	3.84e-51	162
Pellcata	CP@TRINITY_DN7261_c0_g1::CP@TRINITY_DN7261_c0_g1_i1::g.23556::m.23556	41.341	179	97	5	12	185	16	191	9.06e-43	141
Gocefonb	CP@TRINITY_DN708_c0_g1::CP@TRINITY_DN708_c0_g1_i3::g.22573::m.22573	45.109	184	89	4	41	215	1	181	6.44e-51	163
Gocefonb	CP@TRINITY_DN708_c0_g1::CP@TRINITY_DN708_c0_g1_i1::g.22572::m.22572	45.109	184	89	4	41	215	1	181	6.44e-51	163
Gocefonb	CP@TRINITY_DN7261_c0_g1::CP@TRINITY_DN7261_c0_g1_i1::g.23556::m.23556	39.683	189	106	5	31	214	6	191	2.52e-44	147
Endozona	CP@TRINITY_DN708_c0_g1::CP@TRINITY_DN708_c0_g1_i3::g.22573::m.22573	46.703	182	86	5	11	183	1	180	7.00e-51	161
Endozona	CP@TRINITY_DN708_c0_g1::CP@TRINITY_DN708_c0_g1_i1::g.22572::m.22572	46.703	182	86	5	11	183	1	180	7.00e-51	161
Endozona	CP@TRINITY_DN7261_c0_g1::CP@TRINITY_DN7261_c0_g1_i1::g.23556::m.23556	40.884	181	96	6	10	183	15	191	1.22e-43	144
Dracjorm	CP@TRINITY_DN708_c0_g1::CP@TRINITY_DN708_c0_g1_i3::g.22573::m.22573	45.652	184	87	6	1	175	1	180	1.68e-44	145
Dracjorm	CP@TRINITY_DN708_c0_g1::CP@TRINITY_DN708_c0_g1_i1::g.22572::m.22572	45.652	184	87	6	1	175	1	180	1.68e-44	145
Luaphula	CP@TRINITY_DN708_c0_g1::CP@TRINITY_DN708_c0_g1_i3::g.22573::m.22573	44.086	186	89	4	13	189	1	180	2.65e-49	158
Luaphula	CP@TRINITY_DN708_c0_g1::CP@TRINITY_DN708_c0_g1_i1::g.22572::m.22572	44.086	186	89	4	13	189	1	180	2.65e-49	158
Luaphula	CP@TRINITY_DN7261_c0_g1::CP@TRINITY_DN7261_c0_g1_i1::g.23556::m.23556	42.408	191	91	7	8	189	11	191	1.61e-43	144
Cuneruss	CP@TRINITY_DN7261_c0_g1::CP@TRINITY_DN7261_c0_g1_i1::g.23556::m.23556	42.169	166	88	4	14	173	28	191	1.70e-42	140
Paralevi	CP@TRINITY_DN708_c0_g1::CP@TRINITY_DN708_c0_g1_i3::g.22573::m.22573	47.802	182	84	4	42	214	1	180	7.51e-51	163
Paralevi	CP@TRINITY_DN708_c0_g1::CP@TRINITY_DN708_c0_g1_i1::g.22572::m.22572	47.802	182	84	4	42	214	1	180	7.51e-51	163
Sapppeda	CP@TRINITY_DN708_c0_g1::CP@TRINITY_DN708_c0_g1_i3::g.22573::m.22573	44.262	183	88	6	15	188	3	180	2.56e-42	140
Sapppeda	CP@TRINITY_DN708_c0_g1::CP@TRINITY_DN708_c0_g1_i1::g.22572::m.22572	44.262	183	88	6	15	188	3	180	2.56e-42	140
Mayocant	CP@TRINITY_DN708_c0_g1::CP@TRINITY_DN708_c0_g1_i3::g.22573::m.22573	44.262	183	90	4	21	194	1	180	2.66e-49	158
Mayocant	CP@TRINITY_DN708_c0_g1::CP@TRINITY_DN708_c0_g1_i1::g.22572::m.22572	44.262	183	90	4	21	194	1	180	2.66e-49	158
Masteilh	CP@TRINITY_DN708_c0_g1::CP@TRINITY_DN708_c0_g1_i3::g.22573::m.22573	41.111	180	97	3	1	171	1	180	4.34e-46	149
Masteilh	CP@TRINITY_DN708_c0_g1::CP@TRINITY_DN708_c0_g1_i1::g.22572::m.22572	41.111	180	97	3	1	171	1	180	4.34e-46	149
Masteilh	CP@TRINITY_DN7261_c0_g1::CP@TRINITY_DN7261_c0_g1_i1::g.23556::m.23556	42.222	180	91	6	1	171	16	191	6.37e-43	141
Echibisp	CP@TRINITY_DN708_c0_g1::CP@TRINITY_DN708_c0_g1_i3::g.22573::m.22573	44.199	181	90	5	4	176	3	180	7.32e-49	156
Echibisp	CP@TRINITY_DN708_c0_g1::CP@TRINITY_DN708_c0_g1_i1::g.22572::m.22572	44.199	181	90	5	4	176	3	180	7.32e-49	156
Vermverm	CP@TRINITY_DN708_c0_g1::CP@TRINITY_DN708_c0_g1_i3::g.22573::m.22573	43.407	182	91	4	35	206	1	180	1.63e-48	156
Vermverm	CP@TRINITY_DN708_c0_g1::CP@TRINITY_DN708_c0_g1_i1::g.22572::m.22572	43.407	182	91	4	35	206	1	180	1.63e-48	156
Amoeprot	CP@TRINITY_DN708_c0_g1::CP@TRINITY_DN708_c0_g1_i3::g.22573::m.22573	41.935	186	94	6	1	178	1	180	2.62e-44	145
Amoeprot	CP@TRINITY_DN708_c0_g1::CP@TRINITY_DN708_c0_g1_i1::g.22572::m.22572	41.935	186	94	6	1	178	1	180	2.62e-44	145
Arcevulg	CP@TRINITY_DN708_c0_g1::CP@TRINITY_DN708_c0_g1_i3::g.22573::m.22573	45.355	183	89	5	13	187	1	180	1.38e-49	158
Arcevulg	CP@TRINITY_DN708_c0_g1::CP@TRINITY_DN708_c0_g1_i1::g.22572::m.22572	45.355	183	89	5	13	187	1	180	1.38e-49	158
Echiexud	CP@TRINITY_DN708_c0_g1::CP@TRINITY_DN708_c0_g1_i3::g.22573::m.22573	39.011	182	101	3	16	189	1	180	9.81e-44	144
Echiexud	CP@TRINITY_DN708_c0_g1::CP@TRINITY_DN708_c0_g1_i1::g.22572::m.22572	39.011	182	101	3	16	189	1	180	9.81e-44	144
MicrA134	CP@TRINITY_DN708_c0_g1::CP@TRINITY_DN708_c0_g1_i3::g.22573::m.22573	46.154	182	88	5	1	174	1	180	3.34e-51	162
MicrA134	CP@TRINITY_DN708_c0_g1::CP@TRINITY_DN708_c0_g1_i1::g.22572::m.22572	46.154	182	88	5	1	174	1	180	3.34e-51	162
Flabcita	CP@TRINITY_DN708_c0_g1::CP@TRINITY_DN708_c0_g1_i3::g.22573::m.22573	48.352	182	83	5	1	173	1	180	2.92e-59	182
Flabcita	CP@TRINITY_DN708_c0_g1::CP@TRINITY_DN708_c0_g1_i1::g.22572::m.22572	48.352	182	83	5	1	173	1	180	2.92e-59	182
Flabcita	CP@TRINITY_DN7261_c0_g1::CP@TRINITY_DN7261_c0_g1_i1::g.23556::m.23556	43.646	181	89	6	1	173	16	191	1.50e-47	153
Rhizsaxo	CP@TRINITY_DN708_c0_g1::CP@TRINITY_DN708_c0_g1_i3::g.22573::m.22573	40.437	183	97	5	1	174	1	180	2.49e-46	149
Rhizsaxo	CP@TRINITY_DN708_c0_g1::CP@TRINITY_DN708_c0_g1_i1::g.22572::m.22572	40.437	183	97	5	1	174	1	180	2.49e-46	149
Filanola	CP@TRINITY_DN708_c0_g1::CP@TRINITY_DN708_c0_g1_i3::g.22573::m.22573	47.802	182	83	4	9	180	1	180	3.84e-55	172
Filanola	CP@TRINITY_DN708_c0_g1::CP@TRINITY_DN708_c0_g1_i1::g.22572::m.22572	47.802	182	83	4	9	180	1	180	3.84e-55	172
Filanola	CP@TRINITY_DN7261_c0_g1::CP@TRINITY_DN7261_c0_g1_i1::g.23556::m.23556	44.262	183	88	6	7	180	14	191	9.47e-49	156
Tychacut	CP@TRINITY_DN708_c0_g1::CP@TRINITY_DN708_c0_g1_i3::g.22573::m.22573	44.262	183	90	4	12	185	1	180	5.96e-50	159
Tychacut	CP@TRINITY_DN708_c0_g1::CP@TRINITY_DN708_c0_g1_i1::g.22572::m.22572	44.262	183	90	4	12	185	1	180	5.96e-50	159
Schivulg	CP@TRINITY_DN708_c0_g1::CP@TRINITY_DN708_c0_g1_i3::g.22573::m.22573	46.739	184	85	4	1	175	1	180	9.86e-55	171
Schivulg	CP@TRINITY_DN708_c0_g1::CP@TRINITY_DN708_c0_g1_i1::g.22572::m.22572	46.739	184	85	4	1	175	1	180	9.86e-55	171
Cavoapop	CP@TRINITY_DN708_c0_g1::CP@TRINITY_DN708_c0_g1_i3::g.22573::m.22573	43.716	183	91	4	24	197	1	180	1.00e-48	157
Cavoapop	CP@TRINITY_DN708_c0_g1::CP@TRINITY_DN708_c0_g1_i1::g.22572::m.22572	43.716	183	91	4	24	197	1	180	1.00e-48	157
Cavoapop	CP@TRINITY_DN7261_c0_g1::CP@TRINITY_DN7261_c0_g1_i1::g.23556::m.23556	42.021	188	91	8	20	197	12	191	3.16e-43	143
Phalsoli	CP@TRINITY_DN708_c0_g1::CP@TRINITY_DN708_c0_g1_i3::g.22573::m.22573	42.623	183	94	5	1	175	1	180	1.03e-45	148
Phalsoli	CP@TRINITY_DN708_c0_g1::CP@TRINITY_DN708_c0_g1_i1::g.22572::m.22572	42.623	183	94	5	1	175	1	180	1.03e-45	148
Phalsoli	CP@TRINITY_DN7261_c0_g1::CP@TRINITY_DN7261_c0_g1_i1::g.23556::m.23556	40.331	181	97	6	1	175	16	191	1.87e-43	143
Soliirre	CP@TRINITY_DN7261_c0_g1::CP@TRINITY_DN7261_c0_g1_i1::g.23556::m.23556	41.989	181	92	7	3	175	16	191	4.60e-45	147
Cochminu	CP@TRINITY_DN708_c0_g1::CP@TRINITY_DN708_c0_g1_i3::g.22573::m.22573	41.758	182	98	3	1	176	1	180	1.52e-44	145
Cochminu	CP@TRINITY_DN708_c0_g1::CP@TRINITY_DN708_c0_g1_i1::g.22572::m.22572	41.758	182	98	3	1	176	1	180	1.52e-44	145
Mantplas	CP@TRINITY_DN708_c0_g1::CP@TRINITY_DN708_c0_g1_i3::g.22573::m.22573	42.703	185	95	4	2	179	1	181	9.71e-49	156
Mantplas	CP@TRINITY_DN708_c0_g1::CP@TRINITY_DN708_c0_g1_i1::g.22572::m.22572	42.703	185	95	4	2	179	1	181	9.71e-49	156
Spizpunc	CP@TRINITY_DN708_c0_g1::CP@TRINITY_DN708_c0_g1_i3::g.22573::m.22573	55.866	179	66	4	1	169	1	176	2.82e-61	188
Spizpunc	CP@TRINITY_DN708_c0_g1::CP@TRINITY_DN708_c0_g1_i1::g.22572::m.22572	55.866	179	66	4	1	169	1	176	2.82e-61	188
Spizpunc	CP@TRINITY_DN7261_c0_g1::CP@TRINITY_DN7261_c0_g1_i1::g.23556::m.23556	43.333	180	87	5	1	171	16	189	1.78e-46	150
Schizpom	CP@TRINITY_DN708_c0_g1::CP@TRINITY_DN708_c0_g1_i3::g.22573::m.22573	49.180	183	81	5	1	174	1	180	3.78e-53	167
Schizpom	CP@TRINITY_DN708_c0_g1::CP@TRINITY_DN708_c0_g1_i1::g.22572::m.22572	49.180	183	81	5	1	174	1	180	3.78e-53	167
Schizpom	CP@TRINITY_DN7261_c0_g1::CP@TRINITY_DN7261_c0_g1_i1::g.23556::m.23556	45.556	180	88	6	1	174	16	191	4.95e-44	144
Debahans	CP@TRINITY_DN708_c0_g1::CP@TRINITY_DN708_c0_g1_i3::g.22573::m.22573	53.261	184	74	6	1	176	1	180	2.29e-62	190
Debahans	CP@TRINITY_DN708_c0_g1::CP@TRINITY_DN708_c0_g1_i1::g.22572::m.22572	53.261	184	74	6	1	176	1	180	2.29e-62	190
Neurcras	CP@TRINITY_DN708_c0_g1::CP@TRINITY_DN708_c0_g1_i3::g.22573::m.22573	42.929	198	89	5	1	192	1	180	1.71e-47	153
Neurcras	CP@TRINITY_DN708_c0_g1::CP@TRINITY_DN708_c0_g1_i1::g.22572::m.22572	42.929	198	89	5	1	192	1	180	1.71e-47	153
Aspefumi	CP@TRINITY_DN708_c0_g1::CP@TRINITY_DN708_c0_g1_i3::g.22573::m.22573	48.223	197	76	8	1	188	1	180	4.95e-53	167
Aspefumi	CP@TRINITY_DN708_c0_g1::CP@TRINITY_DN708_c0_g1_i1::g.22572::m.22572	48.223	197	76	8	1	188	1	180	4.95e-53	167
Allomacr	CP@TRINITY_DN708_c0_g1::CP@TRINITY_DN708_c0_g1_i3::g.22573::m.22573	52.174	184	76	5	1	176	1	180	1.92e-56	175
Allomacr	CP@TRINITY_DN708_c0_g1::CP@TRINITY_DN708_c0_g1_i1::g.22572::m.22572	52.174	184	76	5	1	176	1	180	1.92e-56	175
Allomacr	CP@TRINITY_DN7261_c0_g1::CP@TRINITY_DN7261_c0_g1_i1::g.23556::m.23556	40.000	180	100	4	1	176	16	191	4.55e-46	149
Blasbrit	CP@TRINITY_DN708_c0_g1::CP@TRINITY_DN708_c0_g1_i3::g.22573::m.22573	51.852	189	74	6	1	180	1	181	2.45e-57	178
Blasbrit	CP@TRINITY_DN708_c0_g1::CP@TRINITY_DN708_c0_g1_i1::g.22572::m.22572	51.852	189	74	6	1	180	1	181	2.45e-57	178
Ustimayd	CP@TRINITY_DN708_c0_g1::CP@TRINITY_DN708_c0_g1_i3::g.22573::m.22573	54.054	185	72	6	1	177	1	180	4.52e-60	185
Ustimayd	CP@TRINITY_DN708_c0_g1::CP@TRINITY_DN708_c0_g1_i1::g.22572::m.22572	54.054	185	72	6	1	177	1	180	4.52e-60	185
Ustimayd	CP@TRINITY_DN7261_c0_g1::CP@TRINITY_DN7261_c0_g1_i1::g.23556::m.23556	38.710	186	95	7	1	177	16	191	1.42e-42	140
Coprcine	CP@TRINITY_DN708_c0_g1::CP@TRINITY_DN708_c0_g1_i3::g.22573::m.22573	51.630	184	79	6	1	178	1	180	5.39e-57	177
Coprcine	CP@TRINITY_DN708_c0_g1::CP@TRINITY_DN708_c0_g1_i1::g.22572::m.22572	51.630	184	79	6	1	178	1	180	5.39e-57	177
Fontalba	CP@TRINITY_DN708_c0_g1::CP@TRINITY_DN708_c0_g1_i3::g.22573::m.22573	45.699	186	87	5	1	178	1	180	7.07e-53	166
Fontalba	CP@TRINITY_DN708_c0_g1::CP@TRINITY_DN708_c0_g1_i1::g.22572::m.22572	45.699	186	87	5	1	178	1	180	7.07e-53	166
Taensoli	CP@TRINITY_DN7261_c0_g1::CP@TRINITY_DN7261_c0_g1_i1::g.23556::m.23556	43.902	164	80	5	1	157	33	191	4.20e-43	141
Schimans	CP@TRINITY_DN7261_c0_g1::CP@TRINITY_DN7261_c0_g1_i1::g.23556::m.23556	42.135	178	90	5	5	175	20	191	1.78e-44	145
Amphquee	CP@TRINITY_DN7261_c0_g1::CP@TRINITY_DN7261_c0_g1_i1::g.23556::m.23556	44.751	181	86	6	1	172	16	191	1.58e-52	166
Amphquee	CP@TRINITY_DN708_c0_g1::CP@TRINITY_DN708_c0_g1_i3::g.22573::m.22573	46.961	181	86	5	1	172	1	180	3.54e-52	164
Amphquee	CP@TRINITY_DN708_c0_g1::CP@TRINITY_DN708_c0_g1_i1::g.22572::m.22572	46.961	181	86	5	1	172	1	180	3.54e-52	164
Amphquee	CP@TRINITY_DN7261_c0_g1::CP@TRINITY_DN7261_c0_g1_i3::g.23558::m.23558	46.405	153	74	4	1	149	16	164	5.83e-46	149
Caeneleg	CP@TRINITY_DN708_c0_g1::CP@TRINITY_DN708_c0_g1_i3::g.22573::m.22573	40.957	188	88	7	1	173	1	180	2.18e-41	137
Caeneleg	CP@TRINITY_DN708_c0_g1::CP@TRINITY_DN708_c0_g1_i1::g.22572::m.22572	40.957	188	88	7	1	173	1	180	2.18e-41	137
Mnemleid	CP@TRINITY_DN7261_c0_g1::CP@TRINITY_DN7261_c0_g1_i1::g.23556::m.23556	48.876	178	85	3	1	174	16	191	1.14e-59	184
Mnemleid	CP@TRINITY_DN7261_c0_g1::CP@TRINITY_DN7261_c0_g1_i3::g.23558::m.23558	50.993	151	72	2	1	151	16	164	2.55e-52	165
Mnemleid	CP@TRINITY_DN708_c0_g1::CP@TRINITY_DN708_c0_g1_i3::g.22573::m.22573	45.652	184	86	5	1	174	1	180	4.55e-51	162
Mnemleid	CP@TRINITY_DN708_c0_g1::CP@TRINITY_DN708_c0_g1_i1::g.22572::m.22572	45.652	184	86	5	1	174	1	180	4.55e-51	162
Apismell	CP@TRINITY_DN7261_c0_g1::CP@TRINITY_DN7261_c0_g1_i1::g.23556::m.23556	48.889	180	80	4	1	172	16	191	7.14e-60	185
Apismell	CP@TRINITY_DN708_c0_g1::CP@TRINITY_DN708_c0_g1_i3::g.22573::m.22573	48.352	182	82	5	1	172	1	180	9.58e-55	171
Apismell	CP@TRINITY_DN708_c0_g1::CP@TRINITY_DN708_c0_g1_i1::g.22572::m.22572	48.352	182	82	5	1	172	1	180	9.58e-55	171
Apismell	CP@TRINITY_DN7261_c0_g1::CP@TRINITY_DN7261_c0_g1_i3::g.23558::m.23558	49.673	153	69	3	1	149	16	164	2.03e-49	157
Drosmela	CP@TRINITY_DN7261_c0_g1::CP@TRINITY_DN7261_c0_g1_i1::g.23556::m.23556	49.721	179	80	4	1	172	16	191	2.58e-62	191
Drosmela	CP@TRINITY_DN708_c0_g1::CP@TRINITY_DN708_c0_g1_i3::g.22573::m.22573	49.462	186	74	7	1	172	1	180	5.37e-54	169
Drosmela	CP@TRINITY_DN708_c0_g1::CP@TRINITY_DN708_c0_g1_i1::g.22572::m.22572	49.462	186	74	7	1	172	1	180	5.37e-54	169
Drosmela	CP@TRINITY_DN7261_c0_g1::CP@TRINITY_DN7261_c0_g1_i3::g.23558::m.23558	49.673	153	70	3	1	149	16	165	3.51e-51	162
Branflor	CP@TRINITY_DN7261_c0_g1::CP@TRINITY_DN7261_c0_g1_i1::g.23556::m.23556	51.553	161	69	3	1	154	33	191	6.97e-55	171
Branflor	CP@TRINITY_DN708_c0_g1::CP@TRINITY_DN708_c0_g1_i3::g.22573::m.22573	51.852	162	70	3	1	154	19	180	5.06e-54	169
Branflor	CP@TRINITY_DN708_c0_g1::CP@TRINITY_DN708_c0_g1_i1::g.22572::m.22572	51.852	162	70	3	1	154	19	180	5.06e-54	169
Branflor	CP@TRINITY_DN7261_c0_g1::CP@TRINITY_DN7261_c0_g1_i3::g.23558::m.23558	52.941	136	58	2	1	132	33	166	1.10e-46	149
Gallgall	CP@TRINITY_DN7261_c0_g1::CP@TRINITY_DN7261_c0_g1_i1::g.23556::m.23556	50.000	180	79	5	1	173	16	191	2.63e-58	181
Gallgall	CP@TRINITY_DN708_c0_g1::CP@TRINITY_DN708_c0_g1_i3::g.22573::m.22573	48.066	181	85	4	1	173	1	180	4.58e-56	174
Gallgall	CP@TRINITY_DN708_c0_g1::CP@TRINITY_DN708_c0_g1_i1::g.22572::m.22572	48.066	181	85	4	1	173	1	180	4.58e-56	174
Gallgall	CP@TRINITY_DN7261_c0_g1::CP@TRINITY_DN7261_c0_g1_i3::g.23558::m.23558	50.968	155	68	4	1	151	16	166	5.42e-49	156
Aplycali	CP@TRINITY_DN7261_c0_g1::CP@TRINITY_DN7261_c0_g1_i1::g.23556::m.23556	49.162	179	80	4	1	171	16	191	8.94e-60	184
Aplycali	CP@TRINITY_DN708_c0_g1::CP@TRINITY_DN708_c0_g1_i3::g.22573::m.22573	53.039	181	74	5	1	171	1	180	9.42e-59	181
Aplycali	CP@TRINITY_DN708_c0_g1::CP@TRINITY_DN708_c0_g1_i1::g.22572::m.22572	53.039	181	74	5	1	171	1	180	9.42e-59	181
Aplycali	CP@TRINITY_DN7261_c0_g1::CP@TRINITY_DN7261_c0_g1_i3::g.23558::m.23558	49.020	153	71	3	1	149	16	165	6.50e-50	159
Tricadha	CP@TRINITY_DN7261_c0_g1::CP@TRINITY_DN7261_c0_g1_i1::g.23556::m.23556	46.629	178	86	4	1	171	16	191	2.21e-56	176
Tricadha	CP@TRINITY_DN708_c0_g1::CP@TRINITY_DN708_c0_g1_i3::g.22573::m.22573	46.409	181	86	7	1	171	1	180	2.89e-50	159
Tricadha	CP@TRINITY_DN708_c0_g1::CP@TRINITY_DN708_c0_g1_i1::g.22572::m.22572	46.409	181	86	7	1	171	1	180	2.89e-50	159
Tricadha	CP@TRINITY_DN7261_c0_g1::CP@TRINITY_DN7261_c0_g1_i3::g.23558::m.23558	47.682	151	73	3	1	147	16	164	8.43e-48	153
Minivibr	CP@TRINITY_DN708_c0_g1::CP@TRINITY_DN708_c0_g1_i3::g.22573::m.22573	46.703	182	87	4	4	176	1	181	8.59e-51	161
Minivibr	CP@TRINITY_DN708_c0_g1::CP@TRINITY_DN708_c0_g1_i1::g.22572::m.22572	46.703	182	87	4	4	176	1	181	8.59e-51	161
Minivibr	CP@TRINITY_DN7261_c0_g1::CP@TRINITY_DN7261_c0_g1_i1::g.23556::m.23556	42.857	182	92	5	2	175	14	191	5.39e-48	154
Amoepara	CP@TRINITY_DN708_c0_g1::CP@TRINITY_DN708_c0_g1_i3::g.22573::m.22573	44.444	180	89	4	1	170	1	179	2.42e-51	162
Amoepara	CP@TRINITY_DN708_c0_g1::CP@TRINITY_DN708_c0_g1_i1::g.22572::m.22572	44.444	180	89	4	1	170	1	179	2.42e-51	162
Goniavon	CP@TRINITY_DN708_c0_g1::CP@TRINITY_DN708_c0_g1_i3::g.22573::m.22573	44.022	184	88	6	7	181	3	180	2.32e-45	147
Goniavon	CP@TRINITY_DN708_c0_g1::CP@TRINITY_DN708_c0_g1_i1::g.22572::m.22572	44.022	184	88	6	7	181	3	180	2.32e-45	147
Goniavon	CP@TRINITY_DN7261_c0_g1::CP@TRINITY_DN7261_c0_g1_i1::g.23556::m.23556	44.654	159	81	3	27	181	36	191	5.21e-43	142
