Gracchor	CP@TRINITY_DN1858_c0_g1::CP@TRINITY_DN1858_c0_g1_i3::g.46745::m.46745	37.394	353	205	7	15	363	15	355	2.10e-77	244
Gracchor	CP@TRINITY_DN569_c0_g2::CP@TRINITY_DN569_c0_g2_i1::g.12636::m.12636	33.832	334	200	8	4	332	25	342	7.89e-53	184
Gracchor	CP@TRINITY_DN569_c0_g1::CP@TRINITY_DN569_c0_g1_i27::g.12625::m.12625	33.832	334	200	8	4	332	25	342	7.89e-53	184
Galdphle	CP@TRINITY_DN1858_c0_g1::CP@TRINITY_DN1858_c0_g1_i3::g.46745::m.46745	41.854	356	193	5	27	378	15	360	3.57e-96	293
Galdphle	CP@TRINITY_DN569_c0_g2::CP@TRINITY_DN569_c0_g2_i1::g.12636::m.12636	33.138	341	205	7	18	351	28	352	2.68e-60	205
Galdphle	CP@TRINITY_DN569_c0_g1::CP@TRINITY_DN569_c0_g1_i27::g.12625::m.12625	33.138	341	205	7	18	351	28	352	2.68e-60	205
Porppurp	CP@TRINITY_DN1858_c0_g1::CP@TRINITY_DN1858_c0_g1_i3::g.46745::m.46745	41.047	363	195	9	15	372	10	358	8.67e-86	265
Porppurp	CP@TRINITY_DN569_c0_g2::CP@TRINITY_DN569_c0_g2_i1::g.12636::m.12636	34.278	353	204	8	3	346	19	352	1.50e-58	199
Porppurp	CP@TRINITY_DN569_c0_g1::CP@TRINITY_DN569_c0_g1_i27::g.12625::m.12625	34.278	353	204	8	3	346	19	352	1.50e-58	199
Batrdend	CP@TRINITY_DN1858_c0_g1::CP@TRINITY_DN1858_c0_g1_i3::g.46745::m.46745	42.458	358	198	3	22	374	1	355	2.73e-105	315
Batrdend	CP@TRINITY_DN569_c0_g2::CP@TRINITY_DN569_c0_g2_i1::g.12636::m.12636	40.741	351	196	5	8	352	9	353	8.54e-85	268
Batrdend	CP@TRINITY_DN569_c0_g1::CP@TRINITY_DN569_c0_g1_i27::g.12625::m.12625	40.741	351	196	5	8	352	9	353	8.54e-85	268
Parasacc	CP@TRINITY_DN1858_c0_g1::CP@TRINITY_DN1858_c0_g1_i3::g.46745::m.46745	42.254	355	199	3	5	354	2	355	2.05e-94	287
Parasacc	CP@TRINITY_DN569_c0_g2::CP@TRINITY_DN569_c0_g2_i1::g.12636::m.12636	35.312	320	199	4	16	330	36	352	1.49e-64	214
Parasacc	CP@TRINITY_DN569_c0_g1::CP@TRINITY_DN569_c0_g1_i27::g.12625::m.12625	35.312	320	199	4	16	330	36	352	1.49e-64	214
Parvatla	CP@TRINITY_DN1858_c0_g1::CP@TRINITY_DN1858_c0_g1_i3::g.46745::m.46745	48.459	357	179	3	25	381	9	360	6.83e-124	364
Parvatla	CP@TRINITY_DN569_c0_g2::CP@TRINITY_DN569_c0_g2_i1::g.12636::m.12636	37.830	341	197	6	20	355	25	355	7.85e-79	254
Parvatla	CP@TRINITY_DN569_c0_g1::CP@TRINITY_DN569_c0_g1_i27::g.12625::m.12625	37.830	341	197	6	20	355	25	355	7.85e-79	254
Nemavect	CP@TRINITY_DN1858_c0_g1::CP@TRINITY_DN1858_c0_g1_i3::g.46745::m.46745	60.674	356	140	0	11	366	5	360	1.25e-162	462
Nemavect	CP@TRINITY_DN569_c0_g2::CP@TRINITY_DN569_c0_g2_i1::g.12636::m.12636	41.317	334	183	5	18	343	32	360	3.78e-89	280
Nemavect	CP@TRINITY_DN569_c0_g1::CP@TRINITY_DN569_c0_g1_i27::g.12625::m.12625	41.317	334	183	5	18	343	32	360	3.78e-89	280
Homosapi	CP@TRINITY_DN1858_c0_g1::CP@TRINITY_DN1858_c0_g1_i3::g.46745::m.46745	59.207	353	143	1	11	363	9	360	9.95e-156	444
Homosapi	CP@TRINITY_DN569_c0_g2::CP@TRINITY_DN569_c0_g2_i1::g.12636::m.12636	41.360	353	194	6	9	354	28	374	2.20e-93	290
Homosapi	CP@TRINITY_DN569_c0_g1::CP@TRINITY_DN569_c0_g1_i27::g.12625::m.12625	41.360	353	194	6	9	354	28	374	2.20e-93	290
Sphadest	CP@TRINITY_DN1858_c0_g1::CP@TRINITY_DN1858_c0_g1_i3::g.46745::m.46745	50.000	358	177	2	1	356	1	358	1.15e-124	364
Sphadest	CP@TRINITY_DN569_c0_g2::CP@TRINITY_DN569_c0_g2_i1::g.12636::m.12636	38.554	332	194	4	7	332	28	355	8.73e-78	249
Sphadest	CP@TRINITY_DN569_c0_g1::CP@TRINITY_DN569_c0_g1_i27::g.12625::m.12625	38.554	332	194	4	7	332	28	355	8.73e-78	249
Pigoviet	CP@TRINITY_DN1858_c0_g1::CP@TRINITY_DN1858_c0_g1_i3::g.46745::m.46745	51.989	352	168	1	36	386	9	360	1.58e-133	388
Pigoviet	CP@TRINITY_DN569_c0_g2::CP@TRINITY_DN569_c0_g2_i1::g.12636::m.12636	39.157	332	187	4	37	360	31	355	7.26e-77	248
Pigoviet	CP@TRINITY_DN569_c0_g1::CP@TRINITY_DN569_c0_g1_i27::g.12625::m.12625	39.157	332	187	4	37	360	31	355	7.26e-77	248
Syssmult	CP@TRINITY_DN1858_c0_g1::CP@TRINITY_DN1858_c0_g1_i3::g.46745::m.46745	54.722	360	161	1	10	369	3	360	4.98e-138	399
Syssmult	CP@TRINITY_DN569_c0_g2::CP@TRINITY_DN569_c0_g2_i1::g.12636::m.12636	39.683	378	202	6	5	365	21	389	4.61e-92	287
Syssmult	CP@TRINITY_DN569_c0_g1::CP@TRINITY_DN569_c0_g1_i27::g.12625::m.12625	39.683	378	202	6	5	365	21	389	4.61e-92	287
Capsowcz	CP@TRINITY_DN1858_c0_g1::CP@TRINITY_DN1858_c0_g1_i3::g.46745::m.46745	53.333	345	160	1	22	366	16	359	5.55e-136	394
Capsowcz	CP@TRINITY_DN569_c0_g2::CP@TRINITY_DN569_c0_g2_i1::g.12636::m.12636	39.003	341	195	5	25	358	40	374	9.08e-81	258
Capsowcz	CP@TRINITY_DN569_c0_g1::CP@TRINITY_DN569_c0_g1_i27::g.12625::m.12625	39.003	341	195	5	25	358	40	374	9.08e-81	258
Coralima	CP@TRINITY_DN1858_c0_g1::CP@TRINITY_DN1858_c0_g1_i3::g.46745::m.46745	48.991	347	173	3	14	359	15	358	1.82e-115	341
Coralima	CP@TRINITY_DN569_c0_g2::CP@TRINITY_DN569_c0_g2_i1::g.12636::m.12636	39.692	325	187	3	14	334	36	355	3.30e-81	258
Coralima	CP@TRINITY_DN569_c0_g1::CP@TRINITY_DN569_c0_g1_i27::g.12625::m.12625	39.692	325	187	3	14	334	36	355	3.30e-81	258
Monobrev	CP@TRINITY_DN1858_c0_g1::CP@TRINITY_DN1858_c0_g1_i3::g.46745::m.46745	48.343	362	178	3	6	367	3	355	4.35e-117	346
Monobrev	CP@TRINITY_DN569_c0_g2::CP@TRINITY_DN569_c0_g2_i1::g.12636::m.12636	35.468	406	225	8	13	395	31	422	1.60e-75	244
Monobrev	CP@TRINITY_DN569_c0_g1::CP@TRINITY_DN569_c0_g1_i27::g.12625::m.12625	35.468	406	225	8	13	395	31	422	1.60e-75	244
Rozeallo	CP@TRINITY_DN1858_c0_g1::CP@TRINITY_DN1858_c0_g1_i3::g.46745::m.46745	44.972	358	190	5	2	353	5	361	4.10e-111	329
Rozeallo	CP@TRINITY_DN569_c0_g2::CP@TRINITY_DN569_c0_g2_i1::g.12636::m.12636	40.361	332	181	8	7	328	31	355	1.66e-78	251
Rozeallo	CP@TRINITY_DN569_c0_g1::CP@TRINITY_DN569_c0_g1_i27::g.12625::m.12625	40.361	332	181	8	7	328	31	355	1.66e-78	251
Naeggrub	CP@TRINITY_DN1858_c0_g1::CP@TRINITY_DN1858_c0_g1_i3::g.46745::m.46745	38.810	353	204	7	17	361	9	357	2.20e-80	251
Naeggrub	CP@TRINITY_DN569_c0_g2::CP@TRINITY_DN569_c0_g2_i1::g.12636::m.12636	32.692	312	195	8	18	321	31	335	1.15e-48	172
Naeggrub	CP@TRINITY_DN569_c0_g1::CP@TRINITY_DN569_c0_g1_i27::g.12625::m.12625	32.692	312	195	8	18	321	31	335	1.15e-48	172
Paulchro	CP@TRINITY_DN1858_c0_g1::CP@TRINITY_DN1858_c0_g1_i3::g.46745::m.46745	39.776	357	204	6	12	358	3	358	9.28e-85	262
Paulchro	CP@TRINITY_DN569_c0_g2::CP@TRINITY_DN569_c0_g2_i1::g.12636::m.12636	34.268	321	193	7	19	326	31	346	1.82e-58	198
Paulchro	CP@TRINITY_DN569_c0_g1::CP@TRINITY_DN569_c0_g1_i27::g.12625::m.12625	34.268	321	193	7	19	326	31	346	1.82e-58	198
Bigenata	CP@TRINITY_DN1858_c0_g1::CP@TRINITY_DN1858_c0_g1_i3::g.46745::m.46745	45.404	359	189	5	7	360	4	360	1.41e-105	317
Bigenata	CP@TRINITY_DN569_c0_g2::CP@TRINITY_DN569_c0_g2_i1::g.12636::m.12636	32.733	333	205	6	3	326	24	346	3.40e-57	196
Bigenata	CP@TRINITY_DN569_c0_g1::CP@TRINITY_DN569_c0_g1_i27::g.12625::m.12625	32.733	333	205	6	3	326	24	346	3.40e-57	196
Aurisoli	CP@TRINITY_DN1858_c0_g1::CP@TRINITY_DN1858_c0_g1_i3::g.46745::m.46745	41.808	354	198	6	31	377	3	355	4.05e-93	285
Aurisoli	CP@TRINITY_DN569_c0_g2::CP@TRINITY_DN569_c0_g2_i1::g.12636::m.12636	35.093	322	193	7	38	349	31	346	2.69e-61	207
Aurisoli	CP@TRINITY_DN569_c0_g1::CP@TRINITY_DN569_c0_g1_i27::g.12625::m.12625	35.093	322	193	7	38	349	31	346	2.69e-61	207
TeloneP2	CP@TRINITY_DN1858_c0_g1::CP@TRINITY_DN1858_c0_g1_i3::g.46745::m.46745	40.533	338	185	9	2	335	18	343	7.27e-77	241
TeloneP2	CP@TRINITY_DN569_c0_g2::CP@TRINITY_DN569_c0_g2_i1::g.12636::m.12636	35.474	327	190	8	3	320	40	354	1.33e-53	185
TeloneP2	CP@TRINITY_DN569_c0_g1::CP@TRINITY_DN569_c0_g1_i27::g.12625::m.12625	35.474	327	190	8	3	320	40	354	1.33e-53	185
TeloneP1	CP@TRINITY_DN1858_c0_g1::CP@TRINITY_DN1858_c0_g1_i3::g.46745::m.46745	41.713	362	187	11	56	410	15	359	5.07e-84	262
TeloneP1	CP@TRINITY_DN569_c0_g2::CP@TRINITY_DN569_c0_g2_i1::g.12636::m.12636	33.611	360	207	13	41	389	24	362	4.37e-48	172
TeloneP1	CP@TRINITY_DN569_c0_g1::CP@TRINITY_DN569_c0_g1_i27::g.12625::m.12625	33.611	360	207	13	41	389	24	362	4.37e-48	172
Telosubt	CP@TRINITY_DN1858_c0_g1::CP@TRINITY_DN1858_c0_g1_i3::g.46745::m.46745	39.498	319	177	9	4	317	37	344	2.51e-67	216
Plasbras	CP@TRINITY_DN1858_c0_g1::CP@TRINITY_DN1858_c0_g1_i3::g.46745::m.46745	42.898	352	187	6	27	369	9	355	2.02e-91	280
Plasbras	CP@TRINITY_DN569_c0_g2::CP@TRINITY_DN569_c0_g2_i1::g.12636::m.12636	33.234	337	206	9	14	340	19	346	7.46e-53	184
Plasbras	CP@TRINITY_DN569_c0_g1::CP@TRINITY_DN569_c0_g1_i27::g.12625::m.12625	33.234	337	206	9	14	340	19	346	7.46e-53	184
Dictdisc	CP@TRINITY_DN1858_c0_g1::CP@TRINITY_DN1858_c0_g1_i3::g.46745::m.46745	43.017	358	195	5	10	363	5	357	2.15e-98	298
Dictdisc	CP@TRINITY_DN569_c0_g2::CP@TRINITY_DN569_c0_g2_i1::g.12636::m.12636	35.191	341	199	6	8	332	12	346	1.30e-63	213
Dictdisc	CP@TRINITY_DN569_c0_g1::CP@TRINITY_DN569_c0_g1_i27::g.12625::m.12625	35.191	341	199	6	8	332	12	346	1.30e-63	213
Trypbruc	CP@TRINITY_DN1858_c0_g1::CP@TRINITY_DN1858_c0_g1_i3::g.46745::m.46745	36.578	339	206	6	23	355	3	338	8.13e-66	214
Trypbruc	CP@TRINITY_DN569_c0_g2::CP@TRINITY_DN569_c0_g2_i1::g.12636::m.12636	29.429	350	233	8	9	349	10	354	4.89e-47	168
Trypbruc	CP@TRINITY_DN569_c0_g1::CP@TRINITY_DN569_c0_g1_i27::g.12625::m.12625	29.429	350	233	8	9	349	10	354	4.89e-47	168
Leptpyrr	CP@TRINITY_DN1858_c0_g1::CP@TRINITY_DN1858_c0_g1_i3::g.46745::m.46745	38.507	335	195	7	21	348	3	333	1.31e-67	218
Leptpyrr	CP@TRINITY_DN569_c0_g2::CP@TRINITY_DN569_c0_g2_i1::g.12636::m.12636	30.915	317	207	7	28	337	31	342	2.10e-47	169
Leptpyrr	CP@TRINITY_DN569_c0_g1::CP@TRINITY_DN569_c0_g1_i27::g.12625::m.12625	30.915	317	207	7	28	337	31	342	2.10e-47	169
Leismajo	CP@TRINITY_DN1858_c0_g1::CP@TRINITY_DN1858_c0_g1_i3::g.46745::m.46745	38.393	336	194	7	21	348	3	333	9.47e-70	224
Leismajo	CP@TRINITY_DN569_c0_g2::CP@TRINITY_DN569_c0_g2_i1::g.12636::m.12636	31.378	341	220	8	4	337	9	342	2.41e-49	174
Leismajo	CP@TRINITY_DN569_c0_g1::CP@TRINITY_DN569_c0_g1_i27::g.12625::m.12625	31.378	341	220	8	4	337	9	342	2.41e-49	174
Paraconf	CP@TRINITY_DN1858_c0_g1::CP@TRINITY_DN1858_c0_g1_i3::g.46745::m.46745	35.882	340	207	7	21	353	3	338	3.43e-66	214
Paraconf	CP@TRINITY_DN569_c0_g2::CP@TRINITY_DN569_c0_g2_i1::g.12636::m.12636	30.233	344	231	6	18	355	21	361	1.11e-50	178
Paraconf	CP@TRINITY_DN569_c0_g1::CP@TRINITY_DN569_c0_g1_i27::g.12625::m.12625	30.233	344	231	6	18	355	21	361	1.11e-50	178
Thectrah	CP@TRINITY_DN1858_c0_g1::CP@TRINITY_DN1858_c0_g1_i3::g.46745::m.46745	32.520	369	231	9	18	381	4	359	1.44e-50	174
Leptvora	CP@TRINITY_DN1858_c0_g1::CP@TRINITY_DN1858_c0_g1_i3::g.46745::m.46745	43.343	353	188	5	49	398	15	358	4.40e-92	283
Leptvora	CP@TRINITY_DN569_c0_g2::CP@TRINITY_DN569_c0_g2_i1::g.12636::m.12636	33.538	325	195	6	49	366	36	346	1.29e-53	187
Leptvora	CP@TRINITY_DN569_c0_g1::CP@TRINITY_DN569_c0_g1_i27::g.12625::m.12625	33.538	325	195	6	49	366	36	346	1.29e-53	187
Physpoly	CP@TRINITY_DN1858_c0_g1::CP@TRINITY_DN1858_c0_g1_i3::g.46745::m.46745	42.693	349	190	7	34	374	15	361	6.06e-95	290
Physpoly	CP@TRINITY_DN569_c0_g2::CP@TRINITY_DN569_c0_g2_i1::g.12636::m.12636	34.743	331	200	9	29	349	31	355	4.19e-58	199
Physpoly	CP@TRINITY_DN569_c0_g1::CP@TRINITY_DN569_c0_g1_i27::g.12625::m.12625	34.743	331	200	9	29	349	31	355	4.19e-58	199
Monoexil	CP@TRINITY_DN1858_c0_g1::CP@TRINITY_DN1858_c0_g1_i3::g.46745::m.46745	33.161	386	222	7	10	390	2	356	1.55e-62	207
Raphhete	CP@TRINITY_DN1858_c0_g1::CP@TRINITY_DN1858_c0_g1_i3::g.46745::m.46745	35.459	392	224	13	73	450	8	384	1.75e-60	202
AcanthFB	CP@TRINITY_DN1858_c0_g1::CP@TRINITY_DN1858_c0_g1_i3::g.46745::m.46745	40.541	185	100	2	19	200	6	183	6.28e-44	150
Rainerin	CP@TRINITY_DN1858_c0_g1::CP@TRINITY_DN1858_c0_g1_i3::g.46745::m.46745	39.718	355	194	8	41	386	15	358	1.11e-81	256
ChoanoFB	CP@TRINITY_DN1858_c0_g1::CP@TRINITY_DN1858_c0_g1_i3::g.46745::m.46745	36.261	353	204	8	23	366	15	355	2.17e-77	244
ChoanoFB	CP@TRINITY_DN569_c0_g2::CP@TRINITY_DN569_c0_g2_i1::g.12636::m.12636	33.528	343	201	10	16	347	29	355	2.41e-47	169
ChoanoFB	CP@TRINITY_DN569_c0_g1::CP@TRINITY_DN569_c0_g1_i27::g.12625::m.12625	33.528	343	201	10	16	347	29	355	2.41e-47	169
Sori0191	CP@TRINITY_DN1858_c0_g1::CP@TRINITY_DN1858_c0_g1_i3::g.46745::m.46745	38.279	337	197	7	23	350	16	350	1.04e-80	251
Ammo1384	CP@TRINITY_DN1858_c0_g1::CP@TRINITY_DN1858_c0_g1_i3::g.46745::m.46745	42.029	345	189	6	34	369	15	357	2.62e-90	280
Ammo1384	CP@TRINITY_DN569_c0_g2::CP@TRINITY_DN569_c0_g2_i1::g.12636::m.12636	31.990	397	235	12	34	412	36	415	1.10e-56	197
Ammo1384	CP@TRINITY_DN569_c0_g1::CP@TRINITY_DN569_c0_g1_i27::g.12625::m.12625	31.990	397	235	12	34	412	36	415	1.10e-56	197
Retifilo	CP@TRINITY_DN1858_c0_g1::CP@TRINITY_DN1858_c0_g1_i3::g.46745::m.46745	38.500	200	118	3	1	197	161	358	1.10e-43	154
Stencoer	CP@TRINITY_DN1858_c0_g1::CP@TRINITY_DN1858_c0_g1_i3::g.46745::m.46745	39.045	356	211	5	1	352	2	355	9.73e-89	273
Stencoer	CP@TRINITY_DN569_c0_g2::CP@TRINITY_DN569_c0_g2_i1::g.12636::m.12636	34.097	349	215	5	10	348	31	374	5.80e-69	226
Stencoer	CP@TRINITY_DN569_c0_g1::CP@TRINITY_DN569_c0_g1_i27::g.12625::m.12625	34.097	349	215	5	10	348	31	374	5.80e-69	226
Platmacr	CP@TRINITY_DN1858_c0_g1::CP@TRINITY_DN1858_c0_g1_i3::g.46745::m.46745	43.909	353	193	4	16	364	9	360	7.47e-104	312
Platmacr	CP@TRINITY_DN569_c0_g2::CP@TRINITY_DN569_c0_g2_i1::g.12636::m.12636	36.036	333	201	4	5	330	19	346	4.70e-67	222
Platmacr	CP@TRINITY_DN569_c0_g1::CP@TRINITY_DN569_c0_g1_i27::g.12625::m.12625	36.036	333	201	4	5	330	19	346	4.70e-67	222
Stroincl	CP@TRINITY_DN1858_c0_g1::CP@TRINITY_DN1858_c0_g1_i3::g.46745::m.46745	39.888	356	198	7	17	360	6	357	1.92e-78	246
Stroincl	CP@TRINITY_DN569_c0_g2::CP@TRINITY_DN569_c0_g2_i1::g.12636::m.12636	32.615	325	200	6	13	326	28	344	7.03e-53	184
Stroincl	CP@TRINITY_DN569_c0_g1::CP@TRINITY_DN569_c0_g1_i27::g.12625::m.12625	32.615	325	200	6	13	326	28	344	7.03e-53	184
Styllemn	CP@TRINITY_DN1858_c0_g1::CP@TRINITY_DN1858_c0_g1_i3::g.46745::m.46745	41.854	356	195	6	21	368	6	357	2.35e-90	277
Styllemn	CP@TRINITY_DN569_c0_g2::CP@TRINITY_DN569_c0_g2_i1::g.12636::m.12636	34.808	339	206	5	3	334	14	344	3.94e-62	209
Styllemn	CP@TRINITY_DN569_c0_g1::CP@TRINITY_DN569_c0_g1_i27::g.12625::m.12625	34.808	339	206	5	3	334	14	344	3.94e-62	209
Tetrther	CP@TRINITY_DN1858_c0_g1::CP@TRINITY_DN1858_c0_g1_i3::g.46745::m.46745	41.989	362	200	4	4	362	3	357	2.30e-93	284
Tetrther	CP@TRINITY_DN569_c0_g2::CP@TRINITY_DN569_c0_g2_i1::g.12636::m.12636	37.612	335	192	7	16	347	36	356	9.46e-68	223
Tetrther	CP@TRINITY_DN569_c0_g1::CP@TRINITY_DN569_c0_g1_i27::g.12625::m.12625	37.612	335	192	7	16	347	36	356	9.46e-68	223
Ichtmult	CP@TRINITY_DN1858_c0_g1::CP@TRINITY_DN1858_c0_g1_i3::g.46745::m.46745	39.227	362	209	5	6	363	3	357	1.89e-86	267
Ichtmult	CP@TRINITY_DN569_c0_g2::CP@TRINITY_DN569_c0_g2_i1::g.12636::m.12636	37.975	316	186	6	18	330	36	344	2.86e-64	214
Ichtmult	CP@TRINITY_DN569_c0_g1::CP@TRINITY_DN569_c0_g1_i27::g.12625::m.12625	37.975	316	186	6	18	330	36	344	2.86e-64	214
Protadhe	CP@TRINITY_DN1858_c0_g1::CP@TRINITY_DN1858_c0_g1_i3::g.46745::m.46745	43.889	360	195	5	4	359	2	358	7.02e-100	301
Protadhe	CP@TRINITY_DN569_c0_g2::CP@TRINITY_DN569_c0_g2_i1::g.12636::m.12636	36.888	347	199	8	4	341	23	358	8.19e-69	226
Protadhe	CP@TRINITY_DN569_c0_g1::CP@TRINITY_DN569_c0_g1_i27::g.12625::m.12625	36.888	347	199	8	4	341	23	358	8.19e-69	226
Colpangu	CP@TRINITY_DN1858_c0_g1::CP@TRINITY_DN1858_c0_g1_i3::g.46745::m.46745	37.209	344	201	8	22	358	2	337	4.93e-69	223
Colpangu	CP@TRINITY_DN569_c0_g2::CP@TRINITY_DN569_c0_g2_i1::g.12636::m.12636	28.399	331	216	8	26	347	28	346	1.80e-42	156
Colpangu	CP@TRINITY_DN569_c0_g1::CP@TRINITY_DN569_c0_g1_i27::g.12625::m.12625	28.399	331	216	8	26	347	28	346	1.80e-42	156
Plasfalc	CP@TRINITY_DN1858_c0_g1::CP@TRINITY_DN1858_c0_g1_i3::g.46745::m.46745	32.102	352	230	7	7	354	9	355	1.59e-64	210
Plasfalc	CP@TRINITY_DN569_c0_g2::CP@TRINITY_DN569_c0_g2_i1::g.12636::m.12636	32.628	331	201	7	5	324	27	346	1.55e-53	186
Plasfalc	CP@TRINITY_DN569_c0_g1::CP@TRINITY_DN569_c0_g1_i27::g.12625::m.12625	32.628	331	201	7	5	324	27	346	1.55e-53	186
AmoeALEX	CP@TRINITY_DN1858_c0_g1::CP@TRINITY_DN1858_c0_g1_i3::g.46745::m.46745	41.131	389	196	6	12	397	3	361	1.45e-98	299
Noctscin	CP@TRINITY_DN1858_c0_g1::CP@TRINITY_DN1858_c0_g1_i3::g.46745::m.46745	45.055	364	190	6	35	395	5	361	7.11e-102	308
Noctscin	CP@TRINITY_DN569_c0_g2::CP@TRINITY_DN569_c0_g2_i1::g.12636::m.12636	32.024	331	199	5	40	359	31	346	1.49e-53	187
Noctscin	CP@TRINITY_DN569_c0_g1::CP@TRINITY_DN569_c0_g1_i27::g.12625::m.12625	32.024	331	199	5	40	359	31	346	1.49e-53	187
Symbmicr	CP@TRINITY_DN1858_c0_g1::CP@TRINITY_DN1858_c0_g1_i3::g.46745::m.46745	47.011	368	182	7	88	449	1	361	6.37e-109	328
Symbmicr	CP@TRINITY_DN569_c0_g2::CP@TRINITY_DN569_c0_g2_i1::g.12636::m.12636	32.822	326	199	6	97	412	31	346	1.36e-54	191
Symbmicr	CP@TRINITY_DN569_c0_g1::CP@TRINITY_DN569_c0_g1_i27::g.12625::m.12625	32.822	326	199	6	97	412	31	346	1.36e-54	191
HemaVICK	CP@TRINITY_DN1858_c0_g1::CP@TRINITY_DN1858_c0_g1_i3::g.46745::m.46745	45.968	372	183	6	1	365	1	361	2.51e-110	328
HemaVICK	CP@TRINITY_DN569_c0_g2::CP@TRINITY_DN569_c0_g2_i1::g.12636::m.12636	34.513	339	197	6	10	337	31	355	2.03e-59	202
HemaVICK	CP@TRINITY_DN569_c0_g1::CP@TRINITY_DN569_c0_g1_i27::g.12625::m.12625	34.513	339	197	6	10	337	31	355	2.03e-59	202
Oxyrmari	CP@TRINITY_DN1858_c0_g1::CP@TRINITY_DN1858_c0_g1_i3::g.46745::m.46745	41.620	358	199	5	28	379	5	358	9.70e-93	284
Oxyrmari	CP@TRINITY_DN569_c0_g2::CP@TRINITY_DN569_c0_g2_i1::g.12636::m.12636	34.132	334	198	7	24	347	25	346	1.97e-58	199
Oxyrmari	CP@TRINITY_DN569_c0_g1::CP@TRINITY_DN569_c0_g1_i27::g.12625::m.12625	34.132	334	198	7	24	347	25	346	1.97e-58	199
Alphedax	CP@TRINITY_DN1858_c0_g1::CP@TRINITY_DN1858_c0_g1_i3::g.46745::m.46745	48.305	236	118	3	6	239	125	358	1.07e-71	224
Vitrbras	CP@TRINITY_DN1858_c0_g1::CP@TRINITY_DN1858_c0_g1_i3::g.46745::m.46745	43.548	372	194	6	12	380	3	361	5.41e-104	313
Vitrbras	CP@TRINITY_DN569_c0_g2::CP@TRINITY_DN569_c0_g2_i1::g.12636::m.12636	35.103	339	196	7	13	344	25	346	9.29e-63	211
Vitrbras	CP@TRINITY_DN569_c0_g1::CP@TRINITY_DN569_c0_g1_i27::g.12625::m.12625	35.103	339	196	7	13	344	25	346	9.29e-63	211
Protfung	CP@TRINITY_DN1858_c0_g1::CP@TRINITY_DN1858_c0_g1_i3::g.46745::m.46745	44.220	346	182	7	28	363	17	361	1.17e-97	296
Protfung	CP@TRINITY_DN569_c0_g2::CP@TRINITY_DN569_c0_g2_i1::g.12636::m.12636	35.691	311	187	5	30	332	40	345	1.15e-61	207
Protfung	CP@TRINITY_DN569_c0_g1::CP@TRINITY_DN569_c0_g1_i27::g.12625::m.12625	35.691	311	187	5	30	332	40	345	1.15e-61	207
Goniavon	CP@TRINITY_DN1858_c0_g1::CP@TRINITY_DN1858_c0_g1_i3::g.46745::m.46745	44.477	344	180	7	35	368	15	357	5.05e-94	287
Goniavon	CP@TRINITY_DN569_c0_g2::CP@TRINITY_DN569_c0_g2_i1::g.12636::m.12636	38.700	323	179	8	35	344	36	352	2.49e-70	230
Goniavon	CP@TRINITY_DN569_c0_g1::CP@TRINITY_DN569_c0_g1_i27::g.12625::m.12625	38.700	323	179	8	35	344	36	352	2.49e-70	230
Guilthet	CP@TRINITY_DN1858_c0_g1::CP@TRINITY_DN1858_c0_g1_i3::g.46745::m.46745	44.258	357	189	7	15	362	3	358	2.70e-96	292
Guilthet	CP@TRINITY_DN569_c0_g2::CP@TRINITY_DN569_c0_g2_i1::g.12636::m.12636	38.068	352	183	8	26	347	36	382	8.18e-72	234
Guilthet	CP@TRINITY_DN569_c0_g1::CP@TRINITY_DN569_c0_g1_i27::g.12625::m.12625	38.068	352	183	8	26	347	36	382	8.18e-72	234
Hemirufe	CP@TRINITY_DN1858_c0_g1::CP@TRINITY_DN1858_c0_g1_i3::g.46745::m.46745	44.382	356	186	7	17	361	3	357	2.20e-94	287
Hemirufe	CP@TRINITY_DN569_c0_g2::CP@TRINITY_DN569_c0_g2_i1::g.12636::m.12636	38.199	322	181	7	29	337	36	352	3.46e-68	224
Hemirufe	CP@TRINITY_DN569_c0_g1::CP@TRINITY_DN569_c0_g1_i27::g.12625::m.12625	38.199	322	181	7	29	337	36	352	3.46e-68	224
Gemicryo	CP@TRINITY_DN1858_c0_g1::CP@TRINITY_DN1858_c0_g1_i3::g.46745::m.46745	43.732	343	184	6	26	360	15	356	1.50e-90	277
Gemicryo	CP@TRINITY_DN569_c0_g2::CP@TRINITY_DN569_c0_g2_i1::g.12636::m.12636	35.362	345	204	8	3	335	15	352	5.52e-63	211
Gemicryo	CP@TRINITY_DN569_c0_g1::CP@TRINITY_DN569_c0_g1_i27::g.12625::m.12625	35.362	345	204	8	3	335	15	352	5.52e-63	211
Gephhuxl	CP@TRINITY_DN1858_c0_g1::CP@TRINITY_DN1858_c0_g1_i3::g.46745::m.46745	44.986	349	181	7	9	352	15	357	1.36e-92	282
Gephhuxl	CP@TRINITY_DN569_c0_g2::CP@TRINITY_DN569_c0_g2_i1::g.12636::m.12636	36.391	338	198	7	2	332	29	356	2.84e-61	206
Gephhuxl	CP@TRINITY_DN569_c0_g1::CP@TRINITY_DN569_c0_g1_i27::g.12625::m.12625	36.391	338	198	7	2	332	29	356	2.84e-61	206
Calclept	CP@TRINITY_DN1858_c0_g1::CP@TRINITY_DN1858_c0_g1_i3::g.46745::m.46745	44.837	368	186	8	23	383	3	360	1.48e-98	299
Calclept	CP@TRINITY_DN569_c0_g2::CP@TRINITY_DN569_c0_g2_i1::g.12636::m.12636	35.312	337	201	8	32	360	29	356	2.59e-62	210
Calclept	CP@TRINITY_DN569_c0_g1::CP@TRINITY_DN569_c0_g1_i27::g.12625::m.12625	35.312	337	201	8	32	360	29	356	2.59e-62	210
Phaeglob	CP@TRINITY_DN1858_c0_g1::CP@TRINITY_DN1858_c0_g1_i3::g.46745::m.46745	45.352	355	177	7	40	387	11	355	1.03e-99	302
Phaeglob	CP@TRINITY_DN569_c0_g2::CP@TRINITY_DN569_c0_g2_i1::g.12636::m.12636	36.544	353	201	8	29	368	13	355	9.03e-68	224
Phaeglob	CP@TRINITY_DN569_c0_g1::CP@TRINITY_DN569_c0_g1_i27::g.12625::m.12625	36.544	353	201	8	29	368	13	355	9.03e-68	224
Hemikukw	CP@TRINITY_DN1858_c0_g1::CP@TRINITY_DN1858_c0_g1_i3::g.46745::m.46745	44.253	348	184	8	41	381	15	359	5.18e-97	295
Hemikukw	CP@TRINITY_DN569_c0_g2::CP@TRINITY_DN569_c0_g2_i1::g.12636::m.12636	34.451	328	197	8	41	358	36	355	3.70e-54	188
Hemikukw	CP@TRINITY_DN569_c0_g1::CP@TRINITY_DN569_c0_g1_i27::g.12625::m.12625	34.451	328	197	8	41	358	36	355	3.70e-54	188
ChrysoH1	CP@TRINITY_DN1858_c0_g1::CP@TRINITY_DN1858_c0_g1_i3::g.46745::m.46745	42.433	337	188	3	24	360	3	333	5.58e-96	292
ChrysoH1	CP@TRINITY_DN569_c0_g2::CP@TRINITY_DN569_c0_g2_i1::g.12636::m.12636	34.551	356	214	8	16	366	17	358	9.12e-65	216
ChrysoH1	CP@TRINITY_DN569_c0_g1::CP@TRINITY_DN569_c0_g1_i27::g.12625::m.12625	34.551	356	214	8	16	366	17	358	9.12e-65	216
ChrysoH2	CP@TRINITY_DN1858_c0_g1::CP@TRINITY_DN1858_c0_g1_i3::g.46745::m.46745	41.399	343	195	3	32	374	1	337	3.56e-92	283
ChrysoH2	CP@TRINITY_DN569_c0_g2::CP@TRINITY_DN569_c0_g2_i1::g.12636::m.12636	35.404	322	191	5	47	363	37	346	2.59e-62	210
ChrysoH2	CP@TRINITY_DN569_c0_g1::CP@TRINITY_DN569_c0_g1_i27::g.12625::m.12625	35.404	322	191	5	47	363	37	346	2.59e-62	210
Thalpseu	CP@TRINITY_DN1858_c0_g1::CP@TRINITY_DN1858_c0_g1_i3::g.46745::m.46745	40.244	328	184	6	10	336	15	331	1.11e-77	243
Thalpseu	CP@TRINITY_DN569_c0_g2::CP@TRINITY_DN569_c0_g2_i1::g.12636::m.12636	34.545	330	189	6	10	331	36	346	6.53e-60	201
Thalpseu	CP@TRINITY_DN569_c0_g1::CP@TRINITY_DN569_c0_g1_i27::g.12625::m.12625	34.545	330	189	6	10	331	36	346	6.53e-60	201
EctocSP7	CP@TRINITY_DN1858_c0_g1::CP@TRINITY_DN1858_c0_g1_i3::g.46745::m.46745	42.659	361	195	6	20	374	3	357	1.08e-91	281
EctocSP7	CP@TRINITY_DN569_c0_g2::CP@TRINITY_DN569_c0_g2_i1::g.12636::m.12636	35.075	402	211	7	27	387	31	423	1.34e-71	234
EctocSP7	CP@TRINITY_DN569_c0_g1::CP@TRINITY_DN569_c0_g1_i27::g.12625::m.12625	35.075	402	211	7	27	387	31	423	1.34e-71	234
Phytpara	CP@TRINITY_DN1858_c0_g1::CP@TRINITY_DN1858_c0_g1_i3::g.46745::m.46745	43.767	361	191	7	24	379	5	358	3.40e-92	282
Phytpara	CP@TRINITY_DN569_c0_g2::CP@TRINITY_DN569_c0_g2_i1::g.12636::m.12636	33.140	344	200	9	17	348	21	346	4.35e-54	187
Phytpara	CP@TRINITY_DN569_c0_g1::CP@TRINITY_DN569_c0_g1_i27::g.12625::m.12625	33.140	344	200	9	17	348	21	346	4.35e-54	187
MAST004C	CP@TRINITY_DN1858_c0_g1::CP@TRINITY_DN1858_c0_g1_i3::g.46745::m.46745	40.782	358	163	11	40	352	3	356	2.05e-75	239
MAST004C	CP@TRINITY_DN569_c0_g2::CP@TRINITY_DN569_c0_g2_i1::g.12636::m.12636	32.432	333	182	9	47	337	31	362	1.02e-46	167
MAST004C	CP@TRINITY_DN569_c0_g1::CP@TRINITY_DN569_c0_g1_i27::g.12625::m.12625	32.432	333	182	9	47	337	31	362	1.02e-46	167
MAST004E	CP@TRINITY_DN1858_c0_g1::CP@TRINITY_DN1858_c0_g1_i3::g.46745::m.46745	46.571	350	162	9	18	346	10	355	1.10e-96	293
MAST004E	CP@TRINITY_DN569_c0_g2::CP@TRINITY_DN569_c0_g2_i1::g.12636::m.12636	35.942	345	187	10	12	332	28	362	8.58e-64	213
MAST004E	CP@TRINITY_DN569_c0_g1::CP@TRINITY_DN569_c0_g1_i27::g.12625::m.12625	35.942	345	187	10	12	332	28	362	8.58e-64	213
MAST04A1	CP@TRINITY_DN1858_c0_g1::CP@TRINITY_DN1858_c0_g1_i3::g.46745::m.46745	44.167	360	186	8	30	382	5	356	6.92e-97	295
MAST04A1	CP@TRINITY_DN569_c0_g2::CP@TRINITY_DN569_c0_g2_i1::g.12636::m.12636	36.994	346	191	8	35	367	31	362	1.08e-67	224
MAST04A1	CP@TRINITY_DN569_c0_g1::CP@TRINITY_DN569_c0_g1_i27::g.12625::m.12625	36.994	346	191	8	35	367	31	362	1.08e-67	224
BicoCB20	CP@TRINITY_DN1858_c0_g1::CP@TRINITY_DN1858_c0_g1_i3::g.46745::m.46745	46.087	345	180	5	84	424	15	357	3.05e-99	302
BicoCB20	CP@TRINITY_DN569_c0_g2::CP@TRINITY_DN569_c0_g2_i1::g.12636::m.12636	32.637	383	222	8	77	429	29	405	1.59e-61	209
BicoCB20	CP@TRINITY_DN569_c0_g1::CP@TRINITY_DN569_c0_g1_i27::g.12625::m.12625	32.637	383	222	8	77	429	29	405	1.59e-61	209
Parapyri	CP@TRINITY_DN1858_c0_g1::CP@TRINITY_DN1858_c0_g1_i3::g.46745::m.46745	39.726	365	203	5	19	375	3	358	1.27e-95	291
Parapyri	CP@TRINITY_DN569_c0_g2::CP@TRINITY_DN569_c0_g2_i1::g.12636::m.12636	33.238	349	201	11	23	357	28	358	3.40e-56	193
Parapyri	CP@TRINITY_DN569_c0_g1::CP@TRINITY_DN569_c0_g1_i27::g.12625::m.12625	33.238	349	201	11	23	357	28	358	3.40e-56	193
Andagodo	CP@TRINITY_DN1858_c0_g1::CP@TRINITY_DN1858_c0_g1_i3::g.46745::m.46745	40.000	345	198	6	7	343	2	345	2.45e-80	251
Andagodo	CP@TRINITY_DN569_c0_g2::CP@TRINITY_DN569_c0_g2_i1::g.12636::m.12636	36.449	321	188	6	15	324	31	346	5.94e-60	202
Andagodo	CP@TRINITY_DN569_c0_g1::CP@TRINITY_DN569_c0_g1_i27::g.12625::m.12625	36.449	321	188	6	15	324	31	346	5.94e-60	202
Styginca	CP@TRINITY_DN1858_c0_g1::CP@TRINITY_DN1858_c0_g1_i3::g.46745::m.46745	38.950	362	205	8	39	389	3	359	1.29e-80	253
Styginca	CP@TRINITY_DN569_c0_g2::CP@TRINITY_DN569_c0_g2_i1::g.12636::m.12636	31.804	327	206	7	46	360	31	352	4.82e-46	166
Styginca	CP@TRINITY_DN569_c0_g1::CP@TRINITY_DN569_c0_g1_i27::g.12625::m.12625	31.804	327	206	7	46	360	31	352	4.82e-46	166
Lapoguse	CP@TRINITY_DN1858_c0_g1::CP@TRINITY_DN1858_c0_g1_i3::g.46745::m.46745	44.737	342	180	7	46	379	15	355	7.76e-100	302
Lapoguse	CP@TRINITY_DN569_c0_g2::CP@TRINITY_DN569_c0_g2_i1::g.12636::m.12636	34.441	331	198	9	41	358	31	355	3.36e-61	207
Lapoguse	CP@TRINITY_DN569_c0_g1::CP@TRINITY_DN569_c0_g1_i27::g.12625::m.12625	34.441	331	198	9	41	358	31	355	3.36e-61	207
Tetrasti	CP@TRINITY_DN1858_c0_g1::CP@TRINITY_DN1858_c0_g1_i3::g.46745::m.46745	47.091	361	180	9	9	360	3	361	2.15e-103	311
Tetrasti	CP@TRINITY_DN569_c0_g2::CP@TRINITY_DN569_c0_g2_i1::g.12636::m.12636	33.231	325	202	8	12	327	28	346	1.32e-52	184
Tetrasti	CP@TRINITY_DN569_c0_g1::CP@TRINITY_DN569_c0_g1_i27::g.12625::m.12625	33.231	325	202	8	12	327	28	346	1.32e-52	184
Chlarein	CP@TRINITY_DN1858_c0_g1::CP@TRINITY_DN1858_c0_g1_i3::g.46745::m.46745	45.380	368	179	9	7	364	2	357	4.48e-97	295
Chlarein	CP@TRINITY_DN569_c0_g2::CP@TRINITY_DN569_c0_g2_i1::g.12636::m.12636	36.905	336	185	8	19	343	36	355	1.44e-60	204
Chlarein	CP@TRINITY_DN569_c0_g1::CP@TRINITY_DN569_c0_g1_i27::g.12625::m.12625	36.905	336	185	8	19	343	36	355	1.44e-60	204
Dunasali	CP@TRINITY_DN1858_c0_g1::CP@TRINITY_DN1858_c0_g1_i3::g.46745::m.46745	42.466	365	191	8	5	362	3	355	5.00e-90	276
Dunasali	CP@TRINITY_DN569_c0_g2::CP@TRINITY_DN569_c0_g2_i1::g.12636::m.12636	34.036	332	195	8	12	335	31	346	7.97e-53	184
Dunasali	CP@TRINITY_DN569_c0_g1::CP@TRINITY_DN569_c0_g1_i27::g.12625::m.12625	34.036	332	195	8	12	335	31	346	7.97e-53	184
Prascaps	CP@TRINITY_DN1858_c0_g1::CP@TRINITY_DN1858_c0_g1_i3::g.46745::m.46745	48.619	362	173	9	46	400	3	358	3.44e-105	317
Prascaps	CP@TRINITY_DN569_c0_g2::CP@TRINITY_DN569_c0_g2_i1::g.12636::m.12636	31.579	323	201	9	57	370	35	346	2.93e-55	191
Prascaps	CP@TRINITY_DN569_c0_g1::CP@TRINITY_DN569_c0_g1_i27::g.12625::m.12625	31.579	323	201	9	57	370	35	346	2.93e-55	191
Pyrapark	CP@TRINITY_DN1858_c0_g1::CP@TRINITY_DN1858_c0_g1_i3::g.46745::m.46745	46.286	350	174	7	53	394	15	358	1.20e-96	294
Pyrapark	CP@TRINITY_DN569_c0_g2::CP@TRINITY_DN569_c0_g2_i1::g.12636::m.12636	34.365	323	189	7	53	364	36	346	5.31e-54	188
Pyrapark	CP@TRINITY_DN569_c0_g1::CP@TRINITY_DN569_c0_g1_i27::g.12625::m.12625	34.365	323	189	7	53	364	36	346	5.31e-54	188
Prassing	CP@TRINITY_DN1858_c0_g1::CP@TRINITY_DN1858_c0_g1_i3::g.46745::m.46745	44.231	364	185	11	22	378	5	357	4.68e-90	278
Prassing	CP@TRINITY_DN569_c0_g2::CP@TRINITY_DN569_c0_g2_i1::g.12636::m.12636	31.627	332	201	8	27	348	31	346	7.47e-47	169
Prassing	CP@TRINITY_DN569_c0_g1::CP@TRINITY_DN569_c0_g1_i27::g.12625::m.12625	31.627	332	201	8	27	348	31	346	7.47e-47	169
Nephpyri	CP@TRINITY_DN1858_c0_g1::CP@TRINITY_DN1858_c0_g1_i3::g.46745::m.46745	45.634	355	181	8	21	368	9	358	4.77e-102	307
Nephpyri	CP@TRINITY_DN569_c0_g2::CP@TRINITY_DN569_c0_g2_i1::g.12636::m.12636	35.758	330	188	11	19	335	28	346	1.39e-58	199
Nephpyri	CP@TRINITY_DN569_c0_g1::CP@TRINITY_DN569_c0_g1_i27::g.12625::m.12625	35.758	330	188	11	19	335	28	346	1.39e-58	199
Arabthal	CP@TRINITY_DN1858_c0_g1::CP@TRINITY_DN1858_c0_g1_i3::g.46745::m.46745	50.000	344	159	8	19	352	15	355	1.29e-107	322
Arabthal	CP@TRINITY_DN569_c0_g2::CP@TRINITY_DN569_c0_g2_i1::g.12636::m.12636	37.389	337	192	8	1	326	18	346	1.69e-65	218
Arabthal	CP@TRINITY_DN569_c0_g1::CP@TRINITY_DN569_c0_g1_i27::g.12625::m.12625	37.389	337	192	8	1	326	18	346	1.69e-65	218
Charbrau	CP@TRINITY_DN1858_c0_g1::CP@TRINITY_DN1858_c0_g1_i3::g.46745::m.46745	49.422	346	161	9	20	356	15	355	1.29e-106	320
Charbrau	CP@TRINITY_DN569_c0_g2::CP@TRINITY_DN569_c0_g2_i1::g.12636::m.12636	37.101	345	196	10	12	345	28	362	1.16e-69	229
Charbrau	CP@TRINITY_DN569_c0_g1::CP@TRINITY_DN569_c0_g1_i27::g.12625::m.12625	37.101	345	196	10	12	345	28	362	1.16e-69	229
Mesoviri	CP@TRINITY_DN1858_c0_g1::CP@TRINITY_DN1858_c0_g1_i3::g.46745::m.46745	46.667	360	182	8	67	420	3	358	6.48e-103	312
Mesoviri	CP@TRINITY_DN569_c0_g2::CP@TRINITY_DN569_c0_g2_i1::g.12636::m.12636	36.137	321	187	7	78	389	36	347	1.06e-63	215
Mesoviri	CP@TRINITY_DN569_c0_g1::CP@TRINITY_DN569_c0_g1_i27::g.12625::m.12625	36.137	321	187	7	78	389	36	347	1.06e-63	215
Palpbili	CP@TRINITY_DN1858_c0_g1::CP@TRINITY_DN1858_c0_g1_i3::g.46745::m.46745	43.733	359	196	5	1	354	1	358	1.27e-100	314
Palpbili	CP@TRINITY_DN569_c0_g2::CP@TRINITY_DN569_c0_g2_i1::g.12636::m.12636	40.308	325	174	6	10	323	31	346	3.33e-65	225
Palpbili	CP@TRINITY_DN569_c0_g1::CP@TRINITY_DN569_c0_g1_i27::g.12625::m.12625	40.308	325	174	6	10	323	31	346	3.33e-65	225
Haloseos	CP@TRINITY_DN1858_c0_g1::CP@TRINITY_DN1858_c0_g1_i3::g.46745::m.46745	44.505	364	186	8	21	375	3	359	2.49e-98	298
Haloseos	CP@TRINITY_DN569_c0_g2::CP@TRINITY_DN569_c0_g2_i1::g.12636::m.12636	34.930	355	197	6	28	356	31	377	1.94e-65	218
Haloseos	CP@TRINITY_DN569_c0_g1::CP@TRINITY_DN569_c0_g1_i27::g.12625::m.12625	34.930	355	197	6	28	356	31	377	1.94e-65	218
Cantmars	CP@TRINITY_DN1858_c0_g1::CP@TRINITY_DN1858_c0_g1_i3::g.46745::m.46745	37.815	357	214	6	5	354	2	357	1.51e-80	252
Cantmars	CP@TRINITY_DN569_c0_g2::CP@TRINITY_DN569_c0_g2_i1::g.12636::m.12636	30.925	346	205	6	17	334	36	375	3.25e-49	174
Cantmars	CP@TRINITY_DN569_c0_g1::CP@TRINITY_DN569_c0_g1_i27::g.12625::m.12625	30.925	346	205	6	17	334	36	375	3.25e-49	174
Wobbluna	CP@TRINITY_DN1858_c0_g1::CP@TRINITY_DN1858_c0_g1_i3::g.46745::m.46745	41.389	360	199	7	11	362	2	357	2.76e-90	277
Wobbluna	CP@TRINITY_DN569_c0_g2::CP@TRINITY_DN569_c0_g2_i1::g.12636::m.12636	33.721	344	210	9	11	343	18	354	5.80e-53	184
Wobbluna	CP@TRINITY_DN569_c0_g1::CP@TRINITY_DN569_c0_g1_i27::g.12625::m.12625	33.721	344	210	9	11	343	18	354	5.80e-53	184
PlacCLAB	CP@TRINITY_DN1858_c0_g1::CP@TRINITY_DN1858_c0_g1_i3::g.46745::m.46745	44.972	358	189	6	15	367	5	359	1.43e-106	319
PlacCLAB	CP@TRINITY_DN569_c0_g2::CP@TRINITY_DN569_c0_g2_i1::g.12636::m.12636	35.043	351	204	10	13	351	27	365	5.59e-70	229
PlacCLAB	CP@TRINITY_DN569_c0_g1::CP@TRINITY_DN569_c0_g1_i27::g.12625::m.12625	35.043	351	204	10	13	351	27	365	5.59e-70	229
Aplakerg	CP@TRINITY_DN1858_c0_g1::CP@TRINITY_DN1858_c0_g1_i3::g.46745::m.46745	43.575	358	194	7	13	363	3	359	1.56e-98	298
Aplakerg	CP@TRINITY_DN569_c0_g2::CP@TRINITY_DN569_c0_g2_i1::g.12636::m.12636	34.940	332	201	8	20	341	31	357	2.96e-62	209
Aplakerg	CP@TRINITY_DN569_c0_g1::CP@TRINITY_DN569_c0_g1_i27::g.12625::m.12625	34.940	332	201	8	20	341	31	357	2.96e-62	209
Auralima	CP@TRINITY_DN1858_c0_g1::CP@TRINITY_DN1858_c0_g1_i3::g.46745::m.46745	43.275	342	186	6	25	362	18	355	4.40e-90	277
Auralima	CP@TRINITY_DN569_c0_g2::CP@TRINITY_DN569_c0_g2_i1::g.12636::m.12636	37.421	318	185	7	23	334	37	346	7.44e-65	216
Auralima	CP@TRINITY_DN569_c0_g1::CP@TRINITY_DN569_c0_g1_i27::g.12625::m.12625	37.421	318	185	7	23	334	37	346	7.44e-65	216
ThraLLF1	CP@TRINITY_DN1858_c0_g1::CP@TRINITY_DN1858_c0_g1_i3::g.46745::m.46745	47.887	355	178	6	15	365	10	361	6.06e-110	327
ThraLLF1	CP@TRINITY_DN569_c0_g2::CP@TRINITY_DN569_c0_g2_i1::g.12636::m.12636	32.024	331	213	6	7	331	22	346	1.98e-56	194
ThraLLF1	CP@TRINITY_DN569_c0_g1::CP@TRINITY_DN569_c0_g1_i27::g.12625::m.12625	32.024	331	213	6	7	331	22	346	1.98e-56	194
Schiaggr	CP@TRINITY_DN1858_c0_g1::CP@TRINITY_DN1858_c0_g1_i3::g.46745::m.46745	45.190	343	181	6	22	360	16	355	6.01e-98	296
Schiaggr	CP@TRINITY_DN569_c0_g2::CP@TRINITY_DN569_c0_g2_i1::g.12636::m.12636	33.728	338	212	6	13	344	28	359	2.92e-62	209
Schiaggr	CP@TRINITY_DN569_c0_g1::CP@TRINITY_DN569_c0_g1_i27::g.12625::m.12625	33.728	338	212	6	13	344	28	359	2.92e-62	209
Saprdecl	CP@TRINITY_DN1858_c0_g1::CP@TRINITY_DN1858_c0_g1_i3::g.46745::m.46745	44.160	351	180	7	27	368	15	358	1.02e-92	283
Saprdecl	CP@TRINITY_DN569_c0_g2::CP@TRINITY_DN569_c0_g2_i1::g.12636::m.12636	33.058	363	200	8	27	358	36	386	5.11e-58	198
Saprdecl	CP@TRINITY_DN569_c0_g1::CP@TRINITY_DN569_c0_g1_i27::g.12625::m.12625	33.058	363	200	8	27	358	36	386	5.11e-58	198
Albulaib	CP@TRINITY_DN1858_c0_g1::CP@TRINITY_DN1858_c0_g1_i3::g.46745::m.46745	43.750	352	184	8	33	378	15	358	6.86e-87	268
Albulaib	CP@TRINITY_DN569_c0_g2::CP@TRINITY_DN569_c0_g2_i1::g.12636::m.12636	32.258	341	204	8	19	347	21	346	9.54e-54	186
Albulaib	CP@TRINITY_DN569_c0_g1::CP@TRINITY_DN569_c0_g1_i27::g.12625::m.12625	32.258	341	204	8	19	347	21	346	9.54e-54	186
Pythirre	CP@TRINITY_DN1858_c0_g1::CP@TRINITY_DN1858_c0_g1_i3::g.46745::m.46745	43.988	341	180	6	33	369	15	348	2.43e-90	277
Pythirre	CP@TRINITY_DN569_c0_g2::CP@TRINITY_DN569_c0_g2_i1::g.12636::m.12636	31.250	416	219	12	22	390	28	423	2.49e-55	191
Pythirre	CP@TRINITY_DN569_c0_g1::CP@TRINITY_DN569_c0_g1_i27::g.12625::m.12625	31.250	416	219	12	22	390	28	423	2.49e-55	191
Micrgadi	CP@TRINITY_DN1858_c0_g1::CP@TRINITY_DN1858_c0_g1_i3::g.46745::m.46745	42.017	357	184	6	26	365	9	359	4.33e-89	274
Micrgadi	CP@TRINITY_DN569_c0_g2::CP@TRINITY_DN569_c0_g2_i1::g.12636::m.12636	35.000	360	195	8	24	355	28	376	8.10e-64	213
Micrgadi	CP@TRINITY_DN569_c0_g1::CP@TRINITY_DN569_c0_g1_i27::g.12625::m.12625	35.000	360	195	8	24	355	28	376	8.10e-64	213
Aurelagu	CP@TRINITY_DN1858_c0_g1::CP@TRINITY_DN1858_c0_g1_i3::g.46745::m.46745	41.047	363	204	7	19	377	3	359	3.50e-97	295
Aurelagu	CP@TRINITY_DN569_c0_g2::CP@TRINITY_DN569_c0_g2_i1::g.12636::m.12636	35.556	360	204	9	9	354	13	358	1.17e-70	231
Aurelagu	CP@TRINITY_DN569_c0_g1::CP@TRINITY_DN569_c0_g1_i27::g.12625::m.12625	35.556	360	204	9	9	354	13	358	1.17e-70	231
Chryfrag	CP@TRINITY_DN1858_c0_g1::CP@TRINITY_DN1858_c0_g1_i3::g.46745::m.46745	40.404	396	183	8	33	425	10	355	7.85e-92	283
Chryfrag	CP@TRINITY_DN569_c0_g2::CP@TRINITY_DN569_c0_g2_i1::g.12636::m.12636	31.070	383	204	8	33	409	31	359	1.77e-56	196
Chryfrag	CP@TRINITY_DN569_c0_g1::CP@TRINITY_DN569_c0_g1_i27::g.12625::m.12625	31.070	383	204	8	33	409	31	359	1.77e-56	196
Pela2097	CP@TRINITY_DN1858_c0_g1::CP@TRINITY_DN1858_c0_g1_i3::g.46745::m.46745	42.353	340	182	6	21	358	5	332	1.87e-87	271
Pela2097	CP@TRINITY_DN569_c0_g2::CP@TRINITY_DN569_c0_g2_i1::g.12636::m.12636	34.492	374	215	10	2	364	6	360	1.01e-62	211
Pela2097	CP@TRINITY_DN569_c0_g1::CP@TRINITY_DN569_c0_g1_i27::g.12625::m.12625	34.492	374	215	10	2	364	6	360	1.01e-62	211
Rhiz1243	CP@TRINITY_DN1858_c0_g1::CP@TRINITY_DN1858_c0_g1_i3::g.46745::m.46745	41.758	364	203	6	10	369	1	359	6.83e-99	299
Rhiz1243	CP@TRINITY_DN569_c0_g2::CP@TRINITY_DN569_c0_g2_i1::g.12636::m.12636	35.588	340	207	6	11	345	23	355	9.25e-68	224
Rhiz1243	CP@TRINITY_DN569_c0_g1::CP@TRINITY_DN569_c0_g1_i27::g.12625::m.12625	35.588	340	207	6	11	345	23	355	9.25e-68	224
Pseuelas	CP@TRINITY_DN1858_c0_g1::CP@TRINITY_DN1858_c0_g1_i3::g.46745::m.46745	40.974	349	188	6	23	365	10	346	3.62e-86	267
Pseuelas	CP@TRINITY_DN569_c0_g2::CP@TRINITY_DN569_c0_g2_i1::g.12636::m.12636	36.080	352	201	8	20	361	28	365	1.98e-66	220
Pseuelas	CP@TRINITY_DN569_c0_g1::CP@TRINITY_DN569_c0_g1_i27::g.12625::m.12625	36.080	352	201	8	20	361	28	365	1.98e-66	220
Pedi2098	CP@TRINITY_DN1858_c0_g1::CP@TRINITY_DN1858_c0_g1_i3::g.46745::m.46745	38.630	365	208	7	23	384	9	360	1.75e-78	247
Pedi2098	CP@TRINITY_DN569_c0_g2::CP@TRINITY_DN569_c0_g2_i1::g.12636::m.12636	34.030	335	201	5	20	349	27	346	1.83e-59	202
Pedi2098	CP@TRINITY_DN569_c0_g1::CP@TRINITY_DN569_c0_g1_i27::g.12625::m.12625	34.030	335	201	5	20	349	27	346	1.83e-59	202
Octaspec	CP@TRINITY_DN1858_c0_g1::CP@TRINITY_DN1858_c0_g1_i3::g.46745::m.46745	39.600	250	146	3	198	445	112	358	3.42e-58	196
Flor1587	CP@TRINITY_DN1858_c0_g1::CP@TRINITY_DN1858_c0_g1_i3::g.46745::m.46745	44.193	353	186	6	20	369	11	355	6.52e-101	308
Flor1587	CP@TRINITY_DN569_c0_g2::CP@TRINITY_DN569_c0_g2_i1::g.12636::m.12636	35.632	348	198	8	21	357	33	365	1.31e-70	234
Flor1587	CP@TRINITY_DN569_c0_g1::CP@TRINITY_DN569_c0_g1_i27::g.12625::m.12625	35.632	348	198	8	21	357	33	365	1.31e-70	234
Heteakas	CP@TRINITY_DN1858_c0_g1::CP@TRINITY_DN1858_c0_g1_i3::g.46745::m.46745	44.847	359	191	5	23	377	3	358	6.59e-106	317
Heteakas	CP@TRINITY_DN569_c0_g2::CP@TRINITY_DN569_c0_g2_i1::g.12636::m.12636	37.989	358	192	6	30	364	31	381	1.84e-79	254
Heteakas	CP@TRINITY_DN569_c0_g1::CP@TRINITY_DN569_c0_g1_i27::g.12625::m.12625	37.989	358	192	6	30	364	31	381	1.84e-79	254
Fibrjapo	CP@TRINITY_DN1858_c0_g1::CP@TRINITY_DN1858_c0_g1_i3::g.46745::m.46745	41.823	373	196	5	29	398	5	359	1.91e-100	304
Fibrjapo	CP@TRINITY_DN569_c0_g2::CP@TRINITY_DN569_c0_g2_i1::g.12636::m.12636	35.588	340	190	5	34	367	31	347	8.73e-70	230
Fibrjapo	CP@TRINITY_DN569_c0_g1::CP@TRINITY_DN569_c0_g1_i27::g.12625::m.12625	35.588	340	190	5	34	367	31	347	8.73e-70	230
Syncpusi	CP@TRINITY_DN1858_c0_g1::CP@TRINITY_DN1858_c0_g1_i3::g.46745::m.46745	43.164	373	192	6	178	546	3	359	2.61e-98	304
Syncpusi	CP@TRINITY_DN569_c0_g2::CP@TRINITY_DN569_c0_g2_i1::g.12636::m.12636	35.054	368	193	7	185	527	31	377	7.45e-67	227
Syncpusi	CP@TRINITY_DN569_c0_g1::CP@TRINITY_DN569_c0_g1_i27::g.12625::m.12625	35.054	368	193	7	185	527	31	377	7.45e-67	227
Deveeleg	CP@TRINITY_DN1858_c0_g1::CP@TRINITY_DN1858_c0_g1_i3::g.46745::m.46745	38.095	210	126	3	1	207	141	349	5.90e-45	155
Pingpyre	CP@TRINITY_DN1858_c0_g1::CP@TRINITY_DN1858_c0_g1_i3::g.46745::m.46745	39.718	355	201	6	40	390	3	348	1.68e-81	265
Pingpyre	CP@TRINITY_DN569_c0_g2::CP@TRINITY_DN569_c0_g2_i1::g.12636::m.12636	31.215	362	208	7	44	378	28	375	2.82e-52	190
Pingpyre	CP@TRINITY_DN569_c0_g1::CP@TRINITY_DN569_c0_g1_i27::g.12625::m.12625	31.215	362	208	7	44	378	28	375	2.82e-52	190
Paheparv	CP@TRINITY_DN1858_c0_g1::CP@TRINITY_DN1858_c0_g1_i3::g.46745::m.46745	40.227	353	202	5	23	373	3	348	2.96e-91	280
Paheparv	CP@TRINITY_DN569_c0_g2::CP@TRINITY_DN569_c0_g2_i1::g.12636::m.12636	33.430	344	213	6	27	366	28	359	6.30e-61	206
Paheparv	CP@TRINITY_DN569_c0_g1::CP@TRINITY_DN569_c0_g1_i27::g.12625::m.12625	33.430	344	213	6	27	366	28	359	6.30e-61	206
Pedoelon	CP@TRINITY_DN1858_c0_g1::CP@TRINITY_DN1858_c0_g1_i3::g.46745::m.46745	42.687	335	183	4	26	360	9	334	2.62e-91	281
Pedoelon	CP@TRINITY_DN569_c0_g2::CP@TRINITY_DN569_c0_g2_i1::g.12636::m.12636	33.067	375	225	7	1	365	1	359	1.24e-58	201
Pedoelon	CP@TRINITY_DN569_c0_g1::CP@TRINITY_DN569_c0_g1_i27::g.12625::m.12625	33.067	375	225	7	1	365	1	359	1.24e-58	201
Ochr2298	CP@TRINITY_DN1858_c0_g1::CP@TRINITY_DN1858_c0_g1_i3::g.46745::m.46745	42.090	354	181	7	40	389	1	334	7.37e-94	289
Ochr2298	CP@TRINITY_DN569_c0_g2::CP@TRINITY_DN569_c0_g2_i1::g.12636::m.12636	34.328	335	199	5	52	381	28	346	9.96e-61	207
Ochr2298	CP@TRINITY_DN569_c0_g1::CP@TRINITY_DN569_c0_g1_i27::g.12625::m.12625	34.328	335	199	5	52	381	28	346	9.96e-61	207
PoterBG1	CP@TRINITY_DN1858_c0_g1::CP@TRINITY_DN1858_c0_g1_i3::g.46745::m.46745	43.695	341	181	6	26	364	3	334	2.55e-91	282
PoterBG1	CP@TRINITY_DN569_c0_g2::CP@TRINITY_DN569_c0_g2_i1::g.12636::m.12636	33.604	369	222	8	5	365	3	356	6.66e-59	202
PoterBG1	CP@TRINITY_DN569_c0_g1::CP@TRINITY_DN569_c0_g1_i27::g.12625::m.12625	33.604	369	222	8	5	365	3	356	6.66e-59	202
Dino2267	CP@TRINITY_DN1858_c0_g1::CP@TRINITY_DN1858_c0_g1_i3::g.46745::m.46745	41.867	332	179	6	45	374	15	334	9.43e-81	254
Dino2267	CP@TRINITY_DN569_c0_g2::CP@TRINITY_DN569_c0_g2_i1::g.12636::m.12636	31.830	399	240	8	13	403	2	376	6.51e-53	186
Dino2267	CP@TRINITY_DN569_c0_g1::CP@TRINITY_DN569_c0_g1_i27::g.12625::m.12625	31.830	399	240	8	13	403	2	376	6.51e-53	186
Paravest	CP@TRINITY_DN1858_c0_g1::CP@TRINITY_DN1858_c0_g1_i3::g.46745::m.46745	40.934	364	203	6	21	382	5	358	2.75e-96	293
Paravest	CP@TRINITY_DN569_c0_g2::CP@TRINITY_DN569_c0_g2_i1::g.12636::m.12636	33.989	356	207	8	17	363	27	363	2.02e-66	221
Paravest	CP@TRINITY_DN569_c0_g1::CP@TRINITY_DN569_c0_g1_i27::g.12625::m.12625	33.989	356	207	8	17	363	27	363	2.02e-66	221
Mallmari	CP@TRINITY_DN1858_c0_g1::CP@TRINITY_DN1858_c0_g1_i3::g.46745::m.46745	43.258	356	183	4	34	387	3	341	6.89e-97	296
Mallmari	CP@TRINITY_DN569_c0_g2::CP@TRINITY_DN569_c0_g2_i1::g.12636::m.12636	35.068	365	209	8	14	372	4	346	5.56e-69	228
Mallmari	CP@TRINITY_DN569_c0_g1::CP@TRINITY_DN569_c0_g1_i27::g.12625::m.12625	35.068	365	209	8	14	372	4	346	5.56e-69	228
Tribgaya	CP@TRINITY_DN1858_c0_g1::CP@TRINITY_DN1858_c0_g1_i3::g.46745::m.46745	41.525	354	196	5	40	390	3	348	3.04e-90	278
Tribgaya	CP@TRINITY_DN569_c0_g2::CP@TRINITY_DN569_c0_g2_i1::g.12636::m.12636	35.474	327	195	5	47	368	31	346	1.09e-62	211
Tribgaya	CP@TRINITY_DN569_c0_g1::CP@TRINITY_DN569_c0_g1_i27::g.12625::m.12625	35.474	327	195	5	47	368	31	346	1.09e-62	211
Vauclito	CP@TRINITY_DN1858_c0_g1::CP@TRINITY_DN1858_c0_g1_i3::g.46745::m.46745	35.817	349	209	7	26	369	10	348	3.70e-69	223
Vauclito	CP@TRINITY_DN569_c0_g2::CP@TRINITY_DN569_c0_g2_i1::g.12636::m.12636	32.222	360	228	5	24	378	29	377	9.93e-58	197
Vauclito	CP@TRINITY_DN569_c0_g1::CP@TRINITY_DN569_c0_g1_i27::g.12625::m.12625	32.222	360	228	5	24	378	29	377	9.93e-58	197
Agarclat	CP@TRINITY_DN1858_c0_g1::CP@TRINITY_DN1858_c0_g1_i3::g.46745::m.46745	42.234	367	192	10	22	381	4	357	4.03e-87	270
Agarclat	CP@TRINITY_DN569_c0_g2::CP@TRINITY_DN569_c0_g2_i1::g.12636::m.12636	35.838	346	201	7	32	367	31	365	3.03e-64	215
Agarclat	CP@TRINITY_DN569_c0_g1::CP@TRINITY_DN569_c0_g1_i27::g.12625::m.12625	35.838	346	201	7	32	367	31	365	3.03e-64	215
Fucucera	CP@TRINITY_DN1858_c0_g1::CP@TRINITY_DN1858_c0_g1_i3::g.46745::m.46745	40.934	364	201	7	16	373	3	358	1.16e-85	266
Fucucera	CP@TRINITY_DN569_c0_g2::CP@TRINITY_DN569_c0_g2_i1::g.12636::m.12636	35.838	346	201	7	23	358	31	365	2.35e-66	220
Fucucera	CP@TRINITY_DN569_c0_g1::CP@TRINITY_DN569_c0_g1_i27::g.12625::m.12625	35.838	346	201	7	23	358	31	365	2.35e-66	220
Tripeleu	CP@TRINITY_DN1858_c0_g1::CP@TRINITY_DN1858_c0_g1_i3::g.46745::m.46745	41.899	358	193	8	47	400	2	348	1.25e-84	264
Tripeleu	CP@TRINITY_DN569_c0_g2::CP@TRINITY_DN569_c0_g2_i1::g.12636::m.12636	35.000	340	206	6	55	391	31	358	8.23e-64	214
Tripeleu	CP@TRINITY_DN569_c0_g1::CP@TRINITY_DN569_c0_g1_i27::g.12625::m.12625	35.000	340	206	6	55	391	31	358	8.23e-64	214
Phaetric	CP@TRINITY_DN1858_c0_g1::CP@TRINITY_DN1858_c0_g1_i3::g.46745::m.46745	36.813	364	207	8	20	379	3	347	2.58e-76	242
Phaetric	CP@TRINITY_DN569_c0_g2::CP@TRINITY_DN569_c0_g2_i1::g.12636::m.12636	32.987	385	203	9	10	366	20	377	1.88e-61	207
Phaetric	CP@TRINITY_DN569_c0_g1::CP@TRINITY_DN569_c0_g1_i27::g.12625::m.12625	32.987	385	203	9	10	366	20	377	1.88e-61	207
Fragcyli	CP@TRINITY_DN1858_c0_g1::CP@TRINITY_DN1858_c0_g1_i3::g.46745::m.46745	37.105	380	216	7	16	394	2	359	4.93e-74	236
Fragcyli	CP@TRINITY_DN569_c0_g2::CP@TRINITY_DN569_c0_g2_i1::g.12636::m.12636	33.071	381	209	10	11	363	15	377	3.60e-59	201
Fragcyli	CP@TRINITY_DN569_c0_g1::CP@TRINITY_DN569_c0_g1_i27::g.12625::m.12625	33.071	381	209	10	11	363	15	377	3.60e-59	201
Psuemult	CP@TRINITY_DN1858_c0_g1::CP@TRINITY_DN1858_c0_g1_i3::g.46745::m.46745	36.483	381	218	8	14	393	2	359	4.18e-71	228
Psuemult	CP@TRINITY_DN569_c0_g2::CP@TRINITY_DN569_c0_g2_i1::g.12636::m.12636	31.989	372	217	7	12	362	21	377	2.92e-56	194
Psuemult	CP@TRINITY_DN569_c0_g1::CP@TRINITY_DN569_c0_g1_i27::g.12625::m.12625	31.989	372	217	7	12	362	21	377	2.92e-56	194
BlasS7SB	CP@TRINITY_DN1858_c0_g1::CP@TRINITY_DN1858_c0_g1_i3::g.46745::m.46745	43.855	358	194	6	11	363	3	358	1.22e-94	288
BlasS7SB	CP@TRINITY_DN569_c0_g2::CP@TRINITY_DN569_c0_g2_i1::g.12636::m.12636	31.056	322	208	6	18	331	31	346	3.09e-46	166
BlasS7SB	CP@TRINITY_DN569_c0_g1::CP@TRINITY_DN569_c0_g1_i27::g.12625::m.12625	31.056	322	208	6	18	331	31	346	3.09e-46	166
Toxogond	CP@TRINITY_DN1858_c0_g1::CP@TRINITY_DN1858_c0_g1_i3::g.46745::m.46745	41.689	379	202	5	66	444	2	361	3.51e-98	300
Toxogond	CP@TRINITY_DN569_c0_g2::CP@TRINITY_DN569_c0_g2_i1::g.12636::m.12636	33.144	353	199	8	65	408	22	346	5.17e-53	187
Toxogond	CP@TRINITY_DN569_c0_g1::CP@TRINITY_DN569_c0_g1_i27::g.12625::m.12625	33.144	353	199	8	65	408	22	346	5.17e-53	187
Pirisoci	CP@TRINITY_DN1858_c0_g1::CP@TRINITY_DN1858_c0_g1_i3::g.46745::m.46745	45.312	256	133	4	19	269	107	360	5.18e-70	221
Karebrev	CP@TRINITY_DN1858_c0_g1::CP@TRINITY_DN1858_c0_g1_i3::g.46745::m.46745	48.352	364	177	6	29	386	3	361	3.28e-114	339
Karebrev	CP@TRINITY_DN569_c0_g2::CP@TRINITY_DN569_c0_g2_i1::g.12636::m.12636	32.927	328	199	7	45	361	40	357	3.37e-53	186
Karebrev	CP@TRINITY_DN569_c0_g1::CP@TRINITY_DN569_c0_g1_i27::g.12625::m.12625	32.927	328	199	7	45	361	40	357	3.37e-53	186
Perkmari	CP@TRINITY_DN1858_c0_g1::CP@TRINITY_DN1858_c0_g1_i3::g.46745::m.46745	41.322	363	198	8	8	361	5	361	9.36e-87	268
Perkmari	CP@TRINITY_DN569_c0_g2::CP@TRINITY_DN569_c0_g2_i1::g.12636::m.12636	30.508	354	221	7	13	351	31	374	2.40e-49	174
Perkmari	CP@TRINITY_DN569_c0_g1::CP@TRINITY_DN569_c0_g1_i27::g.12625::m.12625	30.508	354	221	7	13	351	31	374	2.40e-49	174
Platviva	CP@TRINITY_DN1858_c0_g1::CP@TRINITY_DN1858_c0_g1_i3::g.46745::m.46745	43.110	283	152	5	1	279	78	355	1.45e-73	231
Platviva	CP@TRINITY_DN569_c0_g2::CP@TRINITY_DN569_c0_g2_i1::g.12636::m.12636	31.765	255	168	4	1	250	94	347	8.86e-45	159
Platviva	CP@TRINITY_DN569_c0_g1::CP@TRINITY_DN569_c0_g1_i27::g.12625::m.12625	31.765	255	168	4	1	250	94	347	8.86e-45	159
Crypparv	CP@TRINITY_DN1858_c0_g1::CP@TRINITY_DN1858_c0_g1_i3::g.46745::m.46745	43.220	354	190	6	18	365	9	357	2.79e-97	295
Crypparv	CP@TRINITY_DN569_c0_g2::CP@TRINITY_DN569_c0_g2_i1::g.12636::m.12636	33.538	325	197	5	19	333	31	346	8.66e-54	186
Crypparv	CP@TRINITY_DN569_c0_g1::CP@TRINITY_DN569_c0_g1_i27::g.12625::m.12625	33.538	325	197	5	19	333	31	346	8.66e-54	186
Glauincr	CP@TRINITY_DN1858_c0_g1::CP@TRINITY_DN1858_c0_g1_i3::g.46745::m.46745	49.780	227	110	3	23	245	3	229	5.84e-69	217
Cyanpara	CP@TRINITY_DN1858_c0_g1::CP@TRINITY_DN1858_c0_g1_i3::g.46745::m.46745	45.179	363	188	6	7	363	1	358	1.79e-103	311
Cyanpara	CP@TRINITY_DN569_c0_g2::CP@TRINITY_DN569_c0_g2_i1::g.12636::m.12636	35.821	335	203	6	15	342	27	356	1.50e-66	220
Cyanpara	CP@TRINITY_DN569_c0_g1::CP@TRINITY_DN569_c0_g1_i27::g.12625::m.12625	35.821	335	203	6	15	342	27	356	1.50e-66	220
Gloewitr	CP@TRINITY_DN1858_c0_g1::CP@TRINITY_DN1858_c0_g1_i3::g.46745::m.46745	49.711	346	166	6	42	381	15	358	8.42e-112	333
Gloewitr	CP@TRINITY_DN569_c0_g2::CP@TRINITY_DN569_c0_g2_i1::g.12636::m.12636	34.824	425	217	11	27	425	21	411	4.93e-72	236
Gloewitr	CP@TRINITY_DN569_c0_g1::CP@TRINITY_DN569_c0_g1_i27::g.12625::m.12625	34.824	425	217	11	27	425	21	411	4.93e-72	236
Diacluth	CP@TRINITY_DN1858_c0_g1::CP@TRINITY_DN1858_c0_g1_i3::g.46745::m.46745	41.989	362	201	5	8	367	3	357	2.27e-87	272
Diacluth	CP@TRINITY_DN569_c0_g2::CP@TRINITY_DN569_c0_g2_i1::g.12636::m.12636	34.971	346	206	8	9	345	21	356	1.68e-56	196
Diacluth	CP@TRINITY_DN569_c0_g1::CP@TRINITY_DN569_c0_g1_i27::g.12625::m.12625	34.971	346	206	8	9	345	21	356	1.68e-56	196
Pavl2436	CP@TRINITY_DN1858_c0_g1::CP@TRINITY_DN1858_c0_g1_i3::g.46745::m.46745	40.000	355	202	6	41	390	9	357	3.43e-81	254
Pavl2436	CP@TRINITY_DN569_c0_g2::CP@TRINITY_DN569_c0_g2_i1::g.12636::m.12636	34.320	338	201	7	40	367	29	355	3.22e-57	196
Pavl2436	CP@TRINITY_DN569_c0_g1::CP@TRINITY_DN569_c0_g1_i27::g.12625::m.12625	34.320	338	201	7	40	367	29	355	3.22e-57	196
Prympoly	CP@TRINITY_DN1858_c0_g1::CP@TRINITY_DN1858_c0_g1_i3::g.46745::m.46745	45.556	360	182	7	37	388	5	358	3.88e-101	309
Prympoly	CP@TRINITY_DN569_c0_g2::CP@TRINITY_DN569_c0_g2_i1::g.12636::m.12636	37.190	363	205	7	17	366	3	355	2.33e-71	237
Prympoly	CP@TRINITY_DN569_c0_g1::CP@TRINITY_DN569_c0_g1_i27::g.12625::m.12625	37.190	363	205	7	17	366	3	355	2.33e-71	237
Prymparv	CP@TRINITY_DN1858_c0_g1::CP@TRINITY_DN1858_c0_g1_i3::g.46745::m.46745	46.286	350	174	7	84	425	15	358	5.65e-99	301
Prymparv	CP@TRINITY_DN569_c0_g2::CP@TRINITY_DN569_c0_g2_i1::g.12636::m.12636	40.113	354	186	10	62	404	18	356	9.82e-76	246
Prymparv	CP@TRINITY_DN569_c0_g1::CP@TRINITY_DN569_c0_g1_i27::g.12625::m.12625	40.113	354	186	10	62	404	18	356	9.82e-76	246
Tisolute	CP@TRINITY_DN1858_c0_g1::CP@TRINITY_DN1858_c0_g1_i3::g.46745::m.46745	43.094	362	191	9	24	377	3	357	1.59e-88	273
Tisolute	CP@TRINITY_DN569_c0_g2::CP@TRINITY_DN569_c0_g2_i1::g.12636::m.12636	35.775	355	208	9	14	357	11	356	3.16e-64	214
Tisolute	CP@TRINITY_DN569_c0_g1::CP@TRINITY_DN569_c0_g1_i27::g.12625::m.12625	35.775	355	208	9	14	357	11	356	3.16e-64	214
Chrycart	CP@TRINITY_DN1858_c0_g1::CP@TRINITY_DN1858_c0_g1_i3::g.46745::m.46745	46.070	369	180	10	69	429	3	360	1.83e-98	300
Chrycart	CP@TRINITY_DN569_c0_g2::CP@TRINITY_DN569_c0_g2_i1::g.12636::m.12636	33.623	345	211	8	71	406	21	356	4.22e-58	200
Chrycart	CP@TRINITY_DN569_c0_g1::CP@TRINITY_DN569_c0_g1_i27::g.12625::m.12625	33.623	345	211	8	71	406	21	356	4.22e-58	200
Bafffrig	CP@TRINITY_DN1858_c0_g1::CP@TRINITY_DN1858_c0_g1_i3::g.46745::m.46745	43.944	355	186	9	30	372	3	356	2.64e-92	282
Bafffrig	CP@TRINITY_DN569_c0_g2::CP@TRINITY_DN569_c0_g2_i1::g.12636::m.12636	40.062	322	174	9	41	348	36	352	3.35e-68	225
Bafffrig	CP@TRINITY_DN569_c0_g1::CP@TRINITY_DN569_c0_g1_i27::g.12625::m.12625	40.062	322	174	9	41	348	36	352	3.35e-68	225
Rhodsali	CP@TRINITY_DN1858_c0_g1::CP@TRINITY_DN1858_c0_g1_i3::g.46745::m.46745	45.481	343	177	7	32	365	15	356	3.44e-94	287
Rhodsali	CP@TRINITY_DN569_c0_g2::CP@TRINITY_DN569_c0_g2_i1::g.12636::m.12636	39.144	327	172	9	32	341	36	352	3.04e-70	230
Rhodsali	CP@TRINITY_DN569_c0_g1::CP@TRINITY_DN569_c0_g1_i27::g.12625::m.12625	39.144	327	172	9	32	341	36	352	3.04e-70	230
Gromspha	CP@TRINITY_DN1858_c0_g1::CP@TRINITY_DN1858_c0_g1_i3::g.46745::m.46745	43.662	284	153	5	26	303	15	297	2.46e-78	243
Gromspha	CP@TRINITY_DN569_c0_g2::CP@TRINITY_DN569_c0_g2_i1::g.12636::m.12636	33.449	287	177	5	26	303	36	317	3.86e-49	171
Gromspha	CP@TRINITY_DN569_c0_g1::CP@TRINITY_DN569_c0_g1_i27::g.12625::m.12625	33.449	287	177	5	26	303	36	317	3.86e-49	171
Chlorept	CP@TRINITY_DN1858_c0_g1::CP@TRINITY_DN1858_c0_g1_i3::g.46745::m.46745	45.954	346	180	5	7	347	15	358	2.92e-101	305
Chlorept	CP@TRINITY_DN569_c0_g2::CP@TRINITY_DN569_c0_g2_i1::g.12636::m.12636	34.056	323	197	5	2	315	31	346	6.37e-60	202
Chlorept	CP@TRINITY_DN569_c0_g1::CP@TRINITY_DN569_c0_g1_i27::g.12625::m.12625	34.056	323	197	5	2	315	31	346	6.37e-60	202
MatazaD1	CP@TRINITY_DN1858_c0_g1::CP@TRINITY_DN1858_c0_g1_i3::g.46745::m.46745	44.693	358	189	8	6	358	5	358	4.09e-99	299
MatazaD1	CP@TRINITY_DN569_c0_g2::CP@TRINITY_DN569_c0_g2_i1::g.12636::m.12636	34.072	361	218	10	3	351	22	374	1.35e-56	194
MatazaD1	CP@TRINITY_DN569_c0_g1::CP@TRINITY_DN569_c0_g1_i27::g.12625::m.12625	34.072	361	218	10	3	351	22	374	1.35e-56	194
Brevmoto	CP@TRINITY_DN1858_c0_g1::CP@TRINITY_DN1858_c0_g1_i3::g.46745::m.46745	43.931	346	188	6	50	390	16	360	6.83e-95	291
Brevmoto	CP@TRINITY_DN569_c0_g2::CP@TRINITY_DN569_c0_g2_i1::g.12636::m.12636	37.463	339	198	7	27	356	13	346	1.21e-69	230
Brevmoto	CP@TRINITY_DN569_c0_g1::CP@TRINITY_DN569_c0_g1_i27::g.12625::m.12625	37.463	339	198	7	27	356	13	346	1.21e-69	230
Physpate	CP@TRINITY_DN1858_c0_g1::CP@TRINITY_DN1858_c0_g1_i3::g.46745::m.46745	50.843	356	162	9	8	353	3	355	2.88e-111	331
Physpate	CP@TRINITY_DN569_c0_g2::CP@TRINITY_DN569_c0_g2_i1::g.12636::m.12636	36.283	339	193	9	1	326	18	346	1.41e-61	207
Physpate	CP@TRINITY_DN569_c0_g1::CP@TRINITY_DN569_c0_g1_i27::g.12625::m.12625	36.283	339	193	9	1	326	18	346	1.41e-61	207
Oryzsati	CP@TRINITY_DN1858_c0_g1::CP@TRINITY_DN1858_c0_g1_i3::g.46745::m.46745	49.860	357	165	11	9	355	3	355	1.43e-106	319
Oryzsati	CP@TRINITY_DN569_c0_g2::CP@TRINITY_DN569_c0_g2_i1::g.12636::m.12636	37.202	336	192	9	3	327	19	346	6.40e-65	216
Oryzsati	CP@TRINITY_DN569_c0_g1::CP@TRINITY_DN569_c0_g1_i27::g.12625::m.12625	37.202	336	192	9	3	327	19	346	6.40e-65	216
Ostrtaur	CP@TRINITY_DN1858_c0_g1::CP@TRINITY_DN1858_c0_g1_i3::g.46745::m.46745	41.926	353	190	9	34	377	15	361	9.95e-89	273
Ostrtaur	CP@TRINITY_DN569_c0_g2::CP@TRINITY_DN569_c0_g2_i1::g.12636::m.12636	34.384	349	204	10	16	353	21	355	6.06e-54	187
Ostrtaur	CP@TRINITY_DN569_c0_g1::CP@TRINITY_DN569_c0_g1_i27::g.12625::m.12625	34.384	349	204	10	16	353	21	355	6.06e-54	187
Micrpusl	CP@TRINITY_DN1858_c0_g1::CP@TRINITY_DN1858_c0_g1_i3::g.46745::m.46745	42.618	359	194	7	9	361	3	355	4.57e-93	284
Micrpusl	CP@TRINITY_DN569_c0_g2::CP@TRINITY_DN569_c0_g2_i1::g.12636::m.12636	35.417	336	198	7	16	343	31	355	4.90e-60	202
Micrpusl	CP@TRINITY_DN569_c0_g1::CP@TRINITY_DN569_c0_g1_i27::g.12625::m.12625	35.417	336	198	7	16	343	31	355	4.90e-60	202
Volvcart	CP@TRINITY_DN1858_c0_g1::CP@TRINITY_DN1858_c0_g1_i3::g.46745::m.46745	43.750	368	188	8	7	367	2	357	6.82e-96	291
Volvcart	CP@TRINITY_DN569_c0_g2::CP@TRINITY_DN569_c0_g2_i1::g.12636::m.12636	37.462	331	181	8	20	341	36	349	2.56e-59	201
Volvcart	CP@TRINITY_DN569_c0_g1::CP@TRINITY_DN569_c0_g1_i27::g.12625::m.12625	37.462	331	181	8	20	341	36	349	2.56e-59	201
Neobdesi	CP@TRINITY_DN1858_c0_g1::CP@TRINITY_DN1858_c0_g1_i3::g.46745::m.46745	35.988	339	200	9	26	354	3	334	8.39e-60	198
Diplambu	CP@TRINITY_DN1858_c0_g1::CP@TRINITY_DN1858_c0_g1_i3::g.46745::m.46745	39.612	361	201	7	28	383	3	351	1.02e-79	250
Diplambu	CP@TRINITY_DN569_c0_g2::CP@TRINITY_DN569_c0_g2_i1::g.12636::m.12636	33.728	338	194	10	32	359	28	345	3.73e-51	180
Diplambu	CP@TRINITY_DN569_c0_g1::CP@TRINITY_DN569_c0_g1_i27::g.12625::m.12625	33.728	338	194	10	32	359	28	345	3.73e-51	180
Flecnera	CP@TRINITY_DN1858_c0_g1::CP@TRINITY_DN1858_c0_g1_i3::g.46745::m.46745	38.147	367	210	7	29	389	5	360	1.58e-77	244
Flecnera	CP@TRINITY_DN569_c0_g2::CP@TRINITY_DN569_c0_g2_i1::g.12636::m.12636	32.945	343	205	7	18	353	18	342	6.90e-57	195
Flecnera	CP@TRINITY_DN569_c0_g1::CP@TRINITY_DN569_c0_g1_i27::g.12625::m.12625	32.945	343	205	7	18	353	18	342	6.90e-57	195
Ancytwis	CP@TRINITY_DN1858_c0_g1::CP@TRINITY_DN1858_c0_g1_i3::g.46745::m.46745	42.609	345	186	7	16	349	15	358	4.36e-93	283
Ancytwis	CP@TRINITY_DN569_c0_g2::CP@TRINITY_DN569_c0_g2_i1::g.12636::m.12636	34.870	347	190	7	16	331	36	377	2.85e-64	213
Ancytwis	CP@TRINITY_DN569_c0_g1::CP@TRINITY_DN569_c0_g1_i27::g.12625::m.12625	34.870	347	190	7	16	331	36	377	2.85e-64	213
Rhodlimn	CP@TRINITY_DN1858_c0_g1::CP@TRINITY_DN1858_c0_g1_i3::g.46745::m.46745	46.240	359	186	4	5	359	3	358	2.43e-110	328
Rhodlimn	CP@TRINITY_DN569_c0_g2::CP@TRINITY_DN569_c0_g2_i1::g.12636::m.12636	36.036	333	198	6	9	334	28	352	3.84e-71	232
Rhodlimn	CP@TRINITY_DN569_c0_g1::CP@TRINITY_DN569_c0_g1_i27::g.12625::m.12625	36.036	333	198	6	9	334	28	352	3.84e-71	232
Rhodemar	CP@TRINITY_DN1858_c0_g1::CP@TRINITY_DN1858_c0_g1_i3::g.46745::m.46745	47.688	346	174	5	42	383	15	357	9.21e-110	328
Rhodemar	CP@TRINITY_DN569_c0_g2::CP@TRINITY_DN569_c0_g2_i1::g.12636::m.12636	36.336	333	197	5	34	359	28	352	2.85e-68	226
Rhodemar	CP@TRINITY_DN569_c0_g1::CP@TRINITY_DN569_c0_g1_i27::g.12625::m.12625	36.336	333	197	5	34	359	28	352	2.85e-68	226
Galdsulp	CP@TRINITY_DN1858_c0_g1::CP@TRINITY_DN1858_c0_g1_i3::g.46745::m.46745	42.697	356	190	5	28	379	15	360	3.56e-100	303
Galdsulp	CP@TRINITY_DN569_c0_g2::CP@TRINITY_DN569_c0_g2_i1::g.12636::m.12636	34.125	337	200	6	23	352	31	352	2.30e-60	205
Galdsulp	CP@TRINITY_DN569_c0_g1::CP@TRINITY_DN569_c0_g1_i27::g.12625::m.12625	34.125	337	200	6	23	352	31	352	2.30e-60	205
Rhodmari	CP@TRINITY_DN1858_c0_g1::CP@TRINITY_DN1858_c0_g1_i3::g.46745::m.46745	41.737	357	195	6	8	357	5	355	2.89e-92	282
Rhodmari	CP@TRINITY_DN569_c0_g2::CP@TRINITY_DN569_c0_g2_i1::g.12636::m.12636	36.747	332	188	7	18	338	36	356	8.76e-67	221
Rhodmari	CP@TRINITY_DN569_c0_g1::CP@TRINITY_DN569_c0_g1_i27::g.12625::m.12625	36.747	332	188	7	18	338	36	356	8.76e-67	221
Choncris	CP@TRINITY_DN1858_c0_g1::CP@TRINITY_DN1858_c0_g1_i3::g.46745::m.46745	38.827	358	203	7	18	371	15	360	5.28e-86	266
Choncris	CP@TRINITY_DN569_c0_g2::CP@TRINITY_DN569_c0_g2_i1::g.12636::m.12636	32.036	334	206	7	10	338	28	345	8.01e-54	187
Choncris	CP@TRINITY_DN569_c0_g1::CP@TRINITY_DN569_c0_g1_i27::g.12625::m.12625	32.036	334	206	7	10	338	28	345	8.01e-54	187
Gratturu	CP@TRINITY_DN1858_c0_g1::CP@TRINITY_DN1858_c0_g1_i3::g.46745::m.46745	37.815	357	207	6	16	368	15	360	1.48e-80	252
Gratturu	CP@TRINITY_DN569_c0_g2::CP@TRINITY_DN569_c0_g2_i1::g.12636::m.12636	34.835	333	199	8	8	336	28	346	2.43e-57	196
Gratturu	CP@TRINITY_DN569_c0_g1::CP@TRINITY_DN569_c0_g1_i27::g.12625::m.12625	34.835	333	199	8	8	336	28	346	2.43e-57	196
Cerakond	CP@TRINITY_DN1858_c0_g1::CP@TRINITY_DN1858_c0_g1_i3::g.46745::m.46745	37.535	357	206	6	2	354	15	358	4.47e-82	255
Cerakond	CP@TRINITY_DN569_c0_g2::CP@TRINITY_DN569_c0_g2_i1::g.12636::m.12636	37.405	262	154	5	63	320	87	342	2.20e-52	182
Cerakond	CP@TRINITY_DN569_c0_g1::CP@TRINITY_DN569_c0_g1_i27::g.12625::m.12625	37.405	262	154	5	63	320	87	342	2.20e-52	182
Porpumbi	CP@TRINITY_DN1858_c0_g1::CP@TRINITY_DN1858_c0_g1_i3::g.46745::m.46745	41.689	367	193	8	10	369	3	355	1.39e-88	273
Porpumbi	CP@TRINITY_DN569_c0_g2::CP@TRINITY_DN569_c0_g2_i1::g.12636::m.12636	34.347	329	198	6	17	341	31	345	8.26e-59	200
Porpumbi	CP@TRINITY_DN569_c0_g1::CP@TRINITY_DN569_c0_g1_i27::g.12625::m.12625	34.347	329	198	6	17	341	31	345	8.26e-59	200
Rhodmacu	CP@TRINITY_DN1858_c0_g1::CP@TRINITY_DN1858_c0_g1_i3::g.46745::m.46745	40.845	213	122	3	1	210	144	355	3.82e-50	168
Cyanmero	CP@TRINITY_DN1858_c0_g1::CP@TRINITY_DN1858_c0_g1_i3::g.46745::m.46745	37.406	401	194	9	9	405	9	356	2.99e-84	263
Porpaeru	CP@TRINITY_DN1858_c0_g1::CP@TRINITY_DN1858_c0_g1_i3::g.46745::m.46745	40.884	362	195	6	17	373	8	355	5.05e-91	279
Porpaeru	CP@TRINITY_DN569_c0_g2::CP@TRINITY_DN569_c0_g2_i1::g.12636::m.12636	34.226	336	187	8	20	344	32	344	1.65e-58	199
Porpaeru	CP@TRINITY_DN569_c0_g1::CP@TRINITY_DN569_c0_g1_i27::g.12625::m.12625	34.226	336	187	8	20	344	32	344	1.65e-58	199
Compcoer	CP@TRINITY_DN1858_c0_g1::CP@TRINITY_DN1858_c0_g1_i3::g.46745::m.46745	41.399	343	169	5	10	346	9	325	3.55e-87	270
Compcoer	CP@TRINITY_DN569_c0_g2::CP@TRINITY_DN569_c0_g2_i1::g.12636::m.12636	31.831	355	201	6	2	346	22	345	2.85e-55	191
Compcoer	CP@TRINITY_DN569_c0_g1::CP@TRINITY_DN569_c0_g1_i27::g.12625::m.12625	31.831	355	201	6	2	346	22	345	2.85e-55	191
Vannfimi	CP@TRINITY_DN1858_c0_g1::CP@TRINITY_DN1858_c0_g1_i3::g.46745::m.46745	38.997	359	209	5	6	357	3	358	4.31e-95	289
Vannfimi	CP@TRINITY_DN569_c0_g2::CP@TRINITY_DN569_c0_g2_i1::g.12636::m.12636	33.431	341	205	6	7	337	28	356	7.82e-59	200
Vannfimi	CP@TRINITY_DN569_c0_g1::CP@TRINITY_DN569_c0_g1_i27::g.12625::m.12625	33.431	341	205	6	7	337	28	356	7.82e-59	200
Idiovort	CP@TRINITY_DN1858_c0_g1::CP@TRINITY_DN1858_c0_g1_i3::g.46745::m.46745	41.484	364	183	10	38	391	15	358	4.17e-86	268
Idiovort	CP@TRINITY_DN569_c0_g2::CP@TRINITY_DN569_c0_g2_i1::g.12636::m.12636	36.812	345	189	8	38	374	36	359	5.08e-66	220
Idiovort	CP@TRINITY_DN569_c0_g1::CP@TRINITY_DN569_c0_g1_i27::g.12625::m.12625	36.812	345	189	8	38	374	36	359	5.08e-66	220
Creofrag	CP@TRINITY_DN1858_c0_g1::CP@TRINITY_DN1858_c0_g1_i3::g.46745::m.46745	46.779	357	179	2	67	423	10	355	7.67e-116	345
Creofrag	CP@TRINITY_DN569_c0_g2::CP@TRINITY_DN569_c0_g2_i1::g.12636::m.12636	38.292	363	201	5	64	419	28	374	8.29e-80	257
Creofrag	CP@TRINITY_DN569_c0_g1::CP@TRINITY_DN569_c0_g1_i27::g.12625::m.12625	38.292	363	201	5	64	419	28	374	8.29e-80	257
Carpmemb	CP@TRINITY_DN1858_c0_g1::CP@TRINITY_DN1858_c0_g1_i3::g.46745::m.46745	32.370	346	220	9	6	342	18	358	2.25e-51	178
Adunpalu	CP@TRINITY_DN1858_c0_g1::CP@TRINITY_DN1858_c0_g1_i3::g.46745::m.46745	31.653	357	232	8	1	347	2	356	1.39e-48	168
Armalang	CP@TRINITY_DN1858_c0_g1::CP@TRINITY_DN1858_c0_g1_i3::g.46745::m.46745	35.511	352	202	10	19	356	16	356	1.06e-62	206
Armalang	CP@TRINITY_DN569_c0_g2::CP@TRINITY_DN569_c0_g2_i1::g.12636::m.12636	31.609	348	206	10	8	336	18	352	1.60e-46	167
Armalang	CP@TRINITY_DN569_c0_g1::CP@TRINITY_DN569_c0_g1_i27::g.12625::m.12625	31.609	348	206	10	8	336	18	352	1.60e-46	167
Mantplas	CP@TRINITY_DN1858_c0_g1::CP@TRINITY_DN1858_c0_g1_i3::g.46745::m.46745	34.375	256	158	6	1	249	106	358	1.03e-47	163
Mancberm	CP@TRINITY_DN1858_c0_g1::CP@TRINITY_DN1858_c0_g1_i3::g.46745::m.46745	37.183	355	203	8	37	385	15	355	8.10e-75	238
Mancberm	CP@TRINITY_DN569_c0_g2::CP@TRINITY_DN569_c0_g2_i1::g.12636::m.12636	34.819	359	207	7	19	367	15	356	2.62e-56	194
Mancberm	CP@TRINITY_DN569_c0_g1::CP@TRINITY_DN569_c0_g1_i27::g.12625::m.12625	34.819	359	207	7	19	367	15	356	2.62e-56	194
Pygsbifo	CP@TRINITY_DN1858_c0_g1::CP@TRINITY_DN1858_c0_g1_i3::g.46745::m.46745	44.759	353	182	6	11	353	9	358	9.93e-100	301
Pygsbifo	CP@TRINITY_DN569_c0_g2::CP@TRINITY_DN569_c0_g2_i1::g.12636::m.12636	37.243	341	193	8	12	340	31	362	1.48e-66	220
Pygsbifo	CP@TRINITY_DN569_c0_g1::CP@TRINITY_DN569_c0_g1_i27::g.12625::m.12625	37.243	341	193	8	12	340	31	362	1.48e-66	220
Trimmari	CP@TRINITY_DN1858_c0_g1::CP@TRINITY_DN1858_c0_g1_i3::g.46745::m.46745	44.134	358	190	7	10	359	3	358	2.39e-98	297
Trimmari	CP@TRINITY_DN569_c0_g2::CP@TRINITY_DN569_c0_g2_i1::g.12636::m.12636	33.634	333	206	7	11	333	25	352	9.65e-57	194
Trimmari	CP@TRINITY_DN569_c0_g1::CP@TRINITY_DN569_c0_g1_i27::g.12625::m.12625	33.634	333	206	7	11	333	25	352	9.65e-57	194
Tsukglob	CP@TRINITY_DN1858_c0_g1::CP@TRINITY_DN1858_c0_g1_i3::g.46745::m.46745	42.978	356	194	6	32	379	1	355	1.93e-98	298
Tsukglob	CP@TRINITY_DN569_c0_g2::CP@TRINITY_DN569_c0_g2_i1::g.12636::m.12636	36.858	331	192	6	38	360	28	349	1.98e-66	221
Tsukglob	CP@TRINITY_DN569_c0_g1::CP@TRINITY_DN569_c0_g1_i27::g.12625::m.12625	36.858	331	192	6	38	360	28	349	1.98e-66	221
Brevanat	CP@TRINITY_DN1858_c0_g1::CP@TRINITY_DN1858_c0_g1_i3::g.46745::m.46745	37.089	213	130	3	4	212	112	324	3.00e-42	146
Diphrota	CP@TRINITY_DN1858_c0_g1::CP@TRINITY_DN1858_c0_g1_i3::g.46745::m.46745	45.125	359	185	7	7	358	5	358	3.74e-103	311
Diphrota	CP@TRINITY_DN569_c0_g2::CP@TRINITY_DN569_c0_g2_i1::g.12636::m.12636	36.923	325	190	6	13	328	28	346	9.87e-69	227
Diphrota	CP@TRINITY_DN569_c0_g1::CP@TRINITY_DN569_c0_g1_i27::g.12625::m.12625	36.923	325	190	6	13	328	28	346	9.87e-69	227
Pharkirb	CP@TRINITY_DN1858_c0_g1::CP@TRINITY_DN1858_c0_g1_i3::g.46745::m.46745	32.895	380	215	12	9	374	6	359	2.98e-65	212
HeterBB2	CP@TRINITY_DN1858_c0_g1::CP@TRINITY_DN1858_c0_g1_i3::g.46745::m.46745	45.455	352	182	6	22	364	5	355	1.28e-102	309
HeterBB2	CP@TRINITY_DN569_c0_g2::CP@TRINITY_DN569_c0_g2_i1::g.12636::m.12636	36.119	335	193	9	20	342	27	352	7.10e-60	203
HeterBB2	CP@TRINITY_DN569_c0_g1::CP@TRINITY_DN569_c0_g1_i27::g.12625::m.12625	36.119	335	193	9	20	342	27	352	7.10e-60	203
Eutrgymn	CP@TRINITY_DN1858_c0_g1::CP@TRINITY_DN1858_c0_g1_i3::g.46745::m.46745	40.884	362	197	10	14	366	5	358	2.30e-81	254
Eutrgymn	CP@TRINITY_DN569_c0_g2::CP@TRINITY_DN569_c0_g2_i1::g.12636::m.12636	34.535	333	198	6	16	339	28	349	2.25e-57	196
Eutrgymn	CP@TRINITY_DN569_c0_g1::CP@TRINITY_DN569_c0_g1_i27::g.12625::m.12625	34.535	333	198	6	16	339	28	349	2.25e-57	196
Euglgrac	CP@TRINITY_DN1858_c0_g1::CP@TRINITY_DN1858_c0_g1_i3::g.46745::m.46745	40.000	360	202	9	45	396	3	356	3.97e-76	242
Euglgrac	CP@TRINITY_DN569_c0_g2::CP@TRINITY_DN569_c0_g2_i1::g.12636::m.12636	35.294	323	190	6	52	365	31	343	5.57e-55	191
Euglgrac	CP@TRINITY_DN569_c0_g1::CP@TRINITY_DN569_c0_g1_i27::g.12625::m.12625	35.294	323	190	6	52	365	31	343	5.57e-55	191
Eugllong	CP@TRINITY_DN1858_c0_g1::CP@TRINITY_DN1858_c0_g1_i3::g.46745::m.46745	39.612	361	206	8	28	381	3	358	5.10e-76	241
Eugllong	CP@TRINITY_DN569_c0_g2::CP@TRINITY_DN569_c0_g2_i1::g.12636::m.12636	34.675	323	192	7	35	348	31	343	4.67e-54	187
Eugllong	CP@TRINITY_DN569_c0_g1::CP@TRINITY_DN569_c0_g1_i27::g.12625::m.12625	34.675	323	192	7	35	348	31	343	4.67e-54	187
Bodosalt	CP@TRINITY_DN1858_c0_g1::CP@TRINITY_DN1858_c0_g1_i3::g.46745::m.46745	40.179	336	192	5	25	354	3	335	4.98e-78	245
Bodosalt	CP@TRINITY_DN569_c0_g2::CP@TRINITY_DN569_c0_g2_i1::g.12636::m.12636	33.929	336	209	8	32	359	31	361	2.42e-57	196
Bodosalt	CP@TRINITY_DN569_c0_g1::CP@TRINITY_DN569_c0_g1_i27::g.12625::m.12625	33.929	336	209	8	32	359	31	361	2.42e-57	196
Echibisp	CP@TRINITY_DN1858_c0_g1::CP@TRINITY_DN1858_c0_g1_i3::g.46745::m.46745	42.939	347	189	6	20	358	5	350	6.37e-94	285
Echibisp	CP@TRINITY_DN569_c0_g2::CP@TRINITY_DN569_c0_g2_i1::g.12636::m.12636	37.846	325	188	6	20	336	28	346	3.37e-65	216
Echibisp	CP@TRINITY_DN569_c0_g1::CP@TRINITY_DN569_c0_g1_i27::g.12625::m.12625	37.846	325	188	6	20	336	28	346	3.37e-65	216
Soliirre	CP@TRINITY_DN1858_c0_g1::CP@TRINITY_DN1858_c0_g1_i3::g.46745::m.46745	42.778	360	189	9	33	379	2	357	1.55e-94	289
Soliirre	CP@TRINITY_DN569_c0_g2::CP@TRINITY_DN569_c0_g2_i1::g.12636::m.12636	38.739	333	190	8	35	358	28	355	2.53e-70	231
Soliirre	CP@TRINITY_DN569_c0_g1::CP@TRINITY_DN569_c0_g1_i27::g.12625::m.12625	38.739	333	190	8	35	358	28	355	2.53e-70	231
Phalsoli	CP@TRINITY_DN1858_c0_g1::CP@TRINITY_DN1858_c0_g1_i3::g.46745::m.46745	46.377	345	173	7	35	371	15	355	4.09e-102	308
Phalsoli	CP@TRINITY_DN569_c0_g2::CP@TRINITY_DN569_c0_g2_i1::g.12636::m.12636	37.941	340	195	8	35	365	36	368	5.00e-73	238
Phalsoli	CP@TRINITY_DN569_c0_g1::CP@TRINITY_DN569_c0_g1_i27::g.12625::m.12625	37.941	340	195	8	35	365	36	368	5.00e-73	238
Filanola	CP@TRINITY_DN1858_c0_g1::CP@TRINITY_DN1858_c0_g1_i3::g.46745::m.46745	44.382	356	190	6	22	370	3	357	1.18e-103	312
Filanola	CP@TRINITY_DN569_c0_g2::CP@TRINITY_DN569_c0_g2_i1::g.12636::m.12636	39.039	333	189	7	26	349	28	355	1.27e-77	250
Filanola	CP@TRINITY_DN569_c0_g1::CP@TRINITY_DN569_c0_g1_i27::g.12625::m.12625	39.039	333	189	7	26	349	28	355	1.27e-77	250
Masteilh	CP@TRINITY_DN1858_c0_g1::CP@TRINITY_DN1858_c0_g1_i3::g.46745::m.46745	37.910	335	196	8	41	366	3	334	7.53e-75	239
Masteilh	CP@TRINITY_DN569_c0_g2::CP@TRINITY_DN569_c0_g2_i1::g.12636::m.12636	34.582	347	207	9	48	382	31	369	1.24e-57	199
Masteilh	CP@TRINITY_DN569_c0_g1::CP@TRINITY_DN569_c0_g1_i27::g.12625::m.12625	34.582	347	207	9	48	382	31	369	1.24e-57	199
Tychacut	CP@TRINITY_DN1858_c0_g1::CP@TRINITY_DN1858_c0_g1_i3::g.46745::m.46745	45.050	202	109	2	25	224	3	204	3.77e-57	186
Cavoapop	CP@TRINITY_DN1858_c0_g1::CP@TRINITY_DN1858_c0_g1_i3::g.46745::m.46745	44.343	327	173	5	22	344	14	335	3.34e-96	295
Cavoapop	CP@TRINITY_DN569_c0_g2::CP@TRINITY_DN569_c0_g2_i1::g.12636::m.12636	37.500	368	205	8	6	358	13	370	6.51e-75	245
Cavoapop	CP@TRINITY_DN569_c0_g1::CP@TRINITY_DN569_c0_g1_i27::g.12625::m.12625	37.500	368	205	8	6	358	13	370	6.51e-75	245
Schivulg	CP@TRINITY_DN1858_c0_g1::CP@TRINITY_DN1858_c0_g1_i3::g.46745::m.46745	41.867	375	198	9	23	388	3	366	2.09e-97	296
Schivulg	CP@TRINITY_DN569_c0_g2::CP@TRINITY_DN569_c0_g2_i1::g.12636::m.12636	36.364	374	217	10	1	363	1	364	2.05e-74	242
Schivulg	CP@TRINITY_DN569_c0_g1::CP@TRINITY_DN569_c0_g1_i27::g.12625::m.12625	36.364	374	217	10	1	363	1	364	2.05e-74	242
Ovaldese	CP@TRINITY_DN1858_c0_g1::CP@TRINITY_DN1858_c0_g1_i3::g.46745::m.46745	45.302	298	149	7	1	291	70	360	3.22e-82	254
Ovaldese	CP@TRINITY_DN569_c0_g2::CP@TRINITY_DN569_c0_g2_i1::g.12636::m.12636	41.115	287	156	7	2	280	87	368	1.93e-66	218
Ovaldese	CP@TRINITY_DN569_c0_g1::CP@TRINITY_DN569_c0_g1_i27::g.12625::m.12625	41.115	287	156	7	2	280	87	368	1.93e-66	218
Flabcita	CP@TRINITY_DN1858_c0_g1::CP@TRINITY_DN1858_c0_g1_i3::g.46745::m.46745	41.925	322	182	4	22	339	15	335	9.25e-89	273
Flabcita	CP@TRINITY_DN569_c0_g2::CP@TRINITY_DN569_c0_g2_i1::g.12636::m.12636	37.462	331	193	6	17	338	31	356	1.28e-68	225
Flabcita	CP@TRINITY_DN569_c0_g1::CP@TRINITY_DN569_c0_g1_i27::g.12625::m.12625	37.462	331	193	6	17	338	31	356	1.28e-68	225
Rhizsaxo	CP@TRINITY_DN1858_c0_g1::CP@TRINITY_DN1858_c0_g1_i3::g.46745::m.46745	38.122	362	214	8	24	379	1	358	3.11e-84	262
Rhizsaxo	CP@TRINITY_DN569_c0_g2::CP@TRINITY_DN569_c0_g2_i1::g.12636::m.12636	32.964	361	224	8	8	356	2	356	3.98e-66	219
Rhizsaxo	CP@TRINITY_DN569_c0_g1::CP@TRINITY_DN569_c0_g1_i27::g.12625::m.12625	32.964	361	224	8	8	356	2	356	3.98e-66	219
MicrA134	CP@TRINITY_DN1858_c0_g1::CP@TRINITY_DN1858_c0_g1_i3::g.46745::m.46745	45.238	336	175	6	22	351	15	347	3.52e-101	305
MicrA134	CP@TRINITY_DN569_c0_g2::CP@TRINITY_DN569_c0_g2_i1::g.12636::m.12636	40.785	331	179	7	22	343	36	358	4.78e-79	253
MicrA134	CP@TRINITY_DN569_c0_g1::CP@TRINITY_DN569_c0_g1_i27::g.12625::m.12625	40.785	331	179	7	22	343	36	358	4.78e-79	253
Echiexud	CP@TRINITY_DN1858_c0_g1::CP@TRINITY_DN1858_c0_g1_i3::g.46745::m.46745	45.299	351	186	5	28	374	10	358	5.88e-102	307
Echiexud	CP@TRINITY_DN569_c0_g2::CP@TRINITY_DN569_c0_g2_i1::g.12636::m.12636	34.444	360	225	5	6	359	9	363	1.74e-66	221
Echiexud	CP@TRINITY_DN569_c0_g1::CP@TRINITY_DN569_c0_g1_i27::g.12625::m.12625	34.444	360	225	5	6	359	9	363	1.74e-66	221
Vermverm	CP@TRINITY_DN1858_c0_g1::CP@TRINITY_DN1858_c0_g1_i3::g.46745::m.46745	45.031	322	169	5	28	342	15	335	8.12e-95	289
Vermverm	CP@TRINITY_DN569_c0_g2::CP@TRINITY_DN569_c0_g2_i1::g.12636::m.12636	40.248	323	181	7	28	341	36	355	1.73e-74	241
Vermverm	CP@TRINITY_DN569_c0_g1::CP@TRINITY_DN569_c0_g1_i27::g.12625::m.12625	40.248	323	181	7	28	341	36	355	1.73e-74	241
NolaAFSM	CP@TRINITY_DN1858_c0_g1::CP@TRINITY_DN1858_c0_g1_i3::g.46745::m.46745	43.114	334	184	4	4	332	3	335	7.67e-97	293
NolaAFSM	CP@TRINITY_DN569_c0_g2::CP@TRINITY_DN569_c0_g2_i1::g.12636::m.12636	37.160	331	192	9	11	331	31	355	2.49e-68	224
NolaAFSM	CP@TRINITY_DN569_c0_g1::CP@TRINITY_DN569_c0_g1_i27::g.12625::m.12625	37.160	331	192	9	11	331	31	355	2.49e-68	224
Coprprot	CP@TRINITY_DN1858_c0_g1::CP@TRINITY_DN1858_c0_g1_i3::g.46745::m.46745	40.608	362	203	8	12	366	2	358	2.33e-95	290
Coprprot	CP@TRINITY_DN569_c0_g2::CP@TRINITY_DN569_c0_g2_i1::g.12636::m.12636	33.231	325	201	9	28	341	36	355	1.21e-60	205
Coprprot	CP@TRINITY_DN569_c0_g1::CP@TRINITY_DN569_c0_g1_i27::g.12625::m.12625	33.231	325	201	9	28	341	36	355	1.21e-60	205
Amoeprot	CP@TRINITY_DN1858_c0_g1::CP@TRINITY_DN1858_c0_g1_i3::g.46745::m.46745	39.031	351	206	6	29	373	10	358	7.55e-90	276
Amoeprot	CP@TRINITY_DN569_c0_g2::CP@TRINITY_DN569_c0_g2_i1::g.12636::m.12636	34.591	318	193	7	33	341	35	346	2.20e-64	215
Amoeprot	CP@TRINITY_DN569_c0_g1::CP@TRINITY_DN569_c0_g1_i27::g.12625::m.12625	34.591	318	193	7	33	341	35	346	2.20e-64	215
Arcevulg	CP@TRINITY_DN1858_c0_g1::CP@TRINITY_DN1858_c0_g1_i3::g.46745::m.46745	41.908	346	193	6	29	368	15	358	2.49e-92	283
Arcevulg	CP@TRINITY_DN569_c0_g2::CP@TRINITY_DN569_c0_g2_i1::g.12636::m.12636	35.000	340	204	6	18	345	25	359	5.45e-64	214
Arcevulg	CP@TRINITY_DN569_c0_g1::CP@TRINITY_DN569_c0_g1_i27::g.12625::m.12625	35.000	340	204	6	18	345	25	359	5.45e-64	214
Veximinu	CP@TRINITY_DN1858_c0_g1::CP@TRINITY_DN1858_c0_g1_i3::g.46745::m.46745	38.202	356	203	8	18	366	12	357	1.44e-77	244
Veximinu	CP@TRINITY_DN569_c0_g2::CP@TRINITY_DN569_c0_g2_i1::g.12636::m.12636	34.862	327	191	8	15	333	30	342	4.07e-57	195
Veximinu	CP@TRINITY_DN569_c0_g1::CP@TRINITY_DN569_c0_g1_i27::g.12625::m.12625	34.862	327	191	8	15	333	30	342	4.07e-57	195
Gocefonb	CP@TRINITY_DN1858_c0_g1::CP@TRINITY_DN1858_c0_g1_i3::g.46745::m.46745	41.689	367	195	10	18	374	1	358	2.31e-95	290
Gocefonb	CP@TRINITY_DN569_c0_g2::CP@TRINITY_DN569_c0_g2_i1::g.12636::m.12636	38.217	314	179	8	35	340	36	342	5.66e-64	214
Gocefonb	CP@TRINITY_DN569_c0_g1::CP@TRINITY_DN569_c0_g1_i27::g.12625::m.12625	38.217	314	179	8	35	340	36	342	5.66e-64	214
Pellcata	CP@TRINITY_DN1858_c0_g1::CP@TRINITY_DN1858_c0_g1_i3::g.46745::m.46745	42.105	342	188	5	37	371	18	356	2.58e-99	300
Pellcata	CP@TRINITY_DN569_c0_g2::CP@TRINITY_DN569_c0_g2_i1::g.12636::m.12636	37.195	328	192	6	35	354	37	358	1.83e-68	226
Pellcata	CP@TRINITY_DN569_c0_g1::CP@TRINITY_DN569_c0_g1_i27::g.12625::m.12625	37.195	328	192	6	35	354	37	358	1.83e-68	226
Endozona	CP@TRINITY_DN1858_c0_g1::CP@TRINITY_DN1858_c0_g1_i3::g.46745::m.46745	42.618	359	194	7	8	357	3	358	2.00e-94	287
Endozona	CP@TRINITY_DN569_c0_g2::CP@TRINITY_DN569_c0_g2_i1::g.12636::m.12636	34.139	331	204	5	4	325	19	344	5.74e-62	208
Endozona	CP@TRINITY_DN569_c0_g1::CP@TRINITY_DN569_c0_g1_i27::g.12625::m.12625	34.139	331	204	5	4	325	19	344	5.74e-62	208
Dracjorm	CP@TRINITY_DN1858_c0_g1::CP@TRINITY_DN1858_c0_g1_i3::g.46745::m.46745	44.350	354	190	5	14	361	3	355	1.05e-101	306
Dracjorm	CP@TRINITY_DN569_c0_g2::CP@TRINITY_DN569_c0_g2_i1::g.12636::m.12636	33.538	325	203	6	26	342	36	355	5.99e-66	219
Dracjorm	CP@TRINITY_DN569_c0_g1::CP@TRINITY_DN569_c0_g1_i27::g.12625::m.12625	33.538	325	203	6	26	342	36	355	5.99e-66	219
Luaphula	CP@TRINITY_DN1858_c0_g1::CP@TRINITY_DN1858_c0_g1_i3::g.46745::m.46745	43.023	344	185	6	20	355	15	355	1.09e-95	294
Luaphula	CP@TRINITY_DN569_c0_g2::CP@TRINITY_DN569_c0_g2_i1::g.12636::m.12636	34.444	360	223	6	6	357	22	376	1.30e-67	226
Luaphula	CP@TRINITY_DN569_c0_g1::CP@TRINITY_DN569_c0_g1_i27::g.12625::m.12625	34.444	360	223	6	6	357	22	376	1.30e-67	226
Cuneruss	CP@TRINITY_DN1858_c0_g1::CP@TRINITY_DN1858_c0_g1_i3::g.46745::m.46745	37.360	356	209	6	33	382	8	355	1.90e-78	248
Cuneruss	CP@TRINITY_DN569_c0_g2::CP@TRINITY_DN569_c0_g2_i1::g.12636::m.12636	29.141	326	214	4	35	354	31	345	5.37e-45	164
Cuneruss	CP@TRINITY_DN569_c0_g1::CP@TRINITY_DN569_c0_g1_i27::g.12625::m.12625	29.141	326	214	4	35	354	31	345	5.37e-45	164
Cochminu	CP@TRINITY_DN1858_c0_g1::CP@TRINITY_DN1858_c0_g1_i3::g.46745::m.46745	40.000	355	197	7	11	358	10	355	7.83e-85	263
Cochminu	CP@TRINITY_DN569_c0_g2::CP@TRINITY_DN569_c0_g2_i1::g.12636::m.12636	33.728	338	211	5	11	344	31	359	4.99e-55	190
Cochminu	CP@TRINITY_DN569_c0_g1::CP@TRINITY_DN569_c0_g1_i27::g.12625::m.12625	33.728	338	211	5	11	344	31	359	4.99e-55	190
Paralevi	CP@TRINITY_DN1858_c0_g1::CP@TRINITY_DN1858_c0_g1_i3::g.46745::m.46745	44.144	222	119	3	43	260	137	357	2.58e-63	204
Paralevi	CP@TRINITY_DN569_c0_g2::CP@TRINITY_DN569_c0_g2_i1::g.12636::m.12636	38.462	195	117	3	39	231	153	346	5.11e-44	157
Paralevi	CP@TRINITY_DN569_c0_g1::CP@TRINITY_DN569_c0_g1_i27::g.12625::m.12625	38.462	195	117	3	39	231	153	346	5.11e-44	157
Sapppeda	CP@TRINITY_DN1858_c0_g1::CP@TRINITY_DN1858_c0_g1_i3::g.46745::m.46745	45.058	344	181	6	21	357	16	358	1.99e-103	310
Sapppeda	CP@TRINITY_DN569_c0_g2::CP@TRINITY_DN569_c0_g2_i1::g.12636::m.12636	37.025	316	182	6	21	326	37	345	4.83e-67	221
Sapppeda	CP@TRINITY_DN569_c0_g1::CP@TRINITY_DN569_c0_g1_i27::g.12625::m.12625	37.025	316	182	6	21	326	37	345	4.83e-67	221
Mayocant	CP@TRINITY_DN1858_c0_g1::CP@TRINITY_DN1858_c0_g1_i3::g.46745::m.46745	45.821	347	171	8	25	360	15	355	2.88e-103	311
Mayocant	CP@TRINITY_DN569_c0_g2::CP@TRINITY_DN569_c0_g2_i1::g.12636::m.12636	37.771	323	182	6	20	331	31	345	2.40e-66	221
Mayocant	CP@TRINITY_DN569_c0_g1::CP@TRINITY_DN569_c0_g1_i27::g.12625::m.12625	37.771	323	182	6	20	331	31	345	2.40e-66	221
Rhizelon	CP@TRINITY_DN1858_c0_g1::CP@TRINITY_DN1858_c0_g1_i3::g.46745::m.46745	35.674	356	217	8	31	377	3	355	9.39e-69	222
Stensten	CP@TRINITY_DN1858_c0_g1::CP@TRINITY_DN1858_c0_g1_i3::g.46745::m.46745	44.044	361	186	7	35	387	3	355	1.94e-101	307
Stensten	CP@TRINITY_DN569_c0_g2::CP@TRINITY_DN569_c0_g2_i1::g.12636::m.12636	37.621	311	182	5	56	359	40	345	1.04e-68	228
Stensten	CP@TRINITY_DN569_c0_g1::CP@TRINITY_DN569_c0_g1_i27::g.12625::m.12625	37.621	311	182	5	56	359	40	345	1.04e-68	228
Rigiramo	CP@TRINITY_DN1858_c0_g1::CP@TRINITY_DN1858_c0_g1_i3::g.46745::m.46745	43.228	347	187	7	31	371	15	357	2.69e-92	283
Rigiramo	CP@TRINITY_DN569_c0_g2::CP@TRINITY_DN569_c0_g2_i1::g.12636::m.12636	34.501	371	218	12	10	365	14	374	1.66e-60	205
Rigiramo	CP@TRINITY_DN569_c0_g1::CP@TRINITY_DN569_c0_g1_i27::g.12625::m.12625	34.501	371	218	12	10	365	14	374	1.66e-60	205
Fabotrop	CP@TRINITY_DN1858_c0_g1::CP@TRINITY_DN1858_c0_g1_i3::g.46745::m.46745	43.064	346	184	8	28	363	15	357	1.73e-89	275
Fabotrop	CP@TRINITY_DN569_c0_g2::CP@TRINITY_DN569_c0_g2_i1::g.12636::m.12636	34.891	321	196	5	23	335	31	346	5.30e-63	211
Fabotrop	CP@TRINITY_DN569_c0_g1::CP@TRINITY_DN569_c0_g1_i27::g.12625::m.12625	34.891	321	196	5	23	335	31	346	5.30e-63	211
Ancysigm	CP@TRINITY_DN1858_c0_g1::CP@TRINITY_DN1858_c0_g1_i3::g.46745::m.46745	37.705	366	209	9	21	377	3	358	4.90e-71	228
Ancysigm	CP@TRINITY_DN569_c0_g2::CP@TRINITY_DN569_c0_g2_i1::g.12636::m.12636	32.500	360	220	8	8	352	1	352	1.94e-51	181
Ancysigm	CP@TRINITY_DN569_c0_g1::CP@TRINITY_DN569_c0_g1_i27::g.12625::m.12625	32.500	360	220	8	8	352	1	352	1.94e-51	181
Nutolong	CP@TRINITY_DN1858_c0_g1::CP@TRINITY_DN1858_c0_g1_i3::g.46745::m.46745	42.458	358	199	4	8	358	4	361	5.60e-104	311
Nutolong	CP@TRINITY_DN569_c0_g2::CP@TRINITY_DN569_c0_g2_i1::g.12636::m.12636	35.174	344	203	9	4	332	17	355	1.30e-61	207
Nutolong	CP@TRINITY_DN569_c0_g1::CP@TRINITY_DN569_c0_g1_i27::g.12625::m.12625	35.174	344	203	9	4	332	17	355	1.30e-61	207
Hetepall	CP@TRINITY_DN1858_c0_g1::CP@TRINITY_DN1858_c0_g1_i3::g.46745::m.46745	43.072	332	180	5	12	339	5	331	1.55e-91	280
Hetepall	CP@TRINITY_DN569_c0_g2::CP@TRINITY_DN569_c0_g2_i1::g.12636::m.12636	41.159	328	176	6	15	334	28	346	4.52e-74	240
Hetepall	CP@TRINITY_DN569_c0_g1::CP@TRINITY_DN569_c0_g1_i27::g.12625::m.12625	41.159	328	176	6	15	334	28	346	4.52e-74	240
Fontalba	CP@TRINITY_DN1858_c0_g1::CP@TRINITY_DN1858_c0_g1_i3::g.46745::m.46745	32.267	344	219	5	23	365	9	339	3.22e-58	196
Allomacr	CP@TRINITY_DN1858_c0_g1::CP@TRINITY_DN1858_c0_g1_i3::g.46745::m.46745	31.481	378	200	11	35	402	10	338	1.17e-61	206
Blasbrit	CP@TRINITY_DN1858_c0_g1::CP@TRINITY_DN1858_c0_g1_i3::g.46745::m.46745	30.457	394	223	12	6	390	10	361	6.52e-55	187
Malajako	CP@TRINITY_DN1858_c0_g1::CP@TRINITY_DN1858_c0_g1_i3::g.46745::m.46745	49.744	195	95	2	44	235	3	197	2.68e-59	192
Gefiokel	CP@TRINITY_DN1858_c0_g1::CP@TRINITY_DN1858_c0_g1_i3::g.46745::m.46745	44.628	363	185	8	17	369	3	359	5.26e-102	307
Gefiokel	CP@TRINITY_DN569_c0_g2::CP@TRINITY_DN569_c0_g2_i1::g.12636::m.12636	36.950	341	191	9	9	338	19	346	1.29e-62	210
Gefiokel	CP@TRINITY_DN569_c0_g1::CP@TRINITY_DN569_c0_g1_i27::g.12625::m.12625	36.950	341	191	9	9	338	19	346	1.29e-62	210
Salprose	CP@TRINITY_DN1858_c0_g1::CP@TRINITY_DN1858_c0_g1_i3::g.46745::m.46745	46.802	344	179	3	11	354	15	354	1.37e-110	328
Salprose	CP@TRINITY_DN569_c0_g2::CP@TRINITY_DN569_c0_g2_i1::g.12636::m.12636	37.127	369	205	6	7	356	32	392	1.89e-79	253
Salprose	CP@TRINITY_DN569_c0_g1::CP@TRINITY_DN569_c0_g1_i27::g.12625::m.12625	37.127	369	205	6	7	356	32	392	1.89e-79	253
Spizpunc	CP@TRINITY_DN1858_c0_g1::CP@TRINITY_DN1858_c0_g1_i3::g.46745::m.46745	55.942	345	148	3	30	373	15	356	2.16e-135	392
Spizpunc	CP@TRINITY_DN569_c0_g2::CP@TRINITY_DN569_c0_g2_i1::g.12636::m.12636	46.471	340	173	5	16	351	21	355	6.38e-100	307
Spizpunc	CP@TRINITY_DN569_c0_g1::CP@TRINITY_DN569_c0_g1_i27::g.12625::m.12625	46.471	340	173	5	16	351	21	355	6.38e-100	307
Ustimayd	CP@TRINITY_DN1858_c0_g1::CP@TRINITY_DN1858_c0_g1_i3::g.46745::m.46745	41.667	360	202	6	13	369	4	358	2.24e-89	275
Ustimayd	CP@TRINITY_DN569_c0_g2::CP@TRINITY_DN569_c0_g2_i1::g.12636::m.12636	34.795	342	211	6	23	358	35	370	3.32e-64	214
Ustimayd	CP@TRINITY_DN569_c0_g1::CP@TRINITY_DN569_c0_g1_i27::g.12625::m.12625	34.795	342	211	6	23	358	35	370	3.32e-64	214
Coprcine	CP@TRINITY_DN1858_c0_g1::CP@TRINITY_DN1858_c0_g1_i3::g.46745::m.46745	43.099	355	185	8	23	367	8	355	1.57e-94	288
Coprcine	CP@TRINITY_DN569_c0_g2::CP@TRINITY_DN569_c0_g2_i1::g.12636::m.12636	36.550	342	205	5	30	363	37	374	2.31e-67	223
Coprcine	CP@TRINITY_DN569_c0_g1::CP@TRINITY_DN569_c0_g1_i27::g.12625::m.12625	36.550	342	205	5	30	363	37	374	2.31e-67	223
Rhizdele	CP@TRINITY_DN1858_c0_g1::CP@TRINITY_DN1858_c0_g1_i3::g.46745::m.46745	45.225	356	186	4	11	361	4	355	3.89e-106	317
Rhizdele	CP@TRINITY_DN569_c0_g2::CP@TRINITY_DN569_c0_g2_i1::g.12636::m.12636	40.616	357	185	7	6	348	22	365	2.05e-82	261
Rhizdele	CP@TRINITY_DN569_c0_g1::CP@TRINITY_DN569_c0_g1_i27::g.12625::m.12625	40.616	357	185	7	6	348	22	365	2.05e-82	261
Neurcras	CP@TRINITY_DN1858_c0_g1::CP@TRINITY_DN1858_c0_g1_i3::g.46745::m.46745	35.068	365	208	7	20	380	16	355	4.17e-59	197
Aspefumi	CP@TRINITY_DN1858_c0_g1::CP@TRINITY_DN1858_c0_g1_i3::g.46745::m.46745	34.853	373	212	8	33	400	9	355	7.10e-59	197
Schizpom	CP@TRINITY_DN1858_c0_g1::CP@TRINITY_DN1858_c0_g1_i3::g.46745::m.46745	43.750	352	191	4	15	362	9	357	6.61e-100	301
Schizpom	CP@TRINITY_DN569_c0_g2::CP@TRINITY_DN569_c0_g2_i1::g.12636::m.12636	41.667	312	172	5	25	331	40	346	1.47e-75	244
Schizpom	CP@TRINITY_DN569_c0_g1::CP@TRINITY_DN569_c0_g1_i27::g.12625::m.12625	41.667	312	172	5	25	331	40	346	1.47e-75	244
Debahans	CP@TRINITY_DN1858_c0_g1::CP@TRINITY_DN1858_c0_g1_i3::g.46745::m.46745	41.801	311	169	5	1	308	54	355	1.74e-78	244
Debahans	CP@TRINITY_DN569_c0_g2::CP@TRINITY_DN569_c0_g2_i1::g.12636::m.12636	36.655	281	171	5	20	295	87	365	3.44e-58	196
Debahans	CP@TRINITY_DN569_c0_g1::CP@TRINITY_DN569_c0_g1_i27::g.12625::m.12625	36.655	281	171	5	20	295	87	365	3.44e-58	196
Sphaarct	CP@TRINITY_DN1858_c0_g1::CP@TRINITY_DN1858_c0_g1_i3::g.46745::m.46745	47.339	357	177	2	12	368	10	355	2.01e-114	339
Sphaarct	CP@TRINITY_DN569_c0_g2::CP@TRINITY_DN569_c0_g2_i1::g.12636::m.12636	36.119	371	211	7	1	364	23	374	6.64e-74	240
Sphaarct	CP@TRINITY_DN569_c0_g1::CP@TRINITY_DN569_c0_g1_i27::g.12625::m.12625	36.119	371	211	7	1	364	23	374	6.64e-74	240
Caeneleg	CP@TRINITY_DN1858_c0_g1::CP@TRINITY_DN1858_c0_g1_i3::g.46745::m.46745	51.977	354	169	1	22	375	9	361	7.59e-130	378
Caeneleg	CP@TRINITY_DN569_c0_g2::CP@TRINITY_DN569_c0_g2_i1::g.12636::m.12636	36.826	334	201	3	11	340	19	346	1.04e-72	236
Caeneleg	CP@TRINITY_DN569_c0_g1::CP@TRINITY_DN569_c0_g1_i27::g.12625::m.12625	36.826	334	201	3	11	340	19	346	1.04e-72	236
Minivibr	CP@TRINITY_DN1858_c0_g1::CP@TRINITY_DN1858_c0_g1_i3::g.46745::m.46745	45.125	359	188	1	17	375	9	358	3.36e-108	323
Minivibr	CP@TRINITY_DN569_c0_g2::CP@TRINITY_DN569_c0_g2_i1::g.12636::m.12636	36.023	347	201	5	18	357	31	363	2.15e-70	231
Minivibr	CP@TRINITY_DN569_c0_g1::CP@TRINITY_DN569_c0_g1_i27::g.12625::m.12625	36.023	347	201	5	18	357	31	363	2.15e-70	231
Mnemleid	CP@TRINITY_DN1858_c0_g1::CP@TRINITY_DN1858_c0_g1_i3::g.46745::m.46745	51.955	358	170	1	9	366	5	360	1.26e-134	390
Mnemleid	CP@TRINITY_DN569_c0_g2::CP@TRINITY_DN569_c0_g2_i1::g.12636::m.12636	37.681	345	201	5	11	348	28	365	2.39e-83	265
Mnemleid	CP@TRINITY_DN569_c0_g1::CP@TRINITY_DN569_c0_g1_i27::g.12625::m.12625	37.681	345	201	5	11	348	28	365	2.39e-83	265
Amoepara	CP@TRINITY_DN1858_c0_g1::CP@TRINITY_DN1858_c0_g1_i3::g.46745::m.46745	53.221	357	154	3	21	375	10	355	1.91e-132	385
Amoepara	CP@TRINITY_DN569_c0_g2::CP@TRINITY_DN569_c0_g2_i1::g.12636::m.12636	41.076	353	183	4	7	351	17	352	1.66e-88	278
Amoepara	CP@TRINITY_DN569_c0_g1::CP@TRINITY_DN569_c0_g1_i27::g.12625::m.12625	41.076	353	183	4	7	351	17	352	1.66e-88	278
Tricadha	CP@TRINITY_DN1858_c0_g1::CP@TRINITY_DN1858_c0_g1_i3::g.46745::m.46745	57.412	371	144	1	53	423	4	360	2.61e-153	440
Tricadha	CP@TRINITY_DN569_c0_g2::CP@TRINITY_DN569_c0_g2_i1::g.12636::m.12636	39.945	363	192	5	50	405	22	365	1.44e-89	282
Tricadha	CP@TRINITY_DN569_c0_g1::CP@TRINITY_DN569_c0_g1_i27::g.12625::m.12625	39.945	363	192	5	50	405	22	365	1.44e-89	282
Amphquee	CP@TRINITY_DN1858_c0_g1::CP@TRINITY_DN1858_c0_g1_i3::g.46745::m.46745	57.423	357	152	0	8	364	4	360	1.92e-159	453
Amphquee	CP@TRINITY_DN569_c0_g2::CP@TRINITY_DN569_c0_g2_i1::g.12636::m.12636	39.080	348	199	5	16	355	32	374	3.77e-89	279
Amphquee	CP@TRINITY_DN569_c0_g1::CP@TRINITY_DN569_c0_g1_i27::g.12625::m.12625	39.080	348	199	5	16	355	32	374	3.77e-89	279
Aplycali	CP@TRINITY_DN1858_c0_g1::CP@TRINITY_DN1858_c0_g1_i3::g.46745::m.46745	61.326	362	136	1	1	362	1	358	1.74e-163	464
Aplycali	CP@TRINITY_DN569_c0_g2::CP@TRINITY_DN569_c0_g2_i1::g.12636::m.12636	41.718	326	180	4	18	338	35	355	3.94e-90	282
Aplycali	CP@TRINITY_DN569_c0_g1::CP@TRINITY_DN569_c0_g1_i27::g.12625::m.12625	41.718	326	180	4	18	338	35	355	3.94e-90	282
Drosmela	CP@TRINITY_DN1858_c0_g1::CP@TRINITY_DN1858_c0_g1_i3::g.46745::m.46745	58.056	360	151	0	4	363	2	361	2.78e-159	453
Drosmela	CP@TRINITY_DN569_c0_g2::CP@TRINITY_DN569_c0_g2_i1::g.12636::m.12636	38.384	396	219	7	8	383	26	416	8.30e-88	276
Drosmela	CP@TRINITY_DN569_c0_g1::CP@TRINITY_DN569_c0_g1_i27::g.12625::m.12625	38.384	396	219	7	8	383	26	416	8.30e-88	276
Apismell	CP@TRINITY_DN1858_c0_g1::CP@TRINITY_DN1858_c0_g1_i3::g.46745::m.46745	61.326	362	139	1	1	362	1	361	1.30e-171	484
Apismell	CP@TRINITY_DN569_c0_g2::CP@TRINITY_DN569_c0_g2_i1::g.12636::m.12636	39.941	338	193	4	7	339	27	359	7.19e-87	273
Apismell	CP@TRINITY_DN569_c0_g1::CP@TRINITY_DN569_c0_g1_i27::g.12625::m.12625	39.941	338	193	4	7	339	27	359	7.19e-87	273
Taensoli	CP@TRINITY_DN1858_c0_g1::CP@TRINITY_DN1858_c0_g1_i3::g.46745::m.46745	50.423	355	174	1	37	391	3	355	2.45e-127	373
Taensoli	CP@TRINITY_DN569_c0_g2::CP@TRINITY_DN569_c0_g2_i1::g.12636::m.12636	36.512	367	223	4	29	390	16	377	4.26e-77	249
Taensoli	CP@TRINITY_DN569_c0_g1::CP@TRINITY_DN569_c0_g1_i27::g.12625::m.12625	36.512	367	223	4	29	390	16	377	4.26e-77	249
Schimans	CP@TRINITY_DN1858_c0_g1::CP@TRINITY_DN1858_c0_g1_i3::g.46745::m.46745	48.276	348	178	1	14	361	10	355	1.07e-121	357
Schimans	CP@TRINITY_DN569_c0_g2::CP@TRINITY_DN569_c0_g2_i1::g.12636::m.12636	38.827	358	209	4	8	360	25	377	2.26e-84	267
Schimans	CP@TRINITY_DN569_c0_g1::CP@TRINITY_DN569_c0_g1_i27::g.12625::m.12625	38.827	358	209	4	8	360	25	377	2.26e-84	267
Gallgall	CP@TRINITY_DN1858_c0_g1::CP@TRINITY_DN1858_c0_g1_i3::g.46745::m.46745	58.774	359	146	2	6	363	3	360	1.08e-156	446
Gallgall	CP@TRINITY_DN569_c0_g2::CP@TRINITY_DN569_c0_g2_i1::g.12636::m.12636	42.980	349	185	7	14	354	32	374	1.16e-95	296
Gallgall	CP@TRINITY_DN569_c0_g1::CP@TRINITY_DN569_c0_g1_i27::g.12625::m.12625	42.980	349	185	7	14	354	32	374	1.16e-95	296
Branflor	CP@TRINITY_DN1858_c0_g1::CP@TRINITY_DN1858_c0_g1_i3::g.46745::m.46745	52.235	358	159	3	6	352	4	360	6.38e-125	365
Branflor	CP@TRINITY_DN569_c0_g2::CP@TRINITY_DN569_c0_g2_i1::g.12636::m.12636	35.127	353	205	7	5	339	24	370	3.88e-62	208
Branflor	CP@TRINITY_DN569_c0_g1::CP@TRINITY_DN569_c0_g1_i27::g.12625::m.12625	35.127	353	205	7	5	339	24	370	3.88e-62	208
Picosali	CP@TRINITY_DN1858_c0_g1::CP@TRINITY_DN1858_c0_g1_i3::g.46745::m.46745	46.132	349	175	7	159	499	15	358	9.05e-93	301
Picosali	CP@TRINITY_DN569_c0_g2::CP@TRINITY_DN569_c0_g2_i1::g.12636::m.12636	35.826	321	186	7	159	469	36	346	2.06e-58	211
Picosali	CP@TRINITY_DN569_c0_g1::CP@TRINITY_DN569_c0_g1_i27::g.12625::m.12625	35.826	321	186	7	159	469	36	346	2.06e-58	211
Paratetr	CP@TRINITY_DN1858_c0_g1::CP@TRINITY_DN1858_c0_g1_i3::g.46745::m.46745	37.746	355	212	6	6	352	3	356	2.87e-81	253
Paratetr	CP@TRINITY_DN569_c0_g2::CP@TRINITY_DN569_c0_g2_i1::g.12636::m.12636	36.508	315	184	7	18	321	36	345	7.74e-60	202
Paratetr	CP@TRINITY_DN569_c0_g1::CP@TRINITY_DN569_c0_g1_i27::g.12625::m.12625	36.508	315	184	7	18	321	36	345	7.74e-60	202
Aureanop	CP@TRINITY_DN1858_c0_g1::CP@TRINITY_DN1858_c0_g1_i3::g.46745::m.46745	44.798	346	182	5	24	367	10	348	7.14e-107	320
Aureanop	CP@TRINITY_DN569_c0_g2::CP@TRINITY_DN569_c0_g2_i1::g.12636::m.12636	35.876	354	206	7	3	350	14	352	1.55e-71	234
Aureanop	CP@TRINITY_DN569_c0_g1::CP@TRINITY_DN569_c0_g1_i27::g.12625::m.12625	35.876	354	206	7	3	350	14	352	1.55e-71	234
Pelacalc	CP@TRINITY_DN1858_c0_g1::CP@TRINITY_DN1858_c0_g1_i3::g.46745::m.46745	41.899	358	197	7	37	391	10	359	9.55e-102	307
Pelacalc	CP@TRINITY_DN569_c0_g2::CP@TRINITY_DN569_c0_g2_i1::g.12636::m.12636	36.890	328	190	6	42	363	36	352	8.47e-69	227
Pelacalc	CP@TRINITY_DN569_c0_g1::CP@TRINITY_DN569_c0_g1_i27::g.12625::m.12625	36.890	328	190	6	42	363	36	352	8.47e-69	227
Pelasubv	CP@TRINITY_DN1858_c0_g1::CP@TRINITY_DN1858_c0_g1_i3::g.46745::m.46745	43.516	347	186	6	20	364	10	348	4.76e-105	315
Pelasubv	CP@TRINITY_DN569_c0_g2::CP@TRINITY_DN569_c0_g2_i1::g.12636::m.12636	34.865	370	215	9	4	358	7	365	4.27e-68	224
Pelasubv	CP@TRINITY_DN569_c0_g1::CP@TRINITY_DN569_c0_g1_i27::g.12625::m.12625	34.865	370	215	9	4	358	7	365	4.27e-68	224
Cryppara	CP@TRINITY_DN1858_c0_g1::CP@TRINITY_DN1858_c0_g1_i3::g.46745::m.46745	45.402	348	180	7	24	362	15	361	4.00e-99	299
Cryppara	CP@TRINITY_DN569_c0_g2::CP@TRINITY_DN569_c0_g2_i1::g.12636::m.12636	40.373	322	175	8	24	333	36	352	7.80e-73	236
Cryppara	CP@TRINITY_DN569_c0_g1::CP@TRINITY_DN569_c0_g1_i27::g.12625::m.12625	40.373	322	175	8	24	333	36	352	7.80e-73	236
