Blasemer	CP@TRINITY_DN1689_c0_g1::CP@TRINITY_DN1689_c0_g1_i4::g.43124::m.43124	53.254	169	69	3	3	170	11	170	5.50e-54	172
Oxyrmari	CP@TRINITY_DN1689_c0_g1::CP@TRINITY_DN1689_c0_g1_i4::g.43124::m.43124	39.024	246	135	5	9	254	11	241	2.03e-50	167
ChrysoH2	CP@TRINITY_DN1689_c0_g1::CP@TRINITY_DN1689_c0_g1_i4::g.43124::m.43124	40.316	253	130	7	6	255	11	245	2.27e-52	172
Phytpara	CP@TRINITY_DN1689_c0_g1::CP@TRINITY_DN1689_c0_g1_i4::g.43124::m.43124	38.224	259	139	7	1	259	1	238	4.56e-51	169
Plasbras	CP@TRINITY_DN1689_c0_g1::CP@TRINITY_DN1689_c0_g1_i4::g.43124::m.43124	35.379	277	156	7	3	271	8	269	1.07e-51	170
Leptvora	CP@TRINITY_DN1689_c0_g1::CP@TRINITY_DN1689_c0_g1_i4::g.43124::m.43124	40.909	286	144	9	3	280	6	274	7.64e-56	181
Lapoguse	CP@TRINITY_DN1689_c0_g1::CP@TRINITY_DN1689_c0_g1_i4::g.43124::m.43124	39.759	249	130	6	3	250	8	237	1.42e-51	170
Sori0191	CP@TRINITY_DN1689_c0_g1::CP@TRINITY_DN1689_c0_g1_i4::g.43124::m.43124	39.676	247	130	7	23	269	11	238	1.83e-49	165
Retifilo	CP@TRINITY_DN1689_c0_g1::CP@TRINITY_DN1689_c0_g1_i4::g.43124::m.43124	37.066	259	131	7	4	262	11	237	1.39e-44	152
Paulchro	CP@TRINITY_DN1689_c0_g1::CP@TRINITY_DN1689_c0_g1_i4::g.43124::m.43124	38.583	254	132	7	2	254	7	237	1.58e-49	165
Bigenata	CP@TRINITY_DN1689_c0_g1::CP@TRINITY_DN1689_c0_g1_i4::g.43124::m.43124	36.965	257	138	6	2	258	4	236	1.14e-43	150
Aurisoli	CP@TRINITY_DN1689_c0_g1::CP@TRINITY_DN1689_c0_g1_i4::g.43124::m.43124	41.870	246	124	7	24	268	11	238	4.98e-57	185
Ichtmult	CP@TRINITY_DN1689_c0_g1::CP@TRINITY_DN1689_c0_g1_i4::g.43124::m.43124	34.520	281	159	8	3	279	8	267	7.34e-43	147
Tetrther	CP@TRINITY_DN1689_c0_g1::CP@TRINITY_DN1689_c0_g1_i4::g.43124::m.43124	35.000	280	156	8	3	279	8	264	4.11e-46	156
Paratetr	CP@TRINITY_DN1689_c0_g1::CP@TRINITY_DN1689_c0_g1_i4::g.43124::m.43124	36.508	252	136	8	5	253	8	238	8.94e-42	144
Stencoer	CP@TRINITY_DN1689_c0_g1::CP@TRINITY_DN1689_c0_g1_i4::g.43124::m.43124	37.815	238	130	7	5	241	11	231	5.35e-45	152
Prascaps	CP@TRINITY_DN1689_c0_g1::CP@TRINITY_DN1689_c0_g1_i4::g.43124::m.43124	42.908	282	136	8	28	308	9	266	3.83e-60	193
Pyrapark	CP@TRINITY_DN1689_c0_g1::CP@TRINITY_DN1689_c0_g1_i4::g.43124::m.43124	49.485	194	89	2	23	215	11	196	8.95e-57	181
Arabthal	CP@TRINITY_DN1689_c0_g1::CP@TRINITY_DN1689_c0_g1_i4::g.43124::m.43124	38.934	244	130	6	1	243	11	236	1.36e-47	159
Prassing	CP@TRINITY_DN1689_c0_g1::CP@TRINITY_DN1689_c0_g1_i4::g.43124::m.43124	35.816	282	143	9	21	302	10	253	1.31e-41	145
Andagodo	CP@TRINITY_DN1689_c0_g1::CP@TRINITY_DN1689_c0_g1_i4::g.43124::m.43124	37.132	272	154	6	2	271	7	263	5.27e-53	173
Monoexil	CP@TRINITY_DN1689_c0_g1::CP@TRINITY_DN1689_c0_g1_i4::g.43124::m.43124	34.884	258	148	7	7	258	11	254	6.82e-43	147
Parapyri	CP@TRINITY_DN1689_c0_g1::CP@TRINITY_DN1689_c0_g1_i4::g.43124::m.43124	35.811	296	157	7	12	306	11	274	2.39e-49	165
Phaeglob	CP@TRINITY_DN1689_c0_g1::CP@TRINITY_DN1689_c0_g1_i4::g.43124::m.43124	40.741	270	138	7	15	282	11	260	2.43e-54	177
Calclept	CP@TRINITY_DN1689_c0_g1::CP@TRINITY_DN1689_c0_g1_i4::g.43124::m.43124	43.210	243	117	8	25	264	7	231	1.51e-54	178
Rainerin	CP@TRINITY_DN1689_c0_g1::CP@TRINITY_DN1689_c0_g1_i4::g.43124::m.43124	37.407	270	148	6	30	298	11	260	6.92e-49	164
ChoanoFB	CP@TRINITY_DN1689_c0_g1::CP@TRINITY_DN1689_c0_g1_i4::g.43124::m.43124	40.824	267	143	6	36	301	8	260	1.64e-54	178
Raphhete	CP@TRINITY_DN1689_c0_g1::CP@TRINITY_DN1689_c0_g1_i4::g.43124::m.43124	41.727	278	136	8	41	316	7	260	4.68e-54	178
Parasacc	CP@TRINITY_DN1689_c0_g1::CP@TRINITY_DN1689_c0_g1_i4::g.43124::m.43124	44.697	264	129	5	25	286	10	258	3.95e-66	208
Hemikukw	CP@TRINITY_DN1689_c0_g1::CP@TRINITY_DN1689_c0_g1_i4::g.43124::m.43124	42.510	247	123	7	11	256	8	236	1.04e-59	191
SpirCILI	CP@TRINITY_DN1689_c0_g1::CP@TRINITY_DN1689_c0_g1_i4::g.43124::m.43124	36.992	246	133	6	26	269	11	236	7.17e-47	158
Naeggrub	CP@TRINITY_DN1689_c0_g1::CP@TRINITY_DN1689_c0_g1_i4::g.43124::m.43124	41.573	267	142	6	5	270	8	261	4.64e-60	191
Mesoviri	CP@TRINITY_DN1689_c0_g1::CP@TRINITY_DN1689_c0_g1_i4::g.43124::m.43124	40.625	256	116	6	5	259	11	231	2.52e-56	182
Styginca	CP@TRINITY_DN1689_c0_g1::CP@TRINITY_DN1689_c0_g1_i4::g.43124::m.43124	43.262	282	139	7	2	282	8	269	4.27e-63	200
Goniavon	CP@TRINITY_DN1689_c0_g1::CP@TRINITY_DN1689_c0_g1_i4::g.43124::m.43124	42.803	264	138	5	9	271	10	261	6.33e-62	196
Hemirufe	CP@TRINITY_DN1689_c0_g1::CP@TRINITY_DN1689_c0_g1_i4::g.43124::m.43124	42.958	284	126	7	11	288	8	261	4.83e-66	207
Gemicryo	CP@TRINITY_DN1689_c0_g1::CP@TRINITY_DN1689_c0_g1_i4::g.43124::m.43124	41.219	279	131	7	4	277	11	261	2.11e-59	190
Guilthet	CP@TRINITY_DN1689_c0_g1::CP@TRINITY_DN1689_c0_g1_i4::g.43124::m.43124	41.221	262	123	6	2	260	10	243	1.65e-57	184
Thectrah	CP@TRINITY_DN1689_c0_g1::CP@TRINITY_DN1689_c0_g1_i4::g.43124::m.43124	46.296	270	127	5	4	273	11	262	1.19e-66	218
Rozeallo	CP@TRINITY_DN1689_c0_g1::CP@TRINITY_DN1689_c0_g1_i4::g.43124::m.43124	42.802	257	115	6	2	229	8	261	1.21e-59	189
Coralima	CP@TRINITY_DN1689_c0_g1::CP@TRINITY_DN1689_c0_g1_i4::g.43124::m.43124	40.146	274	144	7	6	277	8	263	2.71e-60	192
Monobrev	CP@TRINITY_DN1689_c0_g1::CP@TRINITY_DN1689_c0_g1_i4::g.43124::m.43124	41.852	270	141	6	3	271	8	262	4.21e-61	194
Homosapi	CP@TRINITY_DN1689_c0_g1::CP@TRINITY_DN1689_c0_g1_i4::g.43124::m.43124	46.097	269	130	6	29	296	7	261	4.22e-69	216
Homosapi	CP@TRINITY_DN3744_c0_g2::CP@TRINITY_DN3744_c0_g2_i1::g.71398::m.71398	75.000	96	24	0	201	296	1	96	1.16e-45	150
Nemavect	CP@TRINITY_DN1689_c0_g1::CP@TRINITY_DN1689_c0_g1_i4::g.43124::m.43124	47.015	268	127	5	3	269	8	261	3.65e-70	217
Nemavect	CP@TRINITY_DN3744_c0_g2::CP@TRINITY_DN3744_c0_g2_i1::g.71398::m.71398	72.917	96	26	0	174	269	1	96	7.51e-44	144
Batrdend	CP@TRINITY_DN1689_c0_g1::CP@TRINITY_DN1689_c0_g1_i4::g.43124::m.43124	48.669	263	122	5	5	266	11	261	1.10e-76	234
Sacccere	CP@TRINITY_DN1689_c0_g1::CP@TRINITY_DN1689_c0_g1_i4::g.43124::m.43124	41.036	251	118	8	6	256	11	231	8.00e-48	160
Capsowcz	CP@TRINITY_DN1689_c0_g1::CP@TRINITY_DN1689_c0_g1_i4::g.43124::m.43124	46.296	270	131	5	2	270	7	263	2.56e-74	228
Pigoviet	CP@TRINITY_DN1689_c0_g1::CP@TRINITY_DN1689_c0_g1_i4::g.43124::m.43124	47.232	271	129	5	27	296	8	265	5.25e-76	233
Creofrag	CP@TRINITY_DN1689_c0_g1::CP@TRINITY_DN1689_c0_g1_i4::g.43124::m.43124	44.402	259	131	4	3	260	8	254	1.07e-67	211
Sphadest	CP@TRINITY_DN1689_c0_g1::CP@TRINITY_DN1689_c0_g1_i4::g.43124::m.43124	46.591	264	129	6	3	264	8	261	6.92e-71	219
Parvatla	CP@TRINITY_DN1689_c0_g1::CP@TRINITY_DN1689_c0_g1_i4::g.43124::m.43124	49.805	257	115	4	79	334	11	254	9.86e-80	244
Physpoly	CP@TRINITY_DN1689_c0_g1::CP@TRINITY_DN1689_c0_g1_i4::g.43124::m.43124	43.985	266	133	4	23	287	11	261	2.20e-69	216
Protfung	CP@TRINITY_DN5231_c1_g2::CP@TRINITY_DN5231_c1_g2_i2::g.14651::m.14651	87.597	129	16	0	133	261	1	129	1.34e-76	238
Protfung	CP@TRINITY_DN5231_c1_g2::CP@TRINITY_DN5231_c1_g2_i1::g.14650::m.14650	87.597	129	16	0	133	261	1	129	1.34e-76	238
Protfung	CP@TRINITY_DN5231_c1_g1::CP@TRINITY_DN5231_c1_g1_i3::g.14649::m.14649	87.597	129	16	0	133	261	1	129	1.34e-76	238
Protfung	CP@TRINITY_DN5231_c1_g1::CP@TRINITY_DN5231_c1_g1_i2::g.14648::m.14648	87.597	129	16	0	133	261	1	129	1.34e-76	238
Protfung	CP@TRINITY_DN5231_c1_g1::CP@TRINITY_DN5231_c1_g1_i1::g.14647::m.14647	87.597	129	16	0	133	261	1	129	1.34e-76	238
Protfung	CP@TRINITY_DN1689_c0_g1::CP@TRINITY_DN1689_c0_g1_i4::g.43124::m.43124	45.556	270	129	6	286	553	8	261	2.34e-70	227
Protfung	CP@TRINITY_DN107_c0_g1::CP@TRINITY_DN107_c0_g1_i6::g.3209::m.3209	80.620	129	25	0	133	261	8	136	7.77e-69	218
Protfung	CP@TRINITY_DN107_c0_g1::CP@TRINITY_DN107_c0_g1_i4::g.3205::m.3205	80.620	129	25	0	133	261	8	136	7.77e-69	218
Protfung	CP@TRINITY_DN107_c0_g1::CP@TRINITY_DN107_c0_g1_i3::g.3203::m.3203	80.620	129	25	0	133	261	8	136	7.77e-69	218
Protfung	CP@TRINITY_DN107_c0_g1::CP@TRINITY_DN107_c0_g1_i9::g.3214::m.3214	80.620	129	25	0	133	261	57	185	1.29e-68	219
Protfung	CP@TRINITY_DN107_c0_g1::CP@TRINITY_DN107_c0_g1_i5::g.3207::m.3207	80.620	129	25	0	133	261	57	185	1.29e-68	219
Protfung	CP@TRINITY_DN107_c0_g1::CP@TRINITY_DN107_c0_g1_i10::g.3201::m.3201	80.620	129	25	0	133	261	57	185	1.29e-68	219
Protfung	CP@TRINITY_DN107_c0_g1::CP@TRINITY_DN107_c0_g1_i1::g.3199::m.3199	80.620	129	25	0	133	261	57	185	1.29e-68	219
Protfung	CP@TRINITY_DN107_c0_g1::CP@TRINITY_DN107_c0_g1_i8::g.3211::m.3211	80.620	129	25	0	133	261	57	185	1.89e-68	219
Protfung	CP@TRINITY_DN12634_c0_g1::CP@TRINITY_DN12634_c0_g1_i8::g.34133::m.34133	77.778	135	24	2	133	261	1	135	1.29e-66	213
Protfung	CP@TRINITY_DN12634_c0_g1::CP@TRINITY_DN12634_c0_g1_i6::g.34131::m.34131	77.778	135	24	2	133	261	1	135	1.29e-66	213
Protfung	CP@TRINITY_DN12634_c0_g1::CP@TRINITY_DN12634_c0_g1_i4::g.34129::m.34129	77.778	135	24	2	133	261	1	135	1.29e-66	213
Acancast	CP@TRINITY_DN1689_c0_g1::CP@TRINITY_DN1689_c0_g1_i4::g.43124::m.43124	45.956	272	125	5	5	275	11	261	2.31e-77	236
Chlorept	CP@TRINITY_DN1689_c0_g1::CP@TRINITY_DN1689_c0_g1_i4::g.43124::m.43124	36.863	255	137	6	2	256	6	236	1.77e-44	152
Brevmoto	CP@TRINITY_DN1689_c0_g1::CP@TRINITY_DN1689_c0_g1_i4::g.43124::m.43124	38.372	258	139	7	4	261	6	243	1.10e-46	157
PlacCLAB	CP@TRINITY_DN1689_c0_g1::CP@TRINITY_DN1689_c0_g1_i4::g.43124::m.43124	37.500	288	153	9	11	292	7	273	1.51e-48	162
Wobbluna	CP@TRINITY_DN1689_c0_g1::CP@TRINITY_DN1689_c0_g1_i4::g.43124::m.43124	36.059	269	146	6	9	270	11	260	2.21e-46	157
Diplambu	CP@TRINITY_DN1689_c0_g1::CP@TRINITY_DN1689_c0_g1_i4::g.43124::m.43124	38.281	256	146	5	14	268	10	254	3.13e-57	184
Flecnera	CP@TRINITY_DN1689_c0_g1::CP@TRINITY_DN1689_c0_g1_i4::g.43124::m.43124	40.664	241	127	5	24	262	11	237	3.08e-59	190
Auralima	CP@TRINITY_DN1689_c0_g1::CP@TRINITY_DN1689_c0_g1_i4::g.43124::m.43124	40.909	264	132	9	3	265	8	248	3.28e-54	177
ThraLLF1	CP@TRINITY_DN1689_c0_g1::CP@TRINITY_DN1689_c0_g1_i4::g.43124::m.43124	42.972	249	118	9	1	248	11	236	3.75e-54	176
Schiaggr	CP@TRINITY_DN1689_c0_g1::CP@TRINITY_DN1689_c0_g1_i4::g.43124::m.43124	42.915	247	117	8	7	252	13	236	3.01e-54	177
Haloseos	CP@TRINITY_DN1689_c0_g1::CP@TRINITY_DN1689_c0_g1_i4::g.43124::m.43124	36.429	280	149	8	28	304	1	254	5.95e-46	156
Deveeleg	CP@TRINITY_DN1689_c0_g1::CP@TRINITY_DN1689_c0_g1_i4::g.43124::m.43124	47.154	246	108	6	8	248	11	239	6.14e-63	199
Chatsubs	CP@TRINITY_DN1689_c0_g1::CP@TRINITY_DN1689_c0_g1_i4::g.43124::m.43124	37.226	274	147	7	1	271	21	272	1.55e-43	149
Rhiz1243	CP@TRINITY_DN1689_c0_g1::CP@TRINITY_DN1689_c0_g1_i4::g.43124::m.43124	39.502	281	144	7	1	269	1	267	2.44e-57	186
Octaspec	CP@TRINITY_DN1689_c0_g1::CP@TRINITY_DN1689_c0_g1_i4::g.43124::m.43124	38.129	278	153	7	1	276	1	261	2.19e-53	174
Flor1587	CP@TRINITY_DN1689_c0_g1::CP@TRINITY_DN1689_c0_g1_i4::g.43124::m.43124	44.400	250	121	7	1	246	1	236	5.12e-59	189
Pedi2098	CP@TRINITY_DN1689_c0_g1::CP@TRINITY_DN1689_c0_g1_i4::g.43124::m.43124	38.545	275	137	7	11	277	17	267	1.87e-50	167
Chryfrag	CP@TRINITY_DN1689_c0_g1::CP@TRINITY_DN1689_c0_g1_i4::g.43124::m.43124	40.000	240	128	7	48	285	41	266	5.64e-48	163
Pela2097	CP@TRINITY_DN1689_c0_g1::CP@TRINITY_DN1689_c0_g1_i4::g.43124::m.43124	44.882	254	122	7	24	274	1	239	2.38e-59	191
Pelasubv	CP@TRINITY_DN1689_c0_g1::CP@TRINITY_DN1689_c0_g1_i4::g.43124::m.43124	43.494	269	134	7	261	528	4	255	2.11e-57	192
Aureanop	CP@TRINITY_DN1689_c0_g1::CP@TRINITY_DN1689_c0_g1_i4::g.43124::m.43124	40.860	279	141	7	9	279	11	273	1.27e-55	180
Aurelagu	CP@TRINITY_DN1689_c0_g1::CP@TRINITY_DN1689_c0_g1_i4::g.43124::m.43124	45.200	250	113	9	5	246	10	243	8.23e-56	180
Pelacalc	CP@TRINITY_DN1689_c0_g1::CP@TRINITY_DN1689_c0_g1_i4::g.43124::m.43124	37.770	278	153	8	14	287	2	263	4.09e-51	169
Syncpusi	CP@TRINITY_DN1689_c0_g1::CP@TRINITY_DN1689_c0_g1_i4::g.43124::m.43124	42.049	283	141	8	13	287	2	269	5.22e-57	184
PoterBG1	CP@TRINITY_DN1689_c0_g1::CP@TRINITY_DN1689_c0_g1_i4::g.43124::m.43124	43.609	266	126	8	4	265	11	256	1.37e-57	185
Ochr2298	CP@TRINITY_DN1689_c0_g1::CP@TRINITY_DN1689_c0_g1_i4::g.43124::m.43124	43.726	263	130	6	4	265	11	256	2.00e-60	192
Pedoelon	CP@TRINITY_DN1689_c0_g1::CP@TRINITY_DN1689_c0_g1_i4::g.43124::m.43124	43.123	269	135	7	4	271	11	262	2.37e-55	179
Dino2267	CP@TRINITY_DN1689_c0_g1::CP@TRINITY_DN1689_c0_g1_i4::g.43124::m.43124	39.245	265	143	6	5	267	8	256	3.41e-52	174
Tripeleu	CP@TRINITY_DN1689_c0_g1::CP@TRINITY_DN1689_c0_g1_i4::g.43124::m.43124	43.333	240	106	10	1	236	1	214	6.17e-46	155
Saprdecl	CP@TRINITY_DN1689_c0_g1::CP@TRINITY_DN1689_c0_g1_i4::g.43124::m.43124	38.768	276	147	7	2	270	7	267	1.59e-55	180
Pythirre	CP@TRINITY_DN1689_c0_g1::CP@TRINITY_DN1689_c0_g1_i4::g.43124::m.43124	37.722	281	150	7	2	280	4	261	1.09e-52	173
Tribgaya	CP@TRINITY_DN1689_c0_g1::CP@TRINITY_DN1689_c0_g1_i4::g.43124::m.43124	37.200	250	132	7	5	253	11	236	3.54e-41	144
Vauclito	CP@TRINITY_DN1689_c0_g1::CP@TRINITY_DN1689_c0_g1_i4::g.43124::m.43124	38.931	262	140	7	1	254	18	267	1.56e-49	165
Oryzsati	CP@TRINITY_DN1689_c0_g1::CP@TRINITY_DN1689_c0_g1_i4::g.43124::m.43124	40.417	240	128	6	1	239	11	236	2.51e-48	160
Physpate	CP@TRINITY_DN1689_c0_g1::CP@TRINITY_DN1689_c0_g1_i4::g.43124::m.43124	40.530	264	134	7	1	261	11	254	5.75e-55	178
Cyanpara	CP@TRINITY_DN1689_c0_g1::CP@TRINITY_DN1689_c0_g1_i4::g.43124::m.43124	37.500	272	145	7	5	272	11	261	6.37e-51	168
Prymparv	CP@TRINITY_DN1689_c0_g1::CP@TRINITY_DN1689_c0_g1_i4::g.43124::m.43124	42.975	242	114	8	9	248	8	227	1.20e-51	170
Chryrota	CP@TRINITY_DN1689_c0_g1::CP@TRINITY_DN1689_c0_g1_i4::g.43124::m.43124	42.199	282	134	10	32	306	11	270	6.56e-58	188
Chrycart	CP@TRINITY_DN1689_c0_g1::CP@TRINITY_DN1689_c0_g1_i4::g.43124::m.43124	39.785	279	138	8	25	301	11	261	1.87e-52	173
Diacluth	CP@TRINITY_DN1689_c0_g1::CP@TRINITY_DN1689_c0_g1_i4::g.43124::m.43124	43.609	266	124	9	7	267	10	254	1.82e-57	185
Pavl2436	CP@TRINITY_DN1689_c0_g1::CP@TRINITY_DN1689_c0_g1_i4::g.43124::m.43124	41.176	272	144	6	9	278	11	268	3.43e-58	187
Cryppara	CP@TRINITY_DN1689_c0_g1::CP@TRINITY_DN1689_c0_g1_i4::g.43124::m.43124	42.742	248	107	6	3	246	11	227	5.51e-58	185
Rhodsali	CP@TRINITY_DN1689_c0_g1::CP@TRINITY_DN1689_c0_g1_i4::g.43124::m.43124	40.984	244	114	7	4	246	11	225	8.72e-52	174
Bafffrig	CP@TRINITY_DN1689_c0_g1::CP@TRINITY_DN1689_c0_g1_i4::g.43124::m.43124	41.696	283	130	9	27	303	8	261	1.04e-60	194
Idiovort	CP@TRINITY_DN1689_c0_g1::CP@TRINITY_DN1689_c0_g1_i4::g.43124::m.43124	45.560	259	125	4	5	262	11	254	1.85e-71	221
Vannfimi	CP@TRINITY_DN1689_c0_g1::CP@TRINITY_DN1689_c0_g1_i4::g.43124::m.43124	44.697	264	130	4	4	266	10	258	1.90e-72	223
Ancytwis	CP@TRINITY_DN1689_c0_g1::CP@TRINITY_DN1689_c0_g1_i4::g.43124::m.43124	46.311	244	114	5	5	247	11	238	1.48e-63	201
Rhodemar	CP@TRINITY_DN1689_c0_g1::CP@TRINITY_DN1689_c0_g1_i4::g.43124::m.43124	40.569	281	139	9	16	292	8	264	2.70e-59	190
Rhodlimn	CP@TRINITY_DN1689_c0_g1::CP@TRINITY_DN1689_c0_g1_i4::g.43124::m.43124	40.502	279	136	10	29	300	11	266	1.72e-54	178
Palpbili	CP@TRINITY_DN1689_c0_g1::CP@TRINITY_DN1689_c0_g1_i4::g.43124::m.43124	43.682	277	126	11	6	278	11	261	2.46e-56	182
Roomtrun	CP@TRINITY_DN1689_c0_g1::CP@TRINITY_DN1689_c0_g1_i4::g.43124::m.43124	43.191	257	137	4	4	259	4	252	1.39e-65	206
Ancysigm	CP@TRINITY_DN1689_c0_g1::CP@TRINITY_DN1689_c0_g1_i4::g.43124::m.43124	37.083	240	127	6	1	239	42	258	1.12e-43	148
Nutolong	CP@TRINITY_DN1689_c0_g1::CP@TRINITY_DN1689_c0_g1_i4::g.43124::m.43124	42.066	271	133	7	6	275	11	258	6.69e-58	186
Gefiokel	CP@TRINITY_DN1689_c0_g1::CP@TRINITY_DN1689_c0_g1_i4::g.43124::m.43124	40.598	234	126	6	22	255	11	231	6.45e-50	166
Malajako	CP@TRINITY_DN1689_c0_g1::CP@TRINITY_DN1689_c0_g1_i4::g.43124::m.43124	40.171	234	128	4	5	238	11	232	5.96e-53	172
Rigiramo	CP@TRINITY_DN1689_c0_g1::CP@TRINITY_DN1689_c0_g1_i4::g.43124::m.43124	45.522	268	129	5	20	284	8	261	1.08e-69	217
Colltric	CP@TRINITY_DN1689_c0_g1::CP@TRINITY_DN1689_c0_g1_i4::g.43124::m.43124	51.908	131	62	1	1	130	13	143	5.74e-43	142
Diphrota	CP@TRINITY_DN1689_c0_g1::CP@TRINITY_DN1689_c0_g1_i4::g.43124::m.43124	43.382	272	139	4	3	273	6	263	8.13e-67	209
Trimmari	CP@TRINITY_DN1689_c0_g1::CP@TRINITY_DN1689_c0_g1_i4::g.43124::m.43124	40.824	267	144	5	3	268	8	261	7.14e-55	178
Soliirre	CP@TRINITY_DN1689_c0_g1::CP@TRINITY_DN1689_c0_g1_i4::g.43124::m.43124	48.649	259	117	4	5	262	11	254	5.34e-75	229
Schivulg	CP@TRINITY_DN1689_c0_g1::CP@TRINITY_DN1689_c0_g1_i4::g.43124::m.43124	45.660	265	128	4	5	268	11	260	1.40e-73	226
Cavoapop	CP@TRINITY_DN1689_c0_g1::CP@TRINITY_DN1689_c0_g1_i4::g.43124::m.43124	46.970	264	125	4	44	306	11	260	1.24e-72	225
Filanola	CP@TRINITY_DN1689_c0_g1::CP@TRINITY_DN1689_c0_g1_i4::g.43124::m.43124	47.925	265	123	4	5	269	11	260	2.59e-77	236
Phalsoli	CP@TRINITY_DN1689_c0_g1::CP@TRINITY_DN1689_c0_g1_i4::g.43124::m.43124	42.537	268	136	5	5	271	11	261	2.77e-67	210
Hetepall	CP@TRINITY_DN1689_c0_g1::CP@TRINITY_DN1689_c0_g1_i4::g.43124::m.43124	44.361	266	132	4	4	268	11	261	7.67e-69	214
Echibisp	CP@TRINITY_DN1689_c0_g1::CP@TRINITY_DN1689_c0_g1_i4::g.43124::m.43124	44.245	278	126	7	5	269	11	272	3.42e-70	217
Masteilh	CP@TRINITY_DN1689_c0_g1::CP@TRINITY_DN1689_c0_g1_i4::g.43124::m.43124	43.243	259	131	5	888	1145	11	254	2.41e-62	214
Rhizelon	CP@TRINITY_DN1689_c0_g1::CP@TRINITY_DN1689_c0_g1_i4::g.43124::m.43124	42.322	267	137	5	22	286	10	261	1.48e-68	214
Armalang	CP@TRINITY_DN1689_c0_g1::CP@TRINITY_DN1689_c0_g1_i4::g.43124::m.43124	41.199	267	140	6	5	270	11	261	5.80e-65	204
Squajapo	CP@TRINITY_DN1689_c0_g1::CP@TRINITY_DN1689_c0_g1_i4::g.43124::m.43124	43.478	253	126	5	32	283	11	247	1.48e-64	204
Mayocant	CP@TRINITY_DN1689_c0_g1::CP@TRINITY_DN1689_c0_g1_i4::g.43124::m.43124	47.737	243	109	5	52	292	11	237	2.75e-71	222
Paralevi	CP@TRINITY_DN1689_c0_g1::CP@TRINITY_DN1689_c0_g1_i4::g.43124::m.43124	44.177	249	120	5	3	250	8	238	2.65e-63	200
Endozona	CP@TRINITY_DN1689_c0_g1::CP@TRINITY_DN1689_c0_g1_i4::g.43124::m.43124	46.886	273	122	6	5	271	11	266	1.77e-76	233
Pellcata	CP@TRINITY_DN1689_c0_g1::CP@TRINITY_DN1689_c0_g1_i4::g.43124::m.43124	44.322	273	130	6	5	272	11	266	4.66e-67	209
Gocefonb	CP@TRINITY_DN1689_c0_g1::CP@TRINITY_DN1689_c0_g1_i4::g.43124::m.43124	44.280	271	130	5	5	269	11	266	1.23e-75	231
Dracjorm	CP@TRINITY_DN1689_c0_g1::CP@TRINITY_DN1689_c0_g1_i4::g.43124::m.43124	45.833	264	127	4	3	265	6	254	2.48e-72	223
Luaphula	CP@TRINITY_DN1689_c0_g1::CP@TRINITY_DN1689_c0_g1_i4::g.43124::m.43124	44.928	276	124	6	6	268	11	271	3.69e-73	225
Veximinu	CP@TRINITY_DN1689_c0_g1::CP@TRINITY_DN1689_c0_g1_i4::g.43124::m.43124	45.290	276	131	6	1	271	1	261	2.97e-75	230
Cuneruss	CP@TRINITY_DN1689_c0_g1::CP@TRINITY_DN1689_c0_g1_i4::g.43124::m.43124	44.262	244	119	6	7	249	11	238	2.34e-64	202
Stensten	CP@TRINITY_DN1689_c0_g1::CP@TRINITY_DN1689_c0_g1_i4::g.43124::m.43124	47.881	236	107	4	5	239	11	231	1.40e-69	216
Cochminu	CP@TRINITY_DN1689_c0_g1::CP@TRINITY_DN1689_c0_g1_i4::g.43124::m.43124	42.697	267	133	5	19	282	11	260	6.95e-62	196
Sapppeda	CP@TRINITY_DN1689_c0_g1::CP@TRINITY_DN1689_c0_g1_i4::g.43124::m.43124	47.303	241	111	5	23	262	11	236	4.35e-67	210
ThecSK13	CP@TRINITY_DN1689_c0_g1::CP@TRINITY_DN1689_c0_g1_i4::g.43124::m.43124	42.857	266	133	5	5	269	11	258	4.64e-66	207
Ovaldese	CP@TRINITY_DN1689_c0_g1::CP@TRINITY_DN1689_c0_g1_i4::g.43124::m.43124	46.718	259	115	7	14	265	11	253	2.19e-68	213
Vermverm	CP@TRINITY_DN1689_c0_g1::CP@TRINITY_DN1689_c0_g1_i4::g.43124::m.43124	44.615	260	127	5	34	292	11	254	2.39e-67	211
MicrA134	CP@TRINITY_DN1689_c0_g1::CP@TRINITY_DN1689_c0_g1_i4::g.43124::m.43124	45.627	263	126	5	4	264	11	258	1.28e-69	216
Echiexud	CP@TRINITY_DN1689_c0_g1::CP@TRINITY_DN1689_c0_g1_i4::g.43124::m.43124	46.281	242	114	4	3	243	10	236	4.23e-67	209
Arcevulg	CP@TRINITY_DN1689_c0_g1::CP@TRINITY_DN1689_c0_g1_i4::g.43124::m.43124	42.798	243	121	5	7	248	11	236	2.20e-58	187
Flabcita	CP@TRINITY_DN1689_c0_g1::CP@TRINITY_DN1689_c0_g1_i4::g.43124::m.43124	40.370	270	138	7	7	271	11	262	6.94e-56	181
Rhizsaxo	CP@TRINITY_DN1689_c0_g1::CP@TRINITY_DN1689_c0_g1_i4::g.43124::m.43124	42.164	268	132	6	20	282	11	260	3.44e-59	190
NolaAFSM	CP@TRINITY_DN1689_c0_g1::CP@TRINITY_DN1689_c0_g1_i4::g.43124::m.43124	42.146	261	133	5	7	266	11	254	6.12e-57	183
Coprprot	CP@TRINITY_DN1689_c0_g1::CP@TRINITY_DN1689_c0_g1_i4::g.43124::m.43124	43.182	264	132	5	9	271	14	260	4.17e-63	199
Amoeprot	CP@TRINITY_DN1689_c0_g1::CP@TRINITY_DN1689_c0_g1_i4::g.43124::m.43124	45.306	245	117	4	3	246	8	236	3.97e-62	196
Mantplas	CP@TRINITY_DN1689_c0_g1::CP@TRINITY_DN1689_c0_g1_i4::g.43124::m.43124	43.874	253	135	5	28	278	8	255	1.04e-67	211
Fabotrop	CP@TRINITY_DN1689_c0_g1::CP@TRINITY_DN1689_c0_g1_i4::g.43124::m.43124	51.852	135	64	1	3	136	8	142	8.05e-42	139
HeterBB2	CP@TRINITY_DN1689_c0_g1::CP@TRINITY_DN1689_c0_g1_i4::g.43124::m.43124	47.388	268	119	6	3	269	6	252	4.25e-73	225
Pharkirb	CP@TRINITY_DN1689_c0_g1::CP@TRINITY_DN1689_c0_g1_i4::g.43124::m.43124	43.774	265	138	4	5	268	8	262	3.27e-66	207
Reclamer	CP@TRINITY_DN1689_c0_g1::CP@TRINITY_DN1689_c0_g1_i4::g.43124::m.43124	39.583	240	130	5	25	263	11	236	1.89e-49	165
Mancberm	CP@TRINITY_DN1689_c0_g1::CP@TRINITY_DN1689_c0_g1_i4::g.43124::m.43124	46.218	238	111	4	13	250	11	231	3.82e-63	200
Brevanat	CP@TRINITY_DN1689_c0_g1::CP@TRINITY_DN1689_c0_g1_i4::g.43124::m.43124	49.153	236	105	4	1	235	15	236	5.18e-73	223
Pygsbifo	CP@TRINITY_DN1689_c0_g1::CP@TRINITY_DN1689_c0_g1_i4::g.43124::m.43124	46.886	273	130	4	3	274	8	266	3.79e-77	235
Lenilimo	CP@TRINITY_DN1689_c0_g1::CP@TRINITY_DN1689_c0_g1_i4::g.43124::m.43124	43.985	266	132	5	3	266	8	258	2.28e-69	215
Spizpunc	CP@TRINITY_DN1689_c0_g1::CP@TRINITY_DN1689_c0_g1_i4::g.43124::m.43124	48.485	264	123	5	5	267	11	262	2.92e-80	243
Salprose	CP@TRINITY_DN1689_c0_g1::CP@TRINITY_DN1689_c0_g1_i4::g.43124::m.43124	45.353	269	130	6	3	269	8	261	7.05e-71	219
Minivibr	CP@TRINITY_DN1689_c0_g1::CP@TRINITY_DN1689_c0_g1_i4::g.43124::m.43124	43.796	274	138	6	3	275	8	266	9.99e-67	209
Drosmela	CP@TRINITY_DN1689_c0_g1::CP@TRINITY_DN1689_c0_g1_i4::g.43124::m.43124	45.185	270	131	6	3	270	8	262	2.82e-68	213
Drosmela	CP@TRINITY_DN3744_c0_g2::CP@TRINITY_DN3744_c0_g2_i1::g.71398::m.71398	71.134	97	28	0	174	270	1	97	5.83e-43	142
Apismell	CP@TRINITY_DN1689_c0_g1::CP@TRINITY_DN1689_c0_g1_i4::g.43124::m.43124	45.926	270	131	6	3	271	8	263	3.74e-70	217
Apismell	CP@TRINITY_DN3744_c0_g2::CP@TRINITY_DN3744_c0_g2_i1::g.71398::m.71398	76.531	98	23	0	174	271	1	98	7.22e-47	152
Branflor	CP@TRINITY_DN3744_c0_g2::CP@TRINITY_DN3744_c0_g2_i1::g.71398::m.71398	73.737	99	25	1	138	235	1	99	2.95e-45	147
Taensoli	CP@TRINITY_DN1689_c0_g1::CP@TRINITY_DN1689_c0_g1_i4::g.43124::m.43124	37.687	268	153	5	5	271	7	261	1.93e-55	180
Schimans	CP@TRINITY_DN1689_c0_g1::CP@TRINITY_DN1689_c0_g1_i4::g.43124::m.43124	45.320	203	100	4	31	232	2	194	9.95e-52	169
Aplycali	CP@TRINITY_DN1689_c0_g1::CP@TRINITY_DN1689_c0_g1_i4::g.43124::m.43124	45.956	272	132	5	3	273	8	265	3.15e-71	220
Aplycali	CP@TRINITY_DN3744_c0_g2::CP@TRINITY_DN3744_c0_g2_i1::g.71398::m.71398	67.000	100	33	0	174	273	1	100	1.03e-41	139
Tricadha	CP@TRINITY_DN1689_c0_g1::CP@TRINITY_DN1689_c0_g1_i4::g.43124::m.43124	43.494	269	137	5	3	270	8	262	7.25e-69	214
Gallgall	CP@TRINITY_DN1689_c0_g1::CP@TRINITY_DN1689_c0_g1_i4::g.43124::m.43124	45.896	268	130	5	3	269	8	261	3.35e-70	218
Gallgall	CP@TRINITY_DN3744_c0_g2::CP@TRINITY_DN3744_c0_g2_i1::g.71398::m.71398	75.000	96	24	0	174	269	1	96	5.07e-46	150
Mnemleid	CP@TRINITY_DN1689_c0_g1::CP@TRINITY_DN1689_c0_g1_i4::g.43124::m.43124	44.828	261	126	6	2	258	7	253	1.54e-66	210
Caeneleg	CP@TRINITY_DN1689_c0_g1::CP@TRINITY_DN1689_c0_g1_i4::g.43124::m.43124	44.195	267	135	6	3	268	8	261	2.62e-65	205
Carpmemb	CP@TRINITY_DN1689_c0_g1::CP@TRINITY_DN1689_c0_g1_i4::g.43124::m.43124	41.111	270	141	7	23	290	13	266	1.01e-56	184
Debahans	CP@TRINITY_DN1689_c0_g1::CP@TRINITY_DN1689_c0_g1_i4::g.43124::m.43124	39.085	284	131	11	5	285	8	252	7.66e-51	169
Schizpom	CP@TRINITY_DN1689_c0_g1::CP@TRINITY_DN1689_c0_g1_i4::g.43124::m.43124	46.531	245	114	5	5	248	12	240	8.33e-65	203
Neurcras	CP@TRINITY_DN1689_c0_g1::CP@TRINITY_DN1689_c0_g1_i4::g.43124::m.43124	45.035	282	123	6	7	288	11	260	1.22e-71	222
Aspefumi	CP@TRINITY_DN1689_c0_g1::CP@TRINITY_DN1689_c0_g1_i4::g.43124::m.43124	50.417	240	104	5	43	280	11	237	2.49e-72	225
Ustimayd	CP@TRINITY_DN1689_c0_g1::CP@TRINITY_DN1689_c0_g1_i4::g.43124::m.43124	35.032	314	136	8	5	318	11	256	3.36e-48	162
Coprcine	CP@TRINITY_DN1689_c0_g1::CP@TRINITY_DN1689_c0_g1_i4::g.43124::m.43124	42.069	290	123	6	5	293	11	256	9.62e-64	202
Fontalba	CP@TRINITY_DN1689_c0_g1::CP@TRINITY_DN1689_c0_g1_i4::g.43124::m.43124	43.820	267	134	6	52	317	10	261	6.60e-63	201
Rhizdele	CP@TRINITY_DN1689_c0_g1::CP@TRINITY_DN1689_c0_g1_i4::g.43124::m.43124	48.679	265	122	5	5	268	11	262	1.90e-82	248
Blasbrit	CP@TRINITY_DN1689_c0_g1::CP@TRINITY_DN1689_c0_g1_i4::g.43124::m.43124	45.756	271	133	5	3	272	8	265	4.61e-73	225
Allomacr	CP@TRINITY_DN1689_c0_g1::CP@TRINITY_DN1689_c0_g1_i4::g.43124::m.43124	45.693	267	130	5	5	270	11	263	4.64e-73	224
Aplakerg	CP@TRINITY_DN1689_c0_g1::CP@TRINITY_DN1689_c0_g1_i4::g.43124::m.43124	45.528	246	116	8	6	250	8	236	4.91e-60	191
MatazaD1	CP@TRINITY_DN1689_c0_g1::CP@TRINITY_DN1689_c0_g1_i4::g.43124::m.43124	38.849	278	139	9	3	270	8	264	6.85e-52	171
