Gracchor	CP@TRINITY_DN14355_c0_g1::CP@TRINITY_DN14355_c0_g1_i1::g.40142::m.40142	37.104	221	135	1	71	291	2	218	2.24e-43	147
Gracchor	CP@TRINITY_DN14355_c0_g1::CP@TRINITY_DN14355_c0_g1_i2::g.40144::m.40144	37.557	221	134	1	71	291	2	218	4.89e-43	147
Protfung	CP@TRINITY_DN14355_c0_g1::CP@TRINITY_DN14355_c0_g1_i1::g.40142::m.40142	38.009	221	133	1	76	296	2	218	1.50e-42	145
Protfung	CP@TRINITY_DN14355_c0_g1::CP@TRINITY_DN14355_c0_g1_i2::g.40144::m.40144	38.462	221	132	1	76	296	2	218	1.14e-41	143
Gemicryo	CP@TRINITY_DN14355_c0_g1::CP@TRINITY_DN14355_c0_g1_i1::g.40142::m.40142	38.710	217	133	0	88	304	1	217	4.04e-45	152
Gemicryo	CP@TRINITY_DN14355_c0_g1::CP@TRINITY_DN14355_c0_g1_i2::g.40144::m.40144	38.710	217	133	0	88	304	1	217	8.01e-45	152
Guilthet	CP@TRINITY_DN14355_c0_g1::CP@TRINITY_DN14355_c0_g1_i1::g.40142::m.40142	37.327	217	136	0	76	292	1	217	2.04e-44	150
Guilthet	CP@TRINITY_DN14355_c0_g1::CP@TRINITY_DN14355_c0_g1_i2::g.40144::m.40144	37.327	217	136	0	76	292	1	217	5.77e-44	149
Mesoviri	CP@TRINITY_DN14355_c0_g1::CP@TRINITY_DN14355_c0_g1_i1::g.40142::m.40142	41.743	218	124	1	77	291	1	218	7.58e-47	157
Mesoviri	CP@TRINITY_DN14355_c0_g1::CP@TRINITY_DN14355_c0_g1_i2::g.40144::m.40144	41.743	218	124	1	77	291	1	218	5.19e-46	154
Nephpyri	CP@TRINITY_DN14355_c0_g1::CP@TRINITY_DN14355_c0_g1_i1::g.40142::m.40142	39.908	218	128	1	74	288	1	218	1.39e-45	153
Nephpyri	CP@TRINITY_DN14355_c0_g1::CP@TRINITY_DN14355_c0_g1_i2::g.40144::m.40144	39.908	218	128	1	74	288	1	218	4.28e-45	152
Tetrasti	CP@TRINITY_DN14355_c0_g1::CP@TRINITY_DN14355_c0_g1_i1::g.40142::m.40142	39.151	212	126	1	75	283	1	212	9.42e-43	146
Tetrasti	CP@TRINITY_DN14355_c0_g1::CP@TRINITY_DN14355_c0_g1_i2::g.40144::m.40144	39.151	212	126	1	75	283	1	212	6.41e-42	144
Prassing	CP@TRINITY_DN14355_c0_g1::CP@TRINITY_DN14355_c0_g1_i1::g.40142::m.40142	41.148	209	121	2	35	241	10	218	1.13e-44	149
Prassing	CP@TRINITY_DN14355_c0_g1::CP@TRINITY_DN14355_c0_g1_i2::g.40144::m.40144	41.148	209	121	2	35	241	10	218	3.49e-44	148
Prascaps	CP@TRINITY_DN14355_c0_g1::CP@TRINITY_DN14355_c0_g1_i1::g.40142::m.40142	41.743	218	124	1	74	288	1	218	8.37e-48	159
Prascaps	CP@TRINITY_DN14355_c0_g1::CP@TRINITY_DN14355_c0_g1_i2::g.40144::m.40144	41.743	218	124	1	74	288	1	218	4.94e-47	157
Pyrapark	CP@TRINITY_DN14355_c0_g1::CP@TRINITY_DN14355_c0_g1_i1::g.40142::m.40142	39.091	220	131	1	99	315	1	220	1.28e-41	144
Pyrapark	CP@TRINITY_DN14355_c0_g1::CP@TRINITY_DN14355_c0_g1_i2::g.40144::m.40144	39.091	220	131	1	99	315	1	220	5.12e-41	142
Arabthal	CP@TRINITY_DN14355_c0_g1::CP@TRINITY_DN14355_c0_g1_i1::g.40142::m.40142	39.450	218	129	1	78	292	1	218	5.17e-48	159
Arabthal	CP@TRINITY_DN14355_c0_g1::CP@TRINITY_DN14355_c0_g1_i2::g.40144::m.40144	39.450	218	129	1	78	292	1	218	3.95e-47	157
Sphadest	CP@TRINITY_DN14355_c0_g1::CP@TRINITY_DN14355_c0_g1_i1::g.40142::m.40142	36.364	220	138	2	75	294	1	218	7.32e-42	144
Sphadest	CP@TRINITY_DN14355_c0_g1::CP@TRINITY_DN14355_c0_g1_i2::g.40144::m.40144	37.273	220	136	2	75	294	1	218	4.37e-41	142
Creofrag	CP@TRINITY_DN14355_c0_g1::CP@TRINITY_DN14355_c0_g1_i1::g.40142::m.40142	41.553	219	128	0	74	292	1	219	4.79e-50	165
Creofrag	CP@TRINITY_DN14355_c0_g1::CP@TRINITY_DN14355_c0_g1_i2::g.40144::m.40144	41.096	219	129	0	74	292	1	219	1.73e-48	161
Parvatla	CP@TRINITY_DN14355_c0_g1::CP@TRINITY_DN14355_c0_g1_i1::g.40142::m.40142	43.333	210	115	3	89	295	9	217	2.00e-47	158
Parvatla	CP@TRINITY_DN14355_c0_g1::CP@TRINITY_DN14355_c0_g1_i2::g.40144::m.40144	43.810	210	114	3	89	295	9	217	1.54e-46	156
Capsowcz	CP@TRINITY_DN14355_c0_g1::CP@TRINITY_DN14355_c0_g1_i1::g.40142::m.40142	44.495	218	121	0	91	308	1	218	1.61e-53	174
Capsowcz	CP@TRINITY_DN14355_c0_g1::CP@TRINITY_DN14355_c0_g1_i2::g.40144::m.40144	44.495	218	121	0	91	308	1	218	4.73e-53	173
Batrdend	CP@TRINITY_DN14355_c0_g1::CP@TRINITY_DN14355_c0_g1_i1::g.40142::m.40142	43.590	195	107	3	110	303	26	218	1.32e-42	146
Batrdend	CP@TRINITY_DN14355_c0_g1::CP@TRINITY_DN14355_c0_g1_i2::g.40144::m.40144	43.590	195	107	3	110	303	26	218	8.30e-42	144
Pigoviet	CP@TRINITY_DN14355_c0_g1::CP@TRINITY_DN14355_c0_g1_i1::g.40142::m.40142	45.540	213	115	1	98	310	1	212	2.42e-54	176
Pigoviet	CP@TRINITY_DN14355_c0_g1::CP@TRINITY_DN14355_c0_g1_i2::g.40144::m.40144	46.009	213	114	1	98	310	1	212	1.56e-53	174
Nemavect	CP@TRINITY_DN14355_c0_g1::CP@TRINITY_DN14355_c0_g1_i1::g.40142::m.40142	53.670	218	99	2	79	294	1	218	4.22e-76	231
Nemavect	CP@TRINITY_DN14355_c0_g1::CP@TRINITY_DN14355_c0_g1_i2::g.40144::m.40144	54.128	218	98	2	79	294	1	218	2.90e-75	229
Homosapi	CP@TRINITY_DN14355_c0_g1::CP@TRINITY_DN14355_c0_g1_i1::g.40142::m.40142	51.867	241	93	1	88	328	1	218	1.36e-73	226
Homosapi	CP@TRINITY_DN14355_c0_g1::CP@TRINITY_DN14355_c0_g1_i2::g.40144::m.40144	51.452	241	94	1	88	328	1	218	4.93e-72	222
Coralima	CP@TRINITY_DN14355_c0_g1::CP@TRINITY_DN14355_c0_g1_i1::g.40142::m.40142	45.312	192	104	1	104	295	28	218	7.49e-49	162
Coralima	CP@TRINITY_DN14355_c0_g1::CP@TRINITY_DN14355_c0_g1_i2::g.40144::m.40144	44.792	192	105	1	104	295	28	218	5.36e-48	160
Monobrev	CP@TRINITY_DN14355_c0_g1::CP@TRINITY_DN14355_c0_g1_i1::g.40142::m.40142	46.330	218	117	0	76	293	1	218	6.55e-61	192
Monobrev	CP@TRINITY_DN14355_c0_g1::CP@TRINITY_DN14355_c0_g1_i2::g.40144::m.40144	46.330	218	117	0	76	293	1	218	4.65e-60	191
Syssmult	CP@TRINITY_DN14355_c0_g1::CP@TRINITY_DN14355_c0_g1_i1::g.40142::m.40142	42.273	220	126	1	76	295	1	219	3.80e-49	162
Syssmult	CP@TRINITY_DN14355_c0_g1::CP@TRINITY_DN14355_c0_g1_i2::g.40144::m.40144	42.727	220	125	1	76	295	1	219	9.91e-49	161
Physpoly	CP@TRINITY_DN14355_c0_g1::CP@TRINITY_DN14355_c0_g1_i1::g.40142::m.40142	44.796	221	119	3	76	294	1	220	2.12e-49	163
Physpoly	CP@TRINITY_DN14355_c0_g1::CP@TRINITY_DN14355_c0_g1_i2::g.40144::m.40144	45.249	221	118	3	76	294	1	220	3.68e-48	160
Acancast	CP@TRINITY_DN14355_c0_g1::CP@TRINITY_DN14355_c0_g1_i1::g.40142::m.40142	40.991	222	127	1	77	298	1	218	5.21e-45	152
Acancast	CP@TRINITY_DN14355_c0_g1::CP@TRINITY_DN14355_c0_g1_i2::g.40144::m.40144	41.441	222	126	1	77	298	1	218	1.99e-44	150
Physpate	CP@TRINITY_DN14355_c0_g1::CP@TRINITY_DN14355_c0_g1_i1::g.40142::m.40142	40.826	218	126	1	75	289	1	218	7.81e-45	151
Physpate	CP@TRINITY_DN14355_c0_g1::CP@TRINITY_DN14355_c0_g1_i2::g.40144::m.40144	40.826	218	126	1	75	289	1	218	5.63e-44	149
Rhodsali	CP@TRINITY_DN14355_c0_g1::CP@TRINITY_DN14355_c0_g1_i1::g.40142::m.40142	40.553	217	129	0	76	292	1	217	1.04e-44	151
Rhodsali	CP@TRINITY_DN14355_c0_g1::CP@TRINITY_DN14355_c0_g1_i2::g.40144::m.40144	40.553	217	129	0	76	292	1	217	2.79e-44	150
Cryppara	CP@TRINITY_DN14355_c0_g1::CP@TRINITY_DN14355_c0_g1_i1::g.40142::m.40142	40.376	213	125	2	75	286	1	212	4.64e-44	149
Cryppara	CP@TRINITY_DN14355_c0_g1::CP@TRINITY_DN14355_c0_g1_i2::g.40144::m.40144	40.376	213	125	2	75	286	1	212	4.18e-43	147
Gloewitr	CP@TRINITY_DN14355_c0_g1::CP@TRINITY_DN14355_c0_g1_i2::g.40144::m.40144	41.096	219	129	0	77	295	1	219	9.37e-48	159
Gloewitr	CP@TRINITY_DN14355_c0_g1::CP@TRINITY_DN14355_c0_g1_i1::g.40142::m.40142	41.096	219	129	0	77	295	1	219	1.11e-47	159
Chrycart	CP@TRINITY_DN14355_c0_g1::CP@TRINITY_DN14355_c0_g1_i1::g.40142::m.40142	37.619	210	130	1	97	305	9	218	2.37e-41	143
Ancytwis	CP@TRINITY_DN14355_c0_g1::CP@TRINITY_DN14355_c0_g1_i1::g.40142::m.40142	38.636	220	135	0	75	294	1	220	4.94e-45	152
Ancytwis	CP@TRINITY_DN14355_c0_g1::CP@TRINITY_DN14355_c0_g1_i2::g.40144::m.40144	38.636	220	135	0	75	294	1	220	2.00e-44	150
Pedoelon	CP@TRINITY_DN14355_c0_g1::CP@TRINITY_DN14355_c0_g1_i1::g.40142::m.40142	37.089	213	134	0	85	297	1	213	2.30e-42	145
Pedoelon	CP@TRINITY_DN14355_c0_g1::CP@TRINITY_DN14355_c0_g1_i2::g.40144::m.40144	37.089	213	134	0	85	297	1	213	1.38e-41	143
Ochr2298	CP@TRINITY_DN14355_c0_g1::CP@TRINITY_DN14355_c0_g1_i1::g.40142::m.40142	42.922	219	123	2	79	296	1	218	4.07e-48	160
Ochr2298	CP@TRINITY_DN14355_c0_g1::CP@TRINITY_DN14355_c0_g1_i2::g.40144::m.40144	42.466	219	124	2	79	296	1	218	2.64e-47	158
Syncpusi	CP@TRINITY_DN14355_c0_g1::CP@TRINITY_DN14355_c0_g1_i1::g.40142::m.40142	36.364	220	137	1	94	310	1	220	5.17e-44	150
Syncpusi	CP@TRINITY_DN14355_c0_g1::CP@TRINITY_DN14355_c0_g1_i2::g.40144::m.40144	36.364	220	137	1	94	310	1	220	2.08e-43	148
Flor1587	CP@TRINITY_DN14355_c0_g1::CP@TRINITY_DN14355_c0_g1_i1::g.40142::m.40142	41.096	219	129	0	78	296	1	219	8.00e-50	164
Flor1587	CP@TRINITY_DN14355_c0_g1::CP@TRINITY_DN14355_c0_g1_i2::g.40144::m.40144	41.096	219	129	0	78	296	1	219	2.48e-49	163
Octaspec	CP@TRINITY_DN14355_c0_g1::CP@TRINITY_DN14355_c0_g1_i1::g.40142::m.40142	44.749	219	119	2	87	304	1	218	4.93e-50	165
Octaspec	CP@TRINITY_DN14355_c0_g1::CP@TRINITY_DN14355_c0_g1_i2::g.40144::m.40144	44.749	219	119	2	87	304	1	218	3.31e-49	163
Pedi2098	CP@TRINITY_DN14355_c0_g1::CP@TRINITY_DN14355_c0_g1_i1::g.40142::m.40142	43.779	217	122	0	90	306	1	217	1.20e-57	185
Pedi2098	CP@TRINITY_DN14355_c0_g1::CP@TRINITY_DN14355_c0_g1_i2::g.40144::m.40144	43.779	217	122	0	90	306	1	217	7.86e-57	183
Pseuelas	CP@TRINITY_DN14355_c0_g1::CP@TRINITY_DN14355_c0_g1_i1::g.40142::m.40142	42.857	217	124	0	77	293	1	217	1.17e-52	172
Pseuelas	CP@TRINITY_DN14355_c0_g1::CP@TRINITY_DN14355_c0_g1_i2::g.40144::m.40144	42.857	217	124	0	77	293	1	217	3.09e-52	171
Rhiz1243	CP@TRINITY_DN14355_c0_g1::CP@TRINITY_DN14355_c0_g1_i1::g.40142::m.40142	45.205	219	115	3	88	302	1	218	1.20e-55	179
Rhiz1243	CP@TRINITY_DN14355_c0_g1::CP@TRINITY_DN14355_c0_g1_i2::g.40144::m.40144	45.205	219	115	3	88	302	1	218	9.42e-55	177
Pela2097	CP@TRINITY_DN14355_c0_g1::CP@TRINITY_DN14355_c0_g1_i1::g.40142::m.40142	41.364	220	128	1	112	331	1	219	3.11e-46	156
Pela2097	CP@TRINITY_DN14355_c0_g1::CP@TRINITY_DN14355_c0_g1_i2::g.40144::m.40144	41.364	220	128	1	112	331	1	219	1.24e-45	155
Pelacalc	CP@TRINITY_DN14355_c0_g1::CP@TRINITY_DN14355_c0_g1_i1::g.40142::m.40142	40.367	218	129	1	78	295	1	217	1.89e-43	148
Pelacalc	CP@TRINITY_DN14355_c0_g1::CP@TRINITY_DN14355_c0_g1_i2::g.40144::m.40144	40.367	218	129	1	78	295	1	217	5.93e-43	147
Paheparv	CP@TRINITY_DN14355_c0_g1::CP@TRINITY_DN14355_c0_g1_i1::g.40142::m.40142	39.269	219	133	0	177	395	1	219	1.93e-44	153
Paheparv	CP@TRINITY_DN14355_c0_g1::CP@TRINITY_DN14355_c0_g1_i2::g.40144::m.40144	38.813	219	134	0	177	395	1	219	7.05e-43	149
Pingpyre	CP@TRINITY_DN14355_c0_g1::CP@TRINITY_DN14355_c0_g1_i1::g.40142::m.40142	40.183	219	131	0	78	296	1	219	8.62e-45	157
Pingpyre	CP@TRINITY_DN14355_c0_g1::CP@TRINITY_DN14355_c0_g1_i2::g.40144::m.40144	40.639	219	130	0	78	296	1	219	5.19e-44	155
Fucucera	CP@TRINITY_DN14355_c0_g1::CP@TRINITY_DN14355_c0_g1_i1::g.40142::m.40142	39.091	220	133	1	76	295	1	219	1.78e-41	143
Fucucera	CP@TRINITY_DN14355_c0_g1::CP@TRINITY_DN14355_c0_g1_i2::g.40144::m.40144	39.091	220	133	1	76	295	1	219	5.25e-41	141
Chatsubs	CP@TRINITY_DN14355_c0_g1::CP@TRINITY_DN14355_c0_g1_i1::g.40142::m.40142	37.900	219	136	0	88	306	1	219	2.15e-44	150
Chatsubs	CP@TRINITY_DN14355_c0_g1::CP@TRINITY_DN14355_c0_g1_i2::g.40144::m.40144	37.900	219	136	0	88	306	1	219	2.32e-44	150
Idiovort	CP@TRINITY_DN14355_c0_g1::CP@TRINITY_DN14355_c0_g1_i1::g.40142::m.40142	40.271	221	131	1	76	296	1	220	5.56e-43	147
Idiovort	CP@TRINITY_DN14355_c0_g1::CP@TRINITY_DN14355_c0_g1_i2::g.40144::m.40144	40.271	221	131	1	76	296	1	220	3.08e-42	145
Choncris	CP@TRINITY_DN14355_c0_g1::CP@TRINITY_DN14355_c0_g1_i1::g.40142::m.40142	40.367	218	127	1	74	288	1	218	7.81e-46	154
Choncris	CP@TRINITY_DN14355_c0_g1::CP@TRINITY_DN14355_c0_g1_i2::g.40144::m.40144	40.826	218	126	1	74	288	1	218	1.57e-45	153
Minivibr	CP@TRINITY_DN14355_c0_g1::CP@TRINITY_DN14355_c0_g1_i1::g.40142::m.40142	41.935	217	126	0	80	296	1	217	5.70e-50	165
Minivibr	CP@TRINITY_DN14355_c0_g1::CP@TRINITY_DN14355_c0_g1_i2::g.40144::m.40144	41.935	217	126	0	80	296	1	217	3.22e-49	163
Squajapo	CP@TRINITY_DN14355_c0_g1::CP@TRINITY_DN14355_c0_g1_i1::g.40142::m.40142	47.126	174	92	0	10	183	47	220	8.20e-47	152
Squajapo	CP@TRINITY_DN14355_c0_g1::CP@TRINITY_DN14355_c0_g1_i2::g.40144::m.40144	47.126	174	92	0	10	183	47	220	2.76e-46	151
Armalang	CP@TRINITY_DN14355_c0_g1::CP@TRINITY_DN14355_c0_g1_i1::g.40142::m.40142	42.453	212	118	3	74	282	1	211	1.02e-47	159
Armalang	CP@TRINITY_DN14355_c0_g1::CP@TRINITY_DN14355_c0_g1_i2::g.40144::m.40144	42.453	212	118	3	74	282	1	211	1.46e-47	158
Sapochin	CP@TRINITY_DN14355_c0_g1::CP@TRINITY_DN14355_c0_g1_i1::g.40142::m.40142	45.161	186	102	0	110	295	28	213	2.52e-48	160
Sapochin	CP@TRINITY_DN14355_c0_g1::CP@TRINITY_DN14355_c0_g1_i2::g.40144::m.40144	45.161	186	102	0	110	295	28	213	7.30e-48	159
Diphrota	CP@TRINITY_DN14355_c0_g1::CP@TRINITY_DN14355_c0_g1_i1::g.40142::m.40142	47.706	218	110	3	77	291	1	217	1.44e-53	174
Diphrota	CP@TRINITY_DN14355_c0_g1::CP@TRINITY_DN14355_c0_g1_i2::g.40144::m.40144	48.165	218	109	3	77	291	1	217	1.06e-52	172
Rigiramo	CP@TRINITY_DN14355_c0_g1::CP@TRINITY_DN14355_c0_g1_i1::g.40142::m.40142	41.743	218	127	0	79	296	1	218	5.63e-51	167
Rigiramo	CP@TRINITY_DN14355_c0_g1::CP@TRINITY_DN14355_c0_g1_i2::g.40144::m.40144	42.202	218	126	0	79	296	1	218	4.71e-50	165
Echiexud	CP@TRINITY_DN14355_c0_g1::CP@TRINITY_DN14355_c0_g1_i1::g.40142::m.40142	43.784	185	104	0	106	290	34	218	3.32e-45	152
Echiexud	CP@TRINITY_DN14355_c0_g1::CP@TRINITY_DN14355_c0_g1_i2::g.40144::m.40144	44.324	185	103	0	106	290	34	218	5.90e-44	149
Paralevi	CP@TRINITY_DN14355_c0_g1::CP@TRINITY_DN14355_c0_g1_i1::g.40142::m.40142	40.092	217	130	0	103	319	1	217	3.47e-44	150
Paralevi	CP@TRINITY_DN14355_c0_g1::CP@TRINITY_DN14355_c0_g1_i2::g.40144::m.40144	40.553	217	129	0	103	319	1	217	2.14e-43	149
Sapppeda	CP@TRINITY_DN14355_c0_g1::CP@TRINITY_DN14355_c0_g1_i1::g.40142::m.40142	39.269	219	130	1	87	302	1	219	2.13e-44	150
Sapppeda	CP@TRINITY_DN14355_c0_g1::CP@TRINITY_DN14355_c0_g1_i2::g.40144::m.40144	39.726	219	129	1	87	302	1	219	1.26e-43	149
Filanola	CP@TRINITY_DN14355_c0_g1::CP@TRINITY_DN14355_c0_g1_i1::g.40142::m.40142	38.532	218	134	0	102	319	1	218	6.92e-44	150
Filanola	CP@TRINITY_DN14355_c0_g1::CP@TRINITY_DN14355_c0_g1_i2::g.40144::m.40144	38.991	218	133	0	102	319	1	218	4.30e-43	148
Soliirre	CP@TRINITY_DN14355_c0_g1::CP@TRINITY_DN14355_c0_g1_i1::g.40142::m.40142	40.465	215	126	2	87	301	6	218	7.54e-41	141
Schivulg	CP@TRINITY_DN14355_c0_g1::CP@TRINITY_DN14355_c0_g1_i1::g.40142::m.40142	42.727	220	123	2	80	298	1	218	8.51e-51	167
Schivulg	CP@TRINITY_DN14355_c0_g1::CP@TRINITY_DN14355_c0_g1_i2::g.40144::m.40144	43.182	220	122	2	80	298	1	218	4.98e-50	165
Cavoapop	CP@TRINITY_DN14355_c0_g1::CP@TRINITY_DN14355_c0_g1_i1::g.40142::m.40142	39.171	217	131	1	82	298	3	218	7.81e-42	144
Cavoapop	CP@TRINITY_DN14355_c0_g1::CP@TRINITY_DN14355_c0_g1_i2::g.40144::m.40144	39.631	217	130	1	82	298	3	218	4.96e-41	142
Drosmela	CP@TRINITY_DN14355_c0_g1::CP@TRINITY_DN14355_c0_g1_i2::g.40144::m.40144	42.254	213	122	1	86	297	7	219	1.94e-45	153
Drosmela	CP@TRINITY_DN14355_c0_g1::CP@TRINITY_DN14355_c0_g1_i1::g.40142::m.40142	41.784	213	123	1	86	297	7	219	2.04e-45	153
Mnemleid	CP@TRINITY_DN14355_c0_g1::CP@TRINITY_DN14355_c0_g1_i1::g.40142::m.40142	44.186	215	117	3	74	287	1	213	2.49e-52	171
Mnemleid	CP@TRINITY_DN14355_c0_g1::CP@TRINITY_DN14355_c0_g1_i2::g.40144::m.40144	44.186	215	117	3	74	287	1	213	8.55e-51	167
Amphquee	CP@TRINITY_DN14355_c0_g1::CP@TRINITY_DN14355_c0_g1_i1::g.40142::m.40142	54.673	214	97	0	85	298	5	218	7.72e-72	221
Amphquee	CP@TRINITY_DN14355_c0_g1::CP@TRINITY_DN14355_c0_g1_i2::g.40144::m.40144	54.206	214	98	0	85	298	5	218	1.56e-71	220
Tricadha	CP@TRINITY_DN14355_c0_g1::CP@TRINITY_DN14355_c0_g1_i1::g.40142::m.40142	55.191	183	82	0	112	294	33	215	2.85e-59	189
Tricadha	CP@TRINITY_DN14355_c0_g1::CP@TRINITY_DN14355_c0_g1_i2::g.40144::m.40144	54.645	183	83	0	112	294	33	215	5.35e-58	186
Branflor	CP@TRINITY_DN14355_c0_g1::CP@TRINITY_DN14355_c0_g1_i1::g.40142::m.40142	56.881	218	94	0	79	296	1	218	6.56e-81	244
Branflor	CP@TRINITY_DN14355_c0_g1::CP@TRINITY_DN14355_c0_g1_i2::g.40144::m.40144	56.422	218	95	0	79	296	1	218	1.40e-79	240
Apismell	CP@TRINITY_DN14355_c0_g1::CP@TRINITY_DN14355_c0_g1_i1::g.40142::m.40142	57.078	219	93	1	90	307	1	219	6.23e-80	242
Apismell	CP@TRINITY_DN14355_c0_g1::CP@TRINITY_DN14355_c0_g1_i2::g.40144::m.40144	56.164	219	95	1	90	307	1	219	2.17e-78	238
Gallgall	CP@TRINITY_DN14355_c0_g1::CP@TRINITY_DN14355_c0_g1_i1::g.40142::m.40142	56.881	218	94	0	88	305	1	218	4.32e-83	249
Gallgall	CP@TRINITY_DN14355_c0_g1::CP@TRINITY_DN14355_c0_g1_i2::g.40144::m.40144	56.881	218	94	0	88	305	1	218	1.64e-81	246
Aplycali	CP@TRINITY_DN14355_c0_g1::CP@TRINITY_DN14355_c0_g1_i1::g.40142::m.40142	59.174	218	89	0	88	305	1	218	7.21e-85	254
Aplycali	CP@TRINITY_DN14355_c0_g1::CP@TRINITY_DN14355_c0_g1_i2::g.40144::m.40144	59.174	218	89	0	88	305	1	218	1.75e-83	251
Taensoli	CP@TRINITY_DN14355_c0_g1::CP@TRINITY_DN14355_c0_g1_i1::g.40142::m.40142	38.991	218	133	0	77	294	1	218	5.39e-47	157
Taensoli	CP@TRINITY_DN14355_c0_g1::CP@TRINITY_DN14355_c0_g1_i2::g.40144::m.40144	38.532	218	134	0	77	294	1	218	1.64e-45	153
Schimans	CP@TRINITY_DN14355_c0_g1::CP@TRINITY_DN14355_c0_g1_i1::g.40142::m.40142	41.743	218	126	1	77	293	1	218	9.57e-47	156
Schimans	CP@TRINITY_DN14355_c0_g1::CP@TRINITY_DN14355_c0_g1_i2::g.40144::m.40144	41.284	218	127	1	77	293	1	218	9.89e-45	151
Sphaarct	CP@TRINITY_DN14355_c0_g1::CP@TRINITY_DN14355_c0_g1_i1::g.40142::m.40142	44.199	181	101	0	2	182	39	219	6.86e-45	147
Sphaarct	CP@TRINITY_DN14355_c0_g1::CP@TRINITY_DN14355_c0_g1_i2::g.40144::m.40144	45.665	173	94	0	10	182	47	219	4.77e-44	145
Amoepara	CP@TRINITY_DN14355_c0_g1::CP@TRINITY_DN14355_c0_g1_i1::g.40142::m.40142	44.545	220	120	2	103	321	1	219	1.56e-56	182
Amoepara	CP@TRINITY_DN14355_c0_g1::CP@TRINITY_DN14355_c0_g1_i2::g.40144::m.40144	44.545	220	120	2	103	321	1	219	4.30e-56	181
