Blasemer	CP@TRINITY_DN5781_c0_g2::CP@TRINITY_DN5781_c0_g2_i1::g.16554::m.16554	60.256	156	62	0	71	226	1	156	3.37e-68	209
Noctscin	CP@TRINITY_DN5781_c0_g2::CP@TRINITY_DN5781_c0_g2_i1::g.16554::m.16554	41.350	237	130	4	425	659	1	230	5.71e-51	179
HemaVICK	CP@TRINITY_DN5781_c0_g2::CP@TRINITY_DN5781_c0_g2_i1::g.16554::m.16554	37.288	236	134	3	401	636	1	222	2.17e-46	166
Oxyrmari	CP@TRINITY_DN5781_c0_g2::CP@TRINITY_DN5781_c0_g2_i1::g.16554::m.16554	40.179	224	128	3	422	644	1	219	3.28e-46	166
Vitrbras	CP@TRINITY_DN5781_c0_g2::CP@TRINITY_DN5781_c0_g2_i1::g.16554::m.16554	41.593	226	122	2	396	619	1	218	1.44e-53	186
Alphedax	CP@TRINITY_DN5781_c0_g2::CP@TRINITY_DN5781_c0_g2_i1::g.16554::m.16554	48.993	149	76	0	404	552	1	149	1.94e-48	168
Stencoer	CP@TRINITY_DN5781_c0_g2::CP@TRINITY_DN5781_c0_g2_i1::g.16554::m.16554	38.889	216	120	5	373	577	1	215	1.62e-42	154
Lapoguse	CP@TRINITY_DN5781_c0_g2::CP@TRINITY_DN5781_c0_g2_i1::g.16554::m.16554	46.121	232	120	3	68	294	1	232	3.72e-60	199
Plasbras	CP@TRINITY_DN5781_c0_g2::CP@TRINITY_DN5781_c0_g2_i1::g.16554::m.16554	48.333	240	111	3	370	604	1	232	8.03e-67	222
Leptvora	CP@TRINITY_DN5781_c0_g2::CP@TRINITY_DN5781_c0_g2_i1::g.16554::m.16554	49.065	214	103	3	373	583	1	211	2.64e-62	210
Bigenata	CP@TRINITY_DN5781_c0_g2::CP@TRINITY_DN5781_c0_g2_i1::g.16554::m.16554	53.158	190	89	0	374	563	1	190	2.96e-60	204
Aurisoli	CP@TRINITY_DN5781_c0_g2::CP@TRINITY_DN5781_c0_g2_i1::g.16554::m.16554	47.639	233	112	5	101	325	1	231	2.55e-65	214
Paulchro	CP@TRINITY_DN5781_c0_g2::CP@TRINITY_DN5781_c0_g2_i1::g.16554::m.16554	50.262	191	94	1	374	564	1	190	3.96e-53	185
Styginca	CP@TRINITY_DN5781_c0_g2::CP@TRINITY_DN5781_c0_g2_i1::g.16554::m.16554	37.872	235	133	2	407	634	1	229	5.13e-46	165
Naeggrub	CP@TRINITY_DN5781_c0_g2::CP@TRINITY_DN5781_c0_g2_i1::g.16554::m.16554	42.616	237	125	4	383	615	1	230	3.04e-55	191
AcanthFB	CP@TRINITY_DN5781_c0_g2::CP@TRINITY_DN5781_c0_g2_i1::g.16554::m.16554	37.850	214	121	2	388	598	1	205	3.34e-41	149
TeloneP2	CP@TRINITY_DN5781_c0_g2::CP@TRINITY_DN5781_c0_g2_i1::g.16554::m.16554	48.908	229	111	2	403	629	1	225	2.40e-66	221
Telosubt	CP@TRINITY_DN5781_c0_g2::CP@TRINITY_DN5781_c0_g2_i1::g.16554::m.16554	50.215	233	111	2	400	630	1	230	1.16e-69	230
TeloneP1	CP@TRINITY_DN5781_c0_g2::CP@TRINITY_DN5781_c0_g2_i1::g.16554::m.16554	55.789	190	84	0	133	322	1	190	7.29e-74	227
Prascaps	CP@TRINITY_DN5781_c0_g2::CP@TRINITY_DN5781_c0_g2_i1::g.16554::m.16554	53.589	209	92	2	483	689	1	206	3.21e-71	236
Charbrau	CP@TRINITY_DN5781_c0_g2::CP@TRINITY_DN5781_c0_g2_i1::g.16554::m.16554	57.005	207	86	2	378	581	1	207	1.92e-77	251
Arabthal	CP@TRINITY_DN5781_c0_g2::CP@TRINITY_DN5781_c0_g2_i1::g.16554::m.16554	49.569	232	105	4	381	605	1	227	1.93e-69	229
Chlovari	CP@TRINITY_DN5781_c0_g2::CP@TRINITY_DN5781_c0_g2_i1::g.16554::m.16554	51.064	235	102	4	394	625	1	225	3.93e-68	226
Chlarein	CP@TRINITY_DN5781_c0_g2::CP@TRINITY_DN5781_c0_g2_i1::g.16554::m.16554	56.190	210	86	3	375	579	1	209	1.90e-72	238
Dunasali	CP@TRINITY_DN5781_c0_g2::CP@TRINITY_DN5781_c0_g2_i1::g.16554::m.16554	53.991	213	95	2	377	586	1	213	5.18e-73	236
Tetrasti	CP@TRINITY_DN5781_c0_g2::CP@TRINITY_DN5781_c0_g2_i1::g.16554::m.16554	54.783	230	97	4	393	617	1	228	2.23e-75	246
Nephpyri	CP@TRINITY_DN5781_c0_g2::CP@TRINITY_DN5781_c0_g2_i1::g.16554::m.16554	51.111	225	108	1	405	627	1	225	1.63e-71	236
Mesoviri	CP@TRINITY_DN5781_c0_g2::CP@TRINITY_DN5781_c0_g2_i1::g.16554::m.16554	55.556	225	95	2	381	603	1	222	3.23e-78	253
Mesoviri	CP@TRINITY_DN5781_c0_g1::CP@TRINITY_DN5781_c0_g1_i1::g.16553::m.16553	44.498	209	103	6	686	889	1	201	3.30e-42	153
Pyrapark	CP@TRINITY_DN5781_c0_g2::CP@TRINITY_DN5781_c0_g2_i1::g.16554::m.16554	48.918	231	112	2	417	645	1	227	6.80e-72	237
Gephhuxl	CP@TRINITY_DN5781_c0_g2::CP@TRINITY_DN5781_c0_g2_i1::g.16554::m.16554	53.571	196	85	1	404	599	1	190	6.77e-65	218
Calclept	CP@TRINITY_DN5781_c0_g2::CP@TRINITY_DN5781_c0_g2_i1::g.16554::m.16554	53.302	212	91	2	444	653	1	206	2.74e-69	230
Phaeglob	CP@TRINITY_DN5781_c0_g2::CP@TRINITY_DN5781_c0_g2_i1::g.16554::m.16554	53.774	212	90	2	407	616	1	206	2.15e-69	230
Goniavon	CP@TRINITY_DN5781_c0_g2::CP@TRINITY_DN5781_c0_g2_i1::g.16554::m.16554	50.000	240	109	2	402	640	1	230	1.25e-72	239
Gemicryo	CP@TRINITY_DN5781_c0_g2::CP@TRINITY_DN5781_c0_g2_i1::g.16554::m.16554	47.034	236	119	2	379	613	1	231	9.10e-69	228
Guilthet	CP@TRINITY_DN5781_c0_g2::CP@TRINITY_DN5781_c0_g2_i1::g.16554::m.16554	51.053	190	93	0	369	558	1	190	2.90e-66	221
Hemirufe	CP@TRINITY_DN5781_c0_g2::CP@TRINITY_DN5781_c0_g2_i1::g.16554::m.16554	50.691	217	104	2	401	614	1	217	4.38e-71	229
MAST04A2	CP@TRINITY_DN5781_c0_g2::CP@TRINITY_DN5781_c0_g2_i1::g.16554::m.16554	51.282	195	88	3	406	598	1	190	2.13e-52	182
BicoCB20	CP@TRINITY_DN5781_c0_g2::CP@TRINITY_DN5781_c0_g2_i1::g.16554::m.16554	45.536	224	118	3	461	682	1	222	1.15e-59	204
Phytpara	CP@TRINITY_DN5781_c0_g2::CP@TRINITY_DN5781_c0_g2_i1::g.16554::m.16554	49.296	213	105	2	409	618	1	213	2.01e-61	208
EctocSP7	CP@TRINITY_DN5781_c0_g2::CP@TRINITY_DN5781_c0_g2_i1::g.16554::m.16554	43.254	252	108	3	265	515	1	218	1.13e-57	196
Thalpseu	CP@TRINITY_DN5781_c0_g2::CP@TRINITY_DN5781_c0_g2_i1::g.16554::m.16554	45.327	214	117	0	410	623	1	214	3.60e-57	196
MAST003A	CP@TRINITY_DN5781_c0_g2::CP@TRINITY_DN5781_c0_g2_i1::g.16554::m.16554	48.357	213	82	2	364	548	1	213	3.53e-53	184
MAST003F	CP@TRINITY_DN5781_c0_g2::CP@TRINITY_DN5781_c0_g2_i1::g.16554::m.16554	50.327	153	74	2	38	189	33	184	1.74e-45	159
Porppurp	CP@TRINITY_DN5781_c0_g2::CP@TRINITY_DN5781_c0_g2_i1::g.16554::m.16554	43.852	244	114	7	381	623	1	222	3.43e-52	183
Gracchor	CP@TRINITY_DN5781_c0_g2::CP@TRINITY_DN5781_c0_g2_i1::g.16554::m.16554	40.476	252	124	5	353	602	1	228	6.54e-53	184
Galdphle	CP@TRINITY_DN5781_c0_g2::CP@TRINITY_DN5781_c0_g2_i1::g.16554::m.16554	46.018	226	102	3	389	613	1	207	1.42e-57	197
Thectrah	CP@TRINITY_DN5781_c0_g2::CP@TRINITY_DN5781_c0_g2_i1::g.16554::m.16554	50.893	224	105	3	371	591	1	222	1.35e-67	224
Rozeallo	CP@TRINITY_DN5781_c0_g2::CP@TRINITY_DN5781_c0_g2_i1::g.16554::m.16554	43.646	181	97	3	260	440	1	176	2.19e-45	162
Parasacc	CP@TRINITY_DN5781_c0_g2::CP@TRINITY_DN5781_c0_g2_i1::g.16554::m.16554	43.882	237	118	5	434	667	1	225	1.13e-56	195
Parvatla	CP@TRINITY_DN5781_c0_g2::CP@TRINITY_DN5781_c0_g2_i1::g.16554::m.16554	48.357	213	108	2	370	581	1	212	2.07e-64	216
Batrdend	CP@TRINITY_DN5781_c0_g2::CP@TRINITY_DN5781_c0_g2_i1::g.16554::m.16554	49.580	238	105	2	372	607	1	225	2.99e-72	238
Sacccere	CP@TRINITY_DN5781_c0_g2::CP@TRINITY_DN5781_c0_g2_i1::g.16554::m.16554	39.640	222	127	5	394	615	1	215	1.04e-44	161
Capsowcz	CP@TRINITY_DN5781_c0_g2::CP@TRINITY_DN5781_c0_g2_i1::g.16554::m.16554	50.459	218	102	4	370	583	1	216	6.83e-66	220
Capsowcz	CP@TRINITY_DN5781_c0_g1::CP@TRINITY_DN5781_c0_g1_i1::g.16553::m.16553	46.569	204	104	3	693	895	1	200	3.72e-47	167
Pigoviet	CP@TRINITY_DN5781_c0_g2::CP@TRINITY_DN5781_c0_g2_i1::g.16554::m.16554	55.556	207	89	2	374	577	1	207	1.24e-74	243
Pigoviet	CP@TRINITY_DN5781_c0_g1::CP@TRINITY_DN5781_c0_g1_i1::g.16553::m.16553	46.341	205	105	4	671	874	1	201	5.15e-52	180
Nemavect	CP@TRINITY_DN5781_c0_g2::CP@TRINITY_DN5781_c0_g2_i1::g.16554::m.16554	62.500	232	86	1	376	606	1	232	5.92e-98	305
Nemavect	CP@TRINITY_DN5781_c0_g1::CP@TRINITY_DN5781_c0_g1_i1::g.16553::m.16553	55.941	202	86	3	680	880	1	200	3.84e-72	236
Nemavect	CP@TRINITY_DN10246_c0_g1::CP@TRINITY_DN10246_c0_g1_i1::g.6433::m.6433	70.588	102	30	0	222	323	2	103	1.27e-42	150
Homosapi	CP@TRINITY_DN5781_c0_g2::CP@TRINITY_DN5781_c0_g2_i1::g.16554::m.16554	59.389	229	91	1	376	602	1	229	1.89e-96	301
Homosapi	CP@TRINITY_DN5781_c0_g1::CP@TRINITY_DN5781_c0_g1_i1::g.16553::m.16553	53.960	202	90	3	670	870	1	200	1.11e-69	229
Monobrev	CP@TRINITY_DN5781_c0_g2::CP@TRINITY_DN5781_c0_g2_i1::g.16554::m.16554	53.140	207	91	2	374	574	1	207	2.30e-71	234
Creofrag	CP@TRINITY_DN5781_c0_g2::CP@TRINITY_DN5781_c0_g2_i1::g.16554::m.16554	52.466	223	99	3	379	595	1	222	3.31e-76	248
Creofrag	CP@TRINITY_DN5781_c0_g1::CP@TRINITY_DN5781_c0_g1_i1::g.16553::m.16553	45.588	204	108	2	687	890	2	202	2.25e-56	192
Sphadest	CP@TRINITY_DN5781_c0_g2::CP@TRINITY_DN5781_c0_g2_i1::g.16554::m.16554	55.981	209	88	3	366	572	1	207	2.94e-71	235
Sphadest	CP@TRINITY_DN5781_c0_g1::CP@TRINITY_DN5781_c0_g1_i1::g.16553::m.16553	51.208	207	95	4	728	933	1	202	2.56e-58	198
Syssmult	CP@TRINITY_DN5781_c0_g2::CP@TRINITY_DN5781_c0_g2_i1::g.16554::m.16554	54.348	230	97	3	376	597	1	230	2.21e-81	261
Syssmult	CP@TRINITY_DN5781_c0_g1::CP@TRINITY_DN5781_c0_g1_i1::g.16553::m.16553	49.268	205	99	4	676	878	1	202	1.06e-56	193
Coralima	CP@TRINITY_DN5781_c0_g2::CP@TRINITY_DN5781_c0_g2_i1::g.16554::m.16554	47.186	231	115	4	379	603	1	230	4.87e-67	223
Coralima	CP@TRINITY_DN5781_c0_g1::CP@TRINITY_DN5781_c0_g1_i1::g.16553::m.16553	42.424	198	110	3	690	886	2	196	1.36e-48	171
Dictdisc	CP@TRINITY_DN5781_c0_g2::CP@TRINITY_DN5781_c0_g2_i1::g.16554::m.16554	45.701	221	119	1	373	592	1	221	4.83e-62	209
Physpoly	CP@TRINITY_DN5781_c0_g2::CP@TRINITY_DN5781_c0_g2_i1::g.16554::m.16554	49.784	231	113	2	369	597	1	230	4.57e-73	239
Physpoly	CP@TRINITY_DN5781_c0_g1::CP@TRINITY_DN5781_c0_g1_i1::g.16553::m.16553	43.005	193	98	5	688	875	15	200	1.53e-42	154
Protfung	CP@TRINITY_DN5781_c0_g2::CP@TRINITY_DN5781_c0_g2_i1::g.16554::m.16554	49.099	222	91	4	375	579	1	217	5.95e-59	201
Acancast	CP@TRINITY_DN5781_c0_g2::CP@TRINITY_DN5781_c0_g2_i1::g.16554::m.16554	53.555	211	95	2	376	583	1	211	9.87e-69	228
Haloseos	CP@TRINITY_DN5781_c0_g2::CP@TRINITY_DN5781_c0_g2_i1::g.16554::m.16554	47.393	211	102	1	402	612	1	202	1.36e-59	203
Caferoen	CP@TRINITY_DN5781_c0_g2::CP@TRINITY_DN5781_c0_g2_i1::g.16554::m.16554	40.265	226	111	2	388	613	1	202	2.55e-45	161
PlacCLAB	CP@TRINITY_DN5781_c0_g2::CP@TRINITY_DN5781_c0_g2_i1::g.16554::m.16554	49.020	153	78	0	547	699	1	153	2.23e-44	159
Wobbluna	CP@TRINITY_DN5781_c0_g2::CP@TRINITY_DN5781_c0_g2_i1::g.16554::m.16554	43.850	187	104	1	403	588	1	187	5.12e-47	167
Aplakerg	CP@TRINITY_DN5781_c0_g2::CP@TRINITY_DN5781_c0_g2_i1::g.16554::m.16554	53.960	202	92	1	412	612	1	202	1.71e-65	219
ThraLLF1	CP@TRINITY_DN5781_c0_g2::CP@TRINITY_DN5781_c0_g2_i1::g.16554::m.16554	46.154	234	118	3	411	643	1	227	4.17e-64	216
Schiaggr	CP@TRINITY_DN5781_c0_g2::CP@TRINITY_DN5781_c0_g2_i1::g.16554::m.16554	47.863	234	114	4	412	643	1	228	1.07e-64	217
Auralima	CP@TRINITY_DN5781_c0_g2::CP@TRINITY_DN5781_c0_g2_i1::g.16554::m.16554	47.807	228	112	3	392	617	1	223	1.64e-64	216
Deveeleg	CP@TRINITY_DN5781_c0_g2::CP@TRINITY_DN5781_c0_g2_i1::g.16554::m.16554	50.725	207	99	2	404	607	1	207	3.53e-66	216
Saprdecl	CP@TRINITY_DN5781_c0_g2::CP@TRINITY_DN5781_c0_g2_i1::g.16554::m.16554	47.059	221	111	2	399	613	1	221	7.45e-64	214
Albulaib	CP@TRINITY_DN5781_c0_g2::CP@TRINITY_DN5781_c0_g2_i1::g.16554::m.16554	44.978	229	122	3	413	638	1	228	1.13e-61	209
Pythirre	CP@TRINITY_DN5781_c0_g2::CP@TRINITY_DN5781_c0_g2_i1::g.16554::m.16554	47.619	231	116	4	409	635	1	230	8.26e-65	217
Tripeleu	CP@TRINITY_DN5781_c0_g2::CP@TRINITY_DN5781_c0_g2_i1::g.16554::m.16554	46.025	239	109	5	388	626	1	219	2.00e-56	194
Psuemult	CP@TRINITY_DN5781_c0_g2::CP@TRINITY_DN5781_c0_g2_i1::g.16554::m.16554	55.280	161	72	0	408	568	1	161	1.55e-56	194
Fragcyli	CP@TRINITY_DN5781_c0_g2::CP@TRINITY_DN5781_c0_g2_i1::g.16554::m.16554	45.833	216	89	2	412	625	1	190	1.54e-56	194
Phaetric	CP@TRINITY_DN5781_c0_g2::CP@TRINITY_DN5781_c0_g2_i1::g.16554::m.16554	43.952	248	109	3	403	649	1	219	5.77e-57	196
Chatsubs	CP@TRINITY_DN5781_c0_g2::CP@TRINITY_DN5781_c0_g2_i1::g.16554::m.16554	46.000	250	109	6	397	643	1	227	7.17e-64	215
Heteakas	CP@TRINITY_DN5781_c0_g2::CP@TRINITY_DN5781_c0_g2_i1::g.16554::m.16554	45.902	244	110	3	401	644	1	222	6.90e-63	208
Fibrjapo	CP@TRINITY_DN5781_c0_g2::CP@TRINITY_DN5781_c0_g2_i1::g.16554::m.16554	43.191	257	117	5	408	660	1	232	2.21e-61	208
Fucucera	CP@TRINITY_DN5781_c0_g2::CP@TRINITY_DN5781_c0_g2_i1::g.16554::m.16554	43.462	260	111	4	413	667	1	229	5.62e-58	199
Agarclat	CP@TRINITY_DN5781_c0_g2::CP@TRINITY_DN5781_c0_g2_i1::g.16554::m.16554	44.048	252	106	4	392	641	1	219	3.45e-57	196
Tribgaya	CP@TRINITY_DN5781_c0_g2::CP@TRINITY_DN5781_c0_g2_i1::g.16554::m.16554	43.346	263	113	5	429	688	1	230	1.65e-60	206
Vauclito	CP@TRINITY_DN5781_c0_g2::CP@TRINITY_DN5781_c0_g2_i1::g.16554::m.16554	42.411	224	111	2	426	648	1	207	7.03e-55	190
Chryfrag	CP@TRINITY_DN5781_c0_g2::CP@TRINITY_DN5781_c0_g2_i1::g.16554::m.16554	57.792	154	65	0	433	586	1	154	4.45e-55	191
Pela2097	CP@TRINITY_DN5781_c0_g2::CP@TRINITY_DN5781_c0_g2_i1::g.16554::m.16554	59.091	154	63	0	404	557	1	154	6.21e-55	190
Pelacalc	CP@TRINITY_DN5781_c0_g2::CP@TRINITY_DN5781_c0_g2_i1::g.16554::m.16554	59.091	154	63	0	422	575	1	154	2.80e-53	186
Pelasubv	CP@TRINITY_DN5781_c0_g2::CP@TRINITY_DN5781_c0_g2_i1::g.16554::m.16554	60.390	154	61	0	406	559	1	154	8.02e-55	190
Aurelagu	CP@TRINITY_DN5781_c0_g2::CP@TRINITY_DN5781_c0_g2_i1::g.16554::m.16554	56.863	153	66	0	253	405	1	153	2.65e-53	184
Octaspec	CP@TRINITY_DN5781_c0_g2::CP@TRINITY_DN5781_c0_g2_i1::g.16554::m.16554	45.957	235	112	3	407	640	1	221	1.01e-59	203
Flor1587	CP@TRINITY_DN5781_c0_g2::CP@TRINITY_DN5781_c0_g2_i1::g.16554::m.16554	43.874	253	115	4	409	660	1	227	1.42e-58	200
Rhiz1243	CP@TRINITY_DN5781_c0_g2::CP@TRINITY_DN5781_c0_g2_i1::g.16554::m.16554	47.107	242	108	4	390	626	1	227	5.40e-61	207
Pseuelas	CP@TRINITY_DN5781_c0_g2::CP@TRINITY_DN5781_c0_g2_i1::g.16554::m.16554	44.758	248	110	4	403	648	1	223	1.88e-59	203
Pedi2098	CP@TRINITY_DN5781_c0_g2::CP@TRINITY_DN5781_c0_g2_i1::g.16554::m.16554	57.988	169	70	1	404	572	1	168	1.59e-59	197
Paheparv	CP@TRINITY_DN5781_c0_g2::CP@TRINITY_DN5781_c0_g2_i1::g.16554::m.16554	41.736	242	117	3	402	642	1	219	5.34e-58	195
Pingpyre	CP@TRINITY_DN5781_c0_g2::CP@TRINITY_DN5781_c0_g2_i1::g.16554::m.16554	55.556	153	68	0	433	585	1	153	3.09e-56	195
PoterBG1	CP@TRINITY_DN5781_c0_g2::CP@TRINITY_DN5781_c0_g2_i1::g.16554::m.16554	46.354	192	101	2	422	612	1	191	2.28e-54	188
Ochr2298	CP@TRINITY_DN5781_c0_g2::CP@TRINITY_DN5781_c0_g2_i1::g.16554::m.16554	45.000	220	113	3	416	633	1	214	8.93e-58	198
Pedoelon	CP@TRINITY_DN5781_c0_g2::CP@TRINITY_DN5781_c0_g2_i1::g.16554::m.16554	41.102	236	131	4	418	650	1	231	4.35e-56	193
Dino2267	CP@TRINITY_DN5781_c0_g2::CP@TRINITY_DN5781_c0_g2_i1::g.16554::m.16554	43.254	252	114	5	437	685	1	226	8.36e-54	187
Mallmari	CP@TRINITY_DN5781_c0_g2::CP@TRINITY_DN5781_c0_g2_i1::g.16554::m.16554	42.128	235	122	4	418	646	1	227	5.41e-53	184
Syncpusi	CP@TRINITY_DN5781_c0_g2::CP@TRINITY_DN5781_c0_g2_i1::g.16554::m.16554	49.474	190	96	0	415	604	1	190	1.41e-59	199
Ancytwis	CP@TRINITY_DN5781_c0_g2::CP@TRINITY_DN5781_c0_g2_i1::g.16554::m.16554	53.017	232	105	2	378	607	1	230	1.22e-74	243
Palpbili	CP@TRINITY_DN5781_c0_g2::CP@TRINITY_DN5781_c0_g2_i1::g.16554::m.16554	43.056	216	113	3	410	621	1	210	1.40e-48	172
Cryppara	CP@TRINITY_DN5781_c0_g2::CP@TRINITY_DN5781_c0_g2_i1::g.16554::m.16554	56.627	166	72	0	379	544	1	166	5.16e-66	214
Rhodsali	CP@TRINITY_DN5781_c0_g2::CP@TRINITY_DN5781_c0_g2_i1::g.16554::m.16554	53.922	204	91	2	379	580	1	203	1.15e-70	233
Bafffrig	CP@TRINITY_DN5781_c0_g2::CP@TRINITY_DN5781_c0_g2_i1::g.16554::m.16554	50.000	222	109	2	380	599	1	222	3.73e-70	232
Picosali	CP@TRINITY_DN5781_c0_g2::CP@TRINITY_DN5781_c0_g2_i1::g.16554::m.16554	56.132	212	90	2	436	644	1	212	1.37e-74	244
Volvcart	CP@TRINITY_DN5781_c0_g2::CP@TRINITY_DN5781_c0_g2_i1::g.16554::m.16554	52.655	226	96	4	375	590	1	225	2.72e-71	234
Ostrtaur	CP@TRINITY_DN5781_c0_g2::CP@TRINITY_DN5781_c0_g2_i1::g.16554::m.16554	43.220	236	122	4	376	604	1	231	4.97e-53	184
Micrpusl	CP@TRINITY_DN5781_c0_g2::CP@TRINITY_DN5781_c0_g2_i1::g.16554::m.16554	53.302	212	95	2	388	595	1	212	2.90e-70	232
Oryzsati	CP@TRINITY_DN5781_c0_g2::CP@TRINITY_DN5781_c0_g2_i1::g.16554::m.16554	50.000	238	106	4	382	612	1	232	4.44e-74	242
Physpate	CP@TRINITY_DN5781_c0_g2::CP@TRINITY_DN5781_c0_g2_i1::g.16554::m.16554	52.889	225	94	3	383	603	1	217	2.09e-75	246
PB58411a	CP@TRINITY_DN5781_c0_g2::CP@TRINITY_DN5781_c0_g2_i1::g.16554::m.16554	51.675	209	96	3	603	809	1	206	7.54e-66	221
Cyanpara	CP@TRINITY_DN5781_c0_g2::CP@TRINITY_DN5781_c0_g2_i1::g.16554::m.16554	51.402	214	102	1	384	595	1	214	3.63e-67	224
Gloewitr	CP@TRINITY_DN5781_c0_g2::CP@TRINITY_DN5781_c0_g2_i1::g.16554::m.16554	52.766	235	99	4	362	587	1	232	3.14e-70	231
Tisolute	CP@TRINITY_DN5781_c0_g2::CP@TRINITY_DN5781_c0_g2_i1::g.16554::m.16554	50.439	228	106	2	403	628	1	223	1.01e-66	223
Chrycart	CP@TRINITY_DN5781_c0_g2::CP@TRINITY_DN5781_c0_g2_i1::g.16554::m.16554	56.316	190	77	1	396	585	1	184	7.02e-67	223
Chryrota	CP@TRINITY_DN5781_c0_g2::CP@TRINITY_DN5781_c0_g2_i1::g.16554::m.16554	49.796	245	108	4	432	675	1	231	6.96e-73	240
Prymparv	CP@TRINITY_DN5781_c0_g2::CP@TRINITY_DN5781_c0_g2_i1::g.16554::m.16554	50.826	242	107	4	406	645	1	232	1.33e-70	233
Diacluth	CP@TRINITY_DN5781_c0_g2::CP@TRINITY_DN5781_c0_g2_i1::g.16554::m.16554	51.152	217	97	3	397	611	1	210	3.03e-62	211
Pavl2436	CP@TRINITY_DN5781_c0_g2::CP@TRINITY_DN5781_c0_g2_i1::g.16554::m.16554	46.502	243	117	3	434	674	1	232	1.33e-65	220
Chlorept	CP@TRINITY_DN5781_c0_g2::CP@TRINITY_DN5781_c0_g2_i1::g.16554::m.16554	45.957	235	121	2	372	604	1	231	6.82e-60	203
Brevmoto	CP@TRINITY_DN5781_c0_g2::CP@TRINITY_DN5781_c0_g2_i1::g.16554::m.16554	45.263	190	104	0	392	581	1	190	4.87e-54	186
MatazaD1	CP@TRINITY_DN5781_c0_g2::CP@TRINITY_DN5781_c0_g2_i1::g.16554::m.16554	46.491	228	114	4	377	602	1	222	1.16e-59	203
Neobdesi	CP@TRINITY_DN5781_c0_g2::CP@TRINITY_DN5781_c0_g2_i1::g.16554::m.16554	39.227	181	105	1	384	559	1	181	1.45e-41	152
Flecnera	CP@TRINITY_DN5781_c0_g2::CP@TRINITY_DN5781_c0_g2_i1::g.16554::m.16554	49.419	172	87	0	388	559	1	172	1.80e-53	186
Diplambu	CP@TRINITY_DN5781_c0_g2::CP@TRINITY_DN5781_c0_g2_i1::g.16554::m.16554	44.395	223	103	3	381	582	1	223	6.29e-56	192
Rhodemar	CP@TRINITY_DN5781_c0_g2::CP@TRINITY_DN5781_c0_g2_i1::g.16554::m.16554	36.481	233	138	2	380	609	1	226	1.12e-51	181
Rhodlimn	CP@TRINITY_DN5781_c0_g2::CP@TRINITY_DN5781_c0_g2_i1::g.16554::m.16554	45.146	206	111	1	381	584	1	206	5.05e-53	184
Rhodlimn	CP@TRINITY_DN5781_c0_g1::CP@TRINITY_DN5781_c0_g1_i1::g.16553::m.16553	42.000	200	110	5	705	900	5	202	8.68e-44	157
Perkmari	CP@TRINITY_DN5781_c0_g2::CP@TRINITY_DN5781_c0_g2_i1::g.16554::m.16554	46.154	169	91	0	422	590	1	169	5.21e-46	165
Karebrev	CP@TRINITY_DN5781_c0_g2::CP@TRINITY_DN5781_c0_g2_i1::g.16554::m.16554	40.928	237	122	1	405	641	1	219	7.09e-53	184
Pirisoci	CP@TRINITY_DN5781_c0_g2::CP@TRINITY_DN5781_c0_g2_i1::g.16554::m.16554	40.517	232	131	4	405	633	1	228	2.27e-50	177
Chroveli	CP@TRINITY_DN5781_c0_g2::CP@TRINITY_DN5781_c0_g2_i1::g.16554::m.16554	42.478	226	121	2	380	603	1	219	2.88e-53	185
Toxogond	CP@TRINITY_DN5781_c0_g2::CP@TRINITY_DN5781_c0_g2_i1::g.16554::m.16554	47.531	162	85	0	431	592	1	162	1.79e-46	166
Crypparv	CP@TRINITY_DN5781_c0_g2::CP@TRINITY_DN5781_c0_g2_i1::g.16554::m.16554	42.331	163	94	0	398	560	4	166	2.55e-42	154
Galdsulp	CP@TRINITY_DN5781_c0_g2::CP@TRINITY_DN5781_c0_g2_i1::g.16554::m.16554	52.532	158	73	1	389	546	1	156	3.57e-52	182
Rhodmari	CP@TRINITY_DN5781_c0_g2::CP@TRINITY_DN5781_c0_g2_i1::g.16554::m.16554	58.599	157	63	1	380	536	1	155	2.25e-56	194
Cerakond	CP@TRINITY_DN5781_c0_g2::CP@TRINITY_DN5781_c0_g2_i1::g.16554::m.16554	44.094	254	112	5	377	628	1	226	1.88e-58	200
Gratturu	CP@TRINITY_DN5781_c0_g2::CP@TRINITY_DN5781_c0_g2_i1::g.16554::m.16554	44.206	233	110	5	374	604	1	215	4.66e-56	193
Choncris	CP@TRINITY_DN5781_c0_g2::CP@TRINITY_DN5781_c0_g2_i1::g.16554::m.16554	44.898	245	115	6	386	629	1	226	2.39e-58	199
Porpumbi	CP@TRINITY_DN5781_c0_g2::CP@TRINITY_DN5781_c0_g2_i1::g.16554::m.16554	54.321	162	71	2	385	546	1	159	9.34e-51	178
Compcoer	CP@TRINITY_DN5781_c0_g2::CP@TRINITY_DN5781_c0_g2_i1::g.16554::m.16554	44.726	237	121	5	398	631	1	230	2.94e-56	194
Porpaeru	CP@TRINITY_DN5781_c0_g2::CP@TRINITY_DN5781_c0_g2_i1::g.16554::m.16554	43.777	233	116	5	324	555	1	219	3.87e-52	181
Rhodmacu	CP@TRINITY_DN5781_c0_g2::CP@TRINITY_DN5781_c0_g2_i1::g.16554::m.16554	48.673	226	105	3	371	595	1	216	1.33e-58	200
Cyanmero	CP@TRINITY_DN5781_c0_g2::CP@TRINITY_DN5781_c0_g2_i1::g.16554::m.16554	38.723	235	127	4	395	628	1	219	8.36e-47	167
Idiovort	CP@TRINITY_DN5781_c0_g2::CP@TRINITY_DN5781_c0_g2_i1::g.16554::m.16554	54.634	205	90	2	395	598	1	203	4.87e-70	232
Pharkirb	CP@TRINITY_DN5781_c0_g2::CP@TRINITY_DN5781_c0_g2_i1::g.16554::m.16554	40.376	213	123	2	373	582	1	212	1.29e-47	169
Eutrgymn	CP@TRINITY_DN5781_c0_g2::CP@TRINITY_DN5781_c0_g2_i1::g.16554::m.16554	57.988	169	71	0	389	557	1	169	1.14e-63	214
Euglgrac	CP@TRINITY_DN5781_c0_g2::CP@TRINITY_DN5781_c0_g2_i1::g.16554::m.16554	47.982	223	110	2	386	602	1	223	3.75e-63	213
Eugllong	CP@TRINITY_DN5781_c0_g2::CP@TRINITY_DN5781_c0_g2_i1::g.16554::m.16554	47.534	223	111	2	384	600	1	223	4.21e-62	209
Bodosalt	CP@TRINITY_DN5781_c0_g2::CP@TRINITY_DN5781_c0_g2_i1::g.16554::m.16554	42.623	183	99	2	379	556	1	182	2.57e-43	157
HeterBB2	CP@TRINITY_DN5781_c0_g2::CP@TRINITY_DN5781_c0_g2_i1::g.16554::m.16554	49.528	212	105	1	374	583	1	212	5.14e-65	218
Fabotrop	CP@TRINITY_DN5781_c0_g2::CP@TRINITY_DN5781_c0_g2_i1::g.16554::m.16554	49.289	211	100	2	378	586	1	206	3.32e-64	215
Ancysigm	CP@TRINITY_DN5781_c0_g2::CP@TRINITY_DN5781_c0_g2_i1::g.16554::m.16554	58.125	160	67	0	396	555	1	160	9.34e-59	196
Nutolong	CP@TRINITY_DN5781_c0_g2::CP@TRINITY_DN5781_c0_g2_i1::g.16554::m.16554	45.175	228	120	3	390	615	1	225	4.51e-59	202
Mantplas	CP@TRINITY_DN5781_c0_g2::CP@TRINITY_DN5781_c0_g2_i1::g.16554::m.16554	50.679	221	107	1	382	600	1	221	1.82e-69	230
Diphrota	CP@TRINITY_DN5781_c0_g2::CP@TRINITY_DN5781_c0_g2_i1::g.16554::m.16554	48.430	223	110	3	380	599	1	221	6.29e-63	212
Rigiramo	CP@TRINITY_DN5781_c0_g2::CP@TRINITY_DN5781_c0_g2_i1::g.16554::m.16554	51.707	205	91	4	378	576	1	203	1.97e-63	213
Echiexud	CP@TRINITY_DN5781_c0_g2::CP@TRINITY_DN5781_c0_g2_i1::g.16554::m.16554	50.446	224	100	5	405	622	1	219	6.03e-66	221
Vermverm	CP@TRINITY_DN5781_c0_g2::CP@TRINITY_DN5781_c0_g2_i1::g.16554::m.16554	45.740	223	115	4	376	595	1	220	5.56e-57	196
Rhizsaxo	CP@TRINITY_DN5781_c0_g2::CP@TRINITY_DN5781_c0_g2_i1::g.16554::m.16554	47.511	221	107	4	376	592	1	216	4.38e-60	204
Flabcita	CP@TRINITY_DN5781_c0_g2::CP@TRINITY_DN5781_c0_g2_i1::g.16554::m.16554	38.326	227	125	6	374	596	1	216	2.20e-44	160
NolaAFSM	CP@TRINITY_DN5781_c0_g2::CP@TRINITY_DN5781_c0_g2_i1::g.16554::m.16554	52.915	223	103	2	403	624	1	222	5.74e-71	234
Amoeprot	CP@TRINITY_DN5781_c0_g2::CP@TRINITY_DN5781_c0_g2_i1::g.16554::m.16554	44.595	222	113	3	393	611	1	215	1.14e-54	189
Coprprot	CP@TRINITY_DN5781_c0_g2::CP@TRINITY_DN5781_c0_g2_i1::g.16554::m.16554	45.887	231	120	3	391	616	1	231	5.80e-66	220
Arcevulg	CP@TRINITY_DN5781_c0_g2::CP@TRINITY_DN5781_c0_g2_i1::g.16554::m.16554	49.767	215	97	2	375	587	1	206	2.85e-65	218
Gefiokel	CP@TRINITY_DN5781_c0_g2::CP@TRINITY_DN5781_c0_g2_i1::g.16554::m.16554	44.344	221	117	3	223	439	1	219	4.87e-59	199
Masteilh	CP@TRINITY_DN5781_c0_g2::CP@TRINITY_DN5781_c0_g2_i1::g.16554::m.16554	50.228	219	106	2	406	622	1	218	1.71e-67	225
Rhizelon	CP@TRINITY_DN5781_c0_g2::CP@TRINITY_DN5781_c0_g2_i1::g.16554::m.16554	46.512	215	113	1	386	598	1	215	9.53e-62	204
Paralevi	CP@TRINITY_DN5781_c0_g2::CP@TRINITY_DN5781_c0_g2_i1::g.16554::m.16554	52.941	221	100	3	137	354	1	220	6.26e-76	242
Cuneruss	CP@TRINITY_DN5781_c0_g2::CP@TRINITY_DN5781_c0_g2_i1::g.16554::m.16554	46.875	224	114	3	403	623	1	222	7.52e-65	218
Sapppeda	CP@TRINITY_DN5781_c0_g2::CP@TRINITY_DN5781_c0_g2_i1::g.16554::m.16554	53.623	207	92	3	387	590	1	206	5.51e-64	215
Stensten	CP@TRINITY_DN5781_c0_g2::CP@TRINITY_DN5781_c0_g2_i1::g.16554::m.16554	55.981	209	90	1	381	587	1	209	2.27e-75	246
Endozona	CP@TRINITY_DN5781_c0_g2::CP@TRINITY_DN5781_c0_g2_i1::g.16554::m.16554	51.628	215	94	3	377	590	1	206	1.05e-63	214
Pellcata	CP@TRINITY_DN5781_c0_g2::CP@TRINITY_DN5781_c0_g2_i1::g.16554::m.16554	51.598	219	100	3	378	593	1	216	1.72e-65	219
Luaphula	CP@TRINITY_DN5781_c0_g2::CP@TRINITY_DN5781_c0_g2_i1::g.16554::m.16554	53.778	225	97	3	382	603	1	221	6.95e-73	239
Dracjorm	CP@TRINITY_DN5781_c0_g2::CP@TRINITY_DN5781_c0_g2_i1::g.16554::m.16554	50.000	234	109	2	385	616	1	228	2.23e-70	232
Cochminu	CP@TRINITY_DN5781_c0_g2::CP@TRINITY_DN5781_c0_g2_i1::g.16554::m.16554	60.784	153	60	0	378	530	1	153	2.45e-63	213
Phalsoli	CP@TRINITY_DN5781_c0_g2::CP@TRINITY_DN5781_c0_g2_i1::g.16554::m.16554	68.908	119	37	0	379	497	1	119	9.50e-54	181
Filanola	CP@TRINITY_DN5781_c0_g2::CP@TRINITY_DN5781_c0_g2_i1::g.16554::m.16554	53.304	227	101	3	382	603	1	227	3.90e-72	237
Soliirre	CP@TRINITY_DN5781_c0_g2::CP@TRINITY_DN5781_c0_g2_i1::g.16554::m.16554	52.703	222	101	2	387	604	1	222	4.48e-72	237
Cavoapop	CP@TRINITY_DN5781_c0_g2::CP@TRINITY_DN5781_c0_g2_i1::g.16554::m.16554	52.609	230	106	2	375	601	1	230	2.39e-74	243
Schivulg	CP@TRINITY_DN5781_c0_g2::CP@TRINITY_DN5781_c0_g2_i1::g.16554::m.16554	52.000	225	102	3	373	594	1	222	1.39e-74	243
Hetepall	CP@TRINITY_DN5781_c0_g2::CP@TRINITY_DN5781_c0_g2_i1::g.16554::m.16554	44.934	227	121	3	372	594	1	227	6.87e-60	203
Armalang	CP@TRINITY_DN5781_c0_g2::CP@TRINITY_DN5781_c0_g2_i1::g.16554::m.16554	49.138	232	115	3	387	618	1	229	6.41e-60	204
Sapochin	CP@TRINITY_DN5781_c0_g2::CP@TRINITY_DN5781_c0_g2_i1::g.16554::m.16554	50.476	210	99	3	397	605	1	206	4.87e-60	204
Minivibr	CP@TRINITY_DN5781_c0_g2::CP@TRINITY_DN5781_c0_g2_i1::g.16554::m.16554	50.000	210	100	2	385	593	1	206	1.05e-65	219
Salprose	CP@TRINITY_DN5781_c0_g2::CP@TRINITY_DN5781_c0_g2_i1::g.16554::m.16554	55.901	161	71	0	374	534	1	161	5.57e-61	205
Mnemleid	CP@TRINITY_DN5781_c0_g2::CP@TRINITY_DN5781_c0_g2_i1::g.16554::m.16554	55.844	231	99	2	379	607	1	230	1.38e-82	265
Mnemleid	CP@TRINITY_DN5781_c0_g1::CP@TRINITY_DN5781_c0_g1_i1::g.16553::m.16553	42.000	200	110	3	679	873	2	200	5.70e-49	172
Tricadha	CP@TRINITY_DN5781_c0_g2::CP@TRINITY_DN5781_c0_g2_i1::g.16554::m.16554	57.416	209	87	1	377	583	1	209	2.02e-80	259
Tricadha	CP@TRINITY_DN5781_c0_g1::CP@TRINITY_DN5781_c0_g1_i1::g.16553::m.16553	49.215	191	94	3	673	862	1	189	7.58e-54	186
Apismell	CP@TRINITY_DN5781_c0_g2::CP@TRINITY_DN5781_c0_g2_i1::g.16554::m.16554	66.359	217	63	4	397	607	1	213	1.99e-93	294
Apismell	CP@TRINITY_DN5781_c0_g1::CP@TRINITY_DN5781_c0_g1_i1::g.16553::m.16553	46.411	209	101	5	692	898	1	200	2.15e-52	182
Drosmela	CP@TRINITY_DN5781_c0_g2::CP@TRINITY_DN5781_c0_g2_i1::g.16554::m.16554	60.944	233	84	4	380	608	1	230	1.17e-88	281
Drosmela	CP@TRINITY_DN5781_c0_g1::CP@TRINITY_DN5781_c0_g1_i1::g.16553::m.16553	51.232	203	96	2	675	877	1	200	9.31e-59	199
Drosmela	CP@TRINITY_DN10246_c0_g1::CP@TRINITY_DN10246_c0_g1_i1::g.6433::m.6433	79.245	106	18	1	222	327	2	103	4.83e-49	168
Caeneleg	CP@TRINITY_DN5781_c0_g2::CP@TRINITY_DN5781_c0_g2_i1::g.16554::m.16554	53.913	230	105	1	386	614	1	230	2.14e-82	265
Schimans	CP@TRINITY_DN5781_c0_g2::CP@TRINITY_DN5781_c0_g2_i1::g.16554::m.16554	49.296	213	106	2	382	594	1	211	1.68e-63	214
Schimans	CP@TRINITY_DN5781_c0_g1::CP@TRINITY_DN5781_c0_g1_i1::g.16553::m.16553	45.070	213	100	6	699	907	1	200	2.95e-48	170
Taensoli	CP@TRINITY_DN5781_c0_g2::CP@TRINITY_DN5781_c0_g2_i1::g.16554::m.16554	49.099	222	108	3	376	594	1	220	1.09e-68	228
Aplycali	CP@TRINITY_DN5781_c0_g2::CP@TRINITY_DN5781_c0_g2_i1::g.16554::m.16554	65.550	209	70	1	370	576	1	209	1.09e-95	299
Aplycali	CP@TRINITY_DN5781_c0_g1::CP@TRINITY_DN5781_c0_g1_i1::g.16553::m.16553	64.039	203	70	3	669	870	1	201	3.43e-81	260
Aplycali	CP@TRINITY_DN10246_c0_g1::CP@TRINITY_DN10246_c0_g1_i1::g.6433::m.6433	76.471	102	24	0	217	318	3	104	2.03e-47	164
Amphquee	CP@TRINITY_DN5781_c0_g2::CP@TRINITY_DN5781_c0_g2_i1::g.16554::m.16554	58.222	225	92	1	378	600	1	225	5.02e-87	276
Amphquee	CP@TRINITY_DN5781_c0_g1::CP@TRINITY_DN5781_c0_g1_i1::g.16553::m.16553	49.751	201	99	2	677	876	1	200	3.49e-61	206
Gallgall	CP@TRINITY_DN5781_c0_g2::CP@TRINITY_DN5781_c0_g2_i1::g.16554::m.16554	61.572	229	86	1	376	602	1	229	5.77e-100	310
Gallgall	CP@TRINITY_DN5781_c0_g1::CP@TRINITY_DN5781_c0_g1_i1::g.16553::m.16553	54.950	202	88	3	670	870	1	200	1.53e-70	231
Gallgall	CP@TRINITY_DN10246_c0_g1::CP@TRINITY_DN10246_c0_g1_i1::g.6433::m.6433	68.932	103	32	0	222	324	2	104	8.27e-42	148
Amoepara	CP@TRINITY_DN5781_c0_g2::CP@TRINITY_DN5781_c0_g2_i1::g.16554::m.16554	52.423	227	101	3	377	596	1	227	1.31e-77	251
Amoepara	CP@TRINITY_DN5781_c0_g1::CP@TRINITY_DN5781_c0_g1_i1::g.16553::m.16553	49.268	205	100	3	680	883	1	202	9.57e-59	199
Pygsbifo	CP@TRINITY_DN5781_c0_g2::CP@TRINITY_DN5781_c0_g2_i1::g.16554::m.16554	48.372	215	108	2	375	586	1	215	1.55e-68	221
Spizpunc	CP@TRINITY_DN5781_c0_g2::CP@TRINITY_DN5781_c0_g2_i1::g.16554::m.16554	55.300	217	93	2	372	586	1	215	4.63e-72	237
Aspefumi	CP@TRINITY_DN5781_c0_g2::CP@TRINITY_DN5781_c0_g2_i1::g.16554::m.16554	49.345	229	111	3	393	620	1	225	1.65e-65	219
Neurcras	CP@TRINITY_DN5781_c0_g2::CP@TRINITY_DN5781_c0_g2_i1::g.16554::m.16554	47.598	229	115	3	393	620	1	225	4.38e-64	215
Schizpom	CP@TRINITY_DN5781_c0_g2::CP@TRINITY_DN5781_c0_g2_i1::g.16554::m.16554	48.837	215	105	3	396	607	1	213	1.05e-59	203
Debahans	CP@TRINITY_DN5781_c0_g2::CP@TRINITY_DN5781_c0_g2_i1::g.16554::m.16554	44.495	218	114	3	406	619	1	215	6.29e-55	190
Ustimayd	CP@TRINITY_DN5781_c0_g2::CP@TRINITY_DN5781_c0_g2_i1::g.16554::m.16554	48.624	218	110	1	417	632	1	218	8.27e-66	220
Coprcine	CP@TRINITY_DN5781_c0_g2::CP@TRINITY_DN5781_c0_g2_i1::g.16554::m.16554	49.333	225	105	3	412	634	1	218	9.11e-67	223
Rhizdele	CP@TRINITY_DN5781_c0_g2::CP@TRINITY_DN5781_c0_g2_i1::g.16554::m.16554	48.804	209	103	2	417	623	1	207	2.89e-66	221
Blasbrit	CP@TRINITY_DN5781_c0_g2::CP@TRINITY_DN5781_c0_g2_i1::g.16554::m.16554	53.110	209	91	4	461	664	1	207	4.92e-68	227
Allomacr	CP@TRINITY_DN5781_c0_g2::CP@TRINITY_DN5781_c0_g2_i1::g.16554::m.16554	54.450	191	85	1	449	637	1	191	8.27e-67	223
Aureanop	CP@TRINITY_DN5781_c0_g2::CP@TRINITY_DN5781_c0_g2_i1::g.16554::m.16554	60.000	155	62	0	426	580	1	155	4.02e-56	194
