Blasemer	CP@TRINITY_DN28287_c0_g1::CP@TRINITY_DN28287_c0_g1_i3::g.10316::m.10316	70.492	244	49	2	3	223	240	483	5.01e-126	365
Blasemer	CP@TRINITY_DN28287_c0_g1::CP@TRINITY_DN28287_c0_g1_i4::g.10321::m.10321	70.492	244	49	2	3	223	250	493	8.03e-126	365
Blasemer	CP@TRINITY_DN593_c0_g1::CP@TRINITY_DN593_c0_g1_i1::g.12871::m.12871	75.455	220	54	0	3	222	239	458	6.57e-124	359
Calltube	CP@TRINITY_DN28287_c0_g1::CP@TRINITY_DN28287_c0_g1_i3::g.10316::m.10316	48.763	283	120	3	10	268	38	319	3.40e-85	263
Calltube	CP@TRINITY_DN593_c0_g1::CP@TRINITY_DN593_c0_g1_i1::g.12871::m.12871	48.679	265	135	1	4	268	32	295	3.45e-85	262
Calltube	CP@TRINITY_DN28287_c0_g1::CP@TRINITY_DN28287_c0_g1_i4::g.10321::m.10321	48.763	283	120	3	10	268	48	329	4.62e-85	263
Symbmicr	CP@TRINITY_DN28287_c0_g1::CP@TRINITY_DN28287_c0_g1_i3::g.10316::m.10316	50.165	303	127	4	25	305	187	487	1.11e-106	320
Symbmicr	CP@TRINITY_DN28287_c0_g1::CP@TRINITY_DN28287_c0_g1_i4::g.10321::m.10321	50.165	303	127	4	25	305	197	497	1.16e-106	320
Symbmicr	CP@TRINITY_DN593_c0_g1::CP@TRINITY_DN593_c0_g1_i1::g.12871::m.12871	52.113	284	132	4	25	307	185	465	3.64e-104	312
AmoeALEX	CP@TRINITY_DN28287_c0_g1::CP@TRINITY_DN28287_c0_g1_i3::g.10316::m.10316	45.695	453	223	4	69	500	36	486	1.59e-152	444
AmoeALEX	CP@TRINITY_DN28287_c0_g1::CP@TRINITY_DN28287_c0_g1_i4::g.10321::m.10321	45.695	453	223	4	69	500	46	496	2.61e-152	444
AmoeALEX	CP@TRINITY_DN593_c0_g1::CP@TRINITY_DN593_c0_g1_i1::g.12871::m.12871	47.100	431	212	9	77	500	41	462	3.04e-140	412
HemaVICK	CP@TRINITY_DN28287_c0_g1::CP@TRINITY_DN28287_c0_g1_i3::g.10316::m.10316	48.571	455	207	5	15	444	36	488	1.57e-157	455
HemaVICK	CP@TRINITY_DN28287_c0_g1::CP@TRINITY_DN28287_c0_g1_i4::g.10321::m.10321	48.571	455	207	5	15	444	46	498	2.19e-157	455
HemaVICK	CP@TRINITY_DN593_c0_g1::CP@TRINITY_DN593_c0_g1_i1::g.12871::m.12871	49.327	446	213	8	4	444	27	464	1.38e-146	426
Vitrbras	CP@TRINITY_DN28287_c0_g1::CP@TRINITY_DN28287_c0_g1_i3::g.10316::m.10316	50.531	471	207	4	29	474	25	494	8.47e-167	480
Vitrbras	CP@TRINITY_DN28287_c0_g1::CP@TRINITY_DN28287_c0_g1_i4::g.10321::m.10321	50.531	471	207	4	29	474	35	504	1.25e-166	480
Vitrbras	CP@TRINITY_DN593_c0_g1::CP@TRINITY_DN593_c0_g1_i1::g.12871::m.12871	49.893	469	221	6	7	467	1	463	1.78e-164	473
Alphedax	CP@TRINITY_DN593_c0_g1::CP@TRINITY_DN593_c0_g1_i1::g.12871::m.12871	52.137	234	110	2	8	241	59	290	1.75e-82	254
Alphedax	CP@TRINITY_DN28287_c0_g1::CP@TRINITY_DN28287_c0_g1_i3::g.10316::m.10316	50.000	258	103	3	8	241	59	314	1.65e-80	249
Alphedax	CP@TRINITY_DN28287_c0_g1::CP@TRINITY_DN28287_c0_g1_i4::g.10321::m.10321	50.000	258	103	3	8	241	69	324	1.89e-80	249
Colpangu	CP@TRINITY_DN28287_c0_g1::CP@TRINITY_DN28287_c0_g1_i4::g.10321::m.10321	49.588	486	203	5	12	458	17	499	7.73e-165	474
Colpangu	CP@TRINITY_DN28287_c0_g1::CP@TRINITY_DN28287_c0_g1_i3::g.10316::m.10316	49.588	486	203	5	12	458	7	489	8.64e-165	474
Colpangu	CP@TRINITY_DN593_c0_g1::CP@TRINITY_DN593_c0_g1_i1::g.12871::m.12871	52.403	437	205	3	20	456	30	463	4.78e-164	471
Plasfalc	CP@TRINITY_DN28287_c0_g1::CP@TRINITY_DN28287_c0_g1_i3::g.10316::m.10316	39.440	464	251	4	115	555	36	492	3.53e-123	371
Plasfalc	CP@TRINITY_DN28287_c0_g1::CP@TRINITY_DN28287_c0_g1_i4::g.10321::m.10321	39.440	464	251	4	115	555	46	502	5.09e-123	371
Plasfalc	CP@TRINITY_DN593_c0_g1::CP@TRINITY_DN593_c0_g1_i1::g.12871::m.12871	41.514	436	245	6	117	551	38	464	1.16e-114	348
Retifilo	CP@TRINITY_DN28287_c0_g1::CP@TRINITY_DN28287_c0_g1_i3::g.10316::m.10316	51.078	464	190	7	29	462	36	492	5.22e-167	479
Retifilo	CP@TRINITY_DN28287_c0_g1::CP@TRINITY_DN28287_c0_g1_i4::g.10321::m.10321	51.078	464	190	7	29	462	46	502	1.12e-166	479
Retifilo	CP@TRINITY_DN593_c0_g1::CP@TRINITY_DN593_c0_g1_i1::g.12871::m.12871	51.786	448	201	7	21	461	28	467	3.68e-158	456
Sori0191	CP@TRINITY_DN593_c0_g1::CP@TRINITY_DN593_c0_g1_i1::g.12871::m.12871	54.048	420	181	7	1	419	58	466	7.79e-160	459
Sori0191	CP@TRINITY_DN28287_c0_g1::CP@TRINITY_DN28287_c0_g1_i3::g.10316::m.10316	51.606	436	181	5	5	418	62	489	3.84e-159	458
Sori0191	CP@TRINITY_DN28287_c0_g1::CP@TRINITY_DN28287_c0_g1_i4::g.10321::m.10321	51.606	436	181	5	5	418	72	499	6.24e-159	458
Ammo1384	CP@TRINITY_DN593_c0_g1::CP@TRINITY_DN593_c0_g1_i1::g.12871::m.12871	57.692	286	114	4	3	287	178	457	1.64e-113	336
Ammo1384	CP@TRINITY_DN28287_c0_g1::CP@TRINITY_DN28287_c0_g1_i3::g.10316::m.10316	52.716	313	125	4	1	293	178	487	3.23e-113	336
Ammo1384	CP@TRINITY_DN28287_c0_g1::CP@TRINITY_DN28287_c0_g1_i4::g.10321::m.10321	52.716	313	125	4	1	293	188	497	3.74e-113	336
Platmacr	CP@TRINITY_DN28287_c0_g1::CP@TRINITY_DN28287_c0_g1_i4::g.10321::m.10321	49.237	459	209	2	17	451	41	499	5.42e-168	482
Platmacr	CP@TRINITY_DN28287_c0_g1::CP@TRINITY_DN28287_c0_g1_i3::g.10316::m.10316	49.237	459	209	2	17	451	31	489	5.54e-168	482
Platmacr	CP@TRINITY_DN593_c0_g1::CP@TRINITY_DN593_c0_g1_i1::g.12871::m.12871	51.678	447	213	3	4	448	17	462	8.59e-166	475
Tetrther	CP@TRINITY_DN28287_c0_g1::CP@TRINITY_DN28287_c0_g1_i3::g.10316::m.10316	43.966	464	230	4	25	466	38	493	2.69e-138	407
Tetrther	CP@TRINITY_DN28287_c0_g1::CP@TRINITY_DN28287_c0_g1_i4::g.10321::m.10321	43.966	464	230	4	25	466	48	503	3.95e-138	407
Tetrther	CP@TRINITY_DN593_c0_g1::CP@TRINITY_DN593_c0_g1_i1::g.12871::m.12871	42.735	468	243	6	8	461	8	464	1.56e-133	394
Ichtmult	CP@TRINITY_DN28287_c0_g1::CP@TRINITY_DN28287_c0_g1_i3::g.10316::m.10316	40.435	460	244	4	17	454	38	489	1.72e-125	374
Ichtmult	CP@TRINITY_DN28287_c0_g1::CP@TRINITY_DN28287_c0_g1_i4::g.10321::m.10321	40.435	460	244	4	17	454	48	499	2.25e-125	374
Ichtmult	CP@TRINITY_DN593_c0_g1::CP@TRINITY_DN593_c0_g1_i1::g.12871::m.12871	40.858	443	252	4	11	453	32	464	5.54e-123	366
Paratetr	CP@TRINITY_DN28287_c0_g1::CP@TRINITY_DN28287_c0_g1_i3::g.10316::m.10316	48.408	471	215	4	6	449	20	489	1.06e-161	466
Paratetr	CP@TRINITY_DN28287_c0_g1::CP@TRINITY_DN28287_c0_g1_i4::g.10321::m.10321	48.203	473	217	4	6	451	30	501	1.14e-161	466
Paratetr	CP@TRINITY_DN593_c0_g1::CP@TRINITY_DN593_c0_g1_i1::g.12871::m.12871	49.052	422	209	4	24	441	38	457	2.14e-150	436
Styllemn	CP@TRINITY_DN593_c0_g1::CP@TRINITY_DN593_c0_g1_i1::g.12871::m.12871	49.024	461	223	2	2	462	17	465	1.52e-158	457
Styllemn	CP@TRINITY_DN28287_c0_g1::CP@TRINITY_DN28287_c0_g1_i3::g.10316::m.10316	45.228	482	224	5	5	458	16	485	1.59e-148	432
Styllemn	CP@TRINITY_DN28287_c0_g1::CP@TRINITY_DN28287_c0_g1_i4::g.10321::m.10321	45.228	482	224	5	5	458	26	495	2.35e-148	432
Stroincl	CP@TRINITY_DN28287_c0_g1::CP@TRINITY_DN28287_c0_g1_i3::g.10316::m.10316	47.425	466	216	6	3	441	25	488	3.88e-149	433
Stroincl	CP@TRINITY_DN28287_c0_g1::CP@TRINITY_DN28287_c0_g1_i4::g.10321::m.10321	47.097	465	214	6	8	441	35	498	4.33e-149	434
Stroincl	CP@TRINITY_DN593_c0_g1::CP@TRINITY_DN593_c0_g1_i1::g.12871::m.12871	48.611	432	216	4	14	441	35	464	6.97e-149	432
Protadhe	CP@TRINITY_DN28287_c0_g1::CP@TRINITY_DN28287_c0_g1_i3::g.10316::m.10316	52.311	476	198	5	1	449	14	487	8.45e-177	504
Protadhe	CP@TRINITY_DN28287_c0_g1::CP@TRINITY_DN28287_c0_g1_i4::g.10321::m.10321	52.311	476	198	5	1	449	24	497	8.86e-177	504
Protadhe	CP@TRINITY_DN593_c0_g1::CP@TRINITY_DN593_c0_g1_i1::g.12871::m.12871	55.000	440	195	3	13	451	28	465	2.42e-171	489
Charbrau	CP@TRINITY_DN593_c0_g1::CP@TRINITY_DN593_c0_g1_i1::g.12871::m.12871	54.141	495	190	6	1	492	1	461	0.0	529
Charbrau	CP@TRINITY_DN28287_c0_g1::CP@TRINITY_DN28287_c0_g1_i3::g.10316::m.10316	51.745	487	193	5	30	492	17	485	1.07e-179	513
Charbrau	CP@TRINITY_DN28287_c0_g1::CP@TRINITY_DN28287_c0_g1_i4::g.10321::m.10321	51.745	487	193	5	30	492	27	495	1.38e-179	514
Arabthal	CP@TRINITY_DN593_c0_g1::CP@TRINITY_DN593_c0_g1_i1::g.12871::m.12871	58.134	461	185	5	1	457	1	457	0.0	560
Arabthal	CP@TRINITY_DN28287_c0_g1::CP@TRINITY_DN28287_c0_g1_i4::g.10321::m.10321	54.262	481	193	5	13	468	24	502	0.0	537
Arabthal	CP@TRINITY_DN28287_c0_g1::CP@TRINITY_DN28287_c0_g1_i3::g.10316::m.10316	54.507	477	190	5	13	464	14	488	0.0	537
Tetrasti	CP@TRINITY_DN593_c0_g1::CP@TRINITY_DN593_c0_g1_i1::g.12871::m.12871	59.052	464	187	3	37	499	2	463	0.0	561
Tetrasti	CP@TRINITY_DN28287_c0_g1::CP@TRINITY_DN28287_c0_g1_i4::g.10321::m.10321	57.021	470	176	3	58	501	30	499	0.0	557
Tetrasti	CP@TRINITY_DN28287_c0_g1::CP@TRINITY_DN28287_c0_g1_i3::g.10316::m.10316	57.021	470	176	3	58	501	20	489	0.0	556
Chlovari	CP@TRINITY_DN593_c0_g1::CP@TRINITY_DN593_c0_g1_i1::g.12871::m.12871	57.079	445	175	2	36	480	35	463	0.0	523
Chlovari	CP@TRINITY_DN28287_c0_g1::CP@TRINITY_DN28287_c0_g1_i3::g.10316::m.10316	50.909	495	195	9	16	480	11	487	1.86e-173	497
Chlovari	CP@TRINITY_DN28287_c0_g1::CP@TRINITY_DN28287_c0_g1_i4::g.10321::m.10321	50.909	495	195	9	16	480	21	497	3.01e-173	497
Chlarein	CP@TRINITY_DN28287_c0_g1::CP@TRINITY_DN28287_c0_g1_i4::g.10321::m.10321	54.661	472	190	2	20	467	31	502	0.0	551
Chlarein	CP@TRINITY_DN28287_c0_g1::CP@TRINITY_DN28287_c0_g1_i3::g.10316::m.10316	54.661	472	190	2	20	467	21	492	0.0	550
Chlarein	CP@TRINITY_DN593_c0_g1::CP@TRINITY_DN593_c0_g1_i1::g.12871::m.12871	58.351	461	182	5	6	464	13	465	0.0	544
Dunasali	CP@TRINITY_DN593_c0_g1::CP@TRINITY_DN593_c0_g1_i1::g.12871::m.12871	56.427	459	180	6	24	463	9	466	0.0	518
Dunasali	CP@TRINITY_DN28287_c0_g1::CP@TRINITY_DN28287_c0_g1_i4::g.10321::m.10321	54.043	470	184	4	25	462	30	499	3.46e-180	514
Dunasali	CP@TRINITY_DN28287_c0_g1::CP@TRINITY_DN28287_c0_g1_i3::g.10316::m.10316	54.043	470	184	4	25	462	20	489	3.56e-180	513
Prassing	CP@TRINITY_DN593_c0_g1::CP@TRINITY_DN593_c0_g1_i1::g.12871::m.12871	57.143	448	189	3	50	497	22	466	0.0	518
Prassing	CP@TRINITY_DN28287_c0_g1::CP@TRINITY_DN28287_c0_g1_i3::g.10316::m.10316	53.626	455	180	6	66	494	38	487	1.20e-169	488
Prassing	CP@TRINITY_DN28287_c0_g1::CP@TRINITY_DN28287_c0_g1_i4::g.10321::m.10321	53.626	455	180	6	66	494	48	497	2.66e-169	487
Prascaps	CP@TRINITY_DN593_c0_g1::CP@TRINITY_DN593_c0_g1_i1::g.12871::m.12871	61.690	355	135	1	2	355	109	463	9.47e-165	468
Prascaps	CP@TRINITY_DN28287_c0_g1::CP@TRINITY_DN28287_c0_g1_i3::g.10316::m.10316	55.381	381	146	3	2	358	110	490	4.83e-159	455
Prascaps	CP@TRINITY_DN28287_c0_g1::CP@TRINITY_DN28287_c0_g1_i4::g.10321::m.10321	55.381	381	146	3	2	358	120	500	8.02e-159	455
Mesoviri	CP@TRINITY_DN28287_c0_g1::CP@TRINITY_DN28287_c0_g1_i3::g.10316::m.10316	55.385	455	177	4	47	476	32	485	2.08e-180	514
Mesoviri	CP@TRINITY_DN28287_c0_g1::CP@TRINITY_DN28287_c0_g1_i4::g.10321::m.10321	55.385	455	177	4	47	476	42	495	3.73e-180	514
Mesoviri	CP@TRINITY_DN593_c0_g1::CP@TRINITY_DN593_c0_g1_i1::g.12871::m.12871	58.353	425	175	2	49	472	34	457	1.54e-179	511
Nephpyri	CP@TRINITY_DN593_c0_g1::CP@TRINITY_DN593_c0_g1_i1::g.12871::m.12871	61.937	444	167	2	34	476	23	465	0.0	580
Nephpyri	CP@TRINITY_DN28287_c0_g1::CP@TRINITY_DN28287_c0_g1_i4::g.10321::m.10321	58.222	450	164	2	49	474	48	497	0.0	563
Nephpyri	CP@TRINITY_DN28287_c0_g1::CP@TRINITY_DN28287_c0_g1_i3::g.10316::m.10316	58.222	450	164	2	49	474	38	487	0.0	562
Bigenata	CP@TRINITY_DN593_c0_g1::CP@TRINITY_DN593_c0_g1_i1::g.12871::m.12871	64.750	400	137	4	14	412	67	463	0.0	539
Bigenata	CP@TRINITY_DN28287_c0_g1::CP@TRINITY_DN28287_c0_g1_i3::g.10316::m.10316	59.070	430	150	5	9	414	62	489	0.0	526
Bigenata	CP@TRINITY_DN28287_c0_g1::CP@TRINITY_DN28287_c0_g1_i4::g.10321::m.10321	58.837	430	151	4	9	414	72	499	0.0	525
Porppurp	CP@TRINITY_DN28287_c0_g1::CP@TRINITY_DN28287_c0_g1_i4::g.10321::m.10321	53.131	495	191	5	8	478	23	500	0.0	531
Porppurp	CP@TRINITY_DN28287_c0_g1::CP@TRINITY_DN28287_c0_g1_i3::g.10316::m.10316	53.131	495	191	5	8	478	13	490	0.0	531
Porppurp	CP@TRINITY_DN593_c0_g1::CP@TRINITY_DN593_c0_g1_i1::g.12871::m.12871	57.143	434	184	2	42	475	32	463	0.0	519
Gracchor	CP@TRINITY_DN28287_c0_g1::CP@TRINITY_DN28287_c0_g1_i4::g.10321::m.10321	54.527	486	192	6	5	466	25	505	0.0	530
Gracchor	CP@TRINITY_DN28287_c0_g1::CP@TRINITY_DN28287_c0_g1_i3::g.10316::m.10316	54.527	486	192	6	5	466	15	495	0.0	530
Gracchor	CP@TRINITY_DN593_c0_g1::CP@TRINITY_DN593_c0_g1_i1::g.12871::m.12871	57.859	439	183	2	20	458	27	463	0.0	524
Galdphle	CP@TRINITY_DN28287_c0_g1::CP@TRINITY_DN28287_c0_g1_i3::g.10316::m.10316	54.013	461	187	3	35	471	30	489	0.0	519
Galdphle	CP@TRINITY_DN28287_c0_g1::CP@TRINITY_DN28287_c0_g1_i4::g.10321::m.10321	54.013	461	187	3	35	471	40	499	0.0	518
Galdphle	CP@TRINITY_DN593_c0_g1::CP@TRINITY_DN593_c0_g1_i1::g.12871::m.12871	57.834	434	180	3	37	469	32	463	0.0	517
Rainerin	CP@TRINITY_DN593_c0_g1::CP@TRINITY_DN593_c0_g1_i1::g.12871::m.12871	56.713	432	180	5	24	455	38	462	1.22e-172	493
Rainerin	CP@TRINITY_DN28287_c0_g1::CP@TRINITY_DN28287_c0_g1_i3::g.10316::m.10316	50.947	475	204	6	7	458	21	489	9.29e-172	492
Rainerin	CP@TRINITY_DN28287_c0_g1::CP@TRINITY_DN28287_c0_g1_i4::g.10321::m.10321	50.947	475	204	6	7	458	31	499	1.36e-171	492
AcanthFB	CP@TRINITY_DN28287_c0_g1::CP@TRINITY_DN28287_c0_g1_i3::g.10316::m.10316	63.902	205	73	1	14	218	279	482	7.36e-95	286
AcanthFB	CP@TRINITY_DN593_c0_g1::CP@TRINITY_DN593_c0_g1_i1::g.12871::m.12871	62.963	216	79	1	10	225	251	465	8.41e-95	285
AcanthFB	CP@TRINITY_DN28287_c0_g1::CP@TRINITY_DN28287_c0_g1_i4::g.10321::m.10321	63.902	205	73	1	14	218	289	492	1.05e-94	286
Raphhete	CP@TRINITY_DN28287_c0_g1::CP@TRINITY_DN28287_c0_g1_i4::g.10321::m.10321	51.815	496	209	7	8	482	16	502	0.0	516
Raphhete	CP@TRINITY_DN28287_c0_g1::CP@TRINITY_DN28287_c0_g1_i3::g.10316::m.10316	51.815	496	209	7	8	482	6	492	0.0	516
Raphhete	CP@TRINITY_DN593_c0_g1::CP@TRINITY_DN593_c0_g1_i1::g.12871::m.12871	55.245	429	185	5	44	472	37	458	1.76e-167	481
Creofrag	CP@TRINITY_DN593_c0_g1::CP@TRINITY_DN593_c0_g1_i1::g.12871::m.12871	68.287	432	132	2	47	478	42	468	0.0	615
Creofrag	CP@TRINITY_DN28287_c0_g1::CP@TRINITY_DN28287_c0_g1_i4::g.10321::m.10321	55.511	499	190	7	1	474	7	498	0.0	556
Creofrag	CP@TRINITY_DN28287_c0_g1::CP@TRINITY_DN28287_c0_g1_i3::g.10316::m.10316	55.852	487	185	6	13	474	7	488	0.0	553
Sphadest	CP@TRINITY_DN593_c0_g1::CP@TRINITY_DN593_c0_g1_i1::g.12871::m.12871	69.425	435	130	3	34	467	33	465	0.0	641
Sphadest	CP@TRINITY_DN28287_c0_g1::CP@TRINITY_DN28287_c0_g1_i3::g.10316::m.10316	56.989	465	175	4	26	466	25	488	0.0	565
Sphadest	CP@TRINITY_DN28287_c0_g1::CP@TRINITY_DN28287_c0_g1_i4::g.10321::m.10321	56.989	465	175	4	26	466	35	498	0.0	564
Syssmult	CP@TRINITY_DN593_c0_g1::CP@TRINITY_DN593_c0_g1_i1::g.12871::m.12871	65.948	464	148	5	6	462	5	465	0.0	624
Syssmult	CP@TRINITY_DN28287_c0_g1::CP@TRINITY_DN28287_c0_g1_i4::g.10321::m.10321	54.603	478	190	4	9	461	23	498	0.0	545
Syssmult	CP@TRINITY_DN28287_c0_g1::CP@TRINITY_DN28287_c0_g1_i3::g.10316::m.10316	54.603	478	190	4	9	461	13	488	0.0	545
Capsowcz	CP@TRINITY_DN593_c0_g1::CP@TRINITY_DN593_c0_g1_i1::g.12871::m.12871	70.000	450	131	4	9	457	19	465	0.0	652
Capsowcz	CP@TRINITY_DN28287_c0_g1::CP@TRINITY_DN28287_c0_g1_i4::g.10321::m.10321	60.619	452	153	4	29	456	48	498	0.0	584
Capsowcz	CP@TRINITY_DN28287_c0_g1::CP@TRINITY_DN28287_c0_g1_i3::g.10316::m.10316	60.619	452	153	4	29	456	38	488	0.0	583
Coralima	CP@TRINITY_DN593_c0_g1::CP@TRINITY_DN593_c0_g1_i1::g.12871::m.12871	71.330	436	119	4	35	468	36	467	0.0	646
Coralima	CP@TRINITY_DN28287_c0_g1::CP@TRINITY_DN28287_c0_g1_i4::g.10321::m.10321	57.732	485	177	6	10	469	21	502	0.0	570
Coralima	CP@TRINITY_DN28287_c0_g1::CP@TRINITY_DN28287_c0_g1_i3::g.10316::m.10316	57.732	485	177	6	10	469	11	492	0.0	570
Nemavect	CP@TRINITY_DN593_c0_g1::CP@TRINITY_DN593_c0_g1_i1::g.12871::m.12871	70.534	431	125	2	2	431	38	467	0.0	650
Nemavect	CP@TRINITY_DN28287_c0_g1::CP@TRINITY_DN28287_c0_g1_i4::g.10321::m.10321	61.319	455	152	2	1	431	47	501	0.0	602
Nemavect	CP@TRINITY_DN28287_c0_g1::CP@TRINITY_DN28287_c0_g1_i3::g.10316::m.10316	61.319	455	152	2	1	431	37	491	0.0	601
Homosapi	CP@TRINITY_DN593_c0_g1::CP@TRINITY_DN593_c0_g1_i1::g.12871::m.12871	69.742	466	135	3	1	461	1	465	0.0	678
Homosapi	CP@TRINITY_DN28287_c0_g1::CP@TRINITY_DN28287_c0_g1_i4::g.10321::m.10321	59.355	465	164	4	26	466	41	504	0.0	599
Homosapi	CP@TRINITY_DN28287_c0_g1::CP@TRINITY_DN28287_c0_g1_i3::g.10316::m.10316	59.355	465	164	4	26	466	31	494	0.0	598
Pigoviet	CP@TRINITY_DN593_c0_g1::CP@TRINITY_DN593_c0_g1_i1::g.12871::m.12871	68.071	451	137	4	10	459	23	467	0.0	654
Pigoviet	CP@TRINITY_DN28287_c0_g1::CP@TRINITY_DN28287_c0_g1_i3::g.10316::m.10316	57.505	473	176	3	11	459	20	491	0.0	585
Pigoviet	CP@TRINITY_DN28287_c0_g1::CP@TRINITY_DN28287_c0_g1_i4::g.10321::m.10321	57.505	473	176	3	11	459	30	501	0.0	584
Parvatla	CP@TRINITY_DN593_c0_g1::CP@TRINITY_DN593_c0_g1_i1::g.12871::m.12871	65.138	436	147	3	61	492	32	466	0.0	614
Parvatla	CP@TRINITY_DN28287_c0_g1::CP@TRINITY_DN28287_c0_g1_i4::g.10321::m.10321	57.322	478	175	5	42	492	25	500	0.0	579
Parvatla	CP@TRINITY_DN28287_c0_g1::CP@TRINITY_DN28287_c0_g1_i3::g.10316::m.10316	57.322	478	175	5	42	492	15	490	0.0	579
Rozeallo	CP@TRINITY_DN28287_c0_g1::CP@TRINITY_DN28287_c0_g1_i3::g.10316::m.10316	62.869	474	152	2	3	452	16	489	0.0	638
Rozeallo	CP@TRINITY_DN28287_c0_g1::CP@TRINITY_DN28287_c0_g1_i4::g.10321::m.10321	62.869	474	152	2	3	452	26	499	0.0	637
Rozeallo	CP@TRINITY_DN593_c0_g1::CP@TRINITY_DN593_c0_g1_i1::g.12871::m.12871	63.529	425	153	2	25	448	38	461	0.0	583
Parasacc	CP@TRINITY_DN28287_c0_g1::CP@TRINITY_DN28287_c0_g1_i4::g.10321::m.10321	54.545	451	148	7	1	398	52	498	2.00e-172	491
Parasacc	CP@TRINITY_DN28287_c0_g1::CP@TRINITY_DN28287_c0_g1_i3::g.10316::m.10316	54.545	451	148	7	1	398	42	488	3.48e-172	490
Parasacc	CP@TRINITY_DN593_c0_g1::CP@TRINITY_DN593_c0_g1_i1::g.12871::m.12871	54.884	430	161	5	1	401	42	467	2.44e-168	479
Mitodaph	CP@TRINITY_DN28287_c0_g1::CP@TRINITY_DN28287_c0_g1_i4::g.10321::m.10321	56.304	460	172	4	31	467	48	501	0.0	528
Mitodaph	CP@TRINITY_DN28287_c0_g1::CP@TRINITY_DN28287_c0_g1_i3::g.10316::m.10316	56.304	460	172	4	31	467	38	491	0.0	528
Mitodaph	CP@TRINITY_DN593_c0_g1::CP@TRINITY_DN593_c0_g1_i1::g.12871::m.12871	53.305	469	198	8	1	464	12	464	4.53e-177	504
Batrdend	CP@TRINITY_DN28287_c0_g1::CP@TRINITY_DN28287_c0_g1_i4::g.10321::m.10321	64.271	487	148	4	5	465	13	499	0.0	673
Batrdend	CP@TRINITY_DN28287_c0_g1::CP@TRINITY_DN28287_c0_g1_i3::g.10316::m.10316	64.271	487	148	4	5	465	3	489	0.0	672
Batrdend	CP@TRINITY_DN593_c0_g1::CP@TRINITY_DN593_c0_g1_i1::g.12871::m.12871	64.114	457	151	3	9	464	20	464	0.0	603
Sacccere	CP@TRINITY_DN28287_c0_g1::CP@TRINITY_DN28287_c0_g1_i4::g.10321::m.10321	55.745	470	178	4	7	452	35	498	0.0	546
Sacccere	CP@TRINITY_DN28287_c0_g1::CP@TRINITY_DN28287_c0_g1_i3::g.10316::m.10316	55.745	470	178	4	7	452	25	488	0.0	546
Sacccere	CP@TRINITY_DN593_c0_g1::CP@TRINITY_DN593_c0_g1_i1::g.12871::m.12871	58.581	437	179	2	18	453	30	465	0.0	541
Thectrah	CP@TRINITY_DN593_c0_g1::CP@TRINITY_DN593_c0_g1_i1::g.12871::m.12871	58.916	443	177	4	13	453	24	463	0.0	538
Thectrah	CP@TRINITY_DN28287_c0_g1::CP@TRINITY_DN28287_c0_g1_i4::g.10321::m.10321	55.462	476	183	5	6	453	23	497	0.0	533
Thectrah	CP@TRINITY_DN28287_c0_g1::CP@TRINITY_DN28287_c0_g1_i3::g.10316::m.10316	55.462	476	183	5	6	453	13	487	0.0	533
Aurisoli	CP@TRINITY_DN28287_c0_g1::CP@TRINITY_DN28287_c0_g1_i3::g.10316::m.10316	53.648	466	191	3	37	478	31	495	0.0	535
Aurisoli	CP@TRINITY_DN28287_c0_g1::CP@TRINITY_DN28287_c0_g1_i4::g.10321::m.10321	53.648	466	191	3	37	478	41	505	0.0	534
Aurisoli	CP@TRINITY_DN593_c0_g1::CP@TRINITY_DN593_c0_g1_i1::g.12871::m.12871	56.561	442	184	5	26	465	23	458	2.07e-179	511
Naeggrub	CP@TRINITY_DN28287_c0_g1::CP@TRINITY_DN28287_c0_g1_i4::g.10321::m.10321	55.677	458	176	6	25	458	48	502	0.0	528
Naeggrub	CP@TRINITY_DN28287_c0_g1::CP@TRINITY_DN28287_c0_g1_i3::g.10316::m.10316	55.677	458	176	6	25	458	38	492	0.0	528
Naeggrub	CP@TRINITY_DN593_c0_g1::CP@TRINITY_DN593_c0_g1_i1::g.12871::m.12871	57.395	453	186	6	6	455	17	465	0.0	526
Leismajo	CP@TRINITY_DN593_c0_g1::CP@TRINITY_DN593_c0_g1_i1::g.12871::m.12871	55.481	447	183	8	18	463	32	463	4.63e-172	491
Leismajo	CP@TRINITY_DN28287_c0_g1::CP@TRINITY_DN28287_c0_g1_i4::g.10321::m.10321	51.004	498	194	13	3	468	23	502	8.73e-167	479
Leismajo	CP@TRINITY_DN28287_c0_g1::CP@TRINITY_DN28287_c0_g1_i3::g.10316::m.10316	51.004	498	194	13	3	468	13	492	9.54e-167	479
Leptpyrr	CP@TRINITY_DN593_c0_g1::CP@TRINITY_DN593_c0_g1_i1::g.12871::m.12871	52.915	446	196	6	18	463	32	463	8.47e-165	473
Leptpyrr	CP@TRINITY_DN28287_c0_g1::CP@TRINITY_DN28287_c0_g1_i3::g.10316::m.10316	49.388	490	209	9	1	465	14	489	3.57e-164	473
Leptpyrr	CP@TRINITY_DN28287_c0_g1::CP@TRINITY_DN28287_c0_g1_i4::g.10321::m.10321	49.388	490	209	9	1	465	24	499	4.06e-164	473
Trypbruc	CP@TRINITY_DN593_c0_g1::CP@TRINITY_DN593_c0_g1_i1::g.12871::m.12871	50.797	439	202	7	39	477	37	461	9.79e-148	430
Trypbruc	CP@TRINITY_DN28287_c0_g1::CP@TRINITY_DN28287_c0_g1_i3::g.10316::m.10316	46.122	490	220	11	13	477	15	485	5.22e-141	414
Trypbruc	CP@TRINITY_DN28287_c0_g1::CP@TRINITY_DN28287_c0_g1_i4::g.10321::m.10321	46.122	490	220	11	13	477	25	495	7.29e-141	414
Paraconf	CP@TRINITY_DN28287_c0_g1::CP@TRINITY_DN28287_c0_g1_i3::g.10316::m.10316	52.567	487	190	10	5	466	20	490	5.02e-173	495
Paraconf	CP@TRINITY_DN28287_c0_g1::CP@TRINITY_DN28287_c0_g1_i4::g.10321::m.10321	52.567	487	190	10	5	466	30	500	8.48e-173	495
Paraconf	CP@TRINITY_DN593_c0_g1::CP@TRINITY_DN593_c0_g1_i1::g.12871::m.12871	51.957	460	204	7	4	463	21	463	1.53e-168	483
MAST003A	CP@TRINITY_DN28287_c0_g1::CP@TRINITY_DN28287_c0_g1_i4::g.10321::m.10321	49.395	413	136	5	1	343	93	502	7.37e-129	378
MAST003A	CP@TRINITY_DN28287_c0_g1::CP@TRINITY_DN28287_c0_g1_i3::g.10316::m.10316	49.395	413	136	5	1	343	83	492	8.15e-129	377
MAST003A	CP@TRINITY_DN593_c0_g1::CP@TRINITY_DN593_c0_g1_i1::g.12871::m.12871	50.266	376	143	3	1	332	82	457	2.02e-124	365
MAST004C	CP@TRINITY_DN593_c0_g1::CP@TRINITY_DN593_c0_g1_i1::g.12871::m.12871	54.569	383	151	3	1	362	82	462	2.44e-151	435
MAST004C	CP@TRINITY_DN28287_c0_g1::CP@TRINITY_DN28287_c0_g1_i3::g.10316::m.10316	53.563	407	139	5	1	361	83	485	3.46e-151	436
MAST004C	CP@TRINITY_DN28287_c0_g1::CP@TRINITY_DN28287_c0_g1_i4::g.10321::m.10321	53.563	407	139	5	1	361	93	495	5.07e-151	436
MAST04A1	CP@TRINITY_DN28287_c0_g1::CP@TRINITY_DN28287_c0_g1_i3::g.10316::m.10316	44.828	406	121	6	1	306	83	485	9.36e-112	333
MAST04A1	CP@TRINITY_DN28287_c0_g1::CP@TRINITY_DN28287_c0_g1_i4::g.10321::m.10321	44.828	406	121	6	1	306	93	495	1.03e-111	333
MAST04A1	CP@TRINITY_DN593_c0_g1::CP@TRINITY_DN593_c0_g1_i1::g.12871::m.12871	45.407	381	134	5	1	307	82	462	6.74e-109	324
MAST04A2	CP@TRINITY_DN28287_c0_g1::CP@TRINITY_DN28287_c0_g1_i4::g.10321::m.10321	53.731	469	188	4	37	480	31	495	3.07e-180	514
MAST04A2	CP@TRINITY_DN28287_c0_g1::CP@TRINITY_DN28287_c0_g1_i3::g.10316::m.10316	53.731	469	188	4	37	480	21	485	3.44e-180	514
MAST04A2	CP@TRINITY_DN593_c0_g1::CP@TRINITY_DN593_c0_g1_i1::g.12871::m.12871	54.503	433	190	4	45	476	31	457	1.78e-169	486
MAST004E	CP@TRINITY_DN28287_c0_g1::CP@TRINITY_DN28287_c0_g1_i3::g.10316::m.10316	50.415	482	179	4	6	428	13	493	1.17e-166	477
MAST004E	CP@TRINITY_DN28287_c0_g1::CP@TRINITY_DN28287_c0_g1_i4::g.10321::m.10321	50.415	482	179	4	6	428	23	503	1.25e-166	478
MAST004E	CP@TRINITY_DN593_c0_g1::CP@TRINITY_DN593_c0_g1_i1::g.12871::m.12871	51.002	449	180	5	5	416	12	457	2.23e-156	450
TeloneP1	CP@TRINITY_DN28287_c0_g1::CP@TRINITY_DN28287_c0_g1_i3::g.10316::m.10316	53.374	163	70	2	14	176	19	175	3.29e-51	172
TeloneP1	CP@TRINITY_DN28287_c0_g1::CP@TRINITY_DN28287_c0_g1_i4::g.10321::m.10321	53.374	163	70	2	14	176	29	185	4.14e-51	172
EctocSP7	CP@TRINITY_DN28287_c0_g1::CP@TRINITY_DN28287_c0_g1_i3::g.10316::m.10316	51.087	184	86	3	13	194	24	205	1.08e-58	191
EctocSP7	CP@TRINITY_DN28287_c0_g1::CP@TRINITY_DN28287_c0_g1_i4::g.10321::m.10321	51.087	184	86	3	13	194	34	215	1.11e-58	191
EctocSP7	CP@TRINITY_DN593_c0_g1::CP@TRINITY_DN593_c0_g1_i1::g.12871::m.12871	50.307	163	80	1	25	187	34	195	1.47e-51	172
ChrysoH1	CP@TRINITY_DN28287_c0_g1::CP@TRINITY_DN28287_c0_g1_i3::g.10316::m.10316	55.474	411	147	4	1	378	83	490	7.24e-161	461
ChrysoH1	CP@TRINITY_DN28287_c0_g1::CP@TRINITY_DN28287_c0_g1_i4::g.10321::m.10321	55.474	411	147	4	1	378	93	500	1.02e-160	461
ChrysoH1	CP@TRINITY_DN593_c0_g1::CP@TRINITY_DN593_c0_g1_i1::g.12871::m.12871	55.236	382	158	2	4	375	85	463	1.70e-157	451
Thalpseu	CP@TRINITY_DN28287_c0_g1::CP@TRINITY_DN28287_c0_g1_i3::g.10316::m.10316	50.816	490	204	6	5	470	16	492	1.40e-173	497
Thalpseu	CP@TRINITY_DN28287_c0_g1::CP@TRINITY_DN28287_c0_g1_i4::g.10321::m.10321	50.816	490	204	6	5	470	26	502	1.88e-173	497
Thalpseu	CP@TRINITY_DN593_c0_g1::CP@TRINITY_DN593_c0_g1_i1::g.12871::m.12871	52.119	472	212	6	1	466	1	464	5.20e-170	486
Calclept	CP@TRINITY_DN28287_c0_g1::CP@TRINITY_DN28287_c0_g1_i3::g.10316::m.10316	52.439	492	202	5	6	471	4	489	2.30e-180	514
Calclept	CP@TRINITY_DN28287_c0_g1::CP@TRINITY_DN28287_c0_g1_i4::g.10321::m.10321	52.439	492	202	5	6	471	14	499	3.47e-180	514
Calclept	CP@TRINITY_DN593_c0_g1::CP@TRINITY_DN593_c0_g1_i1::g.12871::m.12871	55.730	445	192	3	28	471	25	465	5.24e-180	512
Gephhuxl	CP@TRINITY_DN28287_c0_g1::CP@TRINITY_DN28287_c0_g1_i3::g.10316::m.10316	48.269	491	201	7	2	451	14	492	7.47e-160	461
Gephhuxl	CP@TRINITY_DN28287_c0_g1::CP@TRINITY_DN28287_c0_g1_i4::g.10321::m.10321	48.269	491	201	7	2	451	24	502	1.01e-159	461
Gephhuxl	CP@TRINITY_DN593_c0_g1::CP@TRINITY_DN593_c0_g1_i1::g.12871::m.12871	48.770	447	196	5	21	448	33	465	2.70e-151	438
Phaeglob	CP@TRINITY_DN28287_c0_g1::CP@TRINITY_DN28287_c0_g1_i3::g.10316::m.10316	53.608	485	195	5	25	486	15	492	0.0	530
Phaeglob	CP@TRINITY_DN28287_c0_g1::CP@TRINITY_DN28287_c0_g1_i4::g.10321::m.10321	53.608	485	195	5	25	486	25	502	0.0	530
Phaeglob	CP@TRINITY_DN593_c0_g1::CP@TRINITY_DN593_c0_g1_i1::g.12871::m.12871	55.973	452	192	4	26	476	13	458	0.0	523
Phytpara	CP@TRINITY_DN28287_c0_g1::CP@TRINITY_DN28287_c0_g1_i3::g.10316::m.10316	55.301	481	186	5	7	461	13	490	0.0	540
Phytpara	CP@TRINITY_DN28287_c0_g1::CP@TRINITY_DN28287_c0_g1_i4::g.10321::m.10321	55.301	481	186	5	7	461	23	500	0.0	540
Phytpara	CP@TRINITY_DN593_c0_g1::CP@TRINITY_DN593_c0_g1_i1::g.12871::m.12871	56.148	431	183	4	25	453	32	458	2.47e-180	512
BicoCB20	CP@TRINITY_DN28287_c0_g1::CP@TRINITY_DN28287_c0_g1_i4::g.10321::m.10321	53.333	480	193	6	6	461	26	498	0.0	526
BicoCB20	CP@TRINITY_DN28287_c0_g1::CP@TRINITY_DN28287_c0_g1_i3::g.10316::m.10316	53.333	480	193	6	6	461	16	488	0.0	526
BicoCB20	CP@TRINITY_DN593_c0_g1::CP@TRINITY_DN593_c0_g1_i1::g.12871::m.12871	54.777	471	202	5	1	464	1	467	0.0	519
Abolprol	CP@TRINITY_DN593_c0_g1::CP@TRINITY_DN593_c0_g1_i1::g.12871::m.12871	66.429	140	45	1	1	138	324	463	1.05e-62	199
Abolprol	CP@TRINITY_DN28287_c0_g1::CP@TRINITY_DN28287_c0_g1_i4::g.10321::m.10321	64.748	139	49	0	5	143	364	502	1.53e-62	199
Abolprol	CP@TRINITY_DN28287_c0_g1::CP@TRINITY_DN28287_c0_g1_i3::g.10316::m.10316	64.748	139	49	0	5	143	354	492	1.65e-62	199
Paulchro	CP@TRINITY_DN28287_c0_g1::CP@TRINITY_DN28287_c0_g1_i4::g.10321::m.10321	51.250	480	204	6	21	475	24	498	9.39e-169	485
Paulchro	CP@TRINITY_DN28287_c0_g1::CP@TRINITY_DN28287_c0_g1_i3::g.10316::m.10316	51.143	481	205	6	20	475	13	488	1.14e-168	485
Paulchro	CP@TRINITY_DN593_c0_g1::CP@TRINITY_DN593_c0_g1_i1::g.12871::m.12871	50.959	469	213	7	11	475	9	464	1.46e-163	471
Plasbras	CP@TRINITY_DN28287_c0_g1::CP@TRINITY_DN28287_c0_g1_i3::g.10316::m.10316	52.826	460	191	4	6	441	28	485	3.98e-175	499
Plasbras	CP@TRINITY_DN28287_c0_g1::CP@TRINITY_DN28287_c0_g1_i4::g.10321::m.10321	52.826	460	191	4	6	441	38	495	1.07e-174	499
Plasbras	CP@TRINITY_DN593_c0_g1::CP@TRINITY_DN593_c0_g1_i1::g.12871::m.12871	51.429	455	205	5	1	442	11	462	3.42e-167	478
Leptvora	CP@TRINITY_DN593_c0_g1::CP@TRINITY_DN593_c0_g1_i1::g.12871::m.12871	60.444	450	173	3	8	454	17	464	0.0	561
Leptvora	CP@TRINITY_DN28287_c0_g1::CP@TRINITY_DN28287_c0_g1_i4::g.10321::m.10321	56.057	487	181	5	1	460	24	504	0.0	553
Leptvora	CP@TRINITY_DN28287_c0_g1::CP@TRINITY_DN28287_c0_g1_i3::g.10316::m.10316	56.057	487	181	5	1	460	14	494	0.0	552
Lapoguse	CP@TRINITY_DN28287_c0_g1::CP@TRINITY_DN28287_c0_g1_i4::g.10321::m.10321	55.532	479	182	7	4	455	25	499	0.0	540
Lapoguse	CP@TRINITY_DN28287_c0_g1::CP@TRINITY_DN28287_c0_g1_i3::g.10316::m.10316	55.532	479	182	7	4	455	15	489	0.0	540
Lapoguse	CP@TRINITY_DN593_c0_g1::CP@TRINITY_DN593_c0_g1_i1::g.12871::m.12871	57.143	427	179	4	22	447	34	457	7.10e-175	499
Stichzan	CP@TRINITY_DN28287_c0_g1::CP@TRINITY_DN28287_c0_g1_i3::g.10316::m.10316	57.343	429	154	5	7	410	65	489	9.85e-178	505
Stichzan	CP@TRINITY_DN28287_c0_g1::CP@TRINITY_DN28287_c0_g1_i4::g.10321::m.10321	57.343	429	154	5	7	410	75	499	1.80e-177	504
Stichzan	CP@TRINITY_DN593_c0_g1::CP@TRINITY_DN593_c0_g1_i1::g.12871::m.12871	55.721	402	175	3	7	408	65	463	2.49e-165	472
SpirCILI	CP@TRINITY_DN28287_c0_g1::CP@TRINITY_DN28287_c0_g1_i3::g.10316::m.10316	52.423	454	187	5	23	451	38	487	1.53e-167	481
SpirCILI	CP@TRINITY_DN28287_c0_g1::CP@TRINITY_DN28287_c0_g1_i4::g.10321::m.10321	50.951	473	202	6	4	451	30	497	4.04e-167	480
SpirCILI	CP@TRINITY_DN593_c0_g1::CP@TRINITY_DN593_c0_g1_i1::g.12871::m.12871	53.153	444	199	5	6	446	21	458	2.66e-166	476
Hemikukw	CP@TRINITY_DN593_c0_g1::CP@TRINITY_DN593_c0_g1_i1::g.12871::m.12871	55.773	459	195	6	10	465	5	458	0.0	515
Hemikukw	CP@TRINITY_DN28287_c0_g1::CP@TRINITY_DN28287_c0_g1_i3::g.10316::m.10316	51.440	486	206	7	20	479	15	496	1.06e-175	502
Hemikukw	CP@TRINITY_DN28287_c0_g1::CP@TRINITY_DN28287_c0_g1_i4::g.10321::m.10321	51.440	486	206	7	20	479	25	506	2.51e-175	502
Dictdisc	CP@TRINITY_DN593_c0_g1::CP@TRINITY_DN593_c0_g1_i1::g.12871::m.12871	62.929	437	160	2	19	455	33	467	0.0	573
Dictdisc	CP@TRINITY_DN28287_c0_g1::CP@TRINITY_DN28287_c0_g1_i4::g.10321::m.10321	55.556	486	184	7	1	456	19	502	0.0	541
Dictdisc	CP@TRINITY_DN28287_c0_g1::CP@TRINITY_DN28287_c0_g1_i3::g.10316::m.10316	55.556	486	184	7	1	456	9	492	0.0	541
Physpoly	CP@TRINITY_DN28287_c0_g1::CP@TRINITY_DN28287_c0_g1_i4::g.10321::m.10321	57.053	475	177	4	29	479	26	497	0.0	554
Physpoly	CP@TRINITY_DN28287_c0_g1::CP@TRINITY_DN28287_c0_g1_i3::g.10316::m.10316	57.053	475	177	4	29	479	16	487	0.0	554
Physpoly	CP@TRINITY_DN593_c0_g1::CP@TRINITY_DN593_c0_g1_i1::g.12871::m.12871	61.215	428	163	3	48	474	33	458	0.0	547
Protfung	CP@TRINITY_DN593_c0_g1::CP@TRINITY_DN593_c0_g1_i1::g.12871::m.12871	57.684	449	187	3	56	503	17	463	0.0	552
Protfung	CP@TRINITY_DN28287_c0_g1::CP@TRINITY_DN28287_c0_g1_i4::g.10321::m.10321	55.202	471	182	4	57	503	32	497	0.0	551
Protfung	CP@TRINITY_DN28287_c0_g1::CP@TRINITY_DN28287_c0_g1_i3::g.10316::m.10316	55.202	471	182	4	57	503	22	487	0.0	551
Guilthet	CP@TRINITY_DN28287_c0_g1::CP@TRINITY_DN28287_c0_g1_i3::g.10316::m.10316	55.136	477	187	4	5	457	14	487	0.0	543
Guilthet	CP@TRINITY_DN28287_c0_g1::CP@TRINITY_DN28287_c0_g1_i4::g.10321::m.10321	55.136	477	187	4	5	457	24	497	0.0	543
Guilthet	CP@TRINITY_DN593_c0_g1::CP@TRINITY_DN593_c0_g1_i1::g.12871::m.12871	55.388	464	192	5	5	457	4	463	0.0	522
Hemirufe	CP@TRINITY_DN28287_c0_g1::CP@TRINITY_DN28287_c0_g1_i3::g.10316::m.10316	53.556	478	194	5	13	463	11	487	0.0	517
Hemirufe	CP@TRINITY_DN28287_c0_g1::CP@TRINITY_DN28287_c0_g1_i4::g.10321::m.10321	53.556	478	194	5	13	463	21	497	0.0	516
Hemirufe	CP@TRINITY_DN593_c0_g1::CP@TRINITY_DN593_c0_g1_i1::g.12871::m.12871	54.545	462	207	3	3	463	4	463	3.70e-179	510
Gemicryo	CP@TRINITY_DN28287_c0_g1::CP@TRINITY_DN28287_c0_g1_i4::g.10321::m.10321	56.025	473	180	5	17	465	29	497	0.0	533
Gemicryo	CP@TRINITY_DN28287_c0_g1::CP@TRINITY_DN28287_c0_g1_i3::g.10316::m.10316	56.025	473	180	5	17	465	19	487	0.0	533
Gemicryo	CP@TRINITY_DN593_c0_g1::CP@TRINITY_DN593_c0_g1_i1::g.12871::m.12871	59.353	433	173	3	34	465	33	463	0.0	524
Goniavon	CP@TRINITY_DN28287_c0_g1::CP@TRINITY_DN28287_c0_g1_i4::g.10321::m.10321	53.862	492	186	6	12	465	7	495	0.0	526
Goniavon	CP@TRINITY_DN28287_c0_g1::CP@TRINITY_DN28287_c0_g1_i3::g.10316::m.10316	54.262	481	174	6	28	465	8	485	0.0	525
Goniavon	CP@TRINITY_DN593_c0_g1::CP@TRINITY_DN593_c0_g1_i1::g.12871::m.12871	54.988	431	192	2	39	468	35	464	3.44e-173	494
Acancast	CP@TRINITY_DN28287_c0_g1::CP@TRINITY_DN28287_c0_g1_i4::g.10321::m.10321	53.908	499	180	8	14	484	21	497	0.0	536
Acancast	CP@TRINITY_DN28287_c0_g1::CP@TRINITY_DN28287_c0_g1_i3::g.10316::m.10316	53.908	499	180	8	14	484	11	487	0.0	536
Acancast	CP@TRINITY_DN593_c0_g1::CP@TRINITY_DN593_c0_g1_i1::g.12871::m.12871	55.769	468	183	5	18	484	19	463	0.0	536
Chlorept	CP@TRINITY_DN593_c0_g1::CP@TRINITY_DN593_c0_g1_i1::g.12871::m.12871	58.352	449	181	5	5	450	17	462	0.0	546
Chlorept	CP@TRINITY_DN28287_c0_g1::CP@TRINITY_DN28287_c0_g1_i4::g.10321::m.10321	54.449	472	183	6	12	453	30	499	0.0	528
Chlorept	CP@TRINITY_DN28287_c0_g1::CP@TRINITY_DN28287_c0_g1_i3::g.10316::m.10316	54.449	472	183	6	12	453	20	489	0.0	528
Cantmars	CP@TRINITY_DN593_c0_g1::CP@TRINITY_DN593_c0_g1_i1::g.12871::m.12871	51.157	432	207	4	5	434	38	467	1.00e-157	454
Cantmars	CP@TRINITY_DN28287_c0_g1::CP@TRINITY_DN28287_c0_g1_i4::g.10321::m.10321	46.916	454	215	4	3	431	46	498	1.22e-151	440
Cantmars	CP@TRINITY_DN28287_c0_g1::CP@TRINITY_DN28287_c0_g1_i3::g.10316::m.10316	46.916	454	215	4	3	431	36	488	1.78e-151	439
Perkmari	CP@TRINITY_DN28287_c0_g1::CP@TRINITY_DN28287_c0_g1_i3::g.10316::m.10316	47.124	452	213	4	36	465	36	483	8.60e-150	436
Perkmari	CP@TRINITY_DN28287_c0_g1::CP@TRINITY_DN28287_c0_g1_i4::g.10321::m.10321	47.124	452	213	4	36	465	46	493	1.27e-149	436
Perkmari	CP@TRINITY_DN593_c0_g1::CP@TRINITY_DN593_c0_g1_i1::g.12871::m.12871	47.248	436	222	6	37	471	37	465	3.21e-143	419
Karebrev	CP@TRINITY_DN28287_c0_g1::CP@TRINITY_DN28287_c0_g1_i3::g.10316::m.10316	48.124	453	210	4	26	455	37	487	7.86e-158	456
Karebrev	CP@TRINITY_DN28287_c0_g1::CP@TRINITY_DN28287_c0_g1_i4::g.10321::m.10321	48.124	453	210	4	26	455	47	497	8.17e-158	456
Karebrev	CP@TRINITY_DN593_c0_g1::CP@TRINITY_DN593_c0_g1_i1::g.12871::m.12871	48.848	434	213	6	17	449	32	457	5.33e-149	432
Platviva	CP@TRINITY_DN28287_c0_g1::CP@TRINITY_DN28287_c0_g1_i3::g.10316::m.10316	49.032	465	206	5	34	468	24	487	1.10e-162	469
Platviva	CP@TRINITY_DN28287_c0_g1::CP@TRINITY_DN28287_c0_g1_i4::g.10321::m.10321	49.032	465	206	5	34	468	34	497	2.44e-162	468
Platviva	CP@TRINITY_DN593_c0_g1::CP@TRINITY_DN593_c0_g1_i1::g.12871::m.12871	50.228	438	215	3	35	471	31	466	1.83e-160	462
Chroveli	CP@TRINITY_DN28287_c0_g1::CP@TRINITY_DN28287_c0_g1_i3::g.10316::m.10316	55.714	280	98	3	11	267	212	488	1.34e-103	310
Chroveli	CP@TRINITY_DN28287_c0_g1::CP@TRINITY_DN28287_c0_g1_i4::g.10321::m.10321	55.714	280	98	3	11	267	222	498	1.73e-103	310
Chroveli	CP@TRINITY_DN593_c0_g1::CP@TRINITY_DN593_c0_g1_i1::g.12871::m.12871	60.400	250	97	2	11	260	210	457	1.82e-101	304
Toxogond	CP@TRINITY_DN28287_c0_g1::CP@TRINITY_DN28287_c0_g1_i3::g.10316::m.10316	46.061	495	224	9	81	551	11	486	1.29e-144	426
Toxogond	CP@TRINITY_DN28287_c0_g1::CP@TRINITY_DN28287_c0_g1_i4::g.10321::m.10321	46.061	495	224	9	81	551	21	496	2.31e-144	426
Toxogond	CP@TRINITY_DN593_c0_g1::CP@TRINITY_DN593_c0_g1_i1::g.12871::m.12871	49.774	442	199	8	113	551	41	462	1.87e-137	407
Micrpusl	CP@TRINITY_DN28287_c0_g1::CP@TRINITY_DN28287_c0_g1_i3::g.10316::m.10316	57.955	440	161	3	2	417	50	489	0.0	535
Micrpusl	CP@TRINITY_DN28287_c0_g1::CP@TRINITY_DN28287_c0_g1_i4::g.10321::m.10321	57.955	440	161	3	2	417	60	499	0.0	535
Micrpusl	CP@TRINITY_DN593_c0_g1::CP@TRINITY_DN593_c0_g1_i1::g.12871::m.12871	59.427	419	168	2	1	418	49	466	0.0	525
Ostrtaur	CP@TRINITY_DN28287_c0_g1::CP@TRINITY_DN28287_c0_g1_i4::g.10321::m.10321	56.416	452	173	2	3	430	48	499	0.0	556
Ostrtaur	CP@TRINITY_DN28287_c0_g1::CP@TRINITY_DN28287_c0_g1_i3::g.10316::m.10316	56.416	452	173	2	3	430	38	489	0.0	555
Ostrtaur	CP@TRINITY_DN593_c0_g1::CP@TRINITY_DN593_c0_g1_i1::g.12871::m.12871	58.605	430	176	2	3	431	38	466	0.0	536
Volvcart	CP@TRINITY_DN28287_c0_g1::CP@TRINITY_DN28287_c0_g1_i4::g.10321::m.10321	54.274	468	190	2	21	464	33	500	0.0	534
Volvcart	CP@TRINITY_DN28287_c0_g1::CP@TRINITY_DN28287_c0_g1_i3::g.10316::m.10316	54.274	468	190	2	21	464	23	490	0.0	534
Volvcart	CP@TRINITY_DN593_c0_g1::CP@TRINITY_DN593_c0_g1_i1::g.12871::m.12871	56.809	470	193	6	1	465	3	467	0.0	524
Picosali	CP@TRINITY_DN593_c0_g1::CP@TRINITY_DN593_c0_g1_i1::g.12871::m.12871	60.762	446	172	3	18	462	20	463	0.0	555
Picosali	CP@TRINITY_DN28287_c0_g1::CP@TRINITY_DN28287_c0_g1_i4::g.10321::m.10321	57.642	458	167	5	30	462	42	497	0.0	546
Picosali	CP@TRINITY_DN28287_c0_g1::CP@TRINITY_DN28287_c0_g1_i3::g.10316::m.10316	57.642	458	167	5	30	462	32	487	0.0	546
Oryzsati	CP@TRINITY_DN593_c0_g1::CP@TRINITY_DN593_c0_g1_i1::g.12871::m.12871	57.849	465	192	3	1	464	1	462	0.0	563
Oryzsati	CP@TRINITY_DN28287_c0_g1::CP@TRINITY_DN28287_c0_g1_i4::g.10321::m.10321	56.769	458	174	3	32	465	40	497	0.0	550
Oryzsati	CP@TRINITY_DN28287_c0_g1::CP@TRINITY_DN28287_c0_g1_i3::g.10316::m.10316	56.769	458	174	3	32	465	30	487	0.0	550
PlacCLAB	CP@TRINITY_DN28287_c0_g1::CP@TRINITY_DN28287_c0_g1_i4::g.10321::m.10321	55.628	462	178	4	33	470	35	493	0.0	542
PlacCLAB	CP@TRINITY_DN28287_c0_g1::CP@TRINITY_DN28287_c0_g1_i3::g.10316::m.10316	55.628	462	178	4	33	470	25	483	0.0	542
PlacCLAB	CP@TRINITY_DN593_c0_g1::CP@TRINITY_DN593_c0_g1_i1::g.12871::m.12871	56.027	448	191	4	23	468	14	457	0.0	520
Wobbluna	CP@TRINITY_DN28287_c0_g1::CP@TRINITY_DN28287_c0_g1_i3::g.10316::m.10316	53.261	460	188	3	5	440	27	483	4.85e-180	512
Wobbluna	CP@TRINITY_DN28287_c0_g1::CP@TRINITY_DN28287_c0_g1_i4::g.10321::m.10321	53.030	462	190	3	3	440	35	493	5.03e-180	513
Wobbluna	CP@TRINITY_DN593_c0_g1::CP@TRINITY_DN593_c0_g1_i1::g.12871::m.12871	55.841	428	184	3	12	438	34	457	2.24e-179	509
Syncpusi	CP@TRINITY_DN28287_c0_g1::CP@TRINITY_DN28287_c0_g1_i3::g.10316::m.10316	53.416	483	196	5	12	470	11	488	6.76e-180	513
Syncpusi	CP@TRINITY_DN28287_c0_g1::CP@TRINITY_DN28287_c0_g1_i4::g.10321::m.10321	53.416	483	196	5	12	470	21	498	1.09e-179	513
Syncpusi	CP@TRINITY_DN593_c0_g1::CP@TRINITY_DN593_c0_g1_i1::g.12871::m.12871	52.688	465	207	5	8	470	11	464	1.87e-170	488
Flor1587	CP@TRINITY_DN28287_c0_g1::CP@TRINITY_DN28287_c0_g1_i4::g.10321::m.10321	56.020	407	150	5	2	384	98	499	1.91e-162	465
Flor1587	CP@TRINITY_DN28287_c0_g1::CP@TRINITY_DN28287_c0_g1_i3::g.10316::m.10316	56.020	407	150	5	2	384	88	489	2.33e-162	464
Flor1587	CP@TRINITY_DN593_c0_g1::CP@TRINITY_DN593_c0_g1_i1::g.12871::m.12871	56.545	382	158	3	2	381	87	462	7.20e-161	460
Pedi2098	CP@TRINITY_DN28287_c0_g1::CP@TRINITY_DN28287_c0_g1_i3::g.10316::m.10316	53.092	469	189	6	14	456	20	483	1.61e-176	504
Pedi2098	CP@TRINITY_DN28287_c0_g1::CP@TRINITY_DN28287_c0_g1_i4::g.10321::m.10321	53.092	469	189	6	14	456	30	493	1.82e-176	504
Pedi2098	CP@TRINITY_DN593_c0_g1::CP@TRINITY_DN593_c0_g1_i1::g.12871::m.12871	53.881	438	193	4	25	460	33	463	7.11e-171	488
Pseuelas	CP@TRINITY_DN28287_c0_g1::CP@TRINITY_DN28287_c0_g1_i3::g.10316::m.10316	58.881	411	141	5	1	386	85	492	2.73e-168	483
Pseuelas	CP@TRINITY_DN28287_c0_g1::CP@TRINITY_DN28287_c0_g1_i4::g.10321::m.10321	58.881	411	141	5	1	386	95	502	4.61e-168	483
Pseuelas	CP@TRINITY_DN593_c0_g1::CP@TRINITY_DN593_c0_g1_i1::g.12871::m.12871	59.151	377	149	2	2	376	85	458	8.66e-165	473
Octaspec	CP@TRINITY_DN28287_c0_g1::CP@TRINITY_DN28287_c0_g1_i4::g.10321::m.10321	55.011	469	181	6	19	462	36	499	0.0	522
Octaspec	CP@TRINITY_DN28287_c0_g1::CP@TRINITY_DN28287_c0_g1_i3::g.10316::m.10316	55.011	469	181	6	19	462	26	489	0.0	522
Octaspec	CP@TRINITY_DN593_c0_g1::CP@TRINITY_DN593_c0_g1_i1::g.12871::m.12871	55.365	466	190	6	5	459	4	462	0.0	518
Rhiz1243	CP@TRINITY_DN28287_c0_g1::CP@TRINITY_DN28287_c0_g1_i4::g.10321::m.10321	54.658	483	187	6	23	481	25	499	0.0	525
Rhiz1243	CP@TRINITY_DN28287_c0_g1::CP@TRINITY_DN28287_c0_g1_i3::g.10316::m.10316	54.658	483	187	6	23	481	15	489	0.0	525
Rhiz1243	CP@TRINITY_DN593_c0_g1::CP@TRINITY_DN593_c0_g1_i1::g.12871::m.12871	54.978	462	197	6	21	478	8	462	1.37e-180	514
Fragcyli	CP@TRINITY_DN28287_c0_g1::CP@TRINITY_DN28287_c0_g1_i3::g.10316::m.10316	50.766	457	196	4	8	440	32	483	1.49e-165	475
Fragcyli	CP@TRINITY_DN28287_c0_g1::CP@TRINITY_DN28287_c0_g1_i4::g.10321::m.10321	50.766	457	196	4	8	440	42	493	2.16e-165	475
Fragcyli	CP@TRINITY_DN593_c0_g1::CP@TRINITY_DN593_c0_g1_i1::g.12871::m.12871	53.756	426	188	4	15	438	39	457	9.51e-165	472
Psuemult	CP@TRINITY_DN593_c0_g1::CP@TRINITY_DN593_c0_g1_i1::g.12871::m.12871	55.760	434	183	4	21	452	31	457	1.38e-172	493
Psuemult	CP@TRINITY_DN28287_c0_g1::CP@TRINITY_DN28287_c0_g1_i3::g.10316::m.10316	51.158	475	203	4	4	454	14	483	1.40e-171	491
Psuemult	CP@TRINITY_DN28287_c0_g1::CP@TRINITY_DN28287_c0_g1_i4::g.10321::m.10321	51.158	475	203	4	4	454	24	493	2.22e-171	491
Phaetric	CP@TRINITY_DN593_c0_g1::CP@TRINITY_DN593_c0_g1_i1::g.12871::m.12871	56.410	429	178	4	35	461	36	457	5.02e-173	494
Phaetric	CP@TRINITY_DN28287_c0_g1::CP@TRINITY_DN28287_c0_g1_i3::g.10316::m.10316	51.029	486	200	6	4	465	14	485	7.80e-171	489
Phaetric	CP@TRINITY_DN28287_c0_g1::CP@TRINITY_DN28287_c0_g1_i4::g.10321::m.10321	51.029	486	200	6	4	465	24	495	7.90e-171	490
Tripeleu	CP@TRINITY_DN28287_c0_g1::CP@TRINITY_DN28287_c0_g1_i3::g.10316::m.10316	54.130	460	179	7	30	465	37	488	1.44e-173	496
Tripeleu	CP@TRINITY_DN28287_c0_g1::CP@TRINITY_DN28287_c0_g1_i4::g.10321::m.10321	54.130	460	179	7	30	465	47	498	2.54e-173	496
Tripeleu	CP@TRINITY_DN593_c0_g1::CP@TRINITY_DN593_c0_g1_i1::g.12871::m.12871	53.433	466	199	8	8	465	9	464	8.11e-171	488
Aureanop	CP@TRINITY_DN28287_c0_g1::CP@TRINITY_DN28287_c0_g1_i3::g.10316::m.10316	54.832	476	186	4	3	454	18	488	0.0	531
Aureanop	CP@TRINITY_DN28287_c0_g1::CP@TRINITY_DN28287_c0_g1_i4::g.10321::m.10321	54.832	476	186	4	3	454	28	498	0.0	531
Aureanop	CP@TRINITY_DN593_c0_g1::CP@TRINITY_DN593_c0_g1_i1::g.12871::m.12871	55.044	456	194	6	1	454	18	464	0.0	525
Pelacalc	CP@TRINITY_DN28287_c0_g1::CP@TRINITY_DN28287_c0_g1_i4::g.10321::m.10321	53.191	470	180	4	18	464	28	480	0.0	516
Pelacalc	CP@TRINITY_DN28287_c0_g1::CP@TRINITY_DN28287_c0_g1_i3::g.10316::m.10316	53.419	468	178	4	20	464	20	470	0.0	516
Pelacalc	CP@TRINITY_DN593_c0_g1::CP@TRINITY_DN593_c0_g1_i1::g.12871::m.12871	54.023	435	189	6	34	464	19	446	4.74e-168	482
Pelasubv	CP@TRINITY_DN28287_c0_g1::CP@TRINITY_DN28287_c0_g1_i3::g.10316::m.10316	54.357	482	190	5	45	502	13	488	0.0	534
Pelasubv	CP@TRINITY_DN28287_c0_g1::CP@TRINITY_DN28287_c0_g1_i4::g.10321::m.10321	54.357	482	190	5	45	502	23	498	0.0	533
Pelasubv	CP@TRINITY_DN593_c0_g1::CP@TRINITY_DN593_c0_g1_i1::g.12871::m.12871	54.031	459	199	7	49	502	13	464	2.03e-175	501
Aurelagu	CP@TRINITY_DN28287_c0_g1::CP@TRINITY_DN28287_c0_g1_i4::g.10321::m.10321	55.120	459	178	5	26	459	47	502	0.0	526
Aurelagu	CP@TRINITY_DN28287_c0_g1::CP@TRINITY_DN28287_c0_g1_i3::g.10316::m.10316	55.120	459	178	5	26	459	37	492	0.0	526
Aurelagu	CP@TRINITY_DN593_c0_g1::CP@TRINITY_DN593_c0_g1_i1::g.12871::m.12871	52.018	446	208	3	11	454	22	463	6.16e-174	496
Chryfrag	CP@TRINITY_DN28287_c0_g1::CP@TRINITY_DN28287_c0_g1_i3::g.10316::m.10316	53.975	478	191	4	14	467	20	492	0.0	530
Chryfrag	CP@TRINITY_DN28287_c0_g1::CP@TRINITY_DN28287_c0_g1_i4::g.10321::m.10321	53.975	478	191	4	14	467	30	502	0.0	530
Chryfrag	CP@TRINITY_DN593_c0_g1::CP@TRINITY_DN593_c0_g1_i1::g.12871::m.12871	54.810	447	193	5	18	462	24	463	5.27e-180	512
Pela2097	CP@TRINITY_DN28287_c0_g1::CP@TRINITY_DN28287_c0_g1_i3::g.10316::m.10316	52.079	457	190	4	57	489	37	488	5.87e-175	501
Pela2097	CP@TRINITY_DN28287_c0_g1::CP@TRINITY_DN28287_c0_g1_i4::g.10321::m.10321	52.079	457	190	4	57	489	47	498	1.12e-174	501
Pela2097	CP@TRINITY_DN593_c0_g1::CP@TRINITY_DN593_c0_g1_i1::g.12871::m.12871	54.214	439	192	5	51	487	31	462	2.01e-174	499
Paheparv	CP@TRINITY_DN28287_c0_g1::CP@TRINITY_DN28287_c0_g1_i3::g.10316::m.10316	57.606	493	175	7	39	502	5	492	0.0	560
Paheparv	CP@TRINITY_DN28287_c0_g1::CP@TRINITY_DN28287_c0_g1_i4::g.10321::m.10321	57.606	493	175	7	39	502	15	502	0.0	559
Paheparv	CP@TRINITY_DN593_c0_g1::CP@TRINITY_DN593_c0_g1_i1::g.12871::m.12871	58.770	439	172	4	62	498	33	464	0.0	538
Vauclito	CP@TRINITY_DN28287_c0_g1::CP@TRINITY_DN28287_c0_g1_i3::g.10316::m.10316	53.863	466	187	5	7	447	21	483	5.65e-178	507
Vauclito	CP@TRINITY_DN28287_c0_g1::CP@TRINITY_DN28287_c0_g1_i4::g.10321::m.10321	53.863	466	187	5	7	447	31	493	1.04e-177	507
Vauclito	CP@TRINITY_DN593_c0_g1::CP@TRINITY_DN593_c0_g1_i1::g.12871::m.12871	53.521	426	192	3	22	445	36	457	3.60e-168	481
Tribgaya	CP@TRINITY_DN28287_c0_g1::CP@TRINITY_DN28287_c0_g1_i3::g.10316::m.10316	52.743	474	194	6	40	486	13	483	5.88e-176	504
Tribgaya	CP@TRINITY_DN28287_c0_g1::CP@TRINITY_DN28287_c0_g1_i4::g.10321::m.10321	52.743	474	194	6	40	486	23	493	8.19e-176	504
Tribgaya	CP@TRINITY_DN593_c0_g1::CP@TRINITY_DN593_c0_g1_i1::g.12871::m.12871	53.604	444	199	4	44	484	18	457	8.32e-172	492
Fucucera	CP@TRINITY_DN593_c0_g1::CP@TRINITY_DN593_c0_g1_i1::g.12871::m.12871	54.751	442	193	4	11	450	21	457	6.94e-176	501
Fucucera	CP@TRINITY_DN28287_c0_g1::CP@TRINITY_DN28287_c0_g1_i3::g.10316::m.10316	51.158	475	198	7	3	452	18	483	9.41e-174	496
Fucucera	CP@TRINITY_DN28287_c0_g1::CP@TRINITY_DN28287_c0_g1_i4::g.10321::m.10321	51.158	475	198	7	3	452	28	493	1.27e-173	497
Fibrjapo	CP@TRINITY_DN28287_c0_g1::CP@TRINITY_DN28287_c0_g1_i4::g.10321::m.10321	55.462	476	184	5	13	464	25	496	0.0	541
Fibrjapo	CP@TRINITY_DN28287_c0_g1::CP@TRINITY_DN28287_c0_g1_i3::g.10316::m.10316	55.462	476	184	5	13	464	15	486	0.0	541
Fibrjapo	CP@TRINITY_DN593_c0_g1::CP@TRINITY_DN593_c0_g1_i1::g.12871::m.12871	55.814	430	182	4	32	459	34	457	3.75e-180	512
Heteakas	CP@TRINITY_DN593_c0_g1::CP@TRINITY_DN593_c0_g1_i1::g.12871::m.12871	55.889	433	185	4	25	456	30	457	3.17e-177	504
Heteakas	CP@TRINITY_DN28287_c0_g1::CP@TRINITY_DN28287_c0_g1_i4::g.10321::m.10321	53.092	469	189	5	24	465	36	500	1.98e-173	496
Heteakas	CP@TRINITY_DN28287_c0_g1::CP@TRINITY_DN28287_c0_g1_i3::g.10316::m.10316	53.092	469	189	5	24	465	26	490	2.16e-173	496
Chatsubs	CP@TRINITY_DN28287_c0_g1::CP@TRINITY_DN28287_c0_g1_i4::g.10321::m.10321	52.953	491	197	7	3	465	16	500	0.0	521
Chatsubs	CP@TRINITY_DN28287_c0_g1::CP@TRINITY_DN28287_c0_g1_i3::g.10316::m.10316	52.953	491	197	7	3	465	6	490	0.0	520
Chatsubs	CP@TRINITY_DN593_c0_g1::CP@TRINITY_DN593_c0_g1_i1::g.12871::m.12871	52.527	455	208	5	4	456	9	457	1.10e-174	498
Mallmari	CP@TRINITY_DN28287_c0_g1::CP@TRINITY_DN28287_c0_g1_i4::g.10321::m.10321	54.717	477	185	5	7	457	29	500	0.0	521
Mallmari	CP@TRINITY_DN28287_c0_g1::CP@TRINITY_DN28287_c0_g1_i3::g.10316::m.10316	54.717	477	185	5	7	457	19	490	0.0	520
Mallmari	CP@TRINITY_DN593_c0_g1::CP@TRINITY_DN593_c0_g1_i1::g.12871::m.12871	54.139	447	197	4	9	454	24	463	1.19e-174	498
Pedoelon	CP@TRINITY_DN28287_c0_g1::CP@TRINITY_DN28287_c0_g1_i3::g.10316::m.10316	54.489	479	186	6	6	458	17	489	0.0	525
Pedoelon	CP@TRINITY_DN28287_c0_g1::CP@TRINITY_DN28287_c0_g1_i4::g.10321::m.10321	54.489	479	186	6	6	458	27	499	0.0	524
Pedoelon	CP@TRINITY_DN593_c0_g1::CP@TRINITY_DN593_c0_g1_i1::g.12871::m.12871	53.828	431	192	4	20	450	34	457	6.20e-170	486
Ochr2298	CP@TRINITY_DN28287_c0_g1::CP@TRINITY_DN28287_c0_g1_i4::g.10321::m.10321	53.669	477	190	6	3	454	25	495	1.55e-178	509
Ochr2298	CP@TRINITY_DN28287_c0_g1::CP@TRINITY_DN28287_c0_g1_i3::g.10316::m.10316	53.669	477	190	6	3	454	15	485	1.84e-178	509
Ochr2298	CP@TRINITY_DN593_c0_g1::CP@TRINITY_DN593_c0_g1_i1::g.12871::m.12871	54.861	432	186	5	20	450	34	457	1.53e-170	488
PoterBG1	CP@TRINITY_DN28287_c0_g1::CP@TRINITY_DN28287_c0_g1_i3::g.10316::m.10316	54.507	477	185	6	10	460	20	490	0.0	524
PoterBG1	CP@TRINITY_DN28287_c0_g1::CP@TRINITY_DN28287_c0_g1_i4::g.10321::m.10321	54.507	477	185	6	10	460	30	500	0.0	524
PoterBG1	CP@TRINITY_DN593_c0_g1::CP@TRINITY_DN593_c0_g1_i1::g.12871::m.12871	54.120	449	198	5	3	451	17	457	4.09e-173	494
Paravest	CP@TRINITY_DN28287_c0_g1::CP@TRINITY_DN28287_c0_g1_i3::g.10316::m.10316	55.115	479	184	6	5	460	20	490	1.44e-180	514
Paravest	CP@TRINITY_DN28287_c0_g1::CP@TRINITY_DN28287_c0_g1_i4::g.10321::m.10321	55.115	479	184	6	5	460	30	500	2.49e-180	514
Paravest	CP@TRINITY_DN593_c0_g1::CP@TRINITY_DN593_c0_g1_i1::g.12871::m.12871	54.525	442	193	5	10	451	24	457	1.87e-174	498
Deveeleg	CP@TRINITY_DN28287_c0_g1::CP@TRINITY_DN28287_c0_g1_i4::g.10321::m.10321	54.737	475	185	5	10	458	28	498	0.0	533
Deveeleg	CP@TRINITY_DN28287_c0_g1::CP@TRINITY_DN28287_c0_g1_i3::g.10316::m.10316	54.737	475	185	5	10	458	18	488	0.0	533
Deveeleg	CP@TRINITY_DN593_c0_g1::CP@TRINITY_DN593_c0_g1_i1::g.12871::m.12871	56.164	438	186	4	23	459	33	465	8.43e-178	506
Diacluth	CP@TRINITY_DN28287_c0_g1::CP@TRINITY_DN28287_c0_g1_i3::g.10316::m.10316	54.566	449	174	4	13	435	18	462	2.50e-170	498
Diacluth	CP@TRINITY_DN28287_c0_g1::CP@TRINITY_DN28287_c0_g1_i4::g.10321::m.10321	54.566	449	174	4	13	435	28	472	3.08e-170	498
Diacluth	CP@TRINITY_DN593_c0_g1::CP@TRINITY_DN593_c0_g1_i1::g.12871::m.12871	54.460	426	187	4	17	441	25	444	1.10e-162	477
Pavl2436	CP@TRINITY_DN28287_c0_g1::CP@TRINITY_DN28287_c0_g1_i3::g.10316::m.10316	53.040	477	194	4	23	473	20	492	7.48e-180	513
Pavl2436	CP@TRINITY_DN28287_c0_g1::CP@TRINITY_DN28287_c0_g1_i4::g.10321::m.10321	53.040	477	194	4	23	473	30	502	1.16e-179	513
Pavl2436	CP@TRINITY_DN593_c0_g1::CP@TRINITY_DN593_c0_g1_i1::g.12871::m.12871	55.056	445	193	4	19	462	19	457	1.35e-174	498
Tisolute	CP@TRINITY_DN28287_c0_g1::CP@TRINITY_DN28287_c0_g1_i3::g.10316::m.10316	53.913	460	184	5	27	463	38	492	4.28e-176	508
Tisolute	CP@TRINITY_DN593_c0_g1::CP@TRINITY_DN593_c0_g1_i1::g.12871::m.12871	56.909	427	178	3	27	453	38	458	7.81e-176	506
Tisolute	CP@TRINITY_DN28287_c0_g1::CP@TRINITY_DN28287_c0_g1_i4::g.10321::m.10321	53.913	460	184	5	27	463	48	502	1.00e-175	507
Prymparv	CP@TRINITY_DN593_c0_g1::CP@TRINITY_DN593_c0_g1_i1::g.12871::m.12871	57.895	437	177	4	56	491	35	465	0.0	516
Prymparv	CP@TRINITY_DN28287_c0_g1::CP@TRINITY_DN28287_c0_g1_i3::g.10316::m.10316	51.351	481	203	4	41	494	16	492	1.90e-179	513
Prymparv	CP@TRINITY_DN28287_c0_g1::CP@TRINITY_DN28287_c0_g1_i4::g.10321::m.10321	49.706	511	216	6	10	494	7	502	2.28e-179	513
Chrycart	CP@TRINITY_DN593_c0_g1::CP@TRINITY_DN593_c0_g1_i1::g.12871::m.12871	57.208	437	180	4	14	449	35	465	2.97e-179	509
Chrycart	CP@TRINITY_DN28287_c0_g1::CP@TRINITY_DN28287_c0_g1_i3::g.10316::m.10316	51.471	476	203	4	1	452	21	492	3.40e-177	505
Chrycart	CP@TRINITY_DN28287_c0_g1::CP@TRINITY_DN28287_c0_g1_i4::g.10321::m.10321	51.471	476	203	4	1	452	31	502	7.80e-177	504
Chryrota	CP@TRINITY_DN593_c0_g1::CP@TRINITY_DN593_c0_g1_i1::g.12871::m.12871	57.009	428	179	3	3	429	42	465	5.48e-180	510
Chryrota	CP@TRINITY_DN28287_c0_g1::CP@TRINITY_DN28287_c0_g1_i3::g.10316::m.10316	52.527	455	189	4	2	432	41	492	1.76e-173	495
Chryrota	CP@TRINITY_DN28287_c0_g1::CP@TRINITY_DN28287_c0_g1_i4::g.10321::m.10321	52.527	455	189	4	2	432	51	502	2.32e-173	495
Saprdecl	CP@TRINITY_DN28287_c0_g1::CP@TRINITY_DN28287_c0_g1_i3::g.10316::m.10316	55.144	486	185	7	2	458	8	489	0.0	539
Saprdecl	CP@TRINITY_DN28287_c0_g1::CP@TRINITY_DN28287_c0_g1_i4::g.10321::m.10321	55.144	486	185	7	2	458	18	499	0.0	538
Saprdecl	CP@TRINITY_DN593_c0_g1::CP@TRINITY_DN593_c0_g1_i1::g.12871::m.12871	54.646	452	198	3	3	451	11	458	0.0	523
Albulaib	CP@TRINITY_DN28287_c0_g1::CP@TRINITY_DN28287_c0_g1_i3::g.10316::m.10316	54.139	447	168	5	16	428	15	458	8.91e-170	499
Albulaib	CP@TRINITY_DN28287_c0_g1::CP@TRINITY_DN28287_c0_g1_i4::g.10321::m.10321	54.139	447	168	5	16	428	25	468	1.43e-169	498
Albulaib	CP@TRINITY_DN593_c0_g1::CP@TRINITY_DN593_c0_g1_i1::g.12871::m.12871	53.774	424	188	5	9	428	15	434	5.62e-157	465
Pythirre	CP@TRINITY_DN28287_c0_g1::CP@TRINITY_DN28287_c0_g1_i4::g.10321::m.10321	54.508	488	191	6	2	462	17	500	0.0	536
Pythirre	CP@TRINITY_DN28287_c0_g1::CP@TRINITY_DN28287_c0_g1_i3::g.10316::m.10316	54.508	488	191	6	2	462	7	490	0.0	536
Pythirre	CP@TRINITY_DN593_c0_g1::CP@TRINITY_DN593_c0_g1_i1::g.12871::m.12871	55.430	442	191	4	15	454	21	458	1.91e-178	508
Aplakerg	CP@TRINITY_DN28287_c0_g1::CP@TRINITY_DN28287_c0_g1_i4::g.10321::m.10321	58.263	472	168	5	18	464	30	497	0.0	570
Aplakerg	CP@TRINITY_DN28287_c0_g1::CP@TRINITY_DN28287_c0_g1_i3::g.10316::m.10316	58.263	472	168	5	18	464	20	487	0.0	570
Aplakerg	CP@TRINITY_DN593_c0_g1::CP@TRINITY_DN593_c0_g1_i1::g.12871::m.12871	54.624	465	198	5	1	464	11	463	0.0	523
ThraLLF1	CP@TRINITY_DN28287_c0_g1::CP@TRINITY_DN28287_c0_g1_i4::g.10321::m.10321	57.143	476	175	5	13	463	28	499	0.0	564
ThraLLF1	CP@TRINITY_DN28287_c0_g1::CP@TRINITY_DN28287_c0_g1_i3::g.10316::m.10316	57.143	476	175	5	13	463	18	489	0.0	564
ThraLLF1	CP@TRINITY_DN593_c0_g1::CP@TRINITY_DN593_c0_g1_i1::g.12871::m.12871	55.506	445	191	4	13	456	20	458	4.20e-180	512
Schiaggr	CP@TRINITY_DN28287_c0_g1::CP@TRINITY_DN28287_c0_g1_i4::g.10321::m.10321	55.670	485	178	4	3	464	29	499	0.0	560
Schiaggr	CP@TRINITY_DN28287_c0_g1::CP@TRINITY_DN28287_c0_g1_i3::g.10316::m.10316	55.670	485	178	4	3	464	19	489	0.0	560
Schiaggr	CP@TRINITY_DN593_c0_g1::CP@TRINITY_DN593_c0_g1_i1::g.12871::m.12871	59.028	432	170	4	27	457	33	458	0.0	532
Auralima	CP@TRINITY_DN28287_c0_g1::CP@TRINITY_DN28287_c0_g1_i4::g.10321::m.10321	55.975	477	177	6	7	454	23	495	0.0	544
Auralima	CP@TRINITY_DN28287_c0_g1::CP@TRINITY_DN28287_c0_g1_i3::g.10316::m.10316	55.975	477	177	6	7	454	13	485	0.0	543
Auralima	CP@TRINITY_DN593_c0_g1::CP@TRINITY_DN593_c0_g1_i1::g.12871::m.12871	55.479	438	188	4	22	458	34	465	1.88e-174	497
Caferoen	CP@TRINITY_DN28287_c0_g1::CP@TRINITY_DN28287_c0_g1_i4::g.10321::m.10321	57.113	478	177	5	14	467	24	497	0.0	552
Caferoen	CP@TRINITY_DN28287_c0_g1::CP@TRINITY_DN28287_c0_g1_i3::g.10316::m.10316	57.113	478	177	5	14	467	14	487	0.0	552
Caferoen	CP@TRINITY_DN593_c0_g1::CP@TRINITY_DN593_c0_g1_i1::g.12871::m.12871	57.675	456	187	4	16	470	15	465	0.0	535
Haloseos	CP@TRINITY_DN28287_c0_g1::CP@TRINITY_DN28287_c0_g1_i4::g.10321::m.10321	55.556	468	181	4	23	466	31	495	0.0	530
Haloseos	CP@TRINITY_DN28287_c0_g1::CP@TRINITY_DN28287_c0_g1_i3::g.10316::m.10316	55.556	468	181	4	23	466	21	485	0.0	530
Haloseos	CP@TRINITY_DN593_c0_g1::CP@TRINITY_DN593_c0_g1_i1::g.12871::m.12871	57.471	435	180	3	30	463	28	458	0.0	521
MatazaD1	CP@TRINITY_DN28287_c0_g1::CP@TRINITY_DN28287_c0_g1_i3::g.10316::m.10316	51.731	491	211	6	2	480	14	490	0.0	516
MatazaD1	CP@TRINITY_DN28287_c0_g1::CP@TRINITY_DN28287_c0_g1_i4::g.10321::m.10321	51.731	491	211	6	2	480	24	500	1.92e-180	516
MatazaD1	CP@TRINITY_DN593_c0_g1::CP@TRINITY_DN593_c0_g1_i1::g.12871::m.12871	51.163	473	199	6	1	472	17	458	1.42e-169	486
Roomtrun	CP@TRINITY_DN28287_c0_g1::CP@TRINITY_DN28287_c0_g1_i4::g.10321::m.10321	54.303	488	195	6	2	465	16	499	0.0	542
Roomtrun	CP@TRINITY_DN28287_c0_g1::CP@TRINITY_DN28287_c0_g1_i3::g.10316::m.10316	54.303	488	195	6	2	465	6	489	0.0	541
Roomtrun	CP@TRINITY_DN593_c0_g1::CP@TRINITY_DN593_c0_g1_i1::g.12871::m.12871	58.108	444	182	4	22	464	24	464	0.0	533
Compcoer	CP@TRINITY_DN28287_c0_g1::CP@TRINITY_DN28287_c0_g1_i4::g.10321::m.10321	58.114	456	165	5	61	493	48	500	0.0	525
Compcoer	CP@TRINITY_DN28287_c0_g1::CP@TRINITY_DN28287_c0_g1_i3::g.10316::m.10316	58.114	456	165	5	61	493	38	490	0.0	525
Compcoer	CP@TRINITY_DN593_c0_g1::CP@TRINITY_DN593_c0_g1_i1::g.12871::m.12871	59.584	433	169	5	59	490	36	463	0.0	525
Rhodmacu	CP@TRINITY_DN593_c0_g1::CP@TRINITY_DN593_c0_g1_i1::g.12871::m.12871	60.880	432	166	3	17	448	35	463	0.0	545
Rhodmacu	CP@TRINITY_DN28287_c0_g1::CP@TRINITY_DN28287_c0_g1_i3::g.10316::m.10316	56.438	466	174	5	12	450	26	489	0.0	535
Rhodmacu	CP@TRINITY_DN28287_c0_g1::CP@TRINITY_DN28287_c0_g1_i4::g.10321::m.10321	56.438	466	174	5	12	450	36	499	0.0	535
Porpumbi	CP@TRINITY_DN593_c0_g1::CP@TRINITY_DN593_c0_g1_i1::g.12871::m.12871	54.957	464	206	3	83	546	2	462	0.0	528
Porpumbi	CP@TRINITY_DN28287_c0_g1::CP@TRINITY_DN28287_c0_g1_i4::g.10321::m.10321	52.326	516	199	8	61	552	10	502	0.0	525
Porpumbi	CP@TRINITY_DN28287_c0_g1::CP@TRINITY_DN28287_c0_g1_i3::g.10316::m.10316	52.335	514	198	8	63	552	2	492	0.0	525
Cerakond	CP@TRINITY_DN28287_c0_g1::CP@TRINITY_DN28287_c0_g1_i3::g.10316::m.10316	55.947	454	174	4	1	430	38	489	0.0	525
Cerakond	CP@TRINITY_DN28287_c0_g1::CP@TRINITY_DN28287_c0_g1_i4::g.10321::m.10321	55.947	454	174	4	1	430	48	499	0.0	524
Cerakond	CP@TRINITY_DN593_c0_g1::CP@TRINITY_DN593_c0_g1_i1::g.12871::m.12871	56.776	428	183	2	1	428	38	463	2.27e-178	506
Gratturu	CP@TRINITY_DN28287_c0_g1::CP@TRINITY_DN28287_c0_g1_i3::g.10316::m.10316	51.342	298	120	4	3	276	31	327	6.34e-102	306
Gratturu	CP@TRINITY_DN28287_c0_g1::CP@TRINITY_DN28287_c0_g1_i4::g.10321::m.10321	51.342	298	120	4	3	276	41	337	1.29e-101	305
Gratturu	CP@TRINITY_DN593_c0_g1::CP@TRINITY_DN593_c0_g1_i1::g.12871::m.12871	52.941	272	127	1	5	276	33	303	1.07e-98	297
Rhodmari	CP@TRINITY_DN28287_c0_g1::CP@TRINITY_DN28287_c0_g1_i4::g.10321::m.10321	54.371	469	186	5	14	455	32	499	0.0	539
Rhodmari	CP@TRINITY_DN28287_c0_g1::CP@TRINITY_DN28287_c0_g1_i3::g.10316::m.10316	54.371	469	186	5	14	455	22	489	0.0	539
Rhodmari	CP@TRINITY_DN593_c0_g1::CP@TRINITY_DN593_c0_g1_i1::g.12871::m.12871	58.257	436	179	3	23	457	34	467	0.0	531
Porpaeru	CP@TRINITY_DN593_c0_g1::CP@TRINITY_DN593_c0_g1_i1::g.12871::m.12871	56.000	450	191	5	31	476	17	463	1.80e-180	513
Porpaeru	CP@TRINITY_DN28287_c0_g1::CP@TRINITY_DN28287_c0_g1_i3::g.10316::m.10316	52.026	469	196	5	38	479	24	490	2.91e-173	496
Porpaeru	CP@TRINITY_DN28287_c0_g1::CP@TRINITY_DN28287_c0_g1_i4::g.10321::m.10321	52.026	469	196	5	38	479	34	500	4.93e-173	496
Cyanmero	CP@TRINITY_DN28287_c0_g1::CP@TRINITY_DN28287_c0_g1_i3::g.10316::m.10316	54.334	473	188	5	26	475	22	489	0.0	526
Cyanmero	CP@TRINITY_DN28287_c0_g1::CP@TRINITY_DN28287_c0_g1_i4::g.10321::m.10321	54.334	473	188	5	26	475	32	499	0.0	526
Cyanmero	CP@TRINITY_DN593_c0_g1::CP@TRINITY_DN593_c0_g1_i1::g.12871::m.12871	54.751	442	194	6	32	473	28	463	1.59e-173	496
Galdsulp	CP@TRINITY_DN28287_c0_g1::CP@TRINITY_DN28287_c0_g1_i4::g.10321::m.10321	55.098	461	182	3	33	469	36	495	0.0	524
Galdsulp	CP@TRINITY_DN28287_c0_g1::CP@TRINITY_DN28287_c0_g1_i3::g.10316::m.10316	55.098	461	182	3	33	469	26	485	0.0	524
Galdsulp	CP@TRINITY_DN593_c0_g1::CP@TRINITY_DN593_c0_g1_i1::g.12871::m.12871	57.442	430	180	3	38	466	31	458	5.29e-180	512
Gloewitr	CP@TRINITY_DN28287_c0_g1::CP@TRINITY_DN28287_c0_g1_i3::g.10316::m.10316	57.906	468	171	4	29	471	21	487	0.0	564
Gloewitr	CP@TRINITY_DN28287_c0_g1::CP@TRINITY_DN28287_c0_g1_i4::g.10321::m.10321	57.906	468	171	4	29	471	31	497	0.0	563
Gloewitr	CP@TRINITY_DN593_c0_g1::CP@TRINITY_DN593_c0_g1_i1::g.12871::m.12871	60.321	436	170	3	37	471	30	463	0.0	557
Cyanpara	CP@TRINITY_DN28287_c0_g1::CP@TRINITY_DN28287_c0_g1_i3::g.10316::m.10316	49.346	535	190	7	10	508	3	492	1.33e-180	516
Cyanpara	CP@TRINITY_DN28287_c0_g1::CP@TRINITY_DN28287_c0_g1_i4::g.10321::m.10321	49.346	535	190	7	10	508	13	502	1.80e-180	516
Cyanpara	CP@TRINITY_DN593_c0_g1::CP@TRINITY_DN593_c0_g1_i1::g.12871::m.12871	53.027	479	176	5	28	503	31	463	7.44e-177	505
PB58411a	CP@TRINITY_DN28287_c0_g1::CP@TRINITY_DN28287_c0_g1_i4::g.10321::m.10321	53.755	506	201	6	56	536	6	503	0.0	531
PB58411a	CP@TRINITY_DN28287_c0_g1::CP@TRINITY_DN28287_c0_g1_i3::g.10316::m.10316	54.326	497	194	6	65	536	5	493	0.0	529
PB58411a	CP@TRINITY_DN593_c0_g1::CP@TRINITY_DN593_c0_g1_i1::g.12871::m.12871	55.165	455	198	5	82	534	17	467	2.31e-172	499
Rhodlimn	CP@TRINITY_DN28287_c0_g1::CP@TRINITY_DN28287_c0_g1_i3::g.10316::m.10316	53.556	478	195	5	14	465	13	489	6.17e-180	513
Rhodlimn	CP@TRINITY_DN28287_c0_g1::CP@TRINITY_DN28287_c0_g1_i4::g.10321::m.10321	53.556	478	195	5	14	465	23	499	1.12e-179	513
Rhodlimn	CP@TRINITY_DN593_c0_g1::CP@TRINITY_DN593_c0_g1_i1::g.12871::m.12871	57.432	444	183	4	21	463	25	463	1.26e-179	511
Rhodemar	CP@TRINITY_DN593_c0_g1::CP@TRINITY_DN593_c0_g1_i1::g.12871::m.12871	58.296	446	183	3	25	469	20	463	0.0	523
Rhodemar	CP@TRINITY_DN28287_c0_g1::CP@TRINITY_DN28287_c0_g1_i3::g.10316::m.10316	53.556	478	196	5	18	471	14	489	2.03e-179	512
Rhodemar	CP@TRINITY_DN28287_c0_g1::CP@TRINITY_DN28287_c0_g1_i4::g.10321::m.10321	53.556	478	196	5	18	471	24	499	2.43e-179	512
Ancytwis	CP@TRINITY_DN593_c0_g1::CP@TRINITY_DN593_c0_g1_i1::g.12871::m.12871	60.860	465	176	5	23	487	9	467	0.0	568
Ancytwis	CP@TRINITY_DN28287_c0_g1::CP@TRINITY_DN28287_c0_g1_i4::g.10321::m.10321	57.084	487	175	8	25	484	19	498	0.0	556
Ancytwis	CP@TRINITY_DN28287_c0_g1::CP@TRINITY_DN28287_c0_g1_i3::g.10316::m.10316	57.084	487	175	8	25	484	9	488	0.0	556
Neobdesi	CP@TRINITY_DN28287_c0_g1::CP@TRINITY_DN28287_c0_g1_i3::g.10316::m.10316	50.722	485	197	9	18	478	24	490	6.79e-166	478
Neobdesi	CP@TRINITY_DN28287_c0_g1::CP@TRINITY_DN28287_c0_g1_i4::g.10321::m.10321	50.722	485	197	9	18	478	34	500	7.90e-166	478
Neobdesi	CP@TRINITY_DN593_c0_g1::CP@TRINITY_DN593_c0_g1_i1::g.12871::m.12871	52.620	439	196	6	37	475	37	463	8.08e-161	463
Diplambu	CP@TRINITY_DN28287_c0_g1::CP@TRINITY_DN28287_c0_g1_i3::g.10316::m.10316	51.033	484	201	7	19	478	19	490	1.52e-170	489
Diplambu	CP@TRINITY_DN593_c0_g1::CP@TRINITY_DN593_c0_g1_i1::g.12871::m.12871	53.982	452	196	6	24	475	24	463	1.68e-170	488
Diplambu	CP@TRINITY_DN28287_c0_g1::CP@TRINITY_DN28287_c0_g1_i4::g.10321::m.10321	51.033	484	201	7	19	478	29	500	2.69e-170	489
Flecnera	CP@TRINITY_DN593_c0_g1::CP@TRINITY_DN593_c0_g1_i1::g.12871::m.12871	52.941	442	196	5	11	452	32	461	8.03e-165	473
Flecnera	CP@TRINITY_DN28287_c0_g1::CP@TRINITY_DN28287_c0_g1_i3::g.10316::m.10316	50.418	478	201	8	3	456	24	489	9.52e-164	471
Flecnera	CP@TRINITY_DN28287_c0_g1::CP@TRINITY_DN28287_c0_g1_i4::g.10321::m.10321	50.418	478	201	8	3	456	34	499	2.13e-163	471
Rhodsali	CP@TRINITY_DN28287_c0_g1::CP@TRINITY_DN28287_c0_g1_i3::g.10316::m.10316	55.022	458	179	3	37	470	33	487	0.0	522
Rhodsali	CP@TRINITY_DN28287_c0_g1::CP@TRINITY_DN28287_c0_g1_i4::g.10321::m.10321	55.022	458	179	3	37	470	43	497	0.0	522
Rhodsali	CP@TRINITY_DN593_c0_g1::CP@TRINITY_DN593_c0_g1_i1::g.12871::m.12871	55.862	435	187	3	37	470	33	463	6.04e-177	504
Cryppara	CP@TRINITY_DN28287_c0_g1::CP@TRINITY_DN28287_c0_g1_i3::g.10316::m.10316	53.416	483	198	5	23	481	8	487	0.0	516
Cryppara	CP@TRINITY_DN28287_c0_g1::CP@TRINITY_DN28287_c0_g1_i4::g.10321::m.10321	53.416	483	198	5	23	481	18	497	1.67e-180	515
Cryppara	CP@TRINITY_DN593_c0_g1::CP@TRINITY_DN593_c0_g1_i1::g.12871::m.12871	55.506	445	192	4	41	481	21	463	1.08e-174	499
Bafffrig	CP@TRINITY_DN28287_c0_g1::CP@TRINITY_DN28287_c0_g1_i3::g.10316::m.10316	53.684	475	194	4	20	470	15	487	0.0	517
Bafffrig	CP@TRINITY_DN28287_c0_g1::CP@TRINITY_DN28287_c0_g1_i4::g.10321::m.10321	53.684	475	194	4	20	470	25	497	0.0	516
Bafffrig	CP@TRINITY_DN593_c0_g1::CP@TRINITY_DN593_c0_g1_i1::g.12871::m.12871	58.199	433	178	3	39	470	33	463	0.0	514
Idiovort	CP@TRINITY_DN28287_c0_g1::CP@TRINITY_DN28287_c0_g1_i4::g.10321::m.10321	54.065	492	192	7	9	475	23	505	0.0	544
Idiovort	CP@TRINITY_DN28287_c0_g1::CP@TRINITY_DN28287_c0_g1_i3::g.10316::m.10316	54.065	492	192	7	9	475	13	495	0.0	543
Idiovort	CP@TRINITY_DN593_c0_g1::CP@TRINITY_DN593_c0_g1_i1::g.12871::m.12871	54.957	464	205	4	4	466	3	463	0.0	525
Vannfimi	CP@TRINITY_DN28287_c0_g1::CP@TRINITY_DN28287_c0_g1_i4::g.10321::m.10321	58.836	481	171	4	7	461	18	497	0.0	574
Vannfimi	CP@TRINITY_DN28287_c0_g1::CP@TRINITY_DN28287_c0_g1_i3::g.10316::m.10316	58.836	481	171	4	7	461	8	487	0.0	573
Vannfimi	CP@TRINITY_DN593_c0_g1::CP@TRINITY_DN593_c0_g1_i1::g.12871::m.12871	62.156	436	162	3	29	463	32	465	0.0	568
Noctscin	CP@TRINITY_DN28287_c0_g1::CP@TRINITY_DN28287_c0_g1_i3::g.10316::m.10316	50.763	262	106	2	1	240	223	483	2.04e-94	286
Noctscin	CP@TRINITY_DN28287_c0_g1::CP@TRINITY_DN28287_c0_g1_i4::g.10321::m.10321	50.763	262	106	2	1	240	233	493	4.56e-94	285
Noctscin	CP@TRINITY_DN593_c0_g1::CP@TRINITY_DN593_c0_g1_i1::g.12871::m.12871	54.217	249	107	4	1	246	221	465	4.06e-93	281
Oxyrmari	CP@TRINITY_DN28287_c0_g1::CP@TRINITY_DN28287_c0_g1_i3::g.10316::m.10316	48.214	448	209	3	40	465	37	483	7.91e-162	467
Oxyrmari	CP@TRINITY_DN28287_c0_g1::CP@TRINITY_DN28287_c0_g1_i4::g.10321::m.10321	48.214	448	209	3	40	465	47	493	1.60e-161	466
Oxyrmari	CP@TRINITY_DN593_c0_g1::CP@TRINITY_DN593_c0_g1_i1::g.12871::m.12871	47.137	454	225	8	21	463	8	457	5.29e-148	431
Adunpalu	CP@TRINITY_DN28287_c0_g1::CP@TRINITY_DN28287_c0_g1_i3::g.10316::m.10316	50.896	279	113	3	21	275	54	332	6.32e-94	285
Adunpalu	CP@TRINITY_DN28287_c0_g1::CP@TRINITY_DN28287_c0_g1_i4::g.10321::m.10321	50.896	279	113	3	21	275	64	342	7.24e-94	286
Adunpalu	CP@TRINITY_DN593_c0_g1::CP@TRINITY_DN593_c0_g1_i1::g.12871::m.12871	47.794	272	140	2	5	275	38	308	1.85e-87	268
Euglgrac	CP@TRINITY_DN28287_c0_g1::CP@TRINITY_DN28287_c0_g1_i3::g.10316::m.10316	52.747	455	186	4	21	451	37	486	5.11e-171	489
Euglgrac	CP@TRINITY_DN28287_c0_g1::CP@TRINITY_DN28287_c0_g1_i4::g.10321::m.10321	52.747	455	186	4	21	451	47	496	5.17e-171	490
Euglgrac	CP@TRINITY_DN593_c0_g1::CP@TRINITY_DN593_c0_g1_i1::g.12871::m.12871	53.196	438	196	4	11	446	27	457	1.80e-165	474
Eugllong	CP@TRINITY_DN28287_c0_g1::CP@TRINITY_DN28287_c0_g1_i3::g.10316::m.10316	51.860	484	199	7	6	460	9	487	8.00e-172	492
Eugllong	CP@TRINITY_DN28287_c0_g1::CP@TRINITY_DN28287_c0_g1_i4::g.10321::m.10321	51.860	484	199	7	6	460	19	497	9.33e-172	492
Eugllong	CP@TRINITY_DN593_c0_g1::CP@TRINITY_DN593_c0_g1_i1::g.12871::m.12871	53.318	437	195	5	20	454	28	457	8.17e-166	476
Eutrgymn	CP@TRINITY_DN28287_c0_g1::CP@TRINITY_DN28287_c0_g1_i3::g.10316::m.10316	51.240	484	206	5	2	460	9	487	2.31e-171	491
Eutrgymn	CP@TRINITY_DN28287_c0_g1::CP@TRINITY_DN28287_c0_g1_i4::g.10321::m.10321	51.240	484	206	5	2	460	19	497	4.54e-171	490
Eutrgymn	CP@TRINITY_DN593_c0_g1::CP@TRINITY_DN593_c0_g1_i1::g.12871::m.12871	52.283	438	200	4	19	454	27	457	7.53e-163	468
Guttvulg	CP@TRINITY_DN28287_c0_g1::CP@TRINITY_DN28287_c0_g1_i3::g.10316::m.10316	46.465	495	241	7	2	487	9	488	2.79e-156	454
Guttvulg	CP@TRINITY_DN28287_c0_g1::CP@TRINITY_DN28287_c0_g1_i4::g.10321::m.10321	46.465	495	241	7	2	487	19	498	2.90e-156	454
Guttvulg	CP@TRINITY_DN593_c0_g1::CP@TRINITY_DN593_c0_g1_i1::g.12871::m.12871	48.485	462	208	8	31	487	28	464	1.27e-147	431
Echiexud	CP@TRINITY_DN28287_c0_g1::CP@TRINITY_DN28287_c0_g1_i4::g.10321::m.10321	61.345	476	158	4	2	452	19	493	0.0	598
Echiexud	CP@TRINITY_DN28287_c0_g1::CP@TRINITY_DN28287_c0_g1_i3::g.10316::m.10316	61.345	476	158	4	2	452	9	483	0.0	597
Echiexud	CP@TRINITY_DN593_c0_g1::CP@TRINITY_DN593_c0_g1_i1::g.12871::m.12871	61.806	432	162	3	28	458	36	465	0.0	548
MicrA134	CP@TRINITY_DN28287_c0_g1::CP@TRINITY_DN28287_c0_g1_i3::g.10316::m.10316	54.930	497	195	6	4	477	3	493	0.0	551
MicrA134	CP@TRINITY_DN28287_c0_g1::CP@TRINITY_DN28287_c0_g1_i4::g.10321::m.10321	55.306	490	191	5	11	477	19	503	0.0	550
MicrA134	CP@TRINITY_DN593_c0_g1::CP@TRINITY_DN593_c0_g1_i1::g.12871::m.12871	56.211	475	190	8	6	475	6	467	0.0	522
Vermverm	CP@TRINITY_DN593_c0_g1::CP@TRINITY_DN593_c0_g1_i1::g.12871::m.12871	59.519	457	175	5	11	465	14	462	0.0	563
Vermverm	CP@TRINITY_DN28287_c0_g1::CP@TRINITY_DN28287_c0_g1_i4::g.10321::m.10321	58.099	463	167	4	28	465	36	496	0.0	561
Vermverm	CP@TRINITY_DN28287_c0_g1::CP@TRINITY_DN28287_c0_g1_i3::g.10316::m.10316	58.099	463	167	4	28	465	26	486	0.0	561
Cochminu	CP@TRINITY_DN28287_c0_g1::CP@TRINITY_DN28287_c0_g1_i3::g.10316::m.10316	57.996	469	168	5	20	463	24	488	0.0	562
Cochminu	CP@TRINITY_DN28287_c0_g1::CP@TRINITY_DN28287_c0_g1_i4::g.10321::m.10321	57.996	469	168	5	20	463	34	498	0.0	561
Cochminu	CP@TRINITY_DN593_c0_g1::CP@TRINITY_DN593_c0_g1_i1::g.12871::m.12871	57.743	452	179	5	13	457	12	458	0.0	539
Ovaldese	CP@TRINITY_DN28287_c0_g1::CP@TRINITY_DN28287_c0_g1_i3::g.10316::m.10316	56.371	463	175	5	24	460	28	489	0.0	541
Ovaldese	CP@TRINITY_DN28287_c0_g1::CP@TRINITY_DN28287_c0_g1_i4::g.10321::m.10321	56.371	463	175	5	24	460	38	499	0.0	540
Ovaldese	CP@TRINITY_DN593_c0_g1::CP@TRINITY_DN593_c0_g1_i1::g.12871::m.12871	58.891	433	175	3	27	458	33	463	0.0	530
Mayocant	CP@TRINITY_DN28287_c0_g1::CP@TRINITY_DN28287_c0_g1_i3::g.10316::m.10316	58.261	460	167	4	19	454	29	487	0.0	565
Mayocant	CP@TRINITY_DN28287_c0_g1::CP@TRINITY_DN28287_c0_g1_i4::g.10321::m.10321	58.261	460	167	4	19	454	39	497	0.0	565
Mayocant	CP@TRINITY_DN593_c0_g1::CP@TRINITY_DN593_c0_g1_i1::g.12871::m.12871	57.968	433	181	1	26	458	36	467	0.0	525
Soliirre	CP@TRINITY_DN28287_c0_g1::CP@TRINITY_DN28287_c0_g1_i4::g.10321::m.10321	57.173	481	178	6	6	460	23	501	0.0	576
Soliirre	CP@TRINITY_DN28287_c0_g1::CP@TRINITY_DN28287_c0_g1_i3::g.10316::m.10316	57.173	481	178	6	6	460	13	491	0.0	575
Soliirre	CP@TRINITY_DN593_c0_g1::CP@TRINITY_DN593_c0_g1_i1::g.12871::m.12871	60.321	436	170	3	22	456	30	463	0.0	562
Phalsoli	CP@TRINITY_DN28287_c0_g1::CP@TRINITY_DN28287_c0_g1_i4::g.10321::m.10321	56.813	477	180	5	24	476	29	503	0.0	556
Phalsoli	CP@TRINITY_DN28287_c0_g1::CP@TRINITY_DN28287_c0_g1_i3::g.10316::m.10316	56.813	477	180	5	24	476	19	493	0.0	555
Phalsoli	CP@TRINITY_DN593_c0_g1::CP@TRINITY_DN593_c0_g1_i1::g.12871::m.12871	58.079	458	187	4	16	470	8	463	0.0	547
Cavoapop	CP@TRINITY_DN593_c0_g1::CP@TRINITY_DN593_c0_g1_i1::g.12871::m.12871	58.672	467	186	4	31	496	3	463	0.0	556
Cavoapop	CP@TRINITY_DN28287_c0_g1::CP@TRINITY_DN28287_c0_g1_i4::g.10321::m.10321	54.865	483	191	4	46	504	24	503	0.0	546
Cavoapop	CP@TRINITY_DN28287_c0_g1::CP@TRINITY_DN28287_c0_g1_i3::g.10316::m.10316	54.865	483	191	4	46	504	14	493	0.0	546
Schivulg	CP@TRINITY_DN28287_c0_g1::CP@TRINITY_DN28287_c0_g1_i3::g.10316::m.10316	55.556	477	184	6	15	467	21	493	0.0	557
Schivulg	CP@TRINITY_DN28287_c0_g1::CP@TRINITY_DN28287_c0_g1_i4::g.10321::m.10321	55.556	477	184	6	15	467	31	503	0.0	556
Schivulg	CP@TRINITY_DN593_c0_g1::CP@TRINITY_DN593_c0_g1_i1::g.12871::m.12871	57.883	463	189	4	1	459	3	463	0.0	553
Filanola	CP@TRINITY_DN593_c0_g1::CP@TRINITY_DN593_c0_g1_i1::g.12871::m.12871	63.081	409	148	3	45	452	56	462	0.0	540
Filanola	CP@TRINITY_DN28287_c0_g1::CP@TRINITY_DN28287_c0_g1_i4::g.10321::m.10321	57.522	452	157	5	35	452	46	496	0.0	533
Filanola	CP@TRINITY_DN28287_c0_g1::CP@TRINITY_DN28287_c0_g1_i3::g.10316::m.10316	57.522	452	157	5	35	452	36	486	0.0	532
Paralevi	CP@TRINITY_DN593_c0_g1::CP@TRINITY_DN593_c0_g1_i1::g.12871::m.12871	59.122	433	172	5	36	468	36	463	0.0	514
Paralevi	CP@TRINITY_DN28287_c0_g1::CP@TRINITY_DN28287_c0_g1_i3::g.10316::m.10316	51.335	487	206	8	11	471	9	490	1.91e-173	496
Paralevi	CP@TRINITY_DN28287_c0_g1::CP@TRINITY_DN28287_c0_g1_i4::g.10321::m.10321	51.335	487	206	8	11	471	19	500	2.54e-173	497
Veximinu	CP@TRINITY_DN28287_c0_g1::CP@TRINITY_DN28287_c0_g1_i3::g.10316::m.10316	57.336	443	162	4	18	436	50	489	0.0	525
Veximinu	CP@TRINITY_DN28287_c0_g1::CP@TRINITY_DN28287_c0_g1_i4::g.10321::m.10321	57.336	443	162	4	18	436	60	499	0.0	525
Veximinu	CP@TRINITY_DN593_c0_g1::CP@TRINITY_DN593_c0_g1_i1::g.12871::m.12871	58.838	413	167	3	17	429	49	458	0.0	514
Jakolibe	CP@TRINITY_DN593_c0_g1::CP@TRINITY_DN593_c0_g1_i1::g.12871::m.12871	60.000	335	132	2	50	384	34	366	4.07e-151	435
Jakolibe	CP@TRINITY_DN28287_c0_g1::CP@TRINITY_DN28287_c0_g1_i4::g.10321::m.10321	52.228	404	165	6	5	384	1	400	1.81e-149	432
Jakolibe	CP@TRINITY_DN28287_c0_g1::CP@TRINITY_DN28287_c0_g1_i3::g.10316::m.10316	56.044	364	134	5	45	384	29	390	3.43e-149	431
Gefiokel	CP@TRINITY_DN593_c0_g1::CP@TRINITY_DN593_c0_g1_i1::g.12871::m.12871	59.429	350	138	3	2	350	120	466	1.78e-151	434
Gefiokel	CP@TRINITY_DN28287_c0_g1::CP@TRINITY_DN28287_c0_g1_i3::g.10316::m.10316	51.882	372	153	4	2	350	122	490	6.38e-143	414
Gefiokel	CP@TRINITY_DN28287_c0_g1::CP@TRINITY_DN28287_c0_g1_i4::g.10321::m.10321	51.882	372	153	4	2	350	132	500	9.41e-143	414
Luaphula	CP@TRINITY_DN28287_c0_g1::CP@TRINITY_DN28287_c0_g1_i4::g.10321::m.10321	58.686	472	167	6	20	465	27	496	0.0	558
Luaphula	CP@TRINITY_DN28287_c0_g1::CP@TRINITY_DN28287_c0_g1_i3::g.10316::m.10316	58.686	472	167	6	20	465	17	486	0.0	558
Luaphula	CP@TRINITY_DN593_c0_g1::CP@TRINITY_DN593_c0_g1_i1::g.12871::m.12871	58.658	462	174	5	18	465	4	462	0.0	553
Dracjorm	CP@TRINITY_DN593_c0_g1::CP@TRINITY_DN593_c0_g1_i1::g.12871::m.12871	58.525	434	172	6	23	453	35	463	0.0	520
Dracjorm	CP@TRINITY_DN28287_c0_g1::CP@TRINITY_DN28287_c0_g1_i3::g.10316::m.10316	53.648	466	184	7	19	455	27	489	4.00e-174	498
Dracjorm	CP@TRINITY_DN28287_c0_g1::CP@TRINITY_DN28287_c0_g1_i4::g.10321::m.10321	53.648	466	184	7	19	455	37	499	5.21e-174	498
Pellcata	CP@TRINITY_DN28287_c0_g1::CP@TRINITY_DN28287_c0_g1_i4::g.10321::m.10321	55.158	475	182	6	44	489	21	493	0.0	532
Pellcata	CP@TRINITY_DN28287_c0_g1::CP@TRINITY_DN28287_c0_g1_i3::g.10316::m.10316	55.158	475	182	6	44	489	11	483	0.0	532
Pellcata	CP@TRINITY_DN593_c0_g1::CP@TRINITY_DN593_c0_g1_i1::g.12871::m.12871	55.531	461	192	7	37	488	2	458	3.67e-179	511
Gocefonb	CP@TRINITY_DN28287_c0_g1::CP@TRINITY_DN28287_c0_g1_i4::g.10321::m.10321	55.342	468	181	4	29	470	30	495	0.0	537
Gocefonb	CP@TRINITY_DN28287_c0_g1::CP@TRINITY_DN28287_c0_g1_i3::g.10316::m.10316	55.342	468	181	4	29	470	20	485	0.0	537
Gocefonb	CP@TRINITY_DN593_c0_g1::CP@TRINITY_DN593_c0_g1_i1::g.12871::m.12871	56.347	449	187	6	34	476	22	467	1.10e-178	509
Endozona	CP@TRINITY_DN28287_c0_g1::CP@TRINITY_DN28287_c0_g1_i4::g.10321::m.10321	61.050	457	150	5	28	458	41	495	0.0	578
Endozona	CP@TRINITY_DN28287_c0_g1::CP@TRINITY_DN28287_c0_g1_i3::g.10316::m.10316	61.050	457	150	5	28	458	31	485	0.0	578
Endozona	CP@TRINITY_DN593_c0_g1::CP@TRINITY_DN593_c0_g1_i1::g.12871::m.12871	58.028	436	175	6	23	455	28	458	0.0	520
Stensten	CP@TRINITY_DN28287_c0_g1::CP@TRINITY_DN28287_c0_g1_i4::g.10321::m.10321	60.208	480	164	6	34	488	23	500	0.0	591
Stensten	CP@TRINITY_DN28287_c0_g1::CP@TRINITY_DN28287_c0_g1_i3::g.10316::m.10316	60.208	480	164	6	34	488	13	490	0.0	591
Stensten	CP@TRINITY_DN593_c0_g1::CP@TRINITY_DN593_c0_g1_i1::g.12871::m.12871	62.759	435	157	4	48	480	27	458	0.0	561
Armalang	CP@TRINITY_DN28287_c0_g1::CP@TRINITY_DN28287_c0_g1_i4::g.10321::m.10321	54.237	472	191	5	17	465	15	484	0.0	529
Armalang	CP@TRINITY_DN28287_c0_g1::CP@TRINITY_DN28287_c0_g1_i3::g.10316::m.10316	54.237	472	191	5	17	465	5	474	0.0	528
Armalang	CP@TRINITY_DN593_c0_g1::CP@TRINITY_DN593_c0_g1_i1::g.12871::m.12871	54.746	453	199	4	14	465	3	450	9.83e-177	503
Squajapo	CP@TRINITY_DN28287_c0_g1::CP@TRINITY_DN28287_c0_g1_i4::g.10321::m.10321	55.672	476	187	2	2	453	24	499	0.0	549
Squajapo	CP@TRINITY_DN28287_c0_g1::CP@TRINITY_DN28287_c0_g1_i3::g.10316::m.10316	55.672	476	187	2	2	453	14	489	0.0	549
Squajapo	CP@TRINITY_DN593_c0_g1::CP@TRINITY_DN593_c0_g1_i1::g.12871::m.12871	56.951	446	190	2	7	451	19	463	0.0	526
Hetepall	CP@TRINITY_DN28287_c0_g1::CP@TRINITY_DN28287_c0_g1_i4::g.10321::m.10321	53.333	480	162	8	1	421	19	495	9.40e-172	490
Hetepall	CP@TRINITY_DN28287_c0_g1::CP@TRINITY_DN28287_c0_g1_i3::g.10316::m.10316	53.333	480	162	8	1	421	9	485	1.07e-171	490
Hetepall	CP@TRINITY_DN593_c0_g1::CP@TRINITY_DN593_c0_g1_i1::g.12871::m.12871	55.711	429	157	4	21	418	32	458	1.91e-170	486
Echibisp	CP@TRINITY_DN28287_c0_g1::CP@TRINITY_DN28287_c0_g1_i3::g.10316::m.10316	58.740	492	171	6	8	475	9	492	0.0	588
Echibisp	CP@TRINITY_DN28287_c0_g1::CP@TRINITY_DN28287_c0_g1_i4::g.10321::m.10321	58.740	492	171	6	8	475	19	502	0.0	588
Echibisp	CP@TRINITY_DN593_c0_g1::CP@TRINITY_DN593_c0_g1_i1::g.12871::m.12871	57.359	462	188	4	18	472	6	465	0.0	543
Nutolong	CP@TRINITY_DN28287_c0_g1::CP@TRINITY_DN28287_c0_g1_i4::g.10321::m.10321	56.833	461	175	2	11	447	39	499	0.0	551
Nutolong	CP@TRINITY_DN28287_c0_g1::CP@TRINITY_DN28287_c0_g1_i3::g.10316::m.10316	56.833	461	175	2	11	447	29	489	0.0	551
Nutolong	CP@TRINITY_DN593_c0_g1::CP@TRINITY_DN593_c0_g1_i1::g.12871::m.12871	60.183	437	172	2	11	446	29	464	0.0	549
Ancysigm	CP@TRINITY_DN28287_c0_g1::CP@TRINITY_DN28287_c0_g1_i4::g.10321::m.10321	55.858	478	182	4	30	479	23	499	0.0	550
Ancysigm	CP@TRINITY_DN28287_c0_g1::CP@TRINITY_DN28287_c0_g1_i3::g.10316::m.10316	55.858	478	182	4	30	479	13	489	0.0	549
Ancysigm	CP@TRINITY_DN593_c0_g1::CP@TRINITY_DN593_c0_g1_i1::g.12871::m.12871	57.461	449	188	3	33	480	20	466	0.0	533
Fabotrop	CP@TRINITY_DN28287_c0_g1::CP@TRINITY_DN28287_c0_g1_i3::g.10316::m.10316	57.684	449	162	6	3	426	45	490	0.0	527
Fabotrop	CP@TRINITY_DN28287_c0_g1::CP@TRINITY_DN28287_c0_g1_i4::g.10321::m.10321	57.684	449	162	6	3	426	55	500	0.0	526
Fabotrop	CP@TRINITY_DN593_c0_g1::CP@TRINITY_DN593_c0_g1_i1::g.12871::m.12871	57.611	427	173	5	1	424	43	464	1.05e-179	509
Sapppeda	CP@TRINITY_DN28287_c0_g1::CP@TRINITY_DN28287_c0_g1_i4::g.10321::m.10321	56.211	475	178	6	13	460	29	500	0.0	532
Sapppeda	CP@TRINITY_DN28287_c0_g1::CP@TRINITY_DN28287_c0_g1_i3::g.10316::m.10316	56.211	475	178	6	13	460	19	490	0.0	532
Sapppeda	CP@TRINITY_DN593_c0_g1::CP@TRINITY_DN593_c0_g1_i1::g.12871::m.12871	60.187	427	167	3	27	452	34	458	0.0	523
Mantplas	CP@TRINITY_DN593_c0_g1::CP@TRINITY_DN593_c0_g1_i1::g.12871::m.12871	56.018	457	197	4	187	642	13	466	0.0	532
Mantplas	CP@TRINITY_DN28287_c0_g1::CP@TRINITY_DN28287_c0_g1_i4::g.10321::m.10321	54.803	458	178	7	212	643	48	502	8.93e-176	509
Mantplas	CP@TRINITY_DN28287_c0_g1::CP@TRINITY_DN28287_c0_g1_i3::g.10316::m.10316	54.803	458	178	7	212	643	38	492	1.14e-175	509
Cuneruss	CP@TRINITY_DN593_c0_g1::CP@TRINITY_DN593_c0_g1_i1::g.12871::m.12871	56.867	466	195	5	28	490	1	463	0.0	544
Cuneruss	CP@TRINITY_DN28287_c0_g1::CP@TRINITY_DN28287_c0_g1_i4::g.10321::m.10321	55.439	478	185	5	38	488	19	495	0.0	541
Cuneruss	CP@TRINITY_DN28287_c0_g1::CP@TRINITY_DN28287_c0_g1_i3::g.10316::m.10316	54.601	489	186	6	27	488	6	485	0.0	541
Bodosalt	CP@TRINITY_DN28287_c0_g1::CP@TRINITY_DN28287_c0_g1_i4::g.10321::m.10321	62.500	216	73	1	1	216	293	500	4.76e-92	278
Bodosalt	CP@TRINITY_DN28287_c0_g1::CP@TRINITY_DN28287_c0_g1_i3::g.10316::m.10316	62.500	216	73	1	1	216	283	490	5.02e-92	278
Bodosalt	CP@TRINITY_DN593_c0_g1::CP@TRINITY_DN593_c0_g1_i1::g.12871::m.12871	63.380	213	70	2	1	213	259	463	8.47e-92	276
Rigiramo	CP@TRINITY_DN593_c0_g1::CP@TRINITY_DN593_c0_g1_i1::g.12871::m.12871	55.165	455	196	4	7	460	19	466	0.0	523
Rigiramo	CP@TRINITY_DN28287_c0_g1::CP@TRINITY_DN28287_c0_g1_i3::g.10316::m.10316	52.878	469	195	4	8	452	16	482	1.65e-177	507
Rigiramo	CP@TRINITY_DN28287_c0_g1::CP@TRINITY_DN28287_c0_g1_i4::g.10321::m.10321	52.878	469	195	4	8	452	26	492	2.57e-177	507
Diphrota	CP@TRINITY_DN593_c0_g1::CP@TRINITY_DN593_c0_g1_i1::g.12871::m.12871	56.223	466	192	5	23	487	4	458	0.0	543
Diphrota	CP@TRINITY_DN28287_c0_g1::CP@TRINITY_DN28287_c0_g1_i3::g.10316::m.10316	55.459	458	174	4	59	490	32	485	0.0	533
Diphrota	CP@TRINITY_DN28287_c0_g1::CP@TRINITY_DN28287_c0_g1_i4::g.10321::m.10321	55.459	458	174	4	59	490	42	495	0.0	532
Pharkirb	CP@TRINITY_DN593_c0_g1::CP@TRINITY_DN593_c0_g1_i1::g.12871::m.12871	59.823	453	175	5	19	470	19	465	0.0	562
Pharkirb	CP@TRINITY_DN28287_c0_g1::CP@TRINITY_DN28287_c0_g1_i4::g.10321::m.10321	53.027	479	196	5	14	468	24	497	0.0	534
Pharkirb	CP@TRINITY_DN28287_c0_g1::CP@TRINITY_DN28287_c0_g1_i3::g.10316::m.10316	53.027	479	196	5	14	468	14	487	0.0	533
HeterBB2	CP@TRINITY_DN593_c0_g1::CP@TRINITY_DN593_c0_g1_i1::g.12871::m.12871	62.585	441	162	3	21	460	24	462	0.0	580
HeterBB2	CP@TRINITY_DN28287_c0_g1::CP@TRINITY_DN28287_c0_g1_i3::g.10316::m.10316	56.576	479	182	5	6	460	10	486	0.0	566
HeterBB2	CP@TRINITY_DN28287_c0_g1::CP@TRINITY_DN28287_c0_g1_i4::g.10321::m.10321	56.458	480	183	5	6	461	20	497	0.0	566
Sapochin	CP@TRINITY_DN593_c0_g1::CP@TRINITY_DN593_c0_g1_i1::g.12871::m.12871	58.565	432	175	3	7	436	34	463	0.0	522
Sapochin	CP@TRINITY_DN28287_c0_g1::CP@TRINITY_DN28287_c0_g1_i4::g.10321::m.10321	55.654	451	176	2	10	436	47	497	0.0	514
Sapochin	CP@TRINITY_DN28287_c0_g1::CP@TRINITY_DN28287_c0_g1_i3::g.10316::m.10316	55.654	451	176	2	10	436	37	487	0.0	514
Coprprot	CP@TRINITY_DN593_c0_g1::CP@TRINITY_DN593_c0_g1_i1::g.12871::m.12871	59.300	457	181	5	6	460	10	463	0.0	553
Coprprot	CP@TRINITY_DN28287_c0_g1::CP@TRINITY_DN28287_c0_g1_i3::g.10316::m.10316	57.330	457	171	3	27	460	32	487	0.0	542
Coprprot	CP@TRINITY_DN28287_c0_g1::CP@TRINITY_DN28287_c0_g1_i4::g.10321::m.10321	57.330	457	171	3	27	460	42	497	0.0	541
Amoeprot	CP@TRINITY_DN593_c0_g1::CP@TRINITY_DN593_c0_g1_i1::g.12871::m.12871	61.485	431	163	3	28	457	30	458	0.0	546
Amoeprot	CP@TRINITY_DN28287_c0_g1::CP@TRINITY_DN28287_c0_g1_i3::g.10316::m.10316	54.757	473	184	5	14	462	21	487	0.0	530
Amoeprot	CP@TRINITY_DN28287_c0_g1::CP@TRINITY_DN28287_c0_g1_i4::g.10321::m.10321	54.757	473	184	5	14	462	31	497	0.0	530
Arcevulg	CP@TRINITY_DN593_c0_g1::CP@TRINITY_DN593_c0_g1_i1::g.12871::m.12871	60.557	431	168	2	29	458	33	462	0.0	554
Arcevulg	CP@TRINITY_DN28287_c0_g1::CP@TRINITY_DN28287_c0_g1_i3::g.10316::m.10316	54.409	465	188	3	19	459	23	487	0.0	538
Arcevulg	CP@TRINITY_DN28287_c0_g1::CP@TRINITY_DN28287_c0_g1_i4::g.10321::m.10321	54.409	465	188	3	19	459	33	497	0.0	537
NolaAFSM	CP@TRINITY_DN28287_c0_g1::CP@TRINITY_DN28287_c0_g1_i4::g.10321::m.10321	57.143	483	180	6	24	481	19	499	0.0	564
NolaAFSM	CP@TRINITY_DN28287_c0_g1::CP@TRINITY_DN28287_c0_g1_i3::g.10316::m.10316	57.143	483	180	6	24	481	9	489	0.0	564
NolaAFSM	CP@TRINITY_DN593_c0_g1::CP@TRINITY_DN593_c0_g1_i1::g.12871::m.12871	57.974	464	190	4	16	478	3	462	0.0	549
Flabcita	CP@TRINITY_DN28287_c0_g1::CP@TRINITY_DN28287_c0_g1_i3::g.10316::m.10316	55.021	478	189	3	18	471	14	489	0.0	558
Flabcita	CP@TRINITY_DN28287_c0_g1::CP@TRINITY_DN28287_c0_g1_i4::g.10321::m.10321	55.021	478	189	3	18	471	24	499	0.0	558
Flabcita	CP@TRINITY_DN593_c0_g1::CP@TRINITY_DN593_c0_g1_i1::g.12871::m.12871	57.424	458	189	4	15	469	9	463	0.0	548
Rhizsaxo	CP@TRINITY_DN593_c0_g1::CP@TRINITY_DN593_c0_g1_i1::g.12871::m.12871	57.792	462	193	2	2	462	3	463	0.0	562
Rhizsaxo	CP@TRINITY_DN28287_c0_g1::CP@TRINITY_DN28287_c0_g1_i4::g.10321::m.10321	56.250	464	179	3	25	464	36	499	0.0	547
Rhizsaxo	CP@TRINITY_DN28287_c0_g1::CP@TRINITY_DN28287_c0_g1_i3::g.10316::m.10316	56.250	464	179	3	25	464	26	489	0.0	547
Mancberm	CP@TRINITY_DN593_c0_g1::CP@TRINITY_DN593_c0_g1_i1::g.12871::m.12871	61.384	448	170	3	19	465	17	462	0.0	576
Mancberm	CP@TRINITY_DN28287_c0_g1::CP@TRINITY_DN28287_c0_g1_i4::g.10321::m.10321	56.904	478	177	6	13	465	23	496	0.0	559
Mancberm	CP@TRINITY_DN28287_c0_g1::CP@TRINITY_DN28287_c0_g1_i3::g.10316::m.10316	56.904	478	177	6	13	465	13	486	0.0	559
Fontalba	CP@TRINITY_DN593_c0_g1::CP@TRINITY_DN593_c0_g1_i1::g.12871::m.12871	62.014	437	164	2	21	457	32	466	0.0	582
Fontalba	CP@TRINITY_DN28287_c0_g1::CP@TRINITY_DN28287_c0_g1_i4::g.10321::m.10321	56.695	478	179	5	5	458	28	501	0.0	572
Fontalba	CP@TRINITY_DN28287_c0_g1::CP@TRINITY_DN28287_c0_g1_i3::g.10316::m.10316	56.695	478	179	5	5	458	18	491	0.0	572
Salprose	CP@TRINITY_DN593_c0_g1::CP@TRINITY_DN593_c0_g1_i1::g.12871::m.12871	67.713	446	141	3	12	456	23	466	0.0	624
Salprose	CP@TRINITY_DN28287_c0_g1::CP@TRINITY_DN28287_c0_g1_i4::g.10321::m.10321	56.276	478	184	4	3	456	24	500	0.0	563
Salprose	CP@TRINITY_DN28287_c0_g1::CP@TRINITY_DN28287_c0_g1_i3::g.10316::m.10316	56.276	478	184	4	3	456	14	490	0.0	563
Amphquee	CP@TRINITY_DN593_c0_g1::CP@TRINITY_DN593_c0_g1_i1::g.12871::m.12871	66.667	309	98	3	38	342	37	344	2.36e-154	444
Amphquee	CP@TRINITY_DN28287_c0_g1::CP@TRINITY_DN28287_c0_g1_i4::g.10321::m.10321	55.589	331	120	4	39	342	48	378	4.94e-133	390
Amphquee	CP@TRINITY_DN28287_c0_g1::CP@TRINITY_DN28287_c0_g1_i3::g.10316::m.10316	55.589	331	120	4	39	342	38	368	5.44e-133	390
Tricadha	CP@TRINITY_DN593_c0_g1::CP@TRINITY_DN593_c0_g1_i1::g.12871::m.12871	70.345	435	127	2	148	581	34	467	0.0	656
Tricadha	CP@TRINITY_DN28287_c0_g1::CP@TRINITY_DN28287_c0_g1_i4::g.10321::m.10321	57.987	457	168	3	146	578	42	498	0.0	583
Tricadha	CP@TRINITY_DN28287_c0_g1::CP@TRINITY_DN28287_c0_g1_i3::g.10316::m.10316	57.987	457	168	3	146	578	32	488	0.0	583
Aplycali	CP@TRINITY_DN593_c0_g1::CP@TRINITY_DN593_c0_g1_i1::g.12871::m.12871	66.595	467	150	2	6	467	2	467	0.0	668
Aplycali	CP@TRINITY_DN28287_c0_g1::CP@TRINITY_DN28287_c0_g1_i4::g.10321::m.10321	57.174	453	169	3	36	464	47	498	0.0	572
Aplycali	CP@TRINITY_DN28287_c0_g1::CP@TRINITY_DN28287_c0_g1_i3::g.10316::m.10316	57.174	453	169	3	36	464	37	488	0.0	572
Drosmela	CP@TRINITY_DN593_c0_g1::CP@TRINITY_DN593_c0_g1_i1::g.12871::m.12871	69.444	468	134	4	1	462	1	465	0.0	668
Drosmela	CP@TRINITY_DN28287_c0_g1::CP@TRINITY_DN28287_c0_g1_i4::g.10321::m.10321	58.696	460	165	3	26	461	40	498	0.0	585
Drosmela	CP@TRINITY_DN28287_c0_g1::CP@TRINITY_DN28287_c0_g1_i3::g.10316::m.10316	58.696	460	165	3	26	461	30	488	0.0	584
Apismell	CP@TRINITY_DN593_c0_g1::CP@TRINITY_DN593_c0_g1_i1::g.12871::m.12871	66.667	468	149	3	1	462	1	467	0.0	650
Apismell	CP@TRINITY_DN28287_c0_g1::CP@TRINITY_DN28287_c0_g1_i3::g.10316::m.10316	58.952	458	163	3	24	456	28	485	0.0	577
Apismell	CP@TRINITY_DN28287_c0_g1::CP@TRINITY_DN28287_c0_g1_i4::g.10321::m.10321	58.952	458	163	3	24	456	38	495	0.0	577
Schimans	CP@TRINITY_DN593_c0_g1::CP@TRINITY_DN593_c0_g1_i1::g.12871::m.12871	70.051	394	117	1	1	394	73	465	0.0	590
Schimans	CP@TRINITY_DN28287_c0_g1::CP@TRINITY_DN28287_c0_g1_i3::g.10316::m.10316	56.265	423	159	4	2	399	74	495	0.0	514
Schimans	CP@TRINITY_DN28287_c0_g1::CP@TRINITY_DN28287_c0_g1_i4::g.10321::m.10321	56.265	423	159	4	2	399	84	505	0.0	514
Taensoli	CP@TRINITY_DN593_c0_g1::CP@TRINITY_DN593_c0_g1_i1::g.12871::m.12871	64.302	451	160	1	14	464	18	467	0.0	613
Taensoli	CP@TRINITY_DN28287_c0_g1::CP@TRINITY_DN28287_c0_g1_i3::g.10316::m.10316	53.390	472	192	4	15	462	22	489	0.0	524
Taensoli	CP@TRINITY_DN28287_c0_g1::CP@TRINITY_DN28287_c0_g1_i4::g.10321::m.10321	53.390	472	192	4	15	462	32	499	0.0	523
Gallgall	CP@TRINITY_DN593_c0_g1::CP@TRINITY_DN593_c0_g1_i1::g.12871::m.12871	72.248	436	120	1	31	466	32	466	0.0	682
Gallgall	CP@TRINITY_DN28287_c0_g1::CP@TRINITY_DN28287_c0_g1_i4::g.10321::m.10321	58.248	491	179	4	6	471	16	505	0.0	601
Gallgall	CP@TRINITY_DN28287_c0_g1::CP@TRINITY_DN28287_c0_g1_i3::g.10316::m.10316	58.642	486	175	4	11	471	11	495	0.0	600
Branflor	CP@TRINITY_DN593_c0_g1::CP@TRINITY_DN593_c0_g1_i1::g.12871::m.12871	70.940	468	134	2	1	467	1	467	0.0	700
Branflor	CP@TRINITY_DN28287_c0_g1::CP@TRINITY_DN28287_c0_g1_i4::g.10321::m.10321	59.140	465	165	3	24	464	35	498	0.0	590
Branflor	CP@TRINITY_DN28287_c0_g1::CP@TRINITY_DN28287_c0_g1_i3::g.10316::m.10316	59.140	465	165	3	24	464	25	488	0.0	590
Caeneleg	CP@TRINITY_DN593_c0_g1::CP@TRINITY_DN593_c0_g1_i1::g.12871::m.12871	67.957	465	145	2	1	462	1	464	0.0	667
Caeneleg	CP@TRINITY_DN28287_c0_g1::CP@TRINITY_DN28287_c0_g1_i3::g.10316::m.10316	56.263	471	181	4	16	462	19	488	0.0	554
Caeneleg	CP@TRINITY_DN28287_c0_g1::CP@TRINITY_DN28287_c0_g1_i4::g.10321::m.10321	56.263	471	181	4	16	462	29	498	0.0	553
Minivibr	CP@TRINITY_DN593_c0_g1::CP@TRINITY_DN593_c0_g1_i1::g.12871::m.12871	66.591	443	145	3	36	477	27	467	0.0	606
Minivibr	CP@TRINITY_DN28287_c0_g1::CP@TRINITY_DN28287_c0_g1_i4::g.10321::m.10321	56.503	469	179	3	32	476	33	500	0.0	550
Minivibr	CP@TRINITY_DN28287_c0_g1::CP@TRINITY_DN28287_c0_g1_i3::g.10316::m.10316	56.503	469	179	3	32	476	23	490	0.0	550
Amoepara	CP@TRINITY_DN593_c0_g1::CP@TRINITY_DN593_c0_g1_i1::g.12871::m.12871	62.335	454	165	3	38	490	16	464	0.0	598
Amoepara	CP@TRINITY_DN28287_c0_g1::CP@TRINITY_DN28287_c0_g1_i4::g.10321::m.10321	57.613	486	174	5	33	490	17	498	0.0	565
Amoepara	CP@TRINITY_DN28287_c0_g1::CP@TRINITY_DN28287_c0_g1_i3::g.10316::m.10316	57.613	486	174	5	33	490	7	488	0.0	565
Sphaarct	CP@TRINITY_DN593_c0_g1::CP@TRINITY_DN593_c0_g1_i1::g.12871::m.12871	62.151	465	164	4	17	481	15	467	0.0	587
Sphaarct	CP@TRINITY_DN28287_c0_g1::CP@TRINITY_DN28287_c0_g1_i4::g.10321::m.10321	53.200	500	200	7	1	476	7	496	0.0	528
Sphaarct	CP@TRINITY_DN28287_c0_g1::CP@TRINITY_DN28287_c0_g1_i3::g.10316::m.10316	53.484	488	195	6	13	476	7	486	0.0	526
Mnemleid	CP@TRINITY_DN593_c0_g1::CP@TRINITY_DN593_c0_g1_i1::g.12871::m.12871	69.165	467	135	3	3	461	2	467	0.0	682
Mnemleid	CP@TRINITY_DN28287_c0_g1::CP@TRINITY_DN28287_c0_g1_i4::g.10321::m.10321	59.424	451	159	2	32	458	48	498	0.0	583
Mnemleid	CP@TRINITY_DN28287_c0_g1::CP@TRINITY_DN28287_c0_g1_i3::g.10316::m.10316	59.424	451	159	2	32	458	38	488	0.0	583
Coprcine	CP@TRINITY_DN593_c0_g1::CP@TRINITY_DN593_c0_g1_i1::g.12871::m.12871	70.661	242	68	2	31	269	223	464	4.13e-126	367
Coprcine	CP@TRINITY_DN28287_c0_g1::CP@TRINITY_DN28287_c0_g1_i3::g.10316::m.10316	56.767	266	90	1	31	271	225	490	6.54e-112	332
Coprcine	CP@TRINITY_DN28287_c0_g1::CP@TRINITY_DN28287_c0_g1_i4::g.10321::m.10321	56.767	266	90	1	31	271	235	500	8.71e-112	332
Rhizdele	CP@TRINITY_DN28287_c0_g1::CP@TRINITY_DN28287_c0_g1_i3::g.10316::m.10316	62.500	488	156	5	9	472	8	492	0.0	646
Rhizdele	CP@TRINITY_DN28287_c0_g1::CP@TRINITY_DN28287_c0_g1_i4::g.10321::m.10321	62.500	488	156	5	9	472	18	502	0.0	646
Rhizdele	CP@TRINITY_DN593_c0_g1::CP@TRINITY_DN593_c0_g1_i1::g.12871::m.12871	67.808	438	138	3	35	471	32	467	0.0	619
Ustimayd	CP@TRINITY_DN28287_c0_g1::CP@TRINITY_DN28287_c0_g1_i3::g.10316::m.10316	49.145	468	197	7	32	469	33	489	7.21e-160	462
Ustimayd	CP@TRINITY_DN28287_c0_g1::CP@TRINITY_DN28287_c0_g1_i4::g.10321::m.10321	49.145	468	197	7	32	469	43	499	1.05e-159	462
Ustimayd	CP@TRINITY_DN593_c0_g1::CP@TRINITY_DN593_c0_g1_i1::g.12871::m.12871	50.740	473	213	7	9	469	1	465	1.16e-158	457
Debahans	CP@TRINITY_DN28287_c0_g1::CP@TRINITY_DN28287_c0_g1_i4::g.10321::m.10321	62.864	412	127	3	1	386	87	498	0.0	545
Debahans	CP@TRINITY_DN28287_c0_g1::CP@TRINITY_DN28287_c0_g1_i3::g.10316::m.10316	62.864	412	127	3	1	386	77	488	0.0	544
Debahans	CP@TRINITY_DN593_c0_g1::CP@TRINITY_DN593_c0_g1_i1::g.12871::m.12871	62.016	387	144	2	4	387	79	465	1.41e-178	505
Schizpom	CP@TRINITY_DN28287_c0_g1::CP@TRINITY_DN28287_c0_g1_i4::g.10321::m.10321	58.403	476	174	4	27	479	24	498	0.0	587
Schizpom	CP@TRINITY_DN28287_c0_g1::CP@TRINITY_DN28287_c0_g1_i3::g.10316::m.10316	58.004	481	178	4	22	479	9	488	0.0	586
Schizpom	CP@TRINITY_DN593_c0_g1::CP@TRINITY_DN593_c0_g1_i1::g.12871::m.12871	59.315	467	186	4	16	480	1	465	0.0	571
Aspefumi	CP@TRINITY_DN28287_c0_g1::CP@TRINITY_DN28287_c0_g1_i4::g.10321::m.10321	60.285	491	166	4	7	474	19	503	0.0	624
Aspefumi	CP@TRINITY_DN28287_c0_g1::CP@TRINITY_DN28287_c0_g1_i3::g.10316::m.10316	60.285	491	166	4	7	474	9	493	0.0	623
Aspefumi	CP@TRINITY_DN593_c0_g1::CP@TRINITY_DN593_c0_g1_i1::g.12871::m.12871	65.046	432	148	3	42	472	38	467	0.0	583
Neurcras	CP@TRINITY_DN28287_c0_g1::CP@TRINITY_DN28287_c0_g1_i4::g.10321::m.10321	60.455	483	159	5	1	460	20	493	0.0	609
Neurcras	CP@TRINITY_DN28287_c0_g1::CP@TRINITY_DN28287_c0_g1_i3::g.10316::m.10316	60.455	483	159	5	1	460	10	483	0.0	609
Neurcras	CP@TRINITY_DN593_c0_g1::CP@TRINITY_DN593_c0_g1_i1::g.12871::m.12871	58.691	443	180	3	18	459	18	458	0.0	548
Spizpunc	CP@TRINITY_DN28287_c0_g1::CP@TRINITY_DN28287_c0_g1_i4::g.10321::m.10321	64.241	481	148	2	8	464	22	502	0.0	667
Spizpunc	CP@TRINITY_DN28287_c0_g1::CP@TRINITY_DN28287_c0_g1_i3::g.10316::m.10316	64.241	481	148	2	8	464	12	492	0.0	667
Spizpunc	CP@TRINITY_DN593_c0_g1::CP@TRINITY_DN593_c0_g1_i1::g.12871::m.12871	67.108	453	143	3	9	460	17	464	0.0	621
Blasbrit	CP@TRINITY_DN28287_c0_g1::CP@TRINITY_DN28287_c0_g1_i3::g.10316::m.10316	64.449	481	147	3	3	459	8	488	0.0	667
Blasbrit	CP@TRINITY_DN28287_c0_g1::CP@TRINITY_DN28287_c0_g1_i4::g.10321::m.10321	64.449	481	147	3	3	459	18	498	0.0	666
Blasbrit	CP@TRINITY_DN593_c0_g1::CP@TRINITY_DN593_c0_g1_i1::g.12871::m.12871	64.946	465	155	4	3	460	2	465	0.0	624
Allomacr	CP@TRINITY_DN28287_c0_g1::CP@TRINITY_DN28287_c0_g1_i3::g.10316::m.10316	62.162	481	155	3	10	463	15	495	0.0	653
Allomacr	CP@TRINITY_DN28287_c0_g1::CP@TRINITY_DN28287_c0_g1_i4::g.10321::m.10321	62.162	481	155	3	10	463	25	505	0.0	652
Allomacr	CP@TRINITY_DN593_c0_g1::CP@TRINITY_DN593_c0_g1_i1::g.12871::m.12871	65.188	451	151	4	13	458	17	466	0.0	607
Stencoer	CP@TRINITY_DN593_c0_g1::CP@TRINITY_DN593_c0_g1_i1::g.12871::m.12871	48.148	432	213	5	10	433	36	464	5.03e-148	429
Stencoer	CP@TRINITY_DN28287_c0_g1::CP@TRINITY_DN28287_c0_g1_i3::g.10316::m.10316	45.575	452	217	3	11	433	37	488	1.43e-144	421
Stencoer	CP@TRINITY_DN28287_c0_g1::CP@TRINITY_DN28287_c0_g1_i4::g.10321::m.10321	45.575	452	217	3	11	433	47	498	2.82e-144	421
Physpate	CP@TRINITY_DN593_c0_g1::CP@TRINITY_DN593_c0_g1_i1::g.12871::m.12871	62.181	431	161	2	25	454	28	457	0.0	575
Physpate	CP@TRINITY_DN28287_c0_g1::CP@TRINITY_DN28287_c0_g1_i4::g.10321::m.10321	55.603	464	182	3	28	467	41	504	0.0	538
Physpate	CP@TRINITY_DN28287_c0_g1::CP@TRINITY_DN28287_c0_g1_i3::g.10316::m.10316	55.603	464	182	3	28	467	31	494	0.0	538
ChoanoFB	CP@TRINITY_DN28287_c0_g1::CP@TRINITY_DN28287_c0_g1_i3::g.10316::m.10316	52.535	493	202	8	1	467	1	487	5.16e-175	500
ChoanoFB	CP@TRINITY_DN593_c0_g1::CP@TRINITY_DN593_c0_g1_i1::g.12871::m.12871	56.463	441	185	5	29	469	32	465	5.61e-175	499
ChoanoFB	CP@TRINITY_DN28287_c0_g1::CP@TRINITY_DN28287_c0_g1_i4::g.10321::m.10321	52.535	493	202	8	1	467	11	497	6.94e-175	500
