Calltube	CP@TRINITY_DN4140_c1_g2::CP@TRINITY_DN4140_c1_g2_i2::g.75976::m.75976	54.266	293	126	4	116	407	1	286	1.09e-106	322
Calltube	CP@TRINITY_DN4140_c1_g2::CP@TRINITY_DN4140_c1_g2_i2::g.75977::m.75977	88.785	107	12	0	1	107	67	173	3.33e-62	198
Thalpseu	CP@TRINITY_DN4140_c1_g2::CP@TRINITY_DN4140_c1_g2_i2::g.75976::m.75976	50.404	371	177	3	74	437	1	371	6.02e-138	402
Guilthet	CP@TRINITY_DN4140_c1_g2::CP@TRINITY_DN4140_c1_g2_i2::g.75976::m.75976	53.134	335	149	4	120	447	1	334	4.10e-117	352
Guilthet	CP@TRINITY_DN4140_c1_g2::CP@TRINITY_DN4140_c1_g2_i2::g.75977::m.75977	87.963	108	13	0	1	108	66	173	2.42e-63	204
Naeggrub	CP@TRINITY_DN4140_c1_g2::CP@TRINITY_DN4140_c1_g2_i2::g.75976::m.75976	54.023	435	190	4	131	557	1	433	2.07e-164	481
Naeggrub	CP@TRINITY_DN6562_c0_g1::CP@TRINITY_DN6562_c0_g1_i1::g.38268::m.38268	41.577	279	157	2	436	714	10	282	1.12e-68	228
Naeggrub	CP@TRINITY_DN4140_c1_g2::CP@TRINITY_DN4140_c1_g2_i2::g.75977::m.75977	79.130	115	24	0	8	122	59	173	1.56e-57	193
Naeggrub	CP@TRINITY_DN4140_c1_g1::CP@TRINITY_DN4140_c1_g1_i6::g.75975::m.75975	52.258	155	72	1	554	708	5	157	1.03e-49	171
TeloneP2	CP@TRINITY_DN4140_c1_g2::CP@TRINITY_DN4140_c1_g2_i2::g.75976::m.75976	51.494	435	189	5	164	576	1	435	3.85e-156	456
TeloneP2	CP@TRINITY_DN4140_c1_g2::CP@TRINITY_DN4140_c1_g2_i2::g.75977::m.75977	64.162	173	39	4	2	155	5	173	9.37e-62	202
TeloneP2	CP@TRINITY_DN6562_c0_g1::CP@TRINITY_DN6562_c0_g1_i1::g.38268::m.38268	46.995	183	96	1	449	630	1	183	1.52e-53	185
Telosubt	CP@TRINITY_DN4140_c1_g2::CP@TRINITY_DN4140_c1_g2_i2::g.75976::m.75976	52.174	437	186	5	167	582	1	435	9.69e-154	454
Telosubt	CP@TRINITY_DN6562_c0_g1::CP@TRINITY_DN6562_c0_g1_i1::g.38268::m.38268	44.406	286	158	1	455	739	1	286	2.56e-87	277
Telosubt	CP@TRINITY_DN4140_c1_g2::CP@TRINITY_DN4140_c1_g2_i2::g.75977::m.75977	81.897	116	21	0	43	158	58	173	9.36e-61	202
Telosubt	CP@TRINITY_DN4140_c1_g1::CP@TRINITY_DN4140_c1_g1_i6::g.75975::m.75975	56.522	161	70	0	576	736	4	164	3.29e-58	195
MAST004E	CP@TRINITY_DN4140_c1_g2::CP@TRINITY_DN4140_c1_g2_i2::g.75976::m.75976	43.678	435	133	5	1	323	1	435	2.62e-120	359
MAST004E	CP@TRINITY_DN6562_c0_g1::CP@TRINITY_DN6562_c0_g1_i1::g.38268::m.38268	42.857	280	142	1	213	474	1	280	3.88e-79	248
MAST004E	CP@TRINITY_DN4140_c1_g1::CP@TRINITY_DN4140_c1_g1_i6::g.75975::m.75975	54.658	161	73	0	318	478	5	165	1.17e-53	177
MAST004C	CP@TRINITY_DN4140_c1_g2::CP@TRINITY_DN4140_c1_g2_i2::g.75976::m.75976	43.478	299	85	4	1	215	137	435	3.12e-76	241
MAST004C	CP@TRINITY_DN6562_c0_g1::CP@TRINITY_DN6562_c0_g1_i1::g.38268::m.38268	43.636	275	133	4	98	352	14	286	5.79e-74	231
MAST004C	CP@TRINITY_DN4140_c1_g1::CP@TRINITY_DN4140_c1_g1_i6::g.75975::m.75975	48.734	158	65	1	209	350	4	161	2.09e-43	148
MAST04A2	CP@TRINITY_DN4140_c1_g2::CP@TRINITY_DN4140_c1_g2_i2::g.75976::m.75976	51.954	435	190	4	148	563	1	435	9.86e-160	468
MAST04A2	CP@TRINITY_DN6562_c0_g1::CP@TRINITY_DN6562_c0_g1_i1::g.38268::m.38268	45.390	282	152	1	433	714	1	280	3.56e-85	271
MAST04A2	CP@TRINITY_DN4140_c1_g2::CP@TRINITY_DN4140_c1_g2_i2::g.75977::m.75977	72.263	137	34	1	7	139	37	173	9.18e-59	196
MAST04A2	CP@TRINITY_DN4140_c1_g1::CP@TRINITY_DN4140_c1_g1_i6::g.75975::m.75975	56.604	159	69	0	557	715	4	162	5.32e-54	183
BicoCB20	CP@TRINITY_DN4140_c1_g2::CP@TRINITY_DN4140_c1_g2_i2::g.75976::m.75976	54.128	436	181	6	168	584	1	436	2.45e-156	461
BicoCB20	CP@TRINITY_DN6562_c0_g1::CP@TRINITY_DN6562_c0_g1_i1::g.38268::m.38268	48.014	277	144	0	464	740	10	286	7.86e-86	273
BicoCB20	CP@TRINITY_DN4140_c1_g2::CP@TRINITY_DN4140_c1_g2_i2::g.75977::m.75977	63.030	165	40	3	16	159	9	173	8.70e-59	197
BicoCB20	CP@TRINITY_DN4140_c1_g1::CP@TRINITY_DN4140_c1_g1_i6::g.75975::m.75975	50.932	161	79	0	577	737	4	164	1.47e-52	179
EctocSP7	CP@TRINITY_DN4140_c1_g2::CP@TRINITY_DN4140_c1_g2_i2::g.75976::m.75976	48.519	439	205	5	170	593	1	433	9.47e-141	421
EctocSP7	CP@TRINITY_DN6562_c0_g1::CP@TRINITY_DN6562_c0_g1_i1::g.38268::m.38268	46.763	278	135	3	459	736	4	268	2.12e-81	261
EctocSP7	CP@TRINITY_DN4140_c1_g2::CP@TRINITY_DN4140_c1_g2_i2::g.75977::m.75977	75.000	128	32	0	34	161	46	173	5.86e-59	197
EctocSP7	CP@TRINITY_DN4140_c1_g1::CP@TRINITY_DN4140_c1_g1_i6::g.75975::m.75975	54.110	146	65	1	589	734	4	147	3.48e-48	167
ChrysoH1	CP@TRINITY_DN4140_c1_g2::CP@TRINITY_DN4140_c1_g2_i2::g.75976::m.75976	44.836	397	141	3	134	452	10	406	7.04e-118	357
Phytpara	CP@TRINITY_DN4140_c1_g2::CP@TRINITY_DN4140_c1_g2_i2::g.75976::m.75976	56.651	436	180	4	176	603	1	435	5.59e-175	509
Phytpara	CP@TRINITY_DN6562_c0_g1::CP@TRINITY_DN6562_c0_g1_i1::g.38268::m.38268	42.759	290	157	1	466	755	1	281	9.61e-76	247
Phytpara	CP@TRINITY_DN4140_c1_g2::CP@TRINITY_DN4140_c1_g2_i2::g.75977::m.75977	62.286	175	56	4	1	167	1	173	1.40e-61	204
Phytpara	CP@TRINITY_DN4140_c1_g1::CP@TRINITY_DN4140_c1_g1_i6::g.75975::m.75975	55.625	160	71	0	597	756	4	163	7.22e-54	183
Paulchro	CP@TRINITY_DN4140_c1_g2::CP@TRINITY_DN4140_c1_g2_i2::g.75976::m.75976	49.195	435	201	5	160	574	1	435	4.22e-151	447
Paulchro	CP@TRINITY_DN6562_c0_g1::CP@TRINITY_DN6562_c0_g1_i1::g.38268::m.38268	40.780	282	164	3	448	728	3	282	2.12e-70	232
Paulchro	CP@TRINITY_DN4140_c1_g2::CP@TRINITY_DN4140_c1_g2_i2::g.75977::m.75977	82.301	113	20	0	39	151	61	173	2.00e-58	196
Paulchro	CP@TRINITY_DN4140_c1_g1::CP@TRINITY_DN4140_c1_g1_i6::g.75975::m.75975	47.799	159	82	1	568	726	4	161	1.58e-44	157
Plasbras	CP@TRINITY_DN4140_c1_g2::CP@TRINITY_DN4140_c1_g2_i2::g.75976::m.75976	48.055	437	207	4	148	566	1	435	2.87e-144	429
Plasbras	CP@TRINITY_DN6562_c0_g1::CP@TRINITY_DN6562_c0_g1_i1::g.38268::m.38268	47.500	280	147	0	444	723	7	286	1.01e-93	293
Plasbras	CP@TRINITY_DN4140_c1_g2::CP@TRINITY_DN4140_c1_g2_i2::g.75977::m.75977	87.736	106	13	0	34	139	68	173	2.34e-59	198
Plasbras	CP@TRINITY_DN4140_c1_g1::CP@TRINITY_DN4140_c1_g1_i6::g.75975::m.75975	50.932	161	79	0	560	720	4	164	4.25e-49	170
Leptvora	CP@TRINITY_DN4140_c1_g2::CP@TRINITY_DN4140_c1_g2_i2::g.75976::m.75976	51.603	343	161	3	1	339	57	398	1.58e-123	362
Retifilo	CP@TRINITY_DN4140_c1_g2::CP@TRINITY_DN4140_c1_g2_i2::g.75976::m.75976	41.290	465	221	6	87	531	1	433	8.16e-120	365
Retifilo	CP@TRINITY_DN6562_c0_g1::CP@TRINITY_DN6562_c0_g1_i1::g.38268::m.38268	39.931	288	171	1	403	690	1	286	1.09e-69	229
Ammo1384	CP@TRINITY_DN4140_c1_g2::CP@TRINITY_DN4140_c1_g2_i2::g.75976::m.75976	43.831	308	151	6	1	299	141	435	7.27e-87	270
Ammo1384	CP@TRINITY_DN6562_c0_g1::CP@TRINITY_DN6562_c0_g1_i1::g.38268::m.38268	44.954	218	115	3	168	385	1	213	1.30e-63	206
Sori0191	CP@TRINITY_DN4140_c1_g2::CP@TRINITY_DN4140_c1_g2_i2::g.75976::m.75976	41.299	431	228	7	1	414	13	435	8.11e-120	361
Sori0191	CP@TRINITY_DN6562_c0_g1::CP@TRINITY_DN6562_c0_g1_i1::g.38268::m.38268	40.226	266	156	2	284	549	2	264	2.59e-66	218
MAST003F	CP@TRINITY_DN4140_c1_g2::CP@TRINITY_DN4140_c1_g2_i2::g.75976::m.75976	44.598	435	158	6	74	425	1	435	7.90e-123	368
MAST003F	CP@TRINITY_DN6562_c0_g1::CP@TRINITY_DN6562_c0_g1_i1::g.38268::m.38268	39.716	282	126	5	295	539	1	275	9.10e-62	205
Paraconf	CP@TRINITY_DN4140_c1_g2::CP@TRINITY_DN4140_c1_g2_i2::g.75976::m.75976	40.865	416	233	6	145	558	1	405	1.55e-102	322
Paraconf	CP@TRINITY_DN4140_c1_g2::CP@TRINITY_DN4140_c1_g2_i2::g.75977::m.75977	63.830	141	45	2	2	136	33	173	3.45e-52	179
Paraconf	CP@TRINITY_DN6562_c0_g1::CP@TRINITY_DN6562_c0_g1_i1::g.38268::m.38268	36.187	257	155	3	465	719	17	266	3.59e-46	167
Leptpyrr	CP@TRINITY_DN4140_c1_g2::CP@TRINITY_DN4140_c1_g2_i2::g.75976::m.75976	39.224	464	251	9	146	604	1	438	8.32e-106	330
Leptpyrr	CP@TRINITY_DN4140_c1_g2::CP@TRINITY_DN4140_c1_g2_i2::g.75977::m.75977	70.732	123	33	1	18	137	51	173	1.63e-52	180
Leptpyrr	CP@TRINITY_DN6562_c0_g1::CP@TRINITY_DN6562_c0_g1_i1::g.38268::m.38268	33.457	269	174	1	453	721	3	266	2.32e-44	161
Leismajo	CP@TRINITY_DN4140_c1_g2::CP@TRINITY_DN4140_c1_g2_i2::g.75976::m.75976	41.190	420	233	6	145	562	1	408	1.13e-102	322
Leismajo	CP@TRINITY_DN4140_c1_g2::CP@TRINITY_DN4140_c1_g2_i2::g.75977::m.75977	71.545	123	32	1	17	136	51	173	3.16e-54	184
Leismajo	CP@TRINITY_DN6562_c0_g1::CP@TRINITY_DN6562_c0_g1_i1::g.38268::m.38268	34.510	255	162	1	466	720	17	266	2.89e-43	158
Trypbruc	CP@TRINITY_DN4140_c1_g2::CP@TRINITY_DN4140_c1_g2_i2::g.75976::m.75976	43.980	407	215	9	145	549	1	396	4.62e-106	331
Trypbruc	CP@TRINITY_DN4140_c1_g2::CP@TRINITY_DN4140_c1_g2_i2::g.75977::m.75977	70.732	123	33	1	17	136	51	173	2.55e-55	187
Trypbruc	CP@TRINITY_DN6562_c0_g1::CP@TRINITY_DN6562_c0_g1_i1::g.38268::m.38268	34.902	255	161	1	465	719	17	266	1.01e-45	165
Hemikukw	CP@TRINITY_DN4140_c1_g2::CP@TRINITY_DN4140_c1_g2_i2::g.75976::m.75976	47.586	435	208	3	179	593	1	435	1.73e-142	426
Hemikukw	CP@TRINITY_DN6562_c0_g1::CP@TRINITY_DN6562_c0_g1_i1::g.38268::m.38268	43.902	287	156	3	466	748	1	286	1.57e-79	257
Hemikukw	CP@TRINITY_DN4140_c1_g2::CP@TRINITY_DN4140_c1_g2_i2::g.75977::m.75977	82.407	108	19	0	63	170	66	173	3.79e-59	198
Hemikukw	CP@TRINITY_DN4140_c1_g1::CP@TRINITY_DN4140_c1_g1_i6::g.75975::m.75975	49.383	162	78	2	587	745	4	164	1.64e-46	163
Vitrbras	CP@TRINITY_DN4140_c1_g2::CP@TRINITY_DN4140_c1_g2_i2::g.75976::m.75976	49.078	434	207	4	183	603	1	433	8.72e-140	419
Vitrbras	CP@TRINITY_DN6562_c0_g1::CP@TRINITY_DN6562_c0_g1_i1::g.38268::m.38268	40.989	283	160	2	481	762	10	286	9.42e-73	239
Vitrbras	CP@TRINITY_DN4140_c1_g2::CP@TRINITY_DN4140_c1_g2_i2::g.75977::m.75977	78.261	115	21	1	60	174	63	173	5.85e-54	184
Vitrbras	CP@TRINITY_DN4140_c1_g1::CP@TRINITY_DN4140_c1_g1_i6::g.75975::m.75975	44.720	161	89	0	599	759	4	164	1.34e-42	152
Eimebrun	CP@TRINITY_DN4140_c1_g2::CP@TRINITY_DN4140_c1_g2_i2::g.75976::m.75976	42.991	321	174	3	218	531	1	319	3.53e-84	273
Eimebrun	CP@TRINITY_DN4140_c1_g2::CP@TRINITY_DN4140_c1_g2_i2::g.75977::m.75977	73.016	126	18	1	84	209	64	173	3.29e-54	184
Alphedax	CP@TRINITY_DN6562_c0_g1::CP@TRINITY_DN6562_c0_g1_i1::g.38268::m.38268	43.411	258	133	2	8	265	37	281	2.51e-77	236
Alphedax	CP@TRINITY_DN4140_c1_g1::CP@TRINITY_DN4140_c1_g1_i6::g.75975::m.75975	45.294	170	83	1	97	266	4	163	1.25e-47	156
Plasfalc	CP@TRINITY_DN4140_c1_g2::CP@TRINITY_DN4140_c1_g2_i2::g.75976::m.75976	30.986	497	267	9	164	648	1	433	8.58e-86	279
Plasfalc	CP@TRINITY_DN6562_c0_g1::CP@TRINITY_DN6562_c0_g1_i1::g.38268::m.38268	36.691	278	173	2	522	799	4	278	7.17e-62	210
Plasfalc	CP@TRINITY_DN4140_c1_g2::CP@TRINITY_DN4140_c1_g2_i2::g.75977::m.75977	81.250	112	17	1	44	155	66	173	4.73e-55	187
Colpangu	CP@TRINITY_DN4140_c1_g2::CP@TRINITY_DN4140_c1_g2_i2::g.75976::m.75976	41.898	432	235	5	176	592	1	431	5.84e-122	372
Colpangu	CP@TRINITY_DN6562_c0_g1::CP@TRINITY_DN6562_c0_g1_i1::g.38268::m.38268	41.577	279	161	1	475	753	10	286	3.79e-72	237
Colpangu	CP@TRINITY_DN4140_c1_g2::CP@TRINITY_DN4140_c1_g2_i2::g.75977::m.75977	76.471	119	24	1	49	167	59	173	1.87e-56	191
Noctscin	CP@TRINITY_DN4140_c1_g2::CP@TRINITY_DN4140_c1_g2_i2::g.75976::m.75976	45.910	379	187	6	1	363	59	435	3.48e-110	335
Noctscin	CP@TRINITY_DN6562_c0_g1::CP@TRINITY_DN6562_c0_g1_i1::g.38268::m.38268	42.612	291	160	3	232	521	2	286	7.12e-81	254
Noctscin	CP@TRINITY_DN4140_c1_g1::CP@TRINITY_DN4140_c1_g1_i6::g.75975::m.75975	48.428	159	81	1	357	515	4	161	1.34e-44	155
Oxyrmari	CP@TRINITY_DN4140_c1_g2::CP@TRINITY_DN4140_c1_g2_i2::g.75976::m.75976	48.513	437	207	6	154	573	1	436	3.73e-134	403
Oxyrmari	CP@TRINITY_DN6562_c0_g1::CP@TRINITY_DN6562_c0_g1_i1::g.38268::m.38268	42.960	277	153	3	452	727	10	282	1.05e-73	241
Oxyrmari	CP@TRINITY_DN4140_c1_g2::CP@TRINITY_DN4140_c1_g2_i2::g.75977::m.75977	80.000	115	19	1	31	145	63	173	1.03e-54	186
Stencoer	CP@TRINITY_DN4140_c1_g2::CP@TRINITY_DN4140_c1_g2_i2::g.75976::m.75976	50.575	435	200	4	138	557	1	435	9.65e-147	435
Stencoer	CP@TRINITY_DN6562_c0_g1::CP@TRINITY_DN6562_c0_g1_i1::g.38268::m.38268	43.911	271	148	2	426	696	1	267	1.01e-73	241
Stencoer	CP@TRINITY_DN4140_c1_g2::CP@TRINITY_DN4140_c1_g2_i2::g.75977::m.75977	75.676	111	27	0	19	129	63	173	1.58e-55	187
Protadhe	CP@TRINITY_DN6562_c0_g1::CP@TRINITY_DN6562_c0_g1_i1::g.38268::m.38268	45.455	275	148	1	2	276	10	282	7.51e-86	259
Protadhe	CP@TRINITY_DN4140_c1_g1::CP@TRINITY_DN4140_c1_g1_i6::g.75975::m.75975	43.671	158	89	0	117	274	4	161	4.44e-41	139
Stroincl	CP@TRINITY_DN4140_c1_g2::CP@TRINITY_DN4140_c1_g2_i2::g.75976::m.75976	50.773	388	182	6	183	563	1	386	1.57e-133	396
Stroincl	CP@TRINITY_DN4140_c1_g2::CP@TRINITY_DN4140_c1_g2_i2::g.75977::m.75977	77.570	107	24	0	67	173	66	172	8.11e-56	186
Styllemn	CP@TRINITY_DN4140_c1_g2::CP@TRINITY_DN4140_c1_g2_i2::g.75976::m.75976	51.030	437	198	5	179	601	1	435	5.65e-152	450
Styllemn	CP@TRINITY_DN6562_c0_g1::CP@TRINITY_DN6562_c0_g1_i1::g.38268::m.38268	42.908	282	156	1	477	758	10	286	3.35e-77	251
Styllemn	CP@TRINITY_DN4140_c1_g2::CP@TRINITY_DN4140_c1_g2_i2::g.75977::m.75977	81.308	107	20	0	63	169	66	172	8.92e-57	191
Styllemn	CP@TRINITY_DN4140_c1_g1::CP@TRINITY_DN4140_c1_g1_i6::g.75975::m.75975	50.932	161	79	0	595	755	4	164	1.01e-47	166
Platmacr	CP@TRINITY_DN4140_c1_g2::CP@TRINITY_DN4140_c1_g2_i2::g.75976::m.75976	51.099	364	166	6	154	509	1	360	1.74e-128	381
Platmacr	CP@TRINITY_DN4140_c1_g2::CP@TRINITY_DN4140_c1_g2_i2::g.75977::m.75977	75.630	119	29	0	27	145	55	173	2.01e-59	194
Paratetr	CP@TRINITY_DN4140_c1_g2::CP@TRINITY_DN4140_c1_g2_i2::g.75976::m.75976	48.055	437	211	5	142	564	1	435	5.15e-142	423
Paratetr	CP@TRINITY_DN6562_c0_g1::CP@TRINITY_DN6562_c0_g1_i1::g.38268::m.38268	42.606	284	162	1	435	718	1	283	2.04e-76	248
Paratetr	CP@TRINITY_DN4140_c1_g2::CP@TRINITY_DN4140_c1_g2_i2::g.75977::m.75977	73.832	107	28	0	26	132	66	172	1.44e-52	179
Ichtmult	CP@TRINITY_DN4140_c1_g2::CP@TRINITY_DN4140_c1_g2_i2::g.75976::m.75976	50.495	303	134	4	1	290	137	436	4.26e-99	303
Ichtmult	CP@TRINITY_DN6562_c0_g1::CP@TRINITY_DN6562_c0_g1_i1::g.38268::m.38268	43.448	290	159	2	158	446	1	286	1.58e-82	256
Tetrther	CP@TRINITY_DN4140_c1_g2::CP@TRINITY_DN4140_c1_g2_i2::g.75976::m.75976	50.864	405	192	4	159	559	1	402	1.13e-142	426
Tetrther	CP@TRINITY_DN6562_c0_g1::CP@TRINITY_DN6562_c0_g1_i1::g.38268::m.38268	42.069	290	163	2	452	740	1	286	5.01e-77	250
Tetrther	CP@TRINITY_DN4140_c1_g2::CP@TRINITY_DN4140_c1_g2_i2::g.75977::m.75977	74.766	107	27	0	43	149	66	172	5.51e-52	178
Galdphle	CP@TRINITY_DN4140_c1_g2::CP@TRINITY_DN4140_c1_g2_i2::g.75976::m.75976	50.569	439	184	5	175	584	1	435	2.94e-151	447
Galdphle	CP@TRINITY_DN6562_c0_g1::CP@TRINITY_DN6562_c0_g1_i1::g.38268::m.38268	43.310	284	157	2	458	738	1	283	5.40e-80	258
Galdphle	CP@TRINITY_DN4140_c1_g1::CP@TRINITY_DN4140_c1_g1_i6::g.75975::m.75975	55.556	162	72	0	578	739	4	165	8.88e-59	196
Galdphle	CP@TRINITY_DN4140_c1_g2::CP@TRINITY_DN4140_c1_g2_i2::g.75977::m.75977	65.957	141	47	1	27	166	33	173	9.20e-54	183
Gracchor	CP@TRINITY_DN4140_c1_g2::CP@TRINITY_DN4140_c1_g2_i2::g.75976::m.75976	54.195	441	181	6	176	601	1	435	1.44e-162	477
Gracchor	CP@TRINITY_DN6562_c0_g1::CP@TRINITY_DN6562_c0_g1_i1::g.38268::m.38268	43.165	278	154	2	480	753	6	283	2.32e-77	251
Gracchor	CP@TRINITY_DN4140_c1_g2::CP@TRINITY_DN4140_c1_g2_i2::g.75977::m.75977	80.870	115	22	0	53	167	59	173	1.68e-57	193
Gracchor	CP@TRINITY_DN4140_c1_g1::CP@TRINITY_DN4140_c1_g1_i6::g.75975::m.75975	58.451	142	59	0	595	736	4	145	6.57e-55	186
Porppurp	CP@TRINITY_DN4140_c1_g2::CP@TRINITY_DN4140_c1_g2_i2::g.75976::m.75976	48.438	448	204	8	192	625	1	435	8.10e-139	417
Porppurp	CP@TRINITY_DN6562_c0_g1::CP@TRINITY_DN6562_c0_g1_i1::g.38268::m.38268	42.254	284	162	1	499	780	1	284	6.28e-79	256
Porppurp	CP@TRINITY_DN4140_c1_g2::CP@TRINITY_DN4140_c1_g2_i2::g.75977::m.75977	82.569	109	19	0	75	183	65	173	2.37e-57	193
Porppurp	CP@TRINITY_DN4140_c1_g1::CP@TRINITY_DN4140_c1_g1_i6::g.75975::m.75975	48.148	162	84	0	619	780	4	165	2.84e-47	165
Chlovari	CP@TRINITY_DN4140_c1_g2::CP@TRINITY_DN4140_c1_g2_i2::g.75976::m.75976	54.253	435	181	3	187	603	1	435	1.02e-168	493
Chlovari	CP@TRINITY_DN6562_c0_g1::CP@TRINITY_DN6562_c0_g1_i1::g.38268::m.38268	46.099	282	150	1	475	756	1	280	7.39e-83	266
Chlovari	CP@TRINITY_DN4140_c1_g2::CP@TRINITY_DN4140_c1_g2_i2::g.75977::m.75977	69.032	155	38	4	34	178	19	173	4.72e-61	203
Chlovari	CP@TRINITY_DN4140_c1_g1::CP@TRINITY_DN4140_c1_g1_i6::g.75975::m.75975	58.282	163	66	1	597	759	4	164	8.17e-57	191
Tetrasti	CP@TRINITY_DN4140_c1_g2::CP@TRINITY_DN4140_c1_g2_i2::g.75976::m.75976	53.089	437	182	4	178	593	1	435	4.26e-161	473
Tetrasti	CP@TRINITY_DN6562_c0_g1::CP@TRINITY_DN6562_c0_g1_i1::g.38268::m.38268	46.763	278	147	1	469	745	4	281	2.48e-82	264
Tetrasti	CP@TRINITY_DN4140_c1_g2::CP@TRINITY_DN4140_c1_g2_i2::g.75977::m.75977	76.642	137	27	2	38	169	37	173	4.31e-63	208
Tetrasti	CP@TRINITY_DN4140_c1_g1::CP@TRINITY_DN4140_c1_g1_i6::g.75975::m.75975	59.375	160	65	0	587	746	4	163	3.21e-60	200
Arabthal	CP@TRINITY_DN4140_c1_g2::CP@TRINITY_DN4140_c1_g2_i2::g.75976::m.75976	53.653	438	176	4	181	594	1	435	5.81e-162	475
Arabthal	CP@TRINITY_DN6562_c0_g1::CP@TRINITY_DN6562_c0_g1_i1::g.38268::m.38268	47.552	286	150	0	466	751	1	286	7.82e-85	271
Arabthal	CP@TRINITY_DN4140_c1_g2::CP@TRINITY_DN4140_c1_g2_i2::g.75977::m.75977	87.387	111	14	0	62	172	63	173	2.89e-62	206
Arabthal	CP@TRINITY_DN4140_c1_g1::CP@TRINITY_DN4140_c1_g1_i6::g.75975::m.75975	54.037	161	74	0	588	748	4	164	5.08e-52	178
Nephpyri	CP@TRINITY_DN4140_c1_g2::CP@TRINITY_DN4140_c1_g2_i2::g.75976::m.75976	54.713	435	183	3	193	613	1	435	2.56e-167	490
Nephpyri	CP@TRINITY_DN6562_c0_g1::CP@TRINITY_DN6562_c0_g1_i1::g.38268::m.38268	45.296	287	153	2	481	767	1	283	6.91e-80	258
Nephpyri	CP@TRINITY_DN4140_c1_g2::CP@TRINITY_DN4140_c1_g2_i2::g.75977::m.75977	90.090	111	11	0	74	184	63	173	2.67e-63	209
Nephpyri	CP@TRINITY_DN4140_c1_g1::CP@TRINITY_DN4140_c1_g1_i6::g.75975::m.75975	57.143	161	69	0	607	767	4	164	2.02e-58	196
Dunasali	CP@TRINITY_DN4140_c1_g2::CP@TRINITY_DN4140_c1_g2_i2::g.75976::m.75976	54.378	434	182	5	169	590	1	430	4.25e-163	478
Dunasali	CP@TRINITY_DN6562_c0_g1::CP@TRINITY_DN6562_c0_g1_i1::g.38268::m.38268	44.203	276	148	1	470	745	10	279	2.25e-75	246
Dunasali	CP@TRINITY_DN4140_c1_g2::CP@TRINITY_DN4140_c1_g2_i2::g.75977::m.75977	76.923	130	30	0	31	160	44	173	3.14e-63	209
Dunasali	CP@TRINITY_DN4140_c1_g1::CP@TRINITY_DN4140_c1_g1_i6::g.75975::m.75975	52.500	160	76	0	589	748	4	163	2.50e-50	173
Pyrapark	CP@TRINITY_DN4140_c1_g2::CP@TRINITY_DN4140_c1_g2_i2::g.75976::m.75976	53.315	362	152	2	2	346	74	435	2.02e-132	391
Pyrapark	CP@TRINITY_DN6562_c0_g1::CP@TRINITY_DN6562_c0_g1_i1::g.38268::m.38268	47.331	281	148	0	218	498	1	281	4.26e-89	275
Pyrapark	CP@TRINITY_DN4140_c1_g1::CP@TRINITY_DN4140_c1_g1_i6::g.75975::m.75975	52.795	161	76	0	340	500	4	164	4.77e-54	179
Mesoviri	CP@TRINITY_DN4140_c1_g2::CP@TRINITY_DN4140_c1_g2_i2::g.75976::m.75976	52.874	435	187	4	182	598	1	435	8.25e-167	488
Mesoviri	CP@TRINITY_DN6562_c0_g1::CP@TRINITY_DN6562_c0_g1_i1::g.38268::m.38268	44.086	279	156	0	477	755	8	286	2.20e-80	259
Mesoviri	CP@TRINITY_DN4140_c1_g2::CP@TRINITY_DN4140_c1_g2_i2::g.75977::m.75977	63.158	171	48	4	18	173	3	173	5.35e-58	195
Mesoviri	CP@TRINITY_DN4140_c1_g1::CP@TRINITY_DN4140_c1_g1_i6::g.75975::m.75975	56.250	160	70	0	592	751	4	163	7.83e-56	188
Rainerin	CP@TRINITY_DN4140_c1_g2::CP@TRINITY_DN4140_c1_g2_i2::g.75976::m.75976	51.825	274	122	2	184	447	1	274	1.36e-92	287
Rainerin	CP@TRINITY_DN4140_c1_g2::CP@TRINITY_DN4140_c1_g2_i2::g.75977::m.75977	70.270	148	40	1	32	175	26	173	3.13e-64	204
ChoanoFB	CP@TRINITY_DN4140_c1_g2::CP@TRINITY_DN4140_c1_g2_i2::g.75976::m.75976	52.874	435	184	4	173	586	1	435	1.75e-157	464
ChoanoFB	CP@TRINITY_DN6562_c0_g1::CP@TRINITY_DN6562_c0_g1_i1::g.38268::m.38268	47.719	285	146	1	461	742	1	285	3.60e-89	282
ChoanoFB	CP@TRINITY_DN4140_c1_g2::CP@TRINITY_DN4140_c1_g2_i2::g.75977::m.75977	71.053	152	38	2	14	164	27	173	2.38e-65	214
ChoanoFB	CP@TRINITY_DN4140_c1_g1::CP@TRINITY_DN4140_c1_g1_i6::g.75975::m.75975	55.280	161	72	0	580	740	4	164	1.08e-56	191
AcanthFB	CP@TRINITY_DN4140_c1_g2::CP@TRINITY_DN4140_c1_g2_i2::g.75977::m.75977	86.207	116	16	0	38	153	58	173	1.31e-67	210
AcanthFB	CP@TRINITY_DN4140_c1_g2::CP@TRINITY_DN4140_c1_g2_i2::g.75976::m.75976	46.569	204	102	2	162	358	1	204	3.94e-53	181
Raphhete	CP@TRINITY_DN4140_c1_g2::CP@TRINITY_DN4140_c1_g2_i2::g.75976::m.75976	52.414	435	186	4	203	616	1	435	1.11e-159	468
Raphhete	CP@TRINITY_DN6562_c0_g1::CP@TRINITY_DN6562_c0_g1_i1::g.38268::m.38268	45.909	220	116	1	491	707	1	220	1.70e-64	216
Raphhete	CP@TRINITY_DN4140_c1_g2::CP@TRINITY_DN4140_c1_g2_i2::g.75977::m.75977	92.523	107	8	0	88	194	67	173	2.11e-63	208
Prassing	CP@TRINITY_DN4140_c1_g2::CP@TRINITY_DN4140_c1_g2_i2::g.75976::m.75976	54.213	356	149	4	11	352	78	433	8.32e-135	397
Prassing	CP@TRINITY_DN6562_c0_g1::CP@TRINITY_DN6562_c0_g1_i1::g.38268::m.38268	44.755	286	155	1	223	508	1	283	7.08e-88	272
Prassing	CP@TRINITY_DN4140_c1_g1::CP@TRINITY_DN4140_c1_g1_i6::g.75975::m.75975	54.037	161	74	0	348	508	4	164	3.45e-58	190
Prascaps	CP@TRINITY_DN4140_c1_g2::CP@TRINITY_DN4140_c1_g2_i2::g.75976::m.75976	56.746	252	103	2	1	246	101	352	7.62e-100	298
Bigenata	CP@TRINITY_DN4140_c1_g2::CP@TRINITY_DN4140_c1_g2_i2::g.75976::m.75976	53.547	437	183	5	132	550	1	435	4.15e-160	469
Bigenata	CP@TRINITY_DN6562_c0_g1::CP@TRINITY_DN6562_c0_g1_i1::g.38268::m.38268	46.316	285	153	0	422	706	1	285	9.19e-85	270
Bigenata	CP@TRINITY_DN4140_c1_g2::CP@TRINITY_DN4140_c1_g2_i2::g.75977::m.75977	87.963	108	13	0	16	123	66	173	2.20e-60	201
Bigenata	CP@TRINITY_DN4140_c1_g1::CP@TRINITY_DN4140_c1_g1_i6::g.75975::m.75975	51.553	161	78	0	544	704	4	164	1.46e-50	174
Gemicryo	CP@TRINITY_DN4140_c1_g2::CP@TRINITY_DN4140_c1_g2_i2::g.75976::m.75976	51.264	435	193	3	173	588	1	435	2.21e-156	461
Gemicryo	CP@TRINITY_DN6562_c0_g1::CP@TRINITY_DN6562_c0_g1_i1::g.38268::m.38268	46.127	284	152	1	461	743	1	284	4.06e-84	269
Gemicryo	CP@TRINITY_DN4140_c1_g2::CP@TRINITY_DN4140_c1_g2_i2::g.75977::m.75977	86.486	111	15	0	54	164	63	173	3.41e-61	203
Gemicryo	CP@TRINITY_DN4140_c1_g1::CP@TRINITY_DN4140_c1_g1_i6::g.75975::m.75975	48.750	160	82	0	583	742	5	164	7.67e-45	158
Hemirufe	CP@TRINITY_DN4140_c1_g2::CP@TRINITY_DN4140_c1_g2_i2::g.75976::m.75976	53.103	435	182	5	164	576	1	435	1.14e-159	469
Hemirufe	CP@TRINITY_DN6562_c0_g1::CP@TRINITY_DN6562_c0_g1_i1::g.38268::m.38268	45.455	286	149	2	449	730	1	283	2.79e-83	266
Hemirufe	CP@TRINITY_DN4140_c1_g2::CP@TRINITY_DN4140_c1_g2_i2::g.75977::m.75977	84.685	111	17	0	45	155	63	173	2.56e-60	201
Hemirufe	CP@TRINITY_DN4140_c1_g1::CP@TRINITY_DN4140_c1_g1_i6::g.75975::m.75975	51.250	160	78	0	571	730	5	164	1.07e-46	163
Goniavon	CP@TRINITY_DN4140_c1_g2::CP@TRINITY_DN4140_c1_g2_i2::g.75976::m.75976	50.115	433	200	4	162	578	1	433	5.93e-155	457
Goniavon	CP@TRINITY_DN6562_c0_g1::CP@TRINITY_DN6562_c0_g1_i1::g.38268::m.38268	48.921	278	140	1	459	736	10	285	3.79e-89	282
Goniavon	CP@TRINITY_DN4140_c1_g2::CP@TRINITY_DN4140_c1_g2_i2::g.75977::m.75977	87.963	108	13	0	46	153	66	173	2.49e-58	196
Goniavon	CP@TRINITY_DN4140_c1_g1::CP@TRINITY_DN4140_c1_g1_i6::g.75975::m.75975	47.205	161	85	0	574	734	4	164	1.69e-42	152
Rozeallo	CP@TRINITY_DN4140_c1_g2::CP@TRINITY_DN4140_c1_g2_i2::g.75976::m.75976	49.443	449	202	4	142	581	1	433	3.98e-161	473
Rozeallo	CP@TRINITY_DN6562_c0_g1::CP@TRINITY_DN6562_c0_g1_i1::g.38268::m.38268	40.461	304	152	2	439	740	10	286	3.80e-74	242
Rozeallo	CP@TRINITY_DN4140_c1_g2::CP@TRINITY_DN4140_c1_g2_i2::g.75977::m.75977	83.193	119	20	0	15	133	55	173	7.24e-64	210
Rozeallo	CP@TRINITY_DN4140_c1_g1::CP@TRINITY_DN4140_c1_g1_i6::g.75975::m.75975	48.101	158	82	0	577	734	4	161	2.29e-48	168
Dictdisc	CP@TRINITY_DN4140_c1_g2::CP@TRINITY_DN4140_c1_g2_i2::g.75976::m.75976	52.164	439	187	7	153	572	1	435	5.61e-159	467
Dictdisc	CP@TRINITY_DN6562_c0_g1::CP@TRINITY_DN6562_c0_g1_i1::g.38268::m.38268	46.154	286	152	1	446	729	1	286	7.31e-88	278
Dictdisc	CP@TRINITY_DN4140_c1_g2::CP@TRINITY_DN4140_c1_g2_i2::g.75977::m.75977	84.071	113	15	1	35	144	61	173	2.44e-58	195
Dictdisc	CP@TRINITY_DN4140_c1_g1::CP@TRINITY_DN4140_c1_g1_i6::g.75975::m.75975	52.174	161	77	0	566	726	4	164	1.26e-53	182
Physpoly	CP@TRINITY_DN4140_c1_g2::CP@TRINITY_DN4140_c1_g2_i2::g.75976::m.75976	50.797	439	195	5	166	587	1	435	2.39e-149	443
Physpoly	CP@TRINITY_DN6562_c0_g1::CP@TRINITY_DN6562_c0_g1_i1::g.38268::m.38268	42.553	282	162	0	459	740	1	282	2.03e-82	264
Physpoly	CP@TRINITY_DN4140_c1_g2::CP@TRINITY_DN4140_c1_g2_i2::g.75977::m.75977	81.739	115	21	0	43	157	59	173	3.58e-59	198
Physpoly	CP@TRINITY_DN4140_c1_g1::CP@TRINITY_DN4140_c1_g1_i6::g.75975::m.75975	47.170	159	84	0	581	739	4	162	2.95e-45	159
Protfung	CP@TRINITY_DN4140_c1_g2::CP@TRINITY_DN4140_c1_g2_i2::g.75976::m.75976	48.055	437	207	7	169	587	1	435	2.71e-141	422
Protfung	CP@TRINITY_DN6562_c0_g1::CP@TRINITY_DN6562_c0_g1_i1::g.38268::m.38268	46.207	290	149	4	457	745	3	286	2.20e-83	267
Protfung	CP@TRINITY_DN4140_c1_g2::CP@TRINITY_DN4140_c1_g2_i2::g.75977::m.75977	82.569	109	19	0	52	160	65	173	6.60e-58	194
Protfung	CP@TRINITY_DN4140_c1_g1::CP@TRINITY_DN4140_c1_g1_i6::g.75975::m.75975	56.442	163	68	2	581	742	4	164	8.27e-56	188
Mitodaph	CP@TRINITY_DN4140_c1_g2::CP@TRINITY_DN4140_c1_g2_i2::g.75976::m.75976	52.903	465	181	7	152	607	1	436	1.74e-166	487
Mitodaph	CP@TRINITY_DN6562_c0_g1::CP@TRINITY_DN6562_c0_g1_i1::g.38268::m.38268	42.395	309	148	3	452	760	5	283	3.53e-81	261
Mitodaph	CP@TRINITY_DN4140_c1_g1::CP@TRINITY_DN4140_c1_g1_i6::g.75975::m.75975	57.764	161	68	0	600	760	4	164	1.55e-59	199
Mitodaph	CP@TRINITY_DN4140_c1_g2::CP@TRINITY_DN4140_c1_g2_i2::g.75977::m.75977	85.849	106	15	0	38	143	68	173	1.40e-58	196
Parasacc	CP@TRINITY_DN4140_c1_g2::CP@TRINITY_DN4140_c1_g2_i2::g.75976::m.75976	55.556	441	172	6	74	495	1	436	2.86e-171	495
Parasacc	CP@TRINITY_DN6562_c0_g1::CP@TRINITY_DN6562_c0_g1_i1::g.38268::m.38268	45.956	272	139	1	362	633	5	268	2.79e-84	266
Parasacc	CP@TRINITY_DN4140_c1_g1::CP@TRINITY_DN4140_c1_g1_i6::g.75975::m.75975	59.864	147	59	0	488	634	4	150	7.90e-58	192
Homosapi	CP@TRINITY_DN4140_c1_g2::CP@TRINITY_DN4140_c1_g2_i2::g.75976::m.75976	47.807	456	204	6	162	604	1	435	2.96e-149	443
Homosapi	CP@TRINITY_DN6562_c0_g1::CP@TRINITY_DN6562_c0_g1_i1::g.38268::m.38268	58.065	279	117	0	476	754	1	279	1.74e-118	359
Homosapi	CP@TRINITY_DN4140_c1_g2::CP@TRINITY_DN4140_c1_g2_i2::g.75977::m.75977	85.185	108	16	0	45	152	65	172	1.39e-58	196
Homosapi	CP@TRINITY_DN4140_c1_g1::CP@TRINITY_DN4140_c1_g1_i6::g.75975::m.75975	54.140	157	72	0	598	754	4	160	3.52e-52	179
Nemavect	CP@TRINITY_DN4140_c1_g2::CP@TRINITY_DN4140_c1_g2_i2::g.75976::m.75976	51.376	436	195	4	156	575	1	435	3.56e-146	434
Nemavect	CP@TRINITY_DN6562_c0_g1::CP@TRINITY_DN6562_c0_g1_i1::g.38268::m.38268	51.748	286	134	1	447	732	1	282	1.88e-100	311
Nemavect	CP@TRINITY_DN4140_c1_g2::CP@TRINITY_DN4140_c1_g2_i2::g.75977::m.75977	83.636	110	18	0	38	147	64	173	1.14e-60	202
Nemavect	CP@TRINITY_DN4140_c1_g1::CP@TRINITY_DN4140_c1_g1_i6::g.75975::m.75975	58.385	161	67	0	569	729	4	164	5.77e-60	199
Syssmult	CP@TRINITY_DN4140_c1_g2::CP@TRINITY_DN4140_c1_g2_i2::g.75976::m.75976	48.182	440	211	4	167	591	1	438	1.64e-149	443
Syssmult	CP@TRINITY_DN6562_c0_g1::CP@TRINITY_DN6562_c0_g1_i1::g.38268::m.38268	47.552	286	150	0	458	743	1	286	5.43e-93	292
Syssmult	CP@TRINITY_DN4140_c1_g2::CP@TRINITY_DN4140_c1_g2_i2::g.75977::m.75977	62.658	158	50	2	1	158	25	173	5.34e-59	197
Syssmult	CP@TRINITY_DN4140_c1_g1::CP@TRINITY_DN4140_c1_g1_i6::g.75975::m.75975	50.617	162	80	0	580	741	4	165	4.08e-53	181
Capsowcz	CP@TRINITY_DN4140_c1_g2::CP@TRINITY_DN4140_c1_g2_i2::g.75976::m.75976	50.343	437	197	4	187	605	1	435	3.46e-153	453
Capsowcz	CP@TRINITY_DN6562_c0_g1::CP@TRINITY_DN6562_c0_g1_i1::g.38268::m.38268	48.410	283	146	0	477	759	1	283	4.52e-96	300
Capsowcz	CP@TRINITY_DN4140_c1_g2::CP@TRINITY_DN4140_c1_g2_i2::g.75977::m.75977	64.571	175	42	4	22	178	1	173	1.50e-64	213
Capsowcz	CP@TRINITY_DN4140_c1_g1::CP@TRINITY_DN4140_c1_g1_i6::g.75975::m.75975	54.375	160	73	0	600	759	5	164	1.25e-54	185
Creofrag	CP@TRINITY_DN4140_c1_g2::CP@TRINITY_DN4140_c1_g2_i2::g.75976::m.75976	47.248	436	211	4	187	604	1	435	8.84e-138	414
Creofrag	CP@TRINITY_DN6562_c0_g1::CP@TRINITY_DN6562_c0_g1_i1::g.38268::m.38268	48.601	286	146	1	477	761	1	286	9.11e-94	295
Creofrag	CP@TRINITY_DN4140_c1_g2::CP@TRINITY_DN4140_c1_g2_i2::g.75977::m.75977	85.345	116	17	0	63	178	58	173	9.82e-63	207
Creofrag	CP@TRINITY_DN4140_c1_g1::CP@TRINITY_DN4140_c1_g1_i6::g.75975::m.75975	51.852	162	78	0	598	759	4	165	1.50e-51	177
Sphadest	CP@TRINITY_DN4140_c1_g2::CP@TRINITY_DN4140_c1_g2_i2::g.75976::m.75976	51.259	437	199	3	161	585	1	435	8.98e-154	454
Sphadest	CP@TRINITY_DN6562_c0_g1::CP@TRINITY_DN6562_c0_g1_i1::g.38268::m.38268	50.000	284	142	0	457	740	1	284	5.26e-96	300
Sphadest	CP@TRINITY_DN4140_c1_g2::CP@TRINITY_DN4140_c1_g2_i2::g.75977::m.75977	78.049	123	27	0	30	152	51	173	8.38e-60	199
Sphadest	CP@TRINITY_DN4140_c1_g1::CP@TRINITY_DN4140_c1_g1_i6::g.75975::m.75975	54.658	161	73	0	579	739	4	164	3.90e-54	184
Monobrev	CP@TRINITY_DN4140_c1_g2::CP@TRINITY_DN4140_c1_g2_i2::g.75976::m.75976	48.230	452	200	5	155	589	1	435	8.43e-142	423
Monobrev	CP@TRINITY_DN6562_c0_g1::CP@TRINITY_DN6562_c0_g1_i1::g.38268::m.38268	41.275	298	158	1	444	741	1	281	4.52e-78	253
Monobrev	CP@TRINITY_DN4140_c1_g2::CP@TRINITY_DN4140_c1_g2_i2::g.75977::m.75977	85.586	111	16	0	36	146	63	173	1.26e-62	207
Monobrev	CP@TRINITY_DN4140_c1_g1::CP@TRINITY_DN4140_c1_g1_i6::g.75975::m.75975	49.375	160	81	0	583	742	4	163	1.05e-49	172
Coralima	CP@TRINITY_DN4140_c1_g2::CP@TRINITY_DN4140_c1_g2_i2::g.75976::m.75976	45.455	440	222	5	165	588	1	438	1.76e-137	412
Coralima	CP@TRINITY_DN6562_c0_g1::CP@TRINITY_DN6562_c0_g1_i1::g.38268::m.38268	44.853	272	150	0	466	737	12	283	5.37e-86	274
Coralima	CP@TRINITY_DN4140_c1_g2::CP@TRINITY_DN4140_c1_g2_i2::g.75977::m.75977	70.946	148	38	1	14	156	26	173	8.49e-64	210
Coralima	CP@TRINITY_DN4140_c1_g1::CP@TRINITY_DN4140_c1_g1_i6::g.75975::m.75975	48.408	157	81	0	577	733	4	160	3.99e-48	167
Andagodo	CP@TRINITY_DN4140_c1_g2::CP@TRINITY_DN4140_c1_g2_i2::g.75976::m.75976	50.340	441	202	4	157	586	1	435	6.56e-155	457
Andagodo	CP@TRINITY_DN6562_c0_g1::CP@TRINITY_DN6562_c0_g1_i1::g.38268::m.38268	47.241	290	149	1	458	747	1	286	1.26e-89	283
Andagodo	CP@TRINITY_DN4140_c1_g2::CP@TRINITY_DN4140_c1_g2_i2::g.75977::m.75977	85.586	111	16	0	38	148	63	173	5.49e-59	197
Andagodo	CP@TRINITY_DN4140_c1_g1::CP@TRINITY_DN4140_c1_g1_i6::g.75975::m.75975	54.217	166	72	1	580	745	4	165	2.41e-56	190
Lapoguse	CP@TRINITY_DN4140_c1_g2::CP@TRINITY_DN4140_c1_g2_i2::g.75976::m.75976	52.184	435	190	3	180	596	1	435	2.87e-160	471
Lapoguse	CP@TRINITY_DN6562_c0_g1::CP@TRINITY_DN6562_c0_g1_i1::g.38268::m.38268	44.444	288	158	1	468	755	1	286	1.77e-79	257
Lapoguse	CP@TRINITY_DN4140_c1_g2::CP@TRINITY_DN4140_c1_g2_i2::g.75977::m.75977	82.407	108	19	0	64	171	66	173	2.28e-56	190
Lapoguse	CP@TRINITY_DN4140_c1_g1::CP@TRINITY_DN4140_c1_g1_i6::g.75975::m.75975	50.610	164	77	2	590	752	4	164	2.70e-47	165
Gephhuxl	CP@TRINITY_DN4140_c1_g2::CP@TRINITY_DN4140_c1_g2_i2::g.75976::m.75976	51.606	436	193	5	181	600	2	435	2.64e-154	456
Gephhuxl	CP@TRINITY_DN6562_c0_g1::CP@TRINITY_DN6562_c0_g1_i1::g.38268::m.38268	41.971	274	150	3	487	759	18	283	8.59e-68	226
Gephhuxl	CP@TRINITY_DN4140_c1_g2::CP@TRINITY_DN4140_c1_g2_i2::g.75977::m.75977	60.465	172	32	2	3	156	20	173	1.15e-56	191
Gephhuxl	CP@TRINITY_DN4140_c1_g1::CP@TRINITY_DN4140_c1_g1_i6::g.75975::m.75975	47.561	164	79	2	594	756	4	161	5.08e-44	156
Calclept	CP@TRINITY_DN4140_c1_g2::CP@TRINITY_DN4140_c1_g2_i2::g.75976::m.75976	52.644	435	188	5	170	586	1	435	5.73e-162	475
Calclept	CP@TRINITY_DN6562_c0_g1::CP@TRINITY_DN6562_c0_g1_i1::g.38268::m.38268	42.553	282	160	2	460	740	4	284	1.12e-78	254
Calclept	CP@TRINITY_DN4140_c1_g2::CP@TRINITY_DN4140_c1_g2_i2::g.75977::m.75977	62.791	172	50	3	4	161	2	173	1.49e-58	196
Calclept	CP@TRINITY_DN4140_c1_g1::CP@TRINITY_DN4140_c1_g1_i6::g.75975::m.75975	50.000	158	78	1	580	736	4	161	5.85e-50	172
Thectrah	CP@TRINITY_DN4140_c1_g2::CP@TRINITY_DN4140_c1_g2_i2::g.75976::m.75976	48.182	440	209	5	166	591	1	435	6.82e-141	421
Thectrah	CP@TRINITY_DN6562_c0_g1::CP@TRINITY_DN6562_c0_g1_i1::g.38268::m.38268	44.637	289	157	1	460	748	1	286	4.32e-79	256
Thectrah	CP@TRINITY_DN4140_c1_g1::CP@TRINITY_DN4140_c1_g1_i6::g.75975::m.75975	54.321	162	74	0	585	746	4	165	1.58e-55	187
Thectrah	CP@TRINITY_DN4140_c1_g2::CP@TRINITY_DN4140_c1_g2_i2::g.75977::m.75977	73.043	115	25	1	43	157	65	173	2.25e-52	179
Parvatla	CP@TRINITY_DN4140_c1_g2::CP@TRINITY_DN4140_c1_g2_i2::g.75976::m.75976	54.817	436	177	4	38	453	1	436	4.45e-171	493
Parvatla	CP@TRINITY_DN6562_c0_g1::CP@TRINITY_DN6562_c0_g1_i1::g.38268::m.38268	45.455	286	154	1	326	609	1	286	3.43e-87	273
Parvatla	CP@TRINITY_DN4140_c1_g1::CP@TRINITY_DN4140_c1_g1_i6::g.75975::m.75975	54.037	161	74	0	446	606	4	164	7.27e-57	189
Sacccere	CP@TRINITY_DN4140_c1_g2::CP@TRINITY_DN4140_c1_g2_i2::g.75976::m.75976	56.064	437	172	6	190	606	1	437	2.66e-171	499
Sacccere	CP@TRINITY_DN6562_c0_g1::CP@TRINITY_DN6562_c0_g1_i1::g.38268::m.38268	47.518	282	147	1	481	761	5	286	6.39e-87	276
Sacccere	CP@TRINITY_DN4140_c1_g2::CP@TRINITY_DN4140_c1_g2_i2::g.75977::m.75977	71.318	129	33	1	53	181	49	173	1.42e-55	188
Sacccere	CP@TRINITY_DN4140_c1_g1::CP@TRINITY_DN4140_c1_g1_i6::g.75975::m.75975	47.826	161	84	0	598	758	4	164	3.19e-47	165
Batrdend	CP@TRINITY_DN4140_c1_g2::CP@TRINITY_DN4140_c1_g2_i2::g.75976::m.75976	56.092	435	170	5	147	560	1	435	3.48e-170	495
Batrdend	CP@TRINITY_DN6562_c0_g1::CP@TRINITY_DN6562_c0_g1_i1::g.38268::m.38268	47.122	278	145	2	436	711	3	280	1.00e-88	280
Batrdend	CP@TRINITY_DN4140_c1_g2::CP@TRINITY_DN4140_c1_g2_i2::g.75977::m.75977	87.826	115	14	0	24	138	59	173	6.36e-64	210
Batrdend	CP@TRINITY_DN4140_c1_g1::CP@TRINITY_DN4140_c1_g1_i6::g.75975::m.75975	55.063	158	71	0	554	711	4	161	8.63e-54	182
Idiovort	CP@TRINITY_DN4140_c1_g2::CP@TRINITY_DN4140_c1_g2_i2::g.75976::m.75976	55.991	434	171	5	232	646	1	433	2.26e-160	473
Idiovort	CP@TRINITY_DN6562_c0_g1::CP@TRINITY_DN6562_c0_g1_i1::g.38268::m.38268	43.682	277	155	1	530	805	10	286	2.17e-75	247
Idiovort	CP@TRINITY_DN4140_c1_g2::CP@TRINITY_DN4140_c1_g2_i2::g.75977::m.75977	82.883	111	19	0	113	223	63	173	7.92e-59	197
Idiovort	CP@TRINITY_DN4140_c1_g1::CP@TRINITY_DN4140_c1_g1_i6::g.75975::m.75975	53.896	154	71	0	642	795	4	157	1.19e-51	177
Perkmari	CP@TRINITY_DN4140_c1_g2::CP@TRINITY_DN4140_c1_g2_i2::g.75976::m.75976	44.671	441	229	6	298	731	1	433	4.24e-126	387
Perkmari	CP@TRINITY_DN6562_c0_g1::CP@TRINITY_DN6562_c0_g1_i1::g.38268::m.38268	40.984	305	161	2	587	891	1	286	5.12e-69	231
Perkmari	CP@TRINITY_DN4140_c1_g2::CP@TRINITY_DN4140_c1_g2_i2::g.75977::m.75977	73.109	119	27	1	171	289	60	173	3.06e-54	186
Karebrev	CP@TRINITY_DN4140_c1_g2::CP@TRINITY_DN4140_c1_g2_i2::g.75976::m.75976	47.936	436	208	7	180	599	1	433	7.92e-130	393
Karebrev	CP@TRINITY_DN6562_c0_g1::CP@TRINITY_DN6562_c0_g1_i1::g.38268::m.38268	43.902	287	156	3	470	756	2	283	2.20e-74	243
Karebrev	CP@TRINITY_DN4140_c1_g2::CP@TRINITY_DN4140_c1_g2_i2::g.75977::m.75977	67.626	139	28	2	46	171	39	173	4.60e-56	189
Karebrev	CP@TRINITY_DN4140_c1_g1::CP@TRINITY_DN4140_c1_g1_i6::g.75975::m.75975	47.853	163	84	1	595	757	4	165	1.01e-43	155
Toxogond	CP@TRINITY_DN4140_c1_g2::CP@TRINITY_DN4140_c1_g2_i2::g.75976::m.75976	48.165	436	211	5	298	721	1	433	5.05e-136	413
Toxogond	CP@TRINITY_DN6562_c0_g1::CP@TRINITY_DN6562_c0_g1_i1::g.38268::m.38268	43.448	290	158	2	591	880	3	286	3.37e-77	253
Toxogond	CP@TRINITY_DN4140_c1_g2::CP@TRINITY_DN4140_c1_g2_i2::g.75977::m.75977	72.519	131	13	1	159	289	66	173	3.28e-55	188
Toxogond	CP@TRINITY_DN4140_c1_g1::CP@TRINITY_DN4140_c1_g1_i6::g.75975::m.75975	47.170	159	84	0	717	875	4	162	7.27e-45	159
Chroveli	CP@TRINITY_DN4140_c1_g2::CP@TRINITY_DN4140_c1_g2_i2::g.75976::m.75976	46.882	433	214	6	185	603	1	431	1.30e-130	395
Chroveli	CP@TRINITY_DN6562_c0_g1::CP@TRINITY_DN6562_c0_g1_i1::g.38268::m.38268	41.958	286	159	3	483	768	8	286	1.78e-73	241
Chroveli	CP@TRINITY_DN4140_c1_g2::CP@TRINITY_DN4140_c1_g2_i2::g.75977::m.75977	60.843	166	49	4	23	176	12	173	5.97e-54	184
Neobdesi	CP@TRINITY_DN4140_c1_g2::CP@TRINITY_DN4140_c1_g2_i2::g.75976::m.75976	42.439	410	223	4	143	551	1	398	6.09e-112	346
Neobdesi	CP@TRINITY_DN4140_c1_g2::CP@TRINITY_DN4140_c1_g2_i2::g.75977::m.75977	64.964	137	43	2	3	134	37	173	1.75e-54	185
Flecnera	CP@TRINITY_DN4140_c1_g2::CP@TRINITY_DN4140_c1_g2_i2::g.75976::m.75976	42.439	410	214	8	150	552	1	395	2.16e-99	314
Flecnera	CP@TRINITY_DN4140_c1_g2::CP@TRINITY_DN4140_c1_g2_i2::g.75977::m.75977	64.085	142	39	1	12	141	32	173	5.95e-52	178
Flecnera	CP@TRINITY_DN6562_c0_g1::CP@TRINITY_DN6562_c0_g1_i1::g.38268::m.38268	37.631	287	167	4	452	735	1	278	1.93e-50	178
Diplambu	CP@TRINITY_DN4140_c1_g2::CP@TRINITY_DN4140_c1_g2_i2::g.75976::m.75976	40.980	449	229	10	165	597	1	429	9.06e-100	315
Diplambu	CP@TRINITY_DN4140_c1_g2::CP@TRINITY_DN4140_c1_g2_i2::g.75977::m.75977	75.229	109	27	0	48	156	65	173	3.62e-52	179
Diplambu	CP@TRINITY_DN6562_c0_g1::CP@TRINITY_DN6562_c0_g1_i1::g.38268::m.38268	38.077	260	152	3	480	738	13	264	2.31e-50	178
Rhodlimn	CP@TRINITY_DN4140_c1_g2::CP@TRINITY_DN4140_c1_g2_i2::g.75976::m.75976	50.917	436	190	6	159	577	1	429	2.08e-146	435
Rhodlimn	CP@TRINITY_DN6562_c0_g1::CP@TRINITY_DN6562_c0_g1_i1::g.38268::m.38268	46.429	280	150	0	461	740	7	286	1.35e-86	275
Rhodlimn	CP@TRINITY_DN4140_c1_g2::CP@TRINITY_DN4140_c1_g2_i2::g.75977::m.75977	87.387	111	14	0	40	150	63	173	2.51e-62	206
Rhodlimn	CP@TRINITY_DN4140_c1_g1::CP@TRINITY_DN4140_c1_g1_i6::g.75975::m.75975	48.428	159	82	0	577	735	4	162	6.22e-47	164
Rhodemar	CP@TRINITY_DN4140_c1_g2::CP@TRINITY_DN4140_c1_g2_i2::g.75976::m.75976	50.343	437	194	7	163	582	1	431	8.04e-145	431
Rhodemar	CP@TRINITY_DN6562_c0_g1::CP@TRINITY_DN6562_c0_g1_i1::g.38268::m.38268	41.343	283	165	1	460	742	4	285	3.60e-73	240
Rhodemar	CP@TRINITY_DN4140_c1_g2::CP@TRINITY_DN4140_c1_g2_i2::g.75977::m.75977	82.906	117	20	0	38	154	57	173	6.95e-62	205
Rhodemar	CP@TRINITY_DN4140_c1_g1::CP@TRINITY_DN4140_c1_g1_i6::g.75975::m.75975	49.383	162	82	0	580	741	4	165	2.09e-47	165
Wobbluna	CP@TRINITY_DN4140_c1_g2::CP@TRINITY_DN4140_c1_g2_i2::g.75976::m.75976	57.241	435	167	4	174	589	1	435	1.61e-172	502
Wobbluna	CP@TRINITY_DN6562_c0_g1::CP@TRINITY_DN6562_c0_g1_i1::g.38268::m.38268	45.833	288	153	2	461	747	1	286	4.01e-84	269
Wobbluna	CP@TRINITY_DN4140_c1_g2::CP@TRINITY_DN4140_c1_g2_i2::g.75977::m.75977	62.791	172	47	3	11	165	2	173	1.13e-60	202
Wobbluna	CP@TRINITY_DN4140_c1_g1::CP@TRINITY_DN4140_c1_g1_i6::g.75975::m.75975	53.459	159	73	1	583	741	4	161	2.09e-49	171
PlacCLAB	CP@TRINITY_DN4140_c1_g2::CP@TRINITY_DN4140_c1_g2_i2::g.75976::m.75976	52.752	436	188	4	180	597	1	436	1.75e-160	472
PlacCLAB	CP@TRINITY_DN6562_c0_g1::CP@TRINITY_DN6562_c0_g1_i1::g.38268::m.38268	47.183	284	149	1	468	751	1	283	2.40e-84	270
PlacCLAB	CP@TRINITY_DN4140_c1_g2::CP@TRINITY_DN4140_c1_g2_i2::g.75977::m.75977	65.455	165	46	4	10	171	17	173	9.50e-59	197
PlacCLAB	CP@TRINITY_DN4140_c1_g1::CP@TRINITY_DN4140_c1_g1_i6::g.75975::m.75975	51.235	162	78	1	590	751	4	164	3.54e-52	179
Chlorept	CP@TRINITY_DN4140_c1_g2::CP@TRINITY_DN4140_c1_g2_i2::g.75976::m.75976	54.462	437	180	6	146	565	1	435	2.00e-157	462
Chlorept	CP@TRINITY_DN6562_c0_g1::CP@TRINITY_DN6562_c0_g1_i1::g.38268::m.38268	43.902	287	158	2	436	721	1	285	8.45e-81	259
Chlorept	CP@TRINITY_DN4140_c1_g2::CP@TRINITY_DN4140_c1_g2_i2::g.75977::m.75977	83.784	111	18	0	27	137	63	173	8.04e-59	196
Chlorept	CP@TRINITY_DN4140_c1_g1::CP@TRINITY_DN4140_c1_g1_i6::g.75975::m.75975	52.795	161	76	0	559	719	4	164	7.40e-54	182
Aplakerg	CP@TRINITY_DN4140_c1_g2::CP@TRINITY_DN4140_c1_g2_i2::g.75976::m.75976	50.569	439	200	6	161	586	1	435	5.65e-159	468
Aplakerg	CP@TRINITY_DN6562_c0_g1::CP@TRINITY_DN6562_c0_g1_i1::g.38268::m.38268	41.549	284	161	1	460	743	8	286	2.09e-73	240
Aplakerg	CP@TRINITY_DN4140_c1_g2::CP@TRINITY_DN4140_c1_g2_i2::g.75977::m.75977	71.429	147	32	2	16	152	27	173	6.63e-61	202
Aplakerg	CP@TRINITY_DN4140_c1_g1::CP@TRINITY_DN4140_c1_g1_i6::g.75975::m.75975	48.447	161	83	0	580	740	4	164	2.49e-47	165
ThraLLF1	CP@TRINITY_DN4140_c1_g2::CP@TRINITY_DN4140_c1_g2_i2::g.75976::m.75976	49.324	444	196	6	162	585	1	435	1.37e-148	441
ThraLLF1	CP@TRINITY_DN6562_c0_g1::CP@TRINITY_DN6562_c0_g1_i1::g.38268::m.38268	42.199	282	162	1	461	742	6	286	1.30e-76	249
ThraLLF1	CP@TRINITY_DN4140_c1_g2::CP@TRINITY_DN4140_c1_g2_i2::g.75977::m.75977	85.185	108	16	0	46	153	66	173	1.35e-59	199
ThraLLF1	CP@TRINITY_DN4140_c1_g1::CP@TRINITY_DN4140_c1_g1_i6::g.75975::m.75975	53.247	154	72	0	579	732	4	157	6.87e-51	175
Schiaggr	CP@TRINITY_DN4140_c1_g2::CP@TRINITY_DN4140_c1_g2_i2::g.75976::m.75976	52.955	440	186	6	161	584	1	435	1.13e-160	472
Schiaggr	CP@TRINITY_DN6562_c0_g1::CP@TRINITY_DN6562_c0_g1_i1::g.38268::m.38268	43.463	283	157	1	457	739	5	284	2.88e-78	253
Schiaggr	CP@TRINITY_DN4140_c1_g2::CP@TRINITY_DN4140_c1_g2_i2::g.75977::m.75977	90.000	110	11	0	43	152	64	173	1.20e-63	210
Schiaggr	CP@TRINITY_DN4140_c1_g1::CP@TRINITY_DN4140_c1_g1_i6::g.75975::m.75975	50.311	161	80	0	578	738	4	164	1.75e-50	174
Auralima	CP@TRINITY_DN4140_c1_g2::CP@TRINITY_DN4140_c1_g2_i2::g.75976::m.75976	53.986	439	180	6	177	597	1	435	3.49e-158	466
Auralima	CP@TRINITY_DN6562_c0_g1::CP@TRINITY_DN6562_c0_g1_i1::g.38268::m.38268	40.925	281	163	1	473	753	8	285	6.51e-76	247
Auralima	CP@TRINITY_DN4140_c1_g2::CP@TRINITY_DN4140_c1_g2_i2::g.75977::m.75977	79.675	123	24	1	46	168	52	173	2.89e-58	196
Auralima	CP@TRINITY_DN4140_c1_g1::CP@TRINITY_DN4140_c1_g1_i6::g.75975::m.75975	53.125	160	75	0	591	750	4	163	1.17e-53	182
Haloseos	CP@TRINITY_DN4140_c1_g2::CP@TRINITY_DN4140_c1_g2_i2::g.75976::m.75976	51.954	435	191	3	218	634	1	435	2.25e-157	465
Haloseos	CP@TRINITY_DN6562_c0_g1::CP@TRINITY_DN6562_c0_g1_i1::g.38268::m.38268	45.263	285	156	0	506	790	1	285	4.79e-81	262
Haloseos	CP@TRINITY_DN4140_c1_g2::CP@TRINITY_DN4140_c1_g2_i2::g.75977::m.75977	81.897	116	21	0	94	209	58	173	4.52e-59	198
Haloseos	CP@TRINITY_DN4140_c1_g1::CP@TRINITY_DN4140_c1_g1_i6::g.75975::m.75975	52.532	158	75	0	628	785	4	161	1.78e-50	174
PoterBG1	CP@TRINITY_DN4140_c1_g2::CP@TRINITY_DN4140_c1_g2_i2::g.75976::m.75976	54.734	433	181	5	139	556	1	433	3.65e-167	488
PoterBG1	CP@TRINITY_DN6562_c0_g1::CP@TRINITY_DN6562_c0_g1_i1::g.38268::m.38268	43.986	291	158	2	427	717	1	286	5.69e-83	265
PoterBG1	CP@TRINITY_DN4140_c1_g2::CP@TRINITY_DN4140_c1_g2_i2::g.75977::m.75977	81.982	111	17	1	23	130	63	173	7.50e-57	191
PoterBG1	CP@TRINITY_DN4140_c1_g1::CP@TRINITY_DN4140_c1_g1_i6::g.75975::m.75975	51.875	160	75	1	552	711	4	161	6.06e-48	166
Ochr2298	CP@TRINITY_DN4140_c1_g2::CP@TRINITY_DN4140_c1_g2_i2::g.75976::m.75976	50.115	433	201	4	189	606	1	433	9.68e-158	462
Ochr2298	CP@TRINITY_DN4140_c1_g2::CP@TRINITY_DN4140_c1_g2_i2::g.75977::m.75977	79.464	112	23	0	69	180	62	173	9.60e-57	190
Ochr2298	CP@TRINITY_DN6562_c0_g1::CP@TRINITY_DN6562_c0_g1_i1::g.38268::m.38268	41.969	193	109	1	477	669	1	190	9.78e-50	176
Pedoelon	CP@TRINITY_DN4140_c1_g2::CP@TRINITY_DN4140_c1_g2_i2::g.75976::m.75976	51.501	433	195	5	153	570	1	433	3.37e-155	457
Pedoelon	CP@TRINITY_DN6562_c0_g1::CP@TRINITY_DN6562_c0_g1_i1::g.38268::m.38268	43.581	296	157	4	441	736	1	286	1.49e-78	254
Pedoelon	CP@TRINITY_DN4140_c1_g2::CP@TRINITY_DN4140_c1_g2_i2::g.75977::m.75977	85.047	107	16	0	38	144	67	173	1.34e-57	193
Dino2267	CP@TRINITY_DN4140_c1_g2::CP@TRINITY_DN4140_c1_g2_i2::g.75976::m.75976	52.304	434	190	5	123	540	1	433	3.98e-161	471
Dino2267	CP@TRINITY_DN6562_c0_g1::CP@TRINITY_DN6562_c0_g1_i1::g.38268::m.38268	45.290	276	146	3	411	686	1	271	4.73e-82	262
Dino2267	CP@TRINITY_DN4140_c1_g2::CP@TRINITY_DN4140_c1_g2_i2::g.75977::m.75977	85.981	107	15	0	8	114	67	173	1.65e-57	192
Dino2267	CP@TRINITY_DN4140_c1_g1::CP@TRINITY_DN4140_c1_g1_i6::g.75975::m.75975	48.344	151	76	1	536	686	4	152	6.73e-43	152
Mallmari	CP@TRINITY_DN4140_c1_g2::CP@TRINITY_DN4140_c1_g2_i2::g.75976::m.75976	51.963	433	193	5	175	592	1	433	9.80e-162	475
Mallmari	CP@TRINITY_DN6562_c0_g1::CP@TRINITY_DN6562_c0_g1_i1::g.38268::m.38268	41.924	291	164	3	463	753	1	286	1.45e-77	251
Mallmari	CP@TRINITY_DN4140_c1_g2::CP@TRINITY_DN4140_c1_g2_i2::g.75977::m.75977	72.131	122	19	1	45	166	67	173	5.04e-51	176
Mallmari	CP@TRINITY_DN4140_c1_g1::CP@TRINITY_DN4140_c1_g1_i6::g.75975::m.75975	50.314	159	77	1	588	746	4	160	2.82e-46	162
Paravest	CP@TRINITY_DN4140_c1_g2::CP@TRINITY_DN4140_c1_g2_i2::g.75976::m.75976	51.237	283	118	2	2	280	140	406	1.45e-96	297
Paravest	CP@TRINITY_DN6562_c0_g1::CP@TRINITY_DN6562_c0_g1_i1::g.38268::m.38268	39.667	300	160	4	154	453	1	279	2.85e-73	233
Paravest	CP@TRINITY_DN4140_c1_g1::CP@TRINITY_DN4140_c1_g1_i6::g.75975::m.75975	49.057	159	79	1	295	453	4	160	1.31e-46	159
Tripeleu	CP@TRINITY_DN4140_c1_g2::CP@TRINITY_DN4140_c1_g2_i2::g.75976::m.75976	51.501	433	192	5	153	567	1	433	3.30e-163	478
Tripeleu	CP@TRINITY_DN6562_c0_g1::CP@TRINITY_DN6562_c0_g1_i1::g.38268::m.38268	42.958	284	162	0	441	724	1	284	3.28e-85	271
Tripeleu	CP@TRINITY_DN4140_c1_g2::CP@TRINITY_DN4140_c1_g2_i2::g.75977::m.75977	80.992	121	23	0	24	144	53	173	2.93e-60	200
Tripeleu	CP@TRINITY_DN4140_c1_g1::CP@TRINITY_DN4140_c1_g1_i6::g.75975::m.75975	51.266	158	77	0	563	720	4	161	2.05e-51	176
Phaetric	CP@TRINITY_DN4140_c1_g2::CP@TRINITY_DN4140_c1_g2_i2::g.75977::m.75977	68.790	157	39	4	1	147	17	173	6.30e-64	204
Phaetric	CP@TRINITY_DN4140_c1_g1::CP@TRINITY_DN4140_c1_g1_i6::g.75975::m.75975	54.140	157	70	1	305	461	4	158	5.49e-51	170
Psuemult	CP@TRINITY_DN4140_c1_g2::CP@TRINITY_DN4140_c1_g2_i2::g.75976::m.75976	48.380	432	206	3	161	575	1	432	5.39e-150	444
Psuemult	CP@TRINITY_DN6562_c0_g1::CP@TRINITY_DN6562_c0_g1_i1::g.38268::m.38268	43.151	292	160	2	446	737	1	286	4.75e-78	253
Psuemult	CP@TRINITY_DN4140_c1_g2::CP@TRINITY_DN4140_c1_g2_i2::g.75977::m.75977	69.231	143	37	2	10	152	38	173	9.88e-59	196
Psuemult	CP@TRINITY_DN4140_c1_g1::CP@TRINITY_DN4140_c1_g1_i6::g.75975::m.75975	53.374	163	74	1	572	734	4	164	4.21e-53	181
Fragcyli	CP@TRINITY_DN4140_c1_g2::CP@TRINITY_DN4140_c1_g2_i2::g.75976::m.75976	50.231	432	201	3	126	543	1	432	7.73e-157	461
Fragcyli	CP@TRINITY_DN6562_c0_g1::CP@TRINITY_DN6562_c0_g1_i1::g.38268::m.38268	45.936	283	147	2	423	705	10	286	6.53e-83	265
Fragcyli	CP@TRINITY_DN4140_c1_g2::CP@TRINITY_DN4140_c1_g2_i2::g.75977::m.75977	79.487	117	24	0	1	117	57	173	1.02e-58	196
Fragcyli	CP@TRINITY_DN4140_c1_g1::CP@TRINITY_DN4140_c1_g1_i6::g.75975::m.75975	53.988	163	73	1	540	702	4	164	2.98e-54	184
Fucucera	CP@TRINITY_DN4140_c1_g2::CP@TRINITY_DN4140_c1_g2_i2::g.75976::m.75976	52.847	439	189	7	170	596	1	433	1.70e-151	449
Fucucera	CP@TRINITY_DN6562_c0_g1::CP@TRINITY_DN6562_c0_g1_i1::g.38268::m.38268	45.918	294	146	3	462	755	4	284	4.49e-83	266
Fucucera	CP@TRINITY_DN4140_c1_g2::CP@TRINITY_DN4140_c1_g2_i2::g.75977::m.75977	65.409	159	47	2	10	161	16	173	8.81e-61	202
Fucucera	CP@TRINITY_DN4140_c1_g1::CP@TRINITY_DN4140_c1_g1_i6::g.75975::m.75975	54.375	160	71	1	592	751	4	161	2.32e-53	182
Agarclat	CP@TRINITY_DN4140_c1_g2::CP@TRINITY_DN4140_c1_g2_i2::g.75976::m.75976	50.569	439	196	7	170	593	1	433	2.43e-142	425
Agarclat	CP@TRINITY_DN6562_c0_g1::CP@TRINITY_DN6562_c0_g1_i1::g.38268::m.38268	46.259	294	145	3	459	752	4	284	6.05e-85	271
Agarclat	CP@TRINITY_DN4140_c1_g2::CP@TRINITY_DN4140_c1_g2_i2::g.75977::m.75977	81.034	116	22	0	46	161	58	173	6.41e-59	197
Agarclat	CP@TRINITY_DN4140_c1_g1::CP@TRINITY_DN4140_c1_g1_i6::g.75975::m.75975	51.553	161	76	1	589	749	4	162	6.82e-50	172
Tribgaya	CP@TRINITY_DN4140_c1_g2::CP@TRINITY_DN4140_c1_g2_i2::g.75976::m.75976	54.110	438	188	5	192	617	1	437	1.90e-160	472
Tribgaya	CP@TRINITY_DN6562_c0_g1::CP@TRINITY_DN6562_c0_g1_i1::g.38268::m.38268	43.151	292	158	2	482	773	2	285	3.91e-82	264
Tribgaya	CP@TRINITY_DN4140_c1_g2::CP@TRINITY_DN4140_c1_g2_i2::g.75977::m.75977	65.116	172	55	3	14	183	5	173	4.87e-62	206
Tribgaya	CP@TRINITY_DN4140_c1_g1::CP@TRINITY_DN4140_c1_g1_i6::g.75975::m.75975	49.390	164	81	1	609	772	4	165	6.06e-49	170
Vauclito	CP@TRINITY_DN4140_c1_g2::CP@TRINITY_DN4140_c1_g2_i2::g.75976::m.75976	49.772	438	202	5	170	592	1	435	6.74e-152	449
Vauclito	CP@TRINITY_DN6562_c0_g1::CP@TRINITY_DN6562_c0_g1_i1::g.38268::m.38268	43.345	293	158	2	459	751	2	286	4.07e-85	271
Vauclito	CP@TRINITY_DN4140_c1_g2::CP@TRINITY_DN4140_c1_g2_i2::g.75977::m.75977	81.356	118	21	1	44	161	57	173	3.44e-59	198
Vauclito	CP@TRINITY_DN4140_c1_g1::CP@TRINITY_DN4140_c1_g1_i6::g.75975::m.75975	50.307	163	79	1	586	748	4	164	4.75e-49	170
Syncpusi	CP@TRINITY_DN4140_c1_g2::CP@TRINITY_DN4140_c1_g2_i2::g.75976::m.75976	48.012	327	152	4	1	311	109	433	3.39e-107	325
Syncpusi	CP@TRINITY_DN6562_c0_g1::CP@TRINITY_DN6562_c0_g1_i1::g.38268::m.38268	42.414	290	161	2	181	470	1	284	1.73e-82	257
Syncpusi	CP@TRINITY_DN4140_c1_g1::CP@TRINITY_DN4140_c1_g1_i6::g.75975::m.75975	53.125	160	73	1	307	466	4	161	3.01e-51	171
Paheparv	CP@TRINITY_DN4140_c1_g2::CP@TRINITY_DN4140_c1_g2_i2::g.75976::m.75976	49.407	253	126	1	5	257	183	433	1.63e-88	275
Paheparv	CP@TRINITY_DN6562_c0_g1::CP@TRINITY_DN6562_c0_g1_i1::g.38268::m.38268	40.803	299	162	2	118	416	1	284	5.42e-75	236
Paheparv	CP@TRINITY_DN4140_c1_g1::CP@TRINITY_DN4140_c1_g1_i6::g.75975::m.75975	48.780	164	82	1	253	416	4	165	5.57e-48	161
Pingpyre	CP@TRINITY_DN4140_c1_g2::CP@TRINITY_DN4140_c1_g2_i2::g.75976::m.75976	50.115	435	210	2	152	581	1	433	2.48e-146	449
Pingpyre	CP@TRINITY_DN6562_c0_g1::CP@TRINITY_DN6562_c0_g1_i1::g.38268::m.38268	41.176	289	155	2	450	738	9	282	1.82e-68	232
Pingpyre	CP@TRINITY_DN4140_c1_g2::CP@TRINITY_DN4140_c1_g2_i2::g.75977::m.75977	86.486	111	15	0	33	143	63	173	2.70e-60	204
Pingpyre	CP@TRINITY_DN4140_c1_g1::CP@TRINITY_DN4140_c1_g1_i6::g.75975::m.75975	49.375	160	79	1	577	736	4	161	1.52e-46	164
Heteakas	CP@TRINITY_DN4140_c1_g2::CP@TRINITY_DN4140_c1_g2_i2::g.75976::m.75976	51.163	430	189	3	169	577	1	430	4.84e-158	465
Heteakas	CP@TRINITY_DN6562_c0_g1::CP@TRINITY_DN6562_c0_g1_i1::g.38268::m.38268	42.657	286	159	2	457	739	1	284	1.71e-72	238
Heteakas	CP@TRINITY_DN4140_c1_g2::CP@TRINITY_DN4140_c1_g2_i2::g.75977::m.75977	65.161	155	44	3	10	160	25	173	1.74e-57	193
Heteakas	CP@TRINITY_DN4140_c1_g1::CP@TRINITY_DN4140_c1_g1_i6::g.75975::m.75975	50.311	161	78	1	576	736	4	162	3.75e-47	164
Chatsubs	CP@TRINITY_DN4140_c1_g2::CP@TRINITY_DN4140_c1_g2_i2::g.75976::m.75976	51.628	430	187	3	148	556	1	430	2.39e-156	460
Chatsubs	CP@TRINITY_DN6562_c0_g1::CP@TRINITY_DN6562_c0_g1_i1::g.38268::m.38268	44.840	281	149	3	440	716	4	282	2.32e-77	250
Chatsubs	CP@TRINITY_DN4140_c1_g2::CP@TRINITY_DN4140_c1_g2_i2::g.75977::m.75977	69.853	136	41	0	4	139	38	173	2.58e-60	201
Chatsubs	CP@TRINITY_DN4140_c1_g1::CP@TRINITY_DN4140_c1_g1_i6::g.75975::m.75975	52.174	161	75	1	555	715	4	162	4.42e-49	170
Aureanop	CP@TRINITY_DN4140_c1_g2::CP@TRINITY_DN4140_c1_g2_i2::g.75976::m.75976	48.989	445	199	7	142	570	1	433	1.01e-144	431
Aureanop	CP@TRINITY_DN6562_c0_g1::CP@TRINITY_DN6562_c0_g1_i1::g.38268::m.38268	45.324	278	148	2	451	728	10	283	1.47e-81	262
Aureanop	CP@TRINITY_DN4140_c1_g2::CP@TRINITY_DN4140_c1_g2_i2::g.75977::m.75977	85.981	107	15	0	27	133	67	173	1.66e-56	190
Aureanop	CP@TRINITY_DN4140_c1_g1::CP@TRINITY_DN4140_c1_g1_i6::g.75975::m.75975	49.693	163	80	1	566	728	4	164	1.79e-47	165
Pelacalc	CP@TRINITY_DN4140_c1_g2::CP@TRINITY_DN4140_c1_g2_i2::g.75976::m.75976	47.511	442	202	6	198	618	1	433	6.08e-139	417
Pelacalc	CP@TRINITY_DN6562_c0_g1::CP@TRINITY_DN6562_c0_g1_i1::g.38268::m.38268	47.656	256	131	1	504	756	10	265	7.98e-82	263
Pelacalc	CP@TRINITY_DN4140_c1_g2::CP@TRINITY_DN4140_c1_g2_i2::g.75977::m.75977	85.047	107	16	0	83	189	67	173	6.87e-58	194
Pelacalc	CP@TRINITY_DN4140_c1_g1::CP@TRINITY_DN4140_c1_g1_i6::g.75975::m.75975	50.360	139	69	0	614	752	4	142	1.55e-42	152
Pela2097	CP@TRINITY_DN4140_c1_g2::CP@TRINITY_DN4140_c1_g2_i2::g.75976::m.75976	49.888	445	201	6	50	482	1	435	1.32e-154	453
Pela2097	CP@TRINITY_DN6562_c0_g1::CP@TRINITY_DN6562_c0_g1_i1::g.38268::m.38268	43.421	304	153	4	338	641	2	286	5.46e-81	258
Pela2097	CP@TRINITY_DN4140_c1_g1::CP@TRINITY_DN4140_c1_g1_i6::g.75975::m.75975	51.250	160	76	1	476	635	4	161	8.15e-47	162
Aurelagu	CP@TRINITY_DN4140_c1_g2::CP@TRINITY_DN4140_c1_g2_i2::g.75976::m.75976	52.000	450	198	5	141	589	1	433	3.04e-157	463
Aurelagu	CP@TRINITY_DN6562_c0_g1::CP@TRINITY_DN6562_c0_g1_i1::g.38268::m.38268	40.532	301	156	3	450	750	9	286	1.76e-72	238
Aurelagu	CP@TRINITY_DN4140_c1_g2::CP@TRINITY_DN4140_c1_g2_i2::g.75977::m.75977	85.981	107	15	0	26	132	67	173	2.54e-59	198
Aurelagu	CP@TRINITY_DN4140_c1_g1::CP@TRINITY_DN4140_c1_g1_i6::g.75975::m.75975	50.932	161	77	1	585	745	4	162	3.15e-48	167
Chryfrag	CP@TRINITY_DN4140_c1_g2::CP@TRINITY_DN4140_c1_g2_i2::g.75976::m.75976	52.511	438	188	6	145	567	1	433	1.76e-156	461
Chryfrag	CP@TRINITY_DN6562_c0_g1::CP@TRINITY_DN6562_c0_g1_i1::g.38268::m.38268	43.262	282	156	3	447	728	9	286	1.02e-79	257
Chryfrag	CP@TRINITY_DN4140_c1_g2::CP@TRINITY_DN4140_c1_g2_i2::g.75977::m.75977	86.111	108	15	0	29	136	66	173	2.12e-58	196
Chryfrag	CP@TRINITY_DN4140_c1_g1::CP@TRINITY_DN4140_c1_g1_i6::g.75975::m.75975	53.988	163	73	1	563	725	4	164	4.38e-53	181
Octaspec	CP@TRINITY_DN4140_c1_g2::CP@TRINITY_DN4140_c1_g2_i2::g.75976::m.75976	52.425	433	197	3	159	582	1	433	4.23e-160	470
Octaspec	CP@TRINITY_DN6562_c0_g1::CP@TRINITY_DN6562_c0_g1_i1::g.38268::m.38268	39.721	287	162	2	447	733	1	276	1.87e-74	243
Octaspec	CP@TRINITY_DN4140_c1_g2::CP@TRINITY_DN4140_c1_g2_i2::g.75977::m.75977	88.991	109	12	0	42	150	65	173	3.59e-62	206
Octaspec	CP@TRINITY_DN4140_c1_g1::CP@TRINITY_DN4140_c1_g1_i6::g.75975::m.75975	51.875	160	73	2	578	736	4	160	7.67e-48	166
Flor1587	CP@TRINITY_DN4140_c1_g2::CP@TRINITY_DN4140_c1_g2_i2::g.75976::m.75976	48.741	437	180	5	2	419	22	433	1.05e-141	417
Flor1587	CP@TRINITY_DN6562_c0_g1::CP@TRINITY_DN6562_c0_g1_i1::g.38268::m.38268	40.268	298	163	3	282	578	1	284	5.59e-78	248
Flor1587	CP@TRINITY_DN4140_c1_g1::CP@TRINITY_DN4140_c1_g1_i6::g.75975::m.75975	48.148	162	82	1	415	576	4	163	6.59e-47	162
Pseuelas	CP@TRINITY_DN4140_c1_g2::CP@TRINITY_DN4140_c1_g2_i2::g.75976::m.75976	51.501	433	196	4	154	572	1	433	1.89e-157	463
Pseuelas	CP@TRINITY_DN6562_c0_g1::CP@TRINITY_DN6562_c0_g1_i1::g.38268::m.38268	44.755	286	152	2	442	727	1	280	6.11e-84	268
Pseuelas	CP@TRINITY_DN4140_c1_g2::CP@TRINITY_DN4140_c1_g2_i2::g.75977::m.75977	86.486	111	15	0	35	145	63	173	1.11e-58	196
Pseuelas	CP@TRINITY_DN4140_c1_g1::CP@TRINITY_DN4140_c1_g1_i6::g.75975::m.75975	50.617	162	78	1	568	729	4	163	4.17e-48	167
Pedi2098	CP@TRINITY_DN4140_c1_g2::CP@TRINITY_DN4140_c1_g2_i2::g.75976::m.75976	50.323	310	134	4	1	298	134	435	1.59e-107	325
Pedi2098	CP@TRINITY_DN6562_c0_g1::CP@TRINITY_DN6562_c0_g1_i1::g.38268::m.38268	39.604	303	160	3	153	453	1	282	1.21e-74	236
Deveeleg	CP@TRINITY_DN4140_c1_g2::CP@TRINITY_DN4140_c1_g2_i2::g.75976::m.75976	54.128	436	184	5	156	576	1	435	3.09e-157	462
Deveeleg	CP@TRINITY_DN6562_c0_g1::CP@TRINITY_DN6562_c0_g1_i1::g.38268::m.38268	47.143	280	143	4	453	731	9	284	5.66e-83	265
Deveeleg	CP@TRINITY_DN4140_c1_g2::CP@TRINITY_DN4140_c1_g2_i2::g.75977::m.75977	83.186	113	19	0	35	147	61	173	7.18e-59	197
Deveeleg	CP@TRINITY_DN4140_c1_g1::CP@TRINITY_DN4140_c1_g1_i6::g.75975::m.75975	52.174	161	77	0	570	730	4	164	5.68e-52	177
Saprdecl	CP@TRINITY_DN4140_c1_g2::CP@TRINITY_DN4140_c1_g2_i2::g.75976::m.75976	53.899	436	187	4	165	587	1	435	2.11e-171	499
Saprdecl	CP@TRINITY_DN6562_c0_g1::CP@TRINITY_DN6562_c0_g1_i1::g.38268::m.38268	41.259	286	164	1	455	740	1	282	1.05e-75	246
Saprdecl	CP@TRINITY_DN4140_c1_g2::CP@TRINITY_DN4140_c1_g2_i2::g.75977::m.75977	87.963	108	13	0	49	156	66	173	1.79e-58	196
Saprdecl	CP@TRINITY_DN4140_c1_g1::CP@TRINITY_DN4140_c1_g1_i6::g.75975::m.75975	58.861	158	65	0	581	738	4	161	6.68e-58	194
Pythirre	CP@TRINITY_DN4140_c1_g2::CP@TRINITY_DN4140_c1_g2_i2::g.75976::m.75976	49.083	436	165	4	153	532	1	435	8.71e-144	427
Pythirre	CP@TRINITY_DN6562_c0_g1::CP@TRINITY_DN6562_c0_g1_i1::g.38268::m.38268	43.416	281	159	0	404	684	1	281	2.72e-80	257
Pythirre	CP@TRINITY_DN4140_c1_g2::CP@TRINITY_DN4140_c1_g2_i2::g.75977::m.75977	86.486	111	15	0	34	144	63	173	3.49e-62	205
Pythirre	CP@TRINITY_DN4140_c1_g1::CP@TRINITY_DN4140_c1_g1_i6::g.75975::m.75975	56.250	160	70	0	526	685	4	163	6.24e-55	185
Albulaib	CP@TRINITY_DN4140_c1_g2::CP@TRINITY_DN4140_c1_g2_i2::g.75976::m.75976	53.899	436	185	4	171	591	1	435	3.31e-165	484
Albulaib	CP@TRINITY_DN6562_c0_g1::CP@TRINITY_DN6562_c0_g1_i1::g.38268::m.38268	42.606	284	161	1	461	744	1	282	4.24e-78	253
Albulaib	CP@TRINITY_DN4140_c1_g2::CP@TRINITY_DN4140_c1_g2_i2::g.75977::m.75977	67.785	149	37	2	25	162	25	173	6.50e-61	202
Albulaib	CP@TRINITY_DN4140_c1_g1::CP@TRINITY_DN4140_c1_g1_i6::g.75975::m.75975	55.063	158	71	0	585	742	4	161	1.58e-53	182
BlasS7SB	CP@TRINITY_DN4140_c1_g2::CP@TRINITY_DN4140_c1_g2_i2::g.75976::m.75976	50.805	435	196	3	145	561	1	435	8.70e-153	451
BlasS7SB	CP@TRINITY_DN6562_c0_g1::CP@TRINITY_DN6562_c0_g1_i1::g.38268::m.38268	48.496	266	136	1	433	698	1	265	1.22e-85	272
BlasS7SB	CP@TRINITY_DN4140_c1_g2::CP@TRINITY_DN4140_c1_g2_i2::g.75977::m.75977	82.051	117	21	0	20	136	57	173	2.33e-60	201
BlasS7SB	CP@TRINITY_DN4140_c1_g1::CP@TRINITY_DN4140_c1_g1_i6::g.75975::m.75975	53.205	156	72	1	555	710	4	158	2.34e-51	176
Rhodmari	CP@TRINITY_DN4140_c1_g2::CP@TRINITY_DN4140_c1_g2_i2::g.75976::m.75976	49.886	437	200	5	208	627	1	435	1.70e-146	437
Rhodmari	CP@TRINITY_DN6562_c0_g1::CP@TRINITY_DN6562_c0_g1_i1::g.38268::m.38268	45.390	282	153	1	503	783	4	285	1.49e-81	263
Rhodmari	CP@TRINITY_DN4140_c1_g2::CP@TRINITY_DN4140_c1_g2_i2::g.75977::m.75977	80.531	113	22	0	87	199	61	173	4.94e-59	198
Rhodmari	CP@TRINITY_DN4140_c1_g1::CP@TRINITY_DN4140_c1_g1_i6::g.75975::m.75975	48.447	161	83	0	621	781	4	164	1.25e-46	163
Compcoer	CP@TRINITY_DN4140_c1_g2::CP@TRINITY_DN4140_c1_g2_i2::g.75976::m.75976	52.154	441	190	6	192	617	1	435	5.81e-154	456
Compcoer	CP@TRINITY_DN6562_c0_g1::CP@TRINITY_DN6562_c0_g1_i1::g.38268::m.38268	44.981	269	144	2	496	762	6	272	1.29e-77	252
Compcoer	CP@TRINITY_DN4140_c1_g2::CP@TRINITY_DN4140_c1_g2_i2::g.75977::m.75977	81.739	115	21	0	69	183	59	173	8.10e-57	192
Compcoer	CP@TRINITY_DN4140_c1_g1::CP@TRINITY_DN4140_c1_g1_i6::g.75975::m.75975	55.280	161	72	0	611	771	4	164	4.77e-54	184
Rhodmacu	CP@TRINITY_DN4140_c1_g2::CP@TRINITY_DN4140_c1_g2_i2::g.75976::m.75976	50.155	323	144	4	3	314	119	435	7.53e-109	330
Rhodmacu	CP@TRINITY_DN6562_c0_g1::CP@TRINITY_DN6562_c0_g1_i1::g.38268::m.38268	41.392	273	146	2	193	465	8	266	6.38e-68	220
Rhodmacu	CP@TRINITY_DN4140_c1_g1::CP@TRINITY_DN4140_c1_g1_i6::g.75975::m.75975	48.571	175	76	2	308	482	4	164	1.02e-46	159
Galdsulp	CP@TRINITY_DN4140_c1_g2::CP@TRINITY_DN4140_c1_g2_i2::g.75976::m.75976	52.511	438	191	3	174	597	1	435	1.98e-161	474
Galdsulp	CP@TRINITY_DN6562_c0_g1::CP@TRINITY_DN6562_c0_g1_i1::g.38268::m.38268	45.965	285	152	1	471	753	1	285	1.78e-84	270
Galdsulp	CP@TRINITY_DN4140_c1_g1::CP@TRINITY_DN4140_c1_g1_i6::g.75975::m.75975	57.143	161	69	0	591	751	4	164	9.96e-57	191
Galdsulp	CP@TRINITY_DN4140_c1_g2::CP@TRINITY_DN4140_c1_g2_i2::g.75977::m.75977	77.477	111	25	0	55	165	63	173	2.36e-54	185
Cerakond	CP@TRINITY_DN4140_c1_g2::CP@TRINITY_DN4140_c1_g2_i2::g.75976::m.75976	53.191	470	167	6	117	568	1	435	6.65e-163	476
Cerakond	CP@TRINITY_DN6562_c0_g1::CP@TRINITY_DN6562_c0_g1_i1::g.38268::m.38268	45.848	277	146	2	447	719	6	282	2.25e-79	256
Cerakond	CP@TRINITY_DN4140_c1_g2::CP@TRINITY_DN4140_c1_g2_i2::g.75977::m.75977	88.785	107	12	0	2	108	67	173	5.70e-60	199
Cerakond	CP@TRINITY_DN4140_c1_g1::CP@TRINITY_DN4140_c1_g1_i6::g.75975::m.75975	52.866	157	72	1	563	717	5	161	1.48e-48	168
Gratturu	CP@TRINITY_DN4140_c1_g2::CP@TRINITY_DN4140_c1_g2_i2::g.75976::m.75976	52.822	443	184	7	120	545	1	435	2.42e-161	472
Gratturu	CP@TRINITY_DN6562_c0_g1::CP@TRINITY_DN6562_c0_g1_i1::g.38268::m.38268	46.484	256	135	1	427	680	9	264	1.07e-76	248
Gratturu	CP@TRINITY_DN4140_c1_g2::CP@TRINITY_DN4140_c1_g2_i2::g.75977::m.75977	85.586	111	16	0	1	111	63	173	1.80e-58	195
Gratturu	CP@TRINITY_DN4140_c1_g1::CP@TRINITY_DN4140_c1_g1_i6::g.75975::m.75975	58.451	142	59	0	539	680	4	145	7.81e-55	185
Choncris	CP@TRINITY_DN4140_c1_g2::CP@TRINITY_DN4140_c1_g2_i2::g.75976::m.75976	53.864	440	184	7	166	591	1	435	8.72e-157	462
Choncris	CP@TRINITY_DN6562_c0_g1::CP@TRINITY_DN6562_c0_g1_i1::g.38268::m.38268	43.678	261	145	1	472	730	8	268	6.90e-74	242
Choncris	CP@TRINITY_DN4140_c1_g2::CP@TRINITY_DN4140_c1_g2_i2::g.75977::m.75977	68.831	154	44	2	6	157	22	173	1.18e-60	202
Choncris	CP@TRINITY_DN4140_c1_g1::CP@TRINITY_DN4140_c1_g1_i6::g.75975::m.75975	59.859	142	57	0	585	726	4	145	2.46e-57	192
Porpumbi	CP@TRINITY_DN4140_c1_g2::CP@TRINITY_DN4140_c1_g2_i2::g.75976::m.75976	52.000	275	115	4	21	282	165	435	1.64e-92	286
Porpumbi	CP@TRINITY_DN6562_c0_g1::CP@TRINITY_DN6562_c0_g1_i1::g.38268::m.38268	47.744	266	136	2	156	420	4	267	4.10e-84	260
Porpumbi	CP@TRINITY_DN4140_c1_g1::CP@TRINITY_DN4140_c1_g1_i6::g.75975::m.75975	53.416	161	75	0	276	436	4	164	6.06e-52	172
Cyanmero	CP@TRINITY_DN4140_c1_g2::CP@TRINITY_DN4140_c1_g2_i2::g.75976::m.75976	45.435	471	214	7	214	677	1	435	2.79e-142	427
Cyanmero	CP@TRINITY_DN4140_c1_g1::CP@TRINITY_DN4140_c1_g1_i6::g.75975::m.75975	54.321	162	74	0	671	832	4	165	2.67e-55	188
Cyanmero	CP@TRINITY_DN4140_c1_g2::CP@TRINITY_DN4140_c1_g2_i2::g.75977::m.75977	79.630	108	21	1	98	205	67	173	1.66e-52	181
Brevmoto	CP@TRINITY_DN4140_c1_g2::CP@TRINITY_DN4140_c1_g2_i2::g.75976::m.75976	52.184	435	190	3	160	576	1	435	6.19e-163	478
Brevmoto	CP@TRINITY_DN6562_c0_g1::CP@TRINITY_DN6562_c0_g1_i1::g.38268::m.38268	43.617	282	157	2	453	734	7	286	4.94e-82	263
Brevmoto	CP@TRINITY_DN4140_c1_g2::CP@TRINITY_DN4140_c1_g2_i2::g.75977::m.75977	73.913	115	29	1	38	151	59	173	1.26e-54	185
Brevmoto	CP@TRINITY_DN4140_c1_g1::CP@TRINITY_DN4140_c1_g1_i6::g.75975::m.75975	53.374	163	75	1	570	732	4	165	2.11e-53	182
MatazaD1	CP@TRINITY_DN4140_c1_g2::CP@TRINITY_DN4140_c1_g2_i2::g.75976::m.75976	51.376	436	195	4	71	490	1	435	4.15e-160	467
MatazaD1	CP@TRINITY_DN6562_c0_g1::CP@TRINITY_DN6562_c0_g1_i1::g.38268::m.38268	43.902	287	157	2	360	646	1	283	8.47e-82	260
MatazaD1	CP@TRINITY_DN4140_c1_g1::CP@TRINITY_DN4140_c1_g1_i6::g.75975::m.75975	49.080	163	81	1	484	646	4	164	1.37e-46	162
Diacluth	CP@TRINITY_DN4140_c1_g2::CP@TRINITY_DN4140_c1_g2_i2::g.75976::m.75976	49.885	435	200	5	124	540	1	435	3.87e-150	445
Diacluth	CP@TRINITY_DN6562_c0_g1::CP@TRINITY_DN6562_c0_g1_i1::g.38268::m.38268	48.561	278	143	0	415	692	4	281	3.72e-91	287
Diacluth	CP@TRINITY_DN4140_c1_g2::CP@TRINITY_DN4140_c1_g2_i2::g.75977::m.75977	84.404	109	17	0	7	115	65	173	1.93e-57	193
Diacluth	CP@TRINITY_DN4140_c1_g1::CP@TRINITY_DN4140_c1_g1_i6::g.75975::m.75975	55.696	158	70	0	534	691	4	161	1.91e-56	190
Prymparv	CP@TRINITY_DN4140_c1_g2::CP@TRINITY_DN4140_c1_g2_i2::g.75976::m.75976	51.724	435	194	3	148	566	1	435	1.58e-157	463
Prymparv	CP@TRINITY_DN6562_c0_g1::CP@TRINITY_DN6562_c0_g1_i1::g.38268::m.38268	44.523	283	154	2	436	717	1	281	2.14e-80	258
Prymparv	CP@TRINITY_DN4140_c1_g2::CP@TRINITY_DN4140_c1_g2_i2::g.75977::m.75977	86.239	109	15	0	31	139	65	173	1.18e-57	193
Prymparv	CP@TRINITY_DN4140_c1_g1::CP@TRINITY_DN4140_c1_g1_i6::g.75975::m.75975	49.375	160	80	1	560	718	4	163	5.39e-47	164
Chrycart	CP@TRINITY_DN4140_c1_g2::CP@TRINITY_DN4140_c1_g2_i2::g.75976::m.75976	52.184	435	190	4	210	626	1	435	1.08e-157	466
Chrycart	CP@TRINITY_DN6562_c0_g1::CP@TRINITY_DN6562_c0_g1_i1::g.38268::m.38268	45.196	281	152	2	499	778	3	282	1.65e-81	263
Chrycart	CP@TRINITY_DN4140_c1_g2::CP@TRINITY_DN4140_c1_g2_i2::g.75977::m.75977	67.081	161	41	4	45	201	21	173	2.47e-60	201
Chrycart	CP@TRINITY_DN4140_c1_g1::CP@TRINITY_DN4140_c1_g1_i6::g.75975::m.75975	49.367	158	79	1	620	776	4	161	4.62e-45	159
Tisolute	CP@TRINITY_DN4140_c1_g2::CP@TRINITY_DN4140_c1_g2_i2::g.75976::m.75976	49.657	437	172	8	123	513	1	435	3.75e-140	417
Tisolute	CP@TRINITY_DN6562_c0_g1::CP@TRINITY_DN6562_c0_g1_i1::g.38268::m.38268	43.816	283	146	4	391	661	3	284	4.01e-70	230
Tisolute	CP@TRINITY_DN4140_c1_g2::CP@TRINITY_DN4140_c1_g2_i2::g.75977::m.75977	87.387	111	14	0	4	114	63	173	5.65e-62	204
Tisolute	CP@TRINITY_DN4140_c1_g1::CP@TRINITY_DN4140_c1_g1_i6::g.75975::m.75975	50.000	158	72	2	507	657	4	161	2.79e-45	159
Cryppara	CP@TRINITY_DN4140_c1_g2::CP@TRINITY_DN4140_c1_g2_i2::g.75976::m.75976	53.440	436	183	5	190	606	1	435	6.34e-164	481
Cryppara	CP@TRINITY_DN6562_c0_g1::CP@TRINITY_DN6562_c0_g1_i1::g.38268::m.38268	46.667	270	135	2	479	743	1	266	3.05e-78	254
Cryppara	CP@TRINITY_DN4140_c1_g2::CP@TRINITY_DN4140_c1_g2_i2::g.75977::m.75977	62.722	169	48	2	13	181	20	173	9.88e-60	199
Cryppara	CP@TRINITY_DN4140_c1_g1::CP@TRINITY_DN4140_c1_g1_i6::g.75975::m.75975	51.875	160	77	0	601	760	5	164	3.81e-48	167
Bafffrig	CP@TRINITY_DN4140_c1_g2::CP@TRINITY_DN4140_c1_g2_i2::g.75976::m.75976	53.563	435	183	4	180	595	1	435	8.61e-162	475
Bafffrig	CP@TRINITY_DN6562_c0_g1::CP@TRINITY_DN6562_c0_g1_i1::g.38268::m.38268	44.404	277	153	1	477	752	10	286	1.41e-74	244
Bafffrig	CP@TRINITY_DN4140_c1_g2::CP@TRINITY_DN4140_c1_g2_i2::g.75977::m.75977	89.189	111	12	0	61	171	63	173	1.90e-63	209
Bafffrig	CP@TRINITY_DN4140_c1_g1::CP@TRINITY_DN4140_c1_g1_i6::g.75975::m.75975	51.250	160	78	0	590	749	5	164	1.96e-51	176
Rhodsali	CP@TRINITY_DN4140_c1_g2::CP@TRINITY_DN4140_c1_g2_i2::g.75976::m.75976	52.184	435	189	4	164	579	1	435	1.06e-158	468
Rhodsali	CP@TRINITY_DN6562_c0_g1::CP@TRINITY_DN6562_c0_g1_i1::g.38268::m.38268	45.455	286	155	1	452	736	1	286	3.91e-82	265
Rhodsali	CP@TRINITY_DN4140_c1_g2::CP@TRINITY_DN4140_c1_g2_i2::g.75977::m.75977	89.815	108	11	0	48	155	66	173	1.21e-62	208
Rhodsali	CP@TRINITY_DN4140_c1_g1::CP@TRINITY_DN4140_c1_g1_i6::g.75975::m.75975	53.125	160	75	0	574	733	5	164	3.22e-49	171
Roomtrun	CP@TRINITY_DN4140_c1_g2::CP@TRINITY_DN4140_c1_g2_i2::g.75976::m.75976	45.312	320	167	3	150	462	1	319	1.58e-90	282
Roomtrun	CP@TRINITY_DN4140_c1_g2::CP@TRINITY_DN4140_c1_g2_i2::g.75977::m.75977	78.814	118	22	1	27	141	56	173	1.23e-59	193
Ancytwis	CP@TRINITY_DN4140_c1_g2::CP@TRINITY_DN4140_c1_g2_i2::g.75976::m.75976	54.608	434	176	6	177	590	1	433	2.05e-156	461
Ancytwis	CP@TRINITY_DN6562_c0_g1::CP@TRINITY_DN6562_c0_g1_i1::g.38268::m.38268	47.703	283	147	1	468	749	4	286	2.75e-90	285
Ancytwis	CP@TRINITY_DN4140_c1_g1::CP@TRINITY_DN4140_c1_g1_i6::g.75975::m.75975	56.522	161	70	0	586	746	4	164	1.56e-57	193
Ancytwis	CP@TRINITY_DN4140_c1_g2::CP@TRINITY_DN4140_c1_g2_i2::g.75977::m.75977	71.014	138	29	2	39	168	39	173	1.81e-56	191
Volvcart	CP@TRINITY_DN4140_c1_g2::CP@TRINITY_DN4140_c1_g2_i2::g.75976::m.75976	49.433	441	181	7	186	593	1	432	2.23e-144	429
Volvcart	CP@TRINITY_DN4140_c1_g2::CP@TRINITY_DN4140_c1_g2_i2::g.75977::m.75977	72.662	139	30	1	47	177	35	173	3.94e-61	202
Oryzsati	CP@TRINITY_DN4140_c1_g2::CP@TRINITY_DN4140_c1_g2_i2::g.75976::m.75976	53.793	435	183	3	184	600	1	435	1.69e-166	487
Oryzsati	CP@TRINITY_DN6562_c0_g1::CP@TRINITY_DN6562_c0_g1_i1::g.38268::m.38268	45.455	286	156	0	472	757	1	286	4.14e-82	264
Oryzsati	CP@TRINITY_DN4140_c1_g2::CP@TRINITY_DN4140_c1_g2_i2::g.75977::m.75977	66.258	163	38	3	13	175	28	173	5.65e-61	203
Oryzsati	CP@TRINITY_DN4140_c1_g1::CP@TRINITY_DN4140_c1_g1_i6::g.75975::m.75975	54.658	161	73	0	594	754	4	164	2.70e-54	184
Physpate	CP@TRINITY_DN4140_c1_g2::CP@TRINITY_DN4140_c1_g2_i2::g.75976::m.75976	52.184	435	190	4	206	622	1	435	4.13e-161	474
Physpate	CP@TRINITY_DN6562_c0_g1::CP@TRINITY_DN6562_c0_g1_i1::g.38268::m.38268	45.583	283	154	0	494	776	1	283	1.85e-81	262
Physpate	CP@TRINITY_DN4140_c1_g2::CP@TRINITY_DN4140_c1_g2_i2::g.75977::m.75977	72.662	139	29	2	66	197	37	173	1.47e-59	199
Physpate	CP@TRINITY_DN4140_c1_g1::CP@TRINITY_DN4140_c1_g1_i6::g.75975::m.75975	55.901	161	71	0	616	776	4	164	2.04e-53	182
Picosali	CP@TRINITY_DN4140_c1_g2::CP@TRINITY_DN4140_c1_g2_i2::g.75976::m.75976	54.023	435	182	3	178	594	1	435	1.52e-167	489
Picosali	CP@TRINITY_DN6562_c0_g1::CP@TRINITY_DN6562_c0_g1_i1::g.38268::m.38268	46.643	283	151	0	466	748	1	283	4.58e-86	274
Picosali	CP@TRINITY_DN4140_c1_g1::CP@TRINITY_DN4140_c1_g1_i6::g.75975::m.75975	55.901	161	71	0	588	748	4	164	5.48e-57	191
Picosali	CP@TRINITY_DN4140_c1_g2::CP@TRINITY_DN4140_c1_g2_i2::g.75977::m.75977	88.119	101	12	0	69	169	73	173	1.90e-56	191
Micrpusl	CP@TRINITY_DN4140_c1_g2::CP@TRINITY_DN4140_c1_g2_i2::g.75976::m.75976	52.874	435	186	3	181	596	1	435	5.48e-161	473
Micrpusl	CP@TRINITY_DN6562_c0_g1::CP@TRINITY_DN6562_c0_g1_i1::g.38268::m.38268	45.263	285	155	1	469	752	1	285	6.49e-84	268
Micrpusl	CP@TRINITY_DN4140_c1_g2::CP@TRINITY_DN4140_c1_g2_i2::g.75977::m.75977	91.589	107	9	0	66	172	67	173	4.47e-62	206
Micrpusl	CP@TRINITY_DN4140_c1_g1::CP@TRINITY_DN4140_c1_g1_i6::g.75975::m.75975	54.658	161	73	0	591	751	5	165	7.50e-58	194
Ostrtaur	CP@TRINITY_DN4140_c1_g2::CP@TRINITY_DN4140_c1_g2_i2::g.75976::m.75976	54.358	436	177	4	192	606	1	435	2.21e-170	497
Ostrtaur	CP@TRINITY_DN6562_c0_g1::CP@TRINITY_DN6562_c0_g1_i1::g.38268::m.38268	44.681	282	154	1	480	759	1	282	1.33e-80	259
Ostrtaur	CP@TRINITY_DN4140_c1_g2::CP@TRINITY_DN4140_c1_g2_i2::g.75977::m.75977	74.658	146	22	2	53	183	28	173	1.81e-62	207
Ostrtaur	CP@TRINITY_DN4140_c1_g1::CP@TRINITY_DN4140_c1_g1_i6::g.75975::m.75975	56.209	153	67	0	601	753	5	157	4.62e-53	181
Cyanpara	CP@TRINITY_DN4140_c1_g2::CP@TRINITY_DN4140_c1_g2_i2::g.75976::m.75976	53.828	431	182	4	151	564	1	431	8.62e-167	487
Cyanpara	CP@TRINITY_DN6562_c0_g1::CP@TRINITY_DN6562_c0_g1_i1::g.38268::m.38268	48.432	287	147	1	439	725	1	286	4.95e-90	284
Cyanpara	CP@TRINITY_DN4140_c1_g2::CP@TRINITY_DN4140_c1_g2_i2::g.75977::m.75977	82.883	111	19	0	32	142	63	173	3.50e-58	195
Cyanpara	CP@TRINITY_DN4140_c1_g1::CP@TRINITY_DN4140_c1_g1_i6::g.75975::m.75975	56.790	162	70	0	562	723	4	165	6.14e-56	188
Gloewitr	CP@TRINITY_DN4140_c1_g2::CP@TRINITY_DN4140_c1_g2_i2::g.75976::m.75976	52.982	436	188	3	168	586	1	436	4.17e-166	486
Gloewitr	CP@TRINITY_DN6562_c0_g1::CP@TRINITY_DN6562_c0_g1_i1::g.38268::m.38268	48.432	287	147	1	456	742	1	286	1.36e-89	283
Gloewitr	CP@TRINITY_DN4140_c1_g2::CP@TRINITY_DN4140_c1_g2_i2::g.75977::m.75977	72.185	151	33	3	15	159	26	173	6.67e-62	205
Gloewitr	CP@TRINITY_DN4140_c1_g1::CP@TRINITY_DN4140_c1_g1_i6::g.75975::m.75975	51.852	162	78	0	579	740	4	165	4.55e-51	175
Sapochin	CP@TRINITY_DN4140_c1_g2::CP@TRINITY_DN4140_c1_g2_i2::g.75976::m.75976	45.045	444	220	6	124	552	1	435	8.48e-127	384
Sapochin	CP@TRINITY_DN6562_c0_g1::CP@TRINITY_DN6562_c0_g1_i1::g.38268::m.38268	41.455	275	153	2	417	691	1	267	1.20e-74	243
Sapochin	CP@TRINITY_DN4140_c1_g2::CP@TRINITY_DN4140_c1_g2_i2::g.75977::m.75977	66.949	118	32	1	1	118	66	176	2.34e-49	171
Rigiramo	CP@TRINITY_DN4140_c1_g2::CP@TRINITY_DN4140_c1_g2_i2::g.75976::m.75976	55.000	400	177	3	180	576	1	400	1.68e-154	456
Rigiramo	CP@TRINITY_DN6562_c0_g1::CP@TRINITY_DN6562_c0_g1_i1::g.38268::m.38268	48.227	282	146	0	472	753	1	282	5.29e-87	276
Rigiramo	CP@TRINITY_DN4140_c1_g2::CP@TRINITY_DN4140_c1_g2_i2::g.75977::m.75977	79.130	115	24	0	57	171	59	173	1.73e-56	191
Rigiramo	CP@TRINITY_DN4140_c1_g1::CP@TRINITY_DN4140_c1_g1_i6::g.75975::m.75975	56.209	153	67	0	597	749	7	159	5.81e-50	172
Mantplas	CP@TRINITY_DN4140_c1_g2::CP@TRINITY_DN4140_c1_g2_i2::g.75976::m.75976	52.887	433	186	4	192	606	1	433	8.69e-164	480
Mantplas	CP@TRINITY_DN6562_c0_g1::CP@TRINITY_DN6562_c0_g1_i1::g.38268::m.38268	45.936	283	153	0	480	762	1	283	8.86e-88	279
Mantplas	CP@TRINITY_DN4140_c1_g1::CP@TRINITY_DN4140_c1_g1_i6::g.75975::m.75975	56.173	162	71	0	602	763	4	165	1.22e-57	193
Mantplas	CP@TRINITY_DN4140_c1_g2::CP@TRINITY_DN4140_c1_g2_i2::g.75977::m.75977	81.081	111	21	0	73	183	63	173	3.53e-56	190
HeterBB2	CP@TRINITY_DN4140_c1_g2::CP@TRINITY_DN4140_c1_g2_i2::g.75976::m.75976	53.899	436	183	3	214	631	1	436	1.55e-165	486
HeterBB2	CP@TRINITY_DN6562_c0_g1::CP@TRINITY_DN6562_c0_g1_i1::g.38268::m.38268	45.390	282	154	0	504	785	3	284	1.18e-87	279
HeterBB2	CP@TRINITY_DN4140_c1_g2::CP@TRINITY_DN4140_c1_g2_i2::g.75977::m.75977	83.478	115	19	0	91	205	59	173	5.51e-61	203
HeterBB2	CP@TRINITY_DN4140_c1_g1::CP@TRINITY_DN4140_c1_g1_i6::g.75975::m.75975	52.795	161	76	0	624	784	4	164	1.92e-52	179
Pharkirb	CP@TRINITY_DN4140_c1_g2::CP@TRINITY_DN4140_c1_g2_i2::g.75976::m.75976	52.752	436	192	4	173	595	1	435	6.68e-158	465
Pharkirb	CP@TRINITY_DN6562_c0_g1::CP@TRINITY_DN6562_c0_g1_i1::g.38268::m.38268	44.366	284	158	0	469	752	3	286	1.61e-82	265
Pharkirb	CP@TRINITY_DN4140_c1_g2::CP@TRINITY_DN4140_c1_g2_i2::g.75977::m.75977	86.957	115	15	0	50	164	59	173	3.51e-63	209
Pharkirb	CP@TRINITY_DN4140_c1_g1::CP@TRINITY_DN4140_c1_g1_i6::g.75975::m.75975	50.932	161	79	0	589	749	4	164	8.09e-53	180
Eugllong	CP@TRINITY_DN4140_c1_g2::CP@TRINITY_DN4140_c1_g2_i2::g.75976::m.75976	44.218	441	228	5	178	605	1	436	6.82e-130	393
Eugllong	CP@TRINITY_DN6562_c0_g1::CP@TRINITY_DN6562_c0_g1_i1::g.38268::m.38268	41.516	277	162	0	478	754	3	279	1.16e-68	228
Eugllong	CP@TRINITY_DN4140_c1_g2::CP@TRINITY_DN4140_c1_g2_i2::g.75977::m.75977	65.217	138	45	2	33	169	38	173	7.25e-55	186
Euglgrac	CP@TRINITY_DN4140_c1_g2::CP@TRINITY_DN4140_c1_g2_i2::g.75976::m.75976	44.444	450	214	6	178	605	1	436	4.17e-129	391
Euglgrac	CP@TRINITY_DN6562_c0_g1::CP@TRINITY_DN6562_c0_g1_i1::g.38268::m.38268	41.877	277	161	0	478	754	3	279	7.11e-70	231
Euglgrac	CP@TRINITY_DN4140_c1_g2::CP@TRINITY_DN4140_c1_g2_i2::g.75977::m.75977	62.821	156	54	3	15	169	21	173	1.43e-56	191
Eutrgymn	CP@TRINITY_DN4140_c1_g2::CP@TRINITY_DN4140_c1_g2_i2::g.75976::m.75976	45.227	440	225	4	175	602	1	436	1.49e-135	408
Eutrgymn	CP@TRINITY_DN6562_c0_g1::CP@TRINITY_DN6562_c0_g1_i1::g.38268::m.38268	41.197	284	167	0	475	758	3	286	1.86e-70	233
Eutrgymn	CP@TRINITY_DN4140_c1_g2::CP@TRINITY_DN4140_c1_g2_i2::g.75977::m.75977	77.876	113	25	0	54	166	61	173	2.83e-57	193
Armalang	CP@TRINITY_DN4140_c1_g2::CP@TRINITY_DN4140_c1_g2_i2::g.75976::m.75976	51.454	447	194	7	134	568	1	436	1.02e-153	454
Armalang	CP@TRINITY_DN6562_c0_g1::CP@TRINITY_DN6562_c0_g1_i1::g.38268::m.38268	45.965	285	144	2	441	722	7	284	1.38e-82	264
Armalang	CP@TRINITY_DN4140_c1_g2::CP@TRINITY_DN4140_c1_g2_i2::g.75977::m.75977	81.416	113	21	0	13	125	61	173	1.51e-56	191
Armalang	CP@TRINITY_DN4140_c1_g1::CP@TRINITY_DN4140_c1_g1_i6::g.75975::m.75975	54.777	157	71	0	561	717	4	160	7.22e-53	180
Veximinu	CP@TRINITY_DN4140_c1_g2::CP@TRINITY_DN4140_c1_g2_i2::g.75976::m.75976	52.392	439	188	7	162	582	1	436	5.39e-156	459
Veximinu	CP@TRINITY_DN6562_c0_g1::CP@TRINITY_DN6562_c0_g1_i1::g.38268::m.38268	44.361	266	144	2	452	714	1	265	2.82e-75	245
Veximinu	CP@TRINITY_DN4140_c1_g2::CP@TRINITY_DN4140_c1_g2_i2::g.75977::m.75977	78.448	116	25	0	38	153	58	173	1.27e-58	196
Veximinu	CP@TRINITY_DN4140_c1_g1::CP@TRINITY_DN4140_c1_g1_i6::g.75975::m.75975	49.682	157	76	1	575	728	4	160	2.43e-47	165
Cochminu	CP@TRINITY_DN4140_c1_g2::CP@TRINITY_DN4140_c1_g2_i2::g.75976::m.75976	48.736	435	204	3	161	576	1	435	2.15e-145	432
Cochminu	CP@TRINITY_DN6562_c0_g1::CP@TRINITY_DN6562_c0_g1_i1::g.38268::m.38268	40.909	286	164	3	452	736	4	285	2.49e-72	237
Cochminu	CP@TRINITY_DN4140_c1_g2::CP@TRINITY_DN4140_c1_g2_i2::g.75977::m.75977	81.897	116	21	0	37	152	58	173	5.55e-60	200
Gefiokel	CP@TRINITY_DN4140_c1_g2::CP@TRINITY_DN4140_c1_g2_i2::g.75976::m.75976	56.391	399	167	2	167	558	1	399	3.07e-167	482
Gefiokel	CP@TRINITY_DN4140_c1_g2::CP@TRINITY_DN4140_c1_g2_i2::g.75977::m.75977	70.000	150	41	2	11	158	26	173	1.43e-63	206
Pellcata	CP@TRINITY_DN4140_c1_g2::CP@TRINITY_DN4140_c1_g2_i2::g.75976::m.75976	50.000	268	125	4	137	396	1	267	3.46e-84	263
Pellcata	CP@TRINITY_DN4140_c1_g2::CP@TRINITY_DN4140_c1_g2_i2::g.75977::m.75977	75.676	111	24	1	21	128	63	173	6.62e-54	176
Gocefonb	CP@TRINITY_DN4140_c1_g2::CP@TRINITY_DN4140_c1_g2_i2::g.75976::m.75976	51.345	446	204	7	209	652	1	435	4.31e-148	442
Gocefonb	CP@TRINITY_DN6562_c0_g1::CP@TRINITY_DN6562_c0_g1_i1::g.38268::m.38268	42.034	295	153	2	509	803	3	279	2.09e-76	249
Gocefonb	CP@TRINITY_DN4140_c1_g2::CP@TRINITY_DN4140_c1_g2_i2::g.75977::m.75977	80.180	111	22	0	90	200	63	173	4.04e-56	190
Gocefonb	CP@TRINITY_DN4140_c1_g1::CP@TRINITY_DN4140_c1_g1_i6::g.75975::m.75975	48.734	158	80	1	646	803	4	160	8.16e-46	161
Endozona	CP@TRINITY_DN4140_c1_g2::CP@TRINITY_DN4140_c1_g2_i2::g.75976::m.75976	47.799	477	205	9	180	654	1	435	1.64e-139	420
Endozona	CP@TRINITY_DN6562_c0_g1::CP@TRINITY_DN6562_c0_g1_i1::g.38268::m.38268	40.278	288	158	1	521	808	10	283	8.26e-72	238
Endozona	CP@TRINITY_DN4140_c1_g2::CP@TRINITY_DN4140_c1_g2_i2::g.75977::m.75977	81.081	111	21	0	61	171	63	173	1.79e-56	191
Endozona	CP@TRINITY_DN4140_c1_g1::CP@TRINITY_DN4140_c1_g1_i6::g.75975::m.75975	52.174	161	77	0	648	808	4	164	2.09e-50	174
Dracjorm	CP@TRINITY_DN4140_c1_g2::CP@TRINITY_DN4140_c1_g2_i2::g.75976::m.75976	51.370	438	196	6	74	496	1	436	8.27e-151	444
Dracjorm	CP@TRINITY_DN6562_c0_g1::CP@TRINITY_DN6562_c0_g1_i1::g.38268::m.38268	41.724	290	164	1	362	651	1	285	1.40e-78	252
Dracjorm	CP@TRINITY_DN4140_c1_g1::CP@TRINITY_DN4140_c1_g1_i6::g.75975::m.75975	55.280	161	72	0	489	649	4	164	9.36e-59	195
Luaphula	CP@TRINITY_DN4140_c1_g2::CP@TRINITY_DN4140_c1_g2_i2::g.75976::m.75976	52.535	434	194	6	187	609	1	433	1.70e-153	454
Luaphula	CP@TRINITY_DN6562_c0_g1::CP@TRINITY_DN6562_c0_g1_i1::g.38268::m.38268	42.361	288	159	1	476	763	1	281	2.81e-80	259
Luaphula	CP@TRINITY_DN4140_c1_g2::CP@TRINITY_DN4140_c1_g2_i2::g.75977::m.75977	67.586	145	35	3	46	178	29	173	4.04e-56	190
Luaphula	CP@TRINITY_DN4140_c1_g1::CP@TRINITY_DN4140_c1_g1_i6::g.75975::m.75975	45.000	160	88	0	605	764	4	163	5.59e-44	156
Paralevi	CP@TRINITY_DN4140_c1_g2::CP@TRINITY_DN4140_c1_g2_i2::g.75976::m.75976	51.524	328	144	4	9	322	109	435	1.25e-114	345
Paralevi	CP@TRINITY_DN6562_c0_g1::CP@TRINITY_DN6562_c0_g1_i1::g.38268::m.38268	45.583	283	150	2	194	476	4	282	6.98e-83	258
Paralevi	CP@TRINITY_DN4140_c1_g1::CP@TRINITY_DN4140_c1_g1_i6::g.75975::m.75975	55.414	157	69	1	316	472	4	159	1.67e-53	177
Flabcita	CP@TRINITY_DN4140_c1_g2::CP@TRINITY_DN4140_c1_g2_i2::g.75976::m.75976	49.195	435	198	5	159	570	1	435	1.09e-144	430
Flabcita	CP@TRINITY_DN6562_c0_g1::CP@TRINITY_DN6562_c0_g1_i1::g.38268::m.38268	42.963	270	153	1	452	720	10	279	2.88e-77	250
Flabcita	CP@TRINITY_DN4140_c1_g2::CP@TRINITY_DN4140_c1_g2_i2::g.75977::m.75977	81.250	112	21	0	39	150	62	173	1.82e-57	193
Flabcita	CP@TRINITY_DN4140_c1_g1::CP@TRINITY_DN4140_c1_g1_i6::g.75975::m.75975	44.099	161	90	0	564	724	4	164	2.35e-42	151
Rhizsaxo	CP@TRINITY_DN4140_c1_g2::CP@TRINITY_DN4140_c1_g2_i2::g.75976::m.75976	47.936	436	210	6	157	576	1	435	3.16e-142	424
Rhizsaxo	CP@TRINITY_DN6562_c0_g1::CP@TRINITY_DN6562_c0_g1_i1::g.38268::m.38268	39.437	284	167	1	450	733	8	286	2.03e-72	238
Rhizsaxo	CP@TRINITY_DN4140_c1_g2::CP@TRINITY_DN4140_c1_g2_i2::g.75977::m.75977	74.194	124	31	1	25	148	51	173	5.98e-58	194
NolaAFSM	CP@TRINITY_DN4140_c1_g2::CP@TRINITY_DN4140_c1_g2_i2::g.75976::m.75976	49.654	433	200	4	178	592	1	433	1.66e-144	431
NolaAFSM	CP@TRINITY_DN6562_c0_g1::CP@TRINITY_DN6562_c0_g1_i1::g.38268::m.38268	43.911	271	152	0	475	745	10	280	6.71e-75	244
NolaAFSM	CP@TRINITY_DN4140_c1_g2::CP@TRINITY_DN4140_c1_g2_i2::g.75977::m.75977	82.243	107	19	0	63	169	67	173	6.68e-55	186
NolaAFSM	CP@TRINITY_DN4140_c1_g1::CP@TRINITY_DN4140_c1_g1_i6::g.75975::m.75975	43.396	159	90	0	589	747	5	163	2.03e-42	151
Arcevulg	CP@TRINITY_DN4140_c1_g2::CP@TRINITY_DN4140_c1_g2_i2::g.75976::m.75976	49.655	435	206	5	189	610	1	435	3.84e-151	448
Arcevulg	CP@TRINITY_DN6562_c0_g1::CP@TRINITY_DN6562_c0_g1_i1::g.38268::m.38268	44.369	293	154	2	477	767	1	286	2.60e-81	262
Arcevulg	CP@TRINITY_DN4140_c1_g2::CP@TRINITY_DN4140_c1_g2_i2::g.75977::m.75977	81.416	113	21	0	68	180	61	173	5.37e-56	189
Arcevulg	CP@TRINITY_DN4140_c1_g1::CP@TRINITY_DN4140_c1_g1_i6::g.75975::m.75975	46.203	158	85	0	604	761	4	161	4.32e-44	156
Amoeprot	CP@TRINITY_DN4140_c1_g2::CP@TRINITY_DN4140_c1_g2_i2::g.75976::m.75976	47.477	436	208	6	177	592	1	435	1.18e-142	426
Amoeprot	CP@TRINITY_DN6562_c0_g1::CP@TRINITY_DN6562_c0_g1_i1::g.38268::m.38268	45.745	282	153	0	468	749	5	286	1.63e-84	270
Amoeprot	CP@TRINITY_DN4140_c1_g2::CP@TRINITY_DN4140_c1_g2_i2::g.75977::m.75977	81.416	113	21	0	56	168	61	173	2.40e-57	193
Coprprot	CP@TRINITY_DN4140_c1_g2::CP@TRINITY_DN4140_c1_g2_i2::g.75976::m.75976	47.126	435	212	3	159	575	1	435	1.21e-141	423
Coprprot	CP@TRINITY_DN6562_c0_g1::CP@TRINITY_DN6562_c0_g1_i1::g.38268::m.38268	45.848	277	150	0	456	732	10	286	3.05e-82	264
Coprprot	CP@TRINITY_DN4140_c1_g2::CP@TRINITY_DN4140_c1_g2_i2::g.75977::m.75977	63.758	149	46	2	2	150	33	173	9.93e-56	188
Coprprot	CP@TRINITY_DN4140_c1_g1::CP@TRINITY_DN4140_c1_g1_i6::g.75975::m.75975	46.835	158	84	0	569	726	4	161	1.04e-41	149
Vermverm	CP@TRINITY_DN4140_c1_g2::CP@TRINITY_DN4140_c1_g2_i2::g.75976::m.75976	51.487	437	193	4	167	586	1	435	8.31e-155	457
Vermverm	CP@TRINITY_DN6562_c0_g1::CP@TRINITY_DN6562_c0_g1_i1::g.38268::m.38268	50.391	256	127	0	466	721	9	264	1.63e-81	262
Vermverm	CP@TRINITY_DN4140_c1_g2::CP@TRINITY_DN4140_c1_g2_i2::g.75977::m.75977	83.929	112	15	1	50	158	62	173	3.87e-58	195
Vermverm	CP@TRINITY_DN4140_c1_g1::CP@TRINITY_DN4140_c1_g1_i6::g.75975::m.75975	56.338	142	62	0	580	721	4	145	1.14e-50	174
Echiexud	CP@TRINITY_DN4140_c1_g2::CP@TRINITY_DN4140_c1_g2_i2::g.75976::m.75976	51.724	435	194	3	166	584	1	435	1.63e-158	466
Echiexud	CP@TRINITY_DN6562_c0_g1::CP@TRINITY_DN6562_c0_g1_i1::g.38268::m.38268	46.290	283	151	1	459	741	4	285	2.40e-81	261
Echiexud	CP@TRINITY_DN4140_c1_g2::CP@TRINITY_DN4140_c1_g2_i2::g.75977::m.75977	70.803	137	38	1	23	157	37	173	2.59e-58	195
Echiexud	CP@TRINITY_DN4140_c1_g1::CP@TRINITY_DN4140_c1_g1_i6::g.75975::m.75975	48.765	162	82	1	578	739	4	164	4.17e-45	159
Phalsoli	CP@TRINITY_DN4140_c1_g2::CP@TRINITY_DN4140_c1_g2_i2::g.75976::m.75976	52.414	435	191	3	164	582	1	435	2.51e-156	461
Phalsoli	CP@TRINITY_DN6562_c0_g1::CP@TRINITY_DN6562_c0_g1_i1::g.38268::m.38268	46.154	286	151	2	455	739	3	286	1.03e-86	275
Phalsoli	CP@TRINITY_DN4140_c1_g2::CP@TRINITY_DN4140_c1_g2_i2::g.75977::m.75977	78.814	118	25	0	38	155	56	173	5.65e-60	200
Phalsoli	CP@TRINITY_DN4140_c1_g1::CP@TRINITY_DN4140_c1_g1_i6::g.75975::m.75975	52.532	158	75	0	576	733	4	161	1.59e-54	185
Soliirre	CP@TRINITY_DN4140_c1_g2::CP@TRINITY_DN4140_c1_g2_i2::g.75976::m.75976	48.975	439	202	5	184	604	1	435	1.52e-145	434
Soliirre	CP@TRINITY_DN6562_c0_g1::CP@TRINITY_DN6562_c0_g1_i1::g.38268::m.38268	51.056	284	137	1	477	760	4	285	1.77e-94	296
Soliirre	CP@TRINITY_DN4140_c1_g1::CP@TRINITY_DN4140_c1_g1_i6::g.75975::m.75975	57.143	161	69	0	598	758	4	164	1.92e-58	196
Soliirre	CP@TRINITY_DN4140_c1_g2::CP@TRINITY_DN4140_c1_g2_i2::g.75977::m.75977	66.207	145	39	1	41	175	29	173	1.72e-54	185
Schivulg	CP@TRINITY_DN4140_c1_g2::CP@TRINITY_DN4140_c1_g2_i2::g.75976::m.75976	52.414	435	193	2	222	642	1	435	2.54e-165	486
Schivulg	CP@TRINITY_DN6562_c0_g1::CP@TRINITY_DN6562_c0_g1_i1::g.38268::m.38268	45.804	286	152	2	514	799	4	286	1.84e-82	266
Schivulg	CP@TRINITY_DN4140_c1_g2::CP@TRINITY_DN4140_c1_g2_i2::g.75977::m.75977	59.429	175	64	3	39	213	6	173	2.21e-58	196
Schivulg	CP@TRINITY_DN4140_c1_g1::CP@TRINITY_DN4140_c1_g1_i6::g.75975::m.75975	55.280	161	72	0	636	796	4	164	8.02e-56	189
Cavoapop	CP@TRINITY_DN4140_c1_g2::CP@TRINITY_DN4140_c1_g2_i2::g.75976::m.75976	52.184	435	194	4	217	637	1	435	2.43e-161	475
Cavoapop	CP@TRINITY_DN6562_c0_g1::CP@TRINITY_DN6562_c0_g1_i1::g.38268::m.38268	47.163	282	146	1	513	794	8	286	1.46e-88	281
Cavoapop	CP@TRINITY_DN4140_c1_g2::CP@TRINITY_DN4140_c1_g2_i2::g.75977::m.75977	82.569	109	19	0	100	208	65	173	6.51e-58	195
Cavoapop	CP@TRINITY_DN4140_c1_g1::CP@TRINITY_DN4140_c1_g1_i6::g.75975::m.75975	56.962	158	68	0	631	788	4	161	8.14e-56	189
Filanola	CP@TRINITY_DN4140_c1_g2::CP@TRINITY_DN4140_c1_g2_i2::g.75976::m.75976	55.172	435	178	4	171	588	1	435	1.85e-172	502
Filanola	CP@TRINITY_DN6562_c0_g1::CP@TRINITY_DN6562_c0_g1_i1::g.38268::m.38268	46.181	288	152	2	459	745	1	286	2.14e-85	272
Filanola	CP@TRINITY_DN4140_c1_g1::CP@TRINITY_DN4140_c1_g1_i6::g.75975::m.75975	55.280	161	72	0	582	742	4	164	6.09e-59	197
Filanola	CP@TRINITY_DN4140_c1_g2::CP@TRINITY_DN4140_c1_g2_i2::g.75977::m.75977	84.404	109	17	0	54	162	65	173	2.48e-57	193
Sapppeda	CP@TRINITY_DN4140_c1_g2::CP@TRINITY_DN4140_c1_g2_i2::g.75976::m.75976	50.473	317	141	4	3	303	117	433	5.76e-107	324
Sapppeda	CP@TRINITY_DN6562_c0_g1::CP@TRINITY_DN6562_c0_g1_i1::g.38268::m.38268	44.366	284	156	1	177	460	3	284	1.41e-82	257
Sapppeda	CP@TRINITY_DN4140_c1_g1::CP@TRINITY_DN4140_c1_g1_i6::g.75975::m.75975	47.826	161	84	0	299	459	4	164	2.59e-53	176
Stensten	CP@TRINITY_DN4140_c1_g2::CP@TRINITY_DN4140_c1_g2_i2::g.75976::m.75976	51.915	235	105	3	141	368	1	234	1.52e-79	251
Stensten	CP@TRINITY_DN4140_c1_g2::CP@TRINITY_DN4140_c1_g2_i2::g.75977::m.75977	72.535	142	24	1	6	132	32	173	1.43e-65	206
Hetepall	CP@TRINITY_DN4140_c1_g2::CP@TRINITY_DN4140_c1_g2_i2::g.75976::m.75976	52.164	439	186	5	182	600	1	435	2.31e-160	471
Hetepall	CP@TRINITY_DN6562_c0_g1::CP@TRINITY_DN6562_c0_g1_i1::g.38268::m.38268	47.203	286	147	2	473	754	1	286	4.33e-86	274
Hetepall	CP@TRINITY_DN4140_c1_g2::CP@TRINITY_DN4140_c1_g2_i2::g.75977::m.75977	82.301	113	20	0	61	173	61	173	1.25e-59	199
Hetepall	CP@TRINITY_DN4140_c1_g1::CP@TRINITY_DN4140_c1_g1_i6::g.75975::m.75975	54.375	160	70	1	595	751	5	164	5.13e-54	184
Fabotrop	CP@TRINITY_DN4140_c1_g2::CP@TRINITY_DN4140_c1_g2_i2::g.75976::m.75976	53.563	435	184	4	167	583	1	435	6.20e-164	480
Fabotrop	CP@TRINITY_DN6562_c0_g1::CP@TRINITY_DN6562_c0_g1_i1::g.38268::m.38268	45.105	286	156	1	455	740	1	285	3.25e-88	280
Fabotrop	CP@TRINITY_DN4140_c1_g2::CP@TRINITY_DN4140_c1_g2_i2::g.75977::m.75977	82.883	111	19	0	48	158	63	173	4.56e-57	192
Fabotrop	CP@TRINITY_DN4140_c1_g1::CP@TRINITY_DN4140_c1_g1_i6::g.75975::m.75975	48.428	159	81	1	577	735	4	161	3.82e-44	156
Salprose	CP@TRINITY_DN4140_c1_g2::CP@TRINITY_DN4140_c1_g2_i2::g.75976::m.75976	51.501	433	193	3	128	543	1	433	4.52e-150	466
Salprose	CP@TRINITY_DN6562_c0_g1::CP@TRINITY_DN6562_c0_g1_i1::g.38268::m.38268	45.775	284	154	0	417	700	1	284	4.51e-87	286
Salprose	CP@TRINITY_DN4140_c1_g2::CP@TRINITY_DN4140_c1_g2_i2::g.75977::m.75977	87.156	109	14	0	11	119	65	173	9.81e-60	203
Salprose	CP@TRINITY_DN4140_c1_g1::CP@TRINITY_DN4140_c1_g1_i6::g.75975::m.75975	52.469	162	77	0	539	700	4	165	1.91e-51	179
Tricadha	CP@TRINITY_DN4140_c1_g2::CP@TRINITY_DN4140_c1_g2_i2::g.75976::m.75976	52.752	436	189	4	158	577	1	435	1.60e-155	458
Tricadha	CP@TRINITY_DN6562_c0_g1::CP@TRINITY_DN6562_c0_g1_i1::g.38268::m.38268	50.177	283	141	0	449	731	1	283	1.10e-101	314
Tricadha	CP@TRINITY_DN4140_c1_g2::CP@TRINITY_DN4140_c1_g2_i2::g.75977::m.75977	81.651	109	20	0	41	149	65	173	2.81e-57	192
Tricadha	CP@TRINITY_DN4140_c1_g1::CP@TRINITY_DN4140_c1_g1_i6::g.75975::m.75975	53.416	161	75	0	571	731	4	164	3.23e-53	181
Amphquee	CP@TRINITY_DN4140_c1_g2::CP@TRINITY_DN4140_c1_g2_i2::g.75976::m.75976	48.624	436	208	4	74	494	1	435	4.45e-150	441
Amphquee	CP@TRINITY_DN6562_c0_g1::CP@TRINITY_DN6562_c0_g1_i1::g.38268::m.38268	51.661	271	131	0	375	645	10	280	2.34e-98	303
Amphquee	CP@TRINITY_DN4140_c1_g1::CP@TRINITY_DN4140_c1_g1_i6::g.75975::m.75975	50.000	158	79	0	488	645	4	161	8.69e-48	165
Caeneleg	CP@TRINITY_DN4140_c1_g2::CP@TRINITY_DN4140_c1_g2_i2::g.75976::m.75976	44.647	439	223	5	160	582	1	435	1.63e-131	397
Caeneleg	CP@TRINITY_DN6562_c0_g1::CP@TRINITY_DN6562_c0_g1_i1::g.38268::m.38268	47.687	281	147	0	454	734	1	281	4.75e-94	295
Caeneleg	CP@TRINITY_DN4140_c1_g2::CP@TRINITY_DN4140_c1_g2_i2::g.75977::m.75977	73.228	127	34	0	25	151	47	173	5.24e-58	195
Aplycali	CP@TRINITY_DN4140_c1_g2::CP@TRINITY_DN4140_c1_g2_i2::g.75976::m.75976	47.153	439	212	5	161	583	1	435	1.21e-137	413
Aplycali	CP@TRINITY_DN6562_c0_g1::CP@TRINITY_DN6562_c0_g1_i1::g.38268::m.38268	56.993	286	123	0	455	740	1	286	5.66e-118	357
Aplycali	CP@TRINITY_DN4140_c1_g2::CP@TRINITY_DN4140_c1_g2_i2::g.75977::m.75977	84.404	109	17	0	44	152	65	173	2.94e-61	203
Aplycali	CP@TRINITY_DN4140_c1_g1::CP@TRINITY_DN4140_c1_g1_i6::g.75975::m.75975	48.125	160	83	0	577	736	4	163	5.89e-47	164
Schimans	CP@TRINITY_DN4140_c1_g2::CP@TRINITY_DN4140_c1_g2_i2::g.75976::m.75976	43.379	438	229	5	87	508	1	435	1.03e-121	369
Schimans	CP@TRINITY_DN6562_c0_g1::CP@TRINITY_DN6562_c0_g1_i1::g.38268::m.38268	52.444	225	107	0	389	613	10	234	8.73e-85	268
Taensoli	CP@TRINITY_DN4140_c1_g2::CP@TRINITY_DN4140_c1_g2_i2::g.75976::m.75976	43.964	439	226	5	167	589	1	435	1.74e-126	384
Taensoli	CP@TRINITY_DN6562_c0_g1::CP@TRINITY_DN6562_c0_g1_i1::g.38268::m.38268	54.196	286	130	1	461	746	1	285	2.82e-109	335
Taensoli	CP@TRINITY_DN4140_c1_g2::CP@TRINITY_DN4140_c1_g2_i2::g.75977::m.75977	73.276	116	31	0	43	158	58	173	3.98e-55	187
Apismell	CP@TRINITY_DN4140_c1_g2::CP@TRINITY_DN4140_c1_g2_i2::g.75976::m.75976	47.018	436	211	5	162	580	1	433	6.67e-136	408
Apismell	CP@TRINITY_DN6562_c0_g1::CP@TRINITY_DN6562_c0_g1_i1::g.38268::m.38268	57.040	277	119	0	458	734	5	281	1.04e-115	351
Apismell	CP@TRINITY_DN4140_c1_g2::CP@TRINITY_DN4140_c1_g2_i2::g.75977::m.75977	66.207	145	46	1	12	153	29	173	1.78e-61	204
Apismell	CP@TRINITY_DN4140_c1_g1::CP@TRINITY_DN4140_c1_g1_i6::g.75975::m.75975	46.914	162	86	0	576	737	4	165	5.76e-46	161
Drosmela	CP@TRINITY_DN4140_c1_g2::CP@TRINITY_DN4140_c1_g2_i2::g.75976::m.75976	46.330	436	215	5	158	577	1	433	9.78e-137	410
Drosmela	CP@TRINITY_DN6562_c0_g1::CP@TRINITY_DN6562_c0_g1_i1::g.38268::m.38268	61.131	283	110	0	451	733	1	283	2.29e-127	381
Drosmela	CP@TRINITY_DN4140_c1_g2::CP@TRINITY_DN4140_c1_g2_i2::g.75977::m.75977	79.339	121	25	0	29	149	53	173	4.43e-62	206
Drosmela	CP@TRINITY_DN4140_c1_g1::CP@TRINITY_DN4140_c1_g1_i6::g.75975::m.75975	51.553	161	78	0	573	733	4	164	1.31e-50	174
Branflor	CP@TRINITY_DN4140_c1_g2::CP@TRINITY_DN4140_c1_g2_i2::g.75976::m.75976	51.606	436	193	6	163	583	1	433	1.08e-153	454
Branflor	CP@TRINITY_DN6562_c0_g1::CP@TRINITY_DN6562_c0_g1_i1::g.38268::m.38268	58.065	279	117	0	457	735	1	279	8.70e-122	367
Branflor	CP@TRINITY_DN4140_c1_g2::CP@TRINITY_DN4140_c1_g2_i2::g.75977::m.75977	69.737	152	42	2	4	154	25	173	2.79e-63	209
Branflor	CP@TRINITY_DN4140_c1_g1::CP@TRINITY_DN4140_c1_g1_i6::g.75975::m.75975	49.045	157	80	0	579	735	4	160	2.29e-47	165
Gallgall	CP@TRINITY_DN4140_c1_g2::CP@TRINITY_DN4140_c1_g2_i2::g.75976::m.75976	52.294	436	194	4	150	572	1	435	2.76e-161	473
Gallgall	CP@TRINITY_DN6562_c0_g1::CP@TRINITY_DN6562_c0_g1_i1::g.38268::m.38268	55.556	279	124	0	444	722	1	279	8.52e-116	351
Gallgall	CP@TRINITY_DN4140_c1_g2::CP@TRINITY_DN4140_c1_g2_i2::g.75977::m.75977	86.111	108	15	0	33	140	65	172	2.83e-59	198
Gallgall	CP@TRINITY_DN4140_c1_g1::CP@TRINITY_DN4140_c1_g1_i6::g.75975::m.75975	52.866	157	74	0	566	722	4	160	6.20e-51	175
Sphaarct	CP@TRINITY_DN4140_c1_g2::CP@TRINITY_DN4140_c1_g2_i2::g.75976::m.75976	46.485	441	206	5	122	538	1	435	9.36e-137	408
Sphaarct	CP@TRINITY_DN6562_c0_g1::CP@TRINITY_DN6562_c0_g1_i1::g.38268::m.38268	46.304	257	129	2	409	661	1	252	2.86e-75	244
Sphaarct	CP@TRINITY_DN4140_c1_g2::CP@TRINITY_DN4140_c1_g2_i2::g.75977::m.75977	89.286	112	12	0	2	113	62	173	8.46e-65	211
Amoepara	CP@TRINITY_DN4140_c1_g2::CP@TRINITY_DN4140_c1_g2_i2::g.75976::m.75976	47.955	440	203	7	181	599	1	435	2.90e-142	425
Amoepara	CP@TRINITY_DN6562_c0_g1::CP@TRINITY_DN6562_c0_g1_i1::g.38268::m.38268	48.239	284	146	1	472	754	1	284	1.41e-89	283
Amoepara	CP@TRINITY_DN4140_c1_g2::CP@TRINITY_DN4140_c1_g2_i2::g.75977::m.75977	80.000	130	23	1	46	172	44	173	2.44e-63	209
Amoepara	CP@TRINITY_DN4140_c1_g1::CP@TRINITY_DN4140_c1_g1_i6::g.75975::m.75975	55.215	163	73	0	593	755	4	166	3.72e-55	187
Bodosalt	CP@TRINITY_DN4140_c1_g2::CP@TRINITY_DN4140_c1_g2_i2::g.75976::m.75976	42.298	409	223	7	149	555	1	398	2.30e-105	329
Bodosalt	CP@TRINITY_DN4140_c1_g2::CP@TRINITY_DN4140_c1_g2_i2::g.75977::m.75977	73.770	122	29	1	22	140	52	173	1.44e-53	182
Bodosalt	CP@TRINITY_DN6562_c0_g1::CP@TRINITY_DN6562_c0_g1_i1::g.38268::m.38268	33.451	284	184	1	457	740	5	283	1.68e-47	170
Diphrota	CP@TRINITY_DN4140_c1_g2::CP@TRINITY_DN4140_c1_g2_i2::g.75976::m.75976	53.456	434	180	4	174	586	1	433	5.51e-164	480
Diphrota	CP@TRINITY_DN6562_c0_g1::CP@TRINITY_DN6562_c0_g1_i1::g.38268::m.38268	48.582	282	145	0	460	741	1	282	2.50e-92	290
Diphrota	CP@TRINITY_DN4140_c1_g2::CP@TRINITY_DN4140_c1_g2_i2::g.75977::m.75977	63.580	162	47	2	4	165	24	173	1.57e-59	199
Diphrota	CP@TRINITY_DN4140_c1_g1::CP@TRINITY_DN4140_c1_g1_i6::g.75975::m.75975	53.503	157	73	0	582	738	4	160	7.47e-51	175
Mancberm	CP@TRINITY_DN4140_c1_g2::CP@TRINITY_DN4140_c1_g2_i2::g.75976::m.75976	50.115	433	197	6	174	588	1	432	7.39e-143	426
Mancberm	CP@TRINITY_DN6562_c0_g1::CP@TRINITY_DN6562_c0_g1_i1::g.38268::m.38268	45.936	283	153	0	463	745	1	283	5.36e-83	266
Mancberm	CP@TRINITY_DN4140_c1_g2::CP@TRINITY_DN4140_c1_g2_i2::g.75977::m.75977	62.500	152	44	1	27	165	22	173	5.69e-57	192
Mancberm	CP@TRINITY_DN4140_c1_g1::CP@TRINITY_DN4140_c1_g1_i6::g.75975::m.75975	50.932	161	79	0	585	745	4	164	1.14e-49	171
Ancysigm	CP@TRINITY_DN4140_c1_g2::CP@TRINITY_DN4140_c1_g2_i2::g.75976::m.75976	50.575	435	197	5	185	603	1	433	2.84e-154	456
Ancysigm	CP@TRINITY_DN6562_c0_g1::CP@TRINITY_DN6562_c0_g1_i1::g.38268::m.38268	49.129	287	139	3	478	758	1	286	2.92e-89	283
Ancysigm	CP@TRINITY_DN4140_c1_g2::CP@TRINITY_DN4140_c1_g2_i2::g.75977::m.75977	64.596	161	39	2	34	176	13	173	1.30e-61	204
Ancysigm	CP@TRINITY_DN4140_c1_g1::CP@TRINITY_DN4140_c1_g1_i6::g.75975::m.75975	51.852	162	78	0	599	760	4	165	3.83e-51	176
Nutolong	CP@TRINITY_DN4140_c1_g2::CP@TRINITY_DN4140_c1_g2_i2::g.75976::m.75976	48.730	433	206	3	46	462	1	433	5.66e-153	448
Nutolong	CP@TRINITY_DN6562_c0_g1::CP@TRINITY_DN6562_c0_g1_i1::g.38268::m.38268	44.604	278	154	0	344	621	9	286	2.22e-80	256
Nutolong	CP@TRINITY_DN4140_c1_g1::CP@TRINITY_DN4140_c1_g1_i6::g.75975::m.75975	50.932	161	79	0	458	618	4	164	1.98e-53	180
Guttvulg	CP@TRINITY_DN4140_c1_g2::CP@TRINITY_DN4140_c1_g2_i2::g.75976::m.75976	52.752	436	184	4	198	612	1	435	4.89e-159	469
Guttvulg	CP@TRINITY_DN6562_c0_g1::CP@TRINITY_DN6562_c0_g1_i1::g.38268::m.38268	43.772	281	153	3	486	763	1	279	7.24e-73	239
Guttvulg	CP@TRINITY_DN4140_c1_g2::CP@TRINITY_DN4140_c1_g2_i2::g.75977::m.75977	81.982	111	20	0	79	189	63	173	1.74e-57	194
Fontalba	CP@TRINITY_DN4140_c1_g2::CP@TRINITY_DN4140_c1_g2_i2::g.75976::m.75976	55.353	439	177	5	149	572	1	435	4.49e-171	498
Fontalba	CP@TRINITY_DN6562_c0_g1::CP@TRINITY_DN6562_c0_g1_i1::g.38268::m.38268	43.902	287	157	3	441	727	1	283	2.10e-81	261
Fontalba	CP@TRINITY_DN4140_c1_g2::CP@TRINITY_DN4140_c1_g2_i2::g.75977::m.75977	69.403	134	29	1	19	140	40	173	6.70e-57	191
Fontalba	CP@TRINITY_DN4140_c1_g1::CP@TRINITY_DN4140_c1_g1_i6::g.75975::m.75975	53.704	162	74	1	566	727	4	164	1.23e-53	182
Rhizdele	CP@TRINITY_DN4140_c1_g2::CP@TRINITY_DN4140_c1_g2_i2::g.75976::m.75976	55.275	436	173	5	183	597	1	435	2.65e-174	507
Rhizdele	CP@TRINITY_DN6562_c0_g1::CP@TRINITY_DN6562_c0_g1_i1::g.38268::m.38268	48.043	281	144	1	471	751	5	283	6.21e-92	290
Rhizdele	CP@TRINITY_DN4140_c1_g1::CP@TRINITY_DN4140_c1_g1_i6::g.75975::m.75975	56.522	161	70	0	591	751	4	164	4.28e-60	200
Rhizdele	CP@TRINITY_DN4140_c1_g2::CP@TRINITY_DN4140_c1_g2_i2::g.75977::m.75977	74.219	128	26	1	47	174	53	173	9.96e-58	194
Schizpom	CP@TRINITY_DN4140_c1_g2::CP@TRINITY_DN4140_c1_g2_i2::g.75976::m.75976	52.403	437	191	5	193	614	1	435	7.20e-166	486
Schizpom	CP@TRINITY_DN6562_c0_g1::CP@TRINITY_DN6562_c0_g1_i1::g.38268::m.38268	43.007	286	158	1	485	770	5	285	1.38e-78	254
Schizpom	CP@TRINITY_DN4140_c1_g2::CP@TRINITY_DN4140_c1_g2_i2::g.75977::m.75977	59.412	170	49	2	15	184	24	173	1.62e-57	194
Schizpom	CP@TRINITY_DN4140_c1_g1::CP@TRINITY_DN4140_c1_g1_i6::g.75975::m.75975	55.414	157	70	0	608	764	4	160	4.82e-57	192
Aspefumi	CP@TRINITY_DN4140_c1_g2::CP@TRINITY_DN4140_c1_g2_i2::g.75976::m.75976	53.333	435	184	4	227	642	1	435	1.66e-165	486
Aspefumi	CP@TRINITY_DN6562_c0_g1::CP@TRINITY_DN6562_c0_g1_i1::g.38268::m.38268	44.561	285	156	1	516	798	1	285	4.18e-77	251
Aspefumi	CP@TRINITY_DN4140_c1_g2::CP@TRINITY_DN4140_c1_g2_i2::g.75977::m.75977	57.065	184	60	4	36	218	8	173	2.36e-55	188
Aspefumi	CP@TRINITY_DN4140_c1_g1::CP@TRINITY_DN4140_c1_g1_i6::g.75975::m.75975	50.993	151	74	0	642	792	10	160	5.68e-47	164
Neurcras	CP@TRINITY_DN4140_c1_g2::CP@TRINITY_DN4140_c1_g2_i2::g.75976::m.75976	51.034	435	195	3	225	641	1	435	1.25e-163	481
Neurcras	CP@TRINITY_DN6562_c0_g1::CP@TRINITY_DN6562_c0_g1_i1::g.38268::m.38268	44.000	275	152	2	523	795	10	284	1.03e-76	250
Neurcras	CP@TRINITY_DN4140_c1_g2::CP@TRINITY_DN4140_c1_g2_i2::g.75977::m.75977	73.171	123	25	1	94	216	59	173	6.71e-57	192
Debahans	CP@TRINITY_DN4140_c1_g2::CP@TRINITY_DN4140_c1_g2_i2::g.75976::m.75976	50.572	437	190	4	196	608	1	435	1.49e-156	462
Debahans	CP@TRINITY_DN6562_c0_g1::CP@TRINITY_DN6562_c0_g1_i1::g.38268::m.38268	46.763	278	141	1	491	761	5	282	2.09e-85	273
Debahans	CP@TRINITY_DN4140_c1_g2::CP@TRINITY_DN4140_c1_g2_i2::g.75977::m.75977	76.991	113	22	1	75	187	65	173	1.19e-53	183
Debahans	CP@TRINITY_DN4140_c1_g1::CP@TRINITY_DN4140_c1_g1_i6::g.75975::m.75975	50.000	158	79	0	602	759	4	161	4.56e-48	167
Coprcine	CP@TRINITY_DN4140_c1_g2::CP@TRINITY_DN4140_c1_g2_i2::g.75976::m.75976	55.682	440	180	3	230	659	1	435	1.07e-175	513
Coprcine	CP@TRINITY_DN6562_c0_g1::CP@TRINITY_DN6562_c0_g1_i1::g.38268::m.38268	49.104	279	132	2	537	807	9	285	9.01e-86	275
Coprcine	CP@TRINITY_DN4140_c1_g2::CP@TRINITY_DN4140_c1_g2_i2::g.75977::m.75977	72.222	126	25	1	96	221	58	173	1.79e-55	189
Coprcine	CP@TRINITY_DN4140_c1_g1::CP@TRINITY_DN4140_c1_g1_i6::g.75975::m.75975	56.875	160	69	0	653	812	4	163	3.93e-54	184
Ustimayd	CP@TRINITY_DN4140_c1_g2::CP@TRINITY_DN4140_c1_g2_i2::g.75976::m.75976	53.173	457	182	3	238	684	1	435	6.68e-171	501
Ustimayd	CP@TRINITY_DN6562_c0_g1::CP@TRINITY_DN6562_c0_g1_i1::g.38268::m.38268	47.203	286	149	1	556	841	3	286	1.68e-87	280
Ustimayd	CP@TRINITY_DN4140_c1_g2::CP@TRINITY_DN4140_c1_g2_i2::g.75977::m.75977	56.989	186	50	3	44	229	18	173	1.77e-58	197
Ustimayd	CP@TRINITY_DN4140_c1_g1::CP@TRINITY_DN4140_c1_g1_i6::g.75975::m.75975	57.143	161	69	0	678	838	4	164	1.97e-56	191
Spizpunc	CP@TRINITY_DN4140_c1_g2::CP@TRINITY_DN4140_c1_g2_i2::g.75976::m.75976	60.870	437	150	6	195	612	1	435	0.0	540
Spizpunc	CP@TRINITY_DN6562_c0_g1::CP@TRINITY_DN6562_c0_g1_i1::g.38268::m.38268	46.786	280	147	2	490	769	9	286	1.24e-88	281
Spizpunc	CP@TRINITY_DN4140_c1_g2::CP@TRINITY_DN4140_c1_g2_i2::g.75977::m.75977	80.952	126	24	0	61	186	48	173	5.18e-64	211
Spizpunc	CP@TRINITY_DN4140_c1_g1::CP@TRINITY_DN4140_c1_g1_i6::g.75975::m.75975	60.759	158	62	0	606	763	4	161	7.93e-61	202
Blasbrit	CP@TRINITY_DN4140_c1_g2::CP@TRINITY_DN4140_c1_g2_i2::g.75976::m.75976	56.071	453	173	6	162	606	1	435	0.0	525
Blasbrit	CP@TRINITY_DN6562_c0_g1::CP@TRINITY_DN6562_c0_g1_i1::g.38268::m.38268	41.853	313	153	2	451	763	3	286	1.77e-81	262
Blasbrit	CP@TRINITY_DN4140_c1_g1::CP@TRINITY_DN4140_c1_g1_i6::g.75975::m.75975	60.494	162	64	0	600	761	4	165	1.14e-66	218
Blasbrit	CP@TRINITY_DN4140_c1_g2::CP@TRINITY_DN4140_c1_g2_i2::g.75977::m.75977	84.426	122	17	1	32	153	54	173	2.32e-64	212
Blasbrit	CP@TRINITY_DN4140_c1_g1::CP@TRINITY_DN4140_c1_g1_i27::g.75973::m.75973	61.947	113	43	0	600	712	4	116	4.78e-43	152
Allomacr	CP@TRINITY_DN4140_c1_g2::CP@TRINITY_DN4140_c1_g2_i2::g.75976::m.75976	59.410	441	164	6	173	604	1	435	0.0	536
Allomacr	CP@TRINITY_DN6562_c0_g1::CP@TRINITY_DN6562_c0_g1_i1::g.38268::m.38268	43.624	298	152	2	464	761	5	286	2.72e-83	267
Allomacr	CP@TRINITY_DN4140_c1_g2::CP@TRINITY_DN4140_c1_g2_i2::g.75977::m.75977	67.429	175	39	3	5	164	2	173	1.13e-68	224
Allomacr	CP@TRINITY_DN4140_c1_g1::CP@TRINITY_DN4140_c1_g1_i6::g.75975::m.75975	56.790	162	70	0	598	759	4	165	1.71e-61	204
Pelasubv	CP@TRINITY_DN4140_c1_g2::CP@TRINITY_DN4140_c1_g2_i2::g.75976::m.75976	45.781	474	202	10	117	576	1	433	1.45e-135	407
Pelasubv	CP@TRINITY_DN6562_c0_g1::CP@TRINITY_DN6562_c0_g1_i1::g.38268::m.38268	44.238	269	143	2	454	722	10	271	6.16e-77	249
Pelasubv	CP@TRINITY_DN4140_c1_g2::CP@TRINITY_DN4140_c1_g2_i2::g.75977::m.75977	85.981	107	15	0	2	108	67	173	1.07e-57	193
Pelasubv	CP@TRINITY_DN4140_c1_g1::CP@TRINITY_DN4140_c1_g1_i6::g.75975::m.75975	51.034	145	69	1	572	716	4	146	2.53e-43	154
