Protlace	CP@TRINITY_DN4474_c1_g2::CP@TRINITY_DN4474_c1_g2_i2::g.77523::m.77523	32.880	368	213	6	1	349	51	403	7.63e-61	205
Protlace	CP@TRINITY_DN654_c0_g1::CP@TRINITY_DN654_c0_g1_i1::g.17610::m.17610	30.193	467	266	11	2	447	57	484	3.94e-54	194
Monobrev	CP@TRINITY_DN4474_c1_g2::CP@TRINITY_DN4474_c1_g2_i2::g.77523::m.77523	37.333	300	166	8	613	904	72	357	3.04e-53	194
Monobrev	CP@TRINITY_DN4474_c1_g1::CP@TRINITY_DN4474_c1_g1_i1::g.77521::m.77521	32.746	397	190	8	1196	1555	5	361	3.36e-53	191
Monobrev	CP@TRINITY_DN31984_c0_g1::CP@TRINITY_DN31984_c0_g1_i1::g.65652::m.65652	58.462	130	54	0	1428	1557	1	130	5.79e-48	167
Capsowcz	CP@TRINITY_DN4474_c1_g2::CP@TRINITY_DN4474_c1_g2_i2::g.77523::m.77523	42.737	358	176	8	49	399	14	349	3.56e-87	291
Capsowcz	CP@TRINITY_DN654_c0_g1::CP@TRINITY_DN654_c0_g1_i1::g.17610::m.17610	35.417	480	227	10	44	491	14	442	1.57e-68	248
Capsowcz	CP@TRINITY_DN4474_c1_g1::CP@TRINITY_DN4474_c1_g1_i1::g.77521::m.77521	32.506	403	174	7	878	1277	54	361	4.90e-58	205
Capsowcz	CP@TRINITY_DN31984_c0_g1::CP@TRINITY_DN31984_c0_g1_i1::g.65652::m.65652	56.923	130	56	0	1150	1279	1	130	2.76e-46	162
Nemavect	CP@TRINITY_DN4474_c1_g2::CP@TRINITY_DN4474_c1_g2_i2::g.77523::m.77523	44.022	368	180	6	6	366	1	349	6.93e-91	300
Nemavect	CP@TRINITY_DN654_c0_g1::CP@TRINITY_DN654_c0_g1_i1::g.17610::m.17610	35.022	454	208	9	5	424	5	405	3.80e-68	246
Nemavect	CP@TRINITY_DN4474_c1_g1::CP@TRINITY_DN4474_c1_g1_i1::g.77521::m.77521	53.125	160	75	0	985	1144	202	361	1.05e-49	180
Nemavect	CP@TRINITY_DN31984_c0_g1::CP@TRINITY_DN31984_c0_g1_i1::g.65652::m.65652	62.698	126	47	0	1019	1144	3	128	4.16e-49	170
Nemavect	CP@TRINITY_DN5242_c0_g4::CP@TRINITY_DN5242_c0_g4_i1::g.14171::m.14171	55.245	143	51	1	5	134	5	147	2.25e-45	160
Homosapi	CP@TRINITY_DN4474_c1_g2::CP@TRINITY_DN4474_c1_g2_i2::g.77523::m.77523	42.965	398	195	10	6	395	1	374	5.94e-97	315
Homosapi	CP@TRINITY_DN654_c0_g1::CP@TRINITY_DN654_c0_g1_i1::g.17610::m.17610	34.889	450	222	10	1	424	1	405	1.22e-67	244
Homosapi	CP@TRINITY_DN4474_c1_g1::CP@TRINITY_DN4474_c1_g1_i1::g.77521::m.77521	35.666	443	199	12	677	1115	1	361	8.49e-67	229
Homosapi	CP@TRINITY_DN31984_c0_g1::CP@TRINITY_DN31984_c0_g1_i1::g.65652::m.65652	59.375	128	52	0	990	1117	3	130	1.33e-48	169
Homosapi	CP@TRINITY_DN5242_c0_g4::CP@TRINITY_DN5242_c0_g4_i1::g.14171::m.14171	55.102	147	53	1	1	134	1	147	7.56e-46	161
Coralima	CP@TRINITY_DN4474_c1_g2::CP@TRINITY_DN4474_c1_g2_i2::g.77523::m.77523	42.298	383	183	10	9	383	4	356	3.20e-88	291
Coralima	CP@TRINITY_DN4474_c1_g1::CP@TRINITY_DN4474_c1_g1_i1::g.77521::m.77521	34.963	409	199	7	661	1052	2	360	1.79e-67	231
Coralima	CP@TRINITY_DN654_c0_g1::CP@TRINITY_DN654_c0_g1_i1::g.17610::m.17610	35.484	434	204	9	18	427	18	399	5.38e-64	233
Coralima	CP@TRINITY_DN31984_c0_g1::CP@TRINITY_DN31984_c0_g1_i1::g.65652::m.65652	58.537	123	51	0	929	1051	4	126	1.01e-46	163
Coralima	CP@TRINITY_DN5242_c0_g4::CP@TRINITY_DN5242_c0_g4_i1::g.14171::m.14171	53.957	139	53	1	9	136	9	147	5.49e-44	156
Syssmult	CP@TRINITY_DN4474_c1_g2::CP@TRINITY_DN4474_c1_g2_i2::g.77523::m.77523	42.408	382	184	8	8	380	3	357	1.43e-88	292
Syssmult	CP@TRINITY_DN654_c0_g1::CP@TRINITY_DN654_c0_g1_i1::g.17610::m.17610	33.607	488	251	10	554	1038	404	821	1.01e-72	259
Syssmult	CP@TRINITY_DN654_c0_g1::CP@TRINITY_DN654_c0_g1_i1::g.17610::m.17610	34.735	452	219	9	1	426	1	402	1.12e-66	241
Syssmult	CP@TRINITY_DN4474_c1_g1::CP@TRINITY_DN4474_c1_g1_i1::g.77521::m.77521	37.563	394	194	10	718	1092	1	361	3.07e-67	230
Syssmult	CP@TRINITY_DN31984_c0_g1::CP@TRINITY_DN31984_c0_g1_i1::g.65652::m.65652	60.465	129	51	0	967	1095	3	131	3.70e-50	173
Syssmult	CP@TRINITY_DN5242_c0_g4::CP@TRINITY_DN5242_c0_g4_i1::g.14171::m.14171	55.102	147	53	2	1	134	1	147	3.51e-43	154
Creofrag	CP@TRINITY_DN4474_c1_g2::CP@TRINITY_DN4474_c1_g2_i2::g.77523::m.77523	38.612	461	242	11	10	445	4	448	3.27e-83	278
Creofrag	CP@TRINITY_DN654_c0_g1::CP@TRINITY_DN654_c0_g1_i1::g.17610::m.17610	36.806	432	206	11	8	412	7	398	2.77e-68	247
Creofrag	CP@TRINITY_DN4474_c1_g1::CP@TRINITY_DN4474_c1_g1_i1::g.77521::m.77521	38.941	321	126	5	821	1141	109	359	6.55e-61	213
Creofrag	CP@TRINITY_DN31984_c0_g1::CP@TRINITY_DN31984_c0_g1_i1::g.65652::m.65652	54.264	129	59	0	1018	1146	3	131	3.17e-43	153
Guilthet	CP@TRINITY_DN4474_c1_g2::CP@TRINITY_DN4474_c1_g2_i2::g.77523::m.77523	39.359	343	142	13	11	316	4	317	4.11e-52	191
Guilthet	CP@TRINITY_DN4474_c1_g1::CP@TRINITY_DN4474_c1_g1_i1::g.77521::m.77521	34.974	386	204	13	473	842	2	356	4.25e-52	187
Goniavon	CP@TRINITY_DN4474_c1_g2::CP@TRINITY_DN4474_c1_g2_i2::g.77523::m.77523	40.404	396	199	8	16	398	7	378	9.50e-91	293
Goniavon	CP@TRINITY_DN654_c0_g1::CP@TRINITY_DN654_c0_g1_i1::g.17610::m.17610	38.363	391	189	8	16	384	13	373	1.11e-65	235
ChoanoFB	CP@TRINITY_DN654_c0_g1::CP@TRINITY_DN654_c0_g1_i1::g.17610::m.17610	33.916	687	332	14	6	683	7	580	4.10e-111	366
ChoanoFB	CP@TRINITY_DN4474_c1_g1::CP@TRINITY_DN4474_c1_g1_i1::g.77521::m.77521	38.348	339	166	9	776	1096	48	361	2.73e-59	208
ChoanoFB	CP@TRINITY_DN4474_c1_g2::CP@TRINITY_DN4474_c1_g2_i2::g.77523::m.77523	33.602	372	208	12	151	491	79	442	1.14e-47	177
Raphhete	CP@TRINITY_DN654_c0_g1::CP@TRINITY_DN654_c0_g1_i1::g.17610::m.17610	35.648	432	204	6	24	449	6	369	1.64e-67	245
Raphhete	CP@TRINITY_DN4474_c1_g1::CP@TRINITY_DN4474_c1_g1_i1::g.77521::m.77521	41.328	271	130	5	960	1224	114	361	1.76e-56	200
Raphhete	CP@TRINITY_DN4474_c1_g2::CP@TRINITY_DN4474_c1_g2_i2::g.77523::m.77523	30.704	355	226	7	116	459	25	370	1.83e-48	179
Rainerin	CP@TRINITY_DN654_c0_g1::CP@TRINITY_DN654_c0_g1_i1::g.17610::m.17610	38.119	404	186	6	18	414	19	365	6.08e-74	263
Rainerin	CP@TRINITY_DN4474_c1_g1::CP@TRINITY_DN4474_c1_g1_i1::g.77521::m.77521	38.166	338	164	7	832	1150	50	361	1.43e-67	232
Rainerin	CP@TRINITY_DN4474_c1_g2::CP@TRINITY_DN4474_c1_g2_i2::g.77523::m.77523	34.688	320	184	7	152	454	79	390	1.55e-51	188
Rainerin	CP@TRINITY_DN31984_c0_g1::CP@TRINITY_DN31984_c0_g1_i1::g.65652::m.65652	55.303	132	58	1	1022	1153	1	131	3.92e-45	159
Paraconf	CP@TRINITY_DN654_c0_g1::CP@TRINITY_DN654_c0_g1_i1::g.17610::m.17610	30.204	884	523	17	18	869	20	841	6.15e-112	370
Paraconf	CP@TRINITY_DN4474_c1_g2::CP@TRINITY_DN4474_c1_g2_i2::g.77523::m.77523	39.566	369	201	10	18	371	15	376	5.77e-74	253
Leismajo	CP@TRINITY_DN654_c0_g1::CP@TRINITY_DN654_c0_g1_i1::g.17610::m.17610	31.949	867	497	17	7	832	7	821	1.66e-132	417
Leismajo	CP@TRINITY_DN4474_c1_g2::CP@TRINITY_DN4474_c1_g2_i2::g.77523::m.77523	40.503	358	192	8	18	360	13	364	1.79e-74	251
Leptpyrr	CP@TRINITY_DN654_c0_g1::CP@TRINITY_DN654_c0_g1_i1::g.17610::m.17610	31.114	916	508	19	1	868	1	841	8.93e-138	431
Leptpyrr	CP@TRINITY_DN4474_c1_g2::CP@TRINITY_DN4474_c1_g2_i2::g.77523::m.77523	39.683	378	192	9	9	362	1	366	1.04e-76	257
Leptpyrr	CP@TRINITY_DN4474_c1_g1::CP@TRINITY_DN4474_c1_g1_i1::g.77521::m.77521	30.601	366	201	12	559	881	2	357	5.06e-43	160
Trypbruc	CP@TRINITY_DN654_c0_g1::CP@TRINITY_DN654_c0_g1_i1::g.17610::m.17610	30.011	903	530	19	5	871	5	841	1.57e-122	391
Trypbruc	CP@TRINITY_DN4474_c1_g2::CP@TRINITY_DN4474_c1_g2_i2::g.77523::m.77523	41.144	367	198	7	9	363	4	364	6.00e-77	258
Parapyri	CP@TRINITY_DN4474_c1_g1::CP@TRINITY_DN4474_c1_g1_i1::g.77521::m.77521	38.389	211	125	3	90	299	153	359	1.98e-48	165
Monoexil	CP@TRINITY_DN4474_c1_g2::CP@TRINITY_DN4474_c1_g2_i2::g.77523::m.77523	35.754	358	168	10	14	360	10	316	6.46e-60	214
Monoexil	CP@TRINITY_DN654_c0_g1::CP@TRINITY_DN654_c0_g1_i1::g.17610::m.17610	33.060	366	171	7	1	350	1	308	5.67e-44	174
MAST04A1	CP@TRINITY_DN654_c0_g1::CP@TRINITY_DN654_c0_g1_i1::g.17610::m.17610	27.655	904	465	23	1	837	41	822	1.87e-94	317
EctocSP7	CP@TRINITY_DN4474_c1_g2::CP@TRINITY_DN4474_c1_g2_i2::g.77523::m.77523	37.333	450	219	9	14	455	4	398	1.36e-79	270
EctocSP7	CP@TRINITY_DN654_c0_g1::CP@TRINITY_DN654_c0_g1_i1::g.17610::m.17610	31.827	531	245	10	22	546	17	436	5.51e-69	250
Thalpseu	CP@TRINITY_DN4474_c1_g2::CP@TRINITY_DN4474_c1_g2_i2::g.77523::m.77523	39.414	307	150	10	7	307	13	289	5.36e-55	198
ChrysoH1	CP@TRINITY_DN654_c0_g1::CP@TRINITY_DN654_c0_g1_i1::g.17610::m.17610	29.382	987	529	23	7	977	7	841	1.67e-125	402
ChrysoH1	CP@TRINITY_DN4474_c1_g2::CP@TRINITY_DN4474_c1_g2_i2::g.77523::m.77523	37.705	427	197	9	9	408	4	388	1.04e-81	272
ChrysoH1	CP@TRINITY_DN4474_c1_g1::CP@TRINITY_DN4474_c1_g1_i1::g.77521::m.77521	30.024	413	205	12	615	995	1	361	1.37e-47	174
ChrysoH2	CP@TRINITY_DN4474_c1_g1::CP@TRINITY_DN4474_c1_g1_i1::g.77521::m.77521	31.267	371	240	6	205	569	1	362	6.62e-52	181
Phytpara	CP@TRINITY_DN654_c0_g1::CP@TRINITY_DN654_c0_g1_i1::g.17610::m.17610	34.830	646	320	12	20	648	19	580	3.06e-112	368
Phytpara	CP@TRINITY_DN4474_c1_g2::CP@TRINITY_DN4474_c1_g2_i2::g.77523::m.77523	41.837	392	186	8	10	398	4	356	1.12e-83	278
Phytpara	CP@TRINITY_DN4474_c1_g1::CP@TRINITY_DN4474_c1_g1_i1::g.77521::m.77521	34.043	423	210	12	629	1044	1	361	1.38e-62	217
Lapoguse	CP@TRINITY_DN4474_c1_g2::CP@TRINITY_DN4474_c1_g2_i2::g.77523::m.77523	40.957	376	184	8	7	372	2	349	5.13e-87	270
Lapoguse	CP@TRINITY_DN654_c0_g1::CP@TRINITY_DN654_c0_g1_i1::g.17610::m.17610	35.661	401	188	8	1	373	1	359	9.84e-69	231
Lapoguse	CP@TRINITY_DN5242_c0_g4::CP@TRINITY_DN5242_c0_g4_i1::g.14171::m.14171	53.061	147	56	2	1	134	1	147	2.07e-46	155
Mesoviri	CP@TRINITY_DN4474_c1_g1::CP@TRINITY_DN4474_c1_g1_i1::g.77521::m.77521	39.394	231	117	3	654	884	154	361	8.16e-51	182
Charbrau	CP@TRINITY_DN654_c0_g1::CP@TRINITY_DN654_c0_g1_i1::g.17610::m.17610	32.452	681	335	14	20	693	19	581	4.03e-100	338
Charbrau	CP@TRINITY_DN4474_c1_g1::CP@TRINITY_DN4474_c1_g1_i1::g.77521::m.77521	41.079	241	121	5	984	1224	142	361	1.44e-51	186
Arabthal	CP@TRINITY_DN654_c0_g1::CP@TRINITY_DN654_c0_g1_i1::g.17610::m.17610	30.061	978	480	22	9	956	19	822	1.16e-134	427
Arabthal	CP@TRINITY_DN4474_c1_g2::CP@TRINITY_DN4474_c1_g2_i2::g.77523::m.77523	40.608	362	195	8	8	362	13	361	2.57e-82	274
Arabthal	CP@TRINITY_DN4474_c1_g1::CP@TRINITY_DN4474_c1_g1_i1::g.77521::m.77521	30.986	426	216	11	598	1010	1	361	4.19e-51	184
Nephpyri	CP@TRINITY_DN654_c0_g1::CP@TRINITY_DN654_c0_g1_i1::g.17610::m.17610	30.369	461	258	9	4	457	212	616	2.79e-70	239
Chlovari	CP@TRINITY_DN4474_c1_g1::CP@TRINITY_DN4474_c1_g1_i1::g.77521::m.77521	38.839	224	118	3	668	891	154	358	8.11e-42	157
Dunasali	CP@TRINITY_DN4474_c1_g2::CP@TRINITY_DN4474_c1_g2_i2::g.77523::m.77523	43.963	323	136	6	10	331	6	284	2.33e-76	242
Dunasali	CP@TRINITY_DN654_c0_g1::CP@TRINITY_DN654_c0_g1_i1::g.17610::m.17610	37.152	323	152	5	14	330	15	292	1.42e-56	197
Prascaps	CP@TRINITY_DN654_c0_g1::CP@TRINITY_DN654_c0_g1_i1::g.17610::m.17610	33.525	695	358	13	31	709	8	614	2.32e-113	363
Prascaps	CP@TRINITY_DN4474_c1_g2::CP@TRINITY_DN4474_c1_g2_i2::g.77523::m.77523	37.186	398	202	8	31	420	3	360	1.59e-76	253
Andagodo	CP@TRINITY_DN654_c0_g1::CP@TRINITY_DN654_c0_g1_i1::g.17610::m.17610	32.009	931	494	23	15	915	20	841	3.90e-134	423
Andagodo	CP@TRINITY_DN4474_c1_g2::CP@TRINITY_DN4474_c1_g2_i2::g.77523::m.77523	39.416	411	205	11	1	405	1	373	1.09e-84	279
Andagodo	CP@TRINITY_DN4474_c1_g1::CP@TRINITY_DN4474_c1_g1_i1::g.77521::m.77521	40.081	247	134	6	694	933	122	361	3.33e-51	184
Styginca	CP@TRINITY_DN4474_c1_g2::CP@TRINITY_DN4474_c1_g2_i2::g.77523::m.77523	40.897	379	189	7	11	381	7	358	1.07e-88	291
Styginca	CP@TRINITY_DN654_c0_g1::CP@TRINITY_DN654_c0_g1_i1::g.17610::m.17610	33.708	445	201	10	17	430	18	399	1.24e-63	232
Styginca	CP@TRINITY_DN4474_c1_g1::CP@TRINITY_DN4474_c1_g1_i1::g.77521::m.77521	33.520	358	182	10	685	992	10	361	2.83e-46	170
Naeggrub	CP@TRINITY_DN4474_c1_g2::CP@TRINITY_DN4474_c1_g2_i2::g.77523::m.77523	39.568	417	210	11	8	408	3	393	3.00e-91	299
Naeggrub	CP@TRINITY_DN654_c0_g1::CP@TRINITY_DN654_c0_g1_i1::g.17610::m.17610	32.716	486	261	7	508	992	402	822	8.05e-84	290
Naeggrub	CP@TRINITY_DN654_c0_g1::CP@TRINITY_DN654_c0_g1_i1::g.17610::m.17610	35.323	402	201	9	1	380	1	365	4.42e-64	234
Naeggrub	CP@TRINITY_DN4474_c1_g1::CP@TRINITY_DN4474_c1_g1_i1::g.77521::m.77521	35.840	399	199	7	668	1047	1	361	6.19e-66	226
Naeggrub	CP@TRINITY_DN5242_c0_g4::CP@TRINITY_DN5242_c0_g4_i1::g.14171::m.14171	55.102	147	57	2	1	138	1	147	3.01e-45	160
Protfung	CP@TRINITY_DN654_c0_g1::CP@TRINITY_DN654_c0_g1_i1::g.17610::m.17610	32.011	731	381	16	17	717	17	661	2.67e-106	351
Protfung	CP@TRINITY_DN4474_c1_g2::CP@TRINITY_DN4474_c1_g2_i2::g.77523::m.77523	38.220	382	183	9	9	362	4	360	7.69e-69	237
Protfung	CP@TRINITY_DN4474_c1_g1::CP@TRINITY_DN4474_c1_g1_i1::g.77521::m.77521	42.254	213	117	3	791	1002	154	361	1.04e-48	177
Dictdisc	CP@TRINITY_DN4474_c1_g2::CP@TRINITY_DN4474_c1_g2_i2::g.77523::m.77523	42.933	375	185	10	9	375	4	357	9.05e-85	283
Dictdisc	CP@TRINITY_DN654_c0_g1::CP@TRINITY_DN654_c0_g1_i1::g.17610::m.17610	36.160	401	210	6	14	395	14	387	6.66e-70	252
Dictdisc	CP@TRINITY_DN4474_c1_g1::CP@TRINITY_DN4474_c1_g1_i1::g.77521::m.77521	45.370	216	113	3	947	1162	151	361	7.58e-55	195
Dictdisc	CP@TRINITY_DN5242_c0_g4::CP@TRINITY_DN5242_c0_g4_i1::g.14171::m.14171	55.782	147	60	1	1	142	1	147	4.12e-47	165
Physpoly	CP@TRINITY_DN4474_c1_g2::CP@TRINITY_DN4474_c1_g2_i2::g.77523::m.77523	43.085	376	178	7	9	370	4	357	1.91e-92	303
Physpoly	CP@TRINITY_DN654_c0_g1::CP@TRINITY_DN654_c0_g1_i1::g.17610::m.17610	36.983	411	214	6	18	412	18	399	1.50e-75	267
Physpoly	CP@TRINITY_DN654_c0_g1::CP@TRINITY_DN654_c0_g1_i1::g.17610::m.17610	34.629	283	150	6	485	760	407	661	2.31e-46	180
Physpoly	CP@TRINITY_DN4474_c1_g1::CP@TRINITY_DN4474_c1_g1_i1::g.77521::m.77521	45.366	205	108	3	886	1090	151	351	1.65e-50	182
Physpoly	CP@TRINITY_DN5242_c0_g4::CP@TRINITY_DN5242_c0_g4_i1::g.14171::m.14171	57.823	147	59	2	1	144	1	147	3.08e-50	174
Gracchor	CP@TRINITY_DN654_c0_g1::CP@TRINITY_DN654_c0_g1_i1::g.17610::m.17610	31.682	666	334	15	14	660	17	580	1.88e-83	290
Gracchor	CP@TRINITY_DN4474_c1_g2::CP@TRINITY_DN4474_c1_g2_i2::g.77523::m.77523	40.934	364	188	8	8	365	6	348	3.24e-82	275
Gracchor	CP@TRINITY_DN4474_c1_g1::CP@TRINITY_DN4474_c1_g1_i1::g.77521::m.77521	32.440	373	178	9	751	1116	56	361	8.23e-51	184
Gracchor	CP@TRINITY_DN31984_c0_g1::CP@TRINITY_DN31984_c0_g1_i1::g.65652::m.65652	54.135	133	58	1	986	1118	1	130	2.37e-42	151
Porppurp	CP@TRINITY_DN4474_c1_g2::CP@TRINITY_DN4474_c1_g2_i2::g.77523::m.77523	43.478	368	181	8	7	367	10	357	1.53e-89	296
Porppurp	CP@TRINITY_DN654_c0_g1::CP@TRINITY_DN654_c0_g1_i1::g.17610::m.17610	30.627	702	338	18	9	687	17	592	5.74e-89	306
Porppurp	CP@TRINITY_DN4474_c1_g1::CP@TRINITY_DN4474_c1_g1_i1::g.77521::m.77521	43.096	239	115	4	907	1145	144	361	5.58e-51	184
Galdphle	CP@TRINITY_DN4474_c1_g2::CP@TRINITY_DN4474_c1_g2_i2::g.77523::m.77523	43.342	383	193	9	10	384	4	370	2.05e-93	305
Galdphle	CP@TRINITY_DN4474_c1_g1::CP@TRINITY_DN4474_c1_g1_i1::g.77521::m.77521	43.519	216	117	2	874	1089	151	361	3.07e-53	191
SpirCILI	CP@TRINITY_DN4474_c1_g2::CP@TRINITY_DN4474_c1_g2_i2::g.77523::m.77523	41.558	385	176	11	34	400	4	357	7.26e-86	269
SpirCILI	CP@TRINITY_DN654_c0_g1::CP@TRINITY_DN654_c0_g1_i1::g.17610::m.17610	34.509	397	196	9	43	410	18	379	1.30e-63	219
SpirCILI	CP@TRINITY_DN5242_c0_g4::CP@TRINITY_DN5242_c0_g4_i1::g.14171::m.14171	52.941	136	58	1	37	166	12	147	3.13e-45	154
Tricvagi	CP@TRINITY_DN654_c0_g1::CP@TRINITY_DN654_c0_g1_i1::g.17610::m.17610	28.018	878	523	21	1	802	1	845	7.50e-100	329
Tricvagi	CP@TRINITY_DN4474_c1_g2::CP@TRINITY_DN4474_c1_g2_i2::g.77523::m.77523	34.000	350	175	9	21	321	16	358	1.36e-57	204
Tricvagi	CP@TRINITY_DN4474_c1_g1::CP@TRINITY_DN4474_c1_g1_i1::g.77521::m.77521	37.698	252	134	6	593	833	122	361	3.72e-46	169
Colpangu	CP@TRINITY_DN4474_c1_g2::CP@TRINITY_DN4474_c1_g2_i2::g.77523::m.77523	37.056	394	189	12	16	393	13	363	3.96e-65	228
Colpangu	CP@TRINITY_DN654_c0_g1::CP@TRINITY_DN654_c0_g1_i1::g.17610::m.17610	32.479	468	233	13	15	460	17	423	1.26e-61	227
HemaVICK	CP@TRINITY_DN654_c0_g1::CP@TRINITY_DN654_c0_g1_i1::g.17610::m.17610	30.976	891	486	27	20	865	18	824	6.07e-104	343
HemaVICK	CP@TRINITY_DN4474_c1_g2::CP@TRINITY_DN4474_c1_g2_i2::g.77523::m.77523	40.759	395	200	10	12	385	1	382	1.02e-81	271
Noctscin	CP@TRINITY_DN654_c0_g1::CP@TRINITY_DN654_c0_g1_i1::g.17610::m.17610	30.308	650	335	16	33	648	16	581	5.60e-78	274
Noctscin	CP@TRINITY_DN4474_c1_g2::CP@TRINITY_DN4474_c1_g2_i2::g.77523::m.77523	38.107	391	193	9	30	409	8	360	1.21e-73	251
Symbmicr	CP@TRINITY_DN654_c0_g1::CP@TRINITY_DN654_c0_g1_i1::g.17610::m.17610	29.670	637	317	19	17	590	18	586	1.41e-74	263
Vitrbras	CP@TRINITY_DN654_c0_g1::CP@TRINITY_DN654_c0_g1_i1::g.17610::m.17610	31.540	669	342	16	3	647	5	581	2.87e-90	309
Vitrbras	CP@TRINITY_DN4474_c1_g2::CP@TRINITY_DN4474_c1_g2_i2::g.77523::m.77523	41.562	397	189	8	7	396	4	364	3.07e-81	272
Gregniph	CP@TRINITY_DN4474_c1_g2::CP@TRINITY_DN4474_c1_g2_i2::g.77523::m.77523	33.079	393	202	10	1444	1831	13	349	4.55e-58	209
Gregniph	CP@TRINITY_DN654_c0_g1::CP@TRINITY_DN654_c0_g1_i1::g.17610::m.17610	30.892	437	232	10	1428	1856	2	376	5.48e-46	181
TeloneP2	CP@TRINITY_DN654_c0_g1::CP@TRINITY_DN654_c0_g1_i1::g.17610::m.17610	36.025	644	342	18	10	626	17	617	1.98e-116	368
TeloneP2	CP@TRINITY_DN4474_c1_g2::CP@TRINITY_DN4474_c1_g2_i2::g.77523::m.77523	41.235	405	203	8	10	391	12	404	7.69e-93	294
Telosubt	CP@TRINITY_DN654_c0_g1::CP@TRINITY_DN654_c0_g1_i1::g.17610::m.17610	33.998	903	471	25	28	904	19	822	1.36e-148	462
Telosubt	CP@TRINITY_DN4474_c1_g2::CP@TRINITY_DN4474_c1_g2_i2::g.77523::m.77523	43.889	360	179	7	28	377	14	360	5.93e-87	286
Telosubt	CP@TRINITY_DN4474_c1_g1::CP@TRINITY_DN4474_c1_g1_i1::g.77521::m.77521	32.915	398	202	10	583	955	1	358	1.17e-49	180
Protadhe	CP@TRINITY_DN654_c0_g1::CP@TRINITY_DN654_c0_g1_i1::g.17610::m.17610	31.787	431	227	13	1	423	220	591	4.76e-58	205
Styllemn	CP@TRINITY_DN654_c0_g1::CP@TRINITY_DN654_c0_g1_i1::g.17610::m.17610	31.571	624	335	15	6	607	31	584	7.39e-89	305
Styllemn	CP@TRINITY_DN4474_c1_g1::CP@TRINITY_DN4474_c1_g1_i1::g.77521::m.77521	34.906	318	131	8	777	1091	117	361	1.79e-45	168
Stencoer	CP@TRINITY_DN654_c0_g1::CP@TRINITY_DN654_c0_g1_i1::g.17610::m.17610	34.945	641	351	12	7	611	7	617	2.57e-116	369
Stencoer	CP@TRINITY_DN4474_c1_g2::CP@TRINITY_DN4474_c1_g2_i2::g.77523::m.77523	40.267	375	199	7	9	365	4	371	4.99e-85	275
Paratetr	CP@TRINITY_DN654_c0_g1::CP@TRINITY_DN654_c0_g1_i1::g.17610::m.17610	31.699	612	326	11	17	584	17	580	2.62e-90	309
Paratetr	CP@TRINITY_DN4474_c1_g2::CP@TRINITY_DN4474_c1_g2_i2::g.77523::m.77523	42.391	368	170	7	9	345	4	360	3.30e-88	291
Paratetr	CP@TRINITY_DN4474_c1_g1::CP@TRINITY_DN4474_c1_g1_i1::g.77521::m.77521	38.426	216	131	1	880	1095	148	361	9.72e-44	163
Ichtmult	CP@TRINITY_DN654_c0_g1::CP@TRINITY_DN654_c0_g1_i1::g.17610::m.17610	35.033	608	329	14	18	599	18	585	1.70e-110	363
Ichtmult	CP@TRINITY_DN4474_c1_g2::CP@TRINITY_DN4474_c1_g2_i2::g.77523::m.77523	41.489	376	187	8	6	364	1	360	7.60e-88	290
Ichtmult	CP@TRINITY_DN4474_c1_g1::CP@TRINITY_DN4474_c1_g1_i1::g.77521::m.77521	40.598	234	119	3	808	1041	148	361	9.07e-53	189
Ichtmult	CP@TRINITY_DN5242_c0_g4::CP@TRINITY_DN5242_c0_g4_i1::g.14171::m.14171	55.000	140	53	2	8	137	8	147	5.37e-41	147
Tetrther	CP@TRINITY_DN654_c0_g1::CP@TRINITY_DN654_c0_g1_i1::g.17610::m.17610	32.701	633	334	11	21	631	18	580	9.04e-103	345
Tetrther	CP@TRINITY_DN4474_c1_g2::CP@TRINITY_DN4474_c1_g2_i2::g.77523::m.77523	41.953	379	197	10	15	389	7	366	5.16e-88	292
Plasbras	CP@TRINITY_DN654_c0_g1::CP@TRINITY_DN654_c0_g1_i1::g.17610::m.17610	30.863	904	506	17	18	891	19	833	5.22e-131	415
Plasbras	CP@TRINITY_DN4474_c1_g2::CP@TRINITY_DN4474_c1_g2_i2::g.77523::m.77523	41.892	370	182	8	8	360	4	357	2.87e-84	278
Plasbras	CP@TRINITY_DN4474_c1_g1::CP@TRINITY_DN4474_c1_g1_i1::g.77521::m.77521	32.782	363	198	9	615	933	1	361	6.84e-45	166
Sphadest	CP@TRINITY_DN4474_c1_g2::CP@TRINITY_DN4474_c1_g2_i2::g.77523::m.77523	39.733	375	200	7	10	377	2	357	8.10e-86	285
Sphadest	CP@TRINITY_DN4474_c1_g1::CP@TRINITY_DN4474_c1_g1_i1::g.77521::m.77521	38.619	391	201	7	655	1041	2	357	1.43e-73	248
Sphadest	CP@TRINITY_DN654_c0_g1::CP@TRINITY_DN654_c0_g1_i1::g.17610::m.17610	33.333	438	221	7	11	423	8	399	2.42e-56	211
Sphadest	CP@TRINITY_DN31984_c0_g1::CP@TRINITY_DN31984_c0_g1_i1::g.65652::m.65652	56.923	130	56	0	918	1047	1	130	7.10e-48	167
Thectrah	CP@TRINITY_DN4474_c1_g2::CP@TRINITY_DN4474_c1_g2_i2::g.77523::m.77523	40.088	454	221	11	9	440	4	428	1.19e-94	309
Thectrah	CP@TRINITY_DN4474_c1_g1::CP@TRINITY_DN4474_c1_g1_i1::g.77521::m.77521	41.296	247	137	3	867	1111	121	361	4.70e-53	190
Parvatla	CP@TRINITY_DN4474_c1_g2::CP@TRINITY_DN4474_c1_g2_i2::g.77523::m.77523	45.669	381	173	8	17	390	3	356	3.88e-104	315
Parvatla	CP@TRINITY_DN654_c0_g1::CP@TRINITY_DN654_c0_g1_i1::g.17610::m.17610	39.141	396	191	9	28	406	19	381	1.95e-74	248
Parvatla	CP@TRINITY_DN5242_c0_g4::CP@TRINITY_DN5242_c0_g4_i1::g.14171::m.14171	60.769	130	46	3	28	153	19	147	6.40e-46	155
Parasacc	CP@TRINITY_DN654_c0_g1::CP@TRINITY_DN654_c0_g1_i1::g.17610::m.17610	32.421	913	480	22	35	920	19	821	4.54e-144	451
Parasacc	CP@TRINITY_DN4474_c1_g2::CP@TRINITY_DN4474_c1_g2_i2::g.77523::m.77523	39.257	377	202	8	35	397	14	377	5.68e-77	259
Parasacc	CP@TRINITY_DN4474_c1_g1::CP@TRINITY_DN4474_c1_g1_i1::g.77521::m.77521	36.554	383	202	10	612	975	1	361	1.64e-62	216
Rozeallo	CP@TRINITY_DN654_c0_g1::CP@TRINITY_DN654_c0_g1_i1::g.17610::m.17610	31.481	864	495	21	9	835	19	822	9.66e-132	416
Rozeallo	CP@TRINITY_DN4474_c1_g2::CP@TRINITY_DN4474_c1_g2_i2::g.77523::m.77523	43.836	365	169	8	9	358	14	357	1.35e-91	297
Rozeallo	CP@TRINITY_DN4474_c1_g1::CP@TRINITY_DN4474_c1_g1_i1::g.77521::m.77521	40.390	359	177	6	566	887	2	360	4.03e-78	258
Rozeallo	CP@TRINITY_DN31984_c0_g1::CP@TRINITY_DN31984_c0_g1_i1::g.65652::m.65652	56.693	127	54	1	764	889	4	130	3.07e-43	153
Sacccere	CP@TRINITY_DN4474_c1_g2::CP@TRINITY_DN4474_c1_g2_i2::g.77523::m.77523	43.850	374	178	8	12	376	7	357	1.98e-91	300
Sacccere	CP@TRINITY_DN4474_c1_g1::CP@TRINITY_DN4474_c1_g1_i1::g.77521::m.77521	36.220	381	214	6	738	1109	1	361	5.11e-73	247
Sacccere	CP@TRINITY_DN654_c0_g1::CP@TRINITY_DN654_c0_g1_i1::g.17610::m.17610	35.337	416	214	7	19	414	19	399	1.58e-66	241
Sacccere	CP@TRINITY_DN31984_c0_g1::CP@TRINITY_DN31984_c0_g1_i1::g.65652::m.65652	54.762	126	57	0	985	1110	4	129	7.52e-42	149
Batrdend	CP@TRINITY_DN4474_c1_g2::CP@TRINITY_DN4474_c1_g2_i2::g.77523::m.77523	45.387	401	166	8	15	407	3	358	8.04e-99	321
Batrdend	CP@TRINITY_DN4474_c1_g1::CP@TRINITY_DN4474_c1_g1_i1::g.77521::m.77521	37.379	412	206	8	717	1127	1	361	7.60e-80	266
Batrdend	CP@TRINITY_DN654_c0_g1::CP@TRINITY_DN654_c0_g1_i1::g.17610::m.17610	34.120	466	214	9	26	480	19	402	1.13e-66	242
Batrdend	CP@TRINITY_DN5242_c0_g4::CP@TRINITY_DN5242_c0_g4_i1::g.14171::m.14171	55.333	150	61	3	9	157	3	147	4.80e-46	162
Hyphcate	CP@TRINITY_DN4474_c1_g2::CP@TRINITY_DN4474_c1_g2_i2::g.77523::m.77523	40.049	412	184	8	8	412	2	357	4.46e-88	289
Hyphcate	CP@TRINITY_DN654_c0_g1::CP@TRINITY_DN654_c0_g1_i1::g.17610::m.17610	31.853	653	295	14	20	612	19	581	2.56e-84	290
Albulaib	CP@TRINITY_DN4474_c1_g2::CP@TRINITY_DN4474_c1_g2_i2::g.77523::m.77523	38.310	355	182	10	91	442	45	365	2.91e-66	231
Albulaib	CP@TRINITY_DN4474_c1_g1::CP@TRINITY_DN4474_c1_g1_i1::g.77521::m.77521	30.201	447	220	9	696	1138	1	359	1.47e-51	186
Pythirre	CP@TRINITY_DN654_c0_g1::CP@TRINITY_DN654_c0_g1_i1::g.17610::m.17610	33.028	327	183	6	215	541	291	581	3.19e-47	182
Saprdecl	CP@TRINITY_DN654_c0_g1::CP@TRINITY_DN654_c0_g1_i1::g.17610::m.17610	27.929	734	369	25	32	714	217	841	5.43e-66	235
Deveeleg	CP@TRINITY_DN654_c0_g1::CP@TRINITY_DN654_c0_g1_i1::g.17610::m.17610	32.497	917	495	22	45	929	18	842	1.72e-145	453
Deveeleg	CP@TRINITY_DN4474_c1_g2::CP@TRINITY_DN4474_c1_g2_i2::g.77523::m.77523	44.297	377	179	9	36	404	4	357	9.48e-93	301
Deveeleg	CP@TRINITY_DN4474_c1_g1::CP@TRINITY_DN4474_c1_g1_i1::g.77521::m.77521	37.662	385	169	8	609	946	1	361	4.57e-70	237
Pingpyre	CP@TRINITY_DN654_c0_g1::CP@TRINITY_DN654_c0_g1_i1::g.17610::m.17610	31.449	690	337	16	32	713	19	580	2.63e-89	311
Pingpyre	CP@TRINITY_DN4474_c1_g2::CP@TRINITY_DN4474_c1_g2_i2::g.77523::m.77523	37.778	450	187	14	32	452	14	399	3.06e-74	255
Pedoelon	CP@TRINITY_DN4474_c1_g2::CP@TRINITY_DN4474_c1_g2_i2::g.77523::m.77523	36.607	448	222	11	20	450	3	405	4.84e-80	269
Pedoelon	CP@TRINITY_DN654_c0_g1::CP@TRINITY_DN654_c0_g1_i1::g.17610::m.17610	33.578	408	218	5	19	415	7	372	1.56e-60	223
Pedoelon	CP@TRINITY_DN5242_c0_g4::CP@TRINITY_DN5242_c0_g4_i1::g.14171::m.14171	53.901	141	64	1	20	160	8	147	3.03e-41	148
Ochr2298	CP@TRINITY_DN654_c0_g1::CP@TRINITY_DN654_c0_g1_i1::g.17610::m.17610	31.166	446	228	8	69	509	18	389	2.68e-51	196
PoterBG1	CP@TRINITY_DN654_c0_g1::CP@TRINITY_DN654_c0_g1_i1::g.17610::m.17610	29.261	704	325	17	4	681	24	580	5.94e-77	273
PoterBG1	CP@TRINITY_DN4474_c1_g2::CP@TRINITY_DN4474_c1_g2_i2::g.77523::m.77523	36.099	446	238	9	2	433	17	429	8.99e-74	253
Mallmari	CP@TRINITY_DN654_c0_g1::CP@TRINITY_DN654_c0_g1_i1::g.17610::m.17610	30.464	604	309	15	1	586	70	580	5.29e-72	256
Mallmari	CP@TRINITY_DN4474_c1_g1::CP@TRINITY_DN4474_c1_g1_i1::g.77521::m.77521	32.379	454	205	12	567	1011	1	361	2.51e-52	187
Mallmari	CP@TRINITY_DN4474_c1_g2::CP@TRINITY_DN4474_c1_g2_i2::g.77523::m.77523	32.938	337	176	8	1	320	65	368	6.01e-48	177
Phaetric	CP@TRINITY_DN4474_c1_g2::CP@TRINITY_DN4474_c1_g2_i2::g.77523::m.77523	37.500	312	174	8	16	323	12	306	2.23e-52	187
Fragcyli	CP@TRINITY_DN4474_c1_g2::CP@TRINITY_DN4474_c1_g2_i2::g.77523::m.77523	35.258	329	163	8	6	331	7	288	1.13e-48	180
Cantmars	CP@TRINITY_DN654_c0_g1::CP@TRINITY_DN654_c0_g1_i1::g.17610::m.17610	30.816	821	463	18	8	816	106	833	2.54e-113	366
Cantmars	CP@TRINITY_DN4474_c1_g1::CP@TRINITY_DN4474_c1_g1_i1::g.77521::m.77521	35.171	381	211	12	495	859	1	361	1.27e-58	204
Cantmars	CP@TRINITY_DN4474_c1_g2::CP@TRINITY_DN4474_c1_g2_i2::g.77523::m.77523	32.911	316	193	7	4	302	75	388	2.10e-50	184
PlacCLAB	CP@TRINITY_DN4474_c1_g2::CP@TRINITY_DN4474_c1_g2_i2::g.77523::m.77523	39.297	313	150	9	1	306	84	363	1.07e-53	195
Aplakerg	CP@TRINITY_DN654_c0_g1::CP@TRINITY_DN654_c0_g1_i1::g.17610::m.17610	32.834	667	344	16	30	677	19	600	2.31e-103	345
Aplakerg	CP@TRINITY_DN4474_c1_g2::CP@TRINITY_DN4474_c1_g2_i2::g.77523::m.77523	42.278	395	182	10	20	406	4	360	3.34e-84	281
Aplakerg	CP@TRINITY_DN5242_c0_g4::CP@TRINITY_DN5242_c0_g4_i1::g.14171::m.14171	53.846	143	62	2	19	160	8	147	5.08e-43	153
Auralima	CP@TRINITY_DN654_c0_g1::CP@TRINITY_DN654_c0_g1_i1::g.17610::m.17610	33.003	706	333	15	9	687	8	600	2.38e-105	352
Auralima	CP@TRINITY_DN4474_c1_g2::CP@TRINITY_DN4474_c1_g2_i2::g.77523::m.77523	41.667	420	193	12	10	421	4	379	1.10e-87	291
Auralima	CP@TRINITY_DN4474_c1_g1::CP@TRINITY_DN4474_c1_g1_i1::g.77521::m.77521	32.162	370	174	11	808	1175	67	361	1.35e-43	162
Auralima	CP@TRINITY_DN5242_c0_g4::CP@TRINITY_DN5242_c0_g4_i1::g.14171::m.14171	55.714	140	51	1	9	137	8	147	3.07e-43	154
Schiaggr	CP@TRINITY_DN654_c0_g1::CP@TRINITY_DN654_c0_g1_i1::g.17610::m.17610	28.455	1100	503	29	1	1075	1	841	1.78e-129	415
Schiaggr	CP@TRINITY_DN4474_c1_g2::CP@TRINITY_DN4474_c1_g2_i2::g.77523::m.77523	43.077	390	182	11	8	389	3	360	7.68e-84	280
Schiaggr	CP@TRINITY_DN5242_c0_g4::CP@TRINITY_DN5242_c0_g4_i1::g.14171::m.14171	56.028	141	51	1	7	136	7	147	1.78e-43	155
ThraLLF1	CP@TRINITY_DN654_c0_g1::CP@TRINITY_DN654_c0_g1_i1::g.17610::m.17610	31.947	673	319	12	1	648	22	580	5.78e-104	348
ThraLLF1	CP@TRINITY_DN4474_c1_g2::CP@TRINITY_DN4474_c1_g2_i2::g.77523::m.77523	41.667	384	176	10	1	376	17	360	1.03e-77	263
Galdsulp	CP@TRINITY_DN654_c0_g1::CP@TRINITY_DN654_c0_g1_i1::g.17610::m.17610	30.235	1065	481	25	23	1066	19	842	2.00e-140	444
Galdsulp	CP@TRINITY_DN4474_c1_g2::CP@TRINITY_DN4474_c1_g2_i2::g.77523::m.77523	44.000	375	189	8	13	381	4	363	1.03e-92	303
Galdsulp	CP@TRINITY_DN4474_c1_g1::CP@TRINITY_DN4474_c1_g1_i1::g.77521::m.77521	44.907	216	114	2	868	1083	151	361	4.05e-55	196
Rhodmacu	CP@TRINITY_DN654_c0_g1::CP@TRINITY_DN654_c0_g1_i1::g.17610::m.17610	29.562	548	269	18	1	541	223	660	3.95e-56	208
Rhodmacu	CP@TRINITY_DN4474_c1_g1::CP@TRINITY_DN4474_c1_g1_i1::g.77521::m.77521	38.389	211	124	3	628	837	156	361	3.01e-42	158
Porpaeru	CP@TRINITY_DN4474_c1_g1::CP@TRINITY_DN4474_c1_g1_i1::g.77521::m.77521	32.181	463	202	12	439	892	2	361	2.70e-57	201
Rhodmari	CP@TRINITY_DN654_c0_g1::CP@TRINITY_DN654_c0_g1_i1::g.17610::m.17610	32.150	958	474	22	11	944	17	822	8.89e-151	469
Rhodmari	CP@TRINITY_DN4474_c1_g2::CP@TRINITY_DN4474_c1_g2_i2::g.77523::m.77523	42.147	382	179	10	11	383	12	360	2.57e-88	290
Rhodmari	CP@TRINITY_DN4474_c1_g1::CP@TRINITY_DN4474_c1_g1_i1::g.77521::m.77521	33.590	390	210	10	631	1000	1	361	7.20e-57	201
Gratturu	CP@TRINITY_DN4474_c1_g2::CP@TRINITY_DN4474_c1_g2_i2::g.77523::m.77523	38.298	423	240	8	4	423	16	420	1.11e-82	276
Gratturu	CP@TRINITY_DN4474_c1_g1::CP@TRINITY_DN4474_c1_g1_i1::g.77521::m.77521	37.631	287	131	5	794	1080	123	361	6.68e-53	189
Cerakond	CP@TRINITY_DN654_c0_g1::CP@TRINITY_DN654_c0_g1_i1::g.17610::m.17610	32.507	686	322	17	2	656	19	594	4.65e-96	325
Cerakond	CP@TRINITY_DN4474_c1_g2::CP@TRINITY_DN4474_c1_g2_i2::g.77523::m.77523	41.162	413	198	13	4	398	16	401	3.35e-84	281
Cerakond	CP@TRINITY_DN4474_c1_g1::CP@TRINITY_DN4474_c1_g1_i1::g.77521::m.77521	39.161	286	126	5	812	1096	123	361	8.10e-55	195
Choncris	CP@TRINITY_DN654_c0_g1::CP@TRINITY_DN654_c0_g1_i1::g.17610::m.17610	30.469	1024	486	25	18	1017	21	842	4.93e-131	418
Choncris	CP@TRINITY_DN4474_c1_g2::CP@TRINITY_DN4474_c1_g2_i2::g.77523::m.77523	40.160	376	191	7	7	380	5	348	6.28e-82	273
Choncris	CP@TRINITY_DN4474_c1_g1::CP@TRINITY_DN4474_c1_g1_i1::g.77521::m.77521	33.166	398	204	10	662	1034	1	361	3.66e-53	190
Choncris	CP@TRINITY_DN31984_c0_g1::CP@TRINITY_DN31984_c0_g1_i1::g.65652::m.65652	52.632	133	60	1	904	1036	1	130	1.65e-41	148
Compcoer	CP@TRINITY_DN4474_c1_g2::CP@TRINITY_DN4474_c1_g2_i2::g.77523::m.77523	43.836	365	181	8	14	372	14	360	2.14e-96	312
Compcoer	CP@TRINITY_DN654_c0_g1::CP@TRINITY_DN654_c0_g1_i1::g.17610::m.17610	32.198	646	328	15	14	632	19	581	1.32e-90	308
Compcoer	CP@TRINITY_DN4474_c1_g1::CP@TRINITY_DN4474_c1_g1_i1::g.77521::m.77521	36.038	419	201	11	612	1021	1	361	4.10e-58	204
Cyanmero	CP@TRINITY_DN4474_c1_g2::CP@TRINITY_DN4474_c1_g2_i2::g.77523::m.77523	37.010	408	200	11	37	438	1	357	7.54e-73	250
MatazaD1	CP@TRINITY_DN4474_c1_g2::CP@TRINITY_DN4474_c1_g2_i2::g.77523::m.77523	38.814	371	177	8	2	357	22	357	1.81e-73	244
MatazaD1	CP@TRINITY_DN654_c0_g1::CP@TRINITY_DN654_c0_g1_i1::g.17610::m.17610	34.000	400	229	9	2	394	27	398	3.82e-61	219
Prymparv	CP@TRINITY_DN4474_c1_g2::CP@TRINITY_DN4474_c1_g2_i2::g.77523::m.77523	38.083	386	198	7	7	381	11	366	4.14e-78	262
Prymparv	CP@TRINITY_DN654_c0_g1::CP@TRINITY_DN654_c0_g1_i1::g.17610::m.17610	36.990	392	176	11	8	371	17	365	2.64e-61	224
Physpate	CP@TRINITY_DN654_c0_g1::CP@TRINITY_DN654_c0_g1_i1::g.17610::m.17610	31.001	1029	483	26	22	1018	8	841	6.56e-141	444
Physpate	CP@TRINITY_DN4474_c1_g2::CP@TRINITY_DN4474_c1_g2_i2::g.77523::m.77523	41.253	383	198	10	33	408	14	376	2.38e-82	275
Physpate	CP@TRINITY_DN4474_c1_g1::CP@TRINITY_DN4474_c1_g1_i1::g.77521::m.77521	31.382	427	211	13	620	1033	1	358	1.64e-48	177
Oryzsati	CP@TRINITY_DN654_c0_g1::CP@TRINITY_DN654_c0_g1_i1::g.17610::m.17610	29.860	998	472	23	10	973	19	822	1.93e-133	424
Oryzsati	CP@TRINITY_DN4474_c1_g2::CP@TRINITY_DN4474_c1_g2_i2::g.77523::m.77523	41.257	366	188	11	5	360	9	357	3.82e-77	260
Oryzsati	CP@TRINITY_DN4474_c1_g1::CP@TRINITY_DN4474_c1_g1_i1::g.77521::m.77521	29.909	438	223	9	597	1027	1	361	4.86e-47	172
Ostrtaur	CP@TRINITY_DN654_c0_g1::CP@TRINITY_DN654_c0_g1_i1::g.17610::m.17610	31.111	990	499	26	17	988	18	842	3.35e-135	428
Ostrtaur	CP@TRINITY_DN4474_c1_g2::CP@TRINITY_DN4474_c1_g2_i2::g.77523::m.77523	37.717	403	198	10	5	400	1	357	3.26e-74	252
Ostrtaur	CP@TRINITY_DN4474_c1_g1::CP@TRINITY_DN4474_c1_g1_i1::g.77521::m.77521	32.593	405	210	8	620	1005	1	361	1.04e-55	197
Ostrtaur	CP@TRINITY_DN5242_c0_g4::CP@TRINITY_DN5242_c0_g4_i1::g.14171::m.14171	52.703	148	60	2	4	146	5	147	2.64e-42	151
Micrpusl	CP@TRINITY_DN654_c0_g1::CP@TRINITY_DN654_c0_g1_i1::g.17610::m.17610	30.841	963	477	25	15	924	16	842	2.06e-122	392
Micrpusl	CP@TRINITY_DN4474_c1_g2::CP@TRINITY_DN4474_c1_g2_i2::g.77523::m.77523	34.973	366	181	6	5	322	1	357	4.37e-56	201
Micrpusl	CP@TRINITY_DN4474_c1_g1::CP@TRINITY_DN4474_c1_g1_i1::g.77521::m.77521	30.216	417	216	9	544	941	1	361	5.32e-47	172
Volvcart	CP@TRINITY_DN654_c0_g1::CP@TRINITY_DN654_c0_g1_i1::g.17610::m.17610	30.082	974	483	19	1	946	18	821	2.91e-139	439
Volvcart	CP@TRINITY_DN4474_c1_g2::CP@TRINITY_DN4474_c1_g2_i2::g.77523::m.77523	40.761	368	179	9	1	349	13	360	3.79e-78	263
Picosali	CP@TRINITY_DN654_c0_g1::CP@TRINITY_DN654_c0_g1_i1::g.17610::m.17610	31.640	945	489	20	1	929	19	822	6.65e-142	451
Picosali	CP@TRINITY_DN4474_c1_g2::CP@TRINITY_DN4474_c1_g2_i2::g.77523::m.77523	38.947	380	201	8	1	378	14	364	1.44e-74	255
Cyanpara	CP@TRINITY_DN4474_c1_g2::CP@TRINITY_DN4474_c1_g2_i2::g.77523::m.77523	43.005	386	190	12	8	383	3	368	8.29e-89	288
Cyanpara	CP@TRINITY_DN654_c0_g1::CP@TRINITY_DN654_c0_g1_i1::g.17610::m.17610	35.116	430	220	5	1	402	1	399	6.17e-69	244
Cyanpara	CP@TRINITY_DN4474_c1_g1::CP@TRINITY_DN4474_c1_g1_i1::g.77521::m.77521	37.895	380	189	10	461	812	1	361	2.78e-61	211
Ancytwis	CP@TRINITY_DN4474_c1_g2::CP@TRINITY_DN4474_c1_g2_i2::g.77523::m.77523	42.932	382	182	7	8	378	4	360	5.49e-97	306
Ancytwis	CP@TRINITY_DN654_c0_g1::CP@TRINITY_DN654_c0_g1_i1::g.17610::m.17610	37.150	428	203	10	18	423	19	402	1.30e-72	251
Rhodemar	CP@TRINITY_DN4474_c1_g2::CP@TRINITY_DN4474_c1_g2_i2::g.77523::m.77523	43.207	368	177	7	7	358	4	355	7.17e-89	295
Rhodemar	CP@TRINITY_DN654_c0_g1::CP@TRINITY_DN654_c0_g1_i1::g.17610::m.17610	36.220	381	195	7	10	365	13	370	1.54e-61	227
Rhodlimn	CP@TRINITY_DN4474_c1_g2::CP@TRINITY_DN4474_c1_g2_i2::g.77523::m.77523	44.792	384	189	9	25	396	7	379	3.73e-97	312
Rhodlimn	CP@TRINITY_DN654_c0_g1::CP@TRINITY_DN654_c0_g1_i1::g.17610::m.17610	35.430	477	215	11	18	468	2	411	1.54e-73	259
Rhodlimn	CP@TRINITY_DN5242_c0_g4::CP@TRINITY_DN5242_c0_g4_i1::g.14171::m.14171	53.846	143	48	2	21	148	8	147	5.87e-42	150
Rhodsali	CP@TRINITY_DN654_c0_g1::CP@TRINITY_DN654_c0_g1_i1::g.17610::m.17610	32.040	902	492	20	1	878	20	824	3.34e-135	426
Rhodsali	CP@TRINITY_DN4474_c1_g2::CP@TRINITY_DN4474_c1_g2_i2::g.77523::m.77523	41.808	354	174	5	1	347	15	343	4.69e-80	267
Rhodsali	CP@TRINITY_DN4474_c1_g1::CP@TRINITY_DN4474_c1_g1_i1::g.77521::m.77521	33.929	392	206	10	561	931	2	361	1.14e-53	191
Neobdesi	CP@TRINITY_DN654_c0_g1::CP@TRINITY_DN654_c0_g1_i1::g.17610::m.17610	29.702	872	508	19	22	855	17	821	4.83e-109	356
Neobdesi	CP@TRINITY_DN4474_c1_g2::CP@TRINITY_DN4474_c1_g2_i2::g.77523::m.77523	38.684	380	212	9	22	389	12	382	1.83e-76	257
Diplambu	CP@TRINITY_DN654_c0_g1::CP@TRINITY_DN654_c0_g1_i1::g.17610::m.17610	30.930	957	505	18	8	931	8	841	1.12e-144	451
Diplambu	CP@TRINITY_DN4474_c1_g2::CP@TRINITY_DN4474_c1_g2_i2::g.77523::m.77523	39.286	364	209	5	8	365	3	360	5.90e-79	264
Flecnera	CP@TRINITY_DN654_c0_g1::CP@TRINITY_DN654_c0_g1_i1::g.17610::m.17610	29.029	968	527	23	15	952	5	842	3.26e-123	395
Flecnera	CP@TRINITY_DN4474_c1_g2::CP@TRINITY_DN4474_c1_g2_i2::g.77523::m.77523	39.503	362	207	6	18	374	3	357	1.11e-79	266
Flecnera	CP@TRINITY_DN4474_c1_g1::CP@TRINITY_DN4474_c1_g1_i1::g.77521::m.77521	30.673	401	204	10	595	965	1	357	1.72e-44	165
Crypparv	CP@TRINITY_DN654_c0_g1::CP@TRINITY_DN654_c0_g1_i1::g.17610::m.17610	30.394	635	347	17	4	617	18	578	1.95e-75	267
Crypparv	CP@TRINITY_DN4474_c1_g2::CP@TRINITY_DN4474_c1_g2_i2::g.77523::m.77523	36.790	405	202	10	4	395	13	376	6.85e-68	235
Karebrev	CP@TRINITY_DN654_c0_g1::CP@TRINITY_DN654_c0_g1_i1::g.17610::m.17610	30.590	644	339	17	15	630	18	581	6.68e-80	279
Karebrev	CP@TRINITY_DN4474_c1_g2::CP@TRINITY_DN4474_c1_g2_i2::g.77523::m.77523	37.656	401	190	11	15	397	13	371	2.04e-67	234
Chroveli	CP@TRINITY_DN4474_c1_g2::CP@TRINITY_DN4474_c1_g2_i2::g.77523::m.77523	34.707	461	224	11	1	450	1	395	8.42e-70	242
Chroveli	CP@TRINITY_DN5242_c0_g4::CP@TRINITY_DN5242_c0_g4_i1::g.14171::m.14171	57.746	142	53	2	1	135	6	147	2.87e-45	160
Chroveli	CP@TRINITY_DN654_c0_g1::CP@TRINITY_DN654_c0_g1_i1::g.17610::m.17610	47.549	204	94	1	14	204	19	222	3.93e-44	174
Caeneleg	CP@TRINITY_DN654_c0_g1::CP@TRINITY_DN654_c0_g1_i1::g.17610::m.17610	27.419	868	518	21	19	838	18	821	1.34e-85	292
Caeneleg	CP@TRINITY_DN4474_c1_g2::CP@TRINITY_DN4474_c1_g2_i2::g.77523::m.77523	42.059	340	175	9	19	337	13	351	8.40e-69	236
Caeneleg	CP@TRINITY_DN4474_c1_g1::CP@TRINITY_DN4474_c1_g1_i1::g.77521::m.77521	32.086	374	216	8	540	892	5	361	1.31e-51	185
Euglgrac	CP@TRINITY_DN654_c0_g1::CP@TRINITY_DN654_c0_g1_i1::g.17610::m.17610	32.170	659	350	19	25	648	19	615	3.93e-83	286
Euglgrac	CP@TRINITY_DN4474_c1_g2::CP@TRINITY_DN4474_c1_g2_i2::g.77523::m.77523	37.531	397	221	11	15	403	4	381	6.21e-72	244
Eugllong	CP@TRINITY_DN654_c0_g1::CP@TRINITY_DN654_c0_g1_i1::g.17610::m.17610	31.507	657	356	17	22	643	18	615	4.33e-87	293
Eugllong	CP@TRINITY_DN4474_c1_g2::CP@TRINITY_DN4474_c1_g2_i2::g.77523::m.77523	38.356	365	205	10	13	368	4	357	9.79e-70	236
Bodosalt	CP@TRINITY_DN654_c0_g1::CP@TRINITY_DN654_c0_g1_i1::g.17610::m.17610	31.105	688	416	11	19	690	3	648	1.72e-95	321
Bodosalt	CP@TRINITY_DN4474_c1_g2::CP@TRINITY_DN4474_c1_g2_i2::g.77523::m.77523	36.272	397	208	10	28	407	4	372	7.99e-74	251
Carpmemb	CP@TRINITY_DN654_c0_g1::CP@TRINITY_DN654_c0_g1_i1::g.17610::m.17610	32.491	871	476	21	44	860	15	827	4.03e-120	386
Carpmemb	CP@TRINITY_DN4474_c1_g2::CP@TRINITY_DN4474_c1_g2_i2::g.77523::m.77523	37.500	344	178	8	47	362	13	347	5.31e-65	226
Carpmemb	CP@TRINITY_DN5242_c0_g4::CP@TRINITY_DN5242_c0_g4_i1::g.14171::m.14171	59.398	133	47	1	44	169	15	147	2.35e-48	168
Trimmari	CP@TRINITY_DN4474_c1_g2::CP@TRINITY_DN4474_c1_g2_i2::g.77523::m.77523	36.207	406	194	9	10	408	4	351	2.31e-72	248
Trimmari	CP@TRINITY_DN4474_c1_g1::CP@TRINITY_DN4474_c1_g1_i1::g.77521::m.77521	41.981	212	120	2	884	1095	151	359	6.69e-50	181
Trimmari	CP@TRINITY_DN5242_c0_g4::CP@TRINITY_DN5242_c0_g4_i1::g.14171::m.14171	57.364	129	43	1	20	136	19	147	1.41e-42	152
Trimmari	CP@TRINITY_DN654_c0_g1::CP@TRINITY_DN654_c0_g1_i1::g.17610::m.17610	51.351	185	72	2	20	186	19	203	2.00e-42	168
HeterBB2	CP@TRINITY_DN4474_c1_g2::CP@TRINITY_DN4474_c1_g2_i2::g.77523::m.77523	43.291	395	194	8	9	394	4	377	3.92e-99	321
HeterBB2	CP@TRINITY_DN654_c0_g1::CP@TRINITY_DN654_c0_g1_i1::g.17610::m.17610	30.254	552	293	11	499	1046	392	855	3.29e-79	278
HeterBB2	CP@TRINITY_DN654_c0_g1::CP@TRINITY_DN654_c0_g1_i1::g.17610::m.17610	36.406	434	203	11	18	430	18	399	1.19e-71	256
HeterBB2	CP@TRINITY_DN4474_c1_g1::CP@TRINITY_DN4474_c1_g1_i1::g.77521::m.77521	34.048	420	202	10	668	1071	1	361	3.11e-61	213
HeterBB2	CP@TRINITY_DN5242_c0_g4::CP@TRINITY_DN5242_c0_g4_i1::g.14171::m.14171	53.571	140	54	1	8	136	8	147	1.93e-44	157
Cochminu	CP@TRINITY_DN654_c0_g1::CP@TRINITY_DN654_c0_g1_i1::g.17610::m.17610	31.715	968	502	18	16	964	15	842	1.17e-153	476
Cochminu	CP@TRINITY_DN4474_c1_g2::CP@TRINITY_DN4474_c1_g2_i2::g.77523::m.77523	42.175	377	192	6	13	381	7	365	1.67e-90	296
Cochminu	CP@TRINITY_DN4474_c1_g1::CP@TRINITY_DN4474_c1_g1_i1::g.77521::m.77521	30.051	396	225	10	599	979	1	359	1.47e-44	165
Hetepall	CP@TRINITY_DN4474_c1_g2::CP@TRINITY_DN4474_c1_g2_i2::g.77523::m.77523	41.294	402	197	7	46	441	4	372	2.49e-90	298
Hetepall	CP@TRINITY_DN654_c0_g1::CP@TRINITY_DN654_c0_g1_i1::g.17610::m.17610	31.941	407	196	6	54	431	17	371	5.76e-62	228
Hetepall	CP@TRINITY_DN654_c0_g1::CP@TRINITY_DN654_c0_g1_i1::g.17610::m.17610	35.312	320	161	7	544	863	392	665	1.29e-49	190
Hetepall	CP@TRINITY_DN4474_c1_g1::CP@TRINITY_DN4474_c1_g1_i1::g.77521::m.77521	45.327	214	112	3	940	1151	151	361	1.04e-52	189
Hetepall	CP@TRINITY_DN5242_c0_g4::CP@TRINITY_DN5242_c0_g4_i1::g.14171::m.14171	53.103	145	55	1	40	171	3	147	6.41e-45	159
Cavoapop	CP@TRINITY_DN654_c0_g1::CP@TRINITY_DN654_c0_g1_i1::g.17610::m.17610	33.820	754	381	17	1	729	1	661	2.77e-132	421
Cavoapop	CP@TRINITY_DN4474_c1_g2::CP@TRINITY_DN4474_c1_g2_i2::g.77523::m.77523	40.691	376	192	7	9	374	4	358	5.44e-86	284
Cavoapop	CP@TRINITY_DN4474_c1_g1::CP@TRINITY_DN4474_c1_g1_i1::g.77521::m.77521	44.340	212	114	3	806	1014	151	361	7.33e-49	177
Cavoapop	CP@TRINITY_DN5242_c0_g4::CP@TRINITY_DN5242_c0_g4_i1::g.14171::m.14171	52.381	147	61	1	1	138	1	147	1.15e-43	155
Schivulg	CP@TRINITY_DN654_c0_g1::CP@TRINITY_DN654_c0_g1_i1::g.17610::m.17610	33.686	757	382	17	6	738	1	661	1.47e-127	408
Schivulg	CP@TRINITY_DN4474_c1_g2::CP@TRINITY_DN4474_c1_g2_i2::g.77523::m.77523	40.244	410	212	8	14	414	4	389	1.76e-88	291
Soliirre	CP@TRINITY_DN654_c0_g1::CP@TRINITY_DN654_c0_g1_i1::g.17610::m.17610	32.600	773	374	14	21	766	18	670	7.84e-125	402
Soliirre	CP@TRINITY_DN4474_c1_g2::CP@TRINITY_DN4474_c1_g2_i2::g.77523::m.77523	40.648	401	206	9	12	403	4	381	3.20e-90	296
Soliirre	CP@TRINITY_DN4474_c1_g1::CP@TRINITY_DN4474_c1_g1_i1::g.77521::m.77521	43.192	213	119	1	846	1058	151	361	2.09e-49	179
Soliirre	CP@TRINITY_DN5242_c0_g4::CP@TRINITY_DN5242_c0_g4_i1::g.14171::m.14171	56.835	139	47	2	12	137	9	147	1.21e-42	152
Endozona	CP@TRINITY_DN4474_c1_g2::CP@TRINITY_DN4474_c1_g2_i2::g.77523::m.77523	35.967	481	246	14	6	466	3	441	1.33e-80	270
Luaphula	CP@TRINITY_DN4474_c1_g2::CP@TRINITY_DN4474_c1_g2_i2::g.77523::m.77523	35.076	459	257	9	27	463	3	442	1.75e-84	282
Luaphula	CP@TRINITY_DN654_c0_g1::CP@TRINITY_DN654_c0_g1_i1::g.17610::m.17610	32.845	478	253	10	20	469	1	438	1.31e-65	239
Luaphula	CP@TRINITY_DN654_c0_g1::CP@TRINITY_DN654_c0_g1_i1::g.17610::m.17610	39.910	223	127	3	530	751	394	610	2.75e-43	171
Luaphula	CP@TRINITY_DN4474_c1_g1::CP@TRINITY_DN4474_c1_g1_i1::g.77521::m.77521	40.758	211	122	2	940	1150	154	361	4.71e-45	167
Luaphula	CP@TRINITY_DN5242_c0_g4::CP@TRINITY_DN5242_c0_g4_i1::g.14171::m.14171	52.381	147	67	2	20	163	1	147	1.99e-43	154
Cuneruss	CP@TRINITY_DN654_c0_g1::CP@TRINITY_DN654_c0_g1_i1::g.17610::m.17610	33.967	421	205	11	46	459	15	369	7.10e-57	213
Masteilh	CP@TRINITY_DN654_c0_g1::CP@TRINITY_DN654_c0_g1_i1::g.17610::m.17610	31.160	767	396	17	7	746	1	662	1.05e-103	345
Masteilh	CP@TRINITY_DN4474_c1_g2::CP@TRINITY_DN4474_c1_g2_i2::g.77523::m.77523	40.827	387	190	11	15	393	4	359	2.55e-80	269
Masteilh	CP@TRINITY_DN4474_c1_g1::CP@TRINITY_DN4474_c1_g1_i1::g.77521::m.77521	42.381	210	117	2	839	1046	154	361	5.69e-47	172
Echiexud	CP@TRINITY_DN654_c0_g1::CP@TRINITY_DN654_c0_g1_i1::g.17610::m.17610	29.162	895	448	21	7	885	2	726	1.22e-110	365
Echiexud	CP@TRINITY_DN4474_c1_g2::CP@TRINITY_DN4474_c1_g2_i2::g.77523::m.77523	41.476	393	187	8	14	399	4	360	8.87e-89	293
Echiexud	CP@TRINITY_DN5242_c0_g4::CP@TRINITY_DN5242_c0_g4_i1::g.14171::m.14171	48.649	148	74	1	7	154	2	147	5.82e-43	153
NolaAFSM	CP@TRINITY_DN654_c0_g1::CP@TRINITY_DN654_c0_g1_i1::g.17610::m.17610	33.862	378	234	6	4	376	214	580	1.20e-58	214
Arcevulg	CP@TRINITY_DN654_c0_g1::CP@TRINITY_DN654_c0_g1_i1::g.17610::m.17610	34.977	649	320	14	6	623	6	583	1.75e-113	360
Arcevulg	CP@TRINITY_DN4474_c1_g2::CP@TRINITY_DN4474_c1_g2_i2::g.77523::m.77523	38.727	377	198	9	6	366	1	360	1.14e-77	254
Arcevulg	CP@TRINITY_DN5242_c0_g4::CP@TRINITY_DN5242_c0_g4_i1::g.14171::m.14171	53.061	147	56	1	1	134	1	147	6.44e-46	159
Coprprot	CP@TRINITY_DN654_c0_g1::CP@TRINITY_DN654_c0_g1_i1::g.17610::m.17610	35.612	629	320	13	25	631	18	583	5.14e-110	362
Coprprot	CP@TRINITY_DN4474_c1_g2::CP@TRINITY_DN4474_c1_g2_i2::g.77523::m.77523	37.467	379	197	9	16	376	4	360	1.40e-79	267
Coprprot	CP@TRINITY_DN5242_c0_g4::CP@TRINITY_DN5242_c0_g4_i1::g.14171::m.14171	55.797	138	49	2	19	146	12	147	1.28e-43	155
Vermverm	CP@TRINITY_DN654_c0_g1::CP@TRINITY_DN654_c0_g1_i1::g.17610::m.17610	27.977	1058	511	25	1	1044	1	821	1.68e-118	385
Vermverm	CP@TRINITY_DN4474_c1_g2::CP@TRINITY_DN4474_c1_g2_i2::g.77523::m.77523	39.599	399	189	8	12	403	7	360	9.57e-81	271
Gefiokel	CP@TRINITY_DN654_c0_g1::CP@TRINITY_DN654_c0_g1_i1::g.17610::m.17610	33.465	508	264	10	52	558	407	841	2.24e-87	288
Gefiokel	CP@TRINITY_DN4474_c1_g1::CP@TRINITY_DN4474_c1_g1_i1::g.77521::m.77521	37.275	389	197	8	207	576	1	361	2.42e-66	220
Gefiokel	CP@TRINITY_DN31984_c0_g1::CP@TRINITY_DN31984_c0_g1_i1::g.65652::m.65652	52.713	129	61	0	451	579	3	131	1.23e-43	152
Fabotrop	CP@TRINITY_DN4474_c1_g2::CP@TRINITY_DN4474_c1_g2_i2::g.77523::m.77523	40.416	433	191	9	77	500	6	380	3.94e-91	300
Fabotrop	CP@TRINITY_DN654_c0_g1::CP@TRINITY_DN654_c0_g1_i1::g.17610::m.17610	31.579	532	267	10	596	1127	407	841	1.51e-73	262
Fabotrop	CP@TRINITY_DN654_c0_g1::CP@TRINITY_DN654_c0_g1_i1::g.17610::m.17610	35.934	487	232	14	73	539	7	433	1.72e-73	262
Fabotrop	CP@TRINITY_DN4474_c1_g1::CP@TRINITY_DN4474_c1_g1_i1::g.77521::m.77521	36.232	414	192	9	751	1145	1	361	1.39e-67	232
Fabotrop	CP@TRINITY_DN5242_c0_g4::CP@TRINITY_DN5242_c0_g4_i1::g.14171::m.14171	55.479	146	60	1	73	218	7	147	3.40e-45	160
Fabotrop	CP@TRINITY_DN31984_c0_g1::CP@TRINITY_DN31984_c0_g1_i1::g.65652::m.65652	55.039	129	58	0	1020	1148	3	131	2.61e-42	150
Branflor	CP@TRINITY_DN4474_c1_g2::CP@TRINITY_DN4474_c1_g2_i2::g.77523::m.77523	45.380	368	173	6	8	368	3	349	1.65e-99	322
Branflor	CP@TRINITY_DN4474_c1_g1::CP@TRINITY_DN4474_c1_g1_i1::g.77521::m.77521	34.305	446	207	10	666	1110	1	361	4.66e-66	227
Branflor	CP@TRINITY_DN654_c0_g1::CP@TRINITY_DN654_c0_g1_i1::g.17610::m.17610	34.211	456	219	10	1	426	1	405	5.14e-66	240
Branflor	CP@TRINITY_DN31984_c0_g1::CP@TRINITY_DN31984_c0_g1_i1::g.65652::m.65652	64.062	128	46	0	985	1112	3	130	1.01e-51	177
Branflor	CP@TRINITY_DN5242_c0_g4::CP@TRINITY_DN5242_c0_g4_i1::g.14171::m.14171	55.782	147	52	1	1	134	1	147	2.40e-46	163
Aplycali	CP@TRINITY_DN4474_c1_g2::CP@TRINITY_DN4474_c1_g2_i2::g.77523::m.77523	43.176	403	193	8	9	404	1	374	8.80e-94	307
Aplycali	CP@TRINITY_DN654_c0_g1::CP@TRINITY_DN654_c0_g1_i1::g.17610::m.17610	35.426	446	221	8	8	432	5	404	3.60e-71	255
Aplycali	CP@TRINITY_DN31984_c0_g1::CP@TRINITY_DN31984_c0_g1_i1::g.65652::m.65652	64.567	127	45	0	1026	1152	4	130	2.19e-51	177
Aplycali	CP@TRINITY_DN5242_c0_g4::CP@TRINITY_DN5242_c0_g4_i1::g.14171::m.14171	55.944	143	55	1	8	142	5	147	9.40e-49	170
Aplycali	CP@TRINITY_DN4474_c1_g1::CP@TRINITY_DN4474_c1_g1_i1::g.77521::m.77521	51.875	160	77	0	991	1150	202	361	6.61e-48	175
Amphquee	CP@TRINITY_DN4474_c1_g2::CP@TRINITY_DN4474_c1_g2_i2::g.77523::m.77523	45.974	385	171	10	11	386	1	357	2.35e-99	307
Amphquee	CP@TRINITY_DN654_c0_g1::CP@TRINITY_DN654_c0_g1_i1::g.17610::m.17610	34.989	443	190	12	23	429	18	398	6.29e-67	231
Amphquee	CP@TRINITY_DN5242_c0_g4::CP@TRINITY_DN5242_c0_g4_i1::g.14171::m.14171	56.552	145	45	3	9	139	7	147	6.26e-46	157
Drosmela	CP@TRINITY_DN4474_c1_g2::CP@TRINITY_DN4474_c1_g2_i2::g.77523::m.77523	45.763	354	174	5	12	358	7	349	1.66e-100	323
Drosmela	CP@TRINITY_DN654_c0_g1::CP@TRINITY_DN654_c0_g1_i1::g.17610::m.17610	33.894	416	225	10	15	410	15	400	3.26e-61	225
Drosmela	CP@TRINITY_DN4474_c1_g1::CP@TRINITY_DN4474_c1_g1_i1::g.77521::m.77521	34.794	388	220	7	649	1031	2	361	1.71e-60	211
Drosmela	CP@TRINITY_DN31984_c0_g1::CP@TRINITY_DN31984_c0_g1_i1::g.65652::m.65652	62.308	130	49	0	904	1033	1	130	4.52e-53	181
Drosmela	CP@TRINITY_DN5242_c0_g4::CP@TRINITY_DN5242_c0_g4_i1::g.14171::m.14171	58.088	136	47	2	12	138	12	146	9.73e-45	158
Apismell	CP@TRINITY_DN4474_c1_g2::CP@TRINITY_DN4474_c1_g2_i2::g.77523::m.77523	42.929	396	193	10	8	394	3	374	2.96e-94	307
Apismell	CP@TRINITY_DN4474_c1_g1::CP@TRINITY_DN4474_c1_g1_i1::g.77521::m.77521	34.439	392	224	10	674	1063	1	361	2.44e-58	205
Apismell	CP@TRINITY_DN31984_c0_g1::CP@TRINITY_DN31984_c0_g1_i1::g.65652::m.65652	54.198	131	59	1	935	1065	1	130	6.81e-43	152
Gallgall	CP@TRINITY_DN4474_c1_g2::CP@TRINITY_DN4474_c1_g2_i2::g.77523::m.77523	46.612	369	165	9	8	366	3	349	4.41e-97	316
Gallgall	CP@TRINITY_DN654_c0_g1::CP@TRINITY_DN654_c0_g1_i1::g.17610::m.17610	34.716	458	212	8	1	424	1	405	4.01e-69	249
Gallgall	CP@TRINITY_DN31984_c0_g1::CP@TRINITY_DN31984_c0_g1_i1::g.65652::m.65652	60.156	128	51	0	1012	1139	3	130	1.33e-49	172
Gallgall	CP@TRINITY_DN5242_c0_g4::CP@TRINITY_DN5242_c0_g4_i1::g.14171::m.14171	55.102	147	53	1	1	134	1	147	3.38e-47	165
Gallgall	CP@TRINITY_DN4474_c1_g1::CP@TRINITY_DN4474_c1_g1_i1::g.77521::m.77521	51.250	160	78	0	978	1137	202	361	7.62e-47	172
Tricadha	CP@TRINITY_DN4474_c1_g2::CP@TRINITY_DN4474_c1_g2_i2::g.77523::m.77523	41.579	380	162	10	7	344	2	363	5.75e-79	266
Tricadha	CP@TRINITY_DN4474_c1_g1::CP@TRINITY_DN4474_c1_g1_i1::g.77521::m.77521	34.954	432	205	12	650	1076	1	361	4.80e-67	230
Tricadha	CP@TRINITY_DN654_c0_g1::CP@TRINITY_DN654_c0_g1_i1::g.17610::m.17610	32.258	434	207	12	1	382	1	399	5.48e-52	197
Tricadha	CP@TRINITY_DN5242_c0_g4::CP@TRINITY_DN5242_c0_g4_i1::g.14171::m.14171	53.741	147	56	1	1	135	1	147	2.87e-47	166
Tricadha	CP@TRINITY_DN31984_c0_g1::CP@TRINITY_DN31984_c0_g1_i1::g.65652::m.65652	55.556	126	56	0	951	1076	3	128	2.05e-43	154
Mnemleid	CP@TRINITY_DN4474_c1_g1::CP@TRINITY_DN4474_c1_g1_i1::g.77521::m.77521	47.208	197	104	0	1253	1449	165	361	2.18e-50	183
Mnemleid	CP@TRINITY_DN31984_c0_g1::CP@TRINITY_DN31984_c0_g1_i1::g.65652::m.65652	60.156	128	51	0	1324	1451	3	130	2.27e-46	162
Salprose	CP@TRINITY_DN4474_c1_g2::CP@TRINITY_DN4474_c1_g2_i2::g.77523::m.77523	42.228	386	201	9	10	386	4	376	1.48e-86	288
Salprose	CP@TRINITY_DN4474_c1_g1::CP@TRINITY_DN4474_c1_g1_i1::g.77521::m.77521	44.106	263	129	5	884	1143	114	361	1.58e-60	211
Salprose	CP@TRINITY_DN654_c0_g1::CP@TRINITY_DN654_c0_g1_i1::g.17610::m.17610	33.333	393	206	9	4	366	3	369	8.91e-59	218
Salprose	CP@TRINITY_DN31984_c0_g1::CP@TRINITY_DN31984_c0_g1_i1::g.65652::m.65652	58.462	130	54	0	1016	1145	1	130	6.76e-49	169
Salprose	CP@TRINITY_DN5242_c0_g4::CP@TRINITY_DN5242_c0_g4_i1::g.14171::m.14171	49.655	145	60	1	4	135	3	147	2.15e-42	152
Amoepara	CP@TRINITY_DN4474_c1_g2::CP@TRINITY_DN4474_c1_g2_i2::g.77523::m.77523	44.932	365	174	8	9	357	4	357	1.26e-90	298
Amoepara	CP@TRINITY_DN654_c0_g1::CP@TRINITY_DN654_c0_g1_i1::g.17610::m.17610	39.130	391	193	6	1	364	1	373	1.68e-71	256
Amoepara	CP@TRINITY_DN4474_c1_g1::CP@TRINITY_DN4474_c1_g1_i1::g.77521::m.77521	34.658	453	203	9	650	1101	1	361	2.78e-68	233
Amoepara	CP@TRINITY_DN31984_c0_g1::CP@TRINITY_DN31984_c0_g1_i1::g.65652::m.65652	58.140	129	54	0	976	1104	3	131	8.60e-47	164
Fontalba	CP@TRINITY_DN4474_c1_g2::CP@TRINITY_DN4474_c1_g2_i2::g.77523::m.77523	42.391	368	154	7	8	325	3	362	1.82e-82	275
Fontalba	CP@TRINITY_DN4474_c1_g1::CP@TRINITY_DN4474_c1_g1_i1::g.77521::m.77521	33.726	424	209	11	620	1034	1	361	1.34e-60	211
Fontalba	CP@TRINITY_DN654_c0_g1::CP@TRINITY_DN654_c0_g1_i1::g.17610::m.17610	33.571	420	206	10	1	368	1	399	4.98e-60	221
Rhizdele	CP@TRINITY_DN4474_c1_g2::CP@TRINITY_DN4474_c1_g2_i2::g.77523::m.77523	44.987	389	174	7	8	389	3	358	2.36e-100	324
Rhizdele	CP@TRINITY_DN4474_c1_g1::CP@TRINITY_DN4474_c1_g1_i1::g.77521::m.77521	37.907	430	191	11	663	1085	1	361	1.84e-78	261
Rhizdele	CP@TRINITY_DN654_c0_g1::CP@TRINITY_DN654_c0_g1_i1::g.17610::m.17610	35.189	449	223	9	1	432	1	398	1.07e-67	244
Rhizdele	CP@TRINITY_DN5242_c0_g4::CP@TRINITY_DN5242_c0_g4_i1::g.14171::m.14171	57.432	148	57	2	1	143	1	147	6.71e-48	167
Rhizdele	CP@TRINITY_DN31984_c0_g1::CP@TRINITY_DN31984_c0_g1_i1::g.65652::m.65652	55.118	127	57	0	960	1086	3	129	6.20e-41	147
Schizpom	CP@TRINITY_DN4474_c1_g2::CP@TRINITY_DN4474_c1_g2_i2::g.77523::m.77523	43.008	379	182	8	7	368	2	363	3.63e-85	282
Schizpom	CP@TRINITY_DN4474_c1_g1::CP@TRINITY_DN4474_c1_g1_i1::g.77521::m.77521	39.791	382	203	7	623	999	1	360	1.15e-80	266
Schizpom	CP@TRINITY_DN654_c0_g1::CP@TRINITY_DN654_c0_g1_i1::g.17610::m.17610	39.756	410	208	10	16	407	16	404	3.43e-76	268
Schizpom	CP@TRINITY_DN5242_c0_g4::CP@TRINITY_DN5242_c0_g4_i1::g.14171::m.14171	54.610	141	59	1	7	142	7	147	1.59e-43	155
Debahans	CP@TRINITY_DN4474_c1_g2::CP@TRINITY_DN4474_c1_g2_i2::g.77523::m.77523	44.909	383	171	7	8	379	4	357	7.83e-103	330
Debahans	CP@TRINITY_DN4474_c1_g1::CP@TRINITY_DN4474_c1_g1_i1::g.77521::m.77521	38.381	383	197	11	685	1050	1	361	8.65e-71	240
Debahans	CP@TRINITY_DN654_c0_g1::CP@TRINITY_DN654_c0_g1_i1::g.17610::m.17610	34.607	471	245	14	3	459	4	425	8.85e-70	250
Debahans	CP@TRINITY_DN5242_c0_g4::CP@TRINITY_DN5242_c0_g4_i1::g.14171::m.14171	51.351	148	70	1	1	148	2	147	2.64e-44	157
Debahans	CP@TRINITY_DN31984_c0_g1::CP@TRINITY_DN31984_c0_g1_i1::g.65652::m.65652	55.556	126	56	0	925	1050	3	128	1.10e-41	149
Aspefumi	CP@TRINITY_DN4474_c1_g2::CP@TRINITY_DN4474_c1_g2_i2::g.77523::m.77523	42.145	401	185	8	9	406	4	360	2.41e-88	292
Aspefumi	CP@TRINITY_DN4474_c1_g1::CP@TRINITY_DN4474_c1_g1_i1::g.77521::m.77521	38.810	420	184	11	682	1087	1	361	2.40e-74	250
Aspefumi	CP@TRINITY_DN654_c0_g1::CP@TRINITY_DN654_c0_g1_i1::g.17610::m.17610	34.590	451	225	9	6	443	6	399	5.00e-63	231
Aspefumi	CP@TRINITY_DN5242_c0_g4::CP@TRINITY_DN5242_c0_g4_i1::g.14171::m.14171	52.703	148	63	2	1	143	1	146	8.18e-45	159
Neurcras	CP@TRINITY_DN4474_c1_g2::CP@TRINITY_DN4474_c1_g2_i2::g.77523::m.77523	41.646	401	192	7	7	404	2	363	7.44e-90	296
Neurcras	CP@TRINITY_DN4474_c1_g1::CP@TRINITY_DN4474_c1_g1_i1::g.77521::m.77521	37.410	417	199	9	673	1083	1	361	3.89e-72	244
Neurcras	CP@TRINITY_DN654_c0_g1::CP@TRINITY_DN654_c0_g1_i1::g.17610::m.17610	35.402	435	214	10	18	438	18	399	6.44e-65	236
Neurcras	CP@TRINITY_DN5242_c0_g4::CP@TRINITY_DN5242_c0_g4_i1::g.14171::m.14171	56.028	141	59	2	7	144	7	147	1.96e-43	154
Coprcine	CP@TRINITY_DN4474_c1_g2::CP@TRINITY_DN4474_c1_g2_i2::g.77523::m.77523	42.636	387	179	7	5	384	10	360	5.06e-92	301
Coprcine	CP@TRINITY_DN4474_c1_g1::CP@TRINITY_DN4474_c1_g1_i1::g.77521::m.77521	40.441	408	189	11	682	1082	1	361	1.66e-77	259
Coprcine	CP@TRINITY_DN654_c0_g1::CP@TRINITY_DN654_c0_g1_i1::g.17610::m.17610	33.560	441	219	12	8	429	18	403	5.42e-60	222
Coprcine	CP@TRINITY_DN31984_c0_g1::CP@TRINITY_DN31984_c0_g1_i1::g.65652::m.65652	56.800	125	54	0	958	1082	4	128	5.97e-44	155
Ustimayd	CP@TRINITY_DN4474_c1_g2::CP@TRINITY_DN4474_c1_g2_i2::g.77523::m.77523	38.534	423	194	9	12	426	13	377	1.93e-88	293
Ustimayd	CP@TRINITY_DN4474_c1_g1::CP@TRINITY_DN4474_c1_g1_i1::g.77521::m.77521	38.940	434	180	11	729	1151	1	360	6.82e-80	266
Ustimayd	CP@TRINITY_DN654_c0_g1::CP@TRINITY_DN654_c0_g1_i1::g.17610::m.17610	35.012	417	183	9	12	405	18	369	2.45e-61	226
Ustimayd	CP@TRINITY_DN31984_c0_g1::CP@TRINITY_DN31984_c0_g1_i1::g.65652::m.65652	56.911	123	53	0	1028	1150	4	126	3.97e-42	150
Spizpunc	CP@TRINITY_DN4474_c1_g2::CP@TRINITY_DN4474_c1_g2_i2::g.77523::m.77523	45.178	394	171	7	8	394	3	358	4.21e-100	324
Spizpunc	CP@TRINITY_DN4474_c1_g1::CP@TRINITY_DN4474_c1_g1_i1::g.77521::m.77521	38.761	436	188	8	684	1116	1	360	5.05e-81	269
Spizpunc	CP@TRINITY_DN654_c0_g1::CP@TRINITY_DN654_c0_g1_i1::g.17610::m.17610	35.683	454	228	10	1	442	1	402	6.01e-76	269
Spizpunc	CP@TRINITY_DN5242_c0_g4::CP@TRINITY_DN5242_c0_g4_i1::g.14171::m.14171	56.667	150	60	3	1	148	1	147	7.54e-47	164
Spizpunc	CP@TRINITY_DN31984_c0_g1::CP@TRINITY_DN31984_c0_g1_i1::g.65652::m.65652	58.065	124	52	0	992	1115	3	126	7.58e-44	155
Blasbrit	CP@TRINITY_DN4474_c1_g2::CP@TRINITY_DN4474_c1_g2_i2::g.77523::m.77523	45.503	378	176	9	11	384	7	358	1.66e-94	309
Blasbrit	CP@TRINITY_DN4474_c1_g1::CP@TRINITY_DN4474_c1_g1_i1::g.77521::m.77521	36.758	438	196	10	674	1107	1	361	4.06e-75	253
Blasbrit	CP@TRINITY_DN654_c0_g1::CP@TRINITY_DN654_c0_g1_i1::g.17610::m.17610	33.634	443	231	9	12	441	13	405	1.02e-62	230
Allomacr	CP@TRINITY_DN4474_c1_g2::CP@TRINITY_DN4474_c1_g2_i2::g.77523::m.77523	46.283	417	171	13	11	424	7	373	5.19e-101	325
Allomacr	CP@TRINITY_DN4474_c1_g1::CP@TRINITY_DN4474_c1_g1_i1::g.77521::m.77521	42.440	377	193	6	667	1035	1	361	1.84e-90	293
Allomacr	CP@TRINITY_DN654_c0_g1::CP@TRINITY_DN654_c0_g1_i1::g.17610::m.17610	33.121	471	257	9	512	982	410	822	3.70e-73	260
Allomacr	CP@TRINITY_DN654_c0_g1::CP@TRINITY_DN654_c0_g1_i1::g.17610::m.17610	35.575	461	212	11	3	442	4	400	2.15e-69	249
Allomacr	CP@TRINITY_DN5242_c0_g4::CP@TRINITY_DN5242_c0_g4_i1::g.14171::m.14171	54.110	146	53	2	4	138	5	147	9.38e-43	152
Allomacr	CP@TRINITY_DN31984_c0_g1::CP@TRINITY_DN31984_c0_g1_i1::g.65652::m.65652	54.762	126	57	0	910	1035	3	128	6.45e-42	149
Psuemult	CP@TRINITY_DN4474_c1_g2::CP@TRINITY_DN4474_c1_g2_i2::g.77523::m.77523	30.714	420	197	12	2	419	22	349	2.31e-48	179
Gephhuxl	CP@TRINITY_DN654_c0_g1::CP@TRINITY_DN654_c0_g1_i1::g.17610::m.17610	31.291	914	485	24	7	868	20	842	4.30e-120	385
Gephhuxl	CP@TRINITY_DN4474_c1_g2::CP@TRINITY_DN4474_c1_g2_i2::g.77523::m.77523	38.342	386	184	7	7	372	15	366	2.29e-81	270
Gephhuxl	CP@TRINITY_DN4474_c1_g1::CP@TRINITY_DN4474_c1_g1_i1::g.77521::m.77521	40.826	218	106	4	687	885	148	361	9.23e-42	157
