Calltube	CP@TRINITY_DN8472_c3_g1::CP@TRINITY_DN8472_c3_g1_i1::g.27925::m.27925	52.439	164	68	5	1	161	102	258	5.68e-46	153
Protlace	CP@TRINITY_DN8472_c3_g1::CP@TRINITY_DN8472_c3_g1_i1::g.27925::m.27925	47.287	258	130	4	31	285	1	255	3.78e-77	238
Parasacc	CP@TRINITY_DN8472_c3_g1::CP@TRINITY_DN8472_c3_g1_i1::g.27925::m.27925	40.000	340	165	12	54	363	1	331	5.30e-61	202
Aurisoli	CP@TRINITY_DN8472_c3_g1::CP@TRINITY_DN8472_c3_g1_i1::g.27925::m.27925	49.716	352	166	9	65	410	1	347	8.54e-109	324
Paulchro	CP@TRINITY_DN8472_c3_g1::CP@TRINITY_DN8472_c3_g1_i1::g.27925::m.27925	46.857	350	174	8	64	404	1	347	3.64e-98	296
Plasfalc	CP@TRINITY_DN8472_c3_g1::CP@TRINITY_DN8472_c3_g1_i1::g.27925::m.27925	30.748	361	219	7	53	400	1	343	1.25e-52	179
Lapoguse	CP@TRINITY_DN8472_c3_g1::CP@TRINITY_DN8472_c3_g1_i1::g.27925::m.27925	51.009	347	164	5	67	407	1	347	3.04e-112	333
Styllemn	CP@TRINITY_DN8472_c3_g1::CP@TRINITY_DN8472_c3_g1_i1::g.27925::m.27925	44.759	353	185	6	44	392	1	347	3.74e-94	286
Paraconf	CP@TRINITY_DN8472_c3_g1::CP@TRINITY_DN8472_c3_g1_i1::g.27925::m.27925	44.160	351	181	9	30	369	1	347	2.42e-89	273
Trypbruc	CP@TRINITY_DN8472_c3_g1::CP@TRINITY_DN8472_c3_g1_i1::g.27925::m.27925	39.548	354	197	10	30	373	1	347	1.13e-72	230
Leismajo	CP@TRINITY_DN8472_c3_g1::CP@TRINITY_DN8472_c3_g1_i1::g.27925::m.27925	44.193	353	182	9	30	373	1	347	8.33e-91	277
Leptpyrr	CP@TRINITY_DN8472_c3_g1::CP@TRINITY_DN8472_c3_g1_i1::g.27925::m.27925	46.197	355	173	11	29	373	1	347	1.58e-94	286
Ichtmult	CP@TRINITY_DN8472_c3_g1::CP@TRINITY_DN8472_c3_g1_i1::g.27925::m.27925	44.160	351	183	9	591	933	1	346	1.01e-83	273
Tetrther	CP@TRINITY_DN8472_c3_g1::CP@TRINITY_DN8472_c3_g1_i1::g.27925::m.27925	44.350	354	183	7	47	393	1	347	5.60e-90	275
Paratetr	CP@TRINITY_DN8472_c3_g1::CP@TRINITY_DN8472_c3_g1_i1::g.27925::m.27925	40.960	354	193	9	46	390	1	347	1.85e-80	251
Stencoer	CP@TRINITY_DN8472_c3_g1::CP@TRINITY_DN8472_c3_g1_i1::g.27925::m.27925	43.434	198	102	4	37	228	1	194	1.02e-49	166
Physpoly	CP@TRINITY_DN8472_c3_g1::CP@TRINITY_DN8472_c3_g1_i1::g.27925::m.27925	51.714	350	161	5	86	431	1	346	7.48e-116	343
Dictdisc	CP@TRINITY_DN8472_c3_g1::CP@TRINITY_DN8472_c3_g1_i1::g.27925::m.27925	50.420	357	161	9	49	400	1	346	1.64e-112	333
Styginca	CP@TRINITY_DN8472_c3_g1::CP@TRINITY_DN8472_c3_g1_i1::g.27925::m.27925	49.292	353	168	5	48	395	1	347	8.84e-111	328
Andagodo	CP@TRINITY_DN8472_c3_g1::CP@TRINITY_DN8472_c3_g1_i1::g.27925::m.27925	42.936	361	183	11	27	378	1	347	1.89e-84	261
Naeggrub	CP@TRINITY_DN8472_c3_g1::CP@TRINITY_DN8472_c3_g1_i1::g.27925::m.27925	42.120	368	177	10	79	444	13	346	3.74e-80	252
Protfung	CP@TRINITY_DN8472_c3_g1::CP@TRINITY_DN8472_c3_g1_i1::g.27925::m.27925	52.450	347	156	6	86	424	1	346	3.32e-115	341
Ammo1384	CP@TRINITY_DN8472_c3_g1::CP@TRINITY_DN8472_c3_g1_i1::g.27925::m.27925	43.771	297	158	7	1	293	56	347	2.58e-74	231
Retifilo	CP@TRINITY_DN8472_c3_g1::CP@TRINITY_DN8472_c3_g1_i1::g.27925::m.27925	44.134	358	185	7	346	699	1	347	2.18e-85	273
Sori0191	CP@TRINITY_DN8472_c3_g1::CP@TRINITY_DN8472_c3_g1_i1::g.27925::m.27925	46.328	354	179	7	44	393	1	347	1.39e-96	292
Plasbras	CP@TRINITY_DN8472_c3_g1::CP@TRINITY_DN8472_c3_g1_i1::g.27925::m.27925	42.897	359	182	10	44	392	1	346	1.08e-78	246
Leptvora	CP@TRINITY_DN8472_c3_g1::CP@TRINITY_DN8472_c3_g1_i1::g.27925::m.27925	50.838	358	161	7	38	391	1	347	5.26e-112	332
Mesoviri	CP@TRINITY_DN8472_c3_g1::CP@TRINITY_DN8472_c3_g1_i1::g.27925::m.27925	48.000	350	172	6	10	353	1	346	6.25e-105	312
Charbrau	CP@TRINITY_DN8472_c3_g1::CP@TRINITY_DN8472_c3_g1_i1::g.27925::m.27925	54.444	180	78	3	8	184	169	347	7.68e-62	195
Arabthal	CP@TRINITY_DN8472_c3_g1::CP@TRINITY_DN8472_c3_g1_i1::g.27925::m.27925	50.143	349	168	5	76	420	1	347	4.72e-110	328
Prassing	CP@TRINITY_DN8472_c3_g1::CP@TRINITY_DN8472_c3_g1_i1::g.27925::m.27925	51.136	352	163	6	81	429	1	346	1.42e-106	319
Prascaps	CP@TRINITY_DN8472_c3_g1::CP@TRINITY_DN8472_c3_g1_i1::g.27925::m.27925	46.571	350	179	7	106	450	1	347	4.85e-98	298
Tetrasti	CP@TRINITY_DN8472_c3_g1::CP@TRINITY_DN8472_c3_g1_i1::g.27925::m.27925	47.635	296	150	4	2	293	53	347	1.71e-87	265
Pyrapark	CP@TRINITY_DN8472_c3_g1::CP@TRINITY_DN8472_c3_g1_i1::g.27925::m.27925	46.264	348	181	5	59	401	1	347	5.56e-102	306
Chlovari	CP@TRINITY_DN8472_c3_g1::CP@TRINITY_DN8472_c3_g1_i1::g.27925::m.27925	47.262	347	177	5	72	413	1	346	8.74e-101	304
Chlarein	CP@TRINITY_DN8472_c3_g1::CP@TRINITY_DN8472_c3_g1_i1::g.27925::m.27925	48.857	350	171	6	57	401	1	347	6.43e-102	306
Dunasali	CP@TRINITY_DN8472_c3_g1::CP@TRINITY_DN8472_c3_g1_i1::g.27925::m.27925	48.433	351	170	7	75	418	1	347	1.48e-102	308
Nephpyri	CP@TRINITY_DN8472_c3_g1::CP@TRINITY_DN8472_c3_g1_i1::g.27925::m.27925	47.863	351	169	8	59	399	1	347	1.17e-99	300
Sphadest	CP@TRINITY_DN8472_c3_g1::CP@TRINITY_DN8472_c3_g1_i1::g.27925::m.27925	49.584	361	167	7	107	464	1	349	2.16e-107	322
Coralima	CP@TRINITY_DN8472_c3_g1::CP@TRINITY_DN8472_c3_g1_i1::g.27925::m.27925	53.125	352	151	6	60	403	1	346	2.29e-116	343
Pigoviet	CP@TRINITY_DN8472_c3_g1::CP@TRINITY_DN8472_c3_g1_i1::g.27925::m.27925	55.319	141	61	1	8	146	207	347	5.49e-48	158
Creofrag	CP@TRINITY_DN8472_c3_g1::CP@TRINITY_DN8472_c3_g1_i1::g.27925::m.27925	50.000	352	166	6	68	414	1	347	2.04e-115	341
Parvatla	CP@TRINITY_DN8472_c3_g1::CP@TRINITY_DN8472_c3_g1_i1::g.27925::m.27925	51.841	353	160	5	49	397	1	347	1.12e-117	346
Capsowcz	CP@TRINITY_DN8472_c3_g1::CP@TRINITY_DN8472_c3_g1_i1::g.27925::m.27925	55.807	353	144	8	60	406	1	347	1.80e-129	376
Homosapi	CP@TRINITY_DN8472_c3_g1::CP@TRINITY_DN8472_c3_g1_i1::g.27925::m.27925	56.091	353	145	6	58	403	1	350	1.19e-131	382
Nemavect	CP@TRINITY_DN8472_c3_g1::CP@TRINITY_DN8472_c3_g1_i1::g.27925::m.27925	54.000	350	152	5	26	369	1	347	5.26e-128	371
Rozeallo	CP@TRINITY_DN8472_c3_g1::CP@TRINITY_DN8472_c3_g1_i1::g.27925::m.27925	45.597	318	163	6	4	311	29	346	4.92e-92	277
Sacccere	CP@TRINITY_DN8472_c3_g1::CP@TRINITY_DN8472_c3_g1_i1::g.27925::m.27925	40.274	365	193	11	41	398	1	347	6.15e-76	239
Batrdend	CP@TRINITY_DN8472_c3_g1::CP@TRINITY_DN8472_c3_g1_i1::g.27925::m.27925	49.860	357	165	6	61	413	1	347	1.05e-113	337
Syssmult	CP@TRINITY_DN8472_c3_g1::CP@TRINITY_DN8472_c3_g1_i1::g.27925::m.27925	51.852	351	158	7	91	434	1	347	4.74e-120	353
Goniavon	CP@TRINITY_DN8472_c3_g1::CP@TRINITY_DN8472_c3_g1_i1::g.27925::m.27925	52.571	350	157	5	28	371	1	347	8.27e-116	340
Thectrah	CP@TRINITY_DN8472_c3_g1::CP@TRINITY_DN8472_c3_g1_i1::g.27925::m.27925	39.474	342	184	9	4	336	19	346	3.02e-61	199
Vitrbras	CP@TRINITY_DN8472_c3_g1::CP@TRINITY_DN8472_c3_g1_i1::g.27925::m.27925	53.714	350	154	5	67	411	1	347	6.63e-123	360
Colpangu	CP@TRINITY_DN8472_c3_g1::CP@TRINITY_DN8472_c3_g1_i1::g.27925::m.27925	51.955	358	158	7	59	413	1	347	2.06e-111	331
Galdphle	CP@TRINITY_DN8472_c3_g1::CP@TRINITY_DN8472_c3_g1_i1::g.27925::m.27925	51.149	348	160	6	53	392	1	346	3.90e-113	334
Porppurp	CP@TRINITY_DN8472_c3_g1::CP@TRINITY_DN8472_c3_g1_i1::g.27925::m.27925	52.000	350	159	7	60	403	1	347	1.81e-111	330
Gracchor	CP@TRINITY_DN8472_c3_g1::CP@TRINITY_DN8472_c3_g1_i1::g.27925::m.27925	51.003	349	164	6	236	579	1	347	8.43e-105	320
ChrysoH1	CP@TRINITY_DN8472_c3_g1::CP@TRINITY_DN8472_c3_g1_i1::g.27925::m.27925	41.926	353	154	8	56	363	1	347	9.21e-86	263
EctocSP7	CP@TRINITY_DN8472_c3_g1::CP@TRINITY_DN8472_c3_g1_i1::g.27925::m.27925	47.965	344	163	9	81	417	13	347	1.12e-95	291
Thalpseu	CP@TRINITY_DN8472_c3_g1::CP@TRINITY_DN8472_c3_g1_i1::g.27925::m.27925	42.857	364	185	13	61	416	1	349	3.76e-88	271
Parapyri	CP@TRINITY_DN8472_c3_g1::CP@TRINITY_DN8472_c3_g1_i1::g.27925::m.27925	41.690	355	192	8	54	401	1	347	4.76e-87	268
ChoanoFB	CP@TRINITY_DN8472_c3_g1::CP@TRINITY_DN8472_c3_g1_i1::g.27925::m.27925	41.761	352	191	7	74	417	1	346	2.05e-83	259
Rainerin	CP@TRINITY_DN8472_c3_g1::CP@TRINITY_DN8472_c3_g1_i1::g.27925::m.27925	46.307	352	182	6	56	401	1	351	2.17e-95	289
AcanthFB	CP@TRINITY_DN8472_c3_g1::CP@TRINITY_DN8472_c3_g1_i1::g.27925::m.27925	48.433	351	171	7	53	397	1	347	9.79e-107	318
Raphhete	CP@TRINITY_DN8472_c3_g1::CP@TRINITY_DN8472_c3_g1_i1::g.27925::m.27925	42.895	373	180	7	55	420	1	347	7.75e-90	276
BicoCB20	CP@TRINITY_DN8472_c3_g1::CP@TRINITY_DN8472_c3_g1_i1::g.27925::m.27925	47.196	214	106	5	68	277	1	211	4.28e-51	171
Phytpara	CP@TRINITY_DN8472_c3_g1::CP@TRINITY_DN8472_c3_g1_i1::g.27925::m.27925	49.721	358	159	9	41	388	1	347	1.44e-106	317
Acancast	CP@TRINITY_DN8472_c3_g1::CP@TRINITY_DN8472_c3_g1_i1::g.27925::m.27925	49.860	357	165	6	58	410	1	347	6.53e-107	319
Idiovort	CP@TRINITY_DN8472_c3_g1::CP@TRINITY_DN8472_c3_g1_i1::g.27925::m.27925	46.705	349	176	6	61	402	1	346	1.44e-99	300
Vannfimi	CP@TRINITY_DN8472_c3_g1::CP@TRINITY_DN8472_c3_g1_i1::g.27925::m.27925	41.329	346	195	6	51	391	4	346	1.86e-80	251
Flecnera	CP@TRINITY_DN8472_c3_g1::CP@TRINITY_DN8472_c3_g1_i1::g.27925::m.27925	45.714	350	179	4	52	394	1	346	6.85e-98	295
Neobdesi	CP@TRINITY_DN8472_c3_g1::CP@TRINITY_DN8472_c3_g1_i1::g.27925::m.27925	40.299	335	183	9	62	383	1	331	4.06e-68	219
Wobbluna	CP@TRINITY_DN8472_c3_g1::CP@TRINITY_DN8472_c3_g1_i1::g.27925::m.27925	43.052	367	181	8	59	417	1	347	2.15e-90	277
PlacCLAB	CP@TRINITY_DN8472_c3_g1::CP@TRINITY_DN8472_c3_g1_i1::g.27925::m.27925	47.253	364	168	7	48	404	1	347	3.38e-101	305
Cantmars	CP@TRINITY_DN8472_c3_g1::CP@TRINITY_DN8472_c3_g1_i1::g.27925::m.27925	42.697	356	190	8	44	394	1	347	2.09e-84	261
Aurelagu	CP@TRINITY_DN8472_c3_g1::CP@TRINITY_DN8472_c3_g1_i1::g.27925::m.27925	43.213	361	180	13	39	388	1	347	9.61e-84	259
Pela2097	CP@TRINITY_DN8472_c3_g1::CP@TRINITY_DN8472_c3_g1_i1::g.27925::m.27925	46.537	361	169	14	112	462	1	347	2.41e-89	276
Aureanop	CP@TRINITY_DN8472_c3_g1::CP@TRINITY_DN8472_c3_g1_i1::g.27925::m.27925	42.667	375	175	16	48	410	1	347	3.37e-79	248
Pelasubv	CP@TRINITY_DN8472_c3_g1::CP@TRINITY_DN8472_c3_g1_i1::g.27925::m.27925	44.940	336	165	11	72	400	1	323	1.65e-77	244
Pelacalc	CP@TRINITY_DN8472_c3_g1::CP@TRINITY_DN8472_c3_g1_i1::g.27925::m.27925	46.667	360	172	11	49	401	1	347	1.83e-92	282
BlasS7SB	CP@TRINITY_DN8472_c3_g1::CP@TRINITY_DN8472_c3_g1_i1::g.27925::m.27925	47.443	352	169	9	110	450	1	347	3.00e-100	303
Rhiz1243	CP@TRINITY_DN8472_c3_g1::CP@TRINITY_DN8472_c3_g1_i1::g.27925::m.27925	43.207	368	182	13	54	412	1	350	5.53e-84	265
Pedi2098	CP@TRINITY_DN8472_c3_g1::CP@TRINITY_DN8472_c3_g1_i1::g.27925::m.27925	46.518	359	170	12	49	397	1	347	1.89e-91	279
Flor1587	CP@TRINITY_DN8472_c3_g1::CP@TRINITY_DN8472_c3_g1_i1::g.27925::m.27925	46.944	360	169	12	33	383	1	347	4.37e-94	285
Pseuelas	CP@TRINITY_DN8472_c3_g1::CP@TRINITY_DN8472_c3_g1_i1::g.27925::m.27925	48.343	362	162	14	49	400	1	347	1.75e-95	290
Tripeleu	CP@TRINITY_DN8472_c3_g1::CP@TRINITY_DN8472_c3_g1_i1::g.27925::m.27925	44.321	361	178	12	54	405	1	347	1.48e-88	272
Phaetric	CP@TRINITY_DN8472_c3_g1::CP@TRINITY_DN8472_c3_g1_i1::g.27925::m.27925	45.404	359	173	13	64	411	1	347	3.86e-95	289
Psuemult	CP@TRINITY_DN8472_c3_g1::CP@TRINITY_DN8472_c3_g1_i1::g.27925::m.27925	43.370	362	182	13	69	422	1	347	1.22e-89	275
Fragcyli	CP@TRINITY_DN8472_c3_g1::CP@TRINITY_DN8472_c3_g1_i1::g.27925::m.27925	42.938	354	182	9	75	422	8	347	7.86e-88	271
Tribgaya	CP@TRINITY_DN8472_c3_g1::CP@TRINITY_DN8472_c3_g1_i1::g.27925::m.27925	48.611	360	165	11	25	377	1	347	8.39e-98	295
Vauclito	CP@TRINITY_DN8472_c3_g1::CP@TRINITY_DN8472_c3_g1_i1::g.27925::m.27925	49.563	343	157	10	94	429	14	347	1.17e-96	293
Agarclat	CP@TRINITY_DN8472_c3_g1::CP@TRINITY_DN8472_c3_g1_i1::g.27925::m.27925	47.674	344	164	9	76	412	13	347	1.47e-95	290
Fucucera	CP@TRINITY_DN8472_c3_g1::CP@TRINITY_DN8472_c3_g1_i1::g.27925::m.27925	48.547	344	161	9	81	417	13	347	1.11e-96	293
Fibrjapo	CP@TRINITY_DN8472_c3_g1::CP@TRINITY_DN8472_c3_g1_i1::g.27925::m.27925	49.020	357	163	11	57	404	1	347	2.36e-101	305
Heteakas	CP@TRINITY_DN8472_c3_g1::CP@TRINITY_DN8472_c3_g1_i1::g.27925::m.27925	47.354	359	168	12	57	406	1	347	2.21e-94	287
Chatsubs	CP@TRINITY_DN8472_c3_g1::CP@TRINITY_DN8472_c3_g1_i1::g.27925::m.27925	49.580	357	161	11	50	397	1	347	2.95e-104	312
Syncpusi	CP@TRINITY_DN8472_c3_g1::CP@TRINITY_DN8472_c3_g1_i1::g.27925::m.27925	43.767	361	181	11	67	419	1	347	7.85e-84	260
Octaspec	CP@TRINITY_DN8472_c3_g1::CP@TRINITY_DN8472_c3_g1_i1::g.27925::m.27925	48.603	358	165	12	54	403	1	347	6.49e-102	306
Ochr2298	CP@TRINITY_DN8472_c3_g1::CP@TRINITY_DN8472_c3_g1_i1::g.27925::m.27925	49.020	357	165	10	78	427	1	347	7.28e-106	317
Pedoelon	CP@TRINITY_DN8472_c3_g1::CP@TRINITY_DN8472_c3_g1_i1::g.27925::m.27925	48.468	359	164	11	48	397	1	347	1.12e-101	305
Dino2267	CP@TRINITY_DN8472_c3_g1::CP@TRINITY_DN8472_c3_g1_i1::g.27925::m.27925	47.500	360	166	11	30	379	1	347	7.83e-102	305
PoterBG1	CP@TRINITY_DN8472_c3_g1::CP@TRINITY_DN8472_c3_g1_i1::g.27925::m.27925	48.895	362	156	13	42	389	1	347	3.15e-100	301
Paravest	CP@TRINITY_DN8472_c3_g1::CP@TRINITY_DN8472_c3_g1_i1::g.27925::m.27925	45.856	362	172	12	10	362	1	347	4.75e-93	282
Mallmari	CP@TRINITY_DN8472_c3_g1::CP@TRINITY_DN8472_c3_g1_i1::g.27925::m.27925	47.354	359	168	11	10	359	1	347	1.19e-100	301
Paheparv	CP@TRINITY_DN8472_c3_g1::CP@TRINITY_DN8472_c3_g1_i1::g.27925::m.27925	47.354	359	170	11	46	397	1	347	2.77e-96	291
Pingpyre	CP@TRINITY_DN8472_c3_g1::CP@TRINITY_DN8472_c3_g1_i1::g.27925::m.27925	48.214	336	152	13	29	353	1	325	1.66e-85	262
Saprdecl	CP@TRINITY_DN8472_c3_g1::CP@TRINITY_DN8472_c3_g1_i1::g.27925::m.27925	51.130	354	156	11	38	381	1	347	3.40e-108	321
Pythirre	CP@TRINITY_DN8472_c3_g1::CP@TRINITY_DN8472_c3_g1_i1::g.27925::m.27925	49.577	355	161	10	92	436	1	347	4.62e-105	315
Albulaib	CP@TRINITY_DN8472_c3_g1::CP@TRINITY_DN8472_c3_g1_i1::g.27925::m.27925	46.648	358	172	9	60	409	1	347	3.47e-99	299
Deveeleg	CP@TRINITY_DN8472_c3_g1::CP@TRINITY_DN8472_c3_g1_i1::g.27925::m.27925	48.718	351	169	7	55	398	1	347	3.37e-102	306
Caferoen	CP@TRINITY_DN8472_c3_g1::CP@TRINITY_DN8472_c3_g1_i1::g.27925::m.27925	45.753	365	172	12	56	412	1	347	6.78e-86	273
Brevmoto	CP@TRINITY_DN8472_c3_g1::CP@TRINITY_DN8472_c3_g1_i1::g.27925::m.27925	46.610	354	175	9	46	392	1	347	1.79e-98	297
MatazaD1	CP@TRINITY_DN8472_c3_g1::CP@TRINITY_DN8472_c3_g1_i1::g.27925::m.27925	47.009	351	179	5	62	409	1	347	2.97e-104	312
Schiaggr	CP@TRINITY_DN8472_c3_g1::CP@TRINITY_DN8472_c3_g1_i1::g.27925::m.27925	48.286	350	160	8	58	389	1	347	2.64e-104	312
ThraLLF1	CP@TRINITY_DN8472_c3_g1::CP@TRINITY_DN8472_c3_g1_i1::g.27925::m.27925	50.857	350	161	8	171	512	1	347	1.61e-109	330
Auralima	CP@TRINITY_DN8472_c3_g1::CP@TRINITY_DN8472_c3_g1_i1::g.27925::m.27925	44.286	350	184	8	57	398	1	347	8.46e-96	290
Aplakerg	CP@TRINITY_DN8472_c3_g1::CP@TRINITY_DN8472_c3_g1_i1::g.27925::m.27925	49.713	348	163	7	69	405	1	347	3.23e-111	330
Cerakond	CP@TRINITY_DN8472_c3_g1::CP@TRINITY_DN8472_c3_g1_i1::g.27925::m.27925	49.857	349	168	6	31	374	1	347	4.50e-106	316
Gratturu	CP@TRINITY_DN8472_c3_g1::CP@TRINITY_DN8472_c3_g1_i1::g.27925::m.27925	50.716	349	165	6	26	369	1	347	7.60e-110	325
Choncris	CP@TRINITY_DN8472_c3_g1::CP@TRINITY_DN8472_c3_g1_i1::g.27925::m.27925	50.427	351	164	8	59	403	1	347	6.20e-107	319
Porpumbi	CP@TRINITY_DN8472_c3_g1::CP@TRINITY_DN8472_c3_g1_i1::g.27925::m.27925	49.858	353	169	7	57	405	1	349	3.85e-107	320
Rhodmari	CP@TRINITY_DN8472_c3_g1::CP@TRINITY_DN8472_c3_g1_i1::g.27925::m.27925	46.742	353	176	7	54	400	1	347	1.77e-97	295
Cyanmero	CP@TRINITY_DN8472_c3_g1::CP@TRINITY_DN8472_c3_g1_i1::g.27925::m.27925	44.533	375	176	12	102	472	1	347	2.74e-90	279
Galdsulp	CP@TRINITY_DN8472_c3_g1::CP@TRINITY_DN8472_c3_g1_i1::g.27925::m.27925	48.851	348	170	6	64	404	1	347	2.27e-112	333
Cyanpara	CP@TRINITY_DN8472_c3_g1::CP@TRINITY_DN8472_c3_g1_i1::g.27925::m.27925	52.450	347	160	4	60	401	1	347	1.21e-116	343
Gloewitr	CP@TRINITY_DN8472_c3_g1::CP@TRINITY_DN8472_c3_g1_i1::g.27925::m.27925	49.284	349	168	5	75	416	1	347	1.14e-113	337
Palpbili	CP@TRINITY_DN8472_c3_g1::CP@TRINITY_DN8472_c3_g1_i1::g.27925::m.27925	51.261	357	159	7	34	385	1	347	7.86e-116	341
Toxogond	CP@TRINITY_DN8472_c3_g1::CP@TRINITY_DN8472_c3_g1_i1::g.27925::m.27925	35.128	390	203	9	478	860	1	347	4.51e-62	214
Chroveli	CP@TRINITY_DN8472_c3_g1::CP@TRINITY_DN8472_c3_g1_i1::g.27925::m.27925	54.441	349	154	3	53	398	1	347	3.85e-119	350
Haloseos	CP@TRINITY_DN8472_c3_g1::CP@TRINITY_DN8472_c3_g1_i1::g.27925::m.27925	46.459	353	180	6	69	418	1	347	2.66e-96	292
Perkmari	CP@TRINITY_DN8472_c3_g1::CP@TRINITY_DN8472_c3_g1_i1::g.27925::m.27925	49.143	350	168	5	50	392	1	347	1.67e-108	322
Rhodemar	CP@TRINITY_DN8472_c3_g1::CP@TRINITY_DN8472_c3_g1_i1::g.27925::m.27925	48.857	350	171	6	59	403	1	347	4.99e-107	319
Rhodlimn	CP@TRINITY_DN8472_c3_g1::CP@TRINITY_DN8472_c3_g1_i1::g.27925::m.27925	48.824	340	166	6	24	359	12	347	2.10e-99	298
Roomtrun	CP@TRINITY_DN8472_c3_g1::CP@TRINITY_DN8472_c3_g1_i1::g.27925::m.27925	52.571	350	157	5	55	398	1	347	3.31e-114	337
Ostrtaur	CP@TRINITY_DN8472_c3_g1::CP@TRINITY_DN8472_c3_g1_i1::g.27925::m.27925	48.588	354	168	8	72	418	1	347	2.94e-98	297
Volvcart	CP@TRINITY_DN8472_c3_g1::CP@TRINITY_DN8472_c3_g1_i1::g.27925::m.27925	49.570	349	169	6	69	412	1	347	1.57e-102	308
Picosali	CP@TRINITY_DN8472_c3_g1::CP@TRINITY_DN8472_c3_g1_i1::g.27925::m.27925	46.418	349	180	6	84	427	1	347	5.95e-98	297
Oryzsati	CP@TRINITY_DN8472_c3_g1::CP@TRINITY_DN8472_c3_g1_i1::g.27925::m.27925	48.138	349	172	6	61	402	1	347	6.05e-106	317
Physpate	CP@TRINITY_DN8472_c3_g1::CP@TRINITY_DN8472_c3_g1_i1::g.27925::m.27925	48.138	349	175	5	65	409	1	347	1.21e-108	323
Bodosalt	CP@TRINITY_DN8472_c3_g1::CP@TRINITY_DN8472_c3_g1_i1::g.27925::m.27925	45.042	353	179	8	30	371	1	349	1.98e-98	296
Mantplas	CP@TRINITY_DN8472_c3_g1::CP@TRINITY_DN8472_c3_g1_i1::g.27925::m.27925	46.875	320	164	5	77	391	1	319	8.95e-92	280
Pharkirb	CP@TRINITY_DN8472_c3_g1::CP@TRINITY_DN8472_c3_g1_i1::g.27925::m.27925	46.307	352	175	9	62	404	1	347	2.86e-94	287
HeterBB2	CP@TRINITY_DN8472_c3_g1::CP@TRINITY_DN8472_c3_g1_i1::g.27925::m.27925	47.059	306	154	6	2	304	51	351	3.88e-81	249
Diphrota	CP@TRINITY_DN8472_c3_g1::CP@TRINITY_DN8472_c3_g1_i1::g.27925::m.27925	42.693	349	194	4	62	406	1	347	2.29e-91	280
Rigiramo	CP@TRINITY_DN8472_c3_g1::CP@TRINITY_DN8472_c3_g1_i1::g.27925::m.27925	42.241	348	193	7	51	392	1	346	9.32e-89	272
Veximinu	CP@TRINITY_DN8472_c3_g1::CP@TRINITY_DN8472_c3_g1_i1::g.27925::m.27925	37.912	364	195	13	7	357	1	346	3.35e-60	197
Guttvulg	CP@TRINITY_DN8472_c3_g1::CP@TRINITY_DN8472_c3_g1_i1::g.27925::m.27925	43.258	356	186	8	71	419	1	347	2.77e-90	277
NolaAFSM	CP@TRINITY_DN8472_c3_g1::CP@TRINITY_DN8472_c3_g1_i1::g.27925::m.27925	46.132	349	179	6	72	414	1	346	6.00e-96	291
Amoeprot	CP@TRINITY_DN8472_c3_g1::CP@TRINITY_DN8472_c3_g1_i1::g.27925::m.27925	44.699	349	185	5	72	415	1	346	1.03e-94	288
Coprprot	CP@TRINITY_DN8472_c3_g1::CP@TRINITY_DN8472_c3_g1_i1::g.27925::m.27925	47.429	350	175	7	67	411	1	346	3.65e-98	297
Arcevulg	CP@TRINITY_DN8472_c3_g1::CP@TRINITY_DN8472_c3_g1_i1::g.27925::m.27925	47.714	350	174	6	65	409	1	346	1.82e-93	285
Rhizsaxo	CP@TRINITY_DN8472_c3_g1::CP@TRINITY_DN8472_c3_g1_i1::g.27925::m.27925	45.198	354	184	7	67	414	1	350	2.01e-96	292
Flabcita	CP@TRINITY_DN8472_c3_g1::CP@TRINITY_DN8472_c3_g1_i1::g.27925::m.27925	45.714	350	179	8	59	401	1	346	9.27e-95	288
Vermverm	CP@TRINITY_DN8472_c3_g1::CP@TRINITY_DN8472_c3_g1_i1::g.27925::m.27925	45.429	350	182	7	64	408	1	346	5.30e-97	294
Echiexud	CP@TRINITY_DN8472_c3_g1::CP@TRINITY_DN8472_c3_g1_i1::g.27925::m.27925	47.863	351	170	8	77	419	1	346	6.74e-101	304
Trimmari	CP@TRINITY_DN8472_c3_g1::CP@TRINITY_DN8472_c3_g1_i1::g.27925::m.27925	45.584	351	179	8	41	383	1	347	1.12e-95	290
Adunpalu	CP@TRINITY_DN8472_c3_g1::CP@TRINITY_DN8472_c3_g1_i1::g.27925::m.27925	48.424	349	169	8	47	387	1	346	6.37e-93	283
Ergocypr	CP@TRINITY_DN8472_c3_g1::CP@TRINITY_DN8472_c3_g1_i1::g.27925::m.27925	45.152	361	178	8	26	379	1	348	9.58e-91	277
Carpmemb	CP@TRINITY_DN8472_c3_g1::CP@TRINITY_DN8472_c3_g1_i1::g.27925::m.27925	45.429	350	181	6	76	418	1	347	9.40e-97	294
Soliirre	CP@TRINITY_DN8472_c3_g1::CP@TRINITY_DN8472_c3_g1_i1::g.27925::m.27925	44.663	356	182	9	65	415	1	346	4.76e-89	274
Masteilh	CP@TRINITY_DN8472_c3_g1::CP@TRINITY_DN8472_c3_g1_i1::g.27925::m.27925	42.735	351	186	7	48	388	1	346	1.15e-87	269
Rhizelon	CP@TRINITY_DN8472_c3_g1::CP@TRINITY_DN8472_c3_g1_i1::g.27925::m.27925	46.154	351	176	7	61	403	1	346	1.68e-98	297
Hetepall	CP@TRINITY_DN8472_c3_g1::CP@TRINITY_DN8472_c3_g1_i1::g.27925::m.27925	50.720	347	163	5	58	397	1	346	1.64e-117	346
Paralevi	CP@TRINITY_DN8472_c3_g1::CP@TRINITY_DN8472_c3_g1_i1::g.27925::m.27925	51.705	352	157	8	54	398	1	346	2.63e-110	327
Filanola	CP@TRINITY_DN8472_c3_g1::CP@TRINITY_DN8472_c3_g1_i1::g.27925::m.27925	52.722	349	158	6	67	411	1	346	4.38e-116	343
Phalsoli	CP@TRINITY_DN8472_c3_g1::CP@TRINITY_DN8472_c3_g1_i1::g.27925::m.27925	51.099	182	88	1	62	242	1	182	2.82e-59	191
Schivulg	CP@TRINITY_DN8472_c3_g1::CP@TRINITY_DN8472_c3_g1_i1::g.27925::m.27925	50.720	347	161	7	80	417	1	346	1.22e-113	337
Cavoapop	CP@TRINITY_DN8472_c3_g1::CP@TRINITY_DN8472_c3_g1_i1::g.27925::m.27925	50.430	349	159	8	62	399	1	346	2.72e-109	325
Stensten	CP@TRINITY_DN8472_c3_g1::CP@TRINITY_DN8472_c3_g1_i1::g.27925::m.27925	52.586	348	158	6	59	400	1	347	7.68e-117	344
Malajako	CP@TRINITY_DN8472_c3_g1::CP@TRINITY_DN8472_c3_g1_i1::g.27925::m.27925	51.397	179	82	3	57	230	1	179	2.05e-53	175
Endozona	CP@TRINITY_DN8472_c3_g1::CP@TRINITY_DN8472_c3_g1_i1::g.27925::m.27925	45.739	352	183	6	55	403	1	347	3.34e-99	300
Cochminu	CP@TRINITY_DN8472_c3_g1::CP@TRINITY_DN8472_c3_g1_i1::g.27925::m.27925	51.705	352	162	6	51	397	1	349	1.86e-116	343
Sapppeda	CP@TRINITY_DN8472_c3_g1::CP@TRINITY_DN8472_c3_g1_i1::g.27925::m.27925	53.161	348	157	5	62	404	1	347	3.29e-116	343
Sapochin	CP@TRINITY_DN8472_c3_g1::CP@TRINITY_DN8472_c3_g1_i1::g.27925::m.27925	37.892	351	178	12	10	333	1	338	2.56e-56	186
ThecSK13	CP@TRINITY_DN8472_c3_g1::CP@TRINITY_DN8472_c3_g1_i1::g.27925::m.27925	50.000	302	145	5	37	335	1	299	3.55e-98	294
Brevanat	CP@TRINITY_DN8472_c3_g1::CP@TRINITY_DN8472_c3_g1_i1::g.27925::m.27925	48.404	188	94	2	31	216	1	187	3.95e-54	176
Luaphula	CP@TRINITY_DN8472_c3_g1::CP@TRINITY_DN8472_c3_g1_i1::g.27925::m.27925	53.846	351	149	6	31	372	1	347	5.79e-123	358
Dracjorm	CP@TRINITY_DN8472_c3_g1::CP@TRINITY_DN8472_c3_g1_i1::g.27925::m.27925	51.111	315	147	5	62	369	1	315	1.63e-95	288
Cuneruss	CP@TRINITY_DN8472_c3_g1::CP@TRINITY_DN8472_c3_g1_i1::g.27925::m.27925	45.115	348	183	5	74	414	1	347	1.32e-91	280
Pellcata	CP@TRINITY_DN8472_c3_g1::CP@TRINITY_DN8472_c3_g1_i1::g.27925::m.27925	48.000	350	173	4	4	347	1	347	5.25e-110	325
Ancysigm	CP@TRINITY_DN8472_c3_g1::CP@TRINITY_DN8472_c3_g1_i1::g.27925::m.27925	43.952	248	130	6	39	284	1	241	4.19e-55	182
Schizpom	CP@TRINITY_DN8472_c3_g1::CP@TRINITY_DN8472_c3_g1_i1::g.27925::m.27925	44.986	349	178	9	47	383	1	347	4.08e-99	298
Coprcine	CP@TRINITY_DN8472_c3_g1::CP@TRINITY_DN8472_c3_g1_i1::g.27925::m.27925	44.193	353	185	7	62	408	1	347	3.82e-95	289
Ustimayd	CP@TRINITY_DN8472_c3_g1::CP@TRINITY_DN8472_c3_g1_i1::g.27925::m.27925	43.182	352	190	6	106	452	1	347	6.74e-92	282
Aspefumi	CP@TRINITY_DN8472_c3_g1::CP@TRINITY_DN8472_c3_g1_i1::g.27925::m.27925	41.099	382	192	13	104	484	1	350	1.38e-75	241
Debahans	CP@TRINITY_DN8472_c3_g1::CP@TRINITY_DN8472_c3_g1_i1::g.27925::m.27925	43.094	362	179	11	41	390	1	347	1.38e-86	266
Mancberm	CP@TRINITY_DN8472_c3_g1::CP@TRINITY_DN8472_c3_g1_i1::g.27925::m.27925	46.286	350	180	7	71	415	1	347	6.61e-99	299
Minivibr	CP@TRINITY_DN8472_c3_g1::CP@TRINITY_DN8472_c3_g1_i1::g.27925::m.27925	47.059	357	172	9	60	410	1	346	1.14e-100	303
Sphaarct	CP@TRINITY_DN8472_c3_g1::CP@TRINITY_DN8472_c3_g1_i1::g.27925::m.27925	47.557	307	147	6	77	379	1	297	4.00e-90	275
Amoepara	CP@TRINITY_DN8472_c3_g1::CP@TRINITY_DN8472_c3_g1_i1::g.27925::m.27925	52.707	351	157	5	52	397	1	347	2.95e-125	365
Pygsbifo	CP@TRINITY_DN8472_c3_g1::CP@TRINITY_DN8472_c3_g1_i1::g.27925::m.27925	49.008	353	169	8	104	449	1	349	5.29e-106	318
Caeneleg	CP@TRINITY_DN8472_c3_g1::CP@TRINITY_DN8472_c3_g1_i1::g.27925::m.27925	54.545	352	153	6	50	399	1	347	3.22e-124	363
Apismell	CP@TRINITY_DN8472_c3_g1::CP@TRINITY_DN8472_c3_g1_i1::g.27925::m.27925	50.142	351	166	7	102	447	1	347	1.35e-109	327
Drosmela	CP@TRINITY_DN8472_c3_g1::CP@TRINITY_DN8472_c3_g1_i1::g.27925::m.27925	52.958	355	155	7	50	400	1	347	1.59e-120	353
Gefiokel	CP@TRINITY_DN8472_c3_g1::CP@TRINITY_DN8472_c3_g1_i1::g.27925::m.27925	50.432	347	167	4	51	392	1	347	2.93e-117	345
Nutolong	CP@TRINITY_DN8472_c3_g1::CP@TRINITY_DN8472_c3_g1_i1::g.27925::m.27925	43.714	350	184	9	45	388	1	343	1.91e-76	240
Mnemleid	CP@TRINITY_DN8472_c3_g1::CP@TRINITY_DN8472_c3_g1_i1::g.27925::m.27925	52.000	350	162	4	53	399	1	347	4.50e-114	337
Branflor	CP@TRINITY_DN8472_c3_g1::CP@TRINITY_DN8472_c3_g1_i1::g.27925::m.27925	57.143	357	143	6	26	379	1	350	4.12e-140	402
Aplycali	CP@TRINITY_DN8472_c3_g1::CP@TRINITY_DN8472_c3_g1_i1::g.27925::m.27925	55.524	353	150	6	52	400	1	350	2.27e-133	386
Gallgall	CP@TRINITY_DN8472_c3_g1::CP@TRINITY_DN8472_c3_g1_i1::g.27925::m.27925	57.224	353	141	6	47	392	1	350	2.24e-132	383
Schimans	CP@TRINITY_DN8472_c3_g1::CP@TRINITY_DN8472_c3_g1_i1::g.27925::m.27925	40.476	336	178	10	33	363	28	346	4.15e-70	223
Tricadha	CP@TRINITY_DN8472_c3_g1::CP@TRINITY_DN8472_c3_g1_i1::g.27925::m.27925	51.136	352	167	4	81	429	1	350	5.49e-121	355
Amphquee	CP@TRINITY_DN8472_c3_g1::CP@TRINITY_DN8472_c3_g1_i1::g.27925::m.27925	50.712	351	162	7	63	406	1	347	4.09e-111	330
Fontalba	CP@TRINITY_DN8472_c3_g1::CP@TRINITY_DN8472_c3_g1_i1::g.27925::m.27925	48.209	363	168	10	63	421	1	347	4.35e-100	302
Rhizdele	CP@TRINITY_DN8472_c3_g1::CP@TRINITY_DN8472_c3_g1_i1::g.27925::m.27925	46.414	237	88	2	10	207	1	237	2.80e-63	200
Spizpunc	CP@TRINITY_DN8472_c3_g1::CP@TRINITY_DN8472_c3_g1_i1::g.27925::m.27925	50.000	348	169	4	70	413	1	347	8.33e-116	342
Allomacr	CP@TRINITY_DN8472_c3_g1::CP@TRINITY_DN8472_c3_g1_i1::g.27925::m.27925	51.567	351	161	5	53	398	1	347	1.12e-117	346
