Protlace	CP@TRINITY_DN7521_c0_g2::CP@TRINITY_DN7521_c0_g2_i1::g.24061::m.24061	44.751	181	89	5	2	174	71	248	1.29e-45	150
Protfung	CP@TRINITY_DN7521_c0_g2::CP@TRINITY_DN7521_c0_g2_i1::g.24061::m.24061	44.490	245	131	5	226	467	7	249	5.05e-66	213
Physpoly	CP@TRINITY_DN7521_c0_g2::CP@TRINITY_DN7521_c0_g2_i1::g.24061::m.24061	46.502	243	124	4	227	463	7	249	6.69e-65	210
Homosapi	CP@TRINITY_DN7521_c0_g2::CP@TRINITY_DN7521_c0_g2_i1::g.24061::m.24061	48.361	244	124	2	232	474	7	249	1.00e-76	241
Capsowcz	CP@TRINITY_DN7521_c0_g2::CP@TRINITY_DN7521_c0_g2_i1::g.24061::m.24061	49.180	244	121	3	422	663	7	249	8.24e-75	241
Syssmult	CP@TRINITY_DN7521_c0_g2::CP@TRINITY_DN7521_c0_g2_i1::g.24061::m.24061	46.122	245	128	4	235	476	7	250	7.36e-63	205
Creofrag	CP@TRINITY_DN7521_c0_g2::CP@TRINITY_DN7521_c0_g2_i1::g.24061::m.24061	46.473	241	121	6	295	529	7	245	2.60e-59	197
Sphadest	CP@TRINITY_DN7521_c0_g2::CP@TRINITY_DN7521_c0_g2_i1::g.24061::m.24061	46.429	252	125	5	288	538	6	248	2.38e-65	213
Coralima	CP@TRINITY_DN7521_c0_g2::CP@TRINITY_DN7521_c0_g2_i1::g.24061::m.24061	45.020	251	130	4	246	494	6	250	9.27e-62	202
Galdphle	CP@TRINITY_DN7521_c0_g2::CP@TRINITY_DN7521_c0_g2_i1::g.24061::m.24061	44.292	219	118	4	260	475	36	253	6.30e-53	179
Gracchor	CP@TRINITY_DN7521_c0_g2::CP@TRINITY_DN7521_c0_g2_i1::g.24061::m.24061	39.044	251	144	4	231	478	6	250	2.14e-55	185
Porppurp	CP@TRINITY_DN7521_c0_g2::CP@TRINITY_DN7521_c0_g2_i1::g.24061::m.24061	41.569	255	135	6	252	504	10	252	3.77e-54	183
Thectrah	CP@TRINITY_DN7521_c0_g2::CP@TRINITY_DN7521_c0_g2_i1::g.24061::m.24061	41.048	229	129	5	261	486	25	250	1.47e-50	174
Naeggrub	CP@TRINITY_DN7521_c0_g2::CP@TRINITY_DN7521_c0_g2_i1::g.24061::m.24061	41.176	255	131	8	233	481	7	248	1.16e-51	176
Styginca	CP@TRINITY_DN7521_c0_g2::CP@TRINITY_DN7521_c0_g2_i1::g.24061::m.24061	39.313	262	133	5	369	625	9	249	7.38e-50	174
Goniavon	CP@TRINITY_DN7521_c0_g2::CP@TRINITY_DN7521_c0_g2_i1::g.24061::m.24061	44.939	247	127	5	244	485	7	249	2.77e-61	201
Sacccere	CP@TRINITY_DN7521_c0_g2::CP@TRINITY_DN7521_c0_g2_i1::g.24061::m.24061	44.907	216	114	2	278	490	35	248	9.39e-57	189
Monobrev	CP@TRINITY_DN7521_c0_g2::CP@TRINITY_DN7521_c0_g2_i1::g.24061::m.24061	39.841	251	136	7	228	475	11	249	1.35e-46	162
TeloneP2	CP@TRINITY_DN7521_c0_g2::CP@TRINITY_DN7521_c0_g2_i1::g.24061::m.24061	39.592	245	143	4	234	475	7	249	4.42e-51	174
Hemirufe	CP@TRINITY_DN7521_c0_g2::CP@TRINITY_DN7521_c0_g2_i1::g.24061::m.24061	44.215	242	130	5	327	565	9	248	4.30e-59	197
Guilthet	CP@TRINITY_DN7521_c0_g2::CP@TRINITY_DN7521_c0_g2_i1::g.24061::m.24061	41.564	243	135	6	172	410	9	248	1.09e-56	187
Parvatla	CP@TRINITY_DN7521_c0_g2::CP@TRINITY_DN7521_c0_g2_i1::g.24061::m.24061	48.770	244	122	3	44	284	6	249	9.55e-75	229
Parvatla	CP@TRINITY_DN7521_c0_g2::CP@TRINITY_DN7521_c0_g2_i3::g.24063::m.24063	51.429	140	67	1	44	182	6	145	7.47e-44	146
Rozeallo	CP@TRINITY_DN7521_c0_g2::CP@TRINITY_DN7521_c0_g2_i1::g.24061::m.24061	41.176	238	132	4	290	522	11	245	3.26e-54	186
Rozeallo	CP@TRINITY_DN483_c0_g1::CP@TRINITY_DN483_c0_g1_i1::g.74337::m.74337	68.696	115	34	1	526	638	2	116	3.35e-48	166
Rozeallo	CP@TRINITY_DN1603_c0_g1::CP@TRINITY_DN1603_c0_g1_i1::g.42634::m.42634	64.407	118	42	0	526	643	2	119	1.11e-47	164
Stencoer	CP@TRINITY_DN7521_c0_g2::CP@TRINITY_DN7521_c0_g2_i1::g.24061::m.24061	38.367	245	129	7	43	269	9	249	4.95e-49	162
Platmacr	CP@TRINITY_DN7521_c0_g2::CP@TRINITY_DN7521_c0_g2_i1::g.24061::m.24061	35.270	241	152	4	190	428	10	248	7.98e-45	156
Tetrther	CP@TRINITY_DN7521_c0_g2::CP@TRINITY_DN7521_c0_g2_i1::g.24061::m.24061	40.756	238	138	3	406	640	11	248	1.54e-58	197
Ichtmult	CP@TRINITY_DN7521_c0_g2::CP@TRINITY_DN7521_c0_g2_i1::g.24061::m.24061	38.983	236	142	2	155	388	11	246	2.84e-53	177
Calclept	CP@TRINITY_DN7521_c0_g2::CP@TRINITY_DN7521_c0_g2_i1::g.24061::m.24061	43.725	247	131	5	280	523	7	248	5.60e-60	199
Phaeglob	CP@TRINITY_DN7521_c0_g2::CP@TRINITY_DN7521_c0_g2_i1::g.24061::m.24061	47.154	246	114	7	306	543	11	248	2.33e-65	213
Aurisoli	CP@TRINITY_DN7521_c0_g2::CP@TRINITY_DN7521_c0_g2_i1::g.24061::m.24061	43.673	245	131	4	256	496	7	248	1.91e-62	204
ChrysoH1	CP@TRINITY_DN7521_c0_g2::CP@TRINITY_DN7521_c0_g2_i1::g.24061::m.24061	45.413	218	115	3	228	443	36	251	7.60e-54	180
Noctscin	CP@TRINITY_DN7521_c0_g2::CP@TRINITY_DN7521_c0_g2_i1::g.24061::m.24061	45.082	244	126	5	228	465	9	250	1.56e-63	206
MAST004C	CP@TRINITY_DN7521_c0_g2::CP@TRINITY_DN7521_c0_g2_i1::g.24061::m.24061	42.972	249	119	5	195	425	6	249	1.73e-56	187
MAST04A2	CP@TRINITY_DN7521_c0_g2::CP@TRINITY_DN7521_c0_g2_i1::g.24061::m.24061	42.742	248	130	5	269	509	7	249	9.13e-59	195
BicoCB20	CP@TRINITY_DN7521_c0_g2::CP@TRINITY_DN7521_c0_g2_i1::g.24061::m.24061	47.573	206	102	4	315	517	36	238	1.07e-54	184
Thalpseu	CP@TRINITY_DN7521_c0_g2::CP@TRINITY_DN7521_c0_g2_i1::g.24061::m.24061	38.298	282	133	9	253	532	6	248	1.19e-42	153
EctocSP7	CP@TRINITY_DN7521_c0_g2::CP@TRINITY_DN7521_c0_g2_i1::g.24061::m.24061	50.000	244	113	7	261	500	7	245	1.01e-62	205
Phytpara	CP@TRINITY_DN7521_c0_g2::CP@TRINITY_DN7521_c0_g2_i1::g.24061::m.24061	42.972	249	132	7	269	513	7	249	1.08e-56	189
Tetrasti	CP@TRINITY_DN7521_c0_g2::CP@TRINITY_DN7521_c0_g2_i1::g.24061::m.24061	45.082	244	124	5	72	309	9	248	4.32e-62	197
Chlovari	CP@TRINITY_DN7521_c0_g2::CP@TRINITY_DN7521_c0_g2_i1::g.24061::m.24061	40.984	244	138	3	93	332	7	248	8.67e-60	192
Chlarein	CP@TRINITY_DN7521_c0_g2::CP@TRINITY_DN7521_c0_g2_i1::g.24061::m.24061	47.577	227	107	5	290	513	33	250	1.38e-63	207
Raphhete	CP@TRINITY_DN7521_c0_g2::CP@TRINITY_DN7521_c0_g2_i1::g.24061::m.24061	41.803	244	139	3	269	510	7	249	7.89e-58	192
AcanthFB	CP@TRINITY_DN7521_c0_g2::CP@TRINITY_DN7521_c0_g2_i1::g.24061::m.24061	42.857	245	138	2	21	264	6	249	4.17e-67	209
ChoanoFB	CP@TRINITY_DN7521_c0_g2::CP@TRINITY_DN7521_c0_g2_i1::g.24061::m.24061	45.492	244	128	4	247	486	9	251	1.05e-63	207
Rainerin	CP@TRINITY_DN7521_c0_g2::CP@TRINITY_DN7521_c0_g2_i1::g.24061::m.24061	40.167	239	138	3	250	483	10	248	3.99e-55	185
Pyrapark	CP@TRINITY_DN7521_c0_g2::CP@TRINITY_DN7521_c0_g2_i1::g.24061::m.24061	46.531	245	125	3	301	541	7	249	2.34e-68	221
Nephpyri	CP@TRINITY_DN7521_c0_g2::CP@TRINITY_DN7521_c0_g2_i1::g.24061::m.24061	47.347	245	122	4	294	533	6	248	5.95e-69	222
Paulchro	CP@TRINITY_DN7521_c0_g2::CP@TRINITY_DN7521_c0_g2_i1::g.24061::m.24061	40.562	249	136	7	283	526	9	250	1.63e-51	176
Lapoguse	CP@TRINITY_DN7521_c0_g2::CP@TRINITY_DN7521_c0_g2_i1::g.24061::m.24061	45.082	244	130	4	243	483	7	249	2.90e-64	209
Arabthal	CP@TRINITY_DN7521_c0_g2::CP@TRINITY_DN7521_c0_g2_i1::g.24061::m.24061	48.583	247	116	5	300	539	7	249	1.67e-75	239
Arabthal	CP@TRINITY_DN7521_c0_g2::CP@TRINITY_DN7521_c0_g2_i3::g.24063::m.24063	48.921	139	67	1	300	434	7	145	7.42e-42	147
Mesoviri	CP@TRINITY_DN7521_c0_g2::CP@TRINITY_DN7521_c0_g2_i1::g.24061::m.24061	46.531	245	128	2	337	580	7	249	2.45e-67	219
Leptvora	CP@TRINITY_DN7521_c0_g2::CP@TRINITY_DN7521_c0_g2_i1::g.24061::m.24061	42.000	250	138	6	256	504	6	249	1.07e-57	192
Plasbras	CP@TRINITY_DN7521_c0_g2::CP@TRINITY_DN7521_c0_g2_i1::g.24061::m.24061	39.431	246	135	7	221	462	10	245	1.72e-49	169
Dictdisc	CP@TRINITY_DN7521_c0_g2::CP@TRINITY_DN7521_c0_g2_i1::g.24061::m.24061	45.679	243	124	6	232	472	9	245	3.04e-62	203
Prascaps	CP@TRINITY_DN7521_c0_g2::CP@TRINITY_DN7521_c0_g2_i1::g.24061::m.24061	41.897	253	130	5	293	539	7	248	3.74e-60	199
Acancast	CP@TRINITY_DN7521_c0_g2::CP@TRINITY_DN7521_c0_g2_i1::g.24061::m.24061	45.082	244	120	5	208	438	6	248	1.04e-62	203
Rhodsali	CP@TRINITY_DN7521_c0_g2::CP@TRINITY_DN7521_c0_g2_i1::g.24061::m.24061	41.633	245	138	5	243	484	6	248	2.66e-53	181
Bafffrig	CP@TRINITY_DN7521_c0_g2::CP@TRINITY_DN7521_c0_g2_i1::g.24061::m.24061	40.574	244	136	6	308	546	9	248	8.06e-53	180
Oryzsati	CP@TRINITY_DN7521_c0_g2::CP@TRINITY_DN7521_c0_g2_i1::g.24061::m.24061	47.012	251	126	3	293	538	2	250	2.45e-72	231
Oryzsati	CP@TRINITY_DN7521_c0_g2::CP@TRINITY_DN7521_c0_g2_i3::g.24063::m.24063	51.389	144	66	1	293	432	2	145	1.98e-44	154
Physpate	CP@TRINITY_DN7521_c0_g2::CP@TRINITY_DN7521_c0_g2_i1::g.24061::m.24061	48.963	241	120	3	356	593	9	249	2.12e-76	243
Physpate	CP@TRINITY_DN7521_c0_g2::CP@TRINITY_DN7521_c0_g2_i3::g.24063::m.24063	50.365	137	67	1	356	491	9	145	8.58e-43	150
Volvcart	CP@TRINITY_DN7521_c0_g2::CP@TRINITY_DN7521_c0_g2_i1::g.24061::m.24061	44.177	249	130	4	282	529	10	250	1.26e-61	203
Picosali	CP@TRINITY_DN7521_c0_g2::CP@TRINITY_DN7521_c0_g2_i1::g.24061::m.24061	46.531	245	125	4	239	478	7	250	1.01e-67	218
Micrpusl	CP@TRINITY_DN7521_c0_g2::CP@TRINITY_DN7521_c0_g2_i1::g.24061::m.24061	44.400	250	129	4	236	483	7	248	4.71e-63	206
Ostrtaur	CP@TRINITY_DN7521_c0_g2::CP@TRINITY_DN7521_c0_g2_i1::g.24061::m.24061	45.679	243	124	5	235	469	7	249	4.62e-64	207
Brevmoto	CP@TRINITY_DN7521_c0_g2::CP@TRINITY_DN7521_c0_g2_i1::g.24061::m.24061	39.442	251	146	5	148	395	6	253	1.16e-54	181
Alexminu	CP@TRINITY_DN7521_c0_g2::CP@TRINITY_DN7521_c0_g2_i1::g.24061::m.24061	50.226	221	103	4	6	221	32	250	1.23e-68	211
MatazaD1	CP@TRINITY_DN7521_c0_g2::CP@TRINITY_DN7521_c0_g2_i1::g.24061::m.24061	45.122	246	130	5	261	503	7	250	3.39e-62	204
Aplakerg	CP@TRINITY_DN7521_c0_g2::CP@TRINITY_DN7521_c0_g2_i1::g.24061::m.24061	47.177	248	126	3	243	488	6	250	3.29e-73	232
Aplakerg	CP@TRINITY_DN7521_c0_g2::CP@TRINITY_DN7521_c0_g2_i3::g.24063::m.24063	48.951	143	70	1	243	385	6	145	1.18e-42	148
Schiaggr	CP@TRINITY_DN7521_c0_g2::CP@TRINITY_DN7521_c0_g2_i1::g.24061::m.24061	47.581	248	119	7	234	475	7	249	2.78e-67	216
Auralima	CP@TRINITY_DN7521_c0_g2::CP@TRINITY_DN7521_c0_g2_i1::g.24061::m.24061	47.036	253	125	6	275	524	6	252	1.33e-66	216
ThraLLF1	CP@TRINITY_DN7521_c0_g2::CP@TRINITY_DN7521_c0_g2_i1::g.24061::m.24061	46.988	249	118	7	198	440	9	249	1.20e-66	213
Albulaib	CP@TRINITY_DN7521_c0_g2::CP@TRINITY_DN7521_c0_g2_i1::g.24061::m.24061	42.105	247	121	5	268	497	9	250	2.33e-53	181
Pythirre	CP@TRINITY_DN7521_c0_g2::CP@TRINITY_DN7521_c0_g2_i1::g.24061::m.24061	46.154	247	121	6	276	516	9	249	1.20e-59	197
Saprdecl	CP@TRINITY_DN7521_c0_g2::CP@TRINITY_DN7521_c0_g2_i1::g.24061::m.24061	45.528	246	129	5	260	502	6	249	3.14e-60	199
PlacCLAB	CP@TRINITY_DN7521_c0_g2::CP@TRINITY_DN7521_c0_g2_i1::g.24061::m.24061	45.817	251	131	4	219	467	7	254	2.05e-71	227
PlacCLAB	CP@TRINITY_DN7521_c0_g2::CP@TRINITY_DN7521_c0_g2_i3::g.24063::m.24063	49.296	142	69	2	219	360	7	145	4.13e-43	149
Wobbluna	CP@TRINITY_DN7521_c0_g2::CP@TRINITY_DN7521_c0_g2_i1::g.24061::m.24061	44.490	245	129	5	235	475	9	250	3.26e-58	192
Deveeleg	CP@TRINITY_DN7521_c0_g2::CP@TRINITY_DN7521_c0_g2_i1::g.24061::m.24061	43.952	248	131	4	246	491	7	248	1.91e-56	188
Heteakas	CP@TRINITY_DN7521_c0_g2::CP@TRINITY_DN7521_c0_g2_i1::g.24061::m.24061	44.898	245	127	6	294	535	9	248	4.49e-58	194
Chatsubs	CP@TRINITY_DN7521_c0_g2::CP@TRINITY_DN7521_c0_g2_i1::g.24061::m.24061	45.161	248	129	6	290	534	6	249	5.75e-59	196
Fibrjapo	CP@TRINITY_DN7521_c0_g2::CP@TRINITY_DN7521_c0_g2_i1::g.24061::m.24061	41.767	249	136	6	105	351	7	248	1.04e-52	175
Phaetric	CP@TRINITY_DN7521_c0_g2::CP@TRINITY_DN7521_c0_g2_i1::g.24061::m.24061	40.613	261	134	7	306	566	9	248	8.08e-52	178
Fragcyli	CP@TRINITY_DN7521_c0_g2::CP@TRINITY_DN7521_c0_g2_i1::g.24061::m.24061	42.857	259	129	6	224	482	9	248	8.12e-52	176
Rhiz1243	CP@TRINITY_DN7521_c0_g2::CP@TRINITY_DN7521_c0_g2_i1::g.24061::m.24061	44.726	237	108	7	315	548	33	249	1.27e-52	180
Octaspec	CP@TRINITY_DN7521_c0_g2::CP@TRINITY_DN7521_c0_g2_i1::g.24061::m.24061	44.882	254	123	5	276	524	7	248	9.02e-62	203
Fucucera	CP@TRINITY_DN7521_c0_g2::CP@TRINITY_DN7521_c0_g2_i1::g.24061::m.24061	47.791	249	121	6	299	544	7	249	4.87e-60	199
Agarclat	CP@TRINITY_DN7521_c0_g2::CP@TRINITY_DN7521_c0_g2_i1::g.24061::m.24061	51.485	202	92	5	296	494	7	205	3.89e-54	182
Mallmari	CP@TRINITY_DN7521_c0_g2::CP@TRINITY_DN7521_c0_g2_i1::g.24061::m.24061	41.629	221	119	5	133	348	36	251	3.49e-47	160
Dino2267	CP@TRINITY_DN7521_c0_g2::CP@TRINITY_DN7521_c0_g2_i1::g.24061::m.24061	39.516	248	129	7	124	370	12	239	1.85e-49	167
Pedoelon	CP@TRINITY_DN7521_c0_g2::CP@TRINITY_DN7521_c0_g2_i1::g.24061::m.24061	40.426	235	114	7	330	560	36	248	4.92e-44	157
PoterBG1	CP@TRINITY_DN7521_c0_g2::CP@TRINITY_DN7521_c0_g2_i1::g.24061::m.24061	43.439	221	116	5	275	492	36	250	1.55e-45	160
Caferoen	CP@TRINITY_DN7521_c0_g2::CP@TRINITY_DN7521_c0_g2_i1::g.24061::m.24061	40.711	253	119	5	471	721	26	249	1.27e-50	177
Cantmars	CP@TRINITY_DN7521_c0_g2::CP@TRINITY_DN7521_c0_g2_i1::g.24061::m.24061	46.914	243	124	3	215	452	7	249	8.08e-70	222
Aureanop	CP@TRINITY_DN7521_c0_g2::CP@TRINITY_DN7521_c0_g2_i1::g.24061::m.24061	48.661	224	103	6	280	500	35	249	2.01e-58	194
Pelasubv	CP@TRINITY_DN7521_c0_g2::CP@TRINITY_DN7521_c0_g2_i1::g.24061::m.24061	46.988	249	124	7	353	599	7	249	1.17e-58	197
Pelacalc	CP@TRINITY_DN7521_c0_g2::CP@TRINITY_DN7521_c0_g2_i1::g.24061::m.24061	46.500	200	98	6	353	547	32	227	1.36e-49	172
Pela2097	CP@TRINITY_DN7521_c0_g2::CP@TRINITY_DN7521_c0_g2_i1::g.24061::m.24061	45.783	249	125	5	262	508	11	251	1.18e-62	205
Aurelagu	CP@TRINITY_DN7521_c0_g2::CP@TRINITY_DN7521_c0_g2_i1::g.24061::m.24061	46.185	249	126	6	264	510	7	249	2.34e-62	204
Chryfrag	CP@TRINITY_DN7521_c0_g2::CP@TRINITY_DN7521_c0_g2_i1::g.24061::m.24061	46.914	243	122	6	275	512	9	249	9.07e-64	210
Tisolute	CP@TRINITY_DN7521_c0_g2::CP@TRINITY_DN7521_c0_g2_i1::g.24061::m.24061	41.393	244	135	5	269	509	6	244	5.25e-55	186
Prymparv	CP@TRINITY_DN7521_c0_g2::CP@TRINITY_DN7521_c0_g2_i1::g.24061::m.24061	44.980	249	125	6	36	278	6	248	3.55e-68	212
Chryrota	CP@TRINITY_DN7521_c0_g2::CP@TRINITY_DN7521_c0_g2_i1::g.24061::m.24061	47.511	221	101	6	303	515	35	248	5.11e-57	193
Ancytwis	CP@TRINITY_DN7521_c0_g2::CP@TRINITY_DN7521_c0_g2_i1::g.24061::m.24061	47.716	197	98	3	2	195	55	249	2.53e-56	178
Idiovort	CP@TRINITY_DN7521_c0_g2::CP@TRINITY_DN7521_c0_g2_i1::g.24061::m.24061	51.429	245	115	4	241	482	6	249	3.06e-77	242
Idiovort	CP@TRINITY_DN7521_c0_g2::CP@TRINITY_DN7521_c0_g2_i3::g.24063::m.24063	53.191	141	64	2	241	380	6	145	7.27e-44	151
Rhodemar	CP@TRINITY_DN7521_c0_g2::CP@TRINITY_DN7521_c0_g2_i1::g.24061::m.24061	43.952	248	129	5	233	476	7	248	1.67e-63	206
Rhodlimn	CP@TRINITY_DN7521_c0_g2::CP@TRINITY_DN7521_c0_g2_i1::g.24061::m.24061	46.774	248	124	5	233	477	7	249	1.02e-66	215
Cyanmero	CP@TRINITY_DN7521_c0_g2::CP@TRINITY_DN7521_c0_g2_i1::g.24061::m.24061	36.486	296	134	4	283	578	7	248	3.62e-57	192
Galdsulp	CP@TRINITY_DN7521_c0_g2::CP@TRINITY_DN7521_c0_g2_i1::g.24061::m.24061	41.870	246	133	7	204	446	10	248	3.81e-55	184
Compcoer	CP@TRINITY_DN7521_c0_g2::CP@TRINITY_DN7521_c0_g2_i1::g.24061::m.24061	42.688	253	132	6	451	701	7	248	8.31e-55	188
Rhodmacu	CP@TRINITY_DN7521_c0_g2::CP@TRINITY_DN7521_c0_g2_i1::g.24061::m.24061	45.374	227	122	2	100	325	24	249	2.24e-64	204
Gratturu	CP@TRINITY_DN7521_c0_g2::CP@TRINITY_DN7521_c0_g2_i1::g.24061::m.24061	43.868	212	116	3	256	464	38	249	1.43e-53	180
Choncris	CP@TRINITY_DN7521_c0_g2::CP@TRINITY_DN7521_c0_g2_i1::g.24061::m.24061	43.952	248	132	5	270	514	7	250	1.40e-62	205
Cerakond	CP@TRINITY_DN7521_c0_g2::CP@TRINITY_DN7521_c0_g2_i1::g.24061::m.24061	41.176	255	136	2	213	466	7	248	1.55e-59	196
Vannfimi	CP@TRINITY_DN7521_c0_g2::CP@TRINITY_DN7521_c0_g2_i1::g.24061::m.24061	39.442	251	142	5	118	364	6	250	7.37e-57	186
Diplambu	CP@TRINITY_DN7521_c0_g2::CP@TRINITY_DN7521_c0_g2_i1::g.24061::m.24061	39.095	243	143	4	241	479	7	248	6.00e-51	174
Flecnera	CP@TRINITY_DN7521_c0_g2::CP@TRINITY_DN7521_c0_g2_i1::g.24061::m.24061	39.669	242	139	6	237	473	10	249	2.13e-49	169
Cyanpara	CP@TRINITY_DN7521_c0_g2::CP@TRINITY_DN7521_c0_g2_i1::g.24061::m.24061	42.273	220	120	5	259	476	34	248	3.53e-54	182
Gloewitr	CP@TRINITY_DN7521_c0_g2::CP@TRINITY_DN7521_c0_g2_i1::g.24061::m.24061	44.130	247	129	5	209	449	6	249	1.43e-60	198
Palpbili	CP@TRINITY_DN7521_c0_g2::CP@TRINITY_DN7521_c0_g2_i1::g.24061::m.24061	41.667	240	137	3	251	488	10	248	2.61e-58	193
Lenilimo	CP@TRINITY_DN7521_c0_g2::CP@TRINITY_DN7521_c0_g2_i1::g.24061::m.24061	38.258	264	137	6	213	473	9	249	5.42e-49	168
Gefiokel	CP@TRINITY_DN7521_c0_g2::CP@TRINITY_DN7521_c0_g2_i1::g.24061::m.24061	38.934	244	139	6	178	414	10	250	1.06e-50	171
Minivibr	CP@TRINITY_DN7521_c0_g2::CP@TRINITY_DN7521_c0_g2_i1::g.24061::m.24061	42.105	247	137	5	191	435	7	249	1.18e-55	185
Mnemleid	CP@TRINITY_DN7521_c0_g2::CP@TRINITY_DN7521_c0_g2_i1::g.24061::m.24061	34.800	250	156	4	228	476	7	250	9.62e-47	162
Mantplas	CP@TRINITY_DN7521_c0_g2::CP@TRINITY_DN7521_c0_g2_i1::g.24061::m.24061	45.306	245	125	6	247	487	9	248	2.00e-59	196
Amoepara	CP@TRINITY_DN7521_c0_g2::CP@TRINITY_DN7521_c0_g2_i1::g.24061::m.24061	45.528	246	127	5	230	469	6	250	5.87e-66	213
Sphaarct	CP@TRINITY_DN7521_c0_g2::CP@TRINITY_DN7521_c0_g2_i1::g.24061::m.24061	45.041	242	125	6	150	385	6	245	2.75e-56	185
Squajapo	CP@TRINITY_DN7521_c0_g2::CP@TRINITY_DN7521_c0_g2_i1::g.24061::m.24061	44.554	202	107	4	189	387	6	205	7.85e-50	169
Armalang	CP@TRINITY_DN7521_c0_g2::CP@TRINITY_DN7521_c0_g2_i1::g.24061::m.24061	39.095	243	142	4	221	461	9	247	1.46e-50	172
HeterBB2	CP@TRINITY_DN7521_c0_g2::CP@TRINITY_DN7521_c0_g2_i1::g.24061::m.24061	42.927	205	108	6	270	468	9	210	1.96e-45	159
Pharkirb	CP@TRINITY_DN7521_c0_g2::CP@TRINITY_DN7521_c0_g2_i1::g.24061::m.24061	41.975	243	136	5	266	504	7	248	5.67e-60	198
Echiexud	CP@TRINITY_DN7521_c0_g2::CP@TRINITY_DN7521_c0_g2_i1::g.24061::m.24061	40.586	239	140	2	229	465	7	245	5.33e-53	179
MicrA134	CP@TRINITY_DN7521_c0_g2::CP@TRINITY_DN7521_c0_g2_i1::g.24061::m.24061	45.833	168	89	2	1	166	20	187	2.71e-47	154
Vermverm	CP@TRINITY_DN7521_c0_g2::CP@TRINITY_DN7521_c0_g2_i1::g.24061::m.24061	42.857	259	121	9	226	475	9	249	7.59e-55	184
NolaAFSM	CP@TRINITY_DN7521_c0_g2::CP@TRINITY_DN7521_c0_g2_i1::g.24061::m.24061	43.902	246	132	6	218	460	7	249	2.56e-60	197
Flabcita	CP@TRINITY_DN7521_c0_g2::CP@TRINITY_DN7521_c0_g2_i1::g.24061::m.24061	45.228	241	129	3	214	451	9	249	3.99e-61	199
Coprprot	CP@TRINITY_DN7521_c0_g2::CP@TRINITY_DN7521_c0_g2_i1::g.24061::m.24061	43.621	243	133	4	232	471	6	247	5.76e-62	202
Amoeprot	CP@TRINITY_DN7521_c0_g2::CP@TRINITY_DN7521_c0_g2_i1::g.24061::m.24061	40.637	251	131	5	214	454	6	248	4.94e-50	171
Rhizsaxo	CP@TRINITY_DN7521_c0_g2::CP@TRINITY_DN7521_c0_g2_i1::g.24061::m.24061	44.262	244	130	3	234	471	7	250	1.69e-61	201
Arcevulg	CP@TRINITY_DN7521_c0_g2::CP@TRINITY_DN7521_c0_g2_i1::g.24061::m.24061	45.902	244	129	3	216	457	7	249	1.63e-67	216
Diphrota	CP@TRINITY_DN7521_c0_g2::CP@TRINITY_DN7521_c0_g2_i1::g.24061::m.24061	43.443	244	133	5	280	519	7	249	1.13e-60	200
Veximinu	CP@TRINITY_DN7521_c0_g2::CP@TRINITY_DN7521_c0_g2_i1::g.24061::m.24061	45.868	242	125	4	205	443	7	245	9.82e-64	206
Nutolong	CP@TRINITY_DN7521_c0_g2::CP@TRINITY_DN7521_c0_g2_i1::g.24061::m.24061	44.082	245	131	5	245	487	9	249	1.53e-60	199
Caeneleg	CP@TRINITY_DN7521_c0_g2::CP@TRINITY_DN7521_c0_g2_i1::g.24061::m.24061	41.129	248	143	3	243	488	4	250	5.32e-56	187
Cochminu	CP@TRINITY_DN7521_c0_g2::CP@TRINITY_DN7521_c0_g2_i1::g.24061::m.24061	45.082	244	130	4	287	527	9	251	1.10e-64	211
Stensten	CP@TRINITY_DN7521_c0_g2::CP@TRINITY_DN7521_c0_g2_i1::g.24061::m.24061	47.521	242	126	1	220	460	7	248	1.04e-73	232
Stensten	CP@TRINITY_DN7521_c0_g2::CP@TRINITY_DN7521_c0_g2_i3::g.24063::m.24063	48.921	139	71	0	220	358	7	145	4.00e-42	146
Luaphula	CP@TRINITY_DN7521_c0_g2::CP@TRINITY_DN7521_c0_g2_i1::g.24061::m.24061	42.793	222	118	5	264	483	7	221	2.87e-53	180
Dracjorm	CP@TRINITY_DN7521_c0_g2::CP@TRINITY_DN7521_c0_g2_i1::g.24061::m.24061	43.388	242	127	6	222	458	3	239	3.70e-55	184
Paralevi	CP@TRINITY_DN7521_c0_g2::CP@TRINITY_DN7521_c0_g2_i1::g.24061::m.24061	43.725	247	131	5	66	308	6	248	1.21e-61	196
Pellcata	CP@TRINITY_DN7521_c0_g2::CP@TRINITY_DN7521_c0_g2_i1::g.24061::m.24061	44.809	183	95	4	2	179	67	248	3.58e-45	149
Endozona	CP@TRINITY_DN7521_c0_g2::CP@TRINITY_DN7521_c0_g2_i1::g.24061::m.24061	43.307	254	132	6	235	485	6	250	1.04e-62	204
Hetepall	CP@TRINITY_DN7521_c0_g2::CP@TRINITY_DN7521_c0_g2_i1::g.24061::m.24061	40.083	242	126	6	232	457	3	241	2.63e-52	177
Filanola	CP@TRINITY_DN7521_c0_g2::CP@TRINITY_DN7521_c0_g2_i1::g.24061::m.24061	44.309	246	121	7	240	476	7	245	1.59e-62	204
Soliirre	CP@TRINITY_DN7521_c0_g2::CP@TRINITY_DN7521_c0_g2_i1::g.24061::m.24061	48.980	245	117	5	243	482	7	248	8.38e-75	236
Soliirre	CP@TRINITY_DN7521_c0_g2::CP@TRINITY_DN7521_c0_g2_i3::g.24063::m.24063	52.857	140	64	2	243	381	7	145	1.57e-42	147
Cavoapop	CP@TRINITY_DN7521_c0_g2::CP@TRINITY_DN7521_c0_g2_i1::g.24061::m.24061	48.347	242	123	2	235	475	9	249	1.97e-72	229
Cavoapop	CP@TRINITY_DN7521_c0_g2::CP@TRINITY_DN7521_c0_g2_i3::g.24063::m.24063	50.725	138	67	1	235	372	9	145	1.33e-41	145
Schivulg	CP@TRINITY_DN7521_c0_g2::CP@TRINITY_DN7521_c0_g2_i1::g.24061::m.24061	47.154	246	127	3	237	481	6	249	1.91e-72	230
Schivulg	CP@TRINITY_DN7521_c0_g2::CP@TRINITY_DN7521_c0_g2_i3::g.24063::m.24063	50.704	142	68	2	237	378	6	145	1.17e-41	145
Phalsoli	CP@TRINITY_DN7521_c0_g2::CP@TRINITY_DN7521_c0_g2_i1::g.24061::m.24061	46.939	245	118	7	263	499	9	249	3.10e-64	209
Tricadha	CP@TRINITY_DN7521_c0_g2::CP@TRINITY_DN7521_c0_g2_i1::g.24061::m.24061	46.250	240	124	4	235	471	5	242	2.08e-66	215
Apismell	CP@TRINITY_DN7521_c0_g2::CP@TRINITY_DN7521_c0_g2_i1::g.24061::m.24061	52.590	251	117	1	234	484	1	249	2.78e-88	277
Apismell	CP@TRINITY_DN28597_c0_g1::CP@TRINITY_DN28597_c0_g1_i1::g.10686::m.10686	52.402	229	108	1	490	718	1	228	3.44e-71	232
Apismell	CP@TRINITY_DN7521_c0_g4::CP@TRINITY_DN7521_c0_g4_i1::g.24065::m.24065	52.222	180	79	3	25	204	1	173	4.88e-61	202
Apismell	CP@TRINITY_DN7521_c0_g2::CP@TRINITY_DN7521_c0_g2_i3::g.24063::m.24063	53.103	145	68	0	234	378	1	145	3.66e-47	164
Drosmela	CP@TRINITY_DN7521_c0_g2::CP@TRINITY_DN7521_c0_g2_i1::g.24061::m.24061	56.917	253	106	2	233	484	1	251	7.67e-97	293
Drosmela	CP@TRINITY_DN7521_c0_g4::CP@TRINITY_DN7521_c0_g4_i1::g.24065::m.24065	50.289	173	83	1	34	203	1	173	5.30e-53	176
Drosmela	CP@TRINITY_DN7521_c0_g2::CP@TRINITY_DN7521_c0_g2_i3::g.24063::m.24063	53.793	145	67	0	233	377	1	145	3.96e-50	168
Gallgall	CP@TRINITY_DN7521_c0_g2::CP@TRINITY_DN7521_c0_g2_i1::g.24061::m.24061	47.951	244	125	2	232	474	7	249	5.15e-74	233
Aplycali	CP@TRINITY_DN7521_c0_g2::CP@TRINITY_DN7521_c0_g2_i1::g.24061::m.24061	47.755	245	128	0	241	485	5	249	1.49e-75	238
Branflor	CP@TRINITY_DN7521_c0_g2::CP@TRINITY_DN7521_c0_g2_i1::g.24061::m.24061	52.245	245	117	0	248	492	5	249	9.54e-88	270
Branflor	CP@TRINITY_DN7521_c0_g2::CP@TRINITY_DN7521_c0_g2_i3::g.24063::m.24063	54.610	141	64	0	248	388	5	145	8.66e-46	156
Spizpunc	CP@TRINITY_DN7521_c0_g2::CP@TRINITY_DN7521_c0_g2_i1::g.24061::m.24061	49.796	245	120	3	251	493	6	249	5.17e-75	237
Spizpunc	CP@TRINITY_DN7521_c0_g2::CP@TRINITY_DN7521_c0_g2_i3::g.24063::m.24063	48.936	141	71	1	251	391	6	145	1.26e-41	145
Schizpom	CP@TRINITY_DN7521_c0_g2::CP@TRINITY_DN7521_c0_g2_i1::g.24061::m.24061	43.836	219	116	5	284	498	35	250	4.31e-52	177
Neurcras	CP@TRINITY_DN7521_c0_g2::CP@TRINITY_DN7521_c0_g2_i1::g.24061::m.24061	43.043	230	113	7	328	554	35	249	2.62e-45	160
Aspefumi	CP@TRINITY_DN7521_c0_g2::CP@TRINITY_DN7521_c0_g2_i1::g.24061::m.24061	40.889	225	117	7	296	515	35	248	2.14e-44	157
Debahans	CP@TRINITY_DN7521_c0_g2::CP@TRINITY_DN7521_c0_g2_i1::g.24061::m.24061	44.309	246	126	7	247	489	11	248	8.12e-58	192
Coprcine	CP@TRINITY_DN7521_c0_g2::CP@TRINITY_DN7521_c0_g2_i1::g.24061::m.24061	36.000	275	142	8	261	533	7	249	1.78e-42	152
Ustimayd	CP@TRINITY_DN7521_c0_g2::CP@TRINITY_DN7521_c0_g2_i1::g.24061::m.24061	40.794	277	130	7	266	542	7	249	2.02e-57	192
Blasbrit	CP@TRINITY_DN7521_c0_g2::CP@TRINITY_DN7521_c0_g2_i1::g.24061::m.24061	47.951	244	118	6	260	500	11	248	5.28e-70	224
Allomacr	CP@TRINITY_DN7521_c0_g2::CP@TRINITY_DN7521_c0_g2_i1::g.24061::m.24061	47.773	247	117	7	257	498	9	248	1.94e-66	214
Pavl2436	CP@TRINITY_DN7521_c0_g2::CP@TRINITY_DN7521_c0_g2_i1::g.24061::m.24061	44.800	250	128	4	300	547	7	248	5.99e-58	194
Diacluth	CP@TRINITY_DN7521_c0_g2::CP@TRINITY_DN7521_c0_g2_i1::g.24061::m.24061	41.393	244	112	4	2	243	29	243	1.91e-57	188
Chrycart	CP@TRINITY_DN7521_c0_g2::CP@TRINITY_DN7521_c0_g2_i1::g.24061::m.24061	42.213	244	128	7	282	515	8	248	1.68e-52	179
MAST004E	CP@TRINITY_DN7521_c0_g2::CP@TRINITY_DN7521_c0_g2_i1::g.24061::m.24061	45.041	242	111	4	216	435	9	250	7.06e-62	201
Batrdend	CP@TRINITY_DN7521_c0_g2::CP@TRINITY_DN7521_c0_g2_i1::g.24061::m.24061	49.327	223	111	2	229	449	26	248	1.66e-67	216
