Blasemer	CP@TRINITY_DN2143_c0_g1::CP@TRINITY_DN2143_c0_g1_i1::g.53156::m.53156	56.944	216	82	2	1	214	1070	1276	4.74e-73	240
Blasemer	CP@TRINITY_DN2143_c0_g1::CP@TRINITY_DN2143_c0_g1_i12::g.53168::m.53168	56.944	216	82	2	1	214	993	1199	4.93e-73	239
Blasemer	CP@TRINITY_DN2143_c0_g1::CP@TRINITY_DN2143_c0_g1_i11::g.53162::m.53162	56.944	216	82	2	1	214	993	1199	4.93e-73	239
Protlace	CP@TRINITY_DN2143_c0_g1::CP@TRINITY_DN2143_c0_g1_i12::g.53168::m.53168	49.759	623	289	10	29	646	601	1204	0.0	594
Protlace	CP@TRINITY_DN2143_c0_g1::CP@TRINITY_DN2143_c0_g1_i11::g.53162::m.53162	49.759	623	289	10	29	646	601	1204	0.0	594
Protlace	CP@TRINITY_DN2143_c0_g1::CP@TRINITY_DN2143_c0_g1_i1::g.53156::m.53156	49.599	623	290	10	29	646	678	1281	0.0	594
Galdphle	CP@TRINITY_DN2143_c0_g1::CP@TRINITY_DN2143_c0_g1_i12::g.53168::m.53168	62.687	402	146	1	605	1002	581	982	2.82e-166	530
Galdphle	CP@TRINITY_DN2143_c0_g1::CP@TRINITY_DN2143_c0_g1_i11::g.53162::m.53162	62.687	402	146	1	605	1002	581	982	2.82e-166	530
Galdphle	CP@TRINITY_DN2143_c0_g1::CP@TRINITY_DN2143_c0_g1_i1::g.53156::m.53156	62.687	402	146	1	605	1002	658	1059	2.09e-165	530
Gracchor	CP@TRINITY_DN2143_c0_g1::CP@TRINITY_DN2143_c0_g1_i12::g.53168::m.53168	54.972	724	293	10	462	1159	488	1204	0.0	752
Gracchor	CP@TRINITY_DN2143_c0_g1::CP@TRINITY_DN2143_c0_g1_i11::g.53162::m.53162	54.972	724	293	10	462	1159	488	1204	0.0	752
Gracchor	CP@TRINITY_DN2143_c0_g1::CP@TRINITY_DN2143_c0_g1_i1::g.53156::m.53156	48.724	901	414	14	298	1159	390	1281	0.0	752
Porppurp	CP@TRINITY_DN2143_c0_g1::CP@TRINITY_DN2143_c0_g1_i1::g.53156::m.53156	54.773	639	271	7	847	1477	654	1282	0.0	707
Porppurp	CP@TRINITY_DN2143_c0_g1::CP@TRINITY_DN2143_c0_g1_i12::g.53168::m.53168	54.773	639	271	7	847	1477	577	1205	0.0	706
Porppurp	CP@TRINITY_DN2143_c0_g1::CP@TRINITY_DN2143_c0_g1_i11::g.53162::m.53162	54.773	639	271	7	847	1477	577	1205	0.0	706
Charbrau	CP@TRINITY_DN2143_c0_g1::CP@TRINITY_DN2143_c0_g1_i12::g.53168::m.53168	56.290	469	196	5	1	464	741	1205	5.99e-177	528
Charbrau	CP@TRINITY_DN2143_c0_g1::CP@TRINITY_DN2143_c0_g1_i11::g.53162::m.53162	56.290	469	196	5	1	464	741	1205	5.99e-177	528
Charbrau	CP@TRINITY_DN2143_c0_g1::CP@TRINITY_DN2143_c0_g1_i1::g.53156::m.53156	56.290	469	196	5	1	464	818	1282	2.36e-176	528
Arabthal	CP@TRINITY_DN2143_c0_g1::CP@TRINITY_DN2143_c0_g1_i12::g.53168::m.53168	57.256	634	258	5	672	1294	574	1205	0.0	751
Arabthal	CP@TRINITY_DN2143_c0_g1::CP@TRINITY_DN2143_c0_g1_i11::g.53162::m.53162	57.256	634	258	5	672	1294	574	1205	0.0	751
Arabthal	CP@TRINITY_DN2143_c0_g1::CP@TRINITY_DN2143_c0_g1_i1::g.53156::m.53156	57.256	634	258	5	672	1294	651	1282	0.0	751
Prassing	CP@TRINITY_DN2143_c0_g1::CP@TRINITY_DN2143_c0_g1_i12::g.53168::m.53168	56.013	632	255	8	494	1106	579	1206	0.0	726
Prassing	CP@TRINITY_DN2143_c0_g1::CP@TRINITY_DN2143_c0_g1_i11::g.53162::m.53162	56.013	632	255	8	494	1106	579	1206	0.0	726
Prassing	CP@TRINITY_DN2143_c0_g1::CP@TRINITY_DN2143_c0_g1_i1::g.53156::m.53156	56.200	621	258	7	496	1106	667	1283	0.0	725
Prascaps	CP@TRINITY_DN2143_c0_g1::CP@TRINITY_DN2143_c0_g1_i1::g.53156::m.53156	60.413	629	237	6	987	1607	659	1283	0.0	801
Prascaps	CP@TRINITY_DN2143_c0_g1::CP@TRINITY_DN2143_c0_g1_i12::g.53168::m.53168	60.413	629	237	6	987	1607	582	1206	0.0	800
Prascaps	CP@TRINITY_DN2143_c0_g1::CP@TRINITY_DN2143_c0_g1_i11::g.53162::m.53162	60.413	629	237	6	987	1607	582	1206	0.0	800
Tetrasti	CP@TRINITY_DN2143_c0_g1::CP@TRINITY_DN2143_c0_g1_i12::g.53168::m.53168	58.085	637	248	7	459	1090	582	1204	0.0	758
Tetrasti	CP@TRINITY_DN2143_c0_g1::CP@TRINITY_DN2143_c0_g1_i11::g.53162::m.53162	58.085	637	248	7	459	1090	582	1204	0.0	758
Tetrasti	CP@TRINITY_DN2143_c0_g1::CP@TRINITY_DN2143_c0_g1_i1::g.53156::m.53156	58.085	637	248	7	459	1090	659	1281	0.0	758
Chlarein	CP@TRINITY_DN2143_c0_g1::CP@TRINITY_DN2143_c0_g1_i12::g.53168::m.53168	52.866	628	265	7	1049	1650	582	1204	0.0	682
Chlarein	CP@TRINITY_DN2143_c0_g1::CP@TRINITY_DN2143_c0_g1_i11::g.53162::m.53162	52.866	628	265	7	1049	1650	582	1204	0.0	682
Dunasali	CP@TRINITY_DN2143_c0_g1::CP@TRINITY_DN2143_c0_g1_i1::g.53156::m.53156	53.918	638	274	7	165	795	659	1283	0.0	697
Dunasali	CP@TRINITY_DN2143_c0_g1::CP@TRINITY_DN2143_c0_g1_i12::g.53168::m.53168	53.323	647	282	7	156	795	573	1206	0.0	697
Dunasali	CP@TRINITY_DN2143_c0_g1::CP@TRINITY_DN2143_c0_g1_i11::g.53162::m.53162	53.323	647	282	7	156	795	573	1206	0.0	697
Chlovari	CP@TRINITY_DN2143_c0_g1::CP@TRINITY_DN2143_c0_g1_i1::g.53156::m.53156	55.627	622	253	5	19	620	663	1281	0.0	707
Chlovari	CP@TRINITY_DN2143_c0_g1::CP@TRINITY_DN2143_c0_g1_i12::g.53168::m.53168	55.627	622	253	5	19	620	586	1204	0.0	707
Chlovari	CP@TRINITY_DN2143_c0_g1::CP@TRINITY_DN2143_c0_g1_i11::g.53162::m.53162	55.627	622	253	5	19	620	586	1204	0.0	707
Pyrapark	CP@TRINITY_DN2143_c0_g1::CP@TRINITY_DN2143_c0_g1_i1::g.53156::m.53156	55.591	635	266	8	120	745	654	1281	0.0	720
Pyrapark	CP@TRINITY_DN2143_c0_g1::CP@TRINITY_DN2143_c0_g1_i12::g.53168::m.53168	55.591	635	266	8	120	745	577	1204	0.0	719
Pyrapark	CP@TRINITY_DN2143_c0_g1::CP@TRINITY_DN2143_c0_g1_i11::g.53162::m.53162	55.591	635	266	8	120	745	577	1204	0.0	719
Nephpyri	CP@TRINITY_DN2143_c0_g1::CP@TRINITY_DN2143_c0_g1_i12::g.53168::m.53168	56.006	641	266	7	34	669	577	1206	0.0	725
Nephpyri	CP@TRINITY_DN2143_c0_g1::CP@TRINITY_DN2143_c0_g1_i11::g.53162::m.53162	56.006	641	266	7	34	669	577	1206	0.0	725
Nephpyri	CP@TRINITY_DN2143_c0_g1::CP@TRINITY_DN2143_c0_g1_i1::g.53156::m.53156	56.025	639	265	7	34	667	654	1281	0.0	725
Mesoviri	CP@TRINITY_DN2143_c0_g1::CP@TRINITY_DN2143_c0_g1_i12::g.53168::m.53168	60.287	418	157	5	1	413	793	1206	1.69e-165	496
Mesoviri	CP@TRINITY_DN2143_c0_g1::CP@TRINITY_DN2143_c0_g1_i11::g.53162::m.53162	60.287	418	157	5	1	413	793	1206	1.69e-165	496
Mesoviri	CP@TRINITY_DN2143_c0_g1::CP@TRINITY_DN2143_c0_g1_i1::g.53156::m.53156	60.287	418	157	5	1	413	870	1283	6.75e-165	496
Protfung	CP@TRINITY_DN2143_c0_g1::CP@TRINITY_DN2143_c0_g1_i12::g.53168::m.53168	56.579	608	236	10	312	896	602	1204	0.0	655
Protfung	CP@TRINITY_DN2143_c0_g1::CP@TRINITY_DN2143_c0_g1_i11::g.53162::m.53162	56.579	608	236	10	312	896	602	1204	0.0	655
Protfung	CP@TRINITY_DN2143_c0_g1::CP@TRINITY_DN2143_c0_g1_i1::g.53156::m.53156	56.579	608	236	10	312	896	679	1281	0.0	655
Naeggrub	CP@TRINITY_DN2143_c0_g1::CP@TRINITY_DN2143_c0_g1_i1::g.53156::m.53156	57.404	601	244	5	139	728	682	1281	0.0	680
Naeggrub	CP@TRINITY_DN2143_c0_g1::CP@TRINITY_DN2143_c0_g1_i12::g.53168::m.53168	57.404	601	244	5	139	728	605	1204	0.0	679
Naeggrub	CP@TRINITY_DN2143_c0_g1::CP@TRINITY_DN2143_c0_g1_i11::g.53162::m.53162	57.404	601	244	5	139	728	605	1204	0.0	679
Styginca	CP@TRINITY_DN2143_c0_g1::CP@TRINITY_DN2143_c0_g1_i12::g.53168::m.53168	53.897	603	264	6	493	1084	603	1202	0.0	647
Styginca	CP@TRINITY_DN2143_c0_g1::CP@TRINITY_DN2143_c0_g1_i11::g.53162::m.53162	53.897	603	264	6	493	1084	603	1202	0.0	647
Styginca	CP@TRINITY_DN2143_c0_g1::CP@TRINITY_DN2143_c0_g1_i1::g.53156::m.53156	53.897	603	264	6	493	1084	680	1279	0.0	647
Lapoguse	CP@TRINITY_DN2143_c0_g1::CP@TRINITY_DN2143_c0_g1_i1::g.53156::m.53156	56.572	601	254	4	230	824	682	1281	0.0	712
Lapoguse	CP@TRINITY_DN2143_c0_g1::CP@TRINITY_DN2143_c0_g1_i12::g.53168::m.53168	56.572	601	254	4	230	824	605	1204	0.0	711
Lapoguse	CP@TRINITY_DN2143_c0_g1::CP@TRINITY_DN2143_c0_g1_i11::g.53162::m.53162	56.572	601	254	4	230	824	605	1204	0.0	711
Bigenata	CP@TRINITY_DN2143_c0_g1::CP@TRINITY_DN2143_c0_g1_i12::g.53168::m.53168	57.475	602	249	5	14	610	605	1204	0.0	682
Bigenata	CP@TRINITY_DN2143_c0_g1::CP@TRINITY_DN2143_c0_g1_i11::g.53162::m.53162	57.475	602	249	5	14	610	605	1204	0.0	682
Bigenata	CP@TRINITY_DN2143_c0_g1::CP@TRINITY_DN2143_c0_g1_i1::g.53156::m.53156	57.475	602	249	5	14	610	682	1281	0.0	681
Gymn2014	CP@TRINITY_DN2143_c0_g1::CP@TRINITY_DN2143_c0_g1_i12::g.53168::m.53168	50.479	731	320	10	576	1271	481	1204	0.0	703
Gymn2014	CP@TRINITY_DN2143_c0_g1::CP@TRINITY_DN2143_c0_g1_i11::g.53162::m.53162	50.479	731	320	10	576	1271	481	1204	0.0	703
Paulchro	CP@TRINITY_DN2143_c0_g1::CP@TRINITY_DN2143_c0_g1_i12::g.53168::m.53168	56.977	602	253	3	784	1379	605	1206	0.0	702
Paulchro	CP@TRINITY_DN2143_c0_g1::CP@TRINITY_DN2143_c0_g1_i11::g.53162::m.53162	56.977	602	253	3	784	1379	605	1206	0.0	702
Paulchro	CP@TRINITY_DN2143_c0_g1::CP@TRINITY_DN2143_c0_g1_i1::g.53156::m.53156	56.977	602	253	3	784	1379	682	1283	0.0	702
Aurisoli	CP@TRINITY_DN2143_c0_g1::CP@TRINITY_DN2143_c0_g1_i12::g.53168::m.53168	62.454	269	101	0	1	269	704	972	1.11e-113	353
Aurisoli	CP@TRINITY_DN2143_c0_g1::CP@TRINITY_DN2143_c0_g1_i11::g.53162::m.53162	62.454	269	101	0	1	269	704	972	1.11e-113	353
Aurisoli	CP@TRINITY_DN2143_c0_g1::CP@TRINITY_DN2143_c0_g1_i1::g.53156::m.53156	62.454	269	101	0	1	269	781	1049	1.86e-113	354
Plasbras	CP@TRINITY_DN2143_c0_g1::CP@TRINITY_DN2143_c0_g1_i12::g.53168::m.53168	58.400	625	254	3	525	1143	580	1204	0.0	733
Plasbras	CP@TRINITY_DN2143_c0_g1::CP@TRINITY_DN2143_c0_g1_i11::g.53162::m.53162	58.400	625	254	3	525	1143	580	1204	0.0	733
Plasbras	CP@TRINITY_DN2143_c0_g1::CP@TRINITY_DN2143_c0_g1_i1::g.53156::m.53156	58.400	625	254	3	525	1143	657	1281	0.0	733
Calclept	CP@TRINITY_DN2143_c0_g1::CP@TRINITY_DN2143_c0_g1_i1::g.53156::m.53156	50.940	638	288	9	946	1574	660	1281	0.0	640
Gephhuxl	CP@TRINITY_DN2143_c0_g1::CP@TRINITY_DN2143_c0_g1_i12::g.53168::m.53168	44.778	632	275	13	1	603	598	1184	9.17e-155	476
Gephhuxl	CP@TRINITY_DN2143_c0_g1::CP@TRINITY_DN2143_c0_g1_i11::g.53162::m.53162	44.778	632	275	13	1	603	598	1184	9.17e-155	476
Gephhuxl	CP@TRINITY_DN2143_c0_g1::CP@TRINITY_DN2143_c0_g1_i1::g.53156::m.53156	44.778	632	275	13	1	603	675	1261	2.99e-154	476
Phaeglob	CP@TRINITY_DN2143_c0_g1::CP@TRINITY_DN2143_c0_g1_i1::g.53156::m.53156	49.461	649	289	11	64	702	662	1281	0.0	607
Phaeglob	CP@TRINITY_DN2143_c0_g1::CP@TRINITY_DN2143_c0_g1_i12::g.53168::m.53168	49.537	648	288	11	65	702	586	1204	0.0	606
Phaeglob	CP@TRINITY_DN2143_c0_g1::CP@TRINITY_DN2143_c0_g1_i11::g.53162::m.53162	49.537	648	288	11	65	702	586	1204	0.0	606
Nemavect	CP@TRINITY_DN2143_c0_g1::CP@TRINITY_DN2143_c0_g1_i12::g.53168::m.53168	55.867	392	167	3	3	388	813	1204	4.66e-134	412
Nemavect	CP@TRINITY_DN2143_c0_g1::CP@TRINITY_DN2143_c0_g1_i11::g.53162::m.53162	55.867	392	167	3	3	388	813	1204	4.66e-134	412
Nemavect	CP@TRINITY_DN2143_c0_g1::CP@TRINITY_DN2143_c0_g1_i1::g.53156::m.53156	55.867	392	167	3	3	388	890	1281	1.12e-133	413
Nemavect	CP@TRINITY_DN15437_c0_g1::CP@TRINITY_DN15437_c0_g1_i1::g.42245::m.42245	64.815	108	38	0	177	284	1	108	4.76e-48	159
Homosapi	CP@TRINITY_DN2143_c0_g1::CP@TRINITY_DN2143_c0_g1_i1::g.53156::m.53156	53.259	629	286	3	599	1219	653	1281	0.0	678
Homosapi	CP@TRINITY_DN15437_c0_g1::CP@TRINITY_DN15437_c0_g1_i1::g.42245::m.42245	66.667	108	36	0	1007	1114	1	108	1.38e-45	159
Monobrev	CP@TRINITY_DN2143_c0_g1::CP@TRINITY_DN2143_c0_g1_i1::g.53156::m.53156	49.917	601	274	6	30	603	681	1281	0.0	575
Monobrev	CP@TRINITY_DN2143_c0_g1::CP@TRINITY_DN2143_c0_g1_i12::g.53168::m.53168	49.917	601	274	6	30	603	604	1204	0.0	574
Monobrev	CP@TRINITY_DN2143_c0_g1::CP@TRINITY_DN2143_c0_g1_i11::g.53162::m.53162	49.917	601	274	6	30	603	604	1204	0.0	574
Syssmult	CP@TRINITY_DN2143_c0_g1::CP@TRINITY_DN2143_c0_g1_i1::g.53156::m.53156	57.833	600	243	4	1	591	683	1281	0.0	683
Syssmult	CP@TRINITY_DN2143_c0_g1::CP@TRINITY_DN2143_c0_g1_i12::g.53168::m.53168	57.833	600	243	4	1	591	606	1204	0.0	682
Syssmult	CP@TRINITY_DN2143_c0_g1::CP@TRINITY_DN2143_c0_g1_i11::g.53162::m.53162	57.833	600	243	4	1	591	606	1204	0.0	682
Syssmult	CP@TRINITY_DN15437_c0_g1::CP@TRINITY_DN15437_c0_g1_i1::g.42245::m.42245	63.551	107	39	0	380	486	2	108	1.00e-42	149
Pigoviet	CP@TRINITY_DN2143_c0_g1::CP@TRINITY_DN2143_c0_g1_i12::g.53168::m.53168	54.062	357	159	2	8	359	848	1204	5.48e-121	377
Pigoviet	CP@TRINITY_DN2143_c0_g1::CP@TRINITY_DN2143_c0_g1_i11::g.53162::m.53162	54.062	357	159	2	8	359	848	1204	5.48e-121	377
Pigoviet	CP@TRINITY_DN2143_c0_g1::CP@TRINITY_DN2143_c0_g1_i1::g.53156::m.53156	54.062	357	159	2	8	359	925	1281	1.48e-120	377
Pigoviet	CP@TRINITY_DN15437_c0_g1::CP@TRINITY_DN15437_c0_g1_i1::g.42245::m.42245	59.813	107	43	0	148	254	2	108	8.63e-42	142
Capsowcz	CP@TRINITY_DN2143_c0_g1::CP@TRINITY_DN2143_c0_g1_i1::g.53156::m.53156	55.363	634	272	5	822	1446	650	1281	0.0	718
Sphadest	CP@TRINITY_DN2143_c0_g1::CP@TRINITY_DN2143_c0_g1_i12::g.53168::m.53168	44.715	946	448	14	13	896	272	1204	0.0	721
Sphadest	CP@TRINITY_DN2143_c0_g1::CP@TRINITY_DN2143_c0_g1_i11::g.53162::m.53162	44.715	946	448	14	13	896	272	1204	0.0	721
Sphadest	CP@TRINITY_DN2143_c0_g1::CP@TRINITY_DN2143_c0_g1_i1::g.53156::m.53156	44.715	946	448	14	13	896	349	1281	0.0	721
Coralima	CP@TRINITY_DN2143_c0_g1::CP@TRINITY_DN2143_c0_g1_i1::g.53156::m.53156	42.409	988	434	21	169	1079	352	1281	0.0	659
Coralima	CP@TRINITY_DN2143_c0_g1::CP@TRINITY_DN2143_c0_g1_i12::g.53168::m.53168	42.409	988	434	21	169	1079	275	1204	0.0	659
Coralima	CP@TRINITY_DN2143_c0_g1::CP@TRINITY_DN2143_c0_g1_i11::g.53162::m.53162	42.409	988	434	21	169	1079	275	1204	0.0	659
ChrysoH2	CP@TRINITY_DN2143_c0_g1::CP@TRINITY_DN2143_c0_g1_i12::g.53168::m.53168	47.182	621	234	12	2	531	589	1206	1.55e-172	519
ChrysoH2	CP@TRINITY_DN2143_c0_g1::CP@TRINITY_DN2143_c0_g1_i11::g.53162::m.53162	47.182	621	234	12	2	531	589	1206	1.55e-172	519
ChrysoH2	CP@TRINITY_DN2143_c0_g1::CP@TRINITY_DN2143_c0_g1_i1::g.53156::m.53156	47.182	621	234	12	2	531	666	1283	6.64e-172	520
EctocSP7	CP@TRINITY_DN2143_c0_g1::CP@TRINITY_DN2143_c0_g1_i12::g.53168::m.53168	53.178	645	267	10	410	1035	576	1204	0.0	660
EctocSP7	CP@TRINITY_DN2143_c0_g1::CP@TRINITY_DN2143_c0_g1_i11::g.53162::m.53162	53.178	645	267	10	410	1035	576	1204	0.0	660
EctocSP7	CP@TRINITY_DN2143_c0_g1::CP@TRINITY_DN2143_c0_g1_i1::g.53156::m.53156	53.178	645	267	10	410	1035	653	1281	0.0	660
Thalpseu	CP@TRINITY_DN2143_c0_g1::CP@TRINITY_DN2143_c0_g1_i12::g.53168::m.53168	51.741	603	266	9	1	590	614	1204	0.0	585
Thalpseu	CP@TRINITY_DN2143_c0_g1::CP@TRINITY_DN2143_c0_g1_i11::g.53162::m.53162	51.741	603	266	9	1	590	614	1204	0.0	585
Thalpseu	CP@TRINITY_DN2143_c0_g1::CP@TRINITY_DN2143_c0_g1_i1::g.53156::m.53156	51.741	603	266	9	1	590	691	1281	0.0	585
Phytpara	CP@TRINITY_DN2143_c0_g1::CP@TRINITY_DN2143_c0_g1_i12::g.53168::m.53168	49.552	892	383	14	130	972	331	1204	0.0	776
Phytpara	CP@TRINITY_DN2143_c0_g1::CP@TRINITY_DN2143_c0_g1_i11::g.53162::m.53162	49.552	892	383	14	130	972	331	1204	0.0	776
Phytpara	CP@TRINITY_DN2143_c0_g1::CP@TRINITY_DN2143_c0_g1_i1::g.53156::m.53156	49.552	892	383	14	130	972	408	1281	0.0	776
BicoCB20	CP@TRINITY_DN2143_c0_g1::CP@TRINITY_DN2143_c0_g1_i1::g.53156::m.53156	54.448	652	262	6	40	686	662	1283	0.0	683
BicoCB20	CP@TRINITY_DN2143_c0_g1::CP@TRINITY_DN2143_c0_g1_i12::g.53168::m.53168	54.448	652	262	6	40	686	585	1206	0.0	683
BicoCB20	CP@TRINITY_DN2143_c0_g1::CP@TRINITY_DN2143_c0_g1_i11::g.53162::m.53162	54.448	652	262	6	40	686	585	1206	0.0	683
MAST04A2	CP@TRINITY_DN2143_c0_g1::CP@TRINITY_DN2143_c0_g1_i12::g.53168::m.53168	50.319	626	254	6	134	707	586	1206	0.0	610
MAST04A2	CP@TRINITY_DN2143_c0_g1::CP@TRINITY_DN2143_c0_g1_i11::g.53162::m.53162	50.319	626	254	6	134	707	586	1206	0.0	610
MAST04A2	CP@TRINITY_DN2143_c0_g1::CP@TRINITY_DN2143_c0_g1_i1::g.53156::m.53156	50.319	626	254	6	134	707	663	1283	0.0	609
MAST04A1	CP@TRINITY_DN2143_c0_g1::CP@TRINITY_DN2143_c0_g1_i12::g.53168::m.53168	50.801	624	221	7	259	799	586	1206	0.0	605
MAST04A1	CP@TRINITY_DN2143_c0_g1::CP@TRINITY_DN2143_c0_g1_i11::g.53162::m.53162	50.801	624	221	7	259	799	586	1206	0.0	605
MAST04A1	CP@TRINITY_DN2143_c0_g1::CP@TRINITY_DN2143_c0_g1_i1::g.53156::m.53156	50.801	624	221	7	259	799	663	1283	0.0	605
MAST004C	CP@TRINITY_DN2143_c0_g1::CP@TRINITY_DN2143_c0_g1_i12::g.53168::m.53168	45.367	626	217	10	272	777	586	1206	1.24e-165	510
MAST004C	CP@TRINITY_DN2143_c0_g1::CP@TRINITY_DN2143_c0_g1_i11::g.53162::m.53162	45.367	626	217	10	272	777	586	1206	1.24e-165	510
MAST004C	CP@TRINITY_DN2143_c0_g1::CP@TRINITY_DN2143_c0_g1_i1::g.53156::m.53156	45.367	626	217	10	272	777	663	1283	9.96e-165	510
MAST004E	CP@TRINITY_DN2143_c0_g1::CP@TRINITY_DN2143_c0_g1_i12::g.53168::m.53168	54.647	624	235	7	304	884	586	1204	0.0	661
MAST004E	CP@TRINITY_DN2143_c0_g1::CP@TRINITY_DN2143_c0_g1_i11::g.53162::m.53162	54.647	624	235	7	304	884	586	1204	0.0	661
MAST004E	CP@TRINITY_DN2143_c0_g1::CP@TRINITY_DN2143_c0_g1_i1::g.53156::m.53156	54.647	624	235	7	304	884	663	1281	0.0	661
Dictdisc	CP@TRINITY_DN2143_c0_g1::CP@TRINITY_DN2143_c0_g1_i12::g.53168::m.53168	48.992	645	302	6	413	1045	576	1205	0.0	611
Dictdisc	CP@TRINITY_DN2143_c0_g1::CP@TRINITY_DN2143_c0_g1_i11::g.53162::m.53162	48.992	645	302	6	413	1045	576	1205	0.0	611
Dictdisc	CP@TRINITY_DN2143_c0_g1::CP@TRINITY_DN2143_c0_g1_i1::g.53156::m.53156	48.992	645	302	6	413	1045	653	1282	0.0	610
Physpoly	CP@TRINITY_DN2143_c0_g1::CP@TRINITY_DN2143_c0_g1_i12::g.53168::m.53168	59.150	612	241	4	652	1254	595	1206	0.0	736
Physpoly	CP@TRINITY_DN2143_c0_g1::CP@TRINITY_DN2143_c0_g1_i11::g.53162::m.53162	59.150	612	241	4	652	1254	595	1206	0.0	736
Physpoly	CP@TRINITY_DN2143_c0_g1::CP@TRINITY_DN2143_c0_g1_i1::g.53156::m.53156	59.150	612	241	4	652	1254	672	1283	0.0	736
Ammo1384	CP@TRINITY_DN2143_c0_g1::CP@TRINITY_DN2143_c0_g1_i12::g.53168::m.53168	46.680	497	217	10	6	494	672	1128	4.19e-129	404
Ammo1384	CP@TRINITY_DN2143_c0_g1::CP@TRINITY_DN2143_c0_g1_i11::g.53162::m.53162	46.680	497	217	10	6	494	672	1128	4.19e-129	404
Ammo1384	CP@TRINITY_DN2143_c0_g1::CP@TRINITY_DN2143_c0_g1_i1::g.53156::m.53156	46.680	497	217	10	6	494	749	1205	1.36e-128	404
Retifilo	CP@TRINITY_DN2143_c0_g1::CP@TRINITY_DN2143_c0_g1_i12::g.53168::m.53168	43.510	678	318	14	364	1026	577	1204	6.12e-160	504
Retifilo	CP@TRINITY_DN2143_c0_g1::CP@TRINITY_DN2143_c0_g1_i11::g.53162::m.53162	43.510	678	318	14	364	1026	577	1204	6.12e-160	504
Retifilo	CP@TRINITY_DN2143_c0_g1::CP@TRINITY_DN2143_c0_g1_i1::g.53156::m.53156	43.510	678	318	14	364	1026	654	1281	8.23e-159	503
Sori0191	CP@TRINITY_DN2143_c0_g1::CP@TRINITY_DN2143_c0_g1_i12::g.53168::m.53168	53.550	338	140	7	23	359	672	993	1.37e-103	330
Sori0191	CP@TRINITY_DN2143_c0_g1::CP@TRINITY_DN2143_c0_g1_i11::g.53162::m.53162	53.550	338	140	7	23	359	672	993	1.37e-103	330
Sori0191	CP@TRINITY_DN2143_c0_g1::CP@TRINITY_DN2143_c0_g1_i1::g.53156::m.53156	53.550	338	140	7	23	359	749	1070	2.47e-103	330
Spirsalm	CP@TRINITY_DN2143_c0_g1::CP@TRINITY_DN2143_c0_g1_i12::g.53168::m.53168	41.693	638	333	14	207	825	588	1205	6.95e-154	481
Spirsalm	CP@TRINITY_DN2143_c0_g1::CP@TRINITY_DN2143_c0_g1_i11::g.53162::m.53162	41.693	638	333	14	207	825	588	1205	6.95e-154	481
Spirsalm	CP@TRINITY_DN2143_c0_g1::CP@TRINITY_DN2143_c0_g1_i1::g.53156::m.53156	41.693	638	333	14	207	825	665	1282	4.12e-153	481
Tricvagi	CP@TRINITY_DN2143_c0_g1::CP@TRINITY_DN2143_c0_g1_i12::g.53168::m.53168	44.234	633	328	7	64	680	581	1204	1.36e-169	517
Tricvagi	CP@TRINITY_DN2143_c0_g1::CP@TRINITY_DN2143_c0_g1_i11::g.53162::m.53162	44.234	633	328	7	64	680	581	1204	1.36e-169	517
Tricvagi	CP@TRINITY_DN2143_c0_g1::CP@TRINITY_DN2143_c0_g1_i1::g.53156::m.53156	44.234	633	328	7	64	680	658	1281	4.40e-169	518
Monoexil	CP@TRINITY_DN2143_c0_g1::CP@TRINITY_DN2143_c0_g1_i12::g.53168::m.53168	45.024	613	315	10	281	885	606	1204	2.18e-164	511
Monoexil	CP@TRINITY_DN2143_c0_g1::CP@TRINITY_DN2143_c0_g1_i11::g.53162::m.53162	45.024	613	315	10	281	885	606	1204	2.18e-164	511
Monoexil	CP@TRINITY_DN2143_c0_g1::CP@TRINITY_DN2143_c0_g1_i1::g.53156::m.53156	45.024	613	315	10	281	885	683	1281	3.45e-163	510
Paraconf	CP@TRINITY_DN2143_c0_g1::CP@TRINITY_DN2143_c0_g1_i12::g.53168::m.53168	49.117	623	302	8	217	824	582	1204	0.0	586
Paraconf	CP@TRINITY_DN2143_c0_g1::CP@TRINITY_DN2143_c0_g1_i11::g.53162::m.53162	49.117	623	302	8	217	824	582	1204	0.0	586
Paraconf	CP@TRINITY_DN2143_c0_g1::CP@TRINITY_DN2143_c0_g1_i1::g.53156::m.53156	49.117	623	302	8	217	824	659	1281	0.0	586
Leismajo	CP@TRINITY_DN2143_c0_g1::CP@TRINITY_DN2143_c0_g1_i12::g.53168::m.53168	49.051	632	303	10	199	813	575	1204	0.0	565
Leismajo	CP@TRINITY_DN2143_c0_g1::CP@TRINITY_DN2143_c0_g1_i11::g.53162::m.53162	49.051	632	303	10	199	813	575	1204	0.0	565
Leismajo	CP@TRINITY_DN2143_c0_g1::CP@TRINITY_DN2143_c0_g1_i1::g.53156::m.53156	49.051	632	303	10	199	813	652	1281	0.0	565
Leptpyrr	CP@TRINITY_DN2143_c0_g1::CP@TRINITY_DN2143_c0_g1_i12::g.53168::m.53168	48.903	638	300	10	208	827	575	1204	0.0	573
Leptpyrr	CP@TRINITY_DN2143_c0_g1::CP@TRINITY_DN2143_c0_g1_i11::g.53162::m.53162	48.903	638	300	10	208	827	575	1204	0.0	573
Leptpyrr	CP@TRINITY_DN2143_c0_g1::CP@TRINITY_DN2143_c0_g1_i1::g.53156::m.53156	48.903	638	300	10	208	827	652	1281	0.0	573
Plasfalc	CP@TRINITY_DN2143_c0_g1::CP@TRINITY_DN2143_c0_g1_i1::g.53156::m.53156	52.815	604	266	7	386	973	681	1281	0.0	636
Plasfalc	CP@TRINITY_DN2143_c0_g1::CP@TRINITY_DN2143_c0_g1_i12::g.53168::m.53168	52.815	604	266	7	386	973	604	1204	0.0	635
Plasfalc	CP@TRINITY_DN2143_c0_g1::CP@TRINITY_DN2143_c0_g1_i11::g.53162::m.53162	52.815	604	266	7	386	973	604	1204	0.0	635
Vitrbras	CP@TRINITY_DN2143_c0_g1::CP@TRINITY_DN2143_c0_g1_i12::g.53168::m.53168	57.973	602	237	6	750	1338	606	1204	0.0	711
Vitrbras	CP@TRINITY_DN2143_c0_g1::CP@TRINITY_DN2143_c0_g1_i11::g.53162::m.53162	57.973	602	237	6	750	1338	606	1204	0.0	711
Vitrbras	CP@TRINITY_DN2143_c0_g1::CP@TRINITY_DN2143_c0_g1_i1::g.53156::m.53156	57.973	602	237	6	750	1338	683	1281	0.0	710
Alphedax	CP@TRINITY_DN2143_c0_g1::CP@TRINITY_DN2143_c0_g1_i12::g.53168::m.53168	51.672	329	142	7	6	325	886	1206	4.51e-98	313
Alphedax	CP@TRINITY_DN2143_c0_g1::CP@TRINITY_DN2143_c0_g1_i11::g.53162::m.53162	51.672	329	142	7	6	325	886	1206	4.51e-98	313
Alphedax	CP@TRINITY_DN2143_c0_g1::CP@TRINITY_DN2143_c0_g1_i1::g.53156::m.53156	51.672	329	142	7	6	325	963	1283	1.09e-97	313
HemaVICK	CP@TRINITY_DN2143_c0_g1::CP@TRINITY_DN2143_c0_g1_i12::g.53168::m.53168	57.667	600	243	5	406	995	606	1204	0.0	686
HemaVICK	CP@TRINITY_DN2143_c0_g1::CP@TRINITY_DN2143_c0_g1_i11::g.53162::m.53162	57.667	600	243	5	406	995	606	1204	0.0	686
HemaVICK	CP@TRINITY_DN2143_c0_g1::CP@TRINITY_DN2143_c0_g1_i1::g.53156::m.53156	57.667	600	243	5	406	995	683	1281	0.0	686
Symbmicr	CP@TRINITY_DN2143_c0_g1::CP@TRINITY_DN2143_c0_g1_i12::g.53168::m.53168	45.137	658	296	13	609	1230	577	1205	3.04e-163	518
Symbmicr	CP@TRINITY_DN2143_c0_g1::CP@TRINITY_DN2143_c0_g1_i11::g.53162::m.53162	45.137	658	296	13	609	1230	577	1205	3.04e-163	518
Symbmicr	CP@TRINITY_DN2143_c0_g1::CP@TRINITY_DN2143_c0_g1_i1::g.53156::m.53156	46.326	626	274	12	641	1230	683	1282	1.62e-162	518
Colpangu	CP@TRINITY_DN2143_c0_g1::CP@TRINITY_DN2143_c0_g1_i12::g.53168::m.53168	54.201	607	252	9	289	878	607	1204	0.0	640
Colpangu	CP@TRINITY_DN2143_c0_g1::CP@TRINITY_DN2143_c0_g1_i11::g.53162::m.53162	54.201	607	252	9	289	878	607	1204	0.0	640
Colpangu	CP@TRINITY_DN2143_c0_g1::CP@TRINITY_DN2143_c0_g1_i1::g.53156::m.53156	54.201	607	252	9	289	878	684	1281	0.0	640
Oxyrmari	CP@TRINITY_DN2143_c0_g1::CP@TRINITY_DN2143_c0_g1_i12::g.53168::m.53168	50.247	607	287	7	410	1007	604	1204	0.0	572
Oxyrmari	CP@TRINITY_DN2143_c0_g1::CP@TRINITY_DN2143_c0_g1_i11::g.53162::m.53162	50.247	607	287	7	410	1007	604	1204	0.0	572
Oxyrmari	CP@TRINITY_DN2143_c0_g1::CP@TRINITY_DN2143_c0_g1_i1::g.53156::m.53156	50.247	607	287	7	410	1007	681	1281	0.0	572
Gregniph	CP@TRINITY_DN2143_c0_g1::CP@TRINITY_DN2143_c0_g1_i12::g.53168::m.53168	52.131	610	272	9	70	665	584	1187	0.0	589
Gregniph	CP@TRINITY_DN2143_c0_g1::CP@TRINITY_DN2143_c0_g1_i11::g.53162::m.53162	52.131	610	272	9	70	665	584	1187	0.0	589
Gregniph	CP@TRINITY_DN2143_c0_g1::CP@TRINITY_DN2143_c0_g1_i1::g.53156::m.53156	52.131	610	272	9	70	665	661	1264	0.0	589
Thectrah	CP@TRINITY_DN2143_c0_g1::CP@TRINITY_DN2143_c0_g1_i12::g.53168::m.53168	52.318	604	272	7	301	893	606	1204	0.0	628
Thectrah	CP@TRINITY_DN2143_c0_g1::CP@TRINITY_DN2143_c0_g1_i11::g.53162::m.53162	52.318	604	272	7	301	893	606	1204	0.0	628
Thectrah	CP@TRINITY_DN2143_c0_g1::CP@TRINITY_DN2143_c0_g1_i1::g.53156::m.53156	52.318	604	272	7	301	893	683	1281	0.0	628
Telosubt	CP@TRINITY_DN2143_c0_g1::CP@TRINITY_DN2143_c0_g1_i12::g.53168::m.53168	58.998	439	171	3	195	628	587	1021	3.23e-171	520
Telosubt	CP@TRINITY_DN2143_c0_g1::CP@TRINITY_DN2143_c0_g1_i11::g.53162::m.53162	58.998	439	171	3	195	628	587	1021	3.23e-171	520
Telosubt	CP@TRINITY_DN2143_c0_g1::CP@TRINITY_DN2143_c0_g1_i1::g.53156::m.53156	58.998	439	171	3	195	628	664	1098	1.27e-170	520
TeloneP2	CP@TRINITY_DN2143_c0_g1::CP@TRINITY_DN2143_c0_g1_i12::g.53168::m.53168	57.403	385	156	2	363	742	585	966	2.70e-144	453
TeloneP2	CP@TRINITY_DN2143_c0_g1::CP@TRINITY_DN2143_c0_g1_i11::g.53162::m.53162	57.403	385	156	2	363	742	585	966	2.70e-144	453
TeloneP2	CP@TRINITY_DN2143_c0_g1::CP@TRINITY_DN2143_c0_g1_i1::g.53156::m.53156	57.403	385	156	2	363	742	662	1043	1.20e-143	453
Stichzan	CP@TRINITY_DN2143_c0_g1::CP@TRINITY_DN2143_c0_g1_i12::g.53168::m.53168	40.000	275	149	5	56	322	937	1203	6.07e-51	181
Stichzan	CP@TRINITY_DN2143_c0_g1::CP@TRINITY_DN2143_c0_g1_i11::g.53162::m.53162	40.000	275	149	5	56	322	937	1203	6.07e-51	181
Stichzan	CP@TRINITY_DN2143_c0_g1::CP@TRINITY_DN2143_c0_g1_i1::g.53156::m.53156	40.000	275	149	5	56	322	1014	1280	7.85e-51	181
Stencoer	CP@TRINITY_DN2143_c0_g1::CP@TRINITY_DN2143_c0_g1_i12::g.53168::m.53168	55.207	605	256	7	231	825	605	1204	0.0	641
Stencoer	CP@TRINITY_DN2143_c0_g1::CP@TRINITY_DN2143_c0_g1_i11::g.53162::m.53162	55.207	605	256	7	231	825	605	1204	0.0	641
Stencoer	CP@TRINITY_DN2143_c0_g1::CP@TRINITY_DN2143_c0_g1_i1::g.53156::m.53156	55.207	605	256	7	231	825	682	1281	0.0	641
Paratetr	CP@TRINITY_DN2143_c0_g1::CP@TRINITY_DN2143_c0_g1_i12::g.53168::m.53168	48.773	611	287	8	370	965	605	1204	0.0	593
Paratetr	CP@TRINITY_DN2143_c0_g1::CP@TRINITY_DN2143_c0_g1_i11::g.53162::m.53162	48.773	611	287	8	370	965	605	1204	0.0	593
Paratetr	CP@TRINITY_DN2143_c0_g1::CP@TRINITY_DN2143_c0_g1_i1::g.53156::m.53156	48.773	611	287	8	370	965	682	1281	0.0	592
Tetrther	CP@TRINITY_DN2143_c0_g1::CP@TRINITY_DN2143_c0_g1_i12::g.53168::m.53168	49.442	627	291	11	927	1538	589	1204	0.0	583
Tetrther	CP@TRINITY_DN2143_c0_g1::CP@TRINITY_DN2143_c0_g1_i11::g.53162::m.53162	49.442	627	291	11	927	1538	589	1204	0.0	583
Platmacr	CP@TRINITY_DN2143_c0_g1::CP@TRINITY_DN2143_c0_g1_i12::g.53168::m.53168	53.630	427	187	5	1	423	690	1109	6.26e-142	435
Platmacr	CP@TRINITY_DN2143_c0_g1::CP@TRINITY_DN2143_c0_g1_i11::g.53162::m.53162	53.630	427	187	5	1	423	690	1109	6.26e-142	435
Platmacr	CP@TRINITY_DN2143_c0_g1::CP@TRINITY_DN2143_c0_g1_i1::g.53156::m.53156	53.630	427	187	5	1	423	767	1186	2.30e-141	435
Stroincl	CP@TRINITY_DN2143_c0_g1::CP@TRINITY_DN2143_c0_g1_i12::g.53168::m.53168	61.972	213	78	1	15	224	606	818	1.30e-86	278
Stroincl	CP@TRINITY_DN2143_c0_g1::CP@TRINITY_DN2143_c0_g1_i11::g.53162::m.53162	61.972	213	78	1	15	224	606	818	1.30e-86	278
Stroincl	CP@TRINITY_DN2143_c0_g1::CP@TRINITY_DN2143_c0_g1_i1::g.53156::m.53156	61.972	213	78	1	15	224	683	895	1.83e-86	278
Styllemn	CP@TRINITY_DN2143_c0_g1::CP@TRINITY_DN2143_c0_g1_i12::g.53168::m.53168	54.560	636	266	8	348	973	582	1204	0.0	665
Styllemn	CP@TRINITY_DN2143_c0_g1::CP@TRINITY_DN2143_c0_g1_i11::g.53162::m.53162	54.560	636	266	8	348	973	582	1204	0.0	665
Styllemn	CP@TRINITY_DN2143_c0_g1::CP@TRINITY_DN2143_c0_g1_i1::g.53156::m.53156	54.560	636	266	8	348	973	659	1281	0.0	665
Protadhe	CP@TRINITY_DN2143_c0_g1::CP@TRINITY_DN2143_c0_g1_i12::g.53168::m.53168	53.433	466	207	4	1	459	742	1204	1.47e-154	469
Protadhe	CP@TRINITY_DN2143_c0_g1::CP@TRINITY_DN2143_c0_g1_i11::g.53162::m.53162	53.433	466	207	4	1	459	742	1204	1.47e-154	469
Protadhe	CP@TRINITY_DN2143_c0_g1::CP@TRINITY_DN2143_c0_g1_i1::g.53156::m.53156	53.433	466	207	4	1	459	819	1281	1.35e-153	469
Goniavon	CP@TRINITY_DN2143_c0_g1::CP@TRINITY_DN2143_c0_g1_i1::g.53156::m.53156	58.176	636	260	2	343	975	649	1281	0.0	764
Goniavon	CP@TRINITY_DN2143_c0_g1::CP@TRINITY_DN2143_c0_g1_i12::g.53168::m.53168	58.176	636	260	2	343	975	572	1204	0.0	763
Goniavon	CP@TRINITY_DN2143_c0_g1::CP@TRINITY_DN2143_c0_g1_i11::g.53162::m.53162	58.176	636	260	2	343	975	572	1204	0.0	763
Gemicryo	CP@TRINITY_DN2143_c0_g1::CP@TRINITY_DN2143_c0_g1_i12::g.53168::m.53168	50.441	680	283	8	463	1137	572	1202	0.0	660
Gemicryo	CP@TRINITY_DN2143_c0_g1::CP@TRINITY_DN2143_c0_g1_i11::g.53162::m.53162	50.441	680	283	8	463	1137	572	1202	0.0	660
Gemicryo	CP@TRINITY_DN2143_c0_g1::CP@TRINITY_DN2143_c0_g1_i1::g.53156::m.53156	50.441	680	283	8	463	1137	649	1279	0.0	659
Guilthet	CP@TRINITY_DN2143_c0_g1::CP@TRINITY_DN2143_c0_g1_i12::g.53168::m.53168	50.912	658	293	7	379	1031	572	1204	0.0	663
Guilthet	CP@TRINITY_DN2143_c0_g1::CP@TRINITY_DN2143_c0_g1_i11::g.53162::m.53162	50.912	658	293	7	379	1031	572	1204	0.0	663
Guilthet	CP@TRINITY_DN2143_c0_g1::CP@TRINITY_DN2143_c0_g1_i1::g.53156::m.53156	50.912	658	293	7	379	1031	649	1281	0.0	663
Hemirufe	CP@TRINITY_DN2143_c0_g1::CP@TRINITY_DN2143_c0_g1_i12::g.53168::m.53168	50.293	682	285	8	229	905	572	1204	0.0	672
Hemirufe	CP@TRINITY_DN2143_c0_g1::CP@TRINITY_DN2143_c0_g1_i11::g.53162::m.53162	50.293	682	285	8	229	905	572	1204	0.0	672
Hemirufe	CP@TRINITY_DN2143_c0_g1::CP@TRINITY_DN2143_c0_g1_i1::g.53156::m.53156	50.293	682	285	8	229	905	649	1281	0.0	672
Raphhete	CP@TRINITY_DN2143_c0_g1::CP@TRINITY_DN2143_c0_g1_i12::g.53168::m.53168	51.247	722	317	11	294	989	492	1204	0.0	716
Raphhete	CP@TRINITY_DN2143_c0_g1::CP@TRINITY_DN2143_c0_g1_i11::g.53162::m.53162	51.247	722	317	11	294	989	492	1204	0.0	716
Raphhete	CP@TRINITY_DN2143_c0_g1::CP@TRINITY_DN2143_c0_g1_i1::g.53156::m.53156	51.247	722	317	11	294	989	569	1281	0.0	715
ChoanoFB	CP@TRINITY_DN2143_c0_g1::CP@TRINITY_DN2143_c0_g1_i12::g.53168::m.53168	54.843	733	292	7	295	996	480	1204	0.0	765
ChoanoFB	CP@TRINITY_DN2143_c0_g1::CP@TRINITY_DN2143_c0_g1_i11::g.53162::m.53162	54.843	733	292	7	295	996	480	1204	0.0	765
ChoanoFB	CP@TRINITY_DN2143_c0_g1::CP@TRINITY_DN2143_c0_g1_i1::g.53156::m.53156	54.843	733	292	7	295	996	557	1281	0.0	765
Rainerin	CP@TRINITY_DN2143_c0_g1::CP@TRINITY_DN2143_c0_g1_i12::g.53168::m.53168	60.561	606	225	6	53	651	606	1204	0.0	717
Rainerin	CP@TRINITY_DN2143_c0_g1::CP@TRINITY_DN2143_c0_g1_i11::g.53162::m.53162	60.561	606	225	6	53	651	606	1204	0.0	717
Rainerin	CP@TRINITY_DN2143_c0_g1::CP@TRINITY_DN2143_c0_g1_i1::g.53156::m.53156	60.561	606	225	6	53	651	683	1281	0.0	716
AcanthFB	CP@TRINITY_DN2143_c0_g1::CP@TRINITY_DN2143_c0_g1_i1::g.53156::m.53156	59.874	633	240	5	63	686	656	1283	0.0	742
AcanthFB	CP@TRINITY_DN2143_c0_g1::CP@TRINITY_DN2143_c0_g1_i12::g.53168::m.53168	59.874	633	240	5	63	686	579	1206	0.0	742
AcanthFB	CP@TRINITY_DN2143_c0_g1::CP@TRINITY_DN2143_c0_g1_i11::g.53162::m.53162	59.874	633	240	5	63	686	579	1206	0.0	742
Sacccere	CP@TRINITY_DN2143_c0_g1::CP@TRINITY_DN2143_c0_g1_i12::g.53168::m.53168	60.033	613	233	6	396	1002	599	1205	0.0	767
Sacccere	CP@TRINITY_DN2143_c0_g1::CP@TRINITY_DN2143_c0_g1_i11::g.53162::m.53162	60.033	613	233	6	396	1002	599	1205	0.0	767
Sacccere	CP@TRINITY_DN2143_c0_g1::CP@TRINITY_DN2143_c0_g1_i1::g.53156::m.53156	60.033	613	233	6	396	1002	676	1282	0.0	766
Mitodaph	CP@TRINITY_DN2143_c0_g1::CP@TRINITY_DN2143_c0_g1_i12::g.53168::m.53168	50.395	633	278	12	380	1008	605	1205	0.0	613
Mitodaph	CP@TRINITY_DN2143_c0_g1::CP@TRINITY_DN2143_c0_g1_i11::g.53162::m.53162	50.395	633	278	12	380	1008	605	1205	0.0	613
Mitodaph	CP@TRINITY_DN2143_c0_g1::CP@TRINITY_DN2143_c0_g1_i1::g.53156::m.53156	50.395	633	278	12	380	1008	682	1282	0.0	612
Batrdend	CP@TRINITY_DN2143_c0_g1::CP@TRINITY_DN2143_c0_g1_i12::g.53168::m.53168	68.105	533	167	2	9	538	673	1205	0.0	742
Batrdend	CP@TRINITY_DN2143_c0_g1::CP@TRINITY_DN2143_c0_g1_i11::g.53162::m.53162	68.105	533	167	2	9	538	673	1205	0.0	742
Batrdend	CP@TRINITY_DN2143_c0_g1::CP@TRINITY_DN2143_c0_g1_i1::g.53156::m.53156	68.105	533	167	2	9	538	750	1282	0.0	742
Parasacc	CP@TRINITY_DN2143_c0_g1::CP@TRINITY_DN2143_c0_g1_i12::g.53168::m.53168	67.388	601	186	3	212	802	605	1205	0.0	830
Parasacc	CP@TRINITY_DN2143_c0_g1::CP@TRINITY_DN2143_c0_g1_i11::g.53162::m.53162	67.388	601	186	3	212	802	605	1205	0.0	830
Parasacc	CP@TRINITY_DN2143_c0_g1::CP@TRINITY_DN2143_c0_g1_i1::g.53156::m.53156	67.388	601	186	3	212	802	682	1282	0.0	829
Rozeallo	CP@TRINITY_DN2143_c0_g1::CP@TRINITY_DN2143_c0_g1_i12::g.53168::m.53168	66.557	610	189	5	1259	1856	599	1205	0.0	845
Rozeallo	CP@TRINITY_DN2143_c0_g1::CP@TRINITY_DN2143_c0_g1_i11::g.53162::m.53162	66.557	610	189	5	1259	1856	599	1205	0.0	845
Rozeallo	CP@TRINITY_DN2143_c0_g1::CP@TRINITY_DN2143_c0_g1_i1::g.53156::m.53156	66.557	610	189	5	1259	1856	676	1282	0.0	844
Parvatla	CP@TRINITY_DN2143_c0_g1::CP@TRINITY_DN2143_c0_g1_i12::g.53168::m.53168	63.175	630	222	3	57	676	577	1206	0.0	810
Parvatla	CP@TRINITY_DN2143_c0_g1::CP@TRINITY_DN2143_c0_g1_i11::g.53162::m.53162	63.175	630	222	3	57	676	577	1206	0.0	810
Parvatla	CP@TRINITY_DN2143_c0_g1::CP@TRINITY_DN2143_c0_g1_i1::g.53156::m.53156	63.175	630	222	3	57	676	654	1283	0.0	810
Acancast	CP@TRINITY_DN2143_c0_g1::CP@TRINITY_DN2143_c0_g1_i12::g.53168::m.53168	57.605	618	234	8	569	1174	603	1204	0.0	704
Acancast	CP@TRINITY_DN2143_c0_g1::CP@TRINITY_DN2143_c0_g1_i11::g.53162::m.53162	57.605	618	234	8	569	1174	603	1204	0.0	704
Acancast	CP@TRINITY_DN2143_c0_g1::CP@TRINITY_DN2143_c0_g1_i1::g.53156::m.53156	57.605	618	234	8	569	1174	680	1281	0.0	703
Rhodemar	CP@TRINITY_DN2143_c0_g1::CP@TRINITY_DN2143_c0_g1_i1::g.53156::m.53156	55.944	715	269	10	286	956	569	1281	0.0	756
Rhodemar	CP@TRINITY_DN2143_c0_g1::CP@TRINITY_DN2143_c0_g1_i12::g.53168::m.53168	55.944	715	269	10	286	956	492	1204	0.0	756
Rhodemar	CP@TRINITY_DN2143_c0_g1::CP@TRINITY_DN2143_c0_g1_i11::g.53162::m.53162	55.944	715	269	10	286	956	492	1204	0.0	756
Rhodlimn	CP@TRINITY_DN2143_c0_g1::CP@TRINITY_DN2143_c0_g1_i12::g.53168::m.53168	59.718	638	229	8	369	987	576	1204	0.0	773
Rhodlimn	CP@TRINITY_DN2143_c0_g1::CP@TRINITY_DN2143_c0_g1_i11::g.53162::m.53162	59.718	638	229	8	369	987	576	1204	0.0	773
Rhodlimn	CP@TRINITY_DN2143_c0_g1::CP@TRINITY_DN2143_c0_g1_i1::g.53156::m.53156	59.718	638	229	8	369	987	653	1281	0.0	772
Deveeleg	CP@TRINITY_DN2143_c0_g1::CP@TRINITY_DN2143_c0_g1_i12::g.53168::m.53168	55.323	620	265	5	388	997	589	1206	0.0	699
Deveeleg	CP@TRINITY_DN2143_c0_g1::CP@TRINITY_DN2143_c0_g1_i11::g.53162::m.53162	55.323	620	265	5	388	997	589	1206	0.0	699
Deveeleg	CP@TRINITY_DN2143_c0_g1::CP@TRINITY_DN2143_c0_g1_i1::g.53156::m.53156	55.323	620	265	5	388	997	666	1283	0.0	699
Heteakas	CP@TRINITY_DN2143_c0_g1::CP@TRINITY_DN2143_c0_g1_i12::g.53168::m.53168	54.160	637	273	10	18	643	577	1205	0.0	670
Heteakas	CP@TRINITY_DN2143_c0_g1::CP@TRINITY_DN2143_c0_g1_i11::g.53162::m.53162	54.160	637	273	10	18	643	577	1205	0.0	670
Heteakas	CP@TRINITY_DN2143_c0_g1::CP@TRINITY_DN2143_c0_g1_i1::g.53156::m.53156	54.160	637	273	10	18	643	654	1282	0.0	670
Chatsubs	CP@TRINITY_DN2143_c0_g1::CP@TRINITY_DN2143_c0_g1_i12::g.53168::m.53168	55.000	580	242	10	2	569	623	1195	0.0	617
Chatsubs	CP@TRINITY_DN2143_c0_g1::CP@TRINITY_DN2143_c0_g1_i11::g.53162::m.53162	55.000	580	242	10	2	569	623	1195	0.0	617
Chatsubs	CP@TRINITY_DN2143_c0_g1::CP@TRINITY_DN2143_c0_g1_i1::g.53156::m.53156	55.172	580	241	10	2	569	700	1272	0.0	617
Aureanop	CP@TRINITY_DN2143_c0_g1::CP@TRINITY_DN2143_c0_g1_i12::g.53168::m.53168	50.543	645	297	9	310	946	574	1204	0.0	632
Aureanop	CP@TRINITY_DN2143_c0_g1::CP@TRINITY_DN2143_c0_g1_i11::g.53162::m.53162	50.543	645	297	9	310	946	574	1204	0.0	632
Aureanop	CP@TRINITY_DN2143_c0_g1::CP@TRINITY_DN2143_c0_g1_i1::g.53156::m.53156	50.543	645	297	9	310	946	651	1281	0.0	632
Pelasubv	CP@TRINITY_DN2143_c0_g1::CP@TRINITY_DN2143_c0_g1_i12::g.53168::m.53168	38.955	1014	488	21	113	1054	249	1203	0.0	614
Pelasubv	CP@TRINITY_DN2143_c0_g1::CP@TRINITY_DN2143_c0_g1_i11::g.53162::m.53162	38.955	1014	488	21	113	1054	249	1203	0.0	614
Pelasubv	CP@TRINITY_DN2143_c0_g1::CP@TRINITY_DN2143_c0_g1_i1::g.53156::m.53156	38.955	1014	488	21	113	1054	326	1280	0.0	613
Pelacalc	CP@TRINITY_DN2143_c0_g1::CP@TRINITY_DN2143_c0_g1_i12::g.53168::m.53168	48.036	662	300	11	366	1016	576	1204	0.0	603
Pelacalc	CP@TRINITY_DN2143_c0_g1::CP@TRINITY_DN2143_c0_g1_i11::g.53162::m.53162	48.036	662	300	11	366	1016	576	1204	0.0	603
Pelacalc	CP@TRINITY_DN2143_c0_g1::CP@TRINITY_DN2143_c0_g1_i1::g.53156::m.53156	47.892	664	302	11	364	1016	651	1281	0.0	602
Chryfrag	CP@TRINITY_DN2143_c0_g1::CP@TRINITY_DN2143_c0_g1_i12::g.53168::m.53168	50.309	648	290	8	87	727	582	1204	0.0	627
Chryfrag	CP@TRINITY_DN2143_c0_g1::CP@TRINITY_DN2143_c0_g1_i11::g.53162::m.53162	50.309	648	290	8	87	727	582	1204	0.0	627
Chryfrag	CP@TRINITY_DN2143_c0_g1::CP@TRINITY_DN2143_c0_g1_i1::g.53156::m.53156	50.309	648	290	8	87	727	659	1281	0.0	627
Aurelagu	CP@TRINITY_DN2143_c0_g1::CP@TRINITY_DN2143_c0_g1_i12::g.53168::m.53168	44.108	925	434	19	110	996	325	1204	0.0	642
Aurelagu	CP@TRINITY_DN2143_c0_g1::CP@TRINITY_DN2143_c0_g1_i11::g.53162::m.53162	44.108	925	434	19	110	996	325	1204	0.0	642
Aurelagu	CP@TRINITY_DN2143_c0_g1::CP@TRINITY_DN2143_c0_g1_i1::g.53156::m.53156	44.108	925	434	19	110	996	402	1281	0.0	642
Pela2097	CP@TRINITY_DN2143_c0_g1::CP@TRINITY_DN2143_c0_g1_i12::g.53168::m.53168	49.461	649	295	7	335	976	582	1204	0.0	622
Pela2097	CP@TRINITY_DN2143_c0_g1::CP@TRINITY_DN2143_c0_g1_i11::g.53162::m.53162	49.461	649	295	7	335	976	582	1204	0.0	622
Pela2097	CP@TRINITY_DN2143_c0_g1::CP@TRINITY_DN2143_c0_g1_i1::g.53156::m.53156	49.461	649	295	7	335	976	659	1281	0.0	621
Octaspec	CP@TRINITY_DN2143_c0_g1::CP@TRINITY_DN2143_c0_g1_i1::g.53156::m.53156	53.616	636	279	7	351	975	651	1281	0.0	674
Octaspec	CP@TRINITY_DN2143_c0_g1::CP@TRINITY_DN2143_c0_g1_i12::g.53168::m.53168	53.616	636	279	7	351	975	574	1204	0.0	674
Octaspec	CP@TRINITY_DN2143_c0_g1::CP@TRINITY_DN2143_c0_g1_i11::g.53162::m.53162	53.616	636	279	7	351	975	574	1204	0.0	674
Flor1587	CP@TRINITY_DN2143_c0_g1::CP@TRINITY_DN2143_c0_g1_i12::g.53168::m.53168	53.918	638	272	9	364	988	576	1204	0.0	674
Flor1587	CP@TRINITY_DN2143_c0_g1::CP@TRINITY_DN2143_c0_g1_i11::g.53162::m.53162	53.918	638	272	9	364	988	576	1204	0.0	674
Flor1587	CP@TRINITY_DN2143_c0_g1::CP@TRINITY_DN2143_c0_g1_i1::g.53156::m.53156	53.918	638	272	9	364	988	653	1281	0.0	674
Pseuelas	CP@TRINITY_DN2143_c0_g1::CP@TRINITY_DN2143_c0_g1_i12::g.53168::m.53168	41.658	1001	502	19	88	1047	245	1204	0.0	652
Pseuelas	CP@TRINITY_DN2143_c0_g1::CP@TRINITY_DN2143_c0_g1_i11::g.53162::m.53162	41.658	1001	502	19	88	1047	245	1204	0.0	652
Pseuelas	CP@TRINITY_DN2143_c0_g1::CP@TRINITY_DN2143_c0_g1_i1::g.53156::m.53156	41.658	1001	502	19	88	1047	322	1281	0.0	651
Rhiz1243	CP@TRINITY_DN2143_c0_g1::CP@TRINITY_DN2143_c0_g1_i12::g.53168::m.53168	49.120	739	325	12	298	999	476	1200	0.0	669
Rhiz1243	CP@TRINITY_DN2143_c0_g1::CP@TRINITY_DN2143_c0_g1_i11::g.53162::m.53162	49.120	739	325	12	298	999	476	1200	0.0	669
Rhiz1243	CP@TRINITY_DN2143_c0_g1::CP@TRINITY_DN2143_c0_g1_i1::g.53156::m.53156	49.120	739	325	12	298	999	553	1277	0.0	669
Fucucera	CP@TRINITY_DN2143_c0_g1::CP@TRINITY_DN2143_c0_g1_i1::g.53156::m.53156	53.178	645	277	10	426	1061	653	1281	0.0	665
Fucucera	CP@TRINITY_DN2143_c0_g1::CP@TRINITY_DN2143_c0_g1_i12::g.53168::m.53168	53.178	645	277	10	426	1061	576	1204	0.0	665
Fucucera	CP@TRINITY_DN2143_c0_g1::CP@TRINITY_DN2143_c0_g1_i11::g.53162::m.53162	53.178	645	277	10	426	1061	576	1204	0.0	665
Tribgaya	CP@TRINITY_DN2143_c0_g1::CP@TRINITY_DN2143_c0_g1_i12::g.53168::m.53168	51.011	445	206	7	9	447	766	1204	1.25e-141	435
Tribgaya	CP@TRINITY_DN2143_c0_g1::CP@TRINITY_DN2143_c0_g1_i11::g.53162::m.53162	51.011	445	206	7	9	447	766	1204	1.25e-141	435
Tribgaya	CP@TRINITY_DN2143_c0_g1::CP@TRINITY_DN2143_c0_g1_i1::g.53156::m.53156	51.011	445	206	7	9	447	843	1281	3.77e-141	435
Vauclito	CP@TRINITY_DN2143_c0_g1::CP@TRINITY_DN2143_c0_g1_i12::g.53168::m.53168	54.016	635	274	10	108	732	578	1204	0.0	660
Vauclito	CP@TRINITY_DN2143_c0_g1::CP@TRINITY_DN2143_c0_g1_i11::g.53162::m.53162	54.016	635	274	10	108	732	578	1204	0.0	660
Vauclito	CP@TRINITY_DN2143_c0_g1::CP@TRINITY_DN2143_c0_g1_i1::g.53156::m.53156	54.016	635	274	10	108	732	655	1281	0.0	660
Pingpyre	CP@TRINITY_DN2143_c0_g1::CP@TRINITY_DN2143_c0_g1_i12::g.53168::m.53168	48.823	637	305	11	360	985	579	1205	0.0	586
Pingpyre	CP@TRINITY_DN2143_c0_g1::CP@TRINITY_DN2143_c0_g1_i11::g.53162::m.53162	48.823	637	305	11	360	985	579	1205	0.0	586
Pingpyre	CP@TRINITY_DN2143_c0_g1::CP@TRINITY_DN2143_c0_g1_i1::g.53156::m.53156	48.823	637	305	11	360	985	656	1282	0.0	586
Paheparv	CP@TRINITY_DN2143_c0_g1::CP@TRINITY_DN2143_c0_g1_i1::g.53156::m.53156	48.504	635	310	11	83	708	656	1282	0.0	584
Paheparv	CP@TRINITY_DN2143_c0_g1::CP@TRINITY_DN2143_c0_g1_i12::g.53168::m.53168	48.504	635	310	11	83	708	579	1205	0.0	584
Paheparv	CP@TRINITY_DN2143_c0_g1::CP@TRINITY_DN2143_c0_g1_i11::g.53162::m.53162	48.504	635	310	11	83	708	579	1205	0.0	584
Tripeleu	CP@TRINITY_DN2143_c0_g1::CP@TRINITY_DN2143_c0_g1_i12::g.53168::m.53168	52.208	634	283	8	148	771	581	1204	0.0	645
Tripeleu	CP@TRINITY_DN2143_c0_g1::CP@TRINITY_DN2143_c0_g1_i11::g.53162::m.53162	52.208	634	283	8	148	771	581	1204	0.0	645
Tripeleu	CP@TRINITY_DN2143_c0_g1::CP@TRINITY_DN2143_c0_g1_i1::g.53156::m.53156	52.208	634	283	8	148	771	658	1281	0.0	644
Phaetric	CP@TRINITY_DN2143_c0_g1::CP@TRINITY_DN2143_c0_g1_i12::g.53168::m.53168	50.987	608	279	8	1	598	606	1204	0.0	589
Phaetric	CP@TRINITY_DN2143_c0_g1::CP@TRINITY_DN2143_c0_g1_i11::g.53162::m.53162	50.987	608	279	8	1	598	606	1204	0.0	589
Phaetric	CP@TRINITY_DN2143_c0_g1::CP@TRINITY_DN2143_c0_g1_i1::g.53156::m.53156	50.987	608	279	8	1	598	683	1281	0.0	588
Fragcyli	CP@TRINITY_DN2143_c0_g1::CP@TRINITY_DN2143_c0_g1_i1::g.53156::m.53156	50.313	640	289	9	2	626	656	1281	0.0	605
Fragcyli	CP@TRINITY_DN2143_c0_g1::CP@TRINITY_DN2143_c0_g1_i12::g.53168::m.53168	50.313	640	289	9	2	626	579	1204	0.0	604
Fragcyli	CP@TRINITY_DN2143_c0_g1::CP@TRINITY_DN2143_c0_g1_i11::g.53162::m.53162	50.313	640	289	9	2	626	579	1204	0.0	604
Psuemult	CP@TRINITY_DN2143_c0_g1::CP@TRINITY_DN2143_c0_g1_i12::g.53168::m.53168	51.027	633	291	8	348	970	581	1204	0.0	625
Psuemult	CP@TRINITY_DN2143_c0_g1::CP@TRINITY_DN2143_c0_g1_i11::g.53162::m.53162	51.027	633	291	8	348	970	581	1204	0.0	625
Psuemult	CP@TRINITY_DN2143_c0_g1::CP@TRINITY_DN2143_c0_g1_i1::g.53156::m.53156	51.027	633	291	8	348	970	658	1281	0.0	624
Syncpusi	CP@TRINITY_DN2143_c0_g1::CP@TRINITY_DN2143_c0_g1_i12::g.53168::m.53168	51.792	614	278	8	2	603	597	1204	0.0	627
Syncpusi	CP@TRINITY_DN2143_c0_g1::CP@TRINITY_DN2143_c0_g1_i11::g.53162::m.53162	51.792	614	278	8	2	603	597	1204	0.0	627
Syncpusi	CP@TRINITY_DN2143_c0_g1::CP@TRINITY_DN2143_c0_g1_i1::g.53156::m.53156	51.792	614	278	8	2	603	674	1281	0.0	627
Pedoelon	CP@TRINITY_DN2143_c0_g1::CP@TRINITY_DN2143_c0_g1_i1::g.53156::m.53156	53.956	632	271	9	341	959	657	1281	0.0	682
Pedoelon	CP@TRINITY_DN2143_c0_g1::CP@TRINITY_DN2143_c0_g1_i12::g.53168::m.53168	53.956	632	271	9	341	959	580	1204	0.0	681
Pedoelon	CP@TRINITY_DN2143_c0_g1::CP@TRINITY_DN2143_c0_g1_i11::g.53162::m.53162	53.956	632	271	9	341	959	580	1204	0.0	681
Ochr2298	CP@TRINITY_DN2143_c0_g1::CP@TRINITY_DN2143_c0_g1_i1::g.53156::m.53156	52.031	640	291	8	350	978	649	1283	0.0	676
Ochr2298	CP@TRINITY_DN2143_c0_g1::CP@TRINITY_DN2143_c0_g1_i12::g.53168::m.53168	52.031	640	291	8	350	978	572	1206	0.0	676
Ochr2298	CP@TRINITY_DN2143_c0_g1::CP@TRINITY_DN2143_c0_g1_i11::g.53162::m.53162	52.031	640	291	8	350	978	572	1206	0.0	676
PoterBG1	CP@TRINITY_DN2143_c0_g1::CP@TRINITY_DN2143_c0_g1_i12::g.53168::m.53168	55.156	640	261	12	372	996	576	1204	0.0	684
PoterBG1	CP@TRINITY_DN2143_c0_g1::CP@TRINITY_DN2143_c0_g1_i11::g.53162::m.53162	55.156	640	261	12	372	996	576	1204	0.0	684
PoterBG1	CP@TRINITY_DN2143_c0_g1::CP@TRINITY_DN2143_c0_g1_i1::g.53156::m.53156	55.329	638	259	12	374	996	655	1281	0.0	684
Dino2267	CP@TRINITY_DN2143_c0_g1::CP@TRINITY_DN2143_c0_g1_i12::g.53168::m.53168	53.215	622	273	7	331	941	590	1204	0.0	668
Dino2267	CP@TRINITY_DN2143_c0_g1::CP@TRINITY_DN2143_c0_g1_i11::g.53162::m.53162	53.215	622	273	7	331	941	590	1204	0.0	668
Dino2267	CP@TRINITY_DN2143_c0_g1::CP@TRINITY_DN2143_c0_g1_i1::g.53156::m.53156	53.215	622	273	7	331	941	667	1281	0.0	668
Mallmari	CP@TRINITY_DN2143_c0_g1::CP@TRINITY_DN2143_c0_g1_i12::g.53168::m.53168	50.139	722	340	9	20	727	489	1204	0.0	677
Mallmari	CP@TRINITY_DN2143_c0_g1::CP@TRINITY_DN2143_c0_g1_i11::g.53162::m.53162	50.139	722	340	9	20	727	489	1204	0.0	677
Mallmari	CP@TRINITY_DN2143_c0_g1::CP@TRINITY_DN2143_c0_g1_i1::g.53156::m.53156	50.139	722	340	9	20	727	566	1281	0.0	676
Paravest	CP@TRINITY_DN2143_c0_g1::CP@TRINITY_DN2143_c0_g1_i1::g.53156::m.53156	53.674	626	271	7	299	912	657	1275	0.0	676
Paravest	CP@TRINITY_DN2143_c0_g1::CP@TRINITY_DN2143_c0_g1_i12::g.53168::m.53168	53.674	626	271	7	299	912	580	1198	0.0	675
Paravest	CP@TRINITY_DN2143_c0_g1::CP@TRINITY_DN2143_c0_g1_i11::g.53162::m.53162	53.674	626	271	7	299	912	580	1198	0.0	675
Saprdecl	CP@TRINITY_DN2143_c0_g1::CP@TRINITY_DN2143_c0_g1_i12::g.53168::m.53168	59.748	636	240	6	337	960	573	1204	0.0	767
Saprdecl	CP@TRINITY_DN2143_c0_g1::CP@TRINITY_DN2143_c0_g1_i11::g.53162::m.53162	59.748	636	240	6	337	960	573	1204	0.0	767
Saprdecl	CP@TRINITY_DN2143_c0_g1::CP@TRINITY_DN2143_c0_g1_i1::g.53156::m.53156	59.748	636	240	6	337	960	650	1281	0.0	766
Albulaib	CP@TRINITY_DN2143_c0_g1::CP@TRINITY_DN2143_c0_g1_i1::g.53156::m.53156	59.873	628	235	6	364	978	658	1281	0.0	774
Albulaib	CP@TRINITY_DN2143_c0_g1::CP@TRINITY_DN2143_c0_g1_i12::g.53168::m.53168	59.873	628	235	6	364	978	581	1204	0.0	774
Albulaib	CP@TRINITY_DN2143_c0_g1::CP@TRINITY_DN2143_c0_g1_i11::g.53162::m.53162	59.873	628	235	6	364	978	581	1204	0.0	774
Pythirre	CP@TRINITY_DN2143_c0_g1::CP@TRINITY_DN2143_c0_g1_i1::g.53156::m.53156	49.030	928	376	19	87	951	388	1281	0.0	778
Pythirre	CP@TRINITY_DN2143_c0_g1::CP@TRINITY_DN2143_c0_g1_i12::g.53168::m.53168	48.394	934	373	19	87	951	311	1204	0.0	775
Pythirre	CP@TRINITY_DN2143_c0_g1::CP@TRINITY_DN2143_c0_g1_i11::g.53162::m.53162	48.394	934	373	19	87	951	311	1204	0.0	775
Galdsulp	CP@TRINITY_DN2143_c0_g1::CP@TRINITY_DN2143_c0_g1_i12::g.53168::m.53168	59.135	624	246	4	594	1208	581	1204	0.0	768
Galdsulp	CP@TRINITY_DN2143_c0_g1::CP@TRINITY_DN2143_c0_g1_i11::g.53162::m.53162	59.135	624	246	4	594	1208	581	1204	0.0	768
Galdsulp	CP@TRINITY_DN2143_c0_g1::CP@TRINITY_DN2143_c0_g1_i1::g.53156::m.53156	59.135	624	246	4	594	1208	658	1281	0.0	768
Cerakond	CP@TRINITY_DN2143_c0_g1::CP@TRINITY_DN2143_c0_g1_i1::g.53156::m.53156	59.406	606	232	7	1	597	681	1281	0.0	707
Cerakond	CP@TRINITY_DN2143_c0_g1::CP@TRINITY_DN2143_c0_g1_i12::g.53168::m.53168	59.406	606	232	7	1	597	604	1204	0.0	706
Cerakond	CP@TRINITY_DN2143_c0_g1::CP@TRINITY_DN2143_c0_g1_i11::g.53162::m.53162	59.406	606	232	7	1	597	604	1204	0.0	706
Choncris	CP@TRINITY_DN2143_c0_g1::CP@TRINITY_DN2143_c0_g1_i12::g.53168::m.53168	57.994	638	243	8	394	1011	572	1204	0.0	725
Choncris	CP@TRINITY_DN2143_c0_g1::CP@TRINITY_DN2143_c0_g1_i11::g.53162::m.53162	57.994	638	243	8	394	1011	572	1204	0.0	725
Choncris	CP@TRINITY_DN2143_c0_g1::CP@TRINITY_DN2143_c0_g1_i1::g.53156::m.53156	57.994	638	243	8	394	1011	649	1281	0.0	725
Gratturu	CP@TRINITY_DN2143_c0_g1::CP@TRINITY_DN2143_c0_g1_i1::g.53156::m.53156	59.869	613	234	7	2	606	673	1281	0.0	728
Gratturu	CP@TRINITY_DN2143_c0_g1::CP@TRINITY_DN2143_c0_g1_i12::g.53168::m.53168	59.869	613	234	7	2	606	596	1204	0.0	727
Gratturu	CP@TRINITY_DN2143_c0_g1::CP@TRINITY_DN2143_c0_g1_i11::g.53162::m.53162	59.869	613	234	7	2	606	596	1204	0.0	727
Porpumbi	CP@TRINITY_DN2143_c0_g1::CP@TRINITY_DN2143_c0_g1_i12::g.53168::m.53168	58.333	624	248	5	2	617	587	1206	0.0	722
Porpumbi	CP@TRINITY_DN2143_c0_g1::CP@TRINITY_DN2143_c0_g1_i11::g.53162::m.53162	58.333	624	248	5	2	617	587	1206	0.0	722
Porpumbi	CP@TRINITY_DN2143_c0_g1::CP@TRINITY_DN2143_c0_g1_i1::g.53156::m.53156	58.333	624	248	5	2	617	664	1283	0.0	721
Rhodmacu	CP@TRINITY_DN2143_c0_g1::CP@TRINITY_DN2143_c0_g1_i12::g.53168::m.53168	55.380	632	270	5	305	927	576	1204	0.0	713
Rhodmacu	CP@TRINITY_DN2143_c0_g1::CP@TRINITY_DN2143_c0_g1_i11::g.53162::m.53162	55.380	632	270	5	305	927	576	1204	0.0	713
Rhodmacu	CP@TRINITY_DN2143_c0_g1::CP@TRINITY_DN2143_c0_g1_i1::g.53156::m.53156	55.380	632	270	5	305	927	653	1281	0.0	712
Rhodmari	CP@TRINITY_DN2143_c0_g1::CP@TRINITY_DN2143_c0_g1_i1::g.53156::m.53156	57.978	633	255	5	671	1295	653	1282	0.0	746
Rhodmari	CP@TRINITY_DN2143_c0_g1::CP@TRINITY_DN2143_c0_g1_i12::g.53168::m.53168	57.978	633	255	5	671	1295	576	1205	0.0	745
Rhodmari	CP@TRINITY_DN2143_c0_g1::CP@TRINITY_DN2143_c0_g1_i11::g.53162::m.53162	57.978	633	255	5	671	1295	576	1205	0.0	745
Porpaeru	CP@TRINITY_DN2143_c0_g1::CP@TRINITY_DN2143_c0_g1_i1::g.53156::m.53156	53.058	654	272	6	976	1619	654	1282	0.0	709
Porpaeru	CP@TRINITY_DN2143_c0_g1::CP@TRINITY_DN2143_c0_g1_i12::g.53168::m.53168	53.058	654	272	6	976	1619	577	1205	0.0	709
Porpaeru	CP@TRINITY_DN2143_c0_g1::CP@TRINITY_DN2143_c0_g1_i11::g.53162::m.53162	53.058	654	272	6	976	1619	577	1205	0.0	709
Compcoer	CP@TRINITY_DN2143_c0_g1::CP@TRINITY_DN2143_c0_g1_i12::g.53168::m.53168	58.571	630	240	5	789	1410	589	1205	0.0	741
Compcoer	CP@TRINITY_DN2143_c0_g1::CP@TRINITY_DN2143_c0_g1_i11::g.53162::m.53162	58.571	630	240	5	789	1410	589	1205	0.0	741
Compcoer	CP@TRINITY_DN2143_c0_g1::CP@TRINITY_DN2143_c0_g1_i1::g.53156::m.53156	58.571	630	240	5	789	1410	666	1282	0.0	741
Cyanmero	CP@TRINITY_DN2143_c0_g1::CP@TRINITY_DN2143_c0_g1_i12::g.53168::m.53168	57.962	628	248	7	649	1264	581	1204	0.0	726
Cyanmero	CP@TRINITY_DN2143_c0_g1::CP@TRINITY_DN2143_c0_g1_i11::g.53162::m.53162	57.962	628	248	7	649	1264	581	1204	0.0	726
Volvcart	CP@TRINITY_DN2143_c0_g1::CP@TRINITY_DN2143_c0_g1_i1::g.53156::m.53156	54.180	646	272	7	944	1582	652	1280	0.0	703
Volvcart	CP@TRINITY_DN2143_c0_g1::CP@TRINITY_DN2143_c0_g1_i12::g.53168::m.53168	54.180	646	272	7	944	1582	575	1203	0.0	702
Volvcart	CP@TRINITY_DN2143_c0_g1::CP@TRINITY_DN2143_c0_g1_i11::g.53162::m.53162	54.180	646	272	7	944	1582	575	1203	0.0	702
Picosali	CP@TRINITY_DN2143_c0_g1::CP@TRINITY_DN2143_c0_g1_i12::g.53168::m.53168	59.464	634	242	7	778	1404	577	1202	0.0	778
Picosali	CP@TRINITY_DN2143_c0_g1::CP@TRINITY_DN2143_c0_g1_i11::g.53162::m.53162	59.464	634	242	7	778	1404	577	1202	0.0	778
Picosali	CP@TRINITY_DN2143_c0_g1::CP@TRINITY_DN2143_c0_g1_i1::g.53156::m.53156	59.464	634	242	7	778	1404	654	1279	0.0	778
Ostrtaur	CP@TRINITY_DN2143_c0_g1::CP@TRINITY_DN2143_c0_g1_i12::g.53168::m.53168	55.840	625	257	8	691	1303	582	1199	0.0	707
Ostrtaur	CP@TRINITY_DN2143_c0_g1::CP@TRINITY_DN2143_c0_g1_i11::g.53162::m.53162	55.840	625	257	8	691	1303	582	1199	0.0	707
Ostrtaur	CP@TRINITY_DN2143_c0_g1::CP@TRINITY_DN2143_c0_g1_i1::g.53156::m.53156	55.840	625	257	8	691	1303	659	1276	0.0	707
Micrpusl	CP@TRINITY_DN2143_c0_g1::CP@TRINITY_DN2143_c0_g1_i1::g.53156::m.53156	57.488	621	251	6	1005	1616	661	1277	0.0	728
Micrpusl	CP@TRINITY_DN2143_c0_g1::CP@TRINITY_DN2143_c0_g1_i12::g.53168::m.53168	57.488	621	251	6	1005	1616	584	1200	0.0	727
Micrpusl	CP@TRINITY_DN2143_c0_g1::CP@TRINITY_DN2143_c0_g1_i11::g.53162::m.53162	57.488	621	251	6	1005	1616	584	1200	0.0	727
Physpate	CP@TRINITY_DN2143_c0_g1::CP@TRINITY_DN2143_c0_g1_i1::g.53156::m.53156	60.510	628	234	6	837	1454	658	1281	0.0	793
Physpate	CP@TRINITY_DN2143_c0_g1::CP@TRINITY_DN2143_c0_g1_i12::g.53168::m.53168	60.317	630	236	6	835	1454	579	1204	0.0	791
Physpate	CP@TRINITY_DN2143_c0_g1::CP@TRINITY_DN2143_c0_g1_i11::g.53162::m.53162	60.317	630	236	6	835	1454	579	1204	0.0	791
Oryzsati	CP@TRINITY_DN2143_c0_g1::CP@TRINITY_DN2143_c0_g1_i12::g.53168::m.53168	56.577	631	256	7	590	1206	578	1204	0.0	726
Oryzsati	CP@TRINITY_DN2143_c0_g1::CP@TRINITY_DN2143_c0_g1_i11::g.53162::m.53162	56.577	631	256	7	590	1206	578	1204	0.0	726
Oryzsati	CP@TRINITY_DN2143_c0_g1::CP@TRINITY_DN2143_c0_g1_i1::g.53156::m.53156	56.577	631	256	7	590	1206	655	1281	0.0	726
Brevmoto	CP@TRINITY_DN2143_c0_g1::CP@TRINITY_DN2143_c0_g1_i12::g.53168::m.53168	53.833	600	270	4	38	631	603	1201	0.0	654
Brevmoto	CP@TRINITY_DN2143_c0_g1::CP@TRINITY_DN2143_c0_g1_i11::g.53162::m.53162	53.833	600	270	4	38	631	603	1201	0.0	654
Brevmoto	CP@TRINITY_DN2143_c0_g1::CP@TRINITY_DN2143_c0_g1_i1::g.53156::m.53156	53.833	600	270	4	38	631	680	1278	0.0	654
Chlorept	CP@TRINITY_DN2143_c0_g1::CP@TRINITY_DN2143_c0_g1_i12::g.53168::m.53168	57.534	657	245	8	625	1275	576	1204	0.0	738
Chlorept	CP@TRINITY_DN2143_c0_g1::CP@TRINITY_DN2143_c0_g1_i11::g.53162::m.53162	57.534	657	245	8	625	1275	576	1204	0.0	738
Chlorept	CP@TRINITY_DN2143_c0_g1::CP@TRINITY_DN2143_c0_g1_i1::g.53156::m.53156	57.534	657	245	8	625	1275	653	1281	0.0	738
MatazaD1	CP@TRINITY_DN2143_c0_g1::CP@TRINITY_DN2143_c0_g1_i12::g.53168::m.53168	58.564	613	237	3	549	1158	606	1204	0.0	751
MatazaD1	CP@TRINITY_DN2143_c0_g1::CP@TRINITY_DN2143_c0_g1_i11::g.53162::m.53162	58.564	613	237	3	549	1158	606	1204	0.0	751
MatazaD1	CP@TRINITY_DN2143_c0_g1::CP@TRINITY_DN2143_c0_g1_i1::g.53156::m.53156	58.564	613	237	3	549	1158	683	1281	0.0	750
Idiovort	CP@TRINITY_DN2143_c0_g1::CP@TRINITY_DN2143_c0_g1_i1::g.53156::m.53156	56.651	639	263	6	83	715	653	1283	0.0	716
Idiovort	CP@TRINITY_DN2143_c0_g1::CP@TRINITY_DN2143_c0_g1_i12::g.53168::m.53168	56.651	639	263	6	83	715	576	1206	0.0	716
Idiovort	CP@TRINITY_DN2143_c0_g1::CP@TRINITY_DN2143_c0_g1_i11::g.53162::m.53162	56.651	639	263	6	83	715	576	1206	0.0	716
Vannfimi	CP@TRINITY_DN2143_c0_g1::CP@TRINITY_DN2143_c0_g1_i12::g.53168::m.53168	52.768	542	238	5	23	555	672	1204	0.0	546
Vannfimi	CP@TRINITY_DN2143_c0_g1::CP@TRINITY_DN2143_c0_g1_i11::g.53162::m.53162	52.768	542	238	5	23	555	672	1204	0.0	546
Vannfimi	CP@TRINITY_DN2143_c0_g1::CP@TRINITY_DN2143_c0_g1_i1::g.53156::m.53156	52.768	542	238	5	23	555	749	1281	0.0	546
Aplakerg	CP@TRINITY_DN2143_c0_g1::CP@TRINITY_DN2143_c0_g1_i12::g.53168::m.53168	48.946	901	391	16	137	994	330	1204	0.0	762
Aplakerg	CP@TRINITY_DN2143_c0_g1::CP@TRINITY_DN2143_c0_g1_i11::g.53162::m.53162	48.946	901	391	16	137	994	330	1204	0.0	762
Aplakerg	CP@TRINITY_DN2143_c0_g1::CP@TRINITY_DN2143_c0_g1_i1::g.53156::m.53156	48.667	900	395	13	137	994	407	1281	0.0	762
Auralima	CP@TRINITY_DN2143_c0_g1::CP@TRINITY_DN2143_c0_g1_i12::g.53168::m.53168	46.837	822	379	10	262	1076	434	1204	0.0	698
Auralima	CP@TRINITY_DN2143_c0_g1::CP@TRINITY_DN2143_c0_g1_i11::g.53162::m.53162	46.837	822	379	10	262	1076	434	1204	0.0	698
Auralima	CP@TRINITY_DN2143_c0_g1::CP@TRINITY_DN2143_c0_g1_i1::g.53156::m.53156	46.837	822	379	10	262	1076	511	1281	0.0	697
ThraLLF1	CP@TRINITY_DN2143_c0_g1::CP@TRINITY_DN2143_c0_g1_i12::g.53168::m.53168	48.363	794	376	9	243	1023	432	1204	0.0	715
ThraLLF1	CP@TRINITY_DN2143_c0_g1::CP@TRINITY_DN2143_c0_g1_i11::g.53162::m.53162	48.363	794	376	9	243	1023	432	1204	0.0	715
ThraLLF1	CP@TRINITY_DN2143_c0_g1::CP@TRINITY_DN2143_c0_g1_i1::g.53156::m.53156	48.363	794	376	9	243	1023	509	1281	0.0	715
Schiaggr	CP@TRINITY_DN2143_c0_g1::CP@TRINITY_DN2143_c0_g1_i12::g.53168::m.53168	53.686	624	275	4	632	1249	589	1204	0.0	696
Schiaggr	CP@TRINITY_DN2143_c0_g1::CP@TRINITY_DN2143_c0_g1_i11::g.53162::m.53162	53.686	624	275	4	632	1249	589	1204	0.0	696
Schiaggr	CP@TRINITY_DN2143_c0_g1::CP@TRINITY_DN2143_c0_g1_i1::g.53156::m.53156	53.686	624	275	4	632	1249	666	1281	0.0	696
Caferoen	CP@TRINITY_DN2143_c0_g1::CP@TRINITY_DN2143_c0_g1_i1::g.53156::m.53156	52.215	632	287	6	484	1108	659	1282	0.0	655
Caferoen	CP@TRINITY_DN2143_c0_g1::CP@TRINITY_DN2143_c0_g1_i12::g.53168::m.53168	52.215	632	287	6	484	1108	582	1205	0.0	655
Caferoen	CP@TRINITY_DN2143_c0_g1::CP@TRINITY_DN2143_c0_g1_i11::g.53162::m.53162	52.215	632	287	6	484	1108	582	1205	0.0	655
Haloseos	CP@TRINITY_DN2143_c0_g1::CP@TRINITY_DN2143_c0_g1_i12::g.53168::m.53168	53.736	629	266	10	432	1049	590	1204	0.0	665
Haloseos	CP@TRINITY_DN2143_c0_g1::CP@TRINITY_DN2143_c0_g1_i11::g.53162::m.53162	53.736	629	266	10	432	1049	590	1204	0.0	665
Haloseos	CP@TRINITY_DN2143_c0_g1::CP@TRINITY_DN2143_c0_g1_i1::g.53156::m.53156	53.736	629	266	10	432	1049	667	1281	0.0	665
PlacCLAB	CP@TRINITY_DN2143_c0_g1::CP@TRINITY_DN2143_c0_g1_i12::g.53168::m.53168	53.440	625	279	5	577	1194	585	1204	0.0	680
PlacCLAB	CP@TRINITY_DN2143_c0_g1::CP@TRINITY_DN2143_c0_g1_i11::g.53162::m.53162	53.440	625	279	5	577	1194	585	1204	0.0	680
PlacCLAB	CP@TRINITY_DN2143_c0_g1::CP@TRINITY_DN2143_c0_g1_i1::g.53156::m.53156	53.440	625	279	5	577	1194	662	1281	0.0	680
Wobbluna	CP@TRINITY_DN2143_c0_g1::CP@TRINITY_DN2143_c0_g1_i1::g.53156::m.53156	49.759	623	295	10	375	986	666	1281	0.0	599
Wobbluna	CP@TRINITY_DN2143_c0_g1::CP@TRINITY_DN2143_c0_g1_i12::g.53168::m.53168	49.759	623	295	10	375	986	589	1204	0.0	598
Wobbluna	CP@TRINITY_DN2143_c0_g1::CP@TRINITY_DN2143_c0_g1_i11::g.53162::m.53162	49.759	623	295	10	375	986	589	1204	0.0	598
Cantmars	CP@TRINITY_DN2143_c0_g1::CP@TRINITY_DN2143_c0_g1_i12::g.53168::m.53168	54.472	615	261	8	323	929	603	1206	0.0	639
Cantmars	CP@TRINITY_DN2143_c0_g1::CP@TRINITY_DN2143_c0_g1_i11::g.53162::m.53162	54.472	615	261	8	323	929	603	1206	0.0	639
Cantmars	CP@TRINITY_DN2143_c0_g1::CP@TRINITY_DN2143_c0_g1_i1::g.53156::m.53156	54.472	615	261	8	323	929	680	1283	0.0	639
Pavl2436	CP@TRINITY_DN2143_c0_g1::CP@TRINITY_DN2143_c0_g1_i12::g.53168::m.53168	54.211	653	264	10	29	671	577	1204	0.0	677
Pavl2436	CP@TRINITY_DN2143_c0_g1::CP@TRINITY_DN2143_c0_g1_i11::g.53162::m.53162	54.211	653	264	10	29	671	577	1204	0.0	677
Pavl2436	CP@TRINITY_DN2143_c0_g1::CP@TRINITY_DN2143_c0_g1_i1::g.53156::m.53156	54.211	653	264	10	29	671	654	1281	0.0	677
Prymparv	CP@TRINITY_DN2143_c0_g1::CP@TRINITY_DN2143_c0_g1_i12::g.53168::m.53168	50.858	641	290	9	1213	1844	580	1204	0.0	642
Prymparv	CP@TRINITY_DN2143_c0_g1::CP@TRINITY_DN2143_c0_g1_i11::g.53162::m.53162	50.858	641	290	9	1213	1844	580	1204	0.0	642
Chrycart	CP@TRINITY_DN2143_c0_g1::CP@TRINITY_DN2143_c0_g1_i12::g.53168::m.53168	52.050	634	279	9	371	995	583	1200	0.0	643
Chrycart	CP@TRINITY_DN2143_c0_g1::CP@TRINITY_DN2143_c0_g1_i11::g.53162::m.53162	52.050	634	279	9	371	995	583	1200	0.0	643
Chrycart	CP@TRINITY_DN2143_c0_g1::CP@TRINITY_DN2143_c0_g1_i1::g.53156::m.53156	52.050	634	279	9	371	995	660	1277	0.0	642
Karebrev	CP@TRINITY_DN2143_c0_g1::CP@TRINITY_DN2143_c0_g1_i12::g.53168::m.53168	51.482	371	174	3	6	371	835	1204	1.31e-114	360
Karebrev	CP@TRINITY_DN2143_c0_g1::CP@TRINITY_DN2143_c0_g1_i11::g.53162::m.53162	51.482	371	174	3	6	371	835	1204	1.31e-114	360
Karebrev	CP@TRINITY_DN2143_c0_g1::CP@TRINITY_DN2143_c0_g1_i1::g.53156::m.53156	51.482	371	174	3	6	371	912	1281	3.64e-114	360
Perkmari	CP@TRINITY_DN2143_c0_g1::CP@TRINITY_DN2143_c0_g1_i1::g.53156::m.53156	55.519	607	255	5	277	871	679	1282	0.0	678
Perkmari	CP@TRINITY_DN2143_c0_g1::CP@TRINITY_DN2143_c0_g1_i12::g.53168::m.53168	55.519	607	255	5	277	871	602	1205	0.0	678
Perkmari	CP@TRINITY_DN2143_c0_g1::CP@TRINITY_DN2143_c0_g1_i11::g.53162::m.53162	55.519	607	255	5	277	871	602	1205	0.0	678
Crypparv	CP@TRINITY_DN2143_c0_g1::CP@TRINITY_DN2143_c0_g1_i12::g.53168::m.53168	52.504	619	272	8	289	895	596	1204	0.0	646
Crypparv	CP@TRINITY_DN2143_c0_g1::CP@TRINITY_DN2143_c0_g1_i11::g.53162::m.53162	52.504	619	272	8	289	895	596	1204	0.0	646
Crypparv	CP@TRINITY_DN2143_c0_g1::CP@TRINITY_DN2143_c0_g1_i1::g.53156::m.53156	52.504	619	272	8	289	895	673	1281	0.0	646
Toxogond	CP@TRINITY_DN2143_c0_g1::CP@TRINITY_DN2143_c0_g1_i12::g.53168::m.53168	54.173	635	263	8	524	1144	585	1205	0.0	681
Toxogond	CP@TRINITY_DN2143_c0_g1::CP@TRINITY_DN2143_c0_g1_i11::g.53162::m.53162	54.173	635	263	8	524	1144	585	1205	0.0	681
Toxogond	CP@TRINITY_DN2143_c0_g1::CP@TRINITY_DN2143_c0_g1_i1::g.53156::m.53156	54.173	635	263	8	524	1144	662	1282	0.0	680
Platviva	CP@TRINITY_DN2143_c0_g1::CP@TRINITY_DN2143_c0_g1_i12::g.53168::m.53168	53.253	584	251	7	9	576	628	1205	0.0	582
Platviva	CP@TRINITY_DN2143_c0_g1::CP@TRINITY_DN2143_c0_g1_i11::g.53162::m.53162	53.253	584	251	7	9	576	628	1205	0.0	582
Platviva	CP@TRINITY_DN2143_c0_g1::CP@TRINITY_DN2143_c0_g1_i1::g.53156::m.53156	53.253	584	251	7	9	576	705	1282	0.0	582
Chroveli	CP@TRINITY_DN2143_c0_g1::CP@TRINITY_DN2143_c0_g1_i1::g.53156::m.53156	57.742	620	248	5	576	1182	664	1282	0.0	724
Chroveli	CP@TRINITY_DN2143_c0_g1::CP@TRINITY_DN2143_c0_g1_i12::g.53168::m.53168	57.742	620	248	5	576	1182	587	1205	0.0	724
Chroveli	CP@TRINITY_DN2143_c0_g1::CP@TRINITY_DN2143_c0_g1_i11::g.53162::m.53162	57.742	620	248	5	576	1182	587	1205	0.0	724
Pirisoci	CP@TRINITY_DN2143_c0_g1::CP@TRINITY_DN2143_c0_g1_i1::g.53156::m.53156	57.048	603	242	6	219	808	683	1281	0.0	652
Pirisoci	CP@TRINITY_DN2143_c0_g1::CP@TRINITY_DN2143_c0_g1_i12::g.53168::m.53168	57.048	603	242	6	219	808	606	1204	0.0	651
Pirisoci	CP@TRINITY_DN2143_c0_g1::CP@TRINITY_DN2143_c0_g1_i11::g.53162::m.53162	57.048	603	242	6	219	808	606	1204	0.0	651
Neobdesi	CP@TRINITY_DN2143_c0_g1::CP@TRINITY_DN2143_c0_g1_i12::g.53168::m.53168	49.287	631	300	7	165	784	579	1200	0.0	603
Neobdesi	CP@TRINITY_DN2143_c0_g1::CP@TRINITY_DN2143_c0_g1_i11::g.53162::m.53162	49.287	631	300	7	165	784	579	1200	0.0	603
Neobdesi	CP@TRINITY_DN2143_c0_g1::CP@TRINITY_DN2143_c0_g1_i1::g.53156::m.53156	49.287	631	300	7	165	784	656	1277	0.0	603
Flecnera	CP@TRINITY_DN2143_c0_g1::CP@TRINITY_DN2143_c0_g1_i1::g.53156::m.53156	57.426	606	244	5	234	830	681	1281	0.0	673
Flecnera	CP@TRINITY_DN2143_c0_g1::CP@TRINITY_DN2143_c0_g1_i12::g.53168::m.53168	57.426	606	244	5	234	830	604	1204	0.0	673
Flecnera	CP@TRINITY_DN2143_c0_g1::CP@TRINITY_DN2143_c0_g1_i11::g.53162::m.53162	57.426	606	244	5	234	830	604	1204	0.0	673
Diplambu	CP@TRINITY_DN2143_c0_g1::CP@TRINITY_DN2143_c0_g1_i12::g.53168::m.53168	56.198	605	251	6	238	831	603	1204	0.0	668
Diplambu	CP@TRINITY_DN2143_c0_g1::CP@TRINITY_DN2143_c0_g1_i11::g.53162::m.53162	56.198	605	251	6	238	831	603	1204	0.0	668
Diplambu	CP@TRINITY_DN2143_c0_g1::CP@TRINITY_DN2143_c0_g1_i1::g.53156::m.53156	56.198	605	251	6	238	831	680	1281	0.0	667
BlasS7SB	CP@TRINITY_DN2143_c0_g1::CP@TRINITY_DN2143_c0_g1_i1::g.53156::m.53156	49.926	679	283	6	367	1039	654	1281	0.0	652
BlasS7SB	CP@TRINITY_DN2143_c0_g1::CP@TRINITY_DN2143_c0_g1_i12::g.53168::m.53168	49.926	679	283	6	367	1039	577	1204	0.0	650
BlasS7SB	CP@TRINITY_DN2143_c0_g1::CP@TRINITY_DN2143_c0_g1_i11::g.53162::m.53162	49.926	679	283	6	367	1039	577	1204	0.0	650
Cryppara	CP@TRINITY_DN2143_c0_g1::CP@TRINITY_DN2143_c0_g1_i1::g.53156::m.53156	48.680	682	296	6	19	695	649	1281	0.0	640
Cryppara	CP@TRINITY_DN2143_c0_g1::CP@TRINITY_DN2143_c0_g1_i12::g.53168::m.53168	48.680	682	296	6	19	695	572	1204	0.0	639
Cryppara	CP@TRINITY_DN2143_c0_g1::CP@TRINITY_DN2143_c0_g1_i11::g.53162::m.53162	48.680	682	296	6	19	695	572	1204	0.0	639
Bafffrig	CP@TRINITY_DN2143_c0_g1::CP@TRINITY_DN2143_c0_g1_i12::g.53168::m.53168	49.925	671	282	7	175	840	583	1204	0.0	635
Bafffrig	CP@TRINITY_DN2143_c0_g1::CP@TRINITY_DN2143_c0_g1_i11::g.53162::m.53162	49.925	671	282	7	175	840	583	1204	0.0	635
Bafffrig	CP@TRINITY_DN2143_c0_g1::CP@TRINITY_DN2143_c0_g1_i1::g.53156::m.53156	49.925	671	282	7	175	840	660	1281	0.0	634
Rhodsali	CP@TRINITY_DN2143_c0_g1::CP@TRINITY_DN2143_c0_g1_i12::g.53168::m.53168	49.267	682	292	6	678	1354	572	1204	0.0	668
Rhodsali	CP@TRINITY_DN2143_c0_g1::CP@TRINITY_DN2143_c0_g1_i11::g.53162::m.53162	49.267	682	292	6	678	1354	572	1204	0.0	668
Rhodsali	CP@TRINITY_DN2143_c0_g1::CP@TRINITY_DN2143_c0_g1_i1::g.53156::m.53156	49.267	682	292	6	678	1354	649	1281	0.0	668
Gloewitr	CP@TRINITY_DN2143_c0_g1::CP@TRINITY_DN2143_c0_g1_i12::g.53168::m.53168	65.842	606	200	3	1202	1800	600	1205	0.0	851
Gloewitr	CP@TRINITY_DN2143_c0_g1::CP@TRINITY_DN2143_c0_g1_i11::g.53162::m.53162	65.842	606	200	3	1202	1800	600	1205	0.0	851
Gloewitr	CP@TRINITY_DN2143_c0_g1::CP@TRINITY_DN2143_c0_g1_i1::g.53156::m.53156	65.842	606	200	3	1202	1800	677	1282	0.0	850
Cyanpara	CP@TRINITY_DN2143_c0_g1::CP@TRINITY_DN2143_c0_g1_i12::g.53168::m.53168	61.760	625	208	5	738	1336	586	1205	0.0	775
Cyanpara	CP@TRINITY_DN2143_c0_g1::CP@TRINITY_DN2143_c0_g1_i11::g.53162::m.53162	61.760	625	208	5	738	1336	586	1205	0.0	775
Cyanpara	CP@TRINITY_DN2143_c0_g1::CP@TRINITY_DN2143_c0_g1_i1::g.53156::m.53156	61.760	625	208	5	738	1336	663	1282	0.0	774
Ancytwis	CP@TRINITY_DN2143_c0_g1::CP@TRINITY_DN2143_c0_g1_i12::g.53168::m.53168	51.041	913	396	14	31	910	312	1206	0.0	802
Ancytwis	CP@TRINITY_DN2143_c0_g1::CP@TRINITY_DN2143_c0_g1_i11::g.53162::m.53162	51.041	913	396	14	31	910	312	1206	0.0	802
Ancytwis	CP@TRINITY_DN2143_c0_g1::CP@TRINITY_DN2143_c0_g1_i1::g.53156::m.53156	51.041	913	396	14	31	910	389	1283	0.0	801
Masteilh	CP@TRINITY_DN2143_c0_g1::CP@TRINITY_DN2143_c0_g1_i12::g.53168::m.53168	56.508	653	255	11	324	967	572	1204	0.0	708
Masteilh	CP@TRINITY_DN2143_c0_g1::CP@TRINITY_DN2143_c0_g1_i11::g.53162::m.53162	56.508	653	255	11	324	967	572	1204	0.0	708
Masteilh	CP@TRINITY_DN2143_c0_g1::CP@TRINITY_DN2143_c0_g1_i1::g.53156::m.53156	56.508	653	255	11	324	967	649	1281	0.0	708
Rhizelon	CP@TRINITY_DN2143_c0_g1::CP@TRINITY_DN2143_c0_g1_i12::g.53168::m.53168	56.073	601	248	8	231	821	605	1199	0.0	672
Rhizelon	CP@TRINITY_DN2143_c0_g1::CP@TRINITY_DN2143_c0_g1_i11::g.53162::m.53162	56.073	601	248	8	231	821	605	1199	0.0	672
Rhizelon	CP@TRINITY_DN2143_c0_g1::CP@TRINITY_DN2143_c0_g1_i1::g.53156::m.53156	56.073	601	248	8	231	821	682	1276	0.0	672
Luaphula	CP@TRINITY_DN2143_c0_g1::CP@TRINITY_DN2143_c0_g1_i12::g.53168::m.53168	56.935	620	243	8	295	902	597	1204	0.0	688
Luaphula	CP@TRINITY_DN2143_c0_g1::CP@TRINITY_DN2143_c0_g1_i11::g.53162::m.53162	56.935	620	243	8	295	902	597	1204	0.0	688
Luaphula	CP@TRINITY_DN2143_c0_g1::CP@TRINITY_DN2143_c0_g1_i1::g.53156::m.53156	56.935	620	243	8	295	902	674	1281	0.0	687
Dracjorm	CP@TRINITY_DN2143_c0_g1::CP@TRINITY_DN2143_c0_g1_i1::g.53156::m.53156	56.818	616	237	9	485	1087	682	1281	0.0	690
Dracjorm	CP@TRINITY_DN2143_c0_g1::CP@TRINITY_DN2143_c0_g1_i12::g.53168::m.53168	56.818	616	237	9	485	1087	605	1204	0.0	689
Dracjorm	CP@TRINITY_DN2143_c0_g1::CP@TRINITY_DN2143_c0_g1_i11::g.53162::m.53162	56.818	616	237	9	485	1087	605	1204	0.0	689
Pellcata	CP@TRINITY_DN2143_c0_g1::CP@TRINITY_DN2143_c0_g1_i12::g.53168::m.53168	49.656	582	263	9	61	630	621	1184	8.62e-174	527
Pellcata	CP@TRINITY_DN2143_c0_g1::CP@TRINITY_DN2143_c0_g1_i11::g.53162::m.53162	49.656	582	263	9	61	630	621	1184	8.62e-174	527
Pellcata	CP@TRINITY_DN2143_c0_g1::CP@TRINITY_DN2143_c0_g1_i1::g.53156::m.53156	49.656	582	263	9	61	630	698	1261	2.53e-173	528
Gocefonb	CP@TRINITY_DN2143_c0_g1::CP@TRINITY_DN2143_c0_g1_i1::g.53156::m.53156	54.531	640	267	9	68	692	651	1281	0.0	649
Gocefonb	CP@TRINITY_DN2143_c0_g1::CP@TRINITY_DN2143_c0_g1_i12::g.53168::m.53168	54.348	644	262	10	68	692	574	1204	0.0	648
Gocefonb	CP@TRINITY_DN2143_c0_g1::CP@TRINITY_DN2143_c0_g1_i11::g.53162::m.53162	54.348	644	262	10	68	692	574	1204	0.0	648
Endozona	CP@TRINITY_DN2143_c0_g1::CP@TRINITY_DN2143_c0_g1_i12::g.53168::m.53168	50.372	538	252	6	283	812	578	1108	1.76e-174	535
Endozona	CP@TRINITY_DN2143_c0_g1::CP@TRINITY_DN2143_c0_g1_i11::g.53162::m.53162	50.372	538	252	6	283	812	578	1108	1.76e-174	535
Endozona	CP@TRINITY_DN2143_c0_g1::CP@TRINITY_DN2143_c0_g1_i1::g.53156::m.53156	50.372	538	252	6	283	812	655	1185	1.49e-173	535
Cochminu	CP@TRINITY_DN2143_c0_g1::CP@TRINITY_DN2143_c0_g1_i12::g.53168::m.53168	51.325	604	277	8	414	1004	605	1204	0.0	601
Cochminu	CP@TRINITY_DN2143_c0_g1::CP@TRINITY_DN2143_c0_g1_i11::g.53162::m.53162	51.325	604	277	8	414	1004	605	1204	0.0	601
Cochminu	CP@TRINITY_DN2143_c0_g1::CP@TRINITY_DN2143_c0_g1_i1::g.53156::m.53156	51.325	604	277	8	414	1004	682	1281	0.0	601
Giarlamb	CP@TRINITY_DN2143_c0_g1::CP@TRINITY_DN2143_c0_g1_i12::g.53168::m.53168	42.879	667	326	15	275	920	572	1204	3.66e-160	501
Giarlamb	CP@TRINITY_DN2143_c0_g1::CP@TRINITY_DN2143_c0_g1_i11::g.53162::m.53162	42.879	667	326	15	275	920	572	1204	3.66e-160	501
Giarlamb	CP@TRINITY_DN2143_c0_g1::CP@TRINITY_DN2143_c0_g1_i1::g.53156::m.53156	42.879	667	326	15	275	920	649	1281	2.03e-159	501
Squajapo	CP@TRINITY_DN2143_c0_g1::CP@TRINITY_DN2143_c0_g1_i12::g.53168::m.53168	53.333	405	178	6	2	398	803	1204	5.97e-133	410
Squajapo	CP@TRINITY_DN2143_c0_g1::CP@TRINITY_DN2143_c0_g1_i11::g.53162::m.53162	53.333	405	178	6	2	398	803	1204	5.97e-133	410
Squajapo	CP@TRINITY_DN2143_c0_g1::CP@TRINITY_DN2143_c0_g1_i1::g.53156::m.53156	53.333	405	178	6	2	398	880	1281	3.26e-132	410
Armalang	CP@TRINITY_DN2143_c0_g1::CP@TRINITY_DN2143_c0_g1_i1::g.53156::m.53156	56.073	601	256	4	401	994	683	1282	0.0	683
Armalang	CP@TRINITY_DN2143_c0_g1::CP@TRINITY_DN2143_c0_g1_i12::g.53168::m.53168	56.073	601	256	4	401	994	606	1205	0.0	682
Armalang	CP@TRINITY_DN2143_c0_g1::CP@TRINITY_DN2143_c0_g1_i11::g.53162::m.53162	56.073	601	256	4	401	994	606	1205	0.0	682
Vermverm	CP@TRINITY_DN2143_c0_g1::CP@TRINITY_DN2143_c0_g1_i12::g.53168::m.53168	54.180	646	264	11	403	1040	581	1202	0.0	682
Vermverm	CP@TRINITY_DN2143_c0_g1::CP@TRINITY_DN2143_c0_g1_i11::g.53162::m.53162	54.180	646	264	11	403	1040	581	1202	0.0	682
Vermverm	CP@TRINITY_DN2143_c0_g1::CP@TRINITY_DN2143_c0_g1_i1::g.53156::m.53156	54.180	646	264	11	403	1040	658	1279	0.0	681
Echiexud	CP@TRINITY_DN2143_c0_g1::CP@TRINITY_DN2143_c0_g1_i1::g.53156::m.53156	56.811	602	246	7	222	815	683	1278	0.0	676
Echiexud	CP@TRINITY_DN2143_c0_g1::CP@TRINITY_DN2143_c0_g1_i12::g.53168::m.53168	56.811	602	246	7	222	815	606	1201	0.0	675
Echiexud	CP@TRINITY_DN2143_c0_g1::CP@TRINITY_DN2143_c0_g1_i11::g.53162::m.53162	56.811	602	246	7	222	815	606	1201	0.0	675
Flabcita	CP@TRINITY_DN2143_c0_g1::CP@TRINITY_DN2143_c0_g1_i12::g.53168::m.53168	51.661	602	281	7	338	932	606	1204	0.0	584
Flabcita	CP@TRINITY_DN2143_c0_g1::CP@TRINITY_DN2143_c0_g1_i11::g.53162::m.53162	51.661	602	281	7	338	932	606	1204	0.0	584
Flabcita	CP@TRINITY_DN2143_c0_g1::CP@TRINITY_DN2143_c0_g1_i1::g.53156::m.53156	51.661	602	281	7	338	932	683	1281	0.0	583
Rhizsaxo	CP@TRINITY_DN2143_c0_g1::CP@TRINITY_DN2143_c0_g1_i12::g.53168::m.53168	51.577	634	286	12	253	874	580	1204	0.0	607
Rhizsaxo	CP@TRINITY_DN2143_c0_g1::CP@TRINITY_DN2143_c0_g1_i11::g.53162::m.53162	51.577	634	286	12	253	874	580	1204	0.0	607
Rhizsaxo	CP@TRINITY_DN2143_c0_g1::CP@TRINITY_DN2143_c0_g1_i1::g.53156::m.53156	51.577	634	286	12	253	874	657	1281	0.0	605
NolaAFSM	CP@TRINITY_DN2143_c0_g1::CP@TRINITY_DN2143_c0_g1_i1::g.53156::m.53156	54.304	639	272	10	324	953	654	1281	0.0	654
NolaAFSM	CP@TRINITY_DN2143_c0_g1::CP@TRINITY_DN2143_c0_g1_i12::g.53168::m.53168	54.304	639	272	10	324	953	577	1204	0.0	653
NolaAFSM	CP@TRINITY_DN2143_c0_g1::CP@TRINITY_DN2143_c0_g1_i11::g.53162::m.53162	54.304	639	272	10	324	953	577	1204	0.0	653
Arcevulg	CP@TRINITY_DN2143_c0_g1::CP@TRINITY_DN2143_c0_g1_i12::g.53168::m.53168	51.932	647	283	11	564	1203	579	1204	0.0	631
Arcevulg	CP@TRINITY_DN2143_c0_g1::CP@TRINITY_DN2143_c0_g1_i11::g.53162::m.53162	51.932	647	283	11	564	1203	579	1204	0.0	631
Arcevulg	CP@TRINITY_DN2143_c0_g1::CP@TRINITY_DN2143_c0_g1_i1::g.53156::m.53156	51.932	647	283	11	564	1203	656	1281	0.0	630
Amoeprot	CP@TRINITY_DN2143_c0_g1::CP@TRINITY_DN2143_c0_g1_i12::g.53168::m.53168	53.427	642	275	9	41	672	577	1204	0.0	654
Amoeprot	CP@TRINITY_DN2143_c0_g1::CP@TRINITY_DN2143_c0_g1_i11::g.53162::m.53162	53.427	642	275	9	41	672	577	1204	0.0	654
Amoeprot	CP@TRINITY_DN2143_c0_g1::CP@TRINITY_DN2143_c0_g1_i1::g.53156::m.53156	53.427	642	275	9	41	672	654	1281	0.0	654
Coprprot	CP@TRINITY_DN2143_c0_g1::CP@TRINITY_DN2143_c0_g1_i1::g.53156::m.53156	52.673	636	282	8	385	1014	659	1281	0.0	664
Coprprot	CP@TRINITY_DN2143_c0_g1::CP@TRINITY_DN2143_c0_g1_i12::g.53168::m.53168	52.673	636	282	8	385	1014	582	1204	0.0	664
Coprprot	CP@TRINITY_DN2143_c0_g1::CP@TRINITY_DN2143_c0_g1_i11::g.53162::m.53162	52.673	636	282	8	385	1014	582	1204	0.0	664
Stensten	CP@TRINITY_DN2143_c0_g1::CP@TRINITY_DN2143_c0_g1_i12::g.53168::m.53168	55.302	613	264	5	468	1074	596	1204	0.0	686
Stensten	CP@TRINITY_DN2143_c0_g1::CP@TRINITY_DN2143_c0_g1_i11::g.53162::m.53162	55.302	613	264	5	468	1074	596	1204	0.0	686
Stensten	CP@TRINITY_DN2143_c0_g1::CP@TRINITY_DN2143_c0_g1_i1::g.53156::m.53156	55.302	613	264	5	468	1074	673	1281	0.0	685
Sapppeda	CP@TRINITY_DN2143_c0_g1::CP@TRINITY_DN2143_c0_g1_i12::g.53168::m.53168	53.323	632	283	6	304	928	578	1204	0.0	684
Sapppeda	CP@TRINITY_DN2143_c0_g1::CP@TRINITY_DN2143_c0_g1_i11::g.53162::m.53162	53.323	632	283	6	304	928	578	1204	0.0	684
Sapppeda	CP@TRINITY_DN2143_c0_g1::CP@TRINITY_DN2143_c0_g1_i1::g.53156::m.53156	53.323	632	283	6	304	928	655	1281	0.0	683
Cuneruss	CP@TRINITY_DN2143_c0_g1::CP@TRINITY_DN2143_c0_g1_i12::g.53168::m.53168	53.420	614	258	9	312	910	591	1191	0.0	624
Cuneruss	CP@TRINITY_DN2143_c0_g1::CP@TRINITY_DN2143_c0_g1_i11::g.53162::m.53162	53.420	614	258	9	312	910	591	1191	0.0	624
Cuneruss	CP@TRINITY_DN2143_c0_g1::CP@TRINITY_DN2143_c0_g1_i1::g.53156::m.53156	53.420	614	258	9	312	910	668	1268	0.0	624
Veximinu	CP@TRINITY_DN2143_c0_g1::CP@TRINITY_DN2143_c0_g1_i12::g.53168::m.53168	57.884	482	194	4	133	614	606	1078	0.0	563
Veximinu	CP@TRINITY_DN2143_c0_g1::CP@TRINITY_DN2143_c0_g1_i11::g.53162::m.53162	57.884	482	194	4	133	614	606	1078	0.0	563
Veximinu	CP@TRINITY_DN2143_c0_g1::CP@TRINITY_DN2143_c0_g1_i1::g.53156::m.53156	57.260	489	200	4	126	614	676	1155	0.0	563
Hetepall	CP@TRINITY_DN2143_c0_g1::CP@TRINITY_DN2143_c0_g1_i12::g.53168::m.53168	50.500	600	287	4	607	1196	605	1204	0.0	610
Hetepall	CP@TRINITY_DN2143_c0_g1::CP@TRINITY_DN2143_c0_g1_i11::g.53162::m.53162	50.500	600	287	4	607	1196	605	1204	0.0	610
Hetepall	CP@TRINITY_DN2143_c0_g1::CP@TRINITY_DN2143_c0_g1_i1::g.53156::m.53156	50.500	600	287	4	607	1196	682	1281	0.0	610
Paralevi	CP@TRINITY_DN2143_c0_g1::CP@TRINITY_DN2143_c0_g1_i12::g.53168::m.53168	53.506	385	170	4	7	385	810	1191	3.02e-125	389
Paralevi	CP@TRINITY_DN2143_c0_g1::CP@TRINITY_DN2143_c0_g1_i11::g.53162::m.53162	53.506	385	170	4	7	385	810	1191	3.02e-125	389
Paralevi	CP@TRINITY_DN2143_c0_g1::CP@TRINITY_DN2143_c0_g1_i1::g.53156::m.53156	53.506	385	170	4	7	385	887	1268	7.16e-125	389
Pharkirb	CP@TRINITY_DN2143_c0_g1::CP@TRINITY_DN2143_c0_g1_i1::g.53156::m.53156	57.835	619	250	4	107	714	664	1282	0.0	737
Pharkirb	CP@TRINITY_DN2143_c0_g1::CP@TRINITY_DN2143_c0_g1_i12::g.53168::m.53168	57.835	619	250	4	107	714	587	1205	0.0	736
Pharkirb	CP@TRINITY_DN2143_c0_g1::CP@TRINITY_DN2143_c0_g1_i11::g.53162::m.53162	57.835	619	250	4	107	714	587	1205	0.0	736
HeterBB2	CP@TRINITY_DN2143_c0_g1::CP@TRINITY_DN2143_c0_g1_i1::g.53156::m.53156	51.398	930	366	16	4	868	375	1283	0.0	807
HeterBB2	CP@TRINITY_DN2143_c0_g1::CP@TRINITY_DN2143_c0_g1_i12::g.53168::m.53168	51.398	930	366	16	4	868	298	1206	0.0	807
HeterBB2	CP@TRINITY_DN2143_c0_g1::CP@TRINITY_DN2143_c0_g1_i11::g.53162::m.53162	51.398	930	366	16	4	868	298	1206	0.0	807
Sphaarct	CP@TRINITY_DN2143_c0_g1::CP@TRINITY_DN2143_c0_g1_i12::g.53168::m.53168	60.345	290	112	2	518	804	593	882	2.41e-113	378
Sphaarct	CP@TRINITY_DN2143_c0_g1::CP@TRINITY_DN2143_c0_g1_i12::g.53168::m.53168	44.395	223	110	4	789	997	982	1204	1.13e-47	185
Sphaarct	CP@TRINITY_DN2143_c0_g1::CP@TRINITY_DN2143_c0_g1_i11::g.53162::m.53162	60.345	290	112	2	518	804	593	882	2.41e-113	378
Sphaarct	CP@TRINITY_DN2143_c0_g1::CP@TRINITY_DN2143_c0_g1_i11::g.53162::m.53162	44.395	223	110	4	789	997	982	1204	1.13e-47	185
Sphaarct	CP@TRINITY_DN2143_c0_g1::CP@TRINITY_DN2143_c0_g1_i1::g.53156::m.53156	60.345	290	112	2	518	804	670	959	9.84e-113	377
Sphaarct	CP@TRINITY_DN2143_c0_g1::CP@TRINITY_DN2143_c0_g1_i1::g.53156::m.53156	44.395	223	110	4	789	997	1059	1281	1.30e-47	185
Amoepara	CP@TRINITY_DN2143_c0_g1::CP@TRINITY_DN2143_c0_g1_i1::g.53156::m.53156	53.662	628	280	6	751	1369	656	1281	0.0	691
Amoepara	CP@TRINITY_DN2143_c0_g1::CP@TRINITY_DN2143_c0_g1_i12::g.53168::m.53168	53.662	628	280	6	751	1369	579	1204	0.0	690
Amoepara	CP@TRINITY_DN2143_c0_g1::CP@TRINITY_DN2143_c0_g1_i11::g.53162::m.53162	53.662	628	280	6	751	1369	579	1204	0.0	690
Minivibr	CP@TRINITY_DN2143_c0_g1::CP@TRINITY_DN2143_c0_g1_i12::g.53168::m.53168	51.205	498	233	5	1	491	710	1204	8.87e-159	482
Minivibr	CP@TRINITY_DN2143_c0_g1::CP@TRINITY_DN2143_c0_g1_i11::g.53162::m.53162	51.205	498	233	5	1	491	710	1204	8.87e-159	482
Minivibr	CP@TRINITY_DN2143_c0_g1::CP@TRINITY_DN2143_c0_g1_i1::g.53156::m.53156	51.205	498	233	5	1	491	787	1281	4.41e-158	482
Taensoli	CP@TRINITY_DN2143_c0_g1::CP@TRINITY_DN2143_c0_g1_i12::g.53168::m.53168	49.114	621	308	3	259	871	584	1204	0.0	578
Taensoli	CP@TRINITY_DN2143_c0_g1::CP@TRINITY_DN2143_c0_g1_i11::g.53162::m.53162	49.114	621	308	3	259	871	584	1204	0.0	578
Taensoli	CP@TRINITY_DN2143_c0_g1::CP@TRINITY_DN2143_c0_g1_i1::g.53156::m.53156	49.114	621	308	3	259	871	661	1281	0.0	578
Caeneleg	CP@TRINITY_DN2143_c0_g1::CP@TRINITY_DN2143_c0_g1_i1::g.53156::m.53156	41.630	908	471	13	205	1073	394	1281	0.0	633
Caeneleg	CP@TRINITY_DN2143_c0_g1::CP@TRINITY_DN2143_c0_g1_i12::g.53168::m.53168	41.630	908	471	13	205	1073	317	1204	0.0	632
Caeneleg	CP@TRINITY_DN2143_c0_g1::CP@TRINITY_DN2143_c0_g1_i11::g.53162::m.53162	41.630	908	471	13	205	1073	317	1204	0.0	632
Mnemleid	CP@TRINITY_DN2143_c0_g1::CP@TRINITY_DN2143_c0_g1_i12::g.53168::m.53168	53.038	609	272	5	519	1116	599	1204	0.0	654
Mnemleid	CP@TRINITY_DN2143_c0_g1::CP@TRINITY_DN2143_c0_g1_i11::g.53162::m.53162	53.038	609	272	5	519	1116	599	1204	0.0	654
Mnemleid	CP@TRINITY_DN2143_c0_g1::CP@TRINITY_DN2143_c0_g1_i1::g.53156::m.53156	53.038	609	272	5	519	1116	676	1281	0.0	654
Amphquee	CP@TRINITY_DN2143_c0_g1::CP@TRINITY_DN2143_c0_g1_i1::g.53156::m.53156	53.555	633	278	5	589	1205	649	1281	0.0	682
Tricadha	CP@TRINITY_DN2143_c0_g1::CP@TRINITY_DN2143_c0_g1_i12::g.53168::m.53168	51.275	353	129	3	583	928	582	898	1.41e-109	369
Tricadha	CP@TRINITY_DN2143_c0_g1::CP@TRINITY_DN2143_c0_g1_i11::g.53162::m.53162	51.275	353	129	3	583	928	582	898	1.41e-109	369
Tricadha	CP@TRINITY_DN2143_c0_g1::CP@TRINITY_DN2143_c0_g1_i1::g.53156::m.53156	51.275	353	129	3	583	928	659	975	5.58e-109	369
Aplycali	CP@TRINITY_DN2143_c0_g1::CP@TRINITY_DN2143_c0_g1_i1::g.53156::m.53156	45.260	886	431	12	396	1238	407	1281	0.0	692
Aplycali	CP@TRINITY_DN15437_c0_g1::CP@TRINITY_DN15437_c0_g1_i1::g.42245::m.42245	65.741	108	37	0	1026	1133	1	108	9.33e-46	160
Gallgall	CP@TRINITY_DN2143_c0_g1::CP@TRINITY_DN2143_c0_g1_i1::g.53156::m.53156	52.941	629	288	3	599	1219	653	1281	0.0	672
Gallgall	CP@TRINITY_DN2143_c0_g1::CP@TRINITY_DN2143_c0_g1_i12::g.53168::m.53168	52.941	629	288	3	599	1219	576	1204	0.0	671
Gallgall	CP@TRINITY_DN2143_c0_g1::CP@TRINITY_DN2143_c0_g1_i11::g.53162::m.53162	52.941	629	288	3	599	1219	576	1204	0.0	671
Gallgall	CP@TRINITY_DN15437_c0_g1::CP@TRINITY_DN15437_c0_g1_i1::g.42245::m.42245	66.981	106	35	0	1007	1112	1	106	8.30e-45	157
Branflor	CP@TRINITY_DN2143_c0_g1::CP@TRINITY_DN2143_c0_g1_i1::g.53156::m.53156	56.704	619	257	4	2	611	665	1281	0.0	687
Branflor	CP@TRINITY_DN2143_c0_g1::CP@TRINITY_DN2143_c0_g1_i12::g.53168::m.53168	56.704	619	257	4	2	611	588	1204	0.0	687
Branflor	CP@TRINITY_DN2143_c0_g1::CP@TRINITY_DN2143_c0_g1_i11::g.53162::m.53162	56.704	619	257	4	2	611	588	1204	0.0	687
Branflor	CP@TRINITY_DN15437_c0_g1::CP@TRINITY_DN15437_c0_g1_i1::g.42245::m.42245	63.889	108	39	0	398	505	1	108	1.61e-45	156
Apismell	CP@TRINITY_DN2143_c0_g1::CP@TRINITY_DN2143_c0_g1_i12::g.53168::m.53168	51.888	715	326	6	348	1046	492	1204	0.0	710
Apismell	CP@TRINITY_DN2143_c0_g1::CP@TRINITY_DN2143_c0_g1_i11::g.53162::m.53162	51.888	715	326	6	348	1046	492	1204	0.0	710
Apismell	CP@TRINITY_DN2143_c0_g1::CP@TRINITY_DN2143_c0_g1_i1::g.53156::m.53156	51.888	715	326	6	348	1046	569	1281	0.0	709
Apismell	CP@TRINITY_DN15437_c0_g1::CP@TRINITY_DN15437_c0_g1_i1::g.42245::m.42245	67.593	108	35	0	834	941	1	108	3.76e-47	164
Drosmela	CP@TRINITY_DN2143_c0_g1::CP@TRINITY_DN2143_c0_g1_i12::g.53168::m.53168	45.312	960	439	16	254	1143	261	1204	0.0	710
Drosmela	CP@TRINITY_DN2143_c0_g1::CP@TRINITY_DN2143_c0_g1_i11::g.53162::m.53162	45.312	960	439	16	254	1143	261	1204	0.0	710
Drosmela	CP@TRINITY_DN2143_c0_g1::CP@TRINITY_DN2143_c0_g1_i1::g.53156::m.53156	45.312	960	439	16	254	1143	338	1281	0.0	709
Drosmela	CP@TRINITY_DN15437_c0_g1::CP@TRINITY_DN15437_c0_g1_i1::g.42245::m.42245	69.444	108	33	0	931	1038	1	108	4.44e-49	169
Salprose	CP@TRINITY_DN2143_c0_g1::CP@TRINITY_DN2143_c0_g1_i12::g.53168::m.53168	53.909	614	274	5	488	1092	591	1204	0.0	681
Salprose	CP@TRINITY_DN2143_c0_g1::CP@TRINITY_DN2143_c0_g1_i11::g.53162::m.53162	53.909	614	274	5	488	1092	591	1204	0.0	681
Salprose	CP@TRINITY_DN2143_c0_g1::CP@TRINITY_DN2143_c0_g1_i1::g.53156::m.53156	53.909	614	274	5	488	1092	668	1281	0.0	681
Phalsoli	CP@TRINITY_DN2143_c0_g1::CP@TRINITY_DN2143_c0_g1_i1::g.53156::m.53156	59.868	608	231	5	19	617	679	1282	0.0	723
Phalsoli	CP@TRINITY_DN2143_c0_g1::CP@TRINITY_DN2143_c0_g1_i12::g.53168::m.53168	59.868	608	231	5	19	617	602	1205	0.0	722
Phalsoli	CP@TRINITY_DN2143_c0_g1::CP@TRINITY_DN2143_c0_g1_i11::g.53162::m.53162	59.868	608	231	5	19	617	602	1205	0.0	722
Soliirre	CP@TRINITY_DN2143_c0_g1::CP@TRINITY_DN2143_c0_g1_i12::g.53168::m.53168	60.362	608	229	5	345	942	600	1205	0.0	750
Soliirre	CP@TRINITY_DN2143_c0_g1::CP@TRINITY_DN2143_c0_g1_i11::g.53162::m.53162	60.362	608	229	5	345	942	600	1205	0.0	750
Soliirre	CP@TRINITY_DN2143_c0_g1::CP@TRINITY_DN2143_c0_g1_i1::g.53156::m.53156	60.362	608	229	5	345	942	677	1282	0.0	749
Filanola	CP@TRINITY_DN2143_c0_g1::CP@TRINITY_DN2143_c0_g1_i1::g.53156::m.53156	58.882	608	238	6	345	943	677	1281	0.0	726
Filanola	CP@TRINITY_DN2143_c0_g1::CP@TRINITY_DN2143_c0_g1_i12::g.53168::m.53168	58.882	608	238	6	345	943	600	1204	0.0	725
Filanola	CP@TRINITY_DN2143_c0_g1::CP@TRINITY_DN2143_c0_g1_i11::g.53162::m.53162	58.882	608	238	6	345	943	600	1204	0.0	725
Schivulg	CP@TRINITY_DN2143_c0_g1::CP@TRINITY_DN2143_c0_g1_i12::g.53168::m.53168	61.066	619	232	4	350	960	588	1205	0.0	769
Schivulg	CP@TRINITY_DN2143_c0_g1::CP@TRINITY_DN2143_c0_g1_i11::g.53162::m.53162	61.066	619	232	4	350	960	588	1205	0.0	769
Schivulg	CP@TRINITY_DN2143_c0_g1::CP@TRINITY_DN2143_c0_g1_i1::g.53156::m.53156	61.066	619	232	4	350	960	665	1282	0.0	769
Cavoapop	CP@TRINITY_DN2143_c0_g1::CP@TRINITY_DN2143_c0_g1_i12::g.53168::m.53168	47.024	1008	407	20	19	946	245	1205	0.0	763
Cavoapop	CP@TRINITY_DN2143_c0_g1::CP@TRINITY_DN2143_c0_g1_i11::g.53162::m.53162	47.024	1008	407	20	19	946	245	1205	0.0	763
Cavoapop	CP@TRINITY_DN2143_c0_g1::CP@TRINITY_DN2143_c0_g1_i1::g.53156::m.53156	47.024	1008	407	20	19	946	322	1282	0.0	763
Gefiokel	CP@TRINITY_DN2143_c0_g1::CP@TRINITY_DN2143_c0_g1_i12::g.53168::m.53168	58.236	601	244	3	232	825	604	1204	0.0	709
Gefiokel	CP@TRINITY_DN2143_c0_g1::CP@TRINITY_DN2143_c0_g1_i11::g.53162::m.53162	58.236	601	244	3	232	825	604	1204	0.0	709
Gefiokel	CP@TRINITY_DN2143_c0_g1::CP@TRINITY_DN2143_c0_g1_i1::g.53156::m.53156	58.236	601	244	3	232	825	681	1281	0.0	708
Diphrota	CP@TRINITY_DN2143_c0_g1::CP@TRINITY_DN2143_c0_g1_i12::g.53168::m.53168	49.852	1013	457	20	100	1081	214	1206	0.0	820
Diphrota	CP@TRINITY_DN2143_c0_g1::CP@TRINITY_DN2143_c0_g1_i11::g.53162::m.53162	49.852	1013	457	20	100	1081	214	1206	0.0	820
Diphrota	CP@TRINITY_DN2143_c0_g1::CP@TRINITY_DN2143_c0_g1_i1::g.53156::m.53156	50.202	990	449	18	117	1081	313	1283	0.0	820
Rigiramo	CP@TRINITY_DN2143_c0_g1::CP@TRINITY_DN2143_c0_g1_i12::g.53168::m.53168	62.479	605	215	6	348	942	602	1204	0.0	763
Rigiramo	CP@TRINITY_DN2143_c0_g1::CP@TRINITY_DN2143_c0_g1_i11::g.53162::m.53162	62.479	605	215	6	348	942	602	1204	0.0	763
Rigiramo	CP@TRINITY_DN2143_c0_g1::CP@TRINITY_DN2143_c0_g1_i1::g.53156::m.53156	62.479	605	215	6	348	942	679	1281	0.0	761
Reclamer	CP@TRINITY_DN2143_c0_g1::CP@TRINITY_DN2143_c0_g1_i12::g.53168::m.53168	58.824	323	132	1	22	344	766	1087	3.79e-126	390
Reclamer	CP@TRINITY_DN2143_c0_g1::CP@TRINITY_DN2143_c0_g1_i11::g.53162::m.53162	58.824	323	132	1	22	344	766	1087	3.79e-126	390
Reclamer	CP@TRINITY_DN2143_c0_g1::CP@TRINITY_DN2143_c0_g1_i1::g.53156::m.53156	57.485	334	141	1	11	344	832	1164	1.26e-125	390
Mantplas	CP@TRINITY_DN2143_c0_g1::CP@TRINITY_DN2143_c0_g1_i12::g.53168::m.53168	58.268	381	156	1	575	952	572	952	6.90e-154	485
Mantplas	CP@TRINITY_DN2143_c0_g1::CP@TRINITY_DN2143_c0_g1_i11::g.53162::m.53162	58.268	381	156	1	575	952	572	952	6.90e-154	485
Mantplas	CP@TRINITY_DN2143_c0_g1::CP@TRINITY_DN2143_c0_g1_i1::g.53156::m.53156	58.268	381	156	1	575	952	649	1029	2.73e-153	486
Eugllong	CP@TRINITY_DN2143_c0_g1::CP@TRINITY_DN2143_c0_g1_i12::g.53168::m.53168	53.918	638	270	11	152	773	577	1206	0.0	664
Eugllong	CP@TRINITY_DN2143_c0_g1::CP@TRINITY_DN2143_c0_g1_i11::g.53162::m.53162	53.918	638	270	11	152	773	577	1206	0.0	664
Eugllong	CP@TRINITY_DN2143_c0_g1::CP@TRINITY_DN2143_c0_g1_i1::g.53156::m.53156	53.918	638	270	11	152	773	654	1283	0.0	664
Euglgrac	CP@TRINITY_DN2143_c0_g1::CP@TRINITY_DN2143_c0_g1_i12::g.53168::m.53168	54.460	639	265	12	154	775	577	1206	0.0	666
Euglgrac	CP@TRINITY_DN2143_c0_g1::CP@TRINITY_DN2143_c0_g1_i11::g.53162::m.53162	54.460	639	265	12	154	775	577	1206	0.0	666
Euglgrac	CP@TRINITY_DN2143_c0_g1::CP@TRINITY_DN2143_c0_g1_i1::g.53156::m.53156	54.460	639	265	12	154	775	654	1283	0.0	666
Eutrgymn	CP@TRINITY_DN2143_c0_g1::CP@TRINITY_DN2143_c0_g1_i12::g.53168::m.53168	52.778	648	272	10	129	764	579	1204	0.0	663
Eutrgymn	CP@TRINITY_DN2143_c0_g1::CP@TRINITY_DN2143_c0_g1_i11::g.53162::m.53162	52.778	648	272	10	129	764	579	1204	0.0	663
Eutrgymn	CP@TRINITY_DN2143_c0_g1::CP@TRINITY_DN2143_c0_g1_i1::g.53156::m.53156	52.778	648	272	10	129	764	656	1281	0.0	663
Adunpalu	CP@TRINITY_DN2143_c0_g1::CP@TRINITY_DN2143_c0_g1_i1::g.53156::m.53156	50.243	617	281	12	387	985	673	1281	0.0	565
Adunpalu	CP@TRINITY_DN2143_c0_g1::CP@TRINITY_DN2143_c0_g1_i12::g.53168::m.53168	50.243	617	281	12	387	985	596	1204	0.0	565
Adunpalu	CP@TRINITY_DN2143_c0_g1::CP@TRINITY_DN2143_c0_g1_i11::g.53162::m.53162	50.243	617	281	12	387	985	596	1204	0.0	565
Ancysigm	CP@TRINITY_DN2143_c0_g1::CP@TRINITY_DN2143_c0_g1_i1::g.53156::m.53156	53.577	629	285	3	735	1356	655	1283	0.0	669
Ancysigm	CP@TRINITY_DN2143_c0_g1::CP@TRINITY_DN2143_c0_g1_i12::g.53168::m.53168	53.577	629	285	3	735	1356	578	1206	0.0	668
Ancysigm	CP@TRINITY_DN2143_c0_g1::CP@TRINITY_DN2143_c0_g1_i11::g.53162::m.53162	53.577	629	285	3	735	1356	578	1206	0.0	668
Nutolong	CP@TRINITY_DN2143_c0_g1::CP@TRINITY_DN2143_c0_g1_i1::g.53156::m.53156	54.849	629	275	4	22	641	653	1281	0.0	666
Nutolong	CP@TRINITY_DN2143_c0_g1::CP@TRINITY_DN2143_c0_g1_i12::g.53168::m.53168	54.849	629	275	4	22	641	576	1204	0.0	665
Nutolong	CP@TRINITY_DN2143_c0_g1::CP@TRINITY_DN2143_c0_g1_i11::g.53162::m.53162	54.849	629	275	4	22	641	576	1204	0.0	665
Carpmemb	CP@TRINITY_DN2143_c0_g1::CP@TRINITY_DN2143_c0_g1_i12::g.53168::m.53168	45.579	656	288	16	322	963	604	1204	1.99e-154	488
Carpmemb	CP@TRINITY_DN2143_c0_g1::CP@TRINITY_DN2143_c0_g1_i11::g.53162::m.53162	45.579	656	288	16	322	963	604	1204	1.99e-154	488
Carpmemb	CP@TRINITY_DN2143_c0_g1::CP@TRINITY_DN2143_c0_g1_i1::g.53156::m.53156	45.579	656	288	16	322	963	681	1281	1.53e-153	487
Trimmari	CP@TRINITY_DN2143_c0_g1::CP@TRINITY_DN2143_c0_g1_i12::g.53168::m.53168	53.943	634	277	6	92	716	579	1206	0.0	675
Trimmari	CP@TRINITY_DN2143_c0_g1::CP@TRINITY_DN2143_c0_g1_i11::g.53162::m.53162	53.943	634	277	6	92	716	579	1206	0.0	675
Trimmari	CP@TRINITY_DN2143_c0_g1::CP@TRINITY_DN2143_c0_g1_i1::g.53156::m.53156	53.943	634	277	6	92	716	656	1283	0.0	675
Mancberm	CP@TRINITY_DN2143_c0_g1::CP@TRINITY_DN2143_c0_g1_i12::g.53168::m.53168	53.501	557	237	7	35	582	602	1145	0.0	562
Mancberm	CP@TRINITY_DN2143_c0_g1::CP@TRINITY_DN2143_c0_g1_i11::g.53162::m.53162	53.501	557	237	7	35	582	602	1145	0.0	562
Mancberm	CP@TRINITY_DN2143_c0_g1::CP@TRINITY_DN2143_c0_g1_i1::g.53156::m.53156	53.501	557	237	7	35	582	679	1222	0.0	562
Lenilimo	CP@TRINITY_DN2143_c0_g1::CP@TRINITY_DN2143_c0_g1_i12::g.53168::m.53168	58.306	602	236	6	313	900	605	1205	0.0	703
Lenilimo	CP@TRINITY_DN2143_c0_g1::CP@TRINITY_DN2143_c0_g1_i11::g.53162::m.53162	58.306	602	236	6	313	900	605	1205	0.0	703
Lenilimo	CP@TRINITY_DN2143_c0_g1::CP@TRINITY_DN2143_c0_g1_i1::g.53156::m.53156	58.306	602	236	6	313	900	682	1282	0.0	703
Fabotrop	CP@TRINITY_DN2143_c0_g1::CP@TRINITY_DN2143_c0_g1_i1::g.53156::m.53156	51.399	786	331	9	13	770	519	1281	0.0	749
Fabotrop	CP@TRINITY_DN2143_c0_g1::CP@TRINITY_DN2143_c0_g1_i12::g.53168::m.53168	51.399	786	331	9	13	770	442	1204	0.0	748
Fabotrop	CP@TRINITY_DN2143_c0_g1::CP@TRINITY_DN2143_c0_g1_i11::g.53162::m.53162	51.399	786	331	9	13	770	442	1204	0.0	748
Fontalba	CP@TRINITY_DN2143_c0_g1::CP@TRINITY_DN2143_c0_g1_i12::g.53168::m.53168	53.884	605	268	4	258	851	600	1204	0.0	666
Fontalba	CP@TRINITY_DN2143_c0_g1::CP@TRINITY_DN2143_c0_g1_i11::g.53162::m.53162	53.884	605	268	4	258	851	600	1204	0.0	666
Fontalba	CP@TRINITY_DN2143_c0_g1::CP@TRINITY_DN2143_c0_g1_i1::g.53156::m.53156	53.884	605	268	4	258	851	677	1281	0.0	665
Neurcras	CP@TRINITY_DN2143_c0_g1::CP@TRINITY_DN2143_c0_g1_i1::g.53156::m.53156	48.256	1032	428	22	123	1101	303	1281	0.0	827
Neurcras	CP@TRINITY_DN2143_c0_g1::CP@TRINITY_DN2143_c0_g1_i12::g.53168::m.53168	48.256	1032	428	22	123	1101	226	1204	0.0	825
Neurcras	CP@TRINITY_DN2143_c0_g1::CP@TRINITY_DN2143_c0_g1_i11::g.53162::m.53162	48.256	1032	428	22	123	1101	226	1204	0.0	825
Aspefumi	CP@TRINITY_DN2143_c0_g1::CP@TRINITY_DN2143_c0_g1_i12::g.53168::m.53168	52.216	925	379	17	183	1067	303	1204	0.0	831
Aspefumi	CP@TRINITY_DN2143_c0_g1::CP@TRINITY_DN2143_c0_g1_i11::g.53162::m.53162	52.216	925	379	17	183	1067	303	1204	0.0	831
Aspefumi	CP@TRINITY_DN2143_c0_g1::CP@TRINITY_DN2143_c0_g1_i1::g.53156::m.53156	52.216	925	379	17	183	1067	380	1281	0.0	831
Schizpom	CP@TRINITY_DN2143_c0_g1::CP@TRINITY_DN2143_c0_g1_i12::g.53168::m.53168	62.664	608	215	7	478	1078	602	1204	0.0	792
Schizpom	CP@TRINITY_DN2143_c0_g1::CP@TRINITY_DN2143_c0_g1_i11::g.53162::m.53162	62.664	608	215	7	478	1078	602	1204	0.0	792
Schizpom	CP@TRINITY_DN2143_c0_g1::CP@TRINITY_DN2143_c0_g1_i1::g.53156::m.53156	62.664	608	215	7	478	1078	679	1281	0.0	791
Debahans	CP@TRINITY_DN2143_c0_g1::CP@TRINITY_DN2143_c0_g1_i12::g.53168::m.53168	47.550	959	384	19	128	1005	285	1205	0.0	785
Debahans	CP@TRINITY_DN2143_c0_g1::CP@TRINITY_DN2143_c0_g1_i11::g.53162::m.53162	47.550	959	384	19	128	1005	285	1205	0.0	785
Debahans	CP@TRINITY_DN2143_c0_g1::CP@TRINITY_DN2143_c0_g1_i1::g.53156::m.53156	47.550	959	384	19	128	1005	362	1282	0.0	784
Ustimayd	CP@TRINITY_DN2143_c0_g1::CP@TRINITY_DN2143_c0_g1_i12::g.53168::m.53168	51.852	1026	410	23	235	1224	227	1204	0.0	852
Ustimayd	CP@TRINITY_DN2143_c0_g1::CP@TRINITY_DN2143_c0_g1_i11::g.53162::m.53162	51.852	1026	410	23	235	1224	227	1204	0.0	852
Ustimayd	CP@TRINITY_DN2143_c0_g1::CP@TRINITY_DN2143_c0_g1_i1::g.53156::m.53156	53.741	949	375	19	292	1224	381	1281	0.0	852
Spizpunc	CP@TRINITY_DN2143_c0_g1::CP@TRINITY_DN2143_c0_g1_i12::g.53168::m.53168	52.986	1055	399	20	162	1208	239	1204	0.0	956
Spizpunc	CP@TRINITY_DN2143_c0_g1::CP@TRINITY_DN2143_c0_g1_i11::g.53162::m.53162	52.986	1055	399	20	162	1208	239	1204	0.0	956
Spizpunc	CP@TRINITY_DN2143_c0_g1::CP@TRINITY_DN2143_c0_g1_i1::g.53156::m.53156	53.175	1055	397	21	162	1208	316	1281	0.0	956
Rhizdele	CP@TRINITY_DN2143_c0_g1::CP@TRINITY_DN2143_c0_g1_i12::g.53168::m.53168	64.116	379	131	2	1	379	831	1204	1.00e-169	505
Rhizdele	CP@TRINITY_DN2143_c0_g1::CP@TRINITY_DN2143_c0_g1_i11::g.53162::m.53162	64.116	379	131	2	1	379	831	1204	1.00e-169	505
Rhizdele	CP@TRINITY_DN2143_c0_g1::CP@TRINITY_DN2143_c0_g1_i1::g.53156::m.53156	64.116	379	131	2	1	379	908	1281	6.14e-169	505
Blasbrit	CP@TRINITY_DN2143_c0_g1::CP@TRINITY_DN2143_c0_g1_i12::g.53168::m.53168	60.763	734	267	6	196	920	483	1204	0.0	884
Blasbrit	CP@TRINITY_DN2143_c0_g1::CP@TRINITY_DN2143_c0_g1_i11::g.53162::m.53162	60.763	734	267	6	196	920	483	1204	0.0	884
Blasbrit	CP@TRINITY_DN2143_c0_g1::CP@TRINITY_DN2143_c0_g1_i1::g.53156::m.53156	60.763	734	267	6	196	920	560	1281	0.0	883
Allomacr	CP@TRINITY_DN2143_c0_g1::CP@TRINITY_DN2143_c0_g1_i12::g.53168::m.53168	48.949	999	384	15	187	1118	265	1204	0.0	814
Allomacr	CP@TRINITY_DN2143_c0_g1::CP@TRINITY_DN2143_c0_g1_i11::g.53162::m.53162	48.949	999	384	15	187	1118	265	1204	0.0	814
Allomacr	CP@TRINITY_DN2143_c0_g1::CP@TRINITY_DN2143_c0_g1_i1::g.53156::m.53156	48.949	999	384	15	187	1118	342	1281	0.0	813
