Protadhe	CP@TRINITY_DN4015_c0_g1::CP@TRINITY_DN4015_c0_g1_i1::g.75061::m.75061	41.143	175	100	3	128	301	80	252	5.02e-44	151
Pyrapark	CP@TRINITY_DN4015_c0_g1::CP@TRINITY_DN4015_c0_g1_i1::g.75061::m.75061	49.231	195	98	1	124	318	80	273	3.79e-64	205
Pyrapark	CP@TRINITY_DN37247_c0_g1::CP@TRINITY_DN37247_c0_g1_i1::g.71825::m.71825	52.096	167	77	2	153	317	1	166	6.42e-53	172
Tetrasti	CP@TRINITY_DN4015_c0_g1::CP@TRINITY_DN4015_c0_g1_i1::g.75061::m.75061	47.236	199	104	1	177	375	74	271	2.60e-62	202
Tetrasti	CP@TRINITY_DN37247_c0_g1::CP@TRINITY_DN37247_c0_g1_i1::g.71825::m.71825	48.428	159	79	2	216	372	5	162	5.99e-43	149
Nephpyri	CP@TRINITY_DN4015_c0_g1::CP@TRINITY_DN4015_c0_g1_i1::g.75061::m.75061	53.807	197	90	1	196	392	78	273	1.48e-69	221
Nephpyri	CP@TRINITY_DN37247_c0_g1::CP@TRINITY_DN37247_c0_g1_i1::g.71825::m.71825	56.790	162	69	1	231	391	5	166	2.47e-57	186
Dunasali	CP@TRINITY_DN4015_c0_g1::CP@TRINITY_DN4015_c0_g1_i1::g.75061::m.75061	43.719	199	109	2	116	314	78	273	2.42e-57	188
Dunasali	CP@TRINITY_DN37247_c0_g1::CP@TRINITY_DN37247_c0_g1_i1::g.71825::m.71825	48.193	166	83	3	149	313	3	166	7.78e-46	154
Chlarein	CP@TRINITY_DN4015_c0_g1::CP@TRINITY_DN4015_c0_g1_i1::g.75061::m.75061	50.000	186	90	2	1	186	86	268	4.42e-63	197
Chlarein	CP@TRINITY_DN37247_c0_g1::CP@TRINITY_DN37247_c0_g1_i1::g.71825::m.71825	51.190	168	79	3	24	190	1	166	1.15e-51	164
Monobrev	CP@TRINITY_DN4015_c0_g1::CP@TRINITY_DN4015_c0_g1_i1::g.75061::m.75061	50.495	202	99	1	28	229	73	273	1.66e-69	216
Monobrev	CP@TRINITY_DN37247_c0_g1::CP@TRINITY_DN37247_c0_g1_i1::g.71825::m.71825	51.553	161	77	1	64	223	1	161	1.34e-51	166
Sphadest	CP@TRINITY_DN4015_c0_g1::CP@TRINITY_DN4015_c0_g1_i1::g.75061::m.75061	44.615	195	107	1	181	375	79	272	1.77e-60	198
Sphadest	CP@TRINITY_DN37247_c0_g1::CP@TRINITY_DN37247_c0_g1_i1::g.71825::m.71825	47.619	168	85	2	211	376	1	167	8.30e-47	159
Homosapi	CP@TRINITY_DN4015_c0_g1::CP@TRINITY_DN4015_c0_g1_i1::g.75061::m.75061	58.794	199	80	2	110	308	77	273	7.54e-80	245
Homosapi	CP@TRINITY_DN37247_c0_g1::CP@TRINITY_DN37247_c0_g1_i1::g.71825::m.71825	56.707	164	67	3	142	303	1	162	2.19e-53	174
Syssmult	CP@TRINITY_DN4015_c0_g1::CP@TRINITY_DN4015_c0_g1_i1::g.75061::m.75061	54.592	196	88	1	107	302	79	273	7.01e-76	234
Syssmult	CP@TRINITY_DN37247_c0_g1::CP@TRINITY_DN37247_c0_g1_i1::g.71825::m.71825	54.070	172	73	3	137	306	1	168	2.11e-54	176
Nemavect	CP@TRINITY_DN4015_c0_g1::CP@TRINITY_DN4015_c0_g1_i1::g.75061::m.75061	55.500	200	82	2	78	271	75	273	2.91e-76	234
Nemavect	CP@TRINITY_DN37247_c0_g1::CP@TRINITY_DN37247_c0_g1_i1::g.71825::m.71825	50.311	161	73	2	112	265	1	161	1.54e-46	154
Guilthet	CP@TRINITY_DN4015_c0_g1::CP@TRINITY_DN4015_c0_g1_i1::g.75061::m.75061	49.738	191	95	1	3	193	81	270	7.62e-67	207
Guilthet	CP@TRINITY_DN37247_c0_g1::CP@TRINITY_DN37247_c0_g1_i1::g.71825::m.71825	50.610	164	80	1	31	193	1	164	5.94e-52	165
Hemirufe	CP@TRINITY_DN4015_c0_g1::CP@TRINITY_DN4015_c0_g1_i1::g.75061::m.75061	46.907	194	102	1	160	353	81	273	6.77e-63	202
Hemirufe	CP@TRINITY_DN37247_c0_g1::CP@TRINITY_DN37247_c0_g1_i1::g.71825::m.71825	48.795	166	84	1	188	352	1	166	1.26e-48	162
Gemicryo	CP@TRINITY_DN4015_c0_g1::CP@TRINITY_DN4015_c0_g1_i1::g.75061::m.75061	45.361	194	105	1	39	232	78	270	6.05e-60	191
Gemicryo	CP@TRINITY_DN37247_c0_g1::CP@TRINITY_DN37247_c0_g1_i1::g.71825::m.71825	49.080	163	80	2	70	230	1	162	1.38e-48	158
Goniavon	CP@TRINITY_DN4015_c0_g1::CP@TRINITY_DN4015_c0_g1_i1::g.75061::m.75061	49.738	191	95	1	170	360	81	270	1.05e-63	205
Goniavon	CP@TRINITY_DN37247_c0_g1::CP@TRINITY_DN37247_c0_g1_i1::g.71825::m.71825	54.601	163	71	2	198	358	1	162	8.75e-51	168
Stencoer	CP@TRINITY_DN4015_c0_g1::CP@TRINITY_DN4015_c0_g1_i1::g.75061::m.75061	44.271	192	106	1	103	294	79	269	1.24e-55	182
Ichtmult	CP@TRINITY_DN4015_c0_g1::CP@TRINITY_DN4015_c0_g1_i1::g.75061::m.75061	41.117	197	114	2	72	268	76	270	4.23e-54	177
Ichtmult	CP@TRINITY_DN37247_c0_g1::CP@TRINITY_DN37247_c0_g1_i1::g.71825::m.71825	44.375	160	87	2	109	267	5	163	8.81e-41	140
Tetrther	CP@TRINITY_DN4015_c0_g1::CP@TRINITY_DN4015_c0_g1_i1::g.75061::m.75061	42.857	189	106	2	107	295	80	266	3.76e-53	176
Tetrther	CP@TRINITY_DN37247_c0_g1::CP@TRINITY_DN37247_c0_g1_i1::g.71825::m.71825	41.566	166	95	2	136	300	1	165	9.01e-41	140
Paratetr	CP@TRINITY_DN4015_c0_g1::CP@TRINITY_DN4015_c0_g1_i1::g.75061::m.75061	41.451	193	111	2	68	260	76	266	1.80e-51	170
Platmacr	CP@TRINITY_DN4015_c0_g1::CP@TRINITY_DN4015_c0_g1_i1::g.75061::m.75061	44.149	188	104	1	60	247	80	266	1.79e-51	170
Styllemn	CP@TRINITY_DN4015_c0_g1::CP@TRINITY_DN4015_c0_g1_i1::g.75061::m.75061	42.564	195	107	2	148	340	78	269	4.80e-53	177
Symbmicr	CP@TRINITY_DN4015_c0_g1::CP@TRINITY_DN4015_c0_g1_i1::g.75061::m.75061	43.455	191	106	2	153	343	80	268	2.91e-51	179
Symbmicr	CP@TRINITY_DN37247_c0_g1::CP@TRINITY_DN37247_c0_g1_i1::g.71825::m.71825	48.780	164	84	0	182	345	1	164	1.09e-44	158
Noctscin	CP@TRINITY_DN4015_c0_g1::CP@TRINITY_DN4015_c0_g1_i1::g.75061::m.75061	44.388	196	107	2	133	328	75	268	1.84e-55	184
Noctscin	CP@TRINITY_DN37247_c0_g1::CP@TRINITY_DN37247_c0_g1_i1::g.71825::m.71825	48.780	164	84	0	167	330	1	164	9.49e-46	155
Oxyrmari	CP@TRINITY_DN4015_c0_g1::CP@TRINITY_DN4015_c0_g1_i1::g.75061::m.75061	47.895	190	98	1	258	447	80	268	1.37e-59	197
Oxyrmari	CP@TRINITY_DN37247_c0_g1::CP@TRINITY_DN37247_c0_g1_i1::g.71825::m.71825	57.143	161	66	2	289	447	3	162	2.28e-52	175
AmoeALEX	CP@TRINITY_DN4015_c0_g1::CP@TRINITY_DN4015_c0_g1_i1::g.75061::m.75061	44.949	198	101	3	108	302	80	272	7.34e-54	179
AmoeALEX	CP@TRINITY_DN37247_c0_g1::CP@TRINITY_DN37247_c0_g1_i1::g.71825::m.71825	45.614	171	85	2	137	303	1	167	1.50e-43	148
HemaVICK	CP@TRINITY_DN4015_c0_g1::CP@TRINITY_DN4015_c0_g1_i1::g.75061::m.75061	45.833	192	101	2	102	293	80	268	1.29e-57	188
HemaVICK	CP@TRINITY_DN37247_c0_g1::CP@TRINITY_DN37247_c0_g1_i1::g.71825::m.71825	52.727	165	77	1	131	295	1	164	4.08e-53	173
Vitrbras	CP@TRINITY_DN4015_c0_g1::CP@TRINITY_DN4015_c0_g1_i1::g.75061::m.75061	48.571	210	97	2	166	375	75	273	3.81e-67	215
Vitrbras	CP@TRINITY_DN37247_c0_g1::CP@TRINITY_DN37247_c0_g1_i1::g.71825::m.71825	46.591	176	79	2	200	372	1	164	6.43e-49	164
Bigenata	CP@TRINITY_DN4015_c0_g1::CP@TRINITY_DN4015_c0_g1_i1::g.75061::m.75061	44.041	193	107	1	101	293	82	273	6.31e-59	190
Bigenata	CP@TRINITY_DN37247_c0_g1::CP@TRINITY_DN37247_c0_g1_i1::g.71825::m.71825	50.311	161	79	1	129	288	2	162	1.70e-50	165
Plasbras	CP@TRINITY_DN4015_c0_g1::CP@TRINITY_DN4015_c0_g1_i1::g.75061::m.75061	49.746	197	95	2	142	336	76	270	3.86e-61	198
Plasbras	CP@TRINITY_DN37247_c0_g1::CP@TRINITY_DN37247_c0_g1_i1::g.71825::m.71825	47.879	165	84	2	173	336	1	164	2.94e-45	153
Thectrah	CP@TRINITY_DN4015_c0_g1::CP@TRINITY_DN4015_c0_g1_i1::g.75061::m.75061	49.223	193	97	1	105	297	82	273	8.85e-63	200
Thectrah	CP@TRINITY_DN37247_c0_g1::CP@TRINITY_DN37247_c0_g1_i1::g.71825::m.71825	53.416	161	72	3	136	294	5	164	6.97e-48	158
Lapoguse	CP@TRINITY_DN4015_c0_g1::CP@TRINITY_DN4015_c0_g1_i1::g.75061::m.75061	46.774	186	98	1	23	208	78	262	9.19e-62	193
Lapoguse	CP@TRINITY_DN37247_c0_g1::CP@TRINITY_DN37247_c0_g1_i1::g.71825::m.71825	49.351	154	77	1	56	208	3	156	9.08e-50	159
Aurisoli	CP@TRINITY_DN4015_c0_g1::CP@TRINITY_DN4015_c0_g1_i1::g.75061::m.75061	50.000	140	68	2	1	140	131	268	3.32e-43	144
Aurisoli	CP@TRINITY_DN37247_c0_g1::CP@TRINITY_DN37247_c0_g1_i1::g.71825::m.71825	48.252	143	72	2	1	142	23	164	5.17e-41	135
Batrdend	CP@TRINITY_DN4015_c0_g1::CP@TRINITY_DN4015_c0_g1_i1::g.75061::m.75061	43.575	179	98	1	134	312	94	269	7.83e-46	158
Batrdend	CP@TRINITY_DN37247_c0_g1::CP@TRINITY_DN37247_c0_g1_i1::g.71825::m.71825	49.689	161	76	3	153	311	5	162	2.31e-41	143
BicoCB20	CP@TRINITY_DN4015_c0_g1::CP@TRINITY_DN4015_c0_g1_i1::g.75061::m.75061	49.239	197	99	1	200	396	78	273	3.14e-67	216
BicoCB20	CP@TRINITY_DN37247_c0_g1::CP@TRINITY_DN37247_c0_g1_i1::g.71825::m.71825	52.761	163	74	2	231	391	1	162	3.37e-48	163
MAST004E	CP@TRINITY_DN4015_c0_g1::CP@TRINITY_DN4015_c0_g1_i1::g.75061::m.75061	40.816	196	87	4	116	283	79	273	3.62e-43	149
MAST04A2	CP@TRINITY_DN4015_c0_g1::CP@TRINITY_DN4015_c0_g1_i1::g.75061::m.75061	48.223	197	100	2	187	383	79	273	3.13e-62	202
MAST04A2	CP@TRINITY_DN37247_c0_g1::CP@TRINITY_DN37247_c0_g1_i1::g.71825::m.71825	51.852	162	78	0	217	378	1	162	9.42e-49	164
EctocSP7	CP@TRINITY_DN4015_c0_g1::CP@TRINITY_DN4015_c0_g1_i1::g.75061::m.75061	47.449	196	101	2	216	410	79	273	5.03e-60	197
EctocSP7	CP@TRINITY_DN37247_c0_g1::CP@TRINITY_DN37247_c0_g1_i1::g.71825::m.71825	51.235	162	77	2	248	407	3	164	3.45e-52	173
Phytpara	CP@TRINITY_DN4015_c0_g1::CP@TRINITY_DN4015_c0_g1_i1::g.75061::m.75061	51.309	191	93	0	292	482	80	270	2.61e-63	207
Phytpara	CP@TRINITY_DN37247_c0_g1::CP@TRINITY_DN37247_c0_g1_i1::g.71825::m.71825	54.601	163	70	3	321	480	1	162	1.38e-51	173
TeloneP2	CP@TRINITY_DN4015_c0_g1::CP@TRINITY_DN4015_c0_g1_i1::g.75061::m.75061	46.465	198	105	1	160	357	77	273	2.33e-60	196
TeloneP2	CP@TRINITY_DN37247_c0_g1::CP@TRINITY_DN37247_c0_g1_i1::g.71825::m.71825	45.122	164	89	1	192	354	1	164	1.48e-44	152
Telosubt	CP@TRINITY_DN4015_c0_g1::CP@TRINITY_DN4015_c0_g1_i1::g.75061::m.75061	46.193	197	105	1	157	353	77	272	2.13e-59	194
Telosubt	CP@TRINITY_DN37247_c0_g1::CP@TRINITY_DN37247_c0_g1_i1::g.71825::m.71825	46.988	166	83	2	189	351	1	164	1.60e-45	154
TeloneP1	CP@TRINITY_DN4015_c0_g1::CP@TRINITY_DN4015_c0_g1_i1::g.75061::m.75061	45.270	148	80	1	165	312	77	223	9.09e-42	146
Styginca	CP@TRINITY_DN4015_c0_g1::CP@TRINITY_DN4015_c0_g1_i1::g.75061::m.75061	44.724	199	106	2	690	888	79	273	4.38e-51	181
Styginca	CP@TRINITY_DN37247_c0_g1::CP@TRINITY_DN37247_c0_g1_i1::g.71825::m.71825	48.765	162	82	1	723	883	1	162	2.58e-47	166
Andagodo	CP@TRINITY_DN37247_c0_g1::CP@TRINITY_DN37247_c0_g1_i1::g.71825::m.71825	50.000	166	78	3	3	165	1	164	4.33e-50	159
Andagodo	CP@TRINITY_DN4015_c0_g1::CP@TRINITY_DN4015_c0_g1_i1::g.75061::m.75061	44.311	167	92	1	2	168	108	273	3.95e-49	160
Phaeglob	CP@TRINITY_DN4015_c0_g1::CP@TRINITY_DN4015_c0_g1_i1::g.75061::m.75061	56.566	198	85	1	257	454	74	270	9.02e-73	232
Phaeglob	CP@TRINITY_DN37247_c0_g1::CP@TRINITY_DN37247_c0_g1_i1::g.71825::m.71825	56.707	164	68	2	292	453	1	163	7.65e-53	176
Gephhuxl	CP@TRINITY_DN4015_c0_g1::CP@TRINITY_DN4015_c0_g1_i1::g.75061::m.75061	52.632	190	89	1	2	191	82	270	2.23e-67	209
Gephhuxl	CP@TRINITY_DN37247_c0_g1::CP@TRINITY_DN37247_c0_g1_i1::g.71825::m.71825	51.852	162	75	2	31	190	3	163	6.85e-51	163
Naeggrub	CP@TRINITY_DN4015_c0_g1::CP@TRINITY_DN4015_c0_g1_i1::g.75061::m.75061	42.927	205	94	3	204	407	90	272	1.53e-47	164
Paraconf	CP@TRINITY_DN37247_c0_g1::CP@TRINITY_DN37247_c0_g1_i1::g.71825::m.71825	47.826	161	83	1	267	427	4	163	2.99e-42	147
Leptpyrr	CP@TRINITY_DN4015_c0_g1::CP@TRINITY_DN4015_c0_g1_i1::g.75061::m.75061	38.462	195	117	2	235	429	81	272	6.80e-43	152
Leptpyrr	CP@TRINITY_DN37247_c0_g1::CP@TRINITY_DN37247_c0_g1_i1::g.71825::m.71825	48.077	156	78	2	272	425	8	162	3.24e-41	144
Leismajo	CP@TRINITY_DN4015_c0_g1::CP@TRINITY_DN4015_c0_g1_i1::g.75061::m.75061	38.462	195	117	2	241	435	81	272	1.02e-41	149
Trypbruc	CP@TRINITY_DN4015_c0_g1::CP@TRINITY_DN4015_c0_g1_i1::g.75061::m.75061	41.206	199	108	4	217	413	81	272	9.26e-46	159
Protfung	CP@TRINITY_DN4015_c0_g1::CP@TRINITY_DN4015_c0_g1_i1::g.75061::m.75061	44.149	188	104	1	224	411	86	272	8.32e-51	172
Protfung	CP@TRINITY_DN37247_c0_g1::CP@TRINITY_DN37247_c0_g1_i1::g.71825::m.71825	46.875	160	82	2	254	411	8	166	7.80e-43	148
Physpoly	CP@TRINITY_DN4015_c0_g1::CP@TRINITY_DN4015_c0_g1_i1::g.75061::m.75061	51.934	181	87	0	168	348	90	270	1.98e-62	201
Physpoly	CP@TRINITY_DN37247_c0_g1::CP@TRINITY_DN37247_c0_g1_i1::g.71825::m.71825	53.704	162	71	3	189	347	3	163	6.55e-51	168
Monoexil	CP@TRINITY_DN37247_c0_g1::CP@TRINITY_DN37247_c0_g1_i1::g.71825::m.71825	48.214	168	86	1	161	328	1	167	2.24e-46	157
Monoexil	CP@TRINITY_DN4015_c0_g1::CP@TRINITY_DN4015_c0_g1_i1::g.75061::m.75061	41.489	188	107	3	137	324	85	269	1.38e-42	151
Pavl2436	CP@TRINITY_DN4015_c0_g1::CP@TRINITY_DN4015_c0_g1_i1::g.75061::m.75061	48.223	197	101	1	258	454	78	273	7.85e-62	203
Pavl2436	CP@TRINITY_DN37247_c0_g1::CP@TRINITY_DN37247_c0_g1_i1::g.71825::m.71825	50.000	164	79	2	289	450	1	163	8.85e-47	160
Diacluth	CP@TRINITY_DN4015_c0_g1::CP@TRINITY_DN4015_c0_g1_i1::g.75061::m.75061	49.239	197	99	1	223	419	78	273	4.27e-63	206
Diacluth	CP@TRINITY_DN37247_c0_g1::CP@TRINITY_DN37247_c0_g1_i1::g.71825::m.71825	50.610	164	78	2	254	415	1	163	1.47e-48	164
Prymparv	CP@TRINITY_DN4015_c0_g1::CP@TRINITY_DN4015_c0_g1_i1::g.75061::m.75061	54.315	197	89	1	203	399	77	272	7.72e-72	227
Prymparv	CP@TRINITY_DN37247_c0_g1::CP@TRINITY_DN37247_c0_g1_i1::g.71825::m.71825	55.952	168	71	2	235	400	1	167	3.68e-55	181
Prympoly	CP@TRINITY_DN4015_c0_g1::CP@TRINITY_DN4015_c0_g1_i1::g.75061::m.75061	53.299	197	91	1	202	398	77	272	7.56e-72	229
Prympoly	CP@TRINITY_DN37247_c0_g1::CP@TRINITY_DN37247_c0_g1_i1::g.71825::m.71825	54.167	168	74	2	234	399	1	167	6.89e-55	181
Chrycart	CP@TRINITY_DN4015_c0_g1::CP@TRINITY_DN4015_c0_g1_i1::g.75061::m.75061	51.546	194	93	1	187	380	78	270	1.43e-67	216
Chrycart	CP@TRINITY_DN37247_c0_g1::CP@TRINITY_DN37247_c0_g1_i1::g.71825::m.71825	52.439	164	75	2	218	379	1	163	4.78e-51	169
Tisolute	CP@TRINITY_DN4015_c0_g1::CP@TRINITY_DN4015_c0_g1_i1::g.75061::m.75061	52.239	201	93	2	189	389	73	270	6.08e-64	207
Tisolute	CP@TRINITY_DN37247_c0_g1::CP@TRINITY_DN37247_c0_g1_i1::g.71825::m.71825	53.012	166	73	3	225	388	1	163	2.78e-49	165
Chryrota	CP@TRINITY_DN4015_c0_g1::CP@TRINITY_DN4015_c0_g1_i1::g.75061::m.75061	53.234	201	93	1	115	315	74	273	2.29e-69	218
Chryrota	CP@TRINITY_DN37247_c0_g1::CP@TRINITY_DN37247_c0_g1_i1::g.71825::m.71825	53.049	164	74	2	150	311	1	163	3.11e-50	166
Physpate	CP@TRINITY_DN4015_c0_g1::CP@TRINITY_DN4015_c0_g1_i1::g.75061::m.75061	42.162	185	102	2	195	377	92	273	9.25e-46	159
Volvcart	CP@TRINITY_DN4015_c0_g1::CP@TRINITY_DN4015_c0_g1_i1::g.75061::m.75061	49.746	197	96	2	116	312	80	273	6.88e-65	207
Volvcart	CP@TRINITY_DN37247_c0_g1::CP@TRINITY_DN37247_c0_g1_i1::g.71825::m.71825	52.381	168	77	3	145	311	1	166	1.84e-50	166
Palpbili	CP@TRINITY_DN4015_c0_g1::CP@TRINITY_DN4015_c0_g1_i1::g.75061::m.75061	48.969	194	98	1	142	335	81	273	4.68e-64	205
Palpbili	CP@TRINITY_DN37247_c0_g1::CP@TRINITY_DN37247_c0_g1_i1::g.71825::m.71825	50.920	163	79	1	170	331	1	163	4.98e-51	167
Ancytwis	CP@TRINITY_DN4015_c0_g1::CP@TRINITY_DN4015_c0_g1_i1::g.75061::m.75061	56.085	189	82	1	193	381	86	273	1.26e-69	221
Ancytwis	CP@TRINITY_DN37247_c0_g1::CP@TRINITY_DN37247_c0_g1_i1::g.71825::m.71825	56.707	164	70	1	216	378	1	164	1.98e-54	179
Caferoen	CP@TRINITY_DN4015_c0_g1::CP@TRINITY_DN4015_c0_g1_i1::g.75061::m.75061	43.979	191	106	1	207	397	81	270	1.92e-56	187
Caferoen	CP@TRINITY_DN37247_c0_g1::CP@TRINITY_DN37247_c0_g1_i1::g.71825::m.71825	46.541	159	84	1	239	396	5	163	1.23e-44	153
Wobbluna	CP@TRINITY_DN4015_c0_g1::CP@TRINITY_DN4015_c0_g1_i1::g.75061::m.75061	45.641	195	105	1	203	397	80	273	1.44e-59	196
Wobbluna	CP@TRINITY_DN37247_c0_g1::CP@TRINITY_DN37247_c0_g1_i1::g.71825::m.71825	53.374	163	75	1	232	393	1	163	2.20e-49	166
PlacCLAB	CP@TRINITY_DN4015_c0_g1::CP@TRINITY_DN4015_c0_g1_i1::g.75061::m.75061	46.667	195	103	1	228	422	80	273	2.42e-59	196
PlacCLAB	CP@TRINITY_DN37247_c0_g1::CP@TRINITY_DN37247_c0_g1_i1::g.71825::m.71825	50.307	163	80	1	257	418	1	163	3.47e-47	160
Cantmars	CP@TRINITY_DN4015_c0_g1::CP@TRINITY_DN4015_c0_g1_i1::g.75061::m.75061	46.040	202	108	1	158	359	73	273	7.85e-62	200
Cantmars	CP@TRINITY_DN37247_c0_g1::CP@TRINITY_DN37247_c0_g1_i1::g.71825::m.71825	49.091	165	81	2	194	356	1	164	6.30e-49	163
Tripeleu	CP@TRINITY_DN4015_c0_g1::CP@TRINITY_DN4015_c0_g1_i1::g.75061::m.75061	46.939	196	102	1	226	421	79	272	4.88e-62	203
Tripeleu	CP@TRINITY_DN37247_c0_g1::CP@TRINITY_DN37247_c0_g1_i1::g.71825::m.71825	50.617	162	78	2	258	418	3	163	2.25e-50	169
Fibrjapo	CP@TRINITY_DN4015_c0_g1::CP@TRINITY_DN4015_c0_g1_i1::g.75061::m.75061	45.729	199	107	1	23	221	75	272	7.23e-65	203
Fibrjapo	CP@TRINITY_DN37247_c0_g1::CP@TRINITY_DN37247_c0_g1_i1::g.71825::m.71825	53.704	162	74	1	61	221	5	166	3.44e-55	175
Fucucera	CP@TRINITY_DN4015_c0_g1::CP@TRINITY_DN4015_c0_g1_i1::g.75061::m.75061	43.000	200	114	0	158	357	74	273	1.32e-56	187
Fucucera	CP@TRINITY_DN37247_c0_g1::CP@TRINITY_DN37247_c0_g1_i1::g.71825::m.71825	50.617	162	78	2	195	354	3	164	6.43e-51	168
Tribgaya	CP@TRINITY_DN4015_c0_g1::CP@TRINITY_DN4015_c0_g1_i1::g.75061::m.75061	47.000	200	106	0	18	217	74	273	8.85e-67	207
Tribgaya	CP@TRINITY_DN37247_c0_g1::CP@TRINITY_DN37247_c0_g1_i1::g.71825::m.71825	53.086	162	74	2	55	214	3	164	4.07e-56	177
Pelasubv	CP@TRINITY_DN37247_c0_g1::CP@TRINITY_DN37247_c0_g1_i1::g.71825::m.71825	53.521	142	62	3	2	140	25	165	6.00e-48	152
Pelasubv	CP@TRINITY_DN4015_c0_g1::CP@TRINITY_DN4015_c0_g1_i1::g.75061::m.75061	53.676	136	63	0	2	137	133	268	6.37e-46	150
Pelacalc	CP@TRINITY_DN4015_c0_g1::CP@TRINITY_DN4015_c0_g1_i1::g.75061::m.75061	49.744	195	98	0	185	379	79	273	5.07e-65	209
Pelacalc	CP@TRINITY_DN37247_c0_g1::CP@TRINITY_DN37247_c0_g1_i1::g.71825::m.71825	54.938	162	69	3	217	375	3	163	1.32e-53	176
Pela2097	CP@TRINITY_DN4015_c0_g1::CP@TRINITY_DN4015_c0_g1_i1::g.75061::m.75061	48.718	195	100	0	218	412	79	273	1.42e-62	203
Pela2097	CP@TRINITY_DN37247_c0_g1::CP@TRINITY_DN37247_c0_g1_i1::g.71825::m.71825	53.086	162	72	3	250	408	3	163	2.04e-53	176
Aureanop	CP@TRINITY_DN4015_c0_g1::CP@TRINITY_DN4015_c0_g1_i1::g.75061::m.75061	48.000	200	104	0	27	226	74	273	1.96e-67	210
Aureanop	CP@TRINITY_DN37247_c0_g1::CP@TRINITY_DN37247_c0_g1_i1::g.71825::m.71825	54.268	164	73	2	62	223	1	164	3.02e-55	175
Aurelagu	CP@TRINITY_DN4015_c0_g1::CP@TRINITY_DN4015_c0_g1_i1::g.75061::m.75061	41.951	205	113	3	141	344	74	273	5.41e-52	175
Aurelagu	CP@TRINITY_DN37247_c0_g1::CP@TRINITY_DN37247_c0_g1_i1::g.71825::m.71825	46.386	166	83	3	178	341	3	164	1.24e-43	150
Octaspec	CP@TRINITY_DN4015_c0_g1::CP@TRINITY_DN4015_c0_g1_i1::g.75061::m.75061	47.179	195	103	0	183	377	79	273	9.88e-64	206
Octaspec	CP@TRINITY_DN37247_c0_g1::CP@TRINITY_DN37247_c0_g1_i1::g.71825::m.71825	48.171	164	83	2	215	376	3	166	2.94e-45	154
Flor1587	CP@TRINITY_DN4015_c0_g1::CP@TRINITY_DN4015_c0_g1_i1::g.75061::m.75061	46.667	195	104	0	253	447	79	273	1.75e-60	202
Flor1587	CP@TRINITY_DN37247_c0_g1::CP@TRINITY_DN37247_c0_g1_i1::g.71825::m.71825	51.235	162	77	2	285	444	3	164	3.68e-49	168
Pseuelas	CP@TRINITY_DN4015_c0_g1::CP@TRINITY_DN4015_c0_g1_i1::g.75061::m.75061	47.179	195	99	2	2	194	79	271	1.46e-60	192
Pseuelas	CP@TRINITY_DN37247_c0_g1::CP@TRINITY_DN37247_c0_g1_i1::g.71825::m.71825	46.296	162	85	2	32	191	1	162	2.01e-45	150
Pedi2098	CP@TRINITY_DN4015_c0_g1::CP@TRINITY_DN4015_c0_g1_i1::g.75061::m.75061	48.000	200	102	2	135	333	75	273	5.56e-66	211
Pedi2098	CP@TRINITY_DN37247_c0_g1::CP@TRINITY_DN37247_c0_g1_i1::g.71825::m.71825	48.447	161	81	2	171	329	3	163	1.35e-48	162
Rhiz1243	CP@TRINITY_DN4015_c0_g1::CP@TRINITY_DN4015_c0_g1_i1::g.75061::m.75061	44.898	196	107	1	250	445	79	273	5.12e-56	188
Syncpusi	CP@TRINITY_DN4015_c0_g1::CP@TRINITY_DN4015_c0_g1_i1::g.75061::m.75061	48.404	188	97	0	14	201	79	266	4.80e-64	200
Syncpusi	CP@TRINITY_DN37247_c0_g1::CP@TRINITY_DN37247_c0_g1_i1::g.71825::m.71825	46.341	164	86	2	46	207	3	166	1.40e-47	154
Paravest	CP@TRINITY_DN4015_c0_g1::CP@TRINITY_DN4015_c0_g1_i1::g.75061::m.75061	49.143	175	88	1	233	407	79	252	1.46e-57	190
Dino2267	CP@TRINITY_DN4015_c0_g1::CP@TRINITY_DN4015_c0_g1_i1::g.75061::m.75061	48.980	196	99	1	243	438	79	273	5.36e-63	206
Dino2267	CP@TRINITY_DN37247_c0_g1::CP@TRINITY_DN37247_c0_g1_i1::g.71825::m.71825	48.193	166	85	1	273	437	1	166	6.15e-48	163
PoterBG1	CP@TRINITY_DN4015_c0_g1::CP@TRINITY_DN4015_c0_g1_i1::g.75061::m.75061	51.531	196	94	1	270	465	79	273	1.54e-66	216
PoterBG1	CP@TRINITY_DN37247_c0_g1::CP@TRINITY_DN37247_c0_g1_i1::g.71825::m.71825	51.205	166	80	1	300	464	1	166	4.50e-52	175
Pedoelon	CP@TRINITY_DN4015_c0_g1::CP@TRINITY_DN4015_c0_g1_i1::g.75061::m.75061	46.429	196	104	1	236	431	79	273	6.86e-61	201
Pedoelon	CP@TRINITY_DN37247_c0_g1::CP@TRINITY_DN37247_c0_g1_i1::g.71825::m.71825	50.602	166	81	1	266	430	1	166	7.32e-51	171
Ochr2298	CP@TRINITY_DN4015_c0_g1::CP@TRINITY_DN4015_c0_g1_i1::g.75061::m.75061	48.980	196	99	1	252	447	79	273	9.46e-65	211
Ochr2298	CP@TRINITY_DN37247_c0_g1::CP@TRINITY_DN37247_c0_g1_i1::g.71825::m.71825	51.220	164	79	1	284	446	3	166	7.00e-51	171
Mallmari	CP@TRINITY_DN4015_c0_g1::CP@TRINITY_DN4015_c0_g1_i1::g.75061::m.75061	48.980	196	99	1	213	408	79	273	1.00e-62	204
Mallmari	CP@TRINITY_DN37247_c0_g1::CP@TRINITY_DN37247_c0_g1_i1::g.71825::m.71825	53.659	164	75	1	245	407	3	166	9.96e-54	177
Chatsubs	CP@TRINITY_DN4015_c0_g1::CP@TRINITY_DN4015_c0_g1_i1::g.75061::m.75061	48.947	190	97	0	108	297	79	268	8.80e-64	204
Chatsubs	CP@TRINITY_DN37247_c0_g1::CP@TRINITY_DN37247_c0_g1_i1::g.71825::m.71825	50.625	160	77	2	142	299	5	164	2.29e-51	168
Heteakas	CP@TRINITY_DN4015_c0_g1::CP@TRINITY_DN4015_c0_g1_i1::g.75061::m.75061	46.193	197	98	2	307	499	79	271	1.84e-55	187
Paheparv	CP@TRINITY_DN4015_c0_g1::CP@TRINITY_DN4015_c0_g1_i1::g.75061::m.75061	44.845	194	106	1	280	473	81	273	3.48e-56	189
Paheparv	CP@TRINITY_DN37247_c0_g1::CP@TRINITY_DN37247_c0_g1_i1::g.71825::m.71825	51.220	164	79	1	310	472	3	166	1.54e-50	171
Pingpyre	CP@TRINITY_DN4015_c0_g1::CP@TRINITY_DN4015_c0_g1_i1::g.75061::m.75061	44.388	196	108	1	164	359	79	273	6.35e-58	191
Pingpyre	CP@TRINITY_DN37247_c0_g1::CP@TRINITY_DN37247_c0_g1_i1::g.71825::m.71825	50.000	164	81	1	196	358	3	166	5.97e-52	172
Saprdecl	CP@TRINITY_DN4015_c0_g1::CP@TRINITY_DN4015_c0_g1_i1::g.75061::m.75061	48.438	192	97	2	292	482	80	270	7.47e-61	201
Saprdecl	CP@TRINITY_DN37247_c0_g1::CP@TRINITY_DN37247_c0_g1_i1::g.71825::m.71825	54.938	162	71	2	321	480	1	162	3.29e-53	178
Albulaib	CP@TRINITY_DN4015_c0_g1::CP@TRINITY_DN4015_c0_g1_i1::g.75061::m.75061	48.677	189	97	0	294	482	82	270	9.62e-60	199
Albulaib	CP@TRINITY_DN37247_c0_g1::CP@TRINITY_DN37247_c0_g1_i1::g.71825::m.71825	51.534	163	75	3	321	480	1	162	3.51e-49	167
Pythirre	CP@TRINITY_DN4015_c0_g1::CP@TRINITY_DN4015_c0_g1_i1::g.75061::m.75061	49.479	192	95	2	366	556	80	270	2.38e-63	210
Pythirre	CP@TRINITY_DN37247_c0_g1::CP@TRINITY_DN37247_c0_g1_i1::g.71825::m.71825	55.828	163	68	3	395	554	1	162	5.25e-52	176
Deveeleg	CP@TRINITY_DN4015_c0_g1::CP@TRINITY_DN4015_c0_g1_i1::g.75061::m.75061	48.108	185	90	2	69	253	95	273	1.44e-57	186
Deveeleg	CP@TRINITY_DN37247_c0_g1::CP@TRINITY_DN37247_c0_g1_i1::g.71825::m.71825	50.888	169	77	2	83	250	1	164	3.24e-46	154
Haloseos	CP@TRINITY_DN4015_c0_g1::CP@TRINITY_DN4015_c0_g1_i1::g.75061::m.75061	40.092	217	105	2	148	364	80	271	1.10e-50	172
Auralima	CP@TRINITY_DN4015_c0_g1::CP@TRINITY_DN4015_c0_g1_i1::g.75061::m.75061	50.515	194	95	1	31	224	81	273	1.28e-66	207
Auralima	CP@TRINITY_DN37247_c0_g1::CP@TRINITY_DN37247_c0_g1_i1::g.71825::m.71825	53.529	170	73	3	61	228	3	168	2.74e-54	172
ThraLLF1	CP@TRINITY_DN4015_c0_g1::CP@TRINITY_DN4015_c0_g1_i1::g.75061::m.75061	49.153	177	89	1	1	177	98	273	2.46e-59	186
ThraLLF1	CP@TRINITY_DN37247_c0_g1::CP@TRINITY_DN37247_c0_g1_i1::g.71825::m.71825	50.625	160	76	2	16	173	5	163	9.11e-49	155
Schiaggr	CP@TRINITY_DN4015_c0_g1::CP@TRINITY_DN4015_c0_g1_i1::g.75061::m.75061	47.668	193	99	2	232	424	80	270	2.27e-59	196
Schiaggr	CP@TRINITY_DN37247_c0_g1::CP@TRINITY_DN37247_c0_g1_i1::g.71825::m.71825	48.750	160	80	2	265	423	5	163	3.90e-43	150
Karebrev	CP@TRINITY_DN4015_c0_g1::CP@TRINITY_DN4015_c0_g1_i1::g.75061::m.75061	43.684	190	105	2	109	298	81	268	3.16e-56	186
Karebrev	CP@TRINITY_DN37247_c0_g1::CP@TRINITY_DN37247_c0_g1_i1::g.71825::m.71825	49.390	164	83	0	137	300	1	164	7.70e-47	157
Chroveli	CP@TRINITY_DN4015_c0_g1::CP@TRINITY_DN4015_c0_g1_i1::g.75061::m.75061	47.120	191	97	3	262	452	80	266	5.20e-52	179
Pirisoci	CP@TRINITY_DN4015_c0_g1::CP@TRINITY_DN4015_c0_g1_i1::g.75061::m.75061	37.089	213	116	3	166	378	79	273	7.75e-46	159
Diplambu	CP@TRINITY_DN4015_c0_g1::CP@TRINITY_DN4015_c0_g1_i1::g.75061::m.75061	44.898	196	105	3	278	472	80	273	1.40e-52	179
Flecnera	CP@TRINITY_DN4015_c0_g1::CP@TRINITY_DN4015_c0_g1_i1::g.75061::m.75061	44.221	199	110	1	262	460	76	273	6.90e-55	185
Rhodlimn	CP@TRINITY_DN4015_c0_g1::CP@TRINITY_DN4015_c0_g1_i1::g.75061::m.75061	46.032	189	101	1	2	190	86	273	3.95e-60	191
Rhodlimn	CP@TRINITY_DN37247_c0_g1::CP@TRINITY_DN37247_c0_g1_i1::g.71825::m.71825	46.951	164	86	1	25	187	1	164	2.17e-47	155
Rhodemar	CP@TRINITY_DN4015_c0_g1::CP@TRINITY_DN4015_c0_g1_i1::g.75061::m.75061	41.000	200	115	2	176	373	75	273	1.72e-54	182
Rhodemar	CP@TRINITY_DN37247_c0_g1::CP@TRINITY_DN37247_c0_g1_i1::g.71825::m.71825	44.444	162	89	1	210	370	3	164	5.59e-45	154
Cyanpara	CP@TRINITY_DN4015_c0_g1::CP@TRINITY_DN4015_c0_g1_i1::g.75061::m.75061	53.299	197	91	1	189	385	78	273	5.78e-71	225
Cyanpara	CP@TRINITY_DN37247_c0_g1::CP@TRINITY_DN37247_c0_g1_i1::g.71825::m.71825	58.025	162	67	1	220	380	1	162	4.90e-55	180
Gloewitr	CP@TRINITY_DN4015_c0_g1::CP@TRINITY_DN4015_c0_g1_i1::g.75061::m.75061	55.155	194	86	1	131	324	81	273	2.19e-75	234
Gloewitr	CP@TRINITY_DN37247_c0_g1::CP@TRINITY_DN37247_c0_g1_i1::g.71825::m.71825	55.556	162	71	1	159	319	1	162	2.93e-56	181
PB58411a	CP@TRINITY_DN4015_c0_g1::CP@TRINITY_DN4015_c0_g1_i1::g.75061::m.75061	56.250	160	65	2	14	173	74	228	1.51e-55	180
Chlorept	CP@TRINITY_DN4015_c0_g1::CP@TRINITY_DN4015_c0_g1_i1::g.75061::m.75061	44.560	193	106	1	117	309	77	268	3.02e-58	189
Chlorept	CP@TRINITY_DN37247_c0_g1::CP@TRINITY_DN37247_c0_g1_i1::g.71825::m.71825	53.374	163	73	2	151	311	3	164	2.68e-52	170
Brevmoto	CP@TRINITY_DN4015_c0_g1::CP@TRINITY_DN4015_c0_g1_i1::g.75061::m.75061	46.032	189	100	2	89	277	82	268	1.43e-55	181
Brevmoto	CP@TRINITY_DN37247_c0_g1::CP@TRINITY_DN37247_c0_g1_i1::g.71825::m.71825	44.785	163	88	2	118	279	3	164	1.75e-42	144
MatazaD1	CP@TRINITY_DN4015_c0_g1::CP@TRINITY_DN4015_c0_g1_i1::g.75061::m.75061	46.970	198	102	2	160	357	74	268	2.64e-62	201
MatazaD1	CP@TRINITY_DN37247_c0_g1::CP@TRINITY_DN37247_c0_g1_i1::g.71825::m.71825	50.920	163	77	3	199	359	3	164	3.82e-48	161
Rhodsali	CP@TRINITY_DN4015_c0_g1::CP@TRINITY_DN4015_c0_g1_i1::g.75061::m.75061	49.479	192	96	1	141	332	78	268	5.45e-66	210
Rhodsali	CP@TRINITY_DN37247_c0_g1::CP@TRINITY_DN37247_c0_g1_i1::g.71825::m.71825	52.147	163	75	2	172	332	1	162	2.24e-51	169
Bafffrig	CP@TRINITY_DN4015_c0_g1::CP@TRINITY_DN4015_c0_g1_i1::g.75061::m.75061	50.515	194	94	2	1063	1255	74	266	8.08e-59	204
Bafffrig	CP@TRINITY_DN37247_c0_g1::CP@TRINITY_DN37247_c0_g1_i1::g.71825::m.71825	52.761	163	74	2	1097	1257	1	162	4.80e-46	163
Cryppara	CP@TRINITY_DN4015_c0_g1::CP@TRINITY_DN4015_c0_g1_i1::g.75061::m.75061	47.475	198	102	2	149	345	74	270	7.54e-64	207
Cryppara	CP@TRINITY_DN37247_c0_g1::CP@TRINITY_DN37247_c0_g1_i1::g.71825::m.71825	50.920	163	79	1	183	344	1	163	5.26e-51	170
Roomtrun	CP@TRINITY_DN4015_c0_g1::CP@TRINITY_DN4015_c0_g1_i1::g.75061::m.75061	48.454	194	99	1	136	329	81	273	3.66e-63	202
Roomtrun	CP@TRINITY_DN37247_c0_g1::CP@TRINITY_DN37247_c0_g1_i1::g.71825::m.71825	50.617	162	79	1	164	324	1	162	2.42e-51	168
Idiovort	CP@TRINITY_DN4015_c0_g1::CP@TRINITY_DN4015_c0_g1_i1::g.75061::m.75061	51.759	199	94	2	140	337	76	273	4.59e-70	221
Idiovort	CP@TRINITY_DN37247_c0_g1::CP@TRINITY_DN37247_c0_g1_i1::g.71825::m.71825	47.273	165	83	3	175	336	3	166	8.87e-48	159
Carpmemb	CP@TRINITY_DN4015_c0_g1::CP@TRINITY_DN4015_c0_g1_i1::g.75061::m.75061	45.349	172	91	1	89	257	95	266	3.25e-47	159
Adunpalu	CP@TRINITY_DN4015_c0_g1::CP@TRINITY_DN4015_c0_g1_i1::g.75061::m.75061	38.764	178	109	0	75	252	94	271	2.51e-41	144
Nutolong	CP@TRINITY_DN4015_c0_g1::CP@TRINITY_DN4015_c0_g1_i1::g.75061::m.75061	39.604	202	113	2	189	390	80	272	3.50e-43	152
Pharkirb	CP@TRINITY_DN4015_c0_g1::CP@TRINITY_DN4015_c0_g1_i1::g.75061::m.75061	43.005	193	108	2	79	271	76	266	7.02e-54	177
Pharkirb	CP@TRINITY_DN37247_c0_g1::CP@TRINITY_DN37247_c0_g1_i1::g.71825::m.71825	46.584	161	84	2	116	275	5	164	1.79e-47	157
Gefiokel	CP@TRINITY_DN4015_c0_g1::CP@TRINITY_DN4015_c0_g1_i1::g.75061::m.75061	44.615	195	107	1	133	327	80	273	2.34e-57	187
Gefiokel	CP@TRINITY_DN37247_c0_g1::CP@TRINITY_DN37247_c0_g1_i1::g.71825::m.71825	46.914	162	85	1	162	322	1	162	2.15e-43	148
Diphrota	CP@TRINITY_DN4015_c0_g1::CP@TRINITY_DN4015_c0_g1_i1::g.75061::m.75061	52.880	191	89	1	159	349	77	266	4.23e-70	222
Diphrota	CP@TRINITY_DN37247_c0_g1::CP@TRINITY_DN37247_c0_g1_i1::g.71825::m.71825	50.307	163	78	2	191	351	1	162	4.56e-50	166
Mantplas	CP@TRINITY_DN4015_c0_g1::CP@TRINITY_DN4015_c0_g1_i1::g.75061::m.75061	49.485	194	96	2	286	479	82	273	1.25e-59	198
Mantplas	CP@TRINITY_DN37247_c0_g1::CP@TRINITY_DN37247_c0_g1_i1::g.71825::m.71825	49.091	165	82	2	313	476	1	164	1.52e-44	154
Eutrgymn	CP@TRINITY_DN4015_c0_g1::CP@TRINITY_DN4015_c0_g1_i1::g.75061::m.75061	45.729	199	105	3	246	443	77	273	2.88e-57	191
Eutrgymn	CP@TRINITY_DN37247_c0_g1::CP@TRINITY_DN37247_c0_g1_i1::g.71825::m.71825	49.398	166	79	2	278	440	1	164	1.90e-45	156
Eugllong	CP@TRINITY_DN4015_c0_g1::CP@TRINITY_DN4015_c0_g1_i1::g.75061::m.75061	46.970	198	104	1	274	471	77	273	1.49e-57	192
Eugllong	CP@TRINITY_DN37247_c0_g1::CP@TRINITY_DN37247_c0_g1_i1::g.71825::m.71825	50.610	164	76	2	307	467	2	163	6.71e-45	155
Euglgrac	CP@TRINITY_DN4015_c0_g1::CP@TRINITY_DN4015_c0_g1_i1::g.75061::m.75061	46.970	198	104	1	254	451	77	273	1.18e-57	192
Euglgrac	CP@TRINITY_DN37247_c0_g1::CP@TRINITY_DN37247_c0_g1_i1::g.71825::m.71825	51.220	164	75	2	287	447	2	163	5.76e-46	157
Bodosalt	CP@TRINITY_DN4015_c0_g1::CP@TRINITY_DN4015_c0_g1_i1::g.75061::m.75061	39.801	201	118	2	315	515	76	273	4.62e-45	160
HeterBB2	CP@TRINITY_DN4015_c0_g1::CP@TRINITY_DN4015_c0_g1_i1::g.75061::m.75061	50.000	196	97	1	31	226	79	273	4.30e-65	203
HeterBB2	CP@TRINITY_DN37247_c0_g1::CP@TRINITY_DN37247_c0_g1_i1::g.71825::m.71825	52.795	161	75	1	63	222	3	163	2.99e-52	167
Lenilimo	CP@TRINITY_DN4015_c0_g1::CP@TRINITY_DN4015_c0_g1_i1::g.75061::m.75061	44.898	196	106	2	142	337	75	268	2.14e-54	180
Lenilimo	CP@TRINITY_DN37247_c0_g1::CP@TRINITY_DN37247_c0_g1_i1::g.71825::m.71825	46.012	163	88	0	176	338	1	163	1.31e-44	151
Fabotrop	CP@TRINITY_DN4015_c0_g1::CP@TRINITY_DN4015_c0_g1_i1::g.75061::m.75061	44.615	195	107	1	124	318	80	273	8.37e-54	179
Spizpunc	CP@TRINITY_DN4015_c0_g1::CP@TRINITY_DN4015_c0_g1_i1::g.75061::m.75061	44.865	185	99	1	164	348	85	266	2.04e-49	168
Mancberm	CP@TRINITY_DN4015_c0_g1::CP@TRINITY_DN4015_c0_g1_i1::g.75061::m.75061	48.421	190	98	0	122	311	81	270	1.44e-63	203
Mancberm	CP@TRINITY_DN37247_c0_g1::CP@TRINITY_DN37247_c0_g1_i1::g.71825::m.71825	51.235	162	77	2	150	309	1	162	2.66e-48	160
Phalsoli	CP@TRINITY_DN4015_c0_g1::CP@TRINITY_DN4015_c0_g1_i1::g.75061::m.75061	44.949	198	105	2	78	272	77	273	8.44e-57	184
Phalsoli	CP@TRINITY_DN37247_c0_g1::CP@TRINITY_DN37247_c0_g1_i1::g.71825::m.71825	48.125	160	82	1	109	267	3	162	1.51e-47	157
Rhizelon	CP@TRINITY_DN4015_c0_g1::CP@TRINITY_DN4015_c0_g1_i1::g.75061::m.75061	41.969	193	110	2	103	294	82	273	6.38e-51	170
Rhizelon	CP@TRINITY_DN37247_c0_g1::CP@TRINITY_DN37247_c0_g1_i1::g.71825::m.71825	48.125	160	81	2	132	289	3	162	5.13e-42	144
Masteilh	CP@TRINITY_DN4015_c0_g1::CP@TRINITY_DN4015_c0_g1_i1::g.75061::m.75061	45.050	202	104	3	146	346	78	273	1.96e-51	173
Masteilh	CP@TRINITY_DN37247_c0_g1::CP@TRINITY_DN37247_c0_g1_i1::g.71825::m.71825	48.824	170	78	4	177	343	1	164	5.91e-44	150
Caeneleg	CP@TRINITY_DN4015_c0_g1::CP@TRINITY_DN4015_c0_g1_i1::g.75061::m.75061	43.258	178	98	2	81	258	99	273	6.73e-47	158
Salprose	CP@TRINITY_DN4015_c0_g1::CP@TRINITY_DN4015_c0_g1_i1::g.75061::m.75061	48.500	200	102	1	112	311	75	273	7.02e-67	212
Salprose	CP@TRINITY_DN37247_c0_g1::CP@TRINITY_DN37247_c0_g1_i1::g.71825::m.71825	46.914	162	85	1	146	306	1	162	2.40e-47	158
Aplycali	CP@TRINITY_DN4015_c0_g1::CP@TRINITY_DN4015_c0_g1_i1::g.75061::m.75061	59.799	199	79	1	162	360	76	273	3.18e-84	258
Aplycali	CP@TRINITY_DN37247_c0_g1::CP@TRINITY_DN37247_c0_g1_i1::g.71825::m.71825	58.025	162	67	1	195	355	1	162	7.05e-60	192
Gallgall	CP@TRINITY_DN4015_c0_g1::CP@TRINITY_DN4015_c0_g1_i1::g.75061::m.75061	55.276	199	87	2	143	341	77	273	2.83e-73	229
Gallgall	CP@TRINITY_DN37247_c0_g1::CP@TRINITY_DN37247_c0_g1_i1::g.71825::m.71825	52.907	172	76	3	175	345	1	168	4.39e-51	169
Branflor	CP@TRINITY_DN4015_c0_g1::CP@TRINITY_DN4015_c0_g1_i1::g.75061::m.75061	59.898	197	78	1	25	221	78	273	1.10e-86	259
Branflor	CP@TRINITY_DN37247_c0_g1::CP@TRINITY_DN37247_c0_g1_i1::g.71825::m.71825	60.241	166	65	1	56	220	1	166	1.51e-62	194
Mnemleid	CP@TRINITY_DN4015_c0_g1::CP@TRINITY_DN4015_c0_g1_i1::g.75061::m.75061	56.122	196	85	1	102	297	79	273	3.00e-80	245
Mnemleid	CP@TRINITY_DN37247_c0_g1::CP@TRINITY_DN37247_c0_g1_i1::g.71825::m.71825	56.173	162	70	1	132	292	1	162	4.23e-59	187
Taensoli	CP@TRINITY_DN4015_c0_g1::CP@TRINITY_DN4015_c0_g1_i1::g.75061::m.75061	50.254	197	97	1	81	277	78	273	1.02e-70	219
Taensoli	CP@TRINITY_DN37247_c0_g1::CP@TRINITY_DN37247_c0_g1_i1::g.71825::m.71825	51.205	166	76	2	112	274	1	164	1.48e-51	167
Schimans	CP@TRINITY_DN4015_c0_g1::CP@TRINITY_DN4015_c0_g1_i1::g.75061::m.75061	57.937	126	52	1	103	228	79	203	5.83e-46	154
Apismell	CP@TRINITY_DN4015_c0_g1::CP@TRINITY_DN4015_c0_g1_i1::g.75061::m.75061	52.941	187	86	2	113	299	82	266	4.79e-63	201
Apismell	CP@TRINITY_DN37247_c0_g1::CP@TRINITY_DN37247_c0_g1_i1::g.71825::m.71825	51.852	162	74	3	140	299	1	160	2.90e-49	162
Amphquee	CP@TRINITY_DN4015_c0_g1::CP@TRINITY_DN4015_c0_g1_i1::g.75061::m.75061	56.410	195	84	1	121	315	80	273	1.90e-72	226
Amphquee	CP@TRINITY_DN37247_c0_g1::CP@TRINITY_DN37247_c0_g1_i1::g.71825::m.71825	53.086	162	73	2	150	309	1	161	2.30e-51	168
Tricadha	CP@TRINITY_DN4015_c0_g1::CP@TRINITY_DN4015_c0_g1_i1::g.75061::m.75061	48.927	233	81	3	166	398	79	273	1.95e-74	234
Tricadha	CP@TRINITY_DN37247_c0_g1::CP@TRINITY_DN37247_c0_g1_i1::g.71825::m.71825	45.000	200	72	4	196	394	1	163	1.44e-49	166
