Aurisoli	CP@TRINITY_DN1039_c2_g1::CP@TRINITY_DN1039_c2_g1_i2::g.5631::m.5631	30.642	483	272	12	357	783	9	484	6.25e-60	215
Aurisoli	CP@TRINITY_DN1039_c2_g1::CP@TRINITY_DN1039_c2_g1_i1::g.5630::m.5630	30.642	483	272	12	357	783	9	484	6.25e-60	215
Paulchro	CP@TRINITY_DN1039_c2_g1::CP@TRINITY_DN1039_c2_g1_i2::g.5631::m.5631	26.519	543	332	14	341	825	1	534	1.15e-45	174
Paulchro	CP@TRINITY_DN1039_c2_g1::CP@TRINITY_DN1039_c2_g1_i1::g.5630::m.5630	26.519	543	332	14	341	825	1	534	1.15e-45	174
Protfung	CP@TRINITY_DN1039_c2_g1::CP@TRINITY_DN1039_c2_g1_i2::g.5631::m.5631	27.717	552	316	16	330	815	9	543	2.74e-62	221
Protfung	CP@TRINITY_DN1039_c2_g1::CP@TRINITY_DN1039_c2_g1_i1::g.5630::m.5630	27.717	552	316	16	330	815	9	543	2.74e-62	221
Vitrbras	CP@TRINITY_DN1039_c2_g1::CP@TRINITY_DN1039_c2_g1_i2::g.5631::m.5631	29.433	547	292	18	341	817	10	532	1.25e-59	214
Vitrbras	CP@TRINITY_DN1039_c2_g1::CP@TRINITY_DN1039_c2_g1_i1::g.5630::m.5630	29.433	547	292	18	341	817	10	532	1.25e-59	214
Noctscin	CP@TRINITY_DN1039_c2_g1::CP@TRINITY_DN1039_c2_g1_i2::g.5631::m.5631	26.987	541	317	15	225	700	9	536	4.20e-60	213
Noctscin	CP@TRINITY_DN1039_c2_g1::CP@TRINITY_DN1039_c2_g1_i1::g.5630::m.5630	26.987	541	317	15	225	700	9	536	4.20e-60	213
Coralima	CP@TRINITY_DN1039_c2_g1::CP@TRINITY_DN1039_c2_g1_i2::g.5631::m.5631	29.061	554	321	11	338	833	9	548	1.31e-61	219
Coralima	CP@TRINITY_DN1039_c2_g1::CP@TRINITY_DN1039_c2_g1_i1::g.5630::m.5630	29.061	554	321	11	338	833	9	548	1.31e-61	219
Thalpseu	CP@TRINITY_DN1039_c2_g1::CP@TRINITY_DN1039_c2_g1_i2::g.5631::m.5631	27.843	510	299	13	348	798	9	508	3.44e-60	214
Thalpseu	CP@TRINITY_DN1039_c2_g1::CP@TRINITY_DN1039_c2_g1_i1::g.5630::m.5630	27.843	510	299	13	348	798	9	508	3.44e-60	214
Galdphle	CP@TRINITY_DN1039_c2_g1::CP@TRINITY_DN1039_c2_g1_i2::g.5631::m.5631	28.670	579	328	17	335	842	5	569	1.45e-65	231
Galdphle	CP@TRINITY_DN1039_c2_g1::CP@TRINITY_DN1039_c2_g1_i1::g.5630::m.5630	28.670	579	328	17	335	842	5	569	1.45e-65	231
Gracchor	CP@TRINITY_DN1039_c2_g1::CP@TRINITY_DN1039_c2_g1_i2::g.5631::m.5631	29.070	602	335	19	345	874	5	586	7.68e-65	229
Gracchor	CP@TRINITY_DN1039_c2_g1::CP@TRINITY_DN1039_c2_g1_i1::g.5630::m.5630	29.070	602	335	19	345	874	5	586	7.68e-65	229
Porppurp	CP@TRINITY_DN1039_c2_g1::CP@TRINITY_DN1039_c2_g1_i2::g.5631::m.5631	30.442	611	351	15	355	916	5	590	6.30e-74	254
Porppurp	CP@TRINITY_DN1039_c2_g1::CP@TRINITY_DN1039_c2_g1_i1::g.5630::m.5630	30.442	611	351	15	355	916	5	590	6.30e-74	254
Dunasali	CP@TRINITY_DN1039_c2_g1::CP@TRINITY_DN1039_c2_g1_i2::g.5631::m.5631	28.618	615	332	20	341	876	9	595	1.09e-59	214
Dunasali	CP@TRINITY_DN1039_c2_g1::CP@TRINITY_DN1039_c2_g1_i1::g.5630::m.5630	28.618	615	332	20	341	876	9	595	1.09e-59	214
Charbrau	CP@TRINITY_DN1039_c2_g1::CP@TRINITY_DN1039_c2_g1_i2::g.5631::m.5631	29.335	617	337	16	334	871	5	601	1.62e-68	239
Charbrau	CP@TRINITY_DN1039_c2_g1::CP@TRINITY_DN1039_c2_g1_i1::g.5630::m.5630	29.335	617	337	16	334	871	5	601	1.62e-68	239
Nephpyri	CP@TRINITY_DN1039_c2_g1::CP@TRINITY_DN1039_c2_g1_i2::g.5631::m.5631	30.542	609	327	20	334	864	5	595	2.76e-74	254
Nephpyri	CP@TRINITY_DN1039_c2_g1::CP@TRINITY_DN1039_c2_g1_i1::g.5630::m.5630	30.542	609	327	20	334	864	5	595	2.76e-74	254
Pyrapark	CP@TRINITY_DN1039_c2_g1::CP@TRINITY_DN1039_c2_g1_i2::g.5631::m.5631	28.440	545	307	18	326	804	9	536	2.22e-53	196
Pyrapark	CP@TRINITY_DN1039_c2_g1::CP@TRINITY_DN1039_c2_g1_i1::g.5630::m.5630	28.440	545	307	18	326	804	9	536	2.22e-53	196
Prascaps	CP@TRINITY_DN1039_c2_g1::CP@TRINITY_DN1039_c2_g1_i2::g.5631::m.5631	30.309	485	265	14	348	775	9	477	2.59e-64	226
Prascaps	CP@TRINITY_DN1039_c2_g1::CP@TRINITY_DN1039_c2_g1_i1::g.5630::m.5630	30.309	485	265	14	348	775	9	477	2.59e-64	226
Mesoviri	CP@TRINITY_DN1039_c2_g1::CP@TRINITY_DN1039_c2_g1_i2::g.5631::m.5631	30.275	545	309	17	334	822	5	534	2.71e-61	219
Mesoviri	CP@TRINITY_DN1039_c2_g1::CP@TRINITY_DN1039_c2_g1_i1::g.5630::m.5630	30.275	545	309	17	334	822	5	534	2.71e-61	219
Creofrag	CP@TRINITY_DN1039_c2_g1::CP@TRINITY_DN1039_c2_g1_i2::g.5631::m.5631	28.852	610	325	19	336	860	5	590	8.89e-60	214
Creofrag	CP@TRINITY_DN1039_c2_g1::CP@TRINITY_DN1039_c2_g1_i1::g.5630::m.5630	28.852	610	325	19	336	860	5	590	8.89e-60	214
Monobrev	CP@TRINITY_DN1039_c2_g1::CP@TRINITY_DN1039_c2_g1_i2::g.5631::m.5631	28.497	572	330	17	338	853	5	553	5.42e-61	218
Monobrev	CP@TRINITY_DN1039_c2_g1::CP@TRINITY_DN1039_c2_g1_i1::g.5630::m.5630	28.497	572	330	17	338	853	5	553	5.42e-61	218
Homosapi	CP@TRINITY_DN1039_c2_g1::CP@TRINITY_DN1039_c2_g1_i2::g.5631::m.5631	31.536	612	335	14	334	876	5	601	1.53e-87	291
Homosapi	CP@TRINITY_DN1039_c2_g1::CP@TRINITY_DN1039_c2_g1_i1::g.5630::m.5630	31.536	612	335	14	334	876	5	601	1.53e-87	291
Nemavect	CP@TRINITY_DN1039_c2_g1::CP@TRINITY_DN1039_c2_g1_i2::g.5631::m.5631	31.260	611	331	17	333	872	5	597	1.62e-85	285
Nemavect	CP@TRINITY_DN1039_c2_g1::CP@TRINITY_DN1039_c2_g1_i1::g.5630::m.5630	31.260	611	331	17	333	872	5	597	1.62e-85	285
Syssmult	CP@TRINITY_DN1039_c2_g1::CP@TRINITY_DN1039_c2_g1_i2::g.5631::m.5631	32.558	602	317	17	335	864	6	590	3.12e-88	293
Syssmult	CP@TRINITY_DN1039_c2_g1::CP@TRINITY_DN1039_c2_g1_i1::g.5630::m.5630	32.558	602	317	17	335	864	6	590	3.12e-88	293
Sphadest	CP@TRINITY_DN1039_c2_g1::CP@TRINITY_DN1039_c2_g1_i2::g.5631::m.5631	32.677	609	317	16	338	875	5	591	1.83e-95	312
Sphadest	CP@TRINITY_DN1039_c2_g1::CP@TRINITY_DN1039_c2_g1_i1::g.5630::m.5630	32.677	609	317	16	338	875	5	591	1.83e-95	312
Batrdend	CP@TRINITY_DN1039_c2_g1::CP@TRINITY_DN1039_c2_g1_i2::g.5631::m.5631	32.280	601	322	17	334	864	5	590	3.10e-93	306
Batrdend	CP@TRINITY_DN1039_c2_g1::CP@TRINITY_DN1039_c2_g1_i1::g.5630::m.5630	32.280	601	322	17	334	864	5	590	3.10e-93	306
Sacccere	CP@TRINITY_DN1039_c2_g1::CP@TRINITY_DN1039_c2_g1_i2::g.5631::m.5631	30.808	594	330	18	337	854	5	593	5.89e-80	270
Sacccere	CP@TRINITY_DN1039_c2_g1::CP@TRINITY_DN1039_c2_g1_i1::g.5630::m.5630	30.808	594	330	18	337	854	5	593	5.89e-80	270
Rozeallo	CP@TRINITY_DN1039_c2_g1::CP@TRINITY_DN1039_c2_g1_i2::g.5631::m.5631	25.461	597	354	19	334	850	5	590	1.57e-47	179
Rozeallo	CP@TRINITY_DN1039_c2_g1::CP@TRINITY_DN1039_c2_g1_i1::g.5630::m.5630	25.461	597	354	19	334	850	5	590	1.57e-47	179
Mitodaph	CP@TRINITY_DN1039_c2_g1::CP@TRINITY_DN1039_c2_g1_i2::g.5631::m.5631	24.083	627	365	19	337	892	4	590	4.75e-41	160
Mitodaph	CP@TRINITY_DN1039_c2_g1::CP@TRINITY_DN1039_c2_g1_i1::g.5630::m.5630	24.083	627	365	19	337	892	4	590	4.75e-41	160
Phaeglob	CP@TRINITY_DN1039_c2_g1::CP@TRINITY_DN1039_c2_g1_i2::g.5631::m.5631	30.164	610	323	17	340	871	9	593	7.56e-69	240
Phaeglob	CP@TRINITY_DN1039_c2_g1::CP@TRINITY_DN1039_c2_g1_i1::g.5630::m.5630	30.164	610	323	17	340	871	9	593	7.56e-69	240
Calclept	CP@TRINITY_DN1039_c2_g1::CP@TRINITY_DN1039_c2_g1_i2::g.5631::m.5631	29.967	604	326	18	342	870	9	590	1.14e-70	245
Calclept	CP@TRINITY_DN1039_c2_g1::CP@TRINITY_DN1039_c2_g1_i1::g.5630::m.5630	29.967	604	326	18	342	870	9	590	1.14e-70	245
Rainerin	CP@TRINITY_DN1039_c2_g1::CP@TRINITY_DN1039_c2_g1_i2::g.5631::m.5631	29.688	576	318	16	352	850	9	574	6.39e-65	229
Rainerin	CP@TRINITY_DN1039_c2_g1::CP@TRINITY_DN1039_c2_g1_i1::g.5630::m.5630	29.688	576	318	16	352	850	9	574	6.39e-65	229
AcanthFB	CP@TRINITY_DN1039_c2_g1::CP@TRINITY_DN1039_c2_g1_i2::g.5631::m.5631	26.218	595	349	16	340	858	9	589	8.23e-52	191
AcanthFB	CP@TRINITY_DN1039_c2_g1::CP@TRINITY_DN1039_c2_g1_i1::g.5630::m.5630	26.218	595	349	16	340	858	9	589	8.23e-52	191
Goniavon	CP@TRINITY_DN1039_c2_g1::CP@TRINITY_DN1039_c2_g1_i2::g.5631::m.5631	28.147	572	326	18	372	892	5	542	6.26e-55	201
Goniavon	CP@TRINITY_DN1039_c2_g1::CP@TRINITY_DN1039_c2_g1_i1::g.5630::m.5630	28.147	572	326	18	372	892	5	542	6.26e-55	201
Hemikukw	CP@TRINITY_DN1039_c2_g1::CP@TRINITY_DN1039_c2_g1_i2::g.5631::m.5631	27.857	560	332	15	145	647	10	554	2.42e-57	204
Hemikukw	CP@TRINITY_DN1039_c2_g1::CP@TRINITY_DN1039_c2_g1_i1::g.5630::m.5630	27.857	560	332	15	145	647	10	554	2.42e-57	204
Physpoly	CP@TRINITY_DN1039_c2_g1::CP@TRINITY_DN1039_c2_g1_i2::g.5631::m.5631	31.478	575	298	22	350	847	5	560	5.10e-68	238
Physpoly	CP@TRINITY_DN1039_c2_g1::CP@TRINITY_DN1039_c2_g1_i1::g.5630::m.5630	31.478	575	298	22	350	847	5	560	5.10e-68	238
Acancast	CP@TRINITY_DN1039_c2_g1::CP@TRINITY_DN1039_c2_g1_i2::g.5631::m.5631	30.579	605	329	17	330	851	1	597	4.61e-78	265
Acancast	CP@TRINITY_DN1039_c2_g1::CP@TRINITY_DN1039_c2_g1_i1::g.5630::m.5630	30.579	605	329	17	330	851	1	597	4.61e-78	265
Rhodemar	CP@TRINITY_DN1039_c2_g1::CP@TRINITY_DN1039_c2_g1_i2::g.5631::m.5631	28.141	597	334	16	333	843	2	589	1.85e-58	210
Rhodemar	CP@TRINITY_DN1039_c2_g1::CP@TRINITY_DN1039_c2_g1_i1::g.5630::m.5630	28.141	597	334	16	333	843	2	589	1.85e-58	210
Karebrev	CP@TRINITY_DN1039_c2_g1::CP@TRINITY_DN1039_c2_g1_i2::g.5631::m.5631	27.612	536	317	14	343	815	9	536	4.65e-58	209
Karebrev	CP@TRINITY_DN1039_c2_g1::CP@TRINITY_DN1039_c2_g1_i1::g.5630::m.5630	27.612	536	317	14	343	815	9	536	4.65e-58	209
Pirisoci	CP@TRINITY_DN1039_c2_g1::CP@TRINITY_DN1039_c2_g1_i2::g.5631::m.5631	29.433	547	302	18	368	853	9	532	4.88e-59	213
Pirisoci	CP@TRINITY_DN1039_c2_g1::CP@TRINITY_DN1039_c2_g1_i1::g.5630::m.5630	29.433	547	302	18	368	853	9	532	4.88e-59	213
Perkmari	CP@TRINITY_DN1039_c2_g1::CP@TRINITY_DN1039_c2_g1_i2::g.5631::m.5631	27.355	552	348	15	340	846	5	548	7.23e-59	212
Perkmari	CP@TRINITY_DN1039_c2_g1::CP@TRINITY_DN1039_c2_g1_i1::g.5630::m.5630	27.355	552	348	15	340	846	5	548	7.23e-59	212
Galdsulp	CP@TRINITY_DN1039_c2_g1::CP@TRINITY_DN1039_c2_g1_i2::g.5631::m.5631	29.038	582	323	18	334	842	5	569	3.24e-65	229
Galdsulp	CP@TRINITY_DN1039_c2_g1::CP@TRINITY_DN1039_c2_g1_i1::g.5630::m.5630	29.038	582	323	18	334	842	5	569	3.24e-65	229
Porpumbi	CP@TRINITY_DN1039_c2_g1::CP@TRINITY_DN1039_c2_g1_i2::g.5631::m.5631	31.310	626	328	23	356	919	5	590	4.03e-70	244
Porpumbi	CP@TRINITY_DN1039_c2_g1::CP@TRINITY_DN1039_c2_g1_i1::g.5630::m.5630	31.310	626	328	23	356	919	5	590	4.03e-70	244
Choncris	CP@TRINITY_DN1039_c2_g1::CP@TRINITY_DN1039_c2_g1_i2::g.5631::m.5631	27.213	610	346	18	161	692	5	594	2.57e-59	210
Choncris	CP@TRINITY_DN1039_c2_g1::CP@TRINITY_DN1039_c2_g1_i1::g.5630::m.5630	27.213	610	346	18	161	692	5	594	2.57e-59	210
Cerakond	CP@TRINITY_DN1039_c2_g1::CP@TRINITY_DN1039_c2_g1_i2::g.5631::m.5631	28.760	605	335	19	350	877	5	590	1.37e-66	233
Cerakond	CP@TRINITY_DN1039_c2_g1::CP@TRINITY_DN1039_c2_g1_i1::g.5630::m.5630	28.760	605	335	19	350	877	5	590	1.37e-66	233
Gratturu	CP@TRINITY_DN1039_c2_g1::CP@TRINITY_DN1039_c2_g1_i2::g.5631::m.5631	29.476	553	312	15	346	839	1	534	5.85e-64	226
Gratturu	CP@TRINITY_DN1039_c2_g1::CP@TRINITY_DN1039_c2_g1_i1::g.5630::m.5630	29.476	553	312	15	346	839	1	534	5.85e-64	226
Compcoer	CP@TRINITY_DN1039_c2_g1::CP@TRINITY_DN1039_c2_g1_i2::g.5631::m.5631	31.271	598	331	17	363	892	5	590	1.09e-73	258
Compcoer	CP@TRINITY_DN1039_c2_g1::CP@TRINITY_DN1039_c2_g1_i1::g.5630::m.5630	31.271	598	331	17	363	892	5	590	1.09e-73	258
Porpaeru	CP@TRINITY_DN1039_c2_g1::CP@TRINITY_DN1039_c2_g1_i2::g.5631::m.5631	31.841	603	315	18	348	891	5	570	1.87e-72	250
Porpaeru	CP@TRINITY_DN1039_c2_g1::CP@TRINITY_DN1039_c2_g1_i1::g.5630::m.5630	31.841	603	315	18	348	891	5	570	1.87e-72	250
Ostrtaur	CP@TRINITY_DN1039_c2_g1::CP@TRINITY_DN1039_c2_g1_i2::g.5631::m.5631	29.596	544	312	13	319	806	5	533	5.38e-69	240
Ostrtaur	CP@TRINITY_DN1039_c2_g1::CP@TRINITY_DN1039_c2_g1_i1::g.5630::m.5630	29.596	544	312	13	319	806	5	533	5.38e-69	240
Physpate	CP@TRINITY_DN1039_c2_g1::CP@TRINITY_DN1039_c2_g1_i2::g.5631::m.5631	29.476	553	302	16	339	826	5	534	2.14e-67	236
Physpate	CP@TRINITY_DN1039_c2_g1::CP@TRINITY_DN1039_c2_g1_i1::g.5630::m.5630	29.476	553	302	16	339	826	5	534	2.14e-67	236
Picosali	CP@TRINITY_DN1039_c2_g1::CP@TRINITY_DN1039_c2_g1_i2::g.5631::m.5631	30.000	600	337	18	321	864	1	573	1.76e-68	239
Picosali	CP@TRINITY_DN1039_c2_g1::CP@TRINITY_DN1039_c2_g1_i1::g.5630::m.5630	30.000	600	337	18	321	864	1	573	1.76e-68	239
Ancytwis	CP@TRINITY_DN1039_c2_g1::CP@TRINITY_DN1039_c2_g1_i2::g.5631::m.5631	28.187	557	324	14	238	733	5	546	5.03e-60	213
Ancytwis	CP@TRINITY_DN1039_c2_g1::CP@TRINITY_DN1039_c2_g1_i1::g.5630::m.5630	28.187	557	324	14	238	733	5	546	5.03e-60	213
Cyanpara	CP@TRINITY_DN1039_c2_g1::CP@TRINITY_DN1039_c2_g1_i2::g.5631::m.5631	28.453	601	345	15	331	852	5	599	3.71e-80	270
Cyanpara	CP@TRINITY_DN1039_c2_g1::CP@TRINITY_DN1039_c2_g1_i1::g.5630::m.5630	28.453	601	345	15	331	852	5	599	3.71e-80	270
Rhodsali	CP@TRINITY_DN1039_c2_g1::CP@TRINITY_DN1039_c2_g1_i2::g.5631::m.5631	28.014	589	321	20	334	867	5	545	1.08e-48	183
Rhodsali	CP@TRINITY_DN1039_c2_g1::CP@TRINITY_DN1039_c2_g1_i1::g.5630::m.5630	28.014	589	321	20	334	867	5	545	1.08e-48	183
Pavl2436	CP@TRINITY_DN1039_c2_g1::CP@TRINITY_DN1039_c2_g1_i2::g.5631::m.5631	28.385	613	340	15	352	883	5	599	2.17e-73	252
Pavl2436	CP@TRINITY_DN1039_c2_g1::CP@TRINITY_DN1039_c2_g1_i1::g.5630::m.5630	28.385	613	340	15	352	883	5	599	2.17e-73	252
Prymparv	CP@TRINITY_DN1039_c2_g1::CP@TRINITY_DN1039_c2_g1_i2::g.5631::m.5631	29.672	610	328	17	394	926	9	594	1.36e-68	241
Prymparv	CP@TRINITY_DN1039_c2_g1::CP@TRINITY_DN1039_c2_g1_i1::g.5630::m.5630	29.672	610	328	17	394	926	9	594	1.36e-68	241
Chrycart	CP@TRINITY_DN1039_c2_g1::CP@TRINITY_DN1039_c2_g1_i2::g.5631::m.5631	31.041	567	308	17	378	884	6	549	9.51e-72	249
Chrycart	CP@TRINITY_DN1039_c2_g1::CP@TRINITY_DN1039_c2_g1_i1::g.5630::m.5630	31.041	567	308	17	378	884	6	549	9.51e-72	249
Chryrota	CP@TRINITY_DN1039_c2_g1::CP@TRINITY_DN1039_c2_g1_i2::g.5631::m.5631	28.856	603	334	17	340	867	9	591	1.91e-59	214
Chryrota	CP@TRINITY_DN1039_c2_g1::CP@TRINITY_DN1039_c2_g1_i1::g.5630::m.5630	28.856	603	334	17	340	867	9	591	1.91e-59	214
Idiovort	CP@TRINITY_DN1039_c2_g1::CP@TRINITY_DN1039_c2_g1_i2::g.5631::m.5631	27.797	572	325	17	392	886	9	569	7.13e-51	189
Idiovort	CP@TRINITY_DN1039_c2_g1::CP@TRINITY_DN1039_c2_g1_i1::g.5630::m.5630	27.797	572	325	17	392	886	9	569	7.13e-51	189
Heteakas	CP@TRINITY_DN1039_c2_g1::CP@TRINITY_DN1039_c2_g1_i2::g.5631::m.5631	30.846	603	331	16	333	855	5	601	4.89e-79	267
Heteakas	CP@TRINITY_DN1039_c2_g1::CP@TRINITY_DN1039_c2_g1_i1::g.5630::m.5630	30.846	603	331	16	333	855	5	601	4.89e-79	267
Fragcyli	CP@TRINITY_DN1039_c2_g1::CP@TRINITY_DN1039_c2_g1_i2::g.5631::m.5631	26.765	609	354	16	269	799	5	599	8.69e-69	238
Fragcyli	CP@TRINITY_DN1039_c2_g1::CP@TRINITY_DN1039_c2_g1_i1::g.5630::m.5630	26.765	609	354	16	269	799	5	599	8.69e-69	238
Psuemult	CP@TRINITY_DN1039_c2_g1::CP@TRINITY_DN1039_c2_g1_i2::g.5631::m.5631	26.412	602	355	16	348	871	9	600	3.09e-65	229
Psuemult	CP@TRINITY_DN1039_c2_g1::CP@TRINITY_DN1039_c2_g1_i1::g.5630::m.5630	26.412	602	355	16	348	871	9	600	3.09e-65	229
Vauclito	CP@TRINITY_DN1039_c2_g1::CP@TRINITY_DN1039_c2_g1_i2::g.5631::m.5631	27.455	550	318	14	330	820	5	532	1.39e-53	197
Vauclito	CP@TRINITY_DN1039_c2_g1::CP@TRINITY_DN1039_c2_g1_i1::g.5630::m.5630	27.455	550	318	14	330	820	5	532	1.39e-53	197
Dino2267	CP@TRINITY_DN1039_c2_g1::CP@TRINITY_DN1039_c2_g1_i2::g.5631::m.5631	28.299	576	326	15	329	827	6	571	7.05e-65	228
Dino2267	CP@TRINITY_DN1039_c2_g1::CP@TRINITY_DN1039_c2_g1_i1::g.5630::m.5630	28.299	576	326	15	329	827	6	571	7.05e-65	228
Chryfrag	CP@TRINITY_DN1039_c2_g1::CP@TRINITY_DN1039_c2_g1_i2::g.5631::m.5631	28.467	548	315	15	386	873	5	535	5.41e-63	224
Chryfrag	CP@TRINITY_DN1039_c2_g1::CP@TRINITY_DN1039_c2_g1_i1::g.5630::m.5630	28.467	548	315	15	386	873	5	535	5.41e-63	224
Pelacalc	CP@TRINITY_DN1039_c2_g1::CP@TRINITY_DN1039_c2_g1_i2::g.5631::m.5631	29.492	590	336	14	350	868	5	585	6.90e-76	259
Pelacalc	CP@TRINITY_DN1039_c2_g1::CP@TRINITY_DN1039_c2_g1_i1::g.5630::m.5630	29.492	590	336	14	350	868	5	585	6.90e-76	259
Pela2097	CP@TRINITY_DN1039_c2_g1::CP@TRINITY_DN1039_c2_g1_i2::g.5631::m.5631	30.241	539	303	14	352	827	5	533	7.61e-64	226
Pela2097	CP@TRINITY_DN1039_c2_g1::CP@TRINITY_DN1039_c2_g1_i1::g.5630::m.5630	30.241	539	303	14	352	827	5	533	7.61e-64	226
Flor1587	CP@TRINITY_DN1039_c2_g1::CP@TRINITY_DN1039_c2_g1_i2::g.5631::m.5631	28.397	574	329	16	336	840	9	569	1.97e-61	219
Flor1587	CP@TRINITY_DN1039_c2_g1::CP@TRINITY_DN1039_c2_g1_i1::g.5630::m.5630	28.397	574	329	16	336	840	9	569	1.97e-61	219
Rhiz1243	CP@TRINITY_DN1039_c2_g1::CP@TRINITY_DN1039_c2_g1_i2::g.5631::m.5631	28.830	607	338	20	322	850	5	595	4.35e-59	213
Rhiz1243	CP@TRINITY_DN1039_c2_g1::CP@TRINITY_DN1039_c2_g1_i1::g.5630::m.5630	28.830	607	338	20	322	850	5	595	4.35e-59	213
Octaspec	CP@TRINITY_DN1039_c2_g1::CP@TRINITY_DN1039_c2_g1_i2::g.5631::m.5631	32.727	550	292	13	339	824	5	540	2.04e-82	276
Octaspec	CP@TRINITY_DN1039_c2_g1::CP@TRINITY_DN1039_c2_g1_i1::g.5630::m.5630	32.727	550	292	13	339	824	5	540	2.04e-82	276
Pseuelas	CP@TRINITY_DN1039_c2_g1::CP@TRINITY_DN1039_c2_g1_i2::g.5631::m.5631	27.042	551	322	16	323	812	5	536	5.38e-50	186
Pseuelas	CP@TRINITY_DN1039_c2_g1::CP@TRINITY_DN1039_c2_g1_i1::g.5630::m.5630	27.042	551	322	16	323	812	5	536	5.38e-50	186
Saprdecl	CP@TRINITY_DN1039_c2_g1::CP@TRINITY_DN1039_c2_g1_i2::g.5631::m.5631	28.114	594	339	18	333	846	9	594	1.98e-64	227
Saprdecl	CP@TRINITY_DN1039_c2_g1::CP@TRINITY_DN1039_c2_g1_i1::g.5630::m.5630	28.114	594	339	18	333	846	9	594	1.98e-64	227
Brevmoto	CP@TRINITY_DN1039_c2_g1::CP@TRINITY_DN1039_c2_g1_i2::g.5631::m.5631	27.664	535	323	12	355	830	11	540	7.98e-60	214
Brevmoto	CP@TRINITY_DN1039_c2_g1::CP@TRINITY_DN1039_c2_g1_i1::g.5630::m.5630	27.664	535	323	12	355	830	11	540	7.98e-60	214
Sapochin	CP@TRINITY_DN1039_c2_g1::CP@TRINITY_DN1039_c2_g1_i2::g.5631::m.5631	29.273	550	312	16	369	859	5	536	2.40e-57	208
Sapochin	CP@TRINITY_DN1039_c2_g1::CP@TRINITY_DN1039_c2_g1_i1::g.5630::m.5630	29.273	550	312	16	369	859	5	536	2.40e-57	208
Mantplas	CP@TRINITY_DN1039_c2_g1::CP@TRINITY_DN1039_c2_g1_i2::g.5631::m.5631	25.646	542	332	13	386	869	5	533	1.75e-45	173
Mantplas	CP@TRINITY_DN1039_c2_g1::CP@TRINITY_DN1039_c2_g1_i1::g.5630::m.5630	25.646	542	332	13	386	869	5	533	1.75e-45	173
Vermverm	CP@TRINITY_DN1039_c2_g1::CP@TRINITY_DN1039_c2_g1_i2::g.5631::m.5631	26.916	561	331	16	351	847	5	550	2.88e-56	204
Vermverm	CP@TRINITY_DN1039_c2_g1::CP@TRINITY_DN1039_c2_g1_i1::g.5630::m.5630	26.916	561	331	16	351	847	5	550	2.88e-56	204
Amoeprot	CP@TRINITY_DN1039_c2_g1::CP@TRINITY_DN1039_c2_g1_i2::g.5631::m.5631	30.151	597	319	19	357	869	8	590	1.49e-71	247
Amoeprot	CP@TRINITY_DN1039_c2_g1::CP@TRINITY_DN1039_c2_g1_i1::g.5630::m.5630	30.151	597	319	19	357	869	8	590	1.49e-71	247
Arcevulg	CP@TRINITY_DN1039_c2_g1::CP@TRINITY_DN1039_c2_g1_i2::g.5631::m.5631	30.478	607	314	25	349	866	3	590	3.90e-65	229
Arcevulg	CP@TRINITY_DN1039_c2_g1::CP@TRINITY_DN1039_c2_g1_i1::g.5630::m.5630	30.478	607	314	25	349	866	3	590	3.90e-65	229
Stensten	CP@TRINITY_DN1039_c2_g1::CP@TRINITY_DN1039_c2_g1_i2::g.5631::m.5631	28.716	592	339	16	338	853	5	589	7.09e-76	259
Stensten	CP@TRINITY_DN1039_c2_g1::CP@TRINITY_DN1039_c2_g1_i1::g.5630::m.5630	28.716	592	339	16	338	853	5	589	7.09e-76	259
Cuneruss	CP@TRINITY_DN1039_c2_g1::CP@TRINITY_DN1039_c2_g1_i2::g.5631::m.5631	25.876	599	350	19	341	858	5	590	1.50e-47	179
Cuneruss	CP@TRINITY_DN1039_c2_g1::CP@TRINITY_DN1039_c2_g1_i1::g.5630::m.5630	25.876	599	350	19	341	858	5	590	1.50e-47	179
Veximinu	CP@TRINITY_DN1039_c2_g1::CP@TRINITY_DN1039_c2_g1_i2::g.5631::m.5631	27.980	604	348	16	20	544	5	600	7.24e-66	224
Veximinu	CP@TRINITY_DN1039_c2_g1::CP@TRINITY_DN1039_c2_g1_i1::g.5630::m.5630	27.980	604	348	16	20	544	5	600	7.24e-66	224
Masteilh	CP@TRINITY_DN1039_c2_g1::CP@TRINITY_DN1039_c2_g1_i2::g.5631::m.5631	30.669	538	300	18	356	830	5	532	2.00e-61	219
Masteilh	CP@TRINITY_DN1039_c2_g1::CP@TRINITY_DN1039_c2_g1_i1::g.5630::m.5630	30.669	538	300	18	356	830	5	532	2.00e-61	219
Phalsoli	CP@TRINITY_DN1039_c2_g1::CP@TRINITY_DN1039_c2_g1_i2::g.5631::m.5631	30.169	590	324	17	337	847	9	589	1.75e-72	249
Phalsoli	CP@TRINITY_DN1039_c2_g1::CP@TRINITY_DN1039_c2_g1_i1::g.5630::m.5630	30.169	590	324	17	337	847	9	589	1.75e-72	249
Filanola	CP@TRINITY_DN1039_c2_g1::CP@TRINITY_DN1039_c2_g1_i2::g.5631::m.5631	32.374	556	294	18	338	824	9	551	8.62e-76	258
Filanola	CP@TRINITY_DN1039_c2_g1::CP@TRINITY_DN1039_c2_g1_i1::g.5630::m.5630	32.374	556	294	18	338	824	9	551	8.62e-76	258
Schivulg	CP@TRINITY_DN1039_c2_g1::CP@TRINITY_DN1039_c2_g1_i2::g.5631::m.5631	31.623	604	316	19	333	850	5	597	3.05e-79	268
Schivulg	CP@TRINITY_DN1039_c2_g1::CP@TRINITY_DN1039_c2_g1_i1::g.5630::m.5630	31.623	604	316	19	333	850	5	597	3.05e-79	268
Gocefonb	CP@TRINITY_DN1039_c2_g1::CP@TRINITY_DN1039_c2_g1_i2::g.5631::m.5631	30.976	594	315	20	373	883	9	590	2.97e-71	247
Gocefonb	CP@TRINITY_DN1039_c2_g1::CP@TRINITY_DN1039_c2_g1_i1::g.5630::m.5630	30.976	594	315	20	373	883	9	590	2.97e-71	247
Dracjorm	CP@TRINITY_DN1039_c2_g1::CP@TRINITY_DN1039_c2_g1_i2::g.5631::m.5631	28.492	537	316	15	340	816	5	533	7.54e-68	237
Dracjorm	CP@TRINITY_DN1039_c2_g1::CP@TRINITY_DN1039_c2_g1_i1::g.5630::m.5630	28.492	537	316	15	340	816	5	533	7.54e-68	237
Gefiokel	CP@TRINITY_DN1039_c2_g1::CP@TRINITY_DN1039_c2_g1_i2::g.5631::m.5631	27.852	596	345	14	328	844	5	594	3.25e-77	262
Gefiokel	CP@TRINITY_DN1039_c2_g1::CP@TRINITY_DN1039_c2_g1_i1::g.5630::m.5630	27.852	596	345	14	328	844	5	594	3.25e-77	262
Fabotrop	CP@TRINITY_DN1039_c2_g1::CP@TRINITY_DN1039_c2_g1_i2::g.5631::m.5631	28.966	580	311	20	341	843	5	560	1.30e-63	225
Fabotrop	CP@TRINITY_DN1039_c2_g1::CP@TRINITY_DN1039_c2_g1_i1::g.5630::m.5630	28.966	580	311	20	341	843	5	560	1.30e-63	225
Cochminu	CP@TRINITY_DN1039_c2_g1::CP@TRINITY_DN1039_c2_g1_i2::g.5631::m.5631	27.027	592	338	14	340	843	5	590	8.68e-63	223
Cochminu	CP@TRINITY_DN1039_c2_g1::CP@TRINITY_DN1039_c2_g1_i1::g.5630::m.5630	27.027	592	338	14	340	843	5	590	8.68e-63	223
Eutrgymn	CP@TRINITY_DN1039_c2_g1::CP@TRINITY_DN1039_c2_g1_i2::g.5631::m.5631	29.293	594	292	17	328	837	11	560	7.27e-62	220
Eutrgymn	CP@TRINITY_DN1039_c2_g1::CP@TRINITY_DN1039_c2_g1_i1::g.5630::m.5630	29.293	594	292	17	328	837	11	560	7.27e-62	220
HeterBB2	CP@TRINITY_DN1039_c2_g1::CP@TRINITY_DN1039_c2_g1_i2::g.5631::m.5631	29.054	592	334	14	333	844	5	590	1.95e-70	244
HeterBB2	CP@TRINITY_DN1039_c2_g1::CP@TRINITY_DN1039_c2_g1_i1::g.5630::m.5630	29.054	592	334	14	333	844	5	590	1.95e-70	244
Pharkirb	CP@TRINITY_DN1039_c2_g1::CP@TRINITY_DN1039_c2_g1_i2::g.5631::m.5631	25.216	579	344	17	334	831	5	575	3.77e-49	184
Pharkirb	CP@TRINITY_DN1039_c2_g1::CP@TRINITY_DN1039_c2_g1_i1::g.5630::m.5630	25.216	579	344	17	334	831	5	575	3.77e-49	184
Caeneleg	CP@TRINITY_DN1039_c2_g1::CP@TRINITY_DN1039_c2_g1_i2::g.5631::m.5631	26.731	621	358	18	341	888	5	601	1.51e-64	228
Caeneleg	CP@TRINITY_DN1039_c2_g1::CP@TRINITY_DN1039_c2_g1_i1::g.5630::m.5630	26.731	621	358	18	341	888	5	601	1.51e-64	228
Mnemleid	CP@TRINITY_DN1039_c2_g1::CP@TRINITY_DN1039_c2_g1_i2::g.5631::m.5631	30.921	608	332	16	343	879	5	595	4.28e-84	281
Mnemleid	CP@TRINITY_DN1039_c2_g1::CP@TRINITY_DN1039_c2_g1_i1::g.5630::m.5630	30.921	608	332	16	343	879	5	595	4.28e-84	281
Tricadha	CP@TRINITY_DN1039_c2_g1::CP@TRINITY_DN1039_c2_g1_i2::g.5631::m.5631	28.808	604	341	16	242	773	9	595	4.22e-75	255
Tricadha	CP@TRINITY_DN1039_c2_g1::CP@TRINITY_DN1039_c2_g1_i1::g.5630::m.5630	28.808	604	341	16	242	773	9	595	4.22e-75	255
Branflor	CP@TRINITY_DN1039_c2_g1::CP@TRINITY_DN1039_c2_g1_i2::g.5631::m.5631	31.788	604	324	12	339	865	5	597	8.03e-90	298
Branflor	CP@TRINITY_DN1039_c2_g1::CP@TRINITY_DN1039_c2_g1_i1::g.5630::m.5630	31.788	604	324	12	339	865	5	597	8.03e-90	298
Gallgall	CP@TRINITY_DN1039_c2_g1::CP@TRINITY_DN1039_c2_g1_i2::g.5631::m.5631	32.033	615	328	15	334	876	5	601	3.24e-90	298
Gallgall	CP@TRINITY_DN1039_c2_g1::CP@TRINITY_DN1039_c2_g1_i1::g.5630::m.5630	32.033	615	328	15	334	876	5	601	3.24e-90	298
Drosmela	CP@TRINITY_DN1039_c2_g1::CP@TRINITY_DN1039_c2_g1_i2::g.5631::m.5631	29.917	605	341	16	340	875	5	595	8.89e-79	267
Drosmela	CP@TRINITY_DN1039_c2_g1::CP@TRINITY_DN1039_c2_g1_i1::g.5630::m.5630	29.917	605	341	16	340	875	5	595	8.89e-79	267
Apismell	CP@TRINITY_DN1039_c2_g1::CP@TRINITY_DN1039_c2_g1_i2::g.5631::m.5631	30.870	609	336	12	341	880	5	597	6.34e-84	281
Apismell	CP@TRINITY_DN1039_c2_g1::CP@TRINITY_DN1039_c2_g1_i1::g.5630::m.5630	30.870	609	336	12	341	880	5	597	6.34e-84	281
Schimans	CP@TRINITY_DN1039_c2_g1::CP@TRINITY_DN1039_c2_g1_i2::g.5631::m.5631	32.242	611	345	19	338	897	5	597	4.00e-85	285
Schimans	CP@TRINITY_DN1039_c2_g1::CP@TRINITY_DN1039_c2_g1_i1::g.5630::m.5630	32.242	611	345	19	338	897	5	597	4.00e-85	285
Taensoli	CP@TRINITY_DN1039_c2_g1::CP@TRINITY_DN1039_c2_g1_i2::g.5631::m.5631	30.583	618	360	15	335	900	2	602	1.73e-77	265
Taensoli	CP@TRINITY_DN1039_c2_g1::CP@TRINITY_DN1039_c2_g1_i1::g.5630::m.5630	30.583	618	360	15	335	900	2	602	1.73e-77	265
Aplycali	CP@TRINITY_DN1039_c2_g1::CP@TRINITY_DN1039_c2_g1_i2::g.5631::m.5631	31.915	611	326	16	334	872	5	597	4.11e-89	295
Aplycali	CP@TRINITY_DN1039_c2_g1::CP@TRINITY_DN1039_c2_g1_i1::g.5630::m.5630	31.915	611	326	16	334	872	5	597	4.11e-89	295
Sphaarct	CP@TRINITY_DN1039_c2_g1::CP@TRINITY_DN1039_c2_g1_i2::g.5631::m.5631	28.079	609	340	15	336	864	5	595	4.22e-69	240
Sphaarct	CP@TRINITY_DN1039_c2_g1::CP@TRINITY_DN1039_c2_g1_i1::g.5630::m.5630	28.079	609	340	15	336	864	5	595	4.22e-69	240
Amoepara	CP@TRINITY_DN1039_c2_g1::CP@TRINITY_DN1039_c2_g1_i2::g.5631::m.5631	30.744	618	328	16	335	875	5	599	2.46e-85	285
Amoepara	CP@TRINITY_DN1039_c2_g1::CP@TRINITY_DN1039_c2_g1_i1::g.5630::m.5630	30.744	618	328	16	335	875	5	599	2.46e-85	285
Fontalba	CP@TRINITY_DN1039_c2_g1::CP@TRINITY_DN1039_c2_g1_i2::g.5631::m.5631	27.711	581	337	13	340	852	5	570	3.42e-66	232
Fontalba	CP@TRINITY_DN1039_c2_g1::CP@TRINITY_DN1039_c2_g1_i1::g.5630::m.5630	27.711	581	337	13	340	852	5	570	3.42e-66	232
Salprose	CP@TRINITY_DN1039_c2_g1::CP@TRINITY_DN1039_c2_g1_i2::g.5631::m.5631	26.066	610	366	14	335	878	2	592	5.23e-54	198
Salprose	CP@TRINITY_DN1039_c2_g1::CP@TRINITY_DN1039_c2_g1_i1::g.5630::m.5630	26.066	610	366	14	335	878	2	592	5.23e-54	198
Spizpunc	CP@TRINITY_DN1039_c2_g1::CP@TRINITY_DN1039_c2_g1_i2::g.5631::m.5631	32.492	594	318	17	332	850	5	590	8.71e-86	286
Spizpunc	CP@TRINITY_DN1039_c2_g1::CP@TRINITY_DN1039_c2_g1_i1::g.5630::m.5630	32.492	594	318	17	332	850	5	590	8.71e-86	286
Schizpom	CP@TRINITY_DN1039_c2_g1::CP@TRINITY_DN1039_c2_g1_i2::g.5631::m.5631	36.728	599	297	17	334	858	5	595	1.92e-106	340
Schizpom	CP@TRINITY_DN1039_c2_g1::CP@TRINITY_DN1039_c2_g1_i1::g.5630::m.5630	36.728	599	297	17	334	858	5	595	1.92e-106	340
Debahans	CP@TRINITY_DN1039_c2_g1::CP@TRINITY_DN1039_c2_g1_i2::g.5631::m.5631	29.580	595	336	13	333	853	5	590	1.65e-82	277
Debahans	CP@TRINITY_DN1039_c2_g1::CP@TRINITY_DN1039_c2_g1_i1::g.5630::m.5630	29.580	595	336	13	333	853	5	590	1.65e-82	277
Aspefumi	CP@TRINITY_DN1039_c2_g1::CP@TRINITY_DN1039_c2_g1_i2::g.5631::m.5631	33.389	599	316	16	334	857	5	595	1.21e-95	312
Aspefumi	CP@TRINITY_DN1039_c2_g1::CP@TRINITY_DN1039_c2_g1_i1::g.5630::m.5630	33.389	599	316	16	334	857	5	595	1.21e-95	312
Neurcras	CP@TRINITY_DN1039_c2_g1::CP@TRINITY_DN1039_c2_g1_i2::g.5631::m.5631	30.936	598	334	15	336	861	5	595	9.61e-88	291
Neurcras	CP@TRINITY_DN1039_c2_g1::CP@TRINITY_DN1039_c2_g1_i1::g.5630::m.5630	30.936	598	334	15	336	861	5	595	9.61e-88	291
Coprcine	CP@TRINITY_DN1039_c2_g1::CP@TRINITY_DN1039_c2_g1_i2::g.5631::m.5631	33.278	604	315	14	334	861	5	596	2.40e-97	317
Coprcine	CP@TRINITY_DN1039_c2_g1::CP@TRINITY_DN1039_c2_g1_i1::g.5630::m.5630	33.278	604	315	14	334	861	5	596	2.40e-97	317
Ustimayd	CP@TRINITY_DN1039_c2_g1::CP@TRINITY_DN1039_c2_g1_i2::g.5631::m.5631	32.020	609	315	14	334	866	5	590	2.07e-100	325
Ustimayd	CP@TRINITY_DN1039_c2_g1::CP@TRINITY_DN1039_c2_g1_i1::g.5630::m.5630	32.020	609	315	14	334	866	5	590	2.07e-100	325
Rhizdele	CP@TRINITY_DN1039_c2_g1::CP@TRINITY_DN1039_c2_g1_i2::g.5631::m.5631	38.087	596	286	15	337	858	9	595	5.44e-122	381
Rhizdele	CP@TRINITY_DN1039_c2_g1::CP@TRINITY_DN1039_c2_g1_i1::g.5630::m.5630	38.087	596	286	15	337	858	9	595	5.44e-122	381
Allomacr	CP@TRINITY_DN1039_c2_g1::CP@TRINITY_DN1039_c2_g1_i2::g.5631::m.5631	32.508	606	316	18	332	859	5	595	3.71e-77	262
Allomacr	CP@TRINITY_DN1039_c2_g1::CP@TRINITY_DN1039_c2_g1_i1::g.5630::m.5630	32.508	606	316	18	332	859	5	595	3.71e-77	262
Blasbrit	CP@TRINITY_DN1039_c2_g1::CP@TRINITY_DN1039_c2_g1_i2::g.5631::m.5631	29.228	609	332	20	333	861	5	594	7.24e-63	223
Blasbrit	CP@TRINITY_DN1039_c2_g1::CP@TRINITY_DN1039_c2_g1_i1::g.5630::m.5630	29.228	609	332	20	333	861	5	594	7.24e-63	223
