Blasemer	CP@TRINITY_DN5869_c0_g1::CP@TRINITY_DN5869_c0_g1_i1::g.16600::m.16600	79.870	154	31	0	1	154	2	155	3.02e-83	244
Blasemer	CP@TRINITY_DN4168_c3_g1::CP@TRINITY_DN4168_c3_g1_i1::g.75817::m.75817	55.500	200	89	0	1	200	8	207	4.06e-75	229
Blasemer	CP@TRINITY_DN5869_c0_g1::CP@TRINITY_DN5869_c0_g1_i2::g.16602::m.16602	81.343	134	25	0	21	154	11	144	4.64e-72	215
Protlace	CP@TRINITY_DN5869_c0_g1::CP@TRINITY_DN5869_c0_g1_i1::g.16600::m.16600	75.484	155	37	1	391	544	1	155	7.92e-69	224
Protlace	CP@TRINITY_DN4168_c3_g1::CP@TRINITY_DN4168_c3_g1_i1::g.75817::m.75817	43.929	280	135	5	387	646	3	280	6.06e-67	224
Protlace	CP@TRINITY_DN5869_c0_g1::CP@TRINITY_DN5869_c0_g1_i2::g.16602::m.16602	76.471	136	32	0	409	544	9	144	5.64e-60	199
Protlace	CP@TRINITY_DN18654_c0_g1::CP@TRINITY_DN18654_c0_g1_i1::g.47331::m.47331	40.323	248	141	2	549	792	2	246	1.03e-54	189
Spirsalm	CP@TRINITY_DN4168_c3_g1::CP@TRINITY_DN4168_c3_g1_i1::g.75817::m.75817	33.766	308	161	9	399	691	2	281	5.15e-47	170
Tricvagi	CP@TRINITY_DN4168_c3_g1::CP@TRINITY_DN4168_c3_g1_i1::g.75817::m.75817	40.385	312	147	4	436	708	3	314	1.42e-66	224
Tricvagi	CP@TRINITY_DN5869_c0_g1::CP@TRINITY_DN5869_c0_g1_i1::g.16600::m.16600	68.387	155	46	2	440	592	1	154	4.20e-61	203
Tricvagi	CP@TRINITY_DN5869_c0_g1::CP@TRINITY_DN5869_c0_g1_i2::g.16602::m.16602	69.118	136	41	1	457	592	9	143	1.33e-53	182
Tricvagi	CP@TRINITY_DN18654_c0_g1::CP@TRINITY_DN18654_c0_g1_i1::g.47331::m.47331	39.608	255	135	3	598	837	2	252	9.05e-50	176
Monoexil	CP@TRINITY_DN4168_c3_g1::CP@TRINITY_DN4168_c3_g1_i1::g.75817::m.75817	49.770	217	102	2	500	715	3	213	8.54e-65	221
Monoexil	CP@TRINITY_DN5869_c0_g1::CP@TRINITY_DN5869_c0_g1_i1::g.16600::m.16600	65.806	155	52	1	504	657	1	155	1.61e-58	197
Monoexil	CP@TRINITY_DN5869_c0_g1::CP@TRINITY_DN5869_c0_g1_i2::g.16602::m.16602	71.875	128	36	0	530	657	17	144	8.08e-52	178
Lapoguse	CP@TRINITY_DN4168_c3_g1::CP@TRINITY_DN4168_c3_g1_i1::g.75817::m.75817	56.500	200	87	0	31	230	3	202	3.07e-74	236
Lapoguse	CP@TRINITY_DN5869_c0_g1::CP@TRINITY_DN5869_c0_g1_i1::g.16600::m.16600	73.548	155	41	0	35	189	1	155	2.87e-71	222
Lapoguse	CP@TRINITY_DN5869_c0_g1::CP@TRINITY_DN5869_c0_g1_i2::g.16602::m.16602	79.200	125	26	0	65	189	20	144	8.06e-61	195
Lapoguse	CP@TRINITY_DN18654_c0_g1::CP@TRINITY_DN18654_c0_g1_i1::g.47331::m.47331	42.460	252	132	3	194	437	2	248	2.84e-60	197
Retifilo	CP@TRINITY_DN4168_c3_g1::CP@TRINITY_DN4168_c3_g1_i1::g.75817::m.75817	43.206	287	149	2	423	702	2	281	3.35e-71	236
Retifilo	CP@TRINITY_DN5869_c0_g1::CP@TRINITY_DN5869_c0_g1_i1::g.16600::m.16600	73.548	155	41	0	428	582	1	155	6.33e-68	222
Retifilo	CP@TRINITY_DN5869_c0_g1::CP@TRINITY_DN5869_c0_g1_i2::g.16602::m.16602	76.336	131	31	0	452	582	14	144	1.38e-59	199
Retifilo	CP@TRINITY_DN18654_c0_g1::CP@TRINITY_DN18654_c0_g1_i1::g.47331::m.47331	48.000	200	91	1	587	786	2	188	1.50e-53	186
Ammo1384	CP@TRINITY_DN4168_c3_g1::CP@TRINITY_DN4168_c3_g1_i1::g.75817::m.75817	40.385	312	166	3	55	347	4	314	3.00e-72	231
Ammo1384	CP@TRINITY_DN5869_c0_g1::CP@TRINITY_DN5869_c0_g1_i1::g.16600::m.16600	69.677	155	47	0	58	212	1	155	1.97e-67	213
Ammo1384	CP@TRINITY_DN5869_c0_g1::CP@TRINITY_DN5869_c0_g1_i2::g.16602::m.16602	74.419	129	33	0	84	212	16	144	1.30e-59	192
Ammo1384	CP@TRINITY_DN18654_c0_g1::CP@TRINITY_DN18654_c0_g1_i1::g.47331::m.47331	40.392	255	131	6	217	470	2	236	4.52e-53	179
Noctscin	CP@TRINITY_DN4168_c3_g1::CP@TRINITY_DN4168_c3_g1_i1::g.75817::m.75817	43.416	281	144	4	476	743	2	280	1.39e-65	222
Noctscin	CP@TRINITY_DN5869_c0_g1::CP@TRINITY_DN5869_c0_g1_i1::g.16600::m.16600	69.677	155	46	1	481	634	1	155	1.56e-61	205
Noctscin	CP@TRINITY_DN5869_c0_g1::CP@TRINITY_DN5869_c0_g1_i2::g.16602::m.16602	70.290	138	40	1	498	634	7	144	1.46e-53	182
Noctscin	CP@TRINITY_DN18654_c0_g1::CP@TRINITY_DN18654_c0_g1_i1::g.47331::m.47331	41.000	200	115	1	639	838	2	198	3.23e-41	152
AmoeALEX	CP@TRINITY_DN5869_c0_g1::CP@TRINITY_DN5869_c0_g1_i1::g.16600::m.16600	69.355	124	38	0	456	579	1	124	7.18e-58	191
AmoeALEX	CP@TRINITY_DN5869_c0_g1::CP@TRINITY_DN5869_c0_g1_i2::g.16602::m.16602	74.227	97	25	0	483	579	17	113	8.27e-48	163
AmoeALEX	CP@TRINITY_DN4168_c3_g1::CP@TRINITY_DN4168_c3_g1_i1::g.75817::m.75817	60.156	128	51	0	452	579	3	130	2.35e-47	168
HemaVICK	CP@TRINITY_DN4168_c3_g1::CP@TRINITY_DN4168_c3_g1_i1::g.75817::m.75817	45.552	281	139	2	499	767	3	281	2.14e-68	230
HemaVICK	CP@TRINITY_DN5869_c0_g1::CP@TRINITY_DN5869_c0_g1_i1::g.16600::m.16600	71.613	155	44	0	503	657	1	155	9.67e-66	217
HemaVICK	CP@TRINITY_DN5869_c0_g1::CP@TRINITY_DN5869_c0_g1_i2::g.16602::m.16602	76.562	128	30	0	530	657	17	144	1.77e-57	194
HemaVICK	CP@TRINITY_DN18654_c0_g1::CP@TRINITY_DN18654_c0_g1_i1::g.47331::m.47331	38.589	241	135	3	662	899	2	232	6.50e-44	159
Oxyrmari	CP@TRINITY_DN4168_c3_g1::CP@TRINITY_DN4168_c3_g1_i1::g.75817::m.75817	45.878	279	136	3	424	687	3	281	1.15e-71	238
Oxyrmari	CP@TRINITY_DN5869_c0_g1::CP@TRINITY_DN5869_c0_g1_i1::g.16600::m.16600	63.871	155	56	0	428	582	1	155	3.47e-59	198
Oxyrmari	CP@TRINITY_DN5869_c0_g1::CP@TRINITY_DN5869_c0_g1_i2::g.16602::m.16602	67.692	130	42	0	453	582	15	144	1.09e-50	174
Vitrbras	CP@TRINITY_DN4168_c3_g1::CP@TRINITY_DN4168_c3_g1_i1::g.75817::m.75817	42.500	280	144	3	543	805	2	281	3.21e-60	208
Vitrbras	CP@TRINITY_DN5869_c0_g1::CP@TRINITY_DN5869_c0_g1_i1::g.16600::m.16600	65.161	155	42	1	548	690	1	155	1.77e-54	186
Vitrbras	CP@TRINITY_DN5869_c0_g1::CP@TRINITY_DN5869_c0_g1_i2::g.16602::m.16602	66.418	134	33	1	569	690	11	144	6.03e-45	159
Vitrbras	CP@TRINITY_DN18654_c0_g1::CP@TRINITY_DN18654_c0_g1_i1::g.47331::m.47331	43.590	195	102	2	695	889	2	188	3.23e-41	152
Colpangu	CP@TRINITY_DN4168_c3_g1::CP@TRINITY_DN4168_c3_g1_i1::g.75817::m.75817	41.401	314	169	5	511	810	2	314	1.05e-69	234
Colpangu	CP@TRINITY_DN5869_c0_g1::CP@TRINITY_DN5869_c0_g1_i1::g.16600::m.16600	70.130	154	46	0	516	669	1	154	1.95e-61	205
Colpangu	CP@TRINITY_DN5869_c0_g1::CP@TRINITY_DN5869_c0_g1_i2::g.16602::m.16602	75.000	128	32	0	542	669	16	143	6.44e-54	184
Gregniph	CP@TRINITY_DN4168_c3_g1::CP@TRINITY_DN4168_c3_g1_i1::g.75817::m.75817	40.678	295	158	5	506	799	3	281	9.16e-62	213
Gregniph	CP@TRINITY_DN5869_c0_g1::CP@TRINITY_DN5869_c0_g1_i1::g.16600::m.16600	64.516	155	54	1	510	664	1	154	2.98e-56	191
Gregniph	CP@TRINITY_DN5869_c0_g1::CP@TRINITY_DN5869_c0_g1_i2::g.16602::m.16602	63.380	142	46	1	529	664	2	143	7.78e-49	170
Plasfalc	CP@TRINITY_DN4168_c3_g1::CP@TRINITY_DN4168_c3_g1_i1::g.75817::m.75817	39.474	342	157	7	493	814	3	314	1.45e-65	223
Plasfalc	CP@TRINITY_DN5869_c0_g1::CP@TRINITY_DN5869_c0_g1_i1::g.16600::m.16600	60.335	179	44	3	497	672	1	155	4.58e-53	182
Plasfalc	CP@TRINITY_DN5869_c0_g1::CP@TRINITY_DN5869_c0_g1_i2::g.16602::m.16602	71.875	128	33	1	548	672	17	144	2.88e-48	168
Platmacr	CP@TRINITY_DN4168_c3_g1::CP@TRINITY_DN4168_c3_g1_i1::g.75817::m.75817	42.857	315	165	4	485	787	3	314	1.75e-75	249
Platmacr	CP@TRINITY_DN5869_c0_g1::CP@TRINITY_DN5869_c0_g1_i1::g.16600::m.16600	74.194	155	40	0	489	643	1	155	2.05e-69	227
Platmacr	CP@TRINITY_DN5869_c0_g1::CP@TRINITY_DN5869_c0_g1_i2::g.16602::m.16602	76.119	134	32	0	510	643	11	144	1.72e-59	199
Platmacr	CP@TRINITY_DN18654_c0_g1::CP@TRINITY_DN18654_c0_g1_i1::g.47331::m.47331	45.771	201	95	3	648	848	2	188	4.38e-50	177
Paratetr	CP@TRINITY_DN4168_c3_g1::CP@TRINITY_DN4168_c3_g1_i1::g.75817::m.75817	43.533	317	157	6	556	855	3	314	9.31e-71	238
Paratetr	CP@TRINITY_DN5869_c0_g1::CP@TRINITY_DN5869_c0_g1_i1::g.16600::m.16600	69.032	155	45	1	560	711	1	155	1.74e-61	206
Paratetr	CP@TRINITY_DN18654_c0_g1::CP@TRINITY_DN18654_c0_g1_i1::g.47331::m.47331	41.365	249	127	4	716	959	2	236	8.25e-52	182
Paratetr	CP@TRINITY_DN5869_c0_g1::CP@TRINITY_DN5869_c0_g1_i2::g.16602::m.16602	69.565	138	39	1	577	711	7	144	3.03e-51	176
Ichtmult	CP@TRINITY_DN4168_c3_g1::CP@TRINITY_DN4168_c3_g1_i1::g.75817::m.75817	41.667	312	172	1	466	767	3	314	8.63e-71	236
Ichtmult	CP@TRINITY_DN5869_c0_g1::CP@TRINITY_DN5869_c0_g1_i1::g.16600::m.16600	72.258	155	43	0	470	624	1	155	2.26e-69	226
Ichtmult	CP@TRINITY_DN5869_c0_g1::CP@TRINITY_DN5869_c0_g1_i2::g.16602::m.16602	73.881	134	35	0	491	624	11	144	4.14e-58	195
Ichtmult	CP@TRINITY_DN18654_c0_g1::CP@TRINITY_DN18654_c0_g1_i1::g.47331::m.47331	38.577	267	140	4	629	895	2	244	4.73e-50	177
Tetrther	CP@TRINITY_DN4168_c3_g1::CP@TRINITY_DN4168_c3_g1_i1::g.75817::m.75817	42.308	312	170	2	470	771	3	314	1.42e-70	236
Tetrther	CP@TRINITY_DN5869_c0_g1::CP@TRINITY_DN5869_c0_g1_i1::g.16600::m.16600	70.323	155	46	0	474	628	1	155	9.88e-66	217
Tetrther	CP@TRINITY_DN5869_c0_g1::CP@TRINITY_DN5869_c0_g1_i2::g.16602::m.16602	73.881	134	35	0	495	628	11	144	8.33e-58	194
Tetrther	CP@TRINITY_DN18654_c0_g1::CP@TRINITY_DN18654_c0_g1_i1::g.47331::m.47331	38.494	239	128	3	633	871	2	221	2.48e-48	172
Stencoer	CP@TRINITY_DN4168_c3_g1::CP@TRINITY_DN4168_c3_g1_i1::g.75817::m.75817	43.269	312	156	4	446	736	3	314	8.93e-74	244
Stencoer	CP@TRINITY_DN5869_c0_g1::CP@TRINITY_DN5869_c0_g1_i1::g.16600::m.16600	76.129	155	37	0	450	604	1	155	7.12e-73	236
Stencoer	CP@TRINITY_DN5869_c0_g1::CP@TRINITY_DN5869_c0_g1_i2::g.16602::m.16602	76.866	134	31	0	471	604	11	144	7.38e-62	205
Stencoer	CP@TRINITY_DN18654_c0_g1::CP@TRINITY_DN18654_c0_g1_i1::g.47331::m.47331	45.685	197	101	2	609	803	2	194	3.06e-49	174
Styllemn	CP@TRINITY_DN4168_c3_g1::CP@TRINITY_DN4168_c3_g1_i1::g.75817::m.75817	42.333	300	156	2	494	793	3	285	3.32e-70	236
Styllemn	CP@TRINITY_DN5869_c0_g1::CP@TRINITY_DN5869_c0_g1_i1::g.16600::m.16600	74.194	155	40	0	498	652	1	155	1.21e-69	228
Styllemn	CP@TRINITY_DN5869_c0_g1::CP@TRINITY_DN5869_c0_g1_i2::g.16602::m.16602	76.087	138	33	0	515	652	7	144	1.43e-60	202
Styllemn	CP@TRINITY_DN18654_c0_g1::CP@TRINITY_DN18654_c0_g1_i1::g.47331::m.47331	38.039	255	122	3	657	910	2	221	1.95e-49	176
Leptvora	CP@TRINITY_DN4168_c3_g1::CP@TRINITY_DN4168_c3_g1_i1::g.75817::m.75817	41.987	312	158	4	152	440	3	314	2.10e-72	234
Leptvora	CP@TRINITY_DN5869_c0_g1::CP@TRINITY_DN5869_c0_g1_i1::g.16600::m.16600	75.484	155	38	0	156	310	1	155	4.54e-72	228
Leptvora	CP@TRINITY_DN5869_c0_g1::CP@TRINITY_DN5869_c0_g1_i2::g.16602::m.16602	79.688	128	26	0	183	310	17	144	2.52e-62	202
Leptvora	CP@TRINITY_DN18654_c0_g1::CP@TRINITY_DN18654_c0_g1_i1::g.47331::m.47331	36.981	265	149	1	315	579	2	248	4.61e-53	181
Plasbras	CP@TRINITY_DN4168_c3_g1::CP@TRINITY_DN4168_c3_g1_i1::g.75817::m.75817	43.643	291	143	3	441	716	2	286	1.89e-71	238
Plasbras	CP@TRINITY_DN5869_c0_g1::CP@TRINITY_DN5869_c0_g1_i1::g.16600::m.16600	71.613	155	44	0	446	600	1	155	2.75e-69	226
Plasbras	CP@TRINITY_DN5869_c0_g1::CP@TRINITY_DN5869_c0_g1_i2::g.16602::m.16602	72.464	138	38	0	463	600	7	144	1.22e-59	199
Plasbras	CP@TRINITY_DN18654_c0_g1::CP@TRINITY_DN18654_c0_g1_i1::g.47331::m.47331	38.078	281	142	6	605	884	2	251	6.65e-50	176
Paulchro	CP@TRINITY_DN4168_c3_g1::CP@TRINITY_DN4168_c3_g1_i1::g.75817::m.75817	43.253	289	141	4	457	728	3	285	2.13e-68	230
Paulchro	CP@TRINITY_DN5869_c0_g1::CP@TRINITY_DN5869_c0_g1_i1::g.16600::m.16600	71.069	159	42	1	461	619	1	155	1.00e-66	219
Paulchro	CP@TRINITY_DN5869_c0_g1::CP@TRINITY_DN5869_c0_g1_i2::g.16602::m.16602	76.692	133	31	0	487	619	12	144	1.31e-59	199
Paulchro	CP@TRINITY_DN18654_c0_g1::CP@TRINITY_DN18654_c0_g1_i1::g.47331::m.47331	39.113	248	144	3	624	868	2	245	1.35e-48	173
Bigenata	CP@TRINITY_DN4168_c3_g1::CP@TRINITY_DN4168_c3_g1_i1::g.75817::m.75817	44.375	320	155	4	447	751	3	314	4.04e-79	259
Bigenata	CP@TRINITY_DN5869_c0_g1::CP@TRINITY_DN5869_c0_g1_i1::g.16600::m.16600	78.710	155	33	0	451	605	1	155	1.36e-72	235
Bigenata	CP@TRINITY_DN5869_c0_g1::CP@TRINITY_DN5869_c0_g1_i2::g.16602::m.16602	79.104	134	28	0	472	605	11	144	7.51e-62	206
Bigenata	CP@TRINITY_DN18654_c0_g1::CP@TRINITY_DN18654_c0_g1_i1::g.47331::m.47331	40.000	265	138	4	610	874	2	245	3.09e-51	180
Raphhete	CP@TRINITY_DN4168_c3_g1::CP@TRINITY_DN4168_c3_g1_i1::g.75817::m.75817	42.675	314	151	7	477	763	3	314	3.06e-73	243
Raphhete	CP@TRINITY_DN5869_c0_g1::CP@TRINITY_DN5869_c0_g1_i1::g.16600::m.16600	72.903	155	41	1	481	634	1	155	4.45e-66	218
Raphhete	CP@TRINITY_DN5869_c0_g1::CP@TRINITY_DN5869_c0_g1_i2::g.16602::m.16602	73.846	130	34	0	505	634	15	144	1.70e-56	191
Raphhete	CP@TRINITY_DN18654_c0_g1::CP@TRINITY_DN18654_c0_g1_i1::g.47331::m.47331	39.683	252	144	3	638	888	1	245	4.39e-50	177
Gephhuxl	CP@TRINITY_DN5869_c0_g1::CP@TRINITY_DN5869_c0_g1_i1::g.16600::m.16600	80.645	155	30	0	482	636	1	155	4.73e-79	251
Gephhuxl	CP@TRINITY_DN4168_c3_g1::CP@TRINITY_DN4168_c3_g1_i1::g.75817::m.75817	42.857	315	145	6	478	760	3	314	1.06e-73	243
Gephhuxl	CP@TRINITY_DN5869_c0_g1::CP@TRINITY_DN5869_c0_g1_i2::g.16602::m.16602	81.343	134	25	0	503	636	11	144	1.69e-66	217
Calclept	CP@TRINITY_DN4168_c3_g1::CP@TRINITY_DN4168_c3_g1_i1::g.75817::m.75817	45.583	283	136	4	493	757	2	284	1.39e-73	244
Calclept	CP@TRINITY_DN5869_c0_g1::CP@TRINITY_DN5869_c0_g1_i1::g.16600::m.16600	75.484	155	35	1	498	649	1	155	3.92e-69	226
Calclept	CP@TRINITY_DN5869_c0_g1::CP@TRINITY_DN5869_c0_g1_i2::g.16602::m.16602	76.866	134	28	1	519	649	11	144	1.67e-58	197
Calclept	CP@TRINITY_DN18654_c0_g1::CP@TRINITY_DN18654_c0_g1_i1::g.47331::m.47331	48.087	183	92	2	654	833	2	184	2.68e-46	166
Nephpyri	CP@TRINITY_DN5869_c0_g1::CP@TRINITY_DN5869_c0_g1_i1::g.16600::m.16600	76.129	155	37	0	497	651	1	155	1.70e-73	233
Nephpyri	CP@TRINITY_DN4168_c3_g1::CP@TRINITY_DN4168_c3_g1_i1::g.75817::m.75817	57.647	170	72	0	493	662	3	172	1.30e-63	213
Nephpyri	CP@TRINITY_DN5869_c0_g1::CP@TRINITY_DN5869_c0_g1_i2::g.16602::m.16602	77.612	134	30	0	518	651	11	144	1.69e-62	204
Mesoviri	CP@TRINITY_DN4168_c3_g1::CP@TRINITY_DN4168_c3_g1_i1::g.75817::m.75817	43.910	312	152	4	479	767	3	314	7.51e-75	248
Mesoviri	CP@TRINITY_DN5869_c0_g1::CP@TRINITY_DN5869_c0_g1_i1::g.16600::m.16600	74.839	155	39	0	483	637	1	155	4.69e-70	228
Mesoviri	CP@TRINITY_DN5869_c0_g1::CP@TRINITY_DN5869_c0_g1_i2::g.16602::m.16602	76.866	134	31	0	504	637	11	144	1.11e-60	202
Mesoviri	CP@TRINITY_DN18654_c0_g1::CP@TRINITY_DN18654_c0_g1_i1::g.47331::m.47331	41.200	250	138	3	642	888	2	245	4.92e-55	191
Arabthal	CP@TRINITY_DN4168_c3_g1::CP@TRINITY_DN4168_c3_g1_i1::g.75817::m.75817	46.237	279	143	2	503	774	3	281	5.63e-73	243
Arabthal	CP@TRINITY_DN5869_c0_g1::CP@TRINITY_DN5869_c0_g1_i1::g.16600::m.16600	75.484	155	38	0	507	661	1	155	8.20e-72	234
Arabthal	CP@TRINITY_DN5869_c0_g1::CP@TRINITY_DN5869_c0_g1_i2::g.16602::m.16602	77.612	134	30	0	528	661	11	144	1.62e-61	205
Arabthal	CP@TRINITY_DN18654_c0_g1::CP@TRINITY_DN18654_c0_g1_i1::g.47331::m.47331	40.076	262	143	4	666	925	2	251	3.68e-52	183
Charbrau	CP@TRINITY_DN4168_c3_g1::CP@TRINITY_DN4168_c3_g1_i1::g.75817::m.75817	46.953	279	135	1	1614	1879	3	281	1.15e-73	249
Charbrau	CP@TRINITY_DN5869_c0_g1::CP@TRINITY_DN5869_c0_g1_i1::g.16600::m.16600	77.419	155	35	0	1618	1772	1	155	3.73e-71	235
Charbrau	CP@TRINITY_DN5869_c0_g1::CP@TRINITY_DN5869_c0_g1_i2::g.16602::m.16602	79.104	134	28	0	1639	1772	11	144	2.11e-61	206
Pyrapark	CP@TRINITY_DN4168_c3_g1::CP@TRINITY_DN4168_c3_g1_i1::g.75817::m.75817	43.902	287	151	2	266	543	2	287	1.16e-73	240
Pyrapark	CP@TRINITY_DN5869_c0_g1::CP@TRINITY_DN5869_c0_g1_i1::g.16600::m.16600	72.436	156	42	1	271	426	1	155	6.75e-70	224
Pyrapark	CP@TRINITY_DN5869_c0_g1::CP@TRINITY_DN5869_c0_g1_i2::g.16602::m.16602	73.282	131	35	0	296	426	14	144	2.39e-58	193
Pyrapark	CP@TRINITY_DN18654_c0_g1::CP@TRINITY_DN18654_c0_g1_i1::g.47331::m.47331	41.494	241	130	4	431	669	2	233	3.46e-55	189
Chlovari	CP@TRINITY_DN4168_c3_g1::CP@TRINITY_DN4168_c3_g1_i1::g.75817::m.75817	44.127	315	158	5	445	743	2	314	6.35e-75	247
Chlovari	CP@TRINITY_DN5869_c0_g1::CP@TRINITY_DN5869_c0_g1_i1::g.16600::m.16600	72.903	155	42	0	450	604	1	155	7.74e-65	214
Chlovari	CP@TRINITY_DN18654_c0_g1::CP@TRINITY_DN18654_c0_g1_i1::g.47331::m.47331	41.406	256	135	4	609	862	2	244	2.18e-56	194
Chlovari	CP@TRINITY_DN5869_c0_g1::CP@TRINITY_DN5869_c0_g1_i2::g.16602::m.16602	74.627	134	34	0	471	604	11	144	2.59e-56	190
Tetrasti	CP@TRINITY_DN4168_c3_g1::CP@TRINITY_DN4168_c3_g1_i1::g.75817::m.75817	44.586	314	159	4	386	685	2	314	3.76e-77	252
Tetrasti	CP@TRINITY_DN5869_c0_g1::CP@TRINITY_DN5869_c0_g1_i1::g.16600::m.16600	70.323	155	46	0	391	545	1	155	6.41e-65	213
Tetrasti	CP@TRINITY_DN5869_c0_g1::CP@TRINITY_DN5869_c0_g1_i2::g.16602::m.16602	75.000	128	32	0	418	545	17	144	7.19e-57	191
Tetrasti	CP@TRINITY_DN18654_c0_g1::CP@TRINITY_DN18654_c0_g1_i1::g.47331::m.47331	40.996	261	136	4	550	808	2	246	6.00e-55	190
Chlarein	CP@TRINITY_DN4168_c3_g1::CP@TRINITY_DN4168_c3_g1_i1::g.75817::m.75817	44.586	314	157	5	459	757	3	314	1.56e-79	260
Chlarein	CP@TRINITY_DN5869_c0_g1::CP@TRINITY_DN5869_c0_g1_i1::g.16600::m.16600	75.484	155	38	0	463	617	1	155	9.60e-70	228
Chlarein	CP@TRINITY_DN5869_c0_g1::CP@TRINITY_DN5869_c0_g1_i2::g.16602::m.16602	76.119	134	32	0	484	617	11	144	4.03e-59	198
Chlarein	CP@TRINITY_DN18654_c0_g1::CP@TRINITY_DN18654_c0_g1_i1::g.47331::m.47331	41.085	258	135	4	622	876	2	245	2.56e-54	189
Dunasali	CP@TRINITY_DN4168_c3_g1::CP@TRINITY_DN4168_c3_g1_i1::g.75817::m.75817	43.910	312	154	4	478	768	3	314	1.87e-76	252
Dunasali	CP@TRINITY_DN5869_c0_g1::CP@TRINITY_DN5869_c0_g1_i1::g.16600::m.16600	71.613	155	44	0	482	636	1	155	4.32e-66	218
Dunasali	CP@TRINITY_DN5869_c0_g1::CP@TRINITY_DN5869_c0_g1_i2::g.16602::m.16602	73.881	134	35	0	503	636	11	144	2.20e-57	193
Dunasali	CP@TRINITY_DN18654_c0_g1::CP@TRINITY_DN18654_c0_g1_i1::g.47331::m.47331	38.683	243	147	1	641	883	2	242	1.58e-51	181
MAST003A	CP@TRINITY_DN5869_c0_g1::CP@TRINITY_DN5869_c0_g1_i1::g.16600::m.16600	68.000	150	32	2	378	511	1	150	1.16e-58	195
MAST003A	CP@TRINITY_DN5869_c0_g1::CP@TRINITY_DN5869_c0_g1_i2::g.16602::m.16602	69.767	129	23	2	399	511	11	139	6.47e-50	171
ChrysoH1	CP@TRINITY_DN4168_c3_g1::CP@TRINITY_DN4168_c3_g1_i1::g.75817::m.75817	44.599	287	138	5	355	621	3	288	6.76e-63	213
ChrysoH1	CP@TRINITY_DN5869_c0_g1::CP@TRINITY_DN5869_c0_g1_i1::g.16600::m.16600	65.385	156	41	2	359	502	1	155	9.66e-57	190
ChrysoH1	CP@TRINITY_DN5869_c0_g1::CP@TRINITY_DN5869_c0_g1_i2::g.16602::m.16602	62.676	142	36	2	378	502	3	144	6.50e-47	163
Thalpseu	CP@TRINITY_DN4168_c3_g1::CP@TRINITY_DN4168_c3_g1_i1::g.75817::m.75817	46.831	284	146	2	418	698	3	284	5.82e-79	258
Thalpseu	CP@TRINITY_DN5869_c0_g1::CP@TRINITY_DN5869_c0_g1_i1::g.16600::m.16600	74.194	155	40	0	422	576	1	155	4.68e-71	231
Thalpseu	CP@TRINITY_DN5869_c0_g1::CP@TRINITY_DN5869_c0_g1_i2::g.16602::m.16602	77.612	134	30	0	443	576	11	144	8.77e-62	205
Thalpseu	CP@TRINITY_DN18654_c0_g1::CP@TRINITY_DN18654_c0_g1_i1::g.47331::m.47331	40.458	262	138	3	581	842	2	245	8.70e-55	190
EctocSP7	CP@TRINITY_DN5869_c0_g1::CP@TRINITY_DN5869_c0_g1_i1::g.16600::m.16600	76.129	155	37	0	534	688	1	155	6.72e-71	231
EctocSP7	CP@TRINITY_DN4168_c3_g1::CP@TRINITY_DN4168_c3_g1_i1::g.75817::m.75817	43.599	289	159	1	529	817	2	286	1.32e-68	231
EctocSP7	CP@TRINITY_DN5869_c0_g1::CP@TRINITY_DN5869_c0_g1_i2::g.16602::m.16602	77.612	134	30	0	555	688	11	144	5.44e-61	204
EctocSP7	CP@TRINITY_DN18654_c0_g1::CP@TRINITY_DN18654_c0_g1_i1::g.47331::m.47331	39.695	262	140	2	693	954	2	245	1.31e-49	176
Phytpara	CP@TRINITY_DN4168_c3_g1::CP@TRINITY_DN4168_c3_g1_i1::g.75817::m.75817	44.523	283	149	4	556	834	3	281	5.33e-74	246
Phytpara	CP@TRINITY_DN5869_c0_g1::CP@TRINITY_DN5869_c0_g1_i1::g.16600::m.16600	70.968	155	44	1	560	713	1	155	4.12e-65	216
Phytpara	CP@TRINITY_DN5869_c0_g1::CP@TRINITY_DN5869_c0_g1_i2::g.16602::m.16602	75.591	127	31	0	587	713	18	144	3.99e-57	193
Phytpara	CP@TRINITY_DN18654_c0_g1::CP@TRINITY_DN18654_c0_g1_i1::g.47331::m.47331	37.918	269	141	6	718	985	2	245	1.08e-43	159
MAST004E	CP@TRINITY_DN4168_c3_g1::CP@TRINITY_DN4168_c3_g1_i1::g.75817::m.75817	40.864	301	143	5	402	674	3	296	4.13e-64	217
MAST004E	CP@TRINITY_DN5869_c0_g1::CP@TRINITY_DN5869_c0_g1_i1::g.16600::m.16600	70.946	148	37	1	399	540	8	155	1.35e-60	201
MAST004E	CP@TRINITY_DN5869_c0_g1::CP@TRINITY_DN5869_c0_g1_i2::g.16602::m.16602	76.923	130	30	0	411	540	15	144	3.34e-60	200
MAST004C	CP@TRINITY_DN4168_c3_g1::CP@TRINITY_DN4168_c3_g1_i1::g.75817::m.75817	38.258	264	114	5	425	648	3	257	1.43e-48	174
MAST004C	CP@TRINITY_DN18654_c0_g1::CP@TRINITY_DN18654_c0_g1_i1::g.47331::m.47331	36.538	260	128	5	556	793	2	246	4.02e-44	160
MAST004C	CP@TRINITY_DN5869_c0_g1::CP@TRINITY_DN5869_c0_g1_i1::g.16600::m.16600	58.065	155	33	2	429	551	1	155	2.38e-43	154
MAST04A1	CP@TRINITY_DN4168_c3_g1::CP@TRINITY_DN4168_c3_g1_i1::g.75817::m.75817	47.000	200	89	1	413	595	3	202	1.70e-55	192
MAST04A1	CP@TRINITY_DN5869_c0_g1::CP@TRINITY_DN5869_c0_g1_i1::g.16600::m.16600	60.000	155	45	1	417	554	1	155	9.90e-52	176
MAST04A1	CP@TRINITY_DN5869_c0_g1::CP@TRINITY_DN5869_c0_g1_i2::g.16602::m.16602	61.194	134	35	1	438	554	11	144	3.01e-45	158
MAST04A2	CP@TRINITY_DN4168_c3_g1::CP@TRINITY_DN4168_c3_g1_i1::g.75817::m.75817	50.000	230	113	1	548	777	3	230	2.85e-70	236
MAST04A2	CP@TRINITY_DN5869_c0_g1::CP@TRINITY_DN5869_c0_g1_i1::g.16600::m.16600	71.613	155	44	0	552	706	1	155	3.37e-67	222
MAST04A2	CP@TRINITY_DN5869_c0_g1::CP@TRINITY_DN5869_c0_g1_i2::g.16602::m.16602	74.627	134	34	0	573	706	11	144	7.60e-61	204
Hemirufe	CP@TRINITY_DN5869_c0_g1::CP@TRINITY_DN5869_c0_g1_i1::g.16600::m.16600	77.419	155	35	0	324	478	1	155	1.48e-74	234
Hemirufe	CP@TRINITY_DN4168_c3_g1::CP@TRINITY_DN4168_c3_g1_i1::g.75817::m.75817	52.212	226	106	1	320	545	3	226	1.17e-71	232
Hemirufe	CP@TRINITY_DN5869_c0_g1::CP@TRINITY_DN5869_c0_g1_i2::g.16602::m.16602	79.851	134	27	0	345	478	11	144	1.81e-64	207
Gemicryo	CP@TRINITY_DN5869_c0_g1::CP@TRINITY_DN5869_c0_g1_i1::g.16600::m.16600	77.419	155	35	0	478	632	1	155	7.04e-72	233
Gemicryo	CP@TRINITY_DN4168_c3_g1::CP@TRINITY_DN4168_c3_g1_i1::g.75817::m.75817	43.571	280	144	3	473	738	2	281	5.07e-69	231
Gemicryo	CP@TRINITY_DN5869_c0_g1::CP@TRINITY_DN5869_c0_g1_i2::g.16602::m.16602	75.000	144	36	0	489	632	1	144	9.45e-62	205
Gemicryo	CP@TRINITY_DN18654_c0_g1::CP@TRINITY_DN18654_c0_g1_i1::g.47331::m.47331	45.378	238	128	2	637	873	2	238	1.39e-58	201
Guilthet	CP@TRINITY_DN5869_c0_g1::CP@TRINITY_DN5869_c0_g1_i1::g.16600::m.16600	76.129	155	37	0	432	586	1	155	8.06e-72	232
Guilthet	CP@TRINITY_DN4168_c3_g1::CP@TRINITY_DN4168_c3_g1_i1::g.75817::m.75817	41.534	313	161	4	427	717	2	314	5.77e-69	231
Guilthet	CP@TRINITY_DN5869_c0_g1::CP@TRINITY_DN5869_c0_g1_i2::g.16602::m.16602	74.306	144	37	0	443	586	1	144	1.82e-61	204
Guilthet	CP@TRINITY_DN18654_c0_g1::CP@TRINITY_DN18654_c0_g1_i1::g.47331::m.47331	48.276	232	113	3	591	816	2	232	2.37e-58	199
Styginca	CP@TRINITY_DN4168_c3_g1::CP@TRINITY_DN4168_c3_g1_i1::g.75817::m.75817	44.762	315	150	4	540	833	3	314	9.66e-76	251
Styginca	CP@TRINITY_DN5869_c0_g1::CP@TRINITY_DN5869_c0_g1_i1::g.16600::m.16600	75.484	155	38	0	544	698	1	155	9.67e-71	231
Styginca	CP@TRINITY_DN5869_c0_g1::CP@TRINITY_DN5869_c0_g1_i2::g.16602::m.16602	77.778	135	30	0	564	698	10	144	4.02e-61	204
Styginca	CP@TRINITY_DN18654_c0_g1::CP@TRINITY_DN18654_c0_g1_i1::g.47331::m.47331	39.286	252	145	2	703	954	2	245	1.90e-54	190
Andagodo	CP@TRINITY_DN5869_c0_g1::CP@TRINITY_DN5869_c0_g1_i1::g.16600::m.16600	79.355	155	32	0	545	699	1	155	9.63e-75	242
Andagodo	CP@TRINITY_DN4168_c3_g1::CP@TRINITY_DN4168_c3_g1_i1::g.75817::m.75817	42.901	324	164	5	540	853	2	314	1.71e-73	245
Andagodo	CP@TRINITY_DN5869_c0_g1::CP@TRINITY_DN5869_c0_g1_i2::g.16602::m.16602	79.710	138	28	0	562	699	7	144	8.23e-64	212
SpirCILI	CP@TRINITY_DN4168_c3_g1::CP@TRINITY_DN4168_c3_g1_i1::g.75817::m.75817	56.338	213	90	2	452	663	2	212	1.89e-71	238
SpirCILI	CP@TRINITY_DN5869_c0_g1::CP@TRINITY_DN5869_c0_g1_i1::g.16600::m.16600	72.903	155	41	1	457	610	1	155	7.98e-68	222
SpirCILI	CP@TRINITY_DN5869_c0_g1::CP@TRINITY_DN5869_c0_g1_i2::g.16602::m.16602	75.000	136	33	1	474	609	9	143	5.88e-59	197
SpirCILI	CP@TRINITY_DN18654_c0_g1::CP@TRINITY_DN18654_c0_g1_i1::g.47331::m.47331	42.562	242	127	4	615	854	2	233	2.12e-48	172
Galdphle	CP@TRINITY_DN4168_c3_g1::CP@TRINITY_DN4168_c3_g1_i1::g.75817::m.75817	39.365	315	150	6	477	752	2	314	5.77e-59	204
Galdphle	CP@TRINITY_DN18654_c0_g1::CP@TRINITY_DN18654_c0_g1_i1::g.47331::m.47331	43.478	253	134	4	621	873	2	245	2.61e-58	200
Galdphle	CP@TRINITY_DN5869_c0_g1::CP@TRINITY_DN5869_c0_g1_i1::g.16600::m.16600	67.742	155	30	1	482	616	1	155	1.17e-57	194
Galdphle	CP@TRINITY_DN5869_c0_g1::CP@TRINITY_DN5869_c0_g1_i2::g.16602::m.16602	66.667	138	26	1	499	616	7	144	1.78e-47	166
Gracchor	CP@TRINITY_DN4168_c3_g1::CP@TRINITY_DN4168_c3_g1_i1::g.75817::m.75817	44.409	313	162	3	531	831	2	314	2.38e-81	266
Gracchor	CP@TRINITY_DN5869_c0_g1::CP@TRINITY_DN5869_c0_g1_i1::g.16600::m.16600	76.774	155	36	0	536	690	1	155	7.04e-74	240
Gracchor	CP@TRINITY_DN5869_c0_g1::CP@TRINITY_DN5869_c0_g1_i2::g.16602::m.16602	77.536	138	31	0	553	690	7	144	1.14e-64	214
Gracchor	CP@TRINITY_DN18654_c0_g1::CP@TRINITY_DN18654_c0_g1_i1::g.47331::m.47331	40.672	268	135	5	695	962	2	245	1.75e-56	196
Porppurp	CP@TRINITY_DN4168_c3_g1::CP@TRINITY_DN4168_c3_g1_i1::g.75817::m.75817	43.653	323	158	4	572	880	2	314	1.17e-78	259
Porppurp	CP@TRINITY_DN5869_c0_g1::CP@TRINITY_DN5869_c0_g1_i1::g.16600::m.16600	76.774	155	36	0	577	731	1	155	4.64e-70	230
Porppurp	CP@TRINITY_DN5869_c0_g1::CP@TRINITY_DN5869_c0_g1_i2::g.16602::m.16602	79.104	134	28	0	598	731	11	144	1.59e-61	206
Porppurp	CP@TRINITY_DN18654_c0_g1::CP@TRINITY_DN18654_c0_g1_i1::g.47331::m.47331	39.544	263	132	3	736	998	2	237	1.74e-53	187
Paraconf	CP@TRINITY_DN4168_c3_g1::CP@TRINITY_DN4168_c3_g1_i1::g.75817::m.75817	40.000	345	163	5	504	837	3	314	7.89e-66	224
Paraconf	CP@TRINITY_DN5869_c0_g1::CP@TRINITY_DN5869_c0_g1_i1::g.16600::m.16600	64.331	157	54	1	508	664	1	155	5.72e-59	199
Paraconf	CP@TRINITY_DN5869_c0_g1::CP@TRINITY_DN5869_c0_g1_i2::g.16602::m.16602	66.912	136	43	1	529	664	11	144	3.01e-51	176
Trypbruc	CP@TRINITY_DN4168_c3_g1::CP@TRINITY_DN4168_c3_g1_i1::g.75817::m.75817	36.391	338	186	9	480	814	3	314	2.03e-51	183
Trypbruc	CP@TRINITY_DN5869_c0_g1::CP@TRINITY_DN5869_c0_g1_i1::g.16600::m.16600	63.780	127	44	1	484	610	1	125	2.73e-49	171
Trypbruc	CP@TRINITY_DN5869_c0_g1::CP@TRINITY_DN5869_c0_g1_i2::g.16602::m.16602	66.981	106	33	1	505	610	11	114	3.28e-42	150
Leptpyrr	CP@TRINITY_DN4168_c3_g1::CP@TRINITY_DN4168_c3_g1_i1::g.75817::m.75817	39.420	345	165	5	520	853	3	314	2.48e-66	225
Leptpyrr	CP@TRINITY_DN5869_c0_g1::CP@TRINITY_DN5869_c0_g1_i1::g.16600::m.16600	62.420	157	57	1	524	680	1	155	4.19e-58	196
Leptpyrr	CP@TRINITY_DN5869_c0_g1::CP@TRINITY_DN5869_c0_g1_i2::g.16602::m.16602	64.706	136	46	1	545	680	11	144	3.73e-50	173
Leismajo	CP@TRINITY_DN4168_c3_g1::CP@TRINITY_DN4168_c3_g1_i1::g.75817::m.75817	39.710	345	164	5	498	831	3	314	6.65e-66	224
Leismajo	CP@TRINITY_DN5869_c0_g1::CP@TRINITY_DN5869_c0_g1_i1::g.16600::m.16600	61.783	157	58	1	502	658	1	155	2.52e-57	194
Leismajo	CP@TRINITY_DN5869_c0_g1::CP@TRINITY_DN5869_c0_g1_i2::g.16602::m.16602	64.706	136	46	1	523	658	11	144	4.44e-50	173
Naeggrub	CP@TRINITY_DN4168_c3_g1::CP@TRINITY_DN4168_c3_g1_i1::g.75817::m.75817	43.302	321	156	8	431	734	3	314	1.84e-78	256
Naeggrub	CP@TRINITY_DN5869_c0_g1::CP@TRINITY_DN5869_c0_g1_i1::g.16600::m.16600	75.484	155	37	1	435	588	1	155	2.21e-68	223
Naeggrub	CP@TRINITY_DN5869_c0_g1::CP@TRINITY_DN5869_c0_g1_i2::g.16602::m.16602	75.735	136	33	0	453	588	9	144	7.60e-60	200
Naeggrub	CP@TRINITY_DN18654_c0_g1::CP@TRINITY_DN18654_c0_g1_i1::g.47331::m.47331	37.037	270	150	5	593	861	2	252	1.49e-45	164
Thectrah	CP@TRINITY_DN4168_c3_g1::CP@TRINITY_DN4168_c3_g1_i1::g.75817::m.75817	43.269	312	150	5	3089	3373	3	314	2.25e-71	243
Thectrah	CP@TRINITY_DN5869_c0_g1::CP@TRINITY_DN5869_c0_g1_i1::g.16600::m.16600	74.839	155	38	1	3093	3246	1	155	1.57e-67	225
Thectrah	CP@TRINITY_DN5869_c0_g1::CP@TRINITY_DN5869_c0_g1_i2::g.16602::m.16602	77.519	129	29	0	3118	3246	16	144	1.10e-59	202
Thectrah	CP@TRINITY_DN18654_c0_g1::CP@TRINITY_DN18654_c0_g1_i1::g.47331::m.47331	42.105	247	132	4	3250	3490	1	242	2.08e-51	183
Sacccere	CP@TRINITY_DN5869_c0_g1::CP@TRINITY_DN5869_c0_g1_i1::g.16600::m.16600	78.065	155	34	0	504	658	1	155	5.53e-73	236
Sacccere	CP@TRINITY_DN4168_c3_g1::CP@TRINITY_DN4168_c3_g1_i1::g.75817::m.75817	43.434	297	151	4	499	795	2	281	2.64e-69	232
Sacccere	CP@TRINITY_DN5869_c0_g1::CP@TRINITY_DN5869_c0_g1_i2::g.16602::m.16602	75.694	144	35	0	515	658	1	144	1.99e-62	207
Batrdend	CP@TRINITY_DN5869_c0_g1::CP@TRINITY_DN5869_c0_g1_i1::g.16600::m.16600	80.000	155	31	0	381	535	1	155	7.09e-76	242
Batrdend	CP@TRINITY_DN4168_c3_g1::CP@TRINITY_DN4168_c3_g1_i1::g.75817::m.75817	41.667	312	158	2	377	664	3	314	9.13e-73	240
Batrdend	CP@TRINITY_DN5869_c0_g1::CP@TRINITY_DN5869_c0_g1_i2::g.16602::m.16602	81.343	134	25	0	402	535	11	144	2.51e-64	211
Batrdend	CP@TRINITY_DN18654_c0_g1::CP@TRINITY_DN18654_c0_g1_i1::g.47331::m.47331	44.015	259	133	6	539	792	1	252	1.45e-57	197
Parasacc	CP@TRINITY_DN5869_c0_g1::CP@TRINITY_DN5869_c0_g1_i1::g.16600::m.16600	81.290	155	29	0	435	589	1	155	1.33e-76	245
Parasacc	CP@TRINITY_DN4168_c3_g1::CP@TRINITY_DN4168_c3_g1_i1::g.75817::m.75817	43.910	312	154	3	431	721	3	314	8.36e-74	244
Parasacc	CP@TRINITY_DN5869_c0_g1::CP@TRINITY_DN5869_c0_g1_i2::g.16602::m.16602	81.159	138	26	0	452	589	7	144	1.90e-65	215
Parasacc	CP@TRINITY_DN18654_c0_g1::CP@TRINITY_DN18654_c0_g1_i1::g.47331::m.47331	44.578	249	134	2	593	841	1	245	2.18e-58	200
Rozeallo	CP@TRINITY_DN5869_c0_g1::CP@TRINITY_DN5869_c0_g1_i1::g.16600::m.16600	79.355	155	32	0	462	616	1	155	6.79e-77	247
Rozeallo	CP@TRINITY_DN4168_c3_g1::CP@TRINITY_DN4168_c3_g1_i1::g.75817::m.75817	42.812	313	161	4	458	753	3	314	1.86e-74	246
Rozeallo	CP@TRINITY_DN5869_c0_g1::CP@TRINITY_DN5869_c0_g1_i2::g.16602::m.16602	79.851	134	27	0	483	616	11	144	4.03e-65	214
Rozeallo	CP@TRINITY_DN18654_c0_g1::CP@TRINITY_DN18654_c0_g1_i1::g.47331::m.47331	42.460	252	135	3	620	871	1	242	1.65e-58	201
Parvatla	CP@TRINITY_DN18654_c0_g1::CP@TRINITY_DN18654_c0_g1_i1::g.47331::m.47331	48.458	227	115	1	116	342	1	225	2.07e-68	216
Parvatla	CP@TRINITY_DN4168_c3_g1::CP@TRINITY_DN4168_c3_g1_i1::g.75817::m.75817	42.803	264	128	4	2	242	51	314	3.71e-59	194
Parvatla	CP@TRINITY_DN5869_c0_g1::CP@TRINITY_DN5869_c0_g1_i1::g.16600::m.16600	82.143	112	20	0	1	112	44	155	3.41e-54	176
Parvatla	CP@TRINITY_DN5869_c0_g1::CP@TRINITY_DN5869_c0_g1_i2::g.16602::m.16602	82.143	112	20	0	1	112	33	144	4.15e-54	175
Sphadest	CP@TRINITY_DN5869_c0_g1::CP@TRINITY_DN5869_c0_g1_i1::g.16600::m.16600	79.355	155	32	0	508	662	1	155	1.02e-76	247
Sphadest	CP@TRINITY_DN4168_c3_g1::CP@TRINITY_DN4168_c3_g1_i1::g.75817::m.75817	44.444	288	137	2	504	777	3	281	9.91e-72	239
Sphadest	CP@TRINITY_DN5869_c0_g1::CP@TRINITY_DN5869_c0_g1_i2::g.16602::m.16602	78.986	138	29	0	525	662	7	144	4.08e-65	215
Sphadest	CP@TRINITY_DN18654_c0_g1::CP@TRINITY_DN18654_c0_g1_i1::g.47331::m.47331	43.629	259	126	4	667	920	2	245	3.20e-58	200
Capsowcz	CP@TRINITY_DN4168_c3_g1::CP@TRINITY_DN4168_c3_g1_i1::g.75817::m.75817	43.344	323	155	6	547	852	3	314	1.89e-71	239
Capsowcz	CP@TRINITY_DN5869_c0_g1::CP@TRINITY_DN5869_c0_g1_i1::g.16600::m.16600	75.484	155	38	0	551	705	1	155	1.98e-70	230
Capsowcz	CP@TRINITY_DN5869_c0_g1::CP@TRINITY_DN5869_c0_g1_i2::g.16602::m.16602	76.866	134	31	0	572	705	11	144	3.15e-61	204
Capsowcz	CP@TRINITY_DN18654_c0_g1::CP@TRINITY_DN18654_c0_g1_i1::g.47331::m.47331	44.106	263	128	3	710	972	2	245	1.05e-58	202
Homosapi	CP@TRINITY_DN4168_c3_g1::CP@TRINITY_DN4168_c3_g1_i1::g.75817::m.75817	41.905	315	163	5	479	775	2	314	8.45e-71	236
Homosapi	CP@TRINITY_DN5869_c0_g1::CP@TRINITY_DN5869_c0_g1_i1::g.16600::m.16600	74.194	155	40	0	484	638	1	155	1.79e-68	224
Homosapi	CP@TRINITY_DN18654_c0_g1::CP@TRINITY_DN18654_c0_g1_i1::g.47331::m.47331	44.758	248	123	4	643	887	2	238	1.77e-60	206
Homosapi	CP@TRINITY_DN5869_c0_g1::CP@TRINITY_DN5869_c0_g1_i2::g.16602::m.16602	76.866	134	31	0	505	638	11	144	1.92e-59	199
Nemavect	CP@TRINITY_DN4168_c3_g1::CP@TRINITY_DN4168_c3_g1_i1::g.75817::m.75817	44.728	313	152	4	403	694	2	314	7.78e-77	251
Nemavect	CP@TRINITY_DN5869_c0_g1::CP@TRINITY_DN5869_c0_g1_i1::g.16600::m.16600	76.129	155	37	0	408	562	1	155	2.19e-73	236
Nemavect	CP@TRINITY_DN5869_c0_g1::CP@TRINITY_DN5869_c0_g1_i2::g.16602::m.16602	76.296	135	32	0	428	562	10	144	9.61e-62	204
Nemavect	CP@TRINITY_DN18654_c0_g1::CP@TRINITY_DN18654_c0_g1_i1::g.47331::m.47331	41.702	235	134	2	567	801	2	233	6.79e-56	192
Coralima	CP@TRINITY_DN5869_c0_g1::CP@TRINITY_DN5869_c0_g1_i1::g.16600::m.16600	78.710	155	33	0	525	679	1	155	8.69e-72	234
Coralima	CP@TRINITY_DN4168_c3_g1::CP@TRINITY_DN4168_c3_g1_i1::g.75817::m.75817	43.728	279	155	1	521	797	3	281	2.58e-70	236
Coralima	CP@TRINITY_DN5869_c0_g1::CP@TRINITY_DN5869_c0_g1_i2::g.16602::m.16602	82.171	129	23	0	551	679	16	144	5.67e-62	206
Coralima	CP@TRINITY_DN18654_c0_g1::CP@TRINITY_DN18654_c0_g1_i1::g.47331::m.47331	39.924	263	143	4	684	945	2	250	1.20e-53	187
Creofrag	CP@TRINITY_DN4168_c3_g1::CP@TRINITY_DN4168_c3_g1_i1::g.75817::m.75817	43.711	318	148	6	531	823	3	314	2.75e-75	249
Creofrag	CP@TRINITY_DN5869_c0_g1::CP@TRINITY_DN5869_c0_g1_i1::g.16600::m.16600	75.641	156	37	1	535	690	1	155	1.14e-72	236
Creofrag	CP@TRINITY_DN5869_c0_g1::CP@TRINITY_DN5869_c0_g1_i2::g.16602::m.16602	76.087	138	33	0	553	690	7	144	4.76e-64	212
Creofrag	CP@TRINITY_DN18654_c0_g1::CP@TRINITY_DN18654_c0_g1_i1::g.47331::m.47331	40.945	254	134	4	695	942	2	245	4.23e-53	186
Monobrev	CP@TRINITY_DN4168_c3_g1::CP@TRINITY_DN4168_c3_g1_i1::g.75817::m.75817	42.994	314	148	6	475	759	3	314	2.75e-75	248
Monobrev	CP@TRINITY_DN5869_c0_g1::CP@TRINITY_DN5869_c0_g1_i1::g.16600::m.16600	76.129	155	37	0	479	633	1	155	6.82e-74	238
Monobrev	CP@TRINITY_DN5869_c0_g1::CP@TRINITY_DN5869_c0_g1_i2::g.16602::m.16602	77.372	137	31	0	496	632	7	143	3.57e-63	209
Monobrev	CP@TRINITY_DN18654_c0_g1::CP@TRINITY_DN18654_c0_g1_i1::g.47331::m.47331	43.498	223	120	3	638	856	2	222	2.90e-53	186
Syssmult	CP@TRINITY_DN4168_c3_g1::CP@TRINITY_DN4168_c3_g1_i1::g.75817::m.75817	42.540	315	152	4	490	776	1	314	1.41e-74	247
Syssmult	CP@TRINITY_DN5869_c0_g1::CP@TRINITY_DN5869_c0_g1_i1::g.16600::m.16600	74.839	155	39	0	496	650	1	155	1.86e-71	232
Syssmult	CP@TRINITY_DN5869_c0_g1::CP@TRINITY_DN5869_c0_g1_i2::g.16602::m.16602	76.119	134	32	0	517	650	11	144	4.34e-61	204
Syssmult	CP@TRINITY_DN18654_c0_g1::CP@TRINITY_DN18654_c0_g1_i1::g.47331::m.47331	40.586	239	130	5	655	886	2	235	5.15e-44	160
Mitodaph	CP@TRINITY_DN4168_c3_g1::CP@TRINITY_DN4168_c3_g1_i1::g.75817::m.75817	45.860	314	145	7	427	717	3	314	7.19e-78	255
Mitodaph	CP@TRINITY_DN5869_c0_g1::CP@TRINITY_DN5869_c0_g1_i1::g.16600::m.16600	73.718	156	40	1	431	586	1	155	2.85e-70	228
Mitodaph	CP@TRINITY_DN5869_c0_g1::CP@TRINITY_DN5869_c0_g1_i2::g.16602::m.16602	78.740	127	27	0	460	586	18	144	8.12e-61	202
Mitodaph	CP@TRINITY_DN18654_c0_g1::CP@TRINITY_DN18654_c0_g1_i1::g.47331::m.47331	36.502	263	156	3	591	853	2	253	9.52e-44	159
Protfung	CP@TRINITY_DN4168_c3_g1::CP@TRINITY_DN4168_c3_g1_i1::g.75817::m.75817	49.286	280	117	5	934	1188	3	282	2.31e-75	253
Protfung	CP@TRINITY_DN5869_c0_g1::CP@TRINITY_DN5869_c0_g1_i1::g.16600::m.16600	76.774	155	35	1	938	1091	1	155	1.94e-72	238
Protfung	CP@TRINITY_DN5869_c0_g1::CP@TRINITY_DN5869_c0_g1_i2::g.16602::m.16602	77.778	135	29	1	958	1091	10	144	4.35e-62	208
Protfung	CP@TRINITY_DN18654_c0_g1::CP@TRINITY_DN18654_c0_g1_i1::g.47331::m.47331	36.800	250	139	5	1096	1332	2	245	4.40e-48	172
Physpoly	CP@TRINITY_DN5869_c0_g1::CP@TRINITY_DN5869_c0_g1_i1::g.16600::m.16600	80.000	155	31	0	524	678	1	155	1.67e-74	242
Physpoly	CP@TRINITY_DN4168_c3_g1::CP@TRINITY_DN4168_c3_g1_i1::g.75817::m.75817	40.688	349	160	6	520	858	3	314	2.44e-71	239
Physpoly	CP@TRINITY_DN5869_c0_g1::CP@TRINITY_DN5869_c0_g1_i2::g.16602::m.16602	80.435	138	27	0	541	678	7	144	2.80e-64	213
TeloneP2	CP@TRINITY_DN4168_c3_g1::CP@TRINITY_DN4168_c3_g1_i1::g.75817::m.75817	44.969	318	147	6	461	756	3	314	1.58e-77	254
TeloneP2	CP@TRINITY_DN5869_c0_g1::CP@TRINITY_DN5869_c0_g1_i1::g.16600::m.16600	73.548	155	41	0	465	619	1	155	1.70e-69	226
TeloneP2	CP@TRINITY_DN5869_c0_g1::CP@TRINITY_DN5869_c0_g1_i2::g.16602::m.16602	70.833	144	42	0	476	619	1	144	1.48e-59	199
TeloneP2	CP@TRINITY_DN18654_c0_g1::CP@TRINITY_DN18654_c0_g1_i1::g.47331::m.47331	43.415	205	109	1	624	828	2	199	2.57e-49	174
Telosubt	CP@TRINITY_DN5869_c0_g1::CP@TRINITY_DN5869_c0_g1_i1::g.16600::m.16600	71.613	155	44	0	182	336	1	155	2.91e-73	224
Telosubt	CP@TRINITY_DN4168_c3_g1::CP@TRINITY_DN4168_c3_g1_i1::g.75817::m.75817	56.667	180	78	0	178	357	3	182	8.81e-70	221
Telosubt	CP@TRINITY_DN5869_c0_g1::CP@TRINITY_DN5869_c0_g1_i2::g.16602::m.16602	69.444	144	44	0	193	336	1	144	4.32e-63	197
Dictdisc	CP@TRINITY_DN4168_c3_g1::CP@TRINITY_DN4168_c3_g1_i1::g.75817::m.75817	45.223	314	143	6	590	876	3	314	2.36e-77	256
Dictdisc	CP@TRINITY_DN5869_c0_g1::CP@TRINITY_DN5869_c0_g1_i1::g.16600::m.16600	76.129	155	37	0	594	748	1	155	7.77e-72	234
Dictdisc	CP@TRINITY_DN5869_c0_g1::CP@TRINITY_DN5869_c0_g1_i2::g.16602::m.16602	78.358	134	29	0	615	748	11	144	1.59e-61	206
Dictdisc	CP@TRINITY_DN18654_c0_g1::CP@TRINITY_DN18654_c0_g1_i1::g.47331::m.47331	41.379	232	129	4	755	982	4	232	5.56e-49	174
Acancast	CP@TRINITY_DN4168_c3_g1::CP@TRINITY_DN4168_c3_g1_i1::g.75817::m.75817	46.263	281	134	5	494	759	2	280	1.78e-71	238
Acancast	CP@TRINITY_DN5869_c0_g1::CP@TRINITY_DN5869_c0_g1_i1::g.16600::m.16600	76.129	155	36	1	499	653	1	154	5.56e-69	226
Acancast	CP@TRINITY_DN5869_c0_g1::CP@TRINITY_DN5869_c0_g1_i2::g.16602::m.16602	80.620	129	25	0	525	653	15	143	5.76e-60	201
Acancast	CP@TRINITY_DN18654_c0_g1::CP@TRINITY_DN18654_c0_g1_i1::g.47331::m.47331	43.033	244	125	5	659	895	2	238	3.46e-54	189
Physpate	CP@TRINITY_DN4168_c3_g1::CP@TRINITY_DN4168_c3_g1_i1::g.75817::m.75817	46.643	283	135	2	499	767	1	281	2.74e-75	249
Physpate	CP@TRINITY_DN5869_c0_g1::CP@TRINITY_DN5869_c0_g1_i1::g.16600::m.16600	76.774	155	36	0	505	659	1	155	2.81e-71	232
Physpate	CP@TRINITY_DN5869_c0_g1::CP@TRINITY_DN5869_c0_g1_i2::g.16602::m.16602	76.389	144	34	0	516	659	1	144	4.84e-63	209
Physpate	CP@TRINITY_DN18654_c0_g1::CP@TRINITY_DN18654_c0_g1_i1::g.47331::m.47331	41.767	249	139	3	664	911	2	245	1.00e-57	199
Oryzsati	CP@TRINITY_DN4168_c3_g1::CP@TRINITY_DN4168_c3_g1_i1::g.75817::m.75817	45.397	315	152	4	531	828	3	314	5.32e-76	251
Oryzsati	CP@TRINITY_DN5869_c0_g1::CP@TRINITY_DN5869_c0_g1_i1::g.16600::m.16600	77.419	155	35	0	535	689	1	155	3.24e-72	235
Oryzsati	CP@TRINITY_DN5869_c0_g1::CP@TRINITY_DN5869_c0_g1_i2::g.16602::m.16602	79.104	134	28	0	556	689	11	144	8.80e-62	206
Oryzsati	CP@TRINITY_DN18654_c0_g1::CP@TRINITY_DN18654_c0_g1_i1::g.47331::m.47331	40.977	266	143	4	694	959	2	253	4.79e-54	189
Picosali	CP@TRINITY_DN4168_c3_g1::CP@TRINITY_DN4168_c3_g1_i1::g.75817::m.75817	43.269	312	155	4	487	776	3	314	3.18e-73	246
Picosali	CP@TRINITY_DN5869_c0_g1::CP@TRINITY_DN5869_c0_g1_i1::g.16600::m.16600	79.355	155	32	0	491	645	1	155	8.69e-73	239
Picosali	CP@TRINITY_DN5869_c0_g1::CP@TRINITY_DN5869_c0_g1_i2::g.16602::m.16602	80.597	134	26	0	512	645	11	144	2.88e-62	208
Picosali	CP@TRINITY_DN18654_c0_g1::CP@TRINITY_DN18654_c0_g1_i1::g.47331::m.47331	42.915	247	138	2	650	896	2	245	4.15e-59	204
Ostrtaur	CP@TRINITY_DN4168_c3_g1::CP@TRINITY_DN4168_c3_g1_i1::g.75817::m.75817	46.497	314	144	5	411	702	3	314	1.49e-78	256
Ostrtaur	CP@TRINITY_DN5869_c0_g1::CP@TRINITY_DN5869_c0_g1_i1::g.16600::m.16600	72.903	155	42	0	415	569	1	155	7.83e-66	216
Ostrtaur	CP@TRINITY_DN5869_c0_g1::CP@TRINITY_DN5869_c0_g1_i2::g.16602::m.16602	75.373	134	33	0	436	569	11	144	2.98e-56	190
Ostrtaur	CP@TRINITY_DN18654_c0_g1::CP@TRINITY_DN18654_c0_g1_i1::g.47331::m.47331	39.608	255	143	4	574	828	2	245	2.49e-45	163
Micrpusl	CP@TRINITY_DN4168_c3_g1::CP@TRINITY_DN4168_c3_g1_i1::g.75817::m.75817	44.551	312	159	4	363	660	3	314	9.95e-78	253
Micrpusl	CP@TRINITY_DN5869_c0_g1::CP@TRINITY_DN5869_c0_g1_i1::g.16600::m.16600	74.194	155	40	0	367	521	1	155	2.00e-67	220
Micrpusl	CP@TRINITY_DN5869_c0_g1::CP@TRINITY_DN5869_c0_g1_i2::g.16602::m.16602	75.373	134	33	0	388	521	11	144	4.67e-57	191
Micrpusl	CP@TRINITY_DN18654_c0_g1::CP@TRINITY_DN18654_c0_g1_i1::g.47331::m.47331	48.020	202	96	2	526	727	2	194	3.07e-53	185
Volvcart	CP@TRINITY_DN4168_c3_g1::CP@TRINITY_DN4168_c3_g1_i1::g.75817::m.75817	46.643	283	139	3	469	743	3	281	1.83e-76	252
Volvcart	CP@TRINITY_DN5869_c0_g1::CP@TRINITY_DN5869_c0_g1_i1::g.16600::m.16600	75.484	155	38	0	473	627	1	155	4.45e-70	228
Volvcart	CP@TRINITY_DN5869_c0_g1::CP@TRINITY_DN5869_c0_g1_i2::g.16602::m.16602	76.119	134	32	0	494	627	11	144	4.17e-59	198
Volvcart	CP@TRINITY_DN18654_c0_g1::CP@TRINITY_DN18654_c0_g1_i1::g.47331::m.47331	42.308	260	132	4	632	887	2	247	1.72e-57	198
Rhodsali	CP@TRINITY_DN5869_c0_g1::CP@TRINITY_DN5869_c0_g1_i1::g.16600::m.16600	75.484	155	38	0	463	617	1	155	7.43e-70	228
Rhodsali	CP@TRINITY_DN4168_c3_g1::CP@TRINITY_DN4168_c3_g1_i1::g.75817::m.75817	41.693	319	151	5	458	747	2	314	1.27e-67	228
Rhodsali	CP@TRINITY_DN5869_c0_g1::CP@TRINITY_DN5869_c0_g1_i2::g.16602::m.16602	72.917	144	39	0	474	617	1	144	1.54e-59	199
Rhodsali	CP@TRINITY_DN18654_c0_g1::CP@TRINITY_DN18654_c0_g1_i1::g.47331::m.47331	46.581	234	122	2	622	855	2	232	1.98e-57	197
Rhodlimn	CP@TRINITY_DN4168_c3_g1::CP@TRINITY_DN4168_c3_g1_i1::g.75817::m.75817	43.574	319	163	3	456	763	2	314	1.84e-78	257
Rhodlimn	CP@TRINITY_DN5869_c0_g1::CP@TRINITY_DN5869_c0_g1_i1::g.16600::m.16600	72.258	155	43	0	461	615	1	155	1.94e-64	213
Rhodlimn	CP@TRINITY_DN5869_c0_g1::CP@TRINITY_DN5869_c0_g1_i2::g.16602::m.16602	76.744	129	30	0	487	615	16	144	1.91e-56	191
Rhodlimn	CP@TRINITY_DN18654_c0_g1::CP@TRINITY_DN18654_c0_g1_i1::g.47331::m.47331	41.981	212	103	3	620	830	2	194	2.36e-43	158
Rhodemar	CP@TRINITY_DN4168_c3_g1::CP@TRINITY_DN4168_c3_g1_i1::g.75817::m.75817	47.719	285	144	4	455	737	2	283	1.85e-76	252
Rhodemar	CP@TRINITY_DN5869_c0_g1::CP@TRINITY_DN5869_c0_g1_i1::g.16600::m.16600	72.903	155	42	0	460	614	1	155	9.34e-68	222
Rhodemar	CP@TRINITY_DN5869_c0_g1::CP@TRINITY_DN5869_c0_g1_i2::g.16602::m.16602	73.881	134	35	0	481	614	11	144	6.39e-57	192
Haloseos	CP@TRINITY_DN4168_c3_g1::CP@TRINITY_DN4168_c3_g1_i1::g.75817::m.75817	43.131	313	158	4	429	722	3	314	1.79e-74	246
Haloseos	CP@TRINITY_DN5869_c0_g1::CP@TRINITY_DN5869_c0_g1_i1::g.16600::m.16600	73.548	155	41	0	433	587	1	155	9.13e-70	228
Haloseos	CP@TRINITY_DN5869_c0_g1::CP@TRINITY_DN5869_c0_g1_i2::g.16602::m.16602	76.119	134	32	0	454	587	11	144	6.99e-60	200
Haloseos	CP@TRINITY_DN18654_c0_g1::CP@TRINITY_DN18654_c0_g1_i1::g.47331::m.47331	48.485	198	97	2	592	789	2	194	1.37e-51	181
Wobbluna	CP@TRINITY_DN4168_c3_g1::CP@TRINITY_DN4168_c3_g1_i1::g.75817::m.75817	58.706	201	83	0	455	655	3	203	4.11e-74	246
Wobbluna	CP@TRINITY_DN5869_c0_g1::CP@TRINITY_DN5869_c0_g1_i1::g.16600::m.16600	77.419	155	35	0	459	613	1	155	3.09e-73	238
Wobbluna	CP@TRINITY_DN5869_c0_g1::CP@TRINITY_DN5869_c0_g1_i2::g.16602::m.16602	78.261	138	30	0	476	613	7	144	7.61e-64	212
Schiaggr	CP@TRINITY_DN4168_c3_g1::CP@TRINITY_DN4168_c3_g1_i1::g.75817::m.75817	43.598	328	159	6	540	856	2	314	3.23e-77	255
Schiaggr	CP@TRINITY_DN5869_c0_g1::CP@TRINITY_DN5869_c0_g1_i1::g.16600::m.16600	76.129	155	37	0	545	699	1	155	2.23e-70	230
Schiaggr	CP@TRINITY_DN5869_c0_g1::CP@TRINITY_DN5869_c0_g1_i2::g.16602::m.16602	77.037	135	31	0	565	699	10	144	3.77e-61	204
Schiaggr	CP@TRINITY_DN18654_c0_g1::CP@TRINITY_DN18654_c0_g1_i1::g.47331::m.47331	38.023	263	129	5	704	961	2	235	1.32e-47	170
ThraLLF1	CP@TRINITY_DN4168_c3_g1::CP@TRINITY_DN4168_c3_g1_i1::g.75817::m.75817	45.936	283	148	2	297	578	3	281	4.72e-76	248
ThraLLF1	CP@TRINITY_DN5869_c0_g1::CP@TRINITY_DN5869_c0_g1_i1::g.16600::m.16600	74.194	155	40	0	301	455	1	155	2.88e-71	229
ThraLLF1	CP@TRINITY_DN5869_c0_g1::CP@TRINITY_DN5869_c0_g1_i2::g.16602::m.16602	76.087	138	33	0	318	455	7	144	4.51e-62	204
ThraLLF1	CP@TRINITY_DN18654_c0_g1::CP@TRINITY_DN18654_c0_g1_i1::g.47331::m.47331	39.925	268	138	5	460	721	2	252	2.90e-54	187
Auralima	CP@TRINITY_DN4168_c3_g1::CP@TRINITY_DN4168_c3_g1_i1::g.75817::m.75817	52.101	238	112	1	262	497	3	240	5.66e-75	244
Auralima	CP@TRINITY_DN5869_c0_g1::CP@TRINITY_DN5869_c0_g1_i1::g.16600::m.16600	74.839	155	39	0	266	420	1	155	7.53e-73	233
Auralima	CP@TRINITY_DN5869_c0_g1::CP@TRINITY_DN5869_c0_g1_i2::g.16602::m.16602	76.812	138	30	1	283	420	9	144	3.89e-63	207
Auralima	CP@TRINITY_DN18654_c0_g1::CP@TRINITY_DN18654_c0_g1_i1::g.47331::m.47331	39.510	286	134	5	425	706	2	252	4.66e-50	176
Aplakerg	CP@TRINITY_DN4168_c3_g1::CP@TRINITY_DN4168_c3_g1_i1::g.75817::m.75817	44.892	323	156	4	422	732	2	314	1.64e-78	257
Aplakerg	CP@TRINITY_DN5869_c0_g1::CP@TRINITY_DN5869_c0_g1_i1::g.16600::m.16600	74.194	155	40	0	427	581	1	155	4.06e-71	231
Aplakerg	CP@TRINITY_DN5869_c0_g1::CP@TRINITY_DN5869_c0_g1_i2::g.16602::m.16602	79.104	134	28	0	448	581	11	144	2.41e-63	209
Aplakerg	CP@TRINITY_DN18654_c0_g1::CP@TRINITY_DN18654_c0_g1_i1::g.47331::m.47331	39.483	271	133	5	586	855	2	242	6.60e-53	185
BlasS7SB	CP@TRINITY_DN4168_c3_g1::CP@TRINITY_DN4168_c3_g1_i1::g.75817::m.75817	42.945	326	154	6	360	666	2	314	3.18e-76	249
BlasS7SB	CP@TRINITY_DN5869_c0_g1::CP@TRINITY_DN5869_c0_g1_i1::g.16600::m.16600	70.122	164	40	1	365	528	1	155	1.57e-70	228
BlasS7SB	CP@TRINITY_DN5869_c0_g1::CP@TRINITY_DN5869_c0_g1_i2::g.16602::m.16602	75.912	137	33	0	392	528	8	144	7.90e-63	207
BlasS7SB	CP@TRINITY_DN18654_c0_g1::CP@TRINITY_DN18654_c0_g1_i1::g.47331::m.47331	44.255	235	119	4	533	767	2	224	2.38e-51	180
Deveeleg	CP@TRINITY_DN4168_c3_g1::CP@TRINITY_DN4168_c3_g1_i1::g.75817::m.75817	42.547	322	163	5	479	788	3	314	2.29e-72	241
Deveeleg	CP@TRINITY_DN5869_c0_g1::CP@TRINITY_DN5869_c0_g1_i1::g.16600::m.16600	75.484	155	38	0	483	637	1	155	3.98e-72	234
Deveeleg	CP@TRINITY_DN5869_c0_g1::CP@TRINITY_DN5869_c0_g1_i2::g.16602::m.16602	77.778	135	30	0	503	637	10	144	5.26e-64	212
Deveeleg	CP@TRINITY_DN18654_c0_g1::CP@TRINITY_DN18654_c0_g1_i1::g.47331::m.47331	42.520	254	124	3	642	895	2	233	2.07e-54	189
Pseuelas	CP@TRINITY_DN5869_c0_g1::CP@TRINITY_DN5869_c0_g1_i1::g.16600::m.16600	75.484	155	38	0	454	608	1	155	3.21e-72	234
Pseuelas	CP@TRINITY_DN4168_c3_g1::CP@TRINITY_DN4168_c3_g1_i1::g.75817::m.75817	43.816	283	155	1	450	732	3	281	9.13e-69	231
Pseuelas	CP@TRINITY_DN5869_c0_g1::CP@TRINITY_DN5869_c0_g1_i2::g.16602::m.16602	79.851	134	27	0	475	608	11	144	1.27e-63	210
Pseuelas	CP@TRINITY_DN18654_c0_g1::CP@TRINITY_DN18654_c0_g1_i1::g.47331::m.47331	40.293	273	141	4	612	884	1	251	6.46e-53	185
Tripeleu	CP@TRINITY_DN5869_c0_g1::CP@TRINITY_DN5869_c0_g1_i1::g.16600::m.16600	78.710	155	32	1	549	702	1	155	4.21e-71	232
Tripeleu	CP@TRINITY_DN4168_c3_g1::CP@TRINITY_DN4168_c3_g1_i1::g.75817::m.75817	44.170	283	153	4	545	826	3	281	6.91e-71	238
Tripeleu	CP@TRINITY_DN5869_c0_g1::CP@TRINITY_DN5869_c0_g1_i2::g.16602::m.16602	80.597	134	25	1	570	702	11	144	3.19e-62	207
Tripeleu	CP@TRINITY_DN18654_c0_g1::CP@TRINITY_DN18654_c0_g1_i1::g.47331::m.47331	40.336	238	125	3	707	944	2	222	6.58e-52	182
Phaetric	CP@TRINITY_DN4168_c3_g1::CP@TRINITY_DN4168_c3_g1_i1::g.75817::m.75817	43.949	314	153	5	379	671	3	314	1.05e-76	251
Phaetric	CP@TRINITY_DN5869_c0_g1::CP@TRINITY_DN5869_c0_g1_i1::g.16600::m.16600	77.419	155	35	0	383	537	1	155	7.75e-75	240
Phaetric	CP@TRINITY_DN5869_c0_g1::CP@TRINITY_DN5869_c0_g1_i2::g.16602::m.16602	78.519	135	29	0	403	537	10	144	4.42e-64	211
Phaetric	CP@TRINITY_DN18654_c0_g1::CP@TRINITY_DN18654_c0_g1_i1::g.47331::m.47331	41.961	255	137	4	542	796	2	245	1.89e-53	186
Fragcyli	CP@TRINITY_DN4168_c3_g1::CP@TRINITY_DN4168_c3_g1_i1::g.75817::m.75817	44.904	314	151	4	392	686	3	313	2.82e-77	253
Fragcyli	CP@TRINITY_DN5869_c0_g1::CP@TRINITY_DN5869_c0_g1_i1::g.16600::m.16600	78.065	155	34	0	396	550	1	155	1.02e-72	234
Fragcyli	CP@TRINITY_DN5869_c0_g1::CP@TRINITY_DN5869_c0_g1_i2::g.16602::m.16602	79.851	134	27	0	417	550	11	144	3.43e-62	206
Fragcyli	CP@TRINITY_DN18654_c0_g1::CP@TRINITY_DN18654_c0_g1_i1::g.47331::m.47331	36.822	258	149	4	555	812	2	245	3.20e-44	160
Psuemult	CP@TRINITY_DN4168_c3_g1::CP@TRINITY_DN4168_c3_g1_i1::g.75817::m.75817	43.492	315	156	4	605	900	3	314	4.52e-75	250
Psuemult	CP@TRINITY_DN5869_c0_g1::CP@TRINITY_DN5869_c0_g1_i1::g.16600::m.16600	76.774	155	36	0	609	763	1	155	4.11e-69	227
Psuemult	CP@TRINITY_DN5869_c0_g1::CP@TRINITY_DN5869_c0_g1_i2::g.16602::m.16602	78.358	134	29	0	630	763	11	144	1.08e-60	203
Psuemult	CP@TRINITY_DN18654_c0_g1::CP@TRINITY_DN18654_c0_g1_i1::g.47331::m.47331	36.466	266	139	4	768	1025	2	245	1.11e-46	168
Aureanop	CP@TRINITY_DN4168_c3_g1::CP@TRINITY_DN4168_c3_g1_i1::g.75817::m.75817	43.003	293	137	4	409	679	1	285	1.44e-69	233
Aureanop	CP@TRINITY_DN5869_c0_g1::CP@TRINITY_DN5869_c0_g1_i1::g.16600::m.16600	67.296	159	48	1	415	573	1	155	1.47e-62	207
Aureanop	CP@TRINITY_DN5869_c0_g1::CP@TRINITY_DN5869_c0_g1_i2::g.16602::m.16602	69.718	142	39	1	432	573	7	144	3.89e-54	184
Aureanop	CP@TRINITY_DN18654_c0_g1::CP@TRINITY_DN18654_c0_g1_i1::g.47331::m.47331	38.298	235	126	3	578	803	2	226	4.55e-47	168
Pelasubv	CP@TRINITY_DN4168_c3_g1::CP@TRINITY_DN4168_c3_g1_i1::g.75817::m.75817	38.387	310	162	3	410	719	1	281	3.70e-64	218
Pelasubv	CP@TRINITY_DN5869_c0_g1::CP@TRINITY_DN5869_c0_g1_i1::g.16600::m.16600	64.286	168	47	1	416	583	1	155	1.41e-60	202
Pelasubv	CP@TRINITY_DN5869_c0_g1::CP@TRINITY_DN5869_c0_g1_i2::g.16602::m.16602	63.576	151	42	1	433	583	7	144	9.00e-51	175
Pelacalc	CP@TRINITY_DN4168_c3_g1::CP@TRINITY_DN4168_c3_g1_i1::g.75817::m.75817	45.196	281	151	1	445	722	1	281	2.87e-75	249
Pelacalc	CP@TRINITY_DN5869_c0_g1::CP@TRINITY_DN5869_c0_g1_i1::g.16600::m.16600	70.323	155	46	0	451	605	1	155	4.63e-66	218
Pelacalc	CP@TRINITY_DN5869_c0_g1::CP@TRINITY_DN5869_c0_g1_i2::g.16602::m.16602	70.290	138	41	0	468	605	7	144	4.65e-55	187
Chryfrag	CP@TRINITY_DN4168_c3_g1::CP@TRINITY_DN4168_c3_g1_i1::g.75817::m.75817	43.060	281	147	2	301	568	2	282	2.92e-66	221
Chryfrag	CP@TRINITY_DN5869_c0_g1::CP@TRINITY_DN5869_c0_g1_i1::g.16600::m.16600	67.097	155	51	0	306	460	1	155	1.62e-60	200
Chryfrag	CP@TRINITY_DN5869_c0_g1::CP@TRINITY_DN5869_c0_g1_i2::g.16602::m.16602	70.149	134	40	0	327	460	11	144	9.79e-54	182
Chryfrag	CP@TRINITY_DN18654_c0_g1::CP@TRINITY_DN18654_c0_g1_i1::g.47331::m.47331	38.521	257	144	3	465	721	2	244	7.09e-48	169
Aurelagu	CP@TRINITY_DN4168_c3_g1::CP@TRINITY_DN4168_c3_g1_i1::g.75817::m.75817	42.446	278	140	2	384	641	3	280	3.01e-69	231
Aurelagu	CP@TRINITY_DN5869_c0_g1::CP@TRINITY_DN5869_c0_g1_i1::g.16600::m.16600	67.097	155	51	0	388	542	1	155	3.12e-62	206
Aurelagu	CP@TRINITY_DN5869_c0_g1::CP@TRINITY_DN5869_c0_g1_i2::g.16602::m.16602	68.841	138	43	0	405	542	7	144	4.81e-54	183
Tribgaya	CP@TRINITY_DN5869_c0_g1::CP@TRINITY_DN5869_c0_g1_i1::g.16600::m.16600	78.710	155	33	0	339	493	1	155	6.43e-75	239
Tribgaya	CP@TRINITY_DN4168_c3_g1::CP@TRINITY_DN4168_c3_g1_i1::g.75817::m.75817	45.862	290	142	3	334	617	2	282	7.90e-73	240
Tribgaya	CP@TRINITY_DN5869_c0_g1::CP@TRINITY_DN5869_c0_g1_i2::g.16602::m.16602	79.259	135	28	0	359	493	10	144	4.17e-63	207
Tribgaya	CP@TRINITY_DN18654_c0_g1::CP@TRINITY_DN18654_c0_g1_i1::g.47331::m.47331	37.918	269	142	4	498	766	2	245	3.69e-49	174
PoterBG1	CP@TRINITY_DN4168_c3_g1::CP@TRINITY_DN4168_c3_g1_i1::g.75817::m.75817	42.857	329	160	7	437	754	3	314	5.41e-74	245
PoterBG1	CP@TRINITY_DN5869_c0_g1::CP@TRINITY_DN5869_c0_g1_i1::g.16600::m.16600	76.129	155	36	1	441	594	1	155	2.06e-70	229
PoterBG1	CP@TRINITY_DN5869_c0_g1::CP@TRINITY_DN5869_c0_g1_i2::g.16602::m.16602	75.000	136	34	0	459	594	9	144	5.89e-60	200
PoterBG1	CP@TRINITY_DN18654_c0_g1::CP@TRINITY_DN18654_c0_g1_i1::g.47331::m.47331	37.193	285	127	6	599	872	2	245	1.36e-44	161
Pythirre	CP@TRINITY_DN4168_c3_g1::CP@TRINITY_DN4168_c3_g1_i1::g.75817::m.75817	43.771	297	148	6	458	753	3	281	1.38e-74	247
Pythirre	CP@TRINITY_DN5869_c0_g1::CP@TRINITY_DN5869_c0_g1_i1::g.16600::m.16600	69.032	155	47	1	462	615	1	155	1.56e-64	214
Pythirre	CP@TRINITY_DN5869_c0_g1::CP@TRINITY_DN5869_c0_g1_i2::g.16602::m.16602	74.016	127	33	0	489	615	18	144	6.73e-56	189
Palpbili	CP@TRINITY_DN4168_c3_g1::CP@TRINITY_DN4168_c3_g1_i1::g.75817::m.75817	45.570	316	147	5	437	730	2	314	1.17e-80	263
Palpbili	CP@TRINITY_DN5869_c0_g1::CP@TRINITY_DN5869_c0_g1_i1::g.16600::m.16600	78.065	155	34	0	442	596	1	155	2.22e-75	242
Palpbili	CP@TRINITY_DN5869_c0_g1::CP@TRINITY_DN5869_c0_g1_i2::g.16602::m.16602	80.597	134	26	0	463	596	11	144	1.12e-65	216
Palpbili	CP@TRINITY_DN18654_c0_g1::CP@TRINITY_DN18654_c0_g1_i1::g.47331::m.47331	42.324	241	129	3	601	841	2	232	5.71e-52	182
Chrycart	CP@TRINITY_DN4168_c3_g1::CP@TRINITY_DN4168_c3_g1_i1::g.75817::m.75817	42.628	312	156	2	478	766	3	314	3.42e-73	243
Chrycart	CP@TRINITY_DN5869_c0_g1::CP@TRINITY_DN5869_c0_g1_i1::g.16600::m.16600	75.484	155	38	0	482	636	1	155	5.01e-71	231
Chrycart	CP@TRINITY_DN5869_c0_g1::CP@TRINITY_DN5869_c0_g1_i2::g.16602::m.16602	74.638	138	35	0	499	636	7	144	1.86e-60	202
Chrycart	CP@TRINITY_DN18654_c0_g1::CP@TRINITY_DN18654_c0_g1_i1::g.47331::m.47331	42.915	247	133	4	641	880	2	247	8.35e-48	171
Crypparv	CP@TRINITY_DN4168_c3_g1::CP@TRINITY_DN4168_c3_g1_i1::g.75817::m.75817	42.403	283	159	3	508	789	2	281	1.19e-66	226
Crypparv	CP@TRINITY_DN5869_c0_g1::CP@TRINITY_DN5869_c0_g1_i1::g.16600::m.16600	72.436	156	42	1	513	668	1	155	4.54e-66	218
Crypparv	CP@TRINITY_DN5869_c0_g1::CP@TRINITY_DN5869_c0_g1_i2::g.16602::m.16602	73.282	131	35	0	538	668	14	144	4.66e-56	190
Crypparv	CP@TRINITY_DN18654_c0_g1::CP@TRINITY_DN18654_c0_g1_i1::g.47331::m.47331	42.647	204	103	2	673	876	2	191	4.16e-44	160
Toxogond	CP@TRINITY_DN4168_c3_g1::CP@TRINITY_DN4168_c3_g1_i1::g.75817::m.75817	37.228	368	160	7	541	892	2	314	7.63e-67	227
Toxogond	CP@TRINITY_DN5869_c0_g1::CP@TRINITY_DN5869_c0_g1_i1::g.16600::m.16600	51.220	205	49	1	546	750	1	154	1.10e-50	176
Toxogond	CP@TRINITY_DN5869_c0_g1::CP@TRINITY_DN5869_c0_g1_i2::g.16602::m.16602	69.118	136	42	0	615	750	8	143	1.36e-50	175
Chroveli	CP@TRINITY_DN5869_c0_g1::CP@TRINITY_DN5869_c0_g1_i1::g.16600::m.16600	72.258	155	43	0	490	644	1	155	2.10e-65	216
Chroveli	CP@TRINITY_DN4168_c3_g1::CP@TRINITY_DN4168_c3_g1_i1::g.75817::m.75817	39.697	330	166	8	486	800	3	314	3.63e-65	222
Chroveli	CP@TRINITY_DN5869_c0_g1::CP@TRINITY_DN5869_c0_g1_i2::g.16602::m.16602	70.833	144	42	0	501	644	1	144	5.38e-56	190
Platviva	CP@TRINITY_DN4168_c3_g1::CP@TRINITY_DN4168_c3_g1_i1::g.75817::m.75817	42.357	314	157	5	329	620	3	314	9.46e-66	221
Platviva	CP@TRINITY_DN5869_c0_g1::CP@TRINITY_DN5869_c0_g1_i1::g.16600::m.16600	72.903	155	42	0	333	487	1	155	1.49e-65	214
Platviva	CP@TRINITY_DN5869_c0_g1::CP@TRINITY_DN5869_c0_g1_i2::g.16602::m.16602	75.362	138	28	1	356	487	7	144	3.12e-59	197
Platviva	CP@TRINITY_DN18654_c0_g1::CP@TRINITY_DN18654_c0_g1_i1::g.47331::m.47331	39.130	276	141	7	492	764	2	253	3.11e-46	165
Perkmari	CP@TRINITY_DN4168_c3_g1::CP@TRINITY_DN4168_c3_g1_i1::g.75817::m.75817	43.354	316	151	5	402	692	2	314	2.47e-69	231
Perkmari	CP@TRINITY_DN5869_c0_g1::CP@TRINITY_DN5869_c0_g1_i1::g.16600::m.16600	67.742	155	50	0	407	561	1	155	1.64e-61	204
Perkmari	CP@TRINITY_DN5869_c0_g1::CP@TRINITY_DN5869_c0_g1_i2::g.16602::m.16602	70.073	137	40	1	425	561	9	144	1.39e-53	182
Karebrev	CP@TRINITY_DN4168_c3_g1::CP@TRINITY_DN4168_c3_g1_i1::g.75817::m.75817	41.587	315	159	4	456	747	2	314	5.30e-65	220
Karebrev	CP@TRINITY_DN5869_c0_g1::CP@TRINITY_DN5869_c0_g1_i1::g.16600::m.16600	67.742	155	49	1	461	614	1	155	6.30e-58	195
Karebrev	CP@TRINITY_DN5869_c0_g1::CP@TRINITY_DN5869_c0_g1_i2::g.16602::m.16602	72.093	129	35	1	487	614	16	144	7.99e-51	175
Brevmoto	CP@TRINITY_DN4168_c3_g1::CP@TRINITY_DN4168_c3_g1_i1::g.75817::m.75817	55.446	202	90	0	457	658	1	202	4.38e-71	236
Brevmoto	CP@TRINITY_DN5869_c0_g1::CP@TRINITY_DN5869_c0_g1_i1::g.16600::m.16600	72.258	155	43	0	463	617	1	155	2.82e-69	225
Brevmoto	CP@TRINITY_DN5869_c0_g1::CP@TRINITY_DN5869_c0_g1_i2::g.16602::m.16602	76.562	128	30	0	490	617	17	144	1.62e-59	198
MatazaD1	CP@TRINITY_DN4168_c3_g1::CP@TRINITY_DN4168_c3_g1_i1::g.75817::m.75817	44.551	312	157	4	479	774	3	314	9.79e-77	253
MatazaD1	CP@TRINITY_DN5869_c0_g1::CP@TRINITY_DN5869_c0_g1_i1::g.16600::m.16600	72.903	155	41	1	483	636	1	155	4.09e-68	223
MatazaD1	CP@TRINITY_DN5869_c0_g1::CP@TRINITY_DN5869_c0_g1_i2::g.16602::m.16602	76.154	130	31	0	507	636	15	144	8.58e-60	200
MatazaD1	CP@TRINITY_DN18654_c0_g1::CP@TRINITY_DN18654_c0_g1_i1::g.47331::m.47331	39.535	258	133	3	641	898	2	236	4.79e-53	186
Chlorept	CP@TRINITY_DN4168_c3_g1::CP@TRINITY_DN4168_c3_g1_i1::g.75817::m.75817	44.484	281	138	2	469	733	3	281	3.81e-75	248
Chlorept	CP@TRINITY_DN5869_c0_g1::CP@TRINITY_DN5869_c0_g1_i1::g.16600::m.16600	77.419	155	35	0	473	627	1	155	1.72e-72	235
Chlorept	CP@TRINITY_DN5869_c0_g1::CP@TRINITY_DN5869_c0_g1_i2::g.16602::m.16602	78.358	134	29	0	494	627	11	144	7.29e-62	206
Chlorept	CP@TRINITY_DN18654_c0_g1::CP@TRINITY_DN18654_c0_g1_i1::g.47331::m.47331	44.706	255	127	4	632	882	2	246	3.44e-58	200
Cyanpara	CP@TRINITY_DN4168_c3_g1::CP@TRINITY_DN4168_c3_g1_i1::g.75817::m.75817	45.079	315	157	5	473	773	2	314	1.28e-77	255
Cyanpara	CP@TRINITY_DN5869_c0_g1::CP@TRINITY_DN5869_c0_g1_i1::g.16600::m.16600	76.774	155	36	0	478	632	1	155	3.16e-71	232
Cyanpara	CP@TRINITY_DN5869_c0_g1::CP@TRINITY_DN5869_c0_g1_i2::g.16602::m.16602	77.536	138	31	0	495	632	7	144	6.78e-62	206
Cyanpara	CP@TRINITY_DN18654_c0_g1::CP@TRINITY_DN18654_c0_g1_i1::g.47331::m.47331	40.000	255	138	2	637	891	2	241	2.50e-50	178
Gloewitr	CP@TRINITY_DN4168_c3_g1::CP@TRINITY_DN4168_c3_g1_i1::g.75817::m.75817	43.038	316	159	5	465	762	2	314	1.46e-72	241
Gloewitr	CP@TRINITY_DN5869_c0_g1::CP@TRINITY_DN5869_c0_g1_i1::g.16600::m.16600	73.077	156	41	1	470	625	1	155	2.33e-69	226
Gloewitr	CP@TRINITY_DN5869_c0_g1::CP@TRINITY_DN5869_c0_g1_i2::g.16602::m.16602	73.188	138	37	0	488	625	7	144	6.82e-62	206
Gloewitr	CP@TRINITY_DN18654_c0_g1::CP@TRINITY_DN18654_c0_g1_i1::g.47331::m.47331	40.400	250	136	4	630	879	2	238	1.02e-50	179
Flecnera	CP@TRINITY_DN4168_c3_g1::CP@TRINITY_DN4168_c3_g1_i1::g.75817::m.75817	40.881	318	165	7	509	809	3	314	6.88e-68	229
Flecnera	CP@TRINITY_DN5869_c0_g1::CP@TRINITY_DN5869_c0_g1_i1::g.16600::m.16600	72.258	155	42	1	513	667	1	154	1.84e-64	214
Flecnera	CP@TRINITY_DN5869_c0_g1::CP@TRINITY_DN5869_c0_g1_i2::g.16602::m.16602	70.139	144	42	1	524	667	1	143	2.02e-56	191
Diplambu	CP@TRINITY_DN4168_c3_g1::CP@TRINITY_DN4168_c3_g1_i1::g.75817::m.75817	40.764	314	167	4	462	758	2	313	1.52e-68	230
Diplambu	CP@TRINITY_DN5869_c0_g1::CP@TRINITY_DN5869_c0_g1_i1::g.16600::m.16600	69.677	155	47	0	467	621	1	155	1.23e-64	214
Diplambu	CP@TRINITY_DN5869_c0_g1::CP@TRINITY_DN5869_c0_g1_i2::g.16602::m.16602	68.056	144	46	0	478	621	1	144	1.07e-56	191
Galdsulp	CP@TRINITY_DN4168_c3_g1::CP@TRINITY_DN4168_c3_g1_i1::g.75817::m.75817	44.164	317	150	5	472	765	2	314	1.85e-77	254
Galdsulp	CP@TRINITY_DN5869_c0_g1::CP@TRINITY_DN5869_c0_g1_i1::g.16600::m.16600	78.710	155	33	0	477	631	1	155	2.16e-75	243
Galdsulp	CP@TRINITY_DN5869_c0_g1::CP@TRINITY_DN5869_c0_g1_i2::g.16602::m.16602	78.986	138	29	0	494	631	7	144	3.69e-65	214
Galdsulp	CP@TRINITY_DN18654_c0_g1::CP@TRINITY_DN18654_c0_g1_i1::g.47331::m.47331	44.223	251	133	3	636	886	2	245	4.49e-59	202
Cyanmero	CP@TRINITY_DN4168_c3_g1::CP@TRINITY_DN4168_c3_g1_i1::g.75817::m.75817	52.193	228	107	1	571	798	2	227	2.12e-73	246
Cyanmero	CP@TRINITY_DN5869_c0_g1::CP@TRINITY_DN5869_c0_g1_i1::g.16600::m.16600	74.839	155	39	0	576	730	1	155	3.26e-70	231
Cyanmero	CP@TRINITY_DN5869_c0_g1::CP@TRINITY_DN5869_c0_g1_i2::g.16602::m.16602	75.362	138	34	0	593	730	7	144	3.53e-60	202
Rhodmacu	CP@TRINITY_DN4168_c3_g1::CP@TRINITY_DN4168_c3_g1_i1::g.75817::m.75817	45.745	282	146	2	512	788	2	281	8.55e-74	245
Rhodmacu	CP@TRINITY_DN5869_c0_g1::CP@TRINITY_DN5869_c0_g1_i1::g.16600::m.16600	74.839	155	39	0	517	671	1	155	2.45e-70	230
Rhodmacu	CP@TRINITY_DN5869_c0_g1::CP@TRINITY_DN5869_c0_g1_i2::g.16602::m.16602	75.969	129	31	0	543	671	16	144	1.14e-58	197
Rhodmacu	CP@TRINITY_DN18654_c0_g1::CP@TRINITY_DN18654_c0_g1_i1::g.47331::m.47331	40.574	244	133	3	676	919	2	233	3.55e-50	177
Rhodmari	CP@TRINITY_DN4168_c3_g1::CP@TRINITY_DN4168_c3_g1_i1::g.75817::m.75817	44.089	313	157	4	25	319	2	314	3.59e-82	256
Rhodmari	CP@TRINITY_DN5869_c0_g1::CP@TRINITY_DN5869_c0_g1_i1::g.16600::m.16600	77.419	155	35	0	30	184	1	155	7.45e-78	239
Rhodmari	CP@TRINITY_DN5869_c0_g1::CP@TRINITY_DN5869_c0_g1_i2::g.16602::m.16602	76.087	138	33	0	47	184	7	144	1.29e-65	207
Rhodmari	CP@TRINITY_DN18654_c0_g1::CP@TRINITY_DN18654_c0_g1_i1::g.47331::m.47331	42.972	249	133	4	189	436	2	242	6.46e-60	196
Gratturu	CP@TRINITY_DN4168_c3_g1::CP@TRINITY_DN4168_c3_g1_i1::g.75817::m.75817	43.396	318	161	5	105	408	2	314	2.92e-83	261
Gratturu	CP@TRINITY_DN5869_c0_g1::CP@TRINITY_DN5869_c0_g1_i1::g.16600::m.16600	74.839	155	39	0	110	264	1	155	3.29e-76	237
Gratturu	CP@TRINITY_DN5869_c0_g1::CP@TRINITY_DN5869_c0_g1_i2::g.16602::m.16602	75.362	138	34	0	127	264	7	144	7.37e-66	210
Gratturu	CP@TRINITY_DN18654_c0_g1::CP@TRINITY_DN18654_c0_g1_i1::g.47331::m.47331	40.892	269	136	3	269	537	2	247	1.59e-61	203
Choncris	CP@TRINITY_DN4168_c3_g1::CP@TRINITY_DN4168_c3_g1_i1::g.75817::m.75817	43.131	313	166	3	538	838	2	314	4.45e-78	257
Choncris	CP@TRINITY_DN5869_c0_g1::CP@TRINITY_DN5869_c0_g1_i1::g.16600::m.16600	76.129	155	37	0	543	697	1	155	3.40e-72	235
Choncris	CP@TRINITY_DN5869_c0_g1::CP@TRINITY_DN5869_c0_g1_i2::g.16602::m.16602	76.866	134	31	0	564	697	11	144	2.06e-63	211
Choncris	CP@TRINITY_DN18654_c0_g1::CP@TRINITY_DN18654_c0_g1_i1::g.47331::m.47331	40.840	262	128	5	702	963	2	236	9.55e-56	193
Cerakond	CP@TRINITY_DN4168_c3_g1::CP@TRINITY_DN4168_c3_g1_i1::g.75817::m.75817	43.713	334	152	5	455	773	2	314	2.46e-80	262
Cerakond	CP@TRINITY_DN5869_c0_g1::CP@TRINITY_DN5869_c0_g1_i1::g.16600::m.16600	76.129	155	37	0	460	614	1	155	4.93e-71	231
Cerakond	CP@TRINITY_DN5869_c0_g1::CP@TRINITY_DN5869_c0_g1_i2::g.16602::m.16602	76.812	138	32	0	477	614	7	144	9.26e-64	211
Cerakond	CP@TRINITY_DN18654_c0_g1::CP@TRINITY_DN18654_c0_g1_i1::g.47331::m.47331	43.304	224	98	3	619	842	2	196	2.19e-51	181
Vannfimi	CP@TRINITY_DN4168_c3_g1::CP@TRINITY_DN4168_c3_g1_i1::g.75817::m.75817	48.000	250	109	3	14	245	35	281	1.49e-71	227
Vannfimi	CP@TRINITY_DN5869_c0_g1::CP@TRINITY_DN5869_c0_g1_i2::g.16602::m.16602	76.978	139	29	1	2	140	9	144	4.05e-67	209
Vannfimi	CP@TRINITY_DN5869_c0_g1::CP@TRINITY_DN5869_c0_g1_i1::g.16600::m.16600	81.250	128	24	0	13	140	28	155	4.89e-67	209
Vannfimi	CP@TRINITY_DN18654_c0_g1::CP@TRINITY_DN18654_c0_g1_i1::g.47331::m.47331	38.306	248	149	2	145	390	2	247	7.93e-54	179
Idiovort	CP@TRINITY_DN5869_c0_g1::CP@TRINITY_DN5869_c0_g1_i1::g.16600::m.16600	78.710	155	32	1	328	481	1	155	8.65e-76	241
Idiovort	CP@TRINITY_DN4168_c3_g1::CP@TRINITY_DN4168_c3_g1_i1::g.75817::m.75817	45.000	280	152	2	324	602	3	281	4.96e-73	240
Idiovort	CP@TRINITY_DN5869_c0_g1::CP@TRINITY_DN5869_c0_g1_i2::g.16602::m.16602	81.395	129	24	0	353	481	16	144	1.16e-64	211
Idiovort	CP@TRINITY_DN18654_c0_g1::CP@TRINITY_DN18654_c0_g1_i1::g.47331::m.47331	38.554	249	133	5	486	732	2	232	6.29e-46	164
Giarlamb	CP@TRINITY_DN4168_c3_g1::CP@TRINITY_DN4168_c3_g1_i1::g.75817::m.75817	40.865	208	117	1	546	753	3	204	8.52e-51	182
Giarlamb	CP@TRINITY_DN5869_c0_g1::CP@TRINITY_DN5869_c0_g1_i1::g.16600::m.16600	51.250	160	72	1	550	709	1	154	5.97e-45	159
Giarlamb	CP@TRINITY_DN5869_c0_g1::CP@TRINITY_DN5869_c0_g1_i2::g.16602::m.16602	54.074	135	62	0	575	709	9	143	2.05e-41	149
Adunpalu	CP@TRINITY_DN4168_c3_g1::CP@TRINITY_DN4168_c3_g1_i1::g.75817::m.75817	51.220	205	99	1	110	313	3	207	1.09e-64	215
Adunpalu	CP@TRINITY_DN5869_c0_g1::CP@TRINITY_DN5869_c0_g1_i1::g.16600::m.16600	61.438	153	58	1	115	266	2	154	5.75e-51	173
Adunpalu	CP@TRINITY_DN5869_c0_g1::CP@TRINITY_DN5869_c0_g1_i2::g.16602::m.16602	63.235	136	50	0	131	266	8	143	2.41e-47	162
Adunpalu	CP@TRINITY_DN11927_c0_g1::CP@TRINITY_DN11927_c0_g1_i2::g.31919::m.31919	58.268	127	49	1	99	221	31	157	2.16e-43	152
Minivibr	CP@TRINITY_DN4168_c3_g1::CP@TRINITY_DN4168_c3_g1_i1::g.75817::m.75817	42.718	206	100	4	1	192	80	281	1.67e-42	150
Eugllong	CP@TRINITY_DN4168_c3_g1::CP@TRINITY_DN4168_c3_g1_i1::g.75817::m.75817	43.972	282	147	3	475	747	3	282	1.12e-67	228
Eugllong	CP@TRINITY_DN5869_c0_g1::CP@TRINITY_DN5869_c0_g1_i1::g.16600::m.16600	70.064	157	45	1	479	635	1	155	8.60e-66	217
Eugllong	CP@TRINITY_DN5869_c0_g1::CP@TRINITY_DN5869_c0_g1_i2::g.16602::m.16602	69.863	146	41	2	491	635	1	144	3.71e-57	192
Eugllong	CP@TRINITY_DN18654_c0_g1::CP@TRINITY_DN18654_c0_g1_i1::g.47331::m.47331	36.948	249	149	4	640	887	2	243	1.75e-44	161
Eutrgymn	CP@TRINITY_DN4168_c3_g1::CP@TRINITY_DN4168_c3_g1_i1::g.75817::m.75817	43.110	283	153	3	469	746	3	282	4.80e-70	234
Eutrgymn	CP@TRINITY_DN5869_c0_g1::CP@TRINITY_DN5869_c0_g1_i1::g.16600::m.16600	71.338	157	43	1	473	629	1	155	1.74e-64	213
Eutrgymn	CP@TRINITY_DN5869_c0_g1::CP@TRINITY_DN5869_c0_g1_i2::g.16602::m.16602	75.000	136	32	1	494	629	11	144	3.63e-57	192
Eutrgymn	CP@TRINITY_DN18654_c0_g1::CP@TRINITY_DN18654_c0_g1_i1::g.47331::m.47331	42.079	202	108	1	634	835	2	194	2.45e-48	172
Bodosalt	CP@TRINITY_DN4168_c3_g1::CP@TRINITY_DN4168_c3_g1_i1::g.75817::m.75817	53.465	202	92	1	512	713	3	202	1.11e-64	221
Bodosalt	CP@TRINITY_DN5869_c0_g1::CP@TRINITY_DN5869_c0_g1_i1::g.16600::m.16600	65.605	157	52	1	516	672	1	155	1.10e-60	203
Bodosalt	CP@TRINITY_DN5869_c0_g1::CP@TRINITY_DN5869_c0_g1_i2::g.16602::m.16602	68.382	136	41	1	537	672	11	144	1.08e-52	181
HeterBB2	CP@TRINITY_DN5869_c0_g1::CP@TRINITY_DN5869_c0_g1_i1::g.16600::m.16600	78.065	155	34	0	512	666	1	155	6.83e-74	239
HeterBB2	CP@TRINITY_DN4168_c3_g1::CP@TRINITY_DN4168_c3_g1_i1::g.75817::m.75817	46.565	262	129	1	508	758	3	264	4.59e-72	240
HeterBB2	CP@TRINITY_DN5869_c0_g1::CP@TRINITY_DN5869_c0_g1_i2::g.16602::m.16602	78.358	134	29	0	533	666	11	144	1.82e-62	207
HeterBB2	CP@TRINITY_DN18654_c0_g1::CP@TRINITY_DN18654_c0_g1_i1::g.47331::m.47331	42.213	244	124	6	671	910	2	232	3.35e-48	172
Pharkirb	CP@TRINITY_DN4168_c3_g1::CP@TRINITY_DN4168_c3_g1_i1::g.75817::m.75817	46.953	279	142	3	511	783	3	281	2.06e-77	255
Pharkirb	CP@TRINITY_DN5869_c0_g1::CP@TRINITY_DN5869_c0_g1_i1::g.16600::m.16600	72.258	155	43	0	515	669	1	155	3.09e-69	227
Pharkirb	CP@TRINITY_DN18654_c0_g1::CP@TRINITY_DN18654_c0_g1_i1::g.47331::m.47331	45.882	255	125	4	674	926	2	245	1.80e-62	212
Pharkirb	CP@TRINITY_DN5869_c0_g1::CP@TRINITY_DN5869_c0_g1_i2::g.16602::m.16602	75.000	128	32	0	542	669	17	144	5.35e-59	198
Gefiokel	CP@TRINITY_DN4168_c3_g1::CP@TRINITY_DN4168_c3_g1_i1::g.75817::m.75817	41.987	312	156	4	483	769	3	314	7.92e-73	242
Gefiokel	CP@TRINITY_DN5869_c0_g1::CP@TRINITY_DN5869_c0_g1_i1::g.16600::m.16600	71.613	155	44	0	487	641	1	155	1.35e-68	224
Gefiokel	CP@TRINITY_DN5869_c0_g1::CP@TRINITY_DN5869_c0_g1_i2::g.16602::m.16602	71.852	135	38	0	507	641	10	144	5.32e-59	198
Gefiokel	CP@TRINITY_DN18654_c0_g1::CP@TRINITY_DN18654_c0_g1_i1::g.47331::m.47331	41.985	262	135	6	646	902	2	251	3.56e-56	194
Guttvulg	CP@TRINITY_DN4168_c3_g1::CP@TRINITY_DN4168_c3_g1_i1::g.75817::m.75817	42.308	312	169	2	423	723	3	314	1.05e-71	238
Guttvulg	CP@TRINITY_DN5869_c0_g1::CP@TRINITY_DN5869_c0_g1_i1::g.16600::m.16600	70.323	155	46	0	427	581	1	155	2.05e-63	210
Guttvulg	CP@TRINITY_DN5869_c0_g1::CP@TRINITY_DN5869_c0_g1_i2::g.16602::m.16602	66.667	144	48	0	438	581	1	144	5.71e-53	181
Diphrota	CP@TRINITY_DN4168_c3_g1::CP@TRINITY_DN4168_c3_g1_i1::g.75817::m.75817	43.390	295	140	3	370	648	3	286	4.77e-72	238
Diphrota	CP@TRINITY_DN5869_c0_g1::CP@TRINITY_DN5869_c0_g1_i1::g.16600::m.16600	71.084	166	37	2	374	539	1	155	6.07e-69	224
Diphrota	CP@TRINITY_DN5869_c0_g1::CP@TRINITY_DN5869_c0_g1_i2::g.16602::m.16602	75.735	136	33	0	404	539	9	144	5.66e-61	202
Diphrota	CP@TRINITY_DN18654_c0_g1::CP@TRINITY_DN18654_c0_g1_i1::g.47331::m.47331	43.089	246	135	3	544	786	2	245	3.77e-57	196
Ancysigm	CP@TRINITY_DN4168_c3_g1::CP@TRINITY_DN4168_c3_g1_i1::g.75817::m.75817	42.038	314	158	3	92	381	1	314	1.24e-79	251
Ancysigm	CP@TRINITY_DN5869_c0_g1::CP@TRINITY_DN5869_c0_g1_i1::g.16600::m.16600	72.258	155	43	0	98	252	1	155	2.69e-68	216
Ancysigm	CP@TRINITY_DN5869_c0_g1::CP@TRINITY_DN5869_c0_g1_i2::g.16602::m.16602	79.528	127	26	0	126	252	18	144	3.33e-61	197
Ancysigm	CP@TRINITY_DN18654_c0_g1::CP@TRINITY_DN18654_c0_g1_i1::g.47331::m.47331	40.637	251	139	5	257	504	2	245	1.72e-50	173
Nutolong	CP@TRINITY_DN4168_c3_g1::CP@TRINITY_DN4168_c3_g1_i1::g.75817::m.75817	45.035	282	130	5	513	771	2	281	1.62e-71	239
Nutolong	CP@TRINITY_DN5869_c0_g1::CP@TRINITY_DN5869_c0_g1_i1::g.16600::m.16600	76.129	155	36	1	518	671	1	155	1.64e-69	227
Nutolong	CP@TRINITY_DN5869_c0_g1::CP@TRINITY_DN5869_c0_g1_i2::g.16602::m.16602	80.315	127	25	0	545	671	18	144	1.37e-59	199
Nutolong	CP@TRINITY_DN18654_c0_g1::CP@TRINITY_DN18654_c0_g1_i1::g.47331::m.47331	41.085	258	133	7	676	922	2	251	1.20e-46	167
Echiexud	CP@TRINITY_DN4168_c3_g1::CP@TRINITY_DN4168_c3_g1_i1::g.75817::m.75817	44.637	289	133	4	2	269	2	284	1.32e-74	233
Echiexud	CP@TRINITY_DN5869_c0_g1::CP@TRINITY_DN5869_c0_g1_i1::g.16600::m.16600	71.613	155	43	1	7	160	1	155	7.60e-73	223
Echiexud	CP@TRINITY_DN5869_c0_g1::CP@TRINITY_DN5869_c0_g1_i2::g.16602::m.16602	75.182	137	33	1	24	160	9	144	4.57e-66	205
Echiexud	CP@TRINITY_DN18654_c0_g1::CP@TRINITY_DN18654_c0_g1_i1::g.47331::m.47331	44.134	179	99	1	164	341	1	179	7.88e-46	156
Hetepall	CP@TRINITY_DN4168_c3_g1::CP@TRINITY_DN4168_c3_g1_i1::g.75817::m.75817	44.127	315	145	5	519	805	3	314	3.73e-75	249
Hetepall	CP@TRINITY_DN5869_c0_g1::CP@TRINITY_DN5869_c0_g1_i1::g.16600::m.16600	74.194	155	40	0	523	677	1	155	4.36e-70	229
Hetepall	CP@TRINITY_DN5869_c0_g1::CP@TRINITY_DN5869_c0_g1_i2::g.16602::m.16602	75.373	134	33	0	544	677	11	144	2.93e-59	199
Hetepall	CP@TRINITY_DN18654_c0_g1::CP@TRINITY_DN18654_c0_g1_i1::g.47331::m.47331	41.841	239	132	5	685	920	5	239	6.33e-53	185
Vermverm	CP@TRINITY_DN5869_c0_g1::CP@TRINITY_DN5869_c0_g1_i1::g.16600::m.16600	80.000	155	31	0	515	669	1	155	7.01e-76	244
Vermverm	CP@TRINITY_DN4168_c3_g1::CP@TRINITY_DN4168_c3_g1_i1::g.75817::m.75817	47.500	280	130	4	511	774	3	281	4.51e-73	243
Vermverm	CP@TRINITY_DN5869_c0_g1::CP@TRINITY_DN5869_c0_g1_i2::g.16602::m.16602	78.986	138	29	0	532	669	7	144	8.38e-64	211
Vermverm	CP@TRINITY_DN18654_c0_g1::CP@TRINITY_DN18654_c0_g1_i1::g.47331::m.47331	45.726	234	123	2	674	905	2	233	7.38e-60	204
Flabcita	CP@TRINITY_DN4168_c3_g1::CP@TRINITY_DN4168_c3_g1_i1::g.75817::m.75817	45.907	281	131	3	416	678	3	280	6.11e-75	243
Flabcita	CP@TRINITY_DN5869_c0_g1::CP@TRINITY_DN5869_c0_g1_i1::g.16600::m.16600	76.282	156	36	1	420	575	1	155	3.09e-71	228
Flabcita	CP@TRINITY_DN5869_c0_g1::CP@TRINITY_DN5869_c0_g1_i2::g.16602::m.16602	78.261	138	30	0	438	575	7	144	4.06e-63	206
Rhizsaxo	CP@TRINITY_DN5869_c0_g1::CP@TRINITY_DN5869_c0_g1_i1::g.16600::m.16600	78.667	150	32	0	381	530	2	151	1.35e-73	230
Rhizsaxo	CP@TRINITY_DN5869_c0_g1::CP@TRINITY_DN5869_c0_g1_i2::g.16602::m.16602	79.851	134	27	0	397	530	7	140	3.86e-64	205
Rhizsaxo	CP@TRINITY_DN4168_c3_g1::CP@TRINITY_DN4168_c3_g1_i1::g.75817::m.75817	62.092	153	58	0	376	528	3	155	3.51e-61	204
NolaAFSM	CP@TRINITY_DN4168_c3_g1::CP@TRINITY_DN4168_c3_g1_i1::g.75817::m.75817	46.099	282	137	3	113	383	4	281	2.64e-79	248
NolaAFSM	CP@TRINITY_DN5869_c0_g1::CP@TRINITY_DN5869_c0_g1_i1::g.16600::m.16600	79.355	155	32	0	116	270	1	155	7.77e-79	241
NolaAFSM	CP@TRINITY_DN5869_c0_g1::CP@TRINITY_DN5869_c0_g1_i2::g.16602::m.16602	80.435	138	27	0	133	270	7	144	7.15e-69	215
Arcevulg	CP@TRINITY_DN5869_c0_g1::CP@TRINITY_DN5869_c0_g1_i1::g.16600::m.16600	78.710	155	33	0	479	633	1	155	2.22e-75	239
Arcevulg	CP@TRINITY_DN4168_c3_g1::CP@TRINITY_DN4168_c3_g1_i1::g.75817::m.75817	51.852	216	102	1	475	690	3	216	8.75e-71	233
Arcevulg	CP@TRINITY_DN5869_c0_g1::CP@TRINITY_DN5869_c0_g1_i2::g.16602::m.16602	80.916	131	25	0	503	633	14	144	5.73e-64	209
Stensten	CP@TRINITY_DN4168_c3_g1::CP@TRINITY_DN4168_c3_g1_i1::g.75817::m.75817	45.645	287	146	3	472	751	3	286	7.32e-76	250
Stensten	CP@TRINITY_DN5869_c0_g1::CP@TRINITY_DN5869_c0_g1_i1::g.16600::m.16600	80.128	156	30	1	476	631	1	155	3.89e-74	239
Stensten	CP@TRINITY_DN5869_c0_g1::CP@TRINITY_DN5869_c0_g1_i2::g.16602::m.16602	85.271	129	19	0	503	631	16	144	1.63e-64	213
Stensten	CP@TRINITY_DN18654_c0_g1::CP@TRINITY_DN18654_c0_g1_i1::g.47331::m.47331	40.152	264	138	3	636	899	2	245	1.48e-54	190
Phalsoli	CP@TRINITY_DN5869_c0_g1::CP@TRINITY_DN5869_c0_g1_i1::g.16600::m.16600	79.355	155	32	0	143	297	1	155	9.40e-78	242
Phalsoli	CP@TRINITY_DN4168_c3_g1::CP@TRINITY_DN4168_c3_g1_i1::g.75817::m.75817	44.286	280	136	3	139	400	3	280	1.34e-72	234
Phalsoli	CP@TRINITY_DN5869_c0_g1::CP@TRINITY_DN5869_c0_g1_i2::g.16602::m.16602	80.000	135	27	0	163	297	10	144	7.03e-67	213
Phalsoli	CP@TRINITY_DN18654_c0_g1::CP@TRINITY_DN18654_c0_g1_i1::g.47331::m.47331	43.673	245	134	2	302	543	2	245	5.17e-62	204
Cavoapop	CP@TRINITY_DN5869_c0_g1::CP@TRINITY_DN5869_c0_g1_i1::g.16600::m.16600	78.065	155	34	0	1	155	1	155	9.01e-80	241
Cavoapop	CP@TRINITY_DN4168_c3_g1::CP@TRINITY_DN4168_c3_g1_i1::g.75817::m.75817	45.161	310	138	6	1	280	7	314	1.28e-79	246
Cavoapop	CP@TRINITY_DN5869_c0_g1::CP@TRINITY_DN5869_c0_g1_i2::g.16602::m.16602	79.710	138	28	0	18	155	7	144	1.02e-69	215
Cavoapop	CP@TRINITY_DN18654_c0_g1::CP@TRINITY_DN18654_c0_g1_i1::g.47331::m.47331	46.460	226	103	5	160	374	2	220	2.19e-57	187
Schivulg	CP@TRINITY_DN18654_c0_g1::CP@TRINITY_DN18654_c0_g1_i1::g.47331::m.47331	42.387	243	124	4	60	292	2	238	2.37e-58	188
Soliirre	CP@TRINITY_DN4168_c3_g1::CP@TRINITY_DN4168_c3_g1_i1::g.75817::m.75817	46.643	283	125	4	479	739	3	281	2.92e-75	249
Soliirre	CP@TRINITY_DN5869_c0_g1::CP@TRINITY_DN5869_c0_g1_i1::g.16600::m.16600	77.419	155	35	0	483	637	1	155	1.52e-72	235
Soliirre	CP@TRINITY_DN5869_c0_g1::CP@TRINITY_DN5869_c0_g1_i2::g.16602::m.16602	81.395	129	24	0	509	637	16	144	4.63e-62	206
Soliirre	CP@TRINITY_DN18654_c0_g1::CP@TRINITY_DN18654_c0_g1_i1::g.47331::m.47331	46.414	237	117	4	642	871	2	235	1.89e-57	198
Masteilh	CP@TRINITY_DN4168_c3_g1::CP@TRINITY_DN4168_c3_g1_i1::g.75817::m.75817	42.908	282	140	2	530	792	2	281	1.53e-68	231
Masteilh	CP@TRINITY_DN5869_c0_g1::CP@TRINITY_DN5869_c0_g1_i1::g.16600::m.16600	73.248	157	40	1	535	691	1	155	3.63e-67	221
Masteilh	CP@TRINITY_DN5869_c0_g1::CP@TRINITY_DN5869_c0_g1_i2::g.16602::m.16602	78.125	128	28	0	564	691	17	144	1.69e-58	197
Masteilh	CP@TRINITY_DN18654_c0_g1::CP@TRINITY_DN18654_c0_g1_i1::g.47331::m.47331	40.254	236	129	3	696	924	2	232	7.80e-47	168
Veximinu	CP@TRINITY_DN4168_c3_g1::CP@TRINITY_DN4168_c3_g1_i1::g.75817::m.75817	45.918	294	145	2	160	453	3	282	2.22e-81	258
Veximinu	CP@TRINITY_DN5869_c0_g1::CP@TRINITY_DN5869_c0_g1_i1::g.16600::m.16600	81.290	155	29	0	164	318	1	155	2.42e-79	247
Veximinu	CP@TRINITY_DN5869_c0_g1::CP@TRINITY_DN5869_c0_g1_i2::g.16602::m.16602	83.704	135	22	0	184	318	10	144	6.38e-69	219
Veximinu	CP@TRINITY_DN18654_c0_g1::CP@TRINITY_DN18654_c0_g1_i1::g.47331::m.47331	46.396	222	92	1	323	544	2	196	1.46e-57	194
Paralevi	CP@TRINITY_DN18654_c0_g1::CP@TRINITY_DN18654_c0_g1_i1::g.47331::m.47331	44.672	244	124	3	64	303	2	238	4.00e-66	208
Mantplas	CP@TRINITY_DN4168_c3_g1::CP@TRINITY_DN4168_c3_g1_i1::g.75817::m.75817	52.444	225	103	3	277	500	2	223	1.74e-74	238
Mantplas	CP@TRINITY_DN5869_c0_g1::CP@TRINITY_DN5869_c0_g1_i1::g.16600::m.16600	73.548	155	40	1	282	435	1	155	2.48e-69	219
Mantplas	CP@TRINITY_DN5869_c0_g1::CP@TRINITY_DN5869_c0_g1_i2::g.16602::m.16602	73.529	136	36	0	300	435	9	144	2.61e-59	192
Sapochin	CP@TRINITY_DN5869_c0_g1::CP@TRINITY_DN5869_c0_g1_i1::g.16600::m.16600	75.484	155	38	0	275	429	1	155	4.37e-73	234
Sapochin	CP@TRINITY_DN4168_c3_g1::CP@TRINITY_DN4168_c3_g1_i1::g.75817::m.75817	54.726	201	91	0	270	470	2	202	1.76e-71	236
Sapochin	CP@TRINITY_DN5869_c0_g1::CP@TRINITY_DN5869_c0_g1_i2::g.16602::m.16602	74.306	144	37	0	286	429	1	144	1.08e-62	206
Mancberm	CP@TRINITY_DN4168_c3_g1::CP@TRINITY_DN4168_c3_g1_i1::g.75817::m.75817	42.628	312	152	7	85	369	3	314	2.57e-73	234
Mancberm	CP@TRINITY_DN5869_c0_g1::CP@TRINITY_DN5869_c0_g1_i1::g.16600::m.16600	72.258	155	39	2	89	239	1	155	2.30e-68	216
Mancberm	CP@TRINITY_DN5869_c0_g1::CP@TRINITY_DN5869_c0_g1_i2::g.16602::m.16602	75.969	129	28	1	114	239	16	144	4.94e-58	189
Mancberm	CP@TRINITY_DN18654_c0_g1::CP@TRINITY_DN18654_c0_g1_i1::g.47331::m.47331	41.393	244	139	2	247	490	5	244	1.48e-56	189
Amoepara	CP@TRINITY_DN4168_c3_g1::CP@TRINITY_DN4168_c3_g1_i1::g.75817::m.75817	43.631	314	154	5	472	764	3	314	2.07e-74	246
Amoepara	CP@TRINITY_DN5869_c0_g1::CP@TRINITY_DN5869_c0_g1_i1::g.16600::m.16600	76.282	156	36	1	476	631	1	155	1.52e-72	235
Amoepara	CP@TRINITY_DN5869_c0_g1::CP@TRINITY_DN5869_c0_g1_i2::g.16602::m.16602	75.362	138	34	0	494	631	7	144	4.80e-62	206
Amoepara	CP@TRINITY_DN18654_c0_g1::CP@TRINITY_DN18654_c0_g1_i1::g.47331::m.47331	41.036	251	140	3	636	884	2	246	5.92e-54	188
Sphaarct	CP@TRINITY_DN4168_c3_g1::CP@TRINITY_DN4168_c3_g1_i1::g.75817::m.75817	42.722	316	150	6	474	764	3	312	5.23e-72	240
Sphaarct	CP@TRINITY_DN5869_c0_g1::CP@TRINITY_DN5869_c0_g1_i1::g.16600::m.16600	74.359	156	39	1	478	633	1	155	1.36e-70	230
Sphaarct	CP@TRINITY_DN5869_c0_g1::CP@TRINITY_DN5869_c0_g1_i2::g.16602::m.16602	74.638	138	35	0	496	633	7	144	3.32e-61	204
Sphaarct	CP@TRINITY_DN18654_c0_g1::CP@TRINITY_DN18654_c0_g1_i1::g.47331::m.47331	42.000	250	137	3	638	885	2	245	3.49e-54	189
Salprose	CP@TRINITY_DN4168_c3_g1::CP@TRINITY_DN4168_c3_g1_i1::g.75817::m.75817	46.263	281	135	3	448	714	3	281	6.13e-77	253
Salprose	CP@TRINITY_DN5869_c0_g1::CP@TRINITY_DN5869_c0_g1_i1::g.16600::m.16600	76.623	154	36	0	452	605	1	154	5.90e-74	238
Salprose	CP@TRINITY_DN5869_c0_g1::CP@TRINITY_DN5869_c0_g1_i2::g.16602::m.16602	78.195	133	29	0	473	605	11	143	4.00e-63	209
Salprose	CP@TRINITY_DN18654_c0_g1::CP@TRINITY_DN18654_c0_g1_i1::g.47331::m.47331	43.162	234	130	2	611	844	2	232	1.32e-57	198
Mnemleid	CP@TRINITY_DN4168_c3_g1::CP@TRINITY_DN4168_c3_g1_i1::g.75817::m.75817	45.907	281	133	4	363	626	3	281	1.31e-72	239
Mnemleid	CP@TRINITY_DN5869_c0_g1::CP@TRINITY_DN5869_c0_g1_i1::g.16600::m.16600	75.484	155	38	0	367	521	1	155	3.49e-70	227
Mnemleid	CP@TRINITY_DN5869_c0_g1::CP@TRINITY_DN5869_c0_g1_i2::g.16602::m.16602	76.119	134	32	0	388	521	11	144	1.90e-59	197
Mnemleid	CP@TRINITY_DN18654_c0_g1::CP@TRINITY_DN18654_c0_g1_i1::g.47331::m.47331	42.975	242	121	4	526	758	2	235	1.34e-57	197
Tricadha	CP@TRINITY_DN4168_c3_g1::CP@TRINITY_DN4168_c3_g1_i1::g.75817::m.75817	43.214	280	149	3	472	742	3	281	1.46e-70	236
Tricadha	CP@TRINITY_DN5869_c0_g1::CP@TRINITY_DN5869_c0_g1_i1::g.16600::m.16600	70.323	155	46	0	476	630	1	155	4.09e-67	220
Tricadha	CP@TRINITY_DN5869_c0_g1::CP@TRINITY_DN5869_c0_g1_i2::g.16602::m.16602	73.134	134	36	0	497	630	11	144	3.08e-58	196
Tricadha	CP@TRINITY_DN18654_c0_g1::CP@TRINITY_DN18654_c0_g1_i1::g.47331::m.47331	40.083	242	139	3	635	876	2	237	1.67e-53	187
Branflor	CP@TRINITY_DN4168_c3_g1::CP@TRINITY_DN4168_c3_g1_i1::g.75817::m.75817	42.857	315	157	5	470	763	2	314	9.58e-73	242
Branflor	CP@TRINITY_DN5869_c0_g1::CP@TRINITY_DN5869_c0_g1_i1::g.16600::m.16600	73.548	155	41	0	475	629	1	155	3.64e-71	231
Branflor	CP@TRINITY_DN5869_c0_g1::CP@TRINITY_DN5869_c0_g1_i2::g.16602::m.16602	73.913	138	36	0	492	629	7	144	2.94e-61	204
Branflor	CP@TRINITY_DN18654_c0_g1::CP@TRINITY_DN18654_c0_g1_i1::g.47331::m.47331	43.600	250	136	3	634	883	2	246	9.58e-60	204
Taensoli	CP@TRINITY_DN4168_c3_g1::CP@TRINITY_DN4168_c3_g1_i1::g.75817::m.75817	45.833	288	141	4	475	755	2	281	3.60e-71	238
Taensoli	CP@TRINITY_DN5869_c0_g1::CP@TRINITY_DN5869_c0_g1_i1::g.16600::m.16600	73.548	155	41	0	480	634	1	155	4.29e-68	223
Taensoli	CP@TRINITY_DN5869_c0_g1::CP@TRINITY_DN5869_c0_g1_i2::g.16602::m.16602	73.913	138	36	0	497	634	7	144	5.92e-59	198
Taensoli	CP@TRINITY_DN18654_c0_g1::CP@TRINITY_DN18654_c0_g1_i1::g.47331::m.47331	38.931	262	133	3	639	900	2	236	1.65e-53	187
Schimans	CP@TRINITY_DN4168_c3_g1::CP@TRINITY_DN4168_c3_g1_i1::g.75817::m.75817	44.792	288	141	3	31	308	2	281	1.30e-75	239
Schimans	CP@TRINITY_DN5869_c0_g1::CP@TRINITY_DN5869_c0_g1_i1::g.16600::m.16600	71.613	155	44	0	36	190	1	155	3.10e-71	222
Schimans	CP@TRINITY_DN5869_c0_g1::CP@TRINITY_DN5869_c0_g1_i2::g.16602::m.16602	73.881	134	35	0	57	190	11	144	2.40e-61	196
Schimans	CP@TRINITY_DN18654_c0_g1::CP@TRINITY_DN18654_c0_g1_i1::g.47331::m.47331	39.147	258	144	3	195	452	2	246	2.82e-55	184
Gallgall	CP@TRINITY_DN4168_c3_g1::CP@TRINITY_DN4168_c3_g1_i1::g.75817::m.75817	42.173	313	162	5	507	800	2	314	2.14e-71	238
Gallgall	CP@TRINITY_DN5869_c0_g1::CP@TRINITY_DN5869_c0_g1_i1::g.16600::m.16600	73.548	155	41	0	512	666	1	155	6.99e-68	223
Gallgall	CP@TRINITY_DN5869_c0_g1::CP@TRINITY_DN5869_c0_g1_i2::g.16602::m.16602	76.119	134	32	0	533	666	11	144	9.38e-59	197
Gallgall	CP@TRINITY_DN18654_c0_g1::CP@TRINITY_DN18654_c0_g1_i1::g.47331::m.47331	43.033	244	130	3	671	912	2	238	1.33e-58	201
Aplycali	CP@TRINITY_DN4168_c3_g1::CP@TRINITY_DN4168_c3_g1_i1::g.75817::m.75817	41.905	315	157	4	461	751	2	314	1.40e-74	246
Aplycali	CP@TRINITY_DN5869_c0_g1::CP@TRINITY_DN5869_c0_g1_i1::g.16600::m.16600	74.839	155	39	0	466	620	1	155	9.05e-72	233
Aplycali	CP@TRINITY_DN18654_c0_g1::CP@TRINITY_DN18654_c0_g1_i1::g.47331::m.47331	47.083	240	123	3	625	863	2	238	2.14e-62	211
Aplycali	CP@TRINITY_DN5869_c0_g1::CP@TRINITY_DN5869_c0_g1_i2::g.16602::m.16602	76.087	138	33	0	483	620	7	144	3.87e-62	206
Amphquee	CP@TRINITY_DN4168_c3_g1::CP@TRINITY_DN4168_c3_g1_i1::g.75817::m.75817	43.214	280	147	2	458	725	2	281	7.71e-71	236
Amphquee	CP@TRINITY_DN5869_c0_g1::CP@TRINITY_DN5869_c0_g1_i1::g.16600::m.16600	74.194	155	40	0	463	617	1	155	2.26e-70	229
Amphquee	CP@TRINITY_DN5869_c0_g1::CP@TRINITY_DN5869_c0_g1_i2::g.16602::m.16602	73.611	144	38	0	474	617	1	144	1.07e-60	202
Amphquee	CP@TRINITY_DN18654_c0_g1::CP@TRINITY_DN18654_c0_g1_i1::g.47331::m.47331	43.983	241	128	3	622	860	2	237	4.87e-58	199
Caeneleg	CP@TRINITY_DN4168_c3_g1::CP@TRINITY_DN4168_c3_g1_i1::g.75817::m.75817	45.745	282	142	4	451	723	2	281	7.83e-75	247
Caeneleg	CP@TRINITY_DN5869_c0_g1::CP@TRINITY_DN5869_c0_g1_i1::g.16600::m.16600	72.903	155	42	0	456	610	1	155	1.06e-67	222
Caeneleg	CP@TRINITY_DN5869_c0_g1::CP@TRINITY_DN5869_c0_g1_i2::g.16602::m.16602	74.815	135	34	0	476	610	10	144	1.42e-59	199
Caeneleg	CP@TRINITY_DN18654_c0_g1::CP@TRINITY_DN18654_c0_g1_i1::g.47331::m.47331	38.824	255	143	4	615	867	2	245	6.59e-51	179
Drosmela	CP@TRINITY_DN4168_c3_g1::CP@TRINITY_DN4168_c3_g1_i1::g.75817::m.75817	43.450	313	153	4	464	752	2	314	1.01e-74	247
Drosmela	CP@TRINITY_DN5869_c0_g1::CP@TRINITY_DN5869_c0_g1_i1::g.16600::m.16600	76.129	155	37	0	469	623	1	155	1.46e-72	235
Drosmela	CP@TRINITY_DN5869_c0_g1::CP@TRINITY_DN5869_c0_g1_i2::g.16602::m.16602	76.812	138	32	0	486	623	7	144	4.58e-63	209
Drosmela	CP@TRINITY_DN18654_c0_g1::CP@TRINITY_DN18654_c0_g1_i1::g.47331::m.47331	43.265	245	137	2	628	871	2	245	5.06e-58	199
Apismell	CP@TRINITY_DN4168_c3_g1::CP@TRINITY_DN4168_c3_g1_i1::g.75817::m.75817	43.312	314	151	6	453	740	2	314	1.41e-70	236
Apismell	CP@TRINITY_DN5869_c0_g1::CP@TRINITY_DN5869_c0_g1_i1::g.16600::m.16600	73.548	155	41	0	458	612	1	155	9.56e-70	227
Apismell	CP@TRINITY_DN5869_c0_g1::CP@TRINITY_DN5869_c0_g1_i2::g.16602::m.16602	76.866	134	31	0	479	612	11	144	1.22e-61	205
Apismell	CP@TRINITY_DN18654_c0_g1::CP@TRINITY_DN18654_c0_g1_i1::g.47331::m.47331	39.676	247	144	3	617	860	2	246	5.41e-53	185
Fontalba	CP@TRINITY_DN5869_c0_g1::CP@TRINITY_DN5869_c0_g1_i1::g.16600::m.16600	79.221	154	32	0	549	702	2	155	4.61e-73	238
Fontalba	CP@TRINITY_DN4168_c3_g1::CP@TRINITY_DN4168_c3_g1_i1::g.75817::m.75817	43.218	317	164	5	542	845	1	314	2.55e-72	242
Fontalba	CP@TRINITY_DN5869_c0_g1::CP@TRINITY_DN5869_c0_g1_i2::g.16602::m.16602	79.851	134	27	0	569	702	11	144	2.12e-62	208
Fontalba	CP@TRINITY_DN18654_c0_g1::CP@TRINITY_DN18654_c0_g1_i1::g.47331::m.47331	40.800	250	127	4	706	952	1	232	2.27e-47	169
Spizpunc	CP@TRINITY_DN5869_c0_g1::CP@TRINITY_DN5869_c0_g1_i1::g.16600::m.16600	79.355	155	32	0	475	629	1	155	3.06e-75	242
Spizpunc	CP@TRINITY_DN4168_c3_g1::CP@TRINITY_DN4168_c3_g1_i1::g.75817::m.75817	41.956	317	151	4	471	759	3	314	7.98e-70	234
Spizpunc	CP@TRINITY_DN18654_c0_g1::CP@TRINITY_DN18654_c0_g1_i1::g.47331::m.47331	47.718	241	123	2	633	872	1	239	9.88e-64	215
Spizpunc	CP@TRINITY_DN5869_c0_g1::CP@TRINITY_DN5869_c0_g1_i2::g.16602::m.16602	81.343	134	25	0	496	629	11	144	2.87e-63	209
Rhizdele	CP@TRINITY_DN5869_c0_g1::CP@TRINITY_DN5869_c0_g1_i1::g.16600::m.16600	81.290	155	29	0	489	643	1	155	5.28e-77	246
Rhizdele	CP@TRINITY_DN4168_c3_g1::CP@TRINITY_DN4168_c3_g1_i1::g.75817::m.75817	43.354	316	148	6	485	773	3	314	1.08e-71	238
Rhizdele	CP@TRINITY_DN5869_c0_g1::CP@TRINITY_DN5869_c0_g1_i2::g.16602::m.16602	82.836	134	23	0	510	643	11	144	4.53e-66	216
Rhizdele	CP@TRINITY_DN18654_c0_g1::CP@TRINITY_DN18654_c0_g1_i1::g.47331::m.47331	47.368	190	100	0	647	836	1	190	1.68e-50	178
Coprcine	CP@TRINITY_DN5869_c0_g1::CP@TRINITY_DN5869_c0_g1_i1::g.16600::m.16600	79.355	155	32	0	509	663	1	155	5.03e-77	248
Coprcine	CP@TRINITY_DN4168_c3_g1::CP@TRINITY_DN4168_c3_g1_i1::g.75817::m.75817	43.175	315	150	5	505	793	3	314	1.30e-71	239
Coprcine	CP@TRINITY_DN5869_c0_g1::CP@TRINITY_DN5869_c0_g1_i2::g.16602::m.16602	79.104	134	28	0	530	663	11	144	9.61e-65	214
Coprcine	CP@TRINITY_DN18654_c0_g1::CP@TRINITY_DN18654_c0_g1_i1::g.47331::m.47331	39.676	247	148	1	667	913	1	246	6.05e-57	196
Ustimayd	CP@TRINITY_DN5869_c0_g1::CP@TRINITY_DN5869_c0_g1_i1::g.16600::m.16600	81.290	155	29	0	518	672	1	155	1.01e-78	253
Ustimayd	CP@TRINITY_DN4168_c3_g1::CP@TRINITY_DN4168_c3_g1_i1::g.75817::m.75817	43.396	318	145	5	514	802	3	314	9.17e-74	245
Ustimayd	CP@TRINITY_DN5869_c0_g1::CP@TRINITY_DN5869_c0_g1_i2::g.16602::m.16602	81.343	134	25	0	539	672	11	144	2.33e-66	219
Ustimayd	CP@TRINITY_DN18654_c0_g1::CP@TRINITY_DN18654_c0_g1_i1::g.47331::m.47331	41.016	256	143	2	676	931	1	248	2.22e-57	198
Schizpom	CP@TRINITY_DN5869_c0_g1::CP@TRINITY_DN5869_c0_g1_i1::g.16600::m.16600	78.065	155	31	1	495	646	1	155	2.84e-70	228
Schizpom	CP@TRINITY_DN4168_c3_g1::CP@TRINITY_DN4168_c3_g1_i1::g.75817::m.75817	50.698	215	101	2	490	701	2	214	1.13e-64	219
Schizpom	CP@TRINITY_DN5869_c0_g1::CP@TRINITY_DN5869_c0_g1_i2::g.16602::m.16602	79.104	134	25	1	516	646	11	144	1.36e-59	199
Schizpom	CP@TRINITY_DN18654_c0_g1::CP@TRINITY_DN18654_c0_g1_i1::g.47331::m.47331	49.153	177	87	1	650	826	1	174	2.21e-49	174
Debahans	CP@TRINITY_DN5869_c0_g1::CP@TRINITY_DN5869_c0_g1_i1::g.16600::m.16600	78.710	155	33	0	482	636	1	155	9.47e-73	235
Debahans	CP@TRINITY_DN4168_c3_g1::CP@TRINITY_DN4168_c3_g1_i1::g.75817::m.75817	51.073	233	107	2	477	702	2	234	2.14e-68	229
Debahans	CP@TRINITY_DN5869_c0_g1::CP@TRINITY_DN5869_c0_g1_i2::g.16602::m.16602	76.389	144	34	0	493	636	1	144	1.93e-62	207
Neurcras	CP@TRINITY_DN4168_c3_g1::CP@TRINITY_DN4168_c3_g1_i1::g.75817::m.75817	43.554	287	153	3	496	781	3	281	2.74e-72	240
Neurcras	CP@TRINITY_DN5869_c0_g1::CP@TRINITY_DN5869_c0_g1_i1::g.16600::m.16600	78.065	155	33	1	500	653	1	155	1.04e-71	233
Neurcras	CP@TRINITY_DN5869_c0_g1::CP@TRINITY_DN5869_c0_g1_i2::g.16602::m.16602	77.037	135	30	1	520	653	10	144	8.85e-59	197
Neurcras	CP@TRINITY_DN18654_c0_g1::CP@TRINITY_DN18654_c0_g1_i1::g.47331::m.47331	41.753	194	92	2	657	850	1	173	1.76e-42	155
Aspefumi	CP@TRINITY_DN5869_c0_g1::CP@TRINITY_DN5869_c0_g1_i1::g.16600::m.16600	74.839	155	39	0	497	651	1	155	3.29e-69	226
Aspefumi	CP@TRINITY_DN4168_c3_g1::CP@TRINITY_DN4168_c3_g1_i1::g.75817::m.75817	55.500	200	89	0	493	692	3	202	5.33e-69	231
Aspefumi	CP@TRINITY_DN5869_c0_g1::CP@TRINITY_DN5869_c0_g1_i2::g.16602::m.16602	77.519	129	29	0	523	651	16	144	5.67e-57	192
Blasbrit	CP@TRINITY_DN5869_c0_g1::CP@TRINITY_DN5869_c0_g1_i1::g.16600::m.16600	80.000	155	31	0	435	589	1	155	2.62e-77	248
Blasbrit	CP@TRINITY_DN4168_c3_g1::CP@TRINITY_DN4168_c3_g1_i1::g.75817::m.75817	44.872	312	146	3	431	716	3	314	6.32e-76	250
Blasbrit	CP@TRINITY_DN5869_c0_g1::CP@TRINITY_DN5869_c0_g1_i2::g.16602::m.16602	82.090	134	24	0	456	589	11	144	1.96e-66	218
Blasbrit	CP@TRINITY_DN18654_c0_g1::CP@TRINITY_DN18654_c0_g1_i1::g.47331::m.47331	49.756	205	85	3	593	783	1	201	3.80e-54	188
Allomacr	CP@TRINITY_DN5869_c0_g1::CP@TRINITY_DN5869_c0_g1_i1::g.16600::m.16600	79.355	155	32	0	472	626	1	155	1.17e-76	246
Allomacr	CP@TRINITY_DN4168_c3_g1::CP@TRINITY_DN4168_c3_g1_i1::g.75817::m.75817	43.269	312	153	3	468	755	3	314	9.16e-73	242
Allomacr	CP@TRINITY_DN5869_c0_g1::CP@TRINITY_DN5869_c0_g1_i2::g.16602::m.16602	79.851	134	27	0	493	626	11	144	6.16e-65	214
Allomacr	CP@TRINITY_DN18654_c0_g1::CP@TRINITY_DN18654_c0_g1_i1::g.47331::m.47331	43.307	254	129	3	631	882	2	242	3.90e-58	199
Heteakas	CP@TRINITY_DN5869_c0_g1::CP@TRINITY_DN5869_c0_g1_i1::g.16600::m.16600	75.484	155	38	0	199	353	1	155	1.29e-74	235
Heteakas	CP@TRINITY_DN4168_c3_g1::CP@TRINITY_DN4168_c3_g1_i1::g.75817::m.75817	45.357	280	147	2	195	469	3	281	3.71e-74	240
Heteakas	CP@TRINITY_DN5869_c0_g1::CP@TRINITY_DN5869_c0_g1_i2::g.16602::m.16602	76.866	134	31	0	220	353	11	144	1.39e-63	206
Heteakas	CP@TRINITY_DN18654_c0_g1::CP@TRINITY_DN18654_c0_g1_i1::g.47331::m.47331	38.521	257	142	3	358	611	2	245	2.28e-47	167
