Calltube	CP@TRINITY_DN4168_c3_g1::CP@TRINITY_DN4168_c3_g1_i1::g.75817::m.75817	41.908	346	156	5	276	611	3	313	2.23e-79	259
Calltube	CP@TRINITY_DN5869_c0_g1::CP@TRINITY_DN5869_c0_g1_i1::g.16600::m.16600	58.065	155	65	0	280	434	1	155	3.59e-46	162
Calltube	CP@TRINITY_DN5869_c0_g1::CP@TRINITY_DN5869_c0_g1_i2::g.16602::m.16602	59.420	138	54	1	297	434	9	144	6.02e-41	147
Protlace	CP@TRINITY_DN4168_c3_g1::CP@TRINITY_DN4168_c3_g1_i1::g.75817::m.75817	45.357	280	132	2	200	476	1	262	2.08e-80	252
Protlace	CP@TRINITY_DN5869_c0_g1::CP@TRINITY_DN5869_c0_g1_i1::g.16600::m.16600	57.419	155	66	0	206	360	1	155	4.54e-47	160
Spirsalm	CP@TRINITY_DN4168_c3_g1::CP@TRINITY_DN4168_c3_g1_i1::g.75817::m.75817	32.070	343	178	9	264	582	1	312	3.84e-46	166
Vitrbras	CP@TRINITY_DN4168_c3_g1::CP@TRINITY_DN4168_c3_g1_i1::g.75817::m.75817	37.249	349	180	4	336	681	1	313	4.33e-69	232
Colpangu	CP@TRINITY_DN4168_c3_g1::CP@TRINITY_DN4168_c3_g1_i1::g.75817::m.75817	41.033	329	167	5	315	634	3	313	8.89e-75	247
Gregniph	CP@TRINITY_DN4168_c3_g1::CP@TRINITY_DN4168_c3_g1_i1::g.75817::m.75817	37.714	350	179	6	302	650	1	312	1.33e-67	226
Gregniph	CP@TRINITY_DN5869_c0_g1::CP@TRINITY_DN5869_c0_g1_i1::g.16600::m.16600	54.839	155	69	1	308	461	1	155	5.20e-43	153
Plasfalc	CP@TRINITY_DN4168_c3_g1::CP@TRINITY_DN4168_c3_g1_i1::g.75817::m.75817	36.712	365	169	9	399	756	3	312	3.91e-60	208
Eimebrun	CP@TRINITY_DN4168_c3_g1::CP@TRINITY_DN4168_c3_g1_i1::g.75817::m.75817	50.237	211	96	1	1457	1667	1	202	6.71e-59	206
Oxyrmari	CP@TRINITY_DN4168_c3_g1::CP@TRINITY_DN4168_c3_g1_i1::g.75817::m.75817	40.244	328	172	3	307	628	3	312	8.35e-75	245
Oxyrmari	CP@TRINITY_DN5869_c0_g1::CP@TRINITY_DN5869_c0_g1_i1::g.16600::m.16600	52.903	155	73	0	311	465	1	155	2.28e-44	156
Symbmicr	CP@TRINITY_DN4168_c3_g1::CP@TRINITY_DN4168_c3_g1_i1::g.75817::m.75817	50.679	221	107	1	843	1061	3	223	3.08e-69	234
Symbmicr	CP@TRINITY_DN5869_c0_g1::CP@TRINITY_DN5869_c0_g1_i1::g.16600::m.16600	54.194	155	71	0	847	1001	1	155	4.57e-46	162
Noctscin	CP@TRINITY_DN4168_c3_g1::CP@TRINITY_DN4168_c3_g1_i1::g.75817::m.75817	42.446	278	138	5	1	275	22	280	7.26e-72	224
Noctscin	CP@TRINITY_DN5869_c0_g1::CP@TRINITY_DN5869_c0_g1_i1::g.16600::m.16600	55.000	140	63	0	1	140	16	155	6.87e-44	147
Noctscin	CP@TRINITY_DN5869_c0_g1::CP@TRINITY_DN5869_c0_g1_i2::g.16602::m.16602	55.970	134	59	0	7	140	11	144	1.88e-42	142
HemaVICK	CP@TRINITY_DN4168_c3_g1::CP@TRINITY_DN4168_c3_g1_i1::g.75817::m.75817	40.741	324	172	5	307	624	3	312	3.82e-67	224
AmoeALEX	CP@TRINITY_DN4168_c3_g1::CP@TRINITY_DN4168_c3_g1_i1::g.75817::m.75817	39.210	329	173	4	303	623	3	312	1.93e-67	225
Monobrev	CP@TRINITY_DN4168_c3_g1::CP@TRINITY_DN4168_c3_g1_i1::g.75817::m.75817	44.000	325	152	5	305	614	3	312	2.87e-81	264
Monobrev	CP@TRINITY_DN5869_c0_g1::CP@TRINITY_DN5869_c0_g1_i1::g.16600::m.16600	56.774	155	67	0	309	463	1	155	5.72e-47	164
Bigenata	CP@TRINITY_DN4168_c3_g1::CP@TRINITY_DN4168_c3_g1_i1::g.75817::m.75817	41.824	318	166	5	206	511	3	313	1.40e-79	252
Bigenata	CP@TRINITY_DN5869_c0_g1::CP@TRINITY_DN5869_c0_g1_i1::g.16600::m.16600	59.091	154	63	0	210	363	1	154	6.64e-47	161
Paulchro	CP@TRINITY_DN4168_c3_g1::CP@TRINITY_DN4168_c3_g1_i1::g.75817::m.75817	43.624	298	146	3	311	605	3	281	1.70e-77	254
Paulchro	CP@TRINITY_DN5869_c0_g1::CP@TRINITY_DN5869_c0_g1_i1::g.16600::m.16600	60.000	155	62	0	315	469	1	155	1.50e-46	163
Paraconf	CP@TRINITY_DN4168_c3_g1::CP@TRINITY_DN4168_c3_g1_i1::g.75817::m.75817	41.515	330	170	7	331	654	1	313	1.52e-73	243
Paraconf	CP@TRINITY_DN5869_c0_g1::CP@TRINITY_DN5869_c0_g1_i1::g.16600::m.16600	56.129	155	67	1	337	490	1	155	8.08e-44	155
Trypbruc	CP@TRINITY_DN4168_c3_g1::CP@TRINITY_DN4168_c3_g1_i1::g.75817::m.75817	40.615	325	169	7	325	639	3	313	1.85e-71	237
Trypbruc	CP@TRINITY_DN5869_c0_g1::CP@TRINITY_DN5869_c0_g1_i1::g.16600::m.16600	55.484	155	68	1	329	482	1	155	2.63e-44	157
Leismajo	CP@TRINITY_DN4168_c3_g1::CP@TRINITY_DN4168_c3_g1_i1::g.75817::m.75817	38.776	343	167	8	331	663	3	312	3.82e-70	234
Leismajo	CP@TRINITY_DN5869_c0_g1::CP@TRINITY_DN5869_c0_g1_i1::g.16600::m.16600	54.839	155	69	1	335	488	1	155	1.02e-42	152
Leptpyrr	CP@TRINITY_DN4168_c3_g1::CP@TRINITY_DN4168_c3_g1_i1::g.75817::m.75817	40.057	352	161	10	330	670	1	313	6.36e-71	236
Leptpyrr	CP@TRINITY_DN5869_c0_g1::CP@TRINITY_DN5869_c0_g1_i1::g.16600::m.16600	54.839	155	69	1	336	489	1	155	2.90e-41	148
Tricvagi	CP@TRINITY_DN4168_c3_g1::CP@TRINITY_DN4168_c3_g1_i1::g.75817::m.75817	42.444	311	162	4	320	614	3	312	1.51e-77	253
Tricvagi	CP@TRINITY_DN5869_c0_g1::CP@TRINITY_DN5869_c0_g1_i1::g.16600::m.16600	56.129	155	68	0	324	478	1	155	1.39e-45	160
Ammo1384	CP@TRINITY_DN4168_c3_g1::CP@TRINITY_DN4168_c3_g1_i1::g.75817::m.75817	45.578	294	146	1	306	599	1	280	1.30e-80	256
Ammo1384	CP@TRINITY_DN5869_c0_g1::CP@TRINITY_DN5869_c0_g1_i1::g.16600::m.16600	56.774	155	67	0	312	466	1	155	1.14e-44	156
Retifilo	CP@TRINITY_DN4168_c3_g1::CP@TRINITY_DN4168_c3_g1_i1::g.75817::m.75817	54.872	195	83	3	226	419	3	193	8.15e-66	214
Retifilo	CP@TRINITY_DN5869_c0_g1::CP@TRINITY_DN5869_c0_g1_i1::g.16600::m.16600	56.579	152	65	1	230	380	1	152	1.95e-46	158
Stichzan	CP@TRINITY_DN4168_c3_g1::CP@TRINITY_DN4168_c3_g1_i1::g.75817::m.75817	41.219	279	149	3	43	321	17	280	3.14e-67	219
Stichzan	CP@TRINITY_DN5869_c0_g1::CP@TRINITY_DN5869_c0_g1_i1::g.16600::m.16600	57.746	142	60	0	46	187	14	155	3.14e-44	153
Stichzan	CP@TRINITY_DN5869_c0_g1::CP@TRINITY_DN5869_c0_g1_i2::g.16602::m.16602	58.209	134	56	0	54	187	11	144	3.11e-41	145
Plasbras	CP@TRINITY_DN4168_c3_g1::CP@TRINITY_DN4168_c3_g1_i1::g.75817::m.75817	46.575	292	142	4	452	741	1	280	4.26e-78	258
Plasbras	CP@TRINITY_DN5869_c0_g1::CP@TRINITY_DN5869_c0_g1_i1::g.16600::m.16600	60.645	155	61	0	458	612	1	155	4.52e-48	168
Plasbras	CP@TRINITY_DN5869_c0_g1::CP@TRINITY_DN5869_c0_g1_i2::g.16602::m.16602	60.145	138	55	0	475	612	7	144	8.46e-41	147
Leptvora	CP@TRINITY_DN4168_c3_g1::CP@TRINITY_DN4168_c3_g1_i1::g.75817::m.75817	46.809	282	129	4	208	471	3	281	1.09e-76	249
Leptvora	CP@TRINITY_DN5869_c0_g1::CP@TRINITY_DN5869_c0_g1_i1::g.16600::m.16600	58.710	155	64	0	212	366	1	155	1.71e-48	167
Gephhuxl	CP@TRINITY_DN4168_c3_g1::CP@TRINITY_DN4168_c3_g1_i1::g.75817::m.75817	42.173	313	152	4	257	541	1	312	6.23e-78	250
Gephhuxl	CP@TRINITY_DN5869_c0_g1::CP@TRINITY_DN5869_c0_g1_i1::g.16600::m.16600	57.419	155	66	0	263	417	1	155	5.35e-48	165
Gephhuxl	CP@TRINITY_DN5869_c0_g1::CP@TRINITY_DN5869_c0_g1_i2::g.16602::m.16602	59.701	134	54	0	284	417	11	144	1.66e-42	150
Arabthal	CP@TRINITY_DN4168_c3_g1::CP@TRINITY_DN4168_c3_g1_i1::g.75817::m.75817	42.508	327	164	3	290	606	1	313	7.47e-79	256
Arabthal	CP@TRINITY_DN5869_c0_g1::CP@TRINITY_DN5869_c0_g1_i1::g.16600::m.16600	58.065	155	65	0	296	450	1	155	7.24e-47	164
Charbrau	CP@TRINITY_DN4168_c3_g1::CP@TRINITY_DN4168_c3_g1_i1::g.75817::m.75817	43.544	333	159	7	294	617	1	313	2.15e-78	259
Charbrau	CP@TRINITY_DN5869_c0_g1::CP@TRINITY_DN5869_c0_g1_i1::g.16600::m.16600	60.645	155	61	0	300	454	1	155	4.26e-48	168
Mesoviri	CP@TRINITY_DN4168_c3_g1::CP@TRINITY_DN4168_c3_g1_i1::g.75817::m.75817	44.753	324	154	6	300	611	3	313	2.56e-78	257
Mesoviri	CP@TRINITY_DN5869_c0_g1::CP@TRINITY_DN5869_c0_g1_i1::g.16600::m.16600	56.774	155	67	0	304	458	1	155	9.15e-46	161
Pyrapark	CP@TRINITY_DN4168_c3_g1::CP@TRINITY_DN4168_c3_g1_i1::g.75817::m.75817	43.658	339	150	4	294	618	1	312	4.81e-85	274
Pyrapark	CP@TRINITY_DN5869_c0_g1::CP@TRINITY_DN5869_c0_g1_i1::g.16600::m.16600	56.129	155	68	0	300	454	1	155	1.03e-45	160
TeloneP2	CP@TRINITY_DN4168_c3_g1::CP@TRINITY_DN4168_c3_g1_i1::g.75817::m.75817	43.598	328	158	4	316	632	1	312	1.03e-79	259
TeloneP2	CP@TRINITY_DN5869_c0_g1::CP@TRINITY_DN5869_c0_g1_i1::g.16600::m.16600	59.355	155	63	0	322	476	1	155	2.86e-49	171
TeloneP2	CP@TRINITY_DN5869_c0_g1::CP@TRINITY_DN5869_c0_g1_i2::g.16602::m.16602	61.194	134	52	0	343	476	11	144	9.10e-42	149
Galdphle	CP@TRINITY_DN4168_c3_g1::CP@TRINITY_DN4168_c3_g1_i1::g.75817::m.75817	44.484	281	148	5	333	607	1	279	2.37e-68	229
Gracchor	CP@TRINITY_DN4168_c3_g1::CP@TRINITY_DN4168_c3_g1_i1::g.75817::m.75817	37.243	341	146	6	329	631	3	313	1.06e-58	203
Porppurp	CP@TRINITY_DN4168_c3_g1::CP@TRINITY_DN4168_c3_g1_i1::g.75817::m.75817	41.420	338	157	4	313	636	3	313	8.83e-76	249
Porppurp	CP@TRINITY_DN5869_c0_g1::CP@TRINITY_DN5869_c0_g1_i1::g.16600::m.16600	60.645	155	61	0	317	471	1	155	4.71e-49	170
Porppurp	CP@TRINITY_DN5869_c0_g1::CP@TRINITY_DN5869_c0_g1_i2::g.16602::m.16602	62.319	138	52	0	334	471	7	144	2.19e-44	157
Thalpseu	CP@TRINITY_DN4168_c3_g1::CP@TRINITY_DN4168_c3_g1_i1::g.75817::m.75817	42.679	321	158	5	276	580	3	313	1.32e-79	255
Thalpseu	CP@TRINITY_DN5869_c0_g1::CP@TRINITY_DN5869_c0_g1_i1::g.16600::m.16600	58.710	155	61	1	280	431	1	155	8.93e-49	167
ChrysoH1	CP@TRINITY_DN4168_c3_g1::CP@TRINITY_DN4168_c3_g1_i1::g.75817::m.75817	43.629	259	133	3	271	516	22	280	1.68e-66	221
ChrysoH2	CP@TRINITY_DN4168_c3_g1::CP@TRINITY_DN4168_c3_g1_i1::g.75817::m.75817	42.949	312	153	5	66	352	1	312	8.68e-80	252
ChrysoH2	CP@TRINITY_DN5869_c0_g1::CP@TRINITY_DN5869_c0_g1_i1::g.16600::m.16600	58.065	155	62	1	72	223	1	155	6.85e-47	160
EctocSP7	CP@TRINITY_DN4168_c3_g1::CP@TRINITY_DN4168_c3_g1_i1::g.75817::m.75817	40.483	331	169	4	319	639	1	313	1.87e-77	253
EctocSP7	CP@TRINITY_DN5869_c0_g1::CP@TRINITY_DN5869_c0_g1_i1::g.16600::m.16600	58.710	155	64	0	325	479	1	155	1.60e-48	168
EctocSP7	CP@TRINITY_DN5869_c0_g1::CP@TRINITY_DN5869_c0_g1_i2::g.16602::m.16602	59.701	134	54	0	346	479	11	144	5.59e-41	147
BicoCB20	CP@TRINITY_DN4168_c3_g1::CP@TRINITY_DN4168_c3_g1_i1::g.75817::m.75817	40.972	288	139	3	2	286	22	281	5.68e-70	223
BicoCB20	CP@TRINITY_DN5869_c0_g1::CP@TRINITY_DN5869_c0_g1_i2::g.16602::m.16602	60.145	138	53	1	4	141	9	144	1.11e-42	146
BicoCB20	CP@TRINITY_DN5869_c0_g1::CP@TRINITY_DN5869_c0_g1_i1::g.16600::m.16600	62.698	126	47	0	16	141	30	155	4.93e-42	145
Phytpara	CP@TRINITY_DN4168_c3_g1::CP@TRINITY_DN4168_c3_g1_i1::g.75817::m.75817	43.279	305	146	3	318	622	3	280	2.54e-79	258
Phytpara	CP@TRINITY_DN5869_c0_g1::CP@TRINITY_DN5869_c0_g1_i1::g.16600::m.16600	58.710	155	64	0	322	476	1	155	4.03e-51	176
Phytpara	CP@TRINITY_DN5869_c0_g1::CP@TRINITY_DN5869_c0_g1_i2::g.16602::m.16602	58.955	134	55	0	343	476	11	144	6.60e-43	152
Capsowcz	CP@TRINITY_DN4168_c3_g1::CP@TRINITY_DN4168_c3_g1_i1::g.75817::m.75817	39.466	337	171	3	302	629	1	313	1.65e-74	248
Capsowcz	CP@TRINITY_DN5869_c0_g1::CP@TRINITY_DN5869_c0_g1_i1::g.16600::m.16600	58.442	154	64	0	308	461	1	154	2.43e-46	163
Capsowcz	CP@TRINITY_DN5869_c0_g1::CP@TRINITY_DN5869_c0_g1_i2::g.16602::m.16602	58.042	143	60	0	319	461	1	143	8.10e-42	150
Creofrag	CP@TRINITY_DN4168_c3_g1::CP@TRINITY_DN4168_c3_g1_i1::g.75817::m.75817	40.882	340	159	6	307	631	1	313	1.61e-78	257
Creofrag	CP@TRINITY_DN5869_c0_g1::CP@TRINITY_DN5869_c0_g1_i1::g.16600::m.16600	59.740	154	62	0	313	466	1	154	8.26e-47	164
Creofrag	CP@TRINITY_DN5869_c0_g1::CP@TRINITY_DN5869_c0_g1_i2::g.16602::m.16602	58.042	143	60	0	324	466	1	143	8.31e-41	147
Coralima	CP@TRINITY_DN4168_c3_g1::CP@TRINITY_DN4168_c3_g1_i1::g.75817::m.75817	43.373	332	157	5	305	624	1	313	1.27e-81	265
Coralima	CP@TRINITY_DN5869_c0_g1::CP@TRINITY_DN5869_c0_g1_i1::g.16600::m.16600	57.419	155	66	0	311	465	1	155	4.20e-45	159
Coralima	CP@TRINITY_DN5869_c0_g1::CP@TRINITY_DN5869_c0_g1_i2::g.16602::m.16602	64.286	126	45	0	340	465	19	144	5.90e-43	152
Sphadest	CP@TRINITY_DN4168_c3_g1::CP@TRINITY_DN4168_c3_g1_i1::g.75817::m.75817	40.841	333	162	4	298	618	3	312	6.04e-76	249
Sphadest	CP@TRINITY_DN5869_c0_g1::CP@TRINITY_DN5869_c0_g1_i1::g.16600::m.16600	58.710	155	64	0	302	456	1	155	3.61e-47	165
Sphadest	CP@TRINITY_DN5869_c0_g1::CP@TRINITY_DN5869_c0_g1_i2::g.16602::m.16602	57.639	144	61	0	313	456	1	144	4.80e-41	147
Rozeallo	CP@TRINITY_DN4168_c3_g1::CP@TRINITY_DN4168_c3_g1_i1::g.75817::m.75817	42.945	326	164	4	305	621	1	313	7.15e-81	262
Rozeallo	CP@TRINITY_DN5869_c0_g1::CP@TRINITY_DN5869_c0_g1_i1::g.16600::m.16600	57.792	154	65	0	311	464	1	154	1.60e-47	166
Parasacc	CP@TRINITY_DN4168_c3_g1::CP@TRINITY_DN4168_c3_g1_i1::g.75817::m.75817	44.753	324	162	4	307	626	3	313	3.80e-84	271
Parasacc	CP@TRINITY_DN5869_c0_g1::CP@TRINITY_DN5869_c0_g1_i1::g.16600::m.16600	59.740	154	62	0	311	464	1	154	1.02e-48	169
Parasacc	CP@TRINITY_DN5869_c0_g1::CP@TRINITY_DN5869_c0_g1_i2::g.16602::m.16602	60.902	133	52	0	332	464	11	143	2.05e-41	148
Sacccere	CP@TRINITY_DN4168_c3_g1::CP@TRINITY_DN4168_c3_g1_i1::g.75817::m.75817	38.375	357	165	6	364	709	1	313	1.08e-70	237
Sacccere	CP@TRINITY_DN5869_c0_g1::CP@TRINITY_DN5869_c0_g1_i1::g.16600::m.16600	60.000	155	62	0	370	524	1	155	3.69e-48	168
Batrdend	CP@TRINITY_DN4168_c3_g1::CP@TRINITY_DN4168_c3_g1_i1::g.75817::m.75817	41.176	357	150	5	305	647	3	313	9.14e-82	265
Batrdend	CP@TRINITY_DN5869_c0_g1::CP@TRINITY_DN5869_c0_g1_i1::g.16600::m.16600	57.143	154	66	0	309	462	1	154	1.26e-46	163
Mitodaph	CP@TRINITY_DN4168_c3_g1::CP@TRINITY_DN4168_c3_g1_i1::g.75817::m.75817	42.042	333	165	6	96	420	1	313	5.57e-80	254
Mitodaph	CP@TRINITY_DN5869_c0_g1::CP@TRINITY_DN5869_c0_g1_i1::g.16600::m.16600	61.039	154	59	1	102	254	1	154	4.10e-46	159
Hemikukw	CP@TRINITY_DN4168_c3_g1::CP@TRINITY_DN4168_c3_g1_i1::g.75817::m.75817	40.356	337	158	4	309	626	1	313	1.84e-77	253
Hemikukw	CP@TRINITY_DN5869_c0_g1::CP@TRINITY_DN5869_c0_g1_i1::g.16600::m.16600	58.065	155	65	0	315	469	1	155	1.61e-48	169
Hemikukw	CP@TRINITY_DN5869_c0_g1::CP@TRINITY_DN5869_c0_g1_i2::g.16602::m.16602	57.463	134	57	0	336	469	11	144	8.26e-41	146
SpirCILI	CP@TRINITY_DN4168_c3_g1::CP@TRINITY_DN4168_c3_g1_i1::g.75817::m.75817	55.941	202	89	0	320	521	1	202	2.33e-75	241
SpirCILI	CP@TRINITY_DN5869_c0_g1::CP@TRINITY_DN5869_c0_g1_i1::g.16600::m.16600	61.290	155	60	0	326	480	1	155	1.37e-50	171
SpirCILI	CP@TRINITY_DN5869_c0_g1::CP@TRINITY_DN5869_c0_g1_i2::g.16602::m.16602	61.194	134	52	0	347	480	11	144	1.66e-42	149
Homosapi	CP@TRINITY_DN4168_c3_g1::CP@TRINITY_DN4168_c3_g1_i1::g.75817::m.75817	42.643	333	162	5	310	634	1	312	3.97e-81	263
Homosapi	CP@TRINITY_DN5869_c0_g1::CP@TRINITY_DN5869_c0_g1_i1::g.16600::m.16600	60.645	155	61	0	316	470	1	155	2.99e-49	171
Homosapi	CP@TRINITY_DN5869_c0_g1::CP@TRINITY_DN5869_c0_g1_i2::g.16602::m.16602	65.079	126	44	0	345	470	19	144	1.98e-41	148
Nemavect	CP@TRINITY_DN4168_c3_g1::CP@TRINITY_DN4168_c3_g1_i1::g.75817::m.75817	42.771	332	163	5	296	620	1	312	3.58e-80	259
Nemavect	CP@TRINITY_DN5869_c0_g1::CP@TRINITY_DN5869_c0_g1_i1::g.16600::m.16600	61.290	155	60	0	302	456	1	155	2.32e-50	173
Nemavect	CP@TRINITY_DN5869_c0_g1::CP@TRINITY_DN5869_c0_g1_i2::g.16602::m.16602	65.354	127	44	0	330	456	18	144	7.92e-44	155
Thectrah	CP@TRINITY_DN4168_c3_g1::CP@TRINITY_DN4168_c3_g1_i1::g.75817::m.75817	44.409	313	158	4	292	588	1	313	5.91e-81	263
Thectrah	CP@TRINITY_DN5869_c0_g1::CP@TRINITY_DN5869_c0_g1_i1::g.16600::m.16600	60.645	155	61	0	298	452	1	155	2.82e-49	171
Thectrah	CP@TRINITY_DN5869_c0_g1::CP@TRINITY_DN5869_c0_g1_i2::g.16602::m.16602	61.654	133	51	0	320	452	12	144	3.72e-42	150
MAST004E	CP@TRINITY_DN4168_c3_g1::CP@TRINITY_DN4168_c3_g1_i1::g.75817::m.75817	34.185	313	135	5	229	470	1	313	2.45e-50	176
MAST04A2	CP@TRINITY_DN4168_c3_g1::CP@TRINITY_DN4168_c3_g1_i1::g.75817::m.75817	40.816	343	159	4	310	640	3	313	9.18e-81	261
MAST04A2	CP@TRINITY_DN5869_c0_g1::CP@TRINITY_DN5869_c0_g1_i1::g.16600::m.16600	60.000	155	62	0	314	468	1	155	9.34e-51	174
MAST04A2	CP@TRINITY_DN5869_c0_g1::CP@TRINITY_DN5869_c0_g1_i2::g.16602::m.16602	60.448	134	53	0	335	468	11	144	4.66e-43	152
MAST04A1	CP@TRINITY_DN4168_c3_g1::CP@TRINITY_DN4168_c3_g1_i1::g.75817::m.75817	37.993	279	127	6	258	491	3	280	9.91e-51	178
Tetrther	CP@TRINITY_DN4168_c3_g1::CP@TRINITY_DN4168_c3_g1_i1::g.75817::m.75817	43.713	334	159	8	311	638	3	313	7.94e-80	260
Tetrther	CP@TRINITY_DN5869_c0_g1::CP@TRINITY_DN5869_c0_g1_i1::g.16600::m.16600	61.688	154	59	0	315	468	1	154	5.30e-50	173
Tetrther	CP@TRINITY_DN5869_c0_g1::CP@TRINITY_DN5869_c0_g1_i2::g.16602::m.16602	62.687	134	50	0	336	469	11	144	2.03e-42	151
Paratetr	CP@TRINITY_DN4168_c3_g1::CP@TRINITY_DN4168_c3_g1_i1::g.75817::m.75817	41.486	323	169	5	314	626	1	313	8.68e-74	243
Paratetr	CP@TRINITY_DN5869_c0_g1::CP@TRINITY_DN5869_c0_g1_i1::g.16600::m.16600	57.143	154	63	1	320	470	1	154	7.98e-46	161
Platmacr	CP@TRINITY_DN4168_c3_g1::CP@TRINITY_DN4168_c3_g1_i1::g.75817::m.75817	41.945	329	168	4	314	635	1	313	9.49e-79	258
Platmacr	CP@TRINITY_DN5869_c0_g1::CP@TRINITY_DN5869_c0_g1_i1::g.16600::m.16600	59.740	154	62	0	320	473	1	154	3.94e-46	162
Stencoer	CP@TRINITY_DN4168_c3_g1::CP@TRINITY_DN4168_c3_g1_i1::g.75817::m.75817	42.500	320	168	4	293	603	1	313	9.83e-75	244
Stencoer	CP@TRINITY_DN5869_c0_g1::CP@TRINITY_DN5869_c0_g1_i1::g.16600::m.16600	55.844	154	68	0	299	452	1	154	3.23e-44	156
Styllemn	CP@TRINITY_DN4168_c3_g1::CP@TRINITY_DN4168_c3_g1_i1::g.75817::m.75817	43.161	329	163	5	327	649	3	313	8.96e-79	257
Styllemn	CP@TRINITY_DN5869_c0_g1::CP@TRINITY_DN5869_c0_g1_i1::g.16600::m.16600	58.442	154	64	0	331	484	1	154	1.60e-46	163
Protadhe	CP@TRINITY_DN4168_c3_g1::CP@TRINITY_DN4168_c3_g1_i1::g.75817::m.75817	51.366	183	89	0	2	184	36	218	7.69e-66	204
Protadhe	CP@TRINITY_DN5869_c0_g1::CP@TRINITY_DN5869_c0_g1_i2::g.16602::m.16602	60.800	125	49	0	2	126	19	143	6.75e-44	143
Protadhe	CP@TRINITY_DN5869_c0_g1::CP@TRINITY_DN5869_c0_g1_i1::g.16600::m.16600	60.800	125	49	0	2	126	30	154	1.01e-43	142
Monoexil	CP@TRINITY_DN4168_c3_g1::CP@TRINITY_DN4168_c3_g1_i1::g.75817::m.75817	50.962	208	102	0	287	494	1	208	1.10e-70	238
Monoexil	CP@TRINITY_DN5869_c0_g1::CP@TRINITY_DN5869_c0_g1_i1::g.16600::m.16600	52.597	154	73	0	294	447	2	155	1.48e-42	152
Naeggrub	CP@TRINITY_DN4168_c3_g1::CP@TRINITY_DN4168_c3_g1_i1::g.75817::m.75817	40.979	327	160	8	310	621	4	312	9.82e-74	242
Naeggrub	CP@TRINITY_DN5869_c0_g1::CP@TRINITY_DN5869_c0_g1_i1::g.16600::m.16600	55.128	156	69	1	313	468	1	155	1.16e-45	160
Styginca	CP@TRINITY_DN4168_c3_g1::CP@TRINITY_DN4168_c3_g1_i1::g.75817::m.75817	41.595	351	154	6	332	672	3	312	2.71e-79	257
Styginca	CP@TRINITY_DN5869_c0_g1::CP@TRINITY_DN5869_c0_g1_i1::g.16600::m.16600	55.484	155	69	0	336	490	1	155	2.87e-45	159
Hemirufe	CP@TRINITY_DN4168_c3_g1::CP@TRINITY_DN4168_c3_g1_i1::g.75817::m.75817	44.512	328	154	5	302	616	1	313	6.50e-84	266
Hemirufe	CP@TRINITY_DN5869_c0_g1::CP@TRINITY_DN5869_c0_g1_i1::g.16600::m.16600	57.419	155	66	0	308	462	1	155	1.84e-48	167
Hemirufe	CP@TRINITY_DN5869_c0_g1::CP@TRINITY_DN5869_c0_g1_i2::g.16602::m.16602	59.701	134	54	0	329	462	11	144	5.19e-42	149
Gemicryo	CP@TRINITY_DN4168_c3_g1::CP@TRINITY_DN4168_c3_g1_i1::g.75817::m.75817	44.720	322	158	5	296	607	1	312	9.12e-84	266
Gemicryo	CP@TRINITY_DN5869_c0_g1::CP@TRINITY_DN5869_c0_g1_i1::g.16600::m.16600	57.419	155	66	0	302	456	1	155	7.67e-47	162
Gemicryo	CP@TRINITY_DN5869_c0_g1::CP@TRINITY_DN5869_c0_g1_i2::g.16602::m.16602	59.701	134	54	0	323	456	11	144	3.24e-42	149
Guilthet	CP@TRINITY_DN4168_c3_g1::CP@TRINITY_DN4168_c3_g1_i1::g.75817::m.75817	43.505	331	156	4	268	586	1	312	1.78e-83	264
Guilthet	CP@TRINITY_DN5869_c0_g1::CP@TRINITY_DN5869_c0_g1_i1::g.16600::m.16600	58.065	155	65	0	274	428	1	155	9.05e-49	167
Guilthet	CP@TRINITY_DN5869_c0_g1::CP@TRINITY_DN5869_c0_g1_i2::g.16602::m.16602	60.448	134	53	0	295	428	11	144	5.63e-43	151
Chlovari	CP@TRINITY_DN4168_c3_g1::CP@TRINITY_DN4168_c3_g1_i1::g.75817::m.75817	43.161	329	159	3	303	620	1	312	3.82e-79	255
Chlovari	CP@TRINITY_DN5869_c0_g1::CP@TRINITY_DN5869_c0_g1_i1::g.16600::m.16600	56.774	155	67	0	309	463	1	155	9.82e-46	160
Dunasali	CP@TRINITY_DN4168_c3_g1::CP@TRINITY_DN4168_c3_g1_i1::g.75817::m.75817	44.649	271	135	2	197	467	3	258	4.27e-75	239
Dunasali	CP@TRINITY_DN5869_c0_g1::CP@TRINITY_DN5869_c0_g1_i1::g.16600::m.16600	56.774	155	67	0	201	355	1	155	1.21e-47	162
Chlarein	CP@TRINITY_DN4168_c3_g1::CP@TRINITY_DN4168_c3_g1_i1::g.75817::m.75817	42.727	330	162	3	200	519	1	313	6.01e-80	255
Chlarein	CP@TRINITY_DN5869_c0_g1::CP@TRINITY_DN5869_c0_g1_i1::g.16600::m.16600	58.065	155	65	0	206	360	1	155	1.38e-46	161
Protfung	CP@TRINITY_DN4168_c3_g1::CP@TRINITY_DN4168_c3_g1_i1::g.75817::m.75817	41.590	327	164	5	319	632	1	313	2.91e-77	254
Protfung	CP@TRINITY_DN5869_c0_g1::CP@TRINITY_DN5869_c0_g1_i1::g.16600::m.16600	59.355	155	63	0	325	479	1	155	9.56e-48	167
Protfung	CP@TRINITY_DN5869_c0_g1::CP@TRINITY_DN5869_c0_g1_i2::g.16602::m.16602	61.194	134	52	0	346	479	11	144	9.80e-42	149
Physpoly	CP@TRINITY_DN4168_c3_g1::CP@TRINITY_DN4168_c3_g1_i1::g.75817::m.75817	41.896	327	165	5	300	615	1	313	6.59e-80	260
Physpoly	CP@TRINITY_DN5869_c0_g1::CP@TRINITY_DN5869_c0_g1_i1::g.16600::m.16600	58.065	155	65	0	306	460	1	155	1.79e-45	160
Dictdisc	CP@TRINITY_DN4168_c3_g1::CP@TRINITY_DN4168_c3_g1_i1::g.75817::m.75817	41.791	335	163	4	314	637	1	314	8.99e-82	265
Dictdisc	CP@TRINITY_DN5869_c0_g1::CP@TRINITY_DN5869_c0_g1_i1::g.16600::m.16600	60.000	155	62	0	320	474	1	155	2.27e-48	168
Dictdisc	CP@TRINITY_DN5869_c0_g1::CP@TRINITY_DN5869_c0_g1_i2::g.16602::m.16602	60.448	134	53	0	341	474	11	144	5.12e-41	147
Acancast	CP@TRINITY_DN4168_c3_g1::CP@TRINITY_DN4168_c3_g1_i1::g.75817::m.75817	41.964	336	160	4	257	580	1	313	1.24e-80	261
Acancast	CP@TRINITY_DN5869_c0_g1::CP@TRINITY_DN5869_c0_g1_i1::g.16600::m.16600	59.355	155	63	0	263	417	1	155	8.55e-46	161
Chlorept	CP@TRINITY_DN4168_c3_g1::CP@TRINITY_DN4168_c3_g1_i1::g.75817::m.75817	43.125	320	160	6	289	593	1	313	1.05e-81	264
Chlorept	CP@TRINITY_DN5869_c0_g1::CP@TRINITY_DN5869_c0_g1_i1::g.16600::m.16600	60.390	154	61	0	295	448	1	154	2.30e-46	162
Brevmoto	CP@TRINITY_DN4168_c3_g1::CP@TRINITY_DN4168_c3_g1_i1::g.75817::m.75817	53.846	208	96	0	313	520	1	208	9.09e-71	238
Brevmoto	CP@TRINITY_DN5869_c0_g1::CP@TRINITY_DN5869_c0_g1_i1::g.16600::m.16600	56.494	154	67	0	319	472	1	154	1.24e-44	158
MatazaD1	CP@TRINITY_DN4168_c3_g1::CP@TRINITY_DN4168_c3_g1_i1::g.75817::m.75817	41.975	324	162	5	311	622	3	312	6.44e-76	249
MatazaD1	CP@TRINITY_DN5869_c0_g1::CP@TRINITY_DN5869_c0_g1_i1::g.16600::m.16600	58.710	155	64	0	315	469	1	155	1.77e-46	163
Ancytwis	CP@TRINITY_DN4168_c3_g1::CP@TRINITY_DN4168_c3_g1_i1::g.75817::m.75817	54.167	144	66	0	292	435	1	144	9.29e-48	166
Ancytwis	CP@TRINITY_DN5869_c0_g1::CP@TRINITY_DN5869_c0_g1_i1::g.16600::m.16600	56.391	133	58	0	298	430	1	133	1.04e-42	147
Micrpusl	CP@TRINITY_DN4168_c3_g1::CP@TRINITY_DN4168_c3_g1_i1::g.75817::m.75817	43.949	314	164	6	300	605	3	312	3.54e-78	253
Micrpusl	CP@TRINITY_DN5869_c0_g1::CP@TRINITY_DN5869_c0_g1_i1::g.16600::m.16600	58.065	155	65	0	304	458	1	155	6.58e-45	158
Ostrtaur	CP@TRINITY_DN4168_c3_g1::CP@TRINITY_DN4168_c3_g1_i1::g.75817::m.75817	44.479	317	164	5	282	593	3	312	6.83e-74	241
Ostrtaur	CP@TRINITY_DN5869_c0_g1::CP@TRINITY_DN5869_c0_g1_i1::g.16600::m.16600	60.000	155	62	0	286	440	1	155	2.80e-47	164
Ostrtaur	CP@TRINITY_DN5869_c0_g1::CP@TRINITY_DN5869_c0_g1_i2::g.16602::m.16602	60.145	138	55	0	303	440	7	144	2.87e-41	147
Volvcart	CP@TRINITY_DN4168_c3_g1::CP@TRINITY_DN4168_c3_g1_i1::g.75817::m.75817	60.248	161	64	0	315	475	1	161	7.04e-62	204
Volvcart	CP@TRINITY_DN5869_c0_g1::CP@TRINITY_DN5869_c0_g1_i1::g.16600::m.16600	58.065	155	65	0	321	475	1	155	7.03e-48	162
Oryzsati	CP@TRINITY_DN4168_c3_g1::CP@TRINITY_DN4168_c3_g1_i1::g.75817::m.75817	44.000	325	161	6	297	615	3	312	5.70e-82	264
Oryzsati	CP@TRINITY_DN5869_c0_g1::CP@TRINITY_DN5869_c0_g1_i1::g.16600::m.16600	58.710	155	64	0	301	455	1	155	7.26e-47	164
Physpate	CP@TRINITY_DN4168_c3_g1::CP@TRINITY_DN4168_c3_g1_i1::g.75817::m.75817	42.424	330	163	5	295	615	1	312	1.28e-79	259
Physpate	CP@TRINITY_DN5869_c0_g1::CP@TRINITY_DN5869_c0_g1_i1::g.16600::m.16600	58.710	155	64	0	301	455	1	155	3.65e-48	167
Picosali	CP@TRINITY_DN4168_c3_g1::CP@TRINITY_DN4168_c3_g1_i1::g.75817::m.75817	39.881	336	167	5	351	674	1	313	3.81e-73	242
Picosali	CP@TRINITY_DN5869_c0_g1::CP@TRINITY_DN5869_c0_g1_i1::g.16600::m.16600	58.065	155	65	0	357	511	1	155	7.63e-47	164
Palpbili	CP@TRINITY_DN4168_c3_g1::CP@TRINITY_DN4168_c3_g1_i1::g.75817::m.75817	40.491	326	170	5	31	345	1	313	8.06e-77	243
Palpbili	CP@TRINITY_DN5869_c0_g1::CP@TRINITY_DN5869_c0_g1_i1::g.16600::m.16600	57.516	153	65	0	38	190	2	154	1.30e-46	159
Palpbili	CP@TRINITY_DN5869_c0_g1::CP@TRINITY_DN5869_c0_g1_i2::g.16602::m.16602	63.200	125	46	0	66	190	19	143	8.49e-42	145
Chroveli	CP@TRINITY_DN4168_c3_g1::CP@TRINITY_DN4168_c3_g1_i1::g.75817::m.75817	39.466	337	171	5	322	652	3	312	3.20e-69	233
Crypparv	CP@TRINITY_DN4168_c3_g1::CP@TRINITY_DN4168_c3_g1_i1::g.75817::m.75817	37.135	342	172	8	320	648	1	312	2.77e-66	224
Crypparv	CP@TRINITY_DN5869_c0_g1::CP@TRINITY_DN5869_c0_g1_i1::g.16600::m.16600	52.258	155	74	0	322	476	1	155	2.15e-41	149
Toxogond	CP@TRINITY_DN4168_c3_g1::CP@TRINITY_DN4168_c3_g1_i1::g.75817::m.75817	41.958	286	133	4	444	725	3	259	3.75e-63	217
Platviva	CP@TRINITY_DN4168_c3_g1::CP@TRINITY_DN4168_c3_g1_i1::g.75817::m.75817	39.286	336	180	5	257	591	1	313	1.27e-71	236
Platviva	CP@TRINITY_DN5869_c0_g1::CP@TRINITY_DN5869_c0_g1_i1::g.16600::m.16600	53.548	155	72	0	263	417	1	155	5.24e-42	150
Perkmari	CP@TRINITY_DN4168_c3_g1::CP@TRINITY_DN4168_c3_g1_i1::g.75817::m.75817	39.466	337	170	7	313	642	3	312	2.51e-69	231
Perkmari	CP@TRINITY_DN5869_c0_g1::CP@TRINITY_DN5869_c0_g1_i1::g.16600::m.16600	53.548	155	72	0	317	471	1	155	2.43e-41	148
Karebrev	CP@TRINITY_DN4168_c3_g1::CP@TRINITY_DN4168_c3_g1_i1::g.75817::m.75817	35.905	337	184	6	301	630	1	312	3.82e-58	201
Neobdesi	CP@TRINITY_DN4168_c3_g1::CP@TRINITY_DN4168_c3_g1_i1::g.75817::m.75817	36.963	349	176	9	86	426	1	313	6.13e-65	212
Neobdesi	CP@TRINITY_DN5869_c0_g1::CP@TRINITY_DN5869_c0_g1_i1::g.16600::m.16600	49.143	175	68	2	92	265	1	155	5.75e-41	144
Flecnera	CP@TRINITY_DN4168_c3_g1::CP@TRINITY_DN4168_c3_g1_i1::g.75817::m.75817	41.088	331	167	8	309	630	1	312	1.28e-72	240
Flecnera	CP@TRINITY_DN5869_c0_g1::CP@TRINITY_DN5869_c0_g1_i1::g.16600::m.16600	57.143	154	65	1	315	467	1	154	2.05e-44	157
Diplambu	CP@TRINITY_DN4168_c3_g1::CP@TRINITY_DN4168_c3_g1_i1::g.75817::m.75817	38.253	332	172	5	315	632	1	313	7.25e-71	235
Diplambu	CP@TRINITY_DN5869_c0_g1::CP@TRINITY_DN5869_c0_g1_i1::g.16600::m.16600	57.143	154	66	0	321	474	1	154	1.91e-48	168
Diplambu	CP@TRINITY_DN5869_c0_g1::CP@TRINITY_DN5869_c0_g1_i2::g.16602::m.16602	57.576	132	56	0	343	474	12	143	3.59e-41	147
Rhodmari	CP@TRINITY_DN4168_c3_g1::CP@TRINITY_DN4168_c3_g1_i1::g.75817::m.75817	43.624	298	149	1	293	590	2	280	1.50e-77	254
Rhodmari	CP@TRINITY_DN5869_c0_g1::CP@TRINITY_DN5869_c0_g1_i1::g.16600::m.16600	59.355	155	63	0	298	452	1	155	6.64e-49	170
Rhodmari	CP@TRINITY_DN5869_c0_g1::CP@TRINITY_DN5869_c0_g1_i2::g.16602::m.16602	59.420	138	56	0	315	452	7	144	9.06e-43	152
Choncris	CP@TRINITY_DN4168_c3_g1::CP@TRINITY_DN4168_c3_g1_i1::g.75817::m.75817	43.408	311	153	3	310	597	3	313	9.23e-80	258
Choncris	CP@TRINITY_DN5869_c0_g1::CP@TRINITY_DN5869_c0_g1_i1::g.16600::m.16600	58.065	155	65	0	314	468	1	155	4.03e-47	164
Choncris	CP@TRINITY_DN5869_c0_g1::CP@TRINITY_DN5869_c0_g1_i2::g.16602::m.16602	58.696	138	55	1	331	468	9	144	2.10e-41	148
Gratturu	CP@TRINITY_DN4168_c3_g1::CP@TRINITY_DN4168_c3_g1_i1::g.75817::m.75817	42.522	341	157	6	308	637	1	313	8.38e-79	254
Gratturu	CP@TRINITY_DN5869_c0_g1::CP@TRINITY_DN5869_c0_g1_i1::g.16600::m.16600	58.065	155	65	0	314	468	1	155	3.37e-47	164
Gratturu	CP@TRINITY_DN5869_c0_g1::CP@TRINITY_DN5869_c0_g1_i2::g.16602::m.16602	58.955	134	55	0	335	468	11	144	1.77e-41	148
Cerakond	CP@TRINITY_DN4168_c3_g1::CP@TRINITY_DN4168_c3_g1_i1::g.75817::m.75817	40.698	344	162	6	308	640	1	313	8.44e-77	248
Cerakond	CP@TRINITY_DN5869_c0_g1::CP@TRINITY_DN5869_c0_g1_i1::g.16600::m.16600	57.419	155	66	0	314	468	1	155	1.11e-46	162
Cerakond	CP@TRINITY_DN5869_c0_g1::CP@TRINITY_DN5869_c0_g1_i2::g.16602::m.16602	58.209	134	56	0	335	468	11	144	5.08e-41	146
Rhodmacu	CP@TRINITY_DN4168_c3_g1::CP@TRINITY_DN4168_c3_g1_i1::g.75817::m.75817	44.578	332	159	4	219	544	1	313	4.52e-86	271
Rhodmacu	CP@TRINITY_DN5869_c0_g1::CP@TRINITY_DN5869_c0_g1_i1::g.16600::m.16600	60.000	155	62	0	225	379	1	155	1.20e-49	169
Rhodmacu	CP@TRINITY_DN5869_c0_g1::CP@TRINITY_DN5869_c0_g1_i2::g.16602::m.16602	61.194	134	52	0	246	379	11	144	3.87e-43	151
Compcoer	CP@TRINITY_DN4168_c3_g1::CP@TRINITY_DN4168_c3_g1_i1::g.75817::m.75817	43.234	303	149	3	281	583	3	282	1.98e-77	252
Compcoer	CP@TRINITY_DN5869_c0_g1::CP@TRINITY_DN5869_c0_g1_i1::g.16600::m.16600	59.355	155	63	0	285	439	1	155	4.39e-48	167
Compcoer	CP@TRINITY_DN5869_c0_g1::CP@TRINITY_DN5869_c0_g1_i2::g.16602::m.16602	60.448	134	53	0	306	439	11	144	1.86e-42	151
Cyanmero	CP@TRINITY_DN4168_c3_g1::CP@TRINITY_DN4168_c3_g1_i1::g.75817::m.75817	44.144	333	131	5	310	641	2	280	1.50e-78	258
Cyanmero	CP@TRINITY_DN5869_c0_g1::CP@TRINITY_DN5869_c0_g1_i1::g.16600::m.16600	60.000	155	62	0	315	469	1	155	2.53e-47	166
Cyanmero	CP@TRINITY_DN5869_c0_g1::CP@TRINITY_DN5869_c0_g1_i2::g.16602::m.16602	60.145	138	55	0	332	469	7	144	1.90e-41	149
Galdsulp	CP@TRINITY_DN4168_c3_g1::CP@TRINITY_DN4168_c3_g1_i1::g.75817::m.75817	45.192	312	155	2	324	619	1	312	5.98e-83	268
Galdsulp	CP@TRINITY_DN5869_c0_g1::CP@TRINITY_DN5869_c0_g1_i1::g.16600::m.16600	58.710	155	64	0	330	484	1	155	1.95e-48	168
Galdsulp	CP@TRINITY_DN5869_c0_g1::CP@TRINITY_DN5869_c0_g1_i2::g.16602::m.16602	59.420	138	56	0	347	484	7	144	1.18e-41	149
Rhodlimn	CP@TRINITY_DN4168_c3_g1::CP@TRINITY_DN4168_c3_g1_i1::g.75817::m.75817	41.691	343	150	7	298	623	3	312	1.59e-76	251
Rhodlimn	CP@TRINITY_DN5869_c0_g1::CP@TRINITY_DN5869_c0_g1_i1::g.16600::m.16600	56.494	154	67	0	303	456	2	155	3.76e-46	162
Rhodemar	CP@TRINITY_DN4168_c3_g1::CP@TRINITY_DN4168_c3_g1_i1::g.75817::m.75817	43.344	323	158	5	312	621	3	313	1.41e-79	259
Rhodemar	CP@TRINITY_DN5869_c0_g1::CP@TRINITY_DN5869_c0_g1_i1::g.16600::m.16600	57.792	154	65	0	317	470	2	155	2.77e-46	162
Diacluth	CP@TRINITY_DN4168_c3_g1::CP@TRINITY_DN4168_c3_g1_i1::g.75817::m.75817	38.420	367	157	5	249	603	3	312	2.19e-77	248
Diacluth	CP@TRINITY_DN5869_c0_g1::CP@TRINITY_DN5869_c0_g1_i1::g.16600::m.16600	52.542	177	62	1	253	429	1	155	1.92e-46	161
Pavl2436	CP@TRINITY_DN4168_c3_g1::CP@TRINITY_DN4168_c3_g1_i1::g.75817::m.75817	54.902	204	92	0	324	527	3	206	8.79e-77	244
Pavl2436	CP@TRINITY_DN5869_c0_g1::CP@TRINITY_DN5869_c0_g1_i1::g.16600::m.16600	57.419	155	66	0	328	482	1	155	2.76e-49	167
Pavl2436	CP@TRINITY_DN5869_c0_g1::CP@TRINITY_DN5869_c0_g1_i2::g.16602::m.16602	58.955	134	55	0	349	482	11	144	2.12e-41	145
Chrycart	CP@TRINITY_DN4168_c3_g1::CP@TRINITY_DN4168_c3_g1_i1::g.75817::m.75817	43.827	324	162	6	287	602	1	312	6.54e-80	261
Chrycart	CP@TRINITY_DN5869_c0_g1::CP@TRINITY_DN5869_c0_g1_i1::g.16600::m.16600	60.645	155	61	0	293	447	1	155	4.58e-49	170
Chrycart	CP@TRINITY_DN5869_c0_g1::CP@TRINITY_DN5869_c0_g1_i2::g.16602::m.16602	61.594	138	53	0	310	447	7	144	2.40e-43	154
Bafffrig	CP@TRINITY_DN4168_c3_g1::CP@TRINITY_DN4168_c3_g1_i1::g.75817::m.75817	46.835	316	132	4	314	595	1	314	1.58e-89	282
Bafffrig	CP@TRINITY_DN5869_c0_g1::CP@TRINITY_DN5869_c0_g1_i1::g.16600::m.16600	57.419	155	66	0	320	474	1	155	6.99e-47	163
Bafffrig	CP@TRINITY_DN5869_c0_g1::CP@TRINITY_DN5869_c0_g1_i2::g.16602::m.16602	59.701	134	54	0	341	474	11	144	1.33e-41	148
Rhodsali	CP@TRINITY_DN4168_c3_g1::CP@TRINITY_DN4168_c3_g1_i1::g.75817::m.75817	43.865	326	159	4	303	617	1	313	2.82e-82	263
Rhodsali	CP@TRINITY_DN5869_c0_g1::CP@TRINITY_DN5869_c0_g1_i1::g.16600::m.16600	57.419	155	66	0	309	463	1	155	1.75e-47	164
Rhodsali	CP@TRINITY_DN5869_c0_g1::CP@TRINITY_DN5869_c0_g1_i2::g.16602::m.16602	59.701	134	54	0	330	463	11	144	6.16e-42	149
Idiovort	CP@TRINITY_DN4168_c3_g1::CP@TRINITY_DN4168_c3_g1_i1::g.75817::m.75817	42.216	334	160	5	234	554	1	314	4.13e-79	254
Idiovort	CP@TRINITY_DN5869_c0_g1::CP@TRINITY_DN5869_c0_g1_i1::g.16600::m.16600	61.290	155	60	0	240	394	1	155	2.36e-50	172
Idiovort	CP@TRINITY_DN5869_c0_g1::CP@TRINITY_DN5869_c0_g1_i2::g.16602::m.16602	61.940	134	51	0	261	394	11	144	4.06e-43	152
Cyanpara	CP@TRINITY_DN4168_c3_g1::CP@TRINITY_DN4168_c3_g1_i1::g.75817::m.75817	40.290	345	158	6	352	680	1	313	9.26e-74	245
Cyanpara	CP@TRINITY_DN5869_c0_g1::CP@TRINITY_DN5869_c0_g1_i1::g.16600::m.16600	60.645	155	61	0	358	512	1	155	2.47e-47	166
Cyanpara	CP@TRINITY_DN5869_c0_g1::CP@TRINITY_DN5869_c0_g1_i2::g.16602::m.16602	61.194	134	52	0	379	512	11	144	9.15e-41	146
Gloewitr	CP@TRINITY_DN4168_c3_g1::CP@TRINITY_DN4168_c3_g1_i1::g.75817::m.75817	43.243	333	152	5	299	615	1	312	2.49e-81	264
Gloewitr	CP@TRINITY_DN5869_c0_g1::CP@TRINITY_DN5869_c0_g1_i1::g.16600::m.16600	58.710	155	64	0	305	459	1	155	1.49e-47	166
Gloewitr	CP@TRINITY_DN5869_c0_g1::CP@TRINITY_DN5869_c0_g1_i2::g.16602::m.16602	60.448	134	53	0	326	459	11	144	2.74e-41	148
Haloseos	CP@TRINITY_DN4168_c3_g1::CP@TRINITY_DN4168_c3_g1_i1::g.75817::m.75817	38.483	356	162	4	320	663	3	313	1.70e-73	243
Haloseos	CP@TRINITY_DN5869_c0_g1::CP@TRINITY_DN5869_c0_g1_i1::g.16600::m.16600	60.645	155	61	0	324	478	1	155	1.90e-51	177
Haloseos	CP@TRINITY_DN5869_c0_g1::CP@TRINITY_DN5869_c0_g1_i2::g.16602::m.16602	60.448	134	53	0	345	478	11	144	2.89e-43	154
Aplakerg	CP@TRINITY_DN4168_c3_g1::CP@TRINITY_DN4168_c3_g1_i1::g.75817::m.75817	39.466	337	163	5	294	616	3	312	4.00e-76	249
Aplakerg	CP@TRINITY_DN5869_c0_g1::CP@TRINITY_DN5869_c0_g1_i1::g.16600::m.16600	58.710	155	64	0	298	452	1	155	2.16e-47	165
Aplakerg	CP@TRINITY_DN5869_c0_g1::CP@TRINITY_DN5869_c0_g1_i2::g.16602::m.16602	60.150	133	53	0	320	452	12	144	7.37e-41	146
Auralima	CP@TRINITY_DN4168_c3_g1::CP@TRINITY_DN4168_c3_g1_i1::g.75817::m.75817	41.141	333	161	4	319	639	3	312	1.13e-81	261
Auralima	CP@TRINITY_DN5869_c0_g1::CP@TRINITY_DN5869_c0_g1_i1::g.16600::m.16600	59.355	155	63	0	323	477	1	155	5.46e-50	171
Auralima	CP@TRINITY_DN5869_c0_g1::CP@TRINITY_DN5869_c0_g1_i2::g.16602::m.16602	61.194	134	52	0	344	477	11	144	3.22e-43	152
Schiaggr	CP@TRINITY_DN4168_c3_g1::CP@TRINITY_DN4168_c3_g1_i1::g.75817::m.75817	40.118	339	159	5	311	633	3	313	2.62e-79	254
Schiaggr	CP@TRINITY_DN5869_c0_g1::CP@TRINITY_DN5869_c0_g1_i1::g.16600::m.16600	60.645	155	61	0	315	469	1	155	2.82e-51	174
Schiaggr	CP@TRINITY_DN5869_c0_g1::CP@TRINITY_DN5869_c0_g1_i2::g.16602::m.16602	61.940	134	51	0	336	469	11	144	4.04e-44	155
ThraLLF1	CP@TRINITY_DN4168_c3_g1::CP@TRINITY_DN4168_c3_g1_i1::g.75817::m.75817	43.791	306	149	3	289	594	3	285	3.54e-83	268
ThraLLF1	CP@TRINITY_DN5869_c0_g1::CP@TRINITY_DN5869_c0_g1_i1::g.16600::m.16600	60.645	155	61	0	293	447	1	155	1.69e-50	174
ThraLLF1	CP@TRINITY_DN5869_c0_g1::CP@TRINITY_DN5869_c0_g1_i2::g.16602::m.16602	61.940	134	51	0	314	447	11	144	9.73e-44	154
Heteakas	CP@TRINITY_DN4168_c3_g1::CP@TRINITY_DN4168_c3_g1_i1::g.75817::m.75817	41.317	334	166	5	307	631	1	313	1.35e-76	248
Heteakas	CP@TRINITY_DN5869_c0_g1::CP@TRINITY_DN5869_c0_g1_i1::g.16600::m.16600	59.740	154	62	0	314	467	2	155	3.03e-49	169
Heteakas	CP@TRINITY_DN5869_c0_g1::CP@TRINITY_DN5869_c0_g1_i2::g.16602::m.16602	61.194	134	52	0	334	467	11	144	3.32e-42	149
Aurelagu	CP@TRINITY_DN4168_c3_g1::CP@TRINITY_DN4168_c3_g1_i1::g.75817::m.75817	42.581	310	149	4	330	610	4	313	3.44e-73	240
Aurelagu	CP@TRINITY_DN5869_c0_g1::CP@TRINITY_DN5869_c0_g1_i1::g.16600::m.16600	54.839	155	70	0	333	487	1	155	2.37e-42	151
Chryfrag	CP@TRINITY_DN4168_c3_g1::CP@TRINITY_DN4168_c3_g1_i1::g.75817::m.75817	36.314	369	164	8	374	731	4	312	4.66e-65	221
Chryfrag	CP@TRINITY_DN5869_c0_g1::CP@TRINITY_DN5869_c0_g1_i1::g.16600::m.16600	53.548	155	72	0	377	531	1	155	1.50e-44	157
Aureanop	CP@TRINITY_DN4168_c3_g1::CP@TRINITY_DN4168_c3_g1_i1::g.75817::m.75817	40.056	357	158	5	325	670	1	312	6.23e-75	246
Aureanop	CP@TRINITY_DN5869_c0_g1::CP@TRINITY_DN5869_c0_g1_i1::g.16600::m.16600	56.774	155	67	0	331	485	1	155	5.98e-46	161
Pelasubv	CP@TRINITY_DN4168_c3_g1::CP@TRINITY_DN4168_c3_g1_i1::g.75817::m.75817	39.943	348	160	5	347	683	3	312	7.41e-76	249
Pelasubv	CP@TRINITY_DN5869_c0_g1::CP@TRINITY_DN5869_c0_g1_i1::g.16600::m.16600	56.774	155	67	0	351	505	1	155	1.50e-45	160
Pelacalc	CP@TRINITY_DN4168_c3_g1::CP@TRINITY_DN4168_c3_g1_i1::g.75817::m.75817	38.292	363	160	5	383	732	2	313	6.14e-75	248
Pelacalc	CP@TRINITY_DN5869_c0_g1::CP@TRINITY_DN5869_c0_g1_i1::g.16600::m.16600	56.774	155	67	0	388	542	1	155	9.73e-46	161
Pela2097	CP@TRINITY_DN4168_c3_g1::CP@TRINITY_DN4168_c3_g1_i1::g.75817::m.75817	54.808	208	94	0	344	551	1	208	3.67e-74	243
Pela2097	CP@TRINITY_DN5869_c0_g1::CP@TRINITY_DN5869_c0_g1_i1::g.16600::m.16600	57.419	155	66	0	350	504	1	155	1.64e-45	160
Dino2267	CP@TRINITY_DN4168_c3_g1::CP@TRINITY_DN4168_c3_g1_i1::g.75817::m.75817	42.638	326	159	6	319	631	3	313	2.71e-81	262
Dino2267	CP@TRINITY_DN5869_c0_g1::CP@TRINITY_DN5869_c0_g1_i1::g.16600::m.16600	58.065	155	65	0	323	477	1	155	1.10e-45	160
Ochr2298	CP@TRINITY_DN4168_c3_g1::CP@TRINITY_DN4168_c3_g1_i1::g.75817::m.75817	41.791	335	154	6	310	628	3	312	1.84e-78	255
Ochr2298	CP@TRINITY_DN5869_c0_g1::CP@TRINITY_DN5869_c0_g1_i1::g.16600::m.16600	57.419	155	66	0	314	468	1	155	3.49e-46	162
Paravest	CP@TRINITY_DN4168_c3_g1::CP@TRINITY_DN4168_c3_g1_i1::g.75817::m.75817	42.085	259	132	4	1	259	44	284	1.42e-62	206
PoterBG1	CP@TRINITY_DN4168_c3_g1::CP@TRINITY_DN4168_c3_g1_i1::g.75817::m.75817	39.766	342	166	5	179	510	1	312	6.23e-77	248
PoterBG1	CP@TRINITY_DN5869_c0_g1::CP@TRINITY_DN5869_c0_g1_i1::g.16600::m.16600	56.129	155	68	0	185	339	1	155	4.66e-44	155
Mallmari	CP@TRINITY_DN4168_c3_g1::CP@TRINITY_DN4168_c3_g1_i1::g.75817::m.75817	43.119	327	158	4	305	620	3	312	6.32e-80	259
Mallmari	CP@TRINITY_DN5869_c0_g1::CP@TRINITY_DN5869_c0_g1_i1::g.16600::m.16600	56.129	155	68	0	309	463	1	155	7.20e-46	161
Tripeleu	CP@TRINITY_DN4168_c3_g1::CP@TRINITY_DN4168_c3_g1_i1::g.75817::m.75817	42.508	327	160	3	338	653	3	312	1.42e-81	261
Tripeleu	CP@TRINITY_DN5869_c0_g1::CP@TRINITY_DN5869_c0_g1_i1::g.16600::m.16600	60.390	154	61	0	343	496	2	155	6.57e-51	174
Tripeleu	CP@TRINITY_DN5869_c0_g1::CP@TRINITY_DN5869_c0_g1_i2::g.16602::m.16602	61.194	134	52	0	363	496	11	144	1.59e-42	150
Fragcyli	CP@TRINITY_DN4168_c3_g1::CP@TRINITY_DN4168_c3_g1_i1::g.75817::m.75817	41.566	332	157	5	326	641	3	313	1.87e-75	247
Fragcyli	CP@TRINITY_DN5869_c0_g1::CP@TRINITY_DN5869_c0_g1_i1::g.16600::m.16600	59.355	155	60	1	330	481	1	155	4.86e-48	167
Psuemult	CP@TRINITY_DN4168_c3_g1::CP@TRINITY_DN4168_c3_g1_i1::g.75817::m.75817	41.867	332	158	5	259	576	3	313	1.29e-76	249
Psuemult	CP@TRINITY_DN5869_c0_g1::CP@TRINITY_DN5869_c0_g1_i1::g.16600::m.16600	59.355	155	60	1	263	414	1	155	4.52e-48	166
Phaetric	CP@TRINITY_DN4168_c3_g1::CP@TRINITY_DN4168_c3_g1_i1::g.75817::m.75817	42.994	314	160	5	221	518	3	313	7.26e-80	253
Phaetric	CP@TRINITY_DN5869_c0_g1::CP@TRINITY_DN5869_c0_g1_i1::g.16600::m.16600	60.645	155	58	1	225	376	1	155	4.28e-50	169
Phaetric	CP@TRINITY_DN5869_c0_g1::CP@TRINITY_DN5869_c0_g1_i2::g.16602::m.16602	61.194	134	49	1	246	376	11	144	6.02e-42	147
Tribgaya	CP@TRINITY_DN4168_c3_g1::CP@TRINITY_DN4168_c3_g1_i1::g.75817::m.75817	41.265	332	161	5	328	647	3	312	6.34e-76	249
Tribgaya	CP@TRINITY_DN5869_c0_g1::CP@TRINITY_DN5869_c0_g1_i1::g.16600::m.16600	58.710	155	64	0	332	486	1	155	3.31e-47	165
Tribgaya	CP@TRINITY_DN5869_c0_g1::CP@TRINITY_DN5869_c0_g1_i2::g.16602::m.16602	59.701	134	54	0	353	486	11	144	8.06e-41	146
Agarclat	CP@TRINITY_DN4168_c3_g1::CP@TRINITY_DN4168_c3_g1_i1::g.75817::m.75817	43.624	298	150	2	320	617	1	280	3.86e-79	253
Agarclat	CP@TRINITY_DN5869_c0_g1::CP@TRINITY_DN5869_c0_g1_i1::g.16600::m.16600	58.710	155	64	0	326	480	1	155	8.84e-49	167
Agarclat	CP@TRINITY_DN5869_c0_g1::CP@TRINITY_DN5869_c0_g1_i2::g.16602::m.16602	59.701	134	54	0	347	480	11	144	3.11e-41	146
Albulaib	CP@TRINITY_DN4168_c3_g1::CP@TRINITY_DN4168_c3_g1_i1::g.75817::m.75817	41.265	332	164	5	315	635	1	312	9.90e-82	264
Albulaib	CP@TRINITY_DN5869_c0_g1::CP@TRINITY_DN5869_c0_g1_i1::g.16600::m.16600	58.710	155	64	0	321	475	1	155	4.03e-51	176
Albulaib	CP@TRINITY_DN5869_c0_g1::CP@TRINITY_DN5869_c0_g1_i2::g.16602::m.16602	58.955	134	55	0	342	475	11	144	4.59e-42	150
Pythirre	CP@TRINITY_DN4168_c3_g1::CP@TRINITY_DN4168_c3_g1_i1::g.75817::m.75817	43.564	303	146	3	318	620	3	280	2.08e-79	258
Pythirre	CP@TRINITY_DN5869_c0_g1::CP@TRINITY_DN5869_c0_g1_i1::g.16600::m.16600	58.710	155	64	0	322	476	1	155	2.51e-51	176
Pythirre	CP@TRINITY_DN5869_c0_g1::CP@TRINITY_DN5869_c0_g1_i2::g.16602::m.16602	58.955	134	55	0	343	476	11	144	3.90e-43	153
Saprdecl	CP@TRINITY_DN4168_c3_g1::CP@TRINITY_DN4168_c3_g1_i1::g.75817::m.75817	40.653	337	165	4	315	640	1	313	8.82e-80	259
Saprdecl	CP@TRINITY_DN5869_c0_g1::CP@TRINITY_DN5869_c0_g1_i1::g.16600::m.16600	58.710	155	64	0	321	475	1	155	1.37e-51	177
Saprdecl	CP@TRINITY_DN5869_c0_g1::CP@TRINITY_DN5869_c0_g1_i2::g.16602::m.16602	58.955	134	55	0	342	475	11	144	2.49e-43	153
Wobbluna	CP@TRINITY_DN4168_c3_g1::CP@TRINITY_DN4168_c3_g1_i1::g.75817::m.75817	54.854	206	93	0	349	554	3	208	2.26e-73	245
Wobbluna	CP@TRINITY_DN5869_c0_g1::CP@TRINITY_DN5869_c0_g1_i1::g.16600::m.16600	56.774	155	67	0	353	507	1	155	3.12e-44	157
BlasS7SB	CP@TRINITY_DN4168_c3_g1::CP@TRINITY_DN4168_c3_g1_i1::g.75817::m.75817	42.321	293	153	4	228	516	1	281	4.04e-74	239
BlasS7SB	CP@TRINITY_DN5869_c0_g1::CP@TRINITY_DN5869_c0_g1_i1::g.16600::m.16600	54.839	155	70	0	234	388	1	155	1.21e-43	153
Deveeleg	CP@TRINITY_DN4168_c3_g1::CP@TRINITY_DN4168_c3_g1_i1::g.75817::m.75817	42.424	330	162	3	308	637	3	304	8.20e-82	265
Deveeleg	CP@TRINITY_DN5869_c0_g1::CP@TRINITY_DN5869_c0_g1_i1::g.16600::m.16600	56.774	155	67	0	312	466	1	155	1.03e-45	160
Carpmemb	CP@TRINITY_DN4168_c3_g1::CP@TRINITY_DN4168_c3_g1_i1::g.75817::m.75817	54.839	186	84	0	289	474	3	188	1.17e-61	210
Carpmemb	CP@TRINITY_DN5869_c0_g1::CP@TRINITY_DN5869_c0_g1_i1::g.16600::m.16600	53.896	154	71	0	294	447	2	155	5.43e-44	155
Giarlamb	CP@TRINITY_DN4168_c3_g1::CP@TRINITY_DN4168_c3_g1_i1::g.75817::m.75817	45.802	262	129	4	351	607	2	255	7.44e-65	221
Giarlamb	CP@TRINITY_DN5869_c0_g1::CP@TRINITY_DN5869_c0_g1_i1::g.16600::m.16600	54.839	155	70	0	356	510	1	155	2.24e-42	152
Adunpalu	CP@TRINITY_DN4168_c3_g1::CP@TRINITY_DN4168_c3_g1_i1::g.75817::m.75817	51.376	218	101	2	248	460	1	218	1.57e-68	233
Adunpalu	CP@TRINITY_DN5869_c0_g1::CP@TRINITY_DN5869_c0_g1_i1::g.16600::m.16600	54.839	155	70	0	254	408	1	155	1.60e-43	155
Nutolong	CP@TRINITY_DN4168_c3_g1::CP@TRINITY_DN4168_c3_g1_i1::g.75817::m.75817	44.207	328	155	5	313	629	3	313	2.41e-89	282
Nutolong	CP@TRINITY_DN5869_c0_g1::CP@TRINITY_DN5869_c0_g1_i1::g.16600::m.16600	60.000	155	62	0	317	471	1	155	1.52e-51	176
Nutolong	CP@TRINITY_DN5869_c0_g1::CP@TRINITY_DN5869_c0_g1_i2::g.16602::m.16602	60.448	134	53	0	338	471	11	144	7.62e-43	152
Pellcata	CP@TRINITY_DN4168_c3_g1::CP@TRINITY_DN4168_c3_g1_i1::g.75817::m.75817	41.765	340	161	6	107	436	1	313	8.86e-81	256
Pellcata	CP@TRINITY_DN5869_c0_g1::CP@TRINITY_DN5869_c0_g1_i1::g.16600::m.16600	58.065	155	65	0	113	267	1	155	2.94e-47	162
Luaphula	CP@TRINITY_DN4168_c3_g1::CP@TRINITY_DN4168_c3_g1_i1::g.75817::m.75817	42.208	308	149	3	48	354	1	280	8.03e-81	249
Luaphula	CP@TRINITY_DN5869_c0_g1::CP@TRINITY_DN5869_c0_g1_i1::g.16600::m.16600	58.065	155	65	0	54	208	1	155	9.29e-50	164
Luaphula	CP@TRINITY_DN5869_c0_g1::CP@TRINITY_DN5869_c0_g1_i2::g.16602::m.16602	58.955	134	55	0	75	208	11	144	1.79e-42	144
Vermverm	CP@TRINITY_DN4168_c3_g1::CP@TRINITY_DN4168_c3_g1_i1::g.75817::m.75817	43.252	326	159	7	282	594	1	313	7.06e-79	256
Vermverm	CP@TRINITY_DN5869_c0_g1::CP@TRINITY_DN5869_c0_g1_i1::g.16600::m.16600	57.419	155	66	0	288	442	1	155	2.31e-47	165
Rhizsaxo	CP@TRINITY_DN4168_c3_g1::CP@TRINITY_DN4168_c3_g1_i1::g.75817::m.75817	44.375	320	159	4	297	605	1	312	7.55e-85	271
Rhizsaxo	CP@TRINITY_DN5869_c0_g1::CP@TRINITY_DN5869_c0_g1_i1::g.16600::m.16600	59.355	155	63	0	303	457	1	155	1.90e-48	168
Rhizsaxo	CP@TRINITY_DN5869_c0_g1::CP@TRINITY_DN5869_c0_g1_i2::g.16602::m.16602	60.448	134	53	0	324	457	11	144	2.47e-41	147
Coprprot	CP@TRINITY_DN4168_c3_g1::CP@TRINITY_DN4168_c3_g1_i1::g.75817::m.75817	43.692	325	156	3	310	621	3	313	9.63e-83	264
Coprprot	CP@TRINITY_DN5869_c0_g1::CP@TRINITY_DN5869_c0_g1_i1::g.16600::m.16600	62.581	155	58	0	314	468	1	155	4.17e-52	177
Coprprot	CP@TRINITY_DN5869_c0_g1::CP@TRINITY_DN5869_c0_g1_i2::g.16602::m.16602	62.687	134	50	0	335	468	11	144	7.89e-44	154
Amoeprot	CP@TRINITY_DN4168_c3_g1::CP@TRINITY_DN4168_c3_g1_i1::g.75817::m.75817	45.201	323	153	5	58	367	1	312	9.08e-88	269
Amoeprot	CP@TRINITY_DN5869_c0_g1::CP@TRINITY_DN5869_c0_g1_i1::g.16600::m.16600	61.290	155	60	0	64	218	1	155	2.92e-52	172
Amoeprot	CP@TRINITY_DN5869_c0_g1::CP@TRINITY_DN5869_c0_g1_i2::g.16602::m.16602	61.194	134	52	0	85	218	11	144	9.62e-44	149
NolaAFSM	CP@TRINITY_DN4168_c3_g1::CP@TRINITY_DN4168_c3_g1_i1::g.75817::m.75817	40.854	328	166	4	59	375	3	313	5.37e-82	255
NolaAFSM	CP@TRINITY_DN5869_c0_g1::CP@TRINITY_DN5869_c0_g1_i1::g.16600::m.16600	58.710	155	64	0	63	217	1	155	1.62e-49	165
NolaAFSM	CP@TRINITY_DN5869_c0_g1::CP@TRINITY_DN5869_c0_g1_i2::g.16602::m.16602	58.209	134	56	0	84	217	11	144	6.61e-41	142
Arcevulg	CP@TRINITY_DN4168_c3_g1::CP@TRINITY_DN4168_c3_g1_i1::g.75817::m.75817	39.607	356	162	4	293	638	1	313	9.73e-80	258
Arcevulg	CP@TRINITY_DN5869_c0_g1::CP@TRINITY_DN5869_c0_g1_i1::g.16600::m.16600	58.065	155	65	0	299	453	1	155	1.02e-47	166
Flabcita	CP@TRINITY_DN4168_c3_g1::CP@TRINITY_DN4168_c3_g1_i1::g.75817::m.75817	42.105	323	163	5	191	500	1	312	7.38e-80	254
Flabcita	CP@TRINITY_DN5869_c0_g1::CP@TRINITY_DN5869_c0_g1_i1::g.16600::m.16600	61.290	155	60	0	197	351	1	155	9.15e-50	169
Flabcita	CP@TRINITY_DN5869_c0_g1::CP@TRINITY_DN5869_c0_g1_i2::g.16602::m.16602	61.940	134	51	0	218	351	11	144	1.02e-41	147
Echiexud	CP@TRINITY_DN4168_c3_g1::CP@TRINITY_DN4168_c3_g1_i1::g.75817::m.75817	43.558	326	159	7	317	630	1	313	4.22e-83	268
Echiexud	CP@TRINITY_DN5869_c0_g1::CP@TRINITY_DN5869_c0_g1_i1::g.16600::m.16600	58.333	156	64	1	323	478	1	155	5.61e-46	161
Hetepall	CP@TRINITY_DN4168_c3_g1::CP@TRINITY_DN4168_c3_g1_i1::g.75817::m.75817	40.176	341	164	6	323	652	1	312	1.28e-74	246
Hetepall	CP@TRINITY_DN5869_c0_g1::CP@TRINITY_DN5869_c0_g1_i1::g.16600::m.16600	60.000	155	62	0	329	483	1	155	3.64e-47	165
Hetepall	CP@TRINITY_DN5869_c0_g1::CP@TRINITY_DN5869_c0_g1_i2::g.16602::m.16602	61.194	134	52	0	350	483	11	144	8.53e-41	146
Cochminu	CP@TRINITY_DN4168_c3_g1::CP@TRINITY_DN4168_c3_g1_i1::g.75817::m.75817	45.031	322	154	4	307	615	1	312	4.29e-86	275
Cochminu	CP@TRINITY_DN5869_c0_g1::CP@TRINITY_DN5869_c0_g1_i1::g.16600::m.16600	58.065	155	65	0	313	467	1	155	3.93e-49	170
Cochminu	CP@TRINITY_DN5869_c0_g1::CP@TRINITY_DN5869_c0_g1_i2::g.16602::m.16602	60.902	133	52	0	335	467	12	144	1.35e-42	151
Sapppeda	CP@TRINITY_DN4168_c3_g1::CP@TRINITY_DN4168_c3_g1_i1::g.75817::m.75817	41.088	331	164	4	333	651	1	312	1.15e-75	246
Sapppeda	CP@TRINITY_DN5869_c0_g1::CP@TRINITY_DN5869_c0_g1_i1::g.16600::m.16600	56.129	155	68	0	339	493	1	155	1.46e-45	159
Soliirre	CP@TRINITY_DN4168_c3_g1::CP@TRINITY_DN4168_c3_g1_i1::g.75817::m.75817	43.385	325	158	6	295	605	1	313	6.88e-83	266
Soliirre	CP@TRINITY_DN5869_c0_g1::CP@TRINITY_DN5869_c0_g1_i1::g.16600::m.16600	54.839	155	70	0	301	455	1	155	9.40e-45	157
Filanola	CP@TRINITY_DN4168_c3_g1::CP@TRINITY_DN4168_c3_g1_i1::g.75817::m.75817	44.512	328	156	6	316	632	1	313	3.18e-82	265
Filanola	CP@TRINITY_DN5869_c0_g1::CP@TRINITY_DN5869_c0_g1_i1::g.16600::m.16600	58.065	155	65	0	322	476	1	155	1.01e-46	163
Cavoapop	CP@TRINITY_DN4168_c3_g1::CP@TRINITY_DN4168_c3_g1_i1::g.75817::m.75817	43.636	330	155	5	312	628	1	312	2.00e-82	262
Cavoapop	CP@TRINITY_DN5869_c0_g1::CP@TRINITY_DN5869_c0_g1_i1::g.16600::m.16600	60.000	155	62	0	318	472	1	155	1.10e-49	170
Cavoapop	CP@TRINITY_DN5869_c0_g1::CP@TRINITY_DN5869_c0_g1_i2::g.16602::m.16602	60.448	134	53	0	339	472	11	144	4.56e-42	149
Schivulg	CP@TRINITY_DN4168_c3_g1::CP@TRINITY_DN4168_c3_g1_i1::g.75817::m.75817	41.639	305	146	6	2	293	28	313	6.47e-67	218
Phalsoli	CP@TRINITY_DN4168_c3_g1::CP@TRINITY_DN4168_c3_g1_i1::g.75817::m.75817	57.534	146	62	0	46	191	1	146	3.44e-57	182
Phalsoli	CP@TRINITY_DN5869_c0_g1::CP@TRINITY_DN5869_c0_g1_i1::g.16600::m.16600	57.664	137	58	0	52	188	1	137	1.86e-49	157
Phalsoli	CP@TRINITY_DN5869_c0_g1::CP@TRINITY_DN5869_c0_g1_i2::g.16602::m.16602	57.265	117	50	0	73	189	11	127	1.67e-41	137
Trimmari	CP@TRINITY_DN4168_c3_g1::CP@TRINITY_DN4168_c3_g1_i1::g.75817::m.75817	42.857	322	160	4	254	562	3	313	9.69e-79	254
Trimmari	CP@TRINITY_DN5869_c0_g1::CP@TRINITY_DN5869_c0_g1_i1::g.16600::m.16600	56.129	155	68	0	258	412	1	155	5.88e-45	158
Rhizelon	CP@TRINITY_DN4168_c3_g1::CP@TRINITY_DN4168_c3_g1_i1::g.75817::m.75817	56.693	127	55	0	317	443	1	127	2.35e-44	157
Masteilh	CP@TRINITY_DN4168_c3_g1::CP@TRINITY_DN4168_c3_g1_i1::g.75817::m.75817	38.872	337	151	3	334	670	1	282	2.71e-73	239
Masteilh	CP@TRINITY_DN5869_c0_g1::CP@TRINITY_DN5869_c0_g1_i1::g.16600::m.16600	54.839	155	70	0	340	494	1	155	2.82e-44	155
Pharkirb	CP@TRINITY_DN4168_c3_g1::CP@TRINITY_DN4168_c3_g1_i1::g.75817::m.75817	37.875	367	163	4	315	670	1	313	4.94e-80	261
Pharkirb	CP@TRINITY_DN5869_c0_g1::CP@TRINITY_DN5869_c0_g1_i1::g.16600::m.16600	55.484	155	69	0	321	475	1	155	1.52e-47	166
HeterBB2	CP@TRINITY_DN4168_c3_g1::CP@TRINITY_DN4168_c3_g1_i1::g.75817::m.75817	53.365	208	97	0	43	250	1	208	9.04e-80	243
HeterBB2	CP@TRINITY_DN5869_c0_g1::CP@TRINITY_DN5869_c0_g1_i1::g.16600::m.16600	56.129	155	68	0	49	203	1	155	1.42e-51	165
HeterBB2	CP@TRINITY_DN5869_c0_g1::CP@TRINITY_DN5869_c0_g1_i2::g.16602::m.16602	55.970	134	59	0	70	203	11	144	8.10e-43	142
Jakolibe	CP@TRINITY_DN4168_c3_g1::CP@TRINITY_DN4168_c3_g1_i1::g.75817::m.75817	56.742	178	77	0	1	178	18	195	3.42e-71	218
Jakolibe	CP@TRINITY_DN5869_c0_g1::CP@TRINITY_DN5869_c0_g1_i1::g.16600::m.16600	57.639	144	61	0	1	144	12	155	1.22e-49	157
Jakolibe	CP@TRINITY_DN5869_c0_g1::CP@TRINITY_DN5869_c0_g1_i2::g.16602::m.16602	58.209	134	56	0	11	144	11	144	1.90e-46	149
Eugllong	CP@TRINITY_DN4168_c3_g1::CP@TRINITY_DN4168_c3_g1_i1::g.75817::m.75817	43.226	310	164	4	340	638	4	312	1.66e-73	242
Eugllong	CP@TRINITY_DN5869_c0_g1::CP@TRINITY_DN5869_c0_g1_i1::g.16600::m.16600	53.247	154	71	1	343	495	1	154	4.03e-41	147
Euglgrac	CP@TRINITY_DN4168_c3_g1::CP@TRINITY_DN4168_c3_g1_i1::g.75817::m.75817	42.812	313	167	4	338	639	1	312	1.15e-72	240
Euglgrac	CP@TRINITY_DN5869_c0_g1::CP@TRINITY_DN5869_c0_g1_i1::g.16600::m.16600	53.247	154	71	1	344	496	1	154	2.01e-41	148
Eutrgymn	CP@TRINITY_DN4168_c3_g1::CP@TRINITY_DN4168_c3_g1_i1::g.75817::m.75817	42.089	316	164	7	320	620	1	312	2.03e-70	233
Eutrgymn	CP@TRINITY_DN5869_c0_g1::CP@TRINITY_DN5869_c0_g1_i1::g.16600::m.16600	54.545	154	69	1	326	478	1	154	1.31e-41	149
Bodosalt	CP@TRINITY_DN4168_c3_g1::CP@TRINITY_DN4168_c3_g1_i1::g.75817::m.75817	41.304	322	167	8	318	628	3	313	2.28e-74	244
Bodosalt	CP@TRINITY_DN5869_c0_g1::CP@TRINITY_DN5869_c0_g1_i1::g.16600::m.16600	55.844	154	67	1	323	475	2	155	3.95e-43	153
Fontalba	CP@TRINITY_DN4168_c3_g1::CP@TRINITY_DN4168_c3_g1_i1::g.75817::m.75817	40.058	347	164	6	366	704	3	313	6.81e-77	254
Fontalba	CP@TRINITY_DN5869_c0_g1::CP@TRINITY_DN5869_c0_g1_i1::g.16600::m.16600	60.645	155	61	0	370	524	1	155	1.65e-50	175
Fontalba	CP@TRINITY_DN5869_c0_g1::CP@TRINITY_DN5869_c0_g1_i2::g.16602::m.16602	61.194	134	52	0	391	524	11	144	3.80e-43	153
Gefiokel	CP@TRINITY_DN4168_c3_g1::CP@TRINITY_DN4168_c3_g1_i1::g.75817::m.75817	42.500	320	165	4	298	608	3	312	1.73e-79	258
Gefiokel	CP@TRINITY_DN5869_c0_g1::CP@TRINITY_DN5869_c0_g1_i1::g.16600::m.16600	55.484	155	69	0	302	456	1	155	6.17e-47	164
Mantplas	CP@TRINITY_DN4168_c3_g1::CP@TRINITY_DN4168_c3_g1_i1::g.75817::m.75817	57.576	132	56	0	19	150	39	170	3.98e-52	167
Mantplas	CP@TRINITY_DN5869_c0_g1::CP@TRINITY_DN5869_c0_g1_i2::g.16602::m.16602	60.976	123	48	0	19	141	22	144	1.44e-42	138
Mantplas	CP@TRINITY_DN5869_c0_g1::CP@TRINITY_DN5869_c0_g1_i1::g.16600::m.16600	60.976	123	48	0	19	141	33	155	1.58e-42	138
Minivibr	CP@TRINITY_DN4168_c3_g1::CP@TRINITY_DN4168_c3_g1_i1::g.75817::m.75817	38.224	259	122	4	1	250	84	313	2.34e-49	172
Gallgall	CP@TRINITY_DN4168_c3_g1::CP@TRINITY_DN4168_c3_g1_i1::g.75817::m.75817	44.144	333	157	5	301	625	1	312	2.29e-83	269
Gallgall	CP@TRINITY_DN5869_c0_g1::CP@TRINITY_DN5869_c0_g1_i1::g.16600::m.16600	60.645	155	61	0	307	461	1	155	1.72e-49	171
Gallgall	CP@TRINITY_DN5869_c0_g1::CP@TRINITY_DN5869_c0_g1_i2::g.16602::m.16602	63.780	127	46	0	335	461	18	144	5.12e-42	150
Apismell	CP@TRINITY_DN4168_c3_g1::CP@TRINITY_DN4168_c3_g1_i1::g.75817::m.75817	43.505	331	159	5	299	622	3	312	2.56e-83	268
Apismell	CP@TRINITY_DN5869_c0_g1::CP@TRINITY_DN5869_c0_g1_i1::g.16600::m.16600	60.645	155	61	0	303	457	1	155	2.14e-49	171
Apismell	CP@TRINITY_DN5869_c0_g1::CP@TRINITY_DN5869_c0_g1_i2::g.16602::m.16602	63.780	127	46	0	331	457	18	144	4.94e-42	150
Drosmela	CP@TRINITY_DN4168_c3_g1::CP@TRINITY_DN4168_c3_g1_i1::g.75817::m.75817	42.388	335	159	5	295	618	1	312	2.24e-79	258
Drosmela	CP@TRINITY_DN5869_c0_g1::CP@TRINITY_DN5869_c0_g1_i1::g.16600::m.16600	61.935	155	59	0	301	455	1	155	6.00e-51	175
Drosmela	CP@TRINITY_DN5869_c0_g1::CP@TRINITY_DN5869_c0_g1_i2::g.16602::m.16602	65.354	127	44	0	329	455	18	144	1.51e-43	154
Amphquee	CP@TRINITY_DN4168_c3_g1::CP@TRINITY_DN4168_c3_g1_i1::g.75817::m.75817	42.378	328	164	5	297	617	3	312	1.19e-80	261
Amphquee	CP@TRINITY_DN5869_c0_g1::CP@TRINITY_DN5869_c0_g1_i1::g.16600::m.16600	61.935	155	59	0	301	455	1	155	9.24e-52	177
Amphquee	CP@TRINITY_DN5869_c0_g1::CP@TRINITY_DN5869_c0_g1_i2::g.16602::m.16602	64.567	127	45	0	329	455	18	144	1.30e-43	154
Tricadha	CP@TRINITY_DN4168_c3_g1::CP@TRINITY_DN4168_c3_g1_i1::g.75817::m.75817	40.237	338	170	5	297	627	1	313	7.72e-74	244
Tricadha	CP@TRINITY_DN5869_c0_g1::CP@TRINITY_DN5869_c0_g1_i1::g.16600::m.16600	60.645	155	61	0	303	457	1	155	4.88e-49	170
Tricadha	CP@TRINITY_DN5869_c0_g1::CP@TRINITY_DN5869_c0_g1_i2::g.16602::m.16602	64.567	127	45	0	331	457	18	144	2.13e-42	151
Caeneleg	CP@TRINITY_DN4168_c3_g1::CP@TRINITY_DN4168_c3_g1_i1::g.75817::m.75817	42.508	327	165	4	303	621	1	312	5.16e-82	265
Caeneleg	CP@TRINITY_DN5869_c0_g1::CP@TRINITY_DN5869_c0_g1_i1::g.16600::m.16600	59.355	155	63	0	309	463	1	155	2.78e-49	171
Caeneleg	CP@TRINITY_DN5869_c0_g1::CP@TRINITY_DN5869_c0_g1_i2::g.16602::m.16602	59.028	144	59	0	320	463	1	144	2.97e-44	156
Mnemleid	CP@TRINITY_DN4168_c3_g1::CP@TRINITY_DN4168_c3_g1_i1::g.75817::m.75817	41.515	330	166	5	301	621	1	312	5.00e-75	246
Mnemleid	CP@TRINITY_DN5869_c0_g1::CP@TRINITY_DN5869_c0_g1_i1::g.16600::m.16600	58.065	155	65	0	307	461	1	155	1.01e-48	169
Mnemleid	CP@TRINITY_DN5869_c0_g1::CP@TRINITY_DN5869_c0_g1_i2::g.16602::m.16602	60.630	127	50	0	335	461	18	144	3.09e-41	147
Aplycali	CP@TRINITY_DN4168_c3_g1::CP@TRINITY_DN4168_c3_g1_i1::g.75817::m.75817	43.114	334	156	5	299	622	3	312	1.70e-78	256
Aplycali	CP@TRINITY_DN5869_c0_g1::CP@TRINITY_DN5869_c0_g1_i1::g.16600::m.16600	60.000	155	62	0	303	457	1	155	3.12e-49	171
Aplycali	CP@TRINITY_DN5869_c0_g1::CP@TRINITY_DN5869_c0_g1_i2::g.16602::m.16602	58.333	144	60	0	314	457	1	144	3.22e-42	150
Branflor	CP@TRINITY_DN4168_c3_g1::CP@TRINITY_DN4168_c3_g1_i1::g.75817::m.75817	41.742	333	166	4	296	621	1	312	6.96e-81	259
Branflor	CP@TRINITY_DN5869_c0_g1::CP@TRINITY_DN5869_c0_g1_i1::g.16600::m.16600	58.710	155	64	0	302	456	1	155	2.43e-49	169
Branflor	CP@TRINITY_DN5869_c0_g1::CP@TRINITY_DN5869_c0_g1_i2::g.16602::m.16602	62.992	127	47	0	330	456	18	144	1.54e-42	150
Taensoli	CP@TRINITY_DN4168_c3_g1::CP@TRINITY_DN4168_c3_g1_i1::g.75817::m.75817	40.805	348	161	4	217	555	1	312	8.67e-76	247
Taensoli	CP@TRINITY_DN5869_c0_g1::CP@TRINITY_DN5869_c0_g1_i1::g.16600::m.16600	58.065	155	65	0	223	377	1	155	1.63e-46	162
Schimans	CP@TRINITY_DN4168_c3_g1::CP@TRINITY_DN4168_c3_g1_i1::g.75817::m.75817	40.341	352	163	7	290	636	3	312	3.66e-73	241
Schimans	CP@TRINITY_DN5869_c0_g1::CP@TRINITY_DN5869_c0_g1_i1::g.16600::m.16600	60.000	155	62	0	294	448	1	155	1.31e-48	169
Schimans	CP@TRINITY_DN5869_c0_g1::CP@TRINITY_DN5869_c0_g1_i2::g.16602::m.16602	62.992	127	47	0	322	448	18	144	2.31e-41	148
Ustimayd	CP@TRINITY_DN4168_c3_g1::CP@TRINITY_DN4168_c3_g1_i1::g.75817::m.75817	40.936	342	166	3	311	645	1	313	1.57e-78	258
Ustimayd	CP@TRINITY_DN5869_c0_g1::CP@TRINITY_DN5869_c0_g1_i1::g.16600::m.16600	61.935	155	59	0	317	471	1	155	1.28e-49	172
Ustimayd	CP@TRINITY_DN5869_c0_g1::CP@TRINITY_DN5869_c0_g1_i2::g.16602::m.16602	63.433	134	49	0	338	471	11	144	4.04e-43	153
Coprcine	CP@TRINITY_DN4168_c3_g1::CP@TRINITY_DN4168_c3_g1_i1::g.75817::m.75817	40.922	347	163	7	305	643	1	313	7.60e-76	249
Coprcine	CP@TRINITY_DN5869_c0_g1::CP@TRINITY_DN5869_c0_g1_i1::g.16600::m.16600	61.935	155	59	0	311	465	1	155	1.63e-49	171
Coprcine	CP@TRINITY_DN5869_c0_g1::CP@TRINITY_DN5869_c0_g1_i2::g.16602::m.16602	61.594	138	53	0	328	465	7	144	1.08e-42	152
Schizpom	CP@TRINITY_DN4168_c3_g1::CP@TRINITY_DN4168_c3_g1_i1::g.75817::m.75817	41.888	339	164	5	311	642	1	313	2.09e-80	262
Schizpom	CP@TRINITY_DN5869_c0_g1::CP@TRINITY_DN5869_c0_g1_i1::g.16600::m.16600	61.935	155	59	0	317	471	1	155	1.35e-49	172
Schizpom	CP@TRINITY_DN5869_c0_g1::CP@TRINITY_DN5869_c0_g1_i2::g.16602::m.16602	64.179	134	48	0	338	471	11	144	1.44e-43	154
Rhizdele	CP@TRINITY_DN4168_c3_g1::CP@TRINITY_DN4168_c3_g1_i1::g.75817::m.75817	41.716	338	159	5	314	638	1	313	1.04e-79	259
Rhizdele	CP@TRINITY_DN5869_c0_g1::CP@TRINITY_DN5869_c0_g1_i1::g.16600::m.16600	61.290	155	60	0	320	474	1	155	1.13e-49	172
Rhizdele	CP@TRINITY_DN5869_c0_g1::CP@TRINITY_DN5869_c0_g1_i2::g.16602::m.16602	62.687	134	50	0	341	474	11	144	6.26e-43	152
Neurcras	CP@TRINITY_DN4168_c3_g1::CP@TRINITY_DN4168_c3_g1_i1::g.75817::m.75817	41.520	342	162	4	306	638	1	313	9.49e-79	259
Neurcras	CP@TRINITY_DN5869_c0_g1::CP@TRINITY_DN5869_c0_g1_i1::g.16600::m.16600	61.935	155	59	0	312	466	1	155	1.12e-49	172
Neurcras	CP@TRINITY_DN5869_c0_g1::CP@TRINITY_DN5869_c0_g1_i2::g.16602::m.16602	62.687	134	50	0	333	466	11	144	1.76e-42	151
Aspefumi	CP@TRINITY_DN4168_c3_g1::CP@TRINITY_DN4168_c3_g1_i1::g.75817::m.75817	42.433	337	163	5	311	640	1	313	6.15e-80	261
Aspefumi	CP@TRINITY_DN5869_c0_g1::CP@TRINITY_DN5869_c0_g1_i1::g.16600::m.16600	60.645	155	61	0	317	471	1	155	6.67e-50	173
Aspefumi	CP@TRINITY_DN5869_c0_g1::CP@TRINITY_DN5869_c0_g1_i2::g.16602::m.16602	61.194	134	52	0	338	471	11	144	1.42e-42	152
Spizpunc	CP@TRINITY_DN4168_c3_g1::CP@TRINITY_DN4168_c3_g1_i1::g.75817::m.75817	42.939	347	158	5	303	643	1	313	2.20e-82	267
Spizpunc	CP@TRINITY_DN5869_c0_g1::CP@TRINITY_DN5869_c0_g1_i1::g.16600::m.16600	59.091	154	63	0	309	462	1	154	1.75e-48	169
Spizpunc	CP@TRINITY_DN5869_c0_g1::CP@TRINITY_DN5869_c0_g1_i2::g.16602::m.16602	59.398	133	54	0	330	462	11	143	7.39e-41	147
Blasbrit	CP@TRINITY_DN4168_c3_g1::CP@TRINITY_DN4168_c3_g1_i1::g.75817::m.75817	56.250	208	91	0	315	522	1	208	1.78e-74	247
Blasbrit	CP@TRINITY_DN5869_c0_g1::CP@TRINITY_DN5869_c0_g1_i1::g.16600::m.16600	60.645	155	61	0	321	475	1	155	7.46e-49	170
Blasbrit	CP@TRINITY_DN5869_c0_g1::CP@TRINITY_DN5869_c0_g1_i2::g.16602::m.16602	62.406	133	50	0	343	475	12	144	1.56e-42	152
Allomacr	CP@TRINITY_DN4168_c3_g1::CP@TRINITY_DN4168_c3_g1_i1::g.75817::m.75817	43.695	341	157	5	172	505	1	313	2.87e-83	266
Allomacr	CP@TRINITY_DN5869_c0_g1::CP@TRINITY_DN5869_c0_g1_i1::g.16600::m.16600	61.290	155	60	0	178	332	1	155	1.85e-48	167
Allomacr	CP@TRINITY_DN5869_c0_g1::CP@TRINITY_DN5869_c0_g1_i2::g.16602::m.16602	63.910	133	48	0	200	332	12	144	1.33e-41	148
Parvatla	CP@TRINITY_DN4168_c3_g1::CP@TRINITY_DN4168_c3_g1_i1::g.75817::m.75817	43.492	315	152	6	356	645	1	314	8.51e-79	255
Parvatla	CP@TRINITY_DN5869_c0_g1::CP@TRINITY_DN5869_c0_g1_i1::g.16600::m.16600	57.419	155	66	0	362	516	1	155	4.49e-47	164
