Blasemer	CP@TRINITY_DN5391_c0_g1::CP@TRINITY_DN5391_c0_g1_i2::g.14789::m.14789	61.538	117	43	1	3	119	11	125	1.78e-45	147
Goniavon	CP@TRINITY_DN5391_c0_g1::CP@TRINITY_DN5391_c0_g1_i2::g.14789::m.14789	66.667	111	34	3	29	137	13	122	2.03e-45	146
Creofrag	CP@TRINITY_DN5391_c0_g1::CP@TRINITY_DN5391_c0_g1_i2::g.14789::m.14789	64.486	107	38	0	39	145	16	122	7.65e-44	149
Sphadest	CP@TRINITY_DN5391_c0_g2::CP@TRINITY_DN5391_c0_g2_i2::g.14790::m.14790	47.853	163	59	1	162	298	4	166	5.93e-45	154
Sphadest	CP@TRINITY_DN5391_c0_g1::CP@TRINITY_DN5391_c0_g1_i2::g.14789::m.14789	60.345	116	40	1	11	120	10	125	7.42e-42	142
Batrdend	CP@TRINITY_DN5391_c0_g2::CP@TRINITY_DN5391_c0_g2_i2::g.14790::m.14790	45.833	168	65	1	158	299	1	168	5.42e-45	154
Dunasali	CP@TRINITY_DN5391_c0_g1::CP@TRINITY_DN5391_c0_g1_i2::g.14789::m.14789	71.277	94	27	0	42	135	23	116	2.28e-44	150
Nephpyri	CP@TRINITY_DN5391_c0_g1::CP@TRINITY_DN5391_c0_g1_i2::g.14789::m.14789	61.261	111	43	0	35	145	14	124	1.69e-41	140
Syssmult	CP@TRINITY_DN5391_c0_g1::CP@TRINITY_DN5391_c0_g1_i2::g.14789::m.14789	65.094	106	37	0	13	118	17	122	3.15e-46	154
Raphhete	CP@TRINITY_DN5391_c0_g1::CP@TRINITY_DN5391_c0_g1_i2::g.14789::m.14789	66.667	102	34	0	18	119	15	116	7.37e-46	147
Rainerin	CP@TRINITY_DN5391_c0_g1::CP@TRINITY_DN5391_c0_g1_i2::g.14789::m.14789	66.346	104	35	0	21	124	21	124	9.01e-44	147
ChoanoFB	CP@TRINITY_DN5391_c0_g1::CP@TRINITY_DN5391_c0_g1_i2::g.14789::m.14789	67.000	100	33	0	21	120	17	116	1.00e-43	146
Coralima	CP@TRINITY_DN5391_c0_g1::CP@TRINITY_DN5391_c0_g1_i2::g.14789::m.14789	62.264	106	40	0	30	135	19	124	2.86e-42	144
Nemavect	CP@TRINITY_DN5391_c0_g1::CP@TRINITY_DN5391_c0_g1_i2::g.14789::m.14789	66.019	103	35	0	18	120	23	125	8.81e-46	154
Homosapi	CP@TRINITY_DN5391_c0_g1::CP@TRINITY_DN5391_c0_g1_i2::g.14789::m.14789	63.462	104	38	0	31	134	21	124	3.24e-41	142
Acancast	CP@TRINITY_DN5391_c0_g1::CP@TRINITY_DN5391_c0_g1_i2::g.14789::m.14789	62.931	116	41	1	17	132	11	124	9.46e-44	148
Acancast	CP@TRINITY_DN5391_c0_g2::CP@TRINITY_DN5391_c0_g2_i2::g.14790::m.14790	43.243	185	71	2	175	325	4	188	1.48e-43	151
Gloewitr	CP@TRINITY_DN5391_c0_g1::CP@TRINITY_DN5391_c0_g1_i2::g.14789::m.14789	66.667	102	34	0	26	127	23	124	3.19e-43	147
PoterBG1	CP@TRINITY_DN5391_c0_g1::CP@TRINITY_DN5391_c0_g1_i2::g.14789::m.14789	61.468	109	42	0	42	150	14	122	1.22e-42	145
Vannfimi	CP@TRINITY_DN5391_c0_g1::CP@TRINITY_DN5391_c0_g1_i2::g.14789::m.14789	61.468	109	42	0	27	135	16	124	1.16e-43	147
Haloseos	CP@TRINITY_DN5391_c0_g2::CP@TRINITY_DN5391_c0_g2_i2::g.14790::m.14790	40.284	211	95	2	263	449	1	204	6.50e-43	152
Chroveli	CP@TRINITY_DN5391_c0_g1::CP@TRINITY_DN5391_c0_g1_i2::g.14789::m.14789	69.307	101	31	0	49	149	21	121	1.37e-43	149
Ancytwis	CP@TRINITY_DN5391_c0_g1::CP@TRINITY_DN5391_c0_g1_i2::g.14789::m.14789	64.486	107	38	0	3	109	16	122	1.14e-43	148
Ancytwis	CP@TRINITY_DN5391_c0_g2::CP@TRINITY_DN5391_c0_g2_i2::g.14790::m.14790	41.294	201	76	3	151	315	1	195	2.45e-42	148
Saprdecl	CP@TRINITY_DN5391_c0_g2::CP@TRINITY_DN5391_c0_g2_i2::g.14790::m.14790	44.149	188	80	3	159	322	1	187	1.63e-44	152
Physpate	CP@TRINITY_DN5391_c0_g1::CP@TRINITY_DN5391_c0_g1_i2::g.14789::m.14789	66.346	104	35	0	35	138	21	124	2.66e-42	144
HeterBB2	CP@TRINITY_DN5391_c0_g2::CP@TRINITY_DN5391_c0_g2_i2::g.14790::m.14790	44.920	187	71	2	186	346	1	181	1.57e-42	149
Pygsbifo	CP@TRINITY_DN5391_c0_g1::CP@TRINITY_DN5391_c0_g1_i2::g.14789::m.14789	65.957	94	32	0	36	129	23	116	1.76e-41	137
Malajako	CP@TRINITY_DN5391_c0_g1::CP@TRINITY_DN5391_c0_g1_i2::g.14789::m.14789	63.810	105	38	0	7	111	18	122	3.26e-45	144
Luaphula	CP@TRINITY_DN5391_c0_g1::CP@TRINITY_DN5391_c0_g1_i2::g.14789::m.14789	62.832	113	42	0	12	124	12	124	2.53e-42	146
Dracjorm	CP@TRINITY_DN5391_c0_g2::CP@TRINITY_DN5391_c0_g2_i2::g.14790::m.14790	46.341	164	62	1	161	298	4	167	1.31e-44	152
Gocefonb	CP@TRINITY_DN5391_c0_g2::CP@TRINITY_DN5391_c0_g2_i2::g.14790::m.14790	44.509	173	70	1	207	353	1	173	5.20e-42	148
Pellcata	CP@TRINITY_DN5391_c0_g1::CP@TRINITY_DN5391_c0_g1_i2::g.14789::m.14789	62.393	117	42	1	13	129	10	124	3.33e-43	146
Filanola	CP@TRINITY_DN5391_c0_g1::CP@TRINITY_DN5391_c0_g1_i2::g.14789::m.14789	67.961	103	33	0	39	141	23	125	4.30e-43	146
Phalsoli	CP@TRINITY_DN5391_c0_g2::CP@TRINITY_DN5391_c0_g2_i2::g.14790::m.14790	46.386	166	63	1	131	270	1	166	2.59e-46	157
Schivulg	CP@TRINITY_DN5391_c0_g2::CP@TRINITY_DN5391_c0_g2_i2::g.14790::m.14790	46.707	167	63	1	168	308	1	167	1.84e-44	153
Schivulg	CP@TRINITY_DN5391_c0_g1::CP@TRINITY_DN5391_c0_g1_i2::g.14789::m.14789	68.932	103	32	0	27	129	23	125	1.87e-44	149
Soliirre	CP@TRINITY_DN5391_c0_g1::CP@TRINITY_DN5391_c0_g1_i2::g.14789::m.14789	64.545	110	39	0	14	123	15	124	3.76e-44	148
Soliirre	CP@TRINITY_DN5391_c0_g2::CP@TRINITY_DN5391_c0_g2_i2::g.14790::m.14790	45.665	173	68	1	163	309	1	173	1.34e-43	150
Apismell	CP@TRINITY_DN5391_c0_g1::CP@TRINITY_DN5391_c0_g1_i2::g.14789::m.14789	61.261	111	42	1	17	126	12	122	1.26e-41	143
Tricadha	CP@TRINITY_DN5391_c0_g2::CP@TRINITY_DN5391_c0_g2_i2::g.14790::m.14790	46.746	169	64	1	178	320	2	170	2.17e-44	154
Tricadha	CP@TRINITY_DN5391_c0_g1::CP@TRINITY_DN5391_c0_g1_i2::g.14789::m.14789	58.407	113	47	0	26	138	13	125	8.65e-42	143
Branflor	CP@TRINITY_DN5391_c0_g2::CP@TRINITY_DN5391_c0_g2_i2::g.14790::m.14790	48.193	166	60	1	140	279	1	166	4.97e-45	153
Rhizdele	CP@TRINITY_DN5391_c0_g1::CP@TRINITY_DN5391_c0_g1_i2::g.14789::m.14789	65.714	105	36	0	1	105	12	116	1.79e-44	147
Ustimayd	CP@TRINITY_DN5391_c0_g2::CP@TRINITY_DN5391_c0_g2_i2::g.14790::m.14790	51.176	170	79	2	197	364	1	168	2.34e-53	179
Coprcine	CP@TRINITY_DN5391_c0_g2::CP@TRINITY_DN5391_c0_g2_i2::g.14790::m.14790	40.323	248	103	5	157	359	1	248	5.43e-46	157
Coprcine	CP@TRINITY_DN5391_c0_g1::CP@TRINITY_DN5391_c0_g1_i2::g.14789::m.14789	58.772	114	45	1	2	115	11	122	4.04e-42	144
Debahans	CP@TRINITY_DN5391_c0_g2::CP@TRINITY_DN5391_c0_g2_i2::g.14790::m.14790	46.707	167	73	2	147	297	4	170	2.44e-43	151
Aspefumi	CP@TRINITY_DN5391_c0_g1::CP@TRINITY_DN5391_c0_g1_i2::g.14789::m.14789	66.327	98	33	0	5	102	23	120	3.44e-43	147
Aspefumi	CP@TRINITY_DN5391_c0_g2::CP@TRINITY_DN5391_c0_g2_i2::g.14790::m.14790	42.632	190	94	3	160	338	6	191	2.15e-41	146
Schizpom	CP@TRINITY_DN5391_c0_g1::CP@TRINITY_DN5391_c0_g1_i2::g.14789::m.14789	63.000	100	37	0	2	101	17	116	2.46e-42	144
Blasbrit	CP@TRINITY_DN5391_c0_g1::CP@TRINITY_DN5391_c0_g1_i2::g.14789::m.14789	63.636	110	40	0	7	116	15	124	1.18e-43	147
Allomacr	CP@TRINITY_DN5391_c0_g1::CP@TRINITY_DN5391_c0_g1_i2::g.14789::m.14789	61.607	112	43	0	41	152	11	122	3.03e-44	150
