Blasemer	CP@TRINITY_DN35731_c0_g1::CP@TRINITY_DN35731_c0_g1_i1::g.69858::m.69858	48.913	184	89	2	1	184	11	189	2.14e-52	172
Blasemer	CP@TRINITY_DN215_c1_g1::CP@TRINITY_DN215_c1_g1_i7::g.49117::m.49117	55.714	140	58	1	57	196	14	149	1.71e-51	165
Protlace	CP@TRINITY_DN35731_c0_g1::CP@TRINITY_DN35731_c0_g1_i1::g.69858::m.69858	41.100	309	172	4	1	307	77	377	1.24e-69	228
Protlace	CP@TRINITY_DN215_c1_g1::CP@TRINITY_DN215_c1_g1_i9::g.49119::m.49119	40.741	189	96	3	191	368	9	192	1.10e-44	156
Protlace	CP@TRINITY_DN14579_c0_g1::CP@TRINITY_DN14579_c0_g1_i1::g.40507::m.40507	40.367	218	118	3	306	511	3	220	1.48e-44	156
Nephpyri	CP@TRINITY_DN35731_c0_g1::CP@TRINITY_DN35731_c0_g1_i1::g.69858::m.69858	44.142	367	195	5	126	486	15	377	8.57e-93	293
Nephpyri	CP@TRINITY_DN215_c1_g1::CP@TRINITY_DN215_c1_g1_i7::g.49117::m.49117	40.708	226	98	4	178	378	14	228	7.53e-45	160
Nephpyri	CP@TRINITY_DN215_c1_g1::CP@TRINITY_DN215_c1_g1_i9::g.49119::m.49119	40.796	201	100	4	372	558	13	208	3.07e-41	149
Tetrasti	CP@TRINITY_DN35731_c0_g1::CP@TRINITY_DN35731_c0_g1_i1::g.69858::m.69858	43.883	376	194	7	90	457	11	377	1.38e-100	312
Mesoviri	CP@TRINITY_DN35731_c0_g1::CP@TRINITY_DN35731_c0_g1_i1::g.69858::m.69858	37.284	405	207	6	10	406	12	377	2.57e-81	261
Prascaps	CP@TRINITY_DN35731_c0_g1::CP@TRINITY_DN35731_c0_g1_i1::g.69858::m.69858	40.855	421	195	7	95	510	7	378	1.32e-96	303
Prascaps	CP@TRINITY_DN215_c1_g1::CP@TRINITY_DN215_c1_g1_i9::g.49119::m.49119	49.189	185	79	3	393	567	10	189	1.34e-50	175
Dunasali	CP@TRINITY_DN35731_c0_g1::CP@TRINITY_DN35731_c0_g1_i1::g.69858::m.69858	46.181	288	145	5	1	283	95	377	2.01e-75	241
Dunasali	CP@TRINITY_DN215_c1_g1::CP@TRINITY_DN215_c1_g1_i7::g.49117::m.49117	43.548	186	93	3	1	174	43	228	8.03e-43	151
Chlovari	CP@TRINITY_DN35731_c0_g1::CP@TRINITY_DN35731_c0_g1_i1::g.69858::m.69858	41.221	393	204	8	41	427	7	378	6.06e-93	291
Parvatla	CP@TRINITY_DN14579_c0_g1::CP@TRINITY_DN14579_c0_g1_i1::g.40507::m.40507	43.721	215	112	6	1	210	9	219	7.03e-51	164
Galdphle	CP@TRINITY_DN35731_c0_g1::CP@TRINITY_DN35731_c0_g1_i1::g.69858::m.69858	35.162	401	206	8	69	449	11	377	1.69e-67	226
Porppurp	CP@TRINITY_DN35731_c0_g1::CP@TRINITY_DN35731_c0_g1_i1::g.69858::m.69858	41.834	349	180	8	54	394	44	377	1.44e-77	251
Porppurp	CP@TRINITY_DN215_c1_g1::CP@TRINITY_DN215_c1_g1_i9::g.49119::m.49119	45.455	187	94	3	276	456	9	193	5.95e-48	167
Spirsalm	CP@TRINITY_DN35731_c0_g1::CP@TRINITY_DN35731_c0_g1_i1::g.69858::m.69858	35.544	377	222	10	8	376	11	374	2.14e-68	226
Tricvagi	CP@TRINITY_DN35731_c0_g1::CP@TRINITY_DN35731_c0_g1_i1::g.69858::m.69858	41.787	347	187	6	32	370	38	377	6.28e-79	254
Tricvagi	CP@TRINITY_DN14579_c0_g1::CP@TRINITY_DN14579_c0_g1_i1::g.40507::m.40507	42.396	217	113	7	369	575	3	217	1.86e-45	160
Tricvagi	CP@TRINITY_DN215_c1_g1::CP@TRINITY_DN215_c1_g1_i7::g.49117::m.49117	40.930	215	110	6	65	267	18	227	2.73e-42	152
Monobrev	CP@TRINITY_DN35731_c0_g1::CP@TRINITY_DN35731_c0_g1_i1::g.69858::m.69858	44.675	385	188	6	12	393	15	377	7.94e-101	311
Monobrev	CP@TRINITY_DN14579_c0_g1::CP@TRINITY_DN14579_c0_g1_i1::g.40507::m.40507	45.740	223	111	4	392	605	3	224	2.42e-59	197
Monobrev	CP@TRINITY_DN215_c1_g1::CP@TRINITY_DN215_c1_g1_i7::g.49117::m.49117	40.506	237	106	4	64	287	14	228	3.17e-46	162
Nemavect	CP@TRINITY_DN35731_c0_g1::CP@TRINITY_DN35731_c0_g1_i1::g.69858::m.69858	48.800	375	186	5	16	388	7	377	5.08e-115	348
Nemavect	CP@TRINITY_DN14579_c0_g1::CP@TRINITY_DN14579_c0_g1_i1::g.40507::m.40507	53.778	225	97	3	385	603	1	224	6.31e-75	238
Nemavect	CP@TRINITY_DN215_c1_g1::CP@TRINITY_DN215_c1_g1_i7::g.49117::m.49117	44.037	218	106	6	76	280	14	228	1.97e-48	169
Nemavect	CP@TRINITY_DN215_c1_g1::CP@TRINITY_DN215_c1_g1_i9::g.49119::m.49119	44.211	190	90	4	271	450	10	193	1.75e-42	152
Capsowcz	CP@TRINITY_DN35731_c0_g1::CP@TRINITY_DN35731_c0_g1_i1::g.69858::m.69858	46.134	388	191	7	1	381	1	377	3.76e-107	327
Capsowcz	CP@TRINITY_DN14579_c0_g1::CP@TRINITY_DN14579_c0_g1_i1::g.40507::m.40507	48.879	223	105	4	380	594	3	224	1.78e-59	197
Capsowcz	CP@TRINITY_DN215_c1_g1::CP@TRINITY_DN215_c1_g1_i7::g.49117::m.49117	45.662	219	103	7	70	276	14	228	1.49e-53	182
Capsowcz	CP@TRINITY_DN215_c1_g1::CP@TRINITY_DN215_c1_g1_i9::g.49119::m.49119	45.699	186	88	3	268	443	11	193	5.32e-47	164
Syssmult	CP@TRINITY_DN35731_c0_g1::CP@TRINITY_DN35731_c0_g1_i1::g.69858::m.69858	54.155	373	163	5	31	398	8	377	4.04e-131	389
Syssmult	CP@TRINITY_DN14579_c0_g1::CP@TRINITY_DN14579_c0_g1_i1::g.40507::m.40507	49.776	223	103	4	397	611	3	224	5.41e-60	199
Syssmult	CP@TRINITY_DN215_c1_g1::CP@TRINITY_DN215_c1_g1_i7::g.49117::m.49117	46.047	215	106	4	90	294	14	228	5.49e-53	181
Syssmult	CP@TRINITY_DN215_c1_g1::CP@TRINITY_DN215_c1_g1_i9::g.49119::m.49119	47.826	184	84	3	285	458	10	191	1.98e-50	173
Sphadest	CP@TRINITY_DN35731_c0_g1::CP@TRINITY_DN35731_c0_g1_i1::g.69858::m.69858	43.251	363	178	6	2	362	5	341	1.72e-91	289
Sphadest	CP@TRINITY_DN14579_c0_g1::CP@TRINITY_DN14579_c0_g1_i1::g.40507::m.40507	42.972	249	108	6	433	673	2	224	1.72e-55	189
Sphadest	CP@TRINITY_DN215_c1_g1::CP@TRINITY_DN215_c1_g1_i7::g.49117::m.49117	39.738	229	123	5	64	291	14	228	1.06e-45	162
Hemikukw	CP@TRINITY_DN35731_c0_g1::CP@TRINITY_DN35731_c0_g1_i1::g.69858::m.69858	46.917	373	187	7	22	389	11	377	7.95e-101	311
Hemikukw	CP@TRINITY_DN14579_c0_g1::CP@TRINITY_DN14579_c0_g1_i1::g.40507::m.40507	46.429	224	104	4	386	593	1	224	1.01e-57	193
Hemikukw	CP@TRINITY_DN215_c1_g1::CP@TRINITY_DN215_c1_g1_i9::g.49119::m.49119	49.206	189	82	3	275	453	11	195	1.98e-49	171
Creofrag	CP@TRINITY_DN35731_c0_g1::CP@TRINITY_DN35731_c0_g1_i1::g.69858::m.69858	44.562	377	206	2	7	381	2	377	3.38e-106	325
Creofrag	CP@TRINITY_DN14579_c0_g1::CP@TRINITY_DN14579_c0_g1_i1::g.40507::m.40507	42.857	224	114	4	379	593	2	220	8.56e-54	183
Creofrag	CP@TRINITY_DN215_c1_g1::CP@TRINITY_DN215_c1_g1_i7::g.49117::m.49117	45.116	215	106	5	72	274	14	228	1.00e-50	175
Coralima	CP@TRINITY_DN35731_c0_g1::CP@TRINITY_DN35731_c0_g1_i1::g.69858::m.69858	41.855	399	184	11	18	403	14	377	4.66e-90	284
Coralima	CP@TRINITY_DN14579_c0_g1::CP@TRINITY_DN14579_c0_g1_i1::g.40507::m.40507	46.154	221	109	5	400	612	1	219	1.12e-52	180
Coralima	CP@TRINITY_DN215_c1_g1::CP@TRINITY_DN215_c1_g1_i9::g.49119::m.49119	47.541	183	83	3	288	461	10	188	1.18e-46	163
Leismajo	CP@TRINITY_DN35731_c0_g1::CP@TRINITY_DN35731_c0_g1_i1::g.69858::m.69858	42.742	372	201	7	8	373	12	377	3.36e-93	291
Leismajo	CP@TRINITY_DN14579_c0_g1::CP@TRINITY_DN14579_c0_g1_i1::g.40507::m.40507	42.081	221	110	8	371	576	2	219	2.93e-43	154
Leptpyrr	CP@TRINITY_DN35731_c0_g1::CP@TRINITY_DN35731_c0_g1_i1::g.69858::m.69858	43.501	377	200	8	4	373	8	378	4.14e-94	293
Leptpyrr	CP@TRINITY_DN215_c1_g1::CP@TRINITY_DN215_c1_g1_i9::g.49119::m.49119	43.455	191	89	3	253	431	6	189	2.60e-44	157
Leptpyrr	CP@TRINITY_DN14579_c0_g1::CP@TRINITY_DN14579_c0_g1_i1::g.40507::m.40507	43.498	223	102	8	371	575	3	219	9.71e-44	155
Paraconf	CP@TRINITY_DN35731_c0_g1::CP@TRINITY_DN35731_c0_g1_i1::g.69858::m.69858	48.387	372	183	7	14	381	12	378	2.91e-113	343
Paraconf	CP@TRINITY_DN14579_c0_g1::CP@TRINITY_DN14579_c0_g1_i1::g.40507::m.40507	47.059	221	103	5	378	587	2	219	3.30e-58	194
Paraconf	CP@TRINITY_DN215_c1_g1::CP@TRINITY_DN215_c1_g1_i9::g.49119::m.49119	44.974	189	92	3	264	443	8	193	3.06e-46	162
Homosapi	CP@TRINITY_DN35731_c0_g1::CP@TRINITY_DN35731_c0_g1_i1::g.69858::m.69858	50.402	373	173	6	22	392	15	377	1.68e-116	352
Homosapi	CP@TRINITY_DN14579_c0_g1::CP@TRINITY_DN14579_c0_g1_i1::g.40507::m.40507	52.294	218	99	2	390	602	2	219	3.31e-74	237
Homosapi	CP@TRINITY_DN215_c1_g1::CP@TRINITY_DN215_c1_g1_i9::g.49119::m.49119	43.850	187	89	3	278	454	13	193	9.44e-45	158
Homosapi	CP@TRINITY_DN215_c1_g1::CP@TRINITY_DN215_c1_g1_i7::g.49117::m.49117	43.000	200	90	6	74	259	14	203	4.80e-44	157
AcanthFB	CP@TRINITY_DN14579_c0_g1::CP@TRINITY_DN14579_c0_g1_i1::g.40507::m.40507	45.455	220	109	4	127	335	3	222	9.96e-57	184
AcanthFB	CP@TRINITY_DN215_c1_g1::CP@TRINITY_DN215_c1_g1_i9::g.49119::m.49119	45.946	185	88	3	11	186	8	189	1.55e-50	167
Rainerin	CP@TRINITY_DN35731_c0_g1::CP@TRINITY_DN35731_c0_g1_i1::g.69858::m.69858	45.576	373	194	7	28	396	11	378	1.12e-97	303
Rainerin	CP@TRINITY_DN14579_c0_g1::CP@TRINITY_DN14579_c0_g1_i1::g.40507::m.40507	46.429	224	109	4	392	604	1	224	1.06e-54	185
Rainerin	CP@TRINITY_DN215_c1_g1::CP@TRINITY_DN215_c1_g1_i9::g.49119::m.49119	47.872	188	85	3	279	457	10	193	5.72e-52	177
Raphhete	CP@TRINITY_DN35731_c0_g1::CP@TRINITY_DN35731_c0_g1_i1::g.69858::m.69858	43.953	339	181	6	25	358	8	342	3.42e-83	258
ChoanoFB	CP@TRINITY_DN35731_c0_g1::CP@TRINITY_DN35731_c0_g1_i1::g.69858::m.69858	41.379	377	209	6	1	369	6	378	1.78e-85	271
ChoanoFB	CP@TRINITY_DN14579_c0_g1::CP@TRINITY_DN14579_c0_g1_i1::g.40507::m.40507	39.640	222	123	3	367	577	3	224	3.93e-48	167
ChoanoFB	CP@TRINITY_DN215_c1_g1::CP@TRINITY_DN215_c1_g1_i9::g.49119::m.49119	45.556	180	89	2	256	426	10	189	4.82e-45	158
Parapyri	CP@TRINITY_DN35731_c0_g1::CP@TRINITY_DN35731_c0_g1_i1::g.69858::m.69858	42.895	380	209	5	7	384	3	376	5.14e-92	288
Parapyri	CP@TRINITY_DN14579_c0_g1::CP@TRINITY_DN14579_c0_g1_i1::g.40507::m.40507	43.421	228	117	5	382	601	1	224	9.00e-53	180
Parapyri	CP@TRINITY_DN215_c1_g1::CP@TRINITY_DN215_c1_g1_i7::g.49117::m.49117	47.111	225	94	9	71	280	14	228	1.93e-49	171
Monoexil	CP@TRINITY_DN35731_c0_g1::CP@TRINITY_DN35731_c0_g1_i1::g.69858::m.69858	41.956	317	175	6	1	313	66	377	3.74e-70	230
Monoexil	CP@TRINITY_DN14579_c0_g1::CP@TRINITY_DN14579_c0_g1_i1::g.40507::m.40507	44.033	243	112	7	310	547	1	224	4.06e-50	172
Protadhe	CP@TRINITY_DN35731_c0_g1::CP@TRINITY_DN35731_c0_g1_i1::g.69858::m.69858	46.688	317	160	5	7	320	24	334	1.49e-94	285
BicoCB20	CP@TRINITY_DN14579_c0_g1::CP@TRINITY_DN14579_c0_g1_i1::g.40507::m.40507	46.154	195	96	3	6	192	1	194	3.22e-50	162
EctocSP7	CP@TRINITY_DN35731_c0_g1::CP@TRINITY_DN35731_c0_g1_i1::g.69858::m.69858	46.316	285	132	8	103	378	13	285	1.18e-71	230
EctocSP7	CP@TRINITY_DN215_c1_g1::CP@TRINITY_DN215_c1_g1_i7::g.49117::m.49117	41.553	219	115	4	155	364	14	228	3.28e-48	164
ChrysoH1	CP@TRINITY_DN35731_c0_g1::CP@TRINITY_DN35731_c0_g1_i1::g.69858::m.69858	40.000	395	191	11	8	383	11	378	3.76e-80	257
Phytpara	CP@TRINITY_DN35731_c0_g1::CP@TRINITY_DN35731_c0_g1_i1::g.69858::m.69858	45.000	380	193	6	14	391	13	378	1.15e-101	313
Phytpara	CP@TRINITY_DN14579_c0_g1::CP@TRINITY_DN14579_c0_g1_i1::g.40507::m.40507	49.327	223	103	4	389	602	3	224	2.34e-57	192
Phytpara	CP@TRINITY_DN215_c1_g1::CP@TRINITY_DN215_c1_g1_i9::g.49119::m.49119	50.532	188	80	5	273	452	11	193	2.09e-48	168
Phytpara	CP@TRINITY_DN215_c1_g1::CP@TRINITY_DN215_c1_g1_i7::g.49117::m.49117	44.162	197	95	5	68	256	14	203	1.87e-43	155
Guilthet	CP@TRINITY_DN35731_c0_g1::CP@TRINITY_DN35731_c0_g1_i1::g.69858::m.69858	46.579	380	183	8	5	378	13	378	5.62e-102	313
Guilthet	CP@TRINITY_DN14579_c0_g1::CP@TRINITY_DN14579_c0_g1_i1::g.40507::m.40507	45.089	224	111	4	374	585	1	224	4.91e-53	181
Guilthet	CP@TRINITY_DN215_c1_g1::CP@TRINITY_DN215_c1_g1_i9::g.49119::m.49119	45.989	187	88	3	266	442	13	196	3.48e-46	162
Gemicryo	CP@TRINITY_DN35731_c0_g1::CP@TRINITY_DN35731_c0_g1_i1::g.69858::m.69858	44.386	383	191	8	33	408	11	378	1.59e-95	298
Gemicryo	CP@TRINITY_DN14579_c0_g1::CP@TRINITY_DN14579_c0_g1_i1::g.40507::m.40507	43.750	224	114	4	404	615	1	224	1.94e-49	171
Gemicryo	CP@TRINITY_DN215_c1_g1::CP@TRINITY_DN215_c1_g1_i9::g.49119::m.49119	45.902	183	86	3	293	465	10	189	2.19e-45	160
Hemirufe	CP@TRINITY_DN35731_c0_g1::CP@TRINITY_DN35731_c0_g1_i1::g.69858::m.69858	46.570	277	130	7	6	273	111	378	8.30e-67	219
Hemirufe	CP@TRINITY_DN14579_c0_g1::CP@TRINITY_DN14579_c0_g1_i1::g.40507::m.40507	41.743	218	115	3	270	475	2	219	1.15e-49	169
Hemirufe	CP@TRINITY_DN215_c1_g1::CP@TRINITY_DN215_c1_g1_i9::g.49119::m.49119	42.424	198	94	5	152	334	1	193	6.93e-45	156
Goniavon	CP@TRINITY_DN35731_c0_g1::CP@TRINITY_DN35731_c0_g1_i1::g.69858::m.69858	43.636	385	190	12	17	394	13	377	4.37e-87	276
Bigenata	CP@TRINITY_DN35731_c0_g1::CP@TRINITY_DN35731_c0_g1_i1::g.69858::m.69858	43.045	381	198	8	10	386	12	377	3.75e-90	283
Bigenata	CP@TRINITY_DN215_c1_g1::CP@TRINITY_DN215_c1_g1_i7::g.49117::m.49117	39.130	230	117	6	60	277	10	228	1.64e-46	163
HemaVICK	CP@TRINITY_DN35731_c0_g1::CP@TRINITY_DN35731_c0_g1_i1::g.69858::m.69858	41.867	375	206	5	26	398	13	377	5.06e-90	283
HemaVICK	CP@TRINITY_DN14579_c0_g1::CP@TRINITY_DN14579_c0_g1_i1::g.40507::m.40507	44.843	223	103	4	396	598	2	224	2.57e-51	176
HemaVICK	CP@TRINITY_DN215_c1_g1::CP@TRINITY_DN215_c1_g1_i9::g.49119::m.49119	46.316	190	87	3	282	461	10	194	4.28e-48	167
HemaVICK	CP@TRINITY_DN215_c1_g1::CP@TRINITY_DN215_c1_g1_i7::g.49117::m.49117	38.326	227	121	5	76	291	10	228	3.67e-44	157
Symbmicr	CP@TRINITY_DN35731_c0_g1::CP@TRINITY_DN35731_c0_g1_i1::g.69858::m.69858	43.182	308	151	7	351	641	77	377	2.32e-68	233
MAST04A2	CP@TRINITY_DN35731_c0_g1::CP@TRINITY_DN35731_c0_g1_i1::g.69858::m.69858	43.032	409	199	10	1	407	1	377	2.18e-95	298
MAST04A2	CP@TRINITY_DN14579_c0_g1::CP@TRINITY_DN14579_c0_g1_i1::g.40507::m.40507	42.667	225	114	6	405	616	2	224	2.36e-46	163
Rozeallo	CP@TRINITY_DN35731_c0_g1::CP@TRINITY_DN35731_c0_g1_i1::g.69858::m.69858	44.224	303	162	5	1	297	74	375	1.02e-80	255
Rozeallo	CP@TRINITY_DN215_c1_g1::CP@TRINITY_DN215_c1_g1_i7::g.49117::m.49117	43.961	207	101	3	2	193	22	228	2.61e-50	171
Rozeallo	CP@TRINITY_DN215_c1_g1::CP@TRINITY_DN215_c1_g1_i9::g.49119::m.49119	44.681	188	90	3	184	361	10	193	4.98e-47	162
Sacccere	CP@TRINITY_DN35731_c0_g1::CP@TRINITY_DN35731_c0_g1_i1::g.69858::m.69858	40.206	388	202	11	17	396	12	377	9.04e-74	241
Sacccere	CP@TRINITY_DN215_c1_g1::CP@TRINITY_DN215_c1_g1_i7::g.49117::m.49117	48.485	198	86	7	72	260	14	204	1.86e-47	166
Mitodaph	CP@TRINITY_DN35731_c0_g1::CP@TRINITY_DN35731_c0_g1_i1::g.69858::m.69858	43.717	382	184	12	3	362	1	373	2.55e-91	281
Mitodaph	CP@TRINITY_DN215_c1_g1::CP@TRINITY_DN215_c1_g1_i7::g.49117::m.49117	40.465	215	109	4	69	264	14	228	3.66e-45	156
Batrdend	CP@TRINITY_DN35731_c0_g1::CP@TRINITY_DN35731_c0_g1_i1::g.69858::m.69858	44.000	375	191	7	7	370	11	377	1.10e-95	297
Batrdend	CP@TRINITY_DN215_c1_g1::CP@TRINITY_DN215_c1_g1_i7::g.49117::m.49117	50.000	218	91	4	63	265	14	228	1.67e-65	214
Batrdend	CP@TRINITY_DN215_c1_g1::CP@TRINITY_DN215_c1_g1_i9::g.49119::m.49119	53.261	184	73	4	254	427	8	188	6.65e-57	190
Batrdend	CP@TRINITY_DN14579_c0_g1::CP@TRINITY_DN14579_c0_g1_i1::g.40507::m.40507	44.635	233	114	4	367	593	1	224	2.39e-53	181
Protfung	CP@TRINITY_DN35731_c0_g1::CP@TRINITY_DN35731_c0_g1_i1::g.69858::m.69858	50.394	381	177	6	8	386	8	378	1.26e-120	364
Protfung	CP@TRINITY_DN14579_c0_g1::CP@TRINITY_DN14579_c0_g1_i1::g.40507::m.40507	48.095	210	101	2	382	583	1	210	4.81e-60	201
Protfung	CP@TRINITY_DN215_c1_g1::CP@TRINITY_DN215_c1_g1_i7::g.49117::m.49117	44.907	216	114	3	67	278	14	228	4.30e-51	177
Protfung	CP@TRINITY_DN215_c1_g1::CP@TRINITY_DN215_c1_g1_i9::g.49119::m.49119	50.000	186	78	4	269	444	10	190	2.39e-49	171
Dictdisc	CP@TRINITY_DN35731_c0_g1::CP@TRINITY_DN35731_c0_g1_i1::g.69858::m.69858	44.032	377	199	5	8	382	11	377	4.19e-94	294
Dictdisc	CP@TRINITY_DN215_c1_g1::CP@TRINITY_DN215_c1_g1_i7::g.49117::m.49117	44.907	216	111	4	64	272	14	228	7.96e-52	177
Dictdisc	CP@TRINITY_DN14579_c0_g1::CP@TRINITY_DN14579_c0_g1_i1::g.40507::m.40507	41.048	229	120	4	379	597	1	224	8.25e-48	167
Dictdisc	CP@TRINITY_DN215_c1_g1::CP@TRINITY_DN215_c1_g1_i9::g.49119::m.49119	42.708	192	92	3	264	446	11	193	3.63e-43	154
Physpoly	CP@TRINITY_DN35731_c0_g1::CP@TRINITY_DN35731_c0_g1_i1::g.69858::m.69858	45.867	375	188	6	10	376	11	378	1.26e-101	313
Physpoly	CP@TRINITY_DN14579_c0_g1::CP@TRINITY_DN14579_c0_g1_i1::g.40507::m.40507	47.982	223	107	3	373	586	2	224	7.01e-62	204
Physpoly	CP@TRINITY_DN215_c1_g1::CP@TRINITY_DN215_c1_g1_i7::g.49117::m.49117	39.535	215	112	5	66	265	14	225	3.75e-42	151
Naeggrub	CP@TRINITY_DN35731_c0_g1::CP@TRINITY_DN35731_c0_g1_i1::g.69858::m.69858	44.304	395	189	7	12	403	11	377	4.21e-98	305
Andagodo	CP@TRINITY_DN35731_c0_g1::CP@TRINITY_DN35731_c0_g1_i1::g.69858::m.69858	42.593	378	201	9	6	374	7	377	2.86e-87	275
Plasbras	CP@TRINITY_DN35731_c0_g1::CP@TRINITY_DN35731_c0_g1_i1::g.69858::m.69858	45.968	372	189	6	14	380	13	377	5.69e-101	311
Plasbras	CP@TRINITY_DN215_c1_g1::CP@TRINITY_DN215_c1_g1_i7::g.49117::m.49117	41.553	219	107	3	70	273	16	228	1.78e-46	163
Retifilo	CP@TRINITY_DN35731_c0_g1::CP@TRINITY_DN35731_c0_g1_i1::g.69858::m.69858	36.508	441	201	9	16	451	11	377	3.91e-84	265
Retifilo	CP@TRINITY_DN215_c1_g1::CP@TRINITY_DN215_c1_g1_i7::g.49117::m.49117	37.083	240	117	4	72	302	14	228	1.42e-46	161
Ammo1384	CP@TRINITY_DN35731_c0_g1::CP@TRINITY_DN35731_c0_g1_i1::g.69858::m.69858	43.953	339	173	7	1	337	54	377	3.14e-88	277
Ammo1384	CP@TRINITY_DN215_c1_g1::CP@TRINITY_DN215_c1_g1_i9::g.49119::m.49119	44.974	189	91	5	219	399	10	193	5.64e-44	155
Ammo1384	CP@TRINITY_DN14579_c0_g1::CP@TRINITY_DN14579_c0_g1_i1::g.40507::m.40507	38.532	218	126	5	335	545	2	218	1.01e-42	152
Leptvora	CP@TRINITY_DN35731_c0_g1::CP@TRINITY_DN35731_c0_g1_i1::g.69858::m.69858	43.169	366	181	7	34	391	31	377	1.02e-84	270
Leptvora	CP@TRINITY_DN215_c1_g1::CP@TRINITY_DN215_c1_g1_i7::g.49117::m.49117	39.450	218	122	5	70	280	14	228	1.68e-41	150
Lapoguse	CP@TRINITY_DN35731_c0_g1::CP@TRINITY_DN35731_c0_g1_i1::g.69858::m.69858	46.505	372	188	6	10	375	11	377	1.18e-104	320
Lapoguse	CP@TRINITY_DN215_c1_g1::CP@TRINITY_DN215_c1_g1_i7::g.49117::m.49117	42.857	217	108	5	65	267	14	228	3.78e-50	172
Lapoguse	CP@TRINITY_DN215_c1_g1::CP@TRINITY_DN215_c1_g1_i9::g.49119::m.49119	45.355	183	86	3	260	433	12	189	3.89e-49	169
Styginca	CP@TRINITY_DN35731_c0_g1::CP@TRINITY_DN35731_c0_g1_i1::g.69858::m.69858	43.490	384	191	9	45	419	11	377	4.36e-88	279
Styginca	CP@TRINITY_DN14579_c0_g1::CP@TRINITY_DN14579_c0_g1_i1::g.40507::m.40507	46.222	225	114	4	416	634	1	224	3.91e-57	192
Styginca	CP@TRINITY_DN215_c1_g1::CP@TRINITY_DN215_c1_g1_i7::g.49117::m.49117	42.857	224	108	5	101	313	14	228	3.60e-48	168
Galdsulp	CP@TRINITY_DN35731_c0_g1::CP@TRINITY_DN35731_c0_g1_i1::g.69858::m.69858	34.684	395	228	8	68	457	8	377	6.82e-69	230
Cyanmero	CP@TRINITY_DN35731_c0_g1::CP@TRINITY_DN35731_c0_g1_i1::g.69858::m.69858	34.971	346	205	7	107	449	48	376	2.44e-57	200
Choncris	CP@TRINITY_DN35731_c0_g1::CP@TRINITY_DN35731_c0_g1_i1::g.69858::m.69858	38.298	376	214	9	70	433	8	377	4.55e-72	238
Compcoer	CP@TRINITY_DN35731_c0_g1::CP@TRINITY_DN35731_c0_g1_i1::g.69858::m.69858	41.316	380	201	8	39	409	11	377	3.66e-82	265
Rhodmari	CP@TRINITY_DN35731_c0_g1::CP@TRINITY_DN35731_c0_g1_i1::g.69858::m.69858	40.106	379	204	11	6	374	12	377	1.06e-82	264
Flecnera	CP@TRINITY_DN35731_c0_g1::CP@TRINITY_DN35731_c0_g1_i1::g.69858::m.69858	37.186	398	224	8	13	407	3	377	1.07e-81	261
Diplambu	CP@TRINITY_DN35731_c0_g1::CP@TRINITY_DN35731_c0_g1_i1::g.69858::m.69858	43.169	366	195	7	11	365	14	377	1.44e-95	296
Diplambu	CP@TRINITY_DN215_c1_g1::CP@TRINITY_DN215_c1_g1_i7::g.49117::m.49117	38.605	215	116	4	64	262	14	228	9.20e-42	150
Diplambu	CP@TRINITY_DN14579_c0_g1::CP@TRINITY_DN14579_c0_g1_i1::g.40507::m.40507	37.991	229	117	5	362	570	1	224	7.20e-41	147
Rhodemar	CP@TRINITY_DN35731_c0_g1::CP@TRINITY_DN35731_c0_g1_i1::g.69858::m.69858	42.063	378	203	7	63	437	13	377	2.96e-92	291
Rhodlimn	CP@TRINITY_DN35731_c0_g1::CP@TRINITY_DN35731_c0_g1_i1::g.69858::m.69858	43.767	377	196	7	84	454	11	377	6.97e-92	290
Rhodlimn	CP@TRINITY_DN215_c1_g1::CP@TRINITY_DN215_c1_g1_i9::g.49119::m.49119	45.596	193	84	5	333	512	5	189	2.06e-46	163
Rhodlimn	CP@TRINITY_DN14579_c0_g1::CP@TRINITY_DN14579_c0_g1_i1::g.40507::m.40507	45.455	198	95	4	451	645	1	188	2.82e-44	158
Rhodlimn	CP@TRINITY_DN215_c1_g1::CP@TRINITY_DN215_c1_g1_i7::g.49117::m.49117	39.070	215	122	2	140	345	14	228	3.47e-42	152
Gloewitr	CP@TRINITY_DN35731_c0_g1::CP@TRINITY_DN35731_c0_g1_i1::g.69858::m.69858	45.455	275	139	5	3	270	107	377	4.80e-65	215
Gloewitr	CP@TRINITY_DN215_c1_g1::CP@TRINITY_DN215_c1_g1_i9::g.49119::m.49119	43.548	186	82	5	157	328	13	189	4.08e-41	146
Brevmoto	CP@TRINITY_DN35731_c0_g1::CP@TRINITY_DN35731_c0_g1_i1::g.69858::m.69858	45.067	375	193	5	32	397	7	377	2.61e-104	320
Brevmoto	CP@TRINITY_DN14579_c0_g1::CP@TRINITY_DN14579_c0_g1_i1::g.40507::m.40507	44.643	224	115	6	394	608	1	224	1.63e-51	177
Brevmoto	CP@TRINITY_DN215_c1_g1::CP@TRINITY_DN215_c1_g1_i9::g.49119::m.49119	46.316	190	86	4	277	455	5	189	2.88e-46	162
Brevmoto	CP@TRINITY_DN215_c1_g1::CP@TRINITY_DN215_c1_g1_i7::g.49117::m.49117	41.096	219	111	3	85	288	12	227	4.31e-45	160
Vannfimi	CP@TRINITY_DN215_c1_g1::CP@TRINITY_DN215_c1_g1_i9::g.49119::m.49119	45.213	188	88	4	44	221	11	193	2.87e-46	155
Ancytwis	CP@TRINITY_DN35731_c0_g1::CP@TRINITY_DN35731_c0_g1_i1::g.69858::m.69858	48.800	375	182	5	4	372	7	377	3.67e-108	330
Ancytwis	CP@TRINITY_DN14579_c0_g1::CP@TRINITY_DN14579_c0_g1_i1::g.40507::m.40507	42.222	225	120	3	369	584	1	224	2.20e-49	171
Ancytwis	CP@TRINITY_DN215_c1_g1::CP@TRINITY_DN215_c1_g1_i9::g.49119::m.49119	48.352	182	79	3	259	430	13	189	8.57e-48	166
Ancytwis	CP@TRINITY_DN215_c1_g1::CP@TRINITY_DN215_c1_g1_i7::g.49117::m.49117	39.070	215	118	3	64	265	14	228	1.74e-42	152
Volvcart	CP@TRINITY_DN35731_c0_g1::CP@TRINITY_DN35731_c0_g1_i1::g.69858::m.69858	38.366	404	196	9	16	403	11	377	1.29e-69	239
Neobdesi	CP@TRINITY_DN35731_c0_g1::CP@TRINITY_DN35731_c0_g1_i1::g.69858::m.69858	43.008	379	204	7	20	394	7	377	2.71e-93	292
BlasS7SB	CP@TRINITY_DN35731_c0_g1::CP@TRINITY_DN35731_c0_g1_i1::g.69858::m.69858	39.946	373	202	9	12	370	13	377	4.92e-85	270
Rhodsali	CP@TRINITY_DN35731_c0_g1::CP@TRINITY_DN35731_c0_g1_i1::g.69858::m.69858	45.596	386	191	8	2	380	5	378	2.40e-96	304
Rhodsali	CP@TRINITY_DN14579_c0_g1::CP@TRINITY_DN14579_c0_g1_i1::g.40507::m.40507	43.564	202	104	3	376	568	1	201	6.45e-45	160
Rhodsali	CP@TRINITY_DN215_c1_g1::CP@TRINITY_DN215_c1_g1_i9::g.49119::m.49119	43.005	193	98	3	261	441	1	193	2.16e-43	156
Haloseos	CP@TRINITY_DN35731_c0_g1::CP@TRINITY_DN35731_c0_g1_i1::g.69858::m.69858	43.597	367	156	9	68	419	47	377	2.25e-82	264
Haloseos	CP@TRINITY_DN14579_c0_g1::CP@TRINITY_DN14579_c0_g1_i1::g.40507::m.40507	46.460	226	106	5	416	628	1	224	3.41e-55	187
PlacCLAB	CP@TRINITY_DN35731_c0_g1::CP@TRINITY_DN35731_c0_g1_i1::g.69858::m.69858	46.950	377	189	6	7	382	11	377	2.24e-105	323
PlacCLAB	CP@TRINITY_DN14579_c0_g1::CP@TRINITY_DN14579_c0_g1_i1::g.40507::m.40507	48.000	225	103	5	379	590	1	224	1.76e-57	192
PlacCLAB	CP@TRINITY_DN215_c1_g1::CP@TRINITY_DN215_c1_g1_i7::g.49117::m.49117	45.982	224	101	7	63	275	14	228	2.60e-52	179
PlacCLAB	CP@TRINITY_DN215_c1_g1::CP@TRINITY_DN215_c1_g1_i9::g.49119::m.49119	46.032	189	87	4	262	440	6	189	3.22e-47	164
Wobbluna	CP@TRINITY_DN35731_c0_g1::CP@TRINITY_DN35731_c0_g1_i1::g.69858::m.69858	48.396	374	183	5	6	378	13	377	4.50e-106	324
Wobbluna	CP@TRINITY_DN215_c1_g1::CP@TRINITY_DN215_c1_g1_i7::g.49117::m.49117	45.960	198	87	5	60	245	14	203	1.05e-48	169
Wobbluna	CP@TRINITY_DN14579_c0_g1::CP@TRINITY_DN14579_c0_g1_i1::g.40507::m.40507	42.534	221	113	5	375	582	1	220	1.48e-45	160
Wobbluna	CP@TRINITY_DN215_c1_g1::CP@TRINITY_DN215_c1_g1_i9::g.49119::m.49119	46.114	193	84	4	261	440	8	193	6.83e-45	158
Saprdecl	CP@TRINITY_DN35731_c0_g1::CP@TRINITY_DN35731_c0_g1_i1::g.69858::m.69858	46.400	375	189	5	13	385	13	377	6.70e-103	316
Saprdecl	CP@TRINITY_DN14579_c0_g1::CP@TRINITY_DN14579_c0_g1_i1::g.40507::m.40507	48.035	229	100	5	382	596	1	224	4.44e-58	194
Saprdecl	CP@TRINITY_DN215_c1_g1::CP@TRINITY_DN215_c1_g1_i9::g.49119::m.49119	46.809	188	81	4	272	447	13	193	4.80e-47	164
Albulaib	CP@TRINITY_DN35731_c0_g1::CP@TRINITY_DN35731_c0_g1_i1::g.69858::m.69858	41.005	378	206	6	12	387	11	373	4.99e-90	283
Albulaib	CP@TRINITY_DN14579_c0_g1::CP@TRINITY_DN14579_c0_g1_i1::g.40507::m.40507	40.000	220	123	4	392	602	5	224	1.07e-45	161
Pythirre	CP@TRINITY_DN35731_c0_g1::CP@TRINITY_DN35731_c0_g1_i1::g.69858::m.69858	44.974	378	194	6	13	388	13	378	9.26e-99	306
Pythirre	CP@TRINITY_DN14579_c0_g1::CP@TRINITY_DN14579_c0_g1_i1::g.40507::m.40507	45.982	224	112	2	384	598	1	224	4.52e-56	189
Pythirre	CP@TRINITY_DN215_c1_g1::CP@TRINITY_DN215_c1_g1_i9::g.49119::m.49119	47.644	191	86	4	268	449	8	193	8.42e-47	163
Pythirre	CP@TRINITY_DN215_c1_g1::CP@TRINITY_DN215_c1_g1_i7::g.49117::m.49117	42.211	199	103	3	63	254	10	203	4.02e-43	154
Chlorept	CP@TRINITY_DN35731_c0_g1::CP@TRINITY_DN35731_c0_g1_i1::g.69858::m.69858	43.008	379	196	10	11	384	14	377	1.73e-88	279
Cantmars	CP@TRINITY_DN35731_c0_g1::CP@TRINITY_DN35731_c0_g1_i1::g.69858::m.69858	44.892	372	191	9	27	393	15	377	3.65e-89	281
Cantmars	CP@TRINITY_DN14579_c0_g1::CP@TRINITY_DN14579_c0_g1_i1::g.40507::m.40507	45.089	224	109	5	391	601	2	224	2.11e-48	168
Aplakerg	CP@TRINITY_DN35731_c0_g1::CP@TRINITY_DN35731_c0_g1_i1::g.69858::m.69858	45.263	380	184	9	10	380	13	377	2.05e-98	304
Aplakerg	CP@TRINITY_DN14579_c0_g1::CP@TRINITY_DN14579_c0_g1_i1::g.40507::m.40507	46.759	216	102	5	377	581	1	214	6.76e-49	169
Aplakerg	CP@TRINITY_DN215_c1_g1::CP@TRINITY_DN215_c1_g1_i9::g.49119::m.49119	44.022	184	93	2	269	442	10	193	4.98e-47	164
Aplakerg	CP@TRINITY_DN215_c1_g1::CP@TRINITY_DN215_c1_g1_i7::g.49117::m.49117	39.545	220	123	4	64	278	14	228	1.08e-42	153
ThraLLF1	CP@TRINITY_DN35731_c0_g1::CP@TRINITY_DN35731_c0_g1_i1::g.69858::m.69858	43.883	376	191	8	15	383	15	377	3.56e-89	281
ThraLLF1	CP@TRINITY_DN215_c1_g1::CP@TRINITY_DN215_c1_g1_i9::g.49119::m.49119	48.889	180	79	4	277	445	16	193	4.95e-45	159
Schiaggr	CP@TRINITY_DN35731_c0_g1::CP@TRINITY_DN35731_c0_g1_i1::g.69858::m.69858	43.814	388	191	9	13	398	15	377	1.39e-91	287
Schiaggr	CP@TRINITY_DN215_c1_g1::CP@TRINITY_DN215_c1_g1_i7::g.49117::m.49117	41.818	220	119	4	65	280	14	228	1.31e-47	166
Schiaggr	CP@TRINITY_DN14579_c0_g1::CP@TRINITY_DN14579_c0_g1_i1::g.40507::m.40507	42.791	215	112	3	395	599	1	214	6.69e-46	162
Auralima	CP@TRINITY_DN35731_c0_g1::CP@TRINITY_DN35731_c0_g1_i1::g.69858::m.69858	37.349	415	205	10	17	428	15	377	1.43e-75	246
Deveeleg	CP@TRINITY_DN35731_c0_g1::CP@TRINITY_DN35731_c0_g1_i1::g.69858::m.69858	46.257	374	191	6	7	377	11	377	1.44e-101	313
Deveeleg	CP@TRINITY_DN14579_c0_g1::CP@TRINITY_DN14579_c0_g1_i1::g.40507::m.40507	46.396	222	112	4	376	590	3	224	1.96e-53	182
Deveeleg	CP@TRINITY_DN215_c1_g1::CP@TRINITY_DN215_c1_g1_i9::g.49119::m.49119	45.405	185	86	3	261	435	10	189	3.42e-45	159
Syncpusi	CP@TRINITY_DN35731_c0_g1::CP@TRINITY_DN35731_c0_g1_i1::g.69858::m.69858	38.579	394	218	8	3	389	1	377	1.57e-77	251
Dino2267	CP@TRINITY_DN35731_c0_g1::CP@TRINITY_DN35731_c0_g1_i1::g.69858::m.69858	44.562	377	172	10	25	399	37	378	3.81e-93	291
Dino2267	CP@TRINITY_DN14579_c0_g1::CP@TRINITY_DN14579_c0_g1_i1::g.40507::m.40507	42.411	224	121	3	395	610	1	224	3.83e-45	160
Ochr2298	CP@TRINITY_DN35731_c0_g1::CP@TRINITY_DN35731_c0_g1_i1::g.69858::m.69858	42.746	386	190	9	18	390	11	378	1.91e-90	284
Ochr2298	CP@TRINITY_DN215_c1_g1::CP@TRINITY_DN215_c1_g1_i9::g.49119::m.49119	47.059	187	87	6	271	447	5	189	5.66e-47	164
Ochr2298	CP@TRINITY_DN14579_c0_g1::CP@TRINITY_DN14579_c0_g1_i1::g.40507::m.40507	41.256	223	125	4	388	605	3	224	7.51e-45	159
Ochr2298	CP@TRINITY_DN215_c1_g1::CP@TRINITY_DN215_c1_g1_i7::g.49117::m.49117	39.556	225	120	8	70	283	9	228	3.31e-41	149
Pedoelon	CP@TRINITY_DN35731_c0_g1::CP@TRINITY_DN35731_c0_g1_i1::g.69858::m.69858	41.995	381	197	8	13	386	15	378	1.67e-85	271
Pedoelon	CP@TRINITY_DN14579_c0_g1::CP@TRINITY_DN14579_c0_g1_i1::g.40507::m.40507	41.441	222	121	5	382	596	1	220	6.06e-48	167
Pedoelon	CP@TRINITY_DN215_c1_g1::CP@TRINITY_DN215_c1_g1_i7::g.49117::m.49117	39.474	228	116	6	61	274	9	228	2.15e-41	149
PoterBG1	CP@TRINITY_DN35731_c0_g1::CP@TRINITY_DN35731_c0_g1_i1::g.69858::m.69858	46.524	374	175	10	5	366	17	377	5.60e-101	311
PoterBG1	CP@TRINITY_DN14579_c0_g1::CP@TRINITY_DN14579_c0_g1_i1::g.40507::m.40507	40.870	230	119	4	363	586	1	219	1.19e-47	166
PoterBG1	CP@TRINITY_DN215_c1_g1::CP@TRINITY_DN215_c1_g1_i9::g.49119::m.49119	46.237	186	88	4	256	431	13	196	1.43e-45	160
PoterBG1	CP@TRINITY_DN215_c1_g1::CP@TRINITY_DN215_c1_g1_i7::g.49117::m.49117	43.367	196	92	6	55	237	14	203	5.94e-43	154
Acancast	CP@TRINITY_DN14579_c0_g1::CP@TRINITY_DN14579_c0_g1_i1::g.40507::m.40507	49.738	191	88	2	124	306	2	192	1.22e-57	185
Acancast	CP@TRINITY_DN215_c1_g1::CP@TRINITY_DN215_c1_g1_i9::g.49119::m.49119	45.789	190	88	4	9	188	9	193	9.22e-48	159
Lenilimo	CP@TRINITY_DN35731_c0_g1::CP@TRINITY_DN35731_c0_g1_i1::g.69858::m.69858	40.897	379	191	6	6	358	6	377	2.20e-88	276
Pygsbifo	CP@TRINITY_DN35731_c0_g1::CP@TRINITY_DN35731_c0_g1_i1::g.69858::m.69858	44.688	320	155	6	26	333	11	320	5.00e-84	258
Hetepall	CP@TRINITY_DN35731_c0_g1::CP@TRINITY_DN35731_c0_g1_i1::g.69858::m.69858	43.264	386	196	6	7	388	11	377	3.15e-97	301
Hetepall	CP@TRINITY_DN14579_c0_g1::CP@TRINITY_DN14579_c0_g1_i1::g.40507::m.40507	44.395	223	112	4	386	596	2	224	4.70e-54	183
Hetepall	CP@TRINITY_DN215_c1_g1::CP@TRINITY_DN215_c1_g1_i9::g.49119::m.49119	48.387	186	81	4	271	446	9	189	4.85e-49	169
Hetepall	CP@TRINITY_DN215_c1_g1::CP@TRINITY_DN215_c1_g1_i7::g.49117::m.49117	43.103	232	102	5	63	281	14	228	2.15e-48	168
MicrA134	CP@TRINITY_DN14579_c0_g1::CP@TRINITY_DN14579_c0_g1_i1::g.40507::m.40507	42.986	221	116	3	127	338	1	220	2.75e-54	177
MicrA134	CP@TRINITY_DN215_c1_g1::CP@TRINITY_DN215_c1_g1_i9::g.49119::m.49119	45.771	201	94	3	15	205	11	206	2.94e-52	172
Arcevulg	CP@TRINITY_DN35731_c0_g1::CP@TRINITY_DN35731_c0_g1_i1::g.69858::m.69858	44.986	369	199	3	9	374	11	378	5.18e-102	313
Arcevulg	CP@TRINITY_DN14579_c0_g1::CP@TRINITY_DN14579_c0_g1_i1::g.40507::m.40507	46.222	225	107	5	370	581	1	224	1.09e-51	177
Arcevulg	CP@TRINITY_DN215_c1_g1::CP@TRINITY_DN215_c1_g1_i9::g.49119::m.49119	48.352	182	78	3	261	431	13	189	1.23e-47	165
Coprprot	CP@TRINITY_DN35731_c0_g1::CP@TRINITY_DN35731_c0_g1_i1::g.69858::m.69858	44.385	374	193	5	12	377	12	378	9.86e-100	308
Coprprot	CP@TRINITY_DN14579_c0_g1::CP@TRINITY_DN14579_c0_g1_i1::g.40507::m.40507	43.439	221	108	6	373	577	1	220	3.05e-48	167
Coprprot	CP@TRINITY_DN215_c1_g1::CP@TRINITY_DN215_c1_g1_i7::g.49117::m.49117	38.565	223	113	5	65	269	12	228	1.60e-42	152
Amoeprot	CP@TRINITY_DN35731_c0_g1::CP@TRINITY_DN35731_c0_g1_i1::g.69858::m.69858	44.032	377	196	5	18	388	11	378	4.01e-102	314
Amoeprot	CP@TRINITY_DN14579_c0_g1::CP@TRINITY_DN14579_c0_g1_i1::g.40507::m.40507	42.922	219	111	5	385	590	2	219	1.12e-48	169
Amoeprot	CP@TRINITY_DN215_c1_g1::CP@TRINITY_DN215_c1_g1_i7::g.49117::m.49117	39.091	220	115	3	74	279	14	228	4.51e-48	167
Amoeprot	CP@TRINITY_DN215_c1_g1::CP@TRINITY_DN215_c1_g1_i9::g.49119::m.49119	44.865	185	88	3	270	445	10	189	3.82e-44	156
Flabcita	CP@TRINITY_DN35731_c0_g1::CP@TRINITY_DN35731_c0_g1_i1::g.69858::m.69858	45.040	373	194	6	9	375	11	378	2.17e-100	309
Flabcita	CP@TRINITY_DN14579_c0_g1::CP@TRINITY_DN14579_c0_g1_i1::g.40507::m.40507	41.509	212	112	5	372	572	2	212	4.12e-45	159
Flabcita	CP@TRINITY_DN215_c1_g1::CP@TRINITY_DN215_c1_g1_i9::g.49119::m.49119	44.503	191	91	3	252	432	4	189	1.32e-44	157
Rhizsaxo	CP@TRINITY_DN35731_c0_g1::CP@TRINITY_DN35731_c0_g1_i1::g.69858::m.69858	47.090	378	186	5	4	373	7	378	1.51e-113	343
Rhizsaxo	CP@TRINITY_DN14579_c0_g1::CP@TRINITY_DN14579_c0_g1_i1::g.40507::m.40507	42.986	221	108	5	369	572	1	220	8.78e-49	169
Rhizsaxo	CP@TRINITY_DN215_c1_g1::CP@TRINITY_DN215_c1_g1_i9::g.49119::m.49119	43.915	189	90	3	257	434	10	193	6.90e-46	160
Rhizsaxo	CP@TRINITY_DN215_c1_g1::CP@TRINITY_DN215_c1_g1_i7::g.49117::m.49117	39.631	217	115	6	64	266	14	228	5.27e-43	154
NolaAFSM	CP@TRINITY_DN35731_c0_g1::CP@TRINITY_DN35731_c0_g1_i1::g.69858::m.69858	42.627	373	202	5	14	379	11	378	6.89e-100	308
NolaAFSM	CP@TRINITY_DN215_c1_g1::CP@TRINITY_DN215_c1_g1_i9::g.49119::m.49119	46.809	188	84	3	264	440	11	193	2.62e-49	170
NolaAFSM	CP@TRINITY_DN215_c1_g1::CP@TRINITY_DN215_c1_g1_i7::g.49117::m.49117	41.395	215	114	3	70	272	14	228	7.99e-47	164
Echiexud	CP@TRINITY_DN35731_c0_g1::CP@TRINITY_DN35731_c0_g1_i1::g.69858::m.69858	48.108	370	187	4	15	381	11	378	6.01e-108	329
Echiexud	CP@TRINITY_DN14579_c0_g1::CP@TRINITY_DN14579_c0_g1_i1::g.40507::m.40507	42.986	221	116	4	377	588	1	220	4.28e-54	183
Echiexud	CP@TRINITY_DN215_c1_g1::CP@TRINITY_DN215_c1_g1_i7::g.49117::m.49117	42.922	219	109	4	69	273	12	228	1.24e-47	166
Echiexud	CP@TRINITY_DN215_c1_g1::CP@TRINITY_DN215_c1_g1_i9::g.49119::m.49119	46.154	182	83	4	267	438	13	189	2.08e-46	162
Vermverm	CP@TRINITY_DN35731_c0_g1::CP@TRINITY_DN35731_c0_g1_i1::g.69858::m.69858	47.861	374	190	4	7	377	7	378	4.10e-109	332
Vermverm	CP@TRINITY_DN14579_c0_g1::CP@TRINITY_DN14579_c0_g1_i1::g.40507::m.40507	44.444	225	112	3	373	585	1	224	4.63e-56	188
Vermverm	CP@TRINITY_DN215_c1_g1::CP@TRINITY_DN215_c1_g1_i9::g.49119::m.49119	46.774	186	84	3	259	434	9	189	6.30e-47	164
Vermverm	CP@TRINITY_DN215_c1_g1::CP@TRINITY_DN215_c1_g1_i7::g.49117::m.49117	40.092	217	114	4	67	269	14	228	1.87e-46	163
Sapppeda	CP@TRINITY_DN35731_c0_g1::CP@TRINITY_DN35731_c0_g1_i1::g.69858::m.69858	44.133	392	197	8	7	393	1	375	1.26e-93	293
Sapppeda	CP@TRINITY_DN14579_c0_g1::CP@TRINITY_DN14579_c0_g1_i1::g.40507::m.40507	43.290	231	121	5	392	619	1	224	1.68e-53	182
Sapppeda	CP@TRINITY_DN215_c1_g1::CP@TRINITY_DN215_c1_g1_i9::g.49119::m.49119	46.561	189	86	4	280	457	10	194	3.27e-48	167
Sapppeda	CP@TRINITY_DN215_c1_g1::CP@TRINITY_DN215_c1_g1_i7::g.49117::m.49117	40.909	220	121	3	76	289	12	228	3.18e-44	157
Mayocant	CP@TRINITY_DN35731_c0_g1::CP@TRINITY_DN35731_c0_g1_i1::g.69858::m.69858	44.681	376	197	5	19	391	11	378	8.37e-102	314
Mayocant	CP@TRINITY_DN215_c1_g1::CP@TRINITY_DN215_c1_g1_i9::g.49119::m.49119	46.277	188	83	4	276	452	13	193	3.13e-46	162
Mayocant	CP@TRINITY_DN14579_c0_g1::CP@TRINITY_DN14579_c0_g1_i1::g.40507::m.40507	38.326	227	123	4	388	606	2	219	2.33e-44	157
Mayocant	CP@TRINITY_DN215_c1_g1::CP@TRINITY_DN215_c1_g1_i7::g.49117::m.49117	40.909	220	113	4	75	282	14	228	8.72e-42	150
Endozona	CP@TRINITY_DN35731_c0_g1::CP@TRINITY_DN35731_c0_g1_i1::g.69858::m.69858	38.942	416	200	10	6	416	11	377	9.21e-87	275
Endozona	CP@TRINITY_DN215_c1_g1::CP@TRINITY_DN215_c1_g1_i9::g.49119::m.49119	44.390	205	87	3	280	479	11	193	6.20e-50	172
Endozona	CP@TRINITY_DN215_c1_g1::CP@TRINITY_DN215_c1_g1_i7::g.49117::m.49117	40.693	231	120	4	61	288	12	228	1.71e-45	161
Pellcata	CP@TRINITY_DN35731_c0_g1::CP@TRINITY_DN35731_c0_g1_i1::g.69858::m.69858	47.576	330	168	4	1	328	51	377	7.99e-100	306
Pellcata	CP@TRINITY_DN14579_c0_g1::CP@TRINITY_DN14579_c0_g1_i1::g.40507::m.40507	42.661	218	111	5	326	529	2	219	7.88e-46	160
Pellcata	CP@TRINITY_DN215_c1_g1::CP@TRINITY_DN215_c1_g1_i7::g.49117::m.49117	42.130	216	111	4	17	220	14	227	2.16e-45	159
Luaphula	CP@TRINITY_DN35731_c0_g1::CP@TRINITY_DN35731_c0_g1_i1::g.69858::m.69858	42.819	376	201	6	14	384	11	377	4.19e-100	310
Luaphula	CP@TRINITY_DN215_c1_g1::CP@TRINITY_DN215_c1_g1_i7::g.49117::m.49117	45.909	220	105	5	69	277	12	228	1.56e-56	190
Luaphula	CP@TRINITY_DN14579_c0_g1::CP@TRINITY_DN14579_c0_g1_i1::g.40507::m.40507	42.616	237	115	4	381	609	1	224	1.61e-56	190
Dracjorm	CP@TRINITY_DN35731_c0_g1::CP@TRINITY_DN35731_c0_g1_i1::g.69858::m.69858	48.219	365	177	5	3	363	21	377	2.45e-113	342
Dracjorm	CP@TRINITY_DN14579_c0_g1::CP@TRINITY_DN14579_c0_g1_i1::g.40507::m.40507	45.833	216	108	3	360	567	1	215	2.64e-55	186
Dracjorm	CP@TRINITY_DN215_c1_g1::CP@TRINITY_DN215_c1_g1_i7::g.49117::m.49117	44.292	219	111	3	47	256	12	228	1.06e-52	179
Dracjorm	CP@TRINITY_DN215_c1_g1::CP@TRINITY_DN215_c1_g1_i9::g.49119::m.49119	45.503	189	88	3	247	425	10	193	8.74e-47	163
Filanola	CP@TRINITY_DN35731_c0_g1::CP@TRINITY_DN35731_c0_g1_i1::g.69858::m.69858	44.687	367	197	4	5	368	15	378	5.64e-92	297
Filanola	CP@TRINITY_DN14579_c0_g1::CP@TRINITY_DN14579_c0_g1_i1::g.40507::m.40507	48.387	217	102	4	364	570	1	217	3.23e-58	199
Filanola	CP@TRINITY_DN215_c1_g1::CP@TRINITY_DN215_c1_g1_i7::g.49117::m.49117	45.116	215	108	2	57	261	14	228	6.86e-50	176
Filanola	CP@TRINITY_DN215_c1_g1::CP@TRINITY_DN215_c1_g1_i9::g.49119::m.49119	49.180	183	79	3	253	425	11	189	3.45e-47	167
Phalsoli	CP@TRINITY_DN35731_c0_g1::CP@TRINITY_DN35731_c0_g1_i1::g.69858::m.69858	46.092	371	189	7	11	375	13	378	1.35e-99	302
Phalsoli	CP@TRINITY_DN215_c1_g1::CP@TRINITY_DN215_c1_g1_i7::g.49117::m.49117	40.708	226	120	3	54	268	6	228	4.67e-48	164
Phalsoli	CP@TRINITY_DN215_c1_g1::CP@TRINITY_DN215_c1_g1_i9::g.49119::m.49119	47.826	184	80	4	260	432	11	189	1.64e-47	162
Cavoapop	CP@TRINITY_DN35731_c0_g1::CP@TRINITY_DN35731_c0_g1_i1::g.69858::m.69858	45.833	384	196	6	15	392	1	378	1.27e-99	308
Cavoapop	CP@TRINITY_DN14579_c0_g1::CP@TRINITY_DN14579_c0_g1_i1::g.40507::m.40507	47.982	223	106	3	389	601	2	224	5.26e-61	202
Cavoapop	CP@TRINITY_DN215_c1_g1::CP@TRINITY_DN215_c1_g1_i7::g.49117::m.49117	40.654	214	116	2	81	283	14	227	2.97e-47	165
Cavoapop	CP@TRINITY_DN215_c1_g1::CP@TRINITY_DN215_c1_g1_i9::g.49119::m.49119	47.283	184	82	3	276	449	11	189	6.33e-45	158
Schivulg	CP@TRINITY_DN35731_c0_g1::CP@TRINITY_DN35731_c0_g1_i1::g.69858::m.69858	47.027	370	190	4	15	381	11	377	2.81e-102	314
Schivulg	CP@TRINITY_DN14579_c0_g1::CP@TRINITY_DN14579_c0_g1_i1::g.40507::m.40507	47.297	222	107	4	378	589	1	222	6.98e-60	199
Schivulg	CP@TRINITY_DN215_c1_g1::CP@TRINITY_DN215_c1_g1_i7::g.49117::m.49117	42.396	217	108	5	71	273	14	227	7.02e-50	172
Schivulg	CP@TRINITY_DN215_c1_g1::CP@TRINITY_DN215_c1_g1_i9::g.49119::m.49119	47.826	184	81	3	266	439	11	189	2.39e-46	162
Soliirre	CP@TRINITY_DN35731_c0_g1::CP@TRINITY_DN35731_c0_g1_i1::g.69858::m.69858	43.455	382	191	6	13	383	11	378	6.63e-93	290
Soliirre	CP@TRINITY_DN14579_c0_g1::CP@TRINITY_DN14579_c0_g1_i1::g.40507::m.40507	46.364	220	108	3	379	588	1	220	1.07e-59	198
Soliirre	CP@TRINITY_DN215_c1_g1::CP@TRINITY_DN215_c1_g1_i9::g.49119::m.49119	49.468	188	80	4	267	444	11	193	1.85e-50	173
Soliirre	CP@TRINITY_DN215_c1_g1::CP@TRINITY_DN215_c1_g1_i7::g.49117::m.49117	40.465	215	118	3	69	274	14	227	5.55e-44	156
Veximinu	CP@TRINITY_DN35731_c0_g1::CP@TRINITY_DN35731_c0_g1_i1::g.69858::m.69858	45.338	311	158	5	1	309	77	377	5.90e-80	248
Sapochin	CP@TRINITY_DN35731_c0_g1::CP@TRINITY_DN35731_c0_g1_i1::g.69858::m.69858	36.725	403	204	9	57	449	17	378	1.09e-70	234
Sapochin	CP@TRINITY_DN215_c1_g1::CP@TRINITY_DN215_c1_g1_i9::g.49119::m.49119	46.739	184	84	2	333	507	11	189	1.11e-49	172
Armalang	CP@TRINITY_DN35731_c0_g1::CP@TRINITY_DN35731_c0_g1_i1::g.69858::m.69858	45.195	385	188	4	2	384	15	378	1.81e-106	325
Armalang	CP@TRINITY_DN14579_c0_g1::CP@TRINITY_DN14579_c0_g1_i1::g.40507::m.40507	45.050	202	107	2	381	578	2	203	8.69e-52	177
Paralevi	CP@TRINITY_DN14579_c0_g1::CP@TRINITY_DN14579_c0_g1_i1::g.40507::m.40507	46.429	224	115	3	217	435	1	224	1.30e-60	197
Paralevi	CP@TRINITY_DN215_c1_g1::CP@TRINITY_DN215_c1_g1_i9::g.49119::m.49119	50.262	191	80	3	105	285	11	196	1.72e-50	170
Stensten	CP@TRINITY_DN35731_c0_g1::CP@TRINITY_DN35731_c0_g1_i1::g.69858::m.69858	47.074	376	193	4	29	402	7	378	1.54e-107	329
Stensten	CP@TRINITY_DN14579_c0_g1::CP@TRINITY_DN14579_c0_g1_i1::g.40507::m.40507	45.536	224	112	3	398	611	1	224	1.66e-62	206
Stensten	CP@TRINITY_DN215_c1_g1::CP@TRINITY_DN215_c1_g1_i9::g.49119::m.49119	47.475	198	89	3	285	472	10	202	6.08e-50	172
Stensten	CP@TRINITY_DN215_c1_g1::CP@TRINITY_DN215_c1_g1_i7::g.49117::m.49117	41.589	214	114	3	91	294	16	228	3.84e-46	162
Cochminu	CP@TRINITY_DN35731_c0_g1::CP@TRINITY_DN35731_c0_g1_i1::g.69858::m.69858	42.522	341	185	4	11	347	15	348	1.53e-88	271
Cochminu	CP@TRINITY_DN215_c1_g1::CP@TRINITY_DN215_c1_g1_i7::g.49117::m.49117	41.935	217	115	5	63	270	14	228	1.00e-46	158
Cuneruss	CP@TRINITY_DN35731_c0_g1::CP@TRINITY_DN35731_c0_g1_i1::g.69858::m.69858	46.092	371	193	4	32	400	13	378	1.51e-109	334
Cuneruss	CP@TRINITY_DN14579_c0_g1::CP@TRINITY_DN14579_c0_g1_i1::g.40507::m.40507	47.964	221	108	3	396	610	1	220	3.77e-60	200
Cuneruss	CP@TRINITY_DN215_c1_g1::CP@TRINITY_DN215_c1_g1_i7::g.49117::m.49117	45.833	216	107	3	86	292	14	228	2.05e-57	193
Cuneruss	CP@TRINITY_DN215_c1_g1::CP@TRINITY_DN215_c1_g1_i9::g.49119::m.49119	46.354	192	88	3	282	463	9	195	2.95e-45	159
Rhizelon	CP@TRINITY_DN35731_c0_g1::CP@TRINITY_DN35731_c0_g1_i1::g.69858::m.69858	41.019	373	205	6	8	370	11	378	7.07e-88	277
Rhizelon	CP@TRINITY_DN14579_c0_g1::CP@TRINITY_DN14579_c0_g1_i1::g.40507::m.40507	41.364	220	119	3	366	575	1	220	6.33e-49	169
Rhizelon	CP@TRINITY_DN215_c1_g1::CP@TRINITY_DN215_c1_g1_i7::g.49117::m.49117	41.553	219	109	6	62	263	12	228	1.26e-42	152
Masteilh	CP@TRINITY_DN35731_c0_g1::CP@TRINITY_DN35731_c0_g1_i1::g.69858::m.69858	46.866	367	185	5	38	397	15	378	6.10e-105	322
Masteilh	CP@TRINITY_DN14579_c0_g1::CP@TRINITY_DN14579_c0_g1_i1::g.40507::m.40507	45.852	229	109	6	393	611	1	224	1.37e-58	196
Masteilh	CP@TRINITY_DN215_c1_g1::CP@TRINITY_DN215_c1_g1_i7::g.49117::m.49117	41.667	216	109	4	90	289	14	228	7.48e-46	162
Diphrota	CP@TRINITY_DN35731_c0_g1::CP@TRINITY_DN35731_c0_g1_i1::g.69858::m.69858	44.837	368	197	4	26	390	13	377	2.03e-99	308
Diphrota	CP@TRINITY_DN14579_c0_g1::CP@TRINITY_DN14579_c0_g1_i1::g.40507::m.40507	44.843	223	114	2	388	601	2	224	7.35e-57	191
Diphrota	CP@TRINITY_DN215_c1_g1::CP@TRINITY_DN215_c1_g1_i7::g.49117::m.49117	40.930	215	116	2	80	283	14	228	1.05e-48	169
Rigiramo	CP@TRINITY_DN35731_c0_g1::CP@TRINITY_DN35731_c0_g1_i1::g.69858::m.69858	47.838	370	185	5	142	507	12	377	1.94e-110	339
Rigiramo	CP@TRINITY_DN215_c1_g1::CP@TRINITY_DN215_c1_g1_i7::g.49117::m.49117	42.326	215	113	2	197	400	14	228	1.75e-51	178
Rigiramo	CP@TRINITY_DN14579_c0_g1::CP@TRINITY_DN14579_c0_g1_i1::g.40507::m.40507	43.805	226	109	6	505	715	2	224	2.94e-51	178
Rigiramo	CP@TRINITY_DN215_c1_g1::CP@TRINITY_DN215_c1_g1_i9::g.49119::m.49119	45.213	188	89	3	392	570	11	193	7.21e-47	165
HeterBB2	CP@TRINITY_DN14579_c0_g1::CP@TRINITY_DN14579_c0_g1_i1::g.40507::m.40507	44.000	225	118	4	150	367	1	224	1.62e-58	189
HeterBB2	CP@TRINITY_DN215_c1_g1::CP@TRINITY_DN215_c1_g1_i9::g.49119::m.49119	47.283	184	82	3	38	211	11	189	3.94e-50	167
HeterBB2	CP@TRINITY_DN35731_c0_g1::CP@TRINITY_DN35731_c0_g1_i1::g.69858::m.69858	53.247	154	69	2	2	153	225	377	3.46e-45	159
Pharkirb	CP@TRINITY_DN35731_c0_g1::CP@TRINITY_DN35731_c0_g1_i1::g.69858::m.69858	48.800	375	179	6	10	379	11	377	9.06e-112	339
Pharkirb	CP@TRINITY_DN14579_c0_g1::CP@TRINITY_DN14579_c0_g1_i1::g.40507::m.40507	42.857	224	119	3	376	590	1	224	3.53e-54	184
Pharkirb	CP@TRINITY_DN215_c1_g1::CP@TRINITY_DN215_c1_g1_i7::g.49117::m.49117	40.376	213	119	3	68	272	16	228	2.03e-45	160
Guttvulg	CP@TRINITY_DN35731_c0_g1::CP@TRINITY_DN35731_c0_g1_i1::g.69858::m.69858	40.816	392	208	11	4	391	7	378	6.75e-84	267
Guttvulg	CP@TRINITY_DN215_c1_g1::CP@TRINITY_DN215_c1_g1_i7::g.49117::m.49117	41.553	219	124	3	61	276	11	228	1.55e-48	169
Ancysigm	CP@TRINITY_DN35731_c0_g1::CP@TRINITY_DN35731_c0_g1_i1::g.69858::m.69858	40.805	348	181	7	3	345	47	374	4.92e-75	243
Nutolong	CP@TRINITY_DN35731_c0_g1::CP@TRINITY_DN35731_c0_g1_i1::g.69858::m.69858	39.628	376	192	11	21	376	13	373	3.56e-71	234
Nutolong	CP@TRINITY_DN14579_c0_g1::CP@TRINITY_DN14579_c0_g1_i1::g.40507::m.40507	40.271	221	121	3	383	592	4	224	2.56e-43	154
Fabotrop	CP@TRINITY_DN14579_c0_g1::CP@TRINITY_DN14579_c0_g1_i1::g.40507::m.40507	44.595	222	114	3	230	442	3	224	5.31e-55	182
Fabotrop	CP@TRINITY_DN35731_c0_g1::CP@TRINITY_DN35731_c0_g1_i1::g.69858::m.69858	46.610	236	115	6	1	231	148	377	8.74e-52	179
Giarlamb	CP@TRINITY_DN35731_c0_g1::CP@TRINITY_DN35731_c0_g1_i1::g.69858::m.69858	33.254	421	219	14	8	423	11	374	6.56e-56	194
Carpmemb	CP@TRINITY_DN35731_c0_g1::CP@TRINITY_DN35731_c0_g1_i1::g.69858::m.69858	41.962	367	207	5	20	384	15	377	5.12e-92	288
Carpmemb	CP@TRINITY_DN14579_c0_g1::CP@TRINITY_DN14579_c0_g1_i1::g.40507::m.40507	39.732	224	125	3	381	594	1	224	1.43e-50	174
Ergocypr	CP@TRINITY_DN35731_c0_g1::CP@TRINITY_DN35731_c0_g1_i1::g.69858::m.69858	46.970	264	118	9	25	283	132	378	4.60e-55	189
Adunpalu	CP@TRINITY_DN35731_c0_g1::CP@TRINITY_DN35731_c0_g1_i1::g.69858::m.69858	43.122	378	196	8	10	383	11	373	6.82e-88	278
Adunpalu	CP@TRINITY_DN215_c1_g1::CP@TRINITY_DN215_c1_g1_i7::g.49117::m.49117	46.411	209	99	5	66	265	14	218	6.70e-48	167
Mantplas	CP@TRINITY_DN35731_c0_g1::CP@TRINITY_DN35731_c0_g1_i1::g.69858::m.69858	44.041	386	197	7	1	376	1	377	1.38e-97	302
Mantplas	CP@TRINITY_DN14579_c0_g1::CP@TRINITY_DN14579_c0_g1_i1::g.40507::m.40507	43.636	220	112	5	374	582	2	220	8.48e-51	174
Mantplas	CP@TRINITY_DN215_c1_g1::CP@TRINITY_DN215_c1_g1_i9::g.49119::m.49119	46.961	181	85	3	265	434	9	189	1.54e-46	162
Sphaarct	CP@TRINITY_DN35731_c0_g1::CP@TRINITY_DN35731_c0_g1_i1::g.69858::m.69858	45.187	374	202	2	8	379	5	377	2.38e-107	327
Sphaarct	CP@TRINITY_DN215_c1_g1::CP@TRINITY_DN215_c1_g1_i7::g.49117::m.49117	44.651	215	107	4	70	272	14	228	3.11e-50	172
Sphaarct	CP@TRINITY_DN14579_c0_g1::CP@TRINITY_DN14579_c0_g1_i1::g.40507::m.40507	44.271	192	98	2	376	558	1	192	2.40e-49	170
Amoepara	CP@TRINITY_DN35731_c0_g1::CP@TRINITY_DN35731_c0_g1_i1::g.69858::m.69858	48.925	372	182	4	19	388	12	377	3.32e-110	335
Amoepara	CP@TRINITY_DN14579_c0_g1::CP@TRINITY_DN14579_c0_g1_i1::g.40507::m.40507	46.429	224	108	4	387	600	3	224	2.77e-58	195
Amoepara	CP@TRINITY_DN215_c1_g1::CP@TRINITY_DN215_c1_g1_i7::g.49117::m.49117	44.279	201	91	6	70	256	10	203	1.47e-46	164
Tricadha	CP@TRINITY_DN35731_c0_g1::CP@TRINITY_DN35731_c0_g1_i1::g.69858::m.69858	49.194	372	180	5	22	389	12	378	3.06e-117	353
Tricadha	CP@TRINITY_DN14579_c0_g1::CP@TRINITY_DN14579_c0_g1_i1::g.40507::m.40507	50.000	226	101	4	387	604	3	224	3.54e-68	221
Tricadha	CP@TRINITY_DN215_c1_g1::CP@TRINITY_DN215_c1_g1_i7::g.49117::m.49117	43.182	220	112	4	73	279	9	228	1.09e-51	177
Tricadha	CP@TRINITY_DN215_c1_g1::CP@TRINITY_DN215_c1_g1_i9::g.49119::m.49119	42.932	191	92	3	272	452	12	195	1.74e-43	154
Branflor	CP@TRINITY_DN35731_c0_g1::CP@TRINITY_DN35731_c0_g1_i1::g.69858::m.69858	51.194	377	180	3	18	392	2	376	7.14e-126	375
Branflor	CP@TRINITY_DN14579_c0_g1::CP@TRINITY_DN14579_c0_g1_i1::g.40507::m.40507	50.000	186	82	4	413	588	40	224	2.96e-54	184
Branflor	CP@TRINITY_DN215_c1_g1::CP@TRINITY_DN215_c1_g1_i7::g.49117::m.49117	43.318	217	109	4	83	287	14	228	2.31e-50	174
Caeneleg	CP@TRINITY_DN35731_c0_g1::CP@TRINITY_DN35731_c0_g1_i1::g.69858::m.69858	42.744	379	214	3	1	378	1	377	7.24e-102	313
Caeneleg	CP@TRINITY_DN14579_c0_g1::CP@TRINITY_DN14579_c0_g1_i1::g.40507::m.40507	42.466	219	115	4	377	586	3	219	7.18e-51	175
Taensoli	CP@TRINITY_DN35731_c0_g1::CP@TRINITY_DN35731_c0_g1_i1::g.69858::m.69858	50.000	376	181	5	4	377	7	377	3.89e-122	366
Taensoli	CP@TRINITY_DN14579_c0_g1::CP@TRINITY_DN14579_c0_g1_i1::g.40507::m.40507	48.498	233	103	4	374	600	1	222	2.64e-71	229
Taensoli	CP@TRINITY_DN215_c1_g1::CP@TRINITY_DN215_c1_g1_i9::g.49119::m.49119	43.455	191	93	3	261	441	10	195	5.33e-46	161
Schimans	CP@TRINITY_DN35731_c0_g1::CP@TRINITY_DN35731_c0_g1_i1::g.69858::m.69858	48.378	370	185	4	9	376	12	377	2.31e-113	342
Schimans	CP@TRINITY_DN14579_c0_g1::CP@TRINITY_DN14579_c0_g1_i1::g.40507::m.40507	51.832	191	90	1	375	563	3	193	4.11e-61	201
Schimans	CP@TRINITY_DN215_c1_g1::CP@TRINITY_DN215_c1_g1_i9::g.49119::m.49119	46.774	186	80	4	263	436	13	191	9.31e-47	163
Aplycali	CP@TRINITY_DN35731_c0_g1::CP@TRINITY_DN35731_c0_g1_i1::g.69858::m.69858	49.189	370	181	4	23	389	12	377	1.48e-118	357
Aplycali	CP@TRINITY_DN14579_c0_g1::CP@TRINITY_DN14579_c0_g1_i1::g.40507::m.40507	54.054	222	96	3	386	602	1	221	2.49e-73	234
Gallgall	CP@TRINITY_DN35731_c0_g1::CP@TRINITY_DN35731_c0_g1_i1::g.69858::m.69858	50.400	375	174	6	17	389	13	377	8.69e-117	352
Gallgall	CP@TRINITY_DN14579_c0_g1::CP@TRINITY_DN14579_c0_g1_i1::g.40507::m.40507	52.018	223	102	2	387	604	2	224	4.10e-77	244
Gallgall	CP@TRINITY_DN215_c1_g1::CP@TRINITY_DN215_c1_g1_i7::g.49117::m.49117	42.500	200	91	6	71	256	14	203	4.04e-45	160
Drosmela	CP@TRINITY_DN35731_c0_g1::CP@TRINITY_DN35731_c0_g1_i1::g.69858::m.69858	48.684	380	183	6	22	398	7	377	1.07e-116	352
Drosmela	CP@TRINITY_DN14579_c0_g1::CP@TRINITY_DN14579_c0_g1_i1::g.40507::m.40507	50.222	225	110	2	395	618	1	224	1.38e-73	235
Drosmela	CP@TRINITY_DN215_c1_g1::CP@TRINITY_DN215_c1_g1_i7::g.49117::m.49117	43.182	220	110	5	82	291	14	228	7.56e-46	162
Apismell	CP@TRINITY_DN35731_c0_g1::CP@TRINITY_DN35731_c0_g1_i1::g.69858::m.69858	50.526	380	172	7	11	381	5	377	2.50e-124	372
Apismell	CP@TRINITY_DN14579_c0_g1::CP@TRINITY_DN14579_c0_g1_i1::g.40507::m.40507	56.696	224	95	1	378	599	1	224	1.80e-88	273
Apismell	CP@TRINITY_DN215_c1_g1::CP@TRINITY_DN215_c1_g1_i9::g.49119::m.49119	46.277	188	86	3	266	443	11	193	2.17e-45	160
Apismell	CP@TRINITY_DN215_c1_g1::CP@TRINITY_DN215_c1_g1_i7::g.49117::m.49117	41.553	219	110	6	70	274	14	228	8.17e-44	156
Mnemleid	CP@TRINITY_DN35731_c0_g1::CP@TRINITY_DN35731_c0_g1_i1::g.69858::m.69858	44.624	372	197	6	22	390	12	377	7.92e-109	332
Mnemleid	CP@TRINITY_DN14579_c0_g1::CP@TRINITY_DN14579_c0_g1_i1::g.40507::m.40507	46.154	221	109	3	387	598	1	220	2.68e-58	195
Mnemleid	CP@TRINITY_DN215_c1_g1::CP@TRINITY_DN215_c1_g1_i9::g.49119::m.49119	43.979	191	92	3	272	452	8	193	2.47e-44	157
Mnemleid	CP@TRINITY_DN215_c1_g1::CP@TRINITY_DN215_c1_g1_i7::g.49117::m.49117	38.249	217	122	2	77	283	14	228	3.55e-42	152
Bodosalt	CP@TRINITY_DN35731_c0_g1::CP@TRINITY_DN35731_c0_g1_i1::g.69858::m.69858	47.467	375	188	6	5	374	7	377	1.15e-114	346
Bodosalt	CP@TRINITY_DN215_c1_g1::CP@TRINITY_DN215_c1_g1_i9::g.49119::m.49119	47.644	191	87	2	256	437	7	193	4.29e-53	180
Bodosalt	CP@TRINITY_DN14579_c0_g1::CP@TRINITY_DN14579_c0_g1_i1::g.40507::m.40507	44.843	223	111	5	371	584	1	220	1.07e-52	179
Bodosalt	CP@TRINITY_DN215_c1_g1::CP@TRINITY_DN215_c1_g1_i7::g.49117::m.49117	44.388	196	84	5	65	241	14	203	1.47e-44	158
Salprose	CP@TRINITY_DN35731_c0_g1::CP@TRINITY_DN35731_c0_g1_i1::g.69858::m.69858	43.583	374	194	5	8	372	12	377	5.11e-95	296
Salprose	CP@TRINITY_DN14579_c0_g1::CP@TRINITY_DN14579_c0_g1_i1::g.40507::m.40507	50.222	225	106	4	371	592	3	224	7.52e-64	209
Salprose	CP@TRINITY_DN215_c1_g1::CP@TRINITY_DN215_c1_g1_i7::g.49117::m.49117	45.622	217	103	5	63	266	14	228	1.11e-51	177
Salprose	CP@TRINITY_DN215_c1_g1::CP@TRINITY_DN215_c1_g1_i9::g.49119::m.49119	48.901	182	77	4	260	430	13	189	2.83e-47	165
Amphquee	CP@TRINITY_DN35731_c0_g1::CP@TRINITY_DN35731_c0_g1_i1::g.69858::m.69858	48.688	343	162	5	1	341	48	378	4.92e-113	333
Amphquee	CP@TRINITY_DN215_c1_g1::CP@TRINITY_DN215_c1_g1_i7::g.49117::m.49117	42.534	221	107	8	20	226	14	228	1.14e-51	171
Gefiokel	CP@TRINITY_DN35731_c0_g1::CP@TRINITY_DN35731_c0_g1_i1::g.69858::m.69858	45.135	370	192	5	30	395	15	377	2.51e-101	312
Gefiokel	CP@TRINITY_DN14579_c0_g1::CP@TRINITY_DN14579_c0_g1_i1::g.40507::m.40507	45.946	222	107	2	394	602	3	224	1.07e-58	196
Gefiokel	CP@TRINITY_DN215_c1_g1::CP@TRINITY_DN215_c1_g1_i9::g.49119::m.49119	46.561	189	86	3	279	457	10	193	6.77e-49	169
Gefiokel	CP@TRINITY_DN215_c1_g1::CP@TRINITY_DN215_c1_g1_i7::g.49117::m.49117	38.318	214	124	3	82	287	14	227	1.73e-42	152
Trimmari	CP@TRINITY_DN35731_c0_g1::CP@TRINITY_DN35731_c0_g1_i1::g.69858::m.69858	41.823	373	209	4	3	373	11	377	4.35e-88	278
Trimmari	CP@TRINITY_DN14579_c0_g1::CP@TRINITY_DN14579_c0_g1_i1::g.40507::m.40507	47.788	226	108	4	371	589	2	224	1.11e-56	190
Rhizdele	CP@TRINITY_DN35731_c0_g1::CP@TRINITY_DN35731_c0_g1_i1::g.69858::m.69858	41.615	322	180	6	1	317	59	377	1.54e-77	249
Rhizdele	CP@TRINITY_DN215_c1_g1::CP@TRINITY_DN215_c1_g1_i7::g.49117::m.49117	46.759	216	102	4	9	212	14	228	5.35e-57	190
Rhizdele	CP@TRINITY_DN14579_c0_g1::CP@TRINITY_DN14579_c0_g1_i1::g.40507::m.40507	44.541	229	113	4	316	537	3	224	1.14e-50	173
Rhizdele	CP@TRINITY_DN215_c1_g1::CP@TRINITY_DN215_c1_g1_i9::g.49119::m.49119	48.370	184	82	3	206	379	13	193	6.87e-50	171
Schizpom	CP@TRINITY_DN35731_c0_g1::CP@TRINITY_DN35731_c0_g1_i1::g.69858::m.69858	39.947	378	203	6	8	372	11	377	1.29e-88	279
Schizpom	CP@TRINITY_DN215_c1_g1::CP@TRINITY_DN215_c1_g1_i7::g.49117::m.49117	49.735	189	85	3	66	244	16	204	1.19e-52	179
Schizpom	CP@TRINITY_DN14579_c0_g1::CP@TRINITY_DN14579_c0_g1_i1::g.40507::m.40507	42.478	226	118	6	369	584	1	224	6.62e-46	161
Schizpom	CP@TRINITY_DN215_c1_g1::CP@TRINITY_DN215_c1_g1_i9::g.49119::m.49119	46.277	188	84	5	260	434	10	193	1.46e-44	157
Coprcine	CP@TRINITY_DN35731_c0_g1::CP@TRINITY_DN35731_c0_g1_i1::g.69858::m.69858	44.595	370	195	7	8	371	12	377	1.14e-97	303
Coprcine	CP@TRINITY_DN215_c1_g1::CP@TRINITY_DN215_c1_g1_i9::g.49119::m.49119	45.604	182	85	4	261	431	13	191	1.27e-45	160
Coprcine	CP@TRINITY_DN14579_c0_g1::CP@TRINITY_DN14579_c0_g1_i1::g.40507::m.40507	39.474	228	125	5	370	590	3	224	6.25e-45	159
Coprcine	CP@TRINITY_DN215_c1_g1::CP@TRINITY_DN215_c1_g1_i7::g.49117::m.49117	44.041	193	90	4	63	241	14	202	8.85e-44	156
Aspefumi	CP@TRINITY_DN35731_c0_g1::CP@TRINITY_DN35731_c0_g1_i1::g.69858::m.69858	37.958	382	219	5	96	471	8	377	3.24e-74	244
Debahans	CP@TRINITY_DN35731_c0_g1::CP@TRINITY_DN35731_c0_g1_i1::g.69858::m.69858	38.272	405	203	10	12	404	8	377	8.94e-75	244
Debahans	CP@TRINITY_DN215_c1_g1::CP@TRINITY_DN215_c1_g1_i7::g.49117::m.49117	38.776	245	108	6	71	303	14	228	1.75e-42	153
Fontalba	CP@TRINITY_DN35731_c0_g1::CP@TRINITY_DN35731_c0_g1_i1::g.69858::m.69858	40.256	390	186	9	20	398	24	377	2.79e-81	261
Blasbrit	CP@TRINITY_DN35731_c0_g1::CP@TRINITY_DN35731_c0_g1_i1::g.69858::m.69858	42.820	383	192	8	10	380	11	378	1.06e-89	283
Blasbrit	CP@TRINITY_DN215_c1_g1::CP@TRINITY_DN215_c1_g1_i7::g.49117::m.49117	47.475	198	85	4	66	251	14	204	5.25e-55	187
Blasbrit	CP@TRINITY_DN215_c1_g1::CP@TRINITY_DN215_c1_g1_i9::g.49119::m.49119	48.619	181	77	4	272	443	16	189	8.19e-48	167
Allomacr	CP@TRINITY_DN35731_c0_g1::CP@TRINITY_DN35731_c0_g1_i1::g.69858::m.69858	41.310	397	201	10	6	395	7	378	5.76e-88	279
Allomacr	CP@TRINITY_DN215_c1_g1::CP@TRINITY_DN215_c1_g1_i7::g.49117::m.49117	43.243	222	116	3	66	284	14	228	9.10e-52	178
Allomacr	CP@TRINITY_DN215_c1_g1::CP@TRINITY_DN215_c1_g1_i9::g.49119::m.49119	48.947	190	89	3	281	466	16	201	9.02e-49	169
