Blasemer	CP@TRINITY_DN1800_c0_g1::CP@TRINITY_DN1800_c0_g1_i12::g.45810::m.45810	52.814	231	108	1	1	230	1	231	1.69e-90	266
Blasemer	CP@TRINITY_DN5614_c0_g1::CP@TRINITY_DN5614_c0_g1_i1::g.15555::m.15555	51.707	205	98	1	28	231	1	205	3.45e-71	217
Calltube	CP@TRINITY_DN5614_c0_g1::CP@TRINITY_DN5614_c0_g1_i1::g.15555::m.15555	46.203	158	78	2	1	157	65	216	5.65e-44	145
Parasacc	CP@TRINITY_DN5614_c0_g1::CP@TRINITY_DN5614_c0_g1_i1::g.15555::m.15555	49.029	206	104	1	4	208	9	214	5.75e-68	208
Parasacc	CP@TRINITY_DN1800_c0_g1::CP@TRINITY_DN1800_c0_g1_i12::g.45810::m.45810	49.533	214	107	1	4	216	36	249	1.19e-65	203
Sacccere	CP@TRINITY_DN1800_c0_g1::CP@TRINITY_DN1800_c0_g1_i12::g.45810::m.45810	52.140	257	115	4	1	256	1	250	4.37e-84	253
Sacccere	CP@TRINITY_DN5614_c0_g1::CP@TRINITY_DN5614_c0_g1_i1::g.15555::m.15555	44.700	217	115	3	29	244	2	214	1.05e-58	187
Batrdend	CP@TRINITY_DN1800_c0_g1::CP@TRINITY_DN1800_c0_g1_i12::g.45810::m.45810	56.000	250	109	1	1	249	1	250	2.46e-99	290
Batrdend	CP@TRINITY_DN5614_c0_g1::CP@TRINITY_DN5614_c0_g1_i1::g.15555::m.15555	55.349	215	95	1	29	242	2	216	5.88e-82	245
Batrdend	CP@TRINITY_DN1800_c0_g1::CP@TRINITY_DN1800_c0_g1_i15::g.45815::m.45815	45.517	145	78	1	106	249	2	146	8.37e-42	140
Batrdend	CP@TRINITY_DN1800_c0_g1::CP@TRINITY_DN1800_c0_g1_i13::g.45811::m.45811	45.517	145	78	1	106	249	2	146	8.37e-42	140
Rozeallo	CP@TRINITY_DN1800_c0_g1::CP@TRINITY_DN1800_c0_g1_i12::g.45810::m.45810	47.876	259	125	2	1	258	1	250	5.04e-83	249
Rozeallo	CP@TRINITY_DN5614_c0_g1::CP@TRINITY_DN5614_c0_g1_i1::g.15555::m.15555	48.661	224	105	2	29	251	2	216	1.37e-72	221
Monoexil	CP@TRINITY_DN1800_c0_g1::CP@TRINITY_DN1800_c0_g1_i12::g.45810::m.45810	44.355	248	132	4	5	247	3	249	5.35e-64	200
Monoexil	CP@TRINITY_DN5614_c0_g1::CP@TRINITY_DN5614_c0_g1_i1::g.15555::m.15555	37.559	213	129	3	31	239	2	214	2.09e-43	146
Parapyri	CP@TRINITY_DN1800_c0_g1::CP@TRINITY_DN1800_c0_g1_i12::g.45810::m.45810	41.803	244	140	2	5	247	4	246	2.14e-63	198
Parapyri	CP@TRINITY_DN5614_c0_g1::CP@TRINITY_DN5614_c0_g1_i1::g.15555::m.15555	43.458	214	119	2	30	242	2	214	5.50e-55	176
Parvatla	CP@TRINITY_DN1800_c0_g1::CP@TRINITY_DN1800_c0_g1_i12::g.45810::m.45810	49.796	245	122	1	1	244	1	245	1.03e-84	253
Parvatla	CP@TRINITY_DN5614_c0_g1::CP@TRINITY_DN5614_c0_g1_i1::g.15555::m.15555	55.814	215	94	1	29	242	2	216	1.65e-80	241
Parvatla	CP@TRINITY_DN9380_c2_g1::CP@TRINITY_DN9380_c2_g1_i5::g.30619::m.30619	38.710	217	127	4	8	222	3	215	5.14e-42	144
Parvatla	CP@TRINITY_DN9380_c2_g1::CP@TRINITY_DN9380_c2_g1_i2::g.30617::m.30617	38.710	217	127	4	8	222	3	215	5.14e-42	144
Parvatla	CP@TRINITY_DN9380_c2_g1::CP@TRINITY_DN9380_c2_g1_i1::g.30616::m.30616	38.710	217	127	4	8	222	3	215	5.14e-42	144
Galdphle	CP@TRINITY_DN1800_c0_g1::CP@TRINITY_DN1800_c0_g1_i12::g.45810::m.45810	47.410	251	130	2	1	250	1	250	3.91e-77	233
Galdphle	CP@TRINITY_DN5614_c0_g1::CP@TRINITY_DN5614_c0_g1_i1::g.15555::m.15555	47.368	190	100	0	28	217	1	190	8.91e-60	188
Gracchor	CP@TRINITY_DN1800_c0_g1::CP@TRINITY_DN1800_c0_g1_i12::g.45810::m.45810	49.035	259	121	4	1	257	1	250	4.01e-79	239
Gracchor	CP@TRINITY_DN5614_c0_g1::CP@TRINITY_DN5614_c0_g1_i1::g.15555::m.15555	45.089	224	114	3	28	251	1	215	2.62e-63	197
Porppurp	CP@TRINITY_DN1800_c0_g1::CP@TRINITY_DN1800_c0_g1_i12::g.45810::m.45810	43.825	251	140	1	1	251	1	250	5.72e-77	233
Porppurp	CP@TRINITY_DN5614_c0_g1::CP@TRINITY_DN5614_c0_g1_i1::g.15555::m.15555	48.848	217	110	1	28	244	1	216	3.30e-67	207
TeloneP1	CP@TRINITY_DN1800_c0_g1::CP@TRINITY_DN1800_c0_g1_i12::g.45810::m.45810	44.000	250	139	1	12	260	1	250	1.62e-68	212
TeloneP1	CP@TRINITY_DN5614_c0_g1::CP@TRINITY_DN5614_c0_g1_i1::g.15555::m.15555	44.186	215	119	1	40	253	2	216	3.62e-60	190
TeloneP2	CP@TRINITY_DN1800_c0_g1::CP@TRINITY_DN1800_c0_g1_i12::g.45810::m.45810	44.118	170	94	1	1	169	1	170	2.26e-43	144
Stichzan	CP@TRINITY_DN5614_c0_g1::CP@TRINITY_DN5614_c0_g1_i1::g.15555::m.15555	40.782	179	105	1	30	207	38	216	1.75e-41	141
Retifilo	CP@TRINITY_DN5614_c0_g1::CP@TRINITY_DN5614_c0_g1_i1::g.15555::m.15555	37.815	238	123	1	21	258	9	221	2.60e-52	170
Ammo1384	CP@TRINITY_DN1800_c0_g1::CP@TRINITY_DN1800_c0_g1_i12::g.45810::m.45810	41.036	251	147	1	12	262	1	250	5.60e-65	203
Ammo1384	CP@TRINITY_DN5614_c0_g1::CP@TRINITY_DN5614_c0_g1_i1::g.15555::m.15555	46.667	210	111	1	40	249	2	210	6.17e-64	200
Sori0191	CP@TRINITY_DN1800_c0_g1::CP@TRINITY_DN1800_c0_g1_i12::g.45810::m.45810	41.949	236	137	0	1	236	1	236	1.21e-64	202
Sori0191	CP@TRINITY_DN5614_c0_g1::CP@TRINITY_DN5614_c0_g1_i1::g.15555::m.15555	42.791	215	123	0	29	243	2	216	1.47e-60	191
ChoanoFB	CP@TRINITY_DN1800_c0_g1::CP@TRINITY_DN1800_c0_g1_i12::g.45810::m.45810	46.400	250	134	0	15	264	1	250	1.74e-78	238
ChoanoFB	CP@TRINITY_DN5614_c0_g1::CP@TRINITY_DN5614_c0_g1_i1::g.15555::m.15555	47.907	215	112	0	43	257	2	216	5.06e-69	213
Rainerin	CP@TRINITY_DN1800_c0_g1::CP@TRINITY_DN1800_c0_g1_i12::g.45810::m.45810	50.000	168	84	0	25	192	1	168	1.34e-56	179
Rainerin	CP@TRINITY_DN5614_c0_g1::CP@TRINITY_DN5614_c0_g1_i1::g.15555::m.15555	56.429	140	61	0	53	192	2	141	2.74e-52	167
AcanthFB	CP@TRINITY_DN1800_c0_g1::CP@TRINITY_DN1800_c0_g1_i12::g.45810::m.45810	45.960	198	107	0	1	198	1	198	1.56e-65	202
AcanthFB	CP@TRINITY_DN5614_c0_g1::CP@TRINITY_DN5614_c0_g1_i1::g.15555::m.15555	52.353	170	81	0	29	198	2	171	1.32e-60	189
Raphhete	CP@TRINITY_DN1800_c0_g1::CP@TRINITY_DN1800_c0_g1_i12::g.45810::m.45810	47.410	251	131	1	20	270	1	250	1.29e-79	241
Raphhete	CP@TRINITY_DN5614_c0_g1::CP@TRINITY_DN5614_c0_g1_i1::g.15555::m.15555	49.767	215	108	0	47	261	1	215	4.99e-76	231
Tricvagi	CP@TRINITY_DN1800_c0_g1::CP@TRINITY_DN1800_c0_g1_i12::g.45810::m.45810	33.333	234	152	2	1	230	1	234	2.98e-49	162
Platmacr	CP@TRINITY_DN1800_c0_g1::CP@TRINITY_DN1800_c0_g1_i12::g.45810::m.45810	40.329	243	144	1	3	244	5	247	5.85e-66	205
Platmacr	CP@TRINITY_DN5614_c0_g1::CP@TRINITY_DN5614_c0_g1_i1::g.15555::m.15555	43.256	215	121	1	27	240	2	216	4.34e-59	187
Paratetr	CP@TRINITY_DN1800_c0_g1::CP@TRINITY_DN1800_c0_g1_i12::g.45810::m.45810	38.462	247	151	1	3	249	5	250	2.37e-64	201
Paratetr	CP@TRINITY_DN5614_c0_g1::CP@TRINITY_DN5614_c0_g1_i1::g.15555::m.15555	40.686	204	121	0	27	230	2	205	5.62e-58	184
Ichtmult	CP@TRINITY_DN1800_c0_g1::CP@TRINITY_DN1800_c0_g1_i12::g.45810::m.45810	37.917	240	149	0	5	244	8	247	3.84e-61	192
Ichtmult	CP@TRINITY_DN5614_c0_g1::CP@TRINITY_DN5614_c0_g1_i1::g.15555::m.15555	35.545	211	136	0	27	237	3	213	3.73e-50	164
Tetrther	CP@TRINITY_DN1800_c0_g1::CP@TRINITY_DN1800_c0_g1_i12::g.45810::m.45810	32.636	239	161	0	3	241	9	247	3.30e-48	159
Tetrther	CP@TRINITY_DN5614_c0_g1::CP@TRINITY_DN5614_c0_g1_i1::g.15555::m.15555	33.493	209	139	0	23	231	2	210	6.43e-43	145
Stencoer	CP@TRINITY_DN1800_c0_g1::CP@TRINITY_DN1800_c0_g1_i12::g.45810::m.45810	40.891	247	145	1	1	246	1	247	1.83e-67	209
Stencoer	CP@TRINITY_DN5614_c0_g1::CP@TRINITY_DN5614_c0_g1_i1::g.15555::m.15555	36.449	214	133	2	29	240	2	214	1.12e-48	160
Protadhe	CP@TRINITY_DN1800_c0_g1::CP@TRINITY_DN1800_c0_g1_i12::g.45810::m.45810	36.032	247	157	1	1	246	1	247	3.76e-56	180
Protadhe	CP@TRINITY_DN5614_c0_g1::CP@TRINITY_DN5614_c0_g1_i1::g.15555::m.15555	37.745	204	126	1	29	231	2	205	1.43e-43	147
Styllemn	CP@TRINITY_DN1800_c0_g1::CP@TRINITY_DN1800_c0_g1_i12::g.45810::m.45810	37.860	243	151	0	3	245	5	247	1.43e-62	196
Styllemn	CP@TRINITY_DN5614_c0_g1::CP@TRINITY_DN5614_c0_g1_i1::g.15555::m.15555	35.749	207	132	1	27	232	2	208	2.87e-43	146
Stroincl	CP@TRINITY_DN1800_c0_g1::CP@TRINITY_DN1800_c0_g1_i12::g.45810::m.45810	39.171	217	132	0	3	219	5	221	2.47e-58	186
Stroincl	CP@TRINITY_DN5614_c0_g1::CP@TRINITY_DN5614_c0_g1_i1::g.15555::m.15555	38.889	198	121	0	27	224	2	199	2.83e-47	156
Thalpseu	CP@TRINITY_DN1800_c0_g1::CP@TRINITY_DN1800_c0_g1_i12::g.45810::m.45810	40.755	265	142	3	1	265	1	250	6.91e-68	211
Thalpseu	CP@TRINITY_DN5614_c0_g1::CP@TRINITY_DN5614_c0_g1_i1::g.15555::m.15555	43.668	229	114	3	28	256	1	214	4.92e-57	182
ChrysoH2	CP@TRINITY_DN1800_c0_g1::CP@TRINITY_DN1800_c0_g1_i12::g.45810::m.45810	38.400	250	132	3	1	233	1	245	2.08e-54	175
ChrysoH2	CP@TRINITY_DN5614_c0_g1::CP@TRINITY_DN5614_c0_g1_i1::g.15555::m.15555	38.182	220	114	4	29	231	2	216	1.42e-43	147
ChrysoH1	CP@TRINITY_DN1800_c0_g1::CP@TRINITY_DN1800_c0_g1_i12::g.45810::m.45810	38.400	250	129	3	1	230	1	245	7.65e-50	164
ChrysoH1	CP@TRINITY_DN5614_c0_g1::CP@TRINITY_DN5614_c0_g1_i1::g.15555::m.15555	38.636	220	110	3	29	228	2	216	1.89e-42	144
EctocSP7	CP@TRINITY_DN1800_c0_g1::CP@TRINITY_DN1800_c0_g1_i12::g.45810::m.45810	48.016	252	129	2	1	252	1	250	4.73e-84	251
EctocSP7	CP@TRINITY_DN5614_c0_g1::CP@TRINITY_DN5614_c0_g1_i1::g.15555::m.15555	49.770	217	108	1	28	244	1	216	1.50e-71	219
Phytpara	CP@TRINITY_DN1800_c0_g1::CP@TRINITY_DN1800_c0_g1_i12::g.45810::m.45810	45.238	252	132	5	1	248	1	250	2.83e-74	226
Phytpara	CP@TRINITY_DN5614_c0_g1::CP@TRINITY_DN5614_c0_g1_i1::g.15555::m.15555	50.962	208	100	2	29	235	2	208	2.18e-69	213
MAST003A	CP@TRINITY_DN5614_c0_g1::CP@TRINITY_DN5614_c0_g1_i1::g.15555::m.15555	44.393	214	118	1	28	241	1	213	1.49e-59	188
MAST003A	CP@TRINITY_DN1800_c0_g1::CP@TRINITY_DN1800_c0_g1_i12::g.45810::m.45810	37.052	251	157	1	1	251	1	250	3.82e-58	186
MAST004E	CP@TRINITY_DN1800_c0_g1::CP@TRINITY_DN1800_c0_g1_i12::g.45810::m.45810	41.502	253	145	2	1	253	1	250	2.27e-62	197
MAST004E	CP@TRINITY_DN5614_c0_g1::CP@TRINITY_DN5614_c0_g1_i1::g.15555::m.15555	41.026	195	114	1	28	222	1	194	5.23e-48	159
MAST04A2	CP@TRINITY_DN1800_c0_g1::CP@TRINITY_DN1800_c0_g1_i12::g.45810::m.45810	38.645	251	153	1	1	251	1	250	4.28e-60	191
MAST04A2	CP@TRINITY_DN5614_c0_g1::CP@TRINITY_DN5614_c0_g1_i1::g.15555::m.15555	40.094	212	125	2	28	239	1	210	1.16e-49	163
BicoCB20	CP@TRINITY_DN1800_c0_g1::CP@TRINITY_DN1800_c0_g1_i12::g.45810::m.45810	42.339	248	142	1	1	248	1	247	1.18e-69	215
BicoCB20	CP@TRINITY_DN5614_c0_g1::CP@TRINITY_DN5614_c0_g1_i1::g.15555::m.15555	48.837	215	109	1	29	243	2	215	4.78e-64	200
Nephpyri	CP@TRINITY_DN1800_c0_g1::CP@TRINITY_DN1800_c0_g1_i12::g.45810::m.45810	51.394	251	122	0	1	251	1	251	2.24e-90	267
Nephpyri	CP@TRINITY_DN5614_c0_g1::CP@TRINITY_DN5614_c0_g1_i1::g.15555::m.15555	52.315	216	103	0	28	243	1	216	5.95e-79	237
Chlarein	CP@TRINITY_DN1800_c0_g1::CP@TRINITY_DN1800_c0_g1_i12::g.45810::m.45810	51.394	251	119	3	1	249	1	250	4.86e-82	246
Chlarein	CP@TRINITY_DN5614_c0_g1::CP@TRINITY_DN5614_c0_g1_i1::g.15555::m.15555	51.389	216	103	2	28	241	1	216	2.71e-70	215
Dunasali	CP@TRINITY_DN1800_c0_g1::CP@TRINITY_DN1800_c0_g1_i12::g.45810::m.45810	48.413	252	127	3	1	250	1	251	1.66e-73	224
Dunasali	CP@TRINITY_DN5614_c0_g1::CP@TRINITY_DN5614_c0_g1_i1::g.15555::m.15555	44.444	216	118	2	28	241	1	216	5.84e-62	194
Chlovari	CP@TRINITY_DN1800_c0_g1::CP@TRINITY_DN1800_c0_g1_i12::g.45810::m.45810	49.004	251	124	3	1	248	1	250	1.35e-77	234
Chlovari	CP@TRINITY_DN5614_c0_g1::CP@TRINITY_DN5614_c0_g1_i1::g.15555::m.15555	47.222	216	111	2	28	240	1	216	2.05e-67	208
Tetrasti	CP@TRINITY_DN1800_c0_g1::CP@TRINITY_DN1800_c0_g1_i12::g.45810::m.45810	52.778	252	115	3	1	249	1	251	5.15e-84	251
Tetrasti	CP@TRINITY_DN5614_c0_g1::CP@TRINITY_DN5614_c0_g1_i1::g.15555::m.15555	50.000	216	105	2	28	240	1	216	9.63e-71	216
Prascaps	CP@TRINITY_DN1800_c0_g1::CP@TRINITY_DN1800_c0_g1_i12::g.45810::m.45810	51.190	252	121	2	1	251	1	251	1.46e-82	247
Prascaps	CP@TRINITY_DN5614_c0_g1::CP@TRINITY_DN5614_c0_g1_i1::g.15555::m.15555	53.704	216	99	1	28	242	1	216	7.62e-77	232
Charbrau	CP@TRINITY_DN1800_c0_g1::CP@TRINITY_DN1800_c0_g1_i12::g.45810::m.45810	49.801	251	124	2	1	250	1	250	5.17e-84	251
Charbrau	CP@TRINITY_DN5614_c0_g1::CP@TRINITY_DN5614_c0_g1_i1::g.15555::m.15555	57.209	215	91	1	29	242	2	216	1.04e-80	242
Arabthal	CP@TRINITY_DN1800_c0_g1::CP@TRINITY_DN1800_c0_g1_i12::g.45810::m.45810	48.780	246	125	1	103	347	1	246	8.13e-82	249
Arabthal	CP@TRINITY_DN5614_c0_g1::CP@TRINITY_DN5614_c0_g1_i1::g.15555::m.15555	51.628	215	103	1	131	344	2	216	1.44e-74	230
Mesoviri	CP@TRINITY_DN1800_c0_g1::CP@TRINITY_DN1800_c0_g1_i12::g.45810::m.45810	51.600	250	120	1	1	249	1	250	9.17e-89	263
Mesoviri	CP@TRINITY_DN5614_c0_g1::CP@TRINITY_DN5614_c0_g1_i1::g.15555::m.15555	52.778	216	101	1	28	242	1	216	3.86e-75	228
Pyrapark	CP@TRINITY_DN1800_c0_g1::CP@TRINITY_DN1800_c0_g1_i12::g.45810::m.45810	47.012	251	132	1	1	250	1	251	1.18e-82	248
Pyrapark	CP@TRINITY_DN5614_c0_g1::CP@TRINITY_DN5614_c0_g1_i1::g.15555::m.15555	53.704	216	99	1	28	242	1	216	1.83e-81	244
Prassing	CP@TRINITY_DN1800_c0_g1::CP@TRINITY_DN1800_c0_g1_i12::g.45810::m.45810	50.000	250	124	1	19	267	1	250	7.56e-80	241
Prassing	CP@TRINITY_DN5614_c0_g1::CP@TRINITY_DN5614_c0_g1_i1::g.15555::m.15555	51.628	215	103	1	47	260	2	216	2.74e-69	213
Trypbruc	CP@TRINITY_DN1800_c0_g1::CP@TRINITY_DN1800_c0_g1_i12::g.45810::m.45810	41.048	229	134	1	3	230	5	233	2.28e-61	192
Trypbruc	CP@TRINITY_DN5614_c0_g1::CP@TRINITY_DN5614_c0_g1_i1::g.15555::m.15555	41.667	204	118	1	27	229	2	205	2.20e-54	174
Leismajo	CP@TRINITY_DN1800_c0_g1::CP@TRINITY_DN1800_c0_g1_i12::g.45810::m.45810	40.773	233	137	1	1	232	1	233	1.17e-61	194
Leismajo	CP@TRINITY_DN5614_c0_g1::CP@TRINITY_DN5614_c0_g1_i1::g.15555::m.15555	45.026	191	104	1	29	218	2	192	3.06e-55	176
Leptpyrr	CP@TRINITY_DN1800_c0_g1::CP@TRINITY_DN1800_c0_g1_i12::g.45810::m.45810	41.202	233	136	1	1	232	1	233	7.63e-61	191
Leptpyrr	CP@TRINITY_DN5614_c0_g1::CP@TRINITY_DN5614_c0_g1_i1::g.15555::m.15555	43.781	201	112	1	29	228	2	202	7.05e-55	176
Plasbras	CP@TRINITY_DN1800_c0_g1::CP@TRINITY_DN1800_c0_g1_i12::g.45810::m.45810	41.532	248	143	2	1	247	4	250	1.55e-67	209
Plasbras	CP@TRINITY_DN5614_c0_g1::CP@TRINITY_DN5614_c0_g1_i1::g.15555::m.15555	49.519	208	104	1	26	232	2	209	3.76e-67	207
Leptvora	CP@TRINITY_DN1800_c0_g1::CP@TRINITY_DN1800_c0_g1_i12::g.45810::m.45810	44.130	247	135	1	1	244	1	247	2.90e-69	213
Leptvora	CP@TRINITY_DN5614_c0_g1::CP@TRINITY_DN5614_c0_g1_i1::g.15555::m.15555	49.528	212	107	0	29	240	2	213	1.74e-67	208
Lapoguse	CP@TRINITY_DN1800_c0_g1::CP@TRINITY_DN1800_c0_g1_i12::g.45810::m.45810	47.638	254	128	2	1	253	1	250	2.13e-76	232
Lapoguse	CP@TRINITY_DN5614_c0_g1::CP@TRINITY_DN5614_c0_g1_i1::g.15555::m.15555	53.589	209	97	0	28	236	1	209	1.62e-74	226
Aurisoli	CP@TRINITY_DN1800_c0_g1::CP@TRINITY_DN1800_c0_g1_i12::g.45810::m.45810	45.200	250	133	2	24	272	1	247	3.38e-73	225
Aurisoli	CP@TRINITY_DN5614_c0_g1::CP@TRINITY_DN5614_c0_g1_i1::g.15555::m.15555	46.759	216	114	1	51	265	1	216	1.36e-65	204
Paulchro	CP@TRINITY_DN1800_c0_g1::CP@TRINITY_DN1800_c0_g1_i12::g.45810::m.45810	45.306	245	133	1	1	244	1	245	3.86e-72	221
Paulchro	CP@TRINITY_DN5614_c0_g1::CP@TRINITY_DN5614_c0_g1_i1::g.15555::m.15555	48.148	216	111	1	28	242	1	216	4.00e-65	202
Bigenata	CP@TRINITY_DN1800_c0_g1::CP@TRINITY_DN1800_c0_g1_i12::g.45810::m.45810	43.600	250	141	0	1	250	1	250	4.93e-75	229
Bigenata	CP@TRINITY_DN5614_c0_g1::CP@TRINITY_DN5614_c0_g1_i1::g.15555::m.15555	44.860	214	118	0	28	241	1	214	9.75e-62	194
Phaeglob	CP@TRINITY_DN1800_c0_g1::CP@TRINITY_DN1800_c0_g1_i12::g.45810::m.45810	44.800	250	136	2	30	277	1	250	7.25e-67	208
Phaeglob	CP@TRINITY_DN5614_c0_g1::CP@TRINITY_DN5614_c0_g1_i1::g.15555::m.15555	48.131	214	110	1	58	270	2	215	9.05e-64	200
Calclept	CP@TRINITY_DN1800_c0_g1::CP@TRINITY_DN1800_c0_g1_i12::g.45810::m.45810	48.963	241	122	1	1	240	1	241	4.05e-73	223
Calclept	CP@TRINITY_DN5614_c0_g1::CP@TRINITY_DN5614_c0_g1_i1::g.15555::m.15555	51.389	216	104	1	28	242	1	216	2.77e-72	220
Oxyrmari	CP@TRINITY_DN1800_c0_g1::CP@TRINITY_DN1800_c0_g1_i12::g.45810::m.45810	45.344	247	134	1	1	246	1	247	1.66e-74	227
Oxyrmari	CP@TRINITY_DN5614_c0_g1::CP@TRINITY_DN5614_c0_g1_i1::g.15555::m.15555	46.512	215	114	1	29	242	2	216	3.22e-63	197
Noctscin	CP@TRINITY_DN1800_c0_g1::CP@TRINITY_DN1800_c0_g1_i12::g.45810::m.45810	46.063	254	127	4	21	273	6	250	2.60e-67	209
Noctscin	CP@TRINITY_DN5614_c0_g1::CP@TRINITY_DN5614_c0_g1_i1::g.15555::m.15555	40.367	218	120	4	44	260	2	210	3.78e-45	152
HemaVICK	CP@TRINITY_DN1800_c0_g1::CP@TRINITY_DN1800_c0_g1_i12::g.45810::m.45810	46.000	250	134	1	1	249	1	250	4.74e-77	233
HemaVICK	CP@TRINITY_DN5614_c0_g1::CP@TRINITY_DN5614_c0_g1_i1::g.15555::m.15555	47.442	215	112	1	29	242	2	216	1.26e-66	206
Plasfalc	CP@TRINITY_DN1800_c0_g1::CP@TRINITY_DN1800_c0_g1_i12::g.45810::m.45810	29.317	249	172	2	1	249	1	245	6.04e-47	156
Colpangu	CP@TRINITY_DN1800_c0_g1::CP@TRINITY_DN1800_c0_g1_i12::g.45810::m.45810	43.725	247	139	0	1	247	1	247	7.87e-74	225
Colpangu	CP@TRINITY_DN5614_c0_g1::CP@TRINITY_DN5614_c0_g1_i1::g.15555::m.15555	41.667	204	119	0	29	232	2	205	1.02e-54	176
Alphedax	CP@TRINITY_DN1800_c0_g1::CP@TRINITY_DN1800_c0_g1_i12::g.45810::m.45810	55.639	133	59	0	17	149	1	133	1.55e-50	162
Vitrbras	CP@TRINITY_DN5614_c0_g1::CP@TRINITY_DN5614_c0_g1_i1::g.15555::m.15555	49.309	217	108	1	295	511	2	216	5.50e-67	216
Vitrbras	CP@TRINITY_DN5614_c0_g1::CP@TRINITY_DN5614_c0_g1_i1::g.15555::m.15555	49.505	202	100	1	26	227	2	201	6.72e-63	205
Vitrbras	CP@TRINITY_DN1800_c0_g1::CP@TRINITY_DN1800_c0_g1_i12::g.45810::m.45810	48.148	216	110	1	1	216	4	217	6.57e-65	211
Vitrbras	CP@TRINITY_DN1800_c0_g1::CP@TRINITY_DN1800_c0_g1_i12::g.45810::m.45810	44.348	230	126	1	289	518	23	250	1.97e-58	194
Hemikukw	CP@TRINITY_DN1800_c0_g1::CP@TRINITY_DN1800_c0_g1_i12::g.45810::m.45810	45.161	248	134	2	1	247	1	247	2.73e-72	221
Hemikukw	CP@TRINITY_DN5614_c0_g1::CP@TRINITY_DN5614_c0_g1_i1::g.15555::m.15555	49.537	216	107	2	28	242	1	215	5.40e-68	209
SpirCILI	CP@TRINITY_DN1800_c0_g1::CP@TRINITY_DN1800_c0_g1_i12::g.45810::m.45810	49.160	238	119	2	15	251	1	237	4.75e-81	244
SpirCILI	CP@TRINITY_DN5614_c0_g1::CP@TRINITY_DN5614_c0_g1_i1::g.15555::m.15555	48.611	216	109	2	43	257	2	216	5.01e-70	215
Guilthet	CP@TRINITY_DN1800_c0_g1::CP@TRINITY_DN1800_c0_g1_i12::g.45810::m.45810	49.200	250	126	1	1	249	1	250	1.48e-85	255
Guilthet	CP@TRINITY_DN5614_c0_g1::CP@TRINITY_DN5614_c0_g1_i1::g.15555::m.15555	54.884	215	96	1	29	242	2	216	2.92e-81	243
Gemicryo	CP@TRINITY_DN1800_c0_g1::CP@TRINITY_DN1800_c0_g1_i12::g.45810::m.45810	50.000	250	124	1	11	259	1	250	3.90e-86	257
Gemicryo	CP@TRINITY_DN5614_c0_g1::CP@TRINITY_DN5614_c0_g1_i1::g.15555::m.15555	55.093	216	94	2	39	252	2	216	1.98e-80	241
Hemirufe	CP@TRINITY_DN1800_c0_g1::CP@TRINITY_DN1800_c0_g1_i12::g.45810::m.45810	48.207	251	129	1	1	250	1	251	1.15e-85	255
Hemirufe	CP@TRINITY_DN5614_c0_g1::CP@TRINITY_DN5614_c0_g1_i1::g.15555::m.15555	52.778	216	101	1	28	242	1	216	1.42e-79	239
Goniavon	CP@TRINITY_DN1800_c0_g1::CP@TRINITY_DN1800_c0_g1_i12::g.45810::m.45810	51.200	250	121	1	33	281	1	250	1.01e-85	256
Goniavon	CP@TRINITY_DN5614_c0_g1::CP@TRINITY_DN5614_c0_g1_i1::g.15555::m.15555	58.333	216	89	1	60	274	1	216	2.14e-82	247
Styginca	CP@TRINITY_DN1800_c0_g1::CP@TRINITY_DN1800_c0_g1_i12::g.45810::m.45810	42.000	250	144	1	1	249	1	250	2.62e-73	224
Styginca	CP@TRINITY_DN5614_c0_g1::CP@TRINITY_DN5614_c0_g1_i1::g.15555::m.15555	43.981	216	120	1	28	242	1	216	2.71e-64	200
Andagodo	CP@TRINITY_DN1800_c0_g1::CP@TRINITY_DN1800_c0_g1_i12::g.45810::m.45810	47.451	255	126	4	1	252	1	250	2.65e-76	231
Andagodo	CP@TRINITY_DN5614_c0_g1::CP@TRINITY_DN5614_c0_g1_i1::g.15555::m.15555	46.842	190	99	2	29	217	2	190	6.70e-55	176
Dictdisc	CP@TRINITY_DN5614_c0_g1::CP@TRINITY_DN5614_c0_g1_i1::g.15555::m.15555	57.870	216	90	1	28	242	1	216	2.43e-87	258
Dictdisc	CP@TRINITY_DN1800_c0_g1::CP@TRINITY_DN1800_c0_g1_i12::g.45810::m.45810	49.187	246	124	1	1	245	1	246	1.72e-84	252
Capsowcz	CP@TRINITY_DN1800_c0_g1::CP@TRINITY_DN1800_c0_g1_i12::g.45810::m.45810	49.200	250	126	1	1	249	1	250	2.50e-91	270
Capsowcz	CP@TRINITY_DN5614_c0_g1::CP@TRINITY_DN5614_c0_g1_i1::g.15555::m.15555	57.209	215	91	1	29	242	2	216	1.54e-87	259
Coralima	CP@TRINITY_DN1800_c0_g1::CP@TRINITY_DN1800_c0_g1_i12::g.45810::m.45810	51.394	251	120	2	1	250	1	250	2.03e-90	267
Coralima	CP@TRINITY_DN5614_c0_g1::CP@TRINITY_DN5614_c0_g1_i1::g.15555::m.15555	58.796	216	88	1	28	242	1	216	4.44e-86	255
Pigoviet	CP@TRINITY_DN1800_c0_g1::CP@TRINITY_DN1800_c0_g1_i12::g.45810::m.45810	51.200	250	121	1	16	264	1	250	9.45e-93	274
Pigoviet	CP@TRINITY_DN5614_c0_g1::CP@TRINITY_DN5614_c0_g1_i1::g.15555::m.15555	60.930	215	83	1	43	256	1	215	4.44e-91	268
Pigoviet	CP@TRINITY_DN9380_c2_g1::CP@TRINITY_DN9380_c2_g1_i5::g.30619::m.30619	36.889	225	138	3	23	246	3	224	1.11e-42	145
Pigoviet	CP@TRINITY_DN9380_c2_g1::CP@TRINITY_DN9380_c2_g1_i2::g.30617::m.30617	36.889	225	138	3	23	246	3	224	1.11e-42	145
Pigoviet	CP@TRINITY_DN9380_c2_g1::CP@TRINITY_DN9380_c2_g1_i1::g.30616::m.30616	36.889	225	138	3	23	246	3	224	1.11e-42	145
Syssmult	CP@TRINITY_DN1800_c0_g1::CP@TRINITY_DN1800_c0_g1_i12::g.45810::m.45810	53.200	250	116	1	1	249	1	250	5.98e-94	276
Syssmult	CP@TRINITY_DN5614_c0_g1::CP@TRINITY_DN5614_c0_g1_i1::g.15555::m.15555	61.111	216	83	1	28	242	1	216	1.95e-93	274
Syssmult	CP@TRINITY_DN1800_c0_g1::CP@TRINITY_DN1800_c0_g1_i15::g.45815::m.45815	48.966	145	72	2	106	249	2	145	1.83e-41	139
Syssmult	CP@TRINITY_DN1800_c0_g1::CP@TRINITY_DN1800_c0_g1_i13::g.45811::m.45811	48.966	145	72	2	106	249	2	145	1.83e-41	139
Creofrag	CP@TRINITY_DN1800_c0_g1::CP@TRINITY_DN1800_c0_g1_i12::g.45810::m.45810	50.400	250	123	1	1	249	1	250	1.33e-91	270
Creofrag	CP@TRINITY_DN5614_c0_g1::CP@TRINITY_DN5614_c0_g1_i1::g.15555::m.15555	51.852	216	103	1	28	242	1	216	1.82e-80	241
Creofrag	CP@TRINITY_DN1800_c0_g1::CP@TRINITY_DN1800_c0_g1_i15::g.45815::m.45815	44.444	144	79	1	107	249	3	146	9.93e-43	142
Creofrag	CP@TRINITY_DN1800_c0_g1::CP@TRINITY_DN1800_c0_g1_i13::g.45811::m.45811	44.444	144	79	1	107	249	3	146	9.93e-43	142
Nemavect	CP@TRINITY_DN5614_c0_g1::CP@TRINITY_DN5614_c0_g1_i1::g.15555::m.15555	64.815	216	75	1	28	242	1	216	7.06e-104	301
Nemavect	CP@TRINITY_DN1800_c0_g1::CP@TRINITY_DN1800_c0_g1_i12::g.45810::m.45810	52.191	251	118	2	1	250	1	250	5.29e-94	276
Nemavect	CP@TRINITY_DN1800_c0_g1::CP@TRINITY_DN1800_c0_g1_i15::g.45815::m.45815	45.205	146	78	2	106	250	2	146	1.47e-42	142
Nemavect	CP@TRINITY_DN1800_c0_g1::CP@TRINITY_DN1800_c0_g1_i13::g.45811::m.45811	45.205	146	78	2	106	250	2	146	1.47e-42	142
Homosapi	CP@TRINITY_DN5614_c0_g1::CP@TRINITY_DN5614_c0_g1_i1::g.15555::m.15555	66.047	215	73	0	29	243	2	216	1.18e-109	315
Homosapi	CP@TRINITY_DN1800_c0_g1::CP@TRINITY_DN1800_c0_g1_i12::g.45810::m.45810	52.381	252	118	1	1	252	1	250	1.15e-95	281
Homosapi	CP@TRINITY_DN1800_c0_g1::CP@TRINITY_DN1800_c0_g1_i15::g.45815::m.45815	48.630	146	73	1	107	252	3	146	8.60e-47	152
Homosapi	CP@TRINITY_DN1800_c0_g1::CP@TRINITY_DN1800_c0_g1_i13::g.45811::m.45811	48.630	146	73	1	107	252	3	146	8.60e-47	152
Monobrev	CP@TRINITY_DN5614_c0_g1::CP@TRINITY_DN5614_c0_g1_i1::g.15555::m.15555	43.320	247	107	2	366	612	2	215	3.24e-63	208
Monobrev	CP@TRINITY_DN1800_c0_g1::CP@TRINITY_DN1800_c0_g1_i12::g.45810::m.45810	43.049	223	127	0	345	567	8	230	1.61e-60	202
Sphadest	CP@TRINITY_DN1800_c0_g1::CP@TRINITY_DN1800_c0_g1_i12::g.45810::m.45810	46.614	251	132	2	1	249	1	251	9.68e-83	248
Sphadest	CP@TRINITY_DN5614_c0_g1::CP@TRINITY_DN5614_c0_g1_i1::g.15555::m.15555	51.852	216	103	1	28	242	1	216	4.09e-82	245
Thectrah	CP@TRINITY_DN1800_c0_g1::CP@TRINITY_DN1800_c0_g1_i12::g.45810::m.45810	49.798	247	124	0	1	247	1	247	1.97e-87	259
Thectrah	CP@TRINITY_DN5614_c0_g1::CP@TRINITY_DN5614_c0_g1_i1::g.15555::m.15555	48.826	213	109	0	28	240	1	213	1.36e-71	219
Protfung	CP@TRINITY_DN1800_c0_g1::CP@TRINITY_DN1800_c0_g1_i12::g.45810::m.45810	50.000	190	94	1	60	248	8	197	6.52e-70	215
Protfung	CP@TRINITY_DN5614_c0_g1::CP@TRINITY_DN5614_c0_g1_i1::g.15555::m.15555	53.254	169	78	1	81	248	2	170	1.27e-60	191
Physpoly	CP@TRINITY_DN5614_c0_g1::CP@TRINITY_DN5614_c0_g1_i1::g.15555::m.15555	56.279	215	93	1	44	257	2	216	5.55e-85	253
Physpoly	CP@TRINITY_DN1800_c0_g1::CP@TRINITY_DN1800_c0_g1_i12::g.45810::m.45810	48.319	238	122	1	23	259	8	245	2.62e-83	249
Acancast	CP@TRINITY_DN1800_c0_g1::CP@TRINITY_DN1800_c0_g1_i12::g.45810::m.45810	52.632	247	116	1	1	246	1	247	1.56e-91	270
Acancast	CP@TRINITY_DN5614_c0_g1::CP@TRINITY_DN5614_c0_g1_i1::g.15555::m.15555	53.488	215	99	1	29	242	2	216	2.08e-78	236
Chatsubs	CP@TRINITY_DN1800_c0_g1::CP@TRINITY_DN1800_c0_g1_i12::g.45810::m.45810	46.825	252	132	2	21	272	1	250	3.01e-78	237
Chatsubs	CP@TRINITY_DN5614_c0_g1::CP@TRINITY_DN5614_c0_g1_i1::g.15555::m.15555	46.759	216	114	1	49	264	2	216	1.65e-67	209
Heteakas	CP@TRINITY_DN1800_c0_g1::CP@TRINITY_DN1800_c0_g1_i12::g.45810::m.45810	48.016	252	129	2	16	267	1	250	1.11e-82	248
Heteakas	CP@TRINITY_DN5614_c0_g1::CP@TRINITY_DN5614_c0_g1_i1::g.15555::m.15555	47.926	217	112	1	43	259	1	216	9.23e-71	217
Heteakas	CP@TRINITY_DN1800_c0_g1::CP@TRINITY_DN1800_c0_g1_i15::g.45815::m.45815	47.260	146	75	2	122	267	3	146	3.28e-41	139
Heteakas	CP@TRINITY_DN1800_c0_g1::CP@TRINITY_DN1800_c0_g1_i13::g.45811::m.45811	47.260	146	75	2	122	267	3	146	3.28e-41	139
Pela2097	CP@TRINITY_DN1800_c0_g1::CP@TRINITY_DN1800_c0_g1_i12::g.45810::m.45810	41.833	251	145	1	1	251	1	250	4.99e-69	215
Pela2097	CP@TRINITY_DN5614_c0_g1::CP@TRINITY_DN5614_c0_g1_i1::g.15555::m.15555	46.047	215	115	1	28	242	1	214	1.09e-64	203
Chryfrag	CP@TRINITY_DN1800_c0_g1::CP@TRINITY_DN1800_c0_g1_i12::g.45810::m.45810	40.000	250	149	1	2	251	2	250	2.06e-64	204
Chryfrag	CP@TRINITY_DN5614_c0_g1::CP@TRINITY_DN5614_c0_g1_i1::g.15555::m.15555	45.413	218	114	2	28	243	1	215	3.70e-62	198
Aurelagu	CP@TRINITY_DN1800_c0_g1::CP@TRINITY_DN1800_c0_g1_i12::g.45810::m.45810	41.935	248	143	1	1	248	4	250	6.74e-68	210
Aurelagu	CP@TRINITY_DN5614_c0_g1::CP@TRINITY_DN5614_c0_g1_i1::g.15555::m.15555	44.186	215	119	1	26	240	2	215	6.40e-63	197
Aureanop	CP@TRINITY_DN1800_c0_g1::CP@TRINITY_DN1800_c0_g1_i12::g.45810::m.45810	44.622	251	138	1	1	251	1	250	4.24e-78	236
Aureanop	CP@TRINITY_DN5614_c0_g1::CP@TRINITY_DN5614_c0_g1_i1::g.15555::m.15555	44.186	215	119	1	28	242	1	214	8.86e-64	199
Pelasubv	CP@TRINITY_DN1800_c0_g1::CP@TRINITY_DN1800_c0_g1_i12::g.45810::m.45810	42.629	251	143	1	1	251	1	250	4.59e-73	223
Pelasubv	CP@TRINITY_DN5614_c0_g1::CP@TRINITY_DN5614_c0_g1_i1::g.15555::m.15555	45.116	215	117	1	28	242	1	214	1.35e-64	201
Pelacalc	CP@TRINITY_DN1800_c0_g1::CP@TRINITY_DN1800_c0_g1_i12::g.45810::m.45810	44.622	251	138	1	62	312	1	250	4.13e-73	226
Pelacalc	CP@TRINITY_DN5614_c0_g1::CP@TRINITY_DN5614_c0_g1_i1::g.15555::m.15555	43.721	215	120	1	89	303	1	214	2.64e-60	192
Flor1587	CP@TRINITY_DN1800_c0_g1::CP@TRINITY_DN1800_c0_g1_i12::g.45810::m.45810	46.429	252	133	2	12	263	1	250	3.93e-77	234
Flor1587	CP@TRINITY_DN5614_c0_g1::CP@TRINITY_DN5614_c0_g1_i1::g.15555::m.15555	49.767	215	107	1	39	253	1	214	3.32e-71	218
Octaspec	CP@TRINITY_DN1800_c0_g1::CP@TRINITY_DN1800_c0_g1_i12::g.45810::m.45810	44.048	252	139	2	23	274	1	250	5.38e-72	221
Octaspec	CP@TRINITY_DN5614_c0_g1::CP@TRINITY_DN5614_c0_g1_i1::g.15555::m.15555	50.000	214	106	1	50	263	1	213	3.35e-68	211
Rhiz1243	CP@TRINITY_DN1800_c0_g1::CP@TRINITY_DN1800_c0_g1_i12::g.45810::m.45810	46.215	251	133	2	1	251	1	249	7.36e-76	231
Rhiz1243	CP@TRINITY_DN5614_c0_g1::CP@TRINITY_DN5614_c0_g1_i1::g.15555::m.15555	46.296	216	115	1	28	243	1	215	2.26e-63	198
Pedi2098	CP@TRINITY_DN1800_c0_g1::CP@TRINITY_DN1800_c0_g1_i12::g.45810::m.45810	43.600	250	139	2	2	251	3	250	5.63e-68	210
Pedi2098	CP@TRINITY_DN5614_c0_g1::CP@TRINITY_DN5614_c0_g1_i1::g.15555::m.15555	46.047	215	115	1	27	241	1	214	8.63e-63	196
Pseuelas	CP@TRINITY_DN1800_c0_g1::CP@TRINITY_DN1800_c0_g1_i12::g.45810::m.45810	44.841	252	137	2	1	252	1	250	1.92e-71	219
Pseuelas	CP@TRINITY_DN5614_c0_g1::CP@TRINITY_DN5614_c0_g1_i1::g.15555::m.15555	46.512	215	114	1	28	242	1	214	6.33e-63	197
Tripeleu	CP@TRINITY_DN1800_c0_g1::CP@TRINITY_DN1800_c0_g1_i12::g.45810::m.45810	41.434	251	145	2	1	250	1	250	5.26e-61	192
Tripeleu	CP@TRINITY_DN5614_c0_g1::CP@TRINITY_DN5614_c0_g1_i1::g.15555::m.15555	38.318	214	130	2	28	240	1	213	6.44e-46	153
Phaetric	CP@TRINITY_DN1800_c0_g1::CP@TRINITY_DN1800_c0_g1_i12::g.45810::m.45810	44.961	258	134	5	1	258	1	250	2.64e-66	206
Phaetric	CP@TRINITY_DN5614_c0_g1::CP@TRINITY_DN5614_c0_g1_i1::g.15555::m.15555	37.668	223	131	5	28	250	1	215	2.99e-44	149
Psuemult	CP@TRINITY_DN1800_c0_g1::CP@TRINITY_DN1800_c0_g1_i12::g.45810::m.45810	43.359	256	139	4	1	256	1	250	1.38e-67	210
Psuemult	CP@TRINITY_DN5614_c0_g1::CP@TRINITY_DN5614_c0_g1_i1::g.15555::m.15555	40.639	219	124	4	28	246	1	213	6.72e-51	166
Fragcyli	CP@TRINITY_DN1800_c0_g1::CP@TRINITY_DN1800_c0_g1_i12::g.45810::m.45810	42.969	256	140	4	1	256	1	250	1.63e-64	202
Fragcyli	CP@TRINITY_DN5614_c0_g1::CP@TRINITY_DN5614_c0_g1_i1::g.15555::m.15555	38.182	220	130	4	28	247	1	214	7.42e-48	158
Syncpusi	CP@TRINITY_DN1800_c0_g1::CP@TRINITY_DN1800_c0_g1_i12::g.45810::m.45810	43.725	247	138	1	2	248	1	246	5.19e-72	221
Syncpusi	CP@TRINITY_DN5614_c0_g1::CP@TRINITY_DN5614_c0_g1_i1::g.15555::m.15555	44.444	216	119	1	30	245	2	216	1.46e-60	191
Mallmari	CP@TRINITY_DN1800_c0_g1::CP@TRINITY_DN1800_c0_g1_i12::g.45810::m.45810	41.463	246	139	2	1	246	1	241	2.25e-65	204
Mallmari	CP@TRINITY_DN5614_c0_g1::CP@TRINITY_DN5614_c0_g1_i1::g.15555::m.15555	44.796	221	117	2	28	248	1	216	2.45e-61	193
Dino2267	CP@TRINITY_DN1800_c0_g1::CP@TRINITY_DN1800_c0_g1_i12::g.45810::m.45810	41.633	245	138	3	9	253	1	240	6.80e-57	183
Dino2267	CP@TRINITY_DN5614_c0_g1::CP@TRINITY_DN5614_c0_g1_i1::g.15555::m.15555	44.091	220	118	2	37	256	2	216	1.29e-55	179
Ochr2298	CP@TRINITY_DN1800_c0_g1::CP@TRINITY_DN1800_c0_g1_i12::g.45810::m.45810	42.800	250	138	2	1	250	1	245	6.90e-66	206
Ochr2298	CP@TRINITY_DN5614_c0_g1::CP@TRINITY_DN5614_c0_g1_i1::g.15555::m.15555	41.364	220	124	2	29	248	2	216	2.36e-53	172
Pedoelon	CP@TRINITY_DN1800_c0_g1::CP@TRINITY_DN1800_c0_g1_i12::g.45810::m.45810	41.200	250	142	2	1	250	1	245	4.60e-61	193
Pedoelon	CP@TRINITY_DN5614_c0_g1::CP@TRINITY_DN5614_c0_g1_i1::g.15555::m.15555	42.534	221	122	2	28	248	1	216	2.06e-55	178
Paravest	CP@TRINITY_DN1800_c0_g1::CP@TRINITY_DN1800_c0_g1_i12::g.45810::m.45810	42.000	250	135	3	1	249	1	241	5.04e-65	203
Paravest	CP@TRINITY_DN5614_c0_g1::CP@TRINITY_DN5614_c0_g1_i1::g.15555::m.15555	44.811	212	109	2	29	240	2	205	9.29e-58	184
Fibrjapo	CP@TRINITY_DN1800_c0_g1::CP@TRINITY_DN1800_c0_g1_i12::g.45810::m.45810	47.638	254	129	2	1	254	1	250	6.63e-80	241
Fibrjapo	CP@TRINITY_DN5614_c0_g1::CP@TRINITY_DN5614_c0_g1_i1::g.15555::m.15555	47.032	219	113	1	28	246	1	216	9.34e-70	214
Saprdecl	CP@TRINITY_DN1800_c0_g1::CP@TRINITY_DN1800_c0_g1_i12::g.45810::m.45810	45.238	252	135	3	1	251	1	250	9.13e-74	225
Saprdecl	CP@TRINITY_DN5614_c0_g1::CP@TRINITY_DN5614_c0_g1_i1::g.15555::m.15555	52.582	213	99	2	29	240	2	213	1.12e-71	219
Albulaib	CP@TRINITY_DN1800_c0_g1::CP@TRINITY_DN1800_c0_g1_i12::g.45810::m.45810	45.238	252	135	3	1	251	1	250	4.79e-77	233
Albulaib	CP@TRINITY_DN5614_c0_g1::CP@TRINITY_DN5614_c0_g1_i1::g.15555::m.15555	47.887	213	109	2	29	240	2	213	4.11e-68	210
Pythirre	CP@TRINITY_DN1800_c0_g1::CP@TRINITY_DN1800_c0_g1_i12::g.45810::m.45810	43.825	251	129	5	1	240	1	250	2.60e-70	216
Pythirre	CP@TRINITY_DN5614_c0_g1::CP@TRINITY_DN5614_c0_g1_i1::g.15555::m.15555	50.481	208	93	3	29	227	2	208	2.41e-66	205
Wobbluna	CP@TRINITY_DN1800_c0_g1::CP@TRINITY_DN1800_c0_g1_i12::g.45810::m.45810	45.565	248	134	1	1	248	1	247	1.88e-75	229
Wobbluna	CP@TRINITY_DN5614_c0_g1::CP@TRINITY_DN5614_c0_g1_i1::g.15555::m.15555	42.056	214	123	1	29	242	2	214	5.14e-54	174
PlacCLAB	CP@TRINITY_DN1800_c0_g1::CP@TRINITY_DN1800_c0_g1_i12::g.45810::m.45810	47.809	251	130	1	9	259	1	250	2.16e-77	235
PlacCLAB	CP@TRINITY_DN5614_c0_g1::CP@TRINITY_DN5614_c0_g1_i1::g.15555::m.15555	47.442	215	112	1	36	250	1	214	2.41e-65	203
Caferoen	CP@TRINITY_DN5614_c0_g1::CP@TRINITY_DN5614_c0_g1_i1::g.15555::m.15555	37.500	216	134	1	32	247	2	216	5.86e-47	156
Haloseos	CP@TRINITY_DN1800_c0_g1::CP@TRINITY_DN1800_c0_g1_i12::g.45810::m.45810	39.841	251	150	1	1	251	1	250	4.27e-64	201
Haloseos	CP@TRINITY_DN5614_c0_g1::CP@TRINITY_DN5614_c0_g1_i1::g.15555::m.15555	42.991	214	121	1	28	241	1	213	4.96e-55	177
Cantmars	CP@TRINITY_DN1800_c0_g1::CP@TRINITY_DN1800_c0_g1_i12::g.45810::m.45810	36.214	243	152	2	5	246	7	247	9.06e-52	169
Cantmars	CP@TRINITY_DN5614_c0_g1::CP@TRINITY_DN5614_c0_g1_i1::g.15555::m.15555	38.500	200	122	1	26	225	1	199	5.56e-44	148
Schiaggr	CP@TRINITY_DN1800_c0_g1::CP@TRINITY_DN1800_c0_g1_i12::g.45810::m.45810	42.460	252	143	2	1	252	1	250	3.60e-71	219
Schiaggr	CP@TRINITY_DN5614_c0_g1::CP@TRINITY_DN5614_c0_g1_i1::g.15555::m.15555	42.056	214	123	1	29	242	2	214	2.05e-54	175
ThraLLF1	CP@TRINITY_DN1800_c0_g1::CP@TRINITY_DN1800_c0_g1_i12::g.45810::m.45810	40.891	247	145	1	20	266	1	246	1.47e-67	210
ThraLLF1	CP@TRINITY_DN5614_c0_g1::CP@TRINITY_DN5614_c0_g1_i1::g.15555::m.15555	40.000	215	128	1	48	262	2	215	3.34e-52	170
Auralima	CP@TRINITY_DN1800_c0_g1::CP@TRINITY_DN1800_c0_g1_i12::g.45810::m.45810	40.239	251	148	2	1	250	1	250	1.01e-62	197
Auralima	CP@TRINITY_DN5614_c0_g1::CP@TRINITY_DN5614_c0_g1_i1::g.15555::m.15555	39.070	215	130	1	29	243	2	215	8.37e-50	163
Deveeleg	CP@TRINITY_DN1800_c0_g1::CP@TRINITY_DN1800_c0_g1_i12::g.45810::m.45810	42.292	253	143	3	16	268	1	250	8.60e-64	200
Deveeleg	CP@TRINITY_DN5614_c0_g1::CP@TRINITY_DN5614_c0_g1_i1::g.15555::m.15555	42.396	217	123	2	44	260	2	216	2.10e-56	181
Pingpyre	CP@TRINITY_DN1800_c0_g1::CP@TRINITY_DN1800_c0_g1_i12::g.45810::m.45810	42.460	252	143	2	1	252	1	250	9.40e-67	213
Pingpyre	CP@TRINITY_DN5614_c0_g1::CP@TRINITY_DN5614_c0_g1_i1::g.15555::m.15555	43.256	215	121	1	29	243	2	215	9.16e-57	186
Paheparv	CP@TRINITY_DN1800_c0_g1::CP@TRINITY_DN1800_c0_g1_i12::g.45810::m.45810	43.083	253	141	2	1	253	1	250	1.75e-72	222
Paheparv	CP@TRINITY_DN5614_c0_g1::CP@TRINITY_DN5614_c0_g1_i1::g.15555::m.15555	45.116	215	117	1	29	243	2	215	3.75e-61	192
Micrgadi	CP@TRINITY_DN1800_c0_g1::CP@TRINITY_DN1800_c0_g1_i12::g.45810::m.45810	47.581	248	129	1	1	248	1	247	2.27e-78	237
Micrgadi	CP@TRINITY_DN5614_c0_g1::CP@TRINITY_DN5614_c0_g1_i1::g.15555::m.15555	47.685	216	112	1	29	244	2	216	1.72e-69	214
Fucucera	CP@TRINITY_DN1800_c0_g1::CP@TRINITY_DN1800_c0_g1_i12::g.45810::m.45810	48.413	252	128	2	1	252	1	250	9.50e-84	250
Fucucera	CP@TRINITY_DN5614_c0_g1::CP@TRINITY_DN5614_c0_g1_i1::g.15555::m.15555	49.309	217	109	1	28	244	1	216	1.04e-70	216
Agarclat	CP@TRINITY_DN1800_c0_g1::CP@TRINITY_DN1800_c0_g1_i12::g.45810::m.45810	47.619	252	130	2	1	252	1	250	4.39e-83	249
Agarclat	CP@TRINITY_DN5614_c0_g1::CP@TRINITY_DN5614_c0_g1_i1::g.15555::m.15555	48.387	217	111	1	28	244	1	216	1.24e-69	214
Vauclito	CP@TRINITY_DN1800_c0_g1::CP@TRINITY_DN1800_c0_g1_i12::g.45810::m.45810	45.600	250	134	2	25	274	1	248	1.10e-72	223
Vauclito	CP@TRINITY_DN5614_c0_g1::CP@TRINITY_DN5614_c0_g1_i1::g.15555::m.15555	47.926	217	112	1	52	268	1	216	3.49e-69	214
Perkmari	CP@TRINITY_DN1800_c0_g1::CP@TRINITY_DN1800_c0_g1_i12::g.45810::m.45810	46.063	254	129	3	1	253	1	247	5.44e-77	233
Perkmari	CP@TRINITY_DN5614_c0_g1::CP@TRINITY_DN5614_c0_g1_i1::g.15555::m.15555	42.152	223	120	3	28	249	1	215	9.49e-55	176
Crypparv	CP@TRINITY_DN1800_c0_g1::CP@TRINITY_DN1800_c0_g1_i12::g.45810::m.45810	41.870	246	143	0	1	246	1	246	1.07e-73	225
Crypparv	CP@TRINITY_DN5614_c0_g1::CP@TRINITY_DN5614_c0_g1_i1::g.15555::m.15555	41.176	204	120	0	28	231	1	204	1.42e-55	178
Karebrev	CP@TRINITY_DN1800_c0_g1::CP@TRINITY_DN1800_c0_g1_i12::g.45810::m.45810	43.825	251	139	2	1	250	1	250	1.86e-73	224
Karebrev	CP@TRINITY_DN5614_c0_g1::CP@TRINITY_DN5614_c0_g1_i1::g.15555::m.15555	44.444	216	118	2	29	243	2	216	4.79e-58	184
Platviva	CP@TRINITY_DN1800_c0_g1::CP@TRINITY_DN1800_c0_g1_i12::g.45810::m.45810	42.105	247	143	0	1	247	1	247	1.09e-66	207
Platviva	CP@TRINITY_DN5614_c0_g1::CP@TRINITY_DN5614_c0_g1_i1::g.15555::m.15555	43.458	214	121	0	28	241	1	214	1.53e-58	185
Pirisoci	CP@TRINITY_DN1800_c0_g1::CP@TRINITY_DN1800_c0_g1_i12::g.45810::m.45810	44.622	251	137	2	1	250	1	250	1.10e-72	222
Pirisoci	CP@TRINITY_DN5614_c0_g1::CP@TRINITY_DN5614_c0_g1_i1::g.15555::m.15555	46.759	216	114	1	29	244	2	216	4.07e-66	204
Toxogond	CP@TRINITY_DN1800_c0_g1::CP@TRINITY_DN1800_c0_g1_i12::g.45810::m.45810	42.308	260	139	4	1	259	1	250	4.58e-58	185
Toxogond	CP@TRINITY_DN5614_c0_g1::CP@TRINITY_DN5614_c0_g1_i1::g.15555::m.15555	36.937	222	129	3	28	249	1	211	6.83e-41	140
Chroveli	CP@TRINITY_DN1800_c0_g1::CP@TRINITY_DN1800_c0_g1_i12::g.45810::m.45810	50.000	250	124	1	1	249	1	250	8.32e-90	266
Chroveli	CP@TRINITY_DN5614_c0_g1::CP@TRINITY_DN5614_c0_g1_i1::g.15555::m.15555	49.065	214	109	0	28	241	1	214	3.02e-70	215
Diplambu	CP@TRINITY_DN5614_c0_g1::CP@TRINITY_DN5614_c0_g1_i1::g.15555::m.15555	45.116	215	116	2	27	239	2	216	1.78e-62	195
Diplambu	CP@TRINITY_DN1800_c0_g1::CP@TRINITY_DN1800_c0_g1_i12::g.45810::m.45810	40.611	229	134	2	6	232	8	236	7.87e-62	194
Flecnera	CP@TRINITY_DN1800_c0_g1::CP@TRINITY_DN1800_c0_g1_i12::g.45810::m.45810	46.502	243	128	2	20	260	8	250	5.85e-76	231
Flecnera	CP@TRINITY_DN5614_c0_g1::CP@TRINITY_DN5614_c0_g1_i1::g.15555::m.15555	47.887	213	109	2	41	251	2	214	1.15e-64	201
Rhodmari	CP@TRINITY_DN1800_c0_g1::CP@TRINITY_DN1800_c0_g1_i12::g.45810::m.45810	44.800	250	138	0	1	250	1	250	2.24e-77	234
Rhodmari	CP@TRINITY_DN5614_c0_g1::CP@TRINITY_DN5614_c0_g1_i1::g.15555::m.15555	47.418	213	112	0	29	241	2	214	5.10e-66	204
Porpumbi	CP@TRINITY_DN1800_c0_g1::CP@TRINITY_DN1800_c0_g1_i12::g.45810::m.45810	52.778	252	117	1	1	252	1	250	4.58e-90	266
Porpumbi	CP@TRINITY_DN5614_c0_g1::CP@TRINITY_DN5614_c0_g1_i1::g.15555::m.15555	51.389	216	105	0	28	243	1	216	1.42e-73	224
Compcoer	CP@TRINITY_DN1800_c0_g1::CP@TRINITY_DN1800_c0_g1_i12::g.45810::m.45810	46.800	250	133	0	1	250	1	250	2.36e-81	244
Compcoer	CP@TRINITY_DN5614_c0_g1::CP@TRINITY_DN5614_c0_g1_i1::g.15555::m.15555	41.667	216	126	0	28	243	1	216	8.59e-60	189
Porpaeru	CP@TRINITY_DN1800_c0_g1::CP@TRINITY_DN1800_c0_g1_i12::g.45810::m.45810	45.200	250	136	1	1	250	1	249	6.36e-76	231
Porpaeru	CP@TRINITY_DN5614_c0_g1::CP@TRINITY_DN5614_c0_g1_i1::g.15555::m.15555	48.387	217	111	1	28	244	1	216	5.77e-64	199
Choncris	CP@TRINITY_DN1800_c0_g1::CP@TRINITY_DN1800_c0_g1_i12::g.45810::m.45810	49.027	257	123	3	1	256	1	250	1.25e-75	230
Choncris	CP@TRINITY_DN5614_c0_g1::CP@TRINITY_DN5614_c0_g1_i1::g.15555::m.15555	46.818	220	110	2	29	247	2	215	8.32e-60	189
Gratturu	CP@TRINITY_DN1800_c0_g1::CP@TRINITY_DN1800_c0_g1_i12::g.45810::m.45810	45.418	251	128	3	1	248	1	245	1.82e-73	224
Gratturu	CP@TRINITY_DN5614_c0_g1::CP@TRINITY_DN5614_c0_g1_i1::g.15555::m.15555	43.946	223	112	4	29	248	2	214	4.47e-58	184
Cerakond	CP@TRINITY_DN1800_c0_g1::CP@TRINITY_DN1800_c0_g1_i12::g.45810::m.45810	47.710	262	123	5	1	261	1	249	9.15e-73	223
Cerakond	CP@TRINITY_DN5614_c0_g1::CP@TRINITY_DN5614_c0_g1_i1::g.15555::m.15555	44.934	227	112	4	29	254	2	216	3.43e-59	187
Rhodmacu	CP@TRINITY_DN1800_c0_g1::CP@TRINITY_DN1800_c0_g1_i12::g.45810::m.45810	45.522	268	126	2	1	266	1	250	1.38e-70	228
Rhodmacu	CP@TRINITY_DN5614_c0_g1::CP@TRINITY_DN5614_c0_g1_i1::g.15555::m.15555	46.581	234	105	2	28	259	1	216	2.45e-59	197
Cyanmero	CP@TRINITY_DN1800_c0_g1::CP@TRINITY_DN1800_c0_g1_i12::g.45810::m.45810	43.145	248	138	1	1	248	1	245	1.69e-70	217
Cyanmero	CP@TRINITY_DN5614_c0_g1::CP@TRINITY_DN5614_c0_g1_i1::g.15555::m.15555	44.554	202	112	0	28	229	1	202	3.76e-57	182
Galdsulp	CP@TRINITY_DN1800_c0_g1::CP@TRINITY_DN1800_c0_g1_i12::g.45810::m.45810	47.826	253	126	3	45	294	1	250	5.73e-78	237
Galdsulp	CP@TRINITY_DN5614_c0_g1::CP@TRINITY_DN5614_c0_g1_i1::g.15555::m.15555	42.661	218	120	2	72	288	1	214	1.03e-57	185
Brevmoto	CP@TRINITY_DN1800_c0_g1::CP@TRINITY_DN1800_c0_g1_i12::g.45810::m.45810	46.275	255	131	2	1	254	1	250	3.94e-78	237
Brevmoto	CP@TRINITY_DN5614_c0_g1::CP@TRINITY_DN5614_c0_g1_i1::g.15555::m.15555	52.778	216	101	1	28	242	1	216	2.32e-76	232
Chlorept	CP@TRINITY_DN1800_c0_g1::CP@TRINITY_DN1800_c0_g1_i12::g.45810::m.45810	43.600	250	141	0	1	250	1	250	2.90e-75	229
Chlorept	CP@TRINITY_DN5614_c0_g1::CP@TRINITY_DN5614_c0_g1_i1::g.15555::m.15555	44.393	214	119	0	28	241	1	214	7.66e-62	194
MatazaD1	CP@TRINITY_DN1800_c0_g1::CP@TRINITY_DN1800_c0_g1_i12::g.45810::m.45810	43.200	250	140	2	1	249	1	249	1.88e-66	206
MatazaD1	CP@TRINITY_DN5614_c0_g1::CP@TRINITY_DN5614_c0_g1_i1::g.15555::m.15555	47.685	216	112	1	28	242	1	216	8.52e-64	199
Diacluth	CP@TRINITY_DN1800_c0_g1::CP@TRINITY_DN1800_c0_g1_i12::g.45810::m.45810	47.177	248	129	2	1	247	1	247	1.11e-74	230
Diacluth	CP@TRINITY_DN5614_c0_g1::CP@TRINITY_DN5614_c0_g1_i1::g.15555::m.15555	42.593	216	122	2	29	243	2	216	1.03e-58	189
Pavl2436	CP@TRINITY_DN1800_c0_g1::CP@TRINITY_DN1800_c0_g1_i12::g.45810::m.45810	45.992	237	126	2	32	267	1	236	6.67e-71	219
Pavl2436	CP@TRINITY_DN5614_c0_g1::CP@TRINITY_DN5614_c0_g1_i1::g.15555::m.15555	44.907	216	117	2	60	274	2	216	1.82e-59	189
Tisolute	CP@TRINITY_DN1800_c0_g1::CP@TRINITY_DN1800_c0_g1_i12::g.45810::m.45810	46.000	250	134	1	1	249	1	250	2.88e-71	218
Tisolute	CP@TRINITY_DN5614_c0_g1::CP@TRINITY_DN5614_c0_g1_i1::g.15555::m.15555	51.163	215	104	1	29	242	2	216	1.68e-70	216
Chrycart	CP@TRINITY_DN1800_c0_g1::CP@TRINITY_DN1800_c0_g1_i12::g.45810::m.45810	47.303	241	126	1	1	240	1	241	2.02e-72	221
Chrycart	CP@TRINITY_DN5614_c0_g1::CP@TRINITY_DN5614_c0_g1_i1::g.15555::m.15555	50.000	216	107	1	28	242	1	216	7.03e-71	217
Chryrota	CP@TRINITY_DN5614_c0_g1::CP@TRINITY_DN5614_c0_g1_i1::g.15555::m.15555	49.767	215	107	1	28	241	1	215	2.11e-69	215
Chryrota	CP@TRINITY_DN1800_c0_g1::CP@TRINITY_DN1800_c0_g1_i12::g.45810::m.45810	45.200	250	135	2	1	248	1	250	4.71e-69	215
Prymparv	CP@TRINITY_DN5614_c0_g1::CP@TRINITY_DN5614_c0_g1_i1::g.15555::m.15555	52.093	215	102	1	38	251	2	216	5.80e-72	223
Prymparv	CP@TRINITY_DN1800_c0_g1::CP@TRINITY_DN1800_c0_g1_i12::g.45810::m.45810	46.473	241	128	1	10	249	1	241	2.33e-68	214
Prympoly	CP@TRINITY_DN5614_c0_g1::CP@TRINITY_DN5614_c0_g1_i1::g.15555::m.15555	50.233	215	106	1	39	252	2	216	1.03e-69	218
Prympoly	CP@TRINITY_DN1800_c0_g1::CP@TRINITY_DN1800_c0_g1_i12::g.45810::m.45810	45.714	245	132	1	11	254	1	245	1.71e-66	211
Rhodemar	CP@TRINITY_DN1800_c0_g1::CP@TRINITY_DN1800_c0_g1_i12::g.45810::m.45810	45.600	250	135	1	1	249	1	250	1.09e-74	227
Rhodemar	CP@TRINITY_DN5614_c0_g1::CP@TRINITY_DN5614_c0_g1_i1::g.15555::m.15555	49.302	215	108	1	29	242	2	216	8.93e-71	216
Rhodlimn	CP@TRINITY_DN1800_c0_g1::CP@TRINITY_DN1800_c0_g1_i12::g.45810::m.45810	48.980	245	124	1	1	244	1	245	1.63e-77	234
Rhodlimn	CP@TRINITY_DN5614_c0_g1::CP@TRINITY_DN5614_c0_g1_i1::g.15555::m.15555	50.000	216	107	1	28	242	1	216	3.36e-70	215
Ancytwis	CP@TRINITY_DN1800_c0_g1::CP@TRINITY_DN1800_c0_g1_i12::g.45810::m.45810	47.600	250	130	1	26	274	1	250	1.33e-83	251
Ancytwis	CP@TRINITY_DN5614_c0_g1::CP@TRINITY_DN5614_c0_g1_i1::g.15555::m.15555	55.093	216	96	1	53	267	1	216	2.53e-81	244
Roomtrun	CP@TRINITY_DN1800_c0_g1::CP@TRINITY_DN1800_c0_g1_i12::g.45810::m.45810	48.800	250	127	1	1	249	1	250	3.79e-85	254
Roomtrun	CP@TRINITY_DN5614_c0_g1::CP@TRINITY_DN5614_c0_g1_i1::g.15555::m.15555	57.674	215	90	1	29	242	2	216	3.24e-84	251
Cryppara	CP@TRINITY_DN5614_c0_g1::CP@TRINITY_DN5614_c0_g1_i1::g.15555::m.15555	50.273	183	90	1	4	185	34	216	1.48e-62	193
Cryppara	CP@TRINITY_DN1800_c0_g1::CP@TRINITY_DN1800_c0_g1_i12::g.45810::m.45810	40.933	193	113	1	1	192	58	250	6.40e-49	159
Rhodsali	CP@TRINITY_DN1800_c0_g1::CP@TRINITY_DN1800_c0_g1_i12::g.45810::m.45810	52.800	250	117	1	14	262	1	250	3.64e-87	259
Rhodsali	CP@TRINITY_DN5614_c0_g1::CP@TRINITY_DN5614_c0_g1_i1::g.15555::m.15555	52.558	215	101	1	42	255	2	216	9.54e-78	234
Bafffrig	CP@TRINITY_DN5614_c0_g1::CP@TRINITY_DN5614_c0_g1_i1::g.15555::m.15555	49.468	188	94	1	1	187	28	215	1.29e-63	196
Bafffrig	CP@TRINITY_DN1800_c0_g1::CP@TRINITY_DN1800_c0_g1_i12::g.45810::m.45810	44.388	196	108	1	1	195	55	250	3.90e-53	170
Physpate	CP@TRINITY_DN1800_c0_g1::CP@TRINITY_DN1800_c0_g1_i12::g.45810::m.45810	48.594	249	127	1	1	248	1	249	4.66e-81	243
Physpate	CP@TRINITY_DN5614_c0_g1::CP@TRINITY_DN5614_c0_g1_i1::g.15555::m.15555	53.704	216	99	1	28	242	1	216	3.40e-79	238
Oryzsati	CP@TRINITY_DN1800_c0_g1::CP@TRINITY_DN1800_c0_g1_i12::g.45810::m.45810	47.967	246	127	1	1	245	1	246	2.66e-81	244
Oryzsati	CP@TRINITY_DN5614_c0_g1::CP@TRINITY_DN5614_c0_g1_i1::g.15555::m.15555	51.389	216	104	1	28	242	1	216	2.86e-75	228
Volvcart	CP@TRINITY_DN1800_c0_g1::CP@TRINITY_DN1800_c0_g1_i12::g.45810::m.45810	50.598	251	121	3	1	249	1	250	1.43e-82	247
Volvcart	CP@TRINITY_DN5614_c0_g1::CP@TRINITY_DN5614_c0_g1_i1::g.15555::m.15555	51.389	216	103	2	28	241	1	216	3.71e-72	220
Picosali	CP@TRINITY_DN1800_c0_g1::CP@TRINITY_DN1800_c0_g1_i12::g.45810::m.45810	50.407	246	121	1	65	309	1	246	1.51e-73	245
Picosali	CP@TRINITY_DN5614_c0_g1::CP@TRINITY_DN5614_c0_g1_i1::g.15555::m.15555	49.302	215	108	1	93	306	2	216	3.85e-61	209
Ostrtaur	CP@TRINITY_DN1800_c0_g1::CP@TRINITY_DN1800_c0_g1_i12::g.45810::m.45810	48.413	252	123	4	1	248	1	249	2.36e-69	214
Ostrtaur	CP@TRINITY_DN5614_c0_g1::CP@TRINITY_DN5614_c0_g1_i1::g.15555::m.15555	45.116	215	116	2	29	241	2	216	2.64e-56	179
Micrpusl	CP@TRINITY_DN1800_c0_g1::CP@TRINITY_DN1800_c0_g1_i12::g.45810::m.45810	49.004	251	123	2	1	250	1	247	3.27e-75	229
Micrpusl	CP@TRINITY_DN5614_c0_g1::CP@TRINITY_DN5614_c0_g1_i1::g.15555::m.15555	47.032	219	111	2	29	246	2	216	1.99e-62	195
Cyanpara	CP@TRINITY_DN1800_c0_g1::CP@TRINITY_DN1800_c0_g1_i12::g.45810::m.45810	53.600	250	114	2	1	248	1	250	4.97e-89	263
Cyanpara	CP@TRINITY_DN5614_c0_g1::CP@TRINITY_DN5614_c0_g1_i1::g.15555::m.15555	56.542	214	92	1	29	241	2	215	7.58e-81	242
Glauincr	CP@TRINITY_DN1800_c0_g1::CP@TRINITY_DN1800_c0_g1_i12::g.45810::m.45810	56.477	193	83	1	19	210	1	193	1.23e-73	223
Glauincr	CP@TRINITY_DN5614_c0_g1::CP@TRINITY_DN5614_c0_g1_i1::g.15555::m.15555	56.970	165	70	1	47	210	2	166	1.98e-62	194
Gloewitr	CP@TRINITY_DN1800_c0_g1::CP@TRINITY_DN1800_c0_g1_i12::g.45810::m.45810	51.600	250	120	1	13	261	1	250	1.86e-86	258
Gloewitr	CP@TRINITY_DN5614_c0_g1::CP@TRINITY_DN5614_c0_g1_i1::g.15555::m.15555	57.407	216	91	1	40	254	1	216	5.08e-83	248
Idiovort	CP@TRINITY_DN1800_c0_g1::CP@TRINITY_DN1800_c0_g1_i12::g.45810::m.45810	48.374	246	126	1	20	264	1	246	1.36e-82	248
Idiovort	CP@TRINITY_DN5614_c0_g1::CP@TRINITY_DN5614_c0_g1_i1::g.15555::m.15555	51.628	215	103	1	48	261	2	216	1.07e-75	229
Vannfimi	CP@TRINITY_DN1800_c0_g1::CP@TRINITY_DN1800_c0_g1_i12::g.45810::m.45810	43.085	188	91	2	1	172	1	188	2.79e-49	159
Rigiramo	CP@TRINITY_DN1800_c0_g1::CP@TRINITY_DN1800_c0_g1_i12::g.45810::m.45810	49.167	240	122	0	4	243	5	244	1.85e-83	249
Rigiramo	CP@TRINITY_DN5614_c0_g1::CP@TRINITY_DN5614_c0_g1_i1::g.15555::m.15555	52.804	214	101	0	28	241	2	215	1.02e-79	239
Rigiramo	CP@TRINITY_DN9380_c2_g1::CP@TRINITY_DN9380_c2_g1_i5::g.30619::m.30619	36.239	218	136	2	7	224	3	217	7.64e-42	143
Rigiramo	CP@TRINITY_DN9380_c2_g1::CP@TRINITY_DN9380_c2_g1_i2::g.30617::m.30617	36.239	218	136	2	7	224	3	217	7.64e-42	143
Rigiramo	CP@TRINITY_DN9380_c2_g1::CP@TRINITY_DN9380_c2_g1_i1::g.30616::m.30616	36.239	218	136	2	7	224	3	217	7.64e-42	143
Diphrota	CP@TRINITY_DN1800_c0_g1::CP@TRINITY_DN1800_c0_g1_i12::g.45810::m.45810	48.800	250	128	0	1	250	1	250	1.16e-83	250
Diphrota	CP@TRINITY_DN5614_c0_g1::CP@TRINITY_DN5614_c0_g1_i1::g.15555::m.15555	49.528	212	107	0	29	240	2	213	4.58e-71	217
Jakolibe	CP@TRINITY_DN1800_c0_g1::CP@TRINITY_DN1800_c0_g1_i12::g.45810::m.45810	50.000	212	104	2	26	235	6	217	6.07e-77	232
Jakolibe	CP@TRINITY_DN5614_c0_g1::CP@TRINITY_DN5614_c0_g1_i1::g.15555::m.15555	56.614	189	80	2	49	235	2	190	4.71e-71	216
Reclamer	CP@TRINITY_DN1800_c0_g1::CP@TRINITY_DN1800_c0_g1_i12::g.45810::m.45810	45.374	227	123	1	5	230	3	229	1.15e-73	224
Reclamer	CP@TRINITY_DN5614_c0_g1::CP@TRINITY_DN5614_c0_g1_i1::g.15555::m.15555	47.619	210	109	1	31	239	2	211	4.42e-67	207
Mantplas	CP@TRINITY_DN1800_c0_g1::CP@TRINITY_DN1800_c0_g1_i12::g.45810::m.45810	48.178	247	127	1	5	250	1	247	2.92e-81	244
Mantplas	CP@TRINITY_DN5614_c0_g1::CP@TRINITY_DN5614_c0_g1_i1::g.15555::m.15555	49.302	215	108	1	33	246	2	216	1.15e-70	217
Guttvulg	CP@TRINITY_DN1800_c0_g1::CP@TRINITY_DN1800_c0_g1_i12::g.45810::m.45810	42.437	238	135	2	10	246	5	241	4.92e-61	193
Guttvulg	CP@TRINITY_DN5614_c0_g1::CP@TRINITY_DN5614_c0_g1_i1::g.15555::m.15555	41.270	189	111	0	34	222	2	190	1.81e-45	152
Fontalba	CP@TRINITY_DN1800_c0_g1::CP@TRINITY_DN1800_c0_g1_i12::g.45810::m.45810	43.359	256	136	2	1	253	1	250	8.88e-69	212
Fontalba	CP@TRINITY_DN5614_c0_g1::CP@TRINITY_DN5614_c0_g1_i1::g.15555::m.15555	41.667	216	123	1	28	240	1	216	7.90e-58	184
Bodosalt	CP@TRINITY_DN1800_c0_g1::CP@TRINITY_DN1800_c0_g1_i12::g.45810::m.45810	43.348	233	131	1	1	232	1	233	5.19e-65	202
Bodosalt	CP@TRINITY_DN5614_c0_g1::CP@TRINITY_DN5614_c0_g1_i1::g.15555::m.15555	44.776	201	110	1	29	228	2	202	1.09e-58	185
Squajapo	CP@TRINITY_DN1800_c0_g1::CP@TRINITY_DN1800_c0_g1_i12::g.45810::m.45810	45.833	168	90	1	16	182	1	168	4.84e-47	154
HeterBB2	CP@TRINITY_DN5614_c0_g1::CP@TRINITY_DN5614_c0_g1_i1::g.15555::m.15555	56.279	215	94	0	29	243	2	216	3.80e-83	248
HeterBB2	CP@TRINITY_DN1800_c0_g1::CP@TRINITY_DN1800_c0_g1_i12::g.45810::m.45810	48.760	242	124	0	1	242	1	242	2.72e-80	242
Eutrgymn	CP@TRINITY_DN1800_c0_g1::CP@TRINITY_DN1800_c0_g1_i12::g.45810::m.45810	50.410	244	120	1	1	243	1	244	1.76e-83	250
Eutrgymn	CP@TRINITY_DN5614_c0_g1::CP@TRINITY_DN5614_c0_g1_i1::g.15555::m.15555	48.611	216	110	1	28	242	1	216	5.63e-71	217
Euglgrac	CP@TRINITY_DN1800_c0_g1::CP@TRINITY_DN1800_c0_g1_i12::g.45810::m.45810	48.178	247	127	1	16	261	1	247	8.57e-82	246
Euglgrac	CP@TRINITY_DN5614_c0_g1::CP@TRINITY_DN5614_c0_g1_i1::g.15555::m.15555	47.685	216	112	1	43	257	1	216	9.08e-70	215
Eugllong	CP@TRINITY_DN1800_c0_g1::CP@TRINITY_DN1800_c0_g1_i12::g.45810::m.45810	48.571	245	125	1	72	315	1	245	2.59e-81	247
Eugllong	CP@TRINITY_DN5614_c0_g1::CP@TRINITY_DN5614_c0_g1_i1::g.15555::m.15555	48.148	216	111	1	99	313	1	216	1.35e-68	214
Pharkirb	CP@TRINITY_DN1800_c0_g1::CP@TRINITY_DN1800_c0_g1_i12::g.45810::m.45810	44.177	249	137	2	1	247	1	249	3.23e-73	224
Pharkirb	CP@TRINITY_DN5614_c0_g1::CP@TRINITY_DN5614_c0_g1_i1::g.15555::m.15555	47.685	216	108	3	28	238	1	216	2.46e-66	206
Phalsoli	CP@TRINITY_DN1800_c0_g1::CP@TRINITY_DN1800_c0_g1_i12::g.45810::m.45810	50.800	250	122	1	1	249	1	250	2.06e-88	262
Phalsoli	CP@TRINITY_DN5614_c0_g1::CP@TRINITY_DN5614_c0_g1_i1::g.15555::m.15555	55.349	215	95	1	29	242	2	216	1.12e-82	247
Phalsoli	CP@TRINITY_DN1800_c0_g1::CP@TRINITY_DN1800_c0_g1_i15::g.45815::m.45815	45.833	144	77	1	107	249	3	146	1.17e-41	139
Phalsoli	CP@TRINITY_DN1800_c0_g1::CP@TRINITY_DN1800_c0_g1_i13::g.45811::m.45811	45.833	144	77	1	107	249	3	146	1.17e-41	139
Soliirre	CP@TRINITY_DN1800_c0_g1::CP@TRINITY_DN1800_c0_g1_i12::g.45810::m.45810	46.000	250	134	1	1	249	1	250	4.49e-82	246
Soliirre	CP@TRINITY_DN5614_c0_g1::CP@TRINITY_DN5614_c0_g1_i1::g.15555::m.15555	54.545	209	94	1	29	236	2	210	6.14e-78	234
Soliirre	CP@TRINITY_DN9380_c2_g1::CP@TRINITY_DN9380_c2_g1_i5::g.30619::m.30619	35.814	215	134	2	8	221	3	214	1.33e-42	145
Soliirre	CP@TRINITY_DN9380_c2_g1::CP@TRINITY_DN9380_c2_g1_i2::g.30617::m.30617	35.814	215	134	2	8	221	3	214	1.33e-42	145
Soliirre	CP@TRINITY_DN9380_c2_g1::CP@TRINITY_DN9380_c2_g1_i1::g.30616::m.30616	35.814	215	134	2	8	221	3	214	1.33e-42	145
Filanola	CP@TRINITY_DN1800_c0_g1::CP@TRINITY_DN1800_c0_g1_i12::g.45810::m.45810	52.800	250	117	1	26	274	1	250	6.96e-94	277
Filanola	CP@TRINITY_DN5614_c0_g1::CP@TRINITY_DN5614_c0_g1_i1::g.15555::m.15555	57.209	215	91	1	54	267	2	216	4.58e-85	254
Filanola	CP@TRINITY_DN9380_c2_g1::CP@TRINITY_DN9380_c2_g1_i5::g.30619::m.30619	37.500	216	129	3	33	246	3	214	1.40e-44	151
Filanola	CP@TRINITY_DN9380_c2_g1::CP@TRINITY_DN9380_c2_g1_i2::g.30617::m.30617	37.500	216	129	3	33	246	3	214	1.40e-44	151
Filanola	CP@TRINITY_DN9380_c2_g1::CP@TRINITY_DN9380_c2_g1_i1::g.30616::m.30616	37.500	216	129	3	33	246	3	214	1.40e-44	151
Filanola	CP@TRINITY_DN1800_c0_g1::CP@TRINITY_DN1800_c0_g1_i15::g.45815::m.45815	46.207	145	77	1	131	274	2	146	1.10e-42	143
Filanola	CP@TRINITY_DN1800_c0_g1::CP@TRINITY_DN1800_c0_g1_i13::g.45811::m.45811	46.207	145	77	1	131	274	2	146	1.10e-42	143
Tychacut	CP@TRINITY_DN1800_c0_g1::CP@TRINITY_DN1800_c0_g1_i12::g.45810::m.45810	57.664	137	58	0	1	137	1	137	8.59e-52	165
Schivulg	CP@TRINITY_DN1800_c0_g1::CP@TRINITY_DN1800_c0_g1_i12::g.45810::m.45810	53.600	250	115	1	1	249	1	250	9.01e-95	278
Schivulg	CP@TRINITY_DN5614_c0_g1::CP@TRINITY_DN5614_c0_g1_i1::g.15555::m.15555	51.852	216	103	1	28	242	1	216	1.14e-78	236
Schivulg	CP@TRINITY_DN9380_c2_g1::CP@TRINITY_DN9380_c2_g1_i5::g.30619::m.30619	35.616	219	136	3	8	224	3	218	8.53e-44	148
Schivulg	CP@TRINITY_DN9380_c2_g1::CP@TRINITY_DN9380_c2_g1_i2::g.30617::m.30617	35.616	219	136	3	8	224	3	218	8.53e-44	148
Schivulg	CP@TRINITY_DN9380_c2_g1::CP@TRINITY_DN9380_c2_g1_i1::g.30616::m.30616	35.616	219	136	3	8	224	3	218	8.53e-44	148
Schivulg	CP@TRINITY_DN728_c0_g1::CP@TRINITY_DN728_c0_g1_i1::g.22537::m.22537	33.484	221	141	3	8	223	8	227	9.37e-42	142
Schivulg	CP@TRINITY_DN1800_c0_g1::CP@TRINITY_DN1800_c0_g1_i15::g.45815::m.45815	44.828	145	79	1	106	249	2	146	1.97e-41	139
Schivulg	CP@TRINITY_DN1800_c0_g1::CP@TRINITY_DN1800_c0_g1_i13::g.45811::m.45811	44.828	145	79	1	106	249	2	146	1.97e-41	139
Cavoapop	CP@TRINITY_DN1800_c0_g1::CP@TRINITY_DN1800_c0_g1_i12::g.45810::m.45810	52.800	250	117	1	1	249	1	250	6.93e-97	283
Cavoapop	CP@TRINITY_DN5614_c0_g1::CP@TRINITY_DN5614_c0_g1_i1::g.15555::m.15555	56.744	215	92	1	29	242	2	216	1.17e-85	254
Cavoapop	CP@TRINITY_DN9380_c2_g1::CP@TRINITY_DN9380_c2_g1_i5::g.30619::m.30619	43.784	185	103	1	8	191	3	187	7.66e-47	156
Cavoapop	CP@TRINITY_DN9380_c2_g1::CP@TRINITY_DN9380_c2_g1_i2::g.30617::m.30617	43.784	185	103	1	8	191	3	187	7.66e-47	156
Cavoapop	CP@TRINITY_DN9380_c2_g1::CP@TRINITY_DN9380_c2_g1_i1::g.30616::m.30616	43.784	185	103	1	8	191	3	187	7.66e-47	156
Cavoapop	CP@TRINITY_DN1800_c0_g1::CP@TRINITY_DN1800_c0_g1_i15::g.45815::m.45815	48.966	145	73	1	106	249	2	146	5.29e-46	150
Cavoapop	CP@TRINITY_DN1800_c0_g1::CP@TRINITY_DN1800_c0_g1_i13::g.45811::m.45811	48.966	145	73	1	106	249	2	146	5.29e-46	150
Cavoapop	CP@TRINITY_DN35534_c0_g2::CP@TRINITY_DN35534_c0_g2_i1::g.69648::m.69648	35.931	231	144	3	1	229	7	235	4.57e-42	144
Cavoapop	CP@TRINITY_DN35534_c0_g1::CP@TRINITY_DN35534_c0_g1_i1::g.69647::m.69647	35.931	231	144	3	1	229	7	235	4.57e-42	144
Mancberm	CP@TRINITY_DN1800_c0_g1::CP@TRINITY_DN1800_c0_g1_i12::g.45810::m.45810	47.967	246	128	0	9	254	1	246	8.38e-88	261
Mancberm	CP@TRINITY_DN5614_c0_g1::CP@TRINITY_DN5614_c0_g1_i1::g.15555::m.15555	52.336	214	102	0	37	250	2	215	3.36e-82	246
Mancberm	CP@TRINITY_DN1800_c0_g1::CP@TRINITY_DN1800_c0_g1_i15::g.45815::m.45815	43.662	142	80	0	114	255	2	143	8.78e-43	142
Mancberm	CP@TRINITY_DN1800_c0_g1::CP@TRINITY_DN1800_c0_g1_i13::g.45811::m.45811	43.662	142	80	0	114	255	2	143	8.78e-43	142
Mancberm	CP@TRINITY_DN1098_c0_g1::CP@TRINITY_DN1098_c0_g1_i1::g.5408::m.5408	37.173	191	120	0	9	199	17	207	2.24e-42	146
Mancberm	CP@TRINITY_DN1098_c0_g1::CP@TRINITY_DN1098_c0_g1_i2::g.5410::m.5410	38.043	184	114	0	16	199	5	188	4.41e-42	144
Nutolong	CP@TRINITY_DN1800_c0_g1::CP@TRINITY_DN1800_c0_g1_i12::g.45810::m.45810	48.016	252	129	2	1	252	1	250	4.37e-80	241
Nutolong	CP@TRINITY_DN5614_c0_g1::CP@TRINITY_DN5614_c0_g1_i1::g.15555::m.15555	54.206	214	97	1	29	242	2	214	2.13e-78	236
Ancysigm	CP@TRINITY_DN1800_c0_g1::CP@TRINITY_DN1800_c0_g1_i12::g.45810::m.45810	46.245	253	133	2	12	264	1	250	6.17e-78	236
Ancysigm	CP@TRINITY_DN5614_c0_g1::CP@TRINITY_DN5614_c0_g1_i1::g.15555::m.15555	49.515	206	102	1	40	245	2	205	1.78e-66	206
Salprose	CP@TRINITY_DN5614_c0_g1::CP@TRINITY_DN5614_c0_g1_i1::g.15555::m.15555	52.778	216	102	0	28	243	1	216	1.14e-82	247
Salprose	CP@TRINITY_DN1800_c0_g1::CP@TRINITY_DN1800_c0_g1_i12::g.45810::m.45810	43.600	250	141	0	1	250	1	250	8.34e-79	238
Amphquee	CP@TRINITY_DN5614_c0_g1::CP@TRINITY_DN5614_c0_g1_i1::g.15555::m.15555	61.111	216	83	1	28	242	1	216	4.33e-95	278
Amphquee	CP@TRINITY_DN1800_c0_g1::CP@TRINITY_DN1800_c0_g1_i12::g.45810::m.45810	48.617	253	126	2	1	252	1	250	3.73e-85	254
Gallgall	CP@TRINITY_DN5614_c0_g1::CP@TRINITY_DN5614_c0_g1_i1::g.15555::m.15555	66.047	215	73	0	29	243	2	216	6.42e-110	316
Gallgall	CP@TRINITY_DN1800_c0_g1::CP@TRINITY_DN1800_c0_g1_i12::g.45810::m.45810	53.175	252	116	1	1	252	1	250	4.63e-97	284
Gallgall	CP@TRINITY_DN1800_c0_g1::CP@TRINITY_DN1800_c0_g1_i15::g.45815::m.45815	50.000	146	71	1	107	252	3	146	5.19e-48	155
Gallgall	CP@TRINITY_DN1800_c0_g1::CP@TRINITY_DN1800_c0_g1_i13::g.45811::m.45811	50.000	146	71	1	107	252	3	146	5.19e-48	155
Branflor	CP@TRINITY_DN5614_c0_g1::CP@TRINITY_DN5614_c0_g1_i1::g.15555::m.15555	69.444	216	66	0	28	243	1	216	3.23e-113	324
Branflor	CP@TRINITY_DN1800_c0_g1::CP@TRINITY_DN1800_c0_g1_i12::g.45810::m.45810	53.252	246	115	0	1	246	1	246	9.36e-95	278
Branflor	CP@TRINITY_DN1800_c0_g1::CP@TRINITY_DN1800_c0_g1_i15::g.45815::m.45815	47.857	140	73	0	107	246	3	142	3.21e-45	149
Branflor	CP@TRINITY_DN1800_c0_g1::CP@TRINITY_DN1800_c0_g1_i13::g.45811::m.45811	47.857	140	73	0	107	246	3	142	3.21e-45	149
Caeneleg	CP@TRINITY_DN1800_c0_g1::CP@TRINITY_DN1800_c0_g1_i12::g.45810::m.45810	43.825	251	139	2	1	250	1	250	7.71e-70	215
Caeneleg	CP@TRINITY_DN5614_c0_g1::CP@TRINITY_DN5614_c0_g1_i1::g.15555::m.15555	45.283	212	115	1	29	239	2	213	1.01e-60	191
Aplycali	CP@TRINITY_DN5614_c0_g1::CP@TRINITY_DN5614_c0_g1_i1::g.15555::m.15555	67.593	216	69	1	28	242	1	216	1.80e-104	302
Aplycali	CP@TRINITY_DN1800_c0_g1::CP@TRINITY_DN1800_c0_g1_i12::g.45810::m.45810	56.098	246	107	1	1	245	1	246	1.47e-94	278
Aplycali	CP@TRINITY_DN1800_c0_g1::CP@TRINITY_DN1800_c0_g1_i15::g.45815::m.45815	50.355	141	69	1	106	245	2	142	2.41e-43	144
Aplycali	CP@TRINITY_DN1800_c0_g1::CP@TRINITY_DN1800_c0_g1_i13::g.45811::m.45811	50.355	141	69	1	106	245	2	142	2.41e-43	144
Drosmela	CP@TRINITY_DN5614_c0_g1::CP@TRINITY_DN5614_c0_g1_i1::g.15555::m.15555	54.167	216	98	1	28	242	1	216	2.76e-79	238
Drosmela	CP@TRINITY_DN1800_c0_g1::CP@TRINITY_DN1800_c0_g1_i12::g.45810::m.45810	46.800	250	132	1	1	249	1	250	6.81e-77	233
Tricadha	CP@TRINITY_DN5614_c0_g1::CP@TRINITY_DN5614_c0_g1_i1::g.15555::m.15555	60.000	215	86	0	53	267	2	216	6.71e-94	276
Tricadha	CP@TRINITY_DN1800_c0_g1::CP@TRINITY_DN1800_c0_g1_i12::g.45810::m.45810	44.444	243	135	0	32	274	8	250	2.25e-73	225
Mnemleid	CP@TRINITY_DN5614_c0_g1::CP@TRINITY_DN5614_c0_g1_i1::g.15555::m.15555	58.140	215	90	0	29	243	2	216	1.20e-97	285
Mnemleid	CP@TRINITY_DN1800_c0_g1::CP@TRINITY_DN1800_c0_g1_i12::g.45810::m.45810	49.187	246	125	0	1	246	1	246	4.28e-90	266
Mnemleid	CP@TRINITY_DN1800_c0_g1::CP@TRINITY_DN1800_c0_g1_i15::g.45815::m.45815	45.070	142	78	0	105	246	1	142	4.92e-44	145
Mnemleid	CP@TRINITY_DN1800_c0_g1::CP@TRINITY_DN1800_c0_g1_i13::g.45811::m.45811	45.070	142	78	0	105	246	1	142	4.92e-44	145
Schimans	CP@TRINITY_DN5614_c0_g1::CP@TRINITY_DN5614_c0_g1_i1::g.15555::m.15555	60.930	215	83	1	29	242	2	216	9.38e-97	283
Schimans	CP@TRINITY_DN1800_c0_g1::CP@TRINITY_DN1800_c0_g1_i12::g.45810::m.45810	48.016	252	128	2	1	251	1	250	2.90e-81	244
Schimans	CP@TRINITY_DN1800_c0_g1::CP@TRINITY_DN1800_c0_g1_i15::g.45815::m.45815	48.630	146	72	2	107	251	3	146	9.52e-44	145
Schimans	CP@TRINITY_DN1800_c0_g1::CP@TRINITY_DN1800_c0_g1_i13::g.45811::m.45811	48.630	146	72	2	107	251	3	146	9.52e-44	145
Taensoli	CP@TRINITY_DN5614_c0_g1::CP@TRINITY_DN5614_c0_g1_i1::g.15555::m.15555	61.033	213	82	1	29	240	2	214	3.09e-95	279
Taensoli	CP@TRINITY_DN1800_c0_g1::CP@TRINITY_DN1800_c0_g1_i12::g.45810::m.45810	48.780	246	125	1	1	245	1	246	5.85e-86	256
Taensoli	CP@TRINITY_DN1800_c0_g1::CP@TRINITY_DN1800_c0_g1_i15::g.45815::m.45815	44.681	141	77	1	106	245	2	142	5.47e-42	140
Taensoli	CP@TRINITY_DN1800_c0_g1::CP@TRINITY_DN1800_c0_g1_i13::g.45811::m.45811	44.681	141	77	1	106	245	2	142	5.47e-42	140
Apismell	CP@TRINITY_DN5614_c0_g1::CP@TRINITY_DN5614_c0_g1_i1::g.15555::m.15555	66.667	216	71	1	28	242	1	216	1.95e-109	315
Apismell	CP@TRINITY_DN1800_c0_g1::CP@TRINITY_DN1800_c0_g1_i12::g.45810::m.45810	51.822	247	118	1	1	246	1	247	4.65e-93	274
Apismell	CP@TRINITY_DN1800_c0_g1::CP@TRINITY_DN1800_c0_g1_i15::g.45815::m.45815	46.154	143	76	1	105	246	1	143	3.19e-44	146
Apismell	CP@TRINITY_DN1800_c0_g1::CP@TRINITY_DN1800_c0_g1_i13::g.45811::m.45811	46.154	143	76	1	105	246	1	143	3.19e-44	146
Minivibr	CP@TRINITY_DN5614_c0_g1::CP@TRINITY_DN5614_c0_g1_i1::g.15555::m.15555	58.605	215	88	1	38	251	2	216	2.09e-87	259
Minivibr	CP@TRINITY_DN1800_c0_g1::CP@TRINITY_DN1800_c0_g1_i12::g.45810::m.45810	49.388	245	123	1	10	253	1	245	5.10e-86	256
Sphaarct	CP@TRINITY_DN5614_c0_g1::CP@TRINITY_DN5614_c0_g1_i1::g.15555::m.15555	48.404	188	96	1	2	188	29	216	2.27e-63	196
Sphaarct	CP@TRINITY_DN1800_c0_g1::CP@TRINITY_DN1800_c0_g1_i12::g.45810::m.45810	46.939	196	103	1	1	195	55	250	4.80e-63	196
Sphaarct	CP@TRINITY_DN1800_c0_g1::CP@TRINITY_DN1800_c0_g1_i15::g.45815::m.45815	47.222	144	75	1	53	195	3	146	2.42e-45	147
Sphaarct	CP@TRINITY_DN1800_c0_g1::CP@TRINITY_DN1800_c0_g1_i13::g.45811::m.45811	47.222	144	75	1	53	195	3	146	2.42e-45	147
Amoepara	CP@TRINITY_DN1800_c0_g1::CP@TRINITY_DN1800_c0_g1_i12::g.45810::m.45810	50.800	250	122	1	1	249	1	250	2.87e-94	277
Amoepara	CP@TRINITY_DN5614_c0_g1::CP@TRINITY_DN5614_c0_g1_i1::g.15555::m.15555	52.093	215	102	1	29	242	2	216	3.80e-78	235
Amoepara	CP@TRINITY_DN1800_c0_g1::CP@TRINITY_DN1800_c0_g1_i15::g.45815::m.45815	45.205	146	79	1	105	249	1	146	3.04e-45	149
Amoepara	CP@TRINITY_DN1800_c0_g1::CP@TRINITY_DN1800_c0_g1_i13::g.45811::m.45811	45.205	146	79	1	105	249	1	146	3.04e-45	149
Amoepara	CP@TRINITY_DN9380_c2_g1::CP@TRINITY_DN9380_c2_g1_i5::g.30619::m.30619	42.929	198	106	3	8	199	3	199	2.36e-44	150
Amoepara	CP@TRINITY_DN9380_c2_g1::CP@TRINITY_DN9380_c2_g1_i2::g.30617::m.30617	42.929	198	106	3	8	199	3	199	2.36e-44	150
Amoepara	CP@TRINITY_DN9380_c2_g1::CP@TRINITY_DN9380_c2_g1_i1::g.30616::m.30616	42.929	198	106	3	8	199	3	199	2.36e-44	150
Fabotrop	CP@TRINITY_DN1800_c0_g1::CP@TRINITY_DN1800_c0_g1_i12::g.45810::m.45810	50.199	251	124	1	1	251	1	250	1.27e-90	268
Fabotrop	CP@TRINITY_DN5614_c0_g1::CP@TRINITY_DN5614_c0_g1_i1::g.15555::m.15555	48.611	216	111	0	28	243	1	216	8.57e-74	224
Fabotrop	CP@TRINITY_DN1800_c0_g1::CP@TRINITY_DN1800_c0_g1_i15::g.45815::m.45815	45.833	144	77	1	108	251	4	146	7.44e-44	145
Fabotrop	CP@TRINITY_DN1800_c0_g1::CP@TRINITY_DN1800_c0_g1_i13::g.45811::m.45811	45.833	144	77	1	108	251	4	146	7.44e-44	145
Echibisp	CP@TRINITY_DN1800_c0_g1::CP@TRINITY_DN1800_c0_g1_i12::g.45810::m.45810	51.240	242	117	1	1	241	1	242	3.62e-88	261
Echibisp	CP@TRINITY_DN5614_c0_g1::CP@TRINITY_DN5614_c0_g1_i1::g.15555::m.15555	57.674	215	90	1	29	242	2	216	7.65e-86	254
Echibisp	CP@TRINITY_DN9380_c2_g1::CP@TRINITY_DN9380_c2_g1_i5::g.30619::m.30619	36.607	224	137	3	8	230	3	222	2.51e-44	149
Echibisp	CP@TRINITY_DN9380_c2_g1::CP@TRINITY_DN9380_c2_g1_i2::g.30617::m.30617	36.607	224	137	3	8	230	3	222	2.51e-44	149
Echibisp	CP@TRINITY_DN9380_c2_g1::CP@TRINITY_DN9380_c2_g1_i1::g.30616::m.30616	36.607	224	137	3	8	230	3	222	2.51e-44	149
Gefiokel	CP@TRINITY_DN1800_c0_g1::CP@TRINITY_DN1800_c0_g1_i12::g.45810::m.45810	48.800	250	127	1	1	249	1	250	6.50e-83	248
Gefiokel	CP@TRINITY_DN5614_c0_g1::CP@TRINITY_DN5614_c0_g1_i1::g.15555::m.15555	49.302	215	106	2	29	241	2	215	2.86e-69	213
Malacali	CP@TRINITY_DN1800_c0_g1::CP@TRINITY_DN1800_c0_g1_i12::g.45810::m.45810	46.610	236	125	1	18	252	1	236	1.81e-76	232
Malacali	CP@TRINITY_DN5614_c0_g1::CP@TRINITY_DN5614_c0_g1_i1::g.15555::m.15555	46.635	208	110	1	46	252	2	209	3.03e-62	195
Malajako	CP@TRINITY_DN1800_c0_g1::CP@TRINITY_DN1800_c0_g1_i12::g.45810::m.45810	51.471	204	98	1	1	203	1	204	1.15e-71	218
Malajako	CP@TRINITY_DN5614_c0_g1::CP@TRINITY_DN5614_c0_g1_i1::g.15555::m.15555	49.718	177	88	1	29	204	2	178	1.70e-55	176
Rhizelon	CP@TRINITY_DN1800_c0_g1::CP@TRINITY_DN1800_c0_g1_i12::g.45810::m.45810	43.825	251	139	2	3	252	1	250	2.72e-69	214
Rhizelon	CP@TRINITY_DN5614_c0_g1::CP@TRINITY_DN5614_c0_g1_i1::g.15555::m.15555	45.581	215	116	1	31	244	2	216	1.19e-64	201
Cochminu	CP@TRINITY_DN1800_c0_g1::CP@TRINITY_DN1800_c0_g1_i12::g.45810::m.45810	49.576	236	119	0	1	236	1	236	7.47e-84	251
Cochminu	CP@TRINITY_DN5614_c0_g1::CP@TRINITY_DN5614_c0_g1_i1::g.15555::m.15555	50.239	209	104	0	28	236	1	209	1.78e-72	221
Sapppeda	CP@TRINITY_DN1800_c0_g1::CP@TRINITY_DN1800_c0_g1_i12::g.45810::m.45810	48.374	246	126	1	14	258	1	246	2.45e-85	254
Sapppeda	CP@TRINITY_DN5614_c0_g1::CP@TRINITY_DN5614_c0_g1_i1::g.15555::m.15555	53.738	214	98	1	41	253	1	214	2.93e-82	246
Ovaldese	CP@TRINITY_DN1800_c0_g1::CP@TRINITY_DN1800_c0_g1_i12::g.45810::m.45810	50.400	250	123	1	4	252	1	250	1.42e-84	253
Ovaldese	CP@TRINITY_DN5614_c0_g1::CP@TRINITY_DN5614_c0_g1_i1::g.15555::m.15555	54.630	216	97	1	31	245	1	216	3.62e-75	228
Paralevi	CP@TRINITY_DN1800_c0_g1::CP@TRINITY_DN1800_c0_g1_i12::g.45810::m.45810	47.200	250	131	1	1	249	1	250	1.40e-83	250
Paralevi	CP@TRINITY_DN5614_c0_g1::CP@TRINITY_DN5614_c0_g1_i1::g.15555::m.15555	53.023	215	100	1	29	242	2	216	7.59e-82	244
ThecSK13	CP@TRINITY_DN1800_c0_g1::CP@TRINITY_DN1800_c0_g1_i12::g.45810::m.45810	48.619	181	92	1	1	180	9	189	4.83e-59	184
ThecSK13	CP@TRINITY_DN5614_c0_g1::CP@TRINITY_DN5614_c0_g1_i1::g.15555::m.15555	50.617	162	79	1	20	180	1	162	8.40e-58	181
Stensten	CP@TRINITY_DN1800_c0_g1::CP@TRINITY_DN1800_c0_g1_i12::g.45810::m.45810	50.000	250	124	1	1	249	1	250	5.37e-88	261
Stensten	CP@TRINITY_DN5614_c0_g1::CP@TRINITY_DN5614_c0_g1_i1::g.15555::m.15555	56.075	214	93	1	29	241	2	215	1.72e-82	246
Stensten	CP@TRINITY_DN1800_c0_g1::CP@TRINITY_DN1800_c0_g1_i15::g.45815::m.45815	44.828	145	79	1	106	249	2	146	1.36e-41	139
Stensten	CP@TRINITY_DN1800_c0_g1::CP@TRINITY_DN1800_c0_g1_i13::g.45811::m.45811	44.828	145	79	1	106	249	2	146	1.36e-41	139
Masteilh	CP@TRINITY_DN1800_c0_g1::CP@TRINITY_DN1800_c0_g1_i12::g.45810::m.45810	54.251	247	112	1	20	265	1	247	3.45e-95	280
Masteilh	CP@TRINITY_DN5614_c0_g1::CP@TRINITY_DN5614_c0_g1_i1::g.15555::m.15555	52.315	216	102	1	47	261	1	216	3.11e-77	234
Masteilh	CP@TRINITY_DN9380_c2_g1::CP@TRINITY_DN9380_c2_g1_i5::g.30619::m.30619	38.426	216	127	3	27	240	3	214	1.52e-42	145
Masteilh	CP@TRINITY_DN9380_c2_g1::CP@TRINITY_DN9380_c2_g1_i2::g.30617::m.30617	38.426	216	127	3	27	240	3	214	1.52e-42	145
Masteilh	CP@TRINITY_DN9380_c2_g1::CP@TRINITY_DN9380_c2_g1_i1::g.30616::m.30616	38.426	216	127	3	27	240	3	214	1.52e-42	145
Masteilh	CP@TRINITY_DN1800_c0_g1::CP@TRINITY_DN1800_c0_g1_i15::g.45815::m.45815	48.227	141	72	1	126	265	3	143	6.09e-41	138
Masteilh	CP@TRINITY_DN1800_c0_g1::CP@TRINITY_DN1800_c0_g1_i13::g.45811::m.45811	48.227	141	72	1	126	265	3	143	6.09e-41	138
Pygsbifo	CP@TRINITY_DN1800_c0_g1::CP@TRINITY_DN1800_c0_g1_i12::g.45810::m.45810	43.200	250	139	1	1	247	1	250	8.83e-74	225
Pygsbifo	CP@TRINITY_DN5614_c0_g1::CP@TRINITY_DN5614_c0_g1_i1::g.15555::m.15555	42.105	209	118	1	28	233	1	209	3.03e-58	184
Rhizsaxo	CP@TRINITY_DN5614_c0_g1::CP@TRINITY_DN5614_c0_g1_i1::g.15555::m.15555	55.288	208	92	1	40	246	2	209	6.78e-80	240
Rhizsaxo	CP@TRINITY_DN1800_c0_g1::CP@TRINITY_DN1800_c0_g1_i12::g.45810::m.45810	46.610	236	125	1	12	246	1	236	1.84e-73	225
Flabcita	CP@TRINITY_DN1800_c0_g1::CP@TRINITY_DN1800_c0_g1_i12::g.45810::m.45810	45.200	250	136	1	1	249	1	250	9.49e-74	225
Flabcita	CP@TRINITY_DN5614_c0_g1::CP@TRINITY_DN5614_c0_g1_i1::g.15555::m.15555	49.761	209	104	1	28	235	1	209	2.06e-70	216
Coprprot	CP@TRINITY_DN1800_c0_g1::CP@TRINITY_DN1800_c0_g1_i12::g.45810::m.45810	48.178	247	127	1	1	246	1	247	6.72e-79	238
Coprprot	CP@TRINITY_DN5614_c0_g1::CP@TRINITY_DN5614_c0_g1_i1::g.15555::m.15555	50.463	216	106	1	28	242	1	216	1.88e-73	223
Amoeprot	CP@TRINITY_DN1800_c0_g1::CP@TRINITY_DN1800_c0_g1_i12::g.45810::m.45810	46.154	247	132	1	6	251	1	247	1.06e-76	233
Amoeprot	CP@TRINITY_DN5614_c0_g1::CP@TRINITY_DN5614_c0_g1_i1::g.15555::m.15555	47.664	214	111	1	33	245	1	214	1.21e-70	216
Arcevulg	CP@TRINITY_DN1800_c0_g1::CP@TRINITY_DN1800_c0_g1_i12::g.45810::m.45810	48.996	249	126	1	1	248	1	249	4.55e-86	256
Arcevulg	CP@TRINITY_DN5614_c0_g1::CP@TRINITY_DN5614_c0_g1_i1::g.15555::m.15555	53.917	217	97	2	28	242	1	216	2.43e-82	246
NolaAFSM	CP@TRINITY_DN1800_c0_g1::CP@TRINITY_DN1800_c0_g1_i12::g.45810::m.45810	48.193	249	128	1	17	264	2	250	2.22e-81	245
NolaAFSM	CP@TRINITY_DN5614_c0_g1::CP@TRINITY_DN5614_c0_g1_i1::g.15555::m.15555	53.953	215	98	1	44	257	2	216	3.76e-78	236
Veximinu	CP@TRINITY_DN1800_c0_g1::CP@TRINITY_DN1800_c0_g1_i12::g.45810::m.45810	45.600	250	135	1	5	253	1	250	2.02e-78	237
Veximinu	CP@TRINITY_DN5614_c0_g1::CP@TRINITY_DN5614_c0_g1_i1::g.15555::m.15555	50.698	215	105	1	33	246	2	216	1.08e-71	219
Dracjorm	CP@TRINITY_DN1800_c0_g1::CP@TRINITY_DN1800_c0_g1_i12::g.45810::m.45810	50.607	247	121	1	9	254	1	247	3.73e-91	269
Dracjorm	CP@TRINITY_DN5614_c0_g1::CP@TRINITY_DN5614_c0_g1_i1::g.15555::m.15555	56.481	216	93	1	36	250	1	216	7.78e-86	255
Gocefonb	CP@TRINITY_DN1800_c0_g1::CP@TRINITY_DN1800_c0_g1_i12::g.45810::m.45810	50.397	252	123	2	1	251	1	251	1.73e-89	265
Gocefonb	CP@TRINITY_DN5614_c0_g1::CP@TRINITY_DN5614_c0_g1_i1::g.15555::m.15555	53.241	216	100	1	28	242	1	216	3.49e-80	240
Gocefonb	CP@TRINITY_DN9380_c2_g1::CP@TRINITY_DN9380_c2_g1_i5::g.30619::m.30619	39.535	215	126	2	8	221	3	214	4.62e-46	154
Gocefonb	CP@TRINITY_DN9380_c2_g1::CP@TRINITY_DN9380_c2_g1_i2::g.30617::m.30617	39.535	215	126	2	8	221	3	214	4.62e-46	154
Gocefonb	CP@TRINITY_DN9380_c2_g1::CP@TRINITY_DN9380_c2_g1_i1::g.30616::m.30616	39.535	215	126	2	8	221	3	214	4.62e-46	154
Endozona	CP@TRINITY_DN1800_c0_g1::CP@TRINITY_DN1800_c0_g1_i12::g.45810::m.45810	51.037	241	117	1	1	240	1	241	7.61e-85	253
Endozona	CP@TRINITY_DN5614_c0_g1::CP@TRINITY_DN5614_c0_g1_i1::g.15555::m.15555	57.407	216	91	1	28	242	1	216	6.51e-84	250
Endozona	CP@TRINITY_DN9380_c2_g1::CP@TRINITY_DN9380_c2_g1_i5::g.30619::m.30619	36.607	224	137	3	8	230	3	222	2.10e-41	142
Endozona	CP@TRINITY_DN9380_c2_g1::CP@TRINITY_DN9380_c2_g1_i2::g.30617::m.30617	36.607	224	137	3	8	230	3	222	2.10e-41	142
Endozona	CP@TRINITY_DN9380_c2_g1::CP@TRINITY_DN9380_c2_g1_i1::g.30616::m.30616	36.607	224	137	3	8	230	3	222	2.10e-41	142
Pellcata	CP@TRINITY_DN5614_c0_g1::CP@TRINITY_DN5614_c0_g1_i1::g.15555::m.15555	52.261	199	94	1	2	199	18	216	4.67e-71	216
Pellcata	CP@TRINITY_DN1800_c0_g1::CP@TRINITY_DN1800_c0_g1_i12::g.45810::m.45810	40.976	205	119	2	2	205	45	248	7.04e-52	167
Luaphula	CP@TRINITY_DN1800_c0_g1::CP@TRINITY_DN1800_c0_g1_i12::g.45810::m.45810	49.600	250	126	0	1	250	1	250	6.17e-91	268
Luaphula	CP@TRINITY_DN5614_c0_g1::CP@TRINITY_DN5614_c0_g1_i1::g.15555::m.15555	54.167	216	99	0	28	243	1	216	1.13e-80	242
Vermverm	CP@TRINITY_DN1800_c0_g1::CP@TRINITY_DN1800_c0_g1_i12::g.45810::m.45810	49.799	249	124	1	1	248	1	249	5.44e-89	263
Vermverm	CP@TRINITY_DN5614_c0_g1::CP@TRINITY_DN5614_c0_g1_i1::g.15555::m.15555	57.604	217	89	2	28	242	1	216	4.91e-86	255
Vermverm	CP@TRINITY_DN1800_c0_g1::CP@TRINITY_DN1800_c0_g1_i15::g.45815::m.45815	47.552	143	74	1	107	248	3	145	1.12e-43	144
Vermverm	CP@TRINITY_DN1800_c0_g1::CP@TRINITY_DN1800_c0_g1_i13::g.45811::m.45811	47.552	143	74	1	107	248	3	145	1.12e-43	144
Hetepall	CP@TRINITY_DN5614_c0_g1::CP@TRINITY_DN5614_c0_g1_i1::g.15555::m.15555	56.944	216	92	1	28	242	1	216	2.23e-85	253
Hetepall	CP@TRINITY_DN1800_c0_g1::CP@TRINITY_DN1800_c0_g1_i12::g.45810::m.45810	47.154	246	129	1	1	245	1	246	2.54e-80	241
MicrA134	CP@TRINITY_DN1800_c0_g1::CP@TRINITY_DN1800_c0_g1_i12::g.45810::m.45810	47.826	253	125	2	9	260	4	250	5.61e-80	241
MicrA134	CP@TRINITY_DN5614_c0_g1::CP@TRINITY_DN5614_c0_g1_i1::g.15555::m.15555	49.767	215	107	1	34	247	2	216	4.07e-68	210
Echiexud	CP@TRINITY_DN1800_c0_g1::CP@TRINITY_DN1800_c0_g1_i12::g.45810::m.45810	51.417	247	119	1	1	246	1	247	2.05e-89	265
Echiexud	CP@TRINITY_DN5614_c0_g1::CP@TRINITY_DN5614_c0_g1_i1::g.15555::m.15555	53.241	216	100	1	28	242	1	216	4.82e-79	238
Echiexud	CP@TRINITY_DN1800_c0_g1::CP@TRINITY_DN1800_c0_g1_i15::g.45815::m.45815	46.099	141	75	1	107	246	3	143	2.26e-42	141
Echiexud	CP@TRINITY_DN1800_c0_g1::CP@TRINITY_DN1800_c0_g1_i13::g.45811::m.45811	46.099	141	75	1	107	246	3	143	2.26e-42	141
Ergocypr	CP@TRINITY_DN1800_c0_g1::CP@TRINITY_DN1800_c0_g1_i12::g.45810::m.45810	35.632	261	152	3	14	272	1	247	5.19e-48	160
Carpmemb	CP@TRINITY_DN1800_c0_g1::CP@TRINITY_DN1800_c0_g1_i12::g.45810::m.45810	44.954	218	113	4	1	216	1	213	1.31e-59	189
Carpmemb	CP@TRINITY_DN5614_c0_g1::CP@TRINITY_DN5614_c0_g1_i1::g.15555::m.15555	41.667	192	105	4	29	218	2	188	1.64e-43	147
Ustimayd	CP@TRINITY_DN1800_c0_g1::CP@TRINITY_DN1800_c0_g1_i12::g.45810::m.45810	54.800	250	113	0	1	250	1	250	2.11e-97	285
Ustimayd	CP@TRINITY_DN5614_c0_g1::CP@TRINITY_DN5614_c0_g1_i1::g.15555::m.15555	50.698	215	106	0	29	243	2	216	3.75e-74	225
Ustimayd	CP@TRINITY_DN1800_c0_g1::CP@TRINITY_DN1800_c0_g1_i15::g.45815::m.45815	47.945	146	76	0	105	250	1	146	4.82e-47	153
Ustimayd	CP@TRINITY_DN1800_c0_g1::CP@TRINITY_DN1800_c0_g1_i13::g.45811::m.45811	47.945	146	76	0	105	250	1	146	4.82e-47	153
Trimmari	CP@TRINITY_DN1800_c0_g1::CP@TRINITY_DN1800_c0_g1_i12::g.45810::m.45810	42.915	247	140	1	10	256	1	246	3.25e-68	211
Trimmari	CP@TRINITY_DN5614_c0_g1::CP@TRINITY_DN5614_c0_g1_i1::g.15555::m.15555	39.631	217	130	1	37	253	1	216	2.87e-52	169
Coprcine	CP@TRINITY_DN1800_c0_g1::CP@TRINITY_DN1800_c0_g1_i12::g.45810::m.45810	57.317	246	104	1	1	245	1	246	4.88e-102	296
Coprcine	CP@TRINITY_DN5614_c0_g1::CP@TRINITY_DN5614_c0_g1_i1::g.15555::m.15555	53.953	215	98	1	29	242	2	216	5.56e-79	237
Coprcine	CP@TRINITY_DN1800_c0_g1::CP@TRINITY_DN1800_c0_g1_i15::g.45815::m.45815	52.482	141	66	1	106	245	2	142	7.33e-50	160
Coprcine	CP@TRINITY_DN1800_c0_g1::CP@TRINITY_DN1800_c0_g1_i13::g.45811::m.45811	52.482	141	66	1	106	245	2	142	7.33e-50	160
Debahans	CP@TRINITY_DN1800_c0_g1::CP@TRINITY_DN1800_c0_g1_i12::g.45810::m.45810	52.988	251	116	2	1	250	1	250	6.38e-93	274
Debahans	CP@TRINITY_DN5614_c0_g1::CP@TRINITY_DN5614_c0_g1_i1::g.15555::m.15555	46.729	214	112	2	29	241	2	214	2.08e-65	203
Debahans	CP@TRINITY_DN728_c0_g1::CP@TRINITY_DN728_c0_g1_i1::g.22537::m.22537	38.249	217	128	3	8	219	8	223	3.48e-43	147
Schizpom	CP@TRINITY_DN1800_c0_g1::CP@TRINITY_DN1800_c0_g1_i12::g.45810::m.45810	51.200	250	120	2	1	248	1	250	2.39e-90	267
Schizpom	CP@TRINITY_DN5614_c0_g1::CP@TRINITY_DN5614_c0_g1_i1::g.15555::m.15555	46.479	213	113	1	28	239	2	214	1.29e-69	214
Schizpom	CP@TRINITY_DN1800_c0_g1::CP@TRINITY_DN1800_c0_g1_i15::g.45815::m.45815	48.966	145	73	1	105	248	2	146	4.43e-46	150
Schizpom	CP@TRINITY_DN1800_c0_g1::CP@TRINITY_DN1800_c0_g1_i13::g.45811::m.45811	48.966	145	73	1	105	248	2	146	4.43e-46	150
Aspefumi	CP@TRINITY_DN1800_c0_g1::CP@TRINITY_DN1800_c0_g1_i12::g.45810::m.45810	48.276	261	104	3	1	261	21	250	1.08e-80	243
Aspefumi	CP@TRINITY_DN5614_c0_g1::CP@TRINITY_DN5614_c0_g1_i1::g.15555::m.15555	51.220	246	89	3	9	254	2	216	3.64e-78	236
Spizpunc	CP@TRINITY_DN1800_c0_g1::CP@TRINITY_DN1800_c0_g1_i12::g.45810::m.45810	55.600	250	110	1	1	249	1	250	2.73e-97	285
Spizpunc	CP@TRINITY_DN5614_c0_g1::CP@TRINITY_DN5614_c0_g1_i1::g.15555::m.15555	57.209	215	91	1	29	242	2	216	6.74e-86	255
Spizpunc	CP@TRINITY_DN1800_c0_g1::CP@TRINITY_DN1800_c0_g1_i15::g.45815::m.45815	48.592	142	72	1	106	246	2	143	6.08e-43	143
Spizpunc	CP@TRINITY_DN1800_c0_g1::CP@TRINITY_DN1800_c0_g1_i13::g.45811::m.45811	48.592	142	72	1	106	246	2	143	6.08e-43	143
Spizpunc	CP@TRINITY_DN9380_c2_g1::CP@TRINITY_DN9380_c2_g1_i5::g.30619::m.30619	39.171	217	126	4	8	222	3	215	4.53e-41	141
Spizpunc	CP@TRINITY_DN9380_c2_g1::CP@TRINITY_DN9380_c2_g1_i2::g.30617::m.30617	39.171	217	126	4	8	222	3	215	4.53e-41	141
Spizpunc	CP@TRINITY_DN9380_c2_g1::CP@TRINITY_DN9380_c2_g1_i1::g.30616::m.30616	39.171	217	126	4	8	222	3	215	4.53e-41	141
Rhizdele	CP@TRINITY_DN1800_c0_g1::CP@TRINITY_DN1800_c0_g1_i12::g.45810::m.45810	53.785	251	115	1	1	251	1	250	8.40e-96	281
Rhizdele	CP@TRINITY_DN5614_c0_g1::CP@TRINITY_DN5614_c0_g1_i1::g.15555::m.15555	53.704	216	100	0	28	243	1	216	8.64e-81	242
Rhizdele	CP@TRINITY_DN1800_c0_g1::CP@TRINITY_DN1800_c0_g1_i15::g.45815::m.45815	45.205	146	79	1	106	251	2	146	1.42e-42	142
Rhizdele	CP@TRINITY_DN1800_c0_g1::CP@TRINITY_DN1800_c0_g1_i13::g.45811::m.45811	45.205	146	79	1	106	251	2	146	1.42e-42	142
Blasbrit	CP@TRINITY_DN1800_c0_g1::CP@TRINITY_DN1800_c0_g1_i12::g.45810::m.45810	53.571	252	115	2	1	251	1	251	3.53e-93	274
Blasbrit	CP@TRINITY_DN5614_c0_g1::CP@TRINITY_DN5614_c0_g1_i1::g.15555::m.15555	53.704	216	99	1	28	242	1	216	3.70e-76	230
Blasbrit	CP@TRINITY_DN1800_c0_g1::CP@TRINITY_DN1800_c0_g1_i15::g.45815::m.45815	48.252	143	72	2	110	251	6	147	1.60e-42	142
Blasbrit	CP@TRINITY_DN1800_c0_g1::CP@TRINITY_DN1800_c0_g1_i13::g.45811::m.45811	48.252	143	72	2	110	251	6	147	1.60e-42	142
Allomacr	CP@TRINITY_DN1800_c0_g1::CP@TRINITY_DN1800_c0_g1_i12::g.45810::m.45810	55.378	251	110	2	1	250	1	250	3.62e-98	287
Allomacr	CP@TRINITY_DN5614_c0_g1::CP@TRINITY_DN5614_c0_g1_i1::g.15555::m.15555	55.556	216	95	1	28	242	1	216	1.13e-79	239
Allomacr	CP@TRINITY_DN1800_c0_g1::CP@TRINITY_DN1800_c0_g1_i15::g.45815::m.45815	50.345	145	70	2	107	250	3	146	1.78e-45	149
Allomacr	CP@TRINITY_DN1800_c0_g1::CP@TRINITY_DN1800_c0_g1_i13::g.45811::m.45811	50.345	145	70	2	107	250	3	146	1.78e-45	149
Cuneruss	CP@TRINITY_DN1800_c0_g1::CP@TRINITY_DN1800_c0_g1_i12::g.45810::m.45810	51.271	236	114	1	16	250	1	236	3.32e-83	249
Cuneruss	CP@TRINITY_DN5614_c0_g1::CP@TRINITY_DN5614_c0_g1_i1::g.15555::m.15555	50.935	214	104	1	43	255	1	214	4.69e-76	230
Aplakerg	CP@TRINITY_DN1800_c0_g1::CP@TRINITY_DN1800_c0_g1_i12::g.45810::m.45810	36.965	257	154	3	1	256	1	250	9.71e-55	177
