Homosapi	CP@TRINITY_DN975_c0_g1::CP@TRINITY_DN975_c0_g1_i2::g.29597::m.29597	43.011	186	104	1	1	184	1	186	1.94e-51	163
Homosapi	CP@TRINITY_DN975_c0_g1::CP@TRINITY_DN975_c0_g1_i12::g.29594::m.29594	43.011	186	104	1	1	184	1	186	1.94e-51	163
Homosapi	CP@TRINITY_DN975_c0_g1::CP@TRINITY_DN975_c0_g1_i11::g.29591::m.29591	43.011	186	104	1	1	184	1	186	1.94e-51	163
Homosapi	CP@TRINITY_DN975_c0_g1::CP@TRINITY_DN975_c0_g1_i1::g.29588::m.29588	45.238	168	90	1	1	166	1	168	2.84e-47	152
Nemavect	CP@TRINITY_DN975_c0_g1::CP@TRINITY_DN975_c0_g1_i2::g.29597::m.29597	46.237	186	98	1	1	184	1	186	3.21e-56	175
Nemavect	CP@TRINITY_DN975_c0_g1::CP@TRINITY_DN975_c0_g1_i12::g.29594::m.29594	46.237	186	98	1	1	184	1	186	3.21e-56	175
Nemavect	CP@TRINITY_DN975_c0_g1::CP@TRINITY_DN975_c0_g1_i11::g.29591::m.29591	46.237	186	98	1	1	184	1	186	3.21e-56	175
Nemavect	CP@TRINITY_DN975_c0_g1::CP@TRINITY_DN975_c0_g1_i1::g.29588::m.29588	47.929	169	86	1	1	167	1	169	9.17e-53	166
Nemavect	CP@TRINITY_DN626_c0_g1::CP@TRINITY_DN626_c0_g1_i6::g.18437::m.18437	38.764	178	108	1	8	184	5	182	2.83e-43	142
Nemavect	CP@TRINITY_DN626_c0_g1::CP@TRINITY_DN626_c0_g1_i4::g.18434::m.18434	38.764	178	108	1	8	184	5	182	2.83e-43	142
Nemavect	CP@TRINITY_DN626_c0_g1::CP@TRINITY_DN626_c0_g1_i3::g.18432::m.18432	38.764	178	108	1	8	184	5	182	2.83e-43	142
Nemavect	CP@TRINITY_DN626_c0_g1::CP@TRINITY_DN626_c0_g1_i2::g.18428::m.18428	38.764	178	108	1	8	184	5	182	2.83e-43	142
Nemavect	CP@TRINITY_DN626_c0_g1::CP@TRINITY_DN626_c0_g1_i16::g.18425::m.18425	38.764	178	108	1	8	184	5	182	2.83e-43	142
Nemavect	CP@TRINITY_DN626_c0_g1::CP@TRINITY_DN626_c0_g1_i10::g.18421::m.18421	38.764	178	108	1	8	184	5	182	2.83e-43	142
Nemavect	CP@TRINITY_DN626_c0_g1::CP@TRINITY_DN626_c0_g1_i1::g.18419::m.18419	38.764	178	108	1	8	184	5	182	2.83e-43	142
Nemavect	CP@TRINITY_DN10110_c0_g1::CP@TRINITY_DN10110_c0_g1_i2::g.6062::m.6062	40.000	180	105	2	8	184	43	222	3.69e-43	143
Creofrag	CP@TRINITY_DN975_c0_g1::CP@TRINITY_DN975_c0_g1_i2::g.29597::m.29597	46.774	186	96	2	50	233	3	187	9.91e-50	160
Creofrag	CP@TRINITY_DN975_c0_g1::CP@TRINITY_DN975_c0_g1_i12::g.29594::m.29594	46.774	186	96	2	50	233	3	187	9.91e-50	160
Creofrag	CP@TRINITY_DN975_c0_g1::CP@TRINITY_DN975_c0_g1_i11::g.29591::m.29591	46.774	186	96	2	50	233	3	187	9.91e-50	160
Creofrag	CP@TRINITY_DN975_c0_g1::CP@TRINITY_DN975_c0_g1_i1::g.29588::m.29588	47.305	167	86	1	50	214	3	169	2.75e-47	154
Syssmult	CP@TRINITY_DN975_c0_g1::CP@TRINITY_DN975_c0_g1_i2::g.29597::m.29597	46.154	182	95	2	7	186	5	185	3.74e-51	162
Syssmult	CP@TRINITY_DN975_c0_g1::CP@TRINITY_DN975_c0_g1_i12::g.29594::m.29594	46.154	182	95	2	7	186	5	185	3.74e-51	162
Syssmult	CP@TRINITY_DN975_c0_g1::CP@TRINITY_DN975_c0_g1_i11::g.29591::m.29591	46.154	182	95	2	7	186	5	185	3.74e-51	162
Syssmult	CP@TRINITY_DN975_c0_g1::CP@TRINITY_DN975_c0_g1_i1::g.29588::m.29588	46.667	165	86	1	7	169	5	169	1.92e-47	152
Sphadest	CP@TRINITY_DN975_c0_g1::CP@TRINITY_DN975_c0_g1_i2::g.29597::m.29597	49.462	186	90	2	27	210	4	187	2.42e-56	177
Sphadest	CP@TRINITY_DN975_c0_g1::CP@TRINITY_DN975_c0_g1_i12::g.29594::m.29594	49.462	186	90	2	27	210	4	187	2.42e-56	177
Sphadest	CP@TRINITY_DN975_c0_g1::CP@TRINITY_DN975_c0_g1_i11::g.29591::m.29591	49.462	186	90	2	27	210	4	187	2.42e-56	177
Sphadest	CP@TRINITY_DN975_c0_g1::CP@TRINITY_DN975_c0_g1_i1::g.29588::m.29588	51.205	166	79	1	27	190	4	169	1.19e-53	169
Sphadest	CP@TRINITY_DN10110_c0_g1::CP@TRINITY_DN10110_c0_g1_i2::g.6062::m.6062	44.751	181	99	1	31	210	43	223	8.15e-49	159
Sphadest	CP@TRINITY_DN10110_c0_g1::CP@TRINITY_DN10110_c0_g1_i1::g.6061::m.6061	45.399	163	88	1	31	192	43	205	1.09e-45	151
Sphadest	CP@TRINITY_DN626_c0_g1::CP@TRINITY_DN626_c0_g1_i6::g.18437::m.18437	41.718	163	95	0	31	193	5	167	5.83e-44	145
Sphadest	CP@TRINITY_DN626_c0_g1::CP@TRINITY_DN626_c0_g1_i4::g.18434::m.18434	41.718	163	95	0	31	193	5	167	5.83e-44	145
Sphadest	CP@TRINITY_DN626_c0_g1::CP@TRINITY_DN626_c0_g1_i3::g.18432::m.18432	41.718	163	95	0	31	193	5	167	5.83e-44	145
Sphadest	CP@TRINITY_DN626_c0_g1::CP@TRINITY_DN626_c0_g1_i2::g.18428::m.18428	41.718	163	95	0	31	193	5	167	5.83e-44	145
Sphadest	CP@TRINITY_DN626_c0_g1::CP@TRINITY_DN626_c0_g1_i16::g.18425::m.18425	41.718	163	95	0	31	193	5	167	5.83e-44	145
Sphadest	CP@TRINITY_DN626_c0_g1::CP@TRINITY_DN626_c0_g1_i10::g.18421::m.18421	41.718	163	95	0	31	193	5	167	5.83e-44	145
Sphadest	CP@TRINITY_DN626_c0_g1::CP@TRINITY_DN626_c0_g1_i1::g.18419::m.18419	41.718	163	95	0	31	193	5	167	5.83e-44	145
Pigoviet	CP@TRINITY_DN975_c0_g1::CP@TRINITY_DN975_c0_g1_i2::g.29597::m.29597	50.000	190	86	3	27	211	1	186	7.69e-59	183
Pigoviet	CP@TRINITY_DN975_c0_g1::CP@TRINITY_DN975_c0_g1_i12::g.29594::m.29594	50.000	190	86	3	27	211	1	186	7.69e-59	183
Pigoviet	CP@TRINITY_DN975_c0_g1::CP@TRINITY_DN975_c0_g1_i11::g.29591::m.29591	50.000	190	86	3	27	211	1	186	7.69e-59	183
Pigoviet	CP@TRINITY_DN975_c0_g1::CP@TRINITY_DN975_c0_g1_i1::g.29588::m.29588	52.071	169	79	1	27	193	1	169	1.55e-56	177
Pigoviet	CP@TRINITY_DN10110_c0_g1::CP@TRINITY_DN10110_c0_g1_i2::g.6062::m.6062	41.667	180	103	2	34	211	43	222	1.65e-43	145
Pigoviet	CP@TRINITY_DN10110_c0_g1::CP@TRINITY_DN10110_c0_g1_i1::g.6061::m.6061	41.530	183	102	2	34	211	43	225	2.23e-43	145
Pigoviet	CP@TRINITY_DN626_c0_g1::CP@TRINITY_DN626_c0_g1_i6::g.18437::m.18437	39.326	178	108	0	34	211	5	182	1.47e-41	139
Pigoviet	CP@TRINITY_DN626_c0_g1::CP@TRINITY_DN626_c0_g1_i4::g.18434::m.18434	39.326	178	108	0	34	211	5	182	1.47e-41	139
Pigoviet	CP@TRINITY_DN626_c0_g1::CP@TRINITY_DN626_c0_g1_i3::g.18432::m.18432	39.326	178	108	0	34	211	5	182	1.47e-41	139
Pigoviet	CP@TRINITY_DN626_c0_g1::CP@TRINITY_DN626_c0_g1_i2::g.18428::m.18428	39.326	178	108	0	34	211	5	182	1.47e-41	139
Pigoviet	CP@TRINITY_DN626_c0_g1::CP@TRINITY_DN626_c0_g1_i16::g.18425::m.18425	39.326	178	108	0	34	211	5	182	1.47e-41	139
Pigoviet	CP@TRINITY_DN626_c0_g1::CP@TRINITY_DN626_c0_g1_i10::g.18421::m.18421	39.326	178	108	0	34	211	5	182	1.47e-41	139
Pigoviet	CP@TRINITY_DN626_c0_g1::CP@TRINITY_DN626_c0_g1_i1::g.18419::m.18419	39.326	178	108	0	34	211	5	182	1.47e-41	139
Capsowcz	CP@TRINITY_DN975_c0_g1::CP@TRINITY_DN975_c0_g1_i2::g.29597::m.29597	48.128	187	93	3	1	185	1	185	2.64e-59	183
Capsowcz	CP@TRINITY_DN975_c0_g1::CP@TRINITY_DN975_c0_g1_i12::g.29594::m.29594	48.128	187	93	3	1	185	1	185	2.64e-59	183
Capsowcz	CP@TRINITY_DN975_c0_g1::CP@TRINITY_DN975_c0_g1_i11::g.29591::m.29591	48.128	187	93	3	1	185	1	185	2.64e-59	183
Capsowcz	CP@TRINITY_DN975_c0_g1::CP@TRINITY_DN975_c0_g1_i1::g.29588::m.29588	50.588	170	81	2	1	168	1	169	4.75e-58	179
Capsowcz	CP@TRINITY_DN10110_c0_g1::CP@TRINITY_DN10110_c0_g1_i1::g.6061::m.6061	43.114	167	93	2	5	170	40	205	6.08e-42	140
Capsowcz	CP@TRINITY_DN10110_c0_g1::CP@TRINITY_DN10110_c0_g1_i2::g.6062::m.6062	40.984	183	105	3	5	185	40	221	2.10e-41	139
Thectrah	CP@TRINITY_DN975_c0_g1::CP@TRINITY_DN975_c0_g1_i2::g.29597::m.29597	46.707	167	87	1	7	171	5	171	3.43e-49	157
Thectrah	CP@TRINITY_DN975_c0_g1::CP@TRINITY_DN975_c0_g1_i12::g.29594::m.29594	46.707	167	87	1	7	171	5	171	3.43e-49	157
Thectrah	CP@TRINITY_DN975_c0_g1::CP@TRINITY_DN975_c0_g1_i11::g.29591::m.29591	46.707	167	87	1	7	171	5	171	3.43e-49	157
Thectrah	CP@TRINITY_DN975_c0_g1::CP@TRINITY_DN975_c0_g1_i1::g.29588::m.29588	46.667	165	86	1	7	169	5	169	2.71e-48	155
Thectrah	CP@TRINITY_DN4181_c0_g1::CP@TRINITY_DN4181_c0_g1_i10::g.75821::m.75821	42.135	178	97	3	18	189	3	180	4.58e-45	147
Thectrah	CP@TRINITY_DN10110_c0_g1::CP@TRINITY_DN10110_c0_g1_i1::g.6061::m.6061	38.947	190	111	3	5	189	36	225	4.98e-43	143
Thectrah	CP@TRINITY_DN10110_c0_g1::CP@TRINITY_DN10110_c0_g1_i2::g.6062::m.6062	41.279	172	98	2	5	173	36	207	1.14e-42	142
Parvatla	CP@TRINITY_DN975_c0_g1::CP@TRINITY_DN975_c0_g1_i1::g.29588::m.29588	56.557	122	53	0	1	122	1	122	2.58e-50	157
Parvatla	CP@TRINITY_DN975_c0_g1::CP@TRINITY_DN975_c0_g1_i2::g.29597::m.29597	56.557	122	53	0	1	122	1	122	5.74e-50	157
Parvatla	CP@TRINITY_DN975_c0_g1::CP@TRINITY_DN975_c0_g1_i12::g.29594::m.29594	56.557	122	53	0	1	122	1	122	5.74e-50	157
Parvatla	CP@TRINITY_DN975_c0_g1::CP@TRINITY_DN975_c0_g1_i11::g.29591::m.29591	56.557	122	53	0	1	122	1	122	5.74e-50	157
Batrdend	CP@TRINITY_DN975_c0_g1::CP@TRINITY_DN975_c0_g1_i2::g.29597::m.29597	52.432	185	85	2	3	185	2	185	4.84e-68	205
Batrdend	CP@TRINITY_DN975_c0_g1::CP@TRINITY_DN975_c0_g1_i12::g.29594::m.29594	52.432	185	85	2	3	185	2	185	4.84e-68	205
Batrdend	CP@TRINITY_DN975_c0_g1::CP@TRINITY_DN975_c0_g1_i11::g.29591::m.29591	52.432	185	85	2	3	185	2	185	4.84e-68	205
Batrdend	CP@TRINITY_DN975_c0_g1::CP@TRINITY_DN975_c0_g1_i1::g.29588::m.29588	54.762	168	74	1	3	168	2	169	5.66e-66	199
Coralima	CP@TRINITY_DN975_c0_g1::CP@TRINITY_DN975_c0_g1_i2::g.29597::m.29597	42.135	178	97	3	1	172	1	178	1.61e-44	145
Coralima	CP@TRINITY_DN975_c0_g1::CP@TRINITY_DN975_c0_g1_i12::g.29594::m.29594	42.135	178	97	3	1	172	1	178	1.61e-44	145
Coralima	CP@TRINITY_DN975_c0_g1::CP@TRINITY_DN975_c0_g1_i11::g.29591::m.29591	42.135	178	97	3	1	172	1	178	1.61e-44	145
Coralima	CP@TRINITY_DN975_c0_g1::CP@TRINITY_DN975_c0_g1_i1::g.29588::m.29588	43.195	169	91	2	1	164	1	169	6.92e-44	143
Coralima	CP@TRINITY_DN10110_c0_g1::CP@TRINITY_DN10110_c0_g1_i2::g.6062::m.6062	41.209	182	102	2	5	181	40	221	1.53e-42	142
Protfung	CP@TRINITY_DN975_c0_g1::CP@TRINITY_DN975_c0_g1_i2::g.29597::m.29597	48.295	176	88	2	1	174	1	175	3.55e-52	178
Protfung	CP@TRINITY_DN975_c0_g1::CP@TRINITY_DN975_c0_g1_i12::g.29594::m.29594	48.295	176	88	2	1	174	1	175	3.55e-52	178
Protfung	CP@TRINITY_DN975_c0_g1::CP@TRINITY_DN975_c0_g1_i11::g.29591::m.29591	48.295	176	88	2	1	174	1	175	3.55e-52	178
Protfung	CP@TRINITY_DN975_c0_g1::CP@TRINITY_DN975_c0_g1_i1::g.29588::m.29588	48.824	170	84	2	1	168	1	169	1.43e-50	173
Dictdisc	CP@TRINITY_DN975_c0_g1::CP@TRINITY_DN975_c0_g1_i2::g.29597::m.29597	42.188	192	95	3	1	182	1	186	4.22e-49	157
Dictdisc	CP@TRINITY_DN975_c0_g1::CP@TRINITY_DN975_c0_g1_i12::g.29594::m.29594	42.188	192	95	3	1	182	1	186	4.22e-49	157
Dictdisc	CP@TRINITY_DN975_c0_g1::CP@TRINITY_DN975_c0_g1_i11::g.29591::m.29591	42.188	192	95	3	1	182	1	186	4.22e-49	157
Dictdisc	CP@TRINITY_DN975_c0_g1::CP@TRINITY_DN975_c0_g1_i1::g.29588::m.29588	44.253	174	82	2	1	164	1	169	3.30e-48	154
Physpoly	CP@TRINITY_DN975_c0_g1::CP@TRINITY_DN975_c0_g1_i2::g.29597::m.29597	42.857	189	100	4	1	183	1	187	2.71e-47	152
Physpoly	CP@TRINITY_DN975_c0_g1::CP@TRINITY_DN975_c0_g1_i12::g.29594::m.29594	42.857	189	100	4	1	183	1	187	2.71e-47	152
Physpoly	CP@TRINITY_DN975_c0_g1::CP@TRINITY_DN975_c0_g1_i11::g.29591::m.29591	42.857	189	100	4	1	183	1	187	2.71e-47	152
Physpoly	CP@TRINITY_DN975_c0_g1::CP@TRINITY_DN975_c0_g1_i1::g.29588::m.29588	44.379	169	89	2	1	164	1	169	1.40e-46	150
ChoanoFB	CP@TRINITY_DN975_c0_g1::CP@TRINITY_DN975_c0_g1_i2::g.29597::m.29597	49.171	181	89	2	33	210	5	185	2.95e-52	166
ChoanoFB	CP@TRINITY_DN975_c0_g1::CP@TRINITY_DN975_c0_g1_i12::g.29594::m.29594	49.171	181	89	2	33	210	5	185	2.95e-52	166
ChoanoFB	CP@TRINITY_DN975_c0_g1::CP@TRINITY_DN975_c0_g1_i11::g.29591::m.29591	49.171	181	89	2	33	210	5	185	2.95e-52	166
ChoanoFB	CP@TRINITY_DN975_c0_g1::CP@TRINITY_DN975_c0_g1_i1::g.29588::m.29588	50.909	165	79	1	33	195	5	169	1.12e-51	164
Raphhete	CP@TRINITY_DN975_c0_g1::CP@TRINITY_DN975_c0_g1_i2::g.29597::m.29597	43.386	189	103	3	47	233	1	187	7.72e-47	153
Raphhete	CP@TRINITY_DN975_c0_g1::CP@TRINITY_DN975_c0_g1_i12::g.29594::m.29594	43.386	189	103	3	47	233	1	187	7.72e-47	153
Raphhete	CP@TRINITY_DN975_c0_g1::CP@TRINITY_DN975_c0_g1_i11::g.29591::m.29591	43.386	189	103	3	47	233	1	187	7.72e-47	153
Raphhete	CP@TRINITY_DN975_c0_g1::CP@TRINITY_DN975_c0_g1_i1::g.29588::m.29588	45.294	170	90	2	47	214	1	169	3.95e-45	148
Lapoguse	CP@TRINITY_DN975_c0_g1::CP@TRINITY_DN975_c0_g1_i2::g.29597::m.29597	40.341	176	103	1	3	176	5	180	4.85e-42	146
Lapoguse	CP@TRINITY_DN975_c0_g1::CP@TRINITY_DN975_c0_g1_i12::g.29594::m.29594	40.341	176	103	1	3	176	5	180	4.85e-42	146
Lapoguse	CP@TRINITY_DN975_c0_g1::CP@TRINITY_DN975_c0_g1_i11::g.29591::m.29591	40.341	176	103	1	3	176	5	180	4.85e-42	146
Hemirufe	CP@TRINITY_DN975_c0_g1::CP@TRINITY_DN975_c0_g1_i2::g.29597::m.29597	46.369	179	93	2	140	315	7	185	6.04e-50	164
Hemirufe	CP@TRINITY_DN975_c0_g1::CP@TRINITY_DN975_c0_g1_i12::g.29594::m.29594	46.369	179	93	2	140	315	7	185	6.04e-50	164
Hemirufe	CP@TRINITY_DN975_c0_g1::CP@TRINITY_DN975_c0_g1_i11::g.29591::m.29591	46.369	179	93	2	140	315	7	185	6.04e-50	164
Hemirufe	CP@TRINITY_DN975_c0_g1::CP@TRINITY_DN975_c0_g1_i1::g.29588::m.29588	48.765	162	81	1	140	299	7	168	1.08e-48	160
Guilthet	CP@TRINITY_DN975_c0_g1::CP@TRINITY_DN975_c0_g1_i2::g.29597::m.29597	46.667	180	93	2	140	316	7	186	4.73e-50	164
Guilthet	CP@TRINITY_DN975_c0_g1::CP@TRINITY_DN975_c0_g1_i12::g.29594::m.29594	46.667	180	93	2	140	316	7	186	4.73e-50	164
Guilthet	CP@TRINITY_DN975_c0_g1::CP@TRINITY_DN975_c0_g1_i11::g.29591::m.29591	46.667	180	93	2	140	316	7	186	4.73e-50	164
Guilthet	CP@TRINITY_DN975_c0_g1::CP@TRINITY_DN975_c0_g1_i1::g.29588::m.29588	49.383	162	80	1	140	299	7	168	9.12e-49	160
Gemicryo	CP@TRINITY_DN975_c0_g1::CP@TRINITY_DN975_c0_g1_i2::g.29597::m.29597	45.856	181	95	2	20	197	7	187	1.15e-50	162
Gemicryo	CP@TRINITY_DN975_c0_g1::CP@TRINITY_DN975_c0_g1_i12::g.29594::m.29594	45.856	181	95	2	20	197	7	187	1.15e-50	162
Gemicryo	CP@TRINITY_DN975_c0_g1::CP@TRINITY_DN975_c0_g1_i11::g.29591::m.29591	45.856	181	95	2	20	197	7	187	1.15e-50	162
Gemicryo	CP@TRINITY_DN975_c0_g1::CP@TRINITY_DN975_c0_g1_i1::g.29588::m.29588	49.375	160	79	1	20	177	7	166	9.44e-50	159
Phytpara	CP@TRINITY_DN975_c0_g1::CP@TRINITY_DN975_c0_g1_i2::g.29597::m.29597	48.066	181	90	3	7	184	7	186	3.40e-50	160
Phytpara	CP@TRINITY_DN975_c0_g1::CP@TRINITY_DN975_c0_g1_i12::g.29594::m.29594	48.066	181	90	3	7	184	7	186	3.40e-50	160
Phytpara	CP@TRINITY_DN975_c0_g1::CP@TRINITY_DN975_c0_g1_i11::g.29591::m.29591	48.066	181	90	3	7	184	7	186	3.40e-50	160
Phytpara	CP@TRINITY_DN975_c0_g1::CP@TRINITY_DN975_c0_g1_i1::g.29588::m.29588	49.693	163	79	2	7	166	7	169	8.70e-49	156
Hemikukw	CP@TRINITY_DN975_c0_g1::CP@TRINITY_DN975_c0_g1_i2::g.29597::m.29597	50.299	167	81	1	3	167	5	171	2.18e-56	177
Hemikukw	CP@TRINITY_DN975_c0_g1::CP@TRINITY_DN975_c0_g1_i12::g.29594::m.29594	50.299	167	81	1	3	167	5	171	2.18e-56	177
Hemikukw	CP@TRINITY_DN975_c0_g1::CP@TRINITY_DN975_c0_g1_i11::g.29591::m.29591	50.299	167	81	1	3	167	5	171	2.18e-56	177
Hemikukw	CP@TRINITY_DN975_c0_g1::CP@TRINITY_DN975_c0_g1_i1::g.29588::m.29588	50.303	165	80	1	3	165	5	169	1.47e-55	174
Andagodo	CP@TRINITY_DN975_c0_g1::CP@TRINITY_DN975_c0_g1_i2::g.29597::m.29597	46.061	165	83	2	69	227	7	171	1.31e-45	150
Andagodo	CP@TRINITY_DN975_c0_g1::CP@TRINITY_DN975_c0_g1_i12::g.29594::m.29594	46.061	165	83	2	69	227	7	171	1.31e-45	150
Andagodo	CP@TRINITY_DN975_c0_g1::CP@TRINITY_DN975_c0_g1_i11::g.29591::m.29591	46.061	165	83	2	69	227	7	171	1.31e-45	150
Andagodo	CP@TRINITY_DN975_c0_g1::CP@TRINITY_DN975_c0_g1_i1::g.29588::m.29588	46.012	163	82	2	69	225	7	169	1.58e-45	150
Acancast	CP@TRINITY_DN975_c0_g1::CP@TRINITY_DN975_c0_g1_i2::g.29597::m.29597	47.253	182	93	2	5	184	5	185	4.48e-50	160
Acancast	CP@TRINITY_DN975_c0_g1::CP@TRINITY_DN975_c0_g1_i12::g.29594::m.29594	47.253	182	93	2	5	184	5	185	4.48e-50	160
Acancast	CP@TRINITY_DN975_c0_g1::CP@TRINITY_DN975_c0_g1_i11::g.29591::m.29591	47.253	182	93	2	5	184	5	185	4.48e-50	160
Acancast	CP@TRINITY_DN975_c0_g1::CP@TRINITY_DN975_c0_g1_i1::g.29588::m.29588	48.485	165	83	1	5	167	5	169	1.67e-47	152
Rhodemar	CP@TRINITY_DN975_c0_g1::CP@TRINITY_DN975_c0_g1_i2::g.29597::m.29597	46.739	184	94	2	7	187	5	187	4.40e-55	172
Rhodemar	CP@TRINITY_DN975_c0_g1::CP@TRINITY_DN975_c0_g1_i12::g.29594::m.29594	46.739	184	94	2	7	187	5	187	4.40e-55	172
Rhodemar	CP@TRINITY_DN975_c0_g1::CP@TRINITY_DN975_c0_g1_i11::g.29591::m.29591	46.739	184	94	2	7	187	5	187	4.40e-55	172
Rhodemar	CP@TRINITY_DN975_c0_g1::CP@TRINITY_DN975_c0_g1_i1::g.29588::m.29588	48.485	165	82	1	7	168	5	169	2.37e-53	167
Ancytwis	CP@TRINITY_DN975_c0_g1::CP@TRINITY_DN975_c0_g1_i2::g.29597::m.29597	44.633	177	95	2	77	250	5	181	1.25e-48	159
Ancytwis	CP@TRINITY_DN975_c0_g1::CP@TRINITY_DN975_c0_g1_i12::g.29594::m.29594	44.633	177	95	2	77	250	5	181	1.25e-48	159
Ancytwis	CP@TRINITY_DN975_c0_g1::CP@TRINITY_DN975_c0_g1_i11::g.29591::m.29591	44.633	177	95	2	77	250	5	181	1.25e-48	159
Ancytwis	CP@TRINITY_DN975_c0_g1::CP@TRINITY_DN975_c0_g1_i1::g.29588::m.29588	45.455	165	88	1	77	239	5	169	7.10e-48	156
Saprdecl	CP@TRINITY_DN975_c0_g1::CP@TRINITY_DN975_c0_g1_i2::g.29597::m.29597	49.730	185	81	4	7	184	7	186	7.76e-55	172
Saprdecl	CP@TRINITY_DN975_c0_g1::CP@TRINITY_DN975_c0_g1_i12::g.29594::m.29594	49.730	185	81	4	7	184	7	186	7.76e-55	172
Saprdecl	CP@TRINITY_DN975_c0_g1::CP@TRINITY_DN975_c0_g1_i11::g.29591::m.29591	49.730	185	81	4	7	184	7	186	7.76e-55	172
Saprdecl	CP@TRINITY_DN975_c0_g1::CP@TRINITY_DN975_c0_g1_i1::g.29588::m.29588	52.147	163	75	2	7	166	7	169	7.88e-53	166
Pythirre	CP@TRINITY_DN975_c0_g1::CP@TRINITY_DN975_c0_g1_i2::g.29597::m.29597	49.730	185	85	4	7	188	7	186	4.99e-50	160
Pythirre	CP@TRINITY_DN975_c0_g1::CP@TRINITY_DN975_c0_g1_i12::g.29594::m.29594	49.730	185	85	4	7	188	7	186	4.99e-50	160
Pythirre	CP@TRINITY_DN975_c0_g1::CP@TRINITY_DN975_c0_g1_i11::g.29591::m.29591	49.730	185	85	4	7	188	7	186	4.99e-50	160
Pythirre	CP@TRINITY_DN975_c0_g1::CP@TRINITY_DN975_c0_g1_i1::g.29588::m.29588	50.898	167	75	3	7	170	7	169	2.05e-47	152
Albulaib	CP@TRINITY_DN975_c0_g1::CP@TRINITY_DN975_c0_g1_i2::g.29597::m.29597	44.920	187	99	3	1	184	1	186	1.73e-42	140
Albulaib	CP@TRINITY_DN975_c0_g1::CP@TRINITY_DN975_c0_g1_i12::g.29594::m.29594	44.920	187	99	3	1	184	1	186	1.73e-42	140
Albulaib	CP@TRINITY_DN975_c0_g1::CP@TRINITY_DN975_c0_g1_i11::g.29591::m.29591	44.920	187	99	3	1	184	1	186	1.73e-42	140
Deveeleg	CP@TRINITY_DN975_c0_g1::CP@TRINITY_DN975_c0_g1_i1::g.29588::m.29588	46.951	164	83	3	38	198	7	169	5.09e-43	142
Phaetric	CP@TRINITY_DN975_c0_g1::CP@TRINITY_DN975_c0_g1_i2::g.29597::m.29597	45.213	188	94	5	6	188	3	186	9.71e-45	146
Phaetric	CP@TRINITY_DN975_c0_g1::CP@TRINITY_DN975_c0_g1_i12::g.29594::m.29594	45.213	188	94	5	6	188	3	186	9.71e-45	146
Phaetric	CP@TRINITY_DN975_c0_g1::CP@TRINITY_DN975_c0_g1_i11::g.29591::m.29591	45.213	188	94	5	6	188	3	186	9.71e-45	146
Phaetric	CP@TRINITY_DN975_c0_g1::CP@TRINITY_DN975_c0_g1_i1::g.29588::m.29588	47.059	170	82	4	6	170	3	169	2.85e-43	142
Psuemult	CP@TRINITY_DN975_c0_g1::CP@TRINITY_DN975_c0_g1_i2::g.29597::m.29597	44.022	184	93	4	15	193	7	185	1.65e-41	138
Psuemult	CP@TRINITY_DN975_c0_g1::CP@TRINITY_DN975_c0_g1_i12::g.29594::m.29594	44.022	184	93	4	15	193	7	185	1.65e-41	138
Psuemult	CP@TRINITY_DN975_c0_g1::CP@TRINITY_DN975_c0_g1_i11::g.29591::m.29591	44.022	184	93	4	15	193	7	185	1.65e-41	138
Rhiz1243	CP@TRINITY_DN975_c0_g1::CP@TRINITY_DN975_c0_g1_i2::g.29597::m.29597	46.386	166	86	2	33	196	7	171	1.01e-41	139
Rhiz1243	CP@TRINITY_DN975_c0_g1::CP@TRINITY_DN975_c0_g1_i12::g.29594::m.29594	46.386	166	86	2	33	196	7	171	1.01e-41	139
Rhiz1243	CP@TRINITY_DN975_c0_g1::CP@TRINITY_DN975_c0_g1_i11::g.29591::m.29591	46.386	166	86	2	33	196	7	171	1.01e-41	139
Rhiz1243	CP@TRINITY_DN975_c0_g1::CP@TRINITY_DN975_c0_g1_i1::g.29588::m.29588	46.626	163	84	2	33	193	7	168	7.95e-41	137
Fibrjapo	CP@TRINITY_DN975_c0_g1::CP@TRINITY_DN975_c0_g1_i2::g.29597::m.29597	45.349	172	85	3	13	182	7	171	1.06e-41	139
Fibrjapo	CP@TRINITY_DN975_c0_g1::CP@TRINITY_DN975_c0_g1_i12::g.29594::m.29594	45.349	172	85	3	13	182	7	171	1.06e-41	139
Fibrjapo	CP@TRINITY_DN975_c0_g1::CP@TRINITY_DN975_c0_g1_i11::g.29591::m.29591	45.349	172	85	3	13	182	7	171	1.06e-41	139
Aplakerg	CP@TRINITY_DN975_c0_g1::CP@TRINITY_DN975_c0_g1_i2::g.29597::m.29597	44.444	171	90	2	58	226	4	171	5.30e-44	146
Aplakerg	CP@TRINITY_DN975_c0_g1::CP@TRINITY_DN975_c0_g1_i12::g.29594::m.29594	44.444	171	90	2	58	226	4	171	5.30e-44	146
Aplakerg	CP@TRINITY_DN975_c0_g1::CP@TRINITY_DN975_c0_g1_i11::g.29591::m.29591	44.444	171	90	2	58	226	4	171	5.30e-44	146
Aplakerg	CP@TRINITY_DN975_c0_g1::CP@TRINITY_DN975_c0_g1_i1::g.29588::m.29588	44.379	169	89	2	58	224	4	169	3.98e-43	144
Auralima	CP@TRINITY_DN975_c0_g1::CP@TRINITY_DN975_c0_g1_i2::g.29597::m.29597	45.402	174	90	2	121	292	1	171	3.05e-42	144
Auralima	CP@TRINITY_DN975_c0_g1::CP@TRINITY_DN975_c0_g1_i12::g.29594::m.29594	45.402	174	90	2	121	292	1	171	3.05e-42	144
Auralima	CP@TRINITY_DN975_c0_g1::CP@TRINITY_DN975_c0_g1_i11::g.29591::m.29591	45.402	174	90	2	121	292	1	171	3.05e-42	144
Schiaggr	CP@TRINITY_DN975_c0_g1::CP@TRINITY_DN975_c0_g1_i2::g.29597::m.29597	43.011	186	95	3	15	194	7	187	1.03e-42	141
Schiaggr	CP@TRINITY_DN975_c0_g1::CP@TRINITY_DN975_c0_g1_i12::g.29594::m.29594	43.011	186	95	3	15	194	7	187	1.03e-42	141
Schiaggr	CP@TRINITY_DN975_c0_g1::CP@TRINITY_DN975_c0_g1_i11::g.29591::m.29591	43.011	186	95	3	15	194	7	187	1.03e-42	141
Vannfimi	CP@TRINITY_DN975_c0_g1::CP@TRINITY_DN975_c0_g1_i2::g.29597::m.29597	40.838	191	107	2	16	204	1	187	2.14e-48	156
Vannfimi	CP@TRINITY_DN975_c0_g1::CP@TRINITY_DN975_c0_g1_i12::g.29594::m.29594	40.838	191	107	2	16	204	1	187	2.14e-48	156
Vannfimi	CP@TRINITY_DN975_c0_g1::CP@TRINITY_DN975_c0_g1_i11::g.29591::m.29591	40.838	191	107	2	16	204	1	187	2.14e-48	156
Vannfimi	CP@TRINITY_DN975_c0_g1::CP@TRINITY_DN975_c0_g1_i1::g.29588::m.29588	43.787	169	93	1	16	182	1	169	1.74e-47	153
Idiovort	CP@TRINITY_DN975_c0_g1::CP@TRINITY_DN975_c0_g1_i2::g.29597::m.29597	43.678	174	96	1	3	174	2	175	1.03e-50	161
Idiovort	CP@TRINITY_DN975_c0_g1::CP@TRINITY_DN975_c0_g1_i12::g.29594::m.29594	43.678	174	96	1	3	174	2	175	1.03e-50	161
Idiovort	CP@TRINITY_DN975_c0_g1::CP@TRINITY_DN975_c0_g1_i11::g.29591::m.29591	43.678	174	96	1	3	174	2	175	1.03e-50	161
Idiovort	CP@TRINITY_DN975_c0_g1::CP@TRINITY_DN975_c0_g1_i1::g.29588::m.29588	44.048	168	92	1	3	168	2	169	1.33e-48	155
Cyanpara	CP@TRINITY_DN975_c0_g1::CP@TRINITY_DN975_c0_g1_i2::g.29597::m.29597	45.055	182	100	0	4	185	5	186	5.67e-55	172
Cyanpara	CP@TRINITY_DN975_c0_g1::CP@TRINITY_DN975_c0_g1_i12::g.29594::m.29594	45.055	182	100	0	4	185	5	186	5.67e-55	172
Cyanpara	CP@TRINITY_DN975_c0_g1::CP@TRINITY_DN975_c0_g1_i11::g.29591::m.29591	45.055	182	100	0	4	185	5	186	5.67e-55	172
Cyanpara	CP@TRINITY_DN975_c0_g1::CP@TRINITY_DN975_c0_g1_i1::g.29588::m.29588	47.273	165	87	0	4	168	5	169	8.52e-52	164
Glauincr	CP@TRINITY_DN975_c0_g1::CP@TRINITY_DN975_c0_g1_i1::g.29588::m.29588	46.053	152	80	1	4	153	5	156	2.88e-42	138
Palpbili	CP@TRINITY_DN975_c0_g1::CP@TRINITY_DN975_c0_g1_i2::g.29597::m.29597	43.529	170	94	1	154	321	7	176	1.59e-41	150
Palpbili	CP@TRINITY_DN975_c0_g1::CP@TRINITY_DN975_c0_g1_i12::g.29594::m.29594	43.529	170	94	1	154	321	7	176	1.59e-41	150
Palpbili	CP@TRINITY_DN975_c0_g1::CP@TRINITY_DN975_c0_g1_i11::g.29591::m.29591	43.529	170	94	1	154	321	7	176	1.59e-41	150
Rhodsali	CP@TRINITY_DN975_c0_g1::CP@TRINITY_DN975_c0_g1_i2::g.29597::m.29597	48.171	164	83	1	161	322	7	170	3.95e-47	157
Rhodsali	CP@TRINITY_DN975_c0_g1::CP@TRINITY_DN975_c0_g1_i12::g.29594::m.29594	48.171	164	83	1	161	322	7	170	3.95e-47	157
Rhodsali	CP@TRINITY_DN975_c0_g1::CP@TRINITY_DN975_c0_g1_i11::g.29591::m.29591	48.171	164	83	1	161	322	7	170	3.95e-47	157
Rhodsali	CP@TRINITY_DN975_c0_g1::CP@TRINITY_DN975_c0_g1_i1::g.29588::m.29588	48.750	160	80	1	161	318	7	166	1.01e-46	156
Cryppara	CP@TRINITY_DN975_c0_g1::CP@TRINITY_DN975_c0_g1_i1::g.29588::m.29588	50.311	161	78	1	147	305	7	167	7.31e-51	166
Cryppara	CP@TRINITY_DN975_c0_g1::CP@TRINITY_DN975_c0_g1_i2::g.29597::m.29597	50.311	161	78	1	147	305	7	167	1.13e-50	166
Cryppara	CP@TRINITY_DN975_c0_g1::CP@TRINITY_DN975_c0_g1_i12::g.29594::m.29594	50.311	161	78	1	147	305	7	167	1.13e-50	166
Cryppara	CP@TRINITY_DN975_c0_g1::CP@TRINITY_DN975_c0_g1_i11::g.29591::m.29591	50.311	161	78	1	147	305	7	167	1.13e-50	166
Bafffrig	CP@TRINITY_DN975_c0_g1::CP@TRINITY_DN975_c0_g1_i2::g.29597::m.29597	45.856	181	95	2	13	190	7	187	1.25e-51	164
Bafffrig	CP@TRINITY_DN975_c0_g1::CP@TRINITY_DN975_c0_g1_i12::g.29594::m.29594	45.856	181	95	2	13	190	7	187	1.25e-51	164
Bafffrig	CP@TRINITY_DN975_c0_g1::CP@TRINITY_DN975_c0_g1_i11::g.29591::m.29591	45.856	181	95	2	13	190	7	187	1.25e-51	164
Bafffrig	CP@TRINITY_DN975_c0_g1::CP@TRINITY_DN975_c0_g1_i1::g.29588::m.29588	49.068	161	80	1	13	171	7	167	7.17e-51	161
Branflor	CP@TRINITY_DN975_c0_g1::CP@TRINITY_DN975_c0_g1_i2::g.29597::m.29597	47.619	189	90	3	1	183	1	186	7.10e-57	177
Branflor	CP@TRINITY_DN975_c0_g1::CP@TRINITY_DN975_c0_g1_i12::g.29594::m.29594	47.619	189	90	3	1	183	1	186	7.10e-57	177
Branflor	CP@TRINITY_DN975_c0_g1::CP@TRINITY_DN975_c0_g1_i11::g.29591::m.29591	47.619	189	90	3	1	183	1	186	7.10e-57	177
Branflor	CP@TRINITY_DN975_c0_g1::CP@TRINITY_DN975_c0_g1_i1::g.29588::m.29588	49.112	169	84	1	1	167	1	169	4.55e-55	172
Branflor	CP@TRINITY_DN10110_c0_g1::CP@TRINITY_DN10110_c0_g1_i2::g.6062::m.6062	41.530	183	103	2	5	183	40	222	1.47e-46	152
Branflor	CP@TRINITY_DN10110_c0_g1::CP@TRINITY_DN10110_c0_g1_i1::g.6061::m.6061	41.916	167	96	1	5	170	40	206	4.05e-45	148
Branflor	CP@TRINITY_DN626_c0_g1::CP@TRINITY_DN626_c0_g1_i6::g.18437::m.18437	39.157	166	101	0	5	170	2	167	3.87e-43	142
Branflor	CP@TRINITY_DN626_c0_g1::CP@TRINITY_DN626_c0_g1_i4::g.18434::m.18434	39.157	166	101	0	5	170	2	167	3.87e-43	142
Branflor	CP@TRINITY_DN626_c0_g1::CP@TRINITY_DN626_c0_g1_i3::g.18432::m.18432	39.157	166	101	0	5	170	2	167	3.87e-43	142
Branflor	CP@TRINITY_DN626_c0_g1::CP@TRINITY_DN626_c0_g1_i2::g.18428::m.18428	39.157	166	101	0	5	170	2	167	3.87e-43	142
Branflor	CP@TRINITY_DN626_c0_g1::CP@TRINITY_DN626_c0_g1_i16::g.18425::m.18425	39.157	166	101	0	5	170	2	167	3.87e-43	142
Branflor	CP@TRINITY_DN626_c0_g1::CP@TRINITY_DN626_c0_g1_i10::g.18421::m.18421	39.157	166	101	0	5	170	2	167	3.87e-43	142
Branflor	CP@TRINITY_DN626_c0_g1::CP@TRINITY_DN626_c0_g1_i1::g.18419::m.18419	39.157	166	101	0	5	170	2	167	3.87e-43	142
Amphquee	CP@TRINITY_DN975_c0_g1::CP@TRINITY_DN975_c0_g1_i2::g.29597::m.29597	46.486	185	89	4	4	181	5	186	5.52e-54	169
Amphquee	CP@TRINITY_DN975_c0_g1::CP@TRINITY_DN975_c0_g1_i12::g.29594::m.29594	46.486	185	89	4	4	181	5	186	5.52e-54	169
Amphquee	CP@TRINITY_DN975_c0_g1::CP@TRINITY_DN975_c0_g1_i11::g.29591::m.29591	46.486	185	89	4	4	181	5	186	5.52e-54	169
Amphquee	CP@TRINITY_DN975_c0_g1::CP@TRINITY_DN975_c0_g1_i1::g.29588::m.29588	47.590	166	83	2	4	166	5	169	6.53e-51	161
Amphquee	CP@TRINITY_DN626_c0_g1::CP@TRINITY_DN626_c0_g1_i6::g.18437::m.18437	37.363	182	111	1	3	181	1	182	1.23e-42	140
Amphquee	CP@TRINITY_DN626_c0_g1::CP@TRINITY_DN626_c0_g1_i4::g.18434::m.18434	37.363	182	111	1	3	181	1	182	1.23e-42	140
Amphquee	CP@TRINITY_DN626_c0_g1::CP@TRINITY_DN626_c0_g1_i3::g.18432::m.18432	37.363	182	111	1	3	181	1	182	1.23e-42	140
Amphquee	CP@TRINITY_DN626_c0_g1::CP@TRINITY_DN626_c0_g1_i2::g.18428::m.18428	37.363	182	111	1	3	181	1	182	1.23e-42	140
Amphquee	CP@TRINITY_DN626_c0_g1::CP@TRINITY_DN626_c0_g1_i16::g.18425::m.18425	37.363	182	111	1	3	181	1	182	1.23e-42	140
Amphquee	CP@TRINITY_DN626_c0_g1::CP@TRINITY_DN626_c0_g1_i10::g.18421::m.18421	37.363	182	111	1	3	181	1	182	1.23e-42	140
Amphquee	CP@TRINITY_DN626_c0_g1::CP@TRINITY_DN626_c0_g1_i1::g.18419::m.18419	37.363	182	111	1	3	181	1	182	1.23e-42	140
Tricadha	CP@TRINITY_DN975_c0_g1::CP@TRINITY_DN975_c0_g1_i2::g.29597::m.29597	46.591	176	92	1	3	176	4	179	1.36e-46	151
Tricadha	CP@TRINITY_DN975_c0_g1::CP@TRINITY_DN975_c0_g1_i12::g.29594::m.29594	46.591	176	92	1	3	176	4	179	1.36e-46	151
Tricadha	CP@TRINITY_DN975_c0_g1::CP@TRINITY_DN975_c0_g1_i11::g.29591::m.29591	46.591	176	92	1	3	176	4	179	1.36e-46	151
Tricadha	CP@TRINITY_DN975_c0_g1::CP@TRINITY_DN975_c0_g1_i1::g.29588::m.29588	46.988	166	86	1	3	166	4	169	5.85e-44	144
Drosmela	CP@TRINITY_DN975_c0_g1::CP@TRINITY_DN975_c0_g1_i2::g.29597::m.29597	44.199	181	98	2	4	181	5	185	1.86e-48	155
Drosmela	CP@TRINITY_DN975_c0_g1::CP@TRINITY_DN975_c0_g1_i12::g.29594::m.29594	44.199	181	98	2	4	181	5	185	1.86e-48	155
Drosmela	CP@TRINITY_DN975_c0_g1::CP@TRINITY_DN975_c0_g1_i11::g.29591::m.29591	44.199	181	98	2	4	181	5	185	1.86e-48	155
Drosmela	CP@TRINITY_DN975_c0_g1::CP@TRINITY_DN975_c0_g1_i1::g.29588::m.29588	46.667	165	86	1	4	166	5	169	1.19e-47	153
Drosmela	CP@TRINITY_DN23427_c0_g1::CP@TRINITY_DN23427_c0_g1_i1::g.56412::m.56412	64.423	104	37	0	47	150	1	104	1.38e-43	140
Apismell	CP@TRINITY_DN975_c0_g1::CP@TRINITY_DN975_c0_g1_i2::g.29597::m.29597	45.604	182	96	2	3	181	4	185	8.42e-52	164
Apismell	CP@TRINITY_DN975_c0_g1::CP@TRINITY_DN975_c0_g1_i12::g.29594::m.29594	45.604	182	96	2	3	181	4	185	8.42e-52	164
Apismell	CP@TRINITY_DN975_c0_g1::CP@TRINITY_DN975_c0_g1_i11::g.29591::m.29591	45.604	182	96	2	3	181	4	185	8.42e-52	164
Apismell	CP@TRINITY_DN975_c0_g1::CP@TRINITY_DN975_c0_g1_i1::g.29588::m.29588	47.590	166	85	1	3	166	4	169	2.03e-50	160
Apismell	CP@TRINITY_DN23427_c0_g1::CP@TRINITY_DN23427_c0_g1_i1::g.56412::m.56412	67.308	104	34	0	47	150	1	104	9.65e-45	143
Gallgall	CP@TRINITY_DN975_c0_g1::CP@TRINITY_DN975_c0_g1_i2::g.29597::m.29597	43.011	186	104	1	1	184	1	186	8.26e-51	162
Gallgall	CP@TRINITY_DN975_c0_g1::CP@TRINITY_DN975_c0_g1_i12::g.29594::m.29594	43.011	186	104	1	1	184	1	186	8.26e-51	162
Gallgall	CP@TRINITY_DN975_c0_g1::CP@TRINITY_DN975_c0_g1_i11::g.29591::m.29591	43.011	186	104	1	1	184	1	186	8.26e-51	162
Gallgall	CP@TRINITY_DN975_c0_g1::CP@TRINITY_DN975_c0_g1_i1::g.29588::m.29588	45.238	168	90	1	1	166	1	168	9.71e-47	150
Aplycali	CP@TRINITY_DN975_c0_g1::CP@TRINITY_DN975_c0_g1_i2::g.29597::m.29597	44.444	180	98	1	3	180	4	183	1.10e-50	161
Aplycali	CP@TRINITY_DN975_c0_g1::CP@TRINITY_DN975_c0_g1_i12::g.29594::m.29594	44.444	180	98	1	3	180	4	183	1.10e-50	161
Aplycali	CP@TRINITY_DN975_c0_g1::CP@TRINITY_DN975_c0_g1_i11::g.29591::m.29591	44.444	180	98	1	3	180	4	183	1.10e-50	161
Aplycali	CP@TRINITY_DN975_c0_g1::CP@TRINITY_DN975_c0_g1_i1::g.29588::m.29588	46.012	163	86	1	3	163	4	166	1.06e-46	150
Mnemleid	CP@TRINITY_DN975_c0_g1::CP@TRINITY_DN975_c0_g1_i2::g.29597::m.29597	44.509	173	90	3	7	176	2	171	8.69e-45	147
Mnemleid	CP@TRINITY_DN975_c0_g1::CP@TRINITY_DN975_c0_g1_i12::g.29594::m.29594	44.509	173	90	3	7	176	2	171	8.69e-45	147
Mnemleid	CP@TRINITY_DN975_c0_g1::CP@TRINITY_DN975_c0_g1_i11::g.29591::m.29591	44.509	173	90	3	7	176	2	171	8.69e-45	147
Mnemleid	CP@TRINITY_DN975_c0_g1::CP@TRINITY_DN975_c0_g1_i1::g.29588::m.29588	45.029	171	88	3	7	174	2	169	2.16e-44	145
Mantplas	CP@TRINITY_DN975_c0_g1::CP@TRINITY_DN975_c0_g1_i2::g.29597::m.29597	49.180	183	89	3	10	188	5	187	1.95e-52	166
Mantplas	CP@TRINITY_DN975_c0_g1::CP@TRINITY_DN975_c0_g1_i12::g.29594::m.29594	49.180	183	89	3	10	188	5	187	1.95e-52	166
Mantplas	CP@TRINITY_DN975_c0_g1::CP@TRINITY_DN975_c0_g1_i11::g.29591::m.29591	49.180	183	89	3	10	188	5	187	1.95e-52	166
Mantplas	CP@TRINITY_DN975_c0_g1::CP@TRINITY_DN975_c0_g1_i1::g.29588::m.29588	50.303	165	79	2	10	171	5	169	8.73e-50	159
Spizpunc	CP@TRINITY_DN975_c0_g1::CP@TRINITY_DN975_c0_g1_i2::g.29597::m.29597	56.977	172	70	2	3	172	2	171	1.51e-65	199
Spizpunc	CP@TRINITY_DN975_c0_g1::CP@TRINITY_DN975_c0_g1_i12::g.29594::m.29594	56.977	172	70	2	3	172	2	171	1.51e-65	199
Spizpunc	CP@TRINITY_DN975_c0_g1::CP@TRINITY_DN975_c0_g1_i11::g.29591::m.29591	56.977	172	70	2	3	172	2	171	1.51e-65	199
Spizpunc	CP@TRINITY_DN975_c0_g1::CP@TRINITY_DN975_c0_g1_i1::g.29588::m.29588	57.059	170	69	2	3	170	2	169	1.15e-64	196
Coprcine	CP@TRINITY_DN975_c0_g1::CP@TRINITY_DN975_c0_g1_i2::g.29597::m.29597	46.341	164	86	1	10	171	7	170	4.93e-49	157
Coprcine	CP@TRINITY_DN975_c0_g1::CP@TRINITY_DN975_c0_g1_i12::g.29594::m.29594	46.341	164	86	1	10	171	7	170	4.93e-49	157
Coprcine	CP@TRINITY_DN975_c0_g1::CP@TRINITY_DN975_c0_g1_i11::g.29591::m.29591	46.341	164	86	1	10	171	7	170	4.93e-49	157
Coprcine	CP@TRINITY_DN975_c0_g1::CP@TRINITY_DN975_c0_g1_i1::g.29588::m.29588	46.012	163	86	1	10	170	7	169	1.15e-48	156
Ustimayd	CP@TRINITY_DN975_c0_g1::CP@TRINITY_DN975_c0_g1_i2::g.29597::m.29597	46.707	167	87	1	12	176	5	171	1.37e-48	156
Ustimayd	CP@TRINITY_DN975_c0_g1::CP@TRINITY_DN975_c0_g1_i12::g.29594::m.29594	46.707	167	87	1	12	176	5	171	1.37e-48	156
Ustimayd	CP@TRINITY_DN975_c0_g1::CP@TRINITY_DN975_c0_g1_i11::g.29591::m.29591	46.707	167	87	1	12	176	5	171	1.37e-48	156
Ustimayd	CP@TRINITY_DN975_c0_g1::CP@TRINITY_DN975_c0_g1_i1::g.29588::m.29588	47.561	164	84	1	12	173	5	168	2.65e-48	155
Neurcras	CP@TRINITY_DN975_c0_g1::CP@TRINITY_DN975_c0_g1_i2::g.29597::m.29597	46.995	183	95	2	7	188	5	186	1.87e-57	179
Neurcras	CP@TRINITY_DN975_c0_g1::CP@TRINITY_DN975_c0_g1_i12::g.29594::m.29594	46.995	183	95	2	7	188	5	186	1.87e-57	179
Neurcras	CP@TRINITY_DN975_c0_g1::CP@TRINITY_DN975_c0_g1_i11::g.29591::m.29591	46.995	183	95	2	7	188	5	186	1.87e-57	179
Neurcras	CP@TRINITY_DN975_c0_g1::CP@TRINITY_DN975_c0_g1_i1::g.29588::m.29588	49.091	165	83	1	7	170	5	169	3.57e-54	170
Debahans	CP@TRINITY_DN975_c0_g1::CP@TRINITY_DN975_c0_g1_i2::g.29597::m.29597	45.604	182	97	1	3	182	5	186	1.71e-60	186
Debahans	CP@TRINITY_DN975_c0_g1::CP@TRINITY_DN975_c0_g1_i12::g.29594::m.29594	45.604	182	97	1	3	182	5	186	1.71e-60	186
Debahans	CP@TRINITY_DN975_c0_g1::CP@TRINITY_DN975_c0_g1_i11::g.29591::m.29591	45.604	182	97	1	3	182	5	186	1.71e-60	186
Debahans	CP@TRINITY_DN975_c0_g1::CP@TRINITY_DN975_c0_g1_i1::g.29588::m.29588	47.273	165	85	1	3	165	5	169	3.68e-56	174
Aspefumi	CP@TRINITY_DN975_c0_g1::CP@TRINITY_DN975_c0_g1_i2::g.29597::m.29597	46.739	184	96	2	5	187	4	186	1.91e-62	191
Aspefumi	CP@TRINITY_DN975_c0_g1::CP@TRINITY_DN975_c0_g1_i12::g.29594::m.29594	46.739	184	96	2	5	187	4	186	1.91e-62	191
Aspefumi	CP@TRINITY_DN975_c0_g1::CP@TRINITY_DN975_c0_g1_i11::g.29591::m.29591	46.739	184	96	2	5	187	4	186	1.91e-62	191
Aspefumi	CP@TRINITY_DN975_c0_g1::CP@TRINITY_DN975_c0_g1_i1::g.29588::m.29588	48.193	166	85	1	5	169	4	169	2.56e-57	177
Schizpom	CP@TRINITY_DN975_c0_g1::CP@TRINITY_DN975_c0_g1_i2::g.29597::m.29597	49.462	186	88	3	1	181	1	185	1.69e-60	186
Schizpom	CP@TRINITY_DN975_c0_g1::CP@TRINITY_DN975_c0_g1_i12::g.29594::m.29594	49.462	186	88	3	1	181	1	185	1.69e-60	186
Schizpom	CP@TRINITY_DN975_c0_g1::CP@TRINITY_DN975_c0_g1_i11::g.29591::m.29591	49.462	186	88	3	1	181	1	185	1.69e-60	186
Schizpom	CP@TRINITY_DN975_c0_g1::CP@TRINITY_DN975_c0_g1_i1::g.29588::m.29588	50.888	169	78	2	1	164	1	169	8.17e-57	176
Rhizdele	CP@TRINITY_DN975_c0_g1::CP@TRINITY_DN975_c0_g1_i2::g.29597::m.29597	48.370	184	93	1	3	184	2	185	2.66e-59	183
Rhizdele	CP@TRINITY_DN975_c0_g1::CP@TRINITY_DN975_c0_g1_i12::g.29594::m.29594	48.370	184	93	1	3	184	2	185	2.66e-59	183
Rhizdele	CP@TRINITY_DN975_c0_g1::CP@TRINITY_DN975_c0_g1_i11::g.29591::m.29591	48.370	184	93	1	3	184	2	185	2.66e-59	183
Rhizdele	CP@TRINITY_DN975_c0_g1::CP@TRINITY_DN975_c0_g1_i1::g.29588::m.29588	50.000	168	82	1	3	168	2	169	1.63e-55	173
Fontalba	CP@TRINITY_DN975_c0_g1::CP@TRINITY_DN975_c0_g1_i2::g.29597::m.29597	46.392	194	90	3	15	206	5	186	1.30e-54	172
Fontalba	CP@TRINITY_DN975_c0_g1::CP@TRINITY_DN975_c0_g1_i12::g.29594::m.29594	46.392	194	90	3	15	206	5	186	1.30e-54	172
Fontalba	CP@TRINITY_DN975_c0_g1::CP@TRINITY_DN975_c0_g1_i11::g.29591::m.29591	46.392	194	90	3	15	206	5	186	1.30e-54	172
Fontalba	CP@TRINITY_DN975_c0_g1::CP@TRINITY_DN975_c0_g1_i1::g.29588::m.29588	48.256	172	77	2	15	184	5	166	4.59e-52	165
Pygsbifo	CP@TRINITY_DN975_c0_g1::CP@TRINITY_DN975_c0_g1_i2::g.29597::m.29597	42.051	195	99	4	1	189	1	187	7.58e-45	147
Pygsbifo	CP@TRINITY_DN975_c0_g1::CP@TRINITY_DN975_c0_g1_i12::g.29594::m.29594	42.051	195	99	4	1	189	1	187	7.58e-45	147
Pygsbifo	CP@TRINITY_DN975_c0_g1::CP@TRINITY_DN975_c0_g1_i11::g.29591::m.29591	42.051	195	99	4	1	189	1	187	7.58e-45	147
Pygsbifo	CP@TRINITY_DN975_c0_g1::CP@TRINITY_DN975_c0_g1_i1::g.29588::m.29588	42.442	172	94	2	1	170	1	169	1.75e-42	140
Brevanat	CP@TRINITY_DN975_c0_g1::CP@TRINITY_DN975_c0_g1_i2::g.29597::m.29597	41.209	182	105	2	6	186	7	187	1.88e-44	145
Brevanat	CP@TRINITY_DN975_c0_g1::CP@TRINITY_DN975_c0_g1_i12::g.29594::m.29594	41.209	182	105	2	6	186	7	187	1.88e-44	145
Brevanat	CP@TRINITY_DN975_c0_g1::CP@TRINITY_DN975_c0_g1_i11::g.29591::m.29591	41.209	182	105	2	6	186	7	187	1.88e-44	145
Brevanat	CP@TRINITY_DN975_c0_g1::CP@TRINITY_DN975_c0_g1_i1::g.29588::m.29588	41.718	163	94	1	6	167	7	169	4.95e-41	136
Cochminu	CP@TRINITY_DN975_c0_g1::CP@TRINITY_DN975_c0_g1_i2::g.29597::m.29597	41.916	167	95	1	16	180	5	171	7.66e-43	141
Cochminu	CP@TRINITY_DN975_c0_g1::CP@TRINITY_DN975_c0_g1_i12::g.29594::m.29594	41.916	167	95	1	16	180	5	171	7.66e-43	141
Cochminu	CP@TRINITY_DN975_c0_g1::CP@TRINITY_DN975_c0_g1_i11::g.29591::m.29591	41.916	167	95	1	16	180	5	171	7.66e-43	141
Cochminu	CP@TRINITY_DN975_c0_g1::CP@TRINITY_DN975_c0_g1_i1::g.29588::m.29588	42.424	165	93	1	16	178	5	169	1.25e-42	140
Tsukglob	CP@TRINITY_DN975_c0_g1::CP@TRINITY_DN975_c0_g1_i2::g.29597::m.29597	44.262	183	99	2	6	186	5	186	2.23e-47	154
Tsukglob	CP@TRINITY_DN975_c0_g1::CP@TRINITY_DN975_c0_g1_i12::g.29594::m.29594	44.262	183	99	2	6	186	5	186	2.23e-47	154
Tsukglob	CP@TRINITY_DN975_c0_g1::CP@TRINITY_DN975_c0_g1_i11::g.29591::m.29591	44.262	183	99	2	6	186	5	186	2.23e-47	154
Tsukglob	CP@TRINITY_DN975_c0_g1::CP@TRINITY_DN975_c0_g1_i1::g.29588::m.29588	46.061	165	87	1	6	168	5	169	4.86e-46	150
Tsukglob	CP@TRINITY_DN281_c0_g1::CP@TRINITY_DN281_c0_g1_i8::g.49688::m.49688	45.455	154	84	0	20	173	27	180	1.29e-42	143
Tsukglob	CP@TRINITY_DN281_c0_g1::CP@TRINITY_DN281_c0_g1_i2::g.49685::m.49685	45.455	154	84	0	20	173	27	180	1.29e-42	143
Tsukglob	CP@TRINITY_DN281_c0_g1::CP@TRINITY_DN281_c0_g1_i2::g.49684::m.49684	45.455	154	84	0	20	173	27	180	1.29e-42	143
Tsukglob	CP@TRINITY_DN281_c0_g1::CP@TRINITY_DN281_c0_g1_i18::g.49683::m.49683	45.455	154	84	0	20	173	27	180	1.29e-42	143
Tsukglob	CP@TRINITY_DN281_c0_g1::CP@TRINITY_DN281_c0_g1_i16::g.49681::m.49681	45.455	154	84	0	20	173	27	180	1.29e-42	143
Tsukglob	CP@TRINITY_DN281_c0_g1::CP@TRINITY_DN281_c0_g1_i16::g.49680::m.49680	45.455	154	84	0	20	173	27	180	1.29e-42	143
Tsukglob	CP@TRINITY_DN281_c0_g1::CP@TRINITY_DN281_c0_g1_i10::g.49679::m.49679	45.455	154	84	0	20	173	27	180	1.29e-42	143
Tsukglob	CP@TRINITY_DN10110_c0_g1::CP@TRINITY_DN10110_c0_g1_i2::g.6062::m.6062	38.503	187	111	3	4	186	36	222	4.82e-42	142
Tsukglob	CP@TRINITY_DN10110_c0_g1::CP@TRINITY_DN10110_c0_g1_i1::g.6061::m.6061	38.421	190	110	3	4	186	36	225	7.31e-42	141
HeterBB2	CP@TRINITY_DN975_c0_g1::CP@TRINITY_DN975_c0_g1_i2::g.29597::m.29597	46.486	185	93	3	2	182	5	187	3.28e-51	162
HeterBB2	CP@TRINITY_DN975_c0_g1::CP@TRINITY_DN975_c0_g1_i12::g.29594::m.29594	46.486	185	93	3	2	182	5	187	3.28e-51	162
HeterBB2	CP@TRINITY_DN975_c0_g1::CP@TRINITY_DN975_c0_g1_i11::g.29591::m.29591	46.486	185	93	3	2	182	5	187	3.28e-51	162
HeterBB2	CP@TRINITY_DN975_c0_g1::CP@TRINITY_DN975_c0_g1_i1::g.29588::m.29588	46.667	165	86	1	2	164	5	169	1.61e-48	155
HeterBB2	CP@TRINITY_DN10110_c0_g1::CP@TRINITY_DN10110_c0_g1_i2::g.6062::m.6062	39.459	185	109	2	1	182	39	223	3.69e-41	138
Diphrota	CP@TRINITY_DN975_c0_g1::CP@TRINITY_DN975_c0_g1_i2::g.29597::m.29597	46.448	183	96	1	3	183	5	187	4.60e-53	167
Diphrota	CP@TRINITY_DN975_c0_g1::CP@TRINITY_DN975_c0_g1_i12::g.29594::m.29594	46.448	183	96	1	3	183	5	187	4.60e-53	167
Diphrota	CP@TRINITY_DN975_c0_g1::CP@TRINITY_DN975_c0_g1_i11::g.29591::m.29591	46.448	183	96	1	3	183	5	187	4.60e-53	167
Diphrota	CP@TRINITY_DN975_c0_g1::CP@TRINITY_DN975_c0_g1_i1::g.29588::m.29588	47.879	165	84	1	3	165	5	169	5.08e-49	156
Rigiramo	CP@TRINITY_DN975_c0_g1::CP@TRINITY_DN975_c0_g1_i2::g.29597::m.29597	46.667	180	94	1	1	178	5	184	4.81e-53	167
Rigiramo	CP@TRINITY_DN975_c0_g1::CP@TRINITY_DN975_c0_g1_i12::g.29594::m.29594	46.667	180	94	1	1	178	5	184	4.81e-53	167
Rigiramo	CP@TRINITY_DN975_c0_g1::CP@TRINITY_DN975_c0_g1_i11::g.29591::m.29591	46.667	180	94	1	1	178	5	184	4.81e-53	167
Rigiramo	CP@TRINITY_DN975_c0_g1::CP@TRINITY_DN975_c0_g1_i1::g.29588::m.29588	47.879	165	84	1	1	163	5	169	3.46e-49	157
Hetepall	CP@TRINITY_DN975_c0_g1::CP@TRINITY_DN975_c0_g1_i2::g.29597::m.29597	48.235	170	86	1	7	174	7	176	1.53e-55	174
Hetepall	CP@TRINITY_DN975_c0_g1::CP@TRINITY_DN975_c0_g1_i12::g.29594::m.29594	48.235	170	86	1	7	174	7	176	1.53e-55	174
Hetepall	CP@TRINITY_DN975_c0_g1::CP@TRINITY_DN975_c0_g1_i11::g.29591::m.29591	48.235	170	86	1	7	174	7	176	1.53e-55	174
Hetepall	CP@TRINITY_DN975_c0_g1::CP@TRINITY_DN975_c0_g1_i1::g.29588::m.29588	49.080	163	81	1	7	167	7	169	1.36e-53	168
Filanola	CP@TRINITY_DN975_c0_g1::CP@TRINITY_DN975_c0_g1_i2::g.29597::m.29597	47.253	182	92	2	8	187	7	186	3.70e-56	175
Filanola	CP@TRINITY_DN975_c0_g1::CP@TRINITY_DN975_c0_g1_i12::g.29594::m.29594	47.253	182	92	2	8	187	7	186	3.70e-56	175
Filanola	CP@TRINITY_DN975_c0_g1::CP@TRINITY_DN975_c0_g1_i11::g.29591::m.29591	47.253	182	92	2	8	187	7	186	3.70e-56	175
Filanola	CP@TRINITY_DN975_c0_g1::CP@TRINITY_DN975_c0_g1_i1::g.29588::m.29588	49.080	163	81	1	8	168	7	169	2.86e-54	170
Soliirre	CP@TRINITY_DN975_c0_g1::CP@TRINITY_DN975_c0_g1_i2::g.29597::m.29597	49.112	169	83	2	8	174	4	171	9.88e-56	174
Soliirre	CP@TRINITY_DN975_c0_g1::CP@TRINITY_DN975_c0_g1_i12::g.29594::m.29594	49.112	169	83	2	8	174	4	171	9.88e-56	174
Soliirre	CP@TRINITY_DN975_c0_g1::CP@TRINITY_DN975_c0_g1_i11::g.29591::m.29591	49.112	169	83	2	8	174	4	171	9.88e-56	174
Soliirre	CP@TRINITY_DN975_c0_g1::CP@TRINITY_DN975_c0_g1_i1::g.29588::m.29588	49.102	167	82	2	8	172	4	169	5.68e-55	172
Phalsoli	CP@TRINITY_DN975_c0_g1::CP@TRINITY_DN975_c0_g1_i2::g.29597::m.29597	40.212	189	101	3	11	197	7	185	4.26e-42	140
Phalsoli	CP@TRINITY_DN975_c0_g1::CP@TRINITY_DN975_c0_g1_i12::g.29594::m.29594	40.212	189	101	3	11	197	7	185	4.26e-42	140
Phalsoli	CP@TRINITY_DN975_c0_g1::CP@TRINITY_DN975_c0_g1_i11::g.29591::m.29591	40.212	189	101	3	11	197	7	185	4.26e-42	140
Cavoapop	CP@TRINITY_DN975_c0_g1::CP@TRINITY_DN975_c0_g1_i2::g.29597::m.29597	48.913	184	91	2	3	184	4	186	9.47e-61	187
Cavoapop	CP@TRINITY_DN975_c0_g1::CP@TRINITY_DN975_c0_g1_i12::g.29594::m.29594	48.913	184	91	2	3	184	4	186	9.47e-61	187
Cavoapop	CP@TRINITY_DN975_c0_g1::CP@TRINITY_DN975_c0_g1_i11::g.29591::m.29591	48.913	184	91	2	3	184	4	186	9.47e-61	187
Cavoapop	CP@TRINITY_DN975_c0_g1::CP@TRINITY_DN975_c0_g1_i1::g.29588::m.29588	51.497	167	78	2	3	167	4	169	1.29e-57	178
Schivulg	CP@TRINITY_DN975_c0_g1::CP@TRINITY_DN975_c0_g1_i2::g.29597::m.29597	44.211	190	100	3	1	188	1	186	8.47e-54	169
Schivulg	CP@TRINITY_DN975_c0_g1::CP@TRINITY_DN975_c0_g1_i12::g.29594::m.29594	44.211	190	100	3	1	188	1	186	8.47e-54	169
Schivulg	CP@TRINITY_DN975_c0_g1::CP@TRINITY_DN975_c0_g1_i11::g.29591::m.29591	44.211	190	100	3	1	188	1	186	8.47e-54	169
Schivulg	CP@TRINITY_DN975_c0_g1::CP@TRINITY_DN975_c0_g1_i1::g.29588::m.29588	47.059	170	87	2	1	168	1	169	1.23e-52	166
Vermverm	CP@TRINITY_DN975_c0_g1::CP@TRINITY_DN975_c0_g1_i2::g.29597::m.29597	49.123	171	85	1	1	169	1	171	1.11e-54	172
Vermverm	CP@TRINITY_DN975_c0_g1::CP@TRINITY_DN975_c0_g1_i12::g.29594::m.29594	49.123	171	85	1	1	169	1	171	1.11e-54	172
Vermverm	CP@TRINITY_DN975_c0_g1::CP@TRINITY_DN975_c0_g1_i11::g.29591::m.29591	49.123	171	85	1	1	169	1	171	1.11e-54	172
Vermverm	CP@TRINITY_DN975_c0_g1::CP@TRINITY_DN975_c0_g1_i1::g.29588::m.29588	49.704	169	83	1	1	167	1	169	2.32e-54	170
Vermverm	CP@TRINITY_DN626_c0_g1::CP@TRINITY_DN626_c0_g1_i6::g.18437::m.18437	39.891	183	108	1	5	187	2	182	1.12e-43	143
Vermverm	CP@TRINITY_DN626_c0_g1::CP@TRINITY_DN626_c0_g1_i4::g.18434::m.18434	39.891	183	108	1	5	187	2	182	1.12e-43	143
Vermverm	CP@TRINITY_DN626_c0_g1::CP@TRINITY_DN626_c0_g1_i3::g.18432::m.18432	39.891	183	108	1	5	187	2	182	1.12e-43	143
Vermverm	CP@TRINITY_DN626_c0_g1::CP@TRINITY_DN626_c0_g1_i2::g.18428::m.18428	39.891	183	108	1	5	187	2	182	1.12e-43	143
Vermverm	CP@TRINITY_DN626_c0_g1::CP@TRINITY_DN626_c0_g1_i16::g.18425::m.18425	39.891	183	108	1	5	187	2	182	1.12e-43	143
Vermverm	CP@TRINITY_DN626_c0_g1::CP@TRINITY_DN626_c0_g1_i10::g.18421::m.18421	39.891	183	108	1	5	187	2	182	1.12e-43	143
Vermverm	CP@TRINITY_DN626_c0_g1::CP@TRINITY_DN626_c0_g1_i1::g.18419::m.18419	39.891	183	108	1	5	187	2	182	1.12e-43	143
Vermverm	CP@TRINITY_DN10110_c0_g1::CP@TRINITY_DN10110_c0_g1_i1::g.6061::m.6061	39.572	187	109	2	2	184	34	220	2.02e-43	144
Echiexud	CP@TRINITY_DN975_c0_g1::CP@TRINITY_DN975_c0_g1_i2::g.29597::m.29597	49.468	188	89	4	1	184	1	186	3.14e-56	175
Echiexud	CP@TRINITY_DN975_c0_g1::CP@TRINITY_DN975_c0_g1_i12::g.29594::m.29594	49.468	188	89	4	1	184	1	186	3.14e-56	175
Echiexud	CP@TRINITY_DN975_c0_g1::CP@TRINITY_DN975_c0_g1_i11::g.29591::m.29591	49.468	188	89	4	1	184	1	186	3.14e-56	175
Echiexud	CP@TRINITY_DN975_c0_g1::CP@TRINITY_DN975_c0_g1_i1::g.29588::m.29588	51.462	171	78	3	1	168	1	169	5.87e-54	169
Echiexud	CP@TRINITY_DN626_c0_g1::CP@TRINITY_DN626_c0_g1_i6::g.18437::m.18437	40.984	183	103	3	5	184	2	182	1.96e-42	140
Echiexud	CP@TRINITY_DN626_c0_g1::CP@TRINITY_DN626_c0_g1_i4::g.18434::m.18434	40.984	183	103	3	5	184	2	182	1.96e-42	140
Echiexud	CP@TRINITY_DN626_c0_g1::CP@TRINITY_DN626_c0_g1_i3::g.18432::m.18432	40.984	183	103	3	5	184	2	182	1.96e-42	140
Echiexud	CP@TRINITY_DN626_c0_g1::CP@TRINITY_DN626_c0_g1_i2::g.18428::m.18428	40.984	183	103	3	5	184	2	182	1.96e-42	140
Echiexud	CP@TRINITY_DN626_c0_g1::CP@TRINITY_DN626_c0_g1_i16::g.18425::m.18425	40.984	183	103	3	5	184	2	182	1.96e-42	140
Echiexud	CP@TRINITY_DN626_c0_g1::CP@TRINITY_DN626_c0_g1_i10::g.18421::m.18421	40.984	183	103	3	5	184	2	182	1.96e-42	140
Echiexud	CP@TRINITY_DN626_c0_g1::CP@TRINITY_DN626_c0_g1_i1::g.18419::m.18419	40.984	183	103	3	5	184	2	182	1.96e-42	140
Arcevulg	CP@TRINITY_DN975_c0_g1::CP@TRINITY_DN975_c0_g1_i2::g.29597::m.29597	47.312	186	95	2	1	183	1	186	1.92e-56	176
Arcevulg	CP@TRINITY_DN975_c0_g1::CP@TRINITY_DN975_c0_g1_i12::g.29594::m.29594	47.312	186	95	2	1	183	1	186	1.92e-56	176
Arcevulg	CP@TRINITY_DN975_c0_g1::CP@TRINITY_DN975_c0_g1_i11::g.29591::m.29591	47.312	186	95	2	1	183	1	186	1.92e-56	176
Arcevulg	CP@TRINITY_DN975_c0_g1::CP@TRINITY_DN975_c0_g1_i1::g.29588::m.29588	48.521	169	85	1	1	167	1	169	1.10e-53	168
Arcevulg	CP@TRINITY_DN626_c0_g1::CP@TRINITY_DN626_c0_g1_i6::g.18437::m.18437	38.122	181	110	1	5	183	2	182	3.95e-42	139
Arcevulg	CP@TRINITY_DN626_c0_g1::CP@TRINITY_DN626_c0_g1_i4::g.18434::m.18434	38.122	181	110	1	5	183	2	182	3.95e-42	139
Arcevulg	CP@TRINITY_DN626_c0_g1::CP@TRINITY_DN626_c0_g1_i3::g.18432::m.18432	38.122	181	110	1	5	183	2	182	3.95e-42	139
Arcevulg	CP@TRINITY_DN626_c0_g1::CP@TRINITY_DN626_c0_g1_i2::g.18428::m.18428	38.122	181	110	1	5	183	2	182	3.95e-42	139
Arcevulg	CP@TRINITY_DN626_c0_g1::CP@TRINITY_DN626_c0_g1_i16::g.18425::m.18425	38.122	181	110	1	5	183	2	182	3.95e-42	139
Arcevulg	CP@TRINITY_DN626_c0_g1::CP@TRINITY_DN626_c0_g1_i10::g.18421::m.18421	38.122	181	110	1	5	183	2	182	3.95e-42	139
Arcevulg	CP@TRINITY_DN626_c0_g1::CP@TRINITY_DN626_c0_g1_i1::g.18419::m.18419	38.122	181	110	1	5	183	2	182	3.95e-42	139
Flabcita	CP@TRINITY_DN975_c0_g1::CP@TRINITY_DN975_c0_g1_i2::g.29597::m.29597	45.946	185	97	2	9	190	1	185	4.89e-57	177
Flabcita	CP@TRINITY_DN975_c0_g1::CP@TRINITY_DN975_c0_g1_i12::g.29594::m.29594	45.946	185	97	2	9	190	1	185	4.89e-57	177
Flabcita	CP@TRINITY_DN975_c0_g1::CP@TRINITY_DN975_c0_g1_i11::g.29591::m.29591	45.946	185	97	2	9	190	1	185	4.89e-57	177
Flabcita	CP@TRINITY_DN975_c0_g1::CP@TRINITY_DN975_c0_g1_i1::g.29588::m.29588	47.929	169	85	2	9	174	1	169	3.98e-55	172
Flabcita	CP@TRINITY_DN626_c0_g1::CP@TRINITY_DN626_c0_g1_i6::g.18437::m.18437	38.953	172	101	2	15	186	5	172	1.01e-41	139
Flabcita	CP@TRINITY_DN626_c0_g1::CP@TRINITY_DN626_c0_g1_i4::g.18434::m.18434	38.953	172	101	2	15	186	5	172	1.01e-41	139
Flabcita	CP@TRINITY_DN626_c0_g1::CP@TRINITY_DN626_c0_g1_i3::g.18432::m.18432	38.953	172	101	2	15	186	5	172	1.01e-41	139
Flabcita	CP@TRINITY_DN626_c0_g1::CP@TRINITY_DN626_c0_g1_i2::g.18428::m.18428	38.953	172	101	2	15	186	5	172	1.01e-41	139
Flabcita	CP@TRINITY_DN626_c0_g1::CP@TRINITY_DN626_c0_g1_i16::g.18425::m.18425	38.953	172	101	2	15	186	5	172	1.01e-41	139
Flabcita	CP@TRINITY_DN626_c0_g1::CP@TRINITY_DN626_c0_g1_i10::g.18421::m.18421	38.953	172	101	2	15	186	5	172	1.01e-41	139
Flabcita	CP@TRINITY_DN626_c0_g1::CP@TRINITY_DN626_c0_g1_i1::g.18419::m.18419	38.953	172	101	2	15	186	5	172	1.01e-41	139
Rhizsaxo	CP@TRINITY_DN975_c0_g1::CP@TRINITY_DN975_c0_g1_i2::g.29597::m.29597	48.634	183	91	2	18	197	4	186	4.40e-59	183
Rhizsaxo	CP@TRINITY_DN975_c0_g1::CP@TRINITY_DN975_c0_g1_i12::g.29594::m.29594	48.634	183	91	2	18	197	4	186	4.40e-59	183
Rhizsaxo	CP@TRINITY_DN975_c0_g1::CP@TRINITY_DN975_c0_g1_i11::g.29591::m.29591	48.634	183	91	2	18	197	4	186	4.40e-59	183
Rhizsaxo	CP@TRINITY_DN975_c0_g1::CP@TRINITY_DN975_c0_g1_i1::g.29588::m.29588	51.205	166	79	1	18	181	4	169	2.52e-57	178
Squajapo	CP@TRINITY_DN975_c0_g1::CP@TRINITY_DN975_c0_g1_i1::g.29588::m.29588	48.551	138	69	1	22	157	7	144	2.51e-45	146
Squajapo	CP@TRINITY_DN975_c0_g1::CP@TRINITY_DN975_c0_g1_i2::g.29597::m.29597	48.551	138	69	1	22	157	7	144	4.83e-45	146
Squajapo	CP@TRINITY_DN975_c0_g1::CP@TRINITY_DN975_c0_g1_i12::g.29594::m.29594	48.551	138	69	1	22	157	7	144	4.83e-45	146
Squajapo	CP@TRINITY_DN975_c0_g1::CP@TRINITY_DN975_c0_g1_i11::g.29591::m.29591	48.551	138	69	1	22	157	7	144	4.83e-45	146
NolaAFSM	CP@TRINITY_DN975_c0_g1::CP@TRINITY_DN975_c0_g1_i2::g.29597::m.29597	50.549	182	88	1	39	218	5	186	1.56e-58	182
NolaAFSM	CP@TRINITY_DN975_c0_g1::CP@TRINITY_DN975_c0_g1_i12::g.29594::m.29594	50.549	182	88	1	39	218	5	186	1.56e-58	182
NolaAFSM	CP@TRINITY_DN975_c0_g1::CP@TRINITY_DN975_c0_g1_i11::g.29591::m.29591	50.549	182	88	1	39	218	5	186	1.56e-58	182
NolaAFSM	CP@TRINITY_DN975_c0_g1::CP@TRINITY_DN975_c0_g1_i1::g.29588::m.29588	53.529	170	76	2	34	201	1	169	1.14e-56	177
NolaAFSM	CP@TRINITY_DN626_c0_g1::CP@TRINITY_DN626_c0_g1_i6::g.18437::m.18437	39.306	173	104	1	39	211	2	173	6.92e-43	142
NolaAFSM	CP@TRINITY_DN626_c0_g1::CP@TRINITY_DN626_c0_g1_i4::g.18434::m.18434	39.306	173	104	1	39	211	2	173	6.92e-43	142
NolaAFSM	CP@TRINITY_DN626_c0_g1::CP@TRINITY_DN626_c0_g1_i3::g.18432::m.18432	39.306	173	104	1	39	211	2	173	6.92e-43	142
NolaAFSM	CP@TRINITY_DN626_c0_g1::CP@TRINITY_DN626_c0_g1_i2::g.18428::m.18428	39.306	173	104	1	39	211	2	173	6.92e-43	142
NolaAFSM	CP@TRINITY_DN626_c0_g1::CP@TRINITY_DN626_c0_g1_i16::g.18425::m.18425	39.306	173	104	1	39	211	2	173	6.92e-43	142
NolaAFSM	CP@TRINITY_DN626_c0_g1::CP@TRINITY_DN626_c0_g1_i10::g.18421::m.18421	39.306	173	104	1	39	211	2	173	6.92e-43	142
NolaAFSM	CP@TRINITY_DN626_c0_g1::CP@TRINITY_DN626_c0_g1_i1::g.18419::m.18419	39.306	173	104	1	39	211	2	173	6.92e-43	142
NolaAFSM	CP@TRINITY_DN10110_c0_g1::CP@TRINITY_DN10110_c0_g1_i2::g.6062::m.6062	36.634	202	121	3	24	218	21	222	9.05e-43	144
Amoeprot	CP@TRINITY_DN975_c0_g1::CP@TRINITY_DN975_c0_g1_i2::g.29597::m.29597	48.045	179	88	2	17	193	1	176	3.94e-54	171
Amoeprot	CP@TRINITY_DN975_c0_g1::CP@TRINITY_DN975_c0_g1_i12::g.29594::m.29594	48.045	179	88	2	17	193	1	176	3.94e-54	171
Amoeprot	CP@TRINITY_DN975_c0_g1::CP@TRINITY_DN975_c0_g1_i11::g.29591::m.29591	48.045	179	88	2	17	193	1	176	3.94e-54	171
Amoeprot	CP@TRINITY_DN975_c0_g1::CP@TRINITY_DN975_c0_g1_i1::g.29588::m.29588	48.521	169	85	1	17	183	1	169	2.16e-52	166
Amoeprot	CP@TRINITY_DN626_c0_g1::CP@TRINITY_DN626_c0_g1_i6::g.18437::m.18437	35.676	185	115	1	21	205	2	182	7.67e-41	137
Amoeprot	CP@TRINITY_DN626_c0_g1::CP@TRINITY_DN626_c0_g1_i4::g.18434::m.18434	35.676	185	115	1	21	205	2	182	7.67e-41	137
Amoeprot	CP@TRINITY_DN626_c0_g1::CP@TRINITY_DN626_c0_g1_i3::g.18432::m.18432	35.676	185	115	1	21	205	2	182	7.67e-41	137
Amoeprot	CP@TRINITY_DN626_c0_g1::CP@TRINITY_DN626_c0_g1_i2::g.18428::m.18428	35.676	185	115	1	21	205	2	182	7.67e-41	137
Amoeprot	CP@TRINITY_DN626_c0_g1::CP@TRINITY_DN626_c0_g1_i16::g.18425::m.18425	35.676	185	115	1	21	205	2	182	7.67e-41	137
Amoeprot	CP@TRINITY_DN626_c0_g1::CP@TRINITY_DN626_c0_g1_i10::g.18421::m.18421	35.676	185	115	1	21	205	2	182	7.67e-41	137
Amoeprot	CP@TRINITY_DN626_c0_g1::CP@TRINITY_DN626_c0_g1_i1::g.18419::m.18419	35.676	185	115	1	21	205	2	182	7.67e-41	137
Coprprot	CP@TRINITY_DN975_c0_g1::CP@TRINITY_DN975_c0_g1_i2::g.29597::m.29597	49.102	167	83	1	9	173	5	171	9.03e-52	164
Coprprot	CP@TRINITY_DN975_c0_g1::CP@TRINITY_DN975_c0_g1_i12::g.29594::m.29594	49.102	167	83	1	9	173	5	171	9.03e-52	164
Coprprot	CP@TRINITY_DN975_c0_g1::CP@TRINITY_DN975_c0_g1_i11::g.29591::m.29591	49.102	167	83	1	9	173	5	171	9.03e-52	164
Coprprot	CP@TRINITY_DN975_c0_g1::CP@TRINITY_DN975_c0_g1_i1::g.29588::m.29588	49.697	165	81	1	9	171	5	169	2.02e-51	163
Veximinu	CP@TRINITY_DN975_c0_g1::CP@TRINITY_DN975_c0_g1_i1::g.29588::m.29588	48.701	154	77	1	13	164	5	158	1.18e-46	150
Veximinu	CP@TRINITY_DN975_c0_g1::CP@TRINITY_DN975_c0_g1_i2::g.29597::m.29597	48.701	154	77	1	13	164	5	158	2.26e-46	149
Veximinu	CP@TRINITY_DN975_c0_g1::CP@TRINITY_DN975_c0_g1_i12::g.29594::m.29594	48.701	154	77	1	13	164	5	158	2.26e-46	149
Veximinu	CP@TRINITY_DN975_c0_g1::CP@TRINITY_DN975_c0_g1_i11::g.29591::m.29591	48.701	154	77	1	13	164	5	158	2.26e-46	149
Cuneruss	CP@TRINITY_DN975_c0_g1::CP@TRINITY_DN975_c0_g1_i2::g.29597::m.29597	44.505	182	97	2	7	184	5	186	1.09e-46	151
Cuneruss	CP@TRINITY_DN975_c0_g1::CP@TRINITY_DN975_c0_g1_i12::g.29594::m.29594	44.505	182	97	2	7	184	5	186	1.09e-46	151
Cuneruss	CP@TRINITY_DN975_c0_g1::CP@TRINITY_DN975_c0_g1_i11::g.29591::m.29591	44.505	182	97	2	7	184	5	186	1.09e-46	151
Cuneruss	CP@TRINITY_DN975_c0_g1::CP@TRINITY_DN975_c0_g1_i1::g.29588::m.29588	45.455	165	88	1	7	169	5	169	4.75e-44	144
Luaphula	CP@TRINITY_DN975_c0_g1::CP@TRINITY_DN975_c0_g1_i2::g.29597::m.29597	46.774	186	95	3	1	183	1	185	6.26e-50	159
Luaphula	CP@TRINITY_DN975_c0_g1::CP@TRINITY_DN975_c0_g1_i12::g.29594::m.29594	46.774	186	95	3	1	183	1	185	6.26e-50	159
Luaphula	CP@TRINITY_DN975_c0_g1::CP@TRINITY_DN975_c0_g1_i11::g.29591::m.29591	46.774	186	95	3	1	183	1	185	6.26e-50	159
Luaphula	CP@TRINITY_DN975_c0_g1::CP@TRINITY_DN975_c0_g1_i1::g.29588::m.29588	47.647	170	86	2	1	168	1	169	2.23e-47	152
Dracjorm	CP@TRINITY_DN975_c0_g1::CP@TRINITY_DN975_c0_g1_i2::g.29597::m.29597	44.624	186	101	1	1	184	1	186	9.34e-48	154
Dracjorm	CP@TRINITY_DN975_c0_g1::CP@TRINITY_DN975_c0_g1_i12::g.29594::m.29594	44.624	186	101	1	1	184	1	186	9.34e-48	154
Dracjorm	CP@TRINITY_DN975_c0_g1::CP@TRINITY_DN975_c0_g1_i11::g.29591::m.29591	44.624	186	101	1	1	184	1	186	9.34e-48	154
Dracjorm	CP@TRINITY_DN975_c0_g1::CP@TRINITY_DN975_c0_g1_i1::g.29588::m.29588	45.562	169	90	1	1	167	1	169	1.91e-42	140
Stensten	CP@TRINITY_DN975_c0_g1::CP@TRINITY_DN975_c0_g1_i2::g.29597::m.29597	48.913	184	93	1	3	185	4	187	4.84e-59	182
Stensten	CP@TRINITY_DN975_c0_g1::CP@TRINITY_DN975_c0_g1_i12::g.29594::m.29594	48.913	184	93	1	3	185	4	187	4.84e-59	182
Stensten	CP@TRINITY_DN975_c0_g1::CP@TRINITY_DN975_c0_g1_i11::g.29591::m.29591	48.913	184	93	1	3	185	4	187	4.84e-59	182
Stensten	CP@TRINITY_DN975_c0_g1::CP@TRINITY_DN975_c0_g1_i1::g.29588::m.29588	49.398	166	83	1	3	167	4	169	2.93e-54	170
Sapppeda	CP@TRINITY_DN975_c0_g1::CP@TRINITY_DN975_c0_g1_i2::g.29597::m.29597	48.864	176	88	1	9	182	1	176	1.10e-55	174
Sapppeda	CP@TRINITY_DN975_c0_g1::CP@TRINITY_DN975_c0_g1_i12::g.29594::m.29594	48.864	176	88	1	9	182	1	176	1.10e-55	174
Sapppeda	CP@TRINITY_DN975_c0_g1::CP@TRINITY_DN975_c0_g1_i11::g.29591::m.29591	48.864	176	88	1	9	182	1	176	1.10e-55	174
Sapppeda	CP@TRINITY_DN975_c0_g1::CP@TRINITY_DN975_c0_g1_i1::g.29588::m.29588	49.112	169	84	1	9	175	1	169	1.84e-53	168
Sapppeda	CP@TRINITY_DN626_c0_g1::CP@TRINITY_DN626_c0_g1_i6::g.18437::m.18437	36.111	180	115	0	13	192	2	181	5.40e-43	142
Sapppeda	CP@TRINITY_DN626_c0_g1::CP@TRINITY_DN626_c0_g1_i4::g.18434::m.18434	36.111	180	115	0	13	192	2	181	5.40e-43	142
Sapppeda	CP@TRINITY_DN626_c0_g1::CP@TRINITY_DN626_c0_g1_i3::g.18432::m.18432	36.111	180	115	0	13	192	2	181	5.40e-43	142
Sapppeda	CP@TRINITY_DN626_c0_g1::CP@TRINITY_DN626_c0_g1_i2::g.18428::m.18428	36.111	180	115	0	13	192	2	181	5.40e-43	142
Sapppeda	CP@TRINITY_DN626_c0_g1::CP@TRINITY_DN626_c0_g1_i16::g.18425::m.18425	36.111	180	115	0	13	192	2	181	5.40e-43	142
Sapppeda	CP@TRINITY_DN626_c0_g1::CP@TRINITY_DN626_c0_g1_i10::g.18421::m.18421	36.111	180	115	0	13	192	2	181	5.40e-43	142
Sapppeda	CP@TRINITY_DN626_c0_g1::CP@TRINITY_DN626_c0_g1_i1::g.18419::m.18419	36.111	180	115	0	13	192	2	181	5.40e-43	142
Sapppeda	CP@TRINITY_DN281_c0_g1::CP@TRINITY_DN281_c0_g1_i8::g.49688::m.49688	42.541	181	104	0	4	184	4	184	3.09e-42	141
Sapppeda	CP@TRINITY_DN281_c0_g1::CP@TRINITY_DN281_c0_g1_i2::g.49685::m.49685	42.541	181	104	0	4	184	4	184	3.09e-42	141
Sapppeda	CP@TRINITY_DN281_c0_g1::CP@TRINITY_DN281_c0_g1_i2::g.49684::m.49684	42.541	181	104	0	4	184	4	184	3.09e-42	141
Sapppeda	CP@TRINITY_DN281_c0_g1::CP@TRINITY_DN281_c0_g1_i18::g.49683::m.49683	42.541	181	104	0	4	184	4	184	3.09e-42	141
Sapppeda	CP@TRINITY_DN281_c0_g1::CP@TRINITY_DN281_c0_g1_i16::g.49681::m.49681	42.541	181	104	0	4	184	4	184	3.09e-42	141
Sapppeda	CP@TRINITY_DN281_c0_g1::CP@TRINITY_DN281_c0_g1_i16::g.49680::m.49680	42.541	181	104	0	4	184	4	184	3.09e-42	141
Sapppeda	CP@TRINITY_DN281_c0_g1::CP@TRINITY_DN281_c0_g1_i10::g.49679::m.49679	42.541	181	104	0	4	184	4	184	3.09e-42	141
ThecSK13	CP@TRINITY_DN975_c0_g1::CP@TRINITY_DN975_c0_g1_i2::g.29597::m.29597	44.318	176	96	1	1	174	1	176	5.83e-51	162
ThecSK13	CP@TRINITY_DN975_c0_g1::CP@TRINITY_DN975_c0_g1_i12::g.29594::m.29594	44.318	176	96	1	1	174	1	176	5.83e-51	162
ThecSK13	CP@TRINITY_DN975_c0_g1::CP@TRINITY_DN975_c0_g1_i11::g.29591::m.29591	44.318	176	96	1	1	174	1	176	5.83e-51	162
ThecSK13	CP@TRINITY_DN975_c0_g1::CP@TRINITY_DN975_c0_g1_i1::g.29588::m.29588	44.379	169	92	1	1	167	1	169	2.33e-48	154
ThecSK13	CP@TRINITY_DN10110_c0_g1::CP@TRINITY_DN10110_c0_g1_i2::g.6062::m.6062	37.288	177	110	1	3	178	38	214	1.33e-42	142
ThecSK13	CP@TRINITY_DN10110_c0_g1::CP@TRINITY_DN10110_c0_g1_i1::g.6061::m.6061	39.286	168	101	1	3	169	38	205	7.67e-41	137
Nutolong	CP@TRINITY_DN975_c0_g1::CP@TRINITY_DN975_c0_g1_i2::g.29597::m.29597	46.237	186	97	2	49	231	2	187	1.49e-55	176
Nutolong	CP@TRINITY_DN975_c0_g1::CP@TRINITY_DN975_c0_g1_i12::g.29594::m.29594	46.237	186	97	2	49	231	2	187	1.49e-55	176
Nutolong	CP@TRINITY_DN975_c0_g1::CP@TRINITY_DN975_c0_g1_i11::g.29591::m.29591	46.237	186	97	2	49	231	2	187	1.49e-55	176
Nutolong	CP@TRINITY_DN975_c0_g1::CP@TRINITY_DN975_c0_g1_i1::g.29588::m.29588	47.024	168	87	1	49	214	2	169	6.75e-53	168
Fabotrop	CP@TRINITY_DN975_c0_g1::CP@TRINITY_DN975_c0_g1_i2::g.29597::m.29597	45.550	191	97	3	1	188	1	187	4.94e-56	175
Fabotrop	CP@TRINITY_DN975_c0_g1::CP@TRINITY_DN975_c0_g1_i12::g.29594::m.29594	45.550	191	97	3	1	188	1	187	4.94e-56	175
Fabotrop	CP@TRINITY_DN975_c0_g1::CP@TRINITY_DN975_c0_g1_i11::g.29591::m.29591	45.550	191	97	3	1	188	1	187	4.94e-56	175
Fabotrop	CP@TRINITY_DN975_c0_g1::CP@TRINITY_DN975_c0_g1_i1::g.29588::m.29588	45.665	173	88	2	1	171	1	169	4.10e-52	164
Fabotrop	CP@TRINITY_DN10110_c0_g1::CP@TRINITY_DN10110_c0_g1_i2::g.6062::m.6062	38.674	181	107	2	12	188	43	223	6.69e-42	140
Mancberm	CP@TRINITY_DN975_c0_g1::CP@TRINITY_DN975_c0_g1_i2::g.29597::m.29597	45.405	185	97	2	33	215	5	187	1.58e-50	162
Mancberm	CP@TRINITY_DN975_c0_g1::CP@TRINITY_DN975_c0_g1_i12::g.29594::m.29594	45.405	185	97	2	33	215	5	187	1.58e-50	162
Mancberm	CP@TRINITY_DN975_c0_g1::CP@TRINITY_DN975_c0_g1_i11::g.29591::m.29591	45.405	185	97	2	33	215	5	187	1.58e-50	162
Mancberm	CP@TRINITY_DN10110_c0_g1::CP@TRINITY_DN10110_c0_g1_i2::g.6062::m.6062	44.681	188	101	2	31	215	36	223	2.78e-49	160
Mancberm	CP@TRINITY_DN10110_c0_g1::CP@TRINITY_DN10110_c0_g1_i1::g.6061::m.6061	43.455	191	102	3	31	215	36	226	1.22e-47	156
Mancberm	CP@TRINITY_DN975_c0_g1::CP@TRINITY_DN975_c0_g1_i1::g.29588::m.29588	46.667	165	86	1	33	195	5	169	1.58e-47	154
Mancberm	CP@TRINITY_DN626_c0_g1::CP@TRINITY_DN626_c0_g1_i6::g.18437::m.18437	45.000	180	98	1	36	215	5	183	1.01e-45	150
Mancberm	CP@TRINITY_DN626_c0_g1::CP@TRINITY_DN626_c0_g1_i4::g.18434::m.18434	45.000	180	98	1	36	215	5	183	1.01e-45	150
Mancberm	CP@TRINITY_DN626_c0_g1::CP@TRINITY_DN626_c0_g1_i3::g.18432::m.18432	45.000	180	98	1	36	215	5	183	1.01e-45	150
Mancberm	CP@TRINITY_DN626_c0_g1::CP@TRINITY_DN626_c0_g1_i2::g.18428::m.18428	45.000	180	98	1	36	215	5	183	1.01e-45	150
Mancberm	CP@TRINITY_DN626_c0_g1::CP@TRINITY_DN626_c0_g1_i16::g.18425::m.18425	45.000	180	98	1	36	215	5	183	1.01e-45	150
Mancberm	CP@TRINITY_DN626_c0_g1::CP@TRINITY_DN626_c0_g1_i10::g.18421::m.18421	45.000	180	98	1	36	215	5	183	1.01e-45	150
Mancberm	CP@TRINITY_DN626_c0_g1::CP@TRINITY_DN626_c0_g1_i1::g.18419::m.18419	45.000	180	98	1	36	215	5	183	1.01e-45	150
Mancberm	CP@TRINITY_DN4181_c0_g1::CP@TRINITY_DN4181_c0_g1_i10::g.75821::m.75821	43.575	179	94	3	44	215	3	181	1.65e-43	144
Mancberm	CP@TRINITY_DN281_c0_g1::CP@TRINITY_DN281_c0_g1_i8::g.49688::m.49688	43.590	156	88	0	47	202	27	182	9.30e-43	143
Mancberm	CP@TRINITY_DN281_c0_g1::CP@TRINITY_DN281_c0_g1_i2::g.49685::m.49685	43.590	156	88	0	47	202	27	182	9.30e-43	143
Mancberm	CP@TRINITY_DN281_c0_g1::CP@TRINITY_DN281_c0_g1_i2::g.49684::m.49684	43.590	156	88	0	47	202	27	182	9.30e-43	143
Mancberm	CP@TRINITY_DN281_c0_g1::CP@TRINITY_DN281_c0_g1_i18::g.49683::m.49683	43.590	156	88	0	47	202	27	182	9.30e-43	143
Mancberm	CP@TRINITY_DN281_c0_g1::CP@TRINITY_DN281_c0_g1_i16::g.49681::m.49681	43.590	156	88	0	47	202	27	182	9.30e-43	143
Mancberm	CP@TRINITY_DN281_c0_g1::CP@TRINITY_DN281_c0_g1_i16::g.49680::m.49680	43.590	156	88	0	47	202	27	182	9.30e-43	143
Mancberm	CP@TRINITY_DN281_c0_g1::CP@TRINITY_DN281_c0_g1_i10::g.49679::m.49679	43.590	156	88	0	47	202	27	182	9.30e-43	143
Amoepara	CP@TRINITY_DN975_c0_g1::CP@TRINITY_DN975_c0_g1_i2::g.29597::m.29597	48.108	185	93	2	5	187	4	187	1.08e-49	159
Amoepara	CP@TRINITY_DN975_c0_g1::CP@TRINITY_DN975_c0_g1_i12::g.29594::m.29594	48.108	185	93	2	5	187	4	187	1.08e-49	159
Amoepara	CP@TRINITY_DN975_c0_g1::CP@TRINITY_DN975_c0_g1_i11::g.29591::m.29591	48.108	185	93	2	5	187	4	187	1.08e-49	159
Amoepara	CP@TRINITY_DN975_c0_g1::CP@TRINITY_DN975_c0_g1_i1::g.29588::m.29588	50.303	165	80	1	5	167	4	168	8.49e-49	156
