Blasemer	CP@TRINITY_DN595_c0_g1::CP@TRINITY_DN595_c0_g1_i1::g.12876::m.12876	71.654	254	72	0	1	254	1	254	3.54e-135	381
Blasemer	CP@TRINITY_DN732_c0_g1::CP@TRINITY_DN732_c0_g1_i1::g.21602::m.21602	65.587	247	85	0	1	247	1	247	4.30e-120	343
Calltube	CP@TRINITY_DN595_c0_g1::CP@TRINITY_DN595_c0_g1_i1::g.12876::m.12876	69.318	176	53	1	1	175	1	176	1.63e-88	259
Calltube	CP@TRINITY_DN732_c0_g1::CP@TRINITY_DN732_c0_g1_i1::g.21602::m.21602	58.523	176	72	1	1	175	1	176	2.86e-69	211
Protlace	CP@TRINITY_DN595_c0_g1::CP@TRINITY_DN595_c0_g1_i1::g.12876::m.12876	62.434	189	68	2	1	186	67	255	5.34e-85	251
Protlace	CP@TRINITY_DN732_c0_g1::CP@TRINITY_DN732_c0_g1_i1::g.21602::m.21602	57.778	180	75	1	3	181	69	248	4.30e-77	231
Naeggrub	CP@TRINITY_DN595_c0_g1::CP@TRINITY_DN595_c0_g1_i1::g.12876::m.12876	61.508	252	94	3	1	251	1	250	4.75e-110	318
Naeggrub	CP@TRINITY_DN732_c0_g1::CP@TRINITY_DN732_c0_g1_i1::g.21602::m.21602	53.150	254	116	3	1	253	1	252	4.52e-95	280
Leismajo	CP@TRINITY_DN595_c0_g1::CP@TRINITY_DN595_c0_g1_i1::g.12876::m.12876	61.905	252	96	0	1	252	1	252	3.35e-114	328
Leismajo	CP@TRINITY_DN732_c0_g1::CP@TRINITY_DN732_c0_g1_i1::g.21602::m.21602	60.241	249	99	0	1	249	1	249	1.49e-110	319
Leptpyrr	CP@TRINITY_DN595_c0_g1::CP@TRINITY_DN595_c0_g1_i1::g.12876::m.12876	60.714	252	99	0	1	252	1	252	2.22e-113	326
Leptpyrr	CP@TRINITY_DN732_c0_g1::CP@TRINITY_DN732_c0_g1_i1::g.21602::m.21602	59.438	249	101	0	1	249	1	249	1.22e-109	317
Trypbruc	CP@TRINITY_DN595_c0_g1::CP@TRINITY_DN595_c0_g1_i1::g.12876::m.12876	62.302	252	95	0	1	252	1	252	1.83e-114	329
Trypbruc	CP@TRINITY_DN732_c0_g1::CP@TRINITY_DN732_c0_g1_i1::g.21602::m.21602	59.677	248	100	0	1	248	1	248	2.08e-109	316
Paraconf	CP@TRINITY_DN595_c0_g1::CP@TRINITY_DN595_c0_g1_i1::g.12876::m.12876	66.038	212	72	0	1	212	41	252	1.91e-101	294
Paraconf	CP@TRINITY_DN732_c0_g1::CP@TRINITY_DN732_c0_g1_i1::g.21602::m.21602	66.346	208	70	0	2	209	42	249	1.99e-99	289
Gregniph	CP@TRINITY_DN595_c0_g1::CP@TRINITY_DN595_c0_g1_i1::g.12876::m.12876	59.843	254	102	0	1	254	1	254	1.02e-113	327
Gregniph	CP@TRINITY_DN732_c0_g1::CP@TRINITY_DN732_c0_g1_i1::g.21602::m.21602	61.847	249	95	0	1	249	1	249	6.18e-111	320
Paratetr	CP@TRINITY_DN732_c0_g1::CP@TRINITY_DN732_c0_g1_i1::g.21602::m.21602	61.508	252	96	1	14	265	1	251	7.61e-116	334
Paratetr	CP@TRINITY_DN595_c0_g1::CP@TRINITY_DN595_c0_g1_i1::g.12876::m.12876	58.687	259	103	2	14	272	1	255	1.71e-114	331
Tetrther	CP@TRINITY_DN595_c0_g1::CP@TRINITY_DN595_c0_g1_i1::g.12876::m.12876	64.542	251	88	1	1	251	1	250	3.34e-120	343
Tetrther	CP@TRINITY_DN732_c0_g1::CP@TRINITY_DN732_c0_g1_i1::g.21602::m.21602	57.480	254	107	1	1	254	1	253	2.08e-106	308
Ichtmult	CP@TRINITY_DN595_c0_g1::CP@TRINITY_DN595_c0_g1_i1::g.12876::m.12876	60.956	251	97	1	1	251	1	250	5.18e-113	325
Ichtmult	CP@TRINITY_DN732_c0_g1::CP@TRINITY_DN732_c0_g1_i1::g.21602::m.21602	56.693	254	109	1	1	254	1	253	1.02e-106	309
Stroincl	CP@TRINITY_DN595_c0_g1::CP@TRINITY_DN595_c0_g1_i1::g.12876::m.12876	62.891	256	94	1	16	271	1	255	9.71e-118	338
Stroincl	CP@TRINITY_DN732_c0_g1::CP@TRINITY_DN732_c0_g1_i1::g.21602::m.21602	58.871	248	102	0	16	263	1	248	6.82e-107	310
Styllemn	CP@TRINITY_DN595_c0_g1::CP@TRINITY_DN595_c0_g1_i1::g.12876::m.12876	64.542	251	88	1	1	251	1	250	5.68e-118	338
Styllemn	CP@TRINITY_DN732_c0_g1::CP@TRINITY_DN732_c0_g1_i1::g.21602::m.21602	57.708	253	106	1	1	253	1	252	1.52e-104	303
Platmacr	CP@TRINITY_DN595_c0_g1::CP@TRINITY_DN595_c0_g1_i1::g.12876::m.12876	57.447	188	79	1	1	188	1	187	1.74e-76	229
Platmacr	CP@TRINITY_DN732_c0_g1::CP@TRINITY_DN732_c0_g1_i1::g.21602::m.21602	53.723	188	86	1	1	188	1	187	8.72e-72	218
Colpangu	CP@TRINITY_DN595_c0_g1::CP@TRINITY_DN595_c0_g1_i1::g.12876::m.12876	63.052	249	92	0	19	267	1	249	3.58e-122	349
Colpangu	CP@TRINITY_DN732_c0_g1::CP@TRINITY_DN732_c0_g1_i1::g.21602::m.21602	57.708	253	107	0	19	271	1	253	4.10e-111	321
Alphedax	CP@TRINITY_DN595_c0_g1::CP@TRINITY_DN595_c0_g1_i1::g.12876::m.12876	67.871	249	77	1	16	261	1	249	3.44e-124	354
Alphedax	CP@TRINITY_DN732_c0_g1::CP@TRINITY_DN732_c0_g1_i1::g.21602::m.21602	59.921	252	98	1	16	264	1	252	3.60e-107	311
Oxyrmari	CP@TRINITY_DN595_c0_g1::CP@TRINITY_DN595_c0_g1_i1::g.12876::m.12876	62.992	254	94	0	1	254	1	254	1.62e-117	337
Oxyrmari	CP@TRINITY_DN732_c0_g1::CP@TRINITY_DN732_c0_g1_i1::g.21602::m.21602	58.964	251	103	0	1	251	1	251	1.88e-108	313
Noctscin	CP@TRINITY_DN595_c0_g1::CP@TRINITY_DN595_c0_g1_i1::g.12876::m.12876	65.517	174	60	0	1	174	41	214	1.24e-86	254
Noctscin	CP@TRINITY_DN732_c0_g1::CP@TRINITY_DN732_c0_g1_i1::g.21602::m.21602	57.471	174	74	0	1	174	41	214	6.63e-73	220
HemaVICK	CP@TRINITY_DN595_c0_g1::CP@TRINITY_DN595_c0_g1_i1::g.12876::m.12876	67.470	249	81	0	1	249	1	249	1.90e-125	356
HemaVICK	CP@TRINITY_DN732_c0_g1::CP@TRINITY_DN732_c0_g1_i1::g.21602::m.21602	59.684	253	102	0	1	253	1	253	4.75e-110	317
Vitrbras	CP@TRINITY_DN595_c0_g1::CP@TRINITY_DN595_c0_g1_i1::g.12876::m.12876	66.275	255	86	0	1	255	1	255	2.43e-125	356
Vitrbras	CP@TRINITY_DN732_c0_g1::CP@TRINITY_DN732_c0_g1_i1::g.21602::m.21602	63.529	255	93	0	1	255	1	255	3.01e-116	333
Plasfalc	CP@TRINITY_DN595_c0_g1::CP@TRINITY_DN595_c0_g1_i1::g.12876::m.12876	64.800	250	88	0	1	250	1	250	4.55e-121	345
Plasfalc	CP@TRINITY_DN732_c0_g1::CP@TRINITY_DN732_c0_g1_i1::g.21602::m.21602	62.846	253	94	0	1	253	1	253	2.06e-115	331
Eimebrun	CP@TRINITY_DN595_c0_g1::CP@TRINITY_DN595_c0_g1_i1::g.12876::m.12876	63.953	258	90	1	60	317	1	255	1.48e-124	357
Eimebrun	CP@TRINITY_DN732_c0_g1::CP@TRINITY_DN732_c0_g1_i1::g.21602::m.21602	64.032	253	91	0	60	312	1	253	4.71e-120	345
Stencoer	CP@TRINITY_DN595_c0_g1::CP@TRINITY_DN595_c0_g1_i1::g.12876::m.12876	70.800	250	73	0	1	250	1	250	1.53e-130	369
Stencoer	CP@TRINITY_DN732_c0_g1::CP@TRINITY_DN732_c0_g1_i1::g.21602::m.21602	65.323	248	86	0	1	248	1	248	3.42e-114	328
Protadhe	CP@TRINITY_DN595_c0_g1::CP@TRINITY_DN595_c0_g1_i1::g.12876::m.12876	68.627	255	80	0	19	273	1	255	4.68e-133	377
Protadhe	CP@TRINITY_DN732_c0_g1::CP@TRINITY_DN732_c0_g1_i1::g.21602::m.21602	61.176	255	99	0	19	273	1	255	1.19e-112	325
Monobrev	CP@TRINITY_DN595_c0_g1::CP@TRINITY_DN595_c0_g1_i1::g.12876::m.12876	76.078	255	61	0	564	818	1	255	5.37e-142	419
Monobrev	CP@TRINITY_DN732_c0_g1::CP@TRINITY_DN732_c0_g1_i1::g.21602::m.21602	61.176	255	99	0	564	818	1	255	1.95e-108	332
Nemavect	CP@TRINITY_DN595_c0_g1::CP@TRINITY_DN595_c0_g1_i1::g.12876::m.12876	78.906	256	53	1	1	256	1	255	6.84e-149	416
Nemavect	CP@TRINITY_DN732_c0_g1::CP@TRINITY_DN732_c0_g1_i1::g.21602::m.21602	63.745	251	91	0	1	251	1	251	2.63e-112	323
Homosapi	CP@TRINITY_DN595_c0_g1::CP@TRINITY_DN595_c0_g1_i1::g.12876::m.12876	78.346	254	55	0	1	254	1	254	6.21e-150	418
Homosapi	CP@TRINITY_DN732_c0_g1::CP@TRINITY_DN732_c0_g1_i1::g.21602::m.21602	64.113	248	89	0	1	248	1	248	6.28e-114	327
Creofrag	CP@TRINITY_DN595_c0_g1::CP@TRINITY_DN595_c0_g1_i1::g.12876::m.12876	75.000	248	62	0	17	264	1	248	4.76e-144	404
Creofrag	CP@TRINITY_DN732_c0_g1::CP@TRINITY_DN732_c0_g1_i1::g.21602::m.21602	63.600	250	91	0	17	266	1	250	2.51e-119	342
Sphadest	CP@TRINITY_DN595_c0_g1::CP@TRINITY_DN595_c0_g1_i1::g.12876::m.12876	75.397	252	62	0	5	256	1	252	4.66e-143	401
Sphadest	CP@TRINITY_DN732_c0_g1::CP@TRINITY_DN732_c0_g1_i1::g.21602::m.21602	65.613	253	87	0	5	257	1	253	5.82e-121	345
Plasbras	CP@TRINITY_DN595_c0_g1::CP@TRINITY_DN595_c0_g1_i1::g.12876::m.12876	69.600	250	76	0	1	250	1	250	1.60e-130	369
Plasbras	CP@TRINITY_DN732_c0_g1::CP@TRINITY_DN732_c0_g1_i1::g.21602::m.21602	62.500	248	93	0	1	248	1	248	1.81e-112	323
Leptvora	CP@TRINITY_DN595_c0_g1::CP@TRINITY_DN595_c0_g1_i1::g.12876::m.12876	73.896	249	65	0	10	258	1	249	7.04e-133	375
Leptvora	CP@TRINITY_DN732_c0_g1::CP@TRINITY_DN732_c0_g1_i1::g.21602::m.21602	61.265	253	98	0	10	262	1	253	4.75e-116	333
Paulchro	CP@TRINITY_DN595_c0_g1::CP@TRINITY_DN595_c0_g1_i1::g.12876::m.12876	66.797	256	85	0	1	256	1	256	3.11e-125	356
Paulchro	CP@TRINITY_DN732_c0_g1::CP@TRINITY_DN732_c0_g1_i1::g.21602::m.21602	60.246	244	97	0	1	244	1	244	1.18e-107	311
Lapoguse	CP@TRINITY_DN595_c0_g1::CP@TRINITY_DN595_c0_g1_i1::g.12876::m.12876	71.875	256	72	0	21	276	1	256	6.24e-138	389
Lapoguse	CP@TRINITY_DN732_c0_g1::CP@TRINITY_DN732_c0_g1_i1::g.21602::m.21602	62.891	256	95	0	21	276	1	256	1.07e-120	345
Andagodo	CP@TRINITY_DN595_c0_g1::CP@TRINITY_DN595_c0_g1_i1::g.12876::m.12876	68.145	248	79	0	1	248	1	248	4.10e-128	363
Andagodo	CP@TRINITY_DN732_c0_g1::CP@TRINITY_DN732_c0_g1_i1::g.21602::m.21602	61.694	248	95	0	1	248	1	248	6.21e-113	325
Abolprol	CP@TRINITY_DN595_c0_g1::CP@TRINITY_DN595_c0_g1_i1::g.12876::m.12876	66.860	172	55	1	8	179	87	256	1.13e-80	239
Abolprol	CP@TRINITY_DN732_c0_g1::CP@TRINITY_DN732_c0_g1_i1::g.21602::m.21602	65.476	168	58	0	9	176	88	255	3.61e-80	238
Aurisoli	CP@TRINITY_DN595_c0_g1::CP@TRINITY_DN595_c0_g1_i1::g.12876::m.12876	68.800	250	78	0	25	274	1	250	3.39e-130	370
Aurisoli	CP@TRINITY_DN732_c0_g1::CP@TRINITY_DN732_c0_g1_i1::g.21602::m.21602	61.446	249	96	0	25	273	1	249	7.28e-116	333
Phaeglob	CP@TRINITY_DN595_c0_g1::CP@TRINITY_DN595_c0_g1_i1::g.12876::m.12876	63.241	253	93	0	7	259	1	253	8.88e-120	342
Phaeglob	CP@TRINITY_DN732_c0_g1::CP@TRINITY_DN732_c0_g1_i1::g.21602::m.21602	60.484	248	98	0	7	254	1	248	1.24e-106	309
Calclept	CP@TRINITY_DN595_c0_g1::CP@TRINITY_DN595_c0_g1_i1::g.12876::m.12876	63.600	250	91	0	16	265	1	250	2.17e-119	342
Calclept	CP@TRINITY_DN732_c0_g1::CP@TRINITY_DN732_c0_g1_i1::g.21602::m.21602	59.274	248	101	0	16	263	1	248	2.16e-102	299
Gephhuxl	CP@TRINITY_DN595_c0_g1::CP@TRINITY_DN595_c0_g1_i1::g.12876::m.12876	69.048	252	78	0	8	259	2	253	1.41e-129	367
Gephhuxl	CP@TRINITY_DN732_c0_g1::CP@TRINITY_DN732_c0_g1_i1::g.21602::m.21602	59.919	247	99	0	8	254	2	248	1.86e-106	308
BicoCB20	CP@TRINITY_DN595_c0_g1::CP@TRINITY_DN595_c0_g1_i1::g.12876::m.12876	66.926	257	81	2	12	265	1	256	1.18e-124	355
BicoCB20	CP@TRINITY_DN732_c0_g1::CP@TRINITY_DN732_c0_g1_i1::g.21602::m.21602	57.600	250	103	1	12	258	1	250	5.75e-101	295
MAST003A	CP@TRINITY_DN595_c0_g1::CP@TRINITY_DN595_c0_g1_i1::g.12876::m.12876	59.036	249	81	2	21	248	8	256	2.07e-100	293
MAST003A	CP@TRINITY_DN732_c0_g1::CP@TRINITY_DN732_c0_g1_i1::g.21602::m.21602	51.867	241	97	1	21	242	8	248	1.78e-88	262
Bigenata	CP@TRINITY_DN595_c0_g1::CP@TRINITY_DN595_c0_g1_i1::g.12876::m.12876	70.968	248	72	0	14	261	2	249	7.77e-131	370
Bigenata	CP@TRINITY_DN732_c0_g1::CP@TRINITY_DN732_c0_g1_i1::g.21602::m.21602	59.438	249	101	0	14	262	2	250	4.25e-109	315
Dunasali	CP@TRINITY_DN595_c0_g1::CP@TRINITY_DN595_c0_g1_i1::g.12876::m.12876	70.635	252	74	0	1	252	1	252	1.17e-132	375
Dunasali	CP@TRINITY_DN732_c0_g1::CP@TRINITY_DN732_c0_g1_i1::g.21602::m.21602	63.306	248	91	0	1	248	1	248	2.43e-116	333
Chlovari	CP@TRINITY_DN595_c0_g1::CP@TRINITY_DN595_c0_g1_i1::g.12876::m.12876	70.196	255	76	0	1	255	1	255	5.37e-134	378
Chlovari	CP@TRINITY_DN732_c0_g1::CP@TRINITY_DN732_c0_g1_i1::g.21602::m.21602	64.516	248	88	0	1	248	1	248	7.20e-120	342
Chlarein	CP@TRINITY_DN595_c0_g1::CP@TRINITY_DN595_c0_g1_i1::g.12876::m.12876	72.222	252	70	0	1	252	1	252	2.16e-133	377
Chlarein	CP@TRINITY_DN732_c0_g1::CP@TRINITY_DN732_c0_g1_i1::g.21602::m.21602	64.919	248	87	0	1	248	1	248	3.34e-117	336
Pyrapark	CP@TRINITY_DN595_c0_g1::CP@TRINITY_DN595_c0_g1_i1::g.12876::m.12876	72.400	250	69	0	1	250	1	250	1.28e-132	375
Pyrapark	CP@TRINITY_DN732_c0_g1::CP@TRINITY_DN732_c0_g1_i1::g.21602::m.21602	64.516	248	88	0	1	248	1	248	3.99e-120	343
Prascaps	CP@TRINITY_DN595_c0_g1::CP@TRINITY_DN595_c0_g1_i1::g.12876::m.12876	70.196	255	76	0	1	255	1	255	2.69e-134	379
Prascaps	CP@TRINITY_DN732_c0_g1::CP@TRINITY_DN732_c0_g1_i1::g.21602::m.21602	57.647	255	108	0	1	255	1	255	3.61e-115	330
Prassing	CP@TRINITY_DN595_c0_g1::CP@TRINITY_DN595_c0_g1_i1::g.12876::m.12876	67.188	256	81	1	10	262	1	256	6.03e-126	358
Prassing	CP@TRINITY_DN732_c0_g1::CP@TRINITY_DN732_c0_g1_i1::g.21602::m.21602	60.938	256	97	1	10	262	1	256	1.26e-110	319
Tetrasti	CP@TRINITY_DN595_c0_g1::CP@TRINITY_DN595_c0_g1_i1::g.12876::m.12876	69.804	255	77	0	33	287	1	255	1.13e-132	376
Tetrasti	CP@TRINITY_DN732_c0_g1::CP@TRINITY_DN732_c0_g1_i1::g.21602::m.21602	61.569	255	98	0	33	287	1	255	4.75e-114	329
Mesoviri	CP@TRINITY_DN595_c0_g1::CP@TRINITY_DN595_c0_g1_i1::g.12876::m.12876	71.032	252	73	0	1	252	1	252	2.10e-134	379
Mesoviri	CP@TRINITY_DN732_c0_g1::CP@TRINITY_DN732_c0_g1_i1::g.21602::m.21602	65.323	248	86	0	1	248	1	248	7.21e-120	342
Arabthal	CP@TRINITY_DN595_c0_g1::CP@TRINITY_DN595_c0_g1_i1::g.12876::m.12876	73.387	248	66	0	1	248	1	248	2.19e-137	387
Arabthal	CP@TRINITY_DN732_c0_g1::CP@TRINITY_DN732_c0_g1_i1::g.21602::m.21602	68.400	250	79	0	1	250	1	250	2.47e-125	356
Nephpyri	CP@TRINITY_DN595_c0_g1::CP@TRINITY_DN595_c0_g1_i1::g.12876::m.12876	73.333	255	68	0	1	255	1	255	1.71e-137	387
Nephpyri	CP@TRINITY_DN732_c0_g1::CP@TRINITY_DN732_c0_g1_i1::g.21602::m.21602	65.882	255	87	0	1	255	1	255	3.08e-127	361
Charbrau	CP@TRINITY_DN595_c0_g1::CP@TRINITY_DN595_c0_g1_i1::g.12876::m.12876	72.112	251	70	0	1	251	1	251	6.42e-135	380
Charbrau	CP@TRINITY_DN732_c0_g1::CP@TRINITY_DN732_c0_g1_i1::g.21602::m.21602	64.000	250	90	0	1	250	1	250	2.94e-120	343
Hemirufe	CP@TRINITY_DN595_c0_g1::CP@TRINITY_DN595_c0_g1_i1::g.12876::m.12876	70.000	250	72	1	16	262	1	250	2.66e-133	377
Hemirufe	CP@TRINITY_DN732_c0_g1::CP@TRINITY_DN732_c0_g1_i1::g.21602::m.21602	61.044	249	94	1	16	261	1	249	2.32e-108	314
Guilthet	CP@TRINITY_DN595_c0_g1::CP@TRINITY_DN595_c0_g1_i1::g.12876::m.12876	69.600	250	73	1	1	247	1	250	3.27e-130	369
Guilthet	CP@TRINITY_DN732_c0_g1::CP@TRINITY_DN732_c0_g1_i1::g.21602::m.21602	59.839	249	97	1	1	246	1	249	2.44e-107	311
Gemicryo	CP@TRINITY_DN595_c0_g1::CP@TRINITY_DN595_c0_g1_i1::g.12876::m.12876	68.000	250	78	1	11	258	1	250	1.76e-126	360
Gemicryo	CP@TRINITY_DN732_c0_g1::CP@TRINITY_DN732_c0_g1_i1::g.21602::m.21602	58.233	249	102	1	11	257	1	249	9.67e-102	297
TeloneP2	CP@TRINITY_DN595_c0_g1::CP@TRINITY_DN595_c0_g1_i1::g.12876::m.12876	69.600	125	38	0	1	125	131	255	4.89e-55	172
TeloneP2	CP@TRINITY_DN732_c0_g1::CP@TRINITY_DN732_c0_g1_i1::g.21602::m.21602	62.400	125	47	0	1	125	131	255	1.70e-52	166
TeloneP1	CP@TRINITY_DN595_c0_g1::CP@TRINITY_DN595_c0_g1_i1::g.12876::m.12876	70.248	121	36	0	1	121	135	255	8.61e-53	166
TeloneP1	CP@TRINITY_DN732_c0_g1::CP@TRINITY_DN732_c0_g1_i1::g.21602::m.21602	64.463	121	43	0	1	121	135	255	3.28e-51	162
MAST004E	CP@TRINITY_DN595_c0_g1::CP@TRINITY_DN595_c0_g1_i1::g.12876::m.12876	61.417	254	77	1	1	233	1	254	2.43e-113	325
MAST004E	CP@TRINITY_DN732_c0_g1::CP@TRINITY_DN732_c0_g1_i1::g.21602::m.21602	56.452	248	87	1	1	227	1	248	1.59e-101	295
MAST04A1	CP@TRINITY_DN595_c0_g1::CP@TRINITY_DN595_c0_g1_i1::g.12876::m.12876	63.636	253	75	1	1	236	1	253	6.54e-116	332
MAST04A1	CP@TRINITY_DN732_c0_g1::CP@TRINITY_DN732_c0_g1_i1::g.21602::m.21602	57.258	248	89	1	1	231	1	248	2.84e-101	294
MAST004C	CP@TRINITY_DN595_c0_g1::CP@TRINITY_DN595_c0_g1_i1::g.12876::m.12876	56.299	254	76	2	1	219	1	254	1.23e-97	285
MAST004C	CP@TRINITY_DN732_c0_g1::CP@TRINITY_DN732_c0_g1_i1::g.21602::m.21602	52.823	248	82	2	1	213	1	248	1.89e-89	264
Goniavon	CP@TRINITY_DN595_c0_g1::CP@TRINITY_DN595_c0_g1_i1::g.12876::m.12876	73.684	209	55	0	1	209	45	253	1.31e-116	332
Goniavon	CP@TRINITY_DN732_c0_g1::CP@TRINITY_DN732_c0_g1_i1::g.21602::m.21602	65.686	204	70	0	1	204	45	248	9.30e-97	282
Stichzan	CP@TRINITY_DN595_c0_g1::CP@TRINITY_DN595_c0_g1_i1::g.12876::m.12876	67.273	220	72	0	57	276	1	220	5.63e-112	323
Stichzan	CP@TRINITY_DN732_c0_g1::CP@TRINITY_DN732_c0_g1_i1::g.21602::m.21602	58.182	220	92	0	57	276	1	220	2.03e-99	291
Sori0191	CP@TRINITY_DN595_c0_g1::CP@TRINITY_DN595_c0_g1_i1::g.12876::m.12876	59.657	233	92	1	1	231	1	233	4.79e-100	291
Sori0191	CP@TRINITY_DN732_c0_g1::CP@TRINITY_DN732_c0_g1_i1::g.21602::m.21602	52.790	233	108	1	1	231	1	233	3.11e-87	258
Retifilo	CP@TRINITY_DN595_c0_g1::CP@TRINITY_DN595_c0_g1_i1::g.12876::m.12876	60.106	188	74	1	1	187	58	245	9.58e-80	243
Retifilo	CP@TRINITY_DN732_c0_g1::CP@TRINITY_DN732_c0_g1_i1::g.21602::m.21602	55.615	187	82	1	1	186	58	244	3.70e-69	216
Ammo1384	CP@TRINITY_DN595_c0_g1::CP@TRINITY_DN595_c0_g1_i1::g.12876::m.12876	60.729	247	96	1	1	246	1	247	2.30e-105	305
Ammo1384	CP@TRINITY_DN732_c0_g1::CP@TRINITY_DN732_c0_g1_i1::g.21602::m.21602	59.016	244	99	1	1	243	1	244	1.20e-96	283
AcanthFB	CP@TRINITY_DN595_c0_g1::CP@TRINITY_DN595_c0_g1_i1::g.12876::m.12876	62.338	154	58	0	1	154	1	154	3.00e-73	220
AcanthFB	CP@TRINITY_DN732_c0_g1::CP@TRINITY_DN732_c0_g1_i1::g.21602::m.21602	55.195	154	69	0	1	154	1	154	2.84e-59	184
Phytpara	CP@TRINITY_DN595_c0_g1::CP@TRINITY_DN595_c0_g1_i1::g.12876::m.12876	69.020	255	76	1	1	252	1	255	6.21e-128	362
Phytpara	CP@TRINITY_DN732_c0_g1::CP@TRINITY_DN732_c0_g1_i1::g.21602::m.21602	60.392	255	98	1	1	252	1	255	2.37e-110	318
EctocSP7	CP@TRINITY_DN595_c0_g1::CP@TRINITY_DN595_c0_g1_i1::g.12876::m.12876	66.129	248	81	1	1	245	1	248	1.38e-120	344
EctocSP7	CP@TRINITY_DN732_c0_g1::CP@TRINITY_DN732_c0_g1_i1::g.21602::m.21602	60.484	248	95	1	1	245	1	248	6.99e-106	306
Thalpseu	CP@TRINITY_DN595_c0_g1::CP@TRINITY_DN595_c0_g1_i1::g.12876::m.12876	62.353	255	96	0	1	255	1	255	3.28e-120	343
Thalpseu	CP@TRINITY_DN732_c0_g1::CP@TRINITY_DN732_c0_g1_i1::g.21602::m.21602	59.677	248	100	0	1	248	1	248	3.33e-110	318
ChrysoH2	CP@TRINITY_DN595_c0_g1::CP@TRINITY_DN595_c0_g1_i1::g.12876::m.12876	55.118	254	93	2	1	234	1	253	9.57e-96	280
ChrysoH2	CP@TRINITY_DN732_c0_g1::CP@TRINITY_DN732_c0_g1_i1::g.21602::m.21602	48.249	257	111	3	1	237	1	255	6.41e-84	250
Gracchor	CP@TRINITY_DN595_c0_g1::CP@TRINITY_DN595_c0_g1_i1::g.12876::m.12876	73.600	250	65	1	1	249	1	250	2.78e-136	384
Gracchor	CP@TRINITY_DN732_c0_g1::CP@TRINITY_DN732_c0_g1_i1::g.21602::m.21602	64.257	249	88	1	1	248	1	249	1.12e-117	337
Porppurp	CP@TRINITY_DN595_c0_g1::CP@TRINITY_DN595_c0_g1_i1::g.12876::m.12876	69.170	253	77	1	1	252	1	253	2.83e-130	369
Porppurp	CP@TRINITY_DN732_c0_g1::CP@TRINITY_DN732_c0_g1_i1::g.21602::m.21602	63.855	249	89	1	1	248	1	249	1.98e-113	326
Galdphle	CP@TRINITY_DN595_c0_g1::CP@TRINITY_DN595_c0_g1_i1::g.12876::m.12876	68.651	252	78	1	1	251	1	252	4.36e-132	374
Galdphle	CP@TRINITY_DN732_c0_g1::CP@TRINITY_DN732_c0_g1_i1::g.21602::m.21602	63.855	249	89	1	1	248	1	249	1.10e-115	332
Styginca	CP@TRINITY_DN595_c0_g1::CP@TRINITY_DN595_c0_g1_i1::g.12876::m.12876	67.742	248	80	0	30	277	1	248	7.87e-126	358
Styginca	CP@TRINITY_DN732_c0_g1::CP@TRINITY_DN732_c0_g1_i1::g.21602::m.21602	62.903	248	92	0	30	277	1	248	2.22e-113	327
Monoexil	CP@TRINITY_DN595_c0_g1::CP@TRINITY_DN595_c0_g1_i1::g.12876::m.12876	67.059	255	83	1	1	254	1	255	1.65e-126	359
Monoexil	CP@TRINITY_DN732_c0_g1::CP@TRINITY_DN732_c0_g1_i1::g.21602::m.21602	63.115	244	90	0	1	244	1	244	5.91e-112	322
Parapyri	CP@TRINITY_DN595_c0_g1::CP@TRINITY_DN595_c0_g1_i1::g.12876::m.12876	63.281	256	94	0	10	265	1	256	1.83e-121	347
Parapyri	CP@TRINITY_DN732_c0_g1::CP@TRINITY_DN732_c0_g1_i1::g.21602::m.21602	58.594	256	106	0	10	265	1	256	5.19e-108	313
Pigoviet	CP@TRINITY_DN595_c0_g1::CP@TRINITY_DN595_c0_g1_i1::g.12876::m.12876	76.410	195	46	0	9	203	55	249	6.82e-112	320
Pigoviet	CP@TRINITY_DN732_c0_g1::CP@TRINITY_DN732_c0_g1_i1::g.21602::m.21602	61.421	197	76	0	9	205	55	251	1.49e-86	256
Syssmult	CP@TRINITY_DN595_c0_g1::CP@TRINITY_DN595_c0_g1_i1::g.12876::m.12876	73.016	252	68	0	68	319	1	252	1.00e-143	405
Syssmult	CP@TRINITY_DN732_c0_g1::CP@TRINITY_DN732_c0_g1_i1::g.21602::m.21602	67.339	248	81	0	68	315	1	248	8.55e-124	355
Capsowcz	CP@TRINITY_DN595_c0_g1::CP@TRINITY_DN595_c0_g1_i1::g.12876::m.12876	69.600	250	75	1	1	250	1	249	3.72e-134	379
Capsowcz	CP@TRINITY_DN732_c0_g1::CP@TRINITY_DN732_c0_g1_i1::g.21602::m.21602	63.780	254	91	1	1	254	1	253	2.75e-114	328
Parvatla	CP@TRINITY_DN595_c0_g1::CP@TRINITY_DN595_c0_g1_i1::g.12876::m.12876	74.800	250	63	0	9	258	1	250	6.72e-140	393
Parvatla	CP@TRINITY_DN732_c0_g1::CP@TRINITY_DN732_c0_g1_i1::g.21602::m.21602	62.903	248	92	0	9	256	1	248	2.76e-113	326
Mitodaph	CP@TRINITY_DN595_c0_g1::CP@TRINITY_DN595_c0_g1_i1::g.12876::m.12876	70.000	250	75	0	1	250	1	250	1.67e-130	369
Mitodaph	CP@TRINITY_DN732_c0_g1::CP@TRINITY_DN732_c0_g1_i1::g.21602::m.21602	64.822	253	89	0	1	253	1	253	4.46e-119	340
Parasacc	CP@TRINITY_DN595_c0_g1::CP@TRINITY_DN595_c0_g1_i1::g.12876::m.12876	69.600	250	76	0	1	250	1	250	3.48e-131	371
Parasacc	CP@TRINITY_DN732_c0_g1::CP@TRINITY_DN732_c0_g1_i1::g.21602::m.21602	66.403	253	85	0	1	253	1	253	1.22e-123	352
Sacccere	CP@TRINITY_DN595_c0_g1::CP@TRINITY_DN595_c0_g1_i1::g.12876::m.12876	68.400	250	79	0	1	250	1	250	9.19e-133	375
Sacccere	CP@TRINITY_DN732_c0_g1::CP@TRINITY_DN732_c0_g1_i1::g.21602::m.21602	62.451	253	95	0	1	253	1	253	1.08e-116	334
Rozeallo	CP@TRINITY_DN595_c0_g1::CP@TRINITY_DN595_c0_g1_i1::g.12876::m.12876	76.000	250	60	0	1	250	1	250	2.71e-144	404
Rozeallo	CP@TRINITY_DN732_c0_g1::CP@TRINITY_DN732_c0_g1_i1::g.21602::m.21602	68.145	248	79	0	1	248	1	248	1.35e-124	354
Batrdend	CP@TRINITY_DN595_c0_g1::CP@TRINITY_DN595_c0_g1_i1::g.12876::m.12876	69.841	252	76	0	1	252	1	252	2.87e-131	371
Batrdend	CP@TRINITY_DN732_c0_g1::CP@TRINITY_DN732_c0_g1_i1::g.21602::m.21602	66.129	248	84	0	1	248	1	248	7.48e-120	342
SpirCILI	CP@TRINITY_DN595_c0_g1::CP@TRINITY_DN595_c0_g1_i1::g.12876::m.12876	69.200	250	77	0	14	263	1	250	1.07e-130	370
SpirCILI	CP@TRINITY_DN732_c0_g1::CP@TRINITY_DN732_c0_g1_i1::g.21602::m.21602	64.257	249	89	0	14	262	1	249	1.91e-117	337
Hemikukw	CP@TRINITY_DN595_c0_g1::CP@TRINITY_DN595_c0_g1_i1::g.12876::m.12876	69.600	250	76	0	15	264	1	250	4.15e-130	369
Hemikukw	CP@TRINITY_DN732_c0_g1::CP@TRINITY_DN732_c0_g1_i1::g.21602::m.21602	62.651	249	93	0	15	263	1	249	9.92e-115	330
Spirsalm	CP@TRINITY_DN595_c0_g1::CP@TRINITY_DN595_c0_g1_i1::g.12876::m.12876	59.600	250	99	2	1	248	1	250	2.13e-104	303
Spirsalm	CP@TRINITY_DN732_c0_g1::CP@TRINITY_DN732_c0_g1_i1::g.21602::m.21602	56.048	248	108	1	1	247	1	248	1.40e-97	285
Kipfbial	CP@TRINITY_DN595_c0_g1::CP@TRINITY_DN595_c0_g1_i1::g.12876::m.12876	63.673	245	89	0	1	245	1	245	3.86e-114	328
Kipfbial	CP@TRINITY_DN732_c0_g1::CP@TRINITY_DN732_c0_g1_i1::g.21602::m.21602	56.522	253	108	1	1	251	1	253	3.93e-104	302
Protfung	CP@TRINITY_DN595_c0_g1::CP@TRINITY_DN595_c0_g1_i1::g.12876::m.12876	66.667	249	83	0	70	318	7	255	9.14e-124	355
Protfung	CP@TRINITY_DN732_c0_g1::CP@TRINITY_DN732_c0_g1_i1::g.21602::m.21602	62.651	249	93	0	70	318	7	255	2.68e-111	323
Tricvagi	CP@TRINITY_DN732_c0_g1::CP@TRINITY_DN732_c0_g1_i1::g.21602::m.21602	53.629	248	113	1	1	246	1	248	6.18e-92	271
Tricvagi	CP@TRINITY_DN595_c0_g1::CP@TRINITY_DN595_c0_g1_i1::g.12876::m.12876	51.210	248	119	1	1	246	1	248	6.69e-88	261
Dictdisc	CP@TRINITY_DN595_c0_g1::CP@TRINITY_DN595_c0_g1_i1::g.12876::m.12876	69.721	251	75	1	1	251	1	250	1.70e-131	372
Dictdisc	CP@TRINITY_DN732_c0_g1::CP@TRINITY_DN732_c0_g1_i1::g.21602::m.21602	65.462	249	85	1	1	249	1	248	1.13e-122	349
Thectrah	CP@TRINITY_DN595_c0_g1::CP@TRINITY_DN595_c0_g1_i1::g.12876::m.12876	69.200	250	77	0	1	250	1	250	4.50e-132	373
Thectrah	CP@TRINITY_DN732_c0_g1::CP@TRINITY_DN732_c0_g1_i1::g.21602::m.21602	62.451	253	95	0	1	253	1	253	3.58e-119	340
Coralima	CP@TRINITY_DN595_c0_g1::CP@TRINITY_DN595_c0_g1_i1::g.12876::m.12876	71.654	254	71	1	1	253	1	254	8.58e-136	382
Coralima	CP@TRINITY_DN732_c0_g1::CP@TRINITY_DN732_c0_g1_i1::g.21602::m.21602	66.129	248	83	1	1	247	1	248	1.13e-115	332
Acancast	CP@TRINITY_DN595_c0_g1::CP@TRINITY_DN595_c0_g1_i1::g.12876::m.12876	73.600	250	66	0	1	250	1	250	2.04e-138	389
Acancast	CP@TRINITY_DN732_c0_g1::CP@TRINITY_DN732_c0_g1_i1::g.21602::m.21602	66.532	248	83	0	1	248	1	248	3.75e-124	353
Neobdesi	CP@TRINITY_DN595_c0_g1::CP@TRINITY_DN595_c0_g1_i1::g.12876::m.12876	66.667	252	84	0	1	252	1	252	2.17e-124	354
Neobdesi	CP@TRINITY_DN732_c0_g1::CP@TRINITY_DN732_c0_g1_i1::g.21602::m.21602	60.241	249	99	0	1	249	1	249	1.57e-115	332
Flecnera	CP@TRINITY_DN595_c0_g1::CP@TRINITY_DN595_c0_g1_i1::g.12876::m.12876	62.400	250	94	0	16	265	1	250	2.33e-116	334
Flecnera	CP@TRINITY_DN732_c0_g1::CP@TRINITY_DN732_c0_g1_i1::g.21602::m.21602	55.731	253	112	0	16	268	1	253	2.75e-105	306
Diplambu	CP@TRINITY_DN595_c0_g1::CP@TRINITY_DN595_c0_g1_i1::g.12876::m.12876	62.000	250	95	0	1	250	1	250	5.66e-114	327
Diplambu	CP@TRINITY_DN732_c0_g1::CP@TRINITY_DN732_c0_g1_i1::g.21602::m.21602	56.522	253	110	0	1	253	1	253	1.36e-103	301
Rhodemar	CP@TRINITY_DN595_c0_g1::CP@TRINITY_DN595_c0_g1_i1::g.12876::m.12876	74.704	253	64	0	1	253	1	253	1.00e-142	400
Rhodemar	CP@TRINITY_DN732_c0_g1::CP@TRINITY_DN732_c0_g1_i1::g.21602::m.21602	62.249	249	94	0	1	249	1	249	4.37e-116	333
Rhodlimn	CP@TRINITY_DN595_c0_g1::CP@TRINITY_DN595_c0_g1_i1::g.12876::m.12876	71.542	253	72	0	1	253	1	253	1.31e-137	387
Rhodlimn	CP@TRINITY_DN732_c0_g1::CP@TRINITY_DN732_c0_g1_i1::g.21602::m.21602	61.044	249	97	0	1	249	1	249	2.89e-114	328
Rhodmari	CP@TRINITY_DN595_c0_g1::CP@TRINITY_DN595_c0_g1_i1::g.12876::m.12876	68.526	251	78	1	1	250	1	251	3.65e-131	371
Rhodmari	CP@TRINITY_DN732_c0_g1::CP@TRINITY_DN732_c0_g1_i1::g.21602::m.21602	63.855	249	89	1	1	248	1	249	4.88e-114	328
Gratturu	CP@TRINITY_DN595_c0_g1::CP@TRINITY_DN595_c0_g1_i1::g.12876::m.12876	74.194	248	63	1	1	247	1	248	8.83e-136	382
Gratturu	CP@TRINITY_DN732_c0_g1::CP@TRINITY_DN732_c0_g1_i1::g.21602::m.21602	64.919	248	86	1	1	247	1	248	3.50e-116	332
Choncris	CP@TRINITY_DN595_c0_g1::CP@TRINITY_DN595_c0_g1_i1::g.12876::m.12876	74.000	250	64	1	1	249	1	250	2.72e-135	381
Choncris	CP@TRINITY_DN732_c0_g1::CP@TRINITY_DN732_c0_g1_i1::g.21602::m.21602	64.659	249	87	1	1	248	1	249	1.11e-115	332
Cerakond	CP@TRINITY_DN595_c0_g1::CP@TRINITY_DN595_c0_g1_i1::g.12876::m.12876	73.790	248	64	1	1	247	1	248	8.09e-136	382
Cerakond	CP@TRINITY_DN732_c0_g1::CP@TRINITY_DN732_c0_g1_i1::g.21602::m.21602	64.113	248	88	1	1	247	1	248	4.65e-116	332
Porpumbi	CP@TRINITY_DN595_c0_g1::CP@TRINITY_DN595_c0_g1_i1::g.12876::m.12876	67.969	256	81	1	46	300	1	256	2.60e-128	365
Porpumbi	CP@TRINITY_DN732_c0_g1::CP@TRINITY_DN732_c0_g1_i1::g.21602::m.21602	62.109	256	96	1	46	300	1	256	5.13e-114	329
Compcoer	CP@TRINITY_DN595_c0_g1::CP@TRINITY_DN595_c0_g1_i1::g.12876::m.12876	70.417	240	70	1	1	239	1	240	1.36e-123	388
Compcoer	CP@TRINITY_DN732_c0_g1::CP@TRINITY_DN732_c0_g1_i1::g.21602::m.21602	65.833	240	81	1	1	239	1	240	1.16e-111	355
Cyanmero	CP@TRINITY_DN595_c0_g1::CP@TRINITY_DN595_c0_g1_i1::g.12876::m.12876	64.919	248	83	2	1	244	1	248	4.30e-113	325
Cyanmero	CP@TRINITY_DN732_c0_g1::CP@TRINITY_DN732_c0_g1_i1::g.21602::m.21602	57.312	253	104	2	1	249	1	253	3.34e-99	290
Porpaeru	CP@TRINITY_DN595_c0_g1::CP@TRINITY_DN595_c0_g1_i1::g.12876::m.12876	70.356	253	74	1	1	252	1	253	5.22e-134	378
Porpaeru	CP@TRINITY_DN732_c0_g1::CP@TRINITY_DN732_c0_g1_i1::g.21602::m.21602	64.919	248	86	1	1	247	1	248	8.95e-117	335
Galdsulp	CP@TRINITY_DN595_c0_g1::CP@TRINITY_DN595_c0_g1_i1::g.12876::m.12876	68.254	252	79	1	1	251	1	252	2.48e-130	369
Galdsulp	CP@TRINITY_DN732_c0_g1::CP@TRINITY_DN732_c0_g1_i1::g.21602::m.21602	64.400	250	86	2	1	248	1	249	1.49e-115	332
Rhodmacu	CP@TRINITY_DN595_c0_g1::CP@TRINITY_DN595_c0_g1_i1::g.12876::m.12876	70.800	250	72	1	10	258	1	250	7.98e-133	376
Rhodmacu	CP@TRINITY_DN732_c0_g1::CP@TRINITY_DN732_c0_g1_i1::g.21602::m.21602	63.052	249	91	1	10	257	1	249	3.29e-115	331
Oryzsati	CP@TRINITY_DN595_c0_g1::CP@TRINITY_DN595_c0_g1_i1::g.12876::m.12876	72.581	248	68	0	1	248	1	248	1.13e-135	382
Oryzsati	CP@TRINITY_DN732_c0_g1::CP@TRINITY_DN732_c0_g1_i1::g.21602::m.21602	68.000	250	80	0	1	250	1	250	6.48e-126	358
Physpate	CP@TRINITY_DN595_c0_g1::CP@TRINITY_DN595_c0_g1_i1::g.12876::m.12876	70.161	248	74	0	1	248	1	248	1.76e-131	372
Physpate	CP@TRINITY_DN732_c0_g1::CP@TRINITY_DN732_c0_g1_i1::g.21602::m.21602	66.000	250	85	0	1	250	1	250	5.77e-123	350
Picosali	CP@TRINITY_DN595_c0_g1::CP@TRINITY_DN595_c0_g1_i1::g.12876::m.12876	69.412	255	78	0	112	366	1	255	9.43e-133	379
Picosali	CP@TRINITY_DN732_c0_g1::CP@TRINITY_DN732_c0_g1_i1::g.21602::m.21602	65.726	248	85	0	112	359	1	248	1.38e-117	341
Volvcart	CP@TRINITY_DN595_c0_g1::CP@TRINITY_DN595_c0_g1_i1::g.12876::m.12876	71.032	252	73	0	1	252	1	252	8.86e-132	372
Volvcart	CP@TRINITY_DN732_c0_g1::CP@TRINITY_DN732_c0_g1_i1::g.21602::m.21602	64.113	248	89	0	1	248	1	248	6.51e-117	335
Micrpusl	CP@TRINITY_DN595_c0_g1::CP@TRINITY_DN595_c0_g1_i1::g.12876::m.12876	70.120	251	74	1	1	251	1	250	6.73e-129	365
Micrpusl	CP@TRINITY_DN732_c0_g1::CP@TRINITY_DN732_c0_g1_i1::g.21602::m.21602	63.855	249	89	1	1	249	1	248	2.16e-114	328
Ostrtaur	CP@TRINITY_DN595_c0_g1::CP@TRINITY_DN595_c0_g1_i1::g.12876::m.12876	70.196	255	76	0	1	255	1	255	3.22e-129	366
Ostrtaur	CP@TRINITY_DN732_c0_g1::CP@TRINITY_DN732_c0_g1_i1::g.21602::m.21602	62.745	255	95	0	1	255	1	255	1.23e-118	339
Glauincr	CP@TRINITY_DN595_c0_g1::CP@TRINITY_DN595_c0_g1_i1::g.12876::m.12876	71.064	235	68	0	13	247	1	235	3.25e-132	374
Glauincr	CP@TRINITY_DN732_c0_g1::CP@TRINITY_DN732_c0_g1_i1::g.21602::m.21602	65.021	243	83	1	13	255	1	241	2.16e-113	327
Cyanpara	CP@TRINITY_DN595_c0_g1::CP@TRINITY_DN595_c0_g1_i1::g.12876::m.12876	72.400	250	69	0	1	250	1	250	8.37e-138	388
Cyanpara	CP@TRINITY_DN732_c0_g1::CP@TRINITY_DN732_c0_g1_i1::g.21602::m.21602	66.532	248	83	0	1	248	1	248	9.32e-120	342
Gloewitr	CP@TRINITY_DN595_c0_g1::CP@TRINITY_DN595_c0_g1_i1::g.12876::m.12876	74.206	252	65	0	18	269	1	252	2.20e-143	403
Gloewitr	CP@TRINITY_DN732_c0_g1::CP@TRINITY_DN732_c0_g1_i1::g.21602::m.21602	66.129	248	84	0	18	265	1	248	5.69e-123	351
Idiovort	CP@TRINITY_DN595_c0_g1::CP@TRINITY_DN595_c0_g1_i1::g.12876::m.12876	73.333	255	68	0	5	259	1	255	5.12e-141	396
Idiovort	CP@TRINITY_DN732_c0_g1::CP@TRINITY_DN732_c0_g1_i1::g.21602::m.21602	64.516	248	88	0	5	252	1	248	4.35e-117	335
Palpbili	CP@TRINITY_DN595_c0_g1::CP@TRINITY_DN595_c0_g1_i1::g.12876::m.12876	73.016	252	67	1	1	251	1	252	6.58e-138	388
Palpbili	CP@TRINITY_DN732_c0_g1::CP@TRINITY_DN732_c0_g1_i1::g.21602::m.21602	66.532	248	82	1	1	247	1	248	5.77e-123	350
Rhodsali	CP@TRINITY_DN595_c0_g1::CP@TRINITY_DN595_c0_g1_i1::g.12876::m.12876	67.194	253	80	1	50	299	1	253	1.33e-125	359
Rhodsali	CP@TRINITY_DN732_c0_g1::CP@TRINITY_DN732_c0_g1_i1::g.21602::m.21602	58.635	249	100	1	50	295	1	249	8.33e-104	304
Bafffrig	CP@TRINITY_DN595_c0_g1::CP@TRINITY_DN595_c0_g1_i1::g.12876::m.12876	69.200	250	77	0	16	265	1	250	2.80e-129	367
Bafffrig	CP@TRINITY_DN732_c0_g1::CP@TRINITY_DN732_c0_g1_i1::g.21602::m.21602	59.438	249	101	0	16	264	1	249	6.91e-108	313
Cryppara	CP@TRINITY_DN595_c0_g1::CP@TRINITY_DN595_c0_g1_i1::g.12876::m.12876	73.200	250	67	0	22	271	1	250	6.38e-136	389
Cryppara	CP@TRINITY_DN732_c0_g1::CP@TRINITY_DN732_c0_g1_i1::g.21602::m.21602	61.847	249	95	0	22	270	1	249	1.03e-110	325
Pavl2436	CP@TRINITY_DN595_c0_g1::CP@TRINITY_DN595_c0_g1_i1::g.12876::m.12876	69.685	254	76	1	1	253	1	254	1.36e-124	354
Pavl2436	CP@TRINITY_DN732_c0_g1::CP@TRINITY_DN732_c0_g1_i1::g.21602::m.21602	64.113	248	88	1	1	247	1	248	5.75e-113	325
Chrycart	CP@TRINITY_DN595_c0_g1::CP@TRINITY_DN595_c0_g1_i1::g.12876::m.12876	64.173	254	91	0	8	261	1	254	7.73e-122	348
Chrycart	CP@TRINITY_DN732_c0_g1::CP@TRINITY_DN732_c0_g1_i1::g.21602::m.21602	60.484	248	98	0	8	255	1	248	2.21e-104	303
Chryrota	CP@TRINITY_DN595_c0_g1::CP@TRINITY_DN595_c0_g1_i1::g.12876::m.12876	64.286	252	90	0	32	283	2	253	1.30e-121	350
Chryrota	CP@TRINITY_DN732_c0_g1::CP@TRINITY_DN732_c0_g1_i1::g.21602::m.21602	59.109	247	101	0	32	278	2	248	5.66e-104	305
Prymparv	CP@TRINITY_DN595_c0_g1::CP@TRINITY_DN595_c0_g1_i1::g.12876::m.12876	64.822	253	89	0	189	441	1	253	3.88e-119	348
Prymparv	CP@TRINITY_DN732_c0_g1::CP@TRINITY_DN732_c0_g1_i1::g.21602::m.21602	59.677	248	100	0	189	436	1	248	4.50e-100	299
Prympoly	CP@TRINITY_DN595_c0_g1::CP@TRINITY_DN595_c0_g1_i1::g.12876::m.12876	66.008	253	86	0	1	253	1	253	1.58e-121	351
Prympoly	CP@TRINITY_DN732_c0_g1::CP@TRINITY_DN732_c0_g1_i1::g.21602::m.21602	60.887	248	97	0	1	248	1	248	1.61e-102	303
Tisolute	CP@TRINITY_DN595_c0_g1::CP@TRINITY_DN595_c0_g1_i1::g.12876::m.12876	66.800	250	83	0	7	256	1	250	1.39e-123	352
Tisolute	CP@TRINITY_DN732_c0_g1::CP@TRINITY_DN732_c0_g1_i1::g.21602::m.21602	58.871	248	102	0	7	254	1	248	2.32e-104	303
Vannfimi	CP@TRINITY_DN595_c0_g1::CP@TRINITY_DN595_c0_g1_i1::g.12876::m.12876	74.194	248	64	0	20	267	1	248	4.37e-136	384
Vannfimi	CP@TRINITY_DN732_c0_g1::CP@TRINITY_DN732_c0_g1_i1::g.21602::m.21602	67.339	248	81	0	20	267	1	248	2.79e-124	354
Ancytwis	CP@TRINITY_DN595_c0_g1::CP@TRINITY_DN595_c0_g1_i1::g.12876::m.12876	71.598	169	48	0	1	169	82	250	2.47e-90	264
Ancytwis	CP@TRINITY_DN732_c0_g1::CP@TRINITY_DN732_c0_g1_i1::g.21602::m.21602	63.429	175	64	0	1	175	82	256	6.03e-83	245
Gromspha	CP@TRINITY_DN595_c0_g1::CP@TRINITY_DN595_c0_g1_i1::g.12876::m.12876	75.843	178	42	1	1	177	79	256	8.04e-95	275
Gromspha	CP@TRINITY_DN732_c0_g1::CP@TRINITY_DN732_c0_g1_i1::g.21602::m.21602	64.497	169	60	0	2	170	80	248	4.65e-78	233
Chlorept	CP@TRINITY_DN595_c0_g1::CP@TRINITY_DN595_c0_g1_i1::g.12876::m.12876	70.079	254	76	0	1	254	1	254	9.83e-134	377
Chlorept	CP@TRINITY_DN732_c0_g1::CP@TRINITY_DN732_c0_g1_i1::g.21602::m.21602	60.643	249	98	0	1	249	1	249	7.44e-112	322
BlasS7SB	CP@TRINITY_DN595_c0_g1::CP@TRINITY_DN595_c0_g1_i1::g.12876::m.12876	67.068	249	78	2	1	246	1	248	6.89e-122	347
BlasS7SB	CP@TRINITY_DN732_c0_g1::CP@TRINITY_DN732_c0_g1_i1::g.21602::m.21602	61.446	249	92	2	1	246	1	248	5.13e-108	312
PlacCLAB	CP@TRINITY_DN595_c0_g1::CP@TRINITY_DN595_c0_g1_i1::g.12876::m.12876	70.281	249	73	1	16	264	1	248	9.34e-133	375
PlacCLAB	CP@TRINITY_DN732_c0_g1::CP@TRINITY_DN732_c0_g1_i1::g.21602::m.21602	61.044	249	96	1	16	264	1	248	1.12e-111	322
Wobbluna	CP@TRINITY_DN595_c0_g1::CP@TRINITY_DN595_c0_g1_i1::g.12876::m.12876	66.935	248	82	0	15	262	1	248	5.44e-124	353
Wobbluna	CP@TRINITY_DN732_c0_g1::CP@TRINITY_DN732_c0_g1_i1::g.21602::m.21602	60.081	248	99	0	15	262	1	248	1.39e-107	311
Deveeleg	CP@TRINITY_DN595_c0_g1::CP@TRINITY_DN595_c0_g1_i1::g.12876::m.12876	66.667	255	82	1	13	264	1	255	6.37e-124	353
Deveeleg	CP@TRINITY_DN732_c0_g1::CP@TRINITY_DN732_c0_g1_i1::g.21602::m.21602	58.468	248	100	1	13	257	1	248	2.77e-106	308
Paheparv	CP@TRINITY_DN595_c0_g1::CP@TRINITY_DN595_c0_g1_i1::g.12876::m.12876	63.600	250	88	1	25	271	3	252	5.58e-117	336
Paheparv	CP@TRINITY_DN732_c0_g1::CP@TRINITY_DN732_c0_g1_i1::g.21602::m.21602	58.130	246	100	1	25	267	3	248	1.80e-102	299
Pingpyre	CP@TRINITY_DN595_c0_g1::CP@TRINITY_DN595_c0_g1_i1::g.12876::m.12876	63.095	252	90	1	18	266	1	252	5.90e-118	338
Pingpyre	CP@TRINITY_DN732_c0_g1::CP@TRINITY_DN732_c0_g1_i1::g.21602::m.21602	57.258	248	103	1	18	262	1	248	5.12e-103	300
Rhiz1243	CP@TRINITY_DN595_c0_g1::CP@TRINITY_DN595_c0_g1_i1::g.12876::m.12876	65.354	254	85	1	14	264	1	254	1.18e-120	348
Rhiz1243	CP@TRINITY_DN732_c0_g1::CP@TRINITY_DN732_c0_g1_i1::g.21602::m.21602	59.274	248	98	1	14	258	1	248	1.30e-107	315
Octaspec	CP@TRINITY_DN595_c0_g1::CP@TRINITY_DN595_c0_g1_i1::g.12876::m.12876	66.008	253	83	1	32	281	1	253	1.44e-123	353
Octaspec	CP@TRINITY_DN732_c0_g1::CP@TRINITY_DN732_c0_g1_i1::g.21602::m.21602	60.484	248	95	1	32	276	1	248	8.08e-108	313
Flor1587	CP@TRINITY_DN595_c0_g1::CP@TRINITY_DN595_c0_g1_i1::g.12876::m.12876	61.811	254	94	1	12	262	1	254	1.52e-114	329
Flor1587	CP@TRINITY_DN732_c0_g1::CP@TRINITY_DN732_c0_g1_i1::g.21602::m.21602	57.661	248	102	1	12	256	1	248	2.78e-102	298
Pseuelas	CP@TRINITY_DN595_c0_g1::CP@TRINITY_DN595_c0_g1_i1::g.12876::m.12876	63.529	255	90	1	49	300	1	255	7.03e-122	349
Pseuelas	CP@TRINITY_DN732_c0_g1::CP@TRINITY_DN732_c0_g1_i1::g.21602::m.21602	58.065	248	101	1	49	293	1	248	9.40e-103	301
Pedi2098	CP@TRINITY_DN595_c0_g1::CP@TRINITY_DN595_c0_g1_i1::g.12876::m.12876	67.717	254	82	0	1	254	1	254	2.12e-129	366
Pedi2098	CP@TRINITY_DN732_c0_g1::CP@TRINITY_DN732_c0_g1_i1::g.21602::m.21602	58.065	248	104	0	1	248	1	248	3.83e-107	310
Chatsubs	CP@TRINITY_DN595_c0_g1::CP@TRINITY_DN595_c0_g1_i1::g.12876::m.12876	65.234	256	85	2	1	253	1	255	1.83e-119	341
Chatsubs	CP@TRINITY_DN732_c0_g1::CP@TRINITY_DN732_c0_g1_i1::g.21602::m.21602	59.127	252	100	1	1	249	1	252	1.38e-106	308
Heteakas	CP@TRINITY_DN595_c0_g1::CP@TRINITY_DN595_c0_g1_i1::g.12876::m.12876	64.062	256	88	2	1	253	1	255	3.55e-121	345
Heteakas	CP@TRINITY_DN732_c0_g1::CP@TRINITY_DN732_c0_g1_i1::g.21602::m.21602	60.484	248	95	1	1	245	1	248	1.05e-106	309
Fibrjapo	CP@TRINITY_DN595_c0_g1::CP@TRINITY_DN595_c0_g1_i1::g.12876::m.12876	67.578	256	79	2	1	253	1	255	4.04e-127	360
Fibrjapo	CP@TRINITY_DN732_c0_g1::CP@TRINITY_DN732_c0_g1_i1::g.21602::m.21602	64.113	248	86	1	1	245	1	248	4.30e-115	330
Agarclat	CP@TRINITY_DN595_c0_g1::CP@TRINITY_DN595_c0_g1_i1::g.12876::m.12876	66.129	248	81	1	1	245	1	248	5.40e-121	345
Agarclat	CP@TRINITY_DN732_c0_g1::CP@TRINITY_DN732_c0_g1_i1::g.21602::m.21602	60.887	248	94	1	1	245	1	248	2.49e-108	313
Fucucera	CP@TRINITY_DN595_c0_g1::CP@TRINITY_DN595_c0_g1_i1::g.12876::m.12876	67.742	248	77	1	1	245	1	248	5.35e-123	350
Fucucera	CP@TRINITY_DN732_c0_g1::CP@TRINITY_DN732_c0_g1_i1::g.21602::m.21602	61.290	248	93	1	1	245	1	248	7.56e-110	317
Vauclito	CP@TRINITY_DN595_c0_g1::CP@TRINITY_DN595_c0_g1_i1::g.12876::m.12876	64.113	248	86	1	11	255	1	248	1.46e-117	337
Vauclito	CP@TRINITY_DN732_c0_g1::CP@TRINITY_DN732_c0_g1_i1::g.21602::m.21602	59.677	248	97	1	11	255	1	248	1.47e-109	317
Tribgaya	CP@TRINITY_DN595_c0_g1::CP@TRINITY_DN595_c0_g1_i1::g.12876::m.12876	66.935	248	79	1	1	245	1	248	1.42e-124	354
Tribgaya	CP@TRINITY_DN732_c0_g1::CP@TRINITY_DN732_c0_g1_i1::g.21602::m.21602	61.694	248	92	1	1	245	1	248	9.57e-112	322
Syncpusi	CP@TRINITY_DN595_c0_g1::CP@TRINITY_DN595_c0_g1_i1::g.12876::m.12876	65.600	250	83	1	12	258	1	250	3.49e-117	336
Syncpusi	CP@TRINITY_DN732_c0_g1::CP@TRINITY_DN732_c0_g1_i1::g.21602::m.21602	58.468	248	100	1	12	256	1	248	2.20e-104	303
Aurelagu	CP@TRINITY_DN595_c0_g1::CP@TRINITY_DN595_c0_g1_i1::g.12876::m.12876	65.726	248	82	1	15	259	1	248	4.23e-119	341
Aurelagu	CP@TRINITY_DN732_c0_g1::CP@TRINITY_DN732_c0_g1_i1::g.21602::m.21602	61.290	248	93	1	15	259	1	248	1.72e-111	322
Pela2097	CP@TRINITY_DN595_c0_g1::CP@TRINITY_DN595_c0_g1_i1::g.12876::m.12876	63.953	258	88	2	1	255	1	256	1.71e-119	341
Pela2097	CP@TRINITY_DN732_c0_g1::CP@TRINITY_DN732_c0_g1_i1::g.21602::m.21602	60.484	248	95	1	1	245	1	248	8.96e-111	319
Pelacalc	CP@TRINITY_DN595_c0_g1::CP@TRINITY_DN595_c0_g1_i1::g.12876::m.12876	62.646	257	91	2	90	343	1	255	4.21e-116	336
Pelacalc	CP@TRINITY_DN732_c0_g1::CP@TRINITY_DN732_c0_g1_i1::g.21602::m.21602	59.677	248	97	1	90	334	1	248	1.08e-106	312
Pelasubv	CP@TRINITY_DN595_c0_g1::CP@TRINITY_DN595_c0_g1_i1::g.12876::m.12876	60.700	257	96	2	1	254	1	255	1.43e-112	324
Pelasubv	CP@TRINITY_DN732_c0_g1::CP@TRINITY_DN732_c0_g1_i1::g.21602::m.21602	59.677	248	97	1	1	245	1	248	1.37e-107	311
Aureanop	CP@TRINITY_DN595_c0_g1::CP@TRINITY_DN595_c0_g1_i1::g.12876::m.12876	63.178	258	90	2	1	255	1	256	1.91e-117	336
Aureanop	CP@TRINITY_DN732_c0_g1::CP@TRINITY_DN732_c0_g1_i1::g.21602::m.21602	60.887	248	94	1	1	245	1	248	5.07e-109	315
Chryfrag	CP@TRINITY_DN595_c0_g1::CP@TRINITY_DN595_c0_g1_i1::g.12876::m.12876	66.000	250	82	1	1	247	1	250	3.32e-117	339
Chryfrag	CP@TRINITY_DN732_c0_g1::CP@TRINITY_DN732_c0_g1_i1::g.21602::m.21602	60.887	248	94	1	1	245	1	248	1.21e-107	315
PoterBG1	CP@TRINITY_DN595_c0_g1::CP@TRINITY_DN595_c0_g1_i1::g.12876::m.12876	61.417	254	95	1	1	251	1	254	2.77e-116	333
PoterBG1	CP@TRINITY_DN732_c0_g1::CP@TRINITY_DN732_c0_g1_i1::g.21602::m.21602	54.365	252	112	1	1	249	1	252	1.53e-95	280
Dino2267	CP@TRINITY_DN595_c0_g1::CP@TRINITY_DN595_c0_g1_i1::g.12876::m.12876	61.850	173	63	1	1	170	82	254	3.69e-75	225
Dino2267	CP@TRINITY_DN732_c0_g1::CP@TRINITY_DN732_c0_g1_i1::g.21602::m.21602	56.140	171	72	1	1	168	82	252	5.36e-64	197
Ochr2298	CP@TRINITY_DN595_c0_g1::CP@TRINITY_DN595_c0_g1_i1::g.12876::m.12876	57.708	253	104	1	24	273	1	253	1.05e-106	310
Ochr2298	CP@TRINITY_DN732_c0_g1::CP@TRINITY_DN732_c0_g1_i1::g.21602::m.21602	55.159	252	110	1	24	272	1	252	3.97e-97	285
Pedoelon	CP@TRINITY_DN595_c0_g1::CP@TRINITY_DN595_c0_g1_i1::g.12876::m.12876	59.677	248	97	1	1	245	1	248	9.01e-111	319
Pedoelon	CP@TRINITY_DN732_c0_g1::CP@TRINITY_DN732_c0_g1_i1::g.21602::m.21602	53.968	252	113	1	1	249	1	252	3.88e-98	287
Mallmari	CP@TRINITY_DN595_c0_g1::CP@TRINITY_DN595_c0_g1_i1::g.12876::m.12876	58.039	255	104	1	1	252	1	255	3.32e-106	308
Mallmari	CP@TRINITY_DN732_c0_g1::CP@TRINITY_DN732_c0_g1_i1::g.21602::m.21602	50.588	255	123	1	1	252	1	255	6.11e-91	269
Paravest	CP@TRINITY_DN595_c0_g1::CP@TRINITY_DN595_c0_g1_i1::g.12876::m.12876	61.024	254	96	1	1	251	1	254	6.35e-113	325
Paravest	CP@TRINITY_DN732_c0_g1::CP@TRINITY_DN732_c0_g1_i1::g.21602::m.21602	55.556	252	109	1	1	249	1	252	1.54e-97	285
Tripeleu	CP@TRINITY_DN595_c0_g1::CP@TRINITY_DN595_c0_g1_i1::g.12876::m.12876	63.922	255	89	1	1	252	1	255	3.24e-119	340
Tripeleu	CP@TRINITY_DN732_c0_g1::CP@TRINITY_DN732_c0_g1_i1::g.21602::m.21602	60.081	248	96	1	1	245	1	248	2.22e-107	310
Psuemult	CP@TRINITY_DN595_c0_g1::CP@TRINITY_DN595_c0_g1_i1::g.12876::m.12876	63.922	255	92	0	1	255	1	255	1.46e-123	352
Psuemult	CP@TRINITY_DN732_c0_g1::CP@TRINITY_DN732_c0_g1_i1::g.21602::m.21602	59.608	255	103	0	1	255	1	255	3.29e-112	323
Fragcyli	CP@TRINITY_DN595_c0_g1::CP@TRINITY_DN595_c0_g1_i1::g.12876::m.12876	62.353	255	96	0	1	255	1	255	1.57e-119	342
Fragcyli	CP@TRINITY_DN732_c0_g1::CP@TRINITY_DN732_c0_g1_i1::g.21602::m.21602	56.863	255	110	0	1	255	1	255	7.26e-107	309
Phaetric	CP@TRINITY_DN595_c0_g1::CP@TRINITY_DN595_c0_g1_i1::g.12876::m.12876	65.759	257	86	1	1	257	1	255	6.00e-127	360
Phaetric	CP@TRINITY_DN732_c0_g1::CP@TRINITY_DN732_c0_g1_i1::g.21602::m.21602	60.392	255	101	0	1	255	1	255	1.34e-112	324
Saprdecl	CP@TRINITY_DN595_c0_g1::CP@TRINITY_DN595_c0_g1_i1::g.12876::m.12876	69.412	255	75	1	1	252	1	255	2.16e-130	369
Saprdecl	CP@TRINITY_DN732_c0_g1::CP@TRINITY_DN732_c0_g1_i1::g.21602::m.21602	60.392	255	98	1	1	252	1	255	8.30e-109	314
Albulaib	CP@TRINITY_DN595_c0_g1::CP@TRINITY_DN595_c0_g1_i1::g.12876::m.12876	68.235	255	78	1	1	252	1	255	2.39e-128	363
Albulaib	CP@TRINITY_DN732_c0_g1::CP@TRINITY_DN732_c0_g1_i1::g.21602::m.21602	57.647	255	105	1	1	252	1	255	2.07e-104	303
Pythirre	CP@TRINITY_DN595_c0_g1::CP@TRINITY_DN595_c0_g1_i1::g.12876::m.12876	57.255	255	74	1	1	220	1	255	2.71e-102	296
Pythirre	CP@TRINITY_DN732_c0_g1::CP@TRINITY_DN732_c0_g1_i1::g.21602::m.21602	50.980	255	90	1	1	220	1	255	1.64e-84	251
Schiaggr	CP@TRINITY_DN595_c0_g1::CP@TRINITY_DN595_c0_g1_i1::g.12876::m.12876	67.339	248	78	1	1	245	1	248	3.81e-120	343
Schiaggr	CP@TRINITY_DN732_c0_g1::CP@TRINITY_DN732_c0_g1_i1::g.21602::m.21602	62.903	248	89	1	1	245	1	248	1.13e-111	321
ThraLLF1	CP@TRINITY_DN595_c0_g1::CP@TRINITY_DN595_c0_g1_i1::g.12876::m.12876	68.952	248	74	1	1	245	1	248	1.04e-126	359
ThraLLF1	CP@TRINITY_DN732_c0_g1::CP@TRINITY_DN732_c0_g1_i1::g.21602::m.21602	62.903	248	89	1	1	245	1	248	1.03e-112	324
Auralima	CP@TRINITY_DN595_c0_g1::CP@TRINITY_DN595_c0_g1_i1::g.12876::m.12876	67.339	248	78	1	1	245	1	248	2.46e-123	351
Auralima	CP@TRINITY_DN732_c0_g1::CP@TRINITY_DN732_c0_g1_i1::g.21602::m.21602	63.710	248	87	1	1	245	1	248	1.26e-113	326
Aplakerg	CP@TRINITY_DN595_c0_g1::CP@TRINITY_DN595_c0_g1_i1::g.12876::m.12876	69.355	248	76	0	1	248	1	248	7.15e-129	365
Aplakerg	CP@TRINITY_DN732_c0_g1::CP@TRINITY_DN732_c0_g1_i1::g.21602::m.21602	60.887	248	97	0	1	248	1	248	6.28e-113	325
Cantmars	CP@TRINITY_DN595_c0_g1::CP@TRINITY_DN595_c0_g1_i1::g.12876::m.12876	65.863	249	81	2	1	246	1	248	2.05e-122	348
Cantmars	CP@TRINITY_DN732_c0_g1::CP@TRINITY_DN732_c0_g1_i1::g.21602::m.21602	61.089	257	96	2	1	254	1	256	2.45e-111	320
Caferoen	CP@TRINITY_DN595_c0_g1::CP@TRINITY_DN595_c0_g1_i1::g.12876::m.12876	70.161	248	71	1	12	256	1	248	1.74e-129	367
Caferoen	CP@TRINITY_DN732_c0_g1::CP@TRINITY_DN732_c0_g1_i1::g.21602::m.21602	60.484	248	95	1	12	256	1	248	1.48e-110	319
Haloseos	CP@TRINITY_DN595_c0_g1::CP@TRINITY_DN595_c0_g1_i1::g.12876::m.12876	61.719	256	95	1	1	253	1	256	3.40e-119	340
Haloseos	CP@TRINITY_DN732_c0_g1::CP@TRINITY_DN732_c0_g1_i1::g.21602::m.21602	58.468	248	100	1	1	245	1	248	8.20e-107	309
Platviva	CP@TRINITY_DN595_c0_g1::CP@TRINITY_DN595_c0_g1_i1::g.12876::m.12876	63.200	250	92	0	1	250	1	250	1.50e-115	331
Platviva	CP@TRINITY_DN732_c0_g1::CP@TRINITY_DN732_c0_g1_i1::g.21602::m.21602	58.893	253	104	0	1	253	1	253	7.04e-110	317
Pirisoci	CP@TRINITY_DN595_c0_g1::CP@TRINITY_DN595_c0_g1_i1::g.12876::m.12876	63.454	249	91	0	1	249	1	249	3.39e-118	338
Pirisoci	CP@TRINITY_DN732_c0_g1::CP@TRINITY_DN732_c0_g1_i1::g.21602::m.21602	62.302	252	95	0	1	252	1	252	8.21e-113	325
Crypparv	CP@TRINITY_DN595_c0_g1::CP@TRINITY_DN595_c0_g1_i1::g.12876::m.12876	66.667	255	85	0	1	255	1	255	2.24e-126	359
Crypparv	CP@TRINITY_DN732_c0_g1::CP@TRINITY_DN732_c0_g1_i1::g.21602::m.21602	60.000	255	102	0	1	255	1	255	8.03e-111	320
Chroveli	CP@TRINITY_DN595_c0_g1::CP@TRINITY_DN595_c0_g1_i1::g.12876::m.12876	67.068	249	82	0	1	249	1	249	3.92e-127	361
Chroveli	CP@TRINITY_DN732_c0_g1::CP@TRINITY_DN732_c0_g1_i1::g.21602::m.21602	57.937	252	106	0	1	252	1	252	2.02e-111	321
Karebrev	CP@TRINITY_DN595_c0_g1::CP@TRINITY_DN595_c0_g1_i1::g.12876::m.12876	62.800	250	93	0	25	274	1	250	3.62e-118	339
Karebrev	CP@TRINITY_DN732_c0_g1::CP@TRINITY_DN732_c0_g1_i1::g.21602::m.21602	58.498	253	105	0	25	277	1	253	1.22e-107	312
Perkmari	CP@TRINITY_DN595_c0_g1::CP@TRINITY_DN595_c0_g1_i1::g.12876::m.12876	65.079	252	88	0	1	252	1	252	7.91e-122	347
Perkmari	CP@TRINITY_DN732_c0_g1::CP@TRINITY_DN732_c0_g1_i1::g.21602::m.21602	58.635	249	103	0	1	249	1	249	1.87e-107	311
Toxogond	CP@TRINITY_DN595_c0_g1::CP@TRINITY_DN595_c0_g1_i1::g.12876::m.12876	69.200	250	77	0	1	250	1	250	2.23e-130	369
Toxogond	CP@TRINITY_DN732_c0_g1::CP@TRINITY_DN732_c0_g1_i1::g.21602::m.21602	63.636	253	92	0	1	253	1	253	1.36e-120	344
Roomtrun	CP@TRINITY_DN595_c0_g1::CP@TRINITY_DN595_c0_g1_i1::g.12876::m.12876	67.589	253	79	1	8	257	1	253	1.99e-129	367
Roomtrun	CP@TRINITY_DN732_c0_g1::CP@TRINITY_DN732_c0_g1_i1::g.21602::m.21602	64.113	248	86	1	8	252	1	248	2.26e-115	331
MatazaD1	CP@TRINITY_DN595_c0_g1::CP@TRINITY_DN595_c0_g1_i1::g.12876::m.12876	65.370	257	87	1	1	257	1	255	3.20e-125	356
MatazaD1	CP@TRINITY_DN732_c0_g1::CP@TRINITY_DN732_c0_g1_i1::g.21602::m.21602	60.784	255	100	0	1	255	1	255	4.10e-112	323
Brevmoto	CP@TRINITY_DN595_c0_g1::CP@TRINITY_DN595_c0_g1_i1::g.12876::m.12876	67.460	252	79	1	1	252	1	249	1.29e-128	365
Brevmoto	CP@TRINITY_DN732_c0_g1::CP@TRINITY_DN732_c0_g1_i1::g.21602::m.21602	57.540	252	104	1	1	252	1	249	1.67e-107	311
Rainerin	CP@TRINITY_DN595_c0_g1::CP@TRINITY_DN595_c0_g1_i1::g.12876::m.12876	64.815	162	57	0	5	166	87	248	7.51e-74	222
Rainerin	CP@TRINITY_DN732_c0_g1::CP@TRINITY_DN732_c0_g1_i1::g.21602::m.21602	60.976	164	64	0	6	169	88	251	5.29e-71	215
Raphhete	CP@TRINITY_DN595_c0_g1::CP@TRINITY_DN595_c0_g1_i1::g.12876::m.12876	68.519	162	51	0	28	189	54	215	2.25e-82	245
Raphhete	CP@TRINITY_DN732_c0_g1::CP@TRINITY_DN732_c0_g1_i1::g.21602::m.21602	54.938	162	73	0	28	189	54	215	4.17e-64	199
Ovaldese	CP@TRINITY_DN595_c0_g1::CP@TRINITY_DN595_c0_g1_i1::g.12876::m.12876	68.273	249	78	1	26	273	1	249	6.94e-127	361
Ovaldese	CP@TRINITY_DN732_c0_g1::CP@TRINITY_DN732_c0_g1_i1::g.21602::m.21602	63.454	249	90	1	26	273	1	249	1.32e-113	328
HeterBB2	CP@TRINITY_DN595_c0_g1::CP@TRINITY_DN595_c0_g1_i1::g.12876::m.12876	65.873	252	85	1	2	253	1	251	1.20e-120	345
HeterBB2	CP@TRINITY_DN732_c0_g1::CP@TRINITY_DN732_c0_g1_i1::g.21602::m.21602	59.438	249	100	1	2	250	1	248	7.46e-108	312
Cochminu	CP@TRINITY_DN595_c0_g1::CP@TRINITY_DN595_c0_g1_i1::g.12876::m.12876	64.919	248	86	1	1	247	1	248	8.23e-121	344
Cochminu	CP@TRINITY_DN732_c0_g1::CP@TRINITY_DN732_c0_g1_i1::g.21602::m.21602	62.903	248	91	1	1	247	1	248	7.59e-115	329
Eutrgymn	CP@TRINITY_DN595_c0_g1::CP@TRINITY_DN595_c0_g1_i1::g.12876::m.12876	64.706	255	90	0	1	255	1	255	5.42e-122	348
Eutrgymn	CP@TRINITY_DN732_c0_g1::CP@TRINITY_DN732_c0_g1_i1::g.21602::m.21602	58.039	255	107	0	1	255	1	255	3.79e-110	318
Eugllong	CP@TRINITY_DN595_c0_g1::CP@TRINITY_DN595_c0_g1_i1::g.12876::m.12876	63.922	255	92	0	1	255	1	255	1.28e-122	350
Eugllong	CP@TRINITY_DN732_c0_g1::CP@TRINITY_DN732_c0_g1_i1::g.21602::m.21602	58.431	255	106	0	1	255	1	255	9.24e-111	320
Euglgrac	CP@TRINITY_DN595_c0_g1::CP@TRINITY_DN595_c0_g1_i1::g.12876::m.12876	63.529	255	93	0	1	255	1	255	5.02e-122	348
Euglgrac	CP@TRINITY_DN732_c0_g1::CP@TRINITY_DN732_c0_g1_i1::g.21602::m.21602	58.039	255	107	0	1	255	1	255	2.27e-110	318
Bodosalt	CP@TRINITY_DN595_c0_g1::CP@TRINITY_DN595_c0_g1_i1::g.12876::m.12876	64.286	252	90	0	1	252	1	252	1.81e-116	334
Bodosalt	CP@TRINITY_DN732_c0_g1::CP@TRINITY_DN732_c0_g1_i1::g.21602::m.21602	60.643	249	98	0	1	249	1	249	1.07e-113	327
Ergocypr	CP@TRINITY_DN595_c0_g1::CP@TRINITY_DN595_c0_g1_i1::g.12876::m.12876	67.200	250	81	1	8	256	1	250	9.76e-126	357
Ergocypr	CP@TRINITY_DN732_c0_g1::CP@TRINITY_DN732_c0_g1_i1::g.21602::m.21602	61.633	245	94	0	8	252	1	245	8.33e-109	314
Giarlamb	CP@TRINITY_DN595_c0_g1::CP@TRINITY_DN595_c0_g1_i1::g.12876::m.12876	64.000	250	89	1	1	249	1	250	1.45e-110	318
Giarlamb	CP@TRINITY_DN732_c0_g1::CP@TRINITY_DN732_c0_g1_i1::g.21602::m.21602	60.656	244	96	0	1	244	1	244	1.77e-105	306
Adunpalu	CP@TRINITY_DN595_c0_g1::CP@TRINITY_DN595_c0_g1_i1::g.12876::m.12876	60.656	244	96	0	11	254	1	244	1.27e-108	314
Adunpalu	CP@TRINITY_DN732_c0_g1::CP@TRINITY_DN732_c0_g1_i1::g.21602::m.21602	55.078	256	113	1	11	264	1	256	7.10e-97	284
Carpmemb	CP@TRINITY_DN595_c0_g1::CP@TRINITY_DN595_c0_g1_i1::g.12876::m.12876	63.115	244	90	0	8	251	1	244	1.07e-110	319
Carpmemb	CP@TRINITY_DN732_c0_g1::CP@TRINITY_DN732_c0_g1_i1::g.21602::m.21602	63.968	247	89	0	8	254	1	247	1.33e-110	319
Sapochin	CP@TRINITY_DN595_c0_g1::CP@TRINITY_DN595_c0_g1_i1::g.12876::m.12876	70.565	248	73	0	1	248	1	248	9.97e-124	369
Sapochin	CP@TRINITY_DN732_c0_g1::CP@TRINITY_DN732_c0_g1_i1::g.21602::m.21602	57.647	255	108	0	1	255	1	255	2.02e-100	309
Armalang	CP@TRINITY_DN595_c0_g1::CP@TRINITY_DN595_c0_g1_i1::g.12876::m.12876	70.238	252	75	0	7	258	1	252	5.40e-132	373
Armalang	CP@TRINITY_DN732_c0_g1::CP@TRINITY_DN732_c0_g1_i1::g.21602::m.21602	64.113	248	89	0	7	254	1	248	6.01e-115	330
Squajapo	CP@TRINITY_DN595_c0_g1::CP@TRINITY_DN595_c0_g1_i1::g.12876::m.12876	68.400	250	79	0	38	287	1	250	5.90e-129	367
Squajapo	CP@TRINITY_DN732_c0_g1::CP@TRINITY_DN732_c0_g1_i1::g.21602::m.21602	63.710	248	90	0	38	285	1	248	1.67e-118	340
Tsukglob	CP@TRINITY_DN595_c0_g1::CP@TRINITY_DN595_c0_g1_i1::g.12876::m.12876	69.683	221	67	0	1	221	1	221	3.72e-119	339
Tsukglob	CP@TRINITY_DN732_c0_g1::CP@TRINITY_DN732_c0_g1_i1::g.21602::m.21602	63.636	220	80	0	1	220	1	220	2.50e-102	296
Guttvulg	CP@TRINITY_DN732_c0_g1::CP@TRINITY_DN732_c0_g1_i1::g.21602::m.21602	63.636	253	92	0	13	265	1	253	2.65e-119	341
Guttvulg	CP@TRINITY_DN595_c0_g1::CP@TRINITY_DN595_c0_g1_i1::g.12876::m.12876	61.446	249	96	0	13	261	1	249	1.97e-116	334
Paralevi	CP@TRINITY_DN595_c0_g1::CP@TRINITY_DN595_c0_g1_i1::g.12876::m.12876	68.110	254	81	0	1	254	1	254	1.16e-130	370
Paralevi	CP@TRINITY_DN732_c0_g1::CP@TRINITY_DN732_c0_g1_i1::g.21602::m.21602	64.516	248	88	0	1	248	1	248	1.65e-115	332
Thecoxon	CP@TRINITY_DN595_c0_g1::CP@TRINITY_DN595_c0_g1_i1::g.12876::m.12876	71.538	130	37	0	11	140	74	203	3.65e-68	206
Thecoxon	CP@TRINITY_DN732_c0_g1::CP@TRINITY_DN732_c0_g1_i1::g.21602::m.21602	55.639	133	59	0	8	140	71	203	8.07e-51	162
Sapppeda	CP@TRINITY_DN595_c0_g1::CP@TRINITY_DN595_c0_g1_i1::g.12876::m.12876	69.200	250	74	1	5	251	1	250	4.39e-125	355
Sapppeda	CP@TRINITY_DN732_c0_g1::CP@TRINITY_DN732_c0_g1_i1::g.21602::m.21602	65.726	248	82	1	5	249	1	248	5.88e-114	327
ThecSK13	CP@TRINITY_DN595_c0_g1::CP@TRINITY_DN595_c0_g1_i1::g.12876::m.12876	69.600	250	73	1	1	247	1	250	6.59e-126	357
ThecSK13	CP@TRINITY_DN732_c0_g1::CP@TRINITY_DN732_c0_g1_i1::g.21602::m.21602	65.726	248	82	1	1	245	1	248	2.45e-116	333
Pharkirb	CP@TRINITY_DN595_c0_g1::CP@TRINITY_DN595_c0_g1_i1::g.12876::m.12876	65.748	254	86	1	1	254	1	253	1.05e-121	347
Pharkirb	CP@TRINITY_DN732_c0_g1::CP@TRINITY_DN732_c0_g1_i1::g.21602::m.21602	59.921	252	100	1	1	252	1	251	7.77e-113	324
Nutolong	CP@TRINITY_DN595_c0_g1::CP@TRINITY_DN595_c0_g1_i1::g.12876::m.12876	73.413	252	64	1	1	249	1	252	1.72e-132	374
Nutolong	CP@TRINITY_DN732_c0_g1::CP@TRINITY_DN732_c0_g1_i1::g.21602::m.21602	62.500	248	90	1	1	245	1	248	4.05e-109	315
Malacali	CP@TRINITY_DN595_c0_g1::CP@TRINITY_DN595_c0_g1_i1::g.12876::m.12876	70.800	250	73	0	16	265	1	250	1.56e-134	380
Malacali	CP@TRINITY_DN732_c0_g1::CP@TRINITY_DN732_c0_g1_i1::g.21602::m.21602	66.532	248	83	0	16	263	1	248	1.77e-121	347
Malajako	CP@TRINITY_DN595_c0_g1::CP@TRINITY_DN595_c0_g1_i1::g.12876::m.12876	71.429	238	68	0	1	238	1	238	3.07e-131	370
Malajako	CP@TRINITY_DN732_c0_g1::CP@TRINITY_DN732_c0_g1_i1::g.21602::m.21602	65.546	238	82	0	1	238	1	238	1.25e-116	333
Gefiokel	CP@TRINITY_DN595_c0_g1::CP@TRINITY_DN595_c0_g1_i1::g.12876::m.12876	74.016	254	66	0	26	279	1	254	3.50e-143	402
Gefiokel	CP@TRINITY_DN732_c0_g1::CP@TRINITY_DN732_c0_g1_i1::g.21602::m.21602	64.113	248	89	0	26	273	1	248	2.28e-115	332
Gocefonb	CP@TRINITY_DN595_c0_g1::CP@TRINITY_DN595_c0_g1_i1::g.12876::m.12876	70.800	250	73	0	1	250	1	250	4.21e-135	381
Gocefonb	CP@TRINITY_DN732_c0_g1::CP@TRINITY_DN732_c0_g1_i1::g.21602::m.21602	62.651	249	93	0	1	249	1	249	4.07e-118	338
Endozona	CP@TRINITY_DN595_c0_g1::CP@TRINITY_DN595_c0_g1_i1::g.12876::m.12876	73.092	249	67	0	1	249	1	249	4.84e-137	386
Endozona	CP@TRINITY_DN732_c0_g1::CP@TRINITY_DN732_c0_g1_i1::g.21602::m.21602	66.000	250	85	0	1	250	1	250	3.88e-121	345
Cuneruss	CP@TRINITY_DN595_c0_g1::CP@TRINITY_DN595_c0_g1_i1::g.12876::m.12876	72.065	247	69	0	1	247	1	247	2.99e-134	379
Cuneruss	CP@TRINITY_DN732_c0_g1::CP@TRINITY_DN732_c0_g1_i1::g.21602::m.21602	63.968	247	89	0	1	247	1	247	7.80e-116	332
Trimmari	CP@TRINITY_DN595_c0_g1::CP@TRINITY_DN595_c0_g1_i1::g.12876::m.12876	73.047	256	69	0	1	256	1	256	1.04e-139	392
Trimmari	CP@TRINITY_DN732_c0_g1::CP@TRINITY_DN732_c0_g1_i1::g.21602::m.21602	64.062	256	92	0	1	256	1	256	8.24e-117	335
Mancberm	CP@TRINITY_DN595_c0_g1::CP@TRINITY_DN595_c0_g1_i1::g.12876::m.12876	69.444	252	77	0	12	263	1	252	4.32e-133	376
Mancberm	CP@TRINITY_DN732_c0_g1::CP@TRINITY_DN732_c0_g1_i1::g.21602::m.21602	63.710	248	90	0	12	259	1	248	3.29e-117	336
Rigiramo	CP@TRINITY_DN595_c0_g1::CP@TRINITY_DN595_c0_g1_i1::g.12876::m.12876	70.196	255	76	0	14	268	1	255	1.65e-133	377
Rigiramo	CP@TRINITY_DN732_c0_g1::CP@TRINITY_DN732_c0_g1_i1::g.21602::m.21602	65.323	248	86	0	14	261	1	248	4.80e-116	333
Colltric	CP@TRINITY_DN595_c0_g1::CP@TRINITY_DN595_c0_g1_i1::g.12876::m.12876	69.620	158	47	1	1	157	1	158	8.17e-79	234
Colltric	CP@TRINITY_DN732_c0_g1::CP@TRINITY_DN732_c0_g1_i1::g.21602::m.21602	53.165	158	73	1	1	157	1	158	9.74e-57	178
Diphrota	CP@TRINITY_DN595_c0_g1::CP@TRINITY_DN595_c0_g1_i1::g.12876::m.12876	73.413	252	66	1	1	251	1	252	2.91e-137	386
Diphrota	CP@TRINITY_DN732_c0_g1::CP@TRINITY_DN732_c0_g1_i1::g.21602::m.21602	64.113	248	88	1	1	247	1	248	1.76e-117	336
Stensten	CP@TRINITY_DN595_c0_g1::CP@TRINITY_DN595_c0_g1_i1::g.12876::m.12876	67.451	255	79	2	1	251	1	255	1.05e-126	359
Stensten	CP@TRINITY_DN732_c0_g1::CP@TRINITY_DN732_c0_g1_i1::g.21602::m.21602	63.306	248	87	2	1	244	1	248	1.36e-114	329
Mayocant	CP@TRINITY_DN595_c0_g1::CP@TRINITY_DN595_c0_g1_i1::g.12876::m.12876	72.941	255	69	0	22	276	1	255	1.18e-138	391
Mayocant	CP@TRINITY_DN732_c0_g1::CP@TRINITY_DN732_c0_g1_i1::g.21602::m.21602	66.275	255	86	0	22	276	1	255	2.60e-122	349
Luaphula	CP@TRINITY_DN595_c0_g1::CP@TRINITY_DN595_c0_g1_i1::g.12876::m.12876	72.800	250	68	0	1	250	1	250	7.47e-136	383
Luaphula	CP@TRINITY_DN732_c0_g1::CP@TRINITY_DN732_c0_g1_i1::g.21602::m.21602	65.339	251	87	0	1	251	1	251	7.09e-120	342
Phalsoli	CP@TRINITY_DN595_c0_g1::CP@TRINITY_DN595_c0_g1_i1::g.12876::m.12876	71.765	255	72	0	1	255	1	255	1.54e-139	392
Phalsoli	CP@TRINITY_DN732_c0_g1::CP@TRINITY_DN732_c0_g1_i1::g.21602::m.21602	65.323	248	86	0	1	248	1	248	1.35e-120	344
Vermverm	CP@TRINITY_DN595_c0_g1::CP@TRINITY_DN595_c0_g1_i1::g.12876::m.12876	70.400	250	74	0	1	250	1	250	5.58e-134	378
Vermverm	CP@TRINITY_DN732_c0_g1::CP@TRINITY_DN732_c0_g1_i1::g.21602::m.21602	62.948	251	93	0	1	251	1	251	1.30e-115	332
MicrA134	CP@TRINITY_DN595_c0_g1::CP@TRINITY_DN595_c0_g1_i1::g.12876::m.12876	66.270	252	85	0	1	252	1	252	9.71e-125	355
MicrA134	CP@TRINITY_DN732_c0_g1::CP@TRINITY_DN732_c0_g1_i1::g.21602::m.21602	63.306	248	91	0	1	248	1	248	8.39e-110	317
Echiexud	CP@TRINITY_DN595_c0_g1::CP@TRINITY_DN595_c0_g1_i1::g.12876::m.12876	69.758	248	75	0	1	248	1	248	1.37e-130	369
Echiexud	CP@TRINITY_DN732_c0_g1::CP@TRINITY_DN732_c0_g1_i1::g.21602::m.21602	65.323	248	86	0	1	248	1	248	3.94e-116	333
Amoeprot	CP@TRINITY_DN595_c0_g1::CP@TRINITY_DN595_c0_g1_i1::g.12876::m.12876	68.826	247	76	1	7	252	4	250	9.46e-125	355
Amoeprot	CP@TRINITY_DN732_c0_g1::CP@TRINITY_DN732_c0_g1_i1::g.21602::m.21602	67.347	245	79	1	7	250	4	248	1.01e-116	335
Coprprot	CP@TRINITY_DN595_c0_g1::CP@TRINITY_DN595_c0_g1_i1::g.12876::m.12876	69.841	252	75	1	15	265	1	252	6.70e-130	368
Coprprot	CP@TRINITY_DN732_c0_g1::CP@TRINITY_DN732_c0_g1_i1::g.21602::m.21602	63.710	248	89	1	15	261	1	248	1.85e-112	324
NolaAFSM	CP@TRINITY_DN595_c0_g1::CP@TRINITY_DN595_c0_g1_i1::g.12876::m.12876	67.969	256	79	2	11	264	1	255	5.59e-129	365
NolaAFSM	CP@TRINITY_DN732_c0_g1::CP@TRINITY_DN732_c0_g1_i1::g.21602::m.21602	62.500	248	91	1	11	256	1	248	4.95e-110	318
Arcevulg	CP@TRINITY_DN595_c0_g1::CP@TRINITY_DN595_c0_g1_i1::g.12876::m.12876	68.000	250	75	2	1	245	1	250	3.03e-124	353
Arcevulg	CP@TRINITY_DN732_c0_g1::CP@TRINITY_DN732_c0_g1_i1::g.21602::m.21602	64.683	252	84	3	1	247	1	252	2.50e-114	328
Rhizsaxo	CP@TRINITY_DN595_c0_g1::CP@TRINITY_DN595_c0_g1_i1::g.12876::m.12876	73.790	248	64	1	1	247	1	248	1.70e-135	382
Rhizsaxo	CP@TRINITY_DN732_c0_g1::CP@TRINITY_DN732_c0_g1_i1::g.21602::m.21602	66.129	248	83	1	1	247	1	248	4.01e-119	340
Flabcita	CP@TRINITY_DN595_c0_g1::CP@TRINITY_DN595_c0_g1_i1::g.12876::m.12876	69.200	250	75	1	19	266	1	250	1.62e-127	362
Flabcita	CP@TRINITY_DN732_c0_g1::CP@TRINITY_DN732_c0_g1_i1::g.21602::m.21602	65.217	253	86	1	19	269	1	253	1.44e-119	342
Filanola	CP@TRINITY_DN595_c0_g1::CP@TRINITY_DN595_c0_g1_i1::g.12876::m.12876	71.200	250	72	0	1	250	1	250	1.88e-133	377
Filanola	CP@TRINITY_DN732_c0_g1::CP@TRINITY_DN732_c0_g1_i1::g.21602::m.21602	66.932	251	83	0	1	251	1	251	2.71e-119	341
Soliirre	CP@TRINITY_DN595_c0_g1::CP@TRINITY_DN595_c0_g1_i1::g.12876::m.12876	65.200	250	87	0	1	250	1	250	1.51e-126	359
Soliirre	CP@TRINITY_DN732_c0_g1::CP@TRINITY_DN732_c0_g1_i1::g.21602::m.21602	63.306	248	91	0	1	248	1	248	3.86e-114	328
Masteilh	CP@TRINITY_DN595_c0_g1::CP@TRINITY_DN595_c0_g1_i1::g.12876::m.12876	71.200	250	72	0	23	272	1	250	4.47e-134	379
Masteilh	CP@TRINITY_DN732_c0_g1::CP@TRINITY_DN732_c0_g1_i1::g.21602::m.21602	64.143	251	90	0	23	273	1	251	2.93e-119	342
Rhizelon	CP@TRINITY_DN595_c0_g1::CP@TRINITY_DN595_c0_g1_i1::g.12876::m.12876	67.068	249	82	0	4	252	1	249	7.54e-124	353
Rhizelon	CP@TRINITY_DN732_c0_g1::CP@TRINITY_DN732_c0_g1_i1::g.21602::m.21602	63.200	250	92	0	4	253	1	250	2.24e-117	336
Brevanat	CP@TRINITY_DN595_c0_g1::CP@TRINITY_DN595_c0_g1_i1::g.12876::m.12876	65.200	250	87	0	1	250	1	250	5.21e-122	348
Brevanat	CP@TRINITY_DN732_c0_g1::CP@TRINITY_DN732_c0_g1_i1::g.21602::m.21602	62.500	248	93	0	1	248	1	248	2.18e-108	313
Schivulg	CP@TRINITY_DN595_c0_g1::CP@TRINITY_DN595_c0_g1_i1::g.12876::m.12876	71.888	249	70	0	1	249	1	249	3.63e-134	379
Schivulg	CP@TRINITY_DN732_c0_g1::CP@TRINITY_DN732_c0_g1_i1::g.21602::m.21602	66.534	251	84	0	1	251	1	251	3.14e-120	343
Tychacut	CP@TRINITY_DN595_c0_g1::CP@TRINITY_DN595_c0_g1_i1::g.12876::m.12876	71.084	249	72	0	4	252	1	249	4.80e-136	384
Tychacut	CP@TRINITY_DN732_c0_g1::CP@TRINITY_DN732_c0_g1_i1::g.21602::m.21602	65.339	251	87	0	4	254	1	251	6.23e-119	340
Cavoapop	CP@TRINITY_DN595_c0_g1::CP@TRINITY_DN595_c0_g1_i1::g.12876::m.12876	71.486	249	71	0	17	265	1	249	1.44e-136	385
Cavoapop	CP@TRINITY_DN732_c0_g1::CP@TRINITY_DN732_c0_g1_i1::g.21602::m.21602	66.534	251	84	0	17	267	1	251	2.68e-119	342
Fontalba	CP@TRINITY_DN595_c0_g1::CP@TRINITY_DN595_c0_g1_i1::g.12876::m.12876	67.470	249	80	1	1	249	1	248	2.17e-129	366
Fontalba	CP@TRINITY_DN732_c0_g1::CP@TRINITY_DN732_c0_g1_i1::g.21602::m.21602	60.558	251	98	1	1	251	1	250	3.00e-108	313
Minivibr	CP@TRINITY_DN595_c0_g1::CP@TRINITY_DN595_c0_g1_i1::g.12876::m.12876	58.046	174	70	1	1	171	82	255	5.75e-67	204
Minivibr	CP@TRINITY_DN732_c0_g1::CP@TRINITY_DN732_c0_g1_i1::g.21602::m.21602	50.000	172	86	0	1	172	82	253	2.16e-54	172
Amphquee	CP@TRINITY_DN595_c0_g1::CP@TRINITY_DN595_c0_g1_i1::g.12876::m.12876	78.800	250	53	0	1	250	1	250	2.35e-147	412
Amphquee	CP@TRINITY_DN732_c0_g1::CP@TRINITY_DN732_c0_g1_i1::g.21602::m.21602	66.667	249	83	0	1	249	1	249	1.69e-120	344
Tricadha	CP@TRINITY_DN595_c0_g1::CP@TRINITY_DN595_c0_g1_i1::g.12876::m.12876	73.047	256	68	1	1	256	1	255	6.26e-143	400
Tricadha	CP@TRINITY_DN732_c0_g1::CP@TRINITY_DN732_c0_g1_i1::g.21602::m.21602	61.508	252	97	0	1	252	1	252	3.56e-111	320
Mnemleid	CP@TRINITY_DN595_c0_g1::CP@TRINITY_DN595_c0_g1_i1::g.12876::m.12876	74.902	255	64	0	1	255	1	255	2.78e-143	402
Mnemleid	CP@TRINITY_DN732_c0_g1::CP@TRINITY_DN732_c0_g1_i1::g.21602::m.21602	62.353	255	96	0	1	255	1	255	7.20e-114	327
Salprose	CP@TRINITY_DN595_c0_g1::CP@TRINITY_DN595_c0_g1_i1::g.12876::m.12876	72.941	255	69	0	1	255	1	255	2.22e-142	399
Salprose	CP@TRINITY_DN732_c0_g1::CP@TRINITY_DN732_c0_g1_i1::g.21602::m.21602	64.314	255	91	0	1	255	1	255	1.75e-122	349
Sphaarct	CP@TRINITY_DN595_c0_g1::CP@TRINITY_DN595_c0_g1_i1::g.12876::m.12876	75.403	248	61	0	1	248	1	248	3.41e-144	404
Sphaarct	CP@TRINITY_DN732_c0_g1::CP@TRINITY_DN732_c0_g1_i1::g.21602::m.21602	62.353	255	96	0	1	255	1	255	2.23e-120	343
Amoepara	CP@TRINITY_DN595_c0_g1::CP@TRINITY_DN595_c0_g1_i1::g.12876::m.12876	76.271	236	56	0	17	252	1	236	1.19e-137	387
Amoepara	CP@TRINITY_DN732_c0_g1::CP@TRINITY_DN732_c0_g1_i1::g.21602::m.21602	63.559	236	86	0	17	252	1	236	6.18e-112	322
Branflor	CP@TRINITY_DN595_c0_g1::CP@TRINITY_DN595_c0_g1_i1::g.12876::m.12876	76.863	255	59	0	1	255	1	255	1.25e-148	415
Branflor	CP@TRINITY_DN732_c0_g1::CP@TRINITY_DN732_c0_g1_i1::g.21602::m.21602	60.392	255	101	0	1	255	1	255	7.40e-110	317
Caeneleg	CP@TRINITY_DN595_c0_g1::CP@TRINITY_DN595_c0_g1_i1::g.12876::m.12876	77.200	250	57	0	1	250	1	250	2.30e-144	404
Caeneleg	CP@TRINITY_DN732_c0_g1::CP@TRINITY_DN732_c0_g1_i1::g.21602::m.21602	60.643	249	98	0	1	249	1	249	5.72e-110	317
Taensoli	CP@TRINITY_DN595_c0_g1::CP@TRINITY_DN595_c0_g1_i1::g.12876::m.12876	73.413	252	67	0	1	252	1	252	6.49e-140	393
Taensoli	CP@TRINITY_DN732_c0_g1::CP@TRINITY_DN732_c0_g1_i1::g.21602::m.21602	61.290	248	96	0	1	248	1	248	8.25e-112	322
Schimans	CP@TRINITY_DN595_c0_g1::CP@TRINITY_DN595_c0_g1_i1::g.12876::m.12876	75.794	252	61	0	1	252	1	252	4.46e-145	406
Schimans	CP@TRINITY_DN732_c0_g1::CP@TRINITY_DN732_c0_g1_i1::g.21602::m.21602	64.113	248	89	0	1	248	1	248	7.77e-113	325
Aplycali	CP@TRINITY_DN595_c0_g1::CP@TRINITY_DN595_c0_g1_i1::g.12876::m.12876	81.569	255	47	0	1	255	1	255	4.96e-157	436
Aplycali	CP@TRINITY_DN732_c0_g1::CP@TRINITY_DN732_c0_g1_i1::g.21602::m.21602	63.137	255	94	0	1	255	1	255	7.81e-114	327
Gallgall	CP@TRINITY_DN595_c0_g1::CP@TRINITY_DN595_c0_g1_i1::g.12876::m.12876	78.740	254	54	0	1	254	1	254	6.86e-150	418
Gallgall	CP@TRINITY_DN732_c0_g1::CP@TRINITY_DN732_c0_g1_i1::g.21602::m.21602	63.710	248	90	0	1	248	1	248	1.76e-113	326
Drosmela	CP@TRINITY_DN595_c0_g1::CP@TRINITY_DN595_c0_g1_i1::g.12876::m.12876	83.529	255	42	0	1	255	1	255	7.00e-161	446
Drosmela	CP@TRINITY_DN732_c0_g1::CP@TRINITY_DN732_c0_g1_i1::g.21602::m.21602	64.314	255	91	0	1	255	1	255	4.74e-121	345
Apismell	CP@TRINITY_DN595_c0_g1::CP@TRINITY_DN595_c0_g1_i1::g.12876::m.12876	87.402	254	32	0	1	254	1	254	6.38e-167	461
Apismell	CP@TRINITY_DN732_c0_g1::CP@TRINITY_DN732_c0_g1_i1::g.21602::m.21602	65.462	249	86	0	1	249	1	249	2.72e-120	343
Mantplas	CP@TRINITY_DN595_c0_g1::CP@TRINITY_DN595_c0_g1_i1::g.12876::m.12876	69.076	249	76	1	1	248	1	249	5.85e-126	358
Mantplas	CP@TRINITY_DN732_c0_g1::CP@TRINITY_DN732_c0_g1_i1::g.21602::m.21602	60.784	255	99	1	1	254	1	255	2.57e-115	331
Pellcata	CP@TRINITY_DN595_c0_g1::CP@TRINITY_DN595_c0_g1_i1::g.12876::m.12876	70.968	248	71	1	19	265	1	248	1.95e-132	375
Pellcata	CP@TRINITY_DN732_c0_g1::CP@TRINITY_DN732_c0_g1_i1::g.21602::m.21602	64.113	248	88	1	19	265	1	248	6.20e-116	333
Hetepall	CP@TRINITY_DN595_c0_g1::CP@TRINITY_DN595_c0_g1_i1::g.12876::m.12876	71.654	254	70	2	1	253	1	253	3.39e-133	376
Hetepall	CP@TRINITY_DN732_c0_g1::CP@TRINITY_DN732_c0_g1_i1::g.21602::m.21602	66.265	249	83	1	1	249	1	248	1.37e-122	349
Echibisp	CP@TRINITY_DN595_c0_g1::CP@TRINITY_DN595_c0_g1_i1::g.12876::m.12876	67.578	256	82	1	6	261	1	255	1.05e-130	370
Echibisp	CP@TRINITY_DN732_c0_g1::CP@TRINITY_DN732_c0_g1_i1::g.21602::m.21602	65.863	249	84	1	6	254	1	248	8.83e-120	342
Lenilimo	CP@TRINITY_DN595_c0_g1::CP@TRINITY_DN595_c0_g1_i1::g.12876::m.12876	67.460	252	82	0	1	252	1	252	5.47e-124	353
Lenilimo	CP@TRINITY_DN732_c0_g1::CP@TRINITY_DN732_c0_g1_i1::g.21602::m.21602	64.113	248	89	0	1	248	1	248	5.62e-117	335
Pygsbifo	CP@TRINITY_DN595_c0_g1::CP@TRINITY_DN595_c0_g1_i1::g.12876::m.12876	71.654	254	72	0	1	254	1	254	1.18e-138	390
Pygsbifo	CP@TRINITY_DN732_c0_g1::CP@TRINITY_DN732_c0_g1_i1::g.21602::m.21602	64.919	248	87	0	1	248	1	248	4.51e-118	338
Fabotrop	CP@TRINITY_DN595_c0_g1::CP@TRINITY_DN595_c0_g1_i1::g.12876::m.12876	71.255	247	71	0	6	252	1	247	1.47e-132	375
Fabotrop	CP@TRINITY_DN732_c0_g1::CP@TRINITY_DN732_c0_g1_i1::g.21602::m.21602	63.968	247	89	0	6	252	1	247	3.49e-118	338
Ancysigm	CP@TRINITY_DN595_c0_g1::CP@TRINITY_DN595_c0_g1_i1::g.12876::m.12876	72.619	252	69	0	12	263	1	252	8.54e-136	383
Ancysigm	CP@TRINITY_DN732_c0_g1::CP@TRINITY_DN732_c0_g1_i1::g.21602::m.21602	63.710	248	90	0	12	259	1	248	5.50e-118	338
Veximinu	CP@TRINITY_DN595_c0_g1::CP@TRINITY_DN595_c0_g1_i1::g.12876::m.12876	64.706	255	90	0	19	273	1	255	2.44e-122	349
Veximinu	CP@TRINITY_DN732_c0_g1::CP@TRINITY_DN732_c0_g1_i1::g.21602::m.21602	61.694	248	95	0	19	266	1	248	8.02e-110	318
Schizpom	CP@TRINITY_DN595_c0_g1::CP@TRINITY_DN595_c0_g1_i1::g.12876::m.12876	67.589	253	81	1	1	252	1	253	2.25e-130	369
Schizpom	CP@TRINITY_DN732_c0_g1::CP@TRINITY_DN732_c0_g1_i1::g.21602::m.21602	64.000	250	89	1	1	249	1	250	3.31e-115	330
Debahans	CP@TRINITY_DN595_c0_g1::CP@TRINITY_DN595_c0_g1_i1::g.12876::m.12876	71.371	248	71	0	1	248	1	248	6.72e-135	380
Debahans	CP@TRINITY_DN732_c0_g1::CP@TRINITY_DN732_c0_g1_i1::g.21602::m.21602	64.919	248	87	0	1	248	1	248	9.79e-119	339
Neurcras	CP@TRINITY_DN595_c0_g1::CP@TRINITY_DN595_c0_g1_i1::g.12876::m.12876	66.532	248	83	0	1	248	1	248	1.11e-125	357
Neurcras	CP@TRINITY_DN732_c0_g1::CP@TRINITY_DN732_c0_g1_i1::g.21602::m.21602	64.919	248	87	0	1	248	1	248	5.65e-116	332
Aspefumi	CP@TRINITY_DN595_c0_g1::CP@TRINITY_DN595_c0_g1_i1::g.12876::m.12876	66.532	248	83	0	1	248	1	248	1.40e-125	357
Aspefumi	CP@TRINITY_DN732_c0_g1::CP@TRINITY_DN732_c0_g1_i1::g.21602::m.21602	64.822	253	89	0	1	253	1	253	3.49e-116	333
Ustimayd	CP@TRINITY_DN595_c0_g1::CP@TRINITY_DN595_c0_g1_i1::g.12876::m.12876	70.161	248	73	1	1	247	1	248	2.45e-130	369
Ustimayd	CP@TRINITY_DN732_c0_g1::CP@TRINITY_DN732_c0_g1_i1::g.21602::m.21602	60.081	248	98	1	1	247	1	248	5.26e-107	310
Coprcine	CP@TRINITY_DN595_c0_g1::CP@TRINITY_DN595_c0_g1_i1::g.12876::m.12876	68.952	248	76	1	1	247	1	248	1.30e-127	362
Coprcine	CP@TRINITY_DN732_c0_g1::CP@TRINITY_DN732_c0_g1_i1::g.21602::m.21602	63.710	248	89	1	1	247	1	248	1.24e-114	329
Rhizdele	CP@TRINITY_DN595_c0_g1::CP@TRINITY_DN595_c0_g1_i1::g.12876::m.12876	72.800	250	67	1	1	249	1	250	1.70e-137	387
Rhizdele	CP@TRINITY_DN732_c0_g1::CP@TRINITY_DN732_c0_g1_i1::g.21602::m.21602	65.323	248	85	1	1	247	1	248	5.74e-117	335
Spizpunc	CP@TRINITY_DN595_c0_g1::CP@TRINITY_DN595_c0_g1_i1::g.12876::m.12876	70.518	251	74	0	1	251	1	251	4.03e-134	378
Spizpunc	CP@TRINITY_DN732_c0_g1::CP@TRINITY_DN732_c0_g1_i1::g.21602::m.21602	66.935	248	82	0	1	248	1	248	3.05e-119	340
Allomacr	CP@TRINITY_DN595_c0_g1::CP@TRINITY_DN595_c0_g1_i1::g.12876::m.12876	72.549	255	69	1	1	255	1	254	1.25e-135	382
Allomacr	CP@TRINITY_DN732_c0_g1::CP@TRINITY_DN732_c0_g1_i1::g.21602::m.21602	64.113	248	89	0	1	248	1	248	3.32e-118	338
Blasbrit	CP@TRINITY_DN595_c0_g1::CP@TRINITY_DN595_c0_g1_i1::g.12876::m.12876	70.980	255	74	0	55	309	2	256	6.71e-134	380
Blasbrit	CP@TRINITY_DN732_c0_g1::CP@TRINITY_DN732_c0_g1_i1::g.21602::m.21602	65.587	247	85	0	55	301	2	248	1.12e-119	344
