Blasemer	CP@TRINITY_DN1144_c4_g1::CP@TRINITY_DN1144_c4_g1_i1::g.8426::m.8426	73.118	93	23	1	1	91	18	110	4.64e-44	138
Plasbras	CP@TRINITY_DN1144_c4_g1::CP@TRINITY_DN1144_c4_g1_i1::g.8426::m.8426	68.085	94	28	1	1	92	18	111	4.42e-42	133
Aurisoli	CP@TRINITY_DN1144_c4_g1::CP@TRINITY_DN1144_c4_g1_i1::g.8426::m.8426	62.376	101	34	2	20	116	10	110	1.00e-41	133
Gemicryo	CP@TRINITY_DN1144_c4_g1::CP@TRINITY_DN1144_c4_g1_i1::g.8426::m.8426	62.857	105	37	1	3	105	8	112	5.61e-41	131
Thectrah	CP@TRINITY_DN1144_c4_g1::CP@TRINITY_DN1144_c4_g1_i1::g.8426::m.8426	68.817	93	27	1	1	91	18	110	1.27e-41	132
Syssmult	CP@TRINITY_DN1144_c4_g1::CP@TRINITY_DN1144_c4_g1_i1::g.8426::m.8426	68.421	95	28	1	58	150	18	112	5.91e-42	135
Gracchor	CP@TRINITY_DN1144_c4_g1::CP@TRINITY_DN1144_c4_g1_i1::g.8426::m.8426	65.591	93	32	0	1	93	18	110	2.21e-41	131
Porppurp	CP@TRINITY_DN1144_c4_g1::CP@TRINITY_DN1144_c4_g1_i1::g.8426::m.8426	68.817	93	27	1	1	91	18	110	2.77e-42	134
Goniavon	CP@TRINITY_DN1144_c4_g1::CP@TRINITY_DN1144_c4_g1_i1::g.8426::m.8426	66.316	95	30	1	9	101	16	110	1.95e-42	134
Batrdend	CP@TRINITY_DN1144_c4_g1::CP@TRINITY_DN1144_c4_g1_i1::g.8426::m.8426	76.344	93	20	1	1	91	18	110	2.99e-46	144
Dictdisc	CP@TRINITY_DN1144_c4_g1::CP@TRINITY_DN1144_c4_g1_i1::g.8426::m.8426	69.892	93	26	1	1	91	18	110	1.64e-42	134
Capsowcz	CP@TRINITY_DN1144_c4_g1::CP@TRINITY_DN1144_c4_g1_i1::g.8426::m.8426	72.043	93	24	1	1	91	18	110	8.20e-44	137
Pigoviet	CP@TRINITY_DN1144_c4_g1::CP@TRINITY_DN1144_c4_g1_i1::g.8426::m.8426	71.875	96	25	1	11	104	16	111	5.86e-46	143
Protfung	CP@TRINITY_DN1144_c4_g1::CP@TRINITY_DN1144_c4_g1_i1::g.8426::m.8426	74.194	93	22	1	1	91	18	110	1.39e-44	139
Coralima	CP@TRINITY_DN1144_c4_g1::CP@TRINITY_DN1144_c4_g1_i1::g.8426::m.8426	72.340	94	24	1	1	92	18	111	2.93e-46	144
Nemavect	CP@TRINITY_DN1144_c4_g1::CP@TRINITY_DN1144_c4_g1_i1::g.8426::m.8426	75.269	93	21	1	1	91	18	110	5.71e-46	143
Homosapi	CP@TRINITY_DN1144_c4_g1::CP@TRINITY_DN1144_c4_g1_i1::g.8426::m.8426	73.404	94	23	1	1	92	18	111	2.71e-46	144
Sphadest	CP@TRINITY_DN1144_c4_g1::CP@TRINITY_DN1144_c4_g1_i1::g.8426::m.8426	65.094	106	32	2	6	106	5	110	1.40e-42	135
Hemikukw	CP@TRINITY_DN1144_c4_g1::CP@TRINITY_DN1144_c4_g1_i1::g.8426::m.8426	72.527	91	23	1	17	105	18	108	7.57e-42	133
SpirCILI	CP@TRINITY_DN1144_c4_g1::CP@TRINITY_DN1144_c4_g1_i1::g.8426::m.8426	69.072	97	28	1	10	104	14	110	2.03e-44	140
Acancast	CP@TRINITY_DN1144_c4_g1::CP@TRINITY_DN1144_c4_g1_i1::g.8426::m.8426	73.913	92	22	1	1	90	18	109	9.78e-45	140
Rhodmacu	CP@TRINITY_DN1144_c4_g1::CP@TRINITY_DN1144_c4_g1_i1::g.8426::m.8426	66.316	95	30	1	31	123	16	110	2.35e-41	132
Cyanmero	CP@TRINITY_DN1144_c4_g1::CP@TRINITY_DN1144_c4_g1_i1::g.8426::m.8426	71.277	94	25	1	1	92	18	111	4.11e-43	135
Porpaeru	CP@TRINITY_DN1144_c4_g1::CP@TRINITY_DN1144_c4_g1_i1::g.8426::m.8426	67.742	93	28	1	1	91	18	110	3.41e-41	131
Choncris	CP@TRINITY_DN1144_c4_g1::CP@TRINITY_DN1144_c4_g1_i1::g.8426::m.8426	65.591	93	32	0	1	93	18	110	9.91e-42	132
Rhodmari	CP@TRINITY_DN1144_c4_g1::CP@TRINITY_DN1144_c4_g1_i1::g.8426::m.8426	68.817	93	29	0	1	93	18	110	1.88e-44	139
Vannfimi	CP@TRINITY_DN1144_c4_g1::CP@TRINITY_DN1144_c4_g1_i1::g.8426::m.8426	66.981	106	29	2	5	108	9	110	2.68e-45	142
Idiovort	CP@TRINITY_DN1144_c4_g1::CP@TRINITY_DN1144_c4_g1_i1::g.8426::m.8426	69.697	99	28	1	7	103	14	112	1.03e-44	140
Pedi2098	CP@TRINITY_DN1144_c4_g1::CP@TRINITY_DN1144_c4_g1_i1::g.8426::m.8426	65.957	94	30	1	1	92	18	111	4.46e-41	130
Pavl2436	CP@TRINITY_DN1144_c4_g1::CP@TRINITY_DN1144_c4_g1_i1::g.8426::m.8426	73.864	88	21	1	19	104	20	107	8.75e-42	133
Glauincr	CP@TRINITY_DN1144_c4_g1::CP@TRINITY_DN1144_c4_g1_i1::g.8426::m.8426	69.474	95	27	1	1	93	18	112	3.40e-44	139
Gloewitr	CP@TRINITY_DN1144_c4_g1::CP@TRINITY_DN1144_c4_g1_i1::g.8426::m.8426	66.667	93	29	1	21	111	18	110	1.98e-41	132
Wobbluna	CP@TRINITY_DN1144_c4_g1::CP@TRINITY_DN1144_c4_g1_i1::g.8426::m.8426	69.892	93	26	1	1	91	18	110	2.48e-41	131
Ancysigm	CP@TRINITY_DN1144_c4_g1::CP@TRINITY_DN1144_c4_g1_i1::g.8426::m.8426	70.408	98	27	1	12	107	15	112	1.85e-44	140
MicrA134	CP@TRINITY_DN1144_c4_g1::CP@TRINITY_DN1144_c4_g1_i1::g.8426::m.8426	64.078	103	33	2	12	110	6	108	1.85e-41	132
Amoeprot	CP@TRINITY_DN1144_c4_g1::CP@TRINITY_DN1144_c4_g1_i1::g.8426::m.8426	60.396	101	38	1	5	103	10	110	1.02e-41	133
Ustimayd	CP@TRINITY_DN1144_c4_g1::CP@TRINITY_DN1144_c4_g1_i1::g.8426::m.8426	74.194	93	22	1	1	91	18	110	8.86e-46	142
Schimans	CP@TRINITY_DN1144_c4_g1::CP@TRINITY_DN1144_c4_g1_i1::g.8426::m.8426	65.306	98	32	1	5	100	14	111	1.12e-41	132
Mayocant	CP@TRINITY_DN1144_c4_g1::CP@TRINITY_DN1144_c4_g1_i1::g.8426::m.8426	67.010	97	32	0	17	113	14	110	5.23e-45	141
Cochminu	CP@TRINITY_DN1144_c4_g1::CP@TRINITY_DN1144_c4_g1_i1::g.8426::m.8426	64.423	104	33	2	9	108	8	111	1.59e-41	132
Paralevi	CP@TRINITY_DN1144_c4_g1::CP@TRINITY_DN1144_c4_g1_i1::g.8426::m.8426	73.118	93	23	1	40	130	18	110	9.64e-44	139
Masteilh	CP@TRINITY_DN1144_c4_g1::CP@TRINITY_DN1144_c4_g1_i1::g.8426::m.8426	67.368	95	29	1	9	101	17	111	5.51e-43	136
Diphrota	CP@TRINITY_DN1144_c4_g1::CP@TRINITY_DN1144_c4_g1_i1::g.8426::m.8426	66.667	93	29	1	1	91	18	110	3.32e-41	131
Amoepara	CP@TRINITY_DN1144_c4_g1::CP@TRINITY_DN1144_c4_g1_i1::g.8426::m.8426	70.968	93	25	1	28	118	18	110	3.98e-42	134
Sphaarct	CP@TRINITY_DN1144_c4_g1::CP@TRINITY_DN1144_c4_g1_i1::g.8426::m.8426	68.817	93	27	1	1	91	18	110	1.07e-41	132
Soliirre	CP@TRINITY_DN1144_c4_g1::CP@TRINITY_DN1144_c4_g1_i1::g.8426::m.8426	64.545	110	29	3	2	107	5	108	3.45e-43	137
Aspefumi	CP@TRINITY_DN1144_c4_g1::CP@TRINITY_DN1144_c4_g1_i1::g.8426::m.8426	69.892	93	26	1	1	91	18	110	3.23e-42	133
Spizpunc	CP@TRINITY_DN1144_c4_g1::CP@TRINITY_DN1144_c4_g1_i1::g.8426::m.8426	75.269	93	21	1	1	91	18	110	7.12e-46	142
Rhizdele	CP@TRINITY_DN1144_c4_g1::CP@TRINITY_DN1144_c4_g1_i1::g.8426::m.8426	77.419	93	19	1	1	91	18	110	7.12e-46	142
Rigiramo	CP@TRINITY_DN1144_c4_g1::CP@TRINITY_DN1144_c4_g1_i1::g.8426::m.8426	67.742	93	28	1	1	91	18	110	6.77e-41	130
Hetepall	CP@TRINITY_DN1144_c4_g1::CP@TRINITY_DN1144_c4_g1_i1::g.8426::m.8426	72.527	91	23	1	1	89	18	108	9.80e-43	135
Apismell	CP@TRINITY_DN1144_c4_g1::CP@TRINITY_DN1144_c4_g1_i1::g.8426::m.8426	86.170	94	11	1	1	92	18	111	3.40e-52	159
Drosmela	CP@TRINITY_DN1144_c4_g1::CP@TRINITY_DN1144_c4_g1_i1::g.8426::m.8426	84.043	94	13	1	1	92	18	111	1.27e-50	155
Caeneleg	CP@TRINITY_DN1144_c4_g1::CP@TRINITY_DN1144_c4_g1_i1::g.8426::m.8426	69.892	93	26	1	1	91	18	110	5.19e-42	133
Aplycali	CP@TRINITY_DN1144_c4_g1::CP@TRINITY_DN1144_c4_g1_i1::g.8426::m.8426	79.570	93	17	1	1	91	18	110	8.76e-48	147
Gallgall	CP@TRINITY_DN1144_c4_g1::CP@TRINITY_DN1144_c4_g1_i1::g.8426::m.8426	74.468	94	22	1	1	92	18	111	9.67e-47	145
Branflor	CP@TRINITY_DN1144_c4_g1::CP@TRINITY_DN1144_c4_g1_i1::g.8426::m.8426	81.915	94	15	1	1	92	18	111	1.78e-51	157
Mnemleid	CP@TRINITY_DN1144_c4_g1::CP@TRINITY_DN1144_c4_g1_i1::g.8426::m.8426	77.419	93	19	1	1	91	18	110	2.80e-46	144
Amphquee	CP@TRINITY_DN1144_c4_g1::CP@TRINITY_DN1144_c4_g1_i1::g.8426::m.8426	73.404	94	23	1	1	92	18	111	1.73e-44	139
Blasbrit	CP@TRINITY_DN1144_c4_g1::CP@TRINITY_DN1144_c4_g1_i1::g.8426::m.8426	71.579	95	25	1	1	93	18	112	3.12e-44	139
Allomacr	CP@TRINITY_DN1144_c4_g1::CP@TRINITY_DN1144_c4_g1_i1::g.8426::m.8426	73.118	93	23	1	1	91	18	110	5.18e-45	140
