Blasemer	CP@TRINITY_DN899_c0_g1::CP@TRINITY_DN899_c0_g1_i14::g.26149::m.26149	50.000	154	59	4	1	137	1	153	1.13e-43	141
Blasemer	CP@TRINITY_DN899_c0_g1::CP@TRINITY_DN899_c0_g1_i9::g.26159::m.26159	50.000	154	59	4	1	137	1	153	2.61e-43	140
Blasemer	CP@TRINITY_DN899_c0_g1::CP@TRINITY_DN899_c0_g1_i27::g.26156::m.26156	50.000	154	59	4	1	137	1	153	2.61e-43	140
Blasemer	CP@TRINITY_DN899_c0_g1::CP@TRINITY_DN899_c0_g1_i10::g.26148::m.26148	50.000	154	59	4	1	137	1	153	2.61e-43	140
Stichzan	CP@TRINITY_DN1035_c0_g1::CP@TRINITY_DN1035_c0_g1_i6::g.4819::m.4819	52.713	129	60	1	9	136	1	129	4.20e-44	144
Stichzan	CP@TRINITY_DN1035_c0_g1::CP@TRINITY_DN1035_c0_g1_i1::g.4814::m.4814	52.713	129	60	1	9	136	1	129	4.20e-44	144
Calclept	CP@TRINITY_DN1035_c0_g1::CP@TRINITY_DN1035_c0_g1_i6::g.4819::m.4819	48.052	154	64	3	13	150	1	154	1.72e-41	136
Calclept	CP@TRINITY_DN1035_c0_g1::CP@TRINITY_DN1035_c0_g1_i1::g.4814::m.4814	48.052	154	64	3	13	150	1	154	1.72e-41	136
Plasbras	CP@TRINITY_DN1035_c0_g1::CP@TRINITY_DN1035_c0_g1_i6::g.4819::m.4819	50.311	161	67	4	1	157	1	152	1.13e-41	137
Plasbras	CP@TRINITY_DN1035_c0_g1::CP@TRINITY_DN1035_c0_g1_i1::g.4814::m.4814	50.311	161	67	4	1	157	1	152	1.13e-41	137
ChoanoFB	CP@TRINITY_DN1035_c0_g1::CP@TRINITY_DN1035_c0_g1_i6::g.4819::m.4819	56.000	125	44	3	1	114	1	125	1.15e-43	140
ChoanoFB	CP@TRINITY_DN1035_c0_g1::CP@TRINITY_DN1035_c0_g1_i1::g.4814::m.4814	56.000	125	44	3	1	114	1	125	1.15e-43	140
Raphhete	CP@TRINITY_DN1035_c0_g1::CP@TRINITY_DN1035_c0_g1_i6::g.4819::m.4819	51.479	169	62	5	17	179	1	155	5.21e-47	151
Raphhete	CP@TRINITY_DN1035_c0_g1::CP@TRINITY_DN1035_c0_g1_i1::g.4814::m.4814	51.479	169	62	5	17	179	1	155	5.21e-47	151
Rainerin	CP@TRINITY_DN1035_c0_g1::CP@TRINITY_DN1035_c0_g1_i6::g.4819::m.4819	47.500	160	58	5	1	149	10	154	9.52e-41	134
Rainerin	CP@TRINITY_DN1035_c0_g1::CP@TRINITY_DN1035_c0_g1_i1::g.4814::m.4814	47.500	160	58	5	1	149	10	154	9.52e-41	134
Guilthet	CP@TRINITY_DN1035_c0_g1::CP@TRINITY_DN1035_c0_g1_i6::g.4819::m.4819	46.512	172	62	5	1	159	1	155	2.56e-42	139
Guilthet	CP@TRINITY_DN1035_c0_g1::CP@TRINITY_DN1035_c0_g1_i1::g.4814::m.4814	46.512	172	62	5	1	159	1	155	2.56e-42	139
Pigoviet	CP@TRINITY_DN1035_c0_g1::CP@TRINITY_DN1035_c0_g1_i6::g.4819::m.4819	63.125	160	51	5	1	157	1	155	3.41e-61	187
Pigoviet	CP@TRINITY_DN1035_c0_g1::CP@TRINITY_DN1035_c0_g1_i1::g.4814::m.4814	63.125	160	51	5	1	157	1	155	3.41e-61	187
Nemavect	CP@TRINITY_DN1035_c0_g1::CP@TRINITY_DN1035_c0_g1_i6::g.4819::m.4819	63.057	157	53	3	1	155	1	154	6.49e-63	191
Nemavect	CP@TRINITY_DN1035_c0_g1::CP@TRINITY_DN1035_c0_g1_i1::g.4814::m.4814	63.057	157	53	3	1	155	1	154	6.49e-63	191
Coralima	CP@TRINITY_DN1035_c0_g1::CP@TRINITY_DN1035_c0_g1_i6::g.4819::m.4819	54.938	162	57	7	1	150	1	158	1.13e-48	154
Coralima	CP@TRINITY_DN1035_c0_g1::CP@TRINITY_DN1035_c0_g1_i1::g.4814::m.4814	54.938	162	57	7	1	150	1	158	1.13e-48	154
Creofrag	CP@TRINITY_DN1035_c0_g1::CP@TRINITY_DN1035_c0_g1_i6::g.4819::m.4819	61.491	161	47	5	1	152	1	155	1.13e-60	185
Creofrag	CP@TRINITY_DN1035_c0_g1::CP@TRINITY_DN1035_c0_g1_i1::g.4814::m.4814	61.491	161	47	5	1	152	1	155	1.13e-60	185
Capsowcz	CP@TRINITY_DN1035_c0_g1::CP@TRINITY_DN1035_c0_g1_i6::g.4819::m.4819	53.750	160	63	4	1	154	1	155	1.45e-51	162
Capsowcz	CP@TRINITY_DN1035_c0_g1::CP@TRINITY_DN1035_c0_g1_i1::g.4814::m.4814	53.750	160	63	4	1	154	1	155	1.45e-51	162
Sphadest	CP@TRINITY_DN1035_c0_g1::CP@TRINITY_DN1035_c0_g1_i6::g.4819::m.4819	53.797	158	61	5	1	149	1	155	1.30e-48	154
Sphadest	CP@TRINITY_DN1035_c0_g1::CP@TRINITY_DN1035_c0_g1_i1::g.4814::m.4814	53.797	158	61	5	1	149	1	155	1.30e-48	154
Homosapi	CP@TRINITY_DN1035_c0_g1::CP@TRINITY_DN1035_c0_g1_i6::g.4819::m.4819	66.250	160	49	4	1	160	1	155	1.86e-66	199
Homosapi	CP@TRINITY_DN1035_c0_g1::CP@TRINITY_DN1035_c0_g1_i1::g.4814::m.4814	66.250	160	49	4	1	160	1	155	1.86e-66	199
Physpoly	CP@TRINITY_DN1035_c0_g1::CP@TRINITY_DN1035_c0_g1_i6::g.4819::m.4819	53.125	160	66	4	19	174	1	155	9.29e-46	149
Physpoly	CP@TRINITY_DN1035_c0_g1::CP@TRINITY_DN1035_c0_g1_i1::g.4814::m.4814	53.125	160	66	4	19	174	1	155	9.29e-46	149
Syssmult	CP@TRINITY_DN1035_c0_g1::CP@TRINITY_DN1035_c0_g1_i6::g.4819::m.4819	58.683	167	55	4	1	164	1	156	4.55e-57	176
Syssmult	CP@TRINITY_DN1035_c0_g1::CP@TRINITY_DN1035_c0_g1_i1::g.4814::m.4814	58.683	167	55	4	1	164	1	156	4.55e-57	176
Monobrev	CP@TRINITY_DN1035_c0_g1::CP@TRINITY_DN1035_c0_g1_i6::g.4819::m.4819	61.039	154	52	3	1	146	1	154	7.68e-59	179
Monobrev	CP@TRINITY_DN1035_c0_g1::CP@TRINITY_DN1035_c0_g1_i1::g.4814::m.4814	61.039	154	52	3	1	146	1	154	7.68e-59	179
Rozeallo	CP@TRINITY_DN1035_c0_g1::CP@TRINITY_DN1035_c0_g1_i6::g.4819::m.4819	52.229	157	55	4	1	139	1	155	8.07e-48	151
Rozeallo	CP@TRINITY_DN1035_c0_g1::CP@TRINITY_DN1035_c0_g1_i1::g.4814::m.4814	52.229	157	55	4	1	139	1	155	8.07e-48	151
Parvatla	CP@TRINITY_DN1035_c0_g1::CP@TRINITY_DN1035_c0_g1_i6::g.4819::m.4819	55.625	160	59	5	14	166	1	155	1.21e-49	157
Parvatla	CP@TRINITY_DN1035_c0_g1::CP@TRINITY_DN1035_c0_g1_i1::g.4814::m.4814	55.625	160	59	5	14	166	1	155	1.21e-49	157
Phytpara	CP@TRINITY_DN1035_c0_g1::CP@TRINITY_DN1035_c0_g1_i6::g.4819::m.4819	58.940	151	43	5	1	133	1	150	1.23e-49	156
Phytpara	CP@TRINITY_DN1035_c0_g1::CP@TRINITY_DN1035_c0_g1_i1::g.4814::m.4814	58.940	151	43	5	1	133	1	150	1.23e-49	156
EctocSP7	CP@TRINITY_DN1035_c0_g1::CP@TRINITY_DN1035_c0_g1_i6::g.4819::m.4819	49.697	165	63	5	1	156	1	154	2.08e-45	146
EctocSP7	CP@TRINITY_DN1035_c0_g1::CP@TRINITY_DN1035_c0_g1_i1::g.4814::m.4814	49.697	165	63	5	1	156	1	154	2.08e-45	146
Parapyri	CP@TRINITY_DN1035_c0_g1::CP@TRINITY_DN1035_c0_g1_i6::g.4819::m.4819	52.980	151	58	5	10	149	1	149	1.05e-43	142
Parapyri	CP@TRINITY_DN1035_c0_g1::CP@TRINITY_DN1035_c0_g1_i1::g.4814::m.4814	52.980	151	58	5	10	149	1	149	1.05e-43	142
Arabthal	CP@TRINITY_DN1035_c0_g1::CP@TRINITY_DN1035_c0_g1_i6::g.4819::m.4819	50.000	160	69	5	1	156	1	153	8.54e-44	142
Arabthal	CP@TRINITY_DN1035_c0_g1::CP@TRINITY_DN1035_c0_g1_i1::g.4814::m.4814	50.000	160	69	5	1	156	1	153	8.54e-44	142
Charbrau	CP@TRINITY_DN1035_c0_g1::CP@TRINITY_DN1035_c0_g1_i6::g.4819::m.4819	57.059	170	53	8	1	166	1	154	4.12e-52	164
Charbrau	CP@TRINITY_DN1035_c0_g1::CP@TRINITY_DN1035_c0_g1_i1::g.4814::m.4814	57.059	170	53	8	1	166	1	154	4.12e-52	164
Nephpyri	CP@TRINITY_DN1035_c0_g1::CP@TRINITY_DN1035_c0_g1_i6::g.4819::m.4819	57.396	169	52	8	1	164	1	154	5.47e-53	166
Nephpyri	CP@TRINITY_DN1035_c0_g1::CP@TRINITY_DN1035_c0_g1_i1::g.4814::m.4814	57.396	169	52	8	1	164	1	154	5.47e-53	166
Prascaps	CP@TRINITY_DN1035_c0_g1::CP@TRINITY_DN1035_c0_g1_i6::g.4819::m.4819	53.216	171	51	6	1	159	1	154	2.01e-49	157
Prascaps	CP@TRINITY_DN1035_c0_g1::CP@TRINITY_DN1035_c0_g1_i1::g.4814::m.4814	53.216	171	51	6	1	159	1	154	2.01e-49	157
Prassing	CP@TRINITY_DN1035_c0_g1::CP@TRINITY_DN1035_c0_g1_i6::g.4819::m.4819	48.485	165	63	5	15	166	1	156	1.62e-41	136
Prassing	CP@TRINITY_DN1035_c0_g1::CP@TRINITY_DN1035_c0_g1_i1::g.4814::m.4814	48.485	165	63	5	15	166	1	156	1.62e-41	136
Chlovari	CP@TRINITY_DN1035_c0_g1::CP@TRINITY_DN1035_c0_g1_i6::g.4819::m.4819	52.866	157	58	5	1	145	1	153	7.50e-49	154
Chlovari	CP@TRINITY_DN1035_c0_g1::CP@TRINITY_DN1035_c0_g1_i1::g.4814::m.4814	52.866	157	58	5	1	145	1	153	7.50e-49	154
Dunasali	CP@TRINITY_DN1035_c0_g1::CP@TRINITY_DN1035_c0_g1_i6::g.4819::m.4819	54.601	163	62	5	1	160	1	154	2.17e-48	154
Dunasali	CP@TRINITY_DN1035_c0_g1::CP@TRINITY_DN1035_c0_g1_i1::g.4814::m.4814	54.601	163	62	5	1	160	1	154	2.17e-48	154
Chlarein	CP@TRINITY_DN1035_c0_g1::CP@TRINITY_DN1035_c0_g1_i6::g.4819::m.4819	50.867	173	67	3	1	171	1	157	5.12e-48	153
Chlarein	CP@TRINITY_DN1035_c0_g1::CP@TRINITY_DN1035_c0_g1_i1::g.4814::m.4814	50.867	173	67	3	1	171	1	157	5.12e-48	153
Tetrasti	CP@TRINITY_DN1035_c0_g1::CP@TRINITY_DN1035_c0_g1_i6::g.4819::m.4819	58.065	155	61	3	46	197	1	154	3.27e-55	172
Tetrasti	CP@TRINITY_DN1035_c0_g1::CP@TRINITY_DN1035_c0_g1_i1::g.4814::m.4814	58.065	155	61	3	46	197	1	154	3.27e-55	172
Pyrapark	CP@TRINITY_DN1035_c0_g1::CP@TRINITY_DN1035_c0_g1_i6::g.4819::m.4819	56.140	171	57	7	1	167	1	157	4.90e-52	163
Pyrapark	CP@TRINITY_DN1035_c0_g1::CP@TRINITY_DN1035_c0_g1_i1::g.4814::m.4814	56.140	171	57	7	1	167	1	157	4.90e-52	163
Micrpusl	CP@TRINITY_DN1035_c0_g1::CP@TRINITY_DN1035_c0_g1_i6::g.4819::m.4819	51.429	140	62	1	1	140	1	134	5.96e-43	139
Micrpusl	CP@TRINITY_DN1035_c0_g1::CP@TRINITY_DN1035_c0_g1_i1::g.4814::m.4814	51.429	140	62	1	1	140	1	134	5.96e-43	139
Ostrtaur	CP@TRINITY_DN1035_c0_g1::CP@TRINITY_DN1035_c0_g1_i6::g.4819::m.4819	55.469	128	53	1	1	128	1	124	2.41e-45	145
Ostrtaur	CP@TRINITY_DN1035_c0_g1::CP@TRINITY_DN1035_c0_g1_i1::g.4814::m.4814	55.469	128	53	1	1	128	1	124	2.41e-45	145
Volvcart	CP@TRINITY_DN1035_c0_g1::CP@TRINITY_DN1035_c0_g1_i6::g.4819::m.4819	54.601	163	63	4	1	159	1	156	3.59e-49	155
Volvcart	CP@TRINITY_DN1035_c0_g1::CP@TRINITY_DN1035_c0_g1_i1::g.4814::m.4814	54.601	163	63	4	1	159	1	156	3.59e-49	155
Picosali	CP@TRINITY_DN1035_c0_g1::CP@TRINITY_DN1035_c0_g1_i6::g.4819::m.4819	56.774	155	58	4	75	221	1	154	4.52e-51	163
Picosali	CP@TRINITY_DN1035_c0_g1::CP@TRINITY_DN1035_c0_g1_i1::g.4814::m.4814	56.774	155	58	4	75	221	1	154	4.52e-51	163
Oryzsati	CP@TRINITY_DN1035_c0_g1::CP@TRINITY_DN1035_c0_g1_i6::g.4819::m.4819	47.337	169	71	5	1	166	1	154	5.64e-43	140
Oryzsati	CP@TRINITY_DN1035_c0_g1::CP@TRINITY_DN1035_c0_g1_i1::g.4814::m.4814	47.337	169	71	5	1	166	1	154	5.64e-43	140
Idiovort	CP@TRINITY_DN1035_c0_g1::CP@TRINITY_DN1035_c0_g1_i6::g.4819::m.4819	55.621	169	57	5	24	189	1	154	7.18e-51	162
Idiovort	CP@TRINITY_DN1035_c0_g1::CP@TRINITY_DN1035_c0_g1_i1::g.4814::m.4814	55.621	169	57	5	24	189	1	154	7.18e-51	162
Cyanpara	CP@TRINITY_DN1035_c0_g1::CP@TRINITY_DN1035_c0_g1_i6::g.4819::m.4819	46.927	179	69	4	18	194	1	155	3.45e-45	147
Cyanpara	CP@TRINITY_DN1035_c0_g1::CP@TRINITY_DN1035_c0_g1_i1::g.4814::m.4814	46.927	179	69	4	18	194	1	155	3.45e-45	147
Gloewitr	CP@TRINITY_DN1035_c0_g1::CP@TRINITY_DN1035_c0_g1_i6::g.4819::m.4819	49.711	173	65	7	42	211	1	154	2.14e-45	149
Gloewitr	CP@TRINITY_DN1035_c0_g1::CP@TRINITY_DN1035_c0_g1_i1::g.4814::m.4814	49.711	173	65	7	42	211	1	154	2.14e-45	149
Glauincr	CP@TRINITY_DN1035_c0_g1::CP@TRINITY_DN1035_c0_g1_i6::g.4819::m.4819	52.874	174	58	7	17	184	1	156	5.24e-50	159
Glauincr	CP@TRINITY_DN1035_c0_g1::CP@TRINITY_DN1035_c0_g1_i1::g.4814::m.4814	52.874	174	58	7	17	184	1	156	5.24e-50	159
Saprdecl	CP@TRINITY_DN1035_c0_g1::CP@TRINITY_DN1035_c0_g1_i6::g.4819::m.4819	61.667	120	44	2	1	119	1	119	7.09e-45	144
Saprdecl	CP@TRINITY_DN1035_c0_g1::CP@TRINITY_DN1035_c0_g1_i1::g.4814::m.4814	61.667	120	44	2	1	119	1	119	7.09e-45	144
Albulaib	CP@TRINITY_DN1035_c0_g1::CP@TRINITY_DN1035_c0_g1_i6::g.4819::m.4819	63.542	96	34	1	1	95	1	96	5.43e-42	136
Albulaib	CP@TRINITY_DN1035_c0_g1::CP@TRINITY_DN1035_c0_g1_i1::g.4814::m.4814	63.542	96	34	1	1	95	1	96	5.43e-42	136
Aplakerg	CP@TRINITY_DN1035_c0_g1::CP@TRINITY_DN1035_c0_g1_i6::g.4819::m.4819	50.000	156	64	4	1	144	1	154	4.15e-42	137
Aplakerg	CP@TRINITY_DN1035_c0_g1::CP@TRINITY_DN1035_c0_g1_i1::g.4814::m.4814	50.000	156	64	4	1	144	1	154	4.15e-42	137
Auralima	CP@TRINITY_DN1035_c0_g1::CP@TRINITY_DN1035_c0_g1_i6::g.4819::m.4819	51.572	159	72	3	1	158	1	155	4.90e-46	147
Auralima	CP@TRINITY_DN1035_c0_g1::CP@TRINITY_DN1035_c0_g1_i1::g.4814::m.4814	51.572	159	72	3	1	158	1	155	4.90e-46	147
ThraLLF1	CP@TRINITY_DN1035_c0_g1::CP@TRINITY_DN1035_c0_g1_i6::g.4819::m.4819	49.091	165	67	4	1	158	1	155	4.37e-44	142
ThraLLF1	CP@TRINITY_DN1035_c0_g1::CP@TRINITY_DN1035_c0_g1_i1::g.4814::m.4814	49.091	165	67	4	1	158	1	155	4.37e-44	142
Schiaggr	CP@TRINITY_DN1035_c0_g1::CP@TRINITY_DN1035_c0_g1_i6::g.4819::m.4819	52.597	154	56	4	1	137	1	154	4.76e-45	145
Schiaggr	CP@TRINITY_DN1035_c0_g1::CP@TRINITY_DN1035_c0_g1_i1::g.4814::m.4814	52.597	154	56	4	1	137	1	154	4.76e-45	145
Fucucera	CP@TRINITY_DN1035_c0_g1::CP@TRINITY_DN1035_c0_g1_i6::g.4819::m.4819	51.282	156	73	3	53	207	1	154	1.58e-44	145
Fucucera	CP@TRINITY_DN1035_c0_g1::CP@TRINITY_DN1035_c0_g1_i1::g.4814::m.4814	51.282	156	73	3	53	207	1	154	1.58e-44	145
Agarclat	CP@TRINITY_DN1035_c0_g1::CP@TRINITY_DN1035_c0_g1_i6::g.4819::m.4819	50.327	153	71	1	1	148	1	153	1.23e-46	149
Agarclat	CP@TRINITY_DN1035_c0_g1::CP@TRINITY_DN1035_c0_g1_i1::g.4814::m.4814	50.327	153	71	1	1	148	1	153	1.23e-46	149
PoterBG1	CP@TRINITY_DN1035_c0_g1::CP@TRINITY_DN1035_c0_g1_i6::g.4819::m.4819	48.611	144	56	3	1	131	1	139	1.33e-42	138
PoterBG1	CP@TRINITY_DN1035_c0_g1::CP@TRINITY_DN1035_c0_g1_i1::g.4814::m.4814	48.611	144	56	3	1	131	1	139	1.33e-42	138
Aureanop	CP@TRINITY_DN1035_c0_g1::CP@TRINITY_DN1035_c0_g1_i6::g.4819::m.4819	63.265	98	35	1	1	97	1	98	4.53e-43	137
Aureanop	CP@TRINITY_DN1035_c0_g1::CP@TRINITY_DN1035_c0_g1_i1::g.4814::m.4814	63.265	98	35	1	1	97	1	98	4.53e-43	137
Pela2097	CP@TRINITY_DN1035_c0_g1::CP@TRINITY_DN1035_c0_g1_i6::g.4819::m.4819	47.468	158	75	4	1	154	1	154	7.05e-44	142
Pela2097	CP@TRINITY_DN1035_c0_g1::CP@TRINITY_DN1035_c0_g1_i1::g.4814::m.4814	47.468	158	75	4	1	154	1	154	7.05e-44	142
Deveeleg	CP@TRINITY_DN1035_c0_g1::CP@TRINITY_DN1035_c0_g1_i6::g.4819::m.4819	46.753	154	62	3	7	140	1	154	2.16e-41	135
Deveeleg	CP@TRINITY_DN1035_c0_g1::CP@TRINITY_DN1035_c0_g1_i1::g.4814::m.4814	46.753	154	62	3	7	140	1	154	2.16e-41	135
Palpbili	CP@TRINITY_DN1035_c0_g1::CP@TRINITY_DN1035_c0_g1_i6::g.4819::m.4819	48.052	154	75	3	1	149	1	154	8.50e-43	139
Palpbili	CP@TRINITY_DN1035_c0_g1::CP@TRINITY_DN1035_c0_g1_i1::g.4814::m.4814	48.052	154	75	3	1	149	1	154	8.50e-43	139
Rhodlimn	CP@TRINITY_DN1035_c0_g1::CP@TRINITY_DN1035_c0_g1_i6::g.4819::m.4819	49.704	169	66	4	3	166	1	155	1.55e-48	154
Rhodlimn	CP@TRINITY_DN1035_c0_g1::CP@TRINITY_DN1035_c0_g1_i1::g.4814::m.4814	49.704	169	66	4	3	166	1	155	1.55e-48	154
Rhodemar	CP@TRINITY_DN1035_c0_g1::CP@TRINITY_DN1035_c0_g1_i6::g.4819::m.4819	52.071	169	64	4	3	167	1	156	1.26e-50	160
Rhodemar	CP@TRINITY_DN1035_c0_g1::CP@TRINITY_DN1035_c0_g1_i1::g.4814::m.4814	52.071	169	64	4	3	167	1	156	1.26e-50	160
Bafffrig	CP@TRINITY_DN1035_c0_g1::CP@TRINITY_DN1035_c0_g1_i6::g.4819::m.4819	47.170	159	80	2	22	180	1	155	1.87e-41	138
Bafffrig	CP@TRINITY_DN1035_c0_g1::CP@TRINITY_DN1035_c0_g1_i1::g.4814::m.4814	47.170	159	80	2	22	180	1	155	1.87e-41	138
Rhodsali	CP@TRINITY_DN1035_c0_g1::CP@TRINITY_DN1035_c0_g1_i6::g.4819::m.4819	51.299	154	54	4	12	144	1	154	5.77e-43	141
Rhodsali	CP@TRINITY_DN1035_c0_g1::CP@TRINITY_DN1035_c0_g1_i1::g.4814::m.4814	51.299	154	54	4	12	144	1	154	5.77e-43	141
Prympoly	CP@TRINITY_DN1035_c0_g1::CP@TRINITY_DN1035_c0_g1_i6::g.4819::m.4819	61.458	96	37	0	9	104	1	96	7.40e-43	138
Prympoly	CP@TRINITY_DN1035_c0_g1::CP@TRINITY_DN1035_c0_g1_i1::g.4814::m.4814	61.458	96	37	0	9	104	1	96	7.40e-43	138
Prymparv	CP@TRINITY_DN1035_c0_g1::CP@TRINITY_DN1035_c0_g1_i6::g.4819::m.4819	50.323	155	63	4	11	152	1	154	6.26e-42	137
Prymparv	CP@TRINITY_DN1035_c0_g1::CP@TRINITY_DN1035_c0_g1_i1::g.4814::m.4814	50.323	155	63	4	11	152	1	154	6.26e-42	137
Chrycart	CP@TRINITY_DN1035_c0_g1::CP@TRINITY_DN1035_c0_g1_i6::g.4819::m.4819	48.701	154	61	4	27	162	1	154	1.03e-41	137
Chrycart	CP@TRINITY_DN1035_c0_g1::CP@TRINITY_DN1035_c0_g1_i1::g.4814::m.4814	48.701	154	61	4	27	162	1	154	1.03e-41	137
Brevmoto	CP@TRINITY_DN1035_c0_g1::CP@TRINITY_DN1035_c0_g1_i6::g.4819::m.4819	45.833	168	70	4	1	162	1	153	7.02e-41	135
Brevmoto	CP@TRINITY_DN1035_c0_g1::CP@TRINITY_DN1035_c0_g1_i1::g.4814::m.4814	45.833	168	70	4	1	162	1	153	7.02e-41	135
Roomtrun	CP@TRINITY_DN1035_c0_g1::CP@TRINITY_DN1035_c0_g1_i6::g.4819::m.4819	51.786	168	64	5	12	176	1	154	7.77e-46	148
Roomtrun	CP@TRINITY_DN1035_c0_g1::CP@TRINITY_DN1035_c0_g1_i1::g.4814::m.4814	51.786	168	64	5	12	176	1	154	7.77e-46	148
Mesoviri	CP@TRINITY_DN1035_c0_g1::CP@TRINITY_DN1035_c0_g1_i6::g.4819::m.4819	62.791	129	41	4	1	128	1	123	1.16e-49	155
Mesoviri	CP@TRINITY_DN1035_c0_g1::CP@TRINITY_DN1035_c0_g1_i1::g.4814::m.4814	62.791	129	41	4	1	128	1	123	1.16e-49	155
Fabotrop	CP@TRINITY_DN1035_c0_g1::CP@TRINITY_DN1035_c0_g1_i6::g.4819::m.4819	55.696	158	62	4	53	206	1	154	5.29e-49	157
Fabotrop	CP@TRINITY_DN1035_c0_g1::CP@TRINITY_DN1035_c0_g1_i1::g.4814::m.4814	55.696	158	62	4	53	206	1	154	5.29e-49	157
Stensten	CP@TRINITY_DN1035_c0_g1::CP@TRINITY_DN1035_c0_g1_i6::g.4819::m.4819	55.000	120	49	3	1	119	1	116	4.66e-41	137
Stensten	CP@TRINITY_DN1035_c0_g1::CP@TRINITY_DN1035_c0_g1_i1::g.4814::m.4814	55.000	120	49	3	1	119	1	116	4.66e-41	137
ThecSK13	CP@TRINITY_DN1035_c0_g1::CP@TRINITY_DN1035_c0_g1_i6::g.4819::m.4819	50.968	155	68	4	14	160	1	155	1.13e-42	140
ThecSK13	CP@TRINITY_DN1035_c0_g1::CP@TRINITY_DN1035_c0_g1_i1::g.4814::m.4814	50.968	155	68	4	14	160	1	155	1.13e-42	140
Cavoapop	CP@TRINITY_DN1035_c0_g1::CP@TRINITY_DN1035_c0_g1_i6::g.4819::m.4819	51.282	156	69	4	10	158	1	156	7.50e-43	140
Cavoapop	CP@TRINITY_DN1035_c0_g1::CP@TRINITY_DN1035_c0_g1_i1::g.4814::m.4814	51.282	156	69	4	10	158	1	156	7.50e-43	140
Tychacut	CP@TRINITY_DN1035_c0_g1::CP@TRINITY_DN1035_c0_g1_i6::g.4819::m.4819	51.592	157	67	2	4	153	1	155	2.03e-48	155
Tychacut	CP@TRINITY_DN1035_c0_g1::CP@TRINITY_DN1035_c0_g1_i1::g.4814::m.4814	51.592	157	67	2	4	153	1	155	2.03e-48	155
Schivulg	CP@TRINITY_DN1035_c0_g1::CP@TRINITY_DN1035_c0_g1_i6::g.4819::m.4819	57.500	160	54	7	32	182	1	155	4.09e-49	157
Schivulg	CP@TRINITY_DN1035_c0_g1::CP@TRINITY_DN1035_c0_g1_i1::g.4814::m.4814	57.500	160	54	7	32	182	1	155	4.09e-49	157
Schivulg	CP@TRINITY_DN899_c0_g1::CP@TRINITY_DN899_c0_g1_i14::g.26149::m.26149	48.408	157	63	4	32	174	1	153	7.32e-41	136
Paralevi	CP@TRINITY_DN1035_c0_g1::CP@TRINITY_DN1035_c0_g1_i6::g.4819::m.4819	50.000	174	62	6	1	169	1	154	1.66e-44	145
Paralevi	CP@TRINITY_DN1035_c0_g1::CP@TRINITY_DN1035_c0_g1_i1::g.4814::m.4814	50.000	174	62	6	1	169	1	154	1.66e-44	145
Echibisp	CP@TRINITY_DN1035_c0_g1::CP@TRINITY_DN1035_c0_g1_i6::g.4819::m.4819	54.651	172	54	6	1	163	1	157	9.25e-49	156
Echibisp	CP@TRINITY_DN1035_c0_g1::CP@TRINITY_DN1035_c0_g1_i1::g.4814::m.4814	54.651	172	54	6	1	163	1	157	9.25e-49	156
Coprprot	CP@TRINITY_DN1035_c0_g1::CP@TRINITY_DN1035_c0_g1_i6::g.4819::m.4819	59.524	126	44	4	1	123	1	122	3.30e-46	147
Coprprot	CP@TRINITY_DN1035_c0_g1::CP@TRINITY_DN1035_c0_g1_i1::g.4814::m.4814	59.524	126	44	4	1	123	1	122	3.30e-46	147
Arcevulg	CP@TRINITY_DN1035_c0_g1::CP@TRINITY_DN1035_c0_g1_i6::g.4819::m.4819	50.909	165	61	6	1	152	1	158	5.88e-47	150
Arcevulg	CP@TRINITY_DN1035_c0_g1::CP@TRINITY_DN1035_c0_g1_i1::g.4814::m.4814	50.909	165	61	6	1	152	1	158	5.88e-47	150
Mayocant	CP@TRINITY_DN1035_c0_g1::CP@TRINITY_DN1035_c0_g1_i6::g.4819::m.4819	55.932	118	48	3	24	139	1	116	1.66e-41	138
Mayocant	CP@TRINITY_DN1035_c0_g1::CP@TRINITY_DN1035_c0_g1_i1::g.4814::m.4814	55.932	118	48	3	24	139	1	116	1.66e-41	138
Pellcata	CP@TRINITY_DN1035_c0_g1::CP@TRINITY_DN1035_c0_g1_i6::g.4819::m.4819	54.430	158	57	6	45	191	1	154	2.35e-45	148
Pellcata	CP@TRINITY_DN1035_c0_g1::CP@TRINITY_DN1035_c0_g1_i1::g.4814::m.4814	54.430	158	57	6	45	191	1	154	2.35e-45	148
Gocefonb	CP@TRINITY_DN1035_c0_g1::CP@TRINITY_DN1035_c0_g1_i6::g.4819::m.4819	54.545	143	54	4	1	137	1	138	3.99e-44	142
Gocefonb	CP@TRINITY_DN1035_c0_g1::CP@TRINITY_DN1035_c0_g1_i1::g.4814::m.4814	54.545	143	54	4	1	137	1	138	3.99e-44	142
Rigiramo	CP@TRINITY_DN1035_c0_g1::CP@TRINITY_DN1035_c0_g1_i6::g.4819::m.4819	51.534	163	61	5	10	163	1	154	6.78e-43	140
Rigiramo	CP@TRINITY_DN1035_c0_g1::CP@TRINITY_DN1035_c0_g1_i1::g.4814::m.4814	51.534	163	61	5	10	163	1	154	6.78e-43	140
Euglgrac	CP@TRINITY_DN1035_c0_g1::CP@TRINITY_DN1035_c0_g1_i6::g.4819::m.4819	53.691	149	55	6	1	143	1	141	4.30e-41	135
Euglgrac	CP@TRINITY_DN1035_c0_g1::CP@TRINITY_DN1035_c0_g1_i1::g.4814::m.4814	53.691	149	55	6	1	143	1	141	4.30e-41	135
Eutrgymn	CP@TRINITY_DN1035_c0_g1::CP@TRINITY_DN1035_c0_g1_i6::g.4819::m.4819	49.673	153	61	5	22	168	1	143	1.72e-42	139
Eutrgymn	CP@TRINITY_DN1035_c0_g1::CP@TRINITY_DN1035_c0_g1_i1::g.4814::m.4814	49.673	153	61	5	22	168	1	143	1.72e-42	139
HeterBB2	CP@TRINITY_DN1035_c0_g1::CP@TRINITY_DN1035_c0_g1_i6::g.4819::m.4819	55.474	137	48	4	11	142	1	129	7.47e-45	146
HeterBB2	CP@TRINITY_DN1035_c0_g1::CP@TRINITY_DN1035_c0_g1_i1::g.4814::m.4814	55.474	137	48	4	11	142	1	129	7.47e-45	146
Apismell	CP@TRINITY_DN1035_c0_g1::CP@TRINITY_DN1035_c0_g1_i6::g.4819::m.4819	74.051	158	39	1	1	158	1	156	3.42e-81	236
Apismell	CP@TRINITY_DN1035_c0_g1::CP@TRINITY_DN1035_c0_g1_i1::g.4814::m.4814	74.051	158	39	1	1	158	1	156	3.42e-81	236
Drosmela	CP@TRINITY_DN1035_c0_g1::CP@TRINITY_DN1035_c0_g1_i6::g.4819::m.4819	72.611	157	40	2	1	157	1	154	8.77e-75	220
Drosmela	CP@TRINITY_DN1035_c0_g1::CP@TRINITY_DN1035_c0_g1_i1::g.4814::m.4814	72.611	157	40	2	1	157	1	154	8.77e-75	220
Gallgall	CP@TRINITY_DN1035_c0_g1::CP@TRINITY_DN1035_c0_g1_i6::g.4819::m.4819	65.625	160	50	4	1	160	1	155	6.20e-66	198
Gallgall	CP@TRINITY_DN1035_c0_g1::CP@TRINITY_DN1035_c0_g1_i1::g.4814::m.4814	65.625	160	50	4	1	160	1	155	6.20e-66	198
Branflor	CP@TRINITY_DN1035_c0_g1::CP@TRINITY_DN1035_c0_g1_i6::g.4819::m.4819	71.519	158	43	2	1	157	1	157	9.87e-74	218
Branflor	CP@TRINITY_DN1035_c0_g1::CP@TRINITY_DN1035_c0_g1_i1::g.4814::m.4814	71.519	158	43	2	1	157	1	157	9.87e-74	218
Aplycali	CP@TRINITY_DN1035_c0_g1::CP@TRINITY_DN1035_c0_g1_i6::g.4819::m.4819	64.780	159	48	3	1	155	1	155	3.96e-65	196
Aplycali	CP@TRINITY_DN1035_c0_g1::CP@TRINITY_DN1035_c0_g1_i1::g.4814::m.4814	64.780	159	48	3	1	155	1	155	3.96e-65	196
Nutolong	CP@TRINITY_DN1035_c0_g1::CP@TRINITY_DN1035_c0_g1_i6::g.4819::m.4819	59.006	161	56	5	1	156	1	156	2.07e-54	169
Nutolong	CP@TRINITY_DN1035_c0_g1::CP@TRINITY_DN1035_c0_g1_i1::g.4814::m.4814	59.006	161	56	5	1	156	1	156	2.07e-54	169
Sphaarct	CP@TRINITY_DN1035_c0_g1::CP@TRINITY_DN1035_c0_g1_i6::g.4819::m.4819	61.538	156	54	3	1	151	1	155	7.12e-61	185
Sphaarct	CP@TRINITY_DN1035_c0_g1::CP@TRINITY_DN1035_c0_g1_i1::g.4814::m.4814	61.538	156	54	3	1	151	1	155	7.12e-61	185
Amoepara	CP@TRINITY_DN1035_c0_g1::CP@TRINITY_DN1035_c0_g1_i6::g.4819::m.4819	54.717	159	59	6	23	172	1	155	7.16e-48	153
Amoepara	CP@TRINITY_DN1035_c0_g1::CP@TRINITY_DN1035_c0_g1_i1::g.4814::m.4814	54.717	159	59	6	23	172	1	155	7.16e-48	153
Salprose	CP@TRINITY_DN1035_c0_g1::CP@TRINITY_DN1035_c0_g1_i6::g.4819::m.4819	56.129	155	64	2	1	151	1	155	1.24e-50	159
Salprose	CP@TRINITY_DN1035_c0_g1::CP@TRINITY_DN1035_c0_g1_i1::g.4814::m.4814	56.129	155	64	2	1	151	1	155	1.24e-50	159
Tricadha	CP@TRINITY_DN1035_c0_g1::CP@TRINITY_DN1035_c0_g1_i6::g.4819::m.4819	61.963	163	46	5	1	155	1	155	1.12e-59	182
Tricadha	CP@TRINITY_DN1035_c0_g1::CP@TRINITY_DN1035_c0_g1_i1::g.4814::m.4814	61.963	163	46	5	1	155	1	155	1.12e-59	182
Amphquee	CP@TRINITY_DN1035_c0_g1::CP@TRINITY_DN1035_c0_g1_i6::g.4819::m.4819	60.625	160	50	4	1	152	1	155	2.29e-57	176
Amphquee	CP@TRINITY_DN1035_c0_g1::CP@TRINITY_DN1035_c0_g1_i1::g.4814::m.4814	60.625	160	50	4	1	152	1	155	2.29e-57	176
Mnemleid	CP@TRINITY_DN1035_c0_g1::CP@TRINITY_DN1035_c0_g1_i6::g.4819::m.4819	59.877	162	47	4	11	160	1	156	3.40e-60	184
Mnemleid	CP@TRINITY_DN1035_c0_g1::CP@TRINITY_DN1035_c0_g1_i1::g.4814::m.4814	59.877	162	47	4	11	160	1	156	3.40e-60	184
Caeneleg	CP@TRINITY_DN1035_c0_g1::CP@TRINITY_DN1035_c0_g1_i6::g.4819::m.4819	57.962	157	54	5	1	146	1	156	8.59e-54	167
Caeneleg	CP@TRINITY_DN1035_c0_g1::CP@TRINITY_DN1035_c0_g1_i1::g.4814::m.4814	57.962	157	54	5	1	146	1	156	8.59e-54	167
Lenilimo	CP@TRINITY_DN1035_c0_g1::CP@TRINITY_DN1035_c0_g1_i6::g.4819::m.4819	53.103	145	54	3	1	136	1	140	2.41e-46	147
Lenilimo	CP@TRINITY_DN1035_c0_g1::CP@TRINITY_DN1035_c0_g1_i1::g.4814::m.4814	53.103	145	54	3	1	136	1	140	2.41e-46	147
Pygsbifo	CP@TRINITY_DN1035_c0_g1::CP@TRINITY_DN1035_c0_g1_i6::g.4819::m.4819	57.143	161	56	4	4	153	1	159	2.71e-55	171
Pygsbifo	CP@TRINITY_DN1035_c0_g1::CP@TRINITY_DN1035_c0_g1_i1::g.4814::m.4814	57.143	161	56	4	4	153	1	159	2.71e-55	171
Pharkirb	CP@TRINITY_DN1035_c0_g1::CP@TRINITY_DN1035_c0_g1_i6::g.4819::m.4819	51.974	152	66	2	1	145	1	152	3.76e-48	152
Pharkirb	CP@TRINITY_DN1035_c0_g1::CP@TRINITY_DN1035_c0_g1_i1::g.4814::m.4814	51.974	152	66	2	1	145	1	152	3.76e-48	152
Schizpom	CP@TRINITY_DN1035_c0_g1::CP@TRINITY_DN1035_c0_g1_i6::g.4819::m.4819	53.503	157	55	5	1	143	1	153	2.01e-45	145
Schizpom	CP@TRINITY_DN1035_c0_g1::CP@TRINITY_DN1035_c0_g1_i1::g.4814::m.4814	53.503	157	55	5	1	143	1	153	2.01e-45	145
Rhizdele	CP@TRINITY_DN1035_c0_g1::CP@TRINITY_DN1035_c0_g1_i6::g.4819::m.4819	52.903	155	62	2	1	144	1	155	1.24e-49	156
Rhizdele	CP@TRINITY_DN1035_c0_g1::CP@TRINITY_DN1035_c0_g1_i1::g.4814::m.4814	52.903	155	62	2	1	144	1	155	1.24e-49	156
Coprcine	CP@TRINITY_DN899_c0_g1::CP@TRINITY_DN899_c0_g1_i14::g.26149::m.26149	53.247	154	54	3	89	224	1	154	2.37e-47	154
Coprcine	CP@TRINITY_DN899_c0_g1::CP@TRINITY_DN899_c0_g1_i9::g.26159::m.26159	53.595	153	53	3	89	223	1	153	5.82e-47	153
Coprcine	CP@TRINITY_DN899_c0_g1::CP@TRINITY_DN899_c0_g1_i27::g.26156::m.26156	53.595	153	53	3	89	223	1	153	5.82e-47	153
Coprcine	CP@TRINITY_DN899_c0_g1::CP@TRINITY_DN899_c0_g1_i10::g.26148::m.26148	53.595	153	53	3	89	223	1	153	5.82e-47	153
Coprcine	CP@TRINITY_DN1035_c0_g1::CP@TRINITY_DN1035_c0_g1_i6::g.4819::m.4819	51.875	160	56	6	89	231	1	156	4.22e-43	143
Coprcine	CP@TRINITY_DN1035_c0_g1::CP@TRINITY_DN1035_c0_g1_i1::g.4814::m.4814	51.875	160	56	6	89	231	1	156	4.22e-43	143
Ustimayd	CP@TRINITY_DN1035_c0_g1::CP@TRINITY_DN1035_c0_g1_i6::g.4819::m.4819	54.268	164	62	5	1	157	1	158	4.92e-47	150
Ustimayd	CP@TRINITY_DN1035_c0_g1::CP@TRINITY_DN1035_c0_g1_i1::g.4814::m.4814	54.268	164	62	5	1	157	1	158	4.92e-47	150
Ustimayd	CP@TRINITY_DN899_c0_g1::CP@TRINITY_DN899_c0_g1_i14::g.26149::m.26149	46.541	159	71	4	1	149	1	155	2.39e-41	135
Ustimayd	CP@TRINITY_DN899_c0_g1::CP@TRINITY_DN899_c0_g1_i9::g.26159::m.26159	47.134	157	69	4	1	147	1	153	5.29e-41	135
Ustimayd	CP@TRINITY_DN899_c0_g1::CP@TRINITY_DN899_c0_g1_i27::g.26156::m.26156	47.134	157	69	4	1	147	1	153	5.29e-41	135
Ustimayd	CP@TRINITY_DN899_c0_g1::CP@TRINITY_DN899_c0_g1_i10::g.26148::m.26148	47.134	157	69	4	1	147	1	153	5.29e-41	135
Aspefumi	CP@TRINITY_DN899_c0_g1::CP@TRINITY_DN899_c0_g1_i14::g.26149::m.26149	51.613	155	60	4	1	142	1	153	1.21e-43	141
Aspefumi	CP@TRINITY_DN899_c0_g1::CP@TRINITY_DN899_c0_g1_i9::g.26159::m.26159	51.613	155	60	4	1	142	1	153	2.06e-43	141
Aspefumi	CP@TRINITY_DN899_c0_g1::CP@TRINITY_DN899_c0_g1_i27::g.26156::m.26156	51.613	155	60	4	1	142	1	153	2.06e-43	141
Aspefumi	CP@TRINITY_DN899_c0_g1::CP@TRINITY_DN899_c0_g1_i10::g.26148::m.26148	51.613	155	60	4	1	142	1	153	2.06e-43	141
Spizpunc	CP@TRINITY_DN1035_c0_g1::CP@TRINITY_DN1035_c0_g1_i6::g.4819::m.4819	55.556	162	62	6	1	158	1	156	2.52e-49	156
Spizpunc	CP@TRINITY_DN1035_c0_g1::CP@TRINITY_DN1035_c0_g1_i1::g.4814::m.4814	55.556	162	62	6	1	158	1	156	2.52e-49	156
Spizpunc	CP@TRINITY_DN899_c0_g1::CP@TRINITY_DN899_c0_g1_i14::g.26149::m.26149	50.311	161	60	6	1	149	1	153	8.78e-41	134
Blasbrit	CP@TRINITY_DN1035_c0_g1::CP@TRINITY_DN1035_c0_g1_i6::g.4819::m.4819	50.943	159	70	6	1	153	1	157	1.28e-43	141
Blasbrit	CP@TRINITY_DN1035_c0_g1::CP@TRINITY_DN1035_c0_g1_i1::g.4814::m.4814	50.943	159	70	6	1	153	1	157	1.28e-43	141
Allomacr	CP@TRINITY_DN1035_c0_g1::CP@TRINITY_DN1035_c0_g1_i6::g.4819::m.4819	52.229	157	64	4	1	148	1	155	2.72e-46	148
Allomacr	CP@TRINITY_DN1035_c0_g1::CP@TRINITY_DN1035_c0_g1_i1::g.4814::m.4814	52.229	157	64	4	1	148	1	155	2.72e-46	148
Allomacr	CP@TRINITY_DN899_c0_g1::CP@TRINITY_DN899_c0_g1_i14::g.26149::m.26149	48.052	154	65	3	1	140	1	153	4.82e-45	145
Allomacr	CP@TRINITY_DN899_c0_g1::CP@TRINITY_DN899_c0_g1_i9::g.26159::m.26159	48.052	154	65	3	1	140	1	153	8.78e-45	145
Allomacr	CP@TRINITY_DN899_c0_g1::CP@TRINITY_DN899_c0_g1_i27::g.26156::m.26156	48.052	154	65	3	1	140	1	153	8.78e-45	145
Allomacr	CP@TRINITY_DN899_c0_g1::CP@TRINITY_DN899_c0_g1_i10::g.26148::m.26148	48.052	154	65	3	1	140	1	153	8.78e-45	145
Physpate	CP@TRINITY_DN1035_c0_g1::CP@TRINITY_DN1035_c0_g1_i6::g.4819::m.4819	54.762	168	58	5	1	164	1	154	2.72e-52	164
Physpate	CP@TRINITY_DN1035_c0_g1::CP@TRINITY_DN1035_c0_g1_i1::g.4814::m.4814	54.762	168	58	5	1	164	1	154	2.72e-52	164
