Blasemer	CP@TRINITY_DN3939_c1_g1::CP@TRINITY_DN3939_c1_g1_i2::g.73604::m.73604	64.078	103	37	0	1	103	2	104	4.05e-47	147
Blasemer	CP@TRINITY_DN3939_c1_g1::CP@TRINITY_DN3939_c1_g1_i1::g.73603::m.73603	64.078	103	37	0	1	103	2	104	4.05e-47	147
Blasemer	CP@TRINITY_DN14248_c1_g1::CP@TRINITY_DN14248_c1_g1_i8::g.39989::m.39989	67.742	93	30	0	1	93	2	94	6.84e-44	139
Blasemer	CP@TRINITY_DN14248_c1_g1::CP@TRINITY_DN14248_c1_g1_i7::g.39984::m.39984	67.742	93	30	0	1	93	2	94	6.84e-44	139
Blasemer	CP@TRINITY_DN14248_c1_g1::CP@TRINITY_DN14248_c1_g1_i16::g.39977::m.39977	67.742	93	30	0	1	93	2	94	6.84e-44	139
Blasemer	CP@TRINITY_DN14248_c1_g1::CP@TRINITY_DN14248_c1_g1_i12::g.39970::m.39970	67.742	93	30	0	1	93	2	94	6.84e-44	139
Blasemer	CP@TRINITY_DN14248_c1_g1::CP@TRINITY_DN14248_c1_g1_i1::g.39966::m.39966	67.742	93	30	0	1	93	2	94	6.84e-44	139
Coralima	CP@TRINITY_DN3939_c1_g1::CP@TRINITY_DN3939_c1_g1_i2::g.73604::m.73604	62.037	108	38	1	1	105	1	108	1.86e-44	140
Coralima	CP@TRINITY_DN3939_c1_g1::CP@TRINITY_DN3939_c1_g1_i1::g.73603::m.73603	62.037	108	38	1	1	105	1	108	1.86e-44	140
Tetrasti	CP@TRINITY_DN3939_c1_g1::CP@TRINITY_DN3939_c1_g1_i2::g.73604::m.73604	66.000	100	34	0	37	136	1	100	1.80e-41	134
Tetrasti	CP@TRINITY_DN3939_c1_g1::CP@TRINITY_DN3939_c1_g1_i1::g.73603::m.73603	66.000	100	34	0	37	136	1	100	1.80e-41	134
Dunasali	CP@TRINITY_DN3939_c1_g1::CP@TRINITY_DN3939_c1_g1_i2::g.73604::m.73604	59.459	111	43	1	4	114	1	109	2.63e-42	135
Dunasali	CP@TRINITY_DN3939_c1_g1::CP@TRINITY_DN3939_c1_g1_i1::g.73603::m.73603	59.459	111	43	1	4	114	1	109	2.63e-42	135
Chlovari	CP@TRINITY_DN3939_c1_g1::CP@TRINITY_DN3939_c1_g1_i2::g.73604::m.73604	61.818	110	41	1	1	109	1	110	4.44e-44	139
Chlovari	CP@TRINITY_DN3939_c1_g1::CP@TRINITY_DN3939_c1_g1_i1::g.73603::m.73603	61.818	110	41	1	1	109	1	110	4.44e-44	139
Pyrapark	CP@TRINITY_DN3939_c1_g1::CP@TRINITY_DN3939_c1_g1_i2::g.73604::m.73604	63.393	112	35	2	1	108	1	110	2.73e-43	138
Pyrapark	CP@TRINITY_DN3939_c1_g1::CP@TRINITY_DN3939_c1_g1_i1::g.73603::m.73603	63.393	112	35	2	1	108	1	110	2.73e-43	138
Nephpyri	CP@TRINITY_DN3939_c1_g1::CP@TRINITY_DN3939_c1_g1_i2::g.73604::m.73604	62.963	108	38	1	1	108	1	106	6.46e-41	132
Nephpyri	CP@TRINITY_DN3939_c1_g1::CP@TRINITY_DN3939_c1_g1_i1::g.73603::m.73603	62.963	108	38	1	1	108	1	106	6.46e-41	132
TeloneP2	CP@TRINITY_DN3939_c1_g1::CP@TRINITY_DN3939_c1_g1_i2::g.73604::m.73604	62.376	101	38	0	17	117	1	101	1.93e-41	134
TeloneP2	CP@TRINITY_DN3939_c1_g1::CP@TRINITY_DN3939_c1_g1_i1::g.73603::m.73603	62.376	101	38	0	17	117	1	101	1.93e-41	134
Creofrag	CP@TRINITY_DN3939_c1_g1::CP@TRINITY_DN3939_c1_g1_i2::g.73604::m.73604	73.000	100	27	0	3	102	2	101	2.63e-50	156
Creofrag	CP@TRINITY_DN3939_c1_g1::CP@TRINITY_DN3939_c1_g1_i1::g.73603::m.73603	73.000	100	27	0	3	102	2	101	2.63e-50	156
Creofrag	CP@TRINITY_DN14248_c1_g1::CP@TRINITY_DN14248_c1_g1_i8::g.39989::m.39989	69.892	93	28	0	3	95	2	94	3.62e-43	137
Creofrag	CP@TRINITY_DN14248_c1_g1::CP@TRINITY_DN14248_c1_g1_i7::g.39984::m.39984	69.892	93	28	0	3	95	2	94	3.62e-43	137
Creofrag	CP@TRINITY_DN14248_c1_g1::CP@TRINITY_DN14248_c1_g1_i16::g.39977::m.39977	69.892	93	28	0	3	95	2	94	3.62e-43	137
Creofrag	CP@TRINITY_DN14248_c1_g1::CP@TRINITY_DN14248_c1_g1_i12::g.39970::m.39970	69.892	93	28	0	3	95	2	94	3.62e-43	137
Creofrag	CP@TRINITY_DN14248_c1_g1::CP@TRINITY_DN14248_c1_g1_i1::g.39966::m.39966	69.892	93	28	0	3	95	2	94	3.62e-43	137
Sphadest	CP@TRINITY_DN3939_c1_g1::CP@TRINITY_DN3939_c1_g1_i2::g.73604::m.73604	72.277	101	28	0	1	101	1	101	6.97e-51	157
Sphadest	CP@TRINITY_DN3939_c1_g1::CP@TRINITY_DN3939_c1_g1_i1::g.73603::m.73603	72.277	101	28	0	1	101	1	101	6.97e-51	157
Sphadest	CP@TRINITY_DN14248_c1_g1::CP@TRINITY_DN14248_c1_g1_i8::g.39989::m.39989	65.957	94	32	0	1	94	1	94	9.84e-43	136
Sphadest	CP@TRINITY_DN14248_c1_g1::CP@TRINITY_DN14248_c1_g1_i7::g.39984::m.39984	65.957	94	32	0	1	94	1	94	9.84e-43	136
Sphadest	CP@TRINITY_DN14248_c1_g1::CP@TRINITY_DN14248_c1_g1_i16::g.39977::m.39977	65.957	94	32	0	1	94	1	94	9.84e-43	136
Sphadest	CP@TRINITY_DN14248_c1_g1::CP@TRINITY_DN14248_c1_g1_i12::g.39970::m.39970	65.957	94	32	0	1	94	1	94	9.84e-43	136
Sphadest	CP@TRINITY_DN14248_c1_g1::CP@TRINITY_DN14248_c1_g1_i1::g.39966::m.39966	65.957	94	32	0	1	94	1	94	9.84e-43	136
Homosapi	CP@TRINITY_DN3939_c1_g1::CP@TRINITY_DN3939_c1_g1_i2::g.73604::m.73604	81.481	108	20	0	21	128	1	108	1.37e-59	180
Homosapi	CP@TRINITY_DN3939_c1_g1::CP@TRINITY_DN3939_c1_g1_i1::g.73603::m.73603	81.481	108	20	0	21	128	1	108	1.37e-59	180
Homosapi	CP@TRINITY_DN14248_c1_g1::CP@TRINITY_DN14248_c1_g1_i8::g.39989::m.39989	69.149	94	29	0	21	114	1	94	9.55e-46	144
Homosapi	CP@TRINITY_DN14248_c1_g1::CP@TRINITY_DN14248_c1_g1_i7::g.39984::m.39984	69.149	94	29	0	21	114	1	94	9.55e-46	144
Homosapi	CP@TRINITY_DN14248_c1_g1::CP@TRINITY_DN14248_c1_g1_i16::g.39977::m.39977	69.149	94	29	0	21	114	1	94	9.55e-46	144
Homosapi	CP@TRINITY_DN14248_c1_g1::CP@TRINITY_DN14248_c1_g1_i12::g.39970::m.39970	69.149	94	29	0	21	114	1	94	9.55e-46	144
Homosapi	CP@TRINITY_DN14248_c1_g1::CP@TRINITY_DN14248_c1_g1_i1::g.39966::m.39966	69.149	94	29	0	21	114	1	94	9.55e-46	144
Nemavect	CP@TRINITY_DN3939_c1_g1::CP@TRINITY_DN3939_c1_g1_i2::g.73604::m.73604	82.178	101	18	0	1	101	1	101	8.35e-56	170
Nemavect	CP@TRINITY_DN3939_c1_g1::CP@TRINITY_DN3939_c1_g1_i1::g.73603::m.73603	82.178	101	18	0	1	101	1	101	8.35e-56	170
Nemavect	CP@TRINITY_DN14248_c1_g1::CP@TRINITY_DN14248_c1_g1_i8::g.39989::m.39989	70.968	93	27	0	1	93	1	93	2.43e-45	143
Nemavect	CP@TRINITY_DN14248_c1_g1::CP@TRINITY_DN14248_c1_g1_i7::g.39984::m.39984	70.968	93	27	0	1	93	1	93	2.43e-45	143
Nemavect	CP@TRINITY_DN14248_c1_g1::CP@TRINITY_DN14248_c1_g1_i16::g.39977::m.39977	70.968	93	27	0	1	93	1	93	2.43e-45	143
Nemavect	CP@TRINITY_DN14248_c1_g1::CP@TRINITY_DN14248_c1_g1_i12::g.39970::m.39970	70.968	93	27	0	1	93	1	93	2.43e-45	143
Nemavect	CP@TRINITY_DN14248_c1_g1::CP@TRINITY_DN14248_c1_g1_i1::g.39966::m.39966	70.968	93	27	0	1	93	1	93	2.43e-45	143
Capsowcz	CP@TRINITY_DN3939_c1_g1::CP@TRINITY_DN3939_c1_g1_i2::g.73604::m.73604	72.277	101	28	0	1	101	1	101	1.27e-50	157
Capsowcz	CP@TRINITY_DN3939_c1_g1::CP@TRINITY_DN3939_c1_g1_i1::g.73603::m.73603	72.277	101	28	0	1	101	1	101	1.27e-50	157
Capsowcz	CP@TRINITY_DN14248_c1_g1::CP@TRINITY_DN14248_c1_g1_i8::g.39989::m.39989	67.021	94	31	0	1	94	1	94	1.65e-44	141
Capsowcz	CP@TRINITY_DN14248_c1_g1::CP@TRINITY_DN14248_c1_g1_i7::g.39984::m.39984	67.021	94	31	0	1	94	1	94	1.65e-44	141
Capsowcz	CP@TRINITY_DN14248_c1_g1::CP@TRINITY_DN14248_c1_g1_i16::g.39977::m.39977	67.021	94	31	0	1	94	1	94	1.65e-44	141
Capsowcz	CP@TRINITY_DN14248_c1_g1::CP@TRINITY_DN14248_c1_g1_i12::g.39970::m.39970	67.021	94	31	0	1	94	1	94	1.65e-44	141
Capsowcz	CP@TRINITY_DN14248_c1_g1::CP@TRINITY_DN14248_c1_g1_i1::g.39966::m.39966	67.021	94	31	0	1	94	1	94	1.65e-44	141
Parvatla	CP@TRINITY_DN3939_c1_g1::CP@TRINITY_DN3939_c1_g1_i2::g.73604::m.73604	69.307	101	31	0	6	106	1	101	2.80e-50	156
Parvatla	CP@TRINITY_DN3939_c1_g1::CP@TRINITY_DN3939_c1_g1_i1::g.73603::m.73603	69.307	101	31	0	6	106	1	101	2.80e-50	156
Parvatla	CP@TRINITY_DN14248_c1_g1::CP@TRINITY_DN14248_c1_g1_i8::g.39989::m.39989	70.213	94	28	0	6	99	1	94	3.04e-46	145
Parvatla	CP@TRINITY_DN14248_c1_g1::CP@TRINITY_DN14248_c1_g1_i7::g.39984::m.39984	70.213	94	28	0	6	99	1	94	3.04e-46	145
Parvatla	CP@TRINITY_DN14248_c1_g1::CP@TRINITY_DN14248_c1_g1_i16::g.39977::m.39977	70.213	94	28	0	6	99	1	94	3.04e-46	145
Parvatla	CP@TRINITY_DN14248_c1_g1::CP@TRINITY_DN14248_c1_g1_i12::g.39970::m.39970	70.213	94	28	0	6	99	1	94	3.04e-46	145
Parvatla	CP@TRINITY_DN14248_c1_g1::CP@TRINITY_DN14248_c1_g1_i1::g.39966::m.39966	70.213	94	28	0	6	99	1	94	3.04e-46	145
Pigoviet	CP@TRINITY_DN3939_c1_g1::CP@TRINITY_DN3939_c1_g1_i2::g.73604::m.73604	75.229	109	26	1	22	129	1	109	7.94e-56	171
Pigoviet	CP@TRINITY_DN3939_c1_g1::CP@TRINITY_DN3939_c1_g1_i1::g.73603::m.73603	75.229	109	26	1	22	129	1	109	7.94e-56	171
Pigoviet	CP@TRINITY_DN14248_c1_g1::CP@TRINITY_DN14248_c1_g1_i8::g.39989::m.39989	72.340	94	26	0	22	115	1	94	8.10e-46	145
Pigoviet	CP@TRINITY_DN14248_c1_g1::CP@TRINITY_DN14248_c1_g1_i7::g.39984::m.39984	72.340	94	26	0	22	115	1	94	8.10e-46	145
Pigoviet	CP@TRINITY_DN14248_c1_g1::CP@TRINITY_DN14248_c1_g1_i16::g.39977::m.39977	72.340	94	26	0	22	115	1	94	8.10e-46	145
Pigoviet	CP@TRINITY_DN14248_c1_g1::CP@TRINITY_DN14248_c1_g1_i12::g.39970::m.39970	72.340	94	26	0	22	115	1	94	8.10e-46	145
Pigoviet	CP@TRINITY_DN14248_c1_g1::CP@TRINITY_DN14248_c1_g1_i1::g.39966::m.39966	72.340	94	26	0	22	115	1	94	8.10e-46	145
Sacccere	CP@TRINITY_DN3939_c1_g1::CP@TRINITY_DN3939_c1_g1_i2::g.73604::m.73604	72.115	104	27	1	1	104	1	102	4.57e-48	150
Sacccere	CP@TRINITY_DN3939_c1_g1::CP@TRINITY_DN3939_c1_g1_i1::g.73603::m.73603	72.115	104	27	1	1	104	1	102	4.57e-48	150
Sacccere	CP@TRINITY_DN14248_c1_g1::CP@TRINITY_DN14248_c1_g1_i8::g.39989::m.39989	64.894	94	33	0	1	94	1	94	3.69e-41	132
Sacccere	CP@TRINITY_DN14248_c1_g1::CP@TRINITY_DN14248_c1_g1_i7::g.39984::m.39984	64.894	94	33	0	1	94	1	94	3.69e-41	132
Sacccere	CP@TRINITY_DN14248_c1_g1::CP@TRINITY_DN14248_c1_g1_i16::g.39977::m.39977	64.894	94	33	0	1	94	1	94	3.69e-41	132
Sacccere	CP@TRINITY_DN14248_c1_g1::CP@TRINITY_DN14248_c1_g1_i12::g.39970::m.39970	64.894	94	33	0	1	94	1	94	3.69e-41	132
Sacccere	CP@TRINITY_DN14248_c1_g1::CP@TRINITY_DN14248_c1_g1_i1::g.39966::m.39966	64.894	94	33	0	1	94	1	94	3.69e-41	132
Styginca	CP@TRINITY_DN14248_c1_g1::CP@TRINITY_DN14248_c1_g1_i8::g.39989::m.39989	73.118	93	25	0	1	93	1	93	2.75e-44	139
Styginca	CP@TRINITY_DN14248_c1_g1::CP@TRINITY_DN14248_c1_g1_i7::g.39984::m.39984	73.118	93	25	0	1	93	1	93	2.75e-44	139
Styginca	CP@TRINITY_DN14248_c1_g1::CP@TRINITY_DN14248_c1_g1_i16::g.39977::m.39977	73.118	93	25	0	1	93	1	93	2.75e-44	139
Styginca	CP@TRINITY_DN14248_c1_g1::CP@TRINITY_DN14248_c1_g1_i12::g.39970::m.39970	73.118	93	25	0	1	93	1	93	2.75e-44	139
Styginca	CP@TRINITY_DN14248_c1_g1::CP@TRINITY_DN14248_c1_g1_i1::g.39966::m.39966	73.118	93	25	0	1	93	1	93	2.75e-44	139
Styginca	CP@TRINITY_DN3939_c1_g1::CP@TRINITY_DN3939_c1_g1_i2::g.73604::m.73604	66.327	98	33	0	1	98	1	98	1.07e-41	134
Styginca	CP@TRINITY_DN3939_c1_g1::CP@TRINITY_DN3939_c1_g1_i1::g.73603::m.73603	66.327	98	33	0	1	98	1	98	1.07e-41	134
Andagodo	CP@TRINITY_DN3939_c1_g1::CP@TRINITY_DN3939_c1_g1_i2::g.73604::m.73604	64.815	108	35	1	14	118	1	108	8.33e-43	137
Andagodo	CP@TRINITY_DN3939_c1_g1::CP@TRINITY_DN3939_c1_g1_i1::g.73603::m.73603	64.815	108	35	1	14	118	1	108	8.33e-43	137
Hemirufe	CP@TRINITY_DN3939_c1_g1::CP@TRINITY_DN3939_c1_g1_i2::g.73604::m.73604	69.307	101	31	0	14	114	1	101	2.07e-47	149
Hemirufe	CP@TRINITY_DN3939_c1_g1::CP@TRINITY_DN3939_c1_g1_i1::g.73603::m.73603	69.307	101	31	0	14	114	1	101	2.07e-47	149
Hemirufe	CP@TRINITY_DN14248_c1_g1::CP@TRINITY_DN14248_c1_g1_i8::g.39989::m.39989	68.817	93	29	0	14	106	1	93	1.40e-41	134
Hemirufe	CP@TRINITY_DN14248_c1_g1::CP@TRINITY_DN14248_c1_g1_i7::g.39984::m.39984	68.817	93	29	0	14	106	1	93	1.40e-41	134
Hemirufe	CP@TRINITY_DN14248_c1_g1::CP@TRINITY_DN14248_c1_g1_i16::g.39977::m.39977	68.817	93	29	0	14	106	1	93	1.40e-41	134
Hemirufe	CP@TRINITY_DN14248_c1_g1::CP@TRINITY_DN14248_c1_g1_i12::g.39970::m.39970	68.817	93	29	0	14	106	1	93	1.40e-41	134
Hemirufe	CP@TRINITY_DN14248_c1_g1::CP@TRINITY_DN14248_c1_g1_i1::g.39966::m.39966	68.817	93	29	0	14	106	1	93	1.40e-41	134
Guilthet	CP@TRINITY_DN3939_c1_g1::CP@TRINITY_DN3939_c1_g1_i2::g.73604::m.73604	69.444	108	31	1	1	106	1	108	2.96e-51	158
Guilthet	CP@TRINITY_DN3939_c1_g1::CP@TRINITY_DN3939_c1_g1_i1::g.73603::m.73603	69.444	108	31	1	1	106	1	108	2.96e-51	158
Guilthet	CP@TRINITY_DN14248_c1_g1::CP@TRINITY_DN14248_c1_g1_i8::g.39989::m.39989	69.892	93	28	0	1	93	1	93	8.73e-44	139
Guilthet	CP@TRINITY_DN14248_c1_g1::CP@TRINITY_DN14248_c1_g1_i7::g.39984::m.39984	69.892	93	28	0	1	93	1	93	8.73e-44	139
Guilthet	CP@TRINITY_DN14248_c1_g1::CP@TRINITY_DN14248_c1_g1_i16::g.39977::m.39977	69.892	93	28	0	1	93	1	93	8.73e-44	139
Guilthet	CP@TRINITY_DN14248_c1_g1::CP@TRINITY_DN14248_c1_g1_i12::g.39970::m.39970	69.892	93	28	0	1	93	1	93	8.73e-44	139
Guilthet	CP@TRINITY_DN14248_c1_g1::CP@TRINITY_DN14248_c1_g1_i1::g.39966::m.39966	69.892	93	28	0	1	93	1	93	8.73e-44	139
Goniavon	CP@TRINITY_DN3939_c1_g1::CP@TRINITY_DN3939_c1_g1_i2::g.73604::m.73604	67.327	101	33	0	52	152	1	101	1.58e-45	146
Goniavon	CP@TRINITY_DN3939_c1_g1::CP@TRINITY_DN3939_c1_g1_i1::g.73603::m.73603	67.327	101	33	0	52	152	1	101	1.58e-45	146
Goniavon	CP@TRINITY_DN14248_c1_g1::CP@TRINITY_DN14248_c1_g1_i8::g.39989::m.39989	62.609	115	40	1	52	163	1	115	3.44e-44	142
Goniavon	CP@TRINITY_DN14248_c1_g1::CP@TRINITY_DN14248_c1_g1_i7::g.39984::m.39984	62.609	115	40	1	52	163	1	115	3.44e-44	142
Goniavon	CP@TRINITY_DN14248_c1_g1::CP@TRINITY_DN14248_c1_g1_i16::g.39977::m.39977	62.609	115	40	1	52	163	1	115	3.44e-44	142
Goniavon	CP@TRINITY_DN14248_c1_g1::CP@TRINITY_DN14248_c1_g1_i12::g.39970::m.39970	62.609	115	40	1	52	163	1	115	3.44e-44	142
Goniavon	CP@TRINITY_DN14248_c1_g1::CP@TRINITY_DN14248_c1_g1_i1::g.39966::m.39966	62.609	115	40	1	52	163	1	115	3.44e-44	142
Oxyrmari	CP@TRINITY_DN3939_c1_g1::CP@TRINITY_DN3939_c1_g1_i2::g.73604::m.73604	68.000	100	32	0	1	100	1	100	4.55e-44	139
Oxyrmari	CP@TRINITY_DN3939_c1_g1::CP@TRINITY_DN3939_c1_g1_i1::g.73603::m.73603	68.000	100	32	0	1	100	1	100	4.55e-44	139
Plasfalc	CP@TRINITY_DN14248_c1_g1::CP@TRINITY_DN14248_c1_g1_i8::g.39989::m.39989	70.968	93	27	0	1	93	1	93	2.91e-42	134
Plasfalc	CP@TRINITY_DN14248_c1_g1::CP@TRINITY_DN14248_c1_g1_i7::g.39984::m.39984	70.968	93	27	0	1	93	1	93	2.91e-42	134
Plasfalc	CP@TRINITY_DN14248_c1_g1::CP@TRINITY_DN14248_c1_g1_i16::g.39977::m.39977	70.968	93	27	0	1	93	1	93	2.91e-42	134
Plasfalc	CP@TRINITY_DN14248_c1_g1::CP@TRINITY_DN14248_c1_g1_i12::g.39970::m.39970	70.968	93	27	0	1	93	1	93	2.91e-42	134
Plasfalc	CP@TRINITY_DN14248_c1_g1::CP@TRINITY_DN14248_c1_g1_i1::g.39966::m.39966	70.968	93	27	0	1	93	1	93	2.91e-42	134
Plasfalc	CP@TRINITY_DN3939_c1_g1::CP@TRINITY_DN3939_c1_g1_i2::g.73604::m.73604	68.421	95	30	0	1	95	1	95	3.11e-42	135
Plasfalc	CP@TRINITY_DN3939_c1_g1::CP@TRINITY_DN3939_c1_g1_i1::g.73603::m.73603	68.421	95	30	0	1	95	1	95	3.11e-42	135
Eimebrun	CP@TRINITY_DN3939_c1_g1::CP@TRINITY_DN3939_c1_g1_i2::g.73604::m.73604	65.306	98	34	0	1	98	1	98	3.27e-41	132
Eimebrun	CP@TRINITY_DN3939_c1_g1::CP@TRINITY_DN3939_c1_g1_i1::g.73603::m.73603	65.306	98	34	0	1	98	1	98	3.27e-41	132
Vitrbras	CP@TRINITY_DN3939_c1_g1::CP@TRINITY_DN3939_c1_g1_i2::g.73604::m.73604	63.636	110	37	1	1	107	1	110	5.41e-48	149
Vitrbras	CP@TRINITY_DN3939_c1_g1::CP@TRINITY_DN3939_c1_g1_i1::g.73603::m.73603	63.636	110	37	1	1	107	1	110	5.41e-48	149
Vitrbras	CP@TRINITY_DN14248_c1_g1::CP@TRINITY_DN14248_c1_g1_i8::g.39989::m.39989	61.739	115	39	1	1	110	1	115	1.02e-42	136
Vitrbras	CP@TRINITY_DN14248_c1_g1::CP@TRINITY_DN14248_c1_g1_i7::g.39984::m.39984	61.739	115	39	1	1	110	1	115	1.02e-42	136
Vitrbras	CP@TRINITY_DN14248_c1_g1::CP@TRINITY_DN14248_c1_g1_i16::g.39977::m.39977	61.739	115	39	1	1	110	1	115	1.02e-42	136
Vitrbras	CP@TRINITY_DN14248_c1_g1::CP@TRINITY_DN14248_c1_g1_i12::g.39970::m.39970	61.739	115	39	1	1	110	1	115	1.02e-42	136
Vitrbras	CP@TRINITY_DN14248_c1_g1::CP@TRINITY_DN14248_c1_g1_i1::g.39966::m.39966	61.739	115	39	1	1	110	1	115	1.02e-42	136
HemaVICK	CP@TRINITY_DN3939_c1_g1::CP@TRINITY_DN3939_c1_g1_i2::g.73604::m.73604	70.000	100	30	0	11	110	1	100	8.73e-49	152
HemaVICK	CP@TRINITY_DN3939_c1_g1::CP@TRINITY_DN3939_c1_g1_i1::g.73603::m.73603	70.000	100	30	0	11	110	1	100	8.73e-49	152
Noctscin	CP@TRINITY_DN3939_c1_g1::CP@TRINITY_DN3939_c1_g1_i2::g.73604::m.73604	67.391	92	30	0	17	108	1	92	2.01e-41	134
Noctscin	CP@TRINITY_DN3939_c1_g1::CP@TRINITY_DN3939_c1_g1_i1::g.73603::m.73603	67.391	92	30	0	17	108	1	92	2.01e-41	134
Naeggrub	CP@TRINITY_DN3939_c1_g1::CP@TRINITY_DN3939_c1_g1_i2::g.73604::m.73604	64.286	98	35	0	1	98	1	98	2.62e-42	135
Naeggrub	CP@TRINITY_DN3939_c1_g1::CP@TRINITY_DN3939_c1_g1_i1::g.73603::m.73603	64.286	98	35	0	1	98	1	98	2.62e-42	135
Naeggrub	CP@TRINITY_DN14248_c1_g1::CP@TRINITY_DN14248_c1_g1_i8::g.39989::m.39989	63.441	93	34	0	1	93	1	93	2.65e-42	134
Naeggrub	CP@TRINITY_DN14248_c1_g1::CP@TRINITY_DN14248_c1_g1_i7::g.39984::m.39984	63.441	93	34	0	1	93	1	93	2.65e-42	134
Naeggrub	CP@TRINITY_DN14248_c1_g1::CP@TRINITY_DN14248_c1_g1_i16::g.39977::m.39977	63.441	93	34	0	1	93	1	93	2.65e-42	134
Naeggrub	CP@TRINITY_DN14248_c1_g1::CP@TRINITY_DN14248_c1_g1_i12::g.39970::m.39970	63.441	93	34	0	1	93	1	93	2.65e-42	134
Naeggrub	CP@TRINITY_DN14248_c1_g1::CP@TRINITY_DN14248_c1_g1_i1::g.39966::m.39966	63.441	93	34	0	1	93	1	93	2.65e-42	134
Plasbras	CP@TRINITY_DN14248_c1_g1::CP@TRINITY_DN14248_c1_g1_i8::g.39989::m.39989	69.149	94	29	0	1	94	1	94	1.18e-44	142
Plasbras	CP@TRINITY_DN14248_c1_g1::CP@TRINITY_DN14248_c1_g1_i7::g.39984::m.39984	69.149	94	29	0	1	94	1	94	1.18e-44	142
Plasbras	CP@TRINITY_DN14248_c1_g1::CP@TRINITY_DN14248_c1_g1_i16::g.39977::m.39977	69.149	94	29	0	1	94	1	94	1.18e-44	142
Plasbras	CP@TRINITY_DN14248_c1_g1::CP@TRINITY_DN14248_c1_g1_i12::g.39970::m.39970	69.149	94	29	0	1	94	1	94	1.18e-44	142
Plasbras	CP@TRINITY_DN14248_c1_g1::CP@TRINITY_DN14248_c1_g1_i1::g.39966::m.39966	69.149	94	29	0	1	94	1	94	1.18e-44	142
Plasbras	CP@TRINITY_DN3939_c1_g1::CP@TRINITY_DN3939_c1_g1_i2::g.73604::m.73604	63.107	103	38	0	1	103	1	103	1.76e-42	137
Plasbras	CP@TRINITY_DN3939_c1_g1::CP@TRINITY_DN3939_c1_g1_i1::g.73603::m.73603	63.107	103	38	0	1	103	1	103	1.76e-42	137
Lapoguse	CP@TRINITY_DN3939_c1_g1::CP@TRINITY_DN3939_c1_g1_i2::g.73604::m.73604	64.356	101	36	0	1	101	1	101	1.25e-44	141
Lapoguse	CP@TRINITY_DN3939_c1_g1::CP@TRINITY_DN3939_c1_g1_i1::g.73603::m.73603	64.356	101	36	0	1	101	1	101	1.25e-44	141
Lapoguse	CP@TRINITY_DN14248_c1_g1::CP@TRINITY_DN14248_c1_g1_i8::g.39989::m.39989	67.742	93	30	0	1	93	1	93	4.55e-42	134
Lapoguse	CP@TRINITY_DN14248_c1_g1::CP@TRINITY_DN14248_c1_g1_i7::g.39984::m.39984	67.742	93	30	0	1	93	1	93	4.55e-42	134
Lapoguse	CP@TRINITY_DN14248_c1_g1::CP@TRINITY_DN14248_c1_g1_i16::g.39977::m.39977	67.742	93	30	0	1	93	1	93	4.55e-42	134
Lapoguse	CP@TRINITY_DN14248_c1_g1::CP@TRINITY_DN14248_c1_g1_i12::g.39970::m.39970	67.742	93	30	0	1	93	1	93	4.55e-42	134
Lapoguse	CP@TRINITY_DN14248_c1_g1::CP@TRINITY_DN14248_c1_g1_i1::g.39966::m.39966	67.742	93	30	0	1	93	1	93	4.55e-42	134
Aurisoli	CP@TRINITY_DN3939_c1_g1::CP@TRINITY_DN3939_c1_g1_i2::g.73604::m.73604	61.468	109	42	0	1	109	1	109	1.07e-44	142
Aurisoli	CP@TRINITY_DN3939_c1_g1::CP@TRINITY_DN3939_c1_g1_i1::g.73603::m.73603	61.468	109	42	0	1	109	1	109	1.07e-44	142
Aurisoli	CP@TRINITY_DN14248_c1_g1::CP@TRINITY_DN14248_c1_g1_i8::g.39989::m.39989	65.909	88	30	0	1	88	1	88	9.36e-41	132
Aurisoli	CP@TRINITY_DN14248_c1_g1::CP@TRINITY_DN14248_c1_g1_i7::g.39984::m.39984	65.909	88	30	0	1	88	1	88	9.36e-41	132
Aurisoli	CP@TRINITY_DN14248_c1_g1::CP@TRINITY_DN14248_c1_g1_i16::g.39977::m.39977	65.909	88	30	0	1	88	1	88	9.36e-41	132
Aurisoli	CP@TRINITY_DN14248_c1_g1::CP@TRINITY_DN14248_c1_g1_i12::g.39970::m.39970	65.909	88	30	0	1	88	1	88	9.36e-41	132
Aurisoli	CP@TRINITY_DN14248_c1_g1::CP@TRINITY_DN14248_c1_g1_i1::g.39966::m.39966	65.909	88	30	0	1	88	1	88	9.36e-41	132
Paulchro	CP@TRINITY_DN3939_c1_g1::CP@TRINITY_DN3939_c1_g1_i2::g.73604::m.73604	55.556	108	48	0	1	108	1	108	1.63e-41	135
Paulchro	CP@TRINITY_DN3939_c1_g1::CP@TRINITY_DN3939_c1_g1_i1::g.73603::m.73603	55.556	108	48	0	1	108	1	108	1.63e-41	135
Leptvora	CP@TRINITY_DN14248_c1_g1::CP@TRINITY_DN14248_c1_g1_i8::g.39989::m.39989	56.410	117	51	0	1	117	1	117	1.01e-42	136
Leptvora	CP@TRINITY_DN14248_c1_g1::CP@TRINITY_DN14248_c1_g1_i7::g.39984::m.39984	56.410	117	51	0	1	117	1	117	1.01e-42	136
Leptvora	CP@TRINITY_DN14248_c1_g1::CP@TRINITY_DN14248_c1_g1_i16::g.39977::m.39977	56.410	117	51	0	1	117	1	117	1.01e-42	136
Leptvora	CP@TRINITY_DN14248_c1_g1::CP@TRINITY_DN14248_c1_g1_i12::g.39970::m.39970	56.410	117	51	0	1	117	1	117	1.01e-42	136
Leptvora	CP@TRINITY_DN14248_c1_g1::CP@TRINITY_DN14248_c1_g1_i1::g.39966::m.39966	56.410	117	51	0	1	117	1	117	1.01e-42	136
Leptvora	CP@TRINITY_DN3939_c1_g1::CP@TRINITY_DN3939_c1_g1_i2::g.73604::m.73604	59.000	100	41	0	1	100	1	100	1.93e-41	133
Leptvora	CP@TRINITY_DN3939_c1_g1::CP@TRINITY_DN3939_c1_g1_i1::g.73603::m.73603	59.000	100	41	0	1	100	1	100	1.93e-41	133
ChoanoFB	CP@TRINITY_DN3939_c1_g1::CP@TRINITY_DN3939_c1_g1_i2::g.73604::m.73604	66.667	105	30	1	17	121	1	100	4.66e-45	143
ChoanoFB	CP@TRINITY_DN3939_c1_g1::CP@TRINITY_DN3939_c1_g1_i1::g.73603::m.73603	66.667	105	30	1	17	121	1	100	4.66e-45	143
ChoanoFB	CP@TRINITY_DN14248_c1_g1::CP@TRINITY_DN14248_c1_g1_i8::g.39989::m.39989	68.132	91	29	0	17	107	1	91	5.83e-41	132
ChoanoFB	CP@TRINITY_DN14248_c1_g1::CP@TRINITY_DN14248_c1_g1_i7::g.39984::m.39984	68.132	91	29	0	17	107	1	91	5.83e-41	132
ChoanoFB	CP@TRINITY_DN14248_c1_g1::CP@TRINITY_DN14248_c1_g1_i16::g.39977::m.39977	68.132	91	29	0	17	107	1	91	5.83e-41	132
ChoanoFB	CP@TRINITY_DN14248_c1_g1::CP@TRINITY_DN14248_c1_g1_i12::g.39970::m.39970	68.132	91	29	0	17	107	1	91	5.83e-41	132
ChoanoFB	CP@TRINITY_DN14248_c1_g1::CP@TRINITY_DN14248_c1_g1_i1::g.39966::m.39966	68.132	91	29	0	17	107	1	91	5.83e-41	132
Arabthal	CP@TRINITY_DN3939_c1_g1::CP@TRINITY_DN3939_c1_g1_i2::g.73604::m.73604	69.027	113	32	1	1	113	1	110	2.04e-51	159
Arabthal	CP@TRINITY_DN3939_c1_g1::CP@TRINITY_DN3939_c1_g1_i1::g.73603::m.73603	69.027	113	32	1	1	113	1	110	2.04e-51	159
Arabthal	CP@TRINITY_DN14248_c1_g1::CP@TRINITY_DN14248_c1_g1_i8::g.39989::m.39989	72.043	93	26	0	1	93	1	93	3.20e-45	143
Arabthal	CP@TRINITY_DN14248_c1_g1::CP@TRINITY_DN14248_c1_g1_i7::g.39984::m.39984	72.043	93	26	0	1	93	1	93	3.20e-45	143
Arabthal	CP@TRINITY_DN14248_c1_g1::CP@TRINITY_DN14248_c1_g1_i16::g.39977::m.39977	72.043	93	26	0	1	93	1	93	3.20e-45	143
Arabthal	CP@TRINITY_DN14248_c1_g1::CP@TRINITY_DN14248_c1_g1_i12::g.39970::m.39970	72.043	93	26	0	1	93	1	93	3.20e-45	143
Arabthal	CP@TRINITY_DN14248_c1_g1::CP@TRINITY_DN14248_c1_g1_i1::g.39966::m.39966	72.043	93	26	0	1	93	1	93	3.20e-45	143
Charbrau	CP@TRINITY_DN3939_c1_g1::CP@TRINITY_DN3939_c1_g1_i2::g.73604::m.73604	67.327	101	33	0	1	101	1	101	1.57e-48	152
Charbrau	CP@TRINITY_DN3939_c1_g1::CP@TRINITY_DN3939_c1_g1_i1::g.73603::m.73603	67.327	101	33	0	1	101	1	101	1.57e-48	152
Charbrau	CP@TRINITY_DN14248_c1_g1::CP@TRINITY_DN14248_c1_g1_i8::g.39989::m.39989	69.149	94	29	0	1	94	1	94	1.56e-46	147
Charbrau	CP@TRINITY_DN14248_c1_g1::CP@TRINITY_DN14248_c1_g1_i7::g.39984::m.39984	69.149	94	29	0	1	94	1	94	1.56e-46	147
Charbrau	CP@TRINITY_DN14248_c1_g1::CP@TRINITY_DN14248_c1_g1_i16::g.39977::m.39977	69.149	94	29	0	1	94	1	94	1.56e-46	147
Charbrau	CP@TRINITY_DN14248_c1_g1::CP@TRINITY_DN14248_c1_g1_i12::g.39970::m.39970	69.149	94	29	0	1	94	1	94	1.56e-46	147
Charbrau	CP@TRINITY_DN14248_c1_g1::CP@TRINITY_DN14248_c1_g1_i1::g.39966::m.39966	69.149	94	29	0	1	94	1	94	1.56e-46	147
Mesoviri	CP@TRINITY_DN3939_c1_g1::CP@TRINITY_DN3939_c1_g1_i2::g.73604::m.73604	70.297	101	30	0	1	101	1	101	1.68e-50	157
Mesoviri	CP@TRINITY_DN3939_c1_g1::CP@TRINITY_DN3939_c1_g1_i1::g.73603::m.73603	70.297	101	30	0	1	101	1	101	1.68e-50	157
Mesoviri	CP@TRINITY_DN14248_c1_g1::CP@TRINITY_DN14248_c1_g1_i8::g.39989::m.39989	67.021	94	31	0	1	94	1	94	6.42e-45	142
Mesoviri	CP@TRINITY_DN14248_c1_g1::CP@TRINITY_DN14248_c1_g1_i7::g.39984::m.39984	67.021	94	31	0	1	94	1	94	6.42e-45	142
Mesoviri	CP@TRINITY_DN14248_c1_g1::CP@TRINITY_DN14248_c1_g1_i16::g.39977::m.39977	67.021	94	31	0	1	94	1	94	6.42e-45	142
Mesoviri	CP@TRINITY_DN14248_c1_g1::CP@TRINITY_DN14248_c1_g1_i12::g.39970::m.39970	67.021	94	31	0	1	94	1	94	6.42e-45	142
Mesoviri	CP@TRINITY_DN14248_c1_g1::CP@TRINITY_DN14248_c1_g1_i1::g.39966::m.39966	67.021	94	31	0	1	94	1	94	6.42e-45	142
Monobrev	CP@TRINITY_DN3939_c1_g1::CP@TRINITY_DN3939_c1_g1_i2::g.73604::m.73604	72.826	92	25	0	2	93	4	95	6.68e-47	146
Monobrev	CP@TRINITY_DN3939_c1_g1::CP@TRINITY_DN3939_c1_g1_i1::g.73603::m.73603	72.826	92	25	0	2	93	4	95	6.68e-47	146
Monobrev	CP@TRINITY_DN14248_c1_g1::CP@TRINITY_DN14248_c1_g1_i8::g.39989::m.39989	66.304	92	31	0	1	92	3	94	2.19e-43	137
Monobrev	CP@TRINITY_DN14248_c1_g1::CP@TRINITY_DN14248_c1_g1_i7::g.39984::m.39984	66.304	92	31	0	1	92	3	94	2.19e-43	137
Monobrev	CP@TRINITY_DN14248_c1_g1::CP@TRINITY_DN14248_c1_g1_i16::g.39977::m.39977	66.304	92	31	0	1	92	3	94	2.19e-43	137
Monobrev	CP@TRINITY_DN14248_c1_g1::CP@TRINITY_DN14248_c1_g1_i12::g.39970::m.39970	66.304	92	31	0	1	92	3	94	2.19e-43	137
Monobrev	CP@TRINITY_DN14248_c1_g1::CP@TRINITY_DN14248_c1_g1_i1::g.39966::m.39966	66.304	92	31	0	1	92	3	94	2.19e-43	137
Protfung	CP@TRINITY_DN3939_c1_g1::CP@TRINITY_DN3939_c1_g1_i2::g.73604::m.73604	69.608	102	31	0	1	102	1	102	1.70e-49	154
Protfung	CP@TRINITY_DN3939_c1_g1::CP@TRINITY_DN3939_c1_g1_i1::g.73603::m.73603	69.608	102	31	0	1	102	1	102	1.70e-49	154
Protfung	CP@TRINITY_DN14248_c1_g1::CP@TRINITY_DN14248_c1_g1_i8::g.39989::m.39989	73.404	94	25	0	1	94	1	94	3.56e-47	148
Protfung	CP@TRINITY_DN14248_c1_g1::CP@TRINITY_DN14248_c1_g1_i7::g.39984::m.39984	73.404	94	25	0	1	94	1	94	3.56e-47	148
Protfung	CP@TRINITY_DN14248_c1_g1::CP@TRINITY_DN14248_c1_g1_i16::g.39977::m.39977	73.404	94	25	0	1	94	1	94	3.56e-47	148
Protfung	CP@TRINITY_DN14248_c1_g1::CP@TRINITY_DN14248_c1_g1_i12::g.39970::m.39970	73.404	94	25	0	1	94	1	94	3.56e-47	148
Protfung	CP@TRINITY_DN14248_c1_g1::CP@TRINITY_DN14248_c1_g1_i1::g.39966::m.39966	73.404	94	25	0	1	94	1	94	3.56e-47	148
Physpoly	CP@TRINITY_DN14248_c1_g1::CP@TRINITY_DN14248_c1_g1_i8::g.39989::m.39989	68.421	95	29	1	24	118	1	94	1.34e-42	137
Physpoly	CP@TRINITY_DN14248_c1_g1::CP@TRINITY_DN14248_c1_g1_i7::g.39984::m.39984	68.421	95	29	1	24	118	1	94	1.34e-42	137
Physpoly	CP@TRINITY_DN14248_c1_g1::CP@TRINITY_DN14248_c1_g1_i16::g.39977::m.39977	68.421	95	29	1	24	118	1	94	1.34e-42	137
Physpoly	CP@TRINITY_DN14248_c1_g1::CP@TRINITY_DN14248_c1_g1_i12::g.39970::m.39970	68.421	95	29	1	24	118	1	94	1.34e-42	137
Physpoly	CP@TRINITY_DN14248_c1_g1::CP@TRINITY_DN14248_c1_g1_i1::g.39966::m.39966	68.421	95	29	1	24	118	1	94	1.34e-42	137
Physpoly	CP@TRINITY_DN3939_c1_g1::CP@TRINITY_DN3939_c1_g1_i2::g.73604::m.73604	67.677	99	31	1	24	122	1	98	1.69e-41	134
Physpoly	CP@TRINITY_DN3939_c1_g1::CP@TRINITY_DN3939_c1_g1_i1::g.73603::m.73603	67.677	99	31	1	24	122	1	98	1.69e-41	134
Parapyri	CP@TRINITY_DN14248_c1_g1::CP@TRINITY_DN14248_c1_g1_i8::g.39989::m.39989	64.894	94	33	0	6	99	1	94	1.65e-43	139
Parapyri	CP@TRINITY_DN14248_c1_g1::CP@TRINITY_DN14248_c1_g1_i7::g.39984::m.39984	64.894	94	33	0	6	99	1	94	1.65e-43	139
Parapyri	CP@TRINITY_DN14248_c1_g1::CP@TRINITY_DN14248_c1_g1_i16::g.39977::m.39977	64.894	94	33	0	6	99	1	94	1.65e-43	139
Parapyri	CP@TRINITY_DN14248_c1_g1::CP@TRINITY_DN14248_c1_g1_i12::g.39970::m.39970	64.894	94	33	0	6	99	1	94	1.65e-43	139
Parapyri	CP@TRINITY_DN14248_c1_g1::CP@TRINITY_DN14248_c1_g1_i1::g.39966::m.39966	64.894	94	33	0	6	99	1	94	1.65e-43	139
Parapyri	CP@TRINITY_DN3939_c1_g1::CP@TRINITY_DN3939_c1_g1_i2::g.73604::m.73604	61.000	100	39	0	6	105	1	100	2.11e-43	139
Parapyri	CP@TRINITY_DN3939_c1_g1::CP@TRINITY_DN3939_c1_g1_i1::g.73603::m.73603	61.000	100	39	0	6	105	1	100	2.11e-43	139
Monoexil	CP@TRINITY_DN3939_c1_g1::CP@TRINITY_DN3939_c1_g1_i2::g.73604::m.73604	65.000	100	35	0	1	100	1	100	9.77e-45	142
Monoexil	CP@TRINITY_DN3939_c1_g1::CP@TRINITY_DN3939_c1_g1_i1::g.73603::m.73603	65.000	100	35	0	1	100	1	100	9.77e-45	142
Hemikukw	CP@TRINITY_DN3939_c1_g1::CP@TRINITY_DN3939_c1_g1_i2::g.73604::m.73604	70.000	100	30	0	12	111	1	100	1.13e-48	153
Hemikukw	CP@TRINITY_DN3939_c1_g1::CP@TRINITY_DN3939_c1_g1_i1::g.73603::m.73603	70.000	100	30	0	12	111	1	100	1.13e-48	153
Hemikukw	CP@TRINITY_DN14248_c1_g1::CP@TRINITY_DN14248_c1_g1_i8::g.39989::m.39989	71.277	94	27	0	12	105	1	94	5.12e-48	151
Hemikukw	CP@TRINITY_DN14248_c1_g1::CP@TRINITY_DN14248_c1_g1_i7::g.39984::m.39984	71.277	94	27	0	12	105	1	94	5.12e-48	151
Hemikukw	CP@TRINITY_DN14248_c1_g1::CP@TRINITY_DN14248_c1_g1_i16::g.39977::m.39977	71.277	94	27	0	12	105	1	94	5.12e-48	151
Hemikukw	CP@TRINITY_DN14248_c1_g1::CP@TRINITY_DN14248_c1_g1_i12::g.39970::m.39970	71.277	94	27	0	12	105	1	94	5.12e-48	151
Hemikukw	CP@TRINITY_DN14248_c1_g1::CP@TRINITY_DN14248_c1_g1_i1::g.39966::m.39966	71.277	94	27	0	12	105	1	94	5.12e-48	151
Acancast	CP@TRINITY_DN3939_c1_g1::CP@TRINITY_DN3939_c1_g1_i2::g.73604::m.73604	70.408	98	29	0	1	98	1	98	7.51e-48	150
Acancast	CP@TRINITY_DN3939_c1_g1::CP@TRINITY_DN3939_c1_g1_i1::g.73603::m.73603	70.408	98	29	0	1	98	1	98	7.51e-48	150
Acancast	CP@TRINITY_DN14248_c1_g1::CP@TRINITY_DN14248_c1_g1_i8::g.39989::m.39989	65.957	94	32	0	1	94	1	94	5.15e-42	134
Acancast	CP@TRINITY_DN14248_c1_g1::CP@TRINITY_DN14248_c1_g1_i7::g.39984::m.39984	65.957	94	32	0	1	94	1	94	5.15e-42	134
Acancast	CP@TRINITY_DN14248_c1_g1::CP@TRINITY_DN14248_c1_g1_i16::g.39977::m.39977	65.957	94	32	0	1	94	1	94	5.15e-42	134
Acancast	CP@TRINITY_DN14248_c1_g1::CP@TRINITY_DN14248_c1_g1_i12::g.39970::m.39970	65.957	94	32	0	1	94	1	94	5.15e-42	134
Acancast	CP@TRINITY_DN14248_c1_g1::CP@TRINITY_DN14248_c1_g1_i1::g.39966::m.39966	65.957	94	32	0	1	94	1	94	5.15e-42	134
Picosali	CP@TRINITY_DN3939_c1_g1::CP@TRINITY_DN3939_c1_g1_i2::g.73604::m.73604	62.385	109	39	1	1	107	1	109	6.62e-45	141
Picosali	CP@TRINITY_DN3939_c1_g1::CP@TRINITY_DN3939_c1_g1_i1::g.73603::m.73603	62.385	109	39	1	1	107	1	109	6.62e-45	141
Palpbili	CP@TRINITY_DN3939_c1_g1::CP@TRINITY_DN3939_c1_g1_i2::g.73604::m.73604	68.932	103	30	2	39	140	1	102	2.27e-43	140
Palpbili	CP@TRINITY_DN3939_c1_g1::CP@TRINITY_DN3939_c1_g1_i1::g.73603::m.73603	68.932	103	30	2	39	140	1	102	2.27e-43	140
Ancytwis	CP@TRINITY_DN3939_c1_g1::CP@TRINITY_DN3939_c1_g1_i2::g.73604::m.73604	64.356	101	36	0	1	101	1	101	5.75e-44	139
Ancytwis	CP@TRINITY_DN3939_c1_g1::CP@TRINITY_DN3939_c1_g1_i1::g.73603::m.73603	64.356	101	36	0	1	101	1	101	5.75e-44	139
Ancytwis	CP@TRINITY_DN14248_c1_g1::CP@TRINITY_DN14248_c1_g1_i8::g.39989::m.39989	67.021	94	31	0	1	94	1	94	7.09e-42	134
Ancytwis	CP@TRINITY_DN14248_c1_g1::CP@TRINITY_DN14248_c1_g1_i7::g.39984::m.39984	67.021	94	31	0	1	94	1	94	7.09e-42	134
Ancytwis	CP@TRINITY_DN14248_c1_g1::CP@TRINITY_DN14248_c1_g1_i16::g.39977::m.39977	67.021	94	31	0	1	94	1	94	7.09e-42	134
Ancytwis	CP@TRINITY_DN14248_c1_g1::CP@TRINITY_DN14248_c1_g1_i12::g.39970::m.39970	67.021	94	31	0	1	94	1	94	7.09e-42	134
Ancytwis	CP@TRINITY_DN14248_c1_g1::CP@TRINITY_DN14248_c1_g1_i1::g.39966::m.39966	67.021	94	31	0	1	94	1	94	7.09e-42	134
Vannfimi	CP@TRINITY_DN3939_c1_g1::CP@TRINITY_DN3939_c1_g1_i2::g.73604::m.73604	64.646	99	35	0	1	99	1	99	2.81e-42	134
Vannfimi	CP@TRINITY_DN3939_c1_g1::CP@TRINITY_DN3939_c1_g1_i1::g.73603::m.73603	64.646	99	35	0	1	99	1	99	2.81e-42	134
Flecnera	CP@TRINITY_DN3939_c1_g1::CP@TRINITY_DN3939_c1_g1_i2::g.73604::m.73604	65.686	102	35	0	1	102	1	102	2.07e-43	137
Flecnera	CP@TRINITY_DN3939_c1_g1::CP@TRINITY_DN3939_c1_g1_i1::g.73603::m.73603	65.686	102	35	0	1	102	1	102	2.07e-43	137
Diplambu	CP@TRINITY_DN3939_c1_g1::CP@TRINITY_DN3939_c1_g1_i2::g.73604::m.73604	60.396	101	40	0	1	101	1	101	3.48e-42	135
Diplambu	CP@TRINITY_DN3939_c1_g1::CP@TRINITY_DN3939_c1_g1_i1::g.73603::m.73603	60.396	101	40	0	1	101	1	101	3.48e-42	135
MatazaD1	CP@TRINITY_DN3939_c1_g1::CP@TRINITY_DN3939_c1_g1_i2::g.73604::m.73604	64.356	101	36	0	1	101	1	101	1.21e-44	142
MatazaD1	CP@TRINITY_DN3939_c1_g1::CP@TRINITY_DN3939_c1_g1_i1::g.73603::m.73603	64.356	101	36	0	1	101	1	101	1.21e-44	142
MatazaD1	CP@TRINITY_DN14248_c1_g1::CP@TRINITY_DN14248_c1_g1_i8::g.39989::m.39989	61.290	93	36	0	1	93	1	93	9.29e-41	132
MatazaD1	CP@TRINITY_DN14248_c1_g1::CP@TRINITY_DN14248_c1_g1_i7::g.39984::m.39984	61.290	93	36	0	1	93	1	93	9.29e-41	132
MatazaD1	CP@TRINITY_DN14248_c1_g1::CP@TRINITY_DN14248_c1_g1_i16::g.39977::m.39977	61.290	93	36	0	1	93	1	93	9.29e-41	132
MatazaD1	CP@TRINITY_DN14248_c1_g1::CP@TRINITY_DN14248_c1_g1_i12::g.39970::m.39970	61.290	93	36	0	1	93	1	93	9.29e-41	132
MatazaD1	CP@TRINITY_DN14248_c1_g1::CP@TRINITY_DN14248_c1_g1_i1::g.39966::m.39966	61.290	93	36	0	1	93	1	93	9.29e-41	132
Idiovort	CP@TRINITY_DN3939_c1_g1::CP@TRINITY_DN3939_c1_g1_i2::g.73604::m.73604	65.714	105	29	1	11	115	1	98	1.87e-44	141
Idiovort	CP@TRINITY_DN3939_c1_g1::CP@TRINITY_DN3939_c1_g1_i1::g.73603::m.73603	65.714	105	29	1	11	115	1	98	1.87e-44	141
Idiovort	CP@TRINITY_DN14248_c1_g1::CP@TRINITY_DN14248_c1_g1_i8::g.39989::m.39989	66.337	101	27	1	11	111	1	94	4.97e-43	137
Idiovort	CP@TRINITY_DN14248_c1_g1::CP@TRINITY_DN14248_c1_g1_i7::g.39984::m.39984	66.337	101	27	1	11	111	1	94	4.97e-43	137
Idiovort	CP@TRINITY_DN14248_c1_g1::CP@TRINITY_DN14248_c1_g1_i16::g.39977::m.39977	66.337	101	27	1	11	111	1	94	4.97e-43	137
Idiovort	CP@TRINITY_DN14248_c1_g1::CP@TRINITY_DN14248_c1_g1_i12::g.39970::m.39970	66.337	101	27	1	11	111	1	94	4.97e-43	137
Idiovort	CP@TRINITY_DN14248_c1_g1::CP@TRINITY_DN14248_c1_g1_i1::g.39966::m.39966	66.337	101	27	1	11	111	1	94	4.97e-43	137
Rhodemar	CP@TRINITY_DN14248_c1_g1::CP@TRINITY_DN14248_c1_g1_i8::g.39989::m.39989	69.318	88	27	0	1	88	1	88	1.12e-44	141
Rhodemar	CP@TRINITY_DN14248_c1_g1::CP@TRINITY_DN14248_c1_g1_i7::g.39984::m.39984	69.318	88	27	0	1	88	1	88	1.12e-44	141
Rhodemar	CP@TRINITY_DN14248_c1_g1::CP@TRINITY_DN14248_c1_g1_i16::g.39977::m.39977	69.318	88	27	0	1	88	1	88	1.12e-44	141
Rhodemar	CP@TRINITY_DN14248_c1_g1::CP@TRINITY_DN14248_c1_g1_i12::g.39970::m.39970	69.318	88	27	0	1	88	1	88	1.12e-44	141
Rhodemar	CP@TRINITY_DN14248_c1_g1::CP@TRINITY_DN14248_c1_g1_i1::g.39966::m.39966	69.318	88	27	0	1	88	1	88	1.12e-44	141
Rhodemar	CP@TRINITY_DN3939_c1_g1::CP@TRINITY_DN3939_c1_g1_i2::g.73604::m.73604	62.727	110	31	1	1	110	1	100	2.75e-43	138
Rhodemar	CP@TRINITY_DN3939_c1_g1::CP@TRINITY_DN3939_c1_g1_i1::g.73603::m.73603	62.727	110	31	1	1	110	1	100	2.75e-43	138
Rhodlimn	CP@TRINITY_DN14248_c1_g1::CP@TRINITY_DN14248_c1_g1_i8::g.39989::m.39989	70.455	88	26	0	1	88	1	88	2.02e-43	138
Rhodlimn	CP@TRINITY_DN14248_c1_g1::CP@TRINITY_DN14248_c1_g1_i7::g.39984::m.39984	70.455	88	26	0	1	88	1	88	2.02e-43	138
Rhodlimn	CP@TRINITY_DN14248_c1_g1::CP@TRINITY_DN14248_c1_g1_i16::g.39977::m.39977	70.455	88	26	0	1	88	1	88	2.02e-43	138
Rhodlimn	CP@TRINITY_DN14248_c1_g1::CP@TRINITY_DN14248_c1_g1_i12::g.39970::m.39970	70.455	88	26	0	1	88	1	88	2.02e-43	138
Rhodlimn	CP@TRINITY_DN14248_c1_g1::CP@TRINITY_DN14248_c1_g1_i1::g.39966::m.39966	70.455	88	26	0	1	88	1	88	2.02e-43	138
Rhodlimn	CP@TRINITY_DN3939_c1_g1::CP@TRINITY_DN3939_c1_g1_i2::g.73604::m.73604	64.545	110	29	1	1	110	1	100	3.16e-43	138
Rhodlimn	CP@TRINITY_DN3939_c1_g1::CP@TRINITY_DN3939_c1_g1_i1::g.73603::m.73603	64.545	110	29	1	1	110	1	100	3.16e-43	138
Physpate	CP@TRINITY_DN3939_c1_g1::CP@TRINITY_DN3939_c1_g1_i2::g.73604::m.73604	71.287	101	29	0	133	233	1	101	1.79e-48	156
Physpate	CP@TRINITY_DN3939_c1_g1::CP@TRINITY_DN3939_c1_g1_i1::g.73603::m.73603	71.287	101	29	0	133	233	1	101	1.79e-48	156
Physpate	CP@TRINITY_DN14248_c1_g1::CP@TRINITY_DN14248_c1_g1_i8::g.39989::m.39989	66.667	93	31	0	133	225	1	93	4.22e-42	140
Physpate	CP@TRINITY_DN14248_c1_g1::CP@TRINITY_DN14248_c1_g1_i7::g.39984::m.39984	66.667	93	31	0	133	225	1	93	4.22e-42	140
Physpate	CP@TRINITY_DN14248_c1_g1::CP@TRINITY_DN14248_c1_g1_i16::g.39977::m.39977	66.667	93	31	0	133	225	1	93	4.22e-42	140
Physpate	CP@TRINITY_DN14248_c1_g1::CP@TRINITY_DN14248_c1_g1_i12::g.39970::m.39970	66.667	93	31	0	133	225	1	93	4.22e-42	140
Physpate	CP@TRINITY_DN14248_c1_g1::CP@TRINITY_DN14248_c1_g1_i1::g.39966::m.39966	66.667	93	31	0	133	225	1	93	4.22e-42	140
Oryzsati	CP@TRINITY_DN3939_c1_g1::CP@TRINITY_DN3939_c1_g1_i2::g.73604::m.73604	67.257	113	32	1	1	113	1	108	1.18e-49	155
Oryzsati	CP@TRINITY_DN3939_c1_g1::CP@TRINITY_DN3939_c1_g1_i1::g.73603::m.73603	67.257	113	32	1	1	113	1	108	1.18e-49	155
Oryzsati	CP@TRINITY_DN14248_c1_g1::CP@TRINITY_DN14248_c1_g1_i8::g.39989::m.39989	61.739	115	44	0	1	115	1	115	4.58e-43	137
Oryzsati	CP@TRINITY_DN14248_c1_g1::CP@TRINITY_DN14248_c1_g1_i7::g.39984::m.39984	61.739	115	44	0	1	115	1	115	4.58e-43	137
Oryzsati	CP@TRINITY_DN14248_c1_g1::CP@TRINITY_DN14248_c1_g1_i16::g.39977::m.39977	61.739	115	44	0	1	115	1	115	4.58e-43	137
Oryzsati	CP@TRINITY_DN14248_c1_g1::CP@TRINITY_DN14248_c1_g1_i12::g.39970::m.39970	61.739	115	44	0	1	115	1	115	4.58e-43	137
Oryzsati	CP@TRINITY_DN14248_c1_g1::CP@TRINITY_DN14248_c1_g1_i1::g.39966::m.39966	61.739	115	44	0	1	115	1	115	4.58e-43	137
Cyanpara	CP@TRINITY_DN3939_c1_g1::CP@TRINITY_DN3939_c1_g1_i2::g.73604::m.73604	70.000	100	30	0	25	124	1	100	3.14e-48	152
Cyanpara	CP@TRINITY_DN3939_c1_g1::CP@TRINITY_DN3939_c1_g1_i1::g.73603::m.73603	70.000	100	30	0	25	124	1	100	3.14e-48	152
Cyanpara	CP@TRINITY_DN14248_c1_g1::CP@TRINITY_DN14248_c1_g1_i8::g.39989::m.39989	69.149	94	29	0	25	118	1	94	1.27e-44	142
Cyanpara	CP@TRINITY_DN14248_c1_g1::CP@TRINITY_DN14248_c1_g1_i7::g.39984::m.39984	69.149	94	29	0	25	118	1	94	1.27e-44	142
Cyanpara	CP@TRINITY_DN14248_c1_g1::CP@TRINITY_DN14248_c1_g1_i16::g.39977::m.39977	69.149	94	29	0	25	118	1	94	1.27e-44	142
Cyanpara	CP@TRINITY_DN14248_c1_g1::CP@TRINITY_DN14248_c1_g1_i12::g.39970::m.39970	69.149	94	29	0	25	118	1	94	1.27e-44	142
Cyanpara	CP@TRINITY_DN14248_c1_g1::CP@TRINITY_DN14248_c1_g1_i1::g.39966::m.39966	69.149	94	29	0	25	118	1	94	1.27e-44	142
Gloewitr	CP@TRINITY_DN3939_c1_g1::CP@TRINITY_DN3939_c1_g1_i2::g.73604::m.73604	67.647	102	32	1	26	127	1	101	3.85e-47	149
Gloewitr	CP@TRINITY_DN3939_c1_g1::CP@TRINITY_DN3939_c1_g1_i1::g.73603::m.73603	67.647	102	32	1	26	127	1	101	3.85e-47	149
Gloewitr	CP@TRINITY_DN14248_c1_g1::CP@TRINITY_DN14248_c1_g1_i8::g.39989::m.39989	64.211	95	33	1	26	120	1	94	3.43e-41	134
Gloewitr	CP@TRINITY_DN14248_c1_g1::CP@TRINITY_DN14248_c1_g1_i7::g.39984::m.39984	64.211	95	33	1	26	120	1	94	3.43e-41	134
Gloewitr	CP@TRINITY_DN14248_c1_g1::CP@TRINITY_DN14248_c1_g1_i16::g.39977::m.39977	64.211	95	33	1	26	120	1	94	3.43e-41	134
Gloewitr	CP@TRINITY_DN14248_c1_g1::CP@TRINITY_DN14248_c1_g1_i12::g.39970::m.39970	64.211	95	33	1	26	120	1	94	3.43e-41	134
Gloewitr	CP@TRINITY_DN14248_c1_g1::CP@TRINITY_DN14248_c1_g1_i1::g.39966::m.39966	64.211	95	33	1	26	120	1	94	3.43e-41	134
Glauincr	CP@TRINITY_DN3939_c1_g1::CP@TRINITY_DN3939_c1_g1_i2::g.73604::m.73604	68.317	101	32	0	19	119	1	101	5.89e-48	151
Glauincr	CP@TRINITY_DN3939_c1_g1::CP@TRINITY_DN3939_c1_g1_i1::g.73603::m.73603	68.317	101	32	0	19	119	1	101	5.89e-48	151
Glauincr	CP@TRINITY_DN14248_c1_g1::CP@TRINITY_DN14248_c1_g1_i8::g.39989::m.39989	64.894	94	33	0	19	112	1	94	7.92e-42	135
Glauincr	CP@TRINITY_DN14248_c1_g1::CP@TRINITY_DN14248_c1_g1_i7::g.39984::m.39984	64.894	94	33	0	19	112	1	94	7.92e-42	135
Glauincr	CP@TRINITY_DN14248_c1_g1::CP@TRINITY_DN14248_c1_g1_i16::g.39977::m.39977	64.894	94	33	0	19	112	1	94	7.92e-42	135
Glauincr	CP@TRINITY_DN14248_c1_g1::CP@TRINITY_DN14248_c1_g1_i12::g.39970::m.39970	64.894	94	33	0	19	112	1	94	7.92e-42	135
Glauincr	CP@TRINITY_DN14248_c1_g1::CP@TRINITY_DN14248_c1_g1_i1::g.39966::m.39966	64.894	94	33	0	19	112	1	94	7.92e-42	135
Deveeleg	CP@TRINITY_DN3939_c1_g1::CP@TRINITY_DN3939_c1_g1_i2::g.73604::m.73604	58.716	109	37	1	1	109	1	101	3.12e-41	132
Deveeleg	CP@TRINITY_DN3939_c1_g1::CP@TRINITY_DN3939_c1_g1_i1::g.73603::m.73603	58.716	109	37	1	1	109	1	101	3.12e-41	132
Deveeleg	CP@TRINITY_DN14248_c1_g1::CP@TRINITY_DN14248_c1_g1_i8::g.39989::m.39989	67.033	91	30	0	1	91	1	91	6.30e-41	131
Deveeleg	CP@TRINITY_DN14248_c1_g1::CP@TRINITY_DN14248_c1_g1_i7::g.39984::m.39984	67.033	91	30	0	1	91	1	91	6.30e-41	131
Deveeleg	CP@TRINITY_DN14248_c1_g1::CP@TRINITY_DN14248_c1_g1_i16::g.39977::m.39977	67.033	91	30	0	1	91	1	91	6.30e-41	131
Deveeleg	CP@TRINITY_DN14248_c1_g1::CP@TRINITY_DN14248_c1_g1_i12::g.39970::m.39970	67.033	91	30	0	1	91	1	91	6.30e-41	131
Deveeleg	CP@TRINITY_DN14248_c1_g1::CP@TRINITY_DN14248_c1_g1_i1::g.39966::m.39966	67.033	91	30	0	1	91	1	91	6.30e-41	131
Roomtrun	CP@TRINITY_DN3939_c1_g1::CP@TRINITY_DN3939_c1_g1_i2::g.73604::m.73604	70.707	99	29	0	8	106	1	99	1.98e-47	149
Roomtrun	CP@TRINITY_DN3939_c1_g1::CP@TRINITY_DN3939_c1_g1_i1::g.73603::m.73603	70.707	99	29	0	8	106	1	99	1.98e-47	149
Roomtrun	CP@TRINITY_DN14248_c1_g1::CP@TRINITY_DN14248_c1_g1_i8::g.39989::m.39989	64.894	94	33	0	8	101	1	94	2.15e-41	133
Roomtrun	CP@TRINITY_DN14248_c1_g1::CP@TRINITY_DN14248_c1_g1_i7::g.39984::m.39984	64.894	94	33	0	8	101	1	94	2.15e-41	133
Roomtrun	CP@TRINITY_DN14248_c1_g1::CP@TRINITY_DN14248_c1_g1_i16::g.39977::m.39977	64.894	94	33	0	8	101	1	94	2.15e-41	133
Roomtrun	CP@TRINITY_DN14248_c1_g1::CP@TRINITY_DN14248_c1_g1_i12::g.39970::m.39970	64.894	94	33	0	8	101	1	94	2.15e-41	133
Roomtrun	CP@TRINITY_DN14248_c1_g1::CP@TRINITY_DN14248_c1_g1_i1::g.39966::m.39966	64.894	94	33	0	8	101	1	94	2.15e-41	133
Cryppara	CP@TRINITY_DN3939_c1_g1::CP@TRINITY_DN3939_c1_g1_i2::g.73604::m.73604	68.807	109	32	1	1	107	1	109	1.33e-48	151
Cryppara	CP@TRINITY_DN3939_c1_g1::CP@TRINITY_DN3939_c1_g1_i1::g.73603::m.73603	68.807	109	32	1	1	107	1	109	1.33e-48	151
Cryppara	CP@TRINITY_DN14248_c1_g1::CP@TRINITY_DN14248_c1_g1_i8::g.39989::m.39989	68.085	94	30	0	1	94	1	94	3.68e-43	137
Cryppara	CP@TRINITY_DN14248_c1_g1::CP@TRINITY_DN14248_c1_g1_i7::g.39984::m.39984	68.085	94	30	0	1	94	1	94	3.68e-43	137
Cryppara	CP@TRINITY_DN14248_c1_g1::CP@TRINITY_DN14248_c1_g1_i16::g.39977::m.39977	68.085	94	30	0	1	94	1	94	3.68e-43	137
Cryppara	CP@TRINITY_DN14248_c1_g1::CP@TRINITY_DN14248_c1_g1_i12::g.39970::m.39970	68.085	94	30	0	1	94	1	94	3.68e-43	137
Cryppara	CP@TRINITY_DN14248_c1_g1::CP@TRINITY_DN14248_c1_g1_i1::g.39966::m.39966	68.085	94	30	0	1	94	1	94	3.68e-43	137
Bafffrig	CP@TRINITY_DN3939_c1_g1::CP@TRINITY_DN3939_c1_g1_i2::g.73604::m.73604	67.826	115	32	1	1	115	1	110	1.80e-50	156
Bafffrig	CP@TRINITY_DN3939_c1_g1::CP@TRINITY_DN3939_c1_g1_i1::g.73603::m.73603	67.826	115	32	1	1	115	1	110	1.80e-50	156
Bafffrig	CP@TRINITY_DN14248_c1_g1::CP@TRINITY_DN14248_c1_g1_i8::g.39989::m.39989	66.667	93	31	0	1	93	1	93	2.61e-41	132
Bafffrig	CP@TRINITY_DN14248_c1_g1::CP@TRINITY_DN14248_c1_g1_i7::g.39984::m.39984	66.667	93	31	0	1	93	1	93	2.61e-41	132
Bafffrig	CP@TRINITY_DN14248_c1_g1::CP@TRINITY_DN14248_c1_g1_i16::g.39977::m.39977	66.667	93	31	0	1	93	1	93	2.61e-41	132
Bafffrig	CP@TRINITY_DN14248_c1_g1::CP@TRINITY_DN14248_c1_g1_i12::g.39970::m.39970	66.667	93	31	0	1	93	1	93	2.61e-41	132
Bafffrig	CP@TRINITY_DN14248_c1_g1::CP@TRINITY_DN14248_c1_g1_i1::g.39966::m.39966	66.667	93	31	0	1	93	1	93	2.61e-41	132
Rhodsali	CP@TRINITY_DN3939_c1_g1::CP@TRINITY_DN3939_c1_g1_i2::g.73604::m.73604	68.519	108	32	1	1	106	1	108	1.14e-47	149
Rhodsali	CP@TRINITY_DN3939_c1_g1::CP@TRINITY_DN3939_c1_g1_i1::g.73603::m.73603	68.519	108	32	1	1	106	1	108	1.14e-47	149
Rhodsali	CP@TRINITY_DN14248_c1_g1::CP@TRINITY_DN14248_c1_g1_i8::g.39989::m.39989	68.817	93	29	0	1	93	1	93	3.40e-42	135
Rhodsali	CP@TRINITY_DN14248_c1_g1::CP@TRINITY_DN14248_c1_g1_i7::g.39984::m.39984	68.817	93	29	0	1	93	1	93	3.40e-42	135
Rhodsali	CP@TRINITY_DN14248_c1_g1::CP@TRINITY_DN14248_c1_g1_i16::g.39977::m.39977	68.817	93	29	0	1	93	1	93	3.40e-42	135
Rhodsali	CP@TRINITY_DN14248_c1_g1::CP@TRINITY_DN14248_c1_g1_i12::g.39970::m.39970	68.817	93	29	0	1	93	1	93	3.40e-42	135
Rhodsali	CP@TRINITY_DN14248_c1_g1::CP@TRINITY_DN14248_c1_g1_i1::g.39966::m.39966	68.817	93	29	0	1	93	1	93	3.40e-42	135
PlacCLAB	CP@TRINITY_DN14248_c1_g1::CP@TRINITY_DN14248_c1_g1_i8::g.39989::m.39989	65.591	93	32	0	1	93	1	93	7.62e-42	134
PlacCLAB	CP@TRINITY_DN14248_c1_g1::CP@TRINITY_DN14248_c1_g1_i7::g.39984::m.39984	65.591	93	32	0	1	93	1	93	7.62e-42	134
PlacCLAB	CP@TRINITY_DN14248_c1_g1::CP@TRINITY_DN14248_c1_g1_i16::g.39977::m.39977	65.591	93	32	0	1	93	1	93	7.62e-42	134
PlacCLAB	CP@TRINITY_DN14248_c1_g1::CP@TRINITY_DN14248_c1_g1_i12::g.39970::m.39970	65.591	93	32	0	1	93	1	93	7.62e-42	134
PlacCLAB	CP@TRINITY_DN14248_c1_g1::CP@TRINITY_DN14248_c1_g1_i1::g.39966::m.39966	65.591	93	32	0	1	93	1	93	7.62e-42	134
Crypparv	CP@TRINITY_DN3939_c1_g1::CP@TRINITY_DN3939_c1_g1_i2::g.73604::m.73604	63.810	105	38	0	1	105	1	105	5.34e-43	137
Crypparv	CP@TRINITY_DN3939_c1_g1::CP@TRINITY_DN3939_c1_g1_i1::g.73603::m.73603	63.810	105	38	0	1	105	1	105	5.34e-43	137
Chroveli	CP@TRINITY_DN3939_c1_g1::CP@TRINITY_DN3939_c1_g1_i2::g.73604::m.73604	73.118	93	25	0	1	93	1	93	1.86e-44	149
Chroveli	CP@TRINITY_DN3939_c1_g1::CP@TRINITY_DN3939_c1_g1_i1::g.73603::m.73603	73.118	93	25	0	1	93	1	93	1.86e-44	149
Pirisoci	CP@TRINITY_DN3939_c1_g1::CP@TRINITY_DN3939_c1_g1_i2::g.73604::m.73604	63.366	101	37	0	25	125	1	101	3.62e-42	135
Pirisoci	CP@TRINITY_DN3939_c1_g1::CP@TRINITY_DN3939_c1_g1_i1::g.73603::m.73603	63.366	101	37	0	25	125	1	101	3.62e-42	135
Perkmari	CP@TRINITY_DN3939_c1_g1::CP@TRINITY_DN3939_c1_g1_i2::g.73604::m.73604	65.686	102	35	0	1	102	1	102	2.22e-43	137
Perkmari	CP@TRINITY_DN3939_c1_g1::CP@TRINITY_DN3939_c1_g1_i1::g.73603::m.73603	65.686	102	35	0	1	102	1	102	2.22e-43	137
Toxogond	CP@TRINITY_DN3939_c1_g1::CP@TRINITY_DN3939_c1_g1_i2::g.73604::m.73604	62.963	108	37	1	1	108	1	105	2.43e-41	133
Toxogond	CP@TRINITY_DN3939_c1_g1::CP@TRINITY_DN3939_c1_g1_i1::g.73603::m.73603	62.963	108	37	1	1	108	1	105	2.43e-41	133
SpirCILI	CP@TRINITY_DN14248_c1_g1::CP@TRINITY_DN14248_c1_g1_i8::g.39989::m.39989	63.478	115	40	2	11	124	1	114	1.91e-43	140
SpirCILI	CP@TRINITY_DN14248_c1_g1::CP@TRINITY_DN14248_c1_g1_i7::g.39984::m.39984	63.478	115	40	2	11	124	1	114	1.91e-43	140
SpirCILI	CP@TRINITY_DN14248_c1_g1::CP@TRINITY_DN14248_c1_g1_i16::g.39977::m.39977	63.478	115	40	2	11	124	1	114	1.91e-43	140
SpirCILI	CP@TRINITY_DN14248_c1_g1::CP@TRINITY_DN14248_c1_g1_i12::g.39970::m.39970	63.478	115	40	2	11	124	1	114	1.91e-43	140
SpirCILI	CP@TRINITY_DN14248_c1_g1::CP@TRINITY_DN14248_c1_g1_i1::g.39966::m.39966	63.478	115	40	2	11	124	1	114	1.91e-43	140
SpirCILI	CP@TRINITY_DN3939_c1_g1::CP@TRINITY_DN3939_c1_g1_i2::g.73604::m.73604	61.818	110	41	1	11	119	1	110	3.93e-42	137
SpirCILI	CP@TRINITY_DN3939_c1_g1::CP@TRINITY_DN3939_c1_g1_i1::g.73603::m.73603	61.818	110	41	1	11	119	1	110	3.93e-42	137
Fontalba	CP@TRINITY_DN14248_c1_g1::CP@TRINITY_DN14248_c1_g1_i8::g.39989::m.39989	78.495	93	20	0	1	93	1	93	7.72e-50	154
Fontalba	CP@TRINITY_DN14248_c1_g1::CP@TRINITY_DN14248_c1_g1_i7::g.39984::m.39984	78.495	93	20	0	1	93	1	93	7.72e-50	154
Fontalba	CP@TRINITY_DN14248_c1_g1::CP@TRINITY_DN14248_c1_g1_i16::g.39977::m.39977	78.495	93	20	0	1	93	1	93	7.72e-50	154
Fontalba	CP@TRINITY_DN14248_c1_g1::CP@TRINITY_DN14248_c1_g1_i12::g.39970::m.39970	78.495	93	20	0	1	93	1	93	7.72e-50	154
Fontalba	CP@TRINITY_DN14248_c1_g1::CP@TRINITY_DN14248_c1_g1_i1::g.39966::m.39966	78.495	93	20	0	1	93	1	93	7.72e-50	154
Fontalba	CP@TRINITY_DN3939_c1_g1::CP@TRINITY_DN3939_c1_g1_i2::g.73604::m.73604	69.903	103	29	1	1	103	1	101	2.51e-48	150
Fontalba	CP@TRINITY_DN3939_c1_g1::CP@TRINITY_DN3939_c1_g1_i1::g.73603::m.73603	69.903	103	29	1	1	103	1	101	2.51e-48	150
Ergocypr	CP@TRINITY_DN3939_c1_g1::CP@TRINITY_DN3939_c1_g1_i2::g.73604::m.73604	64.423	104	37	0	7	110	1	104	6.76e-47	147
Ergocypr	CP@TRINITY_DN3939_c1_g1::CP@TRINITY_DN3939_c1_g1_i1::g.73603::m.73603	64.423	104	37	0	7	110	1	104	6.76e-47	147
Ergocypr	CP@TRINITY_DN14248_c1_g1::CP@TRINITY_DN14248_c1_g1_i8::g.39989::m.39989	61.702	94	36	0	7	100	1	94	9.28e-41	131
Ergocypr	CP@TRINITY_DN14248_c1_g1::CP@TRINITY_DN14248_c1_g1_i7::g.39984::m.39984	61.702	94	36	0	7	100	1	94	9.28e-41	131
Ergocypr	CP@TRINITY_DN14248_c1_g1::CP@TRINITY_DN14248_c1_g1_i16::g.39977::m.39977	61.702	94	36	0	7	100	1	94	9.28e-41	131
Ergocypr	CP@TRINITY_DN14248_c1_g1::CP@TRINITY_DN14248_c1_g1_i12::g.39970::m.39970	61.702	94	36	0	7	100	1	94	9.28e-41	131
Ergocypr	CP@TRINITY_DN14248_c1_g1::CP@TRINITY_DN14248_c1_g1_i1::g.39966::m.39966	61.702	94	36	0	7	100	1	94	9.28e-41	131
Amoepara	CP@TRINITY_DN3939_c1_g1::CP@TRINITY_DN3939_c1_g1_i2::g.73604::m.73604	73.267	101	27	0	26	126	1	101	4.07e-52	161
Amoepara	CP@TRINITY_DN3939_c1_g1::CP@TRINITY_DN3939_c1_g1_i1::g.73603::m.73603	73.267	101	27	0	26	126	1	101	4.07e-52	161
Amoepara	CP@TRINITY_DN14248_c1_g1::CP@TRINITY_DN14248_c1_g1_i8::g.39989::m.39989	64.894	94	33	0	26	119	1	94	1.24e-41	134
Amoepara	CP@TRINITY_DN14248_c1_g1::CP@TRINITY_DN14248_c1_g1_i7::g.39984::m.39984	64.894	94	33	0	26	119	1	94	1.24e-41	134
Amoepara	CP@TRINITY_DN14248_c1_g1::CP@TRINITY_DN14248_c1_g1_i16::g.39977::m.39977	64.894	94	33	0	26	119	1	94	1.24e-41	134
Amoepara	CP@TRINITY_DN14248_c1_g1::CP@TRINITY_DN14248_c1_g1_i12::g.39970::m.39970	64.894	94	33	0	26	119	1	94	1.24e-41	134
Amoepara	CP@TRINITY_DN14248_c1_g1::CP@TRINITY_DN14248_c1_g1_i1::g.39966::m.39966	64.894	94	33	0	26	119	1	94	1.24e-41	134
Mnemleid	CP@TRINITY_DN3939_c1_g1::CP@TRINITY_DN3939_c1_g1_i2::g.73604::m.73604	77.273	110	24	1	1	109	1	110	2.39e-55	168
Mnemleid	CP@TRINITY_DN3939_c1_g1::CP@TRINITY_DN3939_c1_g1_i1::g.73603::m.73603	77.273	110	24	1	1	109	1	110	2.39e-55	168
Mnemleid	CP@TRINITY_DN14248_c1_g1::CP@TRINITY_DN14248_c1_g1_i8::g.39989::m.39989	68.817	93	29	0	1	93	1	93	5.76e-44	139
Mnemleid	CP@TRINITY_DN14248_c1_g1::CP@TRINITY_DN14248_c1_g1_i7::g.39984::m.39984	68.817	93	29	0	1	93	1	93	5.76e-44	139
Mnemleid	CP@TRINITY_DN14248_c1_g1::CP@TRINITY_DN14248_c1_g1_i16::g.39977::m.39977	68.817	93	29	0	1	93	1	93	5.76e-44	139
Mnemleid	CP@TRINITY_DN14248_c1_g1::CP@TRINITY_DN14248_c1_g1_i12::g.39970::m.39970	68.817	93	29	0	1	93	1	93	5.76e-44	139
Mnemleid	CP@TRINITY_DN14248_c1_g1::CP@TRINITY_DN14248_c1_g1_i1::g.39966::m.39966	68.817	93	29	0	1	93	1	93	5.76e-44	139
Drosmela	CP@TRINITY_DN3939_c1_g1::CP@TRINITY_DN3939_c1_g1_i2::g.73604::m.73604	85.000	100	15	0	1	100	1	100	2.43e-57	173
Drosmela	CP@TRINITY_DN3939_c1_g1::CP@TRINITY_DN3939_c1_g1_i1::g.73603::m.73603	85.000	100	15	0	1	100	1	100	2.43e-57	173
Drosmela	CP@TRINITY_DN14248_c1_g1::CP@TRINITY_DN14248_c1_g1_i8::g.39989::m.39989	68.817	93	29	0	1	93	1	93	3.24e-44	140
Drosmela	CP@TRINITY_DN14248_c1_g1::CP@TRINITY_DN14248_c1_g1_i7::g.39984::m.39984	68.817	93	29	0	1	93	1	93	3.24e-44	140
Drosmela	CP@TRINITY_DN14248_c1_g1::CP@TRINITY_DN14248_c1_g1_i16::g.39977::m.39977	68.817	93	29	0	1	93	1	93	3.24e-44	140
Drosmela	CP@TRINITY_DN14248_c1_g1::CP@TRINITY_DN14248_c1_g1_i12::g.39970::m.39970	68.817	93	29	0	1	93	1	93	3.24e-44	140
Drosmela	CP@TRINITY_DN14248_c1_g1::CP@TRINITY_DN14248_c1_g1_i1::g.39966::m.39966	68.817	93	29	0	1	93	1	93	3.24e-44	140
Apismell	CP@TRINITY_DN3939_c1_g1::CP@TRINITY_DN3939_c1_g1_i2::g.73604::m.73604	82.000	100	18	0	1	100	1	100	6.09e-55	167
Apismell	CP@TRINITY_DN3939_c1_g1::CP@TRINITY_DN3939_c1_g1_i1::g.73603::m.73603	82.000	100	18	0	1	100	1	100	6.09e-55	167
Tricadha	CP@TRINITY_DN3939_c1_g1::CP@TRINITY_DN3939_c1_g1_i2::g.73604::m.73604	81.000	100	19	0	70	169	2	101	6.95e-57	175
Tricadha	CP@TRINITY_DN3939_c1_g1::CP@TRINITY_DN3939_c1_g1_i1::g.73603::m.73603	81.000	100	19	0	70	169	2	101	6.95e-57	175
Tricadha	CP@TRINITY_DN14248_c1_g1::CP@TRINITY_DN14248_c1_g1_i8::g.39989::m.39989	69.892	93	28	0	70	162	2	94	5.95e-43	139
Tricadha	CP@TRINITY_DN14248_c1_g1::CP@TRINITY_DN14248_c1_g1_i7::g.39984::m.39984	69.892	93	28	0	70	162	2	94	5.95e-43	139
Tricadha	CP@TRINITY_DN14248_c1_g1::CP@TRINITY_DN14248_c1_g1_i16::g.39977::m.39977	69.892	93	28	0	70	162	2	94	5.95e-43	139
Tricadha	CP@TRINITY_DN14248_c1_g1::CP@TRINITY_DN14248_c1_g1_i12::g.39970::m.39970	69.892	93	28	0	70	162	2	94	5.95e-43	139
Tricadha	CP@TRINITY_DN14248_c1_g1::CP@TRINITY_DN14248_c1_g1_i1::g.39966::m.39966	69.892	93	28	0	70	162	2	94	5.95e-43	139
Amphquee	CP@TRINITY_DN3939_c1_g1::CP@TRINITY_DN3939_c1_g1_i2::g.73604::m.73604	84.158	101	16	0	44	144	1	101	3.54e-59	181
Amphquee	CP@TRINITY_DN3939_c1_g1::CP@TRINITY_DN3939_c1_g1_i1::g.73603::m.73603	84.158	101	16	0	44	144	1	101	3.54e-59	181
Amphquee	CP@TRINITY_DN14248_c1_g1::CP@TRINITY_DN14248_c1_g1_i8::g.39989::m.39989	68.085	94	30	0	44	137	1	94	1.79e-42	138
Amphquee	CP@TRINITY_DN14248_c1_g1::CP@TRINITY_DN14248_c1_g1_i7::g.39984::m.39984	68.085	94	30	0	44	137	1	94	1.79e-42	138
Amphquee	CP@TRINITY_DN14248_c1_g1::CP@TRINITY_DN14248_c1_g1_i16::g.39977::m.39977	68.085	94	30	0	44	137	1	94	1.79e-42	138
Amphquee	CP@TRINITY_DN14248_c1_g1::CP@TRINITY_DN14248_c1_g1_i12::g.39970::m.39970	68.085	94	30	0	44	137	1	94	1.79e-42	138
Amphquee	CP@TRINITY_DN14248_c1_g1::CP@TRINITY_DN14248_c1_g1_i1::g.39966::m.39966	68.085	94	30	0	44	137	1	94	1.79e-42	138
Gallgall	CP@TRINITY_DN3939_c1_g1::CP@TRINITY_DN3939_c1_g1_i2::g.73604::m.73604	83.636	110	16	1	1	110	1	108	5.39e-61	182
Gallgall	CP@TRINITY_DN3939_c1_g1::CP@TRINITY_DN3939_c1_g1_i1::g.73603::m.73603	83.636	110	16	1	1	110	1	108	5.39e-61	182
Gallgall	CP@TRINITY_DN14248_c1_g1::CP@TRINITY_DN14248_c1_g1_i8::g.39989::m.39989	71.277	94	27	0	1	94	1	94	8.80e-47	146
Gallgall	CP@TRINITY_DN14248_c1_g1::CP@TRINITY_DN14248_c1_g1_i7::g.39984::m.39984	71.277	94	27	0	1	94	1	94	8.80e-47	146
Gallgall	CP@TRINITY_DN14248_c1_g1::CP@TRINITY_DN14248_c1_g1_i16::g.39977::m.39977	71.277	94	27	0	1	94	1	94	8.80e-47	146
Gallgall	CP@TRINITY_DN14248_c1_g1::CP@TRINITY_DN14248_c1_g1_i12::g.39970::m.39970	71.277	94	27	0	1	94	1	94	8.80e-47	146
Gallgall	CP@TRINITY_DN14248_c1_g1::CP@TRINITY_DN14248_c1_g1_i1::g.39966::m.39966	71.277	94	27	0	1	94	1	94	8.80e-47	146
Aplycali	CP@TRINITY_DN3939_c1_g1::CP@TRINITY_DN3939_c1_g1_i2::g.73604::m.73604	83.478	115	14	1	1	115	1	110	5.72e-62	185
Aplycali	CP@TRINITY_DN3939_c1_g1::CP@TRINITY_DN3939_c1_g1_i1::g.73603::m.73603	83.478	115	14	1	1	115	1	110	5.72e-62	185
Aplycali	CP@TRINITY_DN14248_c1_g1::CP@TRINITY_DN14248_c1_g1_i8::g.39989::m.39989	64.912	114	40	0	1	114	1	114	3.94e-47	147
Aplycali	CP@TRINITY_DN14248_c1_g1::CP@TRINITY_DN14248_c1_g1_i7::g.39984::m.39984	64.912	114	40	0	1	114	1	114	3.94e-47	147
Aplycali	CP@TRINITY_DN14248_c1_g1::CP@TRINITY_DN14248_c1_g1_i16::g.39977::m.39977	64.912	114	40	0	1	114	1	114	3.94e-47	147
Aplycali	CP@TRINITY_DN14248_c1_g1::CP@TRINITY_DN14248_c1_g1_i12::g.39970::m.39970	64.912	114	40	0	1	114	1	114	3.94e-47	147
Aplycali	CP@TRINITY_DN14248_c1_g1::CP@TRINITY_DN14248_c1_g1_i1::g.39966::m.39966	64.912	114	40	0	1	114	1	114	3.94e-47	147
Multmedi	CP@TRINITY_DN3939_c1_g1::CP@TRINITY_DN3939_c1_g1_i2::g.73604::m.73604	86.139	101	14	0	17	117	1	101	8.92e-59	177
Multmedi	CP@TRINITY_DN3939_c1_g1::CP@TRINITY_DN3939_c1_g1_i1::g.73603::m.73603	86.139	101	14	0	17	117	1	101	8.92e-59	177
Multmedi	CP@TRINITY_DN14248_c1_g1::CP@TRINITY_DN14248_c1_g1_i8::g.39989::m.39989	71.277	94	27	0	17	110	1	94	4.49e-46	145
Multmedi	CP@TRINITY_DN14248_c1_g1::CP@TRINITY_DN14248_c1_g1_i7::g.39984::m.39984	71.277	94	27	0	17	110	1	94	4.49e-46	145
Multmedi	CP@TRINITY_DN14248_c1_g1::CP@TRINITY_DN14248_c1_g1_i16::g.39977::m.39977	71.277	94	27	0	17	110	1	94	4.49e-46	145
Multmedi	CP@TRINITY_DN14248_c1_g1::CP@TRINITY_DN14248_c1_g1_i12::g.39970::m.39970	71.277	94	27	0	17	110	1	94	4.49e-46	145
Multmedi	CP@TRINITY_DN14248_c1_g1::CP@TRINITY_DN14248_c1_g1_i1::g.39966::m.39966	71.277	94	27	0	17	110	1	94	4.49e-46	145
Taensoli	CP@TRINITY_DN3939_c1_g1::CP@TRINITY_DN3939_c1_g1_i2::g.73604::m.73604	69.000	100	31	0	1	100	1	100	3.20e-47	147
Taensoli	CP@TRINITY_DN3939_c1_g1::CP@TRINITY_DN3939_c1_g1_i1::g.73603::m.73603	69.000	100	31	0	1	100	1	100	3.20e-47	147
Taensoli	CP@TRINITY_DN14248_c1_g1::CP@TRINITY_DN14248_c1_g1_i8::g.39989::m.39989	67.742	93	30	0	1	93	1	93	5.95e-43	136
Taensoli	CP@TRINITY_DN14248_c1_g1::CP@TRINITY_DN14248_c1_g1_i7::g.39984::m.39984	67.742	93	30	0	1	93	1	93	5.95e-43	136
Taensoli	CP@TRINITY_DN14248_c1_g1::CP@TRINITY_DN14248_c1_g1_i16::g.39977::m.39977	67.742	93	30	0	1	93	1	93	5.95e-43	136
Taensoli	CP@TRINITY_DN14248_c1_g1::CP@TRINITY_DN14248_c1_g1_i12::g.39970::m.39970	67.742	93	30	0	1	93	1	93	5.95e-43	136
Taensoli	CP@TRINITY_DN14248_c1_g1::CP@TRINITY_DN14248_c1_g1_i1::g.39966::m.39966	67.742	93	30	0	1	93	1	93	5.95e-43	136
Caeneleg	CP@TRINITY_DN3939_c1_g1::CP@TRINITY_DN3939_c1_g1_i2::g.73604::m.73604	71.795	117	24	1	1	117	1	108	1.01e-55	169
Caeneleg	CP@TRINITY_DN3939_c1_g1::CP@TRINITY_DN3939_c1_g1_i1::g.73603::m.73603	71.795	117	24	1	1	117	1	108	1.01e-55	169
Caeneleg	CP@TRINITY_DN14248_c1_g1::CP@TRINITY_DN14248_c1_g1_i8::g.39989::m.39989	67.021	94	31	0	1	94	1	94	5.88e-43	137
Caeneleg	CP@TRINITY_DN14248_c1_g1::CP@TRINITY_DN14248_c1_g1_i7::g.39984::m.39984	67.021	94	31	0	1	94	1	94	5.88e-43	137
Caeneleg	CP@TRINITY_DN14248_c1_g1::CP@TRINITY_DN14248_c1_g1_i16::g.39977::m.39977	67.021	94	31	0	1	94	1	94	5.88e-43	137
Caeneleg	CP@TRINITY_DN14248_c1_g1::CP@TRINITY_DN14248_c1_g1_i12::g.39970::m.39970	67.021	94	31	0	1	94	1	94	5.88e-43	137
Caeneleg	CP@TRINITY_DN14248_c1_g1::CP@TRINITY_DN14248_c1_g1_i1::g.39966::m.39966	67.021	94	31	0	1	94	1	94	5.88e-43	137
Branflor	CP@TRINITY_DN3939_c1_g1::CP@TRINITY_DN3939_c1_g1_i2::g.73604::m.73604	87.000	100	13	0	13	112	2	101	4.75e-59	179
Branflor	CP@TRINITY_DN3939_c1_g1::CP@TRINITY_DN3939_c1_g1_i1::g.73603::m.73603	87.000	100	13	0	13	112	2	101	4.75e-59	179
Branflor	CP@TRINITY_DN14248_c1_g1::CP@TRINITY_DN14248_c1_g1_i8::g.39989::m.39989	68.182	110	35	0	13	122	2	111	1.44e-45	144
Branflor	CP@TRINITY_DN14248_c1_g1::CP@TRINITY_DN14248_c1_g1_i7::g.39984::m.39984	68.182	110	35	0	13	122	2	111	1.44e-45	144
Branflor	CP@TRINITY_DN14248_c1_g1::CP@TRINITY_DN14248_c1_g1_i16::g.39977::m.39977	68.182	110	35	0	13	122	2	111	1.44e-45	144
Branflor	CP@TRINITY_DN14248_c1_g1::CP@TRINITY_DN14248_c1_g1_i12::g.39970::m.39970	68.182	110	35	0	13	122	2	111	1.44e-45	144
Branflor	CP@TRINITY_DN14248_c1_g1::CP@TRINITY_DN14248_c1_g1_i1::g.39966::m.39966	68.182	110	35	0	13	122	2	111	1.44e-45	144
Salprose	CP@TRINITY_DN3939_c1_g1::CP@TRINITY_DN3939_c1_g1_i2::g.73604::m.73604	66.667	114	33	1	39	152	1	109	3.69e-51	159
Salprose	CP@TRINITY_DN3939_c1_g1::CP@TRINITY_DN3939_c1_g1_i1::g.73603::m.73603	66.667	114	33	1	39	152	1	109	3.69e-51	159
Salprose	CP@TRINITY_DN14248_c1_g1::CP@TRINITY_DN14248_c1_g1_i8::g.39989::m.39989	62.832	113	42	0	39	151	1	113	5.27e-45	143
Salprose	CP@TRINITY_DN14248_c1_g1::CP@TRINITY_DN14248_c1_g1_i7::g.39984::m.39984	62.832	113	42	0	39	151	1	113	5.27e-45	143
Salprose	CP@TRINITY_DN14248_c1_g1::CP@TRINITY_DN14248_c1_g1_i16::g.39977::m.39977	62.832	113	42	0	39	151	1	113	5.27e-45	143
Salprose	CP@TRINITY_DN14248_c1_g1::CP@TRINITY_DN14248_c1_g1_i12::g.39970::m.39970	62.832	113	42	0	39	151	1	113	5.27e-45	143
Salprose	CP@TRINITY_DN14248_c1_g1::CP@TRINITY_DN14248_c1_g1_i1::g.39966::m.39966	62.832	113	42	0	39	151	1	113	5.27e-45	143
Pellcata	CP@TRINITY_DN3939_c1_g1::CP@TRINITY_DN3939_c1_g1_i2::g.73604::m.73604	66.327	98	33	0	1	98	1	98	2.46e-44	141
Pellcata	CP@TRINITY_DN3939_c1_g1::CP@TRINITY_DN3939_c1_g1_i1::g.73603::m.73603	66.327	98	33	0	1	98	1	98	2.46e-44	141
Pellcata	CP@TRINITY_DN14248_c1_g1::CP@TRINITY_DN14248_c1_g1_i8::g.39989::m.39989	63.830	94	34	0	1	94	1	94	3.63e-41	132
Pellcata	CP@TRINITY_DN14248_c1_g1::CP@TRINITY_DN14248_c1_g1_i7::g.39984::m.39984	63.830	94	34	0	1	94	1	94	3.63e-41	132
Pellcata	CP@TRINITY_DN14248_c1_g1::CP@TRINITY_DN14248_c1_g1_i16::g.39977::m.39977	63.830	94	34	0	1	94	1	94	3.63e-41	132
Pellcata	CP@TRINITY_DN14248_c1_g1::CP@TRINITY_DN14248_c1_g1_i12::g.39970::m.39970	63.830	94	34	0	1	94	1	94	3.63e-41	132
Pellcata	CP@TRINITY_DN14248_c1_g1::CP@TRINITY_DN14248_c1_g1_i1::g.39966::m.39966	63.830	94	34	0	1	94	1	94	3.63e-41	132
Endozona	CP@TRINITY_DN14248_c1_g1::CP@TRINITY_DN14248_c1_g1_i8::g.39989::m.39989	69.149	94	29	0	1	94	1	94	1.43e-44	140
Endozona	CP@TRINITY_DN14248_c1_g1::CP@TRINITY_DN14248_c1_g1_i7::g.39984::m.39984	69.149	94	29	0	1	94	1	94	1.43e-44	140
Endozona	CP@TRINITY_DN14248_c1_g1::CP@TRINITY_DN14248_c1_g1_i16::g.39977::m.39977	69.149	94	29	0	1	94	1	94	1.43e-44	140
Endozona	CP@TRINITY_DN14248_c1_g1::CP@TRINITY_DN14248_c1_g1_i12::g.39970::m.39970	69.149	94	29	0	1	94	1	94	1.43e-44	140
Endozona	CP@TRINITY_DN14248_c1_g1::CP@TRINITY_DN14248_c1_g1_i1::g.39966::m.39966	69.149	94	29	0	1	94	1	94	1.43e-44	140
Endozona	CP@TRINITY_DN3939_c1_g1::CP@TRINITY_DN3939_c1_g1_i2::g.73604::m.73604	63.366	101	37	0	1	101	1	101	3.69e-43	137
Endozona	CP@TRINITY_DN3939_c1_g1::CP@TRINITY_DN3939_c1_g1_i1::g.73603::m.73603	63.366	101	37	0	1	101	1	101	3.69e-43	137
Gocefonb	CP@TRINITY_DN3939_c1_g1::CP@TRINITY_DN3939_c1_g1_i2::g.73604::m.73604	70.297	101	30	0	41	141	1	101	4.30e-50	157
Gocefonb	CP@TRINITY_DN3939_c1_g1::CP@TRINITY_DN3939_c1_g1_i1::g.73603::m.73603	70.297	101	30	0	41	141	1	101	4.30e-50	157
Gocefonb	CP@TRINITY_DN14248_c1_g1::CP@TRINITY_DN14248_c1_g1_i8::g.39989::m.39989	75.532	94	23	0	41	134	1	94	3.12e-48	152
Gocefonb	CP@TRINITY_DN14248_c1_g1::CP@TRINITY_DN14248_c1_g1_i7::g.39984::m.39984	75.532	94	23	0	41	134	1	94	3.12e-48	152
Gocefonb	CP@TRINITY_DN14248_c1_g1::CP@TRINITY_DN14248_c1_g1_i16::g.39977::m.39977	75.532	94	23	0	41	134	1	94	3.12e-48	152
Gocefonb	CP@TRINITY_DN14248_c1_g1::CP@TRINITY_DN14248_c1_g1_i12::g.39970::m.39970	75.532	94	23	0	41	134	1	94	3.12e-48	152
Gocefonb	CP@TRINITY_DN14248_c1_g1::CP@TRINITY_DN14248_c1_g1_i1::g.39966::m.39966	75.532	94	23	0	41	134	1	94	3.12e-48	152
Cochminu	CP@TRINITY_DN14248_c1_g1::CP@TRINITY_DN14248_c1_g1_i8::g.39989::m.39989	63.830	94	34	0	1	94	1	94	1.07e-42	136
Cochminu	CP@TRINITY_DN14248_c1_g1::CP@TRINITY_DN14248_c1_g1_i7::g.39984::m.39984	63.830	94	34	0	1	94	1	94	1.07e-42	136
Cochminu	CP@TRINITY_DN14248_c1_g1::CP@TRINITY_DN14248_c1_g1_i16::g.39977::m.39977	63.830	94	34	0	1	94	1	94	1.07e-42	136
Cochminu	CP@TRINITY_DN14248_c1_g1::CP@TRINITY_DN14248_c1_g1_i12::g.39970::m.39970	63.830	94	34	0	1	94	1	94	1.07e-42	136
Cochminu	CP@TRINITY_DN14248_c1_g1::CP@TRINITY_DN14248_c1_g1_i1::g.39966::m.39966	63.830	94	34	0	1	94	1	94	1.07e-42	136
Cochminu	CP@TRINITY_DN3939_c1_g1::CP@TRINITY_DN3939_c1_g1_i2::g.73604::m.73604	61.224	98	38	0	1	98	1	98	7.92e-42	134
Cochminu	CP@TRINITY_DN3939_c1_g1::CP@TRINITY_DN3939_c1_g1_i1::g.73603::m.73603	61.224	98	38	0	1	98	1	98	7.92e-42	134
Veximinu	CP@TRINITY_DN3939_c1_g1::CP@TRINITY_DN3939_c1_g1_i2::g.73604::m.73604	64.356	101	36	0	11	111	1	101	9.66e-42	134
Veximinu	CP@TRINITY_DN3939_c1_g1::CP@TRINITY_DN3939_c1_g1_i1::g.73603::m.73603	64.356	101	36	0	11	111	1	101	9.66e-42	134
ThecSK13	CP@TRINITY_DN3939_c1_g1::CP@TRINITY_DN3939_c1_g1_i2::g.73604::m.73604	63.063	111	40	1	9	119	1	110	2.50e-43	139
ThecSK13	CP@TRINITY_DN3939_c1_g1::CP@TRINITY_DN3939_c1_g1_i1::g.73603::m.73603	63.063	111	40	1	9	119	1	110	2.50e-43	139
Stensten	CP@TRINITY_DN3939_c1_g1::CP@TRINITY_DN3939_c1_g1_i2::g.73604::m.73604	61.607	112	39	2	1	110	1	110	1.35e-41	134
Stensten	CP@TRINITY_DN3939_c1_g1::CP@TRINITY_DN3939_c1_g1_i1::g.73603::m.73603	61.607	112	39	2	1	110	1	110	1.35e-41	134
Stensten	CP@TRINITY_DN14248_c1_g1::CP@TRINITY_DN14248_c1_g1_i8::g.39989::m.39989	61.017	118	44	1	1	118	1	116	7.11e-41	131
Stensten	CP@TRINITY_DN14248_c1_g1::CP@TRINITY_DN14248_c1_g1_i7::g.39984::m.39984	61.017	118	44	1	1	118	1	116	7.11e-41	131
Stensten	CP@TRINITY_DN14248_c1_g1::CP@TRINITY_DN14248_c1_g1_i16::g.39977::m.39977	61.017	118	44	1	1	118	1	116	7.11e-41	131
Stensten	CP@TRINITY_DN14248_c1_g1::CP@TRINITY_DN14248_c1_g1_i12::g.39970::m.39970	61.017	118	44	1	1	118	1	116	7.11e-41	131
Stensten	CP@TRINITY_DN14248_c1_g1::CP@TRINITY_DN14248_c1_g1_i1::g.39966::m.39966	61.017	118	44	1	1	118	1	116	7.11e-41	131
Adunpalu	CP@TRINITY_DN3939_c1_g1::CP@TRINITY_DN3939_c1_g1_i2::g.73604::m.73604	61.000	100	39	0	10	109	1	100	3.26e-42	135
Adunpalu	CP@TRINITY_DN3939_c1_g1::CP@TRINITY_DN3939_c1_g1_i1::g.73603::m.73603	61.000	100	39	0	10	109	1	100	3.26e-42	135
Pharkirb	CP@TRINITY_DN3939_c1_g1::CP@TRINITY_DN3939_c1_g1_i2::g.73604::m.73604	66.000	100	34	0	1	100	1	100	7.63e-46	145
Pharkirb	CP@TRINITY_DN3939_c1_g1::CP@TRINITY_DN3939_c1_g1_i1::g.73603::m.73603	66.000	100	34	0	1	100	1	100	7.63e-46	145
Pharkirb	CP@TRINITY_DN14248_c1_g1::CP@TRINITY_DN14248_c1_g1_i8::g.39989::m.39989	64.516	93	33	0	1	93	1	93	2.73e-43	138
Pharkirb	CP@TRINITY_DN14248_c1_g1::CP@TRINITY_DN14248_c1_g1_i7::g.39984::m.39984	64.516	93	33	0	1	93	1	93	2.73e-43	138
Pharkirb	CP@TRINITY_DN14248_c1_g1::CP@TRINITY_DN14248_c1_g1_i16::g.39977::m.39977	64.516	93	33	0	1	93	1	93	2.73e-43	138
Pharkirb	CP@TRINITY_DN14248_c1_g1::CP@TRINITY_DN14248_c1_g1_i12::g.39970::m.39970	64.516	93	33	0	1	93	1	93	2.73e-43	138
Pharkirb	CP@TRINITY_DN14248_c1_g1::CP@TRINITY_DN14248_c1_g1_i1::g.39966::m.39966	64.516	93	33	0	1	93	1	93	2.73e-43	138
HeterBB2	CP@TRINITY_DN3939_c1_g1::CP@TRINITY_DN3939_c1_g1_i2::g.73604::m.73604	70.000	100	30	0	1	100	1	100	1.93e-47	149
HeterBB2	CP@TRINITY_DN3939_c1_g1::CP@TRINITY_DN3939_c1_g1_i1::g.73603::m.73603	70.000	100	30	0	1	100	1	100	1.93e-47	149
HeterBB2	CP@TRINITY_DN14248_c1_g1::CP@TRINITY_DN14248_c1_g1_i8::g.39989::m.39989	69.892	93	28	0	1	93	1	93	2.16e-46	146
HeterBB2	CP@TRINITY_DN14248_c1_g1::CP@TRINITY_DN14248_c1_g1_i7::g.39984::m.39984	69.892	93	28	0	1	93	1	93	2.16e-46	146
HeterBB2	CP@TRINITY_DN14248_c1_g1::CP@TRINITY_DN14248_c1_g1_i16::g.39977::m.39977	69.892	93	28	0	1	93	1	93	2.16e-46	146
HeterBB2	CP@TRINITY_DN14248_c1_g1::CP@TRINITY_DN14248_c1_g1_i12::g.39970::m.39970	69.892	93	28	0	1	93	1	93	2.16e-46	146
HeterBB2	CP@TRINITY_DN14248_c1_g1::CP@TRINITY_DN14248_c1_g1_i1::g.39966::m.39966	69.892	93	28	0	1	93	1	93	2.16e-46	146
Tsukglob	CP@TRINITY_DN14248_c1_g1::CP@TRINITY_DN14248_c1_g1_i8::g.39989::m.39989	68.085	94	30	0	1	94	1	94	4.33e-46	144
Tsukglob	CP@TRINITY_DN14248_c1_g1::CP@TRINITY_DN14248_c1_g1_i7::g.39984::m.39984	68.085	94	30	0	1	94	1	94	4.33e-46	144
Tsukglob	CP@TRINITY_DN14248_c1_g1::CP@TRINITY_DN14248_c1_g1_i16::g.39977::m.39977	68.085	94	30	0	1	94	1	94	4.33e-46	144
Tsukglob	CP@TRINITY_DN14248_c1_g1::CP@TRINITY_DN14248_c1_g1_i12::g.39970::m.39970	68.085	94	30	0	1	94	1	94	4.33e-46	144
Tsukglob	CP@TRINITY_DN14248_c1_g1::CP@TRINITY_DN14248_c1_g1_i1::g.39966::m.39966	68.085	94	30	0	1	94	1	94	4.33e-46	144
Tsukglob	CP@TRINITY_DN3939_c1_g1::CP@TRINITY_DN3939_c1_g1_i2::g.73604::m.73604	63.208	106	37	1	1	104	1	106	1.22e-45	144
Tsukglob	CP@TRINITY_DN3939_c1_g1::CP@TRINITY_DN3939_c1_g1_i1::g.73603::m.73603	63.208	106	37	1	1	104	1	106	1.22e-45	144
Ancysigm	CP@TRINITY_DN3939_c1_g1::CP@TRINITY_DN3939_c1_g1_i2::g.73604::m.73604	62.887	97	36	0	3	99	4	100	7.35e-41	131
Ancysigm	CP@TRINITY_DN3939_c1_g1::CP@TRINITY_DN3939_c1_g1_i1::g.73603::m.73603	62.887	97	36	0	3	99	4	100	7.35e-41	131
Nutolong	CP@TRINITY_DN3939_c1_g1::CP@TRINITY_DN3939_c1_g1_i2::g.73604::m.73604	57.377	122	38	2	14	135	1	108	2.15e-43	140
Nutolong	CP@TRINITY_DN3939_c1_g1::CP@TRINITY_DN3939_c1_g1_i1::g.73603::m.73603	57.377	122	38	2	14	135	1	108	2.15e-43	140
Fabotrop	CP@TRINITY_DN3939_c1_g1::CP@TRINITY_DN3939_c1_g1_i2::g.73604::m.73604	66.000	100	34	0	1	100	1	100	3.07e-46	145
Fabotrop	CP@TRINITY_DN3939_c1_g1::CP@TRINITY_DN3939_c1_g1_i1::g.73603::m.73603	66.000	100	34	0	1	100	1	100	3.07e-46	145
Fabotrop	CP@TRINITY_DN14248_c1_g1::CP@TRINITY_DN14248_c1_g1_i8::g.39989::m.39989	68.085	94	30	0	1	94	1	94	1.61e-43	138
Fabotrop	CP@TRINITY_DN14248_c1_g1::CP@TRINITY_DN14248_c1_g1_i7::g.39984::m.39984	68.085	94	30	0	1	94	1	94	1.61e-43	138
Fabotrop	CP@TRINITY_DN14248_c1_g1::CP@TRINITY_DN14248_c1_g1_i16::g.39977::m.39977	68.085	94	30	0	1	94	1	94	1.61e-43	138
Fabotrop	CP@TRINITY_DN14248_c1_g1::CP@TRINITY_DN14248_c1_g1_i12::g.39970::m.39970	68.085	94	30	0	1	94	1	94	1.61e-43	138
Fabotrop	CP@TRINITY_DN14248_c1_g1::CP@TRINITY_DN14248_c1_g1_i1::g.39966::m.39966	68.085	94	30	0	1	94	1	94	1.61e-43	138
Mantplas	CP@TRINITY_DN3939_c1_g1::CP@TRINITY_DN3939_c1_g1_i2::g.73604::m.73604	64.000	100	36	0	9	108	1	100	2.18e-43	138
Mantplas	CP@TRINITY_DN3939_c1_g1::CP@TRINITY_DN3939_c1_g1_i1::g.73603::m.73603	64.000	100	36	0	9	108	1	100	2.18e-43	138
Mantplas	CP@TRINITY_DN14248_c1_g1::CP@TRINITY_DN14248_c1_g1_i8::g.39989::m.39989	60.684	117	46	0	9	125	1	117	1.00e-41	134
Mantplas	CP@TRINITY_DN14248_c1_g1::CP@TRINITY_DN14248_c1_g1_i7::g.39984::m.39984	60.684	117	46	0	9	125	1	117	1.00e-41	134
Mantplas	CP@TRINITY_DN14248_c1_g1::CP@TRINITY_DN14248_c1_g1_i16::g.39977::m.39977	60.684	117	46	0	9	125	1	117	1.00e-41	134
Mantplas	CP@TRINITY_DN14248_c1_g1::CP@TRINITY_DN14248_c1_g1_i12::g.39970::m.39970	60.684	117	46	0	9	125	1	117	1.00e-41	134
Mantplas	CP@TRINITY_DN14248_c1_g1::CP@TRINITY_DN14248_c1_g1_i1::g.39966::m.39966	60.684	117	46	0	9	125	1	117	1.00e-41	134
Colltric	CP@TRINITY_DN3939_c1_g1::CP@TRINITY_DN3939_c1_g1_i2::g.73604::m.73604	65.000	100	35	0	1	100	1	100	3.25e-44	141
Colltric	CP@TRINITY_DN3939_c1_g1::CP@TRINITY_DN3939_c1_g1_i1::g.73603::m.73603	65.000	100	35	0	1	100	1	100	3.25e-44	141
Colltric	CP@TRINITY_DN14248_c1_g1::CP@TRINITY_DN14248_c1_g1_i8::g.39989::m.39989	65.957	94	32	0	1	94	1	94	8.92e-43	137
Colltric	CP@TRINITY_DN14248_c1_g1::CP@TRINITY_DN14248_c1_g1_i7::g.39984::m.39984	65.957	94	32	0	1	94	1	94	8.92e-43	137
Colltric	CP@TRINITY_DN14248_c1_g1::CP@TRINITY_DN14248_c1_g1_i16::g.39977::m.39977	65.957	94	32	0	1	94	1	94	8.92e-43	137
Colltric	CP@TRINITY_DN14248_c1_g1::CP@TRINITY_DN14248_c1_g1_i12::g.39970::m.39970	65.957	94	32	0	1	94	1	94	8.92e-43	137
Colltric	CP@TRINITY_DN14248_c1_g1::CP@TRINITY_DN14248_c1_g1_i1::g.39966::m.39966	65.957	94	32	0	1	94	1	94	8.92e-43	137
Diphrota	CP@TRINITY_DN3939_c1_g1::CP@TRINITY_DN3939_c1_g1_i2::g.73604::m.73604	63.303	109	39	1	43	151	1	108	2.79e-44	142
Diphrota	CP@TRINITY_DN3939_c1_g1::CP@TRINITY_DN3939_c1_g1_i1::g.73603::m.73603	63.303	109	39	1	43	151	1	108	2.79e-44	142
Rigiramo	CP@TRINITY_DN3939_c1_g1::CP@TRINITY_DN3939_c1_g1_i2::g.73604::m.73604	66.337	101	34	0	14	114	1	101	8.99e-45	143
Rigiramo	CP@TRINITY_DN3939_c1_g1::CP@TRINITY_DN3939_c1_g1_i1::g.73603::m.73603	66.337	101	34	0	14	114	1	101	8.99e-45	143
Euglgrac	CP@TRINITY_DN3939_c1_g1::CP@TRINITY_DN3939_c1_g1_i2::g.73604::m.73604	62.745	102	37	1	3	104	1	101	1.95e-43	139
Euglgrac	CP@TRINITY_DN3939_c1_g1::CP@TRINITY_DN3939_c1_g1_i1::g.73603::m.73603	62.745	102	37	1	3	104	1	101	1.95e-43	139
Euglgrac	CP@TRINITY_DN14248_c1_g1::CP@TRINITY_DN14248_c1_g1_i8::g.39989::m.39989	71.277	94	26	1	3	96	1	93	2.43e-43	138
Euglgrac	CP@TRINITY_DN14248_c1_g1::CP@TRINITY_DN14248_c1_g1_i7::g.39984::m.39984	71.277	94	26	1	3	96	1	93	2.43e-43	138
Euglgrac	CP@TRINITY_DN14248_c1_g1::CP@TRINITY_DN14248_c1_g1_i16::g.39977::m.39977	71.277	94	26	1	3	96	1	93	2.43e-43	138
Euglgrac	CP@TRINITY_DN14248_c1_g1::CP@TRINITY_DN14248_c1_g1_i12::g.39970::m.39970	71.277	94	26	1	3	96	1	93	2.43e-43	138
Euglgrac	CP@TRINITY_DN14248_c1_g1::CP@TRINITY_DN14248_c1_g1_i1::g.39966::m.39966	71.277	94	26	1	3	96	1	93	2.43e-43	138
Eugllong	CP@TRINITY_DN3939_c1_g1::CP@TRINITY_DN3939_c1_g1_i2::g.73604::m.73604	61.765	102	38	1	11	112	1	101	1.70e-42	136
Eugllong	CP@TRINITY_DN3939_c1_g1::CP@TRINITY_DN3939_c1_g1_i1::g.73603::m.73603	61.765	102	38	1	11	112	1	101	1.70e-42	136
Eugllong	CP@TRINITY_DN14248_c1_g1::CP@TRINITY_DN14248_c1_g1_i8::g.39989::m.39989	62.069	116	43	1	11	126	1	115	8.65e-42	134
Eugllong	CP@TRINITY_DN14248_c1_g1::CP@TRINITY_DN14248_c1_g1_i7::g.39984::m.39984	62.069	116	43	1	11	126	1	115	8.65e-42	134
Eugllong	CP@TRINITY_DN14248_c1_g1::CP@TRINITY_DN14248_c1_g1_i16::g.39977::m.39977	62.069	116	43	1	11	126	1	115	8.65e-42	134
Eugllong	CP@TRINITY_DN14248_c1_g1::CP@TRINITY_DN14248_c1_g1_i12::g.39970::m.39970	62.069	116	43	1	11	126	1	115	8.65e-42	134
Eugllong	CP@TRINITY_DN14248_c1_g1::CP@TRINITY_DN14248_c1_g1_i1::g.39966::m.39966	62.069	116	43	1	11	126	1	115	8.65e-42	134
Eutrgymn	CP@TRINITY_DN3939_c1_g1::CP@TRINITY_DN3939_c1_g1_i2::g.73604::m.73604	61.468	109	41	1	1	109	1	108	1.47e-44	141
Eutrgymn	CP@TRINITY_DN3939_c1_g1::CP@TRINITY_DN3939_c1_g1_i1::g.73603::m.73603	61.468	109	41	1	1	109	1	108	1.47e-44	141
Eutrgymn	CP@TRINITY_DN14248_c1_g1::CP@TRINITY_DN14248_c1_g1_i8::g.39989::m.39989	69.149	94	28	1	1	94	1	93	1.95e-41	133
Eutrgymn	CP@TRINITY_DN14248_c1_g1::CP@TRINITY_DN14248_c1_g1_i7::g.39984::m.39984	69.149	94	28	1	1	94	1	93	1.95e-41	133
Eutrgymn	CP@TRINITY_DN14248_c1_g1::CP@TRINITY_DN14248_c1_g1_i16::g.39977::m.39977	69.149	94	28	1	1	94	1	93	1.95e-41	133
Eutrgymn	CP@TRINITY_DN14248_c1_g1::CP@TRINITY_DN14248_c1_g1_i12::g.39970::m.39970	69.149	94	28	1	1	94	1	93	1.95e-41	133
Eutrgymn	CP@TRINITY_DN14248_c1_g1::CP@TRINITY_DN14248_c1_g1_i1::g.39966::m.39966	69.149	94	28	1	1	94	1	93	1.95e-41	133
Sapochin	CP@TRINITY_DN3939_c1_g1::CP@TRINITY_DN3939_c1_g1_i2::g.73604::m.73604	60.909	110	43	0	1	110	1	110	1.38e-45	143
Sapochin	CP@TRINITY_DN3939_c1_g1::CP@TRINITY_DN3939_c1_g1_i1::g.73603::m.73603	60.909	110	43	0	1	110	1	110	1.38e-45	143
Sapochin	CP@TRINITY_DN14248_c1_g1::CP@TRINITY_DN14248_c1_g1_i8::g.39989::m.39989	69.892	93	28	0	1	93	1	93	6.44e-44	139
Sapochin	CP@TRINITY_DN14248_c1_g1::CP@TRINITY_DN14248_c1_g1_i7::g.39984::m.39984	69.892	93	28	0	1	93	1	93	6.44e-44	139
Sapochin	CP@TRINITY_DN14248_c1_g1::CP@TRINITY_DN14248_c1_g1_i16::g.39977::m.39977	69.892	93	28	0	1	93	1	93	6.44e-44	139
Sapochin	CP@TRINITY_DN14248_c1_g1::CP@TRINITY_DN14248_c1_g1_i12::g.39970::m.39970	69.892	93	28	0	1	93	1	93	6.44e-44	139
Sapochin	CP@TRINITY_DN14248_c1_g1::CP@TRINITY_DN14248_c1_g1_i1::g.39966::m.39966	69.892	93	28	0	1	93	1	93	6.44e-44	139
Armalang	CP@TRINITY_DN14248_c1_g1::CP@TRINITY_DN14248_c1_g1_i8::g.39989::m.39989	73.118	93	25	0	1	93	1	93	7.73e-48	149
Armalang	CP@TRINITY_DN14248_c1_g1::CP@TRINITY_DN14248_c1_g1_i7::g.39984::m.39984	73.118	93	25	0	1	93	1	93	7.73e-48	149
Armalang	CP@TRINITY_DN14248_c1_g1::CP@TRINITY_DN14248_c1_g1_i16::g.39977::m.39977	73.118	93	25	0	1	93	1	93	7.73e-48	149
Armalang	CP@TRINITY_DN14248_c1_g1::CP@TRINITY_DN14248_c1_g1_i12::g.39970::m.39970	73.118	93	25	0	1	93	1	93	7.73e-48	149
Armalang	CP@TRINITY_DN14248_c1_g1::CP@TRINITY_DN14248_c1_g1_i1::g.39966::m.39966	73.118	93	25	0	1	93	1	93	7.73e-48	149
Armalang	CP@TRINITY_DN3939_c1_g1::CP@TRINITY_DN3939_c1_g1_i2::g.73604::m.73604	65.306	98	34	0	1	98	1	98	4.04e-45	142
Armalang	CP@TRINITY_DN3939_c1_g1::CP@TRINITY_DN3939_c1_g1_i1::g.73603::m.73603	65.306	98	34	0	1	98	1	98	4.04e-45	142
Squajapo	CP@TRINITY_DN14248_c1_g1::CP@TRINITY_DN14248_c1_g1_i8::g.39989::m.39989	72.043	93	26	0	1	93	1	93	4.70e-47	147
Squajapo	CP@TRINITY_DN14248_c1_g1::CP@TRINITY_DN14248_c1_g1_i7::g.39984::m.39984	72.043	93	26	0	1	93	1	93	4.70e-47	147
Squajapo	CP@TRINITY_DN14248_c1_g1::CP@TRINITY_DN14248_c1_g1_i16::g.39977::m.39977	72.043	93	26	0	1	93	1	93	4.70e-47	147
Squajapo	CP@TRINITY_DN14248_c1_g1::CP@TRINITY_DN14248_c1_g1_i12::g.39970::m.39970	72.043	93	26	0	1	93	1	93	4.70e-47	147
Squajapo	CP@TRINITY_DN14248_c1_g1::CP@TRINITY_DN14248_c1_g1_i1::g.39966::m.39966	72.043	93	26	0	1	93	1	93	4.70e-47	147
Squajapo	CP@TRINITY_DN3939_c1_g1::CP@TRINITY_DN3939_c1_g1_i2::g.73604::m.73604	56.364	110	48	0	1	110	1	110	3.73e-42	135
Squajapo	CP@TRINITY_DN3939_c1_g1::CP@TRINITY_DN3939_c1_g1_i1::g.73603::m.73603	56.364	110	48	0	1	110	1	110	3.73e-42	135
Gefiokel	CP@TRINITY_DN3939_c1_g1::CP@TRINITY_DN3939_c1_g1_i2::g.73604::m.73604	67.000	100	33	0	22	121	1	100	1.65e-45	144
Gefiokel	CP@TRINITY_DN3939_c1_g1::CP@TRINITY_DN3939_c1_g1_i1::g.73603::m.73603	67.000	100	33	0	22	121	1	100	1.65e-45	144
Gefiokel	CP@TRINITY_DN14248_c1_g1::CP@TRINITY_DN14248_c1_g1_i8::g.39989::m.39989	68.817	93	29	0	22	114	1	93	6.24e-43	137
Gefiokel	CP@TRINITY_DN14248_c1_g1::CP@TRINITY_DN14248_c1_g1_i7::g.39984::m.39984	68.817	93	29	0	22	114	1	93	6.24e-43	137
Gefiokel	CP@TRINITY_DN14248_c1_g1::CP@TRINITY_DN14248_c1_g1_i16::g.39977::m.39977	68.817	93	29	0	22	114	1	93	6.24e-43	137
Gefiokel	CP@TRINITY_DN14248_c1_g1::CP@TRINITY_DN14248_c1_g1_i12::g.39970::m.39970	68.817	93	29	0	22	114	1	93	6.24e-43	137
Gefiokel	CP@TRINITY_DN14248_c1_g1::CP@TRINITY_DN14248_c1_g1_i1::g.39966::m.39966	68.817	93	29	0	22	114	1	93	6.24e-43	137
Malajako	CP@TRINITY_DN3939_c1_g1::CP@TRINITY_DN3939_c1_g1_i2::g.73604::m.73604	64.000	100	36	0	15	114	1	100	7.15e-44	140
Malajako	CP@TRINITY_DN3939_c1_g1::CP@TRINITY_DN3939_c1_g1_i1::g.73603::m.73603	64.000	100	36	0	15	114	1	100	7.15e-44	140
Malajako	CP@TRINITY_DN14248_c1_g1::CP@TRINITY_DN14248_c1_g1_i8::g.39989::m.39989	67.021	94	31	0	15	108	1	94	2.00e-41	133
Malajako	CP@TRINITY_DN14248_c1_g1::CP@TRINITY_DN14248_c1_g1_i7::g.39984::m.39984	67.021	94	31	0	15	108	1	94	2.00e-41	133
Malajako	CP@TRINITY_DN14248_c1_g1::CP@TRINITY_DN14248_c1_g1_i16::g.39977::m.39977	67.021	94	31	0	15	108	1	94	2.00e-41	133
Malajako	CP@TRINITY_DN14248_c1_g1::CP@TRINITY_DN14248_c1_g1_i12::g.39970::m.39970	67.021	94	31	0	15	108	1	94	2.00e-41	133
Malajako	CP@TRINITY_DN14248_c1_g1::CP@TRINITY_DN14248_c1_g1_i1::g.39966::m.39966	67.021	94	31	0	15	108	1	94	2.00e-41	133
Malacali	CP@TRINITY_DN3939_c1_g1::CP@TRINITY_DN3939_c1_g1_i2::g.73604::m.73604	62.617	107	35	1	11	112	4	110	8.85e-44	139
Malacali	CP@TRINITY_DN3939_c1_g1::CP@TRINITY_DN3939_c1_g1_i1::g.73603::m.73603	62.617	107	35	1	11	112	4	110	8.85e-44	139
Malacali	CP@TRINITY_DN14248_c1_g1::CP@TRINITY_DN14248_c1_g1_i8::g.39989::m.39989	63.158	114	42	0	11	124	4	117	5.53e-42	134
Malacali	CP@TRINITY_DN14248_c1_g1::CP@TRINITY_DN14248_c1_g1_i7::g.39984::m.39984	63.158	114	42	0	11	124	4	117	5.53e-42	134
Malacali	CP@TRINITY_DN14248_c1_g1::CP@TRINITY_DN14248_c1_g1_i16::g.39977::m.39977	63.158	114	42	0	11	124	4	117	5.53e-42	134
Malacali	CP@TRINITY_DN14248_c1_g1::CP@TRINITY_DN14248_c1_g1_i12::g.39970::m.39970	63.158	114	42	0	11	124	4	117	5.53e-42	134
Malacali	CP@TRINITY_DN14248_c1_g1::CP@TRINITY_DN14248_c1_g1_i1::g.39966::m.39966	63.158	114	42	0	11	124	4	117	5.53e-42	134
Mancberm	CP@TRINITY_DN3939_c1_g1::CP@TRINITY_DN3939_c1_g1_i2::g.73604::m.73604	58.000	100	42	0	8	107	1	100	1.67e-41	135
Mancberm	CP@TRINITY_DN3939_c1_g1::CP@TRINITY_DN3939_c1_g1_i1::g.73603::m.73603	58.000	100	42	0	8	107	1	100	1.67e-41	135
Mancberm	CP@TRINITY_DN14248_c1_g1::CP@TRINITY_DN14248_c1_g1_i8::g.39989::m.39989	60.638	94	37	0	8	101	1	94	5.82e-41	133
Mancberm	CP@TRINITY_DN14248_c1_g1::CP@TRINITY_DN14248_c1_g1_i7::g.39984::m.39984	60.638	94	37	0	8	101	1	94	5.82e-41	133
Mancberm	CP@TRINITY_DN14248_c1_g1::CP@TRINITY_DN14248_c1_g1_i16::g.39977::m.39977	60.638	94	37	0	8	101	1	94	5.82e-41	133
Mancberm	CP@TRINITY_DN14248_c1_g1::CP@TRINITY_DN14248_c1_g1_i12::g.39970::m.39970	60.638	94	37	0	8	101	1	94	5.82e-41	133
Mancberm	CP@TRINITY_DN14248_c1_g1::CP@TRINITY_DN14248_c1_g1_i1::g.39966::m.39966	60.638	94	37	0	8	101	1	94	5.82e-41	133
Mayocant	CP@TRINITY_DN3939_c1_g1::CP@TRINITY_DN3939_c1_g1_i2::g.73604::m.73604	66.355	107	29	1	1	107	1	100	7.43e-47	147
Mayocant	CP@TRINITY_DN3939_c1_g1::CP@TRINITY_DN3939_c1_g1_i1::g.73603::m.73603	66.355	107	29	1	1	107	1	100	7.43e-47	147
Masteilh	CP@TRINITY_DN3939_c1_g1::CP@TRINITY_DN3939_c1_g1_i2::g.73604::m.73604	66.364	110	36	1	1	110	1	109	3.46e-46	146
Masteilh	CP@TRINITY_DN3939_c1_g1::CP@TRINITY_DN3939_c1_g1_i1::g.73603::m.73603	66.364	110	36	1	1	110	1	109	3.46e-46	146
Filanola	CP@TRINITY_DN3939_c1_g1::CP@TRINITY_DN3939_c1_g1_i2::g.73604::m.73604	66.972	109	36	0	1	109	1	109	1.90e-48	151
Filanola	CP@TRINITY_DN3939_c1_g1::CP@TRINITY_DN3939_c1_g1_i1::g.73603::m.73603	66.972	109	36	0	1	109	1	109	1.90e-48	151
Filanola	CP@TRINITY_DN14248_c1_g1::CP@TRINITY_DN14248_c1_g1_i8::g.39989::m.39989	64.602	113	40	0	1	113	1	113	1.79e-46	145
Filanola	CP@TRINITY_DN14248_c1_g1::CP@TRINITY_DN14248_c1_g1_i7::g.39984::m.39984	64.602	113	40	0	1	113	1	113	1.79e-46	145
Filanola	CP@TRINITY_DN14248_c1_g1::CP@TRINITY_DN14248_c1_g1_i16::g.39977::m.39977	64.602	113	40	0	1	113	1	113	1.79e-46	145
Filanola	CP@TRINITY_DN14248_c1_g1::CP@TRINITY_DN14248_c1_g1_i12::g.39970::m.39970	64.602	113	40	0	1	113	1	113	1.79e-46	145
Filanola	CP@TRINITY_DN14248_c1_g1::CP@TRINITY_DN14248_c1_g1_i1::g.39966::m.39966	64.602	113	40	0	1	113	1	113	1.79e-46	145
Echibisp	CP@TRINITY_DN3939_c1_g1::CP@TRINITY_DN3939_c1_g1_i2::g.73604::m.73604	65.455	110	38	0	1	110	1	110	2.61e-48	150
Echibisp	CP@TRINITY_DN3939_c1_g1::CP@TRINITY_DN3939_c1_g1_i1::g.73603::m.73603	65.455	110	38	0	1	110	1	110	2.61e-48	150
Echibisp	CP@TRINITY_DN14248_c1_g1::CP@TRINITY_DN14248_c1_g1_i8::g.39989::m.39989	69.149	94	29	0	1	94	1	94	5.07e-44	139
Echibisp	CP@TRINITY_DN14248_c1_g1::CP@TRINITY_DN14248_c1_g1_i7::g.39984::m.39984	69.149	94	29	0	1	94	1	94	5.07e-44	139
Echibisp	CP@TRINITY_DN14248_c1_g1::CP@TRINITY_DN14248_c1_g1_i16::g.39977::m.39977	69.149	94	29	0	1	94	1	94	5.07e-44	139
Echibisp	CP@TRINITY_DN14248_c1_g1::CP@TRINITY_DN14248_c1_g1_i12::g.39970::m.39970	69.149	94	29	0	1	94	1	94	5.07e-44	139
Echibisp	CP@TRINITY_DN14248_c1_g1::CP@TRINITY_DN14248_c1_g1_i1::g.39966::m.39966	69.149	94	29	0	1	94	1	94	5.07e-44	139
Soliirre	CP@TRINITY_DN3939_c1_g1::CP@TRINITY_DN3939_c1_g1_i2::g.73604::m.73604	68.224	107	33	1	9	114	1	107	1.05e-48	152
Soliirre	CP@TRINITY_DN3939_c1_g1::CP@TRINITY_DN3939_c1_g1_i1::g.73603::m.73603	68.224	107	33	1	9	114	1	107	1.05e-48	152
Soliirre	CP@TRINITY_DN14248_c1_g1::CP@TRINITY_DN14248_c1_g1_i8::g.39989::m.39989	62.069	116	38	1	9	118	1	116	3.41e-45	142
Soliirre	CP@TRINITY_DN14248_c1_g1::CP@TRINITY_DN14248_c1_g1_i7::g.39984::m.39984	62.069	116	38	1	9	118	1	116	3.41e-45	142
Soliirre	CP@TRINITY_DN14248_c1_g1::CP@TRINITY_DN14248_c1_g1_i16::g.39977::m.39977	62.069	116	38	1	9	118	1	116	3.41e-45	142
Soliirre	CP@TRINITY_DN14248_c1_g1::CP@TRINITY_DN14248_c1_g1_i12::g.39970::m.39970	62.069	116	38	1	9	118	1	116	3.41e-45	142
Soliirre	CP@TRINITY_DN14248_c1_g1::CP@TRINITY_DN14248_c1_g1_i1::g.39966::m.39966	62.069	116	38	1	9	118	1	116	3.41e-45	142
Phalsoli	CP@TRINITY_DN3939_c1_g1::CP@TRINITY_DN3939_c1_g1_i2::g.73604::m.73604	66.337	101	34	0	1	101	2	102	6.79e-49	152
Phalsoli	CP@TRINITY_DN3939_c1_g1::CP@TRINITY_DN3939_c1_g1_i1::g.73603::m.73603	66.337	101	34	0	1	101	2	102	6.79e-49	152
Phalsoli	CP@TRINITY_DN14248_c1_g1::CP@TRINITY_DN14248_c1_g1_i8::g.39989::m.39989	68.478	92	29	0	1	92	2	93	6.42e-44	139
Phalsoli	CP@TRINITY_DN14248_c1_g1::CP@TRINITY_DN14248_c1_g1_i7::g.39984::m.39984	68.478	92	29	0	1	92	2	93	6.42e-44	139
Phalsoli	CP@TRINITY_DN14248_c1_g1::CP@TRINITY_DN14248_c1_g1_i16::g.39977::m.39977	68.478	92	29	0	1	92	2	93	6.42e-44	139
Phalsoli	CP@TRINITY_DN14248_c1_g1::CP@TRINITY_DN14248_c1_g1_i12::g.39970::m.39970	68.478	92	29	0	1	92	2	93	6.42e-44	139
Phalsoli	CP@TRINITY_DN14248_c1_g1::CP@TRINITY_DN14248_c1_g1_i1::g.39966::m.39966	68.478	92	29	0	1	92	2	93	6.42e-44	139
Tychacut	CP@TRINITY_DN3939_c1_g1::CP@TRINITY_DN3939_c1_g1_i2::g.73604::m.73604	65.714	105	36	0	1	105	1	105	2.64e-48	150
Tychacut	CP@TRINITY_DN3939_c1_g1::CP@TRINITY_DN3939_c1_g1_i1::g.73603::m.73603	65.714	105	36	0	1	105	1	105	2.64e-48	150
Tychacut	CP@TRINITY_DN14248_c1_g1::CP@TRINITY_DN14248_c1_g1_i8::g.39989::m.39989	73.118	93	25	0	1	93	1	93	4.52e-47	147
Tychacut	CP@TRINITY_DN14248_c1_g1::CP@TRINITY_DN14248_c1_g1_i7::g.39984::m.39984	73.118	93	25	0	1	93	1	93	4.52e-47	147
Tychacut	CP@TRINITY_DN14248_c1_g1::CP@TRINITY_DN14248_c1_g1_i16::g.39977::m.39977	73.118	93	25	0	1	93	1	93	4.52e-47	147
Tychacut	CP@TRINITY_DN14248_c1_g1::CP@TRINITY_DN14248_c1_g1_i12::g.39970::m.39970	73.118	93	25	0	1	93	1	93	4.52e-47	147
Tychacut	CP@TRINITY_DN14248_c1_g1::CP@TRINITY_DN14248_c1_g1_i1::g.39966::m.39966	73.118	93	25	0	1	93	1	93	4.52e-47	147
Cavoapop	CP@TRINITY_DN3939_c1_g1::CP@TRINITY_DN3939_c1_g1_i2::g.73604::m.73604	68.182	110	35	0	1	110	1	110	1.91e-52	161
Cavoapop	CP@TRINITY_DN3939_c1_g1::CP@TRINITY_DN3939_c1_g1_i1::g.73603::m.73603	68.182	110	35	0	1	110	1	110	1.91e-52	161
Cavoapop	CP@TRINITY_DN14248_c1_g1::CP@TRINITY_DN14248_c1_g1_i8::g.39989::m.39989	65.179	112	39	0	1	112	1	112	5.75e-48	149
Cavoapop	CP@TRINITY_DN14248_c1_g1::CP@TRINITY_DN14248_c1_g1_i7::g.39984::m.39984	65.179	112	39	0	1	112	1	112	5.75e-48	149
Cavoapop	CP@TRINITY_DN14248_c1_g1::CP@TRINITY_DN14248_c1_g1_i16::g.39977::m.39977	65.179	112	39	0	1	112	1	112	5.75e-48	149
Cavoapop	CP@TRINITY_DN14248_c1_g1::CP@TRINITY_DN14248_c1_g1_i12::g.39970::m.39970	65.179	112	39	0	1	112	1	112	5.75e-48	149
Cavoapop	CP@TRINITY_DN14248_c1_g1::CP@TRINITY_DN14248_c1_g1_i1::g.39966::m.39966	65.179	112	39	0	1	112	1	112	5.75e-48	149
Schivulg	CP@TRINITY_DN3939_c1_g1::CP@TRINITY_DN3939_c1_g1_i2::g.73604::m.73604	73.267	101	27	0	1	101	1	101	7.62e-51	157
Schivulg	CP@TRINITY_DN3939_c1_g1::CP@TRINITY_DN3939_c1_g1_i1::g.73603::m.73603	73.267	101	27	0	1	101	1	101	7.62e-51	157
Schivulg	CP@TRINITY_DN14248_c1_g1::CP@TRINITY_DN14248_c1_g1_i8::g.39989::m.39989	70.968	93	27	0	1	93	1	93	4.63e-47	147
Schivulg	CP@TRINITY_DN14248_c1_g1::CP@TRINITY_DN14248_c1_g1_i7::g.39984::m.39984	70.968	93	27	0	1	93	1	93	4.63e-47	147
Schivulg	CP@TRINITY_DN14248_c1_g1::CP@TRINITY_DN14248_c1_g1_i16::g.39977::m.39977	70.968	93	27	0	1	93	1	93	4.63e-47	147
Schivulg	CP@TRINITY_DN14248_c1_g1::CP@TRINITY_DN14248_c1_g1_i12::g.39970::m.39970	70.968	93	27	0	1	93	1	93	4.63e-47	147
Schivulg	CP@TRINITY_DN14248_c1_g1::CP@TRINITY_DN14248_c1_g1_i1::g.39966::m.39966	70.968	93	27	0	1	93	1	93	4.63e-47	147
Paralevi	CP@TRINITY_DN3939_c1_g1::CP@TRINITY_DN3939_c1_g1_i2::g.73604::m.73604	69.608	102	27	1	1	102	1	98	2.00e-48	150
Paralevi	CP@TRINITY_DN3939_c1_g1::CP@TRINITY_DN3939_c1_g1_i1::g.73603::m.73603	69.608	102	27	1	1	102	1	98	2.00e-48	150
Paralevi	CP@TRINITY_DN14248_c1_g1::CP@TRINITY_DN14248_c1_g1_i8::g.39989::m.39989	67.347	98	28	1	1	98	1	94	5.52e-44	139
Paralevi	CP@TRINITY_DN14248_c1_g1::CP@TRINITY_DN14248_c1_g1_i7::g.39984::m.39984	67.347	98	28	1	1	98	1	94	5.52e-44	139
Paralevi	CP@TRINITY_DN14248_c1_g1::CP@TRINITY_DN14248_c1_g1_i16::g.39977::m.39977	67.347	98	28	1	1	98	1	94	5.52e-44	139
Paralevi	CP@TRINITY_DN14248_c1_g1::CP@TRINITY_DN14248_c1_g1_i12::g.39970::m.39970	67.347	98	28	1	1	98	1	94	5.52e-44	139
Paralevi	CP@TRINITY_DN14248_c1_g1::CP@TRINITY_DN14248_c1_g1_i1::g.39966::m.39966	67.347	98	28	1	1	98	1	94	5.52e-44	139
Jakolibe	CP@TRINITY_DN3939_c1_g1::CP@TRINITY_DN3939_c1_g1_i2::g.73604::m.73604	68.000	100	32	0	27	126	1	100	4.33e-44	141
Jakolibe	CP@TRINITY_DN3939_c1_g1::CP@TRINITY_DN3939_c1_g1_i1::g.73603::m.73603	68.000	100	32	0	27	126	1	100	4.33e-44	141
Jakolibe	CP@TRINITY_DN14248_c1_g1::CP@TRINITY_DN14248_c1_g1_i8::g.39989::m.39989	66.667	93	31	0	27	119	1	93	2.47e-41	134
Jakolibe	CP@TRINITY_DN14248_c1_g1::CP@TRINITY_DN14248_c1_g1_i7::g.39984::m.39984	66.667	93	31	0	27	119	1	93	2.47e-41	134
Jakolibe	CP@TRINITY_DN14248_c1_g1::CP@TRINITY_DN14248_c1_g1_i16::g.39977::m.39977	66.667	93	31	0	27	119	1	93	2.47e-41	134
Jakolibe	CP@TRINITY_DN14248_c1_g1::CP@TRINITY_DN14248_c1_g1_i12::g.39970::m.39970	66.667	93	31	0	27	119	1	93	2.47e-41	134
Jakolibe	CP@TRINITY_DN14248_c1_g1::CP@TRINITY_DN14248_c1_g1_i1::g.39966::m.39966	66.667	93	31	0	27	119	1	93	2.47e-41	134
Reclamer	CP@TRINITY_DN3939_c1_g1::CP@TRINITY_DN3939_c1_g1_i2::g.73604::m.73604	66.000	100	34	0	1	100	1	100	2.14e-45	143
Reclamer	CP@TRINITY_DN3939_c1_g1::CP@TRINITY_DN3939_c1_g1_i1::g.73603::m.73603	66.000	100	34	0	1	100	1	100	2.14e-45	143
Rhizelon	CP@TRINITY_DN3939_c1_g1::CP@TRINITY_DN3939_c1_g1_i2::g.73604::m.73604	67.000	100	33	0	11	110	1	100	3.90e-48	150
Rhizelon	CP@TRINITY_DN3939_c1_g1::CP@TRINITY_DN3939_c1_g1_i1::g.73603::m.73603	67.000	100	33	0	11	110	1	100	3.90e-48	150
Rhizelon	CP@TRINITY_DN14248_c1_g1::CP@TRINITY_DN14248_c1_g1_i8::g.39989::m.39989	60.870	115	41	1	11	121	1	115	3.96e-45	142
Rhizelon	CP@TRINITY_DN14248_c1_g1::CP@TRINITY_DN14248_c1_g1_i7::g.39984::m.39984	60.870	115	41	1	11	121	1	115	3.96e-45	142
Rhizelon	CP@TRINITY_DN14248_c1_g1::CP@TRINITY_DN14248_c1_g1_i16::g.39977::m.39977	60.870	115	41	1	11	121	1	115	3.96e-45	142
Rhizelon	CP@TRINITY_DN14248_c1_g1::CP@TRINITY_DN14248_c1_g1_i12::g.39970::m.39970	60.870	115	41	1	11	121	1	115	3.96e-45	142
Rhizelon	CP@TRINITY_DN14248_c1_g1::CP@TRINITY_DN14248_c1_g1_i1::g.39966::m.39966	60.870	115	41	1	11	121	1	115	3.96e-45	142
Carpmemb	CP@TRINITY_DN3939_c1_g1::CP@TRINITY_DN3939_c1_g1_i2::g.73604::m.73604	62.727	110	38	1	18	124	1	110	1.52e-44	142
Carpmemb	CP@TRINITY_DN3939_c1_g1::CP@TRINITY_DN3939_c1_g1_i1::g.73603::m.73603	62.727	110	38	1	18	124	1	110	1.52e-44	142
Carpmemb	CP@TRINITY_DN14248_c1_g1::CP@TRINITY_DN14248_c1_g1_i8::g.39989::m.39989	66.667	93	31	0	18	110	1	93	2.62e-42	135
Carpmemb	CP@TRINITY_DN14248_c1_g1::CP@TRINITY_DN14248_c1_g1_i7::g.39984::m.39984	66.667	93	31	0	18	110	1	93	2.62e-42	135
Carpmemb	CP@TRINITY_DN14248_c1_g1::CP@TRINITY_DN14248_c1_g1_i16::g.39977::m.39977	66.667	93	31	0	18	110	1	93	2.62e-42	135
Carpmemb	CP@TRINITY_DN14248_c1_g1::CP@TRINITY_DN14248_c1_g1_i12::g.39970::m.39970	66.667	93	31	0	18	110	1	93	2.62e-42	135
Carpmemb	CP@TRINITY_DN14248_c1_g1::CP@TRINITY_DN14248_c1_g1_i1::g.39966::m.39966	66.667	93	31	0	18	110	1	93	2.62e-42	135
Rhizdele	CP@TRINITY_DN3939_c1_g1::CP@TRINITY_DN3939_c1_g1_i2::g.73604::m.73604	71.154	104	30	0	1	104	1	104	2.51e-52	160
Rhizdele	CP@TRINITY_DN3939_c1_g1::CP@TRINITY_DN3939_c1_g1_i1::g.73603::m.73603	71.154	104	30	0	1	104	1	104	2.51e-52	160
Rhizdele	CP@TRINITY_DN14248_c1_g1::CP@TRINITY_DN14248_c1_g1_i8::g.39989::m.39989	64.894	94	33	0	1	94	1	94	6.68e-42	134
Rhizdele	CP@TRINITY_DN14248_c1_g1::CP@TRINITY_DN14248_c1_g1_i7::g.39984::m.39984	64.894	94	33	0	1	94	1	94	6.68e-42	134
Rhizdele	CP@TRINITY_DN14248_c1_g1::CP@TRINITY_DN14248_c1_g1_i16::g.39977::m.39977	64.894	94	33	0	1	94	1	94	6.68e-42	134
Rhizdele	CP@TRINITY_DN14248_c1_g1::CP@TRINITY_DN14248_c1_g1_i12::g.39970::m.39970	64.894	94	33	0	1	94	1	94	6.68e-42	134
Rhizdele	CP@TRINITY_DN14248_c1_g1::CP@TRINITY_DN14248_c1_g1_i1::g.39966::m.39966	64.894	94	33	0	1	94	1	94	6.68e-42	134
Schizpom	CP@TRINITY_DN3939_c1_g1::CP@TRINITY_DN3939_c1_g1_i2::g.73604::m.73604	70.192	104	31	0	1	104	1	104	2.40e-50	156
Schizpom	CP@TRINITY_DN3939_c1_g1::CP@TRINITY_DN3939_c1_g1_i1::g.73603::m.73603	70.192	104	31	0	1	104	1	104	2.40e-50	156
Schizpom	CP@TRINITY_DN14248_c1_g1::CP@TRINITY_DN14248_c1_g1_i8::g.39989::m.39989	70.968	93	27	0	1	93	1	93	9.36e-46	144
Schizpom	CP@TRINITY_DN14248_c1_g1::CP@TRINITY_DN14248_c1_g1_i7::g.39984::m.39984	70.968	93	27	0	1	93	1	93	9.36e-46	144
Schizpom	CP@TRINITY_DN14248_c1_g1::CP@TRINITY_DN14248_c1_g1_i16::g.39977::m.39977	70.968	93	27	0	1	93	1	93	9.36e-46	144
Schizpom	CP@TRINITY_DN14248_c1_g1::CP@TRINITY_DN14248_c1_g1_i12::g.39970::m.39970	70.968	93	27	0	1	93	1	93	9.36e-46	144
Schizpom	CP@TRINITY_DN14248_c1_g1::CP@TRINITY_DN14248_c1_g1_i1::g.39966::m.39966	70.968	93	27	0	1	93	1	93	9.36e-46	144
Debahans	CP@TRINITY_DN3939_c1_g1::CP@TRINITY_DN3939_c1_g1_i2::g.73604::m.73604	69.524	105	32	0	1	105	1	105	1.29e-47	149
Debahans	CP@TRINITY_DN3939_c1_g1::CP@TRINITY_DN3939_c1_g1_i1::g.73603::m.73603	69.524	105	32	0	1	105	1	105	1.29e-47	149
Debahans	CP@TRINITY_DN14248_c1_g1::CP@TRINITY_DN14248_c1_g1_i8::g.39989::m.39989	66.667	93	31	0	1	93	1	93	8.66e-41	131
Debahans	CP@TRINITY_DN14248_c1_g1::CP@TRINITY_DN14248_c1_g1_i7::g.39984::m.39984	66.667	93	31	0	1	93	1	93	8.66e-41	131
Debahans	CP@TRINITY_DN14248_c1_g1::CP@TRINITY_DN14248_c1_g1_i16::g.39977::m.39977	66.667	93	31	0	1	93	1	93	8.66e-41	131
Debahans	CP@TRINITY_DN14248_c1_g1::CP@TRINITY_DN14248_c1_g1_i12::g.39970::m.39970	66.667	93	31	0	1	93	1	93	8.66e-41	131
Debahans	CP@TRINITY_DN14248_c1_g1::CP@TRINITY_DN14248_c1_g1_i1::g.39966::m.39966	66.667	93	31	0	1	93	1	93	8.66e-41	131
Aspefumi	CP@TRINITY_DN3939_c1_g1::CP@TRINITY_DN3939_c1_g1_i2::g.73604::m.73604	68.269	104	33	0	1	104	1	104	5.09e-51	157
Aspefumi	CP@TRINITY_DN3939_c1_g1::CP@TRINITY_DN3939_c1_g1_i1::g.73603::m.73603	68.269	104	33	0	1	104	1	104	5.09e-51	157
Aspefumi	CP@TRINITY_DN14248_c1_g1::CP@TRINITY_DN14248_c1_g1_i8::g.39989::m.39989	72.340	94	26	0	1	94	1	94	1.42e-47	148
Aspefumi	CP@TRINITY_DN14248_c1_g1::CP@TRINITY_DN14248_c1_g1_i7::g.39984::m.39984	72.340	94	26	0	1	94	1	94	1.42e-47	148
Aspefumi	CP@TRINITY_DN14248_c1_g1::CP@TRINITY_DN14248_c1_g1_i16::g.39977::m.39977	72.340	94	26	0	1	94	1	94	1.42e-47	148
Aspefumi	CP@TRINITY_DN14248_c1_g1::CP@TRINITY_DN14248_c1_g1_i12::g.39970::m.39970	72.340	94	26	0	1	94	1	94	1.42e-47	148
Aspefumi	CP@TRINITY_DN14248_c1_g1::CP@TRINITY_DN14248_c1_g1_i1::g.39966::m.39966	72.340	94	26	0	1	94	1	94	1.42e-47	148
Neurcras	CP@TRINITY_DN3939_c1_g1::CP@TRINITY_DN3939_c1_g1_i2::g.73604::m.73604	67.308	104	34	0	1	104	1	104	9.29e-51	157
Neurcras	CP@TRINITY_DN3939_c1_g1::CP@TRINITY_DN3939_c1_g1_i1::g.73603::m.73603	67.308	104	34	0	1	104	1	104	9.29e-51	157
Neurcras	CP@TRINITY_DN14248_c1_g1::CP@TRINITY_DN14248_c1_g1_i8::g.39989::m.39989	73.404	94	25	0	1	94	1	94	3.19e-47	147
Neurcras	CP@TRINITY_DN14248_c1_g1::CP@TRINITY_DN14248_c1_g1_i7::g.39984::m.39984	73.404	94	25	0	1	94	1	94	3.19e-47	147
Neurcras	CP@TRINITY_DN14248_c1_g1::CP@TRINITY_DN14248_c1_g1_i16::g.39977::m.39977	73.404	94	25	0	1	94	1	94	3.19e-47	147
Neurcras	CP@TRINITY_DN14248_c1_g1::CP@TRINITY_DN14248_c1_g1_i12::g.39970::m.39970	73.404	94	25	0	1	94	1	94	3.19e-47	147
Neurcras	CP@TRINITY_DN14248_c1_g1::CP@TRINITY_DN14248_c1_g1_i1::g.39966::m.39966	73.404	94	25	0	1	94	1	94	3.19e-47	147
Coprcine	CP@TRINITY_DN3939_c1_g1::CP@TRINITY_DN3939_c1_g1_i2::g.73604::m.73604	71.154	104	30	0	1	104	1	104	5.72e-52	160
Coprcine	CP@TRINITY_DN3939_c1_g1::CP@TRINITY_DN3939_c1_g1_i1::g.73603::m.73603	71.154	104	30	0	1	104	1	104	5.72e-52	160
Coprcine	CP@TRINITY_DN14248_c1_g1::CP@TRINITY_DN14248_c1_g1_i8::g.39989::m.39989	70.213	94	28	0	1	94	1	94	2.71e-47	148
Coprcine	CP@TRINITY_DN14248_c1_g1::CP@TRINITY_DN14248_c1_g1_i7::g.39984::m.39984	70.213	94	28	0	1	94	1	94	2.71e-47	148
Coprcine	CP@TRINITY_DN14248_c1_g1::CP@TRINITY_DN14248_c1_g1_i16::g.39977::m.39977	70.213	94	28	0	1	94	1	94	2.71e-47	148
Coprcine	CP@TRINITY_DN14248_c1_g1::CP@TRINITY_DN14248_c1_g1_i12::g.39970::m.39970	70.213	94	28	0	1	94	1	94	2.71e-47	148
Coprcine	CP@TRINITY_DN14248_c1_g1::CP@TRINITY_DN14248_c1_g1_i1::g.39966::m.39966	70.213	94	28	0	1	94	1	94	2.71e-47	148
Ustimayd	CP@TRINITY_DN3939_c1_g1::CP@TRINITY_DN3939_c1_g1_i2::g.73604::m.73604	68.932	103	32	0	1	103	1	103	4.01e-49	153
Ustimayd	CP@TRINITY_DN3939_c1_g1::CP@TRINITY_DN3939_c1_g1_i1::g.73603::m.73603	68.932	103	32	0	1	103	1	103	4.01e-49	153
Ustimayd	CP@TRINITY_DN14248_c1_g1::CP@TRINITY_DN14248_c1_g1_i8::g.39989::m.39989	72.340	94	26	0	1	94	1	94	1.06e-47	149
Ustimayd	CP@TRINITY_DN14248_c1_g1::CP@TRINITY_DN14248_c1_g1_i7::g.39984::m.39984	72.340	94	26	0	1	94	1	94	1.06e-47	149
Ustimayd	CP@TRINITY_DN14248_c1_g1::CP@TRINITY_DN14248_c1_g1_i16::g.39977::m.39977	72.340	94	26	0	1	94	1	94	1.06e-47	149
Ustimayd	CP@TRINITY_DN14248_c1_g1::CP@TRINITY_DN14248_c1_g1_i12::g.39970::m.39970	72.340	94	26	0	1	94	1	94	1.06e-47	149
Ustimayd	CP@TRINITY_DN14248_c1_g1::CP@TRINITY_DN14248_c1_g1_i1::g.39966::m.39966	72.340	94	26	0	1	94	1	94	1.06e-47	149
Lenilimo	CP@TRINITY_DN3939_c1_g1::CP@TRINITY_DN3939_c1_g1_i2::g.73604::m.73604	64.000	100	36	0	13	112	1	100	1.28e-43	139
Lenilimo	CP@TRINITY_DN3939_c1_g1::CP@TRINITY_DN3939_c1_g1_i1::g.73603::m.73603	64.000	100	36	0	13	112	1	100	1.28e-43	139
Lenilimo	CP@TRINITY_DN14248_c1_g1::CP@TRINITY_DN14248_c1_g1_i8::g.39989::m.39989	63.441	93	34	0	13	105	1	93	7.10e-42	134
Lenilimo	CP@TRINITY_DN14248_c1_g1::CP@TRINITY_DN14248_c1_g1_i7::g.39984::m.39984	63.441	93	34	0	13	105	1	93	7.10e-42	134
Lenilimo	CP@TRINITY_DN14248_c1_g1::CP@TRINITY_DN14248_c1_g1_i16::g.39977::m.39977	63.441	93	34	0	13	105	1	93	7.10e-42	134
Lenilimo	CP@TRINITY_DN14248_c1_g1::CP@TRINITY_DN14248_c1_g1_i12::g.39970::m.39970	63.441	93	34	0	13	105	1	93	7.10e-42	134
Lenilimo	CP@TRINITY_DN14248_c1_g1::CP@TRINITY_DN14248_c1_g1_i1::g.39966::m.39966	63.441	93	34	0	13	105	1	93	7.10e-42	134
Pygsbifo	CP@TRINITY_DN3939_c1_g1::CP@TRINITY_DN3939_c1_g1_i2::g.73604::m.73604	71.154	104	30	0	1	104	1	104	1.69e-49	153
Pygsbifo	CP@TRINITY_DN3939_c1_g1::CP@TRINITY_DN3939_c1_g1_i1::g.73603::m.73603	71.154	104	30	0	1	104	1	104	1.69e-49	153
Pygsbifo	CP@TRINITY_DN14248_c1_g1::CP@TRINITY_DN14248_c1_g1_i8::g.39989::m.39989	67.742	93	30	0	1	93	1	93	3.68e-42	134
Pygsbifo	CP@TRINITY_DN14248_c1_g1::CP@TRINITY_DN14248_c1_g1_i7::g.39984::m.39984	67.742	93	30	0	1	93	1	93	3.68e-42	134
Pygsbifo	CP@TRINITY_DN14248_c1_g1::CP@TRINITY_DN14248_c1_g1_i16::g.39977::m.39977	67.742	93	30	0	1	93	1	93	3.68e-42	134
Pygsbifo	CP@TRINITY_DN14248_c1_g1::CP@TRINITY_DN14248_c1_g1_i12::g.39970::m.39970	67.742	93	30	0	1	93	1	93	3.68e-42	134
Pygsbifo	CP@TRINITY_DN14248_c1_g1::CP@TRINITY_DN14248_c1_g1_i1::g.39966::m.39966	67.742	93	30	0	1	93	1	93	3.68e-42	134
Blasbrit	CP@TRINITY_DN3939_c1_g1::CP@TRINITY_DN3939_c1_g1_i2::g.73604::m.73604	64.423	104	37	0	1	104	1	104	6.76e-47	147
Blasbrit	CP@TRINITY_DN3939_c1_g1::CP@TRINITY_DN3939_c1_g1_i1::g.73603::m.73603	64.423	104	37	0	1	104	1	104	6.76e-47	147
Blasbrit	CP@TRINITY_DN14248_c1_g1::CP@TRINITY_DN14248_c1_g1_i8::g.39989::m.39989	67.021	94	31	0	1	94	1	94	3.33e-43	137
Blasbrit	CP@TRINITY_DN14248_c1_g1::CP@TRINITY_DN14248_c1_g1_i7::g.39984::m.39984	67.021	94	31	0	1	94	1	94	3.33e-43	137
Blasbrit	CP@TRINITY_DN14248_c1_g1::CP@TRINITY_DN14248_c1_g1_i16::g.39977::m.39977	67.021	94	31	0	1	94	1	94	3.33e-43	137
Blasbrit	CP@TRINITY_DN14248_c1_g1::CP@TRINITY_DN14248_c1_g1_i12::g.39970::m.39970	67.021	94	31	0	1	94	1	94	3.33e-43	137
Blasbrit	CP@TRINITY_DN14248_c1_g1::CP@TRINITY_DN14248_c1_g1_i1::g.39966::m.39966	67.021	94	31	0	1	94	1	94	3.33e-43	137
Allomacr	CP@TRINITY_DN3939_c1_g1::CP@TRINITY_DN3939_c1_g1_i2::g.73604::m.73604	62.264	106	38	1	1	106	1	104	1.79e-46	146
Allomacr	CP@TRINITY_DN3939_c1_g1::CP@TRINITY_DN3939_c1_g1_i1::g.73603::m.73603	62.264	106	38	1	1	106	1	104	1.79e-46	146
Allomacr	CP@TRINITY_DN14248_c1_g1::CP@TRINITY_DN14248_c1_g1_i8::g.39989::m.39989	66.667	96	30	1	1	96	1	94	2.40e-43	137
Allomacr	CP@TRINITY_DN14248_c1_g1::CP@TRINITY_DN14248_c1_g1_i7::g.39984::m.39984	66.667	96	30	1	1	96	1	94	2.40e-43	137
Allomacr	CP@TRINITY_DN14248_c1_g1::CP@TRINITY_DN14248_c1_g1_i16::g.39977::m.39977	66.667	96	30	1	1	96	1	94	2.40e-43	137
Allomacr	CP@TRINITY_DN14248_c1_g1::CP@TRINITY_DN14248_c1_g1_i12::g.39970::m.39970	66.667	96	30	1	1	96	1	94	2.40e-43	137
Allomacr	CP@TRINITY_DN14248_c1_g1::CP@TRINITY_DN14248_c1_g1_i1::g.39966::m.39966	66.667	96	30	1	1	96	1	94	2.40e-43	137
Spizpunc	CP@TRINITY_DN3939_c1_g1::CP@TRINITY_DN3939_c1_g1_i2::g.73604::m.73604	73.333	105	27	1	1	105	1	104	3.66e-54	165
Spizpunc	CP@TRINITY_DN3939_c1_g1::CP@TRINITY_DN3939_c1_g1_i1::g.73603::m.73603	73.333	105	27	1	1	105	1	104	3.66e-54	165
Spizpunc	CP@TRINITY_DN14248_c1_g1::CP@TRINITY_DN14248_c1_g1_i8::g.39989::m.39989	67.890	109	35	0	1	109	1	109	2.17e-48	150
Spizpunc	CP@TRINITY_DN14248_c1_g1::CP@TRINITY_DN14248_c1_g1_i7::g.39984::m.39984	67.890	109	35	0	1	109	1	109	2.17e-48	150
Spizpunc	CP@TRINITY_DN14248_c1_g1::CP@TRINITY_DN14248_c1_g1_i16::g.39977::m.39977	67.890	109	35	0	1	109	1	109	2.17e-48	150
Spizpunc	CP@TRINITY_DN14248_c1_g1::CP@TRINITY_DN14248_c1_g1_i12::g.39970::m.39970	67.890	109	35	0	1	109	1	109	2.17e-48	150
Spizpunc	CP@TRINITY_DN14248_c1_g1::CP@TRINITY_DN14248_c1_g1_i1::g.39966::m.39966	67.890	109	35	0	1	109	1	109	2.17e-48	150
