Blasemer	CP@TRINITY_DN497_c0_g1::CP@TRINITY_DN497_c0_g1_i9::g.74504::m.74504	76.316	190	45	0	11	200	53	242	7.77e-115	327
Blasemer	CP@TRINITY_DN497_c0_g1::CP@TRINITY_DN497_c0_g1_i2::g.74495::m.74495	76.316	190	45	0	11	200	53	242	7.77e-115	327
Blasemer	CP@TRINITY_DN35688_c0_g1::CP@TRINITY_DN35688_c0_g1_i1::g.69901::m.69901	79.032	186	37	1	17	200	39	224	4.85e-109	311
Protlace	CP@TRINITY_DN497_c0_g1::CP@TRINITY_DN497_c0_g1_i9::g.74504::m.74504	71.223	139	40	0	1	139	104	242	1.30e-74	222
Protlace	CP@TRINITY_DN497_c0_g1::CP@TRINITY_DN497_c0_g1_i2::g.74495::m.74495	71.223	139	40	0	1	139	104	242	1.30e-74	222
Protlace	CP@TRINITY_DN35688_c0_g1::CP@TRINITY_DN35688_c0_g1_i1::g.69901::m.69901	71.223	139	40	0	1	139	86	224	1.32e-74	221
Rainerin	CP@TRINITY_DN35688_c0_g1::CP@TRINITY_DN35688_c0_g1_i1::g.69901::m.69901	75.789	190	45	1	26	214	36	225	1.51e-106	305
Rainerin	CP@TRINITY_DN497_c0_g1::CP@TRINITY_DN497_c0_g1_i9::g.74504::m.74504	69.681	188	54	2	28	214	58	243	1.69e-100	291
Rainerin	CP@TRINITY_DN497_c0_g1::CP@TRINITY_DN497_c0_g1_i2::g.74495::m.74495	69.681	188	54	2	28	214	58	243	1.69e-100	291
Raphhete	CP@TRINITY_DN35688_c0_g1::CP@TRINITY_DN35688_c0_g1_i1::g.69901::m.69901	73.684	190	50	0	18	207	36	225	8.35e-106	303
Raphhete	CP@TRINITY_DN497_c0_g1::CP@TRINITY_DN497_c0_g1_i9::g.74504::m.74504	69.681	188	55	1	20	207	58	243	1.16e-101	293
Raphhete	CP@TRINITY_DN497_c0_g1::CP@TRINITY_DN497_c0_g1_i2::g.74495::m.74495	69.681	188	55	1	20	207	58	243	1.16e-101	293
AcanthFB	CP@TRINITY_DN35688_c0_g1::CP@TRINITY_DN35688_c0_g1_i1::g.69901::m.69901	75.661	189	46	0	1	189	37	225	2.07e-106	304
AcanthFB	CP@TRINITY_DN497_c0_g1::CP@TRINITY_DN497_c0_g1_i9::g.74504::m.74504	69.681	188	55	1	2	189	58	243	7.62e-101	291
AcanthFB	CP@TRINITY_DN497_c0_g1::CP@TRINITY_DN497_c0_g1_i2::g.74495::m.74495	69.681	188	55	1	2	189	58	243	7.62e-101	291
Dictdisc	CP@TRINITY_DN35688_c0_g1::CP@TRINITY_DN35688_c0_g1_i1::g.69901::m.69901	70.370	189	54	1	4	190	36	224	2.38e-98	284
Dictdisc	CP@TRINITY_DN497_c0_g1::CP@TRINITY_DN497_c0_g1_i9::g.74504::m.74504	67.391	184	60	0	7	190	59	242	1.24e-94	275
Dictdisc	CP@TRINITY_DN497_c0_g1::CP@TRINITY_DN497_c0_g1_i2::g.74495::m.74495	67.391	184	60	0	7	190	59	242	1.24e-94	275
Galdphle	CP@TRINITY_DN35688_c0_g1::CP@TRINITY_DN35688_c0_g1_i1::g.69901::m.69901	80.105	191	38	0	1	191	34	224	1.23e-116	330
Galdphle	CP@TRINITY_DN497_c0_g1::CP@TRINITY_DN497_c0_g1_i9::g.74504::m.74504	73.262	187	48	1	5	191	58	242	6.97e-106	303
Galdphle	CP@TRINITY_DN497_c0_g1::CP@TRINITY_DN497_c0_g1_i2::g.74495::m.74495	73.262	187	48	1	5	191	58	242	6.97e-106	303
Porppurp	CP@TRINITY_DN35688_c0_g1::CP@TRINITY_DN35688_c0_g1_i1::g.69901::m.69901	77.320	194	44	0	1	194	31	224	1.94e-110	315
Porppurp	CP@TRINITY_DN497_c0_g1::CP@TRINITY_DN497_c0_g1_i9::g.74504::m.74504	72.727	187	49	1	8	194	58	242	4.27e-104	299
Porppurp	CP@TRINITY_DN497_c0_g1::CP@TRINITY_DN497_c0_g1_i2::g.74495::m.74495	72.727	187	49	1	8	194	58	242	4.27e-104	299
Gracchor	CP@TRINITY_DN35688_c0_g1::CP@TRINITY_DN35688_c0_g1_i1::g.69901::m.69901	78.866	194	41	0	1	194	31	224	2.11e-116	330
Gracchor	CP@TRINITY_DN497_c0_g1::CP@TRINITY_DN497_c0_g1_i9::g.74504::m.74504	73.262	187	48	1	8	194	58	242	2.99e-105	302
Gracchor	CP@TRINITY_DN497_c0_g1::CP@TRINITY_DN497_c0_g1_i2::g.74495::m.74495	73.262	187	48	1	8	194	58	242	2.99e-105	302
Leismajo	CP@TRINITY_DN497_c0_g1::CP@TRINITY_DN497_c0_g1_i9::g.74504::m.74504	61.497	187	71	1	5	190	56	242	1.98e-88	259
Leismajo	CP@TRINITY_DN497_c0_g1::CP@TRINITY_DN497_c0_g1_i2::g.74495::m.74495	61.497	187	71	1	5	190	56	242	1.98e-88	259
Leismajo	CP@TRINITY_DN35688_c0_g1::CP@TRINITY_DN35688_c0_g1_i1::g.69901::m.69901	63.102	187	66	1	7	190	38	224	3.36e-88	258
Leptpyrr	CP@TRINITY_DN497_c0_g1::CP@TRINITY_DN497_c0_g1_i9::g.74504::m.74504	60.215	186	73	1	6	190	57	242	6.72e-86	253
Leptpyrr	CP@TRINITY_DN497_c0_g1::CP@TRINITY_DN497_c0_g1_i2::g.74495::m.74495	60.215	186	73	1	6	190	57	242	6.72e-86	253
Leptpyrr	CP@TRINITY_DN35688_c0_g1::CP@TRINITY_DN35688_c0_g1_i1::g.69901::m.69901	61.497	187	69	1	7	190	38	224	1.25e-85	251
Paraconf	CP@TRINITY_DN35688_c0_g1::CP@TRINITY_DN35688_c0_g1_i1::g.69901::m.69901	68.750	128	40	0	1	128	97	224	1.45e-65	198
Paraconf	CP@TRINITY_DN497_c0_g1::CP@TRINITY_DN497_c0_g1_i9::g.74504::m.74504	64.844	128	45	0	1	128	115	242	4.21e-60	185
Paraconf	CP@TRINITY_DN497_c0_g1::CP@TRINITY_DN497_c0_g1_i2::g.74495::m.74495	64.844	128	45	0	1	128	115	242	4.21e-60	185
Trypbruc	CP@TRINITY_DN35688_c0_g1::CP@TRINITY_DN35688_c0_g1_i1::g.69901::m.69901	65.241	187	62	1	7	190	38	224	1.13e-91	267
Trypbruc	CP@TRINITY_DN497_c0_g1::CP@TRINITY_DN497_c0_g1_i9::g.74504::m.74504	61.828	186	70	1	6	190	57	242	1.15e-90	265
Trypbruc	CP@TRINITY_DN497_c0_g1::CP@TRINITY_DN497_c0_g1_i2::g.74495::m.74495	61.828	186	70	1	6	190	57	242	1.15e-90	265
Naeggrub	CP@TRINITY_DN35688_c0_g1::CP@TRINITY_DN35688_c0_g1_i1::g.69901::m.69901	70.681	191	56	0	1	191	34	224	2.50e-104	299
Naeggrub	CP@TRINITY_DN497_c0_g1::CP@TRINITY_DN497_c0_g1_i9::g.74504::m.74504	65.969	191	61	2	2	191	55	242	5.76e-94	273
Naeggrub	CP@TRINITY_DN497_c0_g1::CP@TRINITY_DN497_c0_g1_i2::g.74495::m.74495	65.969	191	61	2	2	191	55	242	5.76e-94	273
Styllemn	CP@TRINITY_DN35688_c0_g1::CP@TRINITY_DN35688_c0_g1_i1::g.69901::m.69901	58.549	193	73	3	23	212	36	224	8.57e-78	233
Styllemn	CP@TRINITY_DN497_c0_g1::CP@TRINITY_DN497_c0_g1_i9::g.74504::m.74504	56.190	210	80	4	9	212	39	242	1.04e-77	233
Styllemn	CP@TRINITY_DN497_c0_g1::CP@TRINITY_DN497_c0_g1_i2::g.74495::m.74495	56.190	210	80	4	9	212	39	242	1.04e-77	233
Stroincl	CP@TRINITY_DN35688_c0_g1::CP@TRINITY_DN35688_c0_g1_i1::g.69901::m.69901	60.733	191	71	3	15	205	39	225	1.77e-79	236
Stroincl	CP@TRINITY_DN497_c0_g1::CP@TRINITY_DN497_c0_g1_i9::g.74504::m.74504	54.106	207	87	4	1	205	43	243	7.22e-76	228
Stroincl	CP@TRINITY_DN497_c0_g1::CP@TRINITY_DN497_c0_g1_i2::g.74495::m.74495	54.106	207	87	4	1	205	43	243	7.22e-76	228
Stencoer	CP@TRINITY_DN35688_c0_g1::CP@TRINITY_DN35688_c0_g1_i1::g.69901::m.69901	60.369	217	77	4	1	209	9	224	2.57e-95	277
Stencoer	CP@TRINITY_DN497_c0_g1::CP@TRINITY_DN497_c0_g1_i9::g.74504::m.74504	57.767	206	79	3	9	209	40	242	6.01e-87	256
Stencoer	CP@TRINITY_DN497_c0_g1::CP@TRINITY_DN497_c0_g1_i2::g.74495::m.74495	57.767	206	79	3	9	209	40	242	6.01e-87	256
Ammo1384	CP@TRINITY_DN497_c0_g1::CP@TRINITY_DN497_c0_g1_i9::g.74504::m.74504	60.847	189	70	3	58	245	58	243	1.81e-78	236
Ammo1384	CP@TRINITY_DN497_c0_g1::CP@TRINITY_DN497_c0_g1_i2::g.74495::m.74495	60.847	189	70	3	58	245	58	243	1.81e-78	236
Ammo1384	CP@TRINITY_DN35688_c0_g1::CP@TRINITY_DN35688_c0_g1_i1::g.69901::m.69901	61.140	193	69	3	56	245	36	225	9.00e-77	231
Alphedax	CP@TRINITY_DN35688_c0_g1::CP@TRINITY_DN35688_c0_g1_i1::g.69901::m.69901	74.211	190	49	0	11	200	36	225	1.51e-106	305
Alphedax	CP@TRINITY_DN497_c0_g1::CP@TRINITY_DN497_c0_g1_i9::g.74504::m.74504	69.681	188	55	1	13	200	58	243	1.21e-97	283
Alphedax	CP@TRINITY_DN497_c0_g1::CP@TRINITY_DN497_c0_g1_i2::g.74495::m.74495	69.681	188	55	1	13	200	58	243	1.21e-97	283
Protadhe	CP@TRINITY_DN35688_c0_g1::CP@TRINITY_DN35688_c0_g1_i1::g.69901::m.69901	67.708	192	60	1	11	202	36	225	1.80e-93	272
Protadhe	CP@TRINITY_DN497_c0_g1::CP@TRINITY_DN497_c0_g1_i9::g.74504::m.74504	62.105	190	68	1	13	202	58	243	5.86e-86	253
Protadhe	CP@TRINITY_DN497_c0_g1::CP@TRINITY_DN497_c0_g1_i2::g.74495::m.74495	62.105	190	68	1	13	202	58	243	5.86e-86	253
Noctscin	CP@TRINITY_DN35688_c0_g1::CP@TRINITY_DN35688_c0_g1_i1::g.69901::m.69901	74.483	145	37	0	1	145	81	225	4.27e-77	228
Noctscin	CP@TRINITY_DN497_c0_g1::CP@TRINITY_DN497_c0_g1_i9::g.74504::m.74504	68.966	145	45	0	1	145	99	243	5.10e-73	218
Noctscin	CP@TRINITY_DN497_c0_g1::CP@TRINITY_DN497_c0_g1_i2::g.74495::m.74495	68.966	145	45	0	1	145	99	243	5.10e-73	218
Symbmicr	CP@TRINITY_DN35688_c0_g1::CP@TRINITY_DN35688_c0_g1_i1::g.69901::m.69901	74.731	186	47	0	187	372	36	221	4.13e-99	299
Symbmicr	CP@TRINITY_DN497_c0_g1::CP@TRINITY_DN497_c0_g1_i9::g.74504::m.74504	68.984	187	56	1	189	375	58	242	2.83e-91	280
Symbmicr	CP@TRINITY_DN497_c0_g1::CP@TRINITY_DN497_c0_g1_i2::g.74495::m.74495	68.984	187	56	1	189	375	58	242	2.83e-91	280
HemaVICK	CP@TRINITY_DN35688_c0_g1::CP@TRINITY_DN35688_c0_g1_i1::g.69901::m.69901	65.789	228	65	4	1	226	9	225	1.91e-101	293
HemaVICK	CP@TRINITY_DN497_c0_g1::CP@TRINITY_DN497_c0_g1_i9::g.74504::m.74504	64.467	197	59	3	30	226	58	243	1.71e-87	258
HemaVICK	CP@TRINITY_DN497_c0_g1::CP@TRINITY_DN497_c0_g1_i2::g.74495::m.74495	64.467	197	59	3	30	226	58	243	1.71e-87	258
Plasfalc	CP@TRINITY_DN35688_c0_g1::CP@TRINITY_DN35688_c0_g1_i1::g.69901::m.69901	72.487	189	49	1	7	192	36	224	8.95e-100	287
Plasfalc	CP@TRINITY_DN497_c0_g1::CP@TRINITY_DN497_c0_g1_i9::g.74504::m.74504	65.789	190	60	2	6	192	55	242	6.26e-90	263
Plasfalc	CP@TRINITY_DN497_c0_g1::CP@TRINITY_DN497_c0_g1_i2::g.74495::m.74495	65.789	190	60	2	6	192	55	242	6.26e-90	263
Eimebrun	CP@TRINITY_DN35688_c0_g1::CP@TRINITY_DN35688_c0_g1_i1::g.69901::m.69901	62.791	129	45	1	232	357	36	164	8.35e-54	177
Eimebrun	CP@TRINITY_DN497_c0_g1::CP@TRINITY_DN497_c0_g1_i9::g.74504::m.74504	56.693	127	50	2	234	357	58	182	4.95e-48	163
Eimebrun	CP@TRINITY_DN497_c0_g1::CP@TRINITY_DN497_c0_g1_i2::g.74495::m.74495	56.693	127	50	2	234	357	58	182	4.95e-48	163
Oxyrmari	CP@TRINITY_DN35688_c0_g1::CP@TRINITY_DN35688_c0_g1_i1::g.69901::m.69901	71.579	190	54	0	29	218	36	225	8.45e-102	294
Oxyrmari	CP@TRINITY_DN497_c0_g1::CP@TRINITY_DN497_c0_g1_i9::g.74504::m.74504	65.957	188	62	1	31	218	58	243	1.23e-92	271
Oxyrmari	CP@TRINITY_DN497_c0_g1::CP@TRINITY_DN497_c0_g1_i2::g.74495::m.74495	65.957	188	62	1	31	218	58	243	1.23e-92	271
Vitrbras	CP@TRINITY_DN35688_c0_g1::CP@TRINITY_DN35688_c0_g1_i1::g.69901::m.69901	73.298	191	51	0	1	191	34	224	4.63e-106	303
Vitrbras	CP@TRINITY_DN497_c0_g1::CP@TRINITY_DN497_c0_g1_i9::g.74504::m.74504	70.000	190	55	1	2	191	55	242	9.71e-98	283
Vitrbras	CP@TRINITY_DN497_c0_g1::CP@TRINITY_DN497_c0_g1_i2::g.74495::m.74495	70.000	190	55	1	2	191	55	242	9.71e-98	283
Gregniph	CP@TRINITY_DN35688_c0_g1::CP@TRINITY_DN35688_c0_g1_i1::g.69901::m.69901	67.526	194	63	0	1	194	31	224	1.87e-93	271
Gregniph	CP@TRINITY_DN497_c0_g1::CP@TRINITY_DN497_c0_g1_i9::g.74504::m.74504	64.171	187	65	1	8	194	58	242	2.32e-87	257
Gregniph	CP@TRINITY_DN497_c0_g1::CP@TRINITY_DN497_c0_g1_i2::g.74495::m.74495	64.171	187	65	1	8	194	58	242	2.32e-87	257
Platmacr	CP@TRINITY_DN35688_c0_g1::CP@TRINITY_DN35688_c0_g1_i1::g.69901::m.69901	67.586	145	47	0	1	145	81	225	4.81e-75	223
Platmacr	CP@TRINITY_DN497_c0_g1::CP@TRINITY_DN497_c0_g1_i9::g.74504::m.74504	62.069	145	55	0	1	145	99	243	1.40e-67	204
Platmacr	CP@TRINITY_DN497_c0_g1::CP@TRINITY_DN497_c0_g1_i2::g.74495::m.74495	62.069	145	55	0	1	145	99	243	1.40e-67	204
Tetrther	CP@TRINITY_DN35688_c0_g1::CP@TRINITY_DN35688_c0_g1_i1::g.69901::m.69901	58.730	189	76	2	12	200	38	224	8.29e-83	245
Tetrther	CP@TRINITY_DN497_c0_g1::CP@TRINITY_DN497_c0_g1_i9::g.74504::m.74504	53.684	190	84	2	11	200	57	242	1.04e-75	228
Tetrther	CP@TRINITY_DN497_c0_g1::CP@TRINITY_DN497_c0_g1_i2::g.74495::m.74495	53.684	190	84	2	11	200	57	242	1.04e-75	228
Ichtmult	CP@TRINITY_DN35688_c0_g1::CP@TRINITY_DN35688_c0_g1_i1::g.69901::m.69901	62.434	189	69	2	21	209	38	224	3.45e-85	251
Ichtmult	CP@TRINITY_DN497_c0_g1::CP@TRINITY_DN497_c0_g1_i9::g.74504::m.74504	56.842	190	78	2	20	209	57	242	7.69e-78	233
Ichtmult	CP@TRINITY_DN497_c0_g1::CP@TRINITY_DN497_c0_g1_i2::g.74495::m.74495	56.842	190	78	2	20	209	57	242	7.69e-78	233
Paratetr	CP@TRINITY_DN35688_c0_g1::CP@TRINITY_DN35688_c0_g1_i1::g.69901::m.69901	55.556	189	82	2	17	205	38	224	3.08e-76	228
Paratetr	CP@TRINITY_DN497_c0_g1::CP@TRINITY_DN497_c0_g1_i9::g.74504::m.74504	52.105	190	87	2	16	205	57	242	8.30e-73	220
Paratetr	CP@TRINITY_DN497_c0_g1::CP@TRINITY_DN497_c0_g1_i2::g.74495::m.74495	52.105	190	87	2	16	205	57	242	8.30e-73	220
Tricvagi	CP@TRINITY_DN35688_c0_g1::CP@TRINITY_DN35688_c0_g1_i1::g.69901::m.69901	58.031	193	79	1	1	193	34	224	8.27e-79	234
Tricvagi	CP@TRINITY_DN497_c0_g1::CP@TRINITY_DN497_c0_g1_i9::g.74504::m.74504	55.556	189	80	2	5	193	58	242	1.13e-72	219
Tricvagi	CP@TRINITY_DN497_c0_g1::CP@TRINITY_DN497_c0_g1_i2::g.74495::m.74495	55.556	189	80	2	5	193	58	242	1.13e-72	219
Lapoguse	CP@TRINITY_DN35688_c0_g1::CP@TRINITY_DN35688_c0_g1_i1::g.69901::m.69901	71.658	187	51	2	1	187	41	225	2.47e-95	276
Lapoguse	CP@TRINITY_DN497_c0_g1::CP@TRINITY_DN497_c0_g1_i9::g.74504::m.74504	64.516	186	62	2	2	187	62	243	4.89e-89	261
Lapoguse	CP@TRINITY_DN497_c0_g1::CP@TRINITY_DN497_c0_g1_i2::g.74495::m.74495	64.516	186	62	2	2	187	62	243	4.89e-89	261
Plasbras	CP@TRINITY_DN35688_c0_g1::CP@TRINITY_DN35688_c0_g1_i1::g.69901::m.69901	72.105	190	49	2	8	194	36	224	5.36e-100	288
Plasbras	CP@TRINITY_DN497_c0_g1::CP@TRINITY_DN497_c0_g1_i9::g.74504::m.74504	64.894	188	60	3	10	194	58	242	6.44e-89	261
Plasbras	CP@TRINITY_DN497_c0_g1::CP@TRINITY_DN497_c0_g1_i2::g.74495::m.74495	64.894	188	60	3	10	194	58	242	6.44e-89	261
Leptvora	CP@TRINITY_DN35688_c0_g1::CP@TRINITY_DN35688_c0_g1_i1::g.69901::m.69901	68.586	191	53	3	21	205	36	225	1.92e-91	267
Leptvora	CP@TRINITY_DN497_c0_g1::CP@TRINITY_DN497_c0_g1_i9::g.74504::m.74504	66.845	187	57	3	23	205	58	243	2.87e-89	262
Leptvora	CP@TRINITY_DN497_c0_g1::CP@TRINITY_DN497_c0_g1_i2::g.74495::m.74495	66.845	187	57	3	23	205	58	243	2.87e-89	262
Aurisoli	CP@TRINITY_DN35688_c0_g1::CP@TRINITY_DN35688_c0_g1_i1::g.69901::m.69901	62.996	227	70	2	1	215	1	225	1.11e-103	298
Aurisoli	CP@TRINITY_DN497_c0_g1::CP@TRINITY_DN497_c0_g1_i9::g.74504::m.74504	67.021	188	60	1	28	215	58	243	1.44e-95	278
Aurisoli	CP@TRINITY_DN497_c0_g1::CP@TRINITY_DN497_c0_g1_i2::g.74495::m.74495	67.021	188	60	1	28	215	58	243	1.44e-95	278
Colpangu	CP@TRINITY_DN35688_c0_g1::CP@TRINITY_DN35688_c0_g1_i1::g.69901::m.69901	65.641	195	66	1	22	215	31	225	2.53e-93	272
Colpangu	CP@TRINITY_DN497_c0_g1::CP@TRINITY_DN497_c0_g1_i9::g.74504::m.74504	63.918	194	68	1	22	215	52	243	5.16e-90	265
Colpangu	CP@TRINITY_DN497_c0_g1::CP@TRINITY_DN497_c0_g1_i2::g.74495::m.74495	63.918	194	68	1	22	215	52	243	5.16e-90	265
Abolprol	CP@TRINITY_DN35688_c0_g1::CP@TRINITY_DN35688_c0_g1_i1::g.69901::m.69901	69.474	190	58	0	27	216	36	225	1.72e-101	293
Abolprol	CP@TRINITY_DN497_c0_g1::CP@TRINITY_DN497_c0_g1_i9::g.74504::m.74504	63.830	188	66	1	29	216	58	243	1.07e-89	264
Abolprol	CP@TRINITY_DN497_c0_g1::CP@TRINITY_DN497_c0_g1_i2::g.74495::m.74495	63.830	188	66	1	29	216	58	243	1.07e-89	264
Paulchro	CP@TRINITY_DN35688_c0_g1::CP@TRINITY_DN35688_c0_g1_i1::g.69901::m.69901	73.158	190	51	0	20	209	36	225	3.71e-105	302
Paulchro	CP@TRINITY_DN497_c0_g1::CP@TRINITY_DN497_c0_g1_i9::g.74504::m.74504	65.426	188	63	1	22	209	58	243	6.24e-94	274
Paulchro	CP@TRINITY_DN497_c0_g1::CP@TRINITY_DN497_c0_g1_i2::g.74495::m.74495	65.426	188	63	1	22	209	58	243	6.24e-94	274
Bigenata	CP@TRINITY_DN35688_c0_g1::CP@TRINITY_DN35688_c0_g1_i1::g.69901::m.69901	72.632	190	52	0	8	197	36	225	5.33e-102	293
Bigenata	CP@TRINITY_DN497_c0_g1::CP@TRINITY_DN497_c0_g1_i9::g.74504::m.74504	64.021	189	66	1	9	197	57	243	2.48e-93	272
Bigenata	CP@TRINITY_DN497_c0_g1::CP@TRINITY_DN497_c0_g1_i2::g.74495::m.74495	64.021	189	66	1	9	197	57	243	2.48e-93	272
MAST04A1	CP@TRINITY_DN497_c0_g1::CP@TRINITY_DN497_c0_g1_i9::g.74504::m.74504	53.476	187	50	1	8	157	57	243	4.63e-69	209
MAST04A1	CP@TRINITY_DN497_c0_g1::CP@TRINITY_DN497_c0_g1_i2::g.74495::m.74495	53.476	187	50	1	8	157	57	243	4.63e-69	209
MAST04A1	CP@TRINITY_DN35688_c0_g1::CP@TRINITY_DN35688_c0_g1_i1::g.69901::m.69901	53.191	188	49	2	9	157	38	225	5.67e-66	200
MAST04A2	CP@TRINITY_DN497_c0_g1::CP@TRINITY_DN497_c0_g1_i9::g.74504::m.74504	64.706	187	66	0	8	194	57	243	3.45e-95	276
MAST04A2	CP@TRINITY_DN497_c0_g1::CP@TRINITY_DN497_c0_g1_i2::g.74495::m.74495	64.706	187	66	0	8	194	57	243	3.45e-95	276
MAST04A2	CP@TRINITY_DN35688_c0_g1::CP@TRINITY_DN35688_c0_g1_i1::g.69901::m.69901	65.957	188	62	1	9	194	38	225	2.14e-94	274
Phytpara	CP@TRINITY_DN35688_c0_g1::CP@TRINITY_DN35688_c0_g1_i1::g.69901::m.69901	72.959	196	51	2	1	196	31	224	6.57e-105	301
Phytpara	CP@TRINITY_DN497_c0_g1::CP@TRINITY_DN497_c0_g1_i9::g.74504::m.74504	64.894	188	63	2	9	196	58	242	4.01e-94	274
Phytpara	CP@TRINITY_DN497_c0_g1::CP@TRINITY_DN497_c0_g1_i2::g.74495::m.74495	64.894	188	63	2	9	196	58	242	4.01e-94	274
EctocSP7	CP@TRINITY_DN35688_c0_g1::CP@TRINITY_DN35688_c0_g1_i1::g.69901::m.69901	67.290	214	65	1	25	233	11	224	4.54e-108	310
EctocSP7	CP@TRINITY_DN497_c0_g1::CP@TRINITY_DN497_c0_g1_i9::g.74504::m.74504	67.005	197	61	2	39	233	48	242	2.00e-100	291
EctocSP7	CP@TRINITY_DN497_c0_g1::CP@TRINITY_DN497_c0_g1_i2::g.74495::m.74495	67.005	197	61	2	39	233	48	242	2.00e-100	291
Thalpseu	CP@TRINITY_DN35688_c0_g1::CP@TRINITY_DN35688_c0_g1_i1::g.69901::m.69901	66.972	218	70	1	1	218	9	224	6.89e-106	304
Thalpseu	CP@TRINITY_DN497_c0_g1::CP@TRINITY_DN497_c0_g1_i9::g.74504::m.74504	67.380	187	59	1	32	218	58	242	2.51e-96	280
Thalpseu	CP@TRINITY_DN497_c0_g1::CP@TRINITY_DN497_c0_g1_i2::g.74495::m.74495	67.380	187	59	1	32	218	58	242	2.51e-96	280
ChrysoH1	CP@TRINITY_DN35688_c0_g1::CP@TRINITY_DN35688_c0_g1_i1::g.69901::m.69901	61.579	190	43	1	7	166	36	225	6.19e-80	236
ChrysoH1	CP@TRINITY_DN497_c0_g1::CP@TRINITY_DN497_c0_g1_i9::g.74504::m.74504	54.787	188	53	2	9	166	58	243	1.41e-71	216
ChrysoH1	CP@TRINITY_DN497_c0_g1::CP@TRINITY_DN497_c0_g1_i2::g.74495::m.74495	54.787	188	53	2	9	166	58	243	1.41e-71	216
Andagodo	CP@TRINITY_DN35688_c0_g1::CP@TRINITY_DN35688_c0_g1_i1::g.69901::m.69901	67.619	210	62	3	18	225	20	225	3.33e-100	290
Andagodo	CP@TRINITY_DN497_c0_g1::CP@TRINITY_DN497_c0_g1_i9::g.74504::m.74504	68.280	186	57	2	41	225	59	243	4.39e-95	278
Andagodo	CP@TRINITY_DN497_c0_g1::CP@TRINITY_DN497_c0_g1_i2::g.74495::m.74495	68.280	186	57	2	41	225	59	243	4.39e-95	278
Styginca	CP@TRINITY_DN35688_c0_g1::CP@TRINITY_DN35688_c0_g1_i1::g.69901::m.69901	67.358	193	61	2	1	192	34	225	1.01e-99	287
Styginca	CP@TRINITY_DN497_c0_g1::CP@TRINITY_DN497_c0_g1_i9::g.74504::m.74504	67.914	187	58	2	6	192	59	243	2.22e-95	277
Styginca	CP@TRINITY_DN497_c0_g1::CP@TRINITY_DN497_c0_g1_i2::g.74495::m.74495	67.914	187	58	2	6	192	59	243	2.22e-95	277
BicoCB20	CP@TRINITY_DN35688_c0_g1::CP@TRINITY_DN35688_c0_g1_i1::g.69901::m.69901	72.632	190	52	0	2	191	36	225	1.35e-104	300
BicoCB20	CP@TRINITY_DN497_c0_g1::CP@TRINITY_DN497_c0_g1_i9::g.74504::m.74504	64.894	188	64	1	4	191	58	243	5.19e-95	276
BicoCB20	CP@TRINITY_DN497_c0_g1::CP@TRINITY_DN497_c0_g1_i2::g.74495::m.74495	64.894	188	64	1	4	191	58	243	5.19e-95	276
MAST003F	CP@TRINITY_DN35688_c0_g1::CP@TRINITY_DN35688_c0_g1_i1::g.69901::m.69901	68.205	195	52	1	1	185	31	225	2.38e-98	283
MAST003F	CP@TRINITY_DN497_c0_g1::CP@TRINITY_DN497_c0_g1_i9::g.74504::m.74504	63.874	191	57	2	5	185	55	243	3.37e-89	261
MAST003F	CP@TRINITY_DN497_c0_g1::CP@TRINITY_DN497_c0_g1_i2::g.74495::m.74495	63.874	191	57	2	5	185	55	243	3.37e-89	261
Parapyri	CP@TRINITY_DN35688_c0_g1::CP@TRINITY_DN35688_c0_g1_i1::g.69901::m.69901	65.934	182	61	1	19	199	44	225	3.18e-88	258
Parapyri	CP@TRINITY_DN497_c0_g1::CP@TRINITY_DN497_c0_g1_i9::g.74504::m.74504	65.193	181	62	1	19	199	64	243	6.96e-88	258
Parapyri	CP@TRINITY_DN497_c0_g1::CP@TRINITY_DN497_c0_g1_i2::g.74495::m.74495	65.193	181	62	1	19	199	64	243	6.96e-88	258
Monoexil	CP@TRINITY_DN35688_c0_g1::CP@TRINITY_DN35688_c0_g1_i1::g.69901::m.69901	72.396	192	52	1	1	191	34	225	1.71e-102	294
Monoexil	CP@TRINITY_DN497_c0_g1::CP@TRINITY_DN497_c0_g1_i9::g.74504::m.74504	71.658	187	52	1	5	191	58	243	5.21e-101	291
Monoexil	CP@TRINITY_DN497_c0_g1::CP@TRINITY_DN497_c0_g1_i2::g.74495::m.74495	71.658	187	52	1	5	191	58	243	5.21e-101	291
Protfung	CP@TRINITY_DN35688_c0_g1::CP@TRINITY_DN35688_c0_g1_i1::g.69901::m.69901	74.742	194	47	2	1	192	31	224	1.15e-106	305
Protfung	CP@TRINITY_DN497_c0_g1::CP@TRINITY_DN497_c0_g1_i9::g.74504::m.74504	70.833	192	55	1	1	192	52	242	7.61e-104	298
Protfung	CP@TRINITY_DN497_c0_g1::CP@TRINITY_DN497_c0_g1_i2::g.74495::m.74495	70.833	192	55	1	1	192	52	242	7.61e-104	298
Arabthal	CP@TRINITY_DN35688_c0_g1::CP@TRINITY_DN35688_c0_g1_i1::g.69901::m.69901	78.421	190	40	1	18	207	36	224	2.83e-112	320
Arabthal	CP@TRINITY_DN497_c0_g1::CP@TRINITY_DN497_c0_g1_i9::g.74504::m.74504	72.872	188	48	1	20	207	58	242	1.87e-106	306
Arabthal	CP@TRINITY_DN497_c0_g1::CP@TRINITY_DN497_c0_g1_i2::g.74495::m.74495	72.872	188	48	1	20	207	58	242	1.87e-106	306
Charbrau	CP@TRINITY_DN35688_c0_g1::CP@TRINITY_DN35688_c0_g1_i1::g.69901::m.69901	76.720	189	44	0	9	197	36	224	3.52e-114	324
Charbrau	CP@TRINITY_DN497_c0_g1::CP@TRINITY_DN497_c0_g1_i9::g.74504::m.74504	70.157	191	55	1	7	197	54	242	2.60e-106	305
Charbrau	CP@TRINITY_DN497_c0_g1::CP@TRINITY_DN497_c0_g1_i2::g.74495::m.74495	70.157	191	55	1	7	197	54	242	2.60e-106	305
Prassing	CP@TRINITY_DN35688_c0_g1::CP@TRINITY_DN35688_c0_g1_i1::g.69901::m.69901	80.357	112	22	0	23	134	36	147	1.75e-63	193
Prassing	CP@TRINITY_DN497_c0_g1::CP@TRINITY_DN497_c0_g1_i9::g.74504::m.74504	66.364	110	35	1	25	134	58	165	1.36e-53	168
Prassing	CP@TRINITY_DN497_c0_g1::CP@TRINITY_DN497_c0_g1_i2::g.74495::m.74495	66.364	110	35	1	25	134	58	165	1.36e-53	168
Prascaps	CP@TRINITY_DN35688_c0_g1::CP@TRINITY_DN35688_c0_g1_i1::g.69901::m.69901	74.257	202	50	1	16	215	24	225	7.48e-111	317
Prascaps	CP@TRINITY_DN497_c0_g1::CP@TRINITY_DN497_c0_g1_i9::g.74504::m.74504	71.277	188	52	1	28	215	58	243	7.05e-102	295
Prascaps	CP@TRINITY_DN497_c0_g1::CP@TRINITY_DN497_c0_g1_i2::g.74495::m.74495	71.277	188	52	1	28	215	58	243	7.05e-102	295
Nephpyri	CP@TRINITY_DN35688_c0_g1::CP@TRINITY_DN35688_c0_g1_i1::g.69901::m.69901	79.000	200	41	1	3	201	26	225	6.10e-119	336
Nephpyri	CP@TRINITY_DN497_c0_g1::CP@TRINITY_DN497_c0_g1_i9::g.74504::m.74504	72.251	191	51	1	11	201	55	243	9.29e-106	304
Nephpyri	CP@TRINITY_DN497_c0_g1::CP@TRINITY_DN497_c0_g1_i2::g.74495::m.74495	72.251	191	51	1	11	201	55	243	9.29e-106	304
Mesoviri	CP@TRINITY_DN35688_c0_g1::CP@TRINITY_DN35688_c0_g1_i1::g.69901::m.69901	79.695	197	38	1	1	197	31	225	1.20e-118	335
Mesoviri	CP@TRINITY_DN497_c0_g1::CP@TRINITY_DN497_c0_g1_i9::g.74504::m.74504	73.333	195	46	2	3	197	55	243	3.58e-107	307
Mesoviri	CP@TRINITY_DN497_c0_g1::CP@TRINITY_DN497_c0_g1_i2::g.74495::m.74495	73.333	195	46	2	3	197	55	243	3.58e-107	307
Pyrapark	CP@TRINITY_DN35688_c0_g1::CP@TRINITY_DN35688_c0_g1_i1::g.69901::m.69901	82.632	190	33	0	27	216	36	225	7.47e-118	334
Pyrapark	CP@TRINITY_DN497_c0_g1::CP@TRINITY_DN497_c0_g1_i9::g.74504::m.74504	73.936	188	47	1	29	216	58	243	7.99e-107	307
Pyrapark	CP@TRINITY_DN497_c0_g1::CP@TRINITY_DN497_c0_g1_i2::g.74495::m.74495	73.936	188	47	1	29	216	58	243	7.99e-107	307
Chlarein	CP@TRINITY_DN35688_c0_g1::CP@TRINITY_DN35688_c0_g1_i1::g.69901::m.69901	80.526	190	37	0	4	193	35	224	1.21e-117	333
Chlarein	CP@TRINITY_DN497_c0_g1::CP@TRINITY_DN497_c0_g1_i9::g.74504::m.74504	74.479	192	45	2	2	193	55	242	1.55e-108	310
Chlarein	CP@TRINITY_DN497_c0_g1::CP@TRINITY_DN497_c0_g1_i2::g.74495::m.74495	74.479	192	45	2	2	193	55	242	1.55e-108	310
Dunasali	CP@TRINITY_DN35688_c0_g1::CP@TRINITY_DN35688_c0_g1_i1::g.69901::m.69901	80.105	191	38	0	4	194	35	225	1.66e-115	327
Dunasali	CP@TRINITY_DN497_c0_g1::CP@TRINITY_DN497_c0_g1_i9::g.74504::m.74504	72.340	188	50	1	7	194	58	243	3.77e-103	297
Dunasali	CP@TRINITY_DN497_c0_g1::CP@TRINITY_DN497_c0_g1_i2::g.74495::m.74495	72.340	188	50	1	7	194	58	243	3.77e-103	297
Tetrasti	CP@TRINITY_DN35688_c0_g1::CP@TRINITY_DN35688_c0_g1_i1::g.69901::m.69901	79.474	190	39	0	37	226	36	225	3.88e-114	325
Tetrasti	CP@TRINITY_DN497_c0_g1::CP@TRINITY_DN497_c0_g1_i9::g.74504::m.74504	75.000	188	45	1	39	226	58	243	1.15e-108	312
Tetrasti	CP@TRINITY_DN497_c0_g1::CP@TRINITY_DN497_c0_g1_i2::g.74495::m.74495	75.000	188	45	1	39	226	58	243	1.15e-108	312
Chlovari	CP@TRINITY_DN35688_c0_g1::CP@TRINITY_DN35688_c0_g1_i1::g.69901::m.69901	77.835	194	43	0	1	194	31	224	1.65e-113	322
Chlovari	CP@TRINITY_DN497_c0_g1::CP@TRINITY_DN497_c0_g1_i9::g.74504::m.74504	72.727	187	49	1	8	194	58	242	4.13e-104	299
Chlovari	CP@TRINITY_DN497_c0_g1::CP@TRINITY_DN497_c0_g1_i2::g.74495::m.74495	72.727	187	49	1	8	194	58	242	4.13e-104	299
Phaeglob	CP@TRINITY_DN35688_c0_g1::CP@TRINITY_DN35688_c0_g1_i1::g.69901::m.69901	75.789	190	46	0	14	203	36	225	1.53e-108	310
Phaeglob	CP@TRINITY_DN497_c0_g1::CP@TRINITY_DN497_c0_g1_i9::g.74504::m.74504	64.039	203	64	2	8	203	43	243	1.88e-98	285
Phaeglob	CP@TRINITY_DN497_c0_g1::CP@TRINITY_DN497_c0_g1_i2::g.74495::m.74495	64.039	203	64	2	8	203	43	243	1.88e-98	285
Gephhuxl	CP@TRINITY_DN35688_c0_g1::CP@TRINITY_DN35688_c0_g1_i1::g.69901::m.69901	76.720	189	44	0	7	195	36	224	1.15e-108	310
Gephhuxl	CP@TRINITY_DN497_c0_g1::CP@TRINITY_DN497_c0_g1_i9::g.74504::m.74504	68.085	188	58	1	8	195	57	242	1.02e-100	291
Gephhuxl	CP@TRINITY_DN497_c0_g1::CP@TRINITY_DN497_c0_g1_i2::g.74495::m.74495	68.085	188	58	1	8	195	57	242	1.02e-100	291
Calclept	CP@TRINITY_DN35688_c0_g1::CP@TRINITY_DN35688_c0_g1_i1::g.69901::m.69901	67.407	135	43	1	12	146	22	155	2.96e-63	193
Calclept	CP@TRINITY_DN497_c0_g1::CP@TRINITY_DN497_c0_g1_i9::g.74504::m.74504	48.824	170	57	3	5	146	6	173	1.32e-55	174
Calclept	CP@TRINITY_DN497_c0_g1::CP@TRINITY_DN497_c0_g1_i2::g.74495::m.74495	48.824	170	57	3	5	146	6	173	1.32e-55	174
Thectrah	CP@TRINITY_DN35688_c0_g1::CP@TRINITY_DN35688_c0_g1_i1::g.69901::m.69901	71.649	194	55	0	1	194	31	224	4.82e-105	301
Thectrah	CP@TRINITY_DN497_c0_g1::CP@TRINITY_DN497_c0_g1_i9::g.74504::m.74504	68.984	187	56	1	8	194	58	242	3.06e-97	282
Thectrah	CP@TRINITY_DN497_c0_g1::CP@TRINITY_DN497_c0_g1_i2::g.74495::m.74495	68.984	187	56	1	8	194	58	242	3.06e-97	282
Guilthet	CP@TRINITY_DN35688_c0_g1::CP@TRINITY_DN35688_c0_g1_i1::g.69901::m.69901	75.661	189	46	0	8	196	36	224	3.93e-111	317
Guilthet	CP@TRINITY_DN497_c0_g1::CP@TRINITY_DN497_c0_g1_i9::g.74504::m.74504	70.053	187	54	1	10	196	58	242	2.65e-101	292
Guilthet	CP@TRINITY_DN497_c0_g1::CP@TRINITY_DN497_c0_g1_i2::g.74495::m.74495	70.053	187	54	1	10	196	58	242	2.65e-101	292
Hemirufe	CP@TRINITY_DN35688_c0_g1::CP@TRINITY_DN35688_c0_g1_i1::g.69901::m.69901	76.842	190	44	0	15	204	36	225	9.06e-112	318
Hemirufe	CP@TRINITY_DN497_c0_g1::CP@TRINITY_DN497_c0_g1_i9::g.74504::m.74504	71.809	188	51	1	17	204	58	243	1.97e-104	300
Hemirufe	CP@TRINITY_DN497_c0_g1::CP@TRINITY_DN497_c0_g1_i2::g.74495::m.74495	71.809	188	51	1	17	204	58	243	1.97e-104	300
Gemicryo	CP@TRINITY_DN35688_c0_g1::CP@TRINITY_DN35688_c0_g1_i1::g.69901::m.69901	73.684	190	50	0	15	204	36	225	1.69e-106	305
Gemicryo	CP@TRINITY_DN497_c0_g1::CP@TRINITY_DN497_c0_g1_i9::g.74504::m.74504	70.745	188	53	1	17	204	58	243	2.93e-100	290
Gemicryo	CP@TRINITY_DN497_c0_g1::CP@TRINITY_DN497_c0_g1_i2::g.74495::m.74495	70.745	188	53	1	17	204	58	243	2.93e-100	290
Goniavon	CP@TRINITY_DN35688_c0_g1::CP@TRINITY_DN35688_c0_g1_i1::g.69901::m.69901	73.737	198	52	0	2	199	27	224	6.10e-112	318
Goniavon	CP@TRINITY_DN497_c0_g1::CP@TRINITY_DN497_c0_g1_i9::g.74504::m.74504	72.632	190	50	1	10	199	55	242	3.82e-103	297
Goniavon	CP@TRINITY_DN497_c0_g1::CP@TRINITY_DN497_c0_g1_i2::g.74495::m.74495	72.632	190	50	1	10	199	55	242	3.82e-103	297
Batrdend	CP@TRINITY_DN497_c0_g1::CP@TRINITY_DN497_c0_g1_i9::g.74504::m.74504	75.622	201	48	1	1	201	43	242	4.49e-117	332
Batrdend	CP@TRINITY_DN497_c0_g1::CP@TRINITY_DN497_c0_g1_i2::g.74495::m.74495	75.622	201	48	1	1	201	43	242	4.49e-117	332
Batrdend	CP@TRINITY_DN35688_c0_g1::CP@TRINITY_DN35688_c0_g1_i1::g.69901::m.69901	79.255	188	38	1	15	201	37	224	6.83e-113	321
Telosubt	CP@TRINITY_DN35688_c0_g1::CP@TRINITY_DN35688_c0_g1_i1::g.69901::m.69901	76.316	190	45	0	17	206	36	225	1.89e-105	302
Telosubt	CP@TRINITY_DN497_c0_g1::CP@TRINITY_DN497_c0_g1_i9::g.74504::m.74504	68.085	188	58	1	19	206	58	243	5.06e-97	282
Telosubt	CP@TRINITY_DN497_c0_g1::CP@TRINITY_DN497_c0_g1_i2::g.74495::m.74495	68.085	188	58	1	19	206	58	243	5.06e-97	282
TeloneP1	CP@TRINITY_DN35688_c0_g1::CP@TRINITY_DN35688_c0_g1_i1::g.69901::m.69901	76.433	157	34	1	1	154	69	225	2.36e-86	252
TeloneP1	CP@TRINITY_DN497_c0_g1::CP@TRINITY_DN497_c0_g1_i9::g.74504::m.74504	73.248	157	39	1	1	154	87	243	1.16e-83	246
TeloneP1	CP@TRINITY_DN497_c0_g1::CP@TRINITY_DN497_c0_g1_i2::g.74495::m.74495	73.248	157	39	1	1	154	87	243	1.16e-83	246
TeloneP2	CP@TRINITY_DN35688_c0_g1::CP@TRINITY_DN35688_c0_g1_i1::g.69901::m.69901	74.054	185	47	1	1	185	42	225	1.69e-100	289
TeloneP2	CP@TRINITY_DN497_c0_g1::CP@TRINITY_DN497_c0_g1_i9::g.74504::m.74504	67.568	185	57	2	1	185	62	243	5.95e-93	271
TeloneP2	CP@TRINITY_DN497_c0_g1::CP@TRINITY_DN497_c0_g1_i2::g.74495::m.74495	67.568	185	57	2	1	185	62	243	5.95e-93	271
Parvatla	CP@TRINITY_DN35688_c0_g1::CP@TRINITY_DN35688_c0_g1_i1::g.69901::m.69901	75.728	206	47	2	5	210	23	225	6.33e-115	327
Parvatla	CP@TRINITY_DN497_c0_g1::CP@TRINITY_DN497_c0_g1_i9::g.74504::m.74504	71.809	188	51	1	23	210	58	243	3.09e-103	298
Parvatla	CP@TRINITY_DN497_c0_g1::CP@TRINITY_DN497_c0_g1_i2::g.74495::m.74495	71.809	188	51	1	23	210	58	243	3.09e-103	298
Hemikukw	CP@TRINITY_DN35688_c0_g1::CP@TRINITY_DN35688_c0_g1_i1::g.69901::m.69901	77.368	190	42	1	17	205	36	225	9.32e-107	306
Hemikukw	CP@TRINITY_DN497_c0_g1::CP@TRINITY_DN497_c0_g1_i9::g.74504::m.74504	70.588	187	54	1	19	205	58	243	2.42e-100	290
Hemikukw	CP@TRINITY_DN497_c0_g1::CP@TRINITY_DN497_c0_g1_i2::g.74495::m.74495	70.588	187	54	1	19	205	58	243	2.42e-100	290
SpirCILI	CP@TRINITY_DN35688_c0_g1::CP@TRINITY_DN35688_c0_g1_i1::g.69901::m.69901	71.000	200	56	1	11	210	28	225	4.90e-101	291
SpirCILI	CP@TRINITY_DN497_c0_g1::CP@TRINITY_DN497_c0_g1_i9::g.74504::m.74504	64.039	203	67	2	8	210	47	243	1.38e-95	278
SpirCILI	CP@TRINITY_DN497_c0_g1::CP@TRINITY_DN497_c0_g1_i2::g.74495::m.74495	64.039	203	67	2	8	210	47	243	1.38e-95	278
Physpoly	CP@TRINITY_DN35688_c0_g1::CP@TRINITY_DN35688_c0_g1_i1::g.69901::m.69901	75.635	197	46	1	25	221	31	225	1.97e-109	313
Physpoly	CP@TRINITY_DN497_c0_g1::CP@TRINITY_DN497_c0_g1_i9::g.74504::m.74504	73.575	193	47	1	29	221	55	243	5.53e-103	298
Physpoly	CP@TRINITY_DN497_c0_g1::CP@TRINITY_DN497_c0_g1_i2::g.74495::m.74495	73.575	193	47	1	29	221	55	243	5.53e-103	298
Sphadest	CP@TRINITY_DN35688_c0_g1::CP@TRINITY_DN35688_c0_g1_i1::g.69901::m.69901	74.074	216	45	4	9	220	15	223	1.53e-111	318
Sphadest	CP@TRINITY_DN497_c0_g1::CP@TRINITY_DN497_c0_g1_i9::g.74504::m.74504	75.393	191	43	2	33	220	52	241	4.22e-108	310
Sphadest	CP@TRINITY_DN497_c0_g1::CP@TRINITY_DN497_c0_g1_i2::g.74495::m.74495	75.393	191	43	2	33	220	52	241	4.22e-108	310
Creofrag	CP@TRINITY_DN35688_c0_g1::CP@TRINITY_DN35688_c0_g1_i1::g.69901::m.69901	76.847	203	43	2	21	219	23	225	9.29e-113	322
Creofrag	CP@TRINITY_DN497_c0_g1::CP@TRINITY_DN497_c0_g1_i9::g.74504::m.74504	77.005	187	39	2	36	219	58	243	2.43e-106	306
Creofrag	CP@TRINITY_DN497_c0_g1::CP@TRINITY_DN497_c0_g1_i2::g.74495::m.74495	77.005	187	39	2	36	219	58	243	2.43e-106	306
Capsowcz	CP@TRINITY_DN35688_c0_g1::CP@TRINITY_DN35688_c0_g1_i1::g.69901::m.69901	80.952	189	33	1	13	198	36	224	4.38e-115	327
Capsowcz	CP@TRINITY_DN497_c0_g1::CP@TRINITY_DN497_c0_g1_i9::g.74504::m.74504	68.844	199	55	3	3	198	48	242	8.65e-101	291
Capsowcz	CP@TRINITY_DN497_c0_g1::CP@TRINITY_DN497_c0_g1_i2::g.74495::m.74495	68.844	199	55	3	3	198	48	242	8.65e-101	291
Pigoviet	CP@TRINITY_DN35688_c0_g1::CP@TRINITY_DN35688_c0_g1_i1::g.69901::m.69901	74.886	219	40	3	16	219	6	224	3.84e-115	327
Pigoviet	CP@TRINITY_DN497_c0_g1::CP@TRINITY_DN497_c0_g1_i9::g.74504::m.74504	71.658	187	48	2	36	219	58	242	1.44e-101	294
Pigoviet	CP@TRINITY_DN497_c0_g1::CP@TRINITY_DN497_c0_g1_i2::g.74495::m.74495	71.658	187	48	2	36	219	58	242	1.44e-101	294
Coralima	CP@TRINITY_DN35688_c0_g1::CP@TRINITY_DN35688_c0_g1_i1::g.69901::m.69901	81.643	207	30	3	3	201	18	224	5.85e-120	339
Coralima	CP@TRINITY_DN497_c0_g1::CP@TRINITY_DN497_c0_g1_i9::g.74504::m.74504	76.882	186	39	2	19	201	58	242	2.12e-106	305
Coralima	CP@TRINITY_DN497_c0_g1::CP@TRINITY_DN497_c0_g1_i2::g.74495::m.74495	76.882	186	39	2	19	201	58	242	2.12e-106	305
Nemavect	CP@TRINITY_DN35688_c0_g1::CP@TRINITY_DN35688_c0_g1_i1::g.69901::m.69901	84.259	216	24	2	1	206	9	224	5.58e-133	372
Nemavect	CP@TRINITY_DN497_c0_g1::CP@TRINITY_DN497_c0_g1_i9::g.74504::m.74504	77.005	187	38	2	23	206	58	242	9.60e-106	304
Nemavect	CP@TRINITY_DN497_c0_g1::CP@TRINITY_DN497_c0_g1_i2::g.74495::m.74495	77.005	187	38	2	23	206	58	242	9.60e-106	304
Homosapi	CP@TRINITY_DN35688_c0_g1::CP@TRINITY_DN35688_c0_g1_i1::g.69901::m.69901	88.670	203	20	1	2	201	22	224	3.91e-133	372
Homosapi	CP@TRINITY_DN497_c0_g1::CP@TRINITY_DN497_c0_g1_i9::g.74504::m.74504	71.569	204	51	3	1	201	43	242	6.06e-106	304
Homosapi	CP@TRINITY_DN497_c0_g1::CP@TRINITY_DN497_c0_g1_i2::g.74495::m.74495	71.569	204	51	3	1	201	43	242	6.06e-106	304
Monobrev	CP@TRINITY_DN35688_c0_g1::CP@TRINITY_DN35688_c0_g1_i1::g.69901::m.69901	74.178	213	49	3	545	753	14	224	1.76e-105	322
Monobrev	CP@TRINITY_DN497_c0_g1::CP@TRINITY_DN497_c0_g1_i9::g.74504::m.74504	72.193	187	46	3	571	753	58	242	1.33e-90	284
Monobrev	CP@TRINITY_DN497_c0_g1::CP@TRINITY_DN497_c0_g1_i2::g.74495::m.74495	72.193	187	46	3	571	753	58	242	1.33e-90	284
Syssmult	CP@TRINITY_DN35688_c0_g1::CP@TRINITY_DN35688_c0_g1_i1::g.69901::m.69901	75.758	231	46	5	1	227	1	225	4.10e-122	345
Syssmult	CP@TRINITY_DN497_c0_g1::CP@TRINITY_DN497_c0_g1_i9::g.74504::m.74504	75.532	188	41	2	43	227	58	243	1.63e-106	306
Syssmult	CP@TRINITY_DN497_c0_g1::CP@TRINITY_DN497_c0_g1_i2::g.74495::m.74495	75.532	188	41	2	43	227	58	243	1.63e-106	306
Sacccere	CP@TRINITY_DN497_c0_g1::CP@TRINITY_DN497_c0_g1_i9::g.74504::m.74504	74.595	185	47	0	41	225	58	242	3.77e-105	303
Sacccere	CP@TRINITY_DN497_c0_g1::CP@TRINITY_DN497_c0_g1_i2::g.74495::m.74495	74.595	185	47	0	41	225	58	242	3.77e-105	303
Sacccere	CP@TRINITY_DN35688_c0_g1::CP@TRINITY_DN35688_c0_g1_i1::g.69901::m.69901	66.204	216	69	2	12	225	11	224	1.01e-100	291
Rozeallo	CP@TRINITY_DN497_c0_g1::CP@TRINITY_DN497_c0_g1_i9::g.74504::m.74504	75.532	188	46	0	3	190	54	241	3.00e-102	306
Rozeallo	CP@TRINITY_DN497_c0_g1::CP@TRINITY_DN497_c0_g1_i2::g.74495::m.74495	75.532	188	46	0	3	190	54	241	3.00e-102	306
Rozeallo	CP@TRINITY_DN35688_c0_g1::CP@TRINITY_DN35688_c0_g1_i1::g.69901::m.69901	76.064	188	43	1	5	190	36	223	2.34e-99	298
Rozeallo	CP@TRINITY_DN8567_c0_g1::CP@TRINITY_DN8567_c0_g1_i3::g.28027::m.28027	30.915	317	206	4	194	507	35	341	8.05e-48	170
Mitodaph	CP@TRINITY_DN497_c0_g1::CP@TRINITY_DN497_c0_g1_i9::g.74504::m.74504	71.892	185	52	0	12	196	58	242	2.24e-103	297
Mitodaph	CP@TRINITY_DN497_c0_g1::CP@TRINITY_DN497_c0_g1_i2::g.74495::m.74495	71.892	185	52	0	12	196	58	242	2.24e-103	297
Mitodaph	CP@TRINITY_DN35688_c0_g1::CP@TRINITY_DN35688_c0_g1_i1::g.69901::m.69901	72.308	195	52	1	4	196	30	224	1.35e-102	295
Acancast	CP@TRINITY_DN35688_c0_g1::CP@TRINITY_DN35688_c0_g1_i1::g.69901::m.69901	80.102	196	37	1	3	198	31	224	4.06e-117	332
Acancast	CP@TRINITY_DN497_c0_g1::CP@TRINITY_DN497_c0_g1_i9::g.74504::m.74504	75.661	189	42	1	10	198	58	242	2.55e-109	313
Acancast	CP@TRINITY_DN497_c0_g1::CP@TRINITY_DN497_c0_g1_i2::g.74495::m.74495	75.661	189	42	1	10	198	58	242	2.55e-109	313
Diplambu	CP@TRINITY_DN497_c0_g1::CP@TRINITY_DN497_c0_g1_i9::g.74504::m.74504	70.588	187	54	1	6	191	57	243	5.31e-103	296
Diplambu	CP@TRINITY_DN497_c0_g1::CP@TRINITY_DN497_c0_g1_i2::g.74495::m.74495	70.588	187	54	1	6	191	57	243	5.31e-103	296
Diplambu	CP@TRINITY_DN35688_c0_g1::CP@TRINITY_DN35688_c0_g1_i1::g.69901::m.69901	73.936	188	46	1	7	191	38	225	9.87e-102	292
Flecnera	CP@TRINITY_DN497_c0_g1::CP@TRINITY_DN497_c0_g1_i9::g.74504::m.74504	67.016	191	62	1	23	212	53	243	2.75e-99	288
Flecnera	CP@TRINITY_DN497_c0_g1::CP@TRINITY_DN497_c0_g1_i2::g.74495::m.74495	67.016	191	62	1	23	212	53	243	2.75e-99	288
Flecnera	CP@TRINITY_DN35688_c0_g1::CP@TRINITY_DN35688_c0_g1_i1::g.69901::m.69901	65.366	205	64	2	15	212	21	225	2.94e-96	280
Neobdesi	CP@TRINITY_DN497_c0_g1::CP@TRINITY_DN497_c0_g1_i9::g.74504::m.74504	64.171	187	66	1	5	190	56	242	9.06e-92	268
Neobdesi	CP@TRINITY_DN497_c0_g1::CP@TRINITY_DN497_c0_g1_i2::g.74495::m.74495	64.171	187	66	1	5	190	56	242	9.06e-92	268
Neobdesi	CP@TRINITY_DN35688_c0_g1::CP@TRINITY_DN35688_c0_g1_i1::g.69901::m.69901	63.636	187	65	1	7	190	38	224	1.19e-86	254
Vannfimi	CP@TRINITY_DN35688_c0_g1::CP@TRINITY_DN35688_c0_g1_i1::g.69901::m.69901	67.692	195	62	1	11	204	31	225	1.86e-98	285
Vannfimi	CP@TRINITY_DN497_c0_g1::CP@TRINITY_DN497_c0_g1_i9::g.74504::m.74504	68.449	187	58	1	18	204	58	243	7.87e-96	279
Vannfimi	CP@TRINITY_DN497_c0_g1::CP@TRINITY_DN497_c0_g1_i2::g.74495::m.74495	68.449	187	58	1	18	204	58	243	7.87e-96	279
Idiovort	CP@TRINITY_DN35688_c0_g1::CP@TRINITY_DN35688_c0_g1_i1::g.69901::m.69901	79.793	193	37	1	18	210	35	225	6.18e-114	324
Idiovort	CP@TRINITY_DN497_c0_g1::CP@TRINITY_DN497_c0_g1_i9::g.74504::m.74504	71.795	195	51	1	16	210	53	243	4.77e-105	302
Idiovort	CP@TRINITY_DN497_c0_g1::CP@TRINITY_DN497_c0_g1_i2::g.74495::m.74495	71.795	195	51	1	16	210	53	243	4.77e-105	302
Picosali	CP@TRINITY_DN35688_c0_g1::CP@TRINITY_DN35688_c0_g1_i1::g.69901::m.69901	81.481	189	35	0	41	229	36	224	1.39e-115	329
Picosali	CP@TRINITY_DN497_c0_g1::CP@TRINITY_DN497_c0_g1_i9::g.74504::m.74504	71.053	190	53	1	40	229	55	242	2.49e-103	299
Picosali	CP@TRINITY_DN497_c0_g1::CP@TRINITY_DN497_c0_g1_i2::g.74495::m.74495	71.053	190	53	1	40	229	55	242	2.49e-103	299
Micrpusl	CP@TRINITY_DN35688_c0_g1::CP@TRINITY_DN35688_c0_g1_i1::g.69901::m.69901	78.866	194	41	0	1	194	31	224	5.37e-119	336
Micrpusl	CP@TRINITY_DN497_c0_g1::CP@TRINITY_DN497_c0_g1_i9::g.74504::m.74504	71.123	187	52	1	8	194	58	242	4.54e-106	304
Micrpusl	CP@TRINITY_DN497_c0_g1::CP@TRINITY_DN497_c0_g1_i2::g.74495::m.74495	71.123	187	52	1	8	194	58	242	4.54e-106	304
Ostrtaur	CP@TRINITY_DN35688_c0_g1::CP@TRINITY_DN35688_c0_g1_i1::g.69901::m.69901	81.959	194	35	0	1	194	31	224	4.13e-121	342
Ostrtaur	CP@TRINITY_DN497_c0_g1::CP@TRINITY_DN497_c0_g1_i9::g.74504::m.74504	73.797	187	47	1	8	194	58	242	2.09e-107	308
Ostrtaur	CP@TRINITY_DN497_c0_g1::CP@TRINITY_DN497_c0_g1_i2::g.74495::m.74495	73.797	187	47	1	8	194	58	242	2.09e-107	308
Physpate	CP@TRINITY_DN35688_c0_g1::CP@TRINITY_DN35688_c0_g1_i1::g.69901::m.69901	79.058	191	39	1	6	196	35	224	5.74e-116	328
Physpate	CP@TRINITY_DN497_c0_g1::CP@TRINITY_DN497_c0_g1_i9::g.74504::m.74504	72.308	195	51	1	2	196	51	242	1.40e-107	308
Physpate	CP@TRINITY_DN497_c0_g1::CP@TRINITY_DN497_c0_g1_i2::g.74495::m.74495	72.308	195	51	1	2	196	51	242	1.40e-107	308
Oryzsati	CP@TRINITY_DN35688_c0_g1::CP@TRINITY_DN35688_c0_g1_i1::g.69901::m.69901	80.952	189	35	1	12	200	37	224	6.23e-114	323
Oryzsati	CP@TRINITY_DN497_c0_g1::CP@TRINITY_DN497_c0_g1_i9::g.74504::m.74504	73.936	188	46	1	13	200	58	242	2.67e-108	310
Oryzsati	CP@TRINITY_DN497_c0_g1::CP@TRINITY_DN497_c0_g1_i2::g.74495::m.74495	73.936	188	46	1	13	200	58	242	2.67e-108	310
Volvcart	CP@TRINITY_DN35688_c0_g1::CP@TRINITY_DN35688_c0_g1_i1::g.69901::m.69901	81.579	190	35	0	4	193	35	224	6.02e-119	336
Volvcart	CP@TRINITY_DN497_c0_g1::CP@TRINITY_DN497_c0_g1_i9::g.74504::m.74504	75.521	192	43	2	2	193	55	242	2.36e-110	315
Volvcart	CP@TRINITY_DN497_c0_g1::CP@TRINITY_DN497_c0_g1_i2::g.74495::m.74495	75.521	192	43	2	2	193	55	242	2.36e-110	315
Palpbili	CP@TRINITY_DN35688_c0_g1::CP@TRINITY_DN35688_c0_g1_i1::g.69901::m.69901	76.289	194	46	0	1	194	31	224	3.63e-112	319
Palpbili	CP@TRINITY_DN497_c0_g1::CP@TRINITY_DN497_c0_g1_i9::g.74504::m.74504	73.262	187	48	1	8	194	58	242	4.68e-105	301
Palpbili	CP@TRINITY_DN497_c0_g1::CP@TRINITY_DN497_c0_g1_i2::g.74495::m.74495	73.262	187	48	1	8	194	58	242	4.68e-105	301
Rhodemar	CP@TRINITY_DN35688_c0_g1::CP@TRINITY_DN35688_c0_g1_i1::g.69901::m.69901	77.895	190	42	0	30	219	36	225	7.08e-114	324
Rhodemar	CP@TRINITY_DN497_c0_g1::CP@TRINITY_DN497_c0_g1_i9::g.74504::m.74504	72.872	188	49	1	32	219	58	243	1.74e-104	301
Rhodemar	CP@TRINITY_DN497_c0_g1::CP@TRINITY_DN497_c0_g1_i2::g.74495::m.74495	72.872	188	49	1	32	219	58	243	1.74e-104	301
Roomtrun	CP@TRINITY_DN35688_c0_g1::CP@TRINITY_DN35688_c0_g1_i1::g.69901::m.69901	76.650	197	45	1	5	201	30	225	4.84e-110	314
Roomtrun	CP@TRINITY_DN497_c0_g1::CP@TRINITY_DN497_c0_g1_i9::g.74504::m.74504	74.468	188	46	1	14	201	58	243	1.39e-104	301
Roomtrun	CP@TRINITY_DN497_c0_g1::CP@TRINITY_DN497_c0_g1_i2::g.74495::m.74495	74.468	188	46	1	14	201	58	243	1.39e-104	301
Cryppara	CP@TRINITY_DN35688_c0_g1::CP@TRINITY_DN35688_c0_g1_i1::g.69901::m.69901	75.000	188	47	0	8	195	36	223	4.87e-109	313
Cryppara	CP@TRINITY_DN497_c0_g1::CP@TRINITY_DN497_c0_g1_i9::g.74504::m.74504	70.968	186	52	1	10	195	58	241	6.71e-100	290
Cryppara	CP@TRINITY_DN497_c0_g1::CP@TRINITY_DN497_c0_g1_i2::g.74495::m.74495	70.968	186	52	1	10	195	58	241	6.71e-100	290
Bafffrig	CP@TRINITY_DN35688_c0_g1::CP@TRINITY_DN35688_c0_g1_i1::g.69901::m.69901	74.346	191	48	1	25	215	36	225	3.06e-108	310
Bafffrig	CP@TRINITY_DN497_c0_g1::CP@TRINITY_DN497_c0_g1_i9::g.74504::m.74504	69.312	189	55	2	27	215	58	243	1.03e-100	291
Bafffrig	CP@TRINITY_DN497_c0_g1::CP@TRINITY_DN497_c0_g1_i2::g.74495::m.74495	69.312	189	55	2	27	215	58	243	1.03e-100	291
Rhodsali	CP@TRINITY_DN35688_c0_g1::CP@TRINITY_DN35688_c0_g1_i1::g.69901::m.69901	75.661	189	46	0	9	197	36	224	5.74e-111	316
Rhodsali	CP@TRINITY_DN497_c0_g1::CP@TRINITY_DN497_c0_g1_i9::g.74504::m.74504	72.340	188	48	2	11	197	58	242	1.64e-103	298
Rhodsali	CP@TRINITY_DN497_c0_g1::CP@TRINITY_DN497_c0_g1_i2::g.74495::m.74495	72.340	188	48	2	11	197	58	242	1.64e-103	298
Ancytwis	CP@TRINITY_DN35688_c0_g1::CP@TRINITY_DN35688_c0_g1_i1::g.69901::m.69901	74.020	204	52	1	17	220	23	225	5.01e-113	322
Ancytwis	CP@TRINITY_DN497_c0_g1::CP@TRINITY_DN497_c0_g1_i9::g.74504::m.74504	73.404	188	48	1	33	220	58	243	3.08e-106	306
Ancytwis	CP@TRINITY_DN497_c0_g1::CP@TRINITY_DN497_c0_g1_i2::g.74495::m.74495	73.404	188	48	1	33	220	58	243	3.08e-106	306
Tisolute	CP@TRINITY_DN35688_c0_g1::CP@TRINITY_DN35688_c0_g1_i1::g.69901::m.69901	77.249	189	43	0	22	210	36	224	4.90e-108	309
Tisolute	CP@TRINITY_DN497_c0_g1::CP@TRINITY_DN497_c0_g1_i9::g.74504::m.74504	68.617	188	57	1	23	210	57	242	2.70e-100	290
Tisolute	CP@TRINITY_DN497_c0_g1::CP@TRINITY_DN497_c0_g1_i2::g.74495::m.74495	68.617	188	57	1	23	210	57	242	2.70e-100	290
Chryrota	CP@TRINITY_DN35688_c0_g1::CP@TRINITY_DN35688_c0_g1_i1::g.69901::m.69901	74.603	189	48	0	7	195	36	224	6.72e-109	311
Chryrota	CP@TRINITY_DN497_c0_g1::CP@TRINITY_DN497_c0_g1_i9::g.74504::m.74504	67.380	187	59	1	9	195	58	242	8.59e-99	286
Chryrota	CP@TRINITY_DN497_c0_g1::CP@TRINITY_DN497_c0_g1_i2::g.74495::m.74495	67.380	187	59	1	9	195	58	242	8.59e-99	286
Prymparv	CP@TRINITY_DN35688_c0_g1::CP@TRINITY_DN35688_c0_g1_i1::g.69901::m.69901	75.661	189	46	0	54	242	36	224	1.98e-110	317
Prymparv	CP@TRINITY_DN497_c0_g1::CP@TRINITY_DN497_c0_g1_i9::g.74504::m.74504	68.085	188	56	2	56	242	58	242	1.12e-99	290
Prymparv	CP@TRINITY_DN497_c0_g1::CP@TRINITY_DN497_c0_g1_i2::g.74495::m.74495	68.085	188	56	2	56	242	58	242	1.12e-99	290
Prympoly	CP@TRINITY_DN35688_c0_g1::CP@TRINITY_DN35688_c0_g1_i1::g.69901::m.69901	74.359	195	50	0	9	203	30	224	3.46e-111	317
Prympoly	CP@TRINITY_DN497_c0_g1::CP@TRINITY_DN497_c0_g1_i9::g.74504::m.74504	66.146	192	63	1	12	203	53	242	3.79e-100	290
Prympoly	CP@TRINITY_DN497_c0_g1::CP@TRINITY_DN497_c0_g1_i2::g.74495::m.74495	66.146	192	63	1	12	203	53	242	3.79e-100	290
Chrycart	CP@TRINITY_DN35688_c0_g1::CP@TRINITY_DN35688_c0_g1_i1::g.69901::m.69901	76.440	191	45	0	5	195	34	224	1.66e-110	315
Chrycart	CP@TRINITY_DN497_c0_g1::CP@TRINITY_DN497_c0_g1_i9::g.74504::m.74504	65.347	202	61	2	1	195	43	242	3.33e-100	289
Chrycart	CP@TRINITY_DN497_c0_g1::CP@TRINITY_DN497_c0_g1_i2::g.74495::m.74495	65.347	202	61	2	1	195	43	242	3.33e-100	289
Pavl2436	CP@TRINITY_DN35688_c0_g1::CP@TRINITY_DN35688_c0_g1_i1::g.69901::m.69901	77.368	190	43	0	32	221	36	225	8.53e-109	311
Pavl2436	CP@TRINITY_DN497_c0_g1::CP@TRINITY_DN497_c0_g1_i9::g.74504::m.74504	65.641	195	65	1	27	221	51	243	4.77e-98	285
Pavl2436	CP@TRINITY_DN497_c0_g1::CP@TRINITY_DN497_c0_g1_i2::g.74495::m.74495	65.641	195	65	1	27	221	51	243	4.77e-98	285
Gloewitr	CP@TRINITY_DN35688_c0_g1::CP@TRINITY_DN35688_c0_g1_i1::g.69901::m.69901	78.947	190	39	1	7	196	36	224	9.77e-112	318
Gloewitr	CP@TRINITY_DN497_c0_g1::CP@TRINITY_DN497_c0_g1_i9::g.74504::m.74504	73.936	188	46	1	9	196	58	242	7.84e-108	309
Gloewitr	CP@TRINITY_DN497_c0_g1::CP@TRINITY_DN497_c0_g1_i2::g.74495::m.74495	73.936	188	46	1	9	196	58	242	7.84e-108	309
Glauincr	CP@TRINITY_DN35688_c0_g1::CP@TRINITY_DN35688_c0_g1_i1::g.69901::m.69901	81.026	195	37	0	1	195	31	225	3.94e-120	339
Glauincr	CP@TRINITY_DN497_c0_g1::CP@TRINITY_DN497_c0_g1_i9::g.74504::m.74504	74.468	188	46	1	8	195	58	243	3.20e-107	307
Glauincr	CP@TRINITY_DN497_c0_g1::CP@TRINITY_DN497_c0_g1_i2::g.74495::m.74495	74.468	188	46	1	8	195	58	243	3.20e-107	307
Cyanpara	CP@TRINITY_DN35688_c0_g1::CP@TRINITY_DN35688_c0_g1_i1::g.69901::m.69901	80.311	193	38	0	3	195	32	224	3.16e-118	334
Cyanpara	CP@TRINITY_DN497_c0_g1::CP@TRINITY_DN497_c0_g1_i9::g.74504::m.74504	77.540	187	40	1	9	195	58	242	2.37e-110	315
Cyanpara	CP@TRINITY_DN497_c0_g1::CP@TRINITY_DN497_c0_g1_i2::g.74495::m.74495	77.540	187	40	1	9	195	58	242	2.37e-110	315
Cyanmero	CP@TRINITY_DN35688_c0_g1::CP@TRINITY_DN35688_c0_g1_i1::g.69901::m.69901	77.949	195	41	1	3	197	32	224	3.49e-115	327
Cyanmero	CP@TRINITY_DN497_c0_g1::CP@TRINITY_DN497_c0_g1_i9::g.74504::m.74504	75.806	186	43	1	12	197	59	242	5.68e-108	309
Cyanmero	CP@TRINITY_DN497_c0_g1::CP@TRINITY_DN497_c0_g1_i2::g.74495::m.74495	75.806	186	43	1	12	197	59	242	5.68e-108	309
Rhodmacu	CP@TRINITY_DN35688_c0_g1::CP@TRINITY_DN35688_c0_g1_i1::g.69901::m.69901	77.249	189	41	2	13	199	36	224	1.27e-107	308
Rhodmacu	CP@TRINITY_DN497_c0_g1::CP@TRINITY_DN497_c0_g1_i9::g.74504::m.74504	72.581	186	49	2	15	199	58	242	4.45e-103	297
Rhodmacu	CP@TRINITY_DN497_c0_g1::CP@TRINITY_DN497_c0_g1_i2::g.74495::m.74495	72.581	186	49	2	15	199	58	242	4.45e-103	297
Porpumbi	CP@TRINITY_DN35688_c0_g1::CP@TRINITY_DN35688_c0_g1_i1::g.69901::m.69901	70.892	213	62	0	27	239	13	225	2.89e-110	316
Porpumbi	CP@TRINITY_DN497_c0_g1::CP@TRINITY_DN497_c0_g1_i9::g.74504::m.74504	67.822	202	63	1	38	239	44	243	5.37e-103	298
Porpumbi	CP@TRINITY_DN497_c0_g1::CP@TRINITY_DN497_c0_g1_i2::g.74495::m.74495	67.822	202	63	1	38	239	44	243	5.37e-103	298
Rhodmari	CP@TRINITY_DN35688_c0_g1::CP@TRINITY_DN35688_c0_g1_i1::g.69901::m.69901	76.562	192	44	1	1	192	34	224	1.56e-108	310
Rhodmari	CP@TRINITY_DN497_c0_g1::CP@TRINITY_DN497_c0_g1_i9::g.74504::m.74504	71.658	187	50	1	6	192	59	242	5.62e-102	294
Rhodmari	CP@TRINITY_DN497_c0_g1::CP@TRINITY_DN497_c0_g1_i2::g.74495::m.74495	71.658	187	50	1	6	192	59	242	5.62e-102	294
Galdsulp	CP@TRINITY_DN35688_c0_g1::CP@TRINITY_DN35688_c0_g1_i1::g.69901::m.69901	79.058	191	40	0	1	191	34	224	9.90e-116	328
Galdsulp	CP@TRINITY_DN497_c0_g1::CP@TRINITY_DN497_c0_g1_i9::g.74504::m.74504	72.193	187	50	1	5	191	58	242	3.41e-105	302
Galdsulp	CP@TRINITY_DN497_c0_g1::CP@TRINITY_DN497_c0_g1_i2::g.74495::m.74495	72.193	187	50	1	5	191	58	242	3.41e-105	302
Cerakond	CP@TRINITY_DN35688_c0_g1::CP@TRINITY_DN35688_c0_g1_i1::g.69901::m.69901	80.952	189	36	0	1	189	36	224	9.13e-116	328
Cerakond	CP@TRINITY_DN497_c0_g1::CP@TRINITY_DN497_c0_g1_i9::g.74504::m.74504	72.193	187	50	1	3	189	58	242	1.98e-104	300
Cerakond	CP@TRINITY_DN497_c0_g1::CP@TRINITY_DN497_c0_g1_i2::g.74495::m.74495	72.193	187	50	1	3	189	58	242	1.98e-104	300
Choncris	CP@TRINITY_DN35688_c0_g1::CP@TRINITY_DN35688_c0_g1_i1::g.69901::m.69901	77.612	201	45	0	55	255	24	224	5.13e-116	331
Choncris	CP@TRINITY_DN497_c0_g1::CP@TRINITY_DN497_c0_g1_i9::g.74504::m.74504	72.727	187	49	1	69	255	58	242	2.63e-103	300
Choncris	CP@TRINITY_DN497_c0_g1::CP@TRINITY_DN497_c0_g1_i2::g.74495::m.74495	72.727	187	49	1	69	255	58	242	2.63e-103	300
Gratturu	CP@TRINITY_DN35688_c0_g1::CP@TRINITY_DN35688_c0_g1_i1::g.69901::m.69901	80.952	189	36	0	2	190	36	224	1.80e-115	327
Gratturu	CP@TRINITY_DN497_c0_g1::CP@TRINITY_DN497_c0_g1_i9::g.74504::m.74504	72.727	187	49	1	4	190	58	242	1.14e-104	300
Gratturu	CP@TRINITY_DN497_c0_g1::CP@TRINITY_DN497_c0_g1_i2::g.74495::m.74495	72.727	187	49	1	4	190	58	242	1.14e-104	300
Porpaeru	CP@TRINITY_DN35688_c0_g1::CP@TRINITY_DN35688_c0_g1_i1::g.69901::m.69901	76.923	195	39	1	4	198	36	224	2.61e-108	309
Porpaeru	CP@TRINITY_DN497_c0_g1::CP@TRINITY_DN497_c0_g1_i9::g.74504::m.74504	70.984	193	48	1	6	198	58	242	4.34e-104	299
Porpaeru	CP@TRINITY_DN497_c0_g1::CP@TRINITY_DN497_c0_g1_i2::g.74495::m.74495	70.984	193	48	1	6	198	58	242	4.34e-104	299
Auralima	CP@TRINITY_DN35688_c0_g1::CP@TRINITY_DN35688_c0_g1_i1::g.69901::m.69901	71.579	190	54	0	5	194	36	225	9.61e-105	300
Auralima	CP@TRINITY_DN497_c0_g1::CP@TRINITY_DN497_c0_g1_i9::g.74504::m.74504	67.021	188	60	1	7	194	58	243	3.08e-96	279
Auralima	CP@TRINITY_DN497_c0_g1::CP@TRINITY_DN497_c0_g1_i2::g.74495::m.74495	67.021	188	60	1	7	194	58	243	3.08e-96	279
Schiaggr	CP@TRINITY_DN35688_c0_g1::CP@TRINITY_DN35688_c0_g1_i1::g.69901::m.69901	71.282	195	56	0	1	195	31	225	8.96e-105	300
Schiaggr	CP@TRINITY_DN497_c0_g1::CP@TRINITY_DN497_c0_g1_i9::g.74504::m.74504	66.489	188	61	1	8	195	58	243	1.48e-97	283
Schiaggr	CP@TRINITY_DN497_c0_g1::CP@TRINITY_DN497_c0_g1_i2::g.74495::m.74495	66.489	188	61	1	8	195	58	243	1.48e-97	283
Aplakerg	CP@TRINITY_DN35688_c0_g1::CP@TRINITY_DN35688_c0_g1_i1::g.69901::m.69901	73.684	190	50	0	8	197	36	225	2.53e-106	304
Aplakerg	CP@TRINITY_DN497_c0_g1::CP@TRINITY_DN497_c0_g1_i9::g.74504::m.74504	67.692	195	61	1	3	197	51	243	2.14e-98	285
Aplakerg	CP@TRINITY_DN497_c0_g1::CP@TRINITY_DN497_c0_g1_i2::g.74495::m.74495	67.692	195	61	1	3	197	51	243	2.14e-98	285
Caferoen	CP@TRINITY_DN35688_c0_g1::CP@TRINITY_DN35688_c0_g1_i1::g.69901::m.69901	63.768	207	71	1	6	212	21	223	1.56e-94	276
Caferoen	CP@TRINITY_DN497_c0_g1::CP@TRINITY_DN497_c0_g1_i9::g.74504::m.74504	62.500	184	67	1	27	210	58	239	8.00e-86	255
Caferoen	CP@TRINITY_DN497_c0_g1::CP@TRINITY_DN497_c0_g1_i2::g.74495::m.74495	62.500	184	67	1	27	210	58	239	8.00e-86	255
Cantmars	CP@TRINITY_DN35688_c0_g1::CP@TRINITY_DN35688_c0_g1_i1::g.69901::m.69901	65.263	190	65	1	5	193	36	225	1.22e-93	272
Cantmars	CP@TRINITY_DN497_c0_g1::CP@TRINITY_DN497_c0_g1_i9::g.74504::m.74504	63.636	187	67	1	7	193	58	243	3.89e-88	259
Cantmars	CP@TRINITY_DN497_c0_g1::CP@TRINITY_DN497_c0_g1_i2::g.74495::m.74495	63.636	187	67	1	7	193	58	243	3.89e-88	259
Haloseos	CP@TRINITY_DN35688_c0_g1::CP@TRINITY_DN35688_c0_g1_i1::g.69901::m.69901	70.408	196	57	1	1	196	31	225	1.41e-102	295
Haloseos	CP@TRINITY_DN497_c0_g1::CP@TRINITY_DN497_c0_g1_i9::g.74504::m.74504	68.254	189	57	1	8	196	58	243	6.49e-96	278
Haloseos	CP@TRINITY_DN497_c0_g1::CP@TRINITY_DN497_c0_g1_i2::g.74495::m.74495	68.254	189	57	1	8	196	58	243	6.49e-96	278
Fibrjapo	CP@TRINITY_DN35688_c0_g1::CP@TRINITY_DN35688_c0_g1_i1::g.69901::m.69901	74.603	189	48	0	7	195	36	224	6.14e-107	306
Fibrjapo	CP@TRINITY_DN497_c0_g1::CP@TRINITY_DN497_c0_g1_i9::g.74504::m.74504	71.123	187	52	1	9	195	58	242	6.15e-103	296
Fibrjapo	CP@TRINITY_DN497_c0_g1::CP@TRINITY_DN497_c0_g1_i2::g.74495::m.74495	71.123	187	52	1	9	195	58	242	6.15e-103	296
Chatsubs	CP@TRINITY_DN35688_c0_g1::CP@TRINITY_DN35688_c0_g1_i1::g.69901::m.69901	75.132	189	47	0	7	195	36	224	5.17e-109	311
Chatsubs	CP@TRINITY_DN497_c0_g1::CP@TRINITY_DN497_c0_g1_i9::g.74504::m.74504	70.588	187	53	1	9	195	58	242	1.10e-102	296
Chatsubs	CP@TRINITY_DN497_c0_g1::CP@TRINITY_DN497_c0_g1_i2::g.74495::m.74495	70.588	187	53	1	9	195	58	242	1.10e-102	296
Heteakas	CP@TRINITY_DN35688_c0_g1::CP@TRINITY_DN35688_c0_g1_i1::g.69901::m.69901	75.132	189	47	0	41	229	36	224	2.96e-108	310
Heteakas	CP@TRINITY_DN497_c0_g1::CP@TRINITY_DN497_c0_g1_i9::g.74504::m.74504	71.123	187	52	1	43	229	58	242	7.74e-102	295
Heteakas	CP@TRINITY_DN497_c0_g1::CP@TRINITY_DN497_c0_g1_i2::g.74495::m.74495	71.123	187	52	1	43	229	58	242	7.74e-102	295
Rhiz1243	CP@TRINITY_DN35688_c0_g1::CP@TRINITY_DN35688_c0_g1_i1::g.69901::m.69901	71.591	176	50	0	30	205	39	214	5.21e-93	273
Rhiz1243	CP@TRINITY_DN497_c0_g1::CP@TRINITY_DN497_c0_g1_i9::g.74504::m.74504	64.130	184	64	1	22	205	51	232	8.08e-88	260
Rhiz1243	CP@TRINITY_DN497_c0_g1::CP@TRINITY_DN497_c0_g1_i2::g.74495::m.74495	64.130	184	64	1	22	205	51	232	8.08e-88	260
Pseuelas	CP@TRINITY_DN35688_c0_g1::CP@TRINITY_DN35688_c0_g1_i1::g.69901::m.69901	73.936	188	49	0	85	272	36	223	3.60e-102	301
Pseuelas	CP@TRINITY_DN497_c0_g1::CP@TRINITY_DN497_c0_g1_i9::g.74504::m.74504	68.649	185	56	1	88	272	59	241	6.56e-93	279
Pseuelas	CP@TRINITY_DN497_c0_g1::CP@TRINITY_DN497_c0_g1_i2::g.74495::m.74495	68.649	185	56	1	88	272	59	241	6.56e-93	279
Pedi2098	CP@TRINITY_DN35688_c0_g1::CP@TRINITY_DN35688_c0_g1_i1::g.69901::m.69901	73.545	189	50	0	14	202	36	224	6.00e-105	301
Pedi2098	CP@TRINITY_DN497_c0_g1::CP@TRINITY_DN497_c0_g1_i9::g.74504::m.74504	69.355	186	55	1	17	202	59	242	6.48e-97	281
Pedi2098	CP@TRINITY_DN497_c0_g1::CP@TRINITY_DN497_c0_g1_i2::g.74495::m.74495	69.355	186	55	1	17	202	59	242	6.48e-97	281
Octaspec	CP@TRINITY_DN35688_c0_g1::CP@TRINITY_DN35688_c0_g1_i1::g.69901::m.69901	72.487	189	52	0	7	195	36	224	5.46e-104	298
Octaspec	CP@TRINITY_DN497_c0_g1::CP@TRINITY_DN497_c0_g1_i9::g.74504::m.74504	67.179	195	60	2	1	195	52	242	8.01e-98	283
Octaspec	CP@TRINITY_DN497_c0_g1::CP@TRINITY_DN497_c0_g1_i2::g.74495::m.74495	67.179	195	60	2	1	195	52	242	8.01e-98	283
Flor1587	CP@TRINITY_DN35688_c0_g1::CP@TRINITY_DN35688_c0_g1_i1::g.69901::m.69901	74.074	189	49	0	7	195	36	224	2.26e-107	307
Flor1587	CP@TRINITY_DN497_c0_g1::CP@TRINITY_DN497_c0_g1_i9::g.74504::m.74504	68.984	187	56	1	9	195	58	242	6.71e-100	288
Flor1587	CP@TRINITY_DN497_c0_g1::CP@TRINITY_DN497_c0_g1_i2::g.74495::m.74495	68.984	187	56	1	9	195	58	242	6.71e-100	288
Chryfrag	CP@TRINITY_DN35688_c0_g1::CP@TRINITY_DN35688_c0_g1_i1::g.69901::m.69901	73.936	188	49	0	19	206	36	223	1.30e-104	304
Chryfrag	CP@TRINITY_DN497_c0_g1::CP@TRINITY_DN497_c0_g1_i9::g.74504::m.74504	67.204	186	59	1	21	206	58	241	1.74e-94	279
Chryfrag	CP@TRINITY_DN497_c0_g1::CP@TRINITY_DN497_c0_g1_i2::g.74495::m.74495	67.204	186	59	1	21	206	58	241	1.74e-94	279
Pela2097	CP@TRINITY_DN35688_c0_g1::CP@TRINITY_DN35688_c0_g1_i1::g.69901::m.69901	72.821	195	53	0	1	195	31	225	4.77e-107	306
Pela2097	CP@TRINITY_DN497_c0_g1::CP@TRINITY_DN497_c0_g1_i9::g.74504::m.74504	64.362	188	65	1	8	195	58	243	3.22e-93	271
Pela2097	CP@TRINITY_DN497_c0_g1::CP@TRINITY_DN497_c0_g1_i2::g.74495::m.74495	64.362	188	65	1	8	195	58	243	3.22e-93	271
Aureanop	CP@TRINITY_DN35688_c0_g1::CP@TRINITY_DN35688_c0_g1_i1::g.69901::m.69901	74.211	190	49	0	7	196	36	225	4.29e-106	303
Aureanop	CP@TRINITY_DN497_c0_g1::CP@TRINITY_DN497_c0_g1_i9::g.74504::m.74504	65.957	188	62	1	9	196	58	243	1.48e-94	275
Aureanop	CP@TRINITY_DN497_c0_g1::CP@TRINITY_DN497_c0_g1_i2::g.74495::m.74495	65.957	188	62	1	9	196	58	243	1.48e-94	275
Pelasubv	CP@TRINITY_DN35688_c0_g1::CP@TRINITY_DN35688_c0_g1_i1::g.69901::m.69901	74.074	189	49	0	7	195	36	224	1.15e-104	300
Pelasubv	CP@TRINITY_DN497_c0_g1::CP@TRINITY_DN497_c0_g1_i9::g.74504::m.74504	66.310	187	61	1	9	195	58	242	5.72e-94	273
Pelasubv	CP@TRINITY_DN497_c0_g1::CP@TRINITY_DN497_c0_g1_i2::g.74495::m.74495	66.310	187	61	1	9	195	58	242	5.72e-94	273
Pelacalc	CP@TRINITY_DN35688_c0_g1::CP@TRINITY_DN35688_c0_g1_i1::g.69901::m.69901	71.649	194	54	1	1	194	31	223	6.65e-98	297
Pelacalc	CP@TRINITY_DN497_c0_g1::CP@TRINITY_DN497_c0_g1_i9::g.74504::m.74504	64.516	186	64	1	9	194	58	241	5.94e-87	270
Pelacalc	CP@TRINITY_DN497_c0_g1::CP@TRINITY_DN497_c0_g1_i2::g.74495::m.74495	64.516	186	64	1	9	194	58	241	5.94e-87	270
Tripeleu	CP@TRINITY_DN35688_c0_g1::CP@TRINITY_DN35688_c0_g1_i1::g.69901::m.69901	73.684	190	50	0	24	213	35	224	6.46e-106	304
Tripeleu	CP@TRINITY_DN497_c0_g1::CP@TRINITY_DN497_c0_g1_i9::g.74504::m.74504	68.449	187	57	1	27	213	58	242	9.53e-99	286
Tripeleu	CP@TRINITY_DN497_c0_g1::CP@TRINITY_DN497_c0_g1_i2::g.74495::m.74495	68.449	187	57	1	27	213	58	242	9.53e-99	286
Fragcyli	CP@TRINITY_DN35688_c0_g1::CP@TRINITY_DN35688_c0_g1_i1::g.69901::m.69901	66.514	218	68	1	10	227	12	224	2.32e-105	303
Fragcyli	CP@TRINITY_DN497_c0_g1::CP@TRINITY_DN497_c0_g1_i9::g.74504::m.74504	66.162	198	64	2	30	227	48	242	3.38e-97	283
Fragcyli	CP@TRINITY_DN497_c0_g1::CP@TRINITY_DN497_c0_g1_i2::g.74495::m.74495	66.162	198	64	2	30	227	48	242	3.38e-97	283
Psuemult	CP@TRINITY_DN35688_c0_g1::CP@TRINITY_DN35688_c0_g1_i1::g.69901::m.69901	66.516	221	70	1	8	224	5	225	4.10e-107	307
Psuemult	CP@TRINITY_DN497_c0_g1::CP@TRINITY_DN497_c0_g1_i9::g.74504::m.74504	66.834	199	63	2	26	224	48	243	1.69e-97	284
Psuemult	CP@TRINITY_DN497_c0_g1::CP@TRINITY_DN497_c0_g1_i2::g.74495::m.74495	66.834	199	63	2	26	224	48	243	1.69e-97	284
Phaetric	CP@TRINITY_DN35688_c0_g1::CP@TRINITY_DN35688_c0_g1_i1::g.69901::m.69901	66.818	220	72	1	6	225	6	224	1.80e-105	303
Phaetric	CP@TRINITY_DN497_c0_g1::CP@TRINITY_DN497_c0_g1_i9::g.74504::m.74504	68.449	187	57	1	39	225	58	242	1.92e-96	281
Phaetric	CP@TRINITY_DN497_c0_g1::CP@TRINITY_DN497_c0_g1_i2::g.74495::m.74495	68.449	187	57	1	39	225	58	242	1.92e-96	281
Syncpusi	CP@TRINITY_DN35688_c0_g1::CP@TRINITY_DN35688_c0_g1_i1::g.69901::m.69901	67.164	201	66	0	79	279	25	225	5.65e-100	291
Syncpusi	CP@TRINITY_DN497_c0_g1::CP@TRINITY_DN497_c0_g1_i9::g.74504::m.74504	62.500	192	70	1	88	279	54	243	9.54e-91	269
Syncpusi	CP@TRINITY_DN497_c0_g1::CP@TRINITY_DN497_c0_g1_i2::g.74495::m.74495	62.500	192	70	1	88	279	54	243	9.54e-91	269
Paheparv	CP@TRINITY_DN35688_c0_g1::CP@TRINITY_DN35688_c0_g1_i1::g.69901::m.69901	71.649	194	55	0	1	194	31	224	8.22e-104	298
Paheparv	CP@TRINITY_DN497_c0_g1::CP@TRINITY_DN497_c0_g1_i9::g.74504::m.74504	65.969	191	63	1	4	194	54	242	5.44e-94	273
Paheparv	CP@TRINITY_DN497_c0_g1::CP@TRINITY_DN497_c0_g1_i2::g.74495::m.74495	65.969	191	63	1	4	194	54	242	5.44e-94	273
Pingpyre	CP@TRINITY_DN35688_c0_g1::CP@TRINITY_DN35688_c0_g1_i1::g.69901::m.69901	70.619	194	57	0	1	194	31	224	1.35e-101	292
Pingpyre	CP@TRINITY_DN497_c0_g1::CP@TRINITY_DN497_c0_g1_i9::g.74504::m.74504	65.969	191	63	1	4	194	54	242	6.34e-94	273
Pingpyre	CP@TRINITY_DN497_c0_g1::CP@TRINITY_DN497_c0_g1_i2::g.74495::m.74495	65.969	191	63	1	4	194	54	242	6.34e-94	273
Tribgaya	CP@TRINITY_DN35688_c0_g1::CP@TRINITY_DN35688_c0_g1_i1::g.69901::m.69901	71.053	190	55	0	32	221	36	225	3.16e-103	297
Tribgaya	CP@TRINITY_DN497_c0_g1::CP@TRINITY_DN497_c0_g1_i9::g.74504::m.74504	68.617	188	57	1	34	221	58	243	2.72e-97	283
Tribgaya	CP@TRINITY_DN497_c0_g1::CP@TRINITY_DN497_c0_g1_i2::g.74495::m.74495	68.617	188	57	1	34	221	58	243	2.72e-97	283
Vauclito	CP@TRINITY_DN35688_c0_g1::CP@TRINITY_DN35688_c0_g1_i1::g.69901::m.69901	70.833	192	56	0	5	196	33	224	2.06e-105	302
Vauclito	CP@TRINITY_DN497_c0_g1::CP@TRINITY_DN497_c0_g1_i9::g.74504::m.74504	68.449	187	57	1	10	196	58	242	1.89e-97	282
Vauclito	CP@TRINITY_DN497_c0_g1::CP@TRINITY_DN497_c0_g1_i2::g.74495::m.74495	68.449	187	57	1	10	196	58	242	1.89e-97	282
Fucucera	CP@TRINITY_DN35688_c0_g1::CP@TRINITY_DN35688_c0_g1_i1::g.69901::m.69901	67.925	212	66	1	25	234	13	224	1.25e-107	309
Fucucera	CP@TRINITY_DN497_c0_g1::CP@TRINITY_DN497_c0_g1_i9::g.74504::m.74504	67.857	196	61	1	39	234	49	242	4.89e-101	293
Fucucera	CP@TRINITY_DN497_c0_g1::CP@TRINITY_DN497_c0_g1_i2::g.74495::m.74495	67.857	196	61	1	39	234	49	242	4.89e-101	293
Agarclat	CP@TRINITY_DN35688_c0_g1::CP@TRINITY_DN35688_c0_g1_i1::g.69901::m.69901	65.106	235	70	4	22	256	3	225	8.77e-107	308
Agarclat	CP@TRINITY_DN497_c0_g1::CP@TRINITY_DN497_c0_g1_i9::g.74504::m.74504	69.681	188	55	1	69	256	58	243	1.25e-99	290
Agarclat	CP@TRINITY_DN497_c0_g1::CP@TRINITY_DN497_c0_g1_i2::g.74495::m.74495	69.681	188	55	1	69	256	58	243	1.25e-99	290
Paravest	CP@TRINITY_DN35688_c0_g1::CP@TRINITY_DN35688_c0_g1_i1::g.69901::m.69901	72.775	191	52	0	5	195	34	224	3.21e-106	304
Paravest	CP@TRINITY_DN497_c0_g1::CP@TRINITY_DN497_c0_g1_i9::g.74504::m.74504	68.449	187	57	1	9	195	58	242	1.05e-98	286
Paravest	CP@TRINITY_DN497_c0_g1::CP@TRINITY_DN497_c0_g1_i2::g.74495::m.74495	68.449	187	57	1	9	195	58	242	1.05e-98	286
Dino2267	CP@TRINITY_DN35688_c0_g1::CP@TRINITY_DN35688_c0_g1_i1::g.69901::m.69901	73.404	188	50	0	24	211	37	224	3.83e-104	299
Dino2267	CP@TRINITY_DN497_c0_g1::CP@TRINITY_DN497_c0_g1_i9::g.74504::m.74504	64.921	191	64	2	21	211	55	242	7.19e-94	274
Dino2267	CP@TRINITY_DN497_c0_g1::CP@TRINITY_DN497_c0_g1_i2::g.74495::m.74495	64.921	191	64	2	21	211	55	242	7.19e-94	274
Ochr2298	CP@TRINITY_DN35688_c0_g1::CP@TRINITY_DN35688_c0_g1_i1::g.69901::m.69901	70.408	196	57	1	1	196	31	225	3.63e-104	299
Ochr2298	CP@TRINITY_DN497_c0_g1::CP@TRINITY_DN497_c0_g1_i9::g.74504::m.74504	65.426	188	63	1	9	196	58	243	1.18e-95	278
Ochr2298	CP@TRINITY_DN497_c0_g1::CP@TRINITY_DN497_c0_g1_i2::g.74495::m.74495	65.426	188	63	1	9	196	58	243	1.18e-95	278
Pedoelon	CP@TRINITY_DN35688_c0_g1::CP@TRINITY_DN35688_c0_g1_i1::g.69901::m.69901	70.745	188	55	0	8	195	37	224	2.05e-102	294
Pedoelon	CP@TRINITY_DN497_c0_g1::CP@TRINITY_DN497_c0_g1_i9::g.74504::m.74504	63.874	191	66	2	5	195	55	242	1.80e-93	272
Pedoelon	CP@TRINITY_DN497_c0_g1::CP@TRINITY_DN497_c0_g1_i2::g.74495::m.74495	63.874	191	66	2	5	195	55	242	1.80e-93	272
PoterBG1	CP@TRINITY_DN35688_c0_g1::CP@TRINITY_DN35688_c0_g1_i1::g.69901::m.69901	75.532	188	46	0	8	195	37	224	3.44e-108	309
PoterBG1	CP@TRINITY_DN497_c0_g1::CP@TRINITY_DN497_c0_g1_i9::g.74504::m.74504	66.310	187	61	1	9	195	58	242	9.40e-97	281
PoterBG1	CP@TRINITY_DN497_c0_g1::CP@TRINITY_DN497_c0_g1_i2::g.74495::m.74495	66.310	187	61	1	9	195	58	242	9.40e-97	281
Mallmari	CP@TRINITY_DN35688_c0_g1::CP@TRINITY_DN35688_c0_g1_i1::g.69901::m.69901	68.557	194	61	0	1	194	31	224	1.01e-102	295
Mallmari	CP@TRINITY_DN497_c0_g1::CP@TRINITY_DN497_c0_g1_i9::g.74504::m.74504	65.789	190	63	1	5	194	55	242	5.47e-95	276
Mallmari	CP@TRINITY_DN497_c0_g1::CP@TRINITY_DN497_c0_g1_i2::g.74495::m.74495	65.789	190	63	1	5	194	55	242	5.47e-95	276
Pythirre	CP@TRINITY_DN35688_c0_g1::CP@TRINITY_DN35688_c0_g1_i1::g.69901::m.69901	73.469	196	50	2	1	196	31	224	1.82e-105	302
Pythirre	CP@TRINITY_DN497_c0_g1::CP@TRINITY_DN497_c0_g1_i9::g.74504::m.74504	64.894	188	63	2	9	196	58	242	3.48e-94	274
Pythirre	CP@TRINITY_DN497_c0_g1::CP@TRINITY_DN497_c0_g1_i2::g.74495::m.74495	64.894	188	63	2	9	196	58	242	3.48e-94	274
Albulaib	CP@TRINITY_DN35688_c0_g1::CP@TRINITY_DN35688_c0_g1_i1::g.69901::m.69901	73.469	196	50	2	1	196	31	224	3.27e-106	304
Albulaib	CP@TRINITY_DN497_c0_g1::CP@TRINITY_DN497_c0_g1_i9::g.74504::m.74504	63.731	193	67	2	4	196	53	242	1.04e-95	278
Albulaib	CP@TRINITY_DN497_c0_g1::CP@TRINITY_DN497_c0_g1_i2::g.74495::m.74495	63.731	193	67	2	4	196	53	242	1.04e-95	278
Saprdecl	CP@TRINITY_DN35688_c0_g1::CP@TRINITY_DN35688_c0_g1_i1::g.69901::m.69901	72.821	195	52	1	1	195	31	224	3.43e-107	306
Saprdecl	CP@TRINITY_DN497_c0_g1::CP@TRINITY_DN497_c0_g1_i9::g.74504::m.74504	68.421	190	58	1	6	195	55	242	1.09e-100	291
Saprdecl	CP@TRINITY_DN497_c0_g1::CP@TRINITY_DN497_c0_g1_i2::g.74495::m.74495	68.421	190	58	1	6	195	55	242	1.09e-100	291
Deveeleg	CP@TRINITY_DN35688_c0_g1::CP@TRINITY_DN35688_c0_g1_i1::g.69901::m.69901	71.066	197	57	0	14	210	29	225	2.41e-105	302
Deveeleg	CP@TRINITY_DN497_c0_g1::CP@TRINITY_DN497_c0_g1_i9::g.74504::m.74504	67.016	191	61	1	20	210	55	243	5.35e-95	277
Deveeleg	CP@TRINITY_DN497_c0_g1::CP@TRINITY_DN497_c0_g1_i2::g.74495::m.74495	67.016	191	61	1	20	210	55	243	5.35e-95	277
BlasS7SB	CP@TRINITY_DN35688_c0_g1::CP@TRINITY_DN35688_c0_g1_i1::g.69901::m.69901	70.225	178	53	0	11	188	47	224	5.22e-94	273
BlasS7SB	CP@TRINITY_DN497_c0_g1::CP@TRINITY_DN497_c0_g1_i9::g.74504::m.74504	67.033	182	56	2	8	188	64	242	3.42e-90	264
BlasS7SB	CP@TRINITY_DN497_c0_g1::CP@TRINITY_DN497_c0_g1_i2::g.74495::m.74495	67.033	182	56	2	8	188	64	242	3.42e-90	264
PlacCLAB	CP@TRINITY_DN35688_c0_g1::CP@TRINITY_DN35688_c0_g1_i1::g.69901::m.69901	68.557	194	61	0	22	215	31	224	9.78e-105	301
PlacCLAB	CP@TRINITY_DN497_c0_g1::CP@TRINITY_DN497_c0_g1_i9::g.74504::m.74504	64.737	190	65	1	26	215	55	242	2.59e-93	273
PlacCLAB	CP@TRINITY_DN497_c0_g1::CP@TRINITY_DN497_c0_g1_i2::g.74495::m.74495	64.737	190	65	1	26	215	55	242	2.59e-93	273
Wobbluna	CP@TRINITY_DN35688_c0_g1::CP@TRINITY_DN35688_c0_g1_i1::g.69901::m.69901	69.271	192	59	0	1	192	34	225	2.45e-102	294
Wobbluna	CP@TRINITY_DN497_c0_g1::CP@TRINITY_DN497_c0_g1_i9::g.74504::m.74504	63.351	191	68	1	2	192	55	243	1.60e-92	270
Wobbluna	CP@TRINITY_DN497_c0_g1::CP@TRINITY_DN497_c0_g1_i2::g.74495::m.74495	63.351	191	68	1	2	192	55	243	1.60e-92	270
Gromspha	CP@TRINITY_DN35688_c0_g1::CP@TRINITY_DN35688_c0_g1_i1::g.69901::m.69901	72.727	176	46	2	1	176	52	225	3.66e-91	265
Gromspha	CP@TRINITY_DN497_c0_g1::CP@TRINITY_DN497_c0_g1_i9::g.74504::m.74504	67.045	176	54	2	1	176	72	243	1.37e-82	244
Gromspha	CP@TRINITY_DN497_c0_g1::CP@TRINITY_DN497_c0_g1_i2::g.74495::m.74495	67.045	176	54	2	1	176	72	243	1.37e-82	244
Brevmoto	CP@TRINITY_DN35688_c0_g1::CP@TRINITY_DN35688_c0_g1_i1::g.69901::m.69901	64.824	199	65	2	7	200	27	225	1.35e-93	272
Brevmoto	CP@TRINITY_DN497_c0_g1::CP@TRINITY_DN497_c0_g1_i9::g.74504::m.74504	59.606	203	77	2	1	200	43	243	6.92e-88	258
Brevmoto	CP@TRINITY_DN497_c0_g1::CP@TRINITY_DN497_c0_g1_i2::g.74495::m.74495	59.606	203	77	2	1	200	43	243	6.92e-88	258
MatazaD1	CP@TRINITY_DN35688_c0_g1::CP@TRINITY_DN35688_c0_g1_i1::g.69901::m.69901	69.312	189	58	0	7	195	36	224	2.41e-101	291
MatazaD1	CP@TRINITY_DN497_c0_g1::CP@TRINITY_DN497_c0_g1_i9::g.74504::m.74504	64.706	187	64	1	9	195	58	242	7.39e-91	266
MatazaD1	CP@TRINITY_DN497_c0_g1::CP@TRINITY_DN497_c0_g1_i2::g.74495::m.74495	64.706	187	64	1	9	195	58	242	7.39e-91	266
Chlorept	CP@TRINITY_DN35688_c0_g1::CP@TRINITY_DN35688_c0_g1_i1::g.69901::m.69901	70.899	189	55	0	8	196	36	224	8.87e-99	285
Chlorept	CP@TRINITY_DN497_c0_g1::CP@TRINITY_DN497_c0_g1_i9::g.74504::m.74504	65.426	188	63	1	9	196	57	242	4.89e-94	274
Chlorept	CP@TRINITY_DN497_c0_g1::CP@TRINITY_DN497_c0_g1_i2::g.74495::m.74495	65.426	188	63	1	9	196	57	242	4.89e-94	274
Chroveli	CP@TRINITY_DN35688_c0_g1::CP@TRINITY_DN35688_c0_g1_i1::g.69901::m.69901	77.368	190	43	0	4	193	35	224	2.14e-108	309
Chroveli	CP@TRINITY_DN497_c0_g1::CP@TRINITY_DN497_c0_g1_i9::g.74504::m.74504	68.984	187	56	1	7	193	58	242	3.04e-95	277
Chroveli	CP@TRINITY_DN497_c0_g1::CP@TRINITY_DN497_c0_g1_i2::g.74495::m.74495	68.984	187	56	1	7	193	58	242	3.04e-95	277
Pirisoci	CP@TRINITY_DN35688_c0_g1::CP@TRINITY_DN35688_c0_g1_i1::g.69901::m.69901	71.795	195	55	0	1	195	31	225	1.78e-103	297
Pirisoci	CP@TRINITY_DN497_c0_g1::CP@TRINITY_DN497_c0_g1_i9::g.74504::m.74504	68.617	188	57	1	8	195	58	243	6.38e-94	273
Pirisoci	CP@TRINITY_DN497_c0_g1::CP@TRINITY_DN497_c0_g1_i2::g.74495::m.74495	68.617	188	57	1	8	195	58	243	6.38e-94	273
Crypparv	CP@TRINITY_DN35688_c0_g1::CP@TRINITY_DN35688_c0_g1_i1::g.69901::m.69901	71.429	189	54	0	19	207	36	224	8.84e-100	288
Crypparv	CP@TRINITY_DN497_c0_g1::CP@TRINITY_DN497_c0_g1_i9::g.74504::m.74504	66.310	187	61	1	21	207	58	242	8.10e-89	261
Crypparv	CP@TRINITY_DN497_c0_g1::CP@TRINITY_DN497_c0_g1_i2::g.74495::m.74495	66.310	187	61	1	21	207	58	242	8.10e-89	261
Toxogond	CP@TRINITY_DN35688_c0_g1::CP@TRINITY_DN35688_c0_g1_i1::g.69901::m.69901	75.661	189	46	0	4	192	36	224	8.02e-109	310
Toxogond	CP@TRINITY_DN497_c0_g1::CP@TRINITY_DN497_c0_g1_i9::g.74504::m.74504	66.310	187	61	1	6	192	58	242	1.71e-95	277
Toxogond	CP@TRINITY_DN497_c0_g1::CP@TRINITY_DN497_c0_g1_i2::g.74495::m.74495	66.310	187	61	1	6	192	58	242	1.71e-95	277
Platviva	CP@TRINITY_DN35688_c0_g1::CP@TRINITY_DN35688_c0_g1_i1::g.69901::m.69901	68.786	173	50	2	6	176	36	206	7.26e-85	249
Platviva	CP@TRINITY_DN497_c0_g1::CP@TRINITY_DN497_c0_g1_i9::g.74504::m.74504	68.047	169	52	1	8	176	58	224	1.41e-83	246
Platviva	CP@TRINITY_DN497_c0_g1::CP@TRINITY_DN497_c0_g1_i2::g.74495::m.74495	68.047	169	52	1	8	176	58	224	1.41e-83	246
Perkmari	CP@TRINITY_DN35688_c0_g1::CP@TRINITY_DN35688_c0_g1_i1::g.69901::m.69901	69.312	189	58	0	5	193	36	224	1.29e-98	285
Perkmari	CP@TRINITY_DN497_c0_g1::CP@TRINITY_DN497_c0_g1_i9::g.74504::m.74504	69.149	188	56	1	6	193	57	242	5.76e-98	283
Perkmari	CP@TRINITY_DN497_c0_g1::CP@TRINITY_DN497_c0_g1_i2::g.74495::m.74495	69.149	188	56	1	6	193	57	242	5.76e-98	283
Karebrev	CP@TRINITY_DN35688_c0_g1::CP@TRINITY_DN35688_c0_g1_i1::g.69901::m.69901	74.737	190	47	1	5	194	36	224	1.21e-103	297
Karebrev	CP@TRINITY_DN497_c0_g1::CP@TRINITY_DN497_c0_g1_i9::g.74504::m.74504	68.063	191	58	1	4	194	55	242	2.22e-96	280
Karebrev	CP@TRINITY_DN497_c0_g1::CP@TRINITY_DN497_c0_g1_i2::g.74495::m.74495	68.063	191	58	1	4	194	55	242	2.22e-96	280
Alexminu	CP@TRINITY_DN35688_c0_g1::CP@TRINITY_DN35688_c0_g1_i1::g.69901::m.69901	75.135	185	46	0	2	186	40	224	1.33e-102	294
Alexminu	CP@TRINITY_DN497_c0_g1::CP@TRINITY_DN497_c0_g1_i9::g.74504::m.74504	69.730	185	54	1	2	186	60	242	2.13e-97	282
Alexminu	CP@TRINITY_DN497_c0_g1::CP@TRINITY_DN497_c0_g1_i2::g.74495::m.74495	69.730	185	54	1	2	186	60	242	2.13e-97	282
Guttvulg	CP@TRINITY_DN497_c0_g1::CP@TRINITY_DN497_c0_g1_i9::g.74504::m.74504	59.799	199	79	1	2	200	46	243	3.67e-88	259
Guttvulg	CP@TRINITY_DN497_c0_g1::CP@TRINITY_DN497_c0_g1_i2::g.74495::m.74495	59.799	199	79	1	2	200	46	243	3.67e-88	259
Guttvulg	CP@TRINITY_DN35688_c0_g1::CP@TRINITY_DN35688_c0_g1_i1::g.69901::m.69901	63.212	193	70	1	9	200	33	225	1.63e-87	257
Trimmari	CP@TRINITY_DN35688_c0_g1::CP@TRINITY_DN35688_c0_g1_i1::g.69901::m.69901	69.744	195	57	2	29	221	31	225	4.32e-95	277
Trimmari	CP@TRINITY_DN497_c0_g1::CP@TRINITY_DN497_c0_g1_i9::g.74504::m.74504	59.701	201	77	3	22	221	46	243	2.45e-87	258
Trimmari	CP@TRINITY_DN497_c0_g1::CP@TRINITY_DN497_c0_g1_i2::g.74495::m.74495	59.701	201	77	3	22	221	46	243	2.45e-87	258
Pharkirb	CP@TRINITY_DN35688_c0_g1::CP@TRINITY_DN35688_c0_g1_i1::g.69901::m.69901	76.596	188	39	2	9	191	38	225	4.75e-103	296
Pharkirb	CP@TRINITY_DN497_c0_g1::CP@TRINITY_DN497_c0_g1_i9::g.74504::m.74504	71.809	188	50	1	7	191	56	243	3.93e-99	286
Pharkirb	CP@TRINITY_DN497_c0_g1::CP@TRINITY_DN497_c0_g1_i2::g.74495::m.74495	71.809	188	50	1	7	191	56	243	3.93e-99	286
Tsukglob	CP@TRINITY_DN35688_c0_g1::CP@TRINITY_DN35688_c0_g1_i1::g.69901::m.69901	74.211	190	48	1	22	210	36	225	1.59e-106	305
Tsukglob	CP@TRINITY_DN497_c0_g1::CP@TRINITY_DN497_c0_g1_i9::g.74504::m.74504	71.123	187	53	1	24	210	58	243	4.19e-103	297
Tsukglob	CP@TRINITY_DN497_c0_g1::CP@TRINITY_DN497_c0_g1_i2::g.74495::m.74495	71.123	187	53	1	24	210	58	243	4.19e-103	297
Eutrgymn	CP@TRINITY_DN35688_c0_g1::CP@TRINITY_DN35688_c0_g1_i1::g.69901::m.69901	68.557	194	58	1	18	208	31	224	5.65e-96	278
Eutrgymn	CP@TRINITY_DN497_c0_g1::CP@TRINITY_DN497_c0_g1_i9::g.74504::m.74504	67.553	188	60	1	22	208	55	242	1.52e-95	278
Eutrgymn	CP@TRINITY_DN497_c0_g1::CP@TRINITY_DN497_c0_g1_i2::g.74495::m.74495	67.553	188	60	1	22	208	55	242	1.52e-95	278
Euglgrac	CP@TRINITY_DN35688_c0_g1::CP@TRINITY_DN35688_c0_g1_i1::g.69901::m.69901	71.123	187	51	1	8	191	39	225	8.31e-96	277
Euglgrac	CP@TRINITY_DN497_c0_g1::CP@TRINITY_DN497_c0_g1_i9::g.74504::m.74504	67.368	190	61	1	3	191	54	243	8.13e-95	275
Euglgrac	CP@TRINITY_DN497_c0_g1::CP@TRINITY_DN497_c0_g1_i2::g.74495::m.74495	67.368	190	61	1	3	191	54	243	8.13e-95	275
Eugllong	CP@TRINITY_DN35688_c0_g1::CP@TRINITY_DN35688_c0_g1_i1::g.69901::m.69901	71.123	187	51	1	8	191	39	225	8.31e-96	277
Eugllong	CP@TRINITY_DN497_c0_g1::CP@TRINITY_DN497_c0_g1_i9::g.74504::m.74504	67.368	190	61	1	3	191	54	243	8.13e-95	275
Eugllong	CP@TRINITY_DN497_c0_g1::CP@TRINITY_DN497_c0_g1_i2::g.74495::m.74495	67.368	190	61	1	3	191	54	243	8.13e-95	275
Bodosalt	CP@TRINITY_DN497_c0_g1::CP@TRINITY_DN497_c0_g1_i9::g.74504::m.74504	62.903	186	68	1	6	190	57	242	6.71e-91	266
Bodosalt	CP@TRINITY_DN497_c0_g1::CP@TRINITY_DN497_c0_g1_i2::g.74495::m.74495	62.903	186	68	1	6	190	57	242	6.71e-91	266
Bodosalt	CP@TRINITY_DN35688_c0_g1::CP@TRINITY_DN35688_c0_g1_i1::g.69901::m.69901	65.775	187	61	1	7	190	38	224	1.61e-90	264
Carpmemb	CP@TRINITY_DN35688_c0_g1::CP@TRINITY_DN35688_c0_g1_i1::g.69901::m.69901	65.054	186	59	2	19	198	39	224	1.79e-87	257
Carpmemb	CP@TRINITY_DN497_c0_g1::CP@TRINITY_DN497_c0_g1_i9::g.74504::m.74504	62.500	184	65	2	19	198	59	242	4.44e-86	254
Carpmemb	CP@TRINITY_DN497_c0_g1::CP@TRINITY_DN497_c0_g1_i2::g.74495::m.74495	62.500	184	65	2	19	198	59	242	4.44e-86	254
Adunpalu	CP@TRINITY_DN35688_c0_g1::CP@TRINITY_DN35688_c0_g1_i1::g.69901::m.69901	61.979	192	68	2	1	187	34	225	8.87e-85	249
Adunpalu	CP@TRINITY_DN497_c0_g1::CP@TRINITY_DN497_c0_g1_i9::g.74504::m.74504	58.378	185	74	1	6	187	59	243	1.46e-80	239
Adunpalu	CP@TRINITY_DN497_c0_g1::CP@TRINITY_DN497_c0_g1_i2::g.74495::m.74495	58.378	185	74	1	6	187	59	243	1.46e-80	239
Ergocypr	CP@TRINITY_DN35688_c0_g1::CP@TRINITY_DN35688_c0_g1_i1::g.69901::m.69901	62.105	190	70	1	16	203	36	225	2.04e-87	256
Ergocypr	CP@TRINITY_DN497_c0_g1::CP@TRINITY_DN497_c0_g1_i9::g.74504::m.74504	57.838	185	78	0	19	203	59	243	2.66e-81	242
Ergocypr	CP@TRINITY_DN497_c0_g1::CP@TRINITY_DN497_c0_g1_i2::g.74495::m.74495	57.838	185	78	0	19	203	59	243	2.66e-81	242
Giarlamb	CP@TRINITY_DN35688_c0_g1::CP@TRINITY_DN35688_c0_g1_i1::g.69901::m.69901	59.259	189	75	1	4	190	36	224	3.12e-83	245
Giarlamb	CP@TRINITY_DN497_c0_g1::CP@TRINITY_DN497_c0_g1_i9::g.74504::m.74504	56.522	184	80	0	7	190	59	242	4.06e-79	236
Giarlamb	CP@TRINITY_DN497_c0_g1::CP@TRINITY_DN497_c0_g1_i2::g.74495::m.74495	56.522	184	80	0	7	190	59	242	4.06e-79	236
Mancberm	CP@TRINITY_DN35688_c0_g1::CP@TRINITY_DN35688_c0_g1_i1::g.69901::m.69901	69.231	195	60	0	12	206	31	225	3.33e-101	291
Mancberm	CP@TRINITY_DN497_c0_g1::CP@TRINITY_DN497_c0_g1_i9::g.74504::m.74504	64.362	188	65	1	19	206	58	243	4.39e-93	272
Mancberm	CP@TRINITY_DN497_c0_g1::CP@TRINITY_DN497_c0_g1_i2::g.74495::m.74495	64.362	188	65	1	19	206	58	243	4.39e-93	272
HeterBB2	CP@TRINITY_DN35688_c0_g1::CP@TRINITY_DN35688_c0_g1_i1::g.69901::m.69901	81.915	188	34	0	5	192	38	225	5.34e-117	331
HeterBB2	CP@TRINITY_DN497_c0_g1::CP@TRINITY_DN497_c0_g1_i9::g.74504::m.74504	78.010	191	40	1	2	192	55	243	9.39e-113	321
HeterBB2	CP@TRINITY_DN497_c0_g1::CP@TRINITY_DN497_c0_g1_i2::g.74495::m.74495	78.010	191	40	1	2	192	55	243	9.39e-113	321
Reclamer	CP@TRINITY_DN35688_c0_g1::CP@TRINITY_DN35688_c0_g1_i1::g.69901::m.69901	72.021	193	51	2	18	208	34	225	1.09e-98	285
Reclamer	CP@TRINITY_DN497_c0_g1::CP@TRINITY_DN497_c0_g1_i9::g.74504::m.74504	69.474	190	57	1	19	208	55	243	1.28e-97	283
Reclamer	CP@TRINITY_DN497_c0_g1::CP@TRINITY_DN497_c0_g1_i2::g.74495::m.74495	69.474	190	57	1	19	208	55	243	1.28e-97	283
Jakolibe	CP@TRINITY_DN35688_c0_g1::CP@TRINITY_DN35688_c0_g1_i1::g.69901::m.69901	70.060	167	48	1	1	165	34	200	1.53e-86	253
Jakolibe	CP@TRINITY_DN497_c0_g1::CP@TRINITY_DN497_c0_g1_i9::g.74504::m.74504	72.500	160	44	0	6	165	59	218	8.64e-86	251
Jakolibe	CP@TRINITY_DN497_c0_g1::CP@TRINITY_DN497_c0_g1_i2::g.74495::m.74495	72.500	160	44	0	6	165	59	218	8.64e-86	251
Brevanat	CP@TRINITY_DN35688_c0_g1::CP@TRINITY_DN35688_c0_g1_i1::g.69901::m.69901	75.130	193	48	0	13	205	33	225	1.84e-110	315
Brevanat	CP@TRINITY_DN497_c0_g1::CP@TRINITY_DN497_c0_g1_i9::g.74504::m.74504	72.539	193	50	2	13	205	54	243	3.10e-107	308
Brevanat	CP@TRINITY_DN497_c0_g1::CP@TRINITY_DN497_c0_g1_i2::g.74495::m.74495	72.539	193	50	2	13	205	54	243	3.10e-107	308
Nutolong	CP@TRINITY_DN35688_c0_g1::CP@TRINITY_DN35688_c0_g1_i1::g.69901::m.69901	75.661	189	46	0	20	208	37	225	1.89e-110	315
Nutolong	CP@TRINITY_DN497_c0_g1::CP@TRINITY_DN497_c0_g1_i9::g.74504::m.74504	70.213	188	54	1	21	208	58	243	7.69e-102	294
Nutolong	CP@TRINITY_DN497_c0_g1::CP@TRINITY_DN497_c0_g1_i2::g.74495::m.74495	70.213	188	54	1	21	208	58	243	7.69e-102	294
Lenilimo	CP@TRINITY_DN35688_c0_g1::CP@TRINITY_DN35688_c0_g1_i1::g.69901::m.69901	72.500	200	51	1	8	207	28	223	5.42e-104	300
Lenilimo	CP@TRINITY_DN497_c0_g1::CP@TRINITY_DN497_c0_g1_i9::g.74504::m.74504	67.805	205	60	2	7	207	39	241	4.02e-103	299
Lenilimo	CP@TRINITY_DN497_c0_g1::CP@TRINITY_DN497_c0_g1_i2::g.74495::m.74495	67.805	205	60	2	7	207	39	241	4.02e-103	299
Pellcata	CP@TRINITY_DN35688_c0_g1::CP@TRINITY_DN35688_c0_g1_i1::g.69901::m.69901	69.036	197	59	1	6	202	31	225	2.61e-101	292
Pellcata	CP@TRINITY_DN497_c0_g1::CP@TRINITY_DN497_c0_g1_i9::g.74504::m.74504	68.912	193	56	2	10	202	55	243	4.05e-95	277
Pellcata	CP@TRINITY_DN497_c0_g1::CP@TRINITY_DN497_c0_g1_i2::g.74495::m.74495	68.912	193	56	2	10	202	55	243	4.05e-95	277
Endozona	CP@TRINITY_DN35688_c0_g1::CP@TRINITY_DN35688_c0_g1_i1::g.69901::m.69901	71.287	202	54	2	10	209	25	224	8.02e-103	296
Endozona	CP@TRINITY_DN497_c0_g1::CP@TRINITY_DN497_c0_g1_i9::g.74504::m.74504	70.000	190	53	1	20	209	57	242	2.54e-100	290
Endozona	CP@TRINITY_DN497_c0_g1::CP@TRINITY_DN497_c0_g1_i2::g.74495::m.74495	70.000	190	53	1	20	209	57	242	2.54e-100	290
Squajapo	CP@TRINITY_DN35688_c0_g1::CP@TRINITY_DN35688_c0_g1_i1::g.69901::m.69901	72.680	194	51	1	25	218	34	225	1.41e-107	308
Squajapo	CP@TRINITY_DN497_c0_g1::CP@TRINITY_DN497_c0_g1_i9::g.74504::m.74504	70.000	190	53	1	29	218	58	243	6.47e-101	292
Squajapo	CP@TRINITY_DN497_c0_g1::CP@TRINITY_DN497_c0_g1_i2::g.74495::m.74495	70.000	190	53	1	29	218	58	243	6.47e-101	292
Sapochin	CP@TRINITY_DN35688_c0_g1::CP@TRINITY_DN35688_c0_g1_i1::g.69901::m.69901	73.575	193	49	1	3	195	34	224	4.63e-109	311
Sapochin	CP@TRINITY_DN497_c0_g1::CP@TRINITY_DN497_c0_g1_i9::g.74504::m.74504	68.254	189	56	1	7	195	58	242	2.29e-99	287
Sapochin	CP@TRINITY_DN497_c0_g1::CP@TRINITY_DN497_c0_g1_i2::g.74495::m.74495	68.254	189	56	1	7	195	58	242	2.29e-99	287
Armalang	CP@TRINITY_DN35688_c0_g1::CP@TRINITY_DN35688_c0_g1_i1::g.69901::m.69901	74.490	196	48	1	1	196	31	224	2.92e-110	314
Armalang	CP@TRINITY_DN497_c0_g1::CP@TRINITY_DN497_c0_g1_i9::g.74504::m.74504	70.466	193	53	1	4	196	54	242	1.28e-102	295
Armalang	CP@TRINITY_DN497_c0_g1::CP@TRINITY_DN497_c0_g1_i2::g.74495::m.74495	70.466	193	53	1	4	196	54	242	1.28e-102	295
Fontalba	CP@TRINITY_DN35688_c0_g1::CP@TRINITY_DN35688_c0_g1_i1::g.69901::m.69901	83.673	98	16	0	9	106	127	224	3.31e-55	171
Fontalba	CP@TRINITY_DN497_c0_g1::CP@TRINITY_DN497_c0_g1_i9::g.74504::m.74504	81.633	98	18	0	9	106	145	242	8.97e-55	170
Fontalba	CP@TRINITY_DN497_c0_g1::CP@TRINITY_DN497_c0_g1_i2::g.74495::m.74495	81.633	98	18	0	9	106	145	242	8.97e-55	170
Veximinu	CP@TRINITY_DN35688_c0_g1::CP@TRINITY_DN35688_c0_g1_i1::g.69901::m.69901	65.174	201	61	4	29	225	30	225	6.51e-94	274
Veximinu	CP@TRINITY_DN497_c0_g1::CP@TRINITY_DN497_c0_g1_i9::g.74504::m.74504	63.776	196	61	3	33	225	55	243	3.81e-89	263
Veximinu	CP@TRINITY_DN497_c0_g1::CP@TRINITY_DN497_c0_g1_i2::g.74495::m.74495	63.776	196	61	3	33	225	55	243	3.81e-89	263
Ancysigm	CP@TRINITY_DN35688_c0_g1::CP@TRINITY_DN35688_c0_g1_i1::g.69901::m.69901	76.842	190	44	0	5	194	36	225	3.83e-110	314
Ancysigm	CP@TRINITY_DN497_c0_g1::CP@TRINITY_DN497_c0_g1_i9::g.74504::m.74504	69.149	188	56	1	7	194	58	243	2.45e-99	287
Ancysigm	CP@TRINITY_DN497_c0_g1::CP@TRINITY_DN497_c0_g1_i2::g.74495::m.74495	69.149	188	56	1	7	194	58	243	2.45e-99	287
Pygsbifo	CP@TRINITY_DN35688_c0_g1::CP@TRINITY_DN35688_c0_g1_i1::g.69901::m.69901	76.020	196	46	1	14	209	31	225	3.76e-110	315
Pygsbifo	CP@TRINITY_DN497_c0_g1::CP@TRINITY_DN497_c0_g1_i9::g.74504::m.74504	68.780	205	55	2	12	209	41	243	2.24e-104	300
Pygsbifo	CP@TRINITY_DN497_c0_g1::CP@TRINITY_DN497_c0_g1_i2::g.74495::m.74495	68.780	205	55	2	12	209	41	243	2.24e-104	300
Gefiokel	CP@TRINITY_DN35688_c0_g1::CP@TRINITY_DN35688_c0_g1_i1::g.69901::m.69901	77.320	194	44	0	3	196	32	225	7.58e-111	316
Gefiokel	CP@TRINITY_DN497_c0_g1::CP@TRINITY_DN497_c0_g1_i9::g.74504::m.74504	74.346	191	47	1	6	196	55	243	3.58e-106	305
Gefiokel	CP@TRINITY_DN497_c0_g1::CP@TRINITY_DN497_c0_g1_i2::g.74495::m.74495	74.346	191	47	1	6	196	55	243	3.58e-106	305
Malajako	CP@TRINITY_DN35688_c0_g1::CP@TRINITY_DN35688_c0_g1_i1::g.69901::m.69901	72.727	198	54	0	7	204	27	224	1.15e-108	311
Malajako	CP@TRINITY_DN497_c0_g1::CP@TRINITY_DN497_c0_g1_i9::g.74504::m.74504	71.282	195	52	2	10	204	52	242	2.00e-102	296
Malajako	CP@TRINITY_DN497_c0_g1::CP@TRINITY_DN497_c0_g1_i2::g.74495::m.74495	71.282	195	52	2	10	204	52	242	2.00e-102	296
Malacali	CP@TRINITY_DN35688_c0_g1::CP@TRINITY_DN35688_c0_g1_i1::g.69901::m.69901	70.588	153	45	0	1	153	48	200	1.79e-78	232
Malacali	CP@TRINITY_DN497_c0_g1::CP@TRINITY_DN497_c0_g1_i9::g.74504::m.74504	67.974	153	47	1	1	153	68	218	1.01e-73	220
Malacali	CP@TRINITY_DN497_c0_g1::CP@TRINITY_DN497_c0_g1_i2::g.74495::m.74495	67.974	153	47	1	1	153	68	218	1.01e-73	220
Cuneruss	CP@TRINITY_DN35688_c0_g1::CP@TRINITY_DN35688_c0_g1_i1::g.69901::m.69901	73.096	197	51	1	23	219	30	224	1.04e-108	311
Cuneruss	CP@TRINITY_DN497_c0_g1::CP@TRINITY_DN497_c0_g1_i9::g.74504::m.74504	68.783	189	55	1	31	219	58	242	8.80e-100	289
Cuneruss	CP@TRINITY_DN497_c0_g1::CP@TRINITY_DN497_c0_g1_i2::g.74495::m.74495	68.783	189	55	1	31	219	58	242	8.80e-100	289
Cochminu	CP@TRINITY_DN35688_c0_g1::CP@TRINITY_DN35688_c0_g1_i1::g.69901::m.69901	73.196	194	50	1	18	211	33	224	1.57e-105	303
Cochminu	CP@TRINITY_DN497_c0_g1::CP@TRINITY_DN497_c0_g1_i9::g.74504::m.74504	67.725	189	57	1	23	211	58	242	1.17e-96	281
Cochminu	CP@TRINITY_DN497_c0_g1::CP@TRINITY_DN497_c0_g1_i2::g.74495::m.74495	67.725	189	57	1	23	211	58	242	1.17e-96	281
Ovaldese	CP@TRINITY_DN35688_c0_g1::CP@TRINITY_DN35688_c0_g1_i1::g.69901::m.69901	73.298	191	49	1	24	214	36	224	2.97e-104	300
Ovaldese	CP@TRINITY_DN497_c0_g1::CP@TRINITY_DN497_c0_g1_i9::g.74504::m.74504	69.841	189	53	1	26	214	58	242	2.78e-99	288
Ovaldese	CP@TRINITY_DN497_c0_g1::CP@TRINITY_DN497_c0_g1_i2::g.74495::m.74495	69.841	189	53	1	26	214	58	242	2.78e-99	288
Amoeprot	CP@TRINITY_DN35688_c0_g1::CP@TRINITY_DN35688_c0_g1_i1::g.69901::m.69901	70.244	205	59	1	10	214	22	224	2.40e-110	315
Amoeprot	CP@TRINITY_DN497_c0_g1::CP@TRINITY_DN497_c0_g1_i9::g.74504::m.74504	68.783	189	55	1	26	214	58	242	9.02e-98	284
Amoeprot	CP@TRINITY_DN497_c0_g1::CP@TRINITY_DN497_c0_g1_i2::g.74495::m.74495	68.783	189	55	1	26	214	58	242	9.02e-98	284
Coprprot	CP@TRINITY_DN35688_c0_g1::CP@TRINITY_DN35688_c0_g1_i1::g.69901::m.69901	73.469	196	47	2	1	193	31	224	7.27e-106	303
Coprprot	CP@TRINITY_DN497_c0_g1::CP@TRINITY_DN497_c0_g1_i9::g.74504::m.74504	68.254	189	53	2	8	193	58	242	9.65e-94	273
Coprprot	CP@TRINITY_DN497_c0_g1::CP@TRINITY_DN497_c0_g1_i2::g.74495::m.74495	68.254	189	53	2	8	193	58	242	9.65e-94	273
NolaAFSM	CP@TRINITY_DN35688_c0_g1::CP@TRINITY_DN35688_c0_g1_i1::g.69901::m.69901	72.775	191	47	2	20	207	36	224	2.75e-101	292
NolaAFSM	CP@TRINITY_DN497_c0_g1::CP@TRINITY_DN497_c0_g1_i9::g.74504::m.74504	68.750	192	53	2	19	207	55	242	3.85e-96	280
NolaAFSM	CP@TRINITY_DN497_c0_g1::CP@TRINITY_DN497_c0_g1_i2::g.74495::m.74495	68.750	192	53	2	19	207	55	242	3.85e-96	280
Rhizsaxo	CP@TRINITY_DN35688_c0_g1::CP@TRINITY_DN35688_c0_g1_i1::g.69901::m.69901	64.921	191	65	1	1	189	34	224	1.19e-89	262
Rhizsaxo	CP@TRINITY_DN497_c0_g1::CP@TRINITY_DN497_c0_g1_i9::g.74504::m.74504	63.587	184	67	0	6	189	59	242	1.03e-86	255
Rhizsaxo	CP@TRINITY_DN497_c0_g1::CP@TRINITY_DN497_c0_g1_i2::g.74495::m.74495	63.587	184	67	0	6	189	59	242	1.03e-86	255
Flabcita	CP@TRINITY_DN497_c0_g1::CP@TRINITY_DN497_c0_g1_i9::g.74504::m.74504	68.478	184	55	1	34	214	59	242	3.99e-93	272
Flabcita	CP@TRINITY_DN497_c0_g1::CP@TRINITY_DN497_c0_g1_i2::g.74495::m.74495	68.478	184	55	1	34	214	59	242	3.99e-93	272
Flabcita	CP@TRINITY_DN35688_c0_g1::CP@TRINITY_DN35688_c0_g1_i1::g.69901::m.69901	69.841	189	52	2	31	214	36	224	2.73e-92	270
Arcevulg	CP@TRINITY_DN35688_c0_g1::CP@TRINITY_DN35688_c0_g1_i1::g.69901::m.69901	73.196	194	44	2	5	195	36	224	5.02e-101	291
Arcevulg	CP@TRINITY_DN497_c0_g1::CP@TRINITY_DN497_c0_g1_i9::g.74504::m.74504	65.625	192	56	2	7	195	58	242	1.16e-91	268
Arcevulg	CP@TRINITY_DN497_c0_g1::CP@TRINITY_DN497_c0_g1_i2::g.74495::m.74495	65.625	192	56	2	7	195	58	242	1.16e-91	268
Vermverm	CP@TRINITY_DN35688_c0_g1::CP@TRINITY_DN35688_c0_g1_i1::g.69901::m.69901	76.042	192	39	3	10	198	37	224	4.11e-105	301
Vermverm	CP@TRINITY_DN497_c0_g1::CP@TRINITY_DN497_c0_g1_i9::g.74504::m.74504	68.557	194	52	3	8	198	55	242	1.26e-99	288
Vermverm	CP@TRINITY_DN497_c0_g1::CP@TRINITY_DN497_c0_g1_i2::g.74495::m.74495	68.557	194	52	3	8	198	55	242	1.26e-99	288
Echiexud	CP@TRINITY_DN35688_c0_g1::CP@TRINITY_DN35688_c0_g1_i1::g.69901::m.69901	78.571	196	40	1	1	196	31	224	7.99e-118	333
Echiexud	CP@TRINITY_DN497_c0_g1::CP@TRINITY_DN497_c0_g1_i9::g.74504::m.74504	74.074	189	45	1	8	196	58	242	6.33e-106	304
Echiexud	CP@TRINITY_DN497_c0_g1::CP@TRINITY_DN497_c0_g1_i2::g.74495::m.74495	74.074	189	45	1	8	196	58	242	6.33e-106	304
MicrA134	CP@TRINITY_DN35688_c0_g1::CP@TRINITY_DN35688_c0_g1_i1::g.69901::m.69901	69.652	201	56	3	1	199	27	224	1.34e-104	300
MicrA134	CP@TRINITY_DN497_c0_g1::CP@TRINITY_DN497_c0_g1_i9::g.74504::m.74504	65.789	190	60	2	10	199	58	242	1.19e-95	278
MicrA134	CP@TRINITY_DN497_c0_g1::CP@TRINITY_DN497_c0_g1_i2::g.74495::m.74495	65.789	190	60	2	10	199	58	242	1.19e-95	278
Echibisp	CP@TRINITY_DN35688_c0_g1::CP@TRINITY_DN35688_c0_g1_i1::g.69901::m.69901	76.316	190	44	1	8	197	36	224	3.17e-110	314
Echibisp	CP@TRINITY_DN497_c0_g1::CP@TRINITY_DN497_c0_g1_i9::g.74504::m.74504	72.340	188	49	1	10	197	58	242	1.19e-105	303
Echibisp	CP@TRINITY_DN497_c0_g1::CP@TRINITY_DN497_c0_g1_i2::g.74495::m.74495	72.340	188	49	1	10	197	58	242	1.19e-105	303
Hetepall	CP@TRINITY_DN497_c0_g1::CP@TRINITY_DN497_c0_g1_i9::g.74504::m.74504	66.842	190	61	1	18	207	55	242	6.83e-93	271
Hetepall	CP@TRINITY_DN497_c0_g1::CP@TRINITY_DN497_c0_g1_i2::g.74495::m.74495	66.842	190	61	1	18	207	55	242	6.83e-93	271
Hetepall	CP@TRINITY_DN35688_c0_g1::CP@TRINITY_DN35688_c0_g1_i1::g.69901::m.69901	70.166	181	52	1	29	207	44	224	9.95e-92	268
Mayocant	CP@TRINITY_DN35688_c0_g1::CP@TRINITY_DN35688_c0_g1_i1::g.69901::m.69901	76.238	202	45	2	16	217	26	224	2.75e-113	323
Mayocant	CP@TRINITY_DN497_c0_g1::CP@TRINITY_DN497_c0_g1_i9::g.74504::m.74504	74.603	189	44	1	29	217	58	242	3.53e-106	305
Mayocant	CP@TRINITY_DN497_c0_g1::CP@TRINITY_DN497_c0_g1_i2::g.74495::m.74495	74.603	189	44	1	29	217	58	242	3.53e-106	305
Soliirre	CP@TRINITY_DN35688_c0_g1::CP@TRINITY_DN35688_c0_g1_i1::g.69901::m.69901	75.916	191	44	1	24	214	36	224	1.38e-107	308
Soliirre	CP@TRINITY_DN497_c0_g1::CP@TRINITY_DN497_c0_g1_i9::g.74504::m.74504	66.332	199	60	2	16	214	51	242	6.02e-98	285
Soliirre	CP@TRINITY_DN497_c0_g1::CP@TRINITY_DN497_c0_g1_i2::g.74495::m.74495	66.332	199	60	2	16	214	51	242	6.02e-98	285
Sapppeda	CP@TRINITY_DN35688_c0_g1::CP@TRINITY_DN35688_c0_g1_i1::g.69901::m.69901	70.531	207	59	1	8	214	20	224	7.54e-108	309
Sapppeda	CP@TRINITY_DN497_c0_g1::CP@TRINITY_DN497_c0_g1_i9::g.74504::m.74504	73.545	189	46	2	26	214	58	242	6.85e-102	295
Sapppeda	CP@TRINITY_DN497_c0_g1::CP@TRINITY_DN497_c0_g1_i2::g.74495::m.74495	73.545	189	46	2	26	214	58	242	6.85e-102	295
Stensten	CP@TRINITY_DN35688_c0_g1::CP@TRINITY_DN35688_c0_g1_i1::g.69901::m.69901	72.973	222	45	3	11	218	5	225	2.28e-115	328
Stensten	CP@TRINITY_DN497_c0_g1::CP@TRINITY_DN497_c0_g1_i9::g.74504::m.74504	75.132	189	44	1	30	218	58	243	9.61e-106	304
Stensten	CP@TRINITY_DN497_c0_g1::CP@TRINITY_DN497_c0_g1_i2::g.74495::m.74495	75.132	189	44	1	30	218	58	243	9.61e-106	304
Phalsoli	CP@TRINITY_DN35688_c0_g1::CP@TRINITY_DN35688_c0_g1_i1::g.69901::m.69901	79.487	195	38	1	4	198	32	224	6.01e-115	326
Phalsoli	CP@TRINITY_DN497_c0_g1::CP@TRINITY_DN497_c0_g1_i9::g.74504::m.74504	78.307	189	37	1	10	198	58	242	4.66e-109	312
Phalsoli	CP@TRINITY_DN497_c0_g1::CP@TRINITY_DN497_c0_g1_i2::g.74495::m.74495	78.307	189	37	1	10	198	58	242	4.66e-109	312
Masteilh	CP@TRINITY_DN35688_c0_g1::CP@TRINITY_DN35688_c0_g1_i1::g.69901::m.69901	72.775	191	50	1	68	258	36	224	2.52e-103	299
Masteilh	CP@TRINITY_DN497_c0_g1::CP@TRINITY_DN497_c0_g1_i9::g.74504::m.74504	68.617	188	55	1	71	258	59	242	5.13e-98	286
Masteilh	CP@TRINITY_DN497_c0_g1::CP@TRINITY_DN497_c0_g1_i2::g.74495::m.74495	68.617	188	55	1	71	258	59	242	5.13e-98	286
Rhizelon	CP@TRINITY_DN35688_c0_g1::CP@TRINITY_DN35688_c0_g1_i1::g.69901::m.69901	68.557	194	59	1	10	203	33	224	8.81e-100	288
Rhizelon	CP@TRINITY_DN497_c0_g1::CP@TRINITY_DN497_c0_g1_i9::g.74504::m.74504	64.021	189	64	1	15	203	58	242	4.78e-92	269
Rhizelon	CP@TRINITY_DN497_c0_g1::CP@TRINITY_DN497_c0_g1_i2::g.74495::m.74495	64.021	189	64	1	15	203	58	242	4.78e-92	269
Filanola	CP@TRINITY_DN35688_c0_g1::CP@TRINITY_DN35688_c0_g1_i1::g.69901::m.69901	81.152	191	34	1	29	219	36	224	8.29e-116	329
Filanola	CP@TRINITY_DN497_c0_g1::CP@TRINITY_DN497_c0_g1_i9::g.74504::m.74504	75.000	192	44	1	28	219	55	242	2.08e-108	311
Filanola	CP@TRINITY_DN497_c0_g1::CP@TRINITY_DN497_c0_g1_i2::g.74495::m.74495	75.000	192	44	1	28	219	55	242	2.08e-108	311
Schivulg	CP@TRINITY_DN35688_c0_g1::CP@TRINITY_DN35688_c0_g1_i1::g.69901::m.69901	80.105	191	36	1	7	197	36	224	1.04e-113	323
Schivulg	CP@TRINITY_DN497_c0_g1::CP@TRINITY_DN497_c0_g1_i9::g.74504::m.74504	75.000	192	44	1	6	197	55	242	8.31e-107	306
Schivulg	CP@TRINITY_DN497_c0_g1::CP@TRINITY_DN497_c0_g1_i2::g.74495::m.74495	75.000	192	44	1	6	197	55	242	8.31e-107	306
Tychacut	CP@TRINITY_DN35688_c0_g1::CP@TRINITY_DN35688_c0_g1_i1::g.69901::m.69901	80.628	191	35	1	9	199	36	224	6.83e-115	326
Tychacut	CP@TRINITY_DN497_c0_g1::CP@TRINITY_DN497_c0_g1_i9::g.74504::m.74504	75.000	192	44	1	8	199	55	242	1.19e-108	311
Tychacut	CP@TRINITY_DN497_c0_g1::CP@TRINITY_DN497_c0_g1_i2::g.74495::m.74495	75.000	192	44	1	8	199	55	242	1.19e-108	311
Cavoapop	CP@TRINITY_DN35688_c0_g1::CP@TRINITY_DN35688_c0_g1_i1::g.69901::m.69901	81.152	191	34	1	24	214	36	224	2.85e-114	325
Cavoapop	CP@TRINITY_DN497_c0_g1::CP@TRINITY_DN497_c0_g1_i9::g.74504::m.74504	74.479	192	45	1	23	214	55	242	2.36e-106	306
Cavoapop	CP@TRINITY_DN497_c0_g1::CP@TRINITY_DN497_c0_g1_i2::g.74495::m.74495	74.479	192	45	1	23	214	55	242	2.36e-106	306
Paralevi	CP@TRINITY_DN35688_c0_g1::CP@TRINITY_DN35688_c0_g1_i1::g.69901::m.69901	80.105	191	37	1	83	273	36	225	1.64e-113	326
Paralevi	CP@TRINITY_DN497_c0_g1::CP@TRINITY_DN497_c0_g1_i9::g.74504::m.74504	72.487	189	49	1	85	273	58	243	8.10e-103	299
Paralevi	CP@TRINITY_DN497_c0_g1::CP@TRINITY_DN497_c0_g1_i2::g.74495::m.74495	72.487	189	49	1	85	273	58	243	8.10e-103	299
ThecSK13	CP@TRINITY_DN35688_c0_g1::CP@TRINITY_DN35688_c0_g1_i1::g.69901::m.69901	76.963	191	42	1	9	199	36	224	1.00e-108	310
ThecSK13	CP@TRINITY_DN497_c0_g1::CP@TRINITY_DN497_c0_g1_i9::g.74504::m.74504	75.132	189	43	1	11	199	58	242	1.07e-105	303
ThecSK13	CP@TRINITY_DN497_c0_g1::CP@TRINITY_DN497_c0_g1_i2::g.74495::m.74495	75.132	189	43	1	11	199	58	242	1.07e-105	303
Dracjorm	CP@TRINITY_DN35688_c0_g1::CP@TRINITY_DN35688_c0_g1_i1::g.69901::m.69901	79.167	192	37	2	5	196	36	224	3.80e-111	317
Dracjorm	CP@TRINITY_DN497_c0_g1::CP@TRINITY_DN497_c0_g1_i9::g.74504::m.74504	74.211	190	44	2	7	196	58	242	4.25e-105	302
Dracjorm	CP@TRINITY_DN497_c0_g1::CP@TRINITY_DN497_c0_g1_i2::g.74495::m.74495	74.211	190	44	2	7	196	58	242	4.25e-105	302
Luaphula	CP@TRINITY_DN35688_c0_g1::CP@TRINITY_DN35688_c0_g1_i1::g.69901::m.69901	81.122	196	35	1	21	216	31	224	3.10e-116	330
Luaphula	CP@TRINITY_DN497_c0_g1::CP@TRINITY_DN497_c0_g1_i9::g.74504::m.74504	76.190	189	41	1	28	216	58	242	1.16e-107	309
Luaphula	CP@TRINITY_DN497_c0_g1::CP@TRINITY_DN497_c0_g1_i2::g.74495::m.74495	76.190	189	41	1	28	216	58	242	1.16e-107	309
Diphrota	CP@TRINITY_DN35688_c0_g1::CP@TRINITY_DN35688_c0_g1_i1::g.69901::m.69901	73.659	205	54	0	16	220	21	225	3.41e-112	320
Diphrota	CP@TRINITY_DN497_c0_g1::CP@TRINITY_DN497_c0_g1_i9::g.74504::m.74504	70.103	194	56	1	27	220	52	243	1.26e-104	301
Diphrota	CP@TRINITY_DN497_c0_g1::CP@TRINITY_DN497_c0_g1_i2::g.74495::m.74495	70.103	194	56	1	27	220	52	243	1.26e-104	301
Colltric	CP@TRINITY_DN35688_c0_g1::CP@TRINITY_DN35688_c0_g1_i1::g.69901::m.69901	80.342	117	23	0	1	117	93	209	2.78e-67	202
Colltric	CP@TRINITY_DN497_c0_g1::CP@TRINITY_DN497_c0_g1_i9::g.74504::m.74504	78.448	116	25	0	2	117	112	227	1.14e-63	193
Colltric	CP@TRINITY_DN497_c0_g1::CP@TRINITY_DN497_c0_g1_i2::g.74495::m.74495	78.448	116	25	0	2	117	112	227	1.14e-63	193
Rigiramo	CP@TRINITY_DN35688_c0_g1::CP@TRINITY_DN35688_c0_g1_i1::g.69901::m.69901	78.974	195	40	1	1	194	31	225	8.37e-113	320
Rigiramo	CP@TRINITY_DN497_c0_g1::CP@TRINITY_DN497_c0_g1_i9::g.74504::m.74504	75.532	188	44	1	7	194	58	243	9.15e-106	303
Rigiramo	CP@TRINITY_DN497_c0_g1::CP@TRINITY_DN497_c0_g1_i2::g.74495::m.74495	75.532	188	44	1	7	194	58	243	9.15e-106	303
Caeneleg	CP@TRINITY_DN35688_c0_g1::CP@TRINITY_DN35688_c0_g1_i1::g.69901::m.69901	78.704	216	37	3	1	207	9	224	1.81e-121	343
Caeneleg	CP@TRINITY_DN497_c0_g1::CP@TRINITY_DN497_c0_g1_i9::g.74504::m.74504	67.143	210	56	4	1	207	43	242	1.23e-100	291
Caeneleg	CP@TRINITY_DN497_c0_g1::CP@TRINITY_DN497_c0_g1_i2::g.74495::m.74495	67.143	210	56	4	1	207	43	242	1.23e-100	291
Aplycali	CP@TRINITY_DN35688_c0_g1::CP@TRINITY_DN35688_c0_g1_i1::g.69901::m.69901	83.796	216	29	3	1	210	9	224	1.16e-129	364
Aplycali	CP@TRINITY_DN497_c0_g1::CP@TRINITY_DN497_c0_g1_i9::g.74504::m.74504	73.262	187	45	2	27	210	58	242	3.18e-100	290
Aplycali	CP@TRINITY_DN497_c0_g1::CP@TRINITY_DN497_c0_g1_i2::g.74495::m.74495	73.262	187	45	2	27	210	58	242	3.18e-100	290
Apismell	CP@TRINITY_DN35688_c0_g1::CP@TRINITY_DN35688_c0_g1_i1::g.69901::m.69901	89.216	204	22	0	13	216	21	224	6.28e-136	380
Apismell	CP@TRINITY_DN497_c0_g1::CP@TRINITY_DN497_c0_g1_i9::g.74504::m.74504	75.936	187	43	1	30	216	58	242	3.14e-106	305
Apismell	CP@TRINITY_DN497_c0_g1::CP@TRINITY_DN497_c0_g1_i2::g.74495::m.74495	75.936	187	43	1	30	216	58	242	3.14e-106	305
Drosmela	CP@TRINITY_DN35688_c0_g1::CP@TRINITY_DN35688_c0_g1_i1::g.69901::m.69901	82.488	217	27	3	13	225	15	224	6.24e-127	358
Drosmela	CP@TRINITY_DN497_c0_g1::CP@TRINITY_DN497_c0_g1_i9::g.74504::m.74504	69.378	209	55	3	20	225	40	242	8.58e-103	297
Drosmela	CP@TRINITY_DN497_c0_g1::CP@TRINITY_DN497_c0_g1_i2::g.74495::m.74495	69.378	209	55	3	20	225	40	242	8.58e-103	297
Tricadha	CP@TRINITY_DN35688_c0_g1::CP@TRINITY_DN35688_c0_g1_i1::g.69901::m.69901	87.565	193	24	0	11	203	32	224	1.33e-128	361
Tricadha	CP@TRINITY_DN497_c0_g1::CP@TRINITY_DN497_c0_g1_i9::g.74504::m.74504	75.401	187	44	1	17	203	58	242	7.43e-107	306
Tricadha	CP@TRINITY_DN497_c0_g1::CP@TRINITY_DN497_c0_g1_i2::g.74495::m.74495	75.401	187	44	1	17	203	58	242	7.43e-107	306
Salprose	CP@TRINITY_DN35688_c0_g1::CP@TRINITY_DN35688_c0_g1_i1::g.69901::m.69901	76.768	198	43	1	22	216	27	224	4.64e-115	327
Salprose	CP@TRINITY_DN497_c0_g1::CP@TRINITY_DN497_c0_g1_i9::g.74504::m.74504	70.053	187	51	2	33	216	58	242	6.80e-98	285
Salprose	CP@TRINITY_DN497_c0_g1::CP@TRINITY_DN497_c0_g1_i2::g.74495::m.74495	70.053	187	51	2	33	216	58	242	6.80e-98	285
Amphquee	CP@TRINITY_DN35688_c0_g1::CP@TRINITY_DN35688_c0_g1_i1::g.69901::m.69901	84.127	189	30	0	18	206	36	224	5.56e-121	342
Amphquee	CP@TRINITY_DN497_c0_g1::CP@TRINITY_DN497_c0_g1_i9::g.74504::m.74504	70.443	203	55	2	4	206	45	242	1.87e-104	301
Amphquee	CP@TRINITY_DN497_c0_g1::CP@TRINITY_DN497_c0_g1_i2::g.74495::m.74495	70.443	203	55	2	4	206	45	242	1.87e-104	301
Mnemleid	CP@TRINITY_DN35688_c0_g1::CP@TRINITY_DN35688_c0_g1_i1::g.69901::m.69901	80.311	193	38	0	7	199	32	224	8.38e-122	343
Mnemleid	CP@TRINITY_DN497_c0_g1::CP@TRINITY_DN497_c0_g1_i9::g.74504::m.74504	69.802	202	48	2	9	199	43	242	1.63e-103	298
Mnemleid	CP@TRINITY_DN497_c0_g1::CP@TRINITY_DN497_c0_g1_i2::g.74495::m.74495	69.802	202	48	2	9	199	43	242	1.63e-103	298
Taensoli	CP@TRINITY_DN35688_c0_g1::CP@TRINITY_DN35688_c0_g1_i1::g.69901::m.69901	74.074	189	48	1	7	194	36	224	1.82e-105	302
Taensoli	CP@TRINITY_DN497_c0_g1::CP@TRINITY_DN497_c0_g1_i9::g.74504::m.74504	65.803	193	65	1	2	194	51	242	3.10e-93	271
Taensoli	CP@TRINITY_DN497_c0_g1::CP@TRINITY_DN497_c0_g1_i2::g.74495::m.74495	65.803	193	65	1	2	194	51	242	3.10e-93	271
Schimans	CP@TRINITY_DN35688_c0_g1::CP@TRINITY_DN35688_c0_g1_i1::g.69901::m.69901	75.132	189	44	1	6	191	36	224	3.47e-105	301
Schimans	CP@TRINITY_DN497_c0_g1::CP@TRINITY_DN497_c0_g1_i9::g.74504::m.74504	66.667	192	57	3	4	191	54	242	2.03e-91	267
Schimans	CP@TRINITY_DN497_c0_g1::CP@TRINITY_DN497_c0_g1_i2::g.74495::m.74495	66.667	192	57	3	4	191	54	242	2.03e-91	267
Mantplas	CP@TRINITY_DN35688_c0_g1::CP@TRINITY_DN35688_c0_g1_i1::g.69901::m.69901	78.947	190	35	2	2	188	38	225	2.69e-109	311
Mantplas	CP@TRINITY_DN497_c0_g1::CP@TRINITY_DN497_c0_g1_i9::g.74504::m.74504	71.728	191	47	3	1	188	57	243	8.79e-100	288
Mantplas	CP@TRINITY_DN497_c0_g1::CP@TRINITY_DN497_c0_g1_i2::g.74495::m.74495	71.728	191	47	3	1	188	57	243	8.79e-100	288
Sphaarct	CP@TRINITY_DN35688_c0_g1::CP@TRINITY_DN35688_c0_g1_i1::g.69901::m.69901	80.423	189	33	2	34	218	36	224	2.27e-112	320
Sphaarct	CP@TRINITY_DN497_c0_g1::CP@TRINITY_DN497_c0_g1_i9::g.74504::m.74504	75.806	186	41	2	36	218	58	242	3.06e-105	303
Sphaarct	CP@TRINITY_DN497_c0_g1::CP@TRINITY_DN497_c0_g1_i2::g.74495::m.74495	75.806	186	41	2	36	218	58	242	3.06e-105	303
Amoepara	CP@TRINITY_DN35688_c0_g1::CP@TRINITY_DN35688_c0_g1_i1::g.69901::m.69901	80.851	188	32	2	29	212	36	223	1.15e-111	318
Amoepara	CP@TRINITY_DN497_c0_g1::CP@TRINITY_DN497_c0_g1_i9::g.74504::m.74504	75.393	191	43	2	25	212	52	241	1.90e-107	308
Amoepara	CP@TRINITY_DN497_c0_g1::CP@TRINITY_DN497_c0_g1_i2::g.74495::m.74495	75.393	191	43	2	25	212	52	241	1.90e-107	308
Fabotrop	CP@TRINITY_DN35688_c0_g1::CP@TRINITY_DN35688_c0_g1_i1::g.69901::m.69901	77.895	190	42	0	16	205	36	225	1.28e-110	315
Fabotrop	CP@TRINITY_DN497_c0_g1::CP@TRINITY_DN497_c0_g1_i9::g.74504::m.74504	76.064	188	43	1	18	205	58	243	2.25e-106	305
Fabotrop	CP@TRINITY_DN497_c0_g1::CP@TRINITY_DN497_c0_g1_i2::g.74495::m.74495	76.064	188	43	1	18	205	58	243	2.25e-106	305
Spizpunc	CP@TRINITY_DN35688_c0_g1::CP@TRINITY_DN35688_c0_g1_i1::g.69901::m.69901	73.611	216	44	3	1	203	9	224	2.64e-113	322
Spizpunc	CP@TRINITY_DN497_c0_g1::CP@TRINITY_DN497_c0_g1_i9::g.74504::m.74504	74.384	203	49	2	1	203	43	242	5.44e-113	322
Spizpunc	CP@TRINITY_DN497_c0_g1::CP@TRINITY_DN497_c0_g1_i2::g.74495::m.74495	74.384	203	49	2	1	203	43	242	5.44e-113	322
Rhizdele	CP@TRINITY_DN497_c0_g1::CP@TRINITY_DN497_c0_g1_i9::g.74504::m.74504	79.894	189	38	0	15	203	54	242	2.43e-116	330
Rhizdele	CP@TRINITY_DN497_c0_g1::CP@TRINITY_DN497_c0_g1_i2::g.74495::m.74495	79.894	189	38	0	15	203	54	242	2.43e-116	330
Rhizdele	CP@TRINITY_DN35688_c0_g1::CP@TRINITY_DN35688_c0_g1_i1::g.69901::m.69901	77.005	187	41	1	19	203	38	224	6.70e-107	306
Schizpom	CP@TRINITY_DN497_c0_g1::CP@TRINITY_DN497_c0_g1_i9::g.74504::m.74504	70.918	196	53	1	12	203	47	242	4.34e-101	292
Schizpom	CP@TRINITY_DN497_c0_g1::CP@TRINITY_DN497_c0_g1_i2::g.74495::m.74495	70.918	196	53	1	12	203	47	242	4.34e-101	292
Schizpom	CP@TRINITY_DN35688_c0_g1::CP@TRINITY_DN35688_c0_g1_i1::g.69901::m.69901	71.649	194	53	1	12	203	31	224	3.93e-98	284
Neurcras	CP@TRINITY_DN497_c0_g1::CP@TRINITY_DN497_c0_g1_i9::g.74504::m.74504	82.162	185	33	0	29	213	58	242	7.15e-116	330
Neurcras	CP@TRINITY_DN497_c0_g1::CP@TRINITY_DN497_c0_g1_i2::g.74495::m.74495	82.162	185	33	0	29	213	58	242	7.15e-116	330
Neurcras	CP@TRINITY_DN35688_c0_g1::CP@TRINITY_DN35688_c0_g1_i1::g.69901::m.69901	76.768	198	44	1	18	213	27	224	5.63e-112	319
Aspefumi	CP@TRINITY_DN497_c0_g1::CP@TRINITY_DN497_c0_g1_i9::g.74504::m.74504	71.963	214	40	2	22	231	45	242	3.48e-111	319
Aspefumi	CP@TRINITY_DN497_c0_g1::CP@TRINITY_DN497_c0_g1_i2::g.74495::m.74495	71.963	214	40	2	22	231	45	242	3.48e-111	319
Aspefumi	CP@TRINITY_DN35688_c0_g1::CP@TRINITY_DN35688_c0_g1_i1::g.69901::m.69901	67.382	233	57	3	1	231	9	224	5.96e-108	310
Debahans	CP@TRINITY_DN497_c0_g1::CP@TRINITY_DN497_c0_g1_i9::g.74504::m.74504	79.459	185	38	0	39	223	58	242	1.40e-113	324
Debahans	CP@TRINITY_DN497_c0_g1::CP@TRINITY_DN497_c0_g1_i2::g.74495::m.74495	79.459	185	38	0	39	223	58	242	1.40e-113	324
Debahans	CP@TRINITY_DN35688_c0_g1::CP@TRINITY_DN35688_c0_g1_i1::g.69901::m.69901	71.220	205	55	2	21	223	22	224	8.31e-107	306
Ustimayd	CP@TRINITY_DN497_c0_g1::CP@TRINITY_DN497_c0_g1_i9::g.74504::m.74504	76.757	185	43	0	23	207	58	242	1.01e-107	309
Ustimayd	CP@TRINITY_DN497_c0_g1::CP@TRINITY_DN497_c0_g1_i2::g.74495::m.74495	76.757	185	43	0	23	207	58	242	1.01e-107	309
Ustimayd	CP@TRINITY_DN35688_c0_g1::CP@TRINITY_DN35688_c0_g1_i1::g.69901::m.69901	76.064	188	43	1	22	207	37	224	1.54e-105	303
Coprcine	CP@TRINITY_DN35688_c0_g1::CP@TRINITY_DN35688_c0_g1_i1::g.69901::m.69901	80.423	189	35	1	16	202	36	224	2.17e-112	320
Coprcine	CP@TRINITY_DN497_c0_g1::CP@TRINITY_DN497_c0_g1_i9::g.74504::m.74504	79.459	185	38	0	18	202	58	242	4.72e-112	320
Coprcine	CP@TRINITY_DN497_c0_g1::CP@TRINITY_DN497_c0_g1_i2::g.74495::m.74495	79.459	185	38	0	18	202	58	242	4.72e-112	320
Blasbrit	CP@TRINITY_DN497_c0_g1::CP@TRINITY_DN497_c0_g1_i9::g.74504::m.74504	79.679	187	38	0	16	202	57	243	2.52e-115	328
Blasbrit	CP@TRINITY_DN497_c0_g1::CP@TRINITY_DN497_c0_g1_i2::g.74495::m.74495	79.679	187	38	0	16	202	57	243	2.52e-115	328
Blasbrit	CP@TRINITY_DN35688_c0_g1::CP@TRINITY_DN35688_c0_g1_i1::g.69901::m.69901	77.561	205	40	3	4	202	21	225	3.48e-112	319
Allomacr	CP@TRINITY_DN497_c0_g1::CP@TRINITY_DN497_c0_g1_i9::g.74504::m.74504	78.947	190	40	0	12	201	53	242	2.51e-116	330
Allomacr	CP@TRINITY_DN497_c0_g1::CP@TRINITY_DN497_c0_g1_i2::g.74495::m.74495	78.947	190	40	0	12	201	53	242	2.51e-116	330
Allomacr	CP@TRINITY_DN35688_c0_g1::CP@TRINITY_DN35688_c0_g1_i1::g.69901::m.69901	80.108	186	35	1	18	201	39	224	3.41e-110	314
