Calltube	CP@TRINITY_DN5291_c0_g1::CP@TRINITY_DN5291_c0_g1_i1::g.14228::m.14228	37.073	205	129	0	43	247	7	211	1.36e-44	149
Calltube	CP@TRINITY_DN11085_c0_g1::CP@TRINITY_DN11085_c0_g1_i1::g.8626::m.8626	35.124	242	156	1	6	247	172	412	1.44e-44	154
Calltube	CP@TRINITY_DN10316_c0_g1::CP@TRINITY_DN10316_c0_g1_i2::g.6521::m.6521	33.333	243	161	1	5	247	175	416	1.19e-42	149
Protlace	CP@TRINITY_DN10316_c0_g1::CP@TRINITY_DN10316_c0_g1_i2::g.6521::m.6521	35.250	400	251	3	132	531	32	423	2.64e-83	265
Protlace	CP@TRINITY_DN11085_c0_g1::CP@TRINITY_DN11085_c0_g1_i1::g.8626::m.8626	36.881	404	244	7	130	531	25	419	1.48e-76	247
Protlace	CP@TRINITY_DN5291_c0_g1::CP@TRINITY_DN5291_c0_g1_i1::g.14228::m.14228	40.465	215	128	0	317	531	4	218	3.98e-45	158
Protlace	CP@TRINITY_DN7658_c0_g1::CP@TRINITY_DN7658_c0_g1_i1::g.24582::m.24582	31.790	324	190	7	50	349	1	317	6.29e-41	150
Pyrapark	CP@TRINITY_DN11085_c0_g1::CP@TRINITY_DN11085_c0_g1_i1::g.8626::m.8626	39.858	424	243	5	224	643	7	422	7.58e-97	303
Pyrapark	CP@TRINITY_DN10316_c0_g1::CP@TRINITY_DN10316_c0_g1_i2::g.6521::m.6521	37.956	411	249	3	234	643	21	426	4.48e-95	299
Pyrapark	CP@TRINITY_DN5291_c0_g1::CP@TRINITY_DN5291_c0_g1_i1::g.14228::m.14228	41.860	215	125	0	429	643	7	221	1.09e-47	167
Pyrapark	CP@TRINITY_DN7658_c0_g1::CP@TRINITY_DN7658_c0_g1_i1::g.24582::m.24582	37.668	223	134	2	234	455	96	314	1.76e-44	161
Prassing	CP@TRINITY_DN11085_c0_g1::CP@TRINITY_DN11085_c0_g1_i1::g.8626::m.8626	41.576	368	213	2	1	368	57	422	2.67e-91	280
Prassing	CP@TRINITY_DN10316_c0_g1::CP@TRINITY_DN10316_c0_g1_i2::g.6521::m.6521	37.772	368	228	1	1	368	60	426	1.55e-85	265
Prassing	CP@TRINITY_DN5291_c0_g1::CP@TRINITY_DN5291_c0_g1_i1::g.14228::m.14228	42.991	214	122	0	155	368	8	221	9.20e-50	166
Arabthal	CP@TRINITY_DN11085_c0_g1::CP@TRINITY_DN11085_c0_g1_i1::g.8626::m.8626	40.876	411	236	5	185	592	15	421	1.59e-99	309
Arabthal	CP@TRINITY_DN10316_c0_g1::CP@TRINITY_DN10316_c0_g1_i2::g.6521::m.6521	36.105	421	261	4	174	592	11	425	1.86e-95	298
Arabthal	CP@TRINITY_DN5291_c0_g1::CP@TRINITY_DN5291_c0_g1_i1::g.14228::m.14228	41.704	223	126	1	370	592	2	220	4.63e-50	172
Arabthal	CP@TRINITY_DN7658_c0_g1::CP@TRINITY_DN7658_c0_g1_i1::g.24582::m.24582	36.607	224	135	3	184	405	96	314	1.95e-44	160
Nephpyri	CP@TRINITY_DN11085_c0_g1::CP@TRINITY_DN11085_c0_g1_i1::g.8626::m.8626	39.720	214	118	3	205	412	24	232	6.19e-41	150
Tetrasti	CP@TRINITY_DN11085_c0_g1::CP@TRINITY_DN11085_c0_g1_i1::g.8626::m.8626	41.363	411	229	7	264	666	16	422	2.44e-94	298
Tetrasti	CP@TRINITY_DN10316_c0_g1::CP@TRINITY_DN10316_c0_g1_i2::g.6521::m.6521	36.449	428	260	5	246	666	4	426	2.88e-87	279
Tetrasti	CP@TRINITY_DN5291_c0_g1::CP@TRINITY_DN5291_c0_g1_i1::g.14228::m.14228	42.411	224	125	1	443	666	2	221	8.45e-49	170
Chlarein	CP@TRINITY_DN11085_c0_g1::CP@TRINITY_DN11085_c0_g1_i1::g.8626::m.8626	38.863	422	250	5	187	605	5	421	1.32e-92	291
Chlarein	CP@TRINITY_DN10316_c0_g1::CP@TRINITY_DN10316_c0_g1_i2::g.6521::m.6521	35.023	434	267	5	174	605	5	425	2.21e-87	278
Chlarein	CP@TRINITY_DN5291_c0_g1::CP@TRINITY_DN5291_c0_g1_i1::g.14228::m.14228	42.056	214	124	0	392	605	7	220	2.26e-48	168
Dunasali	CP@TRINITY_DN11085_c0_g1::CP@TRINITY_DN11085_c0_g1_i1::g.8626::m.8626	41.000	200	117	1	1	200	224	422	7.39e-49	164
Dunasali	CP@TRINITY_DN5291_c0_g1::CP@TRINITY_DN5291_c0_g1_i1::g.14228::m.14228	41.500	200	117	0	1	200	22	221	2.08e-47	155
Dunasali	CP@TRINITY_DN10316_c0_g1::CP@TRINITY_DN10316_c0_g1_i2::g.6521::m.6521	36.500	200	126	1	1	200	228	426	5.91e-42	146
Dunasali	CP@TRINITY_DN10316_c0_g1::CP@TRINITY_DN10316_c0_g1_i1::g.6520::m.6520	37.427	171	107	0	30	200	3	173	1.44e-41	138
Prascaps	CP@TRINITY_DN11085_c0_g1::CP@TRINITY_DN11085_c0_g1_i1::g.8626::m.8626	38.837	430	251	6	204	629	1	422	2.79e-97	304
Prascaps	CP@TRINITY_DN10316_c0_g1::CP@TRINITY_DN10316_c0_g1_i2::g.6521::m.6521	37.226	411	251	3	221	629	21	426	9.25e-94	295
Prascaps	CP@TRINITY_DN5291_c0_g1::CP@TRINITY_DN5291_c0_g1_i1::g.14228::m.14228	40.179	224	130	1	406	629	2	221	4.20e-47	165
Prascaps	CP@TRINITY_DN7658_c0_g1::CP@TRINITY_DN7658_c0_g1_i1::g.24582::m.24582	35.874	223	137	2	221	441	96	314	3.53e-44	160
Mesoviri	CP@TRINITY_DN11085_c0_g1::CP@TRINITY_DN11085_c0_g1_i1::g.8626::m.8626	39.858	424	243	6	187	606	7	422	7.95e-97	302
Mesoviri	CP@TRINITY_DN10316_c0_g1::CP@TRINITY_DN10316_c0_g1_i2::g.6521::m.6521	36.740	411	254	3	197	606	21	426	2.61e-93	293
Mesoviri	CP@TRINITY_DN5291_c0_g1::CP@TRINITY_DN5291_c0_g1_i1::g.14228::m.14228	42.326	215	124	0	392	606	7	221	1.90e-47	166
Mesoviri	CP@TRINITY_DN7658_c0_g1::CP@TRINITY_DN7658_c0_g1_i1::g.24582::m.24582	35.931	231	140	3	189	418	91	314	7.35e-44	159
Guilthet	CP@TRINITY_DN11085_c0_g1::CP@TRINITY_DN11085_c0_g1_i1::g.8626::m.8626	38.889	396	209	5	195	572	41	421	2.35e-84	269
Guilthet	CP@TRINITY_DN10316_c0_g1::CP@TRINITY_DN10316_c0_g1_i2::g.6521::m.6521	34.458	415	239	8	181	572	21	425	1.71e-79	256
Guilthet	CP@TRINITY_DN5291_c0_g1::CP@TRINITY_DN5291_c0_g1_i1::g.14228::m.14228	41.441	222	123	3	352	572	5	220	1.09e-48	168
Gemicryo	CP@TRINITY_DN11085_c0_g1::CP@TRINITY_DN11085_c0_g1_i1::g.8626::m.8626	41.363	411	224	5	176	580	23	422	5.01e-94	294
Gemicryo	CP@TRINITY_DN10316_c0_g1::CP@TRINITY_DN10316_c0_g1_i2::g.6521::m.6521	38.000	400	244	3	183	580	29	426	1.27e-90	286
Gemicryo	CP@TRINITY_DN5291_c0_g1::CP@TRINITY_DN5291_c0_g1_i1::g.14228::m.14228	44.651	215	119	0	366	580	7	221	1.23e-53	182
Hemirufe	CP@TRINITY_DN10316_c0_g1::CP@TRINITY_DN10316_c0_g1_i2::g.6521::m.6521	37.037	405	245	4	185	584	27	426	5.90e-91	286
Hemirufe	CP@TRINITY_DN11085_c0_g1::CP@TRINITY_DN11085_c0_g1_i1::g.8626::m.8626	40.385	416	232	6	174	584	18	422	1.09e-89	283
Hemirufe	CP@TRINITY_DN5291_c0_g1::CP@TRINITY_DN5291_c0_g1_i1::g.14228::m.14228	43.779	217	122	0	368	584	5	221	6.90e-52	177
Hemirufe	CP@TRINITY_DN10316_c0_g1::CP@TRINITY_DN10316_c0_g1_i1::g.6520::m.6520	39.881	168	101	0	417	584	6	173	1.24e-41	148
TeloneP1	CP@TRINITY_DN11085_c0_g1::CP@TRINITY_DN11085_c0_g1_i1::g.8626::m.8626	34.758	351	220	3	1	351	81	422	2.59e-72	231
TeloneP1	CP@TRINITY_DN10316_c0_g1::CP@TRINITY_DN10316_c0_g1_i2::g.6521::m.6521	30.769	351	235	4	1	351	84	426	4.63e-63	207
TeloneP1	CP@TRINITY_DN5291_c0_g1::CP@TRINITY_DN5291_c0_g1_i1::g.14228::m.14228	36.073	219	140	0	133	351	3	221	1.69e-41	144
Paulchro	CP@TRINITY_DN11085_c0_g1::CP@TRINITY_DN11085_c0_g1_i1::g.8626::m.8626	28.438	429	280	7	192	617	18	422	1.26e-60	207
Paulchro	CP@TRINITY_DN10316_c0_g1::CP@TRINITY_DN10316_c0_g1_i2::g.6521::m.6521	26.995	426	281	7	195	617	28	426	4.96e-55	192
Aurisoli	CP@TRINITY_DN11085_c0_g1::CP@TRINITY_DN11085_c0_g1_i1::g.8626::m.8626	36.919	409	249	4	212	619	22	422	4.13e-92	290
Aurisoli	CP@TRINITY_DN10316_c0_g1::CP@TRINITY_DN10316_c0_g1_i2::g.6521::m.6521	36.730	422	256	4	198	619	16	426	4.23e-91	288
Bigenata	CP@TRINITY_DN10316_c0_g1::CP@TRINITY_DN10316_c0_g1_i2::g.6521::m.6521	36.721	433	264	4	169	600	3	426	1.38e-91	289
Bigenata	CP@TRINITY_DN11085_c0_g1::CP@TRINITY_DN11085_c0_g1_i1::g.8626::m.8626	36.029	408	248	7	198	600	23	422	1.70e-88	280
Bigenata	CP@TRINITY_DN5291_c0_g1::CP@TRINITY_DN5291_c0_g1_i1::g.14228::m.14228	38.785	214	131	0	387	600	8	221	5.77e-46	162
Bigenata	CP@TRINITY_DN7658_c0_g1::CP@TRINITY_DN7658_c0_g1_i1::g.24582::m.24582	30.573	314	186	5	123	408	1	310	7.65e-42	153
Plasbras	CP@TRINITY_DN10316_c0_g1::CP@TRINITY_DN10316_c0_g1_i2::g.6521::m.6521	33.491	424	273	4	174	597	11	425	1.83e-82	265
Plasbras	CP@TRINITY_DN11085_c0_g1::CP@TRINITY_DN11085_c0_g1_i1::g.8626::m.8626	37.634	372	226	3	226	597	56	421	5.28e-80	258
Plasbras	CP@TRINITY_DN5291_c0_g1::CP@TRINITY_DN5291_c0_g1_i1::g.14228::m.14228	39.437	213	129	0	385	597	8	220	2.67e-47	165
Plasbras	CP@TRINITY_DN10316_c0_g1::CP@TRINITY_DN10316_c0_g1_i1::g.6520::m.6520	39.881	168	101	0	430	597	5	172	6.48e-41	146
Leptvora	CP@TRINITY_DN10316_c0_g1::CP@TRINITY_DN10316_c0_g1_i2::g.6521::m.6521	36.893	412	254	4	237	648	21	426	6.51e-87	278
Leptvora	CP@TRINITY_DN11085_c0_g1::CP@TRINITY_DN11085_c0_g1_i1::g.8626::m.8626	38.919	370	223	2	279	648	56	422	9.35e-84	270
Leptvora	CP@TRINITY_DN5291_c0_g1::CP@TRINITY_DN5291_c0_g1_i1::g.14228::m.14228	37.209	215	135	0	434	648	7	221	3.26e-44	157
Leptvora	CP@TRINITY_DN10316_c0_g1::CP@TRINITY_DN10316_c0_g1_i1::g.6520::m.6520	41.520	171	100	0	478	648	3	173	9.92e-41	146
Retifilo	CP@TRINITY_DN10316_c0_g1::CP@TRINITY_DN10316_c0_g1_i2::g.6521::m.6521	31.915	423	278	6	95	517	11	423	5.25e-81	259
Retifilo	CP@TRINITY_DN11085_c0_g1::CP@TRINITY_DN11085_c0_g1_i1::g.8626::m.8626	34.152	407	256	6	114	517	22	419	3.44e-80	256
Ammo1384	CP@TRINITY_DN10316_c0_g1::CP@TRINITY_DN10316_c0_g1_i2::g.6521::m.6521	33.485	439	268	7	154	591	11	426	6.58e-85	271
Ammo1384	CP@TRINITY_DN11085_c0_g1::CP@TRINITY_DN11085_c0_g1_i1::g.8626::m.8626	31.448	442	275	7	156	591	3	422	1.13e-73	241
Ammo1384	CP@TRINITY_DN5291_c0_g1::CP@TRINITY_DN5291_c0_g1_i1::g.14228::m.14228	38.767	227	127	2	365	591	7	221	7.27e-43	153
Sori0191	CP@TRINITY_DN10316_c0_g1::CP@TRINITY_DN10316_c0_g1_i2::g.6521::m.6521	32.783	424	274	5	176	596	11	426	1.44e-76	249
Sori0191	CP@TRINITY_DN11085_c0_g1::CP@TRINITY_DN11085_c0_g1_i1::g.8626::m.8626	34.230	409	254	7	193	596	24	422	1.45e-75	246
Lapoguse	CP@TRINITY_DN10316_c0_g1::CP@TRINITY_DN10316_c0_g1_i2::g.6521::m.6521	34.954	432	273	4	171	602	3	426	4.42e-91	287
Lapoguse	CP@TRINITY_DN11085_c0_g1::CP@TRINITY_DN11085_c0_g1_i1::g.8626::m.8626	38.537	410	240	5	197	602	21	422	7.00e-90	284
Lapoguse	CP@TRINITY_DN5291_c0_g1::CP@TRINITY_DN5291_c0_g1_i1::g.14228::m.14228	42.791	215	123	0	388	602	7	221	5.78e-49	170
Lapoguse	CP@TRINITY_DN7658_c0_g1::CP@TRINITY_DN7658_c0_g1_i1::g.24582::m.24582	37.705	244	145	3	171	414	78	314	1.31e-48	172
MAST04A1	CP@TRINITY_DN11085_c0_g1::CP@TRINITY_DN11085_c0_g1_i1::g.8626::m.8626	34.276	283	162	2	1	260	141	422	1.48e-56	186
MAST04A1	CP@TRINITY_DN10316_c0_g1::CP@TRINITY_DN10316_c0_g1_i2::g.6521::m.6521	35.336	283	159	2	1	260	145	426	1.74e-54	181
BicoCB20	CP@TRINITY_DN10316_c0_g1::CP@TRINITY_DN10316_c0_g1_i2::g.6521::m.6521	35.680	412	259	3	188	599	21	426	7.38e-86	274
BicoCB20	CP@TRINITY_DN11085_c0_g1::CP@TRINITY_DN11085_c0_g1_i1::g.8626::m.8626	34.359	390	250	3	213	599	36	422	5.05e-78	253
BicoCB20	CP@TRINITY_DN5291_c0_g1::CP@TRINITY_DN5291_c0_g1_i1::g.14228::m.14228	40.654	214	127	0	386	599	8	221	1.63e-42	152
EctocSP7	CP@TRINITY_DN10316_c0_g1::CP@TRINITY_DN10316_c0_g1_i2::g.6521::m.6521	36.190	420	258	6	251	669	15	425	6.12e-91	289
EctocSP7	CP@TRINITY_DN11085_c0_g1::CP@TRINITY_DN11085_c0_g1_i1::g.8626::m.8626	36.543	405	251	5	266	669	22	421	1.23e-89	285
EctocSP7	CP@TRINITY_DN5291_c0_g1::CP@TRINITY_DN5291_c0_g1_i1::g.14228::m.14228	39.720	214	128	1	456	669	8	220	6.37e-46	162
EctocSP7	CP@TRINITY_DN10316_c0_g1::CP@TRINITY_DN10316_c0_g1_i1::g.6520::m.6520	40.120	167	99	1	503	669	7	172	6.94e-41	147
ChrysoH2	CP@TRINITY_DN10316_c0_g1::CP@TRINITY_DN10316_c0_g1_i2::g.6521::m.6521	36.854	426	259	6	140	564	10	426	6.11e-94	294
ChrysoH2	CP@TRINITY_DN11085_c0_g1::CP@TRINITY_DN11085_c0_g1_i1::g.8626::m.8626	37.470	411	251	4	154	564	18	422	1.89e-91	287
ChrysoH2	CP@TRINITY_DN5291_c0_g1::CP@TRINITY_DN5291_c0_g1_i1::g.14228::m.14228	41.860	215	124	1	350	564	8	221	2.96e-50	172
ChrysoH2	CP@TRINITY_DN10316_c0_g1::CP@TRINITY_DN10316_c0_g1_i1::g.6520::m.6520	42.105	171	98	1	394	564	4	173	1.13e-41	148
Phytpara	CP@TRINITY_DN11085_c0_g1::CP@TRINITY_DN11085_c0_g1_i1::g.8626::m.8626	37.215	395	236	3	204	598	39	421	2.75e-94	295
Phytpara	CP@TRINITY_DN10316_c0_g1::CP@TRINITY_DN10316_c0_g1_i2::g.6521::m.6521	36.524	397	238	5	203	598	42	425	1.02e-88	281
Phytpara	CP@TRINITY_DN5291_c0_g1::CP@TRINITY_DN5291_c0_g1_i1::g.14228::m.14228	39.252	214	130	0	385	598	7	220	1.02e-47	166
Phaeglob	CP@TRINITY_DN11085_c0_g1::CP@TRINITY_DN11085_c0_g1_i1::g.8626::m.8626	37.072	321	196	3	1	321	108	422	2.38e-70	224
Phaeglob	CP@TRINITY_DN10316_c0_g1::CP@TRINITY_DN10316_c0_g1_i2::g.6521::m.6521	36.760	321	197	2	1	321	112	426	1.52e-65	212
Phaeglob	CP@TRINITY_DN5291_c0_g1::CP@TRINITY_DN5291_c0_g1_i1::g.14228::m.14228	43.779	217	120	1	105	321	7	221	8.14e-58	186
Calclept	CP@TRINITY_DN10316_c0_g1::CP@TRINITY_DN10316_c0_g1_i2::g.6521::m.6521	37.367	281	166	3	187	467	26	296	3.61e-57	195
Calclept	CP@TRINITY_DN11085_c0_g1::CP@TRINITY_DN11085_c0_g1_i1::g.8626::m.8626	36.271	295	177	7	173	466	7	291	8.15e-51	178
Calclept	CP@TRINITY_DN7658_c0_g1::CP@TRINITY_DN7658_c0_g1_i1::g.24582::m.24582	38.532	218	127	2	190	407	104	314	4.30e-46	162
Hemikukw	CP@TRINITY_DN11085_c0_g1::CP@TRINITY_DN11085_c0_g1_i1::g.8626::m.8626	36.567	402	245	5	194	586	22	422	1.11e-70	233
Hemikukw	CP@TRINITY_DN10316_c0_g1::CP@TRINITY_DN10316_c0_g1_i2::g.6521::m.6521	31.325	415	276	3	180	586	13	426	8.72e-65	218
Raphhete	CP@TRINITY_DN10316_c0_g1::CP@TRINITY_DN10316_c0_g1_i2::g.6521::m.6521	33.105	438	277	6	166	603	3	424	1.27e-75	247
Raphhete	CP@TRINITY_DN11085_c0_g1::CP@TRINITY_DN11085_c0_g1_i1::g.8626::m.8626	34.577	402	243	5	206	603	35	420	1.90e-68	228
Rainerin	CP@TRINITY_DN10316_c0_g1::CP@TRINITY_DN10316_c0_g1_i2::g.6521::m.6521	33.414	413	266	4	199	610	20	424	2.33e-75	246
Rainerin	CP@TRINITY_DN11085_c0_g1::CP@TRINITY_DN11085_c0_g1_i1::g.8626::m.8626	33.673	392	253	4	219	610	36	420	1.03e-67	226
Tetrther	CP@TRINITY_DN11085_c0_g1::CP@TRINITY_DN11085_c0_g1_i1::g.8626::m.8626	30.825	412	275	3	187	596	18	421	4.73e-65	219
Tetrther	CP@TRINITY_DN10316_c0_g1::CP@TRINITY_DN10316_c0_g1_i2::g.6521::m.6521	28.986	414	279	6	186	596	24	425	1.28e-59	204
Symbmicr	CP@TRINITY_DN11085_c0_g1::CP@TRINITY_DN11085_c0_g1_i1::g.8626::m.8626	33.090	411	256	7	1020	1426	25	420	1.76e-69	241
Symbmicr	CP@TRINITY_DN10316_c0_g1::CP@TRINITY_DN10316_c0_g1_i2::g.6521::m.6521	32.267	375	243	4	1054	1425	57	423	2.05e-64	226
Symbmicr	CP@TRINITY_DN5291_c0_g1::CP@TRINITY_DN5291_c0_g1_i1::g.14228::m.14228	37.004	227	130	4	1201	1425	3	218	4.24e-45	163
HemaVICK	CP@TRINITY_DN11085_c0_g1::CP@TRINITY_DN11085_c0_g1_i1::g.8626::m.8626	34.896	384	240	5	209	589	46	422	2.82e-74	243
HemaVICK	CP@TRINITY_DN10316_c0_g1::CP@TRINITY_DN10316_c0_g1_i2::g.6521::m.6521	31.296	409	266	6	184	589	30	426	2.33e-68	228
Oxyrmari	CP@TRINITY_DN11085_c0_g1::CP@TRINITY_DN11085_c0_g1_i1::g.8626::m.8626	34.146	410	249	5	216	613	22	422	5.16e-80	259
Oxyrmari	CP@TRINITY_DN10316_c0_g1::CP@TRINITY_DN10316_c0_g1_i2::g.6521::m.6521	31.655	417	266	6	201	613	25	426	6.93e-74	243
Oxyrmari	CP@TRINITY_DN5291_c0_g1::CP@TRINITY_DN5291_c0_g1_i1::g.14228::m.14228	40.183	219	124	2	396	613	9	221	2.71e-41	149
Vitrbras	CP@TRINITY_DN11085_c0_g1::CP@TRINITY_DN11085_c0_g1_i1::g.8626::m.8626	36.800	375	227	4	226	599	56	421	1.16e-79	258
Vitrbras	CP@TRINITY_DN10316_c0_g1::CP@TRINITY_DN10316_c0_g1_i2::g.6521::m.6521	33.333	420	264	6	181	599	21	425	2.91e-77	251
Vitrbras	CP@TRINITY_DN5291_c0_g1::CP@TRINITY_DN5291_c0_g1_i1::g.14228::m.14228	38.356	219	130	1	381	599	7	220	5.58e-42	150
Alphedax	CP@TRINITY_DN11085_c0_g1::CP@TRINITY_DN11085_c0_g1_i1::g.8626::m.8626	35.280	411	251	5	31	438	24	422	3.34e-81	256
Alphedax	CP@TRINITY_DN10316_c0_g1::CP@TRINITY_DN10316_c0_g1_i2::g.6521::m.6521	35.135	407	250	5	34	438	32	426	1.43e-77	247
Alphedax	CP@TRINITY_DN5291_c0_g1::CP@TRINITY_DN5291_c0_g1_i1::g.14228::m.14228	41.176	221	123	2	219	438	7	221	1.06e-47	163
Parapyri	CP@TRINITY_DN11085_c0_g1::CP@TRINITY_DN11085_c0_g1_i1::g.8626::m.8626	36.817	421	255	6	94	507	6	422	6.52e-87	273
Parapyri	CP@TRINITY_DN10316_c0_g1::CP@TRINITY_DN10316_c0_g1_i2::g.6521::m.6521	33.178	428	275	3	86	507	4	426	1.51e-79	254
Parapyri	CP@TRINITY_DN5291_c0_g1::CP@TRINITY_DN5291_c0_g1_i1::g.14228::m.14228	42.056	214	124	0	294	507	8	221	3.27e-48	166
Paraconf	CP@TRINITY_DN11085_c0_g1::CP@TRINITY_DN11085_c0_g1_i1::g.8626::m.8626	26.714	423	281	8	177	589	18	421	4.72e-43	159
Styginca	CP@TRINITY_DN11085_c0_g1::CP@TRINITY_DN11085_c0_g1_i1::g.8626::m.8626	32.524	412	276	2	213	623	12	422	1.28e-66	224
Styginca	CP@TRINITY_DN10316_c0_g1::CP@TRINITY_DN10316_c0_g1_i2::g.6521::m.6521	30.024	413	277	4	218	623	19	426	6.77e-66	222
Styginca	CP@TRINITY_DN5291_c0_g1::CP@TRINITY_DN5291_c0_g1_i1::g.14228::m.14228	35.185	216	140	0	408	623	6	221	6.53e-41	148
Andagodo	CP@TRINITY_DN11085_c0_g1::CP@TRINITY_DN11085_c0_g1_i1::g.8626::m.8626	34.709	412	260	5	226	635	18	422	9.54e-75	246
Andagodo	CP@TRINITY_DN10316_c0_g1::CP@TRINITY_DN10316_c0_g1_i2::g.6521::m.6521	29.009	424	291	4	214	635	11	426	3.41e-66	223
Andagodo	CP@TRINITY_DN5291_c0_g1::CP@TRINITY_DN5291_c0_g1_i1::g.14228::m.14228	37.209	215	135	0	421	635	7	221	2.79e-42	152
Galdphle	CP@TRINITY_DN10316_c0_g1::CP@TRINITY_DN10316_c0_g1_i2::g.6521::m.6521	29.885	348	227	5	230	569	35	373	5.51e-44	162
Porppurp	CP@TRINITY_DN10316_c0_g1::CP@TRINITY_DN10316_c0_g1_i2::g.6521::m.6521	23.963	434	292	5	322	753	24	421	1.34e-41	157
Gracchor	CP@TRINITY_DN10316_c0_g1::CP@TRINITY_DN10316_c0_g1_i2::g.6521::m.6521	32.936	419	275	3	177	593	11	425	4.16e-82	264
Gracchor	CP@TRINITY_DN11085_c0_g1::CP@TRINITY_DN11085_c0_g1_i1::g.8626::m.8626	35.075	402	256	4	194	593	23	421	3.61e-78	253
Gracchor	CP@TRINITY_DN5291_c0_g1::CP@TRINITY_DN5291_c0_g1_i1::g.14228::m.14228	37.668	223	135	1	371	593	2	220	1.77e-48	168
Parvatla	CP@TRINITY_DN10316_c0_g1::CP@TRINITY_DN10316_c0_g1_i2::g.6521::m.6521	37.129	404	248	3	180	583	29	426	6.55e-95	297
Parvatla	CP@TRINITY_DN11085_c0_g1::CP@TRINITY_DN11085_c0_g1_i1::g.8626::m.8626	37.805	410	250	3	174	583	18	422	9.50e-95	296
Parvatla	CP@TRINITY_DN5291_c0_g1::CP@TRINITY_DN5291_c0_g1_i1::g.14228::m.14228	40.930	215	127	0	369	583	7	221	1.19e-49	171
Parvatla	CP@TRINITY_DN7658_c0_g1::CP@TRINITY_DN7658_c0_g1_i1::g.24582::m.24582	30.503	318	187	7	107	395	2	314	2.54e-44	160
Creofrag	CP@TRINITY_DN11085_c0_g1::CP@TRINITY_DN11085_c0_g1_i1::g.8626::m.8626	36.804	413	254	5	176	584	13	422	2.40e-86	275
Creofrag	CP@TRINITY_DN10316_c0_g1::CP@TRINITY_DN10316_c0_g1_i2::g.6521::m.6521	34.123	422	270	3	165	584	11	426	6.74e-86	273
Creofrag	CP@TRINITY_DN5291_c0_g1::CP@TRINITY_DN5291_c0_g1_i1::g.14228::m.14228	42.056	214	124	0	371	584	8	221	7.75e-48	166
Syssmult	CP@TRINITY_DN11085_c0_g1::CP@TRINITY_DN11085_c0_g1_i1::g.8626::m.8626	36.253	411	255	5	178	587	18	422	4.65e-85	271
Syssmult	CP@TRINITY_DN10316_c0_g1::CP@TRINITY_DN10316_c0_g1_i2::g.6521::m.6521	33.810	420	266	5	171	587	16	426	1.42e-78	254
Syssmult	CP@TRINITY_DN5291_c0_g1::CP@TRINITY_DN5291_c0_g1_i1::g.14228::m.14228	40.654	214	127	0	374	587	8	221	7.21e-45	158
Coralima	CP@TRINITY_DN11085_c0_g1::CP@TRINITY_DN11085_c0_g1_i1::g.8626::m.8626	38.386	409	241	7	178	584	22	421	6.61e-87	276
Coralima	CP@TRINITY_DN10316_c0_g1::CP@TRINITY_DN10316_c0_g1_i2::g.6521::m.6521	35.049	408	255	4	178	584	27	425	2.17e-85	272
Coralima	CP@TRINITY_DN5291_c0_g1::CP@TRINITY_DN5291_c0_g1_i1::g.14228::m.14228	40.376	213	127	0	372	584	8	220	1.57e-42	152
Monobrev	CP@TRINITY_DN11085_c0_g1::CP@TRINITY_DN11085_c0_g1_i1::g.8626::m.8626	36.559	279	172	2	201	479	82	355	2.71e-60	203
Monobrev	CP@TRINITY_DN10316_c0_g1::CP@TRINITY_DN10316_c0_g1_i2::g.6521::m.6521	36.918	279	172	3	201	479	85	359	8.73e-56	191
Nemavect	CP@TRINITY_DN10316_c0_g1::CP@TRINITY_DN10316_c0_g1_i2::g.6521::m.6521	35.784	408	251	3	24	431	29	425	1.26e-86	270
Nemavect	CP@TRINITY_DN11085_c0_g1::CP@TRINITY_DN11085_c0_g1_i1::g.8626::m.8626	36.275	408	250	4	24	431	24	421	3.83e-84	264
Nemavect	CP@TRINITY_DN5291_c0_g1::CP@TRINITY_DN5291_c0_g1_i1::g.14228::m.14228	41.509	212	124	0	220	431	9	220	3.62e-48	164
Nemavect	CP@TRINITY_DN10316_c0_g1::CP@TRINITY_DN10316_c0_g1_i1::g.6520::m.6520	41.566	166	97	0	266	431	7	172	7.89e-41	143
Homosapi	CP@TRINITY_DN10316_c0_g1::CP@TRINITY_DN10316_c0_g1_i2::g.6521::m.6521	35.973	442	261	7	167	606	4	425	8.23e-85	271
Homosapi	CP@TRINITY_DN11085_c0_g1::CP@TRINITY_DN11085_c0_g1_i1::g.8626::m.8626	37.745	408	242	7	200	606	25	421	1.87e-84	270
Pigoviet	CP@TRINITY_DN11085_c0_g1::CP@TRINITY_DN11085_c0_g1_i1::g.8626::m.8626	36.207	406	251	4	188	590	21	421	6.60e-88	279
Pigoviet	CP@TRINITY_DN10316_c0_g1::CP@TRINITY_DN10316_c0_g1_i2::g.6521::m.6521	32.794	433	276	7	162	590	4	425	5.77e-82	263
Pigoviet	CP@TRINITY_DN5291_c0_g1::CP@TRINITY_DN5291_c0_g1_i1::g.14228::m.14228	39.906	213	128	0	378	590	8	220	1.16e-46	163
Capsowcz	CP@TRINITY_DN10316_c0_g1::CP@TRINITY_DN10316_c0_g1_i2::g.6521::m.6521	32.870	432	279	5	163	594	5	425	1.12e-84	270
Capsowcz	CP@TRINITY_DN11085_c0_g1::CP@TRINITY_DN11085_c0_g1_i1::g.8626::m.8626	37.127	369	229	3	226	594	56	421	3.27e-83	266
Capsowcz	CP@TRINITY_DN5291_c0_g1::CP@TRINITY_DN5291_c0_g1_i1::g.14228::m.14228	39.906	213	128	0	382	594	8	220	3.10e-43	154
Physpoly	CP@TRINITY_DN10316_c0_g1::CP@TRINITY_DN10316_c0_g1_i2::g.6521::m.6521	36.496	411	256	3	188	597	20	426	4.86e-85	271
Physpoly	CP@TRINITY_DN11085_c0_g1::CP@TRINITY_DN11085_c0_g1_i1::g.8626::m.8626	36.919	409	251	4	192	597	18	422	2.96e-84	270
Physpoly	CP@TRINITY_DN5291_c0_g1::CP@TRINITY_DN5291_c0_g1_i1::g.14228::m.14228	40.367	218	130	0	380	597	4	221	3.10e-45	159
Dictdisc	CP@TRINITY_DN10316_c0_g1::CP@TRINITY_DN10316_c0_g1_i2::g.6521::m.6521	34.230	409	265	3	179	587	21	425	4.45e-83	266
Dictdisc	CP@TRINITY_DN11085_c0_g1::CP@TRINITY_DN11085_c0_g1_i1::g.8626::m.8626	35.941	409	257	4	179	587	18	421	1.22e-82	265
Dictdisc	CP@TRINITY_DN5291_c0_g1::CP@TRINITY_DN5291_c0_g1_i1::g.14228::m.14228	43.868	212	119	0	376	587	9	220	7.25e-52	177
Protfung	CP@TRINITY_DN11085_c0_g1::CP@TRINITY_DN11085_c0_g1_i1::g.8626::m.8626	35.545	422	248	8	173	589	19	421	1.79e-74	244
Protfung	CP@TRINITY_DN10316_c0_g1::CP@TRINITY_DN10316_c0_g1_i2::g.6521::m.6521	32.464	422	274	6	173	589	10	425	1.52e-71	236
Protfung	CP@TRINITY_DN5291_c0_g1::CP@TRINITY_DN5291_c0_g1_i1::g.14228::m.14228	39.252	214	130	0	376	589	7	220	2.58e-43	154
Acancast	CP@TRINITY_DN10316_c0_g1::CP@TRINITY_DN10316_c0_g1_i2::g.6521::m.6521	37.838	407	239	7	191	590	26	425	3.41e-89	282
Acancast	CP@TRINITY_DN11085_c0_g1::CP@TRINITY_DN11085_c0_g1_i1::g.8626::m.8626	38.315	368	222	2	226	590	56	421	7.62e-82	263
Acancast	CP@TRINITY_DN5291_c0_g1::CP@TRINITY_DN5291_c0_g1_i1::g.14228::m.14228	43.721	215	120	1	376	590	7	220	6.46e-51	175
Gratturu	CP@TRINITY_DN11085_c0_g1::CP@TRINITY_DN11085_c0_g1_i1::g.8626::m.8626	34.515	423	265	7	157	572	2	419	1.51e-77	251
Gratturu	CP@TRINITY_DN10316_c0_g1::CP@TRINITY_DN10316_c0_g1_i2::g.6521::m.6521	32.614	417	272	4	161	572	11	423	2.03e-76	248
Gratturu	CP@TRINITY_DN5291_c0_g1::CP@TRINITY_DN5291_c0_g1_i1::g.14228::m.14228	37.104	221	132	2	355	572	2	218	1.27e-41	149
Choncris	CP@TRINITY_DN10316_c0_g1::CP@TRINITY_DN10316_c0_g1_i2::g.6521::m.6521	31.742	419	280	3	171	587	11	425	7.84e-80	258
Choncris	CP@TRINITY_DN11085_c0_g1::CP@TRINITY_DN11085_c0_g1_i1::g.8626::m.8626	33.962	424	273	6	167	587	2	421	1.13e-76	249
Choncris	CP@TRINITY_DN5291_c0_g1::CP@TRINITY_DN5291_c0_g1_i1::g.14228::m.14228	38.117	223	134	1	365	587	2	220	2.74e-47	165
Cerakond	CP@TRINITY_DN10316_c0_g1::CP@TRINITY_DN10316_c0_g1_i2::g.6521::m.6521	34.458	415	266	3	150	562	13	423	9.12e-85	270
Cerakond	CP@TRINITY_DN11085_c0_g1::CP@TRINITY_DN11085_c0_g1_i1::g.8626::m.8626	35.661	401	251	5	165	562	23	419	1.00e-77	251
Cerakond	CP@TRINITY_DN5291_c0_g1::CP@TRINITY_DN5291_c0_g1_i1::g.14228::m.14228	38.009	221	133	1	342	562	2	218	9.97e-44	155
Rhodmacu	CP@TRINITY_DN11085_c0_g1::CP@TRINITY_DN11085_c0_g1_i1::g.8626::m.8626	33.732	418	268	4	215	631	12	421	1.15e-72	240
Rhodmacu	CP@TRINITY_DN10316_c0_g1::CP@TRINITY_DN10316_c0_g1_i2::g.6521::m.6521	29.298	413	284	3	219	631	21	425	2.26e-68	229
Rhodmari	CP@TRINITY_DN10316_c0_g1::CP@TRINITY_DN10316_c0_g1_i2::g.6521::m.6521	29.136	405	273	5	186	590	21	411	9.65e-58	202
Rhodmari	CP@TRINITY_DN11085_c0_g1::CP@TRINITY_DN11085_c0_g1_i1::g.8626::m.8626	27.525	396	274	3	194	589	24	406	2.09e-53	191
Galdsulp	CP@TRINITY_DN10316_c0_g1::CP@TRINITY_DN10316_c0_g1_i2::g.6521::m.6521	33.010	412	269	4	147	555	18	425	2.97e-64	216
Galdsulp	CP@TRINITY_DN11085_c0_g1::CP@TRINITY_DN11085_c0_g1_i1::g.8626::m.8626	30.529	416	277	4	147	555	11	421	4.52e-60	205
Neobdesi	CP@TRINITY_DN11085_c0_g1::CP@TRINITY_DN11085_c0_g1_i1::g.8626::m.8626	38.821	407	244	4	182	586	18	421	1.94e-88	280
Neobdesi	CP@TRINITY_DN10316_c0_g1::CP@TRINITY_DN10316_c0_g1_i2::g.6521::m.6521	35.765	425	265	5	166	586	5	425	1.20e-86	275
Neobdesi	CP@TRINITY_DN5291_c0_g1::CP@TRINITY_DN5291_c0_g1_i1::g.14228::m.14228	42.056	214	124	0	373	586	7	220	4.58e-51	175
Diplambu	CP@TRINITY_DN10316_c0_g1::CP@TRINITY_DN10316_c0_g1_i2::g.6521::m.6521	32.787	427	278	4	170	593	6	426	2.75e-81	261
Diplambu	CP@TRINITY_DN11085_c0_g1::CP@TRINITY_DN11085_c0_g1_i1::g.8626::m.8626	36.070	402	251	3	194	593	25	422	2.35e-79	256
Diplambu	CP@TRINITY_DN5291_c0_g1::CP@TRINITY_DN5291_c0_g1_i1::g.14228::m.14228	41.589	214	125	0	380	593	8	221	5.43e-50	172
Flecnera	CP@TRINITY_DN11085_c0_g1::CP@TRINITY_DN11085_c0_g1_i1::g.8626::m.8626	39.130	368	218	2	221	583	56	422	1.15e-80	259
Flecnera	CP@TRINITY_DN10316_c0_g1::CP@TRINITY_DN10316_c0_g1_i2::g.6521::m.6521	31.796	412	267	4	180	583	21	426	1.02e-78	254
Flecnera	CP@TRINITY_DN5291_c0_g1::CP@TRINITY_DN5291_c0_g1_i1::g.14228::m.14228	41.121	214	126	0	370	583	8	221	2.23e-48	168
Idiovort	CP@TRINITY_DN10316_c0_g1::CP@TRINITY_DN10316_c0_g1_i2::g.6521::m.6521	38.005	421	254	4	169	587	11	426	7.65e-98	305
Idiovort	CP@TRINITY_DN11085_c0_g1::CP@TRINITY_DN11085_c0_g1_i1::g.8626::m.8626	38.480	408	238	6	186	587	22	422	1.60e-89	283
Idiovort	CP@TRINITY_DN5291_c0_g1::CP@TRINITY_DN5291_c0_g1_i1::g.14228::m.14228	45.161	217	119	0	371	587	5	221	1.02e-54	185
Idiovort	CP@TRINITY_DN7658_c0_g1::CP@TRINITY_DN7658_c0_g1_i1::g.24582::m.24582	35.685	241	145	4	161	399	82	314	2.74e-43	157
Idiovort	CP@TRINITY_DN10316_c0_g1::CP@TRINITY_DN10316_c0_g1_i1::g.6520::m.6520	40.116	172	103	0	416	587	2	173	2.07e-42	150
Rhodemar	CP@TRINITY_DN10316_c0_g1::CP@TRINITY_DN10316_c0_g1_i2::g.6521::m.6521	31.713	432	281	6	172	597	3	426	4.72e-69	229
Rhodemar	CP@TRINITY_DN11085_c0_g1::CP@TRINITY_DN11085_c0_g1_i1::g.8626::m.8626	32.847	411	262	8	191	597	22	422	3.16e-66	222
Rhodemar	CP@TRINITY_DN5291_c0_g1::CP@TRINITY_DN5291_c0_g1_i1::g.14228::m.14228	39.535	215	129	1	384	597	7	221	5.36e-43	154
Rhodlimn	CP@TRINITY_DN10316_c0_g1::CP@TRINITY_DN10316_c0_g1_i2::g.6521::m.6521	34.135	416	264	4	195	609	20	426	1.98e-76	249
Rhodlimn	CP@TRINITY_DN11085_c0_g1::CP@TRINITY_DN11085_c0_g1_i1::g.8626::m.8626	36.533	375	231	4	236	609	54	422	6.13e-69	229
Rhodlimn	CP@TRINITY_DN5291_c0_g1::CP@TRINITY_DN5291_c0_g1_i1::g.14228::m.14228	40.930	215	126	1	396	609	7	221	2.23e-46	163
Cyanpara	CP@TRINITY_DN10316_c0_g1::CP@TRINITY_DN10316_c0_g1_i2::g.6521::m.6521	38.095	420	251	4	171	586	11	425	1.19e-98	306
Cyanpara	CP@TRINITY_DN11085_c0_g1::CP@TRINITY_DN11085_c0_g1_i1::g.8626::m.8626	38.861	404	239	6	187	586	22	421	9.58e-92	288
Cyanpara	CP@TRINITY_DN5291_c0_g1::CP@TRINITY_DN5291_c0_g1_i1::g.14228::m.14228	42.523	214	123	0	373	586	7	220	1.41e-48	168
Cyanpara	CP@TRINITY_DN7658_c0_g1::CP@TRINITY_DN7658_c0_g1_i1::g.24582::m.24582	36.585	246	147	4	159	399	73	314	1.32e-45	163
Cyanpara	CP@TRINITY_DN10316_c0_g1::CP@TRINITY_DN10316_c0_g1_i1::g.6520::m.6520	40.361	166	99	0	421	586	7	172	1.34e-41	148
Gloewitr	CP@TRINITY_DN10316_c0_g1::CP@TRINITY_DN10316_c0_g1_i2::g.6521::m.6521	38.443	411	243	5	195	601	21	425	5.39e-98	305
Gloewitr	CP@TRINITY_DN11085_c0_g1::CP@TRINITY_DN11085_c0_g1_i1::g.8626::m.8626	39.012	405	238	7	201	601	22	421	2.21e-92	291
Gloewitr	CP@TRINITY_DN5291_c0_g1::CP@TRINITY_DN5291_c0_g1_i1::g.14228::m.14228	44.860	214	118	0	388	601	7	220	2.72e-54	184
Gloewitr	CP@TRINITY_DN10316_c0_g1::CP@TRINITY_DN10316_c0_g1_i1::g.6520::m.6520	41.317	167	98	0	435	601	6	172	7.66e-43	151
Physpate	CP@TRINITY_DN11085_c0_g1::CP@TRINITY_DN11085_c0_g1_i1::g.8626::m.8626	38.005	421	244	5	170	590	18	421	2.11e-93	293
Physpate	CP@TRINITY_DN10316_c0_g1::CP@TRINITY_DN10316_c0_g1_i2::g.6521::m.6521	34.762	420	268	3	172	590	11	425	1.97e-90	285
Physpate	CP@TRINITY_DN5291_c0_g1::CP@TRINITY_DN5291_c0_g1_i1::g.14228::m.14228	39.910	223	130	1	368	590	2	220	1.24e-48	169
Oryzsati	CP@TRINITY_DN11085_c0_g1::CP@TRINITY_DN11085_c0_g1_i1::g.8626::m.8626	39.851	404	238	4	193	595	22	421	1.45e-97	304
Oryzsati	CP@TRINITY_DN10316_c0_g1::CP@TRINITY_DN10316_c0_g1_i2::g.6521::m.6521	35.366	410	259	3	187	595	21	425	1.07e-92	291
Oryzsati	CP@TRINITY_DN5291_c0_g1::CP@TRINITY_DN5291_c0_g1_i1::g.14228::m.14228	42.152	223	125	1	373	595	2	220	3.11e-49	170
Oryzsati	CP@TRINITY_DN7658_c0_g1::CP@TRINITY_DN7658_c0_g1_i1::g.24582::m.24582	31.183	279	163	5	155	408	40	314	7.43e-42	153
Picosali	CP@TRINITY_DN11085_c0_g1::CP@TRINITY_DN11085_c0_g1_i1::g.8626::m.8626	37.736	424	251	6	168	587	7	421	2.06e-94	295
Picosali	CP@TRINITY_DN10316_c0_g1::CP@TRINITY_DN10316_c0_g1_i2::g.6521::m.6521	33.820	411	265	4	178	587	21	425	1.74e-85	272
Picosali	CP@TRINITY_DN5291_c0_g1::CP@TRINITY_DN5291_c0_g1_i1::g.14228::m.14228	40.187	214	128	0	374	587	7	220	2.03e-47	165
Picosali	CP@TRINITY_DN7658_c0_g1::CP@TRINITY_DN7658_c0_g1_i1::g.24582::m.24582	31.988	322	175	8	115	400	1	314	1.51e-43	158
Ostrtaur	CP@TRINITY_DN11085_c0_g1::CP@TRINITY_DN11085_c0_g1_i1::g.8626::m.8626	37.441	422	251	5	188	603	7	421	4.57e-87	277
Ostrtaur	CP@TRINITY_DN10316_c0_g1::CP@TRINITY_DN10316_c0_g1_i2::g.6521::m.6521	36.098	410	253	4	198	603	21	425	1.59e-84	270
Ostrtaur	CP@TRINITY_DN5291_c0_g1::CP@TRINITY_DN5291_c0_g1_i1::g.14228::m.14228	41.589	214	125	0	390	603	7	220	3.94e-46	162
Micrpusl	CP@TRINITY_DN10316_c0_g1::CP@TRINITY_DN10316_c0_g1_i2::g.6521::m.6521	38.780	410	245	3	206	614	21	425	1.22e-98	307
Micrpusl	CP@TRINITY_DN11085_c0_g1::CP@TRINITY_DN11085_c0_g1_i1::g.8626::m.8626	39.336	422	246	4	196	614	7	421	9.59e-98	305
Micrpusl	CP@TRINITY_DN5291_c0_g1::CP@TRINITY_DN5291_c0_g1_i1::g.14228::m.14228	42.056	214	124	0	401	614	7	220	6.38e-48	167
Micrpusl	CP@TRINITY_DN7658_c0_g1::CP@TRINITY_DN7658_c0_g1_i1::g.24582::m.24582	37.662	231	136	3	198	427	91	314	6.65e-46	165
Volvcart	CP@TRINITY_DN11085_c0_g1::CP@TRINITY_DN11085_c0_g1_i1::g.8626::m.8626	39.518	415	239	3	192	605	18	421	1.28e-93	294
Volvcart	CP@TRINITY_DN10316_c0_g1::CP@TRINITY_DN10316_c0_g1_i2::g.6521::m.6521	34.332	434	270	5	174	605	5	425	1.15e-85	273
Volvcart	CP@TRINITY_DN5291_c0_g1::CP@TRINITY_DN5291_c0_g1_i1::g.14228::m.14228	41.121	214	126	0	392	605	7	220	1.28e-46	163
Volvcart	CP@TRINITY_DN7658_c0_g1::CP@TRINITY_DN7658_c0_g1_i1::g.24582::m.24582	32.770	296	161	5	152	418	28	314	3.34e-42	154
Palpbili	CP@TRINITY_DN10316_c0_g1::CP@TRINITY_DN10316_c0_g1_i2::g.6521::m.6521	36.038	419	259	3	199	617	16	425	1.16e-89	284
Palpbili	CP@TRINITY_DN11085_c0_g1::CP@TRINITY_DN11085_c0_g1_i1::g.8626::m.8626	40.761	368	216	2	250	617	56	421	1.17e-88	281
Palpbili	CP@TRINITY_DN5291_c0_g1::CP@TRINITY_DN5291_c0_g1_i1::g.14228::m.14228	42.523	214	123	0	404	617	7	220	5.12e-50	173
Bafffrig	CP@TRINITY_DN11085_c0_g1::CP@TRINITY_DN11085_c0_g1_i1::g.8626::m.8626	40.750	400	225	4	74	473	35	422	2.06e-91	284
Bafffrig	CP@TRINITY_DN10316_c0_g1::CP@TRINITY_DN10316_c0_g1_i2::g.6521::m.6521	37.226	411	249	6	68	473	20	426	2.41e-90	281
Bafffrig	CP@TRINITY_DN5291_c0_g1::CP@TRINITY_DN5291_c0_g1_i1::g.14228::m.14228	43.256	215	122	0	259	473	7	221	1.22e-52	177
Bafffrig	CP@TRINITY_DN10316_c0_g1::CP@TRINITY_DN10316_c0_g1_i1::g.6520::m.6520	39.286	168	102	0	306	473	6	173	4.45e-41	144
Rhodsali	CP@TRINITY_DN11085_c0_g1::CP@TRINITY_DN11085_c0_g1_i1::g.8626::m.8626	40.648	401	231	6	215	611	24	421	7.79e-91	287
Rhodsali	CP@TRINITY_DN10316_c0_g1::CP@TRINITY_DN10316_c0_g1_i2::g.6521::m.6521	36.118	407	254	4	209	611	21	425	3.76e-88	280
Rhodsali	CP@TRINITY_DN5291_c0_g1::CP@TRINITY_DN5291_c0_g1_i1::g.14228::m.14228	45.370	216	118	0	396	611	5	220	4.36e-51	176
Rhodsali	CP@TRINITY_DN10316_c0_g1::CP@TRINITY_DN10316_c0_g1_i1::g.6520::m.6520	40.719	167	99	0	445	611	6	172	2.77e-41	147
Pavl2436	CP@TRINITY_DN11085_c0_g1::CP@TRINITY_DN11085_c0_g1_i1::g.8626::m.8626	38.551	428	250	7	38	464	7	422	4.06e-94	291
Pavl2436	CP@TRINITY_DN10316_c0_g1::CP@TRINITY_DN10316_c0_g1_i2::g.6521::m.6521	34.660	427	268	3	38	464	11	426	4.51e-89	278
Pavl2436	CP@TRINITY_DN5291_c0_g1::CP@TRINITY_DN5291_c0_g1_i1::g.14228::m.14228	41.475	217	125	1	248	464	7	221	6.70e-49	167
Tisolute	CP@TRINITY_DN10316_c0_g1::CP@TRINITY_DN10316_c0_g1_i2::g.6521::m.6521	35.422	415	255	5	215	626	21	425	1.85e-88	281
Tisolute	CP@TRINITY_DN11085_c0_g1::CP@TRINITY_DN11085_c0_g1_i1::g.8626::m.8626	38.032	376	226	4	252	626	52	421	1.43e-84	271
Tisolute	CP@TRINITY_DN5291_c0_g1::CP@TRINITY_DN5291_c0_g1_i1::g.14228::m.14228	41.667	216	124	1	411	626	7	220	5.21e-51	176
Chryrota	CP@TRINITY_DN11085_c0_g1::CP@TRINITY_DN11085_c0_g1_i1::g.8626::m.8626	38.353	425	248	7	174	595	7	420	5.40e-93	293
Chryrota	CP@TRINITY_DN10316_c0_g1::CP@TRINITY_DN10316_c0_g1_i2::g.6521::m.6521	35.680	412	255	4	184	594	21	423	7.60e-87	278
Chryrota	CP@TRINITY_DN5291_c0_g1::CP@TRINITY_DN5291_c0_g1_i1::g.14228::m.14228	45.794	214	114	1	381	594	7	218	3.39e-54	184
Prymparv	CP@TRINITY_DN11085_c0_g1::CP@TRINITY_DN11085_c0_g1_i1::g.8626::m.8626	35.915	426	259	4	169	591	7	421	4.87e-88	279
Prymparv	CP@TRINITY_DN10316_c0_g1::CP@TRINITY_DN10316_c0_g1_i2::g.6521::m.6521	36.165	412	252	4	181	591	24	425	5.30e-87	276
Prymparv	CP@TRINITY_DN5291_c0_g1::CP@TRINITY_DN5291_c0_g1_i1::g.14228::m.14228	43.981	216	119	1	376	591	7	220	2.22e-52	179
Prymparv	CP@TRINITY_DN7658_c0_g1::CP@TRINITY_DN7658_c0_g1_i1::g.24582::m.24582	37.220	223	132	3	181	402	99	314	2.97e-42	154
Prympoly	CP@TRINITY_DN10316_c0_g1::CP@TRINITY_DN10316_c0_g1_i2::g.6521::m.6521	36.963	349	207	5	177	523	13	350	2.27e-69	228
Prympoly	CP@TRINITY_DN11085_c0_g1::CP@TRINITY_DN11085_c0_g1_i1::g.8626::m.8626	35.920	348	214	6	177	523	7	346	4.96e-64	214
Chrycart	CP@TRINITY_DN10316_c0_g1::CP@TRINITY_DN10316_c0_g1_i2::g.6521::m.6521	37.864	412	246	3	196	607	24	425	1.94e-94	297
Chrycart	CP@TRINITY_DN11085_c0_g1::CP@TRINITY_DN11085_c0_g1_i1::g.8626::m.8626	36.941	425	257	6	184	607	7	421	6.78e-90	285
Chrycart	CP@TRINITY_DN5291_c0_g1::CP@TRINITY_DN5291_c0_g1_i1::g.14228::m.14228	43.981	216	119	1	392	607	7	220	3.19e-53	181
Chrycart	CP@TRINITY_DN7658_c0_g1::CP@TRINITY_DN7658_c0_g1_i1::g.24582::m.24582	38.298	235	137	3	184	418	88	314	2.29e-46	166
Ancytwis	CP@TRINITY_DN10316_c0_g1::CP@TRINITY_DN10316_c0_g1_i2::g.6521::m.6521	36.941	425	245	9	196	616	21	426	7.39e-89	282
Ancytwis	CP@TRINITY_DN11085_c0_g1::CP@TRINITY_DN11085_c0_g1_i1::g.8626::m.8626	38.845	381	230	2	238	616	43	422	1.21e-88	281
Ancytwis	CP@TRINITY_DN5291_c0_g1::CP@TRINITY_DN5291_c0_g1_i1::g.14228::m.14228	43.779	217	122	0	400	616	5	221	1.33e-53	182
Ancytwis	CP@TRINITY_DN10316_c0_g1::CP@TRINITY_DN10316_c0_g1_i1::g.6520::m.6520	41.071	168	99	0	449	616	6	173	6.59e-43	152
Aplakerg	CP@TRINITY_DN10316_c0_g1::CP@TRINITY_DN10316_c0_g1_i2::g.6521::m.6521	38.200	411	248	3	189	598	21	426	3.40e-96	300
Aplakerg	CP@TRINITY_DN11085_c0_g1::CP@TRINITY_DN11085_c0_g1_i1::g.8626::m.8626	39.806	412	235	7	192	598	19	422	3.67e-94	295
Aplakerg	CP@TRINITY_DN5291_c0_g1::CP@TRINITY_DN5291_c0_g1_i1::g.14228::m.14228	41.395	215	126	0	384	598	7	221	3.77e-47	165
Aplakerg	CP@TRINITY_DN10316_c0_g1::CP@TRINITY_DN10316_c0_g1_i1::g.6520::m.6520	43.860	171	96	0	428	598	3	173	3.65e-45	157
Aplakerg	CP@TRINITY_DN7658_c0_g1::CP@TRINITY_DN7658_c0_g1_i1::g.24582::m.24582	33.333	321	178	6	119	410	1	314	5.86e-45	162
Auralima	CP@TRINITY_DN11085_c0_g1::CP@TRINITY_DN11085_c0_g1_i1::g.8626::m.8626	38.318	428	246	8	188	608	6	422	1.72e-91	288
Auralima	CP@TRINITY_DN10316_c0_g1::CP@TRINITY_DN10316_c0_g1_i2::g.6521::m.6521	35.632	435	266	9	177	608	3	426	3.53e-86	275
Auralima	CP@TRINITY_DN5291_c0_g1::CP@TRINITY_DN5291_c0_g1_i1::g.14228::m.14228	43.192	213	120	1	397	608	9	221	5.19e-50	172
ThraLLF1	CP@TRINITY_DN11085_c0_g1::CP@TRINITY_DN11085_c0_g1_i1::g.8626::m.8626	38.025	405	242	6	216	616	22	421	1.63e-94	296
ThraLLF1	CP@TRINITY_DN10316_c0_g1::CP@TRINITY_DN10316_c0_g1_i2::g.6521::m.6521	34.550	411	259	4	210	616	21	425	6.12e-90	285
ThraLLF1	CP@TRINITY_DN5291_c0_g1::CP@TRINITY_DN5291_c0_g1_i1::g.14228::m.14228	42.254	213	123	0	404	616	8	220	4.41e-50	173
ThraLLF1	CP@TRINITY_DN10316_c0_g1::CP@TRINITY_DN10316_c0_g1_i1::g.6520::m.6520	38.824	170	104	0	447	616	3	172	3.12e-42	150
Schiaggr	CP@TRINITY_DN11085_c0_g1::CP@TRINITY_DN11085_c0_g1_i1::g.8626::m.8626	37.838	407	228	6	203	590	22	422	2.22e-88	280
Schiaggr	CP@TRINITY_DN10316_c0_g1::CP@TRINITY_DN10316_c0_g1_i2::g.6521::m.6521	35.035	431	250	7	179	590	7	426	3.32e-85	272
Schiaggr	CP@TRINITY_DN5291_c0_g1::CP@TRINITY_DN5291_c0_g1_i1::g.14228::m.14228	38.785	214	113	1	395	590	8	221	7.18e-43	153
Phaetric	CP@TRINITY_DN10316_c0_g1::CP@TRINITY_DN10316_c0_g1_i2::g.6521::m.6521	36.453	406	247	6	167	570	29	425	5.32e-89	281
Phaetric	CP@TRINITY_DN11085_c0_g1::CP@TRINITY_DN11085_c0_g1_i1::g.8626::m.8626	34.901	404	257	3	167	570	24	421	9.73e-86	272
Phaetric	CP@TRINITY_DN7658_c0_g1::CP@TRINITY_DN7658_c0_g1_i1::g.24582::m.24582	36.437	247	144	6	137	381	79	314	1.20e-44	160
Psuemult	CP@TRINITY_DN10316_c0_g1::CP@TRINITY_DN10316_c0_g1_i2::g.6521::m.6521	35.784	408	251	6	222	627	27	425	1.52e-82	266
Psuemult	CP@TRINITY_DN11085_c0_g1::CP@TRINITY_DN11085_c0_g1_i1::g.8626::m.8626	33.990	406	262	4	222	627	22	421	7.50e-77	251
Psuemult	CP@TRINITY_DN7658_c0_g1::CP@TRINITY_DN7658_c0_g1_i1::g.24582::m.24582	31.661	319	181	8	151	438	2	314	8.93e-43	156
Fragcyli	CP@TRINITY_DN10316_c0_g1::CP@TRINITY_DN10316_c0_g1_i2::g.6521::m.6521	35.211	426	264	6	206	630	11	425	2.28e-87	278
Fragcyli	CP@TRINITY_DN11085_c0_g1::CP@TRINITY_DN11085_c0_g1_i1::g.8626::m.8626	34.483	406	260	4	225	630	22	421	5.12e-80	259
Fragcyli	CP@TRINITY_DN7658_c0_g1::CP@TRINITY_DN7658_c0_g1_i1::g.24582::m.24582	37.553	237	139	4	206	441	86	314	8.75e-46	165
Fragcyli	CP@TRINITY_DN5291_c0_g1::CP@TRINITY_DN5291_c0_g1_i1::g.14228::m.14228	38.605	215	130	2	416	630	8	220	9.07e-41	148
Agarclat	CP@TRINITY_DN11085_c0_g1::CP@TRINITY_DN11085_c0_g1_i1::g.8626::m.8626	36.534	427	257	6	176	593	1	422	1.18e-91	288
Agarclat	CP@TRINITY_DN10316_c0_g1::CP@TRINITY_DN10316_c0_g1_i2::g.6521::m.6521	36.139	404	251	4	191	593	29	426	3.93e-88	280
Agarclat	CP@TRINITY_DN5291_c0_g1::CP@TRINITY_DN5291_c0_g1_i1::g.14228::m.14228	41.395	215	125	1	379	593	8	221	1.09e-47	166
Fucucera	CP@TRINITY_DN11085_c0_g1::CP@TRINITY_DN11085_c0_g1_i1::g.8626::m.8626	36.930	417	255	6	247	660	10	421	5.53e-92	291
Fucucera	CP@TRINITY_DN10316_c0_g1::CP@TRINITY_DN10316_c0_g1_i2::g.6521::m.6521	33.645	428	273	5	238	660	4	425	4.43e-85	273
Rhiz1243	CP@TRINITY_DN10316_c0_g1::CP@TRINITY_DN10316_c0_g1_i2::g.6521::m.6521	37.192	406	247	5	182	586	27	425	9.83e-96	299
Rhiz1243	CP@TRINITY_DN11085_c0_g1::CP@TRINITY_DN11085_c0_g1_i1::g.8626::m.8626	38.177	406	246	4	181	586	21	421	2.21e-95	298
Rhiz1243	CP@TRINITY_DN7658_c0_g1::CP@TRINITY_DN7658_c0_g1_i1::g.24582::m.24582	31.366	322	180	7	110	398	1	314	8.99e-45	161
Rhiz1243	CP@TRINITY_DN5291_c0_g1::CP@TRINITY_DN5291_c0_g1_i1::g.14228::m.14228	38.318	214	131	1	373	586	8	220	5.64e-44	156
Rhiz1243	CP@TRINITY_DN10316_c0_g1::CP@TRINITY_DN10316_c0_g1_i1::g.6520::m.6520	40.588	170	100	1	417	586	4	172	2.61e-42	150
Pedi2098	CP@TRINITY_DN11085_c0_g1::CP@TRINITY_DN11085_c0_g1_i1::g.8626::m.8626	38.329	407	246	4	185	591	18	419	1.64e-94	297
Pedi2098	CP@TRINITY_DN10316_c0_g1::CP@TRINITY_DN10316_c0_g1_i2::g.6521::m.6521	36.534	427	258	8	166	591	9	423	5.00e-93	293
Pedi2098	CP@TRINITY_DN5291_c0_g1::CP@TRINITY_DN5291_c0_g1_i1::g.14228::m.14228	40.845	213	125	1	379	591	7	218	6.77e-47	164
Pedi2098	CP@TRINITY_DN7658_c0_g1::CP@TRINITY_DN7658_c0_g1_i1::g.24582::m.24582	31.348	319	184	9	117	405	1	314	1.47e-42	155
Pseuelas	CP@TRINITY_DN10316_c0_g1::CP@TRINITY_DN10316_c0_g1_i2::g.6521::m.6521	36.342	421	256	6	177	596	16	425	1.09e-92	292
Pseuelas	CP@TRINITY_DN11085_c0_g1::CP@TRINITY_DN11085_c0_g1_i1::g.8626::m.8626	37.915	422	256	5	176	596	5	421	1.48e-92	292
Pseuelas	CP@TRINITY_DN7658_c0_g1::CP@TRINITY_DN7658_c0_g1_i1::g.24582::m.24582	31.875	320	183	8	120	409	1	315	1.39e-45	164
Pseuelas	CP@TRINITY_DN5291_c0_g1::CP@TRINITY_DN5291_c0_g1_i1::g.14228::m.14228	39.535	215	129	1	382	596	7	220	3.19e-44	157
Octaspec	CP@TRINITY_DN11085_c0_g1::CP@TRINITY_DN11085_c0_g1_i1::g.8626::m.8626	37.653	409	250	4	202	610	18	421	2.12e-95	299
Octaspec	CP@TRINITY_DN10316_c0_g1::CP@TRINITY_DN10316_c0_g1_i2::g.6521::m.6521	36.580	421	255	7	191	610	16	425	2.06e-93	294
Octaspec	CP@TRINITY_DN5291_c0_g1::CP@TRINITY_DN5291_c0_g1_i1::g.14228::m.14228	40.654	214	126	1	397	610	8	220	4.22e-48	167
Octaspec	CP@TRINITY_DN7658_c0_g1::CP@TRINITY_DN7658_c0_g1_i1::g.24582::m.24582	30.625	320	185	9	134	422	1	314	1.65e-42	155
Flor1587	CP@TRINITY_DN11085_c0_g1::CP@TRINITY_DN11085_c0_g1_i1::g.8626::m.8626	38.142	409	248	4	193	601	18	421	4.52e-97	303
Flor1587	CP@TRINITY_DN10316_c0_g1::CP@TRINITY_DN10316_c0_g1_i2::g.6521::m.6521	37.685	406	245	5	197	601	27	425	2.32e-95	298
Flor1587	CP@TRINITY_DN5291_c0_g1::CP@TRINITY_DN5291_c0_g1_i1::g.14228::m.14228	40.000	215	128	1	387	601	7	220	2.01e-47	166
Flor1587	CP@TRINITY_DN7658_c0_g1::CP@TRINITY_DN7658_c0_g1_i1::g.24582::m.24582	31.348	319	184	8	125	413	1	314	6.69e-45	162
Pela2097	CP@TRINITY_DN10316_c0_g1::CP@TRINITY_DN10316_c0_g1_i2::g.6521::m.6521	37.324	426	256	6	182	606	11	426	8.21e-90	284
Pela2097	CP@TRINITY_DN11085_c0_g1::CP@TRINITY_DN11085_c0_g1_i1::g.8626::m.8626	37.376	404	248	4	203	606	24	422	1.29e-86	276
Pela2097	CP@TRINITY_DN5291_c0_g1::CP@TRINITY_DN5291_c0_g1_i1::g.14228::m.14228	41.395	215	125	1	392	606	8	221	1.68e-44	157
Pela2097	CP@TRINITY_DN7658_c0_g1::CP@TRINITY_DN7658_c0_g1_i1::g.24582::m.24582	31.975	319	182	7	129	417	1	314	3.56e-41	152
Aureanop	CP@TRINITY_DN10316_c0_g1::CP@TRINITY_DN10316_c0_g1_i2::g.6521::m.6521	37.838	370	227	3	15	383	59	426	2.61e-86	268
Aureanop	CP@TRINITY_DN11085_c0_g1::CP@TRINITY_DN11085_c0_g1_i1::g.8626::m.8626	37.166	374	232	3	10	383	52	422	9.77e-85	264
Aureanop	CP@TRINITY_DN5291_c0_g1::CP@TRINITY_DN5291_c0_g1_i1::g.14228::m.14228	41.860	215	124	1	169	383	8	221	2.19e-46	158
Aureanop	CP@TRINITY_DN10316_c0_g1::CP@TRINITY_DN10316_c0_g1_i1::g.6520::m.6520	40.936	171	100	1	213	383	4	173	2.14e-42	146
Pelasubv	CP@TRINITY_DN10316_c0_g1::CP@TRINITY_DN10316_c0_g1_i2::g.6521::m.6521	38.717	421	246	6	214	633	16	425	7.87e-94	295
Pelasubv	CP@TRINITY_DN11085_c0_g1::CP@TRINITY_DN11085_c0_g1_i1::g.8626::m.8626	38.213	403	244	4	231	633	24	421	1.11e-91	290
Pelasubv	CP@TRINITY_DN5291_c0_g1::CP@TRINITY_DN5291_c0_g1_i1::g.14228::m.14228	41.589	214	124	1	420	633	8	220	5.82e-45	159
Pelasubv	CP@TRINITY_DN7658_c0_g1::CP@TRINITY_DN7658_c0_g1_i1::g.24582::m.24582	33.125	320	177	9	157	445	1	314	1.66e-42	155
Pelasubv	CP@TRINITY_DN10316_c0_g1::CP@TRINITY_DN10316_c0_g1_i1::g.6520::m.6520	41.765	170	98	1	464	633	4	172	9.86e-41	146
Pelacalc	CP@TRINITY_DN11085_c0_g1::CP@TRINITY_DN11085_c0_g1_i1::g.8626::m.8626	38.213	403	244	4	216	618	24	421	2.96e-91	288
Pelacalc	CP@TRINITY_DN10316_c0_g1::CP@TRINITY_DN10316_c0_g1_i2::g.6521::m.6521	37.678	422	249	8	199	618	16	425	9.45e-90	285
Pelacalc	CP@TRINITY_DN5291_c0_g1::CP@TRINITY_DN5291_c0_g1_i1::g.14228::m.14228	40.654	214	126	1	405	618	8	220	1.25e-45	161
Pelacalc	CP@TRINITY_DN7658_c0_g1::CP@TRINITY_DN7658_c0_g1_i1::g.24582::m.24582	32.812	320	178	9	142	430	1	314	4.82e-41	151
Chatsubs	CP@TRINITY_DN10316_c0_g1::CP@TRINITY_DN10316_c0_g1_i2::g.6521::m.6521	38.283	431	254	7	167	597	7	425	9.46e-100	310
Chatsubs	CP@TRINITY_DN11085_c0_g1::CP@TRINITY_DN11085_c0_g1_i1::g.8626::m.8626	36.829	410	253	5	188	597	18	421	7.14e-97	302
Chatsubs	CP@TRINITY_DN7658_c0_g1::CP@TRINITY_DN7658_c0_g1_i1::g.24582::m.24582	31.366	322	187	5	120	412	1	317	8.00e-47	167
Chatsubs	CP@TRINITY_DN5291_c0_g1::CP@TRINITY_DN5291_c0_g1_i1::g.14228::m.14228	38.914	221	134	1	377	597	1	220	8.02e-46	161
Chatsubs	CP@TRINITY_DN10316_c0_g1::CP@TRINITY_DN10316_c0_g1_i1::g.6520::m.6520	42.771	166	94	1	432	597	8	172	7.10e-41	146
Syncpusi	CP@TRINITY_DN10316_c0_g1::CP@TRINITY_DN10316_c0_g1_i2::g.6521::m.6521	32.000	425	279	6	164	586	10	426	1.11e-85	273
Syncpusi	CP@TRINITY_DN11085_c0_g1::CP@TRINITY_DN11085_c0_g1_i1::g.8626::m.8626	32.353	408	270	5	180	586	20	422	1.49e-78	254
Dino2267	CP@TRINITY_DN10316_c0_g1::CP@TRINITY_DN10316_c0_g1_i2::g.6521::m.6521	38.517	418	235	9	183	591	21	425	8.87e-92	289
Dino2267	CP@TRINITY_DN11085_c0_g1::CP@TRINITY_DN11085_c0_g1_i1::g.8626::m.8626	37.685	406	242	6	189	591	24	421	8.38e-88	278
Dino2267	CP@TRINITY_DN5291_c0_g1::CP@TRINITY_DN5291_c0_g1_i1::g.14228::m.14228	41.589	214	124	1	378	591	8	220	3.12e-44	157
Dino2267	CP@TRINITY_DN7658_c0_g1::CP@TRINITY_DN7658_c0_g1_i1::g.24582::m.24582	33.762	311	174	10	114	396	1	307	5.39e-42	154
PoterBG1	CP@TRINITY_DN10316_c0_g1::CP@TRINITY_DN10316_c0_g1_i2::g.6521::m.6521	40.580	207	109	7	180	380	21	219	6.11e-41	149
PoterBG1	CP@TRINITY_DN7658_c0_g1::CP@TRINITY_DN7658_c0_g1_i1::g.24582::m.24582	33.003	303	161	11	111	380	1	294	7.62e-41	146
Pedoelon	CP@TRINITY_DN10316_c0_g1::CP@TRINITY_DN10316_c0_g1_i2::g.6521::m.6521	39.019	428	244	7	182	605	11	425	2.52e-97	304
Pedoelon	CP@TRINITY_DN11085_c0_g1::CP@TRINITY_DN11085_c0_g1_i1::g.8626::m.8626	39.206	403	240	4	203	605	24	421	2.66e-94	296
Pedoelon	CP@TRINITY_DN5291_c0_g1::CP@TRINITY_DN5291_c0_g1_i1::g.14228::m.14228	42.326	215	123	1	391	605	7	220	8.17e-48	167
Pedoelon	CP@TRINITY_DN7658_c0_g1::CP@TRINITY_DN7658_c0_g1_i1::g.24582::m.24582	33.544	316	168	8	128	410	1	307	1.41e-44	161
Pedoelon	CP@TRINITY_DN10316_c0_g1::CP@TRINITY_DN10316_c0_g1_i1::g.6520::m.6520	42.604	169	96	1	437	605	5	172	3.69e-42	150
Ochr2298	CP@TRINITY_DN10316_c0_g1::CP@TRINITY_DN10316_c0_g1_i2::g.6521::m.6521	39.202	426	248	6	172	596	11	426	7.05e-99	307
Ochr2298	CP@TRINITY_DN11085_c0_g1::CP@TRINITY_DN11085_c0_g1_i1::g.8626::m.8626	40.099	404	237	4	193	596	24	422	9.26e-96	299
Ochr2298	CP@TRINITY_DN5291_c0_g1::CP@TRINITY_DN5291_c0_g1_i1::g.14228::m.14228	42.326	215	123	1	382	596	8	221	8.86e-46	161
Ochr2298	CP@TRINITY_DN7658_c0_g1::CP@TRINITY_DN7658_c0_g1_i1::g.24582::m.24582	32.919	322	174	8	118	406	1	313	1.72e-45	163
Ochr2298	CP@TRINITY_DN10316_c0_g1::CP@TRINITY_DN10316_c0_g1_i1::g.6520::m.6520	42.941	170	96	1	427	596	5	173	1.22e-41	148
Deveeleg	CP@TRINITY_DN10316_c0_g1::CP@TRINITY_DN10316_c0_g1_i2::g.6521::m.6521	32.477	428	272	7	178	604	15	426	2.22e-77	252
Deveeleg	CP@TRINITY_DN11085_c0_g1::CP@TRINITY_DN11085_c0_g1_i1::g.8626::m.8626	34.793	411	253	8	196	604	25	422	1.80e-75	246
Wobbluna	CP@TRINITY_DN11085_c0_g1::CP@TRINITY_DN11085_c0_g1_i1::g.8626::m.8626	37.717	403	243	5	186	584	24	422	4.05e-94	295
Wobbluna	CP@TRINITY_DN10316_c0_g1::CP@TRINITY_DN10316_c0_g1_i2::g.6521::m.6521	34.223	412	260	5	178	584	21	426	3.90e-85	271
Wobbluna	CP@TRINITY_DN5291_c0_g1::CP@TRINITY_DN5291_c0_g1_i1::g.14228::m.14228	40.654	214	127	0	371	584	8	221	4.43e-44	156
PlacCLAB	CP@TRINITY_DN10316_c0_g1::CP@TRINITY_DN10316_c0_g1_i2::g.6521::m.6521	34.597	422	268	4	158	578	11	425	6.04e-90	284
PlacCLAB	CP@TRINITY_DN11085_c0_g1::CP@TRINITY_DN11085_c0_g1_i1::g.8626::m.8626	34.644	407	261	4	173	578	19	421	3.17e-87	276
PlacCLAB	CP@TRINITY_DN7658_c0_g1::CP@TRINITY_DN7658_c0_g1_i1::g.24582::m.24582	32.911	316	173	7	105	387	1	310	1.10e-45	164
PlacCLAB	CP@TRINITY_DN5291_c0_g1::CP@TRINITY_DN5291_c0_g1_i1::g.14228::m.14228	38.785	214	131	0	365	578	7	220	2.24e-45	159
Caferoen	CP@TRINITY_DN11085_c0_g1::CP@TRINITY_DN11085_c0_g1_i1::g.8626::m.8626	33.416	404	262	4	208	610	24	421	2.76e-76	249
Caferoen	CP@TRINITY_DN10316_c0_g1::CP@TRINITY_DN10316_c0_g1_i2::g.6521::m.6521	33.416	401	255	6	211	608	32	423	3.76e-72	238
Haloseos	CP@TRINITY_DN11085_c0_g1::CP@TRINITY_DN11085_c0_g1_i1::g.8626::m.8626	37.778	405	247	4	204	607	22	422	1.68e-90	286
Haloseos	CP@TRINITY_DN10316_c0_g1::CP@TRINITY_DN10316_c0_g1_i2::g.6521::m.6521	35.049	408	259	3	201	607	24	426	1.74e-89	283
Haloseos	CP@TRINITY_DN7658_c0_g1::CP@TRINITY_DN7658_c0_g1_i1::g.24582::m.24582	30.031	323	185	5	132	421	1	315	2.60e-44	160
Haloseos	CP@TRINITY_DN5291_c0_g1::CP@TRINITY_DN5291_c0_g1_i1::g.14228::m.14228	38.605	215	131	1	394	607	7	221	6.08e-43	153
Saprdecl	CP@TRINITY_DN11085_c0_g1::CP@TRINITY_DN11085_c0_g1_i1::g.8626::m.8626	38.404	401	242	3	232	630	24	421	1.51e-95	300
Saprdecl	CP@TRINITY_DN10316_c0_g1::CP@TRINITY_DN10316_c0_g1_i2::g.6521::m.6521	38.386	409	246	5	224	630	21	425	7.01e-90	285
Saprdecl	CP@TRINITY_DN5291_c0_g1::CP@TRINITY_DN5291_c0_g1_i1::g.14228::m.14228	42.056	214	124	0	417	630	7	220	2.31e-49	171
Saprdecl	CP@TRINITY_DN10316_c0_g1::CP@TRINITY_DN10316_c0_g1_i1::g.6520::m.6520	46.108	167	90	0	464	630	6	172	4.32e-46	160
Pythirre	CP@TRINITY_DN11085_c0_g1::CP@TRINITY_DN11085_c0_g1_i1::g.8626::m.8626	36.451	417	255	4	183	598	14	421	5.65e-95	297
Pythirre	CP@TRINITY_DN10316_c0_g1::CP@TRINITY_DN10316_c0_g1_i2::g.6521::m.6521	36.740	411	248	7	190	598	25	425	3.55e-85	272
Pythirre	CP@TRINITY_DN5291_c0_g1::CP@TRINITY_DN5291_c0_g1_i1::g.14228::m.14228	42.056	214	124	0	385	598	7	220	3.91e-50	173
Chlorept	CP@TRINITY_DN10316_c0_g1::CP@TRINITY_DN10316_c0_g1_i2::g.6521::m.6521	35.952	420	263	3	172	590	11	425	1.19e-87	278
Chlorept	CP@TRINITY_DN11085_c0_g1::CP@TRINITY_DN11085_c0_g1_i1::g.8626::m.8626	35.135	407	251	7	189	590	23	421	9.62e-85	270
Chlorept	CP@TRINITY_DN5291_c0_g1::CP@TRINITY_DN5291_c0_g1_i1::g.14228::m.14228	38.028	213	132	0	378	590	8	220	2.34e-44	157
Chlorept	CP@TRINITY_DN7658_c0_g1::CP@TRINITY_DN7658_c0_g1_i1::g.24582::m.24582	30.573	314	186	6	114	399	1	310	5.15e-41	151
MatazaD1	CP@TRINITY_DN10316_c0_g1::CP@TRINITY_DN10316_c0_g1_i2::g.6521::m.6521	34.398	407	259	2	161	567	27	425	7.43e-89	281
MatazaD1	CP@TRINITY_DN11085_c0_g1::CP@TRINITY_DN11085_c0_g1_i1::g.8626::m.8626	36.997	373	230	1	195	567	54	421	4.27e-82	263
MatazaD1	CP@TRINITY_DN5291_c0_g1::CP@TRINITY_DN5291_c0_g1_i1::g.14228::m.14228	43.192	213	120	1	356	567	8	220	2.28e-51	176
MatazaD1	CP@TRINITY_DN7658_c0_g1::CP@TRINITY_DN7658_c0_g1_i1::g.24582::m.24582	34.855	241	139	5	149	382	86	315	2.94e-42	154
Brevmoto	CP@TRINITY_DN11085_c0_g1::CP@TRINITY_DN11085_c0_g1_i1::g.8626::m.8626	35.274	292	188	1	15	306	97	387	9.42e-63	204
Brevmoto	CP@TRINITY_DN10316_c0_g1::CP@TRINITY_DN10316_c0_g1_i2::g.6521::m.6521	32.302	291	196	1	16	306	102	391	2.86e-56	187
Crypparv	CP@TRINITY_DN10316_c0_g1::CP@TRINITY_DN10316_c0_g1_i2::g.6521::m.6521	30.067	449	279	13	171	610	3	425	1.76e-48	175
Crypparv	CP@TRINITY_DN11085_c0_g1::CP@TRINITY_DN11085_c0_g1_i1::g.8626::m.8626	28.165	387	252	8	228	610	57	421	7.27e-43	159
Toxogond	CP@TRINITY_DN11085_c0_g1::CP@TRINITY_DN11085_c0_g1_i1::g.8626::m.8626	34.419	430	247	6	248	674	24	421	8.62e-78	254
Toxogond	CP@TRINITY_DN10316_c0_g1::CP@TRINITY_DN10316_c0_g1_i2::g.6521::m.6521	29.385	439	273	9	239	674	21	425	1.71e-65	222
Toxogond	CP@TRINITY_DN5291_c0_g1::CP@TRINITY_DN5291_c0_g1_i1::g.14228::m.14228	39.269	219	127	2	456	674	8	220	6.93e-44	157
Pirisoci	CP@TRINITY_DN11085_c0_g1::CP@TRINITY_DN11085_c0_g1_i1::g.8626::m.8626	35.065	385	230	3	220	602	56	422	4.75e-73	240
Pirisoci	CP@TRINITY_DN10316_c0_g1::CP@TRINITY_DN10316_c0_g1_i2::g.6521::m.6521	31.368	424	260	6	185	602	28	426	1.79e-69	231
Chroveli	CP@TRINITY_DN11085_c0_g1::CP@TRINITY_DN11085_c0_g1_i1::g.8626::m.8626	32.759	406	249	5	121	524	38	421	2.72e-73	239
Chroveli	CP@TRINITY_DN10316_c0_g1::CP@TRINITY_DN10316_c0_g1_i2::g.6521::m.6521	30.602	415	269	6	113	524	27	425	1.74e-66	221
Perkmari	CP@TRINITY_DN11085_c0_g1::CP@TRINITY_DN11085_c0_g1_i1::g.8626::m.8626	35.638	376	229	4	219	591	56	421	3.07e-79	256
Perkmari	CP@TRINITY_DN10316_c0_g1::CP@TRINITY_DN10316_c0_g1_i2::g.6521::m.6521	30.361	415	270	5	180	591	27	425	8.52e-69	229
Karebrev	CP@TRINITY_DN11085_c0_g1::CP@TRINITY_DN11085_c0_g1_i1::g.8626::m.8626	34.211	418	254	8	216	626	18	421	4.15e-78	254
Karebrev	CP@TRINITY_DN10316_c0_g1::CP@TRINITY_DN10316_c0_g1_i2::g.6521::m.6521	32.843	408	257	7	222	626	32	425	8.71e-73	240
Alexminu	CP@TRINITY_DN11085_c0_g1::CP@TRINITY_DN11085_c0_g1_i1::g.8626::m.8626	33.902	410	255	6	224	630	25	421	1.60e-76	252
Alexminu	CP@TRINITY_DN10316_c0_g1::CP@TRINITY_DN10316_c0_g1_i2::g.6521::m.6521	32.683	410	259	6	224	630	30	425	7.27e-73	242
Alexminu	CP@TRINITY_DN5291_c0_g1::CP@TRINITY_DN5291_c0_g1_i1::g.14228::m.14228	40.183	219	125	3	413	630	7	220	5.15e-42	152
Noctscin	CP@TRINITY_DN11085_c0_g1::CP@TRINITY_DN11085_c0_g1_i1::g.8626::m.8626	33.816	414	257	7	176	585	22	422	1.90e-78	254
Noctscin	CP@TRINITY_DN10316_c0_g1::CP@TRINITY_DN10316_c0_g1_i2::g.6521::m.6521	32.374	417	266	7	172	585	23	426	1.15e-73	241
Diphrota	CP@TRINITY_DN10316_c0_g1::CP@TRINITY_DN10316_c0_g1_i2::g.6521::m.6521	36.516	419	257	4	186	603	16	426	1.78e-91	288
Diphrota	CP@TRINITY_DN11085_c0_g1::CP@TRINITY_DN11085_c0_g1_i1::g.8626::m.8626	37.055	421	259	5	184	603	7	422	1.45e-89	283
Diphrota	CP@TRINITY_DN5291_c0_g1::CP@TRINITY_DN5291_c0_g1_i1::g.14228::m.14228	40.000	215	129	0	389	603	7	221	8.28e-48	167
Diphrota	CP@TRINITY_DN10316_c0_g1::CP@TRINITY_DN10316_c0_g1_i1::g.6520::m.6520	42.262	168	97	0	436	603	6	173	2.37e-41	147
Diphrota	CP@TRINITY_DN7658_c0_g1::CP@TRINITY_DN7658_c0_g1_i1::g.24582::m.24582	28.660	321	193	5	130	418	1	317	8.10e-41	150
Mancberm	CP@TRINITY_DN10316_c0_g1::CP@TRINITY_DN10316_c0_g1_i2::g.6521::m.6521	35.561	419	262	4	183	601	16	426	1.34e-92	291
Mancberm	CP@TRINITY_DN11085_c0_g1::CP@TRINITY_DN11085_c0_g1_i1::g.8626::m.8626	37.264	424	255	6	182	601	6	422	1.16e-88	281
Mancberm	CP@TRINITY_DN5291_c0_g1::CP@TRINITY_DN5291_c0_g1_i1::g.14228::m.14228	44.393	214	119	0	388	601	8	221	1.35e-55	187
Mancberm	CP@TRINITY_DN10316_c0_g1::CP@TRINITY_DN10316_c0_g1_i1::g.6520::m.6520	41.667	168	98	0	434	601	6	173	2.44e-43	153
Paralevi	CP@TRINITY_DN5291_c0_g1::CP@TRINITY_DN5291_c0_g1_i1::g.14228::m.14228	44.751	181	100	0	1	181	41	221	2.28e-47	154
Paralevi	CP@TRINITY_DN10316_c0_g1::CP@TRINITY_DN10316_c0_g1_i1::g.6520::m.6520	41.916	167	97	0	15	181	7	173	6.32e-44	144
Paralevi	CP@TRINITY_DN11085_c0_g1::CP@TRINITY_DN11085_c0_g1_i1::g.8626::m.8626	43.373	166	94	0	16	181	257	422	9.37e-42	144
Hetepall	CP@TRINITY_DN10316_c0_g1::CP@TRINITY_DN10316_c0_g1_i2::g.6521::m.6521	34.819	359	214	4	185	542	21	360	1.32e-68	228
Hetepall	CP@TRINITY_DN11085_c0_g1::CP@TRINITY_DN11085_c0_g1_i1::g.8626::m.8626	35.695	367	198	8	185	542	18	355	3.95e-68	226
Cavoapop	CP@TRINITY_DN11085_c0_g1::CP@TRINITY_DN11085_c0_g1_i1::g.8626::m.8626	35.323	402	250	7	201	597	25	421	3.04e-76	248
Cavoapop	CP@TRINITY_DN10316_c0_g1::CP@TRINITY_DN10316_c0_g1_i2::g.6521::m.6521	31.250	416	279	4	185	597	14	425	5.40e-75	245
Cavoapop	CP@TRINITY_DN5291_c0_g1::CP@TRINITY_DN5291_c0_g1_i1::g.14228::m.14228	40.654	214	127	0	384	597	7	220	4.42e-49	170
Tychacut	CP@TRINITY_DN5291_c0_g1::CP@TRINITY_DN5291_c0_g1_i1::g.14228::m.14228	41.827	208	121	0	16	223	7	214	1.82e-52	168
Tychacut	CP@TRINITY_DN11085_c0_g1::CP@TRINITY_DN11085_c0_g1_i1::g.8626::m.8626	37.838	222	135	2	4	223	195	415	8.11e-42	146
Schivulg	CP@TRINITY_DN11085_c0_g1::CP@TRINITY_DN11085_c0_g1_i1::g.8626::m.8626	37.619	420	255	4	176	592	6	421	4.23e-91	287
Schivulg	CP@TRINITY_DN10316_c0_g1::CP@TRINITY_DN10316_c0_g1_i2::g.6521::m.6521	36.058	416	258	5	179	592	16	425	3.90e-86	274
Schivulg	CP@TRINITY_DN5291_c0_g1::CP@TRINITY_DN5291_c0_g1_i1::g.14228::m.14228	42.523	214	123	0	379	592	7	220	1.32e-51	176
Soliirre	CP@TRINITY_DN10316_c0_g1::CP@TRINITY_DN10316_c0_g1_i2::g.6521::m.6521	34.129	419	270	3	195	610	10	425	2.85e-86	275
Soliirre	CP@TRINITY_DN11085_c0_g1::CP@TRINITY_DN11085_c0_g1_i1::g.8626::m.8626	36.432	398	248	4	216	610	26	421	1.47e-84	271
Phalsoli	CP@TRINITY_DN10316_c0_g1::CP@TRINITY_DN10316_c0_g1_i2::g.6521::m.6521	34.354	294	188	3	186	478	20	309	2.99e-52	182
Phalsoli	CP@TRINITY_DN11085_c0_g1::CP@TRINITY_DN11085_c0_g1_i1::g.8626::m.8626	34.014	294	188	3	188	478	15	305	1.15e-49	175
Armalang	CP@TRINITY_DN10316_c0_g1::CP@TRINITY_DN10316_c0_g1_i2::g.6521::m.6521	35.238	420	266	4	181	599	11	425	4.85e-88	280
Armalang	CP@TRINITY_DN11085_c0_g1::CP@TRINITY_DN11085_c0_g1_i1::g.8626::m.8626	34.360	422	271	4	181	599	3	421	2.11e-87	278
Armalang	CP@TRINITY_DN5291_c0_g1::CP@TRINITY_DN5291_c0_g1_i1::g.14228::m.14228	40.930	215	127	0	385	599	6	220	3.23e-50	173
Squajapo	CP@TRINITY_DN5291_c0_g1::CP@TRINITY_DN5291_c0_g1_i1::g.14228::m.14228	41.204	216	127	0	27	242	6	221	2.50e-51	166
Squajapo	CP@TRINITY_DN10316_c0_g1::CP@TRINITY_DN10316_c0_g1_i2::g.6521::m.6521	37.281	228	142	1	15	242	200	426	7.90e-45	155
Squajapo	CP@TRINITY_DN11085_c0_g1::CP@TRINITY_DN11085_c0_g1_i1::g.8626::m.8626	38.426	216	132	1	27	242	208	422	2.85e-43	151
Sapochin	CP@TRINITY_DN10316_c0_g1::CP@TRINITY_DN10316_c0_g1_i2::g.6521::m.6521	35.661	401	253	3	180	579	29	425	2.31e-91	287
Sapochin	CP@TRINITY_DN11085_c0_g1::CP@TRINITY_DN11085_c0_g1_i1::g.8626::m.8626	35.782	422	265	5	161	579	3	421	2.91e-89	282
Sapochin	CP@TRINITY_DN5291_c0_g1::CP@TRINITY_DN5291_c0_g1_i1::g.14228::m.14228	38.785	214	131	0	366	579	7	220	5.21e-50	172
Rhizelon	CP@TRINITY_DN11085_c0_g1::CP@TRINITY_DN11085_c0_g1_i1::g.8626::m.8626	33.413	419	265	6	186	600	13	421	2.11e-70	233
Rhizelon	CP@TRINITY_DN10316_c0_g1::CP@TRINITY_DN10316_c0_g1_i2::g.6521::m.6521	29.803	406	278	2	195	600	27	425	4.51e-64	216
Rhizelon	CP@TRINITY_DN5291_c0_g1::CP@TRINITY_DN5291_c0_g1_i1::g.14228::m.14228	41.315	213	125	0	388	600	8	220	9.51e-49	169
Masteilh	CP@TRINITY_DN10316_c0_g1::CP@TRINITY_DN10316_c0_g1_i2::g.6521::m.6521	36.520	408	247	4	199	602	26	425	2.53e-81	262
Masteilh	CP@TRINITY_DN11085_c0_g1::CP@TRINITY_DN11085_c0_g1_i1::g.8626::m.8626	36.410	390	244	3	213	602	36	421	6.55e-74	243
Masteilh	CP@TRINITY_DN5291_c0_g1::CP@TRINITY_DN5291_c0_g1_i1::g.14228::m.14228	40.278	216	129	0	387	602	5	220	5.47e-47	164
Vermverm	CP@TRINITY_DN11085_c0_g1::CP@TRINITY_DN11085_c0_g1_i1::g.8626::m.8626	38.164	414	245	4	197	609	18	421	7.15e-92	290
Vermverm	CP@TRINITY_DN10316_c0_g1::CP@TRINITY_DN10316_c0_g1_i2::g.6521::m.6521	37.037	432	255	5	184	609	5	425	8.68e-89	281
Vermverm	CP@TRINITY_DN5291_c0_g1::CP@TRINITY_DN5291_c0_g1_i1::g.14228::m.14228	45.455	220	120	0	390	609	1	220	9.29e-50	172
Echiexud	CP@TRINITY_DN10316_c0_g1::CP@TRINITY_DN10316_c0_g1_i2::g.6521::m.6521	37.143	420	252	5	182	599	16	425	5.38e-92	290
Echiexud	CP@TRINITY_DN11085_c0_g1::CP@TRINITY_DN11085_c0_g1_i1::g.8626::m.8626	40.379	369	214	4	234	599	56	421	1.78e-88	280
Echiexud	CP@TRINITY_DN5291_c0_g1::CP@TRINITY_DN5291_c0_g1_i1::g.14228::m.14228	43.519	216	122	0	384	599	5	220	9.62e-48	166
Echiexud	CP@TRINITY_DN7658_c0_g1::CP@TRINITY_DN7658_c0_g1_i1::g.24582::m.24582	33.824	272	159	6	148	412	57	314	1.49e-41	152
NolaAFSM	CP@TRINITY_DN11085_c0_g1::CP@TRINITY_DN11085_c0_g1_i1::g.8626::m.8626	39.295	369	217	4	268	632	56	421	1.36e-82	266
NolaAFSM	CP@TRINITY_DN10316_c0_g1::CP@TRINITY_DN10316_c0_g1_i2::g.6521::m.6521	36.139	404	244	6	233	632	32	425	7.91e-79	256
Arcevulg	CP@TRINITY_DN11085_c0_g1::CP@TRINITY_DN11085_c0_g1_i1::g.8626::m.8626	35.533	394	245	5	205	592	31	421	3.73e-77	251
Arcevulg	CP@TRINITY_DN10316_c0_g1::CP@TRINITY_DN10316_c0_g1_i2::g.6521::m.6521	32.512	406	261	3	191	592	29	425	4.35e-77	251
Arcevulg	CP@TRINITY_DN5291_c0_g1::CP@TRINITY_DN5291_c0_g1_i1::g.14228::m.14228	40.278	216	129	0	377	592	5	220	4.04e-47	164
Amoeprot	CP@TRINITY_DN11085_c0_g1::CP@TRINITY_DN11085_c0_g1_i1::g.8626::m.8626	34.901	404	250	6	208	604	24	421	3.79e-71	235
Amoeprot	CP@TRINITY_DN10316_c0_g1::CP@TRINITY_DN10316_c0_g1_i2::g.6521::m.6521	32.530	415	250	9	205	604	26	425	3.40e-63	214
Rhizsaxo	CP@TRINITY_DN11085_c0_g1::CP@TRINITY_DN11085_c0_g1_i1::g.8626::m.8626	36.090	399	238	8	183	573	18	407	1.16e-77	253
Rhizsaxo	CP@TRINITY_DN10316_c0_g1::CP@TRINITY_DN10316_c0_g1_i2::g.6521::m.6521	31.678	423	272	5	172	588	13	424	1.13e-69	232
Flabcita	CP@TRINITY_DN11085_c0_g1::CP@TRINITY_DN11085_c0_g1_i1::g.8626::m.8626	33.958	427	265	7	173	591	1	418	8.03e-77	250
Flabcita	CP@TRINITY_DN10316_c0_g1::CP@TRINITY_DN10316_c0_g1_i2::g.6521::m.6521	34.236	406	254	6	194	591	22	422	1.05e-71	236
Flabcita	CP@TRINITY_DN5291_c0_g1::CP@TRINITY_DN5291_c0_g1_i1::g.14228::m.14228	41.315	213	125	0	379	591	5	217	1.68e-43	155
Pellcata	CP@TRINITY_DN10316_c0_g1::CP@TRINITY_DN10316_c0_g1_i2::g.6521::m.6521	34.884	301	194	1	2	302	128	426	2.42e-56	187
Pellcata	CP@TRINITY_DN11085_c0_g1::CP@TRINITY_DN11085_c0_g1_i1::g.8626::m.8626	34.768	302	195	1	1	302	123	422	7.83e-56	186
Pellcata	CP@TRINITY_DN5291_c0_g1::CP@TRINITY_DN5291_c0_g1_i1::g.14228::m.14228	40.278	216	128	1	87	302	7	221	5.62e-51	167
Endozona	CP@TRINITY_DN10316_c0_g1::CP@TRINITY_DN10316_c0_g1_i2::g.6521::m.6521	35.280	428	261	5	187	603	3	425	1.84e-80	260
Endozona	CP@TRINITY_DN11085_c0_g1::CP@TRINITY_DN11085_c0_g1_i1::g.8626::m.8626	37.297	370	226	2	238	603	54	421	4.93e-79	256
Endozona	CP@TRINITY_DN5291_c0_g1::CP@TRINITY_DN5291_c0_g1_i1::g.14228::m.14228	39.070	215	130	1	389	603	7	220	1.22e-44	158
Gocefonb	CP@TRINITY_DN10316_c0_g1::CP@TRINITY_DN10316_c0_g1_i2::g.6521::m.6521	37.226	411	248	5	177	582	21	426	5.69e-86	273
Gocefonb	CP@TRINITY_DN11085_c0_g1::CP@TRINITY_DN11085_c0_g1_i1::g.8626::m.8626	37.653	409	245	5	180	582	18	422	8.35e-86	273
Gocefonb	CP@TRINITY_DN5291_c0_g1::CP@TRINITY_DN5291_c0_g1_i1::g.14228::m.14228	43.056	216	122	1	367	582	7	221	8.41e-49	169
Luaphula	CP@TRINITY_DN10316_c0_g1::CP@TRINITY_DN10316_c0_g1_i2::g.6521::m.6521	38.061	423	248	8	169	585	11	425	3.75e-91	287
Luaphula	CP@TRINITY_DN11085_c0_g1::CP@TRINITY_DN11085_c0_g1_i1::g.8626::m.8626	36.385	426	262	7	164	585	1	421	1.12e-85	273
Luaphula	CP@TRINITY_DN5291_c0_g1::CP@TRINITY_DN5291_c0_g1_i1::g.14228::m.14228	43.458	214	121	0	372	585	7	220	2.28e-52	178
Veximinu	CP@TRINITY_DN11085_c0_g1::CP@TRINITY_DN11085_c0_g1_i1::g.8626::m.8626	36.682	428	243	7	219	644	21	422	5.54e-86	275
Veximinu	CP@TRINITY_DN10316_c0_g1::CP@TRINITY_DN10316_c0_g1_i2::g.6521::m.6521	34.722	432	257	5	213	644	20	426	7.53e-86	275
Veximinu	CP@TRINITY_DN5291_c0_g1::CP@TRINITY_DN5291_c0_g1_i1::g.14228::m.14228	41.589	214	125	0	431	644	8	221	6.08e-48	167
Cuneruss	CP@TRINITY_DN11085_c0_g1::CP@TRINITY_DN11085_c0_g1_i1::g.8626::m.8626	39.312	407	240	5	241	645	20	421	1.52e-88	282
Cuneruss	CP@TRINITY_DN10316_c0_g1::CP@TRINITY_DN10316_c0_g1_i2::g.6521::m.6521	35.523	411	258	4	237	645	20	425	8.74e-85	272
Cuneruss	CP@TRINITY_DN5291_c0_g1::CP@TRINITY_DN5291_c0_g1_i1::g.14228::m.14228	42.723	213	122	0	433	645	8	220	8.20e-46	162
Sapppeda	CP@TRINITY_DN10316_c0_g1::CP@TRINITY_DN10316_c0_g1_i2::g.6521::m.6521	35.476	420	265	3	168	585	10	425	2.67e-90	285
Sapppeda	CP@TRINITY_DN11085_c0_g1::CP@TRINITY_DN11085_c0_g1_i1::g.8626::m.8626	36.000	400	251	5	188	585	25	421	1.06e-83	268
Sapppeda	CP@TRINITY_DN5291_c0_g1::CP@TRINITY_DN5291_c0_g1_i1::g.14228::m.14228	39.815	216	130	0	370	585	5	220	9.66e-49	169
Stensten	CP@TRINITY_DN10316_c0_g1::CP@TRINITY_DN10316_c0_g1_i2::g.6521::m.6521	36.730	422	262	3	173	594	10	426	1.52e-95	299
Stensten	CP@TRINITY_DN11085_c0_g1::CP@TRINITY_DN11085_c0_g1_i1::g.8626::m.8626	37.653	409	249	4	187	594	19	422	1.05e-92	291
Stensten	CP@TRINITY_DN5291_c0_g1::CP@TRINITY_DN5291_c0_g1_i1::g.14228::m.14228	44.954	218	120	0	377	594	4	221	4.66e-55	186
Stensten	CP@TRINITY_DN10316_c0_g1::CP@TRINITY_DN10316_c0_g1_i1::g.6520::m.6520	42.262	168	97	0	427	594	6	173	8.59e-43	151
Mantplas	CP@TRINITY_DN10316_c0_g1::CP@TRINITY_DN10316_c0_g1_i2::g.6521::m.6521	36.085	424	263	3	208	631	11	426	2.74e-93	294
Mantplas	CP@TRINITY_DN11085_c0_g1::CP@TRINITY_DN11085_c0_g1_i1::g.8626::m.8626	37.653	409	246	5	224	631	22	422	1.09e-90	287
Mantplas	CP@TRINITY_DN5291_c0_g1::CP@TRINITY_DN5291_c0_g1_i1::g.14228::m.14228	45.000	220	119	1	412	631	4	221	5.18e-54	184
Mantplas	CP@TRINITY_DN7658_c0_g1::CP@TRINITY_DN7658_c0_g1_i1::g.24582::m.24582	32.246	276	158	4	186	437	40	310	3.51e-44	160
Cochminu	CP@TRINITY_DN10316_c0_g1::CP@TRINITY_DN10316_c0_g1_i2::g.6521::m.6521	33.333	402	261	3	191	590	29	425	2.20e-76	249
Cochminu	CP@TRINITY_DN11085_c0_g1::CP@TRINITY_DN11085_c0_g1_i1::g.8626::m.8626	33.831	402	260	4	191	590	24	421	3.24e-73	240
Cochminu	CP@TRINITY_DN5291_c0_g1::CP@TRINITY_DN5291_c0_g1_i1::g.14228::m.14228	40.654	214	126	1	377	590	8	220	6.63e-45	159
Trimmari	CP@TRINITY_DN11085_c0_g1::CP@TRINITY_DN11085_c0_g1_i1::g.8626::m.8626	39.506	405	232	6	203	601	25	422	1.57e-92	291
Trimmari	CP@TRINITY_DN10316_c0_g1::CP@TRINITY_DN10316_c0_g1_i2::g.6521::m.6521	34.033	429	267	5	183	601	4	426	2.08e-86	275
Trimmari	CP@TRINITY_DN5291_c0_g1::CP@TRINITY_DN5291_c0_g1_i1::g.14228::m.14228	43.458	214	121	0	388	601	8	221	1.09e-49	172
Fabotrop	CP@TRINITY_DN10316_c0_g1::CP@TRINITY_DN10316_c0_g1_i2::g.6521::m.6521	39.181	342	201	3	189	530	21	355	2.71e-83	265
Fabotrop	CP@TRINITY_DN11085_c0_g1::CP@TRINITY_DN11085_c0_g1_i1::g.8626::m.8626	39.169	337	197	6	195	530	22	351	3.07e-73	239
Fabotrop	CP@TRINITY_DN7658_c0_g1::CP@TRINITY_DN7658_c0_g1_i1::g.24582::m.24582	35.556	225	139	2	189	413	96	314	2.44e-44	159
Nutolong	CP@TRINITY_DN10316_c0_g1::CP@TRINITY_DN10316_c0_g1_i2::g.6521::m.6521	37.558	434	252	7	169	601	11	426	3.47e-92	290
Nutolong	CP@TRINITY_DN11085_c0_g1::CP@TRINITY_DN11085_c0_g1_i1::g.8626::m.8626	38.278	418	240	5	185	601	22	422	1.78e-90	286
Nutolong	CP@TRINITY_DN5291_c0_g1::CP@TRINITY_DN5291_c0_g1_i1::g.14228::m.14228	39.535	215	129	1	388	601	7	221	1.91e-47	166
Nutolong	CP@TRINITY_DN10316_c0_g1::CP@TRINITY_DN10316_c0_g1_i1::g.6520::m.6520	45.238	168	91	1	435	601	6	173	2.94e-42	150
HeterBB2	CP@TRINITY_DN11085_c0_g1::CP@TRINITY_DN11085_c0_g1_i1::g.8626::m.8626	38.286	350	197	3	1	350	70	400	2.10e-73	233
HeterBB2	CP@TRINITY_DN10316_c0_g1::CP@TRINITY_DN10316_c0_g1_i2::g.6521::m.6521	35.057	348	208	3	3	350	75	404	3.50e-69	223
HeterBB2	CP@TRINITY_DN5291_c0_g1::CP@TRINITY_DN5291_c0_g1_i1::g.14228::m.14228	41.969	193	112	0	158	350	7	199	1.01e-47	160
Pharkirb	CP@TRINITY_DN10316_c0_g1::CP@TRINITY_DN10316_c0_g1_i2::g.6521::m.6521	36.195	431	256	5	174	594	5	426	1.01e-91	289
Pharkirb	CP@TRINITY_DN11085_c0_g1::CP@TRINITY_DN11085_c0_g1_i1::g.8626::m.8626	37.002	427	260	6	172	594	1	422	2.12e-90	285
Pharkirb	CP@TRINITY_DN5291_c0_g1::CP@TRINITY_DN5291_c0_g1_i1::g.14228::m.14228	41.860	215	125	0	380	594	7	221	2.04e-51	176
Pharkirb	CP@TRINITY_DN7658_c0_g1::CP@TRINITY_DN7658_c0_g1_i1::g.24582::m.24582	32.390	318	167	8	132	407	4	315	4.75e-42	154
Bodosalt	CP@TRINITY_DN10316_c0_g1::CP@TRINITY_DN10316_c0_g1_i2::g.6521::m.6521	34.293	417	262	5	174	588	19	425	1.15e-84	270
Bodosalt	CP@TRINITY_DN11085_c0_g1::CP@TRINITY_DN11085_c0_g1_i1::g.8626::m.8626	37.010	408	250	6	184	588	18	421	1.43e-82	265
Bodosalt	CP@TRINITY_DN5291_c0_g1::CP@TRINITY_DN5291_c0_g1_i1::g.14228::m.14228	39.286	224	132	1	365	588	1	220	3.68e-46	162
Eutrgymn	CP@TRINITY_DN11085_c0_g1::CP@TRINITY_DN11085_c0_g1_i1::g.8626::m.8626	37.192	406	250	4	173	576	19	421	1.92e-85	272
Eutrgymn	CP@TRINITY_DN10316_c0_g1::CP@TRINITY_DN10316_c0_g1_i2::g.6521::m.6521	32.771	415	266	5	169	576	17	425	5.70e-80	258
Eutrgymn	CP@TRINITY_DN5291_c0_g1::CP@TRINITY_DN5291_c0_g1_i1::g.14228::m.14228	41.315	213	125	0	364	576	8	220	1.63e-52	179
Eugllong	CP@TRINITY_DN11085_c0_g1::CP@TRINITY_DN11085_c0_g1_i1::g.8626::m.8626	35.294	425	268	5	173	593	1	422	9.62e-83	265
Eugllong	CP@TRINITY_DN10316_c0_g1::CP@TRINITY_DN10316_c0_g1_i2::g.6521::m.6521	31.951	410	269	4	188	593	23	426	3.21e-77	251
Eugllong	CP@TRINITY_DN5291_c0_g1::CP@TRINITY_DN5291_c0_g1_i1::g.14228::m.14228	43.925	214	120	0	380	593	8	221	3.54e-54	183
Euglgrac	CP@TRINITY_DN11085_c0_g1::CP@TRINITY_DN11085_c0_g1_i1::g.8626::m.8626	35.765	425	266	5	158	578	1	422	6.47e-85	271
Euglgrac	CP@TRINITY_DN10316_c0_g1::CP@TRINITY_DN10316_c0_g1_i2::g.6521::m.6521	32.933	416	266	5	170	578	17	426	3.64e-80	258
Euglgrac	CP@TRINITY_DN5291_c0_g1::CP@TRINITY_DN5291_c0_g1_i1::g.14228::m.14228	44.393	214	119	0	365	578	8	221	1.56e-55	187
Gefiokel	CP@TRINITY_DN11085_c0_g1::CP@TRINITY_DN11085_c0_g1_i1::g.8626::m.8626	38.462	403	240	4	223	624	27	422	1.73e-90	286
Gefiokel	CP@TRINITY_DN10316_c0_g1::CP@TRINITY_DN10316_c0_g1_i2::g.6521::m.6521	36.195	431	267	6	194	624	4	426	2.19e-90	286
Gefiokel	CP@TRINITY_DN5291_c0_g1::CP@TRINITY_DN5291_c0_g1_i1::g.14228::m.14228	43.458	214	121	0	411	624	8	221	1.71e-51	177
Gefiokel	CP@TRINITY_DN10316_c0_g1::CP@TRINITY_DN10316_c0_g1_i1::g.6520::m.6520	41.667	168	98	0	457	624	6	173	4.13e-41	147
Minivibr	CP@TRINITY_DN10316_c0_g1::CP@TRINITY_DN10316_c0_g1_i2::g.6521::m.6521	34.917	421	268	4	171	590	11	426	3.09e-90	285
Minivibr	CP@TRINITY_DN11085_c0_g1::CP@TRINITY_DN11085_c0_g1_i1::g.8626::m.8626	34.507	426	264	6	172	590	5	422	9.98e-84	268
Minivibr	CP@TRINITY_DN5291_c0_g1::CP@TRINITY_DN5291_c0_g1_i1::g.14228::m.14228	39.720	214	129	0	377	590	8	221	7.79e-48	166
Minivibr	CP@TRINITY_DN7658_c0_g1::CP@TRINITY_DN7658_c0_g1_i1::g.24582::m.24582	34.599	237	148	5	171	405	86	317	2.37e-41	152
Salprose	CP@TRINITY_DN11085_c0_g1::CP@TRINITY_DN11085_c0_g1_i1::g.8626::m.8626	34.762	420	269	4	186	605	7	421	4.55e-86	274
Salprose	CP@TRINITY_DN10316_c0_g1::CP@TRINITY_DN10316_c0_g1_i2::g.6521::m.6521	34.906	424	269	5	182	605	9	425	2.07e-83	268
Salprose	CP@TRINITY_DN5291_c0_g1::CP@TRINITY_DN5291_c0_g1_i1::g.14228::m.14228	38.785	214	131	0	392	605	7	220	8.58e-44	155
Amphquee	CP@TRINITY_DN11085_c0_g1::CP@TRINITY_DN11085_c0_g1_i1::g.8626::m.8626	34.491	403	258	4	197	598	24	421	9.11e-81	260
Amphquee	CP@TRINITY_DN10316_c0_g1::CP@TRINITY_DN10316_c0_g1_i2::g.6521::m.6521	32.374	417	267	5	191	598	15	425	9.48e-77	250
Amphquee	CP@TRINITY_DN5291_c0_g1::CP@TRINITY_DN5291_c0_g1_i1::g.14228::m.14228	41.315	213	125	0	386	598	8	220	4.34e-50	172
Branflor	CP@TRINITY_DN10316_c0_g1::CP@TRINITY_DN10316_c0_g1_i2::g.6521::m.6521	37.217	309	192	2	263	571	59	365	1.51e-68	231
Branflor	CP@TRINITY_DN11085_c0_g1::CP@TRINITY_DN11085_c0_g1_i1::g.8626::m.8626	35.072	345	215	7	228	570	23	360	3.66e-67	227
Aplycali	CP@TRINITY_DN10316_c0_g1::CP@TRINITY_DN10316_c0_g1_i2::g.6521::m.6521	34.713	435	272	5	142	576	3	425	9.08e-89	281
Aplycali	CP@TRINITY_DN11085_c0_g1::CP@TRINITY_DN11085_c0_g1_i1::g.8626::m.8626	35.629	421	260	6	158	576	10	421	2.76e-82	264
Aplycali	CP@TRINITY_DN5291_c0_g1::CP@TRINITY_DN5291_c0_g1_i1::g.14228::m.14228	39.906	213	128	0	364	576	8	220	4.85e-45	159
Tricadha	CP@TRINITY_DN11085_c0_g1::CP@TRINITY_DN11085_c0_g1_i1::g.8626::m.8626	36.364	418	252	6	173	583	11	421	5.71e-89	281
Tricadha	CP@TRINITY_DN10316_c0_g1::CP@TRINITY_DN10316_c0_g1_i2::g.6521::m.6521	35.732	403	248	6	186	583	29	425	3.30e-82	264
Tricadha	CP@TRINITY_DN5291_c0_g1::CP@TRINITY_DN5291_c0_g1_i1::g.14228::m.14228	36.792	212	134	0	372	583	9	220	8.01e-41	147
Amoepara	CP@TRINITY_DN11085_c0_g1::CP@TRINITY_DN11085_c0_g1_i1::g.8626::m.8626	37.313	402	243	6	188	583	24	422	1.68e-87	277
Amoepara	CP@TRINITY_DN10316_c0_g1::CP@TRINITY_DN10316_c0_g1_i2::g.6521::m.6521	34.085	399	259	2	188	583	29	426	1.82e-84	270
Amoepara	CP@TRINITY_DN5291_c0_g1::CP@TRINITY_DN5291_c0_g1_i1::g.14228::m.14228	42.991	214	122	0	370	583	8	221	2.07e-46	162
Sphaarct	CP@TRINITY_DN11085_c0_g1::CP@TRINITY_DN11085_c0_g1_i1::g.8626::m.8626	36.341	410	251	5	183	588	18	421	3.02e-85	272
Sphaarct	CP@TRINITY_DN10316_c0_g1::CP@TRINITY_DN10316_c0_g1_i2::g.6521::m.6521	33.017	421	274	3	170	588	11	425	2.53e-84	270
Sphaarct	CP@TRINITY_DN5291_c0_g1::CP@TRINITY_DN5291_c0_g1_i1::g.14228::m.14228	41.784	213	124	0	376	588	8	220	2.53e-47	165
Charbrau	CP@TRINITY_DN11085_c0_g1::CP@TRINITY_DN11085_c0_g1_i1::g.8626::m.8626	42.381	210	120	1	40	249	142	350	1.66e-48	171
Charbrau	CP@TRINITY_DN10316_c0_g1::CP@TRINITY_DN10316_c0_g1_i2::g.6521::m.6521	38.278	209	128	1	41	249	147	354	8.43e-42	153
Heteakas	CP@TRINITY_DN10316_c0_g1::CP@TRINITY_DN10316_c0_g1_i2::g.6521::m.6521	37.063	429	258	7	65	493	9	425	5.18e-97	299
Heteakas	CP@TRINITY_DN11085_c0_g1::CP@TRINITY_DN11085_c0_g1_i1::g.8626::m.8626	37.010	408	251	5	86	493	20	421	5.93e-93	289
Heteakas	CP@TRINITY_DN5291_c0_g1::CP@TRINITY_DN5291_c0_g1_i1::g.14228::m.14228	41.395	215	125	1	279	493	7	220	2.68e-50	171
Heteakas	CP@TRINITY_DN7658_c0_g1::CP@TRINITY_DN7658_c0_g1_i1::g.24582::m.24582	30.435	322	190	5	16	308	1	317	1.25e-43	156
Heteakas	CP@TRINITY_DN10316_c0_g1::CP@TRINITY_DN10316_c0_g1_i1::g.6520::m.6520	40.964	166	97	1	328	493	8	172	1.76e-42	149
