Raphhete	CP@TRINITY_DN10578_c0_g3::CP@TRINITY_DN10578_c0_g3_i4::g.6719::m.6719	27.646	633	397	19	27	624	13	619	1.12e-62	218
Raphhete	CP@TRINITY_DN10578_c0_g3::CP@TRINITY_DN10578_c0_g3_i3::g.6718::m.6718	26.961	612	389	18	27	606	13	598	2.29e-57	203
Raphhete	CP@TRINITY_DN10578_c0_g3::CP@TRINITY_DN10578_c0_g3_i10::g.6716::m.6716	34.483	261	159	6	27	284	13	264	3.92e-46	166
ChoanoFB	CP@TRINITY_DN10578_c0_g3::CP@TRINITY_DN10578_c0_g3_i4::g.6719::m.6719	26.209	641	399	23	22	617	8	619	9.73e-53	191
ChoanoFB	CP@TRINITY_DN10578_c0_g3::CP@TRINITY_DN10578_c0_g3_i3::g.6718::m.6718	26.264	613	391	22	22	597	8	596	5.29e-50	183
ChoanoFB	CP@TRINITY_DN10578_c0_g3::CP@TRINITY_DN10578_c0_g3_i10::g.6716::m.6716	31.321	265	175	4	22	284	8	267	1.62e-42	156
Rainerin	CP@TRINITY_DN10578_c0_g3::CP@TRINITY_DN10578_c0_g3_i4::g.6719::m.6719	27.814	622	396	17	27	612	16	620	4.21e-65	225
Rainerin	CP@TRINITY_DN10578_c0_g3::CP@TRINITY_DN10578_c0_g3_i3::g.6718::m.6718	27.926	598	381	16	27	591	16	596	1.56e-62	217
Rainerin	CP@TRINITY_DN10578_c0_g3::CP@TRINITY_DN10578_c0_g3_i10::g.6716::m.6716	32.500	280	178	6	27	300	16	290	5.09e-44	160
Aurisoli	CP@TRINITY_DN10578_c0_g3::CP@TRINITY_DN10578_c0_g3_i4::g.6719::m.6719	28.889	630	396	15	6	601	8	619	7.40e-75	251
Aurisoli	CP@TRINITY_DN10578_c0_g3::CP@TRINITY_DN10578_c0_g3_i3::g.6718::m.6718	28.736	609	386	13	6	584	8	598	4.31e-73	245
Aurisoli	CP@TRINITY_DN10578_c0_g3::CP@TRINITY_DN10578_c0_g3_i10::g.6716::m.6716	34.602	289	174	6	6	285	8	290	1.56e-48	172
Plasbras	CP@TRINITY_DN10578_c0_g3::CP@TRINITY_DN10578_c0_g3_i4::g.6719::m.6719	27.769	659	393	22	1	613	1	622	9.07e-65	224
Plasbras	CP@TRINITY_DN10578_c0_g3::CP@TRINITY_DN10578_c0_g3_i3::g.6718::m.6718	27.743	638	371	23	1	590	1	596	9.93e-61	212
Leptvora	CP@TRINITY_DN10578_c0_g3::CP@TRINITY_DN10578_c0_g3_i4::g.6719::m.6719	30.829	639	365	24	12	607	16	620	2.57e-62	217
Leptvora	CP@TRINITY_DN10578_c0_g3::CP@TRINITY_DN10578_c0_g3_i3::g.6718::m.6718	30.794	617	353	23	12	588	16	598	3.65e-59	208
Lapoguse	CP@TRINITY_DN10578_c0_g3::CP@TRINITY_DN10578_c0_g3_i4::g.6719::m.6719	29.606	635	384	19	11	604	7	619	1.69e-67	231
Lapoguse	CP@TRINITY_DN10578_c0_g3::CP@TRINITY_DN10578_c0_g3_i3::g.6718::m.6718	29.575	612	371	18	11	584	7	596	8.60e-64	221
Lapoguse	CP@TRINITY_DN10578_c0_g3::CP@TRINITY_DN10578_c0_g3_i10::g.6716::m.6716	34.237	295	173	7	11	294	7	291	2.07e-49	175
Gymn2014	CP@TRINITY_DN10578_c0_g3::CP@TRINITY_DN10578_c0_g3_i3::g.6718::m.6718	26.171	619	385	22	30	608	12	598	1.41e-45	171
Calclept	CP@TRINITY_DN10578_c0_g3::CP@TRINITY_DN10578_c0_g3_i4::g.6719::m.6719	28.885	637	399	20	14	621	8	619	1.38e-66	229
Calclept	CP@TRINITY_DN10578_c0_g3::CP@TRINITY_DN10578_c0_g3_i3::g.6718::m.6718	29.316	614	383	19	14	601	8	596	2.21e-64	223
Calclept	CP@TRINITY_DN10578_c0_g3::CP@TRINITY_DN10578_c0_g3_i10::g.6716::m.6716	33.904	292	176	6	14	297	8	290	5.02e-49	174
Tricvagi	CP@TRINITY_DN10578_c0_g3::CP@TRINITY_DN10578_c0_g3_i4::g.6719::m.6719	26.677	626	388	19	13	588	16	620	2.12e-49	181
Tricvagi	CP@TRINITY_DN10578_c0_g3::CP@TRINITY_DN10578_c0_g3_i3::g.6718::m.6718	26.821	604	374	18	13	569	16	598	1.22e-46	173
Mesoviri	CP@TRINITY_DN10578_c0_g3::CP@TRINITY_DN10578_c0_g3_i3::g.6718::m.6718	29.935	461	277	16	3	431	7	453	4.44e-60	206
Mesoviri	CP@TRINITY_DN10578_c0_g3::CP@TRINITY_DN10578_c0_g3_i4::g.6719::m.6719	31.020	461	265	17	3	424	7	453	7.97e-60	206
Mesoviri	CP@TRINITY_DN10578_c0_g3::CP@TRINITY_DN10578_c0_g3_i10::g.6716::m.6716	35.395	291	171	9	3	282	7	291	2.22e-54	184
Prascaps	CP@TRINITY_DN10578_c0_g3::CP@TRINITY_DN10578_c0_g3_i4::g.6719::m.6719	30.171	643	381	23	28	625	4	623	2.53e-75	253
Prascaps	CP@TRINITY_DN10578_c0_g3::CP@TRINITY_DN10578_c0_g3_i3::g.6718::m.6718	29.773	618	369	22	28	603	4	598	2.64e-70	238
Prascaps	CP@TRINITY_DN10578_c0_g3::CP@TRINITY_DN10578_c0_g3_i10::g.6716::m.6716	36.271	295	173	9	28	314	4	291	1.30e-51	181
Arabthal	CP@TRINITY_DN10578_c0_g3::CP@TRINITY_DN10578_c0_g3_i4::g.6719::m.6719	31.083	637	384	18	4	607	8	622	8.51e-73	245
Arabthal	CP@TRINITY_DN10578_c0_g3::CP@TRINITY_DN10578_c0_g3_i3::g.6718::m.6718	30.719	612	373	16	4	585	8	598	2.05e-69	236
Arabthal	CP@TRINITY_DN10578_c0_g3::CP@TRINITY_DN10578_c0_g3_i10::g.6716::m.6716	38.403	263	152	5	4	263	8	263	2.99e-51	180
Nephpyri	CP@TRINITY_DN10578_c0_g3::CP@TRINITY_DN10578_c0_g3_i4::g.6719::m.6719	30.696	632	370	20	10	598	14	620	3.65e-76	254
Nephpyri	CP@TRINITY_DN10578_c0_g3::CP@TRINITY_DN10578_c0_g3_i3::g.6718::m.6718	30.820	610	357	19	10	579	14	598	8.75e-74	247
Nephpyri	CP@TRINITY_DN10578_c0_g3::CP@TRINITY_DN10578_c0_g3_i10::g.6716::m.6716	39.147	258	147	5	10	264	14	264	5.22e-52	182
Pyrapark	CP@TRINITY_DN10578_c0_g3::CP@TRINITY_DN10578_c0_g3_i4::g.6719::m.6719	33.071	635	365	22	6	606	11	619	5.95e-87	283
Pyrapark	CP@TRINITY_DN10578_c0_g3::CP@TRINITY_DN10578_c0_g3_i3::g.6718::m.6718	32.623	610	354	22	6	584	11	594	1.14e-79	263
Pyrapark	CP@TRINITY_DN10578_c0_g3::CP@TRINITY_DN10578_c0_g3_i10::g.6716::m.6716	36.735	294	167	7	6	294	11	290	1.32e-53	186
Platmacr	CP@TRINITY_DN10578_c0_g3::CP@TRINITY_DN10578_c0_g3_i4::g.6719::m.6719	27.002	637	411	20	9	613	8	622	2.65e-53	192
Platmacr	CP@TRINITY_DN10578_c0_g3::CP@TRINITY_DN10578_c0_g3_i3::g.6718::m.6718	27.243	613	389	20	9	589	8	595	1.03e-52	190
Naeggrub	CP@TRINITY_DN10578_c0_g3::CP@TRINITY_DN10578_c0_g3_i4::g.6719::m.6719	27.473	637	397	22	5	601	8	619	1.43e-56	201
Naeggrub	CP@TRINITY_DN10578_c0_g3::CP@TRINITY_DN10578_c0_g3_i3::g.6718::m.6718	27.451	612	382	21	5	579	8	594	1.65e-53	192
Naeggrub	CP@TRINITY_DN10578_c0_g3::CP@TRINITY_DN10578_c0_g3_i10::g.6716::m.6716	35.816	282	162	9	13	285	16	287	1.91e-48	172
Styginca	CP@TRINITY_DN10578_c0_g3::CP@TRINITY_DN10578_c0_g3_i4::g.6719::m.6719	30.843	629	373	21	12	601	15	620	5.23e-83	272
Styginca	CP@TRINITY_DN10578_c0_g3::CP@TRINITY_DN10578_c0_g3_i3::g.6718::m.6718	31.104	598	353	19	12	573	15	589	6.86e-82	269
Styginca	CP@TRINITY_DN10578_c0_g3::CP@TRINITY_DN10578_c0_g3_i10::g.6716::m.6716	38.754	289	157	9	12	292	15	291	4.78e-55	190
BicoCB20	CP@TRINITY_DN10578_c0_g3::CP@TRINITY_DN10578_c0_g3_i4::g.6719::m.6719	26.734	591	385	15	3	569	32	598	1.77e-43	164
BicoCB20	CP@TRINITY_DN10578_c0_g3::CP@TRINITY_DN10578_c0_g3_i3::g.6718::m.6718	26.734	591	385	15	3	569	32	598	3.03e-43	163
Monoexil	CP@TRINITY_DN10578_c0_g3::CP@TRINITY_DN10578_c0_g3_i4::g.6719::m.6719	26.180	657	407	23	14	645	16	619	6.06e-51	186
Monoexil	CP@TRINITY_DN10578_c0_g3::CP@TRINITY_DN10578_c0_g3_i3::g.6718::m.6718	26.101	636	395	22	14	627	16	598	5.69e-47	175
ChrysoH1	CP@TRINITY_DN10578_c0_g3::CP@TRINITY_DN10578_c0_g3_i4::g.6719::m.6719	28.852	662	389	24	21	653	14	622	1.76e-62	219
ChrysoH1	CP@TRINITY_DN10578_c0_g3::CP@TRINITY_DN10578_c0_g3_i3::g.6718::m.6718	29.160	631	372	23	21	622	14	598	9.95e-61	213
ChrysoH1	CP@TRINITY_DN10578_c0_g3::CP@TRINITY_DN10578_c0_g3_i10::g.6716::m.6716	38.224	259	152	6	21	277	14	266	5.53e-47	169
EctocSP7	CP@TRINITY_DN10578_c0_g3::CP@TRINITY_DN10578_c0_g3_i4::g.6719::m.6719	31.424	646	381	18	15	632	8	619	9.88e-80	265
EctocSP7	CP@TRINITY_DN10578_c0_g3::CP@TRINITY_DN10578_c0_g3_i3::g.6718::m.6718	30.880	625	373	17	15	614	8	598	2.32e-75	253
EctocSP7	CP@TRINITY_DN10578_c0_g3::CP@TRINITY_DN10578_c0_g3_i10::g.6716::m.6716	37.453	267	152	7	15	276	8	264	4.33e-45	164
MAST004E	CP@TRINITY_DN10578_c0_g3::CP@TRINITY_DN10578_c0_g3_i4::g.6719::m.6719	28.090	623	404	20	19	614	12	617	2.87e-68	233
MAST004E	CP@TRINITY_DN10578_c0_g3::CP@TRINITY_DN10578_c0_g3_i3::g.6718::m.6718	28.311	604	392	19	19	598	12	598	6.27e-67	229
MAST004E	CP@TRINITY_DN10578_c0_g3::CP@TRINITY_DN10578_c0_g3_i10::g.6716::m.6716	32.295	353	204	11	19	362	12	338	5.78e-48	171
Phytpara	CP@TRINITY_DN10578_c0_g3::CP@TRINITY_DN10578_c0_g3_i4::g.6719::m.6719	31.280	633	374	19	16	608	8	619	8.46e-86	280
Phytpara	CP@TRINITY_DN10578_c0_g3::CP@TRINITY_DN10578_c0_g3_i3::g.6718::m.6718	31.311	610	361	18	16	588	8	596	2.89e-81	267
Phytpara	CP@TRINITY_DN10578_c0_g3::CP@TRINITY_DN10578_c0_g3_i10::g.6716::m.6716	38.699	292	166	6	16	299	8	294	4.54e-55	190
Vitrbras	CP@TRINITY_DN10578_c0_g3::CP@TRINITY_DN10578_c0_g3_i10::g.6716::m.6716	37.354	257	148	7	18	272	16	261	2.11e-44	162
Vitrbras	CP@TRINITY_DN10578_c0_g3::CP@TRINITY_DN10578_c0_g3_i3::g.6718::m.6718	37.354	257	148	7	18	272	16	261	1.84e-42	162
Vitrbras	CP@TRINITY_DN10578_c0_g3::CP@TRINITY_DN10578_c0_g3_i4::g.6719::m.6719	37.354	257	148	7	18	272	16	261	3.22e-42	162
Noctscin	CP@TRINITY_DN10578_c0_g3::CP@TRINITY_DN10578_c0_g3_i4::g.6719::m.6719	26.147	654	406	21	6	627	10	618	4.82e-54	195
Noctscin	CP@TRINITY_DN10578_c0_g3::CP@TRINITY_DN10578_c0_g3_i3::g.6718::m.6718	26.266	632	392	20	6	608	10	596	1.29e-53	193
Oxyrmari	CP@TRINITY_DN10578_c0_g3::CP@TRINITY_DN10578_c0_g3_i4::g.6719::m.6719	29.814	644	381	25	24	629	8	618	2.02e-64	223
Oxyrmari	CP@TRINITY_DN10578_c0_g3::CP@TRINITY_DN10578_c0_g3_i3::g.6718::m.6718	28.526	624	378	21	24	612	8	598	9.24e-61	213
Oxyrmari	CP@TRINITY_DN10578_c0_g3::CP@TRINITY_DN10578_c0_g3_i10::g.6716::m.6716	33.910	289	177	8	24	304	8	290	1.21e-48	173
Paraconf	CP@TRINITY_DN10578_c0_g3::CP@TRINITY_DN10578_c0_g3_i4::g.6719::m.6719	28.638	646	383	26	1	595	1	619	3.23e-55	197
Paraconf	CP@TRINITY_DN10578_c0_g3::CP@TRINITY_DN10578_c0_g3_i3::g.6718::m.6718	28.160	625	374	25	1	577	1	598	8.71e-50	182
Trypbruc	CP@TRINITY_DN10578_c0_g3::CP@TRINITY_DN10578_c0_g3_i4::g.6719::m.6719	28.257	637	394	24	1	592	1	619	4.03e-64	222
Trypbruc	CP@TRINITY_DN10578_c0_g3::CP@TRINITY_DN10578_c0_g3_i3::g.6718::m.6718	27.850	614	383	23	1	572	1	596	1.52e-57	203
Andagodo	CP@TRINITY_DN10578_c0_g3::CP@TRINITY_DN10578_c0_g3_i4::g.6719::m.6719	26.761	710	395	25	5	687	8	619	4.10e-58	207
Andagodo	CP@TRINITY_DN10578_c0_g3::CP@TRINITY_DN10578_c0_g3_i3::g.6718::m.6718	26.232	690	385	25	5	669	8	598	1.99e-53	194
Coralima	CP@TRINITY_DN10578_c0_g3::CP@TRINITY_DN10578_c0_g3_i4::g.6719::m.6719	32.424	623	361	20	13	594	16	619	5.92e-97	309
Coralima	CP@TRINITY_DN10578_c0_g3::CP@TRINITY_DN10578_c0_g3_i3::g.6718::m.6718	32.392	602	350	19	13	576	16	598	6.68e-92	295
Coralima	CP@TRINITY_DN10578_c0_g3::CP@TRINITY_DN10578_c0_g3_i10::g.6716::m.6716	41.696	283	148	8	13	286	16	290	7.69e-61	205
Hemikukw	CP@TRINITY_DN10578_c0_g3::CP@TRINITY_DN10578_c0_g3_i4::g.6719::m.6719	29.245	636	387	18	26	623	9	619	2.72e-78	261
Hemikukw	CP@TRINITY_DN10578_c0_g3::CP@TRINITY_DN10578_c0_g3_i3::g.6718::m.6718	29.011	617	374	17	26	605	9	598	1.26e-74	250
Hemikukw	CP@TRINITY_DN10578_c0_g3::CP@TRINITY_DN10578_c0_g3_i10::g.6716::m.6716	36.111	288	172	5	26	307	9	290	8.01e-55	190
SpirCILI	CP@TRINITY_DN10578_c0_g3::CP@TRINITY_DN10578_c0_g3_i4::g.6719::m.6719	27.258	631	405	19	30	626	9	619	3.07e-67	231
SpirCILI	CP@TRINITY_DN10578_c0_g3::CP@TRINITY_DN10578_c0_g3_i3::g.6718::m.6718	26.942	605	393	17	30	604	9	594	1.34e-63	221
Hemirufe	CP@TRINITY_DN10578_c0_g3::CP@TRINITY_DN10578_c0_g3_i4::g.6719::m.6719	30.878	638	365	21	12	605	14	619	6.17e-74	248
Hemirufe	CP@TRINITY_DN10578_c0_g3::CP@TRINITY_DN10578_c0_g3_i3::g.6718::m.6718	30.732	615	353	20	12	585	14	596	1.08e-70	239
Hemirufe	CP@TRINITY_DN10578_c0_g3::CP@TRINITY_DN10578_c0_g3_i10::g.6716::m.6716	37.879	264	155	5	12	271	14	272	1.29e-54	189
Gemicryo	CP@TRINITY_DN10578_c0_g3::CP@TRINITY_DN10578_c0_g3_i4::g.6719::m.6719	29.253	629	383	21	15	605	15	619	2.58e-72	244
Gemicryo	CP@TRINITY_DN10578_c0_g3::CP@TRINITY_DN10578_c0_g3_i3::g.6718::m.6718	29.043	606	371	20	15	585	15	596	1.73e-68	233
Gemicryo	CP@TRINITY_DN10578_c0_g3::CP@TRINITY_DN10578_c0_g3_i10::g.6716::m.6716	38.431	255	152	4	15	267	15	266	2.34e-52	183
Guilthet	CP@TRINITY_DN10578_c0_g3::CP@TRINITY_DN10578_c0_g3_i4::g.6719::m.6719	28.617	629	373	20	8	578	9	619	4.54e-71	240
Guilthet	CP@TRINITY_DN10578_c0_g3::CP@TRINITY_DN10578_c0_g3_i3::g.6718::m.6718	28.383	606	361	19	8	558	9	596	2.29e-67	229
Guilthet	CP@TRINITY_DN10578_c0_g3::CP@TRINITY_DN10578_c0_g3_i10::g.6716::m.6716	34.437	302	178	6	8	299	9	300	7.45e-51	178
Goniavon	CP@TRINITY_DN10578_c0_g3::CP@TRINITY_DN10578_c0_g3_i4::g.6719::m.6719	32.756	635	351	23	27	614	15	620	3.60e-84	276
Goniavon	CP@TRINITY_DN10578_c0_g3::CP@TRINITY_DN10578_c0_g3_i3::g.6718::m.6718	32.570	611	339	22	27	593	15	596	3.65e-79	262
Goniavon	CP@TRINITY_DN10578_c0_g3::CP@TRINITY_DN10578_c0_g3_i10::g.6716::m.6716	42.308	260	133	7	27	279	15	264	2.85e-57	196
Thectrah	CP@TRINITY_DN10578_c0_g3::CP@TRINITY_DN10578_c0_g3_i3::g.6718::m.6718	33.937	442	250	12	10	423	8	435	1.20e-67	231
Thectrah	CP@TRINITY_DN10578_c0_g3::CP@TRINITY_DN10578_c0_g3_i4::g.6719::m.6719	33.976	415	237	10	10	398	8	411	2.52e-67	231
Thectrah	CP@TRINITY_DN10578_c0_g3::CP@TRINITY_DN10578_c0_g3_i10::g.6716::m.6716	38.065	310	174	6	10	313	8	305	5.84e-62	209
Dictdisc	CP@TRINITY_DN10578_c0_g3::CP@TRINITY_DN10578_c0_g3_i4::g.6719::m.6719	32.171	631	364	21	5	590	8	619	6.69e-91	293
Dictdisc	CP@TRINITY_DN10578_c0_g3::CP@TRINITY_DN10578_c0_g3_i3::g.6718::m.6718	32.566	608	349	21	5	570	8	596	1.30e-87	283
Dictdisc	CP@TRINITY_DN10578_c0_g3::CP@TRINITY_DN10578_c0_g3_i10::g.6716::m.6716	39.116	294	158	8	5	287	8	291	2.37e-60	204
Protfung	CP@TRINITY_DN10578_c0_g3::CP@TRINITY_DN10578_c0_g3_i4::g.6719::m.6719	32.808	634	369	21	399	995	8	621	7.32e-87	298
Protfung	CP@TRINITY_DN10578_c0_g3::CP@TRINITY_DN10578_c0_g3_i3::g.6718::m.6718	32.897	611	356	20	399	975	8	598	1.80e-83	287
Protfung	CP@TRINITY_DN10578_c0_g3::CP@TRINITY_DN10578_c0_g3_i10::g.6716::m.6716	39.384	292	161	8	399	683	8	290	1.91e-59	209
Monobrev	CP@TRINITY_DN10578_c0_g3::CP@TRINITY_DN10578_c0_g3_i4::g.6719::m.6719	32.273	629	368	20	8	595	9	620	8.16e-92	295
Monobrev	CP@TRINITY_DN10578_c0_g3::CP@TRINITY_DN10578_c0_g3_i3::g.6718::m.6718	32.619	607	354	19	8	576	9	598	2.31e-90	291
Monobrev	CP@TRINITY_DN10578_c0_g3::CP@TRINITY_DN10578_c0_g3_i10::g.6716::m.6716	39.310	290	160	7	8	289	9	290	2.36e-61	207
Nemavect	CP@TRINITY_DN10578_c0_g3::CP@TRINITY_DN10578_c0_g3_i4::g.6719::m.6719	29.606	635	386	19	5	601	8	619	3.25e-76	254
Nemavect	CP@TRINITY_DN10578_c0_g3::CP@TRINITY_DN10578_c0_g3_i3::g.6718::m.6718	29.316	614	376	18	5	583	8	598	5.93e-72	242
Nemavect	CP@TRINITY_DN10578_c0_g3::CP@TRINITY_DN10578_c0_g3_i10::g.6716::m.6716	38.535	314	173	7	5	312	8	307	1.25e-62	210
Homosapi	CP@TRINITY_DN10578_c0_g3::CP@TRINITY_DN10578_c0_g3_i4::g.6719::m.6719	31.596	633	378	21	3	599	6	619	6.61e-88	285
Homosapi	CP@TRINITY_DN10578_c0_g3::CP@TRINITY_DN10578_c0_g3_i3::g.6718::m.6718	32.026	612	364	20	3	581	6	598	1.63e-87	283
Homosapi	CP@TRINITY_DN10578_c0_g3::CP@TRINITY_DN10578_c0_g3_i10::g.6716::m.6716	40.952	315	164	9	3	308	6	307	1.12e-71	234
Creofrag	CP@TRINITY_DN10578_c0_g3::CP@TRINITY_DN10578_c0_g3_i4::g.6719::m.6719	32.006	628	367	24	12	598	11	619	6.71e-88	285
Creofrag	CP@TRINITY_DN10578_c0_g3::CP@TRINITY_DN10578_c0_g3_i3::g.6718::m.6718	31.960	607	356	23	12	580	11	598	2.91e-85	278
Creofrag	CP@TRINITY_DN10578_c0_g3::CP@TRINITY_DN10578_c0_g3_i10::g.6716::m.6716	36.482	307	178	8	12	311	11	307	2.53e-60	204
Capsowcz	CP@TRINITY_DN10578_c0_g3::CP@TRINITY_DN10578_c0_g3_i4::g.6719::m.6719	32.500	640	357	22	4	595	7	619	2.11e-96	307
Capsowcz	CP@TRINITY_DN10578_c0_g3::CP@TRINITY_DN10578_c0_g3_i3::g.6718::m.6718	32.310	619	347	21	4	577	7	598	5.72e-91	292
Capsowcz	CP@TRINITY_DN10578_c0_g3::CP@TRINITY_DN10578_c0_g3_i10::g.6716::m.6716	40.339	295	156	9	4	289	7	290	1.49e-65	218
Pigoviet	CP@TRINITY_DN10578_c0_g3::CP@TRINITY_DN10578_c0_g3_i4::g.6719::m.6719	33.648	636	354	23	5	595	8	620	1.60e-101	321
Pigoviet	CP@TRINITY_DN10578_c0_g3::CP@TRINITY_DN10578_c0_g3_i3::g.6718::m.6718	33.876	614	341	22	5	576	8	598	3.25e-98	311
Pigoviet	CP@TRINITY_DN10578_c0_g3::CP@TRINITY_DN10578_c0_g3_i10::g.6716::m.6716	39.519	291	160	6	5	287	8	290	7.62e-67	221
Pigoviet	CP@TRINITY_DN4476_c0_g1::CP@TRINITY_DN4476_c0_g1_i1::g.77547::m.77547	35.950	242	151	4	359	597	6	246	7.02e-45	159
Syssmult	CP@TRINITY_DN10578_c0_g3::CP@TRINITY_DN10578_c0_g3_i4::g.6719::m.6719	34.219	640	357	23	66	665	4	619	4.19e-104	330
Syssmult	CP@TRINITY_DN10578_c0_g3::CP@TRINITY_DN10578_c0_g3_i3::g.6718::m.6718	34.733	619	343	22	66	647	4	598	1.48e-102	325
Syssmult	CP@TRINITY_DN10578_c0_g3::CP@TRINITY_DN10578_c0_g3_i10::g.6716::m.6716	39.308	318	166	10	66	374	4	303	9.72e-68	225
Sphadest	CP@TRINITY_DN10578_c0_g3::CP@TRINITY_DN10578_c0_g3_i4::g.6719::m.6719	29.056	678	371	25	13	654	16	619	9.67e-74	249
Sphadest	CP@TRINITY_DN10578_c0_g3::CP@TRINITY_DN10578_c0_g3_i3::g.6718::m.6718	29.072	657	359	24	13	636	16	598	9.16e-71	241
Sphadest	CP@TRINITY_DN10578_c0_g3::CP@TRINITY_DN10578_c0_g3_i10::g.6716::m.6716	38.754	289	153	9	13	291	16	290	2.38e-60	205
Batrdend	CP@TRINITY_DN10578_c0_g3::CP@TRINITY_DN10578_c0_g3_i4::g.6719::m.6719	34.921	630	356	19	12	605	9	620	3.02e-106	333
Batrdend	CP@TRINITY_DN10578_c0_g3::CP@TRINITY_DN10578_c0_g3_i3::g.6718::m.6718	35.372	605	340	18	12	583	9	595	9.82e-103	323
Batrdend	CP@TRINITY_DN10578_c0_g3::CP@TRINITY_DN10578_c0_g3_i10::g.6716::m.6716	44.291	289	150	5	12	296	9	290	2.44e-73	239
Sacccere	CP@TRINITY_DN10578_c0_g3::CP@TRINITY_DN10578_c0_g3_i4::g.6719::m.6719	27.287	656	382	31	6	610	8	619	1.48e-57	204
Sacccere	CP@TRINITY_DN10578_c0_g3::CP@TRINITY_DN10578_c0_g3_i3::g.6718::m.6718	26.929	635	372	30	6	592	8	598	1.27e-52	190
Rozeallo	CP@TRINITY_DN10578_c0_g3::CP@TRINITY_DN10578_c0_g3_i4::g.6719::m.6719	28.811	597	339	22	13	551	15	583	1.78e-64	223
Rozeallo	CP@TRINITY_DN10578_c0_g3::CP@TRINITY_DN10578_c0_g3_i3::g.6718::m.6718	28.811	597	339	22	13	551	15	583	3.03e-64	222
Rozeallo	CP@TRINITY_DN10578_c0_g3::CP@TRINITY_DN10578_c0_g3_i10::g.6716::m.6716	36.271	295	159	11	13	297	15	290	8.60e-50	176
Parvatla	CP@TRINITY_DN10578_c0_g3::CP@TRINITY_DN10578_c0_g3_i4::g.6719::m.6719	36.508	630	349	18	2	595	5	619	1.70e-107	336
Parvatla	CP@TRINITY_DN10578_c0_g3::CP@TRINITY_DN10578_c0_g3_i3::g.6718::m.6718	36.453	609	339	17	2	577	5	598	3.55e-102	322
Parvatla	CP@TRINITY_DN10578_c0_g3::CP@TRINITY_DN10578_c0_g3_i10::g.6716::m.6716	43.366	309	159	6	6	308	9	307	2.76e-75	243
Acancast	CP@TRINITY_DN10578_c0_g3::CP@TRINITY_DN10578_c0_g3_i4::g.6719::m.6719	29.841	630	383	20	67	656	9	619	1.39e-77	259
Acancast	CP@TRINITY_DN10578_c0_g3::CP@TRINITY_DN10578_c0_g3_i3::g.6718::m.6718	29.885	609	371	19	67	638	9	598	1.21e-74	251
Acancast	CP@TRINITY_DN10578_c0_g3::CP@TRINITY_DN10578_c0_g3_i10::g.6716::m.6716	35.862	290	169	7	67	347	9	290	3.05e-48	172
Cerakond	CP@TRINITY_DN10578_c0_g3::CP@TRINITY_DN10578_c0_g3_i4::g.6719::m.6719	25.389	642	398	24	2	597	13	619	7.15e-41	157
Diacluth	CP@TRINITY_DN10578_c0_g3::CP@TRINITY_DN10578_c0_g3_i4::g.6719::m.6719	28.641	618	381	19	1	581	26	620	2.76e-70	238
Diacluth	CP@TRINITY_DN10578_c0_g3::CP@TRINITY_DN10578_c0_g3_i3::g.6718::m.6718	28.356	596	370	18	1	562	26	598	2.62e-64	221
Pavl2436	CP@TRINITY_DN10578_c0_g3::CP@TRINITY_DN10578_c0_g3_i4::g.6719::m.6719	29.600	625	385	22	18	606	15	620	8.74e-71	240
Pavl2436	CP@TRINITY_DN10578_c0_g3::CP@TRINITY_DN10578_c0_g3_i3::g.6718::m.6718	29.353	603	374	21	18	587	15	598	7.32e-67	229
Pavl2436	CP@TRINITY_DN10578_c0_g3::CP@TRINITY_DN10578_c0_g3_i10::g.6716::m.6716	35.433	254	155	5	18	268	15	262	7.93e-44	160
MatazaD1	CP@TRINITY_DN10578_c0_g3::CP@TRINITY_DN10578_c0_g3_i3::g.6718::m.6718	25.658	608	384	20	5	570	16	597	6.03e-43	162
Micrpusl	CP@TRINITY_DN10578_c0_g3::CP@TRINITY_DN10578_c0_g3_i10::g.6716::m.6716	33.455	275	161	10	9	279	8	264	5.25e-41	152
Oryzsati	CP@TRINITY_DN10578_c0_g3::CP@TRINITY_DN10578_c0_g3_i4::g.6719::m.6719	30.394	635	386	23	4	605	8	619	1.03e-79	264
Oryzsati	CP@TRINITY_DN10578_c0_g3::CP@TRINITY_DN10578_c0_g3_i3::g.6718::m.6718	29.739	612	377	22	4	585	8	596	2.80e-73	246
Oryzsati	CP@TRINITY_DN10578_c0_g3::CP@TRINITY_DN10578_c0_g3_i10::g.6716::m.6716	36.395	294	170	9	4	291	8	290	2.40e-50	177
Physpate	CP@TRINITY_DN10578_c0_g3::CP@TRINITY_DN10578_c0_g3_i4::g.6719::m.6719	30.408	638	383	24	4	606	8	619	1.02e-74	250
Physpate	CP@TRINITY_DN10578_c0_g3::CP@TRINITY_DN10578_c0_g3_i3::g.6718::m.6718	30.179	613	374	22	4	586	8	596	1.22e-70	239
Physpate	CP@TRINITY_DN10578_c0_g3::CP@TRINITY_DN10578_c0_g3_i10::g.6716::m.6716	37.627	295	167	9	4	292	8	291	1.74e-53	186
Palpbili	CP@TRINITY_DN10578_c0_g3::CP@TRINITY_DN10578_c0_g3_i4::g.6719::m.6719	30.843	629	379	17	3	592	8	619	1.76e-89	289
Palpbili	CP@TRINITY_DN10578_c0_g3::CP@TRINITY_DN10578_c0_g3_i3::g.6718::m.6718	30.229	612	360	16	3	571	8	595	7.71e-85	276
Palpbili	CP@TRINITY_DN10578_c0_g3::CP@TRINITY_DN10578_c0_g3_i10::g.6716::m.6716	38.676	287	165	5	3	282	8	290	1.48e-66	220
Albulaib	CP@TRINITY_DN10578_c0_g3::CP@TRINITY_DN10578_c0_g3_i4::g.6719::m.6719	29.984	637	375	19	31	626	13	619	1.12e-82	272
Albulaib	CP@TRINITY_DN10578_c0_g3::CP@TRINITY_DN10578_c0_g3_i3::g.6718::m.6718	29.885	609	373	16	31	608	13	598	4.67e-78	259
Albulaib	CP@TRINITY_DN10578_c0_g3::CP@TRINITY_DN10578_c0_g3_i10::g.6716::m.6716	42.471	259	141	6	31	286	13	266	5.64e-59	201
Pythirre	CP@TRINITY_DN10578_c0_g3::CP@TRINITY_DN10578_c0_g3_i4::g.6719::m.6719	30.709	635	381	18	16	611	8	622	3.17e-82	270
Pythirre	CP@TRINITY_DN10578_c0_g3::CP@TRINITY_DN10578_c0_g3_i3::g.6718::m.6718	30.542	609	367	17	16	588	8	596	3.12e-77	256
Pythirre	CP@TRINITY_DN10578_c0_g3::CP@TRINITY_DN10578_c0_g3_i10::g.6716::m.6716	40.000	270	151	6	16	281	8	270	4.84e-55	190
Saprdecl	CP@TRINITY_DN10578_c0_g3::CP@TRINITY_DN10578_c0_g3_i4::g.6719::m.6719	29.356	637	397	14	15	619	7	622	2.39e-81	268
Saprdecl	CP@TRINITY_DN10578_c0_g3::CP@TRINITY_DN10578_c0_g3_i3::g.6718::m.6718	29.787	611	377	14	15	595	7	595	1.57e-77	258
Saprdecl	CP@TRINITY_DN10578_c0_g3::CP@TRINITY_DN10578_c0_g3_i10::g.6716::m.6716	38.542	288	167	5	15	296	7	290	5.37e-58	198
Rhiz1243	CP@TRINITY_DN10578_c0_g3::CP@TRINITY_DN10578_c0_g3_i4::g.6719::m.6719	30.856	619	359	20	2	576	26	619	7.66e-70	238
Rhiz1243	CP@TRINITY_DN10578_c0_g3::CP@TRINITY_DN10578_c0_g3_i3::g.6718::m.6718	30.705	596	351	17	2	558	26	598	8.40e-67	229
Rhiz1243	CP@TRINITY_DN10578_c0_g3::CP@TRINITY_DN10578_c0_g3_i10::g.6716::m.6716	39.271	247	136	6	2	242	26	264	3.30e-47	169
Pseuelas	CP@TRINITY_DN10578_c0_g3::CP@TRINITY_DN10578_c0_g3_i4::g.6719::m.6719	27.128	693	390	22	10	675	16	620	3.52e-50	185
Pseuelas	CP@TRINITY_DN10578_c0_g3::CP@TRINITY_DN10578_c0_g3_i3::g.6718::m.6718	26.866	670	377	21	10	654	16	597	1.17e-46	174
Pseuelas	CP@TRINITY_DN10578_c0_g3::CP@TRINITY_DN10578_c0_g3_i10::g.6716::m.6716	35.593	295	167	8	10	300	16	291	6.32e-45	164
Flor1587	CP@TRINITY_DN10578_c0_g3::CP@TRINITY_DN10578_c0_g3_i4::g.6719::m.6719	29.560	636	388	21	64	663	8	619	1.69e-68	235
Flor1587	CP@TRINITY_DN10578_c0_g3::CP@TRINITY_DN10578_c0_g3_i3::g.6718::m.6718	29.672	610	372	20	64	640	8	593	4.79e-65	225
Flor1587	CP@TRINITY_DN10578_c0_g3::CP@TRINITY_DN10578_c0_g3_i10::g.6716::m.6716	36.154	260	152	4	70	325	15	264	2.14e-43	159
Octaspec	CP@TRINITY_DN10578_c0_g3::CP@TRINITY_DN10578_c0_g3_i4::g.6719::m.6719	27.080	661	394	18	9	630	8	619	3.59e-66	228
Octaspec	CP@TRINITY_DN10578_c0_g3::CP@TRINITY_DN10578_c0_g3_i3::g.6718::m.6718	27.273	638	379	17	9	610	8	596	3.55e-64	222
Paheparv	CP@TRINITY_DN10578_c0_g3::CP@TRINITY_DN10578_c0_g3_i4::g.6719::m.6719	29.027	627	396	17	19	614	11	619	6.82e-74	248
Paheparv	CP@TRINITY_DN10578_c0_g3::CP@TRINITY_DN10578_c0_g3_i3::g.6718::m.6718	28.878	606	385	16	19	596	11	598	5.17e-70	238
Paheparv	CP@TRINITY_DN10578_c0_g3::CP@TRINITY_DN10578_c0_g3_i10::g.6716::m.6716	34.859	284	170	6	19	294	11	287	2.45e-48	172
Tripeleu	CP@TRINITY_DN10578_c0_g3::CP@TRINITY_DN10578_c0_g3_i4::g.6719::m.6719	28.947	646	378	26	16	614	8	619	2.36e-58	206
Tripeleu	CP@TRINITY_DN10578_c0_g3::CP@TRINITY_DN10578_c0_g3_i3::g.6718::m.6718	27.840	625	373	23	16	596	8	598	1.12e-54	196
Pela2097	CP@TRINITY_DN10578_c0_g3::CP@TRINITY_DN10578_c0_g3_i4::g.6719::m.6719	30.793	643	379	20	10	617	8	619	1.39e-69	237
Pela2097	CP@TRINITY_DN10578_c0_g3::CP@TRINITY_DN10578_c0_g3_i3::g.6718::m.6718	30.386	622	371	19	10	600	8	598	1.30e-65	226
Pela2097	CP@TRINITY_DN10578_c0_g3::CP@TRINITY_DN10578_c0_g3_i10::g.6716::m.6716	34.169	319	190	7	10	324	8	310	2.69e-45	164
Aureanop	CP@TRINITY_DN10578_c0_g3::CP@TRINITY_DN10578_c0_g3_i4::g.6719::m.6719	30.868	622	379	16	18	606	16	619	2.19e-76	255
Aureanop	CP@TRINITY_DN10578_c0_g3::CP@TRINITY_DN10578_c0_g3_i3::g.6718::m.6718	30.718	599	368	15	18	587	16	596	1.58e-73	247
Aureanop	CP@TRINITY_DN10578_c0_g3::CP@TRINITY_DN10578_c0_g3_i10::g.6716::m.6716	35.563	284	169	4	18	295	16	291	6.78e-49	174
Pelacalc	CP@TRINITY_DN10578_c0_g3::CP@TRINITY_DN10578_c0_g3_i4::g.6719::m.6719	28.617	622	392	17	56	640	8	614	5.40e-64	223
Pelacalc	CP@TRINITY_DN10578_c0_g3::CP@TRINITY_DN10578_c0_g3_i3::g.6718::m.6718	28.407	609	382	16	56	628	8	598	1.38e-63	221
Pelacalc	CP@TRINITY_DN10578_c0_g3::CP@TRINITY_DN10578_c0_g3_i10::g.6716::m.6716	33.910	289	179	5	56	338	8	290	5.84e-44	160
Pelasubv	CP@TRINITY_DN10578_c0_g3::CP@TRINITY_DN10578_c0_g3_i4::g.6719::m.6719	31.220	631	372	21	334	925	8	615	2.68e-64	231
Pelasubv	CP@TRINITY_DN10578_c0_g3::CP@TRINITY_DN10578_c0_g3_i3::g.6718::m.6718	30.592	608	364	19	334	906	8	592	6.54e-61	221
Pelasubv	CP@TRINITY_DN10578_c0_g3::CP@TRINITY_DN10578_c0_g3_i10::g.6716::m.6716	35.274	292	172	6	334	617	8	290	5.59e-44	164
Aurelagu	CP@TRINITY_DN10578_c0_g3::CP@TRINITY_DN10578_c0_g3_i4::g.6719::m.6719	28.413	630	397	19	20	621	16	619	1.15e-70	240
Aurelagu	CP@TRINITY_DN10578_c0_g3::CP@TRINITY_DN10578_c0_g3_i3::g.6718::m.6718	27.922	616	379	17	20	603	16	598	1.01e-68	234
Aurelagu	CP@TRINITY_DN10578_c0_g3::CP@TRINITY_DN10578_c0_g3_i10::g.6716::m.6716	35.740	277	163	5	20	294	16	279	6.96e-49	174
Chryfrag	CP@TRINITY_DN10578_c0_g3::CP@TRINITY_DN10578_c0_g3_i4::g.6719::m.6719	30.394	635	389	20	12	624	16	619	1.98e-70	243
Chryfrag	CP@TRINITY_DN10578_c0_g3::CP@TRINITY_DN10578_c0_g3_i3::g.6718::m.6718	29.967	614	378	19	12	604	16	598	2.59e-64	226
Chryfrag	CP@TRINITY_DN10578_c0_g3::CP@TRINITY_DN10578_c0_g3_i10::g.6716::m.6716	34.146	287	175	4	12	296	16	290	2.77e-45	166
Syncpusi	CP@TRINITY_DN10578_c0_g3::CP@TRINITY_DN10578_c0_g3_i4::g.6719::m.6719	29.524	630	397	22	6	606	8	619	7.86e-69	235
Syncpusi	CP@TRINITY_DN10578_c0_g3::CP@TRINITY_DN10578_c0_g3_i3::g.6718::m.6718	29.654	607	383	21	6	586	8	596	1.45e-67	231
Syncpusi	CP@TRINITY_DN10578_c0_g3::CP@TRINITY_DN10578_c0_g3_i10::g.6716::m.6716	35.849	265	157	7	6	265	8	264	9.06e-46	165
Chatsubs	CP@TRINITY_DN10578_c0_g3::CP@TRINITY_DN10578_c0_g3_i4::g.6719::m.6719	29.858	633	387	17	8	604	8	619	7.92e-81	266
Chatsubs	CP@TRINITY_DN10578_c0_g3::CP@TRINITY_DN10578_c0_g3_i3::g.6718::m.6718	29.739	612	376	15	8	586	8	598	2.41e-78	259
Chatsubs	CP@TRINITY_DN10578_c0_g3::CP@TRINITY_DN10578_c0_g3_i10::g.6716::m.6716	34.211	266	165	4	8	271	8	265	3.36e-45	163
Paravest	CP@TRINITY_DN10578_c0_g3::CP@TRINITY_DN10578_c0_g3_i4::g.6719::m.6719	29.952	631	398	18	18	621	9	622	2.06e-76	255
Paravest	CP@TRINITY_DN10578_c0_g3::CP@TRINITY_DN10578_c0_g3_i3::g.6718::m.6718	29.819	607	385	17	18	600	9	598	1.31e-73	247
Paravest	CP@TRINITY_DN10578_c0_g3::CP@TRINITY_DN10578_c0_g3_i10::g.6716::m.6716	33.916	286	176	5	18	295	9	289	3.82e-48	172
PoterBG1	CP@TRINITY_DN10578_c0_g3::CP@TRINITY_DN10578_c0_g3_i4::g.6719::m.6719	28.013	639	404	21	17	623	8	622	7.72e-61	213
PoterBG1	CP@TRINITY_DN10578_c0_g3::CP@TRINITY_DN10578_c0_g3_i3::g.6718::m.6718	27.805	615	391	20	17	602	8	598	5.86e-58	205
Ochr2298	CP@TRINITY_DN10578_c0_g3::CP@TRINITY_DN10578_c0_g3_i4::g.6719::m.6719	30.174	633	395	16	133	736	8	622	1.13e-68	237
Ochr2298	CP@TRINITY_DN10578_c0_g3::CP@TRINITY_DN10578_c0_g3_i3::g.6718::m.6718	29.721	609	384	15	133	715	8	598	7.47e-64	224
Ochr2298	CP@TRINITY_DN10578_c0_g3::CP@TRINITY_DN10578_c0_g3_i10::g.6716::m.6716	36.101	277	162	6	133	401	8	277	1.34e-48	175
Pedoelon	CP@TRINITY_DN10578_c0_g3::CP@TRINITY_DN10578_c0_g3_i4::g.6719::m.6719	29.549	643	388	20	30	636	9	622	2.79e-68	234
Pedoelon	CP@TRINITY_DN10578_c0_g3::CP@TRINITY_DN10578_c0_g3_i3::g.6718::m.6718	29.241	619	376	19	30	615	9	598	1.03e-63	221
Pedoelon	CP@TRINITY_DN10578_c0_g3::CP@TRINITY_DN10578_c0_g3_i10::g.6716::m.6716	39.394	264	149	6	30	288	9	266	7.81e-52	182
Dino2267	CP@TRINITY_DN10578_c0_g3::CP@TRINITY_DN10578_c0_g3_i4::g.6719::m.6719	29.365	630	382	19	30	629	15	611	1.05e-58	214
Dino2267	CP@TRINITY_DN10578_c0_g3::CP@TRINITY_DN10578_c0_g3_i3::g.6718::m.6718	29.335	617	376	18	30	619	15	598	2.56e-58	212
Dino2267	CP@TRINITY_DN10578_c0_g3::CP@TRINITY_DN10578_c0_g3_i10::g.6716::m.6716	36.078	255	157	3	30	282	15	265	4.79e-45	166
Mallmari	CP@TRINITY_DN10578_c0_g3::CP@TRINITY_DN10578_c0_g3_i4::g.6719::m.6719	28.436	633	386	17	20	613	15	619	5.78e-74	249
Mallmari	CP@TRINITY_DN10578_c0_g3::CP@TRINITY_DN10578_c0_g3_i3::g.6718::m.6718	28.268	612	375	16	20	595	15	598	6.23e-70	237
Mallmari	CP@TRINITY_DN10578_c0_g3::CP@TRINITY_DN10578_c0_g3_i10::g.6716::m.6716	35.317	252	155	4	20	268	15	261	1.11e-50	179
Tribgaya	CP@TRINITY_DN10578_c0_g3::CP@TRINITY_DN10578_c0_g3_i4::g.6719::m.6719	28.638	646	383	25	57	658	8	619	8.02e-63	220
Tribgaya	CP@TRINITY_DN10578_c0_g3::CP@TRINITY_DN10578_c0_g3_i3::g.6718::m.6718	28.480	625	372	24	57	640	8	598	6.96e-61	214
Vauclito	CP@TRINITY_DN10578_c0_g3::CP@TRINITY_DN10578_c0_g3_i4::g.6719::m.6719	29.421	639	385	26	20	621	10	619	6.21e-61	214
Vauclito	CP@TRINITY_DN10578_c0_g3::CP@TRINITY_DN10578_c0_g3_i3::g.6718::m.6718	29.126	618	375	24	20	603	10	598	1.30e-59	210
Agarclat	CP@TRINITY_DN10578_c0_g3::CP@TRINITY_DN10578_c0_g3_i4::g.6719::m.6719	30.443	542	328	15	20	542	15	526	4.52e-60	209
Agarclat	CP@TRINITY_DN10578_c0_g3::CP@TRINITY_DN10578_c0_g3_i3::g.6718::m.6718	30.443	542	328	15	20	542	15	526	1.08e-59	208
Agarclat	CP@TRINITY_DN10578_c0_g3::CP@TRINITY_DN10578_c0_g3_i10::g.6716::m.6716	37.308	260	149	6	20	275	15	264	5.71e-45	162
Fucucera	CP@TRINITY_DN10578_c0_g3::CP@TRINITY_DN10578_c0_g3_i4::g.6719::m.6719	30.349	659	380	20	4	631	9	619	3.12e-74	250
Fucucera	CP@TRINITY_DN10578_c0_g3::CP@TRINITY_DN10578_c0_g3_i3::g.6718::m.6718	29.937	638	371	19	4	613	9	598	2.44e-71	242
Fucucera	CP@TRINITY_DN10578_c0_g3::CP@TRINITY_DN10578_c0_g3_i10::g.6716::m.6716	36.331	278	151	7	4	277	9	264	1.73e-44	162
Haloseos	CP@TRINITY_DN10578_c0_g3::CP@TRINITY_DN10578_c0_g3_i4::g.6719::m.6719	27.129	634	394	22	21	613	16	622	3.16e-60	211
Haloseos	CP@TRINITY_DN10578_c0_g3::CP@TRINITY_DN10578_c0_g3_i3::g.6718::m.6718	26.547	614	378	21	21	592	16	598	2.49e-57	203
PlacCLAB	CP@TRINITY_DN10578_c0_g3::CP@TRINITY_DN10578_c0_g3_i4::g.6719::m.6719	27.586	638	391	19	6	599	3	613	7.70e-52	194
PlacCLAB	CP@TRINITY_DN10578_c0_g3::CP@TRINITY_DN10578_c0_g3_i3::g.6718::m.6718	27.435	616	379	18	6	580	3	591	2.75e-49	186
Wobbluna	CP@TRINITY_DN10578_c0_g3::CP@TRINITY_DN10578_c0_g3_i4::g.6719::m.6719	29.618	628	391	25	13	604	8	620	1.06e-62	218
Wobbluna	CP@TRINITY_DN10578_c0_g3::CP@TRINITY_DN10578_c0_g3_i3::g.6718::m.6718	28.974	604	381	22	13	583	8	596	2.79e-58	206
Karebrev	CP@TRINITY_DN10578_c0_g3::CP@TRINITY_DN10578_c0_g3_i10::g.6716::m.6716	34.448	299	173	7	14	305	8	290	8.54e-44	160
Rhodemar	CP@TRINITY_DN10578_c0_g3::CP@TRINITY_DN10578_c0_g3_i4::g.6719::m.6719	30.156	640	391	23	10	614	1	619	3.62e-73	246
Rhodemar	CP@TRINITY_DN10578_c0_g3::CP@TRINITY_DN10578_c0_g3_i3::g.6718::m.6718	30.506	613	373	22	10	590	1	592	1.95e-71	241
Rhodemar	CP@TRINITY_DN10578_c0_g3::CP@TRINITY_DN10578_c0_g3_i10::g.6716::m.6716	38.007	271	151	8	10	272	1	262	7.79e-53	184
Rhodlimn	CP@TRINITY_DN10578_c0_g3::CP@TRINITY_DN10578_c0_g3_i4::g.6719::m.6719	32.496	637	372	22	24	626	8	620	1.20e-80	267
Rhodlimn	CP@TRINITY_DN10578_c0_g3::CP@TRINITY_DN10578_c0_g3_i3::g.6718::m.6718	32.730	608	356	19	24	601	8	592	5.14e-79	262
Rhodlimn	CP@TRINITY_DN10578_c0_g3::CP@TRINITY_DN10578_c0_g3_i10::g.6716::m.6716	41.603	262	144	6	24	282	8	263	3.66e-59	202
Cyanpara	CP@TRINITY_DN10578_c0_g3::CP@TRINITY_DN10578_c0_g3_i4::g.6719::m.6719	29.102	646	379	23	5	604	8	620	7.39e-68	232
Cyanpara	CP@TRINITY_DN10578_c0_g3::CP@TRINITY_DN10578_c0_g3_i3::g.6718::m.6718	29.147	621	364	22	5	582	8	595	1.68e-65	225
Cyanpara	CP@TRINITY_DN10578_c0_g3::CP@TRINITY_DN10578_c0_g3_i10::g.6716::m.6716	36.678	289	169	7	5	285	8	290	3.77e-55	190
Gloewitr	CP@TRINITY_DN10578_c0_g3::CP@TRINITY_DN10578_c0_g3_i4::g.6719::m.6719	29.781	638	384	21	31	630	8	619	9.79e-77	256
Gloewitr	CP@TRINITY_DN10578_c0_g3::CP@TRINITY_DN10578_c0_g3_i3::g.6718::m.6718	29.984	617	371	20	31	612	8	598	8.79e-75	251
Gloewitr	CP@TRINITY_DN10578_c0_g3::CP@TRINITY_DN10578_c0_g3_i10::g.6716::m.6716	36.149	296	166	7	31	316	8	290	1.12e-53	187
Tisolute	CP@TRINITY_DN10578_c0_g3::CP@TRINITY_DN10578_c0_g3_i4::g.6719::m.6719	29.846	583	340	18	148	686	56	613	1.59e-65	228
Tisolute	CP@TRINITY_DN10578_c0_g3::CP@TRINITY_DN10578_c0_g3_i3::g.6718::m.6718	30.106	568	330	18	148	673	56	598	2.14e-65	227
Tisolute	CP@TRINITY_DN10578_c0_g3::CP@TRINITY_DN10578_c0_g3_i10::g.6716::m.6716	37.083	240	138	5	148	379	56	290	7.95e-45	164
Chrycart	CP@TRINITY_DN10578_c0_g3::CP@TRINITY_DN10578_c0_g3_i4::g.6719::m.6719	28.639	632	396	18	29	630	13	619	5.64e-69	236
Chrycart	CP@TRINITY_DN10578_c0_g3::CP@TRINITY_DN10578_c0_g3_i3::g.6718::m.6718	28.642	611	384	16	29	612	13	598	2.68e-64	223
Chrycart	CP@TRINITY_DN10578_c0_g3::CP@TRINITY_DN10578_c0_g3_i10::g.6716::m.6716	34.495	287	171	6	29	307	13	290	1.22e-47	171
Prymparv	CP@TRINITY_DN10578_c0_g3::CP@TRINITY_DN10578_c0_g3_i4::g.6719::m.6719	29.154	638	384	19	20	619	12	619	1.93e-70	239
Prymparv	CP@TRINITY_DN10578_c0_g3::CP@TRINITY_DN10578_c0_g3_i3::g.6718::m.6718	29.091	605	368	16	20	589	12	590	4.51e-67	229
Prymparv	CP@TRINITY_DN10578_c0_g3::CP@TRINITY_DN10578_c0_g3_i10::g.6716::m.6716	35.439	285	175	6	20	301	12	290	5.62e-51	179
Chryrota	CP@TRINITY_DN10578_c0_g3::CP@TRINITY_DN10578_c0_g3_i4::g.6719::m.6719	28.728	637	395	18	9	610	8	620	7.15e-64	221
Chryrota	CP@TRINITY_DN10578_c0_g3::CP@TRINITY_DN10578_c0_g3_i3::g.6718::m.6718	28.922	612	372	17	9	584	8	592	8.77e-62	215
Chryrota	CP@TRINITY_DN10578_c0_g3::CP@TRINITY_DN10578_c0_g3_i10::g.6716::m.6716	37.415	294	167	8	9	296	8	290	1.27e-48	173
Bafffrig	CP@TRINITY_DN10578_c0_g3::CP@TRINITY_DN10578_c0_g3_i4::g.6719::m.6719	29.730	629	381	20	15	606	15	619	1.23e-69	237
Bafffrig	CP@TRINITY_DN10578_c0_g3::CP@TRINITY_DN10578_c0_g3_i3::g.6718::m.6718	30.083	605	361	19	15	583	15	593	2.48e-68	233
Bafffrig	CP@TRINITY_DN10578_c0_g3::CP@TRINITY_DN10578_c0_g3_i10::g.6716::m.6716	35.409	257	157	5	15	267	15	266	2.13e-44	161
Cryppara	CP@TRINITY_DN10578_c0_g3::CP@TRINITY_DN10578_c0_g3_i3::g.6718::m.6718	34.365	323	179	7	10	311	12	322	1.10e-50	177
Cryppara	CP@TRINITY_DN10578_c0_g3::CP@TRINITY_DN10578_c0_g3_i4::g.6719::m.6719	34.365	323	179	7	10	311	12	322	1.65e-50	177
Cryppara	CP@TRINITY_DN10578_c0_g3::CP@TRINITY_DN10578_c0_g3_i10::g.6716::m.6716	36.364	275	158	5	10	279	12	274	3.00e-50	170
Rhodsali	CP@TRINITY_DN10578_c0_g3::CP@TRINITY_DN10578_c0_g3_i4::g.6719::m.6719	28.797	632	381	20	12	601	15	619	2.62e-71	241
Rhodsali	CP@TRINITY_DN10578_c0_g3::CP@TRINITY_DN10578_c0_g3_i3::g.6718::m.6718	29.064	609	366	19	12	581	15	596	3.81e-70	238
Rhodsali	CP@TRINITY_DN10578_c0_g3::CP@TRINITY_DN10578_c0_g3_i10::g.6716::m.6716	37.175	269	158	5	12	278	15	274	9.35e-53	184
Vannfimi	CP@TRINITY_DN10578_c0_g3::CP@TRINITY_DN10578_c0_g3_i4::g.6719::m.6719	28.386	539	336	19	1	500	92	619	3.81e-52	187
Vannfimi	CP@TRINITY_DN10578_c0_g3::CP@TRINITY_DN10578_c0_g3_i3::g.6718::m.6718	28.378	518	324	18	1	482	92	598	2.87e-50	181
Idiovort	CP@TRINITY_DN10578_c0_g3::CP@TRINITY_DN10578_c0_g3_i4::g.6719::m.6719	30.854	632	377	20	6	597	9	620	9.44e-83	271
Idiovort	CP@TRINITY_DN10578_c0_g3::CP@TRINITY_DN10578_c0_g3_i3::g.6718::m.6718	31.107	614	358	19	6	578	9	598	5.95e-82	269
Idiovort	CP@TRINITY_DN10578_c0_g3::CP@TRINITY_DN10578_c0_g3_i10::g.6716::m.6716	37.671	292	164	7	6	289	9	290	3.59e-59	201
Gefiokel	CP@TRINITY_DN10578_c0_g3::CP@TRINITY_DN10578_c0_g3_i3::g.6718::m.6718	32.394	497	284	15	7	469	8	486	1.12e-65	222
Gefiokel	CP@TRINITY_DN10578_c0_g3::CP@TRINITY_DN10578_c0_g3_i4::g.6719::m.6719	32.056	496	287	14	7	469	8	486	1.74e-65	222
Gefiokel	CP@TRINITY_DN10578_c0_g3::CP@TRINITY_DN10578_c0_g3_i10::g.6716::m.6716	42.966	263	141	4	7	266	8	264	1.80e-62	207
Fabotrop	CP@TRINITY_DN10578_c0_g3::CP@TRINITY_DN10578_c0_g3_i4::g.6719::m.6719	33.438	637	345	22	13	602	15	619	5.28e-95	304
Fabotrop	CP@TRINITY_DN10578_c0_g3::CP@TRINITY_DN10578_c0_g3_i3::g.6718::m.6718	33.552	611	330	21	13	579	15	593	1.29e-89	289
Fabotrop	CP@TRINITY_DN10578_c0_g3::CP@TRINITY_DN10578_c0_g3_i10::g.6716::m.6716	40.580	276	143	8	13	283	15	274	1.02e-61	208
Ancysigm	CP@TRINITY_DN10578_c0_g3::CP@TRINITY_DN10578_c0_g3_i4::g.6719::m.6719	30.862	661	370	25	20	643	9	619	4.85e-74	249
Ancysigm	CP@TRINITY_DN10578_c0_g3::CP@TRINITY_DN10578_c0_g3_i3::g.6718::m.6718	30.469	640	361	24	20	625	9	598	1.18e-68	234
Ancysigm	CP@TRINITY_DN10578_c0_g3::CP@TRINITY_DN10578_c0_g3_i10::g.6716::m.6716	36.604	265	155	5	20	280	9	264	1.75e-49	176
Nutolong	CP@TRINITY_DN10578_c0_g3::CP@TRINITY_DN10578_c0_g3_i4::g.6719::m.6719	31.397	637	381	18	30	630	6	622	3.23e-84	276
Nutolong	CP@TRINITY_DN10578_c0_g3::CP@TRINITY_DN10578_c0_g3_i3::g.6718::m.6718	31.731	624	351	20	30	609	6	598	2.39e-80	265
Nutolong	CP@TRINITY_DN10578_c0_g3::CP@TRINITY_DN10578_c0_g3_i10::g.6716::m.6716	39.597	298	156	8	30	316	6	290	1.50e-59	202
Pharkirb	CP@TRINITY_DN10578_c0_g3::CP@TRINITY_DN10578_c0_g3_i4::g.6719::m.6719	33.229	641	356	27	5	602	8	619	7.04e-90	290
Pharkirb	CP@TRINITY_DN10578_c0_g3::CP@TRINITY_DN10578_c0_g3_i3::g.6718::m.6718	33.065	620	346	26	5	584	8	598	2.66e-84	275
Pharkirb	CP@TRINITY_DN10578_c0_g3::CP@TRINITY_DN10578_c0_g3_i10::g.6716::m.6716	38.908	293	160	9	5	288	8	290	2.49e-60	204
HeterBB2	CP@TRINITY_DN10578_c0_g3::CP@TRINITY_DN10578_c0_g3_i4::g.6719::m.6719	31.669	641	376	21	44	645	2	619	2.26e-80	266
HeterBB2	CP@TRINITY_DN10578_c0_g3::CP@TRINITY_DN10578_c0_g3_i3::g.6718::m.6718	31.553	618	364	20	44	625	2	596	5.51e-76	254
HeterBB2	CP@TRINITY_DN10578_c0_g3::CP@TRINITY_DN10578_c0_g3_i10::g.6716::m.6716	37.667	300	167	9	44	334	2	290	3.66e-52	183
Bodosalt	CP@TRINITY_DN10578_c0_g3::CP@TRINITY_DN10578_c0_g3_i4::g.6719::m.6719	30.503	636	372	25	10	598	8	620	3.69e-64	222
Bodosalt	CP@TRINITY_DN10578_c0_g3::CP@TRINITY_DN10578_c0_g3_i3::g.6718::m.6718	30.229	612	360	24	10	577	8	596	2.91e-59	208
Bodosalt	CP@TRINITY_DN10578_c0_g3::CP@TRINITY_DN10578_c0_g3_i10::g.6716::m.6716	34.737	285	170	10	10	285	8	285	2.07e-42	155
Eutrgymn	CP@TRINITY_DN10578_c0_g3::CP@TRINITY_DN10578_c0_g3_i10::g.6716::m.6716	36.967	211	124	5	12	215	15	223	3.88e-42	145
Euglgrac	CP@TRINITY_DN10578_c0_g3::CP@TRINITY_DN10578_c0_g3_i4::g.6719::m.6719	30.732	628	382	22	26	616	9	620	4.70e-78	259
Euglgrac	CP@TRINITY_DN10578_c0_g3::CP@TRINITY_DN10578_c0_g3_i3::g.6718::m.6718	31.167	600	363	21	32	597	15	598	4.00e-76	254
Euglgrac	CP@TRINITY_DN10578_c0_g3::CP@TRINITY_DN10578_c0_g3_i10::g.6716::m.6716	40.613	261	143	7	26	281	9	262	2.86e-57	196
Eugllong	CP@TRINITY_DN10578_c0_g3::CP@TRINITY_DN10578_c0_g3_i4::g.6719::m.6719	30.696	632	379	25	21	612	8	620	5.83e-77	256
Eugllong	CP@TRINITY_DN10578_c0_g3::CP@TRINITY_DN10578_c0_g3_i3::g.6718::m.6718	30.820	610	366	24	21	593	8	598	8.27e-75	250
Eugllong	CP@TRINITY_DN10578_c0_g3::CP@TRINITY_DN10578_c0_g3_i10::g.6716::m.6716	38.276	290	163	8	21	301	8	290	1.85e-58	199
Trimmari	CP@TRINITY_DN10578_c0_g3::CP@TRINITY_DN10578_c0_g3_i3::g.6718::m.6718	28.146	604	368	24	11	571	16	596	4.32e-57	202
Trimmari	CP@TRINITY_DN10578_c0_g3::CP@TRINITY_DN10578_c0_g3_i4::g.6719::m.6719	27.751	627	384	26	11	591	16	619	3.65e-56	200
Trimmari	CP@TRINITY_DN10578_c0_g3::CP@TRINITY_DN10578_c0_g3_i10::g.6716::m.6716	37.063	286	160	8	11	287	16	290	3.59e-49	174
Carpmemb	CP@TRINITY_DN10578_c0_g3::CP@TRINITY_DN10578_c0_g3_i4::g.6719::m.6719	28.776	629	378	20	22	602	12	618	1.67e-58	207
Carpmemb	CP@TRINITY_DN10578_c0_g3::CP@TRINITY_DN10578_c0_g3_i3::g.6718::m.6718	28.431	612	366	19	22	586	12	598	3.88e-57	203
Mancberm	CP@TRINITY_DN10578_c0_g3::CP@TRINITY_DN10578_c0_g3_i4::g.6719::m.6719	32.857	630	365	20	19	608	8	619	2.77e-93	300
Mancberm	CP@TRINITY_DN10578_c0_g3::CP@TRINITY_DN10578_c0_g3_i3::g.6718::m.6718	33.224	608	353	20	19	590	8	598	7.80e-90	290
Mancberm	CP@TRINITY_DN10578_c0_g3::CP@TRINITY_DN10578_c0_g3_i10::g.6716::m.6716	40.138	289	159	7	19	298	8	291	2.36e-61	207
Sapochin	CP@TRINITY_DN10578_c0_g3::CP@TRINITY_DN10578_c0_g3_i4::g.6719::m.6719	32.253	648	360	22	15	617	6	619	4.30e-77	264
Sapochin	CP@TRINITY_DN10578_c0_g3::CP@TRINITY_DN10578_c0_g3_i3::g.6718::m.6718	32.217	627	349	21	15	599	6	598	1.85e-73	253
Sapochin	CP@TRINITY_DN10578_c0_g3::CP@TRINITY_DN10578_c0_g3_i10::g.6716::m.6716	41.667	300	148	7	15	301	6	291	1.50e-63	218
Armalang	CP@TRINITY_DN10578_c0_g3::CP@TRINITY_DN10578_c0_g3_i3::g.6718::m.6718	30.658	623	355	17	5	584	8	596	4.64e-84	275
Armalang	CP@TRINITY_DN10578_c0_g3::CP@TRINITY_DN10578_c0_g3_i4::g.6719::m.6719	30.658	623	355	17	5	584	8	596	3.83e-83	273
Armalang	CP@TRINITY_DN10578_c0_g3::CP@TRINITY_DN10578_c0_g3_i10::g.6716::m.6716	35.345	348	191	10	5	342	8	331	5.10e-60	203
Pygsbifo	CP@TRINITY_DN10578_c0_g3::CP@TRINITY_DN10578_c0_g3_i3::g.6718::m.6718	36.056	355	183	12	2	331	3	338	1.41e-69	228
Pygsbifo	CP@TRINITY_DN10578_c0_g3::CP@TRINITY_DN10578_c0_g3_i4::g.6719::m.6719	36.056	355	183	12	2	331	3	338	3.05e-69	228
Pygsbifo	CP@TRINITY_DN10578_c0_g3::CP@TRINITY_DN10578_c0_g3_i10::g.6716::m.6716	37.829	304	160	9	2	292	3	290	1.48e-67	216
Lenilimo	CP@TRINITY_DN10578_c0_g3::CP@TRINITY_DN10578_c0_g3_i4::g.6719::m.6719	30.374	642	346	22	2	569	5	619	7.46e-87	281
Lenilimo	CP@TRINITY_DN10578_c0_g3::CP@TRINITY_DN10578_c0_g3_i3::g.6718::m.6718	30.757	621	333	21	2	552	5	598	1.17e-85	278
Lenilimo	CP@TRINITY_DN10578_c0_g3::CP@TRINITY_DN10578_c0_g3_i10::g.6716::m.6716	40.604	298	154	9	2	288	5	290	2.13e-66	219
Filanola	CP@TRINITY_DN10578_c0_g3::CP@TRINITY_DN10578_c0_g3_i4::g.6719::m.6719	32.126	635	376	18	6	602	3	620	2.69e-94	302
Filanola	CP@TRINITY_DN10578_c0_g3::CP@TRINITY_DN10578_c0_g3_i3::g.6718::m.6718	31.974	613	365	17	6	583	3	598	7.31e-89	287
Filanola	CP@TRINITY_DN10578_c0_g3::CP@TRINITY_DN10578_c0_g3_i10::g.6716::m.6716	40.404	297	163	6	6	297	3	290	1.49e-65	218
Schivulg	CP@TRINITY_DN10578_c0_g3::CP@TRINITY_DN10578_c0_g3_i4::g.6719::m.6719	32.143	588	333	20	1	546	56	619	2.89e-86	279
Schivulg	CP@TRINITY_DN10578_c0_g3::CP@TRINITY_DN10578_c0_g3_i3::g.6718::m.6718	32.099	567	322	19	1	528	56	598	8.93e-83	270
Schivulg	CP@TRINITY_DN10578_c0_g3::CP@TRINITY_DN10578_c0_g3_i10::g.6716::m.6716	40.698	258	127	9	1	245	56	300	1.48e-54	187
Cavoapop	CP@TRINITY_DN10578_c0_g3::CP@TRINITY_DN10578_c0_g3_i4::g.6719::m.6719	32.864	639	356	24	6	599	9	619	4.10e-96	306
Cavoapop	CP@TRINITY_DN10578_c0_g3::CP@TRINITY_DN10578_c0_g3_i3::g.6718::m.6718	32.848	618	345	23	6	581	9	598	8.54e-92	295
Cavoapop	CP@TRINITY_DN10578_c0_g3::CP@TRINITY_DN10578_c0_g3_i10::g.6716::m.6716	40.940	298	148	9	6	290	9	291	1.86e-67	223
Soliirre	CP@TRINITY_DN10578_c0_g3::CP@TRINITY_DN10578_c0_g3_i4::g.6719::m.6719	33.545	629	367	19	5	598	8	620	3.05e-98	312
Soliirre	CP@TRINITY_DN10578_c0_g3::CP@TRINITY_DN10578_c0_g3_i3::g.6718::m.6718	33.937	607	353	18	5	579	8	598	3.37e-96	306
Soliirre	CP@TRINITY_DN10578_c0_g3::CP@TRINITY_DN10578_c0_g3_i10::g.6716::m.6716	40.206	291	160	5	5	289	8	290	1.01e-64	216
Phalsoli	CP@TRINITY_DN10578_c0_g3::CP@TRINITY_DN10578_c0_g3_i3::g.6718::m.6718	32.079	558	312	16	5	534	8	526	1.40e-72	242
Phalsoli	CP@TRINITY_DN10578_c0_g3::CP@TRINITY_DN10578_c0_g3_i4::g.6719::m.6719	32.079	558	312	16	5	534	8	526	2.19e-72	242
Phalsoli	CP@TRINITY_DN10578_c0_g3::CP@TRINITY_DN10578_c0_g3_i10::g.6716::m.6716	38.644	295	160	6	5	290	8	290	2.88e-61	205
Ovaldese	CP@TRINITY_DN10578_c0_g3::CP@TRINITY_DN10578_c0_g3_i4::g.6719::m.6719	30.523	593	360	14	1	557	43	619	1.18e-72	244
Ovaldese	CP@TRINITY_DN10578_c0_g3::CP@TRINITY_DN10578_c0_g3_i3::g.6718::m.6718	30.420	572	349	13	1	539	43	598	3.43e-69	234
Ovaldese	CP@TRINITY_DN10578_c0_g3::CP@TRINITY_DN10578_c0_g3_i10::g.6716::m.6716	37.008	254	148	4	1	248	43	290	1.83e-48	172
Cuneruss	CP@TRINITY_DN10578_c0_g3::CP@TRINITY_DN10578_c0_g3_i4::g.6719::m.6719	30.941	627	381	16	10	600	9	619	2.01e-87	284
Cuneruss	CP@TRINITY_DN10578_c0_g3::CP@TRINITY_DN10578_c0_g3_i3::g.6718::m.6718	31.188	606	368	15	10	582	9	598	9.96e-86	279
Cuneruss	CP@TRINITY_DN10578_c0_g3::CP@TRINITY_DN10578_c0_g3_i10::g.6716::m.6716	38.408	289	165	6	10	292	9	290	2.86e-57	196
Mayocant	CP@TRINITY_DN10578_c0_g3::CP@TRINITY_DN10578_c0_g3_i10::g.6716::m.6716	40.000	260	142	6	5	259	8	258	7.94e-59	190
Mayocant	CP@TRINITY_DN10578_c0_g3::CP@TRINITY_DN10578_c0_g3_i3::g.6718::m.6718	40.000	260	142	6	5	259	8	258	7.29e-57	191
Mayocant	CP@TRINITY_DN10578_c0_g3::CP@TRINITY_DN10578_c0_g3_i4::g.6719::m.6719	40.000	260	142	6	5	259	8	258	1.57e-56	191
Luaphula	CP@TRINITY_DN10578_c0_g3::CP@TRINITY_DN10578_c0_g3_i4::g.6719::m.6719	30.841	642	367	23	65	660	9	619	1.41e-74	251
Luaphula	CP@TRINITY_DN10578_c0_g3::CP@TRINITY_DN10578_c0_g3_i3::g.6718::m.6718	30.918	621	355	22	65	642	9	598	4.37e-71	242
Luaphula	CP@TRINITY_DN10578_c0_g3::CP@TRINITY_DN10578_c0_g3_i10::g.6716::m.6716	34.915	295	171	8	65	351	9	290	8.44e-47	169
Dracjorm	CP@TRINITY_DN10578_c0_g3::CP@TRINITY_DN10578_c0_g3_i4::g.6719::m.6719	28.822	628	384	21	74	661	16	620	1.39e-76	257
Dracjorm	CP@TRINITY_DN10578_c0_g3::CP@TRINITY_DN10578_c0_g3_i3::g.6718::m.6718	28.548	606	373	20	74	642	16	598	1.93e-72	245
Pellcata	CP@TRINITY_DN10578_c0_g3::CP@TRINITY_DN10578_c0_g3_i4::g.6719::m.6719	27.548	628	386	21	70	652	16	619	6.13e-66	228
Pellcata	CP@TRINITY_DN10578_c0_g3::CP@TRINITY_DN10578_c0_g3_i3::g.6718::m.6718	27.512	607	374	20	70	634	16	598	9.67e-64	221
Gocefonb	CP@TRINITY_DN10578_c0_g3::CP@TRINITY_DN10578_c0_g3_i4::g.6719::m.6719	31.200	625	371	19	77	663	16	619	3.33e-76	256
Gocefonb	CP@TRINITY_DN10578_c0_g3::CP@TRINITY_DN10578_c0_g3_i3::g.6718::m.6718	31.126	604	360	18	77	645	16	598	2.56e-73	248
Stensten	CP@TRINITY_DN10578_c0_g3::CP@TRINITY_DN10578_c0_g3_i4::g.6719::m.6719	27.010	622	397	18	95	674	13	619	2.88e-69	238
Stensten	CP@TRINITY_DN10578_c0_g3::CP@TRINITY_DN10578_c0_g3_i3::g.6718::m.6718	26.544	599	390	16	95	656	13	598	2.03e-65	226
Veximinu	CP@TRINITY_DN10578_c0_g3::CP@TRINITY_DN10578_c0_g3_i3::g.6718::m.6718	34.171	597	344	14	18	579	10	592	4.35e-99	314
Veximinu	CP@TRINITY_DN10578_c0_g3::CP@TRINITY_DN10578_c0_g3_i4::g.6719::m.6719	33.387	623	356	15	18	598	10	615	2.73e-98	313
Veximinu	CP@TRINITY_DN10578_c0_g3::CP@TRINITY_DN10578_c0_g3_i10::g.6716::m.6716	39.649	285	162	5	18	296	10	290	2.31e-63	213
Paralevi	CP@TRINITY_DN10578_c0_g3::CP@TRINITY_DN10578_c0_g3_i4::g.6719::m.6719	34.135	624	360	18	30	615	9	619	8.73e-104	327
Paralevi	CP@TRINITY_DN10578_c0_g3::CP@TRINITY_DN10578_c0_g3_i3::g.6718::m.6718	34.494	603	347	17	30	597	9	598	3.05e-101	320
Paralevi	CP@TRINITY_DN10578_c0_g3::CP@TRINITY_DN10578_c0_g3_i10::g.6716::m.6716	43.253	289	147	7	30	308	9	290	3.07e-66	220
Sapppeda	CP@TRINITY_DN10578_c0_g3::CP@TRINITY_DN10578_c0_g3_i4::g.6719::m.6719	30.880	625	367	19	18	600	16	617	4.90e-85	278
Sapppeda	CP@TRINITY_DN10578_c0_g3::CP@TRINITY_DN10578_c0_g3_i3::g.6718::m.6718	31.023	606	356	18	18	584	16	598	2.12e-83	273
Sapppeda	CP@TRINITY_DN10578_c0_g3::CP@TRINITY_DN10578_c0_g3_i10::g.6716::m.6716	40.426	282	154	6	18	292	16	290	9.98e-61	205
ThecSK13	CP@TRINITY_DN10578_c0_g3::CP@TRINITY_DN10578_c0_g3_i10::g.6716::m.6716	49.133	173	84	4	1	171	30	200	1.27e-49	163
ThecSK13	CP@TRINITY_DN10578_c0_g3::CP@TRINITY_DN10578_c0_g3_i3::g.6718::m.6718	49.133	173	84	4	1	171	30	200	5.91e-48	164
ThecSK13	CP@TRINITY_DN10578_c0_g3::CP@TRINITY_DN10578_c0_g3_i4::g.6719::m.6719	49.133	173	84	4	1	171	30	200	1.11e-47	163
Vermverm	CP@TRINITY_DN10578_c0_g3::CP@TRINITY_DN10578_c0_g3_i4::g.6719::m.6719	32.385	633	371	19	2	594	5	620	4.26e-98	311
Vermverm	CP@TRINITY_DN10578_c0_g3::CP@TRINITY_DN10578_c0_g3_i3::g.6718::m.6718	32.733	611	357	18	2	575	5	598	4.42e-95	303
Vermverm	CP@TRINITY_DN10578_c0_g3::CP@TRINITY_DN10578_c0_g3_i10::g.6716::m.6716	40.690	290	162	6	2	285	5	290	5.27e-67	222
Amoeprot	CP@TRINITY_DN10578_c0_g3::CP@TRINITY_DN10578_c0_g3_i4::g.6719::m.6719	30.386	622	369	22	13	588	16	619	5.51e-70	237
Amoeprot	CP@TRINITY_DN10578_c0_g3::CP@TRINITY_DN10578_c0_g3_i3::g.6718::m.6718	30.542	609	346	21	13	570	16	598	2.53e-69	235
Amoeprot	CP@TRINITY_DN10578_c0_g3::CP@TRINITY_DN10578_c0_g3_i10::g.6716::m.6716	38.929	280	159	6	13	285	16	290	3.29e-54	187
Coprprot	CP@TRINITY_DN10578_c0_g3::CP@TRINITY_DN10578_c0_g3_i4::g.6719::m.6719	30.843	629	372	24	22	604	9	620	3.84e-75	251
Coprprot	CP@TRINITY_DN10578_c0_g3::CP@TRINITY_DN10578_c0_g3_i3::g.6718::m.6718	31.137	607	358	23	22	585	9	598	3.00e-72	243
Coprprot	CP@TRINITY_DN10578_c0_g3::CP@TRINITY_DN10578_c0_g3_i10::g.6716::m.6716	36.585	287	169	7	22	300	9	290	5.70e-50	176
Rhizsaxo	CP@TRINITY_DN10578_c0_g3::CP@TRINITY_DN10578_c0_g3_i4::g.6719::m.6719	28.889	630	392	20	2	590	5	619	5.11e-79	261
Rhizsaxo	CP@TRINITY_DN10578_c0_g3::CP@TRINITY_DN10578_c0_g3_i3::g.6718::m.6718	28.736	609	381	19	2	572	5	598	4.38e-76	253
Rhizsaxo	CP@TRINITY_DN10578_c0_g3::CP@TRINITY_DN10578_c0_g3_i10::g.6716::m.6716	33.898	295	178	9	2	287	5	291	6.46e-48	171
Arcevulg	CP@TRINITY_DN10578_c0_g3::CP@TRINITY_DN10578_c0_g3_i4::g.6719::m.6719	31.083	637	366	24	24	611	7	619	4.04e-77	257
Arcevulg	CP@TRINITY_DN10578_c0_g3::CP@TRINITY_DN10578_c0_g3_i3::g.6718::m.6718	30.945	614	358	21	24	593	7	598	1.14e-74	250
Arcevulg	CP@TRINITY_DN10578_c0_g3::CP@TRINITY_DN10578_c0_g3_i10::g.6716::m.6716	36.177	293	169	7	24	307	7	290	1.21e-53	186
NolaAFSM	CP@TRINITY_DN10578_c0_g3::CP@TRINITY_DN10578_c0_g3_i4::g.6719::m.6719	30.442	634	374	21	5	593	8	619	1.44e-79	263
NolaAFSM	CP@TRINITY_DN10578_c0_g3::CP@TRINITY_DN10578_c0_g3_i3::g.6718::m.6718	30.680	603	354	20	13	573	16	596	1.01e-76	255
NolaAFSM	CP@TRINITY_DN10578_c0_g3::CP@TRINITY_DN10578_c0_g3_i10::g.6716::m.6716	35.082	305	174	9	13	308	16	305	6.12e-50	176
Flabcita	CP@TRINITY_DN10578_c0_g3::CP@TRINITY_DN10578_c0_g3_i4::g.6719::m.6719	27.031	640	389	23	5	594	8	619	2.01e-70	239
Flabcita	CP@TRINITY_DN10578_c0_g3::CP@TRINITY_DN10578_c0_g3_i3::g.6718::m.6718	27.464	619	374	23	5	576	8	598	9.66e-68	231
Flabcita	CP@TRINITY_DN10578_c0_g3::CP@TRINITY_DN10578_c0_g3_i10::g.6716::m.6716	33.121	314	186	9	5	308	8	307	7.34e-53	184
Echiexud	CP@TRINITY_DN10578_c0_g3::CP@TRINITY_DN10578_c0_g3_i4::g.6719::m.6719	31.754	633	366	19	31	618	8	619	3.51e-95	305
Echiexud	CP@TRINITY_DN10578_c0_g3::CP@TRINITY_DN10578_c0_g3_i3::g.6718::m.6718	31.863	612	354	18	31	600	8	598	2.58e-92	296
Echiexud	CP@TRINITY_DN10578_c0_g3::CP@TRINITY_DN10578_c0_g3_i10::g.6716::m.6716	40.068	292	159	6	31	314	8	291	1.25e-65	219
MicrA134	CP@TRINITY_DN10578_c0_g3::CP@TRINITY_DN10578_c0_g3_i10::g.6716::m.6716	40.000	235	129	4	15	247	8	232	1.66e-57	186
MicrA134	CP@TRINITY_DN10578_c0_g3::CP@TRINITY_DN10578_c0_g3_i3::g.6718::m.6718	38.843	242	136	4	8	247	1	232	3.00e-55	186
MicrA134	CP@TRINITY_DN10578_c0_g3::CP@TRINITY_DN10578_c0_g3_i4::g.6719::m.6719	38.843	242	136	4	8	247	1	232	4.62e-55	186
Rhizelon	CP@TRINITY_DN10578_c0_g3::CP@TRINITY_DN10578_c0_g3_i4::g.6719::m.6719	29.374	623	389	18	24	609	11	619	7.65e-81	267
Rhizelon	CP@TRINITY_DN10578_c0_g3::CP@TRINITY_DN10578_c0_g3_i3::g.6718::m.6718	29.801	604	372	18	24	591	11	598	3.83e-79	262
Rhizelon	CP@TRINITY_DN10578_c0_g3::CP@TRINITY_DN10578_c0_g3_i10::g.6716::m.6716	37.631	287	166	5	24	304	11	290	7.04e-58	198
Masteilh	CP@TRINITY_DN10578_c0_g3::CP@TRINITY_DN10578_c0_g3_i4::g.6719::m.6719	32.540	630	366	20	5	593	8	619	4.18e-93	299
Masteilh	CP@TRINITY_DN10578_c0_g3::CP@TRINITY_DN10578_c0_g3_i3::g.6718::m.6718	32.455	607	358	19	5	575	8	598	7.38e-93	297
Masteilh	CP@TRINITY_DN10578_c0_g3::CP@TRINITY_DN10578_c0_g3_i10::g.6716::m.6716	41.034	290	156	7	5	285	8	291	3.29e-69	228
Echibisp	CP@TRINITY_DN10578_c0_g3::CP@TRINITY_DN10578_c0_g3_i4::g.6719::m.6719	34.609	627	353	21	5	591	8	617	6.86e-99	313
Echibisp	CP@TRINITY_DN10578_c0_g3::CP@TRINITY_DN10578_c0_g3_i3::g.6718::m.6718	35.033	608	341	20	5	575	8	598	2.98e-98	311
Echibisp	CP@TRINITY_DN10578_c0_g3::CP@TRINITY_DN10578_c0_g3_i10::g.6716::m.6716	41.748	309	159	8	5	304	8	304	9.00e-69	226
Hetepall	CP@TRINITY_DN10578_c0_g3::CP@TRINITY_DN10578_c0_g3_i4::g.6719::m.6719	32.006	628	369	19	5	590	8	619	1.41e-83	273
Hetepall	CP@TRINITY_DN10578_c0_g3::CP@TRINITY_DN10578_c0_g3_i3::g.6718::m.6718	31.901	605	361	17	5	572	8	598	8.33e-82	268
Hetepall	CP@TRINITY_DN10578_c0_g3::CP@TRINITY_DN10578_c0_g3_i10::g.6716::m.6716	39.931	288	163	5	5	286	8	291	1.50e-63	213
Cochminu	CP@TRINITY_DN10578_c0_g3::CP@TRINITY_DN10578_c0_g3_i4::g.6719::m.6719	29.291	635	384	20	20	612	8	619	6.07e-79	262
Cochminu	CP@TRINITY_DN10578_c0_g3::CP@TRINITY_DN10578_c0_g3_i3::g.6718::m.6718	29.642	614	370	19	20	594	8	598	8.42e-78	258
Cochminu	CP@TRINITY_DN10578_c0_g3::CP@TRINITY_DN10578_c0_g3_i10::g.6716::m.6716	38.312	308	176	5	20	321	8	307	3.21e-61	207
Mantplas	CP@TRINITY_DN10578_c0_g3::CP@TRINITY_DN10578_c0_g3_i4::g.6719::m.6719	28.326	639	396	19	25	625	5	619	7.12e-79	262
Mantplas	CP@TRINITY_DN10578_c0_g3::CP@TRINITY_DN10578_c0_g3_i3::g.6718::m.6718	28.710	620	375	19	25	605	5	596	5.66e-77	256
Mantplas	CP@TRINITY_DN10578_c0_g3::CP@TRINITY_DN10578_c0_g3_i10::g.6716::m.6716	35.374	294	176	6	25	312	5	290	5.14e-57	196
Minivibr	CP@TRINITY_DN10578_c0_g3::CP@TRINITY_DN10578_c0_g3_i4::g.6719::m.6719	33.174	627	359	22	13	602	16	619	5.40e-92	296
Minivibr	CP@TRINITY_DN10578_c0_g3::CP@TRINITY_DN10578_c0_g3_i3::g.6718::m.6718	32.838	606	350	21	13	584	16	598	1.31e-88	286
Minivibr	CP@TRINITY_DN10578_c0_g3::CP@TRINITY_DN10578_c0_g3_i10::g.6716::m.6716	39.510	286	155	7	13	291	16	290	4.53e-62	209
Diphrota	CP@TRINITY_DN10578_c0_g3::CP@TRINITY_DN10578_c0_g3_i4::g.6719::m.6719	31.944	648	364	21	12	611	1	619	1.85e-97	311
Diphrota	CP@TRINITY_DN10578_c0_g3::CP@TRINITY_DN10578_c0_g3_i3::g.6718::m.6718	31.579	627	355	20	12	593	1	598	7.28e-92	295
Diphrota	CP@TRINITY_DN10578_c0_g3::CP@TRINITY_DN10578_c0_g3_i10::g.6716::m.6716	38.742	302	166	9	12	303	1	293	1.60e-63	213
Rigiramo	CP@TRINITY_DN10578_c0_g3::CP@TRINITY_DN10578_c0_g3_i3::g.6718::m.6718	35.714	420	216	13	14	398	8	408	5.11e-68	229
Rigiramo	CP@TRINITY_DN10578_c0_g3::CP@TRINITY_DN10578_c0_g3_i4::g.6719::m.6719	35.714	420	216	13	14	398	8	408	1.14e-67	229
Rigiramo	CP@TRINITY_DN10578_c0_g3::CP@TRINITY_DN10578_c0_g3_i10::g.6716::m.6716	40.952	315	161	10	14	317	8	308	4.26e-63	209
Gallgall	CP@TRINITY_DN10578_c0_g3::CP@TRINITY_DN10578_c0_g3_i4::g.6719::m.6719	31.981	641	367	25	5	602	6	620	1.03e-91	295
Gallgall	CP@TRINITY_DN10578_c0_g3::CP@TRINITY_DN10578_c0_g3_i3::g.6718::m.6718	32.472	619	352	24	5	583	6	598	4.24e-91	293
Gallgall	CP@TRINITY_DN10578_c0_g3::CP@TRINITY_DN10578_c0_g3_i10::g.6716::m.6716	43.878	294	147	8	5	289	6	290	1.79e-73	239
Tricadha	CP@TRINITY_DN10578_c0_g3::CP@TRINITY_DN10578_c0_g3_i3::g.6718::m.6718	37.260	365	196	9	4	341	7	365	2.59e-76	246
Tricadha	CP@TRINITY_DN10578_c0_g3::CP@TRINITY_DN10578_c0_g3_i4::g.6719::m.6719	37.260	365	196	9	4	341	7	365	5.02e-76	245
Tricadha	CP@TRINITY_DN10578_c0_g3::CP@TRINITY_DN10578_c0_g3_i10::g.6716::m.6716	40.690	290	158	6	4	285	7	290	2.80e-72	228
Salprose	CP@TRINITY_DN10578_c0_g3::CP@TRINITY_DN10578_c0_g3_i4::g.6719::m.6719	32.445	638	369	18	65	659	2	620	3.28e-90	293
Salprose	CP@TRINITY_DN10578_c0_g3::CP@TRINITY_DN10578_c0_g3_i3::g.6718::m.6718	33.225	614	355	19	65	640	2	598	1.02e-87	286
Salprose	CP@TRINITY_DN10578_c0_g3::CP@TRINITY_DN10578_c0_g3_i10::g.6716::m.6716	39.057	297	168	5	65	355	2	291	9.23e-64	214
Amoepara	CP@TRINITY_DN10578_c0_g3::CP@TRINITY_DN10578_c0_g3_i4::g.6719::m.6719	33.652	627	364	21	5	594	8	619	2.47e-104	328
Amoepara	CP@TRINITY_DN10578_c0_g3::CP@TRINITY_DN10578_c0_g3_i3::g.6718::m.6718	33.663	606	353	20	5	576	8	598	1.68e-100	317
Amoepara	CP@TRINITY_DN10578_c0_g3::CP@TRINITY_DN10578_c0_g3_i10::g.6716::m.6716	42.215	289	155	7	5	287	8	290	5.56e-72	235
Sphaarct	CP@TRINITY_DN10578_c0_g3::CP@TRINITY_DN10578_c0_g3_i4::g.6719::m.6719	30.096	628	373	21	5	582	8	619	4.05e-81	267
Sphaarct	CP@TRINITY_DN10578_c0_g3::CP@TRINITY_DN10578_c0_g3_i3::g.6718::m.6718	29.752	605	366	19	5	564	8	598	1.58e-78	259
Sphaarct	CP@TRINITY_DN10578_c0_g3::CP@TRINITY_DN10578_c0_g3_i10::g.6716::m.6716	41.199	267	148	6	5	268	8	268	6.11e-63	211
Mnemleid	CP@TRINITY_DN10578_c0_g3::CP@TRINITY_DN10578_c0_g3_i4::g.6719::m.6719	28.752	633	391	21	15	608	6	617	3.44e-70	238
Mnemleid	CP@TRINITY_DN10578_c0_g3::CP@TRINITY_DN10578_c0_g3_i3::g.6718::m.6718	28.827	614	380	20	15	592	6	598	7.53e-70	237
Mnemleid	CP@TRINITY_DN10578_c0_g3::CP@TRINITY_DN10578_c0_g3_i10::g.6716::m.6716	33.673	294	179	7	15	301	6	290	3.32e-49	174
Schimans	CP@TRINITY_DN10578_c0_g3::CP@TRINITY_DN10578_c0_g3_i4::g.6719::m.6719	29.538	650	385	27	16	630	8	619	1.26e-72	245
Schimans	CP@TRINITY_DN10578_c0_g3::CP@TRINITY_DN10578_c0_g3_i3::g.6718::m.6718	29.700	633	367	25	16	612	8	598	7.09e-70	238
Schimans	CP@TRINITY_DN10578_c0_g3::CP@TRINITY_DN10578_c0_g3_i10::g.6716::m.6716	40.068	292	160	8	16	300	8	291	9.10e-59	201
Taensoli	CP@TRINITY_DN10578_c0_g3::CP@TRINITY_DN10578_c0_g3_i4::g.6719::m.6719	29.358	654	384	23	10	632	13	619	2.45e-72	245
Taensoli	CP@TRINITY_DN10578_c0_g3::CP@TRINITY_DN10578_c0_g3_i3::g.6718::m.6718	29.374	623	366	21	10	604	13	589	1.00e-67	232
Taensoli	CP@TRINITY_DN10578_c0_g3::CP@TRINITY_DN10578_c0_g3_i10::g.6716::m.6716	41.339	254	139	6	10	259	13	260	1.07e-57	198
Drosmela	CP@TRINITY_DN10578_c0_g3::CP@TRINITY_DN10578_c0_g3_i4::g.6719::m.6719	32.595	632	371	20	9	603	6	619	1.18e-103	327
Drosmela	CP@TRINITY_DN10578_c0_g3::CP@TRINITY_DN10578_c0_g3_i3::g.6718::m.6718	32.779	601	353	18	9	575	6	589	3.05e-100	317
Drosmela	CP@TRINITY_DN10578_c0_g3::CP@TRINITY_DN10578_c0_g3_i10::g.6716::m.6716	42.955	291	153	6	9	292	6	290	1.38e-75	244
Drosmela	CP@TRINITY_DN4476_c0_g1::CP@TRINITY_DN4476_c0_g1_i1::g.77547::m.77547	42.387	243	136	3	364	605	6	245	4.22e-60	201
Apismell	CP@TRINITY_DN10578_c0_g3::CP@TRINITY_DN10578_c0_g3_i4::g.6719::m.6719	31.962	632	375	20	2	595	5	619	3.04e-106	333
Apismell	CP@TRINITY_DN10578_c0_g3::CP@TRINITY_DN10578_c0_g3_i3::g.6718::m.6718	32.079	611	363	19	2	577	5	598	1.27e-102	323
Apismell	CP@TRINITY_DN10578_c0_g3::CP@TRINITY_DN10578_c0_g3_i10::g.6716::m.6716	42.808	292	154	6	2	286	5	290	1.49e-78	252
Apismell	CP@TRINITY_DN4476_c0_g1::CP@TRINITY_DN4476_c0_g1_i1::g.77547::m.77547	42.798	243	136	3	355	597	6	245	3.68e-68	221
Aplycali	CP@TRINITY_DN10578_c0_g3::CP@TRINITY_DN10578_c0_g3_i4::g.6719::m.6719	30.806	633	380	20	3	595	5	619	2.17e-87	284
Aplycali	CP@TRINITY_DN10578_c0_g3::CP@TRINITY_DN10578_c0_g3_i3::g.6718::m.6718	31.516	587	348	18	3	552	5	574	6.34e-84	274
Aplycali	CP@TRINITY_DN10578_c0_g3::CP@TRINITY_DN10578_c0_g3_i10::g.6716::m.6716	39.796	294	161	5	3	288	5	290	2.81e-69	228
Amphquee	CP@TRINITY_DN10578_c0_g3::CP@TRINITY_DN10578_c0_g3_i10::g.6716::m.6716	42.517	294	153	7	2	287	5	290	7.94e-72	227
Amphquee	CP@TRINITY_DN10578_c0_g3::CP@TRINITY_DN10578_c0_g3_i3::g.6718::m.6718	39.130	345	179	10	2	326	5	338	6.44e-71	232
Amphquee	CP@TRINITY_DN10578_c0_g3::CP@TRINITY_DN10578_c0_g3_i4::g.6719::m.6719	39.130	345	179	10	2	326	5	338	1.29e-70	231
Branflor	CP@TRINITY_DN10578_c0_g3::CP@TRINITY_DN10578_c0_g3_i10::g.6716::m.6716	41.479	311	158	8	46	347	12	307	3.95e-70	228
Branflor	CP@TRINITY_DN10578_c0_g3::CP@TRINITY_DN10578_c0_g3_i4::g.6719::m.6719	28.916	581	307	18	46	534	12	578	4.41e-69	233
Branflor	CP@TRINITY_DN10578_c0_g3::CP@TRINITY_DN10578_c0_g3_i3::g.6718::m.6718	28.744	581	308	18	46	534	12	578	2.50e-68	231
Caeneleg	CP@TRINITY_DN10578_c0_g3::CP@TRINITY_DN10578_c0_g3_i4::g.6719::m.6719	32.171	631	367	19	10	599	12	622	1.08e-90	292
Caeneleg	CP@TRINITY_DN10578_c0_g3::CP@TRINITY_DN10578_c0_g3_i3::g.6718::m.6718	32.075	583	340	16	10	554	12	576	6.70e-85	276
Caeneleg	CP@TRINITY_DN10578_c0_g3::CP@TRINITY_DN10578_c0_g3_i10::g.6716::m.6716	36.552	290	164	7	10	290	12	290	8.88e-55	189
Fontalba	CP@TRINITY_DN10578_c0_g3::CP@TRINITY_DN10578_c0_g3_i4::g.6719::m.6719	31.700	653	372	25	12	636	16	622	2.34e-81	269
Fontalba	CP@TRINITY_DN10578_c0_g3::CP@TRINITY_DN10578_c0_g3_i3::g.6718::m.6718	31.410	624	359	23	12	607	16	598	1.34e-74	250
Fontalba	CP@TRINITY_DN10578_c0_g3::CP@TRINITY_DN10578_c0_g3_i10::g.6716::m.6716	39.414	307	161	8	12	310	16	305	5.79e-59	201
Spizpunc	CP@TRINITY_DN10578_c0_g3::CP@TRINITY_DN10578_c0_g3_i4::g.6719::m.6719	34.646	635	350	17	6	599	9	619	8.58e-111	345
Spizpunc	CP@TRINITY_DN10578_c0_g3::CP@TRINITY_DN10578_c0_g3_i3::g.6718::m.6718	35.016	614	337	16	6	581	9	598	6.24e-108	337
Spizpunc	CP@TRINITY_DN10578_c0_g3::CP@TRINITY_DN10578_c0_g3_i10::g.6716::m.6716	40.683	322	164	7	6	317	9	313	9.79e-75	242
Spizpunc	CP@TRINITY_DN4476_c0_g1::CP@TRINITY_DN4476_c0_g1_i1::g.77547::m.77547	37.751	249	143	8	360	603	6	247	5.08e-42	152
Blasbrit	CP@TRINITY_DN10578_c0_g3::CP@TRINITY_DN10578_c0_g3_i4::g.6719::m.6719	32.980	661	346	22	16	634	14	619	4.62e-84	276
Blasbrit	CP@TRINITY_DN10578_c0_g3::CP@TRINITY_DN10578_c0_g3_i3::g.6718::m.6718	31.754	633	352	21	16	616	14	598	1.65e-80	266
Blasbrit	CP@TRINITY_DN10578_c0_g3::CP@TRINITY_DN10578_c0_g3_i10::g.6716::m.6716	43.151	292	145	7	16	301	14	290	2.17e-66	221
Allomacr	CP@TRINITY_DN10578_c0_g3::CP@TRINITY_DN10578_c0_g3_i4::g.6719::m.6719	33.020	639	359	20	19	620	13	619	2.62e-90	292
Allomacr	CP@TRINITY_DN10578_c0_g3::CP@TRINITY_DN10578_c0_g3_i3::g.6718::m.6718	32.463	613	352	17	19	599	13	595	2.39e-87	284
Allomacr	CP@TRINITY_DN10578_c0_g3::CP@TRINITY_DN10578_c0_g3_i10::g.6716::m.6716	39.365	315	171	8	19	327	13	313	1.99e-64	216
Ustimayd	CP@TRINITY_DN10578_c0_g3::CP@TRINITY_DN10578_c0_g3_i4::g.6719::m.6719	32.081	639	363	22	5	599	8	619	8.90e-81	266
Ustimayd	CP@TRINITY_DN10578_c0_g3::CP@TRINITY_DN10578_c0_g3_i3::g.6718::m.6718	32.045	621	348	22	5	581	8	598	1.78e-78	260
Ustimayd	CP@TRINITY_DN10578_c0_g3::CP@TRINITY_DN10578_c0_g3_i10::g.6716::m.6716	39.322	295	162	8	5	294	8	290	1.90e-57	196
Coprcine	CP@TRINITY_DN10578_c0_g3::CP@TRINITY_DN10578_c0_g3_i4::g.6719::m.6719	32.203	649	365	20	9	623	12	619	3.24e-90	292
Coprcine	CP@TRINITY_DN10578_c0_g3::CP@TRINITY_DN10578_c0_g3_i3::g.6718::m.6718	31.529	628	355	20	9	602	12	598	4.84e-82	270
Coprcine	CP@TRINITY_DN10578_c0_g3::CP@TRINITY_DN10578_c0_g3_i10::g.6716::m.6716	38.732	284	161	6	9	284	12	290	1.13e-59	203
Schizpom	CP@TRINITY_DN10578_c0_g3::CP@TRINITY_DN10578_c0_g3_i4::g.6719::m.6719	30.269	631	379	17	5	592	8	620	5.72e-87	283
Schizpom	CP@TRINITY_DN10578_c0_g3::CP@TRINITY_DN10578_c0_g3_i3::g.6718::m.6718	30.378	609	366	16	5	573	8	598	1.02e-82	271
Schizpom	CP@TRINITY_DN10578_c0_g3::CP@TRINITY_DN10578_c0_g3_i10::g.6716::m.6716	31.746	315	197	7	5	317	8	306	3.66e-47	169
Debahans	CP@TRINITY_DN10578_c0_g3::CP@TRINITY_DN10578_c0_g3_i4::g.6719::m.6719	26.332	657	398	25	10	630	13	619	4.91e-58	206
Debahans	CP@TRINITY_DN10578_c0_g3::CP@TRINITY_DN10578_c0_g3_i3::g.6718::m.6718	26.266	632	384	23	10	605	13	598	3.83e-55	197
Neurcras	CP@TRINITY_DN10578_c0_g3::CP@TRINITY_DN10578_c0_g3_i4::g.6719::m.6719	31.308	642	379	20	4	612	7	619	1.08e-83	275
Neurcras	CP@TRINITY_DN10578_c0_g3::CP@TRINITY_DN10578_c0_g3_i3::g.6718::m.6718	30.684	629	361	19	4	594	7	598	2.53e-77	257
Neurcras	CP@TRINITY_DN10578_c0_g3::CP@TRINITY_DN10578_c0_g3_i10::g.6716::m.6716	35.254	295	171	7	4	289	7	290	1.59e-49	176
Aspefumi	CP@TRINITY_DN10578_c0_g3::CP@TRINITY_DN10578_c0_g3_i4::g.6719::m.6719	30.066	602	356	23	13	571	40	619	1.39e-69	236
Aspefumi	CP@TRINITY_DN10578_c0_g3::CP@TRINITY_DN10578_c0_g3_i3::g.6718::m.6718	30.293	581	342	22	13	552	40	598	3.70e-67	229
Rhizdele	CP@TRINITY_DN10578_c0_g3::CP@TRINITY_DN10578_c0_g3_i4::g.6719::m.6719	32.993	588	336	19	13	567	57	619	4.27e-89	287
Rhizdele	CP@TRINITY_DN10578_c0_g3::CP@TRINITY_DN10578_c0_g3_i3::g.6718::m.6718	33.039	566	319	19	13	544	57	596	5.82e-83	271
Rhizdele	CP@TRINITY_DN10578_c0_g3::CP@TRINITY_DN10578_c0_g3_i10::g.6716::m.6716	39.394	264	144	8	13	272	57	308	2.31e-55	190
