Sacccere	CP@TRINITY_DN6843_c0_g1::CP@TRINITY_DN6843_c0_g1_i4::g.20659::m.20659	37.276	279	147	9	21	298	17	268	9.68e-45	159
Parapyri	CP@TRINITY_DN6843_c0_g1::CP@TRINITY_DN6843_c0_g1_i4::g.20659::m.20659	30.606	330	206	8	9	323	6	327	4.71e-47	162
Plasbras	CP@TRINITY_DN6843_c0_g1::CP@TRINITY_DN6843_c0_g1_i4::g.20659::m.20659	36.095	338	192	8	52	381	17	338	7.64e-61	200
Oxyrmari	CP@TRINITY_DN6843_c0_g1::CP@TRINITY_DN6843_c0_g1_i4::g.20659::m.20659	33.711	353	198	8	21	366	9	332	2.98e-57	191
AmoeALEX	CP@TRINITY_DN6843_c0_g1::CP@TRINITY_DN6843_c0_g1_i4::g.20659::m.20659	32.267	344	195	7	14	350	18	330	3.00e-57	190
AmoeALEX	CP@TRINITY_DN8315_c1_g1::CP@TRINITY_DN8315_c1_g1_i12::g.27197::m.27197	34.859	284	145	6	38	289	184	459	4.23e-47	171
AmoeALEX	CP@TRINITY_DN8315_c1_g1::CP@TRINITY_DN8315_c1_g1_i5::g.27199::m.27199	34.859	284	145	6	38	289	170	445	4.34e-47	170
AmoeALEX	CP@TRINITY_DN1045_c0_g1::CP@TRINITY_DN1045_c0_g1_i13::g.5709::m.5709	36.704	267	137	6	105	369	1	237	6.32e-42	156
AmoeALEX	CP@TRINITY_DN1045_c0_g1::CP@TRINITY_DN1045_c0_g1_i5::g.5718::m.5718	36.704	267	137	6	105	369	1	237	6.44e-42	156
Noctscin	CP@TRINITY_DN6843_c0_g1::CP@TRINITY_DN6843_c0_g1_i4::g.20659::m.20659	35.329	334	193	10	10	337	14	330	1.57e-55	187
Vitrbras	CP@TRINITY_DN8315_c1_g1::CP@TRINITY_DN8315_c1_g1_i12::g.27197::m.27197	36.610	295	152	6	68	337	197	481	8.24e-48	175
Vitrbras	CP@TRINITY_DN8315_c1_g1::CP@TRINITY_DN8315_c1_g1_i5::g.27199::m.27199	36.610	295	152	6	68	337	183	467	9.39e-48	175
Platmacr	CP@TRINITY_DN6843_c0_g1::CP@TRINITY_DN6843_c0_g1_i4::g.20659::m.20659	31.361	338	194	6	21	347	20	330	7.37e-54	181
Paratetr	CP@TRINITY_DN6843_c0_g1::CP@TRINITY_DN6843_c0_g1_i4::g.20659::m.20659	32.099	324	195	8	13	324	20	330	1.42e-49	169
Tetrther	CP@TRINITY_DN6843_c0_g1::CP@TRINITY_DN6843_c0_g1_i4::g.20659::m.20659	33.333	330	192	5	10	328	18	330	5.92e-57	189
Ichtmult	CP@TRINITY_DN6843_c0_g1::CP@TRINITY_DN6843_c0_g1_i4::g.20659::m.20659	32.326	331	196	8	19	336	18	333	1.74e-48	167
Protadhe	CP@TRINITY_DN6843_c0_g1::CP@TRINITY_DN6843_c0_g1_i4::g.20659::m.20659	32.764	351	184	10	31	367	18	330	1.05e-51	176
Nephpyri	CP@TRINITY_DN6843_c0_g1::CP@TRINITY_DN6843_c0_g1_i4::g.20659::m.20659	38.314	261	147	5	50	298	9	267	2.16e-56	186
Prascaps	CP@TRINITY_DN6843_c0_g1::CP@TRINITY_DN6843_c0_g1_i4::g.20659::m.20659	34.140	372	189	11	16	372	20	350	3.09e-60	198
Prassing	CP@TRINITY_DN6843_c0_g1::CP@TRINITY_DN6843_c0_g1_i4::g.20659::m.20659	33.708	356	192	8	72	414	15	339	3.13e-63	208
Prassing	CP@TRINITY_DN1045_c0_g1::CP@TRINITY_DN1045_c0_g1_i13::g.5709::m.5709	39.834	241	112	5	165	400	1	213	4.82e-43	161
Prassing	CP@TRINITY_DN1045_c0_g1::CP@TRINITY_DN1045_c0_g1_i5::g.5718::m.5718	39.834	241	112	5	165	400	1	213	4.94e-43	161
Tetrasti	CP@TRINITY_DN6843_c0_g1::CP@TRINITY_DN6843_c0_g1_i4::g.20659::m.20659	35.362	345	185	9	19	351	20	338	2.30e-57	191
Dunasali	CP@TRINITY_DN6843_c0_g1::CP@TRINITY_DN6843_c0_g1_i4::g.20659::m.20659	40.625	256	142	5	7	252	15	270	2.33e-55	186
Dunasali	CP@TRINITY_DN8315_c1_g1::CP@TRINITY_DN8315_c1_g1_i5::g.27199::m.27199	38.078	281	112	6	46	264	183	463	8.10e-47	170
Dunasali	CP@TRINITY_DN8315_c1_g1::CP@TRINITY_DN8315_c1_g1_i12::g.27197::m.27197	38.078	281	112	6	46	264	197	477	8.30e-47	170
Pyrapark	CP@TRINITY_DN6843_c0_g1::CP@TRINITY_DN6843_c0_g1_i4::g.20659::m.20659	34.722	360	188	11	20	367	17	341	1.96e-59	196
Pyrapark	CP@TRINITY_DN2136_c0_g1::CP@TRINITY_DN2136_c0_g1_i17::g.52300::m.52300	32.113	355	210	11	21	362	37	373	3.49e-42	153
Pyrapark	CP@TRINITY_DN2136_c0_g1::CP@TRINITY_DN2136_c0_g1_i7::g.52303::m.52303	32.113	355	210	11	21	362	37	373	4.62e-42	153
Pyrapark	CP@TRINITY_DN2136_c0_g1::CP@TRINITY_DN2136_c0_g1_i5::g.52302::m.52302	32.394	355	209	11	21	362	37	373	5.79e-42	152
Pyrapark	CP@TRINITY_DN2136_c0_g1::CP@TRINITY_DN2136_c0_g1_i11::g.52298::m.52298	32.113	355	210	11	21	362	35	371	5.96e-42	152
Arabthal	CP@TRINITY_DN6843_c0_g1::CP@TRINITY_DN6843_c0_g1_i4::g.20659::m.20659	33.811	349	188	7	32	370	15	330	3.82e-58	193
Arabthal	CP@TRINITY_DN8315_c1_g1::CP@TRINITY_DN8315_c1_g1_i5::g.27199::m.27199	36.697	327	142	8	20	282	123	448	1.32e-46	169
Arabthal	CP@TRINITY_DN8315_c1_g1::CP@TRINITY_DN8315_c1_g1_i12::g.27197::m.27197	36.697	327	142	8	20	282	137	462	1.69e-46	169
Arabthal	CP@TRINITY_DN1045_c0_g1::CP@TRINITY_DN1045_c0_g1_i13::g.5709::m.5709	39.464	261	124	6	125	382	1	230	1.77e-44	164
Arabthal	CP@TRINITY_DN1045_c0_g1::CP@TRINITY_DN1045_c0_g1_i5::g.5718::m.5718	39.464	261	124	6	125	382	1	230	1.82e-44	164
Mesoviri	CP@TRINITY_DN6843_c0_g1::CP@TRINITY_DN6843_c0_g1_i4::g.20659::m.20659	36.585	369	193	7	6	364	15	352	4.48e-68	218
Mesoviri	CP@TRINITY_DN1045_c0_g1::CP@TRINITY_DN1045_c0_g1_i13::g.5709::m.5709	41.322	242	108	6	99	335	1	213	4.56e-44	162
Mesoviri	CP@TRINITY_DN1045_c0_g1::CP@TRINITY_DN1045_c0_g1_i5::g.5718::m.5718	41.322	242	108	6	99	335	1	213	4.67e-44	162
Rainerin	CP@TRINITY_DN6843_c0_g1::CP@TRINITY_DN6843_c0_g1_i4::g.20659::m.20659	37.151	358	179	12	32	374	15	341	2.71e-63	206
ChoanoFB	CP@TRINITY_DN6843_c0_g1::CP@TRINITY_DN6843_c0_g1_i4::g.20659::m.20659	35.775	355	187	9	11	352	15	341	6.19e-64	207
ChoanoFB	CP@TRINITY_DN1045_c0_g1::CP@TRINITY_DN1045_c0_g1_i13::g.5709::m.5709	39.768	259	126	5	104	356	1	235	5.26e-51	182
ChoanoFB	CP@TRINITY_DN1045_c0_g1::CP@TRINITY_DN1045_c0_g1_i5::g.5718::m.5718	39.768	259	126	5	104	356	1	235	5.48e-51	182
Raphhete	CP@TRINITY_DN6843_c0_g1::CP@TRINITY_DN6843_c0_g1_i4::g.20659::m.20659	35.988	339	182	7	13	339	15	330	6.90e-66	213
Raphhete	CP@TRINITY_DN1045_c0_g1::CP@TRINITY_DN1045_c0_g1_i13::g.5709::m.5709	43.830	235	104	7	106	334	1	213	1.33e-50	181
Raphhete	CP@TRINITY_DN1045_c0_g1::CP@TRINITY_DN1045_c0_g1_i5::g.5718::m.5718	43.830	235	104	7	106	334	1	213	1.38e-50	181
AcanthFB	CP@TRINITY_DN6843_c0_g1::CP@TRINITY_DN6843_c0_g1_i4::g.20659::m.20659	38.123	341	170	8	11	338	15	327	2.43e-67	216
AcanthFB	CP@TRINITY_DN1045_c0_g1::CP@TRINITY_DN1045_c0_g1_i13::g.5709::m.5709	42.437	238	107	5	104	336	1	213	2.27e-51	182
AcanthFB	CP@TRINITY_DN1045_c0_g1::CP@TRINITY_DN1045_c0_g1_i5::g.5718::m.5718	42.437	238	107	5	104	336	1	213	2.37e-51	182
Phaeglob	CP@TRINITY_DN6843_c0_g1::CP@TRINITY_DN6843_c0_g1_i4::g.20659::m.20659	35.390	308	144	9	2	298	67	330	1.96e-47	163
Calclept	CP@TRINITY_DN6843_c0_g1::CP@TRINITY_DN6843_c0_g1_i4::g.20659::m.20659	33.425	365	181	10	58	410	18	332	2.57e-56	190
Hemikukw	CP@TRINITY_DN6843_c0_g1::CP@TRINITY_DN6843_c0_g1_i4::g.20659::m.20659	38.682	349	178	11	51	385	15	341	1.45e-67	218
Hemikukw	CP@TRINITY_DN1045_c0_g1::CP@TRINITY_DN1045_c0_g1_i13::g.5709::m.5709	43.697	238	109	7	144	374	1	220	8.51e-54	191
Hemikukw	CP@TRINITY_DN1045_c0_g1::CP@TRINITY_DN1045_c0_g1_i5::g.5718::m.5718	43.697	238	109	7	144	374	1	220	8.94e-54	191
SpirCILI	CP@TRINITY_DN6843_c0_g1::CP@TRINITY_DN6843_c0_g1_i4::g.20659::m.20659	40.310	258	138	6	13	257	15	269	3.60e-59	192
SpirCILI	CP@TRINITY_DN2136_c0_g1::CP@TRINITY_DN2136_c0_g1_i11::g.52298::m.52298	35.206	267	159	8	1	260	20	279	3.74e-41	147
SpirCILI	CP@TRINITY_DN2136_c0_g1::CP@TRINITY_DN2136_c0_g1_i17::g.52300::m.52300	35.632	261	154	8	7	260	28	281	6.97e-41	146
SpirCILI	CP@TRINITY_DN2136_c0_g1::CP@TRINITY_DN2136_c0_g1_i7::g.52303::m.52303	35.632	261	154	8	7	260	28	281	7.42e-41	146
SpirCILI	CP@TRINITY_DN2136_c0_g1::CP@TRINITY_DN2136_c0_g1_i5::g.52302::m.52302	36.015	261	153	9	7	260	28	281	8.14e-41	146
Thalpseu	CP@TRINITY_DN6843_c0_g1::CP@TRINITY_DN6843_c0_g1_i4::g.20659::m.20659	36.220	254	153	4	1	247	15	266	3.46e-47	160
ChrysoH2	CP@TRINITY_DN6843_c0_g1::CP@TRINITY_DN6843_c0_g1_i4::g.20659::m.20659	36.890	328	153	14	10	304	15	321	1.86e-49	170
ChrysoH1	CP@TRINITY_DN6843_c0_g1::CP@TRINITY_DN6843_c0_g1_i4::g.20659::m.20659	37.313	268	129	4	14	242	18	285	5.87e-51	173
MAST004C	CP@TRINITY_DN6843_c0_g1::CP@TRINITY_DN6843_c0_g1_i4::g.20659::m.20659	35.795	352	186	12	3	325	6	346	2.25e-60	197
MAST004C	CP@TRINITY_DN1045_c0_g1::CP@TRINITY_DN1045_c0_g1_i13::g.5709::m.5709	47.005	217	105	6	92	302	1	213	4.61e-51	181
MAST004C	CP@TRINITY_DN1045_c0_g1::CP@TRINITY_DN1045_c0_g1_i5::g.5718::m.5718	47.005	217	105	6	92	302	1	213	4.80e-51	181
BicoCB20	CP@TRINITY_DN6843_c0_g1::CP@TRINITY_DN6843_c0_g1_i4::g.20659::m.20659	40.000	280	148	7	11	277	15	287	1.72e-64	207
BicoCB20	CP@TRINITY_DN6843_c0_g1::CP@TRINITY_DN6843_c0_g1_i3::g.20657::m.20657	38.356	219	119	6	11	216	15	230	5.18e-47	158
BicoCB20	CP@TRINITY_DN1045_c0_g1::CP@TRINITY_DN1045_c0_g1_i13::g.5709::m.5709	51.572	159	70	3	104	257	1	157	1.87e-42	155
BicoCB20	CP@TRINITY_DN1045_c0_g1::CP@TRINITY_DN1045_c0_g1_i5::g.5718::m.5718	51.572	159	70	3	104	257	1	157	1.90e-42	155
Leptvora	CP@TRINITY_DN6843_c0_g1::CP@TRINITY_DN6843_c0_g1_i4::g.20659::m.20659	35.756	344	184	8	13	344	15	333	7.53e-63	205
Leptvora	CP@TRINITY_DN1045_c0_g1::CP@TRINITY_DN1045_c0_g1_i13::g.5709::m.5709	41.833	251	118	6	106	351	1	228	6.46e-49	176
Leptvora	CP@TRINITY_DN1045_c0_g1::CP@TRINITY_DN1045_c0_g1_i5::g.5718::m.5718	41.833	251	118	6	106	351	1	228	6.70e-49	176
Phytpara	CP@TRINITY_DN6843_c0_g1::CP@TRINITY_DN6843_c0_g1_i4::g.20659::m.20659	41.502	253	134	5	17	257	18	268	1.76e-57	190
TeloneP2	CP@TRINITY_DN6843_c0_g1::CP@TRINITY_DN6843_c0_g1_i4::g.20659::m.20659	32.764	351	193	7	41	382	15	331	6.11e-52	177
Telosubt	CP@TRINITY_DN6843_c0_g1::CP@TRINITY_DN6843_c0_g1_i4::g.20659::m.20659	35.361	263	161	3	16	269	18	280	2.07e-49	168
TeloneP1	CP@TRINITY_DN6843_c0_g1::CP@TRINITY_DN6843_c0_g1_i4::g.20659::m.20659	33.524	349	190	8	1	337	15	333	1.89e-53	181
Guilthet	CP@TRINITY_DN6843_c0_g1::CP@TRINITY_DN6843_c0_g1_i4::g.20659::m.20659	32.945	343	197	8	19	350	18	338	1.54e-51	175
Hemirufe	CP@TRINITY_DN6843_c0_g1::CP@TRINITY_DN6843_c0_g1_i4::g.20659::m.20659	32.102	352	196	9	18	357	18	338	6.84e-52	177
Bigenata	CP@TRINITY_DN6843_c0_g1::CP@TRINITY_DN6843_c0_g1_i4::g.20659::m.20659	36.905	336	189	7	11	333	15	340	3.60e-68	218
Bigenata	CP@TRINITY_DN1045_c0_g1::CP@TRINITY_DN1045_c0_g1_i13::g.5709::m.5709	47.368	228	106	7	104	325	1	220	5.27e-54	189
Bigenata	CP@TRINITY_DN1045_c0_g1::CP@TRINITY_DN1045_c0_g1_i5::g.5718::m.5718	47.368	228	106	7	104	325	1	220	5.53e-54	189
Bigenata	CP@TRINITY_DN6843_c0_g1::CP@TRINITY_DN6843_c0_g1_i3::g.20657::m.20657	37.143	210	118	5	14	211	18	225	4.70e-44	152
Sori0191	CP@TRINITY_DN6843_c0_g1::CP@TRINITY_DN6843_c0_g1_i4::g.20659::m.20659	31.111	405	210	13	2	393	4	352	2.19e-52	178
Ammo1384	CP@TRINITY_DN6843_c0_g1::CP@TRINITY_DN6843_c0_g1_i4::g.20659::m.20659	33.333	402	199	14	2	389	4	350	3.20e-58	194
Paulchro	CP@TRINITY_DN6843_c0_g1::CP@TRINITY_DN6843_c0_g1_i4::g.20659::m.20659	34.877	367	183	7	6	362	10	330	7.26e-66	213
Paulchro	CP@TRINITY_DN8315_c1_g1::CP@TRINITY_DN8315_c1_g1_i5::g.27199::m.27199	38.966	290	117	7	44	273	176	465	7.08e-49	176
Paulchro	CP@TRINITY_DN8315_c1_g1::CP@TRINITY_DN8315_c1_g1_i12::g.27197::m.27197	35.262	363	157	9	44	331	190	549	9.05e-49	176
Aurisoli	CP@TRINITY_DN6843_c0_g1::CP@TRINITY_DN6843_c0_g1_i4::g.20659::m.20659	35.333	300	162	6	1	291	57	333	8.78e-60	195
Lapoguse	CP@TRINITY_DN6843_c0_g1::CP@TRINITY_DN6843_c0_g1_i4::g.20659::m.20659	36.782	348	178	10	12	345	14	333	9.16e-63	204
MAST003A	CP@TRINITY_DN6843_c0_g1::CP@TRINITY_DN6843_c0_g1_i4::g.20659::m.20659	35.043	351	209	9	15	355	18	359	3.24e-61	201
Naeggrub	CP@TRINITY_DN6843_c0_g1::CP@TRINITY_DN6843_c0_g1_i4::g.20659::m.20659	32.759	348	185	7	24	359	20	330	7.61e-57	189
Dictdisc	CP@TRINITY_DN6843_c0_g1::CP@TRINITY_DN6843_c0_g1_i4::g.20659::m.20659	36.607	336	183	9	8	328	10	330	1.31e-65	211
Protfung	CP@TRINITY_DN6843_c0_g1::CP@TRINITY_DN6843_c0_g1_i4::g.20659::m.20659	38.235	340	174	11	19	343	20	338	8.84e-73	230
Protfung	CP@TRINITY_DN1045_c0_g1::CP@TRINITY_DN1045_c0_g1_i13::g.5709::m.5709	43.777	233	108	8	107	332	1	217	2.21e-49	177
Protfung	CP@TRINITY_DN1045_c0_g1::CP@TRINITY_DN1045_c0_g1_i5::g.5718::m.5718	43.777	233	108	8	107	332	1	217	2.29e-49	177
Physpoly	CP@TRINITY_DN6843_c0_g1::CP@TRINITY_DN6843_c0_g1_i4::g.20659::m.20659	38.418	354	190	10	10	349	11	350	8.76e-72	227
Physpoly	CP@TRINITY_DN1045_c0_g1::CP@TRINITY_DN1045_c0_g1_i13::g.5709::m.5709	47.534	223	99	8	107	322	1	212	6.17e-51	181
Physpoly	CP@TRINITY_DN1045_c0_g1::CP@TRINITY_DN1045_c0_g1_i5::g.5718::m.5718	47.534	223	99	8	107	322	1	212	6.43e-51	181
Physpoly	CP@TRINITY_DN6843_c0_g1::CP@TRINITY_DN6843_c0_g1_i3::g.20657::m.20657	37.387	222	124	5	10	218	11	230	5.65e-44	151
Syssmult	CP@TRINITY_DN6843_c0_g1::CP@TRINITY_DN6843_c0_g1_i4::g.20659::m.20659	42.638	326	175	7	15	332	15	336	1.26e-85	263
Syssmult	CP@TRINITY_DN1045_c0_g1::CP@TRINITY_DN1045_c0_g1_i13::g.5709::m.5709	55.093	216	90	4	108	320	1	212	1.31e-69	232
Syssmult	CP@TRINITY_DN1045_c0_g1::CP@TRINITY_DN1045_c0_g1_i5::g.5718::m.5718	55.093	216	90	4	108	320	1	212	1.42e-69	232
Syssmult	CP@TRINITY_DN8315_c1_g1::CP@TRINITY_DN8315_c1_g1_i5::g.27199::m.27199	45.185	270	97	4	54	272	183	452	2.37e-61	209
Syssmult	CP@TRINITY_DN8315_c1_g1::CP@TRINITY_DN8315_c1_g1_i12::g.27197::m.27197	45.185	270	97	4	54	272	197	466	2.67e-61	209
Syssmult	CP@TRINITY_DN6843_c0_g1::CP@TRINITY_DN6843_c0_g1_i3::g.20657::m.20657	40.741	216	121	3	15	223	15	230	1.63e-55	181
Capsowcz	CP@TRINITY_DN6843_c0_g1::CP@TRINITY_DN6843_c0_g1_i4::g.20659::m.20659	39.883	341	172	11	18	335	20	350	1.66e-77	241
Capsowcz	CP@TRINITY_DN1045_c0_g1::CP@TRINITY_DN1045_c0_g1_i13::g.5709::m.5709	50.467	214	89	4	110	308	1	212	2.01e-64	218
Capsowcz	CP@TRINITY_DN1045_c0_g1::CP@TRINITY_DN1045_c0_g1_i5::g.5718::m.5718	50.467	214	89	4	110	308	1	212	2.16e-64	218
Capsowcz	CP@TRINITY_DN6843_c0_g1::CP@TRINITY_DN6843_c0_g1_i3::g.20657::m.20657	40.385	208	113	5	18	218	20	223	7.63e-51	169
Creofrag	CP@TRINITY_DN6843_c0_g1::CP@TRINITY_DN6843_c0_g1_i4::g.20659::m.20659	40.233	343	192	8	10	342	10	349	7.42e-87	266
Creofrag	CP@TRINITY_DN1045_c0_g1::CP@TRINITY_DN1045_c0_g1_i13::g.5709::m.5709	51.111	225	107	3	109	330	1	225	6.35e-68	227
Creofrag	CP@TRINITY_DN1045_c0_g1::CP@TRINITY_DN1045_c0_g1_i5::g.5718::m.5718	51.111	225	107	3	109	330	1	225	6.87e-68	227
Creofrag	CP@TRINITY_DN8315_c1_g1::CP@TRINITY_DN8315_c1_g1_i5::g.27199::m.27199	40.070	287	120	3	43	277	170	456	6.97e-59	202
Creofrag	CP@TRINITY_DN8315_c1_g1::CP@TRINITY_DN8315_c1_g1_i12::g.27197::m.27197	40.070	287	120	3	43	277	184	470	7.68e-59	202
Creofrag	CP@TRINITY_DN6843_c0_g1::CP@TRINITY_DN6843_c0_g1_i3::g.20657::m.20657	39.189	222	127	4	10	224	10	230	1.70e-54	178
Batrdend	CP@TRINITY_DN6843_c0_g1::CP@TRINITY_DN6843_c0_g1_i4::g.20659::m.20659	34.483	319	178	8	1	317	41	330	3.98e-51	173
Batrdend	CP@TRINITY_DN8315_c1_g1::CP@TRINITY_DN8315_c1_g1_i5::g.27199::m.27199	32.491	277	144	3	7	243	177	450	5.58e-44	160
Batrdend	CP@TRINITY_DN8315_c1_g1::CP@TRINITY_DN8315_c1_g1_i12::g.27197::m.27197	32.491	277	144	3	7	243	191	464	6.75e-44	160
Coralima	CP@TRINITY_DN6843_c0_g1::CP@TRINITY_DN6843_c0_g1_i4::g.20659::m.20659	38.284	303	170	8	42	335	20	314	1.33e-60	200
Coralima	CP@TRINITY_DN1045_c0_g1::CP@TRINITY_DN1045_c0_g1_i13::g.5709::m.5709	43.564	202	110	3	130	331	1	198	1.82e-51	184
Coralima	CP@TRINITY_DN1045_c0_g1::CP@TRINITY_DN1045_c0_g1_i5::g.5718::m.5718	43.564	202	110	3	130	331	1	198	1.90e-51	184
Parvatla	CP@TRINITY_DN6843_c0_g1::CP@TRINITY_DN6843_c0_g1_i4::g.20659::m.20659	40.476	294	163	7	1	286	63	352	3.05e-64	206
Parvatla	CP@TRINITY_DN8315_c1_g1::CP@TRINITY_DN8315_c1_g1_i5::g.27199::m.27199	41.339	254	96	4	1	202	191	443	1.07e-57	196
Parvatla	CP@TRINITY_DN8315_c1_g1::CP@TRINITY_DN8315_c1_g1_i12::g.27197::m.27197	41.339	254	96	4	1	202	205	457	1.51e-57	196
Parvatla	CP@TRINITY_DN1045_c0_g1::CP@TRINITY_DN1045_c0_g1_i13::g.5709::m.5709	43.556	225	120	3	47	267	1	222	1.43e-56	194
Parvatla	CP@TRINITY_DN1045_c0_g1::CP@TRINITY_DN1045_c0_g1_i5::g.5718::m.5718	43.556	225	120	3	47	267	1	222	1.50e-56	194
Nemavect	CP@TRINITY_DN6843_c0_g1::CP@TRINITY_DN6843_c0_g1_i4::g.20659::m.20659	44.611	334	173	7	9	334	12	341	2.66e-97	292
Nemavect	CP@TRINITY_DN1045_c0_g1::CP@TRINITY_DN1045_c0_g1_i13::g.5709::m.5709	62.222	225	83	2	106	329	1	224	6.55e-94	296
Nemavect	CP@TRINITY_DN1045_c0_g1::CP@TRINITY_DN1045_c0_g1_i5::g.5718::m.5718	62.222	225	83	2	106	329	1	224	7.37e-94	296
Nemavect	CP@TRINITY_DN6843_c0_g1::CP@TRINITY_DN6843_c0_g1_i3::g.20657::m.20657	44.091	220	115	4	9	221	12	230	1.11e-60	194
Homosapi	CP@TRINITY_DN1045_c0_g1::CP@TRINITY_DN1045_c0_g1_i13::g.5709::m.5709	64.000	225	78	2	106	328	1	224	5.06e-98	307
Homosapi	CP@TRINITY_DN1045_c0_g1::CP@TRINITY_DN1045_c0_g1_i5::g.5718::m.5718	64.000	225	78	2	106	328	1	224	5.73e-98	307
Homosapi	CP@TRINITY_DN6843_c0_g1::CP@TRINITY_DN6843_c0_g1_i4::g.20659::m.20659	43.675	332	179	4	18	342	20	350	1.30e-97	293
Homosapi	CP@TRINITY_DN6843_c0_g1::CP@TRINITY_DN6843_c0_g1_i3::g.20657::m.20657	44.175	206	108	3	18	216	20	225	3.62e-59	190
Homosapi	CP@TRINITY_DN8315_c1_g1::CP@TRINITY_DN8315_c1_g1_i5::g.27199::m.27199	42.751	269	103	3	40	257	171	439	3.03e-58	200
Homosapi	CP@TRINITY_DN8315_c1_g1::CP@TRINITY_DN8315_c1_g1_i12::g.27197::m.27197	42.751	269	103	3	40	257	185	453	3.80e-58	200
Monobrev	CP@TRINITY_DN6843_c0_g1::CP@TRINITY_DN6843_c0_g1_i4::g.20659::m.20659	36.741	313	183	7	9	312	34	340	4.45e-61	198
Monobrev	CP@TRINITY_DN1045_c0_g1::CP@TRINITY_DN1045_c0_g1_i13::g.5709::m.5709	44.351	239	119	5	83	315	1	231	2.52e-55	192
Monobrev	CP@TRINITY_DN1045_c0_g1::CP@TRINITY_DN1045_c0_g1_i5::g.5718::m.5718	44.351	239	119	5	83	315	1	231	2.65e-55	192
Sphadest	CP@TRINITY_DN1045_c0_g1::CP@TRINITY_DN1045_c0_g1_i13::g.5709::m.5709	58.605	215	82	4	27	237	1	212	3.91e-77	249
Sphadest	CP@TRINITY_DN1045_c0_g1::CP@TRINITY_DN1045_c0_g1_i5::g.5718::m.5718	58.605	215	82	4	27	237	1	212	4.29e-77	249
Sphadest	CP@TRINITY_DN6843_c0_g1::CP@TRINITY_DN6843_c0_g1_i4::g.20659::m.20659	41.697	271	147	6	1	263	83	350	2.04e-67	213
Acancast	CP@TRINITY_DN6843_c0_g1::CP@TRINITY_DN6843_c0_g1_i4::g.20659::m.20659	37.725	334	179	10	13	332	15	333	2.72e-67	216
Acancast	CP@TRINITY_DN1045_c0_g1::CP@TRINITY_DN1045_c0_g1_i13::g.5709::m.5709	38.496	226	120	6	105	324	1	213	7.43e-42	155
Acancast	CP@TRINITY_DN1045_c0_g1::CP@TRINITY_DN1045_c0_g1_i5::g.5718::m.5718	38.496	226	120	6	105	324	1	213	7.57e-42	155
Idiovort	CP@TRINITY_DN6843_c0_g1::CP@TRINITY_DN6843_c0_g1_i4::g.20659::m.20659	36.499	337	183	9	15	340	15	331	1.79e-66	214
Idiovort	CP@TRINITY_DN1045_c0_g1::CP@TRINITY_DN1045_c0_g1_i13::g.5709::m.5709	43.023	258	121	8	109	360	1	238	1.82e-53	189
Idiovort	CP@TRINITY_DN1045_c0_g1::CP@TRINITY_DN1045_c0_g1_i5::g.5718::m.5718	43.023	258	121	8	109	360	1	238	1.91e-53	189
Vannfimi	CP@TRINITY_DN6843_c0_g1::CP@TRINITY_DN6843_c0_g1_i4::g.20659::m.20659	35.398	339	195	9	17	345	6	330	1.06e-62	204
Vannfimi	CP@TRINITY_DN1045_c0_g1::CP@TRINITY_DN1045_c0_g1_i13::g.5709::m.5709	43.363	226	111	7	119	340	1	213	3.16e-47	171
Vannfimi	CP@TRINITY_DN1045_c0_g1::CP@TRINITY_DN1045_c0_g1_i5::g.5718::m.5718	43.363	226	111	7	119	340	1	213	3.26e-47	171
Vannfimi	CP@TRINITY_DN2136_c0_g1::CP@TRINITY_DN2136_c0_g1_i17::g.52300::m.52300	32.571	350	206	13	28	356	36	376	1.26e-41	151
Vannfimi	CP@TRINITY_DN2136_c0_g1::CP@TRINITY_DN2136_c0_g1_i5::g.52302::m.52302	32.571	350	206	13	28	356	36	376	2.05e-41	150
Vannfimi	CP@TRINITY_DN2136_c0_g1::CP@TRINITY_DN2136_c0_g1_i7::g.52303::m.52303	32.571	350	206	13	28	356	36	376	2.31e-41	150
Vannfimi	CP@TRINITY_DN2136_c0_g1::CP@TRINITY_DN2136_c0_g1_i11::g.52298::m.52298	32.571	350	206	13	28	356	34	374	2.35e-41	150
Flecnera	CP@TRINITY_DN6843_c0_g1::CP@TRINITY_DN6843_c0_g1_i4::g.20659::m.20659	35.758	330	176	11	56	368	20	330	4.33e-55	185
Diplambu	CP@TRINITY_DN6843_c0_g1::CP@TRINITY_DN6843_c0_g1_i4::g.20659::m.20659	34.877	324	187	9	63	373	18	330	1.40e-54	184
Cyanpara	CP@TRINITY_DN6843_c0_g1::CP@TRINITY_DN6843_c0_g1_i4::g.20659::m.20659	34.286	350	182	10	14	352	18	330	4.21e-56	187
Cyanpara	CP@TRINITY_DN1045_c0_g1::CP@TRINITY_DN1045_c0_g1_i13::g.5709::m.5709	46.063	254	98	7	106	354	1	220	1.03e-52	187
Cyanpara	CP@TRINITY_DN1045_c0_g1::CP@TRINITY_DN1045_c0_g1_i5::g.5718::m.5718	46.063	254	98	7	106	354	1	220	1.08e-52	187
Gloewitr	CP@TRINITY_DN6843_c0_g1::CP@TRINITY_DN6843_c0_g1_i4::g.20659::m.20659	32.576	396	195	12	3	386	6	341	6.78e-56	187
Rhodemar	CP@TRINITY_DN6843_c0_g1::CP@TRINITY_DN6843_c0_g1_i4::g.20659::m.20659	38.745	271	150	6	11	268	15	282	3.96e-56	189
Rhodlimn	CP@TRINITY_DN6843_c0_g1::CP@TRINITY_DN6843_c0_g1_i4::g.20659::m.20659	34.190	389	183	11	14	388	15	344	6.53e-62	204
Rhodlimn	CP@TRINITY_DN2136_c0_g1::CP@TRINITY_DN2136_c0_g1_i17::g.52300::m.52300	30.079	379	220	12	11	380	31	373	2.53e-42	154
Rhodlimn	CP@TRINITY_DN2136_c0_g1::CP@TRINITY_DN2136_c0_g1_i7::g.52303::m.52303	30.079	379	220	12	11	380	31	373	3.76e-42	154
Rhodlimn	CP@TRINITY_DN2136_c0_g1::CP@TRINITY_DN2136_c0_g1_i11::g.52298::m.52298	30.079	379	220	12	11	380	29	371	4.56e-42	154
Rhodlimn	CP@TRINITY_DN2136_c0_g1::CP@TRINITY_DN2136_c0_g1_i5::g.52302::m.52302	30.079	379	220	12	11	380	31	373	5.59e-42	153
Caferoen	CP@TRINITY_DN6843_c0_g1::CP@TRINITY_DN6843_c0_g1_i4::g.20659::m.20659	35.197	304	183	7	70	362	18	318	1.64e-53	184
Physpate	CP@TRINITY_DN6843_c0_g1::CP@TRINITY_DN6843_c0_g1_i4::g.20659::m.20659	35.890	365	175	8	56	408	15	332	1.36e-64	211
Physpate	CP@TRINITY_DN2136_c0_g1::CP@TRINITY_DN2136_c0_g1_i17::g.52300::m.52300	34.247	365	201	14	59	413	37	372	1.08e-44	161
Physpate	CP@TRINITY_DN2136_c0_g1::CP@TRINITY_DN2136_c0_g1_i5::g.52302::m.52302	34.247	365	201	14	59	413	37	372	3.45e-44	160
Physpate	CP@TRINITY_DN6843_c0_g1::CP@TRINITY_DN6843_c0_g1_i3::g.20657::m.20657	38.532	218	120	5	56	261	15	230	4.14e-44	154
Oryzsati	CP@TRINITY_DN6843_c0_g1::CP@TRINITY_DN6843_c0_g1_i4::g.20659::m.20659	34.278	353	184	7	47	388	15	330	2.38e-59	197
Micrpusl	CP@TRINITY_DN6843_c0_g1::CP@TRINITY_DN6843_c0_g1_i4::g.20659::m.20659	33.065	372	180	11	8	366	15	330	4.15e-49	170
Ostrtaur	CP@TRINITY_DN6843_c0_g1::CP@TRINITY_DN6843_c0_g1_i4::g.20659::m.20659	37.692	260	144	6	10	257	17	270	2.62e-53	180
Volvcart	CP@TRINITY_DN6843_c0_g1::CP@TRINITY_DN6843_c0_g1_i4::g.20659::m.20659	34.670	349	195	9	6	346	18	341	6.80e-56	186
Ancytwis	CP@TRINITY_DN6843_c0_g1::CP@TRINITY_DN6843_c0_g1_i4::g.20659::m.20659	37.982	337	174	11	13	335	15	330	2.19e-65	211
Ancytwis	CP@TRINITY_DN1045_c0_g1::CP@TRINITY_DN1045_c0_g1_i13::g.5709::m.5709	45.122	246	111	8	106	345	1	228	3.10e-53	187
Ancytwis	CP@TRINITY_DN1045_c0_g1::CP@TRINITY_DN1045_c0_g1_i5::g.5718::m.5718	45.122	246	111	8	106	345	1	228	3.25e-53	187
Pavl2436	CP@TRINITY_DN6843_c0_g1::CP@TRINITY_DN6843_c0_g1_i4::g.20659::m.20659	39.453	256	143	6	6	250	14	268	5.92e-57	186
Diacluth	CP@TRINITY_DN6843_c0_g1::CP@TRINITY_DN6843_c0_g1_i4::g.20659::m.20659	34.759	374	193	13	17	378	7	341	2.07e-60	199
Diacluth	CP@TRINITY_DN1045_c0_g1::CP@TRINITY_DN1045_c0_g1_i13::g.5709::m.5709	40.840	262	118	7	117	375	1	228	1.43e-48	176
Diacluth	CP@TRINITY_DN1045_c0_g1::CP@TRINITY_DN1045_c0_g1_i5::g.5718::m.5718	40.840	262	118	7	117	375	1	228	1.49e-48	176
Chryrota	CP@TRINITY_DN6843_c0_g1::CP@TRINITY_DN6843_c0_g1_i4::g.20659::m.20659	35.244	349	178	9	50	386	18	330	7.03e-61	201
Chryrota	CP@TRINITY_DN1045_c0_g1::CP@TRINITY_DN1045_c0_g1_i13::g.5709::m.5709	41.633	245	108	8	140	381	1	213	1.99e-44	164
Chryrota	CP@TRINITY_DN1045_c0_g1::CP@TRINITY_DN1045_c0_g1_i5::g.5718::m.5718	41.633	245	108	8	140	381	1	213	2.04e-44	164
Chrycart	CP@TRINITY_DN6843_c0_g1::CP@TRINITY_DN6843_c0_g1_i4::g.20659::m.20659	34.946	372	180	11	12	371	9	330	3.26e-57	194
Tisolute	CP@TRINITY_DN6843_c0_g1::CP@TRINITY_DN6843_c0_g1_i4::g.20659::m.20659	34.530	362	176	11	36	382	15	330	2.57e-59	199
ThraLLF1	CP@TRINITY_DN6843_c0_g1::CP@TRINITY_DN6843_c0_g1_i4::g.20659::m.20659	39.338	272	154	5	65	327	12	281	3.53e-57	192
Auralima	CP@TRINITY_DN6843_c0_g1::CP@TRINITY_DN6843_c0_g1_i4::g.20659::m.20659	37.828	267	159	4	15	274	20	286	5.58e-51	174
Aplakerg	CP@TRINITY_DN6843_c0_g1::CP@TRINITY_DN6843_c0_g1_i4::g.20659::m.20659	33.163	392	195	12	1	381	6	341	1.02e-54	184
Syncpusi	CP@TRINITY_DN6843_c0_g1::CP@TRINITY_DN6843_c0_g1_i4::g.20659::m.20659	36.074	377	190	9	2	367	14	350	2.91e-61	201
Paheparv	CP@TRINITY_DN6843_c0_g1::CP@TRINITY_DN6843_c0_g1_i4::g.20659::m.20659	33.073	384	210	10	2	375	4	350	2.43e-55	187
Paheparv	CP@TRINITY_DN6843_c0_g1::CP@TRINITY_DN6843_c0_g1_i3::g.20657::m.20657	37.557	221	128	6	2	212	4	224	3.89e-41	145
Fucucera	CP@TRINITY_DN6843_c0_g1::CP@TRINITY_DN6843_c0_g1_i4::g.20659::m.20659	33.604	369	183	11	19	372	20	341	2.21e-51	176
Tribgaya	CP@TRINITY_DN6843_c0_g1::CP@TRINITY_DN6843_c0_g1_i4::g.20659::m.20659	35.014	357	186	10	17	360	18	341	2.11e-56	191
Vauclito	CP@TRINITY_DN6843_c0_g1::CP@TRINITY_DN6843_c0_g1_i4::g.20659::m.20659	35.792	366	196	12	17	370	18	356	9.36e-59	196
Aureanop	CP@TRINITY_DN6843_c0_g1::CP@TRINITY_DN6843_c0_g1_i4::g.20659::m.20659	34.568	324	172	9	1	313	29	323	1.29e-55	184
Pelasubv	CP@TRINITY_DN6843_c0_g1::CP@TRINITY_DN6843_c0_g1_i4::g.20659::m.20659	35.440	364	196	10	19	371	18	353	1.44e-61	204
Pelacalc	CP@TRINITY_DN6843_c0_g1::CP@TRINITY_DN6843_c0_g1_i4::g.20659::m.20659	34.463	354	190	9	88	429	18	341	3.79e-56	192
PoterBG1	CP@TRINITY_DN6843_c0_g1::CP@TRINITY_DN6843_c0_g1_i4::g.20659::m.20659	40.079	252	134	6	22	259	20	268	3.75e-52	181
Pedoelon	CP@TRINITY_DN6843_c0_g1::CP@TRINITY_DN6843_c0_g1_i4::g.20659::m.20659	38.889	252	138	6	20	258	20	268	3.48e-51	177
Ochr2298	CP@TRINITY_DN6843_c0_g1::CP@TRINITY_DN6843_c0_g1_i4::g.20659::m.20659	38.182	275	150	7	17	274	20	291	1.59e-53	182
Dino2267	CP@TRINITY_DN6843_c0_g1::CP@TRINITY_DN6843_c0_g1_i4::g.20659::m.20659	38.889	252	141	5	6	247	29	277	4.26e-52	178
Octaspec	CP@TRINITY_DN6843_c0_g1::CP@TRINITY_DN6843_c0_g1_i4::g.20659::m.20659	34.501	371	193	10	3	361	6	338	2.90e-60	200
Rhiz1243	CP@TRINITY_DN6843_c0_g1::CP@TRINITY_DN6843_c0_g1_i4::g.20659::m.20659	35.359	362	189	9	45	396	15	341	8.33e-60	201
Pseuelas	CP@TRINITY_DN6843_c0_g1::CP@TRINITY_DN6843_c0_g1_i4::g.20659::m.20659	36.667	360	177	11	14	357	17	341	1.46e-59	198
Pedi2098	CP@TRINITY_DN6843_c0_g1::CP@TRINITY_DN6843_c0_g1_i4::g.20659::m.20659	38.436	307	143	10	1	292	62	337	1.55e-54	182
Pedi2098	CP@TRINITY_DN1045_c0_g1::CP@TRINITY_DN1045_c0_g1_i13::g.5709::m.5709	42.437	238	105	7	49	280	2	213	1.10e-42	158
Pedi2098	CP@TRINITY_DN1045_c0_g1::CP@TRINITY_DN1045_c0_g1_i5::g.5718::m.5718	42.437	238	105	7	49	280	2	213	1.13e-42	158
Flor1587	CP@TRINITY_DN6843_c0_g1::CP@TRINITY_DN6843_c0_g1_i4::g.20659::m.20659	33.867	375	192	10	32	393	10	341	8.84e-56	191
Chatsubs	CP@TRINITY_DN6843_c0_g1::CP@TRINITY_DN6843_c0_g1_i4::g.20659::m.20659	36.740	362	188	13	5	353	9	342	1.25e-62	206
Tripeleu	CP@TRINITY_DN6843_c0_g1::CP@TRINITY_DN6843_c0_g1_i4::g.20659::m.20659	33.249	394	214	12	7	390	2	356	1.49e-55	187
Deveeleg	CP@TRINITY_DN6843_c0_g1::CP@TRINITY_DN6843_c0_g1_i4::g.20659::m.20659	39.062	256	140	6	14	256	18	270	2.39e-58	190
Saprdecl	CP@TRINITY_DN6843_c0_g1::CP@TRINITY_DN6843_c0_g1_i4::g.20659::m.20659	35.279	377	188	10	17	381	18	350	8.27e-65	210
Albulaib	CP@TRINITY_DN6843_c0_g1::CP@TRINITY_DN6843_c0_g1_i4::g.20659::m.20659	35.484	372	190	8	17	377	18	350	3.74e-64	208
Albulaib	CP@TRINITY_DN1045_c0_g1::CP@TRINITY_DN1045_c0_g1_i13::g.5709::m.5709	43.651	252	97	7	107	352	1	213	9.09e-50	179
Albulaib	CP@TRINITY_DN1045_c0_g1::CP@TRINITY_DN1045_c0_g1_i5::g.5718::m.5718	43.651	252	97	7	107	352	1	213	9.44e-50	179
Pythirre	CP@TRINITY_DN6843_c0_g1::CP@TRINITY_DN6843_c0_g1_i4::g.20659::m.20659	34.343	396	184	10	17	399	18	350	1.18e-62	205
Hyphcate	CP@TRINITY_DN6843_c0_g1::CP@TRINITY_DN6843_c0_g1_i4::g.20659::m.20659	39.526	253	139	5	14	254	18	268	4.06e-57	187
Cantmars	CP@TRINITY_DN6843_c0_g1::CP@TRINITY_DN6843_c0_g1_i4::g.20659::m.20659	35.276	326	183	10	11	323	15	325	1.59e-53	180
Haloseos	CP@TRINITY_DN6843_c0_g1::CP@TRINITY_DN6843_c0_g1_i4::g.20659::m.20659	40.530	264	146	6	3	256	8	270	1.07e-59	194
Wobbluna	CP@TRINITY_DN6843_c0_g1::CP@TRINITY_DN6843_c0_g1_i4::g.20659::m.20659	33.693	371	215	7	4	363	2	352	2.48e-62	203
PlacCLAB	CP@TRINITY_DN6843_c0_g1::CP@TRINITY_DN6843_c0_g1_i4::g.20659::m.20659	39.003	341	177	10	31	359	20	341	1.76e-64	209
Chlorept	CP@TRINITY_DN6843_c0_g1::CP@TRINITY_DN6843_c0_g1_i4::g.20659::m.20659	35.772	369	191	10	11	366	15	350	1.53e-67	217
Chlorept	CP@TRINITY_DN1045_c0_g1::CP@TRINITY_DN1045_c0_g1_i13::g.5709::m.5709	43.952	248	106	9	104	345	1	221	3.13e-48	174
Chlorept	CP@TRINITY_DN1045_c0_g1::CP@TRINITY_DN1045_c0_g1_i5::g.5718::m.5718	43.952	248	106	9	104	345	1	221	3.24e-48	174
MatazaD1	CP@TRINITY_DN6843_c0_g1::CP@TRINITY_DN6843_c0_g1_i4::g.20659::m.20659	37.135	342	185	9	7	335	9	333	1.17e-67	217
MatazaD1	CP@TRINITY_DN1045_c0_g1::CP@TRINITY_DN1045_c0_g1_i13::g.5709::m.5709	41.085	258	131	7	106	357	1	243	2.40e-50	179
MatazaD1	CP@TRINITY_DN1045_c0_g1::CP@TRINITY_DN1045_c0_g1_i5::g.5718::m.5718	41.085	258	131	7	106	357	1	243	2.50e-50	179
Brevmoto	CP@TRINITY_DN6843_c0_g1::CP@TRINITY_DN6843_c0_g1_i4::g.20659::m.20659	35.435	333	184	8	36	356	13	326	5.43e-67	215
Brevmoto	CP@TRINITY_DN1045_c0_g1::CP@TRINITY_DN1045_c0_g1_i13::g.5709::m.5709	44.541	229	107	7	131	355	1	213	1.10e-49	177
Brevmoto	CP@TRINITY_DN1045_c0_g1::CP@TRINITY_DN1045_c0_g1_i5::g.5718::m.5718	44.541	229	107	7	131	355	1	213	1.14e-49	177
Chroveli	CP@TRINITY_DN8315_c1_g1::CP@TRINITY_DN8315_c1_g1_i5::g.27199::m.27199	38.023	263	131	4	85	322	184	439	7.77e-48	174
Chroveli	CP@TRINITY_DN8315_c1_g1::CP@TRINITY_DN8315_c1_g1_i12::g.27197::m.27197	38.023	263	131	4	85	322	198	453	9.13e-48	174
Perkmari	CP@TRINITY_DN6843_c0_g1::CP@TRINITY_DN6843_c0_g1_i4::g.20659::m.20659	33.046	348	189	7	17	358	21	330	2.54e-50	172
Alexminu	CP@TRINITY_DN6843_c0_g1::CP@TRINITY_DN6843_c0_g1_i4::g.20659::m.20659	36.202	337	185	10	63	393	18	330	7.02e-63	208
Styllemn	CP@TRINITY_DN6843_c0_g1::CP@TRINITY_DN6843_c0_g1_i4::g.20659::m.20659	34.341	364	183	10	8	361	9	326	2.16e-60	199
Masteilh	CP@TRINITY_DN6843_c0_g1::CP@TRINITY_DN6843_c0_g1_i4::g.20659::m.20659	30.303	330	215	6	41	358	18	344	3.42e-49	169
Giarlamb	CP@TRINITY_DN6843_c0_g1::CP@TRINITY_DN6843_c0_g1_i4::g.20659::m.20659	29.118	340	216	9	15	342	20	346	3.03e-41	147
Cochminu	CP@TRINITY_DN6843_c0_g1::CP@TRINITY_DN6843_c0_g1_i4::g.20659::m.20659	35.135	333	181	10	12	330	18	329	3.54e-59	194
Cuneruss	CP@TRINITY_DN6843_c0_g1::CP@TRINITY_DN6843_c0_g1_i4::g.20659::m.20659	37.117	326	183	8	20	332	14	330	3.23e-58	202
Veximinu	CP@TRINITY_DN6843_c0_g1::CP@TRINITY_DN6843_c0_g1_i4::g.20659::m.20659	38.154	325	179	10	50	366	20	330	9.88e-59	195
Dracjorm	CP@TRINITY_DN6843_c0_g1::CP@TRINITY_DN6843_c0_g1_i4::g.20659::m.20659	35.455	330	184	10	21	336	14	328	5.84e-62	202
Dracjorm	CP@TRINITY_DN1045_c0_g1::CP@TRINITY_DN1045_c0_g1_i13::g.5709::m.5709	41.964	224	115	7	114	333	1	213	7.99e-44	161
Dracjorm	CP@TRINITY_DN1045_c0_g1::CP@TRINITY_DN1045_c0_g1_i5::g.5718::m.5718	41.964	224	115	7	114	333	1	213	8.18e-44	161
Dracjorm	CP@TRINITY_DN2136_c0_g1::CP@TRINITY_DN2136_c0_g1_i17::g.52300::m.52300	32.376	383	193	16	16	351	15	378	2.61e-41	150
Dracjorm	CP@TRINITY_DN2136_c0_g1::CP@TRINITY_DN2136_c0_g1_i5::g.52302::m.52302	32.376	383	193	16	16	351	15	378	4.08e-41	149
Dracjorm	CP@TRINITY_DN2136_c0_g1::CP@TRINITY_DN2136_c0_g1_i7::g.52303::m.52303	32.376	383	193	16	16	351	15	378	4.22e-41	150
Dracjorm	CP@TRINITY_DN2136_c0_g1::CP@TRINITY_DN2136_c0_g1_i11::g.52298::m.52298	32.873	362	190	15	24	351	34	376	7.25e-41	149
Luaphula	CP@TRINITY_DN6843_c0_g1::CP@TRINITY_DN6843_c0_g1_i4::g.20659::m.20659	35.072	345	189	11	2	327	5	333	5.51e-61	200
Endozona	CP@TRINITY_DN6843_c0_g1::CP@TRINITY_DN6843_c0_g1_i4::g.20659::m.20659	36.648	352	192	9	6	345	10	342	6.00e-68	217
Endozona	CP@TRINITY_DN1045_c0_g1::CP@TRINITY_DN1045_c0_g1_i13::g.5709::m.5709	42.056	214	116	6	120	326	1	213	5.31e-43	159
Endozona	CP@TRINITY_DN1045_c0_g1::CP@TRINITY_DN1045_c0_g1_i5::g.5718::m.5718	42.056	214	116	6	120	326	1	213	5.42e-43	159
Pellcata	CP@TRINITY_DN6843_c0_g1::CP@TRINITY_DN6843_c0_g1_i4::g.20659::m.20659	31.852	270	164	8	4	260	78	340	1.87e-43	151
Hetepall	CP@TRINITY_DN6843_c0_g1::CP@TRINITY_DN6843_c0_g1_i4::g.20659::m.20659	35.613	351	193	10	8	345	10	340	1.69e-64	209
Hetepall	CP@TRINITY_DN6843_c0_g1::CP@TRINITY_DN6843_c0_g1_i3::g.20657::m.20657	36.574	216	125	4	8	211	10	225	2.52e-43	150
Paralevi	CP@TRINITY_DN6843_c0_g1::CP@TRINITY_DN6843_c0_g1_i4::g.20659::m.20659	38.602	329	181	7	13	329	15	334	7.83e-74	232
Paralevi	CP@TRINITY_DN1045_c0_g1::CP@TRINITY_DN1045_c0_g1_i13::g.5709::m.5709	48.649	222	99	7	105	320	1	213	1.80e-57	198
Paralevi	CP@TRINITY_DN1045_c0_g1::CP@TRINITY_DN1045_c0_g1_i5::g.5718::m.5718	48.649	222	99	7	105	320	1	213	1.90e-57	198
Paralevi	CP@TRINITY_DN8315_c1_g1::CP@TRINITY_DN8315_c1_g1_i5::g.27199::m.27199	38.346	266	108	5	51	261	183	447	4.29e-47	169
Paralevi	CP@TRINITY_DN8315_c1_g1::CP@TRINITY_DN8315_c1_g1_i12::g.27197::m.27197	38.346	266	108	5	51	261	197	461	4.70e-47	169
Armalang	CP@TRINITY_DN6843_c0_g1::CP@TRINITY_DN6843_c0_g1_i4::g.20659::m.20659	37.463	339	187	8	11	337	13	338	1.77e-66	213
Armalang	CP@TRINITY_DN6843_c0_g1::CP@TRINITY_DN6843_c0_g1_i3::g.20657::m.20657	36.967	211	123	3	11	211	13	223	4.27e-43	149
Squajapo	CP@TRINITY_DN6843_c0_g1::CP@TRINITY_DN6843_c0_g1_i4::g.20659::m.20659	36.056	355	188	7	39	381	1	328	1.78e-66	215
Squajapo	CP@TRINITY_DN6843_c0_g1::CP@TRINITY_DN6843_c0_g1_i3::g.20657::m.20657	37.826	230	133	3	39	258	1	230	7.61e-49	166
Coprprot	CP@TRINITY_DN6843_c0_g1::CP@TRINITY_DN6843_c0_g1_i4::g.20659::m.20659	31.481	324	207	8	13	325	14	333	4.75e-47	162
Arcevulg	CP@TRINITY_DN6843_c0_g1::CP@TRINITY_DN6843_c0_g1_i4::g.20659::m.20659	33.951	324	197	7	17	328	20	338	1.59e-63	206
Arcevulg	CP@TRINITY_DN1045_c0_g1::CP@TRINITY_DN1045_c0_g1_i13::g.5709::m.5709	34.468	235	144	6	104	333	1	230	4.22e-42	155
Arcevulg	CP@TRINITY_DN1045_c0_g1::CP@TRINITY_DN1045_c0_g1_i5::g.5718::m.5718	34.468	235	144	6	104	333	1	230	4.30e-42	155
NolaAFSM	CP@TRINITY_DN6843_c0_g1::CP@TRINITY_DN6843_c0_g1_i4::g.20659::m.20659	32.836	335	204	7	13	330	1	331	1.31e-54	182
Rhizsaxo	CP@TRINITY_DN6843_c0_g1::CP@TRINITY_DN6843_c0_g1_i4::g.20659::m.20659	34.154	325	200	7	18	331	10	331	8.80e-58	191
Vermverm	CP@TRINITY_DN6843_c0_g1::CP@TRINITY_DN6843_c0_g1_i4::g.20659::m.20659	34.795	342	204	9	10	344	15	344	6.87e-61	199
Vermverm	CP@TRINITY_DN1045_c0_g1::CP@TRINITY_DN1045_c0_g1_i13::g.5709::m.5709	42.544	228	116	7	103	326	1	217	5.15e-47	170
Vermverm	CP@TRINITY_DN1045_c0_g1::CP@TRINITY_DN1045_c0_g1_i5::g.5718::m.5718	42.544	228	116	7	103	326	1	217	5.31e-47	170
Vermverm	CP@TRINITY_DN8315_c1_g1::CP@TRINITY_DN8315_c1_g1_i5::g.27199::m.27199	37.050	278	127	5	33	262	166	443	3.00e-43	159
Vermverm	CP@TRINITY_DN8315_c1_g1::CP@TRINITY_DN8315_c1_g1_i12::g.27197::m.27197	37.050	278	127	5	33	262	180	457	3.28e-43	159
Echiexud	CP@TRINITY_DN6843_c0_g1::CP@TRINITY_DN6843_c0_g1_i4::g.20659::m.20659	31.173	324	209	7	11	327	15	331	2.89e-53	179
Soliirre	CP@TRINITY_DN6843_c0_g1::CP@TRINITY_DN6843_c0_g1_i4::g.20659::m.20659	38.728	346	174	10	47	375	14	338	4.43e-73	232
Soliirre	CP@TRINITY_DN1045_c0_g1::CP@TRINITY_DN1045_c0_g1_i13::g.5709::m.5709	44.783	230	100	7	141	360	1	213	4.21e-50	180
Soliirre	CP@TRINITY_DN1045_c0_g1::CP@TRINITY_DN1045_c0_g1_i5::g.5718::m.5718	44.783	230	100	7	141	360	1	213	4.38e-50	180
Phalsoli	CP@TRINITY_DN6843_c0_g1::CP@TRINITY_DN6843_c0_g1_i4::g.20659::m.20659	41.887	265	138	5	3	253	6	268	1.59e-64	206
Filanola	CP@TRINITY_DN6843_c0_g1::CP@TRINITY_DN6843_c0_g1_i4::g.20659::m.20659	36.550	342	179	10	20	346	20	338	8.16e-65	209
Filanola	CP@TRINITY_DN6843_c0_g1::CP@TRINITY_DN6843_c0_g1_i3::g.20657::m.20657	38.318	214	115	6	20	219	20	230	1.70e-41	145
Tychacut	CP@TRINITY_DN6843_c0_g1::CP@TRINITY_DN6843_c0_g1_i4::g.20659::m.20659	40.206	194	106	3	1	184	77	270	1.22e-46	156
Schivulg	CP@TRINITY_DN6843_c0_g1::CP@TRINITY_DN6843_c0_g1_i4::g.20659::m.20659	37.110	353	186	10	14	354	14	342	3.77e-72	228
Schivulg	CP@TRINITY_DN1045_c0_g1::CP@TRINITY_DN1045_c0_g1_i13::g.5709::m.5709	44.488	254	110	9	108	354	1	230	1.02e-54	192
Schivulg	CP@TRINITY_DN1045_c0_g1::CP@TRINITY_DN1045_c0_g1_i5::g.5718::m.5718	44.488	254	110	9	108	354	1	230	1.07e-54	192
Schivulg	CP@TRINITY_DN6843_c0_g1::CP@TRINITY_DN6843_c0_g1_i3::g.20657::m.20657	37.788	217	124	4	14	219	14	230	5.74e-44	151
Cavoapop	CP@TRINITY_DN6843_c0_g1::CP@TRINITY_DN6843_c0_g1_i4::g.20659::m.20659	37.952	332	175	7	18	337	18	330	4.78e-70	223
Cavoapop	CP@TRINITY_DN1045_c0_g1::CP@TRINITY_DN1045_c0_g1_i13::g.5709::m.5709	43.348	233	104	9	108	332	1	213	3.12e-45	165
Cavoapop	CP@TRINITY_DN1045_c0_g1::CP@TRINITY_DN1045_c0_g1_i5::g.5718::m.5718	43.348	233	104	9	108	332	1	213	3.20e-45	165
Stensten	CP@TRINITY_DN6843_c0_g1::CP@TRINITY_DN6843_c0_g1_i4::g.20659::m.20659	39.394	330	179	8	13	335	15	330	4.42e-73	231
Stensten	CP@TRINITY_DN1045_c0_g1::CP@TRINITY_DN1045_c0_g1_i13::g.5709::m.5709	42.920	226	115	6	106	330	1	213	1.69e-47	171
Stensten	CP@TRINITY_DN1045_c0_g1::CP@TRINITY_DN1045_c0_g1_i5::g.5718::m.5718	42.920	226	115	6	106	330	1	213	1.74e-47	171
Stensten	CP@TRINITY_DN6843_c0_g1::CP@TRINITY_DN6843_c0_g1_i3::g.20657::m.20657	37.443	219	128	5	12	223	14	230	2.21e-45	155
ThecSK13	CP@TRINITY_DN6843_c0_g1::CP@TRINITY_DN6843_c0_g1_i4::g.20659::m.20659	37.011	281	165	8	1	276	37	310	1.65e-53	177
ThecSK13	CP@TRINITY_DN8315_c1_g1::CP@TRINITY_DN8315_c1_g1_i5::g.27199::m.27199	36.131	274	127	7	6	232	171	443	3.77e-42	153
ThecSK13	CP@TRINITY_DN8315_c1_g1::CP@TRINITY_DN8315_c1_g1_i12::g.27197::m.27197	36.131	274	127	7	6	232	185	457	4.14e-42	153
Sapppeda	CP@TRINITY_DN6843_c0_g1::CP@TRINITY_DN6843_c0_g1_i4::g.20659::m.20659	34.627	335	189	7	45	368	15	330	4.41e-60	198
Sapppeda	CP@TRINITY_DN1045_c0_g1::CP@TRINITY_DN1045_c0_g1_i13::g.5709::m.5709	46.460	226	101	8	145	363	1	213	1.56e-51	184
Sapppeda	CP@TRINITY_DN1045_c0_g1::CP@TRINITY_DN1045_c0_g1_i5::g.5718::m.5718	46.460	226	101	8	145	363	1	213	1.63e-51	184
Mantplas	CP@TRINITY_DN6843_c0_g1::CP@TRINITY_DN6843_c0_g1_i4::g.20659::m.20659	34.242	330	186	10	27	344	20	330	1.41e-55	186
Mantplas	CP@TRINITY_DN1045_c0_g1::CP@TRINITY_DN1045_c0_g1_i13::g.5709::m.5709	38.723	235	126	6	115	346	1	220	1.44e-46	169
Mantplas	CP@TRINITY_DN1045_c0_g1::CP@TRINITY_DN1045_c0_g1_i5::g.5718::m.5718	38.723	235	126	6	115	346	1	220	1.49e-46	169
Diphrota	CP@TRINITY_DN6843_c0_g1::CP@TRINITY_DN6843_c0_g1_i4::g.20659::m.20659	36.571	350	176	10	23	360	15	330	3.21e-66	214
Diphrota	CP@TRINITY_DN1045_c0_g1::CP@TRINITY_DN1045_c0_g1_i13::g.5709::m.5709	42.292	253	107	7	116	362	1	220	6.28e-52	185
Diphrota	CP@TRINITY_DN1045_c0_g1::CP@TRINITY_DN1045_c0_g1_i5::g.5718::m.5718	42.292	253	107	7	116	362	1	220	6.55e-52	185
Diphrota	CP@TRINITY_DN6843_c0_g1::CP@TRINITY_DN6843_c0_g1_i3::g.20657::m.20657	40.566	212	112	7	23	222	15	224	3.57e-48	163
Colltric	CP@TRINITY_DN6843_c0_g1::CP@TRINITY_DN6843_c0_g1_i3::g.20657::m.20657	40.952	210	110	7	3	200	15	222	9.97e-49	159
Colltric	CP@TRINITY_DN6843_c0_g1::CP@TRINITY_DN6843_c0_g1_i4::g.20659::m.20659	40.952	210	110	7	3	200	15	222	1.23e-46	157
Rigiramo	CP@TRINITY_DN6843_c0_g1::CP@TRINITY_DN6843_c0_g1_i4::g.20659::m.20659	36.412	379	189	12	5	368	9	350	8.52e-72	228
Rigiramo	CP@TRINITY_DN1045_c0_g1::CP@TRINITY_DN1045_c0_g1_i13::g.5709::m.5709	45.492	244	96	7	104	341	1	213	1.60e-55	194
Rigiramo	CP@TRINITY_DN1045_c0_g1::CP@TRINITY_DN1045_c0_g1_i5::g.5718::m.5718	45.492	244	96	7	104	341	1	213	1.69e-55	194
Rigiramo	CP@TRINITY_DN2136_c0_g1::CP@TRINITY_DN2136_c0_g1_i17::g.52300::m.52300	32.979	376	214	16	8	366	31	385	2.45e-41	150
Rigiramo	CP@TRINITY_DN2136_c0_g1::CP@TRINITY_DN2136_c0_g1_i7::g.52303::m.52303	32.979	376	214	16	8	366	31	385	3.19e-41	150
Rigiramo	CP@TRINITY_DN2136_c0_g1::CP@TRINITY_DN2136_c0_g1_i11::g.52298::m.52298	32.979	376	214	16	8	366	29	383	5.42e-41	150
Rigiramo	CP@TRINITY_DN2136_c0_g1::CP@TRINITY_DN2136_c0_g1_i5::g.52302::m.52302	32.713	376	215	16	8	366	31	385	5.82e-41	149
Carpmemb	CP@TRINITY_DN6843_c0_g1::CP@TRINITY_DN6843_c0_g1_i4::g.20659::m.20659	35.625	320	188	6	27	338	18	327	1.11e-55	186
Carpmemb	CP@TRINITY_DN6843_c0_g1::CP@TRINITY_DN6843_c0_g1_i3::g.20657::m.20657	37.681	207	122	3	27	226	18	224	1.83e-42	148
Guttvulg	CP@TRINITY_DN6843_c0_g1::CP@TRINITY_DN6843_c0_g1_i4::g.20659::m.20659	34.513	339	193	12	11	338	13	333	3.12e-56	187
Pharkirb	CP@TRINITY_DN6843_c0_g1::CP@TRINITY_DN6843_c0_g1_i4::g.20659::m.20659	36.913	298	177	7	14	301	14	310	2.69e-61	200
Pharkirb	CP@TRINITY_DN1045_c0_g1::CP@TRINITY_DN1045_c0_g1_i13::g.5709::m.5709	44.037	218	110	6	108	318	1	213	1.62e-47	171
Pharkirb	CP@TRINITY_DN1045_c0_g1::CP@TRINITY_DN1045_c0_g1_i5::g.5718::m.5718	44.037	218	110	6	108	318	1	213	1.67e-47	171
HeterBB2	CP@TRINITY_DN6843_c0_g1::CP@TRINITY_DN6843_c0_g1_i4::g.20659::m.20659	36.012	336	197	7	18	346	14	338	4.01e-64	207
HeterBB2	CP@TRINITY_DN1045_c0_g1::CP@TRINITY_DN1045_c0_g1_i13::g.5709::m.5709	45.259	232	111	6	113	339	1	221	6.88e-52	184
HeterBB2	CP@TRINITY_DN1045_c0_g1::CP@TRINITY_DN1045_c0_g1_i5::g.5718::m.5718	45.259	232	111	6	113	339	1	221	7.18e-52	184
Eutrgymn	CP@TRINITY_DN6843_c0_g1::CP@TRINITY_DN6843_c0_g1_i4::g.20659::m.20659	32.132	333	196	9	22	341	18	333	7.14e-44	155
Euglgrac	CP@TRINITY_DN6843_c0_g1::CP@TRINITY_DN6843_c0_g1_i4::g.20659::m.20659	29.940	334	203	9	31	351	18	333	4.28e-43	153
Reclamer	CP@TRINITY_DN6843_c0_g1::CP@TRINITY_DN6843_c0_g1_i4::g.20659::m.20659	34.582	347	195	8	9	344	9	334	2.03e-59	196
Reclamer	CP@TRINITY_DN1045_c0_g1::CP@TRINITY_DN1045_c0_g1_i13::g.5709::m.5709	40.086	232	116	7	108	335	1	213	4.96e-41	153
Reclamer	CP@TRINITY_DN1045_c0_g1::CP@TRINITY_DN1045_c0_g1_i5::g.5718::m.5718	40.086	232	116	7	108	335	1	213	5.05e-41	153
Ancysigm	CP@TRINITY_DN6843_c0_g1::CP@TRINITY_DN6843_c0_g1_i4::g.20659::m.20659	35.616	292	176	5	15	296	13	302	4.60e-51	172
Nutolong	CP@TRINITY_DN6843_c0_g1::CP@TRINITY_DN6843_c0_g1_i4::g.20659::m.20659	34.944	269	156	5	9	258	13	281	3.05e-46	160
Fabotrop	CP@TRINITY_DN6843_c0_g1::CP@TRINITY_DN6843_c0_g1_i4::g.20659::m.20659	35.795	352	193	11	10	346	17	350	1.32e-64	209
Fabotrop	CP@TRINITY_DN1045_c0_g1::CP@TRINITY_DN1045_c0_g1_i13::g.5709::m.5709	43.612	227	109	7	101	322	1	213	6.91e-47	169
Fabotrop	CP@TRINITY_DN1045_c0_g1::CP@TRINITY_DN1045_c0_g1_i5::g.5718::m.5718	43.612	227	109	7	101	322	1	213	7.12e-47	169
Gefiokel	CP@TRINITY_DN6843_c0_g1::CP@TRINITY_DN6843_c0_g1_i4::g.20659::m.20659	39.244	344	179	10	2	332	20	346	6.27e-77	240
Gefiokel	CP@TRINITY_DN1045_c0_g1::CP@TRINITY_DN1045_c0_g1_i13::g.5709::m.5709	49.573	234	99	7	90	317	1	221	1.80e-62	212
Gefiokel	CP@TRINITY_DN1045_c0_g1::CP@TRINITY_DN1045_c0_g1_i5::g.5718::m.5718	49.573	234	99	7	90	317	1	221	1.92e-62	212
Gefiokel	CP@TRINITY_DN6843_c0_g1::CP@TRINITY_DN6843_c0_g1_i3::g.20657::m.20657	39.130	207	112	5	2	196	20	224	7.14e-48	161
Lenilimo	CP@TRINITY_DN6843_c0_g1::CP@TRINITY_DN6843_c0_g1_i4::g.20659::m.20659	34.111	343	196	7	15	347	20	342	2.31e-65	211
Lenilimo	CP@TRINITY_DN8315_c1_g1::CP@TRINITY_DN8315_c1_g1_i5::g.27199::m.27199	39.636	275	113	4	37	258	171	445	4.35e-54	189
Lenilimo	CP@TRINITY_DN8315_c1_g1::CP@TRINITY_DN8315_c1_g1_i12::g.27197::m.27197	39.636	275	113	4	37	258	185	459	5.33e-54	189
Lenilimo	CP@TRINITY_DN1045_c0_g1::CP@TRINITY_DN1045_c0_g1_i13::g.5709::m.5709	40.310	258	130	7	103	355	1	239	7.36e-48	172
Lenilimo	CP@TRINITY_DN1045_c0_g1::CP@TRINITY_DN1045_c0_g1_i5::g.5718::m.5718	40.310	258	130	7	103	355	1	239	7.61e-48	172
Taensoli	CP@TRINITY_DN6843_c0_g1::CP@TRINITY_DN6843_c0_g1_i4::g.20659::m.20659	29.058	382	227	6	18	397	18	357	3.87e-53	181
Mnemleid	CP@TRINITY_DN6843_c0_g1::CP@TRINITY_DN6843_c0_g1_i4::g.20659::m.20659	35.433	254	155	3	10	254	15	268	1.26e-49	167
Salprose	CP@TRINITY_DN6843_c0_g1::CP@TRINITY_DN6843_c0_g1_i4::g.20659::m.20659	38.438	320	183	8	8	318	20	334	3.33e-60	210
Salprose	CP@TRINITY_DN1045_c0_g1::CP@TRINITY_DN1045_c0_g1_i13::g.5709::m.5709	43.519	216	109	4	100	307	1	211	2.02e-45	177
Salprose	CP@TRINITY_DN1045_c0_g1::CP@TRINITY_DN1045_c0_g1_i5::g.5718::m.5718	43.519	216	109	4	100	307	1	211	2.11e-45	177
Minivibr	CP@TRINITY_DN6843_c0_g1::CP@TRINITY_DN6843_c0_g1_i4::g.20659::m.20659	41.003	339	190	7	49	380	15	350	5.13e-86	265
Minivibr	CP@TRINITY_DN1045_c0_g1::CP@TRINITY_DN1045_c0_g1_i13::g.5709::m.5709	52.535	217	96	5	142	355	1	213	1.55e-65	222
Minivibr	CP@TRINITY_DN1045_c0_g1::CP@TRINITY_DN1045_c0_g1_i5::g.5718::m.5718	52.535	217	96	5	142	355	1	213	1.67e-65	222
Minivibr	CP@TRINITY_DN8315_c1_g1::CP@TRINITY_DN8315_c1_g1_i12::g.27197::m.27197	40.892	269	110	3	76	295	185	453	3.93e-56	196
Minivibr	CP@TRINITY_DN8315_c1_g1::CP@TRINITY_DN8315_c1_g1_i5::g.27199::m.27199	40.892	269	110	3	76	295	171	439	3.95e-56	196
Minivibr	CP@TRINITY_DN6843_c0_g1::CP@TRINITY_DN6843_c0_g1_i3::g.20657::m.20657	39.450	218	127	3	48	260	14	231	1.33e-52	174
Amphquee	CP@TRINITY_DN6843_c0_g1::CP@TRINITY_DN6843_c0_g1_i4::g.20659::m.20659	41.916	334	183	6	21	346	20	350	2.78e-89	272
Amphquee	CP@TRINITY_DN1045_c0_g1::CP@TRINITY_DN1045_c0_g1_i13::g.5709::m.5709	53.738	214	97	2	109	321	1	213	5.72e-75	246
Amphquee	CP@TRINITY_DN1045_c0_g1::CP@TRINITY_DN1045_c0_g1_i5::g.5718::m.5718	53.738	214	97	2	109	321	1	213	6.27e-75	246
Amphquee	CP@TRINITY_DN6843_c0_g1::CP@TRINITY_DN6843_c0_g1_i3::g.20657::m.20657	40.367	218	121	4	16	225	15	231	4.02e-53	175
Branflor	CP@TRINITY_DN6843_c0_g1::CP@TRINITY_DN6843_c0_g1_i4::g.20659::m.20659	42.771	332	182	4	18	342	20	350	4.37e-95	286
Branflor	CP@TRINITY_DN1045_c0_g1::CP@TRINITY_DN1045_c0_g1_i13::g.5709::m.5709	61.333	225	84	2	106	328	1	224	1.42e-93	295
Branflor	CP@TRINITY_DN1045_c0_g1::CP@TRINITY_DN1045_c0_g1_i5::g.5718::m.5718	61.333	225	84	2	106	328	1	224	1.59e-93	295
Branflor	CP@TRINITY_DN6843_c0_g1::CP@TRINITY_DN6843_c0_g1_i3::g.20657::m.20657	42.233	206	112	3	18	216	20	225	1.43e-55	181
Aplycali	CP@TRINITY_DN6843_c0_g1::CP@TRINITY_DN6843_c0_g1_i4::g.20659::m.20659	42.075	347	192	5	3	342	6	350	9.98e-96	288
Aplycali	CP@TRINITY_DN1045_c0_g1::CP@TRINITY_DN1045_c0_g1_i13::g.5709::m.5709	64.019	214	74	2	106	317	1	213	4.07e-93	294
Aplycali	CP@TRINITY_DN1045_c0_g1::CP@TRINITY_DN1045_c0_g1_i5::g.5718::m.5718	64.019	214	74	2	106	317	1	213	4.58e-93	294
Aplycali	CP@TRINITY_DN6843_c0_g1::CP@TRINITY_DN6843_c0_g1_i3::g.20657::m.20657	40.708	226	126	4	3	221	6	230	7.72e-56	182
Gallgall	CP@TRINITY_DN6843_c0_g1::CP@TRINITY_DN6843_c0_g1_i4::g.20659::m.20659	43.314	344	186	5	6	342	9	350	3.60e-98	295
Gallgall	CP@TRINITY_DN1045_c0_g1::CP@TRINITY_DN1045_c0_g1_i13::g.5709::m.5709	66.355	214	69	2	106	317	1	213	5.04e-97	304
Gallgall	CP@TRINITY_DN1045_c0_g1::CP@TRINITY_DN1045_c0_g1_i5::g.5718::m.5718	66.355	214	69	2	106	317	1	213	5.70e-97	304
Gallgall	CP@TRINITY_DN6843_c0_g1::CP@TRINITY_DN6843_c0_g1_i3::g.20657::m.20657	43.578	218	115	4	6	216	9	225	3.74e-59	190
Gallgall	CP@TRINITY_DN8315_c1_g1::CP@TRINITY_DN8315_c1_g1_i5::g.27199::m.27199	41.697	271	107	3	38	257	169	439	7.68e-57	196
Gallgall	CP@TRINITY_DN8315_c1_g1::CP@TRINITY_DN8315_c1_g1_i12::g.27197::m.27197	41.697	271	107	3	38	257	183	453	1.04e-56	196
Drosmela	CP@TRINITY_DN1045_c0_g1::CP@TRINITY_DN1045_c0_g1_i13::g.5709::m.5709	60.748	214	77	2	106	313	1	213	5.89e-87	278
Drosmela	CP@TRINITY_DN1045_c0_g1::CP@TRINITY_DN1045_c0_g1_i5::g.5718::m.5718	60.748	214	77	2	106	313	1	213	6.58e-87	278
Drosmela	CP@TRINITY_DN6843_c0_g1::CP@TRINITY_DN6843_c0_g1_i4::g.20659::m.20659	38.663	344	191	8	7	334	10	349	7.21e-85	260
Drosmela	CP@TRINITY_DN8315_c1_g1::CP@TRINITY_DN8315_c1_g1_i12::g.27197::m.27197	38.790	281	121	3	40	269	185	465	3.68e-57	197
Drosmela	CP@TRINITY_DN8315_c1_g1::CP@TRINITY_DN8315_c1_g1_i5::g.27199::m.27199	38.790	281	121	3	40	269	171	451	3.85e-57	197
Drosmela	CP@TRINITY_DN6843_c0_g1::CP@TRINITY_DN6843_c0_g1_i3::g.20657::m.20657	42.009	219	113	5	7	215	10	224	3.30e-54	177
Apismell	CP@TRINITY_DN1045_c0_g1::CP@TRINITY_DN1045_c0_g1_i13::g.5709::m.5709	62.150	214	78	2	105	316	1	213	3.97e-94	297
Apismell	CP@TRINITY_DN1045_c0_g1::CP@TRINITY_DN1045_c0_g1_i5::g.5718::m.5718	62.150	214	78	2	105	316	1	213	4.47e-94	297
Apismell	CP@TRINITY_DN6843_c0_g1::CP@TRINITY_DN6843_c0_g1_i4::g.20659::m.20659	39.769	347	199	5	3	341	6	350	2.03e-93	282
Apismell	CP@TRINITY_DN8315_c1_g1::CP@TRINITY_DN8315_c1_g1_i5::g.27199::m.27199	41.544	272	107	5	40	259	171	442	1.56e-54	190
Apismell	CP@TRINITY_DN8315_c1_g1::CP@TRINITY_DN8315_c1_g1_i12::g.27197::m.27197	41.544	272	107	5	40	259	185	456	2.01e-54	190
Apismell	CP@TRINITY_DN6843_c0_g1::CP@TRINITY_DN6843_c0_g1_i3::g.20657::m.20657	38.537	205	118	3	18	214	20	224	2.81e-52	172
Tricadha	CP@TRINITY_DN6843_c0_g1::CP@TRINITY_DN6843_c0_g1_i4::g.20659::m.20659	39.873	316	181	4	18	325	20	334	9.87e-86	263
Tricadha	CP@TRINITY_DN1045_c0_g1::CP@TRINITY_DN1045_c0_g1_i13::g.5709::m.5709	59.813	214	83	2	105	316	1	213	8.43e-85	272
Tricadha	CP@TRINITY_DN1045_c0_g1::CP@TRINITY_DN1045_c0_g1_i5::g.5718::m.5718	59.813	214	83	2	105	316	1	213	9.38e-85	272
Tricadha	CP@TRINITY_DN6843_c0_g1::CP@TRINITY_DN6843_c0_g1_i3::g.20657::m.20657	39.320	206	117	3	18	215	20	225	1.39e-52	173
Debahans	CP@TRINITY_DN8315_c1_g1::CP@TRINITY_DN8315_c1_g1_i5::g.27199::m.27199	37.313	268	136	3	58	299	180	441	4.00e-46	169
Debahans	CP@TRINITY_DN8315_c1_g1::CP@TRINITY_DN8315_c1_g1_i12::g.27197::m.27197	37.313	268	136	3	58	299	194	455	5.04e-46	169
Aspefumi	CP@TRINITY_DN6843_c0_g1::CP@TRINITY_DN6843_c0_g1_i4::g.20659::m.20659	35.897	234	138	2	1	222	62	295	6.94e-48	162
Spizpunc	CP@TRINITY_DN6843_c0_g1::CP@TRINITY_DN6843_c0_g1_i4::g.20659::m.20659	32.362	343	197	7	17	347	14	333	2.16e-54	183
Spizpunc	CP@TRINITY_DN1045_c0_g1::CP@TRINITY_DN1045_c0_g1_i13::g.5709::m.5709	44.726	237	106	6	102	338	1	212	9.98e-50	179
Spizpunc	CP@TRINITY_DN1045_c0_g1::CP@TRINITY_DN1045_c0_g1_i5::g.5718::m.5718	44.726	237	106	6	102	338	1	212	1.04e-49	179
Sphaarct	CP@TRINITY_DN1045_c0_g1::CP@TRINITY_DN1045_c0_g1_i13::g.5709::m.5709	51.111	225	108	2	26	248	1	225	1.76e-70	231
Sphaarct	CP@TRINITY_DN1045_c0_g1::CP@TRINITY_DN1045_c0_g1_i5::g.5718::m.5718	51.111	225	108	2	26	248	1	225	1.91e-70	231
Sphaarct	CP@TRINITY_DN6843_c0_g1::CP@TRINITY_DN6843_c0_g1_i4::g.20659::m.20659	42.105	266	144	5	1	258	84	347	4.47e-69	217
Amoepara	CP@TRINITY_DN6843_c0_g1::CP@TRINITY_DN6843_c0_g1_i4::g.20659::m.20659	42.059	340	183	8	15	345	15	349	3.63e-86	264
Amoepara	CP@TRINITY_DN1045_c0_g1::CP@TRINITY_DN1045_c0_g1_i13::g.5709::m.5709	56.332	229	93	4	108	333	1	225	2.03e-73	242
Amoepara	CP@TRINITY_DN1045_c0_g1::CP@TRINITY_DN1045_c0_g1_i5::g.5718::m.5718	56.332	229	93	4	108	333	1	225	2.22e-73	242
Amoepara	CP@TRINITY_DN8315_c1_g1::CP@TRINITY_DN8315_c1_g1_i5::g.27199::m.27199	42.652	279	108	4	42	268	170	448	1.60e-61	209
Amoepara	CP@TRINITY_DN8315_c1_g1::CP@TRINITY_DN8315_c1_g1_i12::g.27197::m.27197	42.652	279	108	4	42	268	184	462	2.20e-61	209
Amoepara	CP@TRINITY_DN6843_c0_g1::CP@TRINITY_DN6843_c0_g1_i3::g.20657::m.20657	42.396	217	118	3	14	223	14	230	1.63e-56	184
Karebrev	CP@TRINITY_DN6843_c0_g1::CP@TRINITY_DN6843_c0_g1_i4::g.20659::m.20659	35.329	334	187	9	14	339	18	330	3.84e-60	201
