Blasemer	CP@TRINITY_DN1470_c0_g2::CP@TRINITY_DN1470_c0_g2_i1::g.39024::m.39024	73.684	228	60	0	1	228	414	641	4.71e-124	369
Blasemer	CP@TRINITY_DN24897_c0_g1::CP@TRINITY_DN24897_c0_g1_i1::g.57768::m.57768	68.182	198	62	1	32	228	1	198	6.32e-98	285
Protlace	CP@TRINITY_DN1470_c0_g2::CP@TRINITY_DN1470_c0_g2_i1::g.39024::m.39024	43.214	280	142	5	1	277	480	745	1.54e-79	255
Protlace	CP@TRINITY_DN24897_c0_g1::CP@TRINITY_DN24897_c0_g1_i1::g.57768::m.57768	49.485	194	97	1	1	193	36	229	3.16e-72	222
Phaeglob	CP@TRINITY_DN1470_c0_g2::CP@TRINITY_DN1470_c0_g2_i1::g.39024::m.39024	53.917	434	186	5	1	430	342	765	1.45e-161	474
Phaeglob	CP@TRINITY_DN24897_c0_g1::CP@TRINITY_DN24897_c0_g1_i1::g.57768::m.57768	67.234	235	76	1	104	338	1	234	7.72e-116	339
Gephhuxl	CP@TRINITY_DN1470_c0_g2::CP@TRINITY_DN1470_c0_g2_i1::g.39024::m.39024	45.563	755	354	14	20	749	43	765	0.0	662
Gephhuxl	CP@TRINITY_DN24897_c0_g1::CP@TRINITY_DN24897_c0_g1_i1::g.57768::m.57768	58.077	260	88	3	404	662	1	240	1.64e-97	302
Calclept	CP@TRINITY_DN1470_c0_g2::CP@TRINITY_DN1470_c0_g2_i1::g.39024::m.39024	59.912	454	182	0	67	520	245	698	0.0	590
Calclept	CP@TRINITY_DN24897_c0_g1::CP@TRINITY_DN24897_c0_g1_i1::g.57768::m.57768	66.390	241	80	1	267	506	1	241	2.47e-116	343
Protfung	CP@TRINITY_DN1470_c0_g2::CP@TRINITY_DN1470_c0_g2_i1::g.39024::m.39024	52.296	784	325	17	92	845	5	769	0.0	768
Protfung	CP@TRINITY_DN24897_c0_g1::CP@TRINITY_DN24897_c0_g1_i1::g.57768::m.57768	64.198	243	83	3	535	776	1	240	1.43e-106	328
Dictdisc	CP@TRINITY_DN1470_c0_g2::CP@TRINITY_DN1470_c0_g2_i1::g.39024::m.39024	56.438	730	301	10	72	794	46	765	0.0	828
Dictdisc	CP@TRINITY_DN24897_c0_g1::CP@TRINITY_DN24897_c0_g1_i1::g.57768::m.57768	63.525	244	87	2	468	710	1	243	1.74e-107	329
Physpoly	CP@TRINITY_DN1470_c0_g2::CP@TRINITY_DN1470_c0_g2_i1::g.39024::m.39024	57.860	757	286	12	79	822	34	770	0.0	864
Physpoly	CP@TRINITY_DN24897_c0_g1::CP@TRINITY_DN24897_c0_g1_i1::g.57768::m.57768	67.373	236	73	2	487	722	1	232	3.82e-110	336
ChoanoFB	CP@TRINITY_DN1470_c0_g2::CP@TRINITY_DN1470_c0_g2_i1::g.39024::m.39024	50.000	642	300	7	2	630	116	749	0.0	622
ChoanoFB	CP@TRINITY_DN24897_c0_g1::CP@TRINITY_DN24897_c0_g1_i1::g.57768::m.57768	64.224	232	77	3	329	556	1	230	3.06e-102	311
Rainerin	CP@TRINITY_DN1470_c0_g2::CP@TRINITY_DN1470_c0_g2_i1::g.39024::m.39024	50.767	717	312	9	51	731	40	751	0.0	706
Rainerin	CP@TRINITY_DN24897_c0_g1::CP@TRINITY_DN24897_c0_g1_i1::g.57768::m.57768	65.086	232	80	1	431	661	1	232	5.35e-106	323
Raphhete	CP@TRINITY_DN1470_c0_g2::CP@TRINITY_DN1470_c0_g2_i1::g.39024::m.39024	49.837	614	274	8	2	589	141	746	0.0	605
Raphhete	CP@TRINITY_DN24897_c0_g1::CP@TRINITY_DN24897_c0_g1_i1::g.57768::m.57768	61.373	233	89	1	289	520	1	233	5.47e-98	298
SpirCILI	CP@TRINITY_DN1470_c0_g2::CP@TRINITY_DN1470_c0_g2_i1::g.39024::m.39024	51.194	754	341	12	91	838	35	767	0.0	753
SpirCILI	CP@TRINITY_DN24897_c0_g1::CP@TRINITY_DN24897_c0_g1_i1::g.57768::m.57768	60.000	240	96	0	508	747	1	240	3.77e-96	300
Hemikukw	CP@TRINITY_DN1470_c0_g2::CP@TRINITY_DN1470_c0_g2_i1::g.39024::m.39024	55.195	462	192	6	127	576	36	494	1.88e-177	521
Creofrag	CP@TRINITY_DN1470_c0_g2::CP@TRINITY_DN1470_c0_g2_i1::g.39024::m.39024	50.882	737	333	12	62	778	36	763	0.0	739
Creofrag	CP@TRINITY_DN24897_c0_g1::CP@TRINITY_DN24897_c0_g1_i1::g.57768::m.57768	64.407	236	81	1	466	701	1	233	3.31e-103	317
Monobrev	CP@TRINITY_DN1470_c0_g2::CP@TRINITY_DN1470_c0_g2_i1::g.39024::m.39024	44.814	781	365	20	54	812	10	746	0.0	627
Monobrev	CP@TRINITY_DN24897_c0_g1::CP@TRINITY_DN24897_c0_g1_i1::g.57768::m.57768	59.729	221	85	2	506	726	1	217	4.99e-82	263
Homosapi	CP@TRINITY_DN1470_c0_g2::CP@TRINITY_DN1470_c0_g2_i1::g.39024::m.39024	53.716	767	319	14	38	786	18	766	0.0	805
Homosapi	CP@TRINITY_DN24897_c0_g1::CP@TRINITY_DN24897_c0_g1_i1::g.57768::m.57768	77.872	235	52	0	471	705	1	235	1.12e-137	406
Nemavect	CP@TRINITY_DN1470_c0_g2::CP@TRINITY_DN1470_c0_g2_i1::g.39024::m.39024	52.870	749	318	15	2	732	35	766	0.0	746
Nemavect	CP@TRINITY_DN24897_c0_g1::CP@TRINITY_DN24897_c0_g1_i1::g.57768::m.57768	77.447	235	53	0	420	654	1	235	4.91e-134	395
Sphadest	CP@TRINITY_DN1470_c0_g2::CP@TRINITY_DN1470_c0_g2_i1::g.39024::m.39024	62.738	526	191	4	314	836	246	769	0.0	699
Sphadest	CP@TRINITY_DN1470_c0_g2::CP@TRINITY_DN1470_c0_g2_i1::g.39024::m.39024	48.756	201	94	5	18	209	38	238	1.54e-48	184
Sphadest	CP@TRINITY_DN24897_c0_g1::CP@TRINITY_DN24897_c0_g1_i1::g.57768::m.57768	70.815	233	68	0	512	744	1	233	8.30e-119	359
Syssmult	CP@TRINITY_DN1470_c0_g2::CP@TRINITY_DN1470_c0_g2_i1::g.39024::m.39024	56.779	745	298	10	78	811	36	767	0.0	862
Syssmult	CP@TRINITY_DN24897_c0_g1::CP@TRINITY_DN24897_c0_g1_i1::g.57768::m.57768	65.574	244	83	1	493	736	1	243	3.36e-112	342
Capsowcz	CP@TRINITY_DN1470_c0_g2::CP@TRINITY_DN1470_c0_g2_i1::g.39024::m.39024	61.996	521	184	6	426	943	246	755	0.0	667
Capsowcz	CP@TRINITY_DN1470_c0_g2::CP@TRINITY_DN1470_c0_g2_i1::g.39024::m.39024	47.120	191	83	4	43	231	6	180	2.38e-43	169
Capsowcz	CP@TRINITY_DN24897_c0_g1::CP@TRINITY_DN24897_c0_g1_i1::g.57768::m.57768	69.136	243	75	0	625	867	1	243	9.72e-122	370
Parvatla	CP@TRINITY_DN1470_c0_g2::CP@TRINITY_DN1470_c0_g2_i1::g.39024::m.39024	57.507	746	282	11	39	779	34	749	0.0	866
Parvatla	CP@TRINITY_DN24897_c0_g1::CP@TRINITY_DN24897_c0_g1_i1::g.57768::m.57768	66.527	239	79	1	478	715	1	239	5.00e-112	341
Sacccere	CP@TRINITY_DN1470_c0_g2::CP@TRINITY_DN1470_c0_g2_i1::g.39024::m.39024	59.812	744	276	8	111	839	34	769	0.0	913
Sacccere	CP@TRINITY_DN24897_c0_g1::CP@TRINITY_DN24897_c0_g1_i1::g.57768::m.57768	70.000	240	71	1	512	750	1	240	1.63e-116	353
Batrdend	CP@TRINITY_DN1470_c0_g2::CP@TRINITY_DN1470_c0_g2_i1::g.39024::m.39024	53.024	777	304	14	3	769	44	769	0.0	780
Batrdend	CP@TRINITY_DN24897_c0_g1::CP@TRINITY_DN24897_c0_g1_i1::g.57768::m.57768	62.140	243	87	4	446	687	1	239	1.47e-95	297
Mitodaph	CP@TRINITY_DN1470_c0_g2::CP@TRINITY_DN1470_c0_g2_i1::g.39024::m.39024	54.714	753	276	12	53	769	44	767	0.0	820
Mitodaph	CP@TRINITY_DN24897_c0_g1::CP@TRINITY_DN24897_c0_g1_i1::g.57768::m.57768	65.560	241	80	2	428	667	1	239	2.51e-110	335
Parasacc	CP@TRINITY_DN1470_c0_g2::CP@TRINITY_DN1470_c0_g2_i1::g.39024::m.39024	60.676	740	250	9	64	770	37	768	0.0	909
Parasacc	CP@TRINITY_DN24897_c0_g1::CP@TRINITY_DN24897_c0_g1_i1::g.57768::m.57768	67.917	240	76	1	454	692	1	240	2.54e-113	343
Rozeallo	CP@TRINITY_DN1470_c0_g2::CP@TRINITY_DN1470_c0_g2_i1::g.39024::m.39024	62.948	726	250	8	47	757	46	767	0.0	938
Rozeallo	CP@TRINITY_DN24897_c0_g1::CP@TRINITY_DN24897_c0_g1_i1::g.57768::m.57768	66.667	243	80	1	442	683	1	243	3.75e-114	345
TeloneP2	CP@TRINITY_DN1470_c0_g2::CP@TRINITY_DN1470_c0_g2_i1::g.39024::m.39024	43.944	644	300	14	1	603	142	765	6.83e-175	516
TeloneP2	CP@TRINITY_DN24897_c0_g1::CP@TRINITY_DN24897_c0_g1_i1::g.57768::m.57768	57.600	250	94	4	283	531	1	239	3.84e-90	279
Telosubt	CP@TRINITY_DN1470_c0_g2::CP@TRINITY_DN1470_c0_g2_i1::g.39024::m.39024	48.030	406	195	4	16	410	223	623	4.14e-131	395
Telosubt	CP@TRINITY_DN24897_c0_g1::CP@TRINITY_DN24897_c0_g1_i1::g.57768::m.57768	60.000	180	71	1	231	410	1	179	5.78e-72	226
Galdphle	CP@TRINITY_DN1470_c0_g2::CP@TRINITY_DN1470_c0_g2_i1::g.39024::m.39024	52.687	763	305	13	102	840	39	769	0.0	810
Galdphle	CP@TRINITY_DN24897_c0_g1::CP@TRINITY_DN24897_c0_g1_i1::g.57768::m.57768	65.272	239	82	1	503	740	1	239	1.05e-109	336
Hemirufe	CP@TRINITY_DN1470_c0_g2::CP@TRINITY_DN1470_c0_g2_i1::g.39024::m.39024	55.211	451	196	4	54	499	255	704	0.0	529
Hemirufe	CP@TRINITY_DN24897_c0_g1::CP@TRINITY_DN24897_c0_g1_i1::g.57768::m.57768	52.893	242	109	2	245	481	1	242	4.70e-92	280
Gemicryo	CP@TRINITY_DN1470_c0_g2::CP@TRINITY_DN1470_c0_g2_i1::g.39024::m.39024	52.110	474	212	6	37	502	235	701	1.05e-176	516
Gemicryo	CP@TRINITY_DN24897_c0_g1::CP@TRINITY_DN24897_c0_g1_i1::g.57768::m.57768	55.144	243	104	2	251	488	1	243	3.70e-95	288
Gracchor	CP@TRINITY_DN1470_c0_g2::CP@TRINITY_DN1470_c0_g2_i1::g.39024::m.39024	50.897	780	337	13	91	848	13	768	0.0	794
Gracchor	CP@TRINITY_DN24897_c0_g1::CP@TRINITY_DN24897_c0_g1_i1::g.57768::m.57768	68.220	236	74	1	516	750	1	236	4.88e-116	352
Pyroyezo	CP@TRINITY_DN1470_c0_g2::CP@TRINITY_DN1470_c0_g2_i1::g.39024::m.39024	58.951	324	127	2	1	319	427	749	2.79e-136	406
Pyroyezo	CP@TRINITY_DN24897_c0_g1::CP@TRINITY_DN24897_c0_g1_i1::g.57768::m.57768	62.963	243	89	1	19	260	1	243	1.75e-112	327
Porppurp	CP@TRINITY_DN1470_c0_g2::CP@TRINITY_DN1470_c0_g2_i1::g.39024::m.39024	53.129	751	318	10	301	1043	44	768	0.0	797
Porppurp	CP@TRINITY_DN24897_c0_g1::CP@TRINITY_DN24897_c0_g1_i1::g.57768::m.57768	64.609	243	85	1	717	958	1	243	1.98e-110	342
Arabthal	CP@TRINITY_DN1470_c0_g2::CP@TRINITY_DN1470_c0_g2_i1::g.39024::m.39024	54.111	754	293	13	45	765	34	767	0.0	791
Arabthal	CP@TRINITY_DN24897_c0_g1::CP@TRINITY_DN24897_c0_g1_i1::g.57768::m.57768	63.347	251	84	3	432	682	1	243	1.35e-104	320
Charbrau	CP@TRINITY_DN1470_c0_g2::CP@TRINITY_DN1470_c0_g2_i1::g.39024::m.39024	48.052	693	253	16	17	634	107	767	0.0	608
Charbrau	CP@TRINITY_DN24897_c0_g1::CP@TRINITY_DN24897_c0_g1_i1::g.57768::m.57768	60.000	235	86	3	308	542	17	243	3.08e-93	287
Mesoviri	CP@TRINITY_DN1470_c0_g2::CP@TRINITY_DN1470_c0_g2_i1::g.39024::m.39024	53.548	747	310	13	60	782	34	767	0.0	781
Mesoviri	CP@TRINITY_DN24897_c0_g1::CP@TRINITY_DN24897_c0_g1_i1::g.57768::m.57768	66.529	242	78	3	453	693	1	240	1.08e-110	337
Prassing	CP@TRINITY_DN1470_c0_g2::CP@TRINITY_DN1470_c0_g2_i1::g.39024::m.39024	55.243	534	220	8	98	627	245	763	0.0	597
Prassing	CP@TRINITY_DN24897_c0_g1::CP@TRINITY_DN24897_c0_g1_i1::g.57768::m.57768	67.241	232	74	2	300	531	1	230	3.16e-112	336
Pyrapark	CP@TRINITY_DN1470_c0_g2::CP@TRINITY_DN1470_c0_g2_i1::g.39024::m.39024	58.029	548	214	8	41	586	231	764	0.0	643
Pyrapark	CP@TRINITY_DN24897_c0_g1::CP@TRINITY_DN24897_c0_g1_i1::g.57768::m.57768	62.097	248	86	3	258	505	1	240	1.68e-104	315
Nephpyri	CP@TRINITY_DN1470_c0_g2::CP@TRINITY_DN1470_c0_g2_i1::g.39024::m.39024	61.656	459	168	5	1	459	240	690	0.0	603
Nephpyri	CP@TRINITY_DN24897_c0_g1::CP@TRINITY_DN24897_c0_g1_i1::g.57768::m.57768	69.397	232	68	3	208	439	1	229	1.21e-116	342
Prascaps	CP@TRINITY_DN1470_c0_g2::CP@TRINITY_DN1470_c0_g2_i1::g.39024::m.39024	57.883	444	178	5	1	437	306	747	0.0	540
Prascaps	CP@TRINITY_DN24897_c0_g1::CP@TRINITY_DN24897_c0_g1_i1::g.57768::m.57768	65.164	244	83	2	140	382	1	243	1.25e-115	340
Chlovari	CP@TRINITY_DN1470_c0_g2::CP@TRINITY_DN1470_c0_g2_i1::g.39024::m.39024	45.124	523	217	11	174	660	1	489	2.04e-135	421
Dunasali	CP@TRINITY_DN1470_c0_g2::CP@TRINITY_DN1470_c0_g2_i1::g.39024::m.39024	57.749	542	198	11	44	583	240	752	0.0	637
Dunasali	CP@TRINITY_DN24897_c0_g1::CP@TRINITY_DN24897_c0_g1_i1::g.57768::m.57768	66.667	237	71	3	259	495	1	229	2.23e-110	331
Naeggrub	CP@TRINITY_DN1470_c0_g2::CP@TRINITY_DN1470_c0_g2_i1::g.39024::m.39024	44.994	789	382	17	47	816	10	765	0.0	655
Naeggrub	CP@TRINITY_DN24897_c0_g1::CP@TRINITY_DN24897_c0_g1_i1::g.57768::m.57768	63.319	229	80	2	499	723	1	229	3.27e-98	305
Andagodo	CP@TRINITY_DN1470_c0_g2::CP@TRINITY_DN1470_c0_g2_i1::g.39024::m.39024	47.902	572	256	7	274	844	239	769	1.11e-177	531
Andagodo	CP@TRINITY_DN24897_c0_g1::CP@TRINITY_DN24897_c0_g1_i1::g.57768::m.57768	55.952	252	93	3	495	745	1	235	6.57e-92	289
Thalpseu	CP@TRINITY_DN1470_c0_g2::CP@TRINITY_DN1470_c0_g2_i1::g.39024::m.39024	53.438	640	276	7	1	625	40	672	0.0	696
Thalpseu	CP@TRINITY_DN24897_c0_g1::CP@TRINITY_DN24897_c0_g1_i1::g.57768::m.57768	63.830	235	79	2	391	625	1	229	8.55e-100	304
Phytpara	CP@TRINITY_DN1470_c0_g2::CP@TRINITY_DN1470_c0_g2_i1::g.39024::m.39024	52.547	746	333	10	80	819	37	767	0.0	786
Phytpara	CP@TRINITY_DN24897_c0_g1::CP@TRINITY_DN24897_c0_g1_i1::g.57768::m.57768	65.368	231	77	2	496	725	1	229	6.38e-102	315
EctocSP7	CP@TRINITY_DN1470_c0_g2::CP@TRINITY_DN1470_c0_g2_i1::g.39024::m.39024	50.904	774	330	11	117	883	39	769	0.0	776
EctocSP7	CP@TRINITY_DN24897_c0_g1::CP@TRINITY_DN24897_c0_g1_i1::g.57768::m.57768	63.793	232	81	2	559	789	1	230	7.46e-100	311
ChrysoH2	CP@TRINITY_DN1470_c0_g2::CP@TRINITY_DN1470_c0_g2_i1::g.39024::m.39024	47.084	463	214	10	83	523	39	492	1.52e-138	419
BicoCB20	CP@TRINITY_DN1470_c0_g2::CP@TRINITY_DN1470_c0_g2_i1::g.39024::m.39024	47.004	534	242	9	65	580	199	709	5.07e-156	469
BicoCB20	CP@TRINITY_DN24897_c0_g1::CP@TRINITY_DN24897_c0_g1_i1::g.57768::m.57768	54.183	251	103	4	300	547	1	242	1.50e-84	266
MAST004E	CP@TRINITY_DN1470_c0_g2::CP@TRINITY_DN1470_c0_g2_i1::g.39024::m.39024	47.059	272	98	4	1	226	306	577	1.47e-77	248
MAST04A1	CP@TRINITY_DN1470_c0_g2::CP@TRINITY_DN1470_c0_g2_i1::g.39024::m.39024	35.302	728	316	20	28	624	46	749	7.73e-130	400
MAST04A1	CP@TRINITY_DN24897_c0_g1::CP@TRINITY_DN24897_c0_g1_i1::g.57768::m.57768	45.588	204	89	4	346	533	28	225	9.14e-57	192
Leptpyrr	CP@TRINITY_DN1470_c0_g2::CP@TRINITY_DN1470_c0_g2_i1::g.39024::m.39024	41.699	259	142	4	421	676	250	502	9.80e-58	214
Leismajo	CP@TRINITY_DN1470_c0_g2::CP@TRINITY_DN1470_c0_g2_i1::g.39024::m.39024	45.726	234	119	3	458	688	274	502	5.10e-57	212
Paraconf	CP@TRINITY_DN1470_c0_g2::CP@TRINITY_DN1470_c0_g2_i1::g.39024::m.39024	41.920	427	215	5	423	846	274	670	3.55e-107	353
Paraconf	CP@TRINITY_DN24897_c0_g1::CP@TRINITY_DN24897_c0_g1_i1::g.57768::m.57768	44.082	245	117	4	604	846	1	227	1.15e-64	219
Trypbruc	CP@TRINITY_DN1470_c0_g2::CP@TRINITY_DN1470_c0_g2_i1::g.39024::m.39024	42.823	418	214	4	362	776	274	669	3.49e-108	352
Trypbruc	CP@TRINITY_DN24897_c0_g1::CP@TRINITY_DN24897_c0_g1_i1::g.57768::m.57768	46.250	240	113	4	539	776	1	226	7.09e-67	224
Tricvagi	CP@TRINITY_DN1470_c0_g2::CP@TRINITY_DN1470_c0_g2_i1::g.39024::m.39024	41.440	625	351	8	63	675	49	670	4.61e-166	498
Tricvagi	CP@TRINITY_DN24897_c0_g1::CP@TRINITY_DN24897_c0_g1_i1::g.57768::m.57768	52.423	227	107	1	450	675	1	227	1.70e-80	257
Monoexil	CP@TRINITY_DN1470_c0_g2::CP@TRINITY_DN1470_c0_g2_i1::g.39024::m.39024	46.062	673	315	9	18	679	40	675	0.0	605
Monoexil	CP@TRINITY_DN24897_c0_g1::CP@TRINITY_DN24897_c0_g1_i1::g.57768::m.57768	59.072	237	94	2	451	684	1	237	2.71e-95	298
Parapyri	CP@TRINITY_DN1470_c0_g2::CP@TRINITY_DN1470_c0_g2_i1::g.39024::m.39024	51.389	360	162	4	1	359	418	765	3.17e-123	373
Parapyri	CP@TRINITY_DN24897_c0_g1::CP@TRINITY_DN24897_c0_g1_i1::g.57768::m.57768	60.256	234	91	1	28	259	1	234	1.78e-101	300
Styginca	CP@TRINITY_DN1470_c0_g2::CP@TRINITY_DN1470_c0_g2_i1::g.39024::m.39024	38.491	795	382	18	120	840	4	765	2.69e-178	532
Styginca	CP@TRINITY_DN24897_c0_g1::CP@TRINITY_DN24897_c0_g1_i1::g.57768::m.57768	49.801	251	105	6	494	739	1	235	4.60e-77	250
Paulchro	CP@TRINITY_DN1470_c0_g2::CP@TRINITY_DN1470_c0_g2_i1::g.39024::m.39024	47.147	736	332	9	59	785	36	723	0.0	660
Paulchro	CP@TRINITY_DN24897_c0_g1::CP@TRINITY_DN24897_c0_g1_i1::g.57768::m.57768	63.821	246	85	2	503	747	1	243	3.18e-106	326
Lapoguse	CP@TRINITY_DN1470_c0_g2::CP@TRINITY_DN1470_c0_g2_i1::g.39024::m.39024	52.669	562	255	6	38	595	211	765	0.0	600
Lapoguse	CP@TRINITY_DN24897_c0_g1::CP@TRINITY_DN24897_c0_g1_i1::g.57768::m.57768	64.783	230	79	2	270	498	1	229	3.49e-104	315
Bigenata	CP@TRINITY_DN1470_c0_g2::CP@TRINITY_DN1470_c0_g2_i1::g.39024::m.39024	36.310	504	215	12	10	437	235	708	7.80e-88	296
Retifilo	CP@TRINITY_DN1470_c0_g2::CP@TRINITY_DN1470_c0_g2_i1::g.39024::m.39024	45.960	755	339	13	2	740	46	747	0.0	642
Retifilo	CP@TRINITY_DN24897_c0_g1::CP@TRINITY_DN24897_c0_g1_i1::g.57768::m.57768	55.303	264	82	2	397	659	1	229	1.94e-93	292
Sori0191	CP@TRINITY_DN1470_c0_g2::CP@TRINITY_DN1470_c0_g2_i1::g.39024::m.39024	46.517	445	205	8	2	444	334	747	3.66e-131	399
Sori0191	CP@TRINITY_DN24897_c0_g1::CP@TRINITY_DN24897_c0_g1_i1::g.57768::m.57768	58.848	243	85	3	114	355	1	229	2.90e-94	286
Ammo1384	CP@TRINITY_DN1470_c0_g2::CP@TRINITY_DN1470_c0_g2_i1::g.39024::m.39024	51.908	524	241	7	11	532	248	762	0.0	530
Ammo1384	CP@TRINITY_DN24897_c0_g1::CP@TRINITY_DN24897_c0_g1_i1::g.57768::m.57768	58.537	246	97	3	211	454	1	243	1.28e-95	292
Aurisoli	CP@TRINITY_DN1470_c0_g2::CP@TRINITY_DN1470_c0_g2_i1::g.39024::m.39024	60.907	353	138	0	6	358	294	646	7.50e-157	459
Aurisoli	CP@TRINITY_DN24897_c0_g1::CP@TRINITY_DN24897_c0_g1_i1::g.57768::m.57768	60.591	203	79	1	157	358	1	203	1.28e-84	256
Plasbras	CP@TRINITY_DN1470_c0_g2::CP@TRINITY_DN1470_c0_g2_i1::g.39024::m.39024	50.562	712	342	8	34	739	42	749	0.0	723
Plasbras	CP@TRINITY_DN24897_c0_g1::CP@TRINITY_DN24897_c0_g1_i1::g.57768::m.57768	60.905	243	93	2	434	674	1	243	2.83e-99	307
Leptvora	CP@TRINITY_DN1470_c0_g2::CP@TRINITY_DN1470_c0_g2_i1::g.39024::m.39024	48.780	410	201	5	1	409	356	757	2.64e-134	405
Leptvora	CP@TRINITY_DN24897_c0_g1::CP@TRINITY_DN24897_c0_g1_i1::g.57768::m.57768	62.115	227	85	1	91	316	1	227	9.52e-101	301
Styllemn	CP@TRINITY_DN1470_c0_g2::CP@TRINITY_DN1470_c0_g2_i1::g.39024::m.39024	47.403	770	332	13	42	801	43	749	0.0	676
Styllemn	CP@TRINITY_DN24897_c0_g1::CP@TRINITY_DN24897_c0_g1_i1::g.57768::m.57768	65.106	235	76	1	491	725	1	229	6.59e-103	317
Thectrah	CP@TRINITY_DN1470_c0_g2::CP@TRINITY_DN1470_c0_g2_i1::g.39024::m.39024	51.903	578	245	12	1377	1942	203	759	0.0	574
Thectrah	CP@TRINITY_DN24897_c0_g1::CP@TRINITY_DN24897_c0_g1_i1::g.57768::m.57768	64.192	229	81	1	1628	1855	1	229	9.53e-100	321
Protadhe	CP@TRINITY_DN1470_c0_g2::CP@TRINITY_DN1470_c0_g2_i1::g.39024::m.39024	49.320	515	251	6	16	527	210	717	3.48e-174	511
Protadhe	CP@TRINITY_DN24897_c0_g1::CP@TRINITY_DN24897_c0_g1_i1::g.57768::m.57768	63.755	229	82	1	254	481	1	229	1.70e-99	301
Stencoer	CP@TRINITY_DN1470_c0_g2::CP@TRINITY_DN1470_c0_g2_i1::g.39024::m.39024	49.486	681	303	7	25	671	40	713	0.0	677
Stencoer	CP@TRINITY_DN24897_c0_g1::CP@TRINITY_DN24897_c0_g1_i1::g.57768::m.57768	59.167	240	98	0	398	637	1	240	1.08e-98	304
Vitrbras	CP@TRINITY_DN1470_c0_g2::CP@TRINITY_DN1470_c0_g2_i1::g.39024::m.39024	49.057	530	261	6	434	962	248	769	5.13e-172	520
Vitrbras	CP@TRINITY_DN24897_c0_g1::CP@TRINITY_DN24897_c0_g1_i1::g.57768::m.57768	59.912	227	91	0	632	858	1	227	4.77e-93	295
Colpangu	CP@TRINITY_DN1470_c0_g2::CP@TRINITY_DN1470_c0_g2_i1::g.39024::m.39024	51.690	503	231	3	393	894	237	728	1.19e-170	516
Colpangu	CP@TRINITY_DN24897_c0_g1::CP@TRINITY_DN24897_c0_g1_i1::g.57768::m.57768	53.942	241	110	1	602	841	1	241	8.21e-85	272
Plasfalc	CP@TRINITY_DN1470_c0_g2::CP@TRINITY_DN1470_c0_g2_i1::g.39024::m.39024	39.927	824	410	16	81	884	11	769	0.0	585
Plasfalc	CP@TRINITY_DN24897_c0_g1::CP@TRINITY_DN24897_c0_g1_i1::g.57768::m.57768	54.978	231	100	1	539	769	1	227	7.17e-83	266
Gregniph	CP@TRINITY_DN1470_c0_g2::CP@TRINITY_DN1470_c0_g2_i1::g.39024::m.39024	44.917	659	327	8	60	711	40	669	0.0	558
Gregniph	CP@TRINITY_DN24897_c0_g1::CP@TRINITY_DN24897_c0_g1_i1::g.57768::m.57768	56.170	235	94	1	477	711	1	226	5.24e-86	272
Oxyrmari	CP@TRINITY_DN1470_c0_g2::CP@TRINITY_DN1470_c0_g2_i1::g.39024::m.39024	52.159	301	135	2	1	301	398	689	5.64e-107	328
Oxyrmari	CP@TRINITY_DN24897_c0_g1::CP@TRINITY_DN24897_c0_g1_i1::g.57768::m.57768	54.032	248	106	2	48	295	1	240	2.26e-93	276
HemaVICK	CP@TRINITY_DN1470_c0_g2::CP@TRINITY_DN1470_c0_g2_i1::g.39024::m.39024	42.563	679	311	9	26	642	43	704	0.0	552
HemaVICK	CP@TRINITY_DN24897_c0_g1::CP@TRINITY_DN24897_c0_g1_i1::g.57768::m.57768	56.432	241	91	3	369	607	1	229	2.04e-88	276
Flecnera	CP@TRINITY_DN1470_c0_g2::CP@TRINITY_DN1470_c0_g2_i1::g.39024::m.39024	38.028	639	341	13	10	611	49	669	2.75e-138	423
Flecnera	CP@TRINITY_DN24897_c0_g1::CP@TRINITY_DN24897_c0_g1_i1::g.57768::m.57768	47.598	229	115	2	385	611	1	226	3.51e-65	215
Diplambu	CP@TRINITY_DN1470_c0_g2::CP@TRINITY_DN1470_c0_g2_i1::g.39024::m.39024	38.991	654	349	11	6	629	63	696	4.30e-148	448
Diplambu	CP@TRINITY_DN24897_c0_g1::CP@TRINITY_DN24897_c0_g1_i1::g.57768::m.57768	51.293	232	105	3	371	599	1	227	5.71e-72	233
Caferoen	CP@TRINITY_DN1470_c0_g2::CP@TRINITY_DN1470_c0_g2_i1::g.39024::m.39024	41.946	596	297	14	325	912	206	760	6.12e-138	431
Caferoen	CP@TRINITY_DN24897_c0_g1::CP@TRINITY_DN24897_c0_g1_i1::g.57768::m.57768	52.846	246	113	3	577	822	1	243	2.15e-75	247
BlasS7SB	CP@TRINITY_DN1470_c0_g2::CP@TRINITY_DN1470_c0_g2_i1::g.39024::m.39024	39.310	725	378	12	8	720	36	710	1.31e-165	496
BlasS7SB	CP@TRINITY_DN24897_c0_g1::CP@TRINITY_DN24897_c0_g1_i1::g.57768::m.57768	48.387	248	114	4	429	675	1	235	1.39e-71	233
Pingpyre	CP@TRINITY_DN1470_c0_g2::CP@TRINITY_DN1470_c0_g2_i1::g.39024::m.39024	45.479	741	343	11	60	772	40	747	0.0	642
Pingpyre	CP@TRINITY_DN24897_c0_g1::CP@TRINITY_DN24897_c0_g1_i1::g.57768::m.57768	59.565	230	91	2	452	680	1	229	2.81e-86	281
Paheparv	CP@TRINITY_DN1470_c0_g2::CP@TRINITY_DN1470_c0_g2_i1::g.39024::m.39024	43.634	754	375	11	69	817	40	748	0.0	634
Paheparv	CP@TRINITY_DN24897_c0_g1::CP@TRINITY_DN24897_c0_g1_i1::g.57768::m.57768	60.000	230	90	2	491	719	1	229	3.84e-90	284
Wobbluna	CP@TRINITY_DN1470_c0_g2::CP@TRINITY_DN1470_c0_g2_i1::g.39024::m.39024	42.397	776	375	16	30	799	37	746	0.0	587
Wobbluna	CP@TRINITY_DN24897_c0_g1::CP@TRINITY_DN24897_c0_g1_i1::g.57768::m.57768	51.092	229	109	2	488	715	1	227	2.70e-71	234
Cantmars	CP@TRINITY_DN1470_c0_g2::CP@TRINITY_DN1470_c0_g2_i1::g.39024::m.39024	42.510	741	387	15	2	721	39	761	0.0	566
Cantmars	CP@TRINITY_DN24897_c0_g1::CP@TRINITY_DN24897_c0_g1_i1::g.57768::m.57768	56.710	231	93	3	402	631	1	225	1.20e-83	265
Aplakerg	CP@TRINITY_DN1470_c0_g2::CP@TRINITY_DN1470_c0_g2_i1::g.39024::m.39024	45.887	693	334	12	2	680	28	693	0.0	617
Aplakerg	CP@TRINITY_DN24897_c0_g1::CP@TRINITY_DN24897_c0_g1_i1::g.57768::m.57768	55.882	238	97	3	420	657	1	230	4.73e-84	266
Auralima	CP@TRINITY_DN1470_c0_g2::CP@TRINITY_DN1470_c0_g2_i1::g.39024::m.39024	44.758	744	326	14	106	840	39	706	0.0	617
Auralima	CP@TRINITY_DN24897_c0_g1::CP@TRINITY_DN24897_c0_g1_i1::g.57768::m.57768	55.649	239	90	4	569	804	1	226	3.27e-84	270
ThraLLF1	CP@TRINITY_DN1470_c0_g2::CP@TRINITY_DN1470_c0_g2_i1::g.39024::m.39024	41.987	755	352	10	44	797	27	696	0.0	607
ThraLLF1	CP@TRINITY_DN24897_c0_g1::CP@TRINITY_DN24897_c0_g1_i1::g.57768::m.57768	54.217	249	106	3	535	783	1	241	2.07e-86	275
Schiaggr	CP@TRINITY_DN1470_c0_g2::CP@TRINITY_DN1470_c0_g2_i1::g.39024::m.39024	51.073	466	215	5	338	803	244	696	7.00e-169	508
Schiaggr	CP@TRINITY_DN24897_c0_g1::CP@TRINITY_DN24897_c0_g1_i1::g.57768::m.57768	55.600	250	102	3	540	789	1	241	9.29e-88	278
Deveeleg	CP@TRINITY_DN1470_c0_g2::CP@TRINITY_DN1470_c0_g2_i1::g.39024::m.39024	50.452	775	330	14	47	780	3	764	0.0	737
Deveeleg	CP@TRINITY_DN24897_c0_g1::CP@TRINITY_DN24897_c0_g1_i1::g.57768::m.57768	62.083	240	86	3	471	706	1	239	6.83e-97	301
Phaetric	CP@TRINITY_DN1470_c0_g2::CP@TRINITY_DN1470_c0_g2_i1::g.39024::m.39024	50.000	732	331	14	2	716	52	765	0.0	702
Phaetric	CP@TRINITY_DN24897_c0_g1::CP@TRINITY_DN24897_c0_g1_i1::g.57768::m.57768	62.288	236	83	2	387	622	1	230	1.02e-97	301
Psuemult	CP@TRINITY_DN1470_c0_g2::CP@TRINITY_DN1470_c0_g2_i1::g.39024::m.39024	49.422	779	338	16	29	781	17	765	0.0	737
Psuemult	CP@TRINITY_DN24897_c0_g1::CP@TRINITY_DN24897_c0_g1_i1::g.57768::m.57768	61.441	236	85	2	448	683	1	230	4.60e-97	301
Fragcyli	CP@TRINITY_DN1470_c0_g2::CP@TRINITY_DN1470_c0_g2_i1::g.39024::m.39024	51.608	684	289	10	7	663	31	699	0.0	697
Fragcyli	CP@TRINITY_DN24897_c0_g1::CP@TRINITY_DN24897_c0_g1_i1::g.57768::m.57768	61.864	236	84	2	398	633	1	230	2.04e-97	300
Tripeleu	CP@TRINITY_DN1470_c0_g2::CP@TRINITY_DN1470_c0_g2_i1::g.39024::m.39024	47.826	575	273	9	54	627	215	763	1.01e-178	526
Tripeleu	CP@TRINITY_DN24897_c0_g1::CP@TRINITY_DN24897_c0_g1_i1::g.57768::m.57768	58.898	236	90	2	291	526	1	229	4.50e-89	276
Saprdecl	CP@TRINITY_DN1470_c0_g2::CP@TRINITY_DN1470_c0_g2_i1::g.39024::m.39024	53.495	744	324	10	69	798	32	767	0.0	796
Saprdecl	CP@TRINITY_DN24897_c0_g1::CP@TRINITY_DN24897_c0_g1_i1::g.57768::m.57768	63.636	231	81	2	479	708	1	229	1.90e-101	313
Pythirre	CP@TRINITY_DN1470_c0_g2::CP@TRINITY_DN1470_c0_g2_i1::g.39024::m.39024	51.421	774	331	13	74	828	20	767	0.0	782
Pythirre	CP@TRINITY_DN24897_c0_g1::CP@TRINITY_DN24897_c0_g1_i1::g.57768::m.57768	65.801	231	76	2	507	736	1	229	1.11e-102	317
Albulaib	CP@TRINITY_DN1470_c0_g2::CP@TRINITY_DN1470_c0_g2_i1::g.39024::m.39024	53.053	737	327	10	83	809	40	767	0.0	787
Albulaib	CP@TRINITY_DN24897_c0_g1::CP@TRINITY_DN24897_c0_g1_i1::g.57768::m.57768	66.234	231	75	2	484	713	1	229	3.37e-103	318
Rhiz1243	CP@TRINITY_DN1470_c0_g2::CP@TRINITY_DN1470_c0_g2_i1::g.39024::m.39024	45.793	725	355	15	49	753	46	752	0.0	649
Rhiz1243	CP@TRINITY_DN24897_c0_g1::CP@TRINITY_DN24897_c0_g1_i1::g.57768::m.57768	61.233	227	87	1	448	674	1	226	3.11e-95	296
Pedi2098	CP@TRINITY_DN1470_c0_g2::CP@TRINITY_DN1470_c0_g2_i1::g.39024::m.39024	44.286	630	295	13	2	611	155	748	5.24e-166	494
Pedi2098	CP@TRINITY_DN24897_c0_g1::CP@TRINITY_DN24897_c0_g1_i1::g.57768::m.57768	52.549	255	107	4	303	556	1	242	2.08e-82	260
Octaspec	CP@TRINITY_DN1470_c0_g2::CP@TRINITY_DN1470_c0_g2_i1::g.39024::m.39024	47.779	743	339	12	48	779	41	745	0.0	682
Octaspec	CP@TRINITY_DN24897_c0_g1::CP@TRINITY_DN24897_c0_g1_i1::g.57768::m.57768	62.069	232	86	2	481	711	1	231	2.09e-99	307
Pelacalc	CP@TRINITY_DN1470_c0_g2::CP@TRINITY_DN1470_c0_g2_i1::g.39024::m.39024	47.523	747	342	13	73	790	35	760	0.0	697
Pelacalc	CP@TRINITY_DN24897_c0_g1::CP@TRINITY_DN24897_c0_g1_i1::g.57768::m.57768	60.816	245	80	1	465	709	1	229	7.62e-100	309
Aureanop	CP@TRINITY_DN1470_c0_g2::CP@TRINITY_DN1470_c0_g2_i1::g.39024::m.39024	52.576	660	260	12	1	634	40	672	0.0	675
Aureanop	CP@TRINITY_DN24897_c0_g1::CP@TRINITY_DN24897_c0_g1_i1::g.57768::m.57768	63.636	242	75	1	393	634	1	229	8.48e-106	320
Pela2097	CP@TRINITY_DN1470_c0_g2::CP@TRINITY_DN1470_c0_g2_i1::g.39024::m.39024	50.344	582	242	10	1	575	223	764	0.0	568
Pela2097	CP@TRINITY_DN24897_c0_g1::CP@TRINITY_DN24897_c0_g1_i1::g.57768::m.57768	58.687	259	77	1	226	484	1	229	1.16e-103	313
Chryfrag	CP@TRINITY_DN1470_c0_g2::CP@TRINITY_DN1470_c0_g2_i1::g.39024::m.39024	51.493	402	168	5	338	731	368	750	1.34e-133	413
Chryfrag	CP@TRINITY_DN24897_c0_g1::CP@TRINITY_DN24897_c0_g1_i1::g.57768::m.57768	59.592	245	83	2	415	659	1	229	4.06e-95	295
Tribgaya	CP@TRINITY_DN1470_c0_g2::CP@TRINITY_DN1470_c0_g2_i1::g.39024::m.39024	49.622	794	342	14	70	834	5	769	0.0	751
Tribgaya	CP@TRINITY_DN24897_c0_g1::CP@TRINITY_DN24897_c0_g1_i1::g.57768::m.57768	65.801	231	76	2	497	726	1	229	2.96e-101	313
Fucucera	CP@TRINITY_DN1470_c0_g2::CP@TRINITY_DN1470_c0_g2_i1::g.39024::m.39024	52.285	744	330	9	103	839	44	769	0.0	781
Fucucera	CP@TRINITY_DN24897_c0_g1::CP@TRINITY_DN24897_c0_g1_i1::g.57768::m.57768	65.086	232	78	2	516	746	1	230	2.13e-101	314
Heteakas	CP@TRINITY_DN1470_c0_g2::CP@TRINITY_DN1470_c0_g2_i1::g.39024::m.39024	53.962	530	233	7	22	550	248	767	0.0	568
Heteakas	CP@TRINITY_DN24897_c0_g1::CP@TRINITY_DN24897_c0_g1_i1::g.57768::m.57768	59.350	246	94	4	219	461	1	243	2.68e-97	295
Chatsubs	CP@TRINITY_DN1470_c0_g2::CP@TRINITY_DN1470_c0_g2_i1::g.39024::m.39024	50.400	750	344	13	48	782	31	767	0.0	733
Chatsubs	CP@TRINITY_DN24897_c0_g1::CP@TRINITY_DN24897_c0_g1_i1::g.57768::m.57768	62.025	237	88	2	451	686	1	236	7.74e-97	301
Syncpusi	CP@TRINITY_DN1470_c0_g2::CP@TRINITY_DN1470_c0_g2_i1::g.39024::m.39024	46.003	763	353	15	5	760	40	750	0.0	640
Syncpusi	CP@TRINITY_DN24897_c0_g1::CP@TRINITY_DN24897_c0_g1_i1::g.57768::m.57768	53.017	232	106	3	444	675	1	229	1.88e-78	252
PoterBG1	CP@TRINITY_DN1470_c0_g2::CP@TRINITY_DN1470_c0_g2_i1::g.39024::m.39024	47.724	725	343	16	38	744	40	746	0.0	643
PoterBG1	CP@TRINITY_DN24897_c0_g1::CP@TRINITY_DN24897_c0_g1_i1::g.57768::m.57768	57.143	238	92	3	431	667	1	229	9.93e-87	273
Dino2267	CP@TRINITY_DN1470_c0_g2::CP@TRINITY_DN1470_c0_g2_i1::g.39024::m.39024	47.257	711	325	13	70	756	63	747	0.0	652
Dino2267	CP@TRINITY_DN24897_c0_g1::CP@TRINITY_DN24897_c0_g1_i1::g.57768::m.57768	59.244	238	87	3	439	675	1	229	3.92e-91	285
Ochr2298	CP@TRINITY_DN1470_c0_g2::CP@TRINITY_DN1470_c0_g2_i1::g.39024::m.39024	44.689	772	341	16	119	873	46	748	0.0	655
Ochr2298	CP@TRINITY_DN24897_c0_g1::CP@TRINITY_DN24897_c0_g1_i1::g.57768::m.57768	57.085	247	97	3	554	799	1	239	3.93e-90	285
Pedoelon	CP@TRINITY_DN1470_c0_g2::CP@TRINITY_DN1470_c0_g2_i1::g.39024::m.39024	45.455	759	349	16	75	817	39	748	0.0	652
Pedoelon	CP@TRINITY_DN24897_c0_g1::CP@TRINITY_DN24897_c0_g1_i1::g.57768::m.57768	57.258	248	96	3	495	741	1	239	1.24e-89	283
MatazaD1	CP@TRINITY_DN1470_c0_g2::CP@TRINITY_DN1470_c0_g2_i1::g.39024::m.39024	50.480	521	234	7	56	574	249	747	0.0	540
MatazaD1	CP@TRINITY_DN24897_c0_g1::CP@TRINITY_DN24897_c0_g1_i1::g.57768::m.57768	62.083	240	86	4	253	489	1	238	3.24e-98	299
Chlorept	CP@TRINITY_DN1470_c0_g2::CP@TRINITY_DN1470_c0_g2_i1::g.39024::m.39024	44.698	745	370	13	95	811	35	765	0.0	620
Chlorept	CP@TRINITY_DN24897_c0_g1::CP@TRINITY_DN24897_c0_g1_i1::g.57768::m.57768	54.583	240	108	1	490	728	1	240	2.94e-84	269
Perkmari	CP@TRINITY_DN1470_c0_g2::CP@TRINITY_DN1470_c0_g2_i1::g.39024::m.39024	44.131	673	329	12	112	746	37	700	0.0	563
Perkmari	CP@TRINITY_DN24897_c0_g1::CP@TRINITY_DN24897_c0_g1_i1::g.57768::m.57768	53.304	227	105	1	487	713	1	226	1.04e-77	251
Karebrev	CP@TRINITY_DN1470_c0_g2::CP@TRINITY_DN1470_c0_g2_i1::g.39024::m.39024	41.549	710	367	13	198	880	40	728	2.16e-180	541
Karebrev	CP@TRINITY_DN24897_c0_g1::CP@TRINITY_DN24897_c0_g1_i1::g.57768::m.57768	55.967	243	101	2	586	828	1	237	8.16e-85	272
Chroveli	CP@TRINITY_DN1470_c0_g2::CP@TRINITY_DN1470_c0_g2_i1::g.39024::m.39024	50.111	451	221	4	404	853	246	693	1.86e-152	469
Chroveli	CP@TRINITY_DN24897_c0_g1::CP@TRINITY_DN24897_c0_g1_i1::g.57768::m.57768	50.617	243	120	0	604	846	1	243	1.29e-77	253
Toxogond	CP@TRINITY_DN1470_c0_g2::CP@TRINITY_DN1470_c0_g2_i1::g.39024::m.39024	48.704	540	258	6	367	906	204	724	2.17e-170	517
Toxogond	CP@TRINITY_DN24897_c0_g1::CP@TRINITY_DN24897_c0_g1_i1::g.57768::m.57768	58.333	240	99	1	624	862	1	240	6.31e-93	295
Crypparv	CP@TRINITY_DN1470_c0_g2::CP@TRINITY_DN1470_c0_g2_i1::g.39024::m.39024	43.593	718	339	9	43	745	42	708	0.0	599
Crypparv	CP@TRINITY_DN24897_c0_g1::CP@TRINITY_DN24897_c0_g1_i1::g.57768::m.57768	55.328	244	92	2	466	709	1	227	4.15e-88	279
PlacCLAB	CP@TRINITY_DN1470_c0_g2::CP@TRINITY_DN1470_c0_g2_i1::g.39024::m.39024	57.506	433	172	7	6	435	284	707	3.39e-168	492
PlacCLAB	CP@TRINITY_DN24897_c0_g1::CP@TRINITY_DN24897_c0_g1_i1::g.57768::m.57768	57.083	240	99	3	166	403	1	238	4.05e-89	271
Physpate	CP@TRINITY_DN1470_c0_g2::CP@TRINITY_DN1470_c0_g2_i1::g.39024::m.39024	54.414	759	298	12	5	734	29	768	0.0	815
Physpate	CP@TRINITY_DN24897_c0_g1::CP@TRINITY_DN24897_c0_g1_i1::g.57768::m.57768	66.400	250	76	3	399	648	1	242	1.33e-112	340
Oryzsati	CP@TRINITY_DN1470_c0_g2::CP@TRINITY_DN1470_c0_g2_i1::g.39024::m.39024	54.576	590	226	11	28	579	5	590	0.0	634
Oryzsati	CP@TRINITY_DN24897_c0_g1::CP@TRINITY_DN24897_c0_g1_i1::g.57768::m.57768	65.541	148	49	2	432	579	1	146	1.61e-60	201
Volvcart	CP@TRINITY_DN1470_c0_g2::CP@TRINITY_DN1470_c0_g2_i1::g.39024::m.39024	50.738	745	271	14	371	1080	64	747	0.0	708
Volvcart	CP@TRINITY_DN24897_c0_g1::CP@TRINITY_DN24897_c0_g1_i1::g.57768::m.57768	59.130	230	65	3	802	1003	1	229	4.60e-86	278
Micrpusl	CP@TRINITY_DN1470_c0_g2::CP@TRINITY_DN1470_c0_g2_i1::g.39024::m.39024	52.610	747	311	14	56	795	36	746	0.0	746
Micrpusl	CP@TRINITY_DN24897_c0_g1::CP@TRINITY_DN24897_c0_g1_i1::g.57768::m.57768	60.853	258	85	4	481	737	1	243	3.72e-103	318
Ostrtaur	CP@TRINITY_DN1470_c0_g2::CP@TRINITY_DN1470_c0_g2_i1::g.39024::m.39024	52.406	748	323	12	54	786	36	765	0.0	754
Ostrtaur	CP@TRINITY_DN24897_c0_g1::CP@TRINITY_DN24897_c0_g1_i1::g.57768::m.57768	64.516	248	80	3	461	708	1	240	5.45e-109	333
Prympoly	CP@TRINITY_DN1470_c0_g2::CP@TRINITY_DN1470_c0_g2_i1::g.39024::m.39024	52.471	526	239	4	13	535	248	765	0.0	585
Prympoly	CP@TRINITY_DN24897_c0_g1::CP@TRINITY_DN24897_c0_g1_i1::g.57768::m.57768	64.198	243	86	1	211	452	1	243	3.29e-112	334
Prymparv	CP@TRINITY_DN1470_c0_g2::CP@TRINITY_DN1470_c0_g2_i1::g.39024::m.39024	47.665	728	340	9	30	731	37	749	0.0	696
Prymparv	CP@TRINITY_DN24897_c0_g1::CP@TRINITY_DN24897_c0_g1_i1::g.57768::m.57768	67.901	243	77	1	419	660	1	243	1.17e-115	349
Chryrota	CP@TRINITY_DN1470_c0_g2::CP@TRINITY_DN1470_c0_g2_i1::g.39024::m.39024	49.206	567	224	8	428	990	240	746	0.0	548
Chryrota	CP@TRINITY_DN24897_c0_g1::CP@TRINITY_DN24897_c0_g1_i1::g.57768::m.57768	63.821	246	85	3	648	892	1	243	2.05e-101	320
Chrycart	CP@TRINITY_DN1470_c0_g2::CP@TRINITY_DN1470_c0_g2_i1::g.39024::m.39024	49.306	720	342	9	4	707	53	765	0.0	699
Chrycart	CP@TRINITY_DN24897_c0_g1::CP@TRINITY_DN24897_c0_g1_i1::g.57768::m.57768	67.901	243	77	1	386	627	1	243	2.26e-117	352
Gloewitr	CP@TRINITY_DN1470_c0_g2::CP@TRINITY_DN1470_c0_g2_i1::g.39024::m.39024	58.757	708	264	12	2	694	54	748	0.0	833
Gloewitr	CP@TRINITY_DN24897_c0_g1::CP@TRINITY_DN24897_c0_g1_i1::g.57768::m.57768	70.339	236	69	1	390	625	1	235	3.67e-118	355
Cyanpara	CP@TRINITY_DN1470_c0_g2::CP@TRINITY_DN1470_c0_g2_i1::g.39024::m.39024	55.137	769	301	11	122	881	36	769	0.0	846
Cyanpara	CP@TRINITY_DN24897_c0_g1::CP@TRINITY_DN24897_c0_g1_i1::g.57768::m.57768	69.528	233	69	2	538	769	1	232	1.27e-111	342
Ancytwis	CP@TRINITY_DN1470_c0_g2::CP@TRINITY_DN1470_c0_g2_i1::g.39024::m.39024	57.143	728	285	10	58	760	44	769	0.0	823
Ancytwis	CP@TRINITY_DN24897_c0_g1::CP@TRINITY_DN24897_c0_g1_i1::g.57768::m.57768	67.249	229	74	1	436	663	1	229	2.69e-107	327
Cyanmero	CP@TRINITY_DN1470_c0_g2::CP@TRINITY_DN1470_c0_g2_i1::g.39024::m.39024	55.263	532	221	4	425	953	248	765	0.0	628
Cyanmero	CP@TRINITY_DN24897_c0_g1::CP@TRINITY_DN24897_c0_g1_i1::g.57768::m.57768	65.236	233	80	1	620	851	1	233	5.95e-106	329
Galdsulp	CP@TRINITY_DN1470_c0_g2::CP@TRINITY_DN1470_c0_g2_i1::g.39024::m.39024	53.907	755	300	14	75	806	40	769	0.0	815
Galdsulp	CP@TRINITY_DN24897_c0_g1::CP@TRINITY_DN24897_c0_g1_i1::g.57768::m.57768	65.690	239	81	1	471	708	1	239	2.51e-111	339
Porpaeru	CP@TRINITY_DN1470_c0_g2::CP@TRINITY_DN1470_c0_g2_i1::g.39024::m.39024	53.010	764	289	10	369	1120	44	749	0.0	805
Porpaeru	CP@TRINITY_DN24897_c0_g1::CP@TRINITY_DN24897_c0_g1_i1::g.57768::m.57768	64.609	243	85	1	819	1060	1	243	1.85e-111	347
Rhodmacu	CP@TRINITY_DN1470_c0_g2::CP@TRINITY_DN1470_c0_g2_i1::g.39024::m.39024	53.795	751	302	11	35	767	42	765	0.0	813
Rhodmacu	CP@TRINITY_DN24897_c0_g1::CP@TRINITY_DN24897_c0_g1_i1::g.57768::m.57768	65.432	243	83	1	442	683	1	243	1.79e-115	348
Porpumbi	CP@TRINITY_DN1470_c0_g2::CP@TRINITY_DN1470_c0_g2_i1::g.39024::m.39024	47.643	785	351	11	41	809	9	749	0.0	737
Porpumbi	CP@TRINITY_DN24897_c0_g1::CP@TRINITY_DN24897_c0_g1_i1::g.57768::m.57768	62.963	243	89	1	509	750	1	243	7.09e-106	326
Gratturu	CP@TRINITY_DN1470_c0_g2::CP@TRINITY_DN1470_c0_g2_i1::g.39024::m.39024	51.398	751	328	11	6	741	37	765	0.0	776
Gratturu	CP@TRINITY_DN24897_c0_g1::CP@TRINITY_DN24897_c0_g1_i1::g.57768::m.57768	65.021	243	84	1	408	649	1	243	3.63e-114	345
Choncris	CP@TRINITY_DN1470_c0_g2::CP@TRINITY_DN1470_c0_g2_i1::g.39024::m.39024	50.129	778	349	12	96	858	12	765	0.0	785
Choncris	CP@TRINITY_DN24897_c0_g1::CP@TRINITY_DN24897_c0_g1_i1::g.57768::m.57768	67.797	236	75	1	527	761	1	236	7.75e-115	350
Cerakond	CP@TRINITY_DN1470_c0_g2::CP@TRINITY_DN1470_c0_g2_i1::g.39024::m.39024	52.537	670	304	7	9	671	39	701	0.0	723
Cerakond	CP@TRINITY_DN24897_c0_g1::CP@TRINITY_DN24897_c0_g1_i1::g.57768::m.57768	66.102	236	79	1	416	650	1	236	1.10e-115	347
Rhodmari	CP@TRINITY_DN1470_c0_g2::CP@TRINITY_DN1470_c0_g2_i1::g.39024::m.39024	51.216	781	340	12	39	801	8	765	0.0	796
Rhodmari	CP@TRINITY_DN24897_c0_g1::CP@TRINITY_DN24897_c0_g1_i1::g.57768::m.57768	64.706	238	83	1	478	714	1	238	6.10e-112	340
Compcoer	CP@TRINITY_DN1470_c0_g2::CP@TRINITY_DN1470_c0_g2_i1::g.39024::m.39024	51.496	802	324	16	31	810	6	764	0.0	801
Compcoer	CP@TRINITY_DN24897_c0_g1::CP@TRINITY_DN24897_c0_g1_i1::g.57768::m.57768	67.083	240	78	1	483	721	1	240	9.71e-116	351
Bafffrig	CP@TRINITY_DN1470_c0_g2::CP@TRINITY_DN1470_c0_g2_i1::g.39024::m.39024	46.615	650	301	12	6	614	53	697	0.0	587
Bafffrig	CP@TRINITY_DN24897_c0_g1::CP@TRINITY_DN24897_c0_g1_i1::g.57768::m.57768	54.321	243	106	2	366	603	1	243	3.13e-91	282
Rhodemar	CP@TRINITY_DN1470_c0_g2::CP@TRINITY_DN1470_c0_g2_i1::g.39024::m.39024	49.107	784	338	12	63	820	8	756	0.0	744
Rhodemar	CP@TRINITY_DN24897_c0_g1::CP@TRINITY_DN24897_c0_g1_i1::g.57768::m.57768	63.913	230	83	0	512	741	1	230	2.30e-97	303
Rhodlimn	CP@TRINITY_DN1470_c0_g2::CP@TRINITY_DN1470_c0_g2_i1::g.39024::m.39024	52.800	750	324	9	111	847	37	769	0.0	796
Rhodlimn	CP@TRINITY_DN24897_c0_g1::CP@TRINITY_DN24897_c0_g1_i1::g.57768::m.57768	67.249	229	74	1	509	736	1	229	3.97e-108	332
Vannfimi	CP@TRINITY_DN1470_c0_g2::CP@TRINITY_DN1470_c0_g2_i1::g.39024::m.39024	50.520	673	308	10	53	708	44	708	0.0	678
Vannfimi	CP@TRINITY_DN24897_c0_g1::CP@TRINITY_DN24897_c0_g1_i1::g.57768::m.57768	60.000	235	91	3	441	674	1	233	2.14e-96	299
Coralima	CP@TRINITY_DN1470_c0_g2::CP@TRINITY_DN1470_c0_g2_i1::g.39024::m.39024	55.403	509	217	5	582	1086	247	749	0.0	583
Coralima	CP@TRINITY_DN1470_c0_g2::CP@TRINITY_DN1470_c0_g2_i1::g.39024::m.39024	48.370	184	86	3	217	391	36	219	9.52e-46	177
Coralima	CP@TRINITY_DN24897_c0_g1::CP@TRINITY_DN24897_c0_g1_i1::g.57768::m.57768	66.812	229	74	1	779	1007	1	227	3.37e-107	335
Nutolong	CP@TRINITY_DN1470_c0_g2::CP@TRINITY_DN1470_c0_g2_i1::g.39024::m.39024	49.378	563	260	7	4	563	208	748	0.0	558
Nutolong	CP@TRINITY_DN24897_c0_g1::CP@TRINITY_DN24897_c0_g1_i1::g.57768::m.57768	59.167	240	96	1	258	495	1	240	1.34e-98	300
Bodosalt	CP@TRINITY_DN1470_c0_g2::CP@TRINITY_DN1470_c0_g2_i1::g.39024::m.39024	34.375	640	367	13	20	643	74	676	2.05e-112	361
Bodosalt	CP@TRINITY_DN24897_c0_g1::CP@TRINITY_DN24897_c0_g1_i1::g.57768::m.57768	48.485	231	114	3	408	637	1	227	5.80e-68	225
Eutrgymn	CP@TRINITY_DN1470_c0_g2::CP@TRINITY_DN1470_c0_g2_i1::g.39024::m.39024	46.610	708	326	11	101	774	25	714	0.0	603
Eutrgymn	CP@TRINITY_DN24897_c0_g1::CP@TRINITY_DN24897_c0_g1_i1::g.57768::m.57768	62.389	226	84	1	495	719	1	226	1.88e-92	290
Eugllong	CP@TRINITY_DN1470_c0_g2::CP@TRINITY_DN1470_c0_g2_i1::g.39024::m.39024	46.032	693	323	7	42	698	31	708	0.0	597
Eugllong	CP@TRINITY_DN24897_c0_g1::CP@TRINITY_DN24897_c0_g1_i1::g.57768::m.57768	61.504	226	86	1	425	649	1	226	1.53e-93	290
Euglgrac	CP@TRINITY_DN1470_c0_g2::CP@TRINITY_DN1470_c0_g2_i1::g.39024::m.39024	49.278	623	279	6	334	922	50	669	0.0	596
Euglgrac	CP@TRINITY_DN24897_c0_g1::CP@TRINITY_DN24897_c0_g1_i1::g.57768::m.57768	62.389	226	84	1	698	922	1	226	7.68e-92	291
Rhizelon	CP@TRINITY_DN1470_c0_g2::CP@TRINITY_DN1470_c0_g2_i1::g.39024::m.39024	45.197	635	326	8	106	719	39	672	0.0	588
Rhizelon	CP@TRINITY_DN24897_c0_g1::CP@TRINITY_DN24897_c0_g1_i1::g.57768::m.57768	59.565	230	91	2	491	719	1	229	3.34e-92	289
Giarlamb	CP@TRINITY_DN1470_c0_g2::CP@TRINITY_DN1470_c0_g2_i1::g.39024::m.39024	30.199	755	382	21	8	730	41	682	1.44e-104	338
Giarlamb	CP@TRINITY_DN24897_c0_g1::CP@TRINITY_DN24897_c0_g1_i1::g.57768::m.57768	40.726	248	119	6	477	718	1	226	8.66e-53	183
Rigiramo	CP@TRINITY_DN1470_c0_g2::CP@TRINITY_DN1470_c0_g2_i1::g.39024::m.39024	46.409	724	351	13	158	863	44	748	0.0	631
Rigiramo	CP@TRINITY_DN24897_c0_g1::CP@TRINITY_DN24897_c0_g1_i1::g.57768::m.57768	57.826	230	94	3	545	772	1	229	6.13e-85	272
Cochminu	CP@TRINITY_DN1470_c0_g2::CP@TRINITY_DN1470_c0_g2_i1::g.39024::m.39024	51.604	374	170	6	49	422	203	565	1.08e-130	394
Cochminu	CP@TRINITY_DN24897_c0_g1::CP@TRINITY_DN24897_c0_g1_i1::g.57768::m.57768	65.854	123	41	1	301	423	1	122	2.92e-53	178
Guttvulg	CP@TRINITY_DN1470_c0_g2::CP@TRINITY_DN1470_c0_g2_i1::g.39024::m.39024	46.774	496	249	3	326	821	217	697	1.79e-159	484
Guttvulg	CP@TRINITY_DN24897_c0_g1::CP@TRINITY_DN24897_c0_g1_i1::g.57768::m.57768	52.402	229	108	1	557	784	1	229	1.73e-79	257
Gefiokel	CP@TRINITY_DN1470_c0_g2::CP@TRINITY_DN1470_c0_g2_i1::g.39024::m.39024	50.258	776	325	14	31	758	8	770	0.0	736
Gefiokel	CP@TRINITY_DN24897_c0_g1::CP@TRINITY_DN24897_c0_g1_i1::g.57768::m.57768	69.432	229	70	0	427	655	1	229	4.35e-110	334
Trimmari	CP@TRINITY_DN1470_c0_g2::CP@TRINITY_DN1470_c0_g2_i1::g.39024::m.39024	51.887	742	317	12	60	775	40	767	0.0	751
Trimmari	CP@TRINITY_DN24897_c0_g1::CP@TRINITY_DN24897_c0_g1_i1::g.57768::m.57768	65.126	238	81	2	465	700	1	238	3.20e-107	328
Pellcata	CP@TRINITY_DN1470_c0_g2::CP@TRINITY_DN1470_c0_g2_i1::g.39024::m.39024	56.535	329	129	7	1	327	428	744	4.15e-114	347
Pellcata	CP@TRINITY_DN24897_c0_g1::CP@TRINITY_DN24897_c0_g1_i1::g.57768::m.57768	64.935	231	76	1	20	250	1	226	1.63e-106	311
Lenilimo	CP@TRINITY_DN1470_c0_g2::CP@TRINITY_DN1470_c0_g2_i1::g.39024::m.39024	50.334	749	299	13	17	711	6	735	0.0	704
Lenilimo	CP@TRINITY_DN24897_c0_g1::CP@TRINITY_DN24897_c0_g1_i1::g.57768::m.57768	67.100	231	72	3	419	647	1	229	1.87e-103	317
Adunpalu	CP@TRINITY_DN1470_c0_g2::CP@TRINITY_DN1470_c0_g2_i1::g.39024::m.39024	44.675	385	185	6	1	380	306	667	5.62e-109	336
Adunpalu	CP@TRINITY_DN24897_c0_g1::CP@TRINITY_DN24897_c0_g1_i1::g.57768::m.57768	44.872	234	109	3	145	374	1	218	4.32e-64	204
Carpmemb	CP@TRINITY_DN1470_c0_g2::CP@TRINITY_DN1470_c0_g2_i1::g.39024::m.39024	42.500	720	351	19	71	762	46	730	3.70e-179	532
Carpmemb	CP@TRINITY_DN24897_c0_g1::CP@TRINITY_DN24897_c0_g1_i1::g.57768::m.57768	57.940	233	92	4	479	708	1	230	8.65e-84	266
Arcevulg	CP@TRINITY_DN1470_c0_g2::CP@TRINITY_DN1470_c0_g2_i1::g.39024::m.39024	47.492	638	297	11	1	624	135	748	0.0	580
Arcevulg	CP@TRINITY_DN24897_c0_g1::CP@TRINITY_DN24897_c0_g1_i1::g.57768::m.57768	60.851	235	87	2	319	553	1	230	3.56e-102	310
NolaAFSM	CP@TRINITY_DN1470_c0_g2::CP@TRINITY_DN1470_c0_g2_i1::g.39024::m.39024	59.791	383	151	2	389	771	248	627	8.21e-171	511
NolaAFSM	CP@TRINITY_DN24897_c0_g1::CP@TRINITY_DN24897_c0_g1_i1::g.57768::m.57768	69.312	189	57	1	588	776	1	188	1.61e-88	279
Coprprot	CP@TRINITY_DN1470_c0_g2::CP@TRINITY_DN1470_c0_g2_i1::g.39024::m.39024	50.138	726	328	11	103	813	45	751	0.0	701
Coprprot	CP@TRINITY_DN24897_c0_g1::CP@TRINITY_DN24897_c0_g1_i1::g.57768::m.57768	64.372	247	83	3	493	738	1	243	2.02e-108	332
Amoeprot	CP@TRINITY_DN1470_c0_g2::CP@TRINITY_DN1470_c0_g2_i1::g.39024::m.39024	57.113	485	182	7	5	487	288	748	0.0	560
Amoeprot	CP@TRINITY_DN24897_c0_g1::CP@TRINITY_DN24897_c0_g1_i1::g.57768::m.57768	68.240	233	71	1	164	396	1	230	3.37e-115	339
Rhizsaxo	CP@TRINITY_DN1470_c0_g2::CP@TRINITY_DN1470_c0_g2_i1::g.39024::m.39024	46.768	727	351	12	83	791	39	747	0.0	673
Rhizsaxo	CP@TRINITY_DN24897_c0_g1::CP@TRINITY_DN24897_c0_g1_i1::g.57768::m.57768	64.228	246	82	2	488	733	1	240	2.86e-108	331
Flabcita	CP@TRINITY_DN1470_c0_g2::CP@TRINITY_DN1470_c0_g2_i1::g.39024::m.39024	47.301	704	326	9	48	715	54	748	0.0	642
Flabcita	CP@TRINITY_DN24897_c0_g1::CP@TRINITY_DN24897_c0_g1_i1::g.57768::m.57768	62.705	244	87	2	412	655	1	240	4.57e-107	325
Echiexud	CP@TRINITY_DN1470_c0_g2::CP@TRINITY_DN1470_c0_g2_i1::g.39024::m.39024	41.961	510	251	10	183	665	27	518	2.31e-130	402
Vermverm	CP@TRINITY_DN1470_c0_g2::CP@TRINITY_DN1470_c0_g2_i1::g.39024::m.39024	52.340	705	298	8	115	795	40	730	0.0	751
Vermverm	CP@TRINITY_DN24897_c0_g1::CP@TRINITY_DN24897_c0_g1_i1::g.57768::m.57768	61.966	234	88	1	508	741	1	233	1.97e-99	308
Mantplas	CP@TRINITY_DN1470_c0_g2::CP@TRINITY_DN1470_c0_g2_i1::g.39024::m.39024	49.195	435	209	8	7	437	344	770	3.06e-140	419
Mantplas	CP@TRINITY_DN24897_c0_g1::CP@TRINITY_DN24897_c0_g1_i1::g.57768::m.57768	57.143	231	97	2	108	338	1	229	7.17e-89	270
Masteilh	CP@TRINITY_DN1470_c0_g2::CP@TRINITY_DN1470_c0_g2_i1::g.39024::m.39024	51.302	768	321	14	58	780	8	767	0.0	760
Masteilh	CP@TRINITY_DN24897_c0_g1::CP@TRINITY_DN24897_c0_g1_i1::g.57768::m.57768	63.934	244	85	3	462	703	1	243	1.43e-107	328
Pharkirb	CP@TRINITY_DN1470_c0_g2::CP@TRINITY_DN1470_c0_g2_i1::g.39024::m.39024	49.270	753	338	12	42	768	36	770	0.0	725
Pharkirb	CP@TRINITY_DN24897_c0_g1::CP@TRINITY_DN24897_c0_g1_i1::g.57768::m.57768	62.500	232	84	1	451	679	1	232	7.95e-99	305
HeterBB2	CP@TRINITY_DN1470_c0_g2::CP@TRINITY_DN1470_c0_g2_i1::g.39024::m.39024	54.750	579	222	8	17	585	221	769	0.0	632
HeterBB2	CP@TRINITY_DN24897_c0_g1::CP@TRINITY_DN24897_c0_g1_i1::g.57768::m.57768	65.948	232	76	1	249	477	1	232	2.64e-108	325
Filanola	CP@TRINITY_DN1470_c0_g2::CP@TRINITY_DN1470_c0_g2_i1::g.39024::m.39024	56.140	741	300	13	141	871	39	764	0.0	801
Filanola	CP@TRINITY_DN24897_c0_g1::CP@TRINITY_DN24897_c0_g1_i1::g.57768::m.57768	69.697	231	68	2	556	785	1	230	3.80e-112	343
Soliirre	CP@TRINITY_DN1470_c0_g2::CP@TRINITY_DN1470_c0_g2_i1::g.39024::m.39024	55.855	743	312	10	71	807	32	764	0.0	826
Soliirre	CP@TRINITY_DN24897_c0_g1::CP@TRINITY_DN24897_c0_g1_i1::g.57768::m.57768	67.220	241	76	3	485	723	1	240	1.52e-111	340
Cavoapop	CP@TRINITY_DN1470_c0_g2::CP@TRINITY_DN1470_c0_g2_i1::g.39024::m.39024	54.746	727	298	12	69	782	6	714	0.0	783
Cavoapop	CP@TRINITY_DN24897_c0_g1::CP@TRINITY_DN24897_c0_g1_i1::g.57768::m.57768	68.595	242	73	2	513	752	1	241	3.70e-117	354
Schivulg	CP@TRINITY_DN1470_c0_g2::CP@TRINITY_DN1470_c0_g2_i1::g.39024::m.39024	55.510	735	305	11	134	854	36	762	0.0	816
Schivulg	CP@TRINITY_DN24897_c0_g1::CP@TRINITY_DN24897_c0_g1_i1::g.57768::m.57768	66.803	244	77	3	538	778	1	243	1.43e-112	343
Hetepall	CP@TRINITY_DN1470_c0_g2::CP@TRINITY_DN1470_c0_g2_i1::g.39024::m.39024	59.470	528	205	5	155	678	228	750	0.0	645
Hetepall	CP@TRINITY_DN24897_c0_g1::CP@TRINITY_DN24897_c0_g1_i1::g.57768::m.57768	64.979	237	81	2	369	604	1	236	8.88e-107	324
Stensten	CP@TRINITY_DN1470_c0_g2::CP@TRINITY_DN1470_c0_g2_i1::g.39024::m.39024	60.392	510	180	5	1	494	261	764	0.0	643
Stensten	CP@TRINITY_DN24897_c0_g1::CP@TRINITY_DN24897_c0_g1_i1::g.57768::m.57768	65.164	244	82	3	185	426	1	243	1.03e-113	336
Dracjorm	CP@TRINITY_DN1470_c0_g2::CP@TRINITY_DN1470_c0_g2_i1::g.39024::m.39024	53.768	783	332	10	62	831	4	769	0.0	838
Dracjorm	CP@TRINITY_DN24897_c0_g1::CP@TRINITY_DN24897_c0_g1_i1::g.57768::m.57768	66.383	235	78	1	511	744	1	235	4.65e-110	336
Luaphula	CP@TRINITY_DN1470_c0_g2::CP@TRINITY_DN1470_c0_g2_i1::g.39024::m.39024	55.468	631	255	8	140	768	36	642	0.0	720
Luaphula	CP@TRINITY_DN24897_c0_g1::CP@TRINITY_DN24897_c0_g1_i1::g.57768::m.57768	68.844	199	61	1	571	768	1	199	4.37e-95	296
Endozona	CP@TRINITY_DN1470_c0_g2::CP@TRINITY_DN1470_c0_g2_i1::g.39024::m.39024	50.331	604	243	10	99	681	40	607	0.0	600
Endozona	CP@TRINITY_DN24897_c0_g1::CP@TRINITY_DN24897_c0_g1_i1::g.57768::m.57768	62.805	164	60	1	518	681	1	163	1.27e-71	232
Cuneruss	CP@TRINITY_DN1470_c0_g2::CP@TRINITY_DN1470_c0_g2_i1::g.39024::m.39024	55.540	713	287	11	100	791	36	739	0.0	775
Cuneruss	CP@TRINITY_DN24897_c0_g1::CP@TRINITY_DN24897_c0_g1_i1::g.57768::m.57768	66.129	248	78	2	495	741	1	243	4.96e-110	335
Ancysigm	CP@TRINITY_DN1470_c0_g2::CP@TRINITY_DN1470_c0_g2_i1::g.39024::m.39024	53.441	247	110	3	27	272	427	669	2.18e-94	295
Ancysigm	CP@TRINITY_DN24897_c0_g1::CP@TRINITY_DN24897_c0_g1_i1::g.57768::m.57768	52.419	248	110	3	45	290	1	242	9.82e-89	265
Sapochin	CP@TRINITY_DN1470_c0_g2::CP@TRINITY_DN1470_c0_g2_i1::g.39024::m.39024	49.067	750	343	13	86	825	38	758	0.0	719
Sapochin	CP@TRINITY_DN24897_c0_g1::CP@TRINITY_DN24897_c0_g1_i1::g.57768::m.57768	61.475	244	91	3	513	754	1	243	2.56e-101	315
Armalang	CP@TRINITY_DN1470_c0_g2::CP@TRINITY_DN1470_c0_g2_i1::g.39024::m.39024	47.442	782	344	16	136	902	36	765	0.0	690
Armalang	CP@TRINITY_DN24897_c0_g1::CP@TRINITY_DN24897_c0_g1_i1::g.57768::m.57768	63.043	230	83	2	578	806	1	229	4.81e-97	304
Salprose	CP@TRINITY_DN1470_c0_g2::CP@TRINITY_DN1470_c0_g2_i1::g.39024::m.39024	44.416	788	379	18	24	800	24	763	0.0	629
Salprose	CP@TRINITY_DN24897_c0_g1::CP@TRINITY_DN24897_c0_g1_i1::g.57768::m.57768	59.751	241	94	2	482	722	1	238	1.82e-96	300
Amphquee	CP@TRINITY_DN1470_c0_g2::CP@TRINITY_DN1470_c0_g2_i1::g.39024::m.39024	56.129	310	107	2	1	281	306	615	4.00e-123	369
Amphquee	CP@TRINITY_DN24897_c0_g1::CP@TRINITY_DN24897_c0_g1_i1::g.57768::m.57768	69.006	171	49	1	115	281	1	171	5.47e-86	257
Tricadha	CP@TRINITY_DN1470_c0_g2::CP@TRINITY_DN1470_c0_g2_i1::g.39024::m.39024	54.734	771	321	13	67	817	4	766	0.0	841
Tricadha	CP@TRINITY_DN24897_c0_g1::CP@TRINITY_DN24897_c0_g1_i1::g.57768::m.57768	74.167	240	56	2	511	744	1	240	4.27e-126	377
Drosmela	CP@TRINITY_DN1470_c0_g2::CP@TRINITY_DN1470_c0_g2_i1::g.39024::m.39024	53.146	747	320	12	65	796	35	766	0.0	791
Drosmela	CP@TRINITY_DN24897_c0_g1::CP@TRINITY_DN24897_c0_g1_i1::g.57768::m.57768	84.583	240	37	0	481	720	1	240	4.33e-150	439
Apismell	CP@TRINITY_DN1470_c0_g2::CP@TRINITY_DN1470_c0_g2_i1::g.39024::m.39024	52.632	798	323	16	20	795	4	768	0.0	795
Apismell	CP@TRINITY_DN24897_c0_g1::CP@TRINITY_DN24897_c0_g1_i1::g.57768::m.57768	84.774	243	37	0	481	723	1	243	8.46e-152	443
Aplycali	CP@TRINITY_DN1470_c0_g2::CP@TRINITY_DN1470_c0_g2_i1::g.39024::m.39024	54.949	788	307	18	18	782	4	766	0.0	816
Aplycali	CP@TRINITY_DN24897_c0_g1::CP@TRINITY_DN24897_c0_g1_i1::g.57768::m.57768	79.424	243	49	1	474	715	1	243	8.01e-142	417
Caeneleg	CP@TRINITY_DN1470_c0_g2::CP@TRINITY_DN1470_c0_g2_i1::g.39024::m.39024	52.356	764	335	12	35	784	18	766	0.0	774
Caeneleg	CP@TRINITY_DN24897_c0_g1::CP@TRINITY_DN24897_c0_g1_i1::g.57768::m.57768	75.107	233	57	1	475	706	1	233	1.14e-125	375
Taensoli	CP@TRINITY_DN1470_c0_g2::CP@TRINITY_DN1470_c0_g2_i1::g.39024::m.39024	45.867	859	331	16	94	945	33	764	0.0	718
Taensoli	CP@TRINITY_DN24897_c0_g1::CP@TRINITY_DN24897_c0_g1_i1::g.57768::m.57768	71.042	259	51	1	596	854	1	235	4.74e-127	384
Schimans	CP@TRINITY_DN1470_c0_g2::CP@TRINITY_DN1470_c0_g2_i1::g.39024::m.39024	54.658	644	280	7	80	718	33	669	0.0	714
Schimans	CP@TRINITY_DN24897_c0_g1::CP@TRINITY_DN24897_c0_g1_i1::g.57768::m.57768	76.106	226	54	0	493	718	1	226	3.23e-127	379
Branflor	CP@TRINITY_DN1470_c0_g2::CP@TRINITY_DN1470_c0_g2_i1::g.39024::m.39024	53.972	793	318	17	21	796	4	766	0.0	827
Branflor	CP@TRINITY_DN24897_c0_g1::CP@TRINITY_DN24897_c0_g1_i1::g.57768::m.57768	75.745	235	57	0	485	719	1	235	7.92e-135	399
Gallgall	CP@TRINITY_DN1470_c0_g2::CP@TRINITY_DN1470_c0_g2_i1::g.39024::m.39024	52.393	773	341	11	19	778	8	766	0.0	793
Gallgall	CP@TRINITY_DN24897_c0_g1::CP@TRINITY_DN24897_c0_g1_i1::g.57768::m.57768	77.119	236	54	0	462	697	1	236	2.18e-137	405
Mnemleid	CP@TRINITY_DN1470_c0_g2::CP@TRINITY_DN1470_c0_g2_i1::g.39024::m.39024	54.357	723	308	10	1	703	46	766	0.0	795
Mnemleid	CP@TRINITY_DN24897_c0_g1::CP@TRINITY_DN24897_c0_g1_i1::g.57768::m.57768	72.428	243	66	1	393	634	1	243	2.81e-130	385
Amoepara	CP@TRINITY_DN1470_c0_g2::CP@TRINITY_DN1470_c0_g2_i1::g.39024::m.39024	53.981	741	309	11	76	795	40	769	0.0	784
Amoepara	CP@TRINITY_DN24897_c0_g1::CP@TRINITY_DN24897_c0_g1_i1::g.57768::m.57768	64.898	245	83	1	475	719	1	242	2.17e-107	328
Sapppeda	CP@TRINITY_DN1470_c0_g2::CP@TRINITY_DN1470_c0_g2_i1::g.39024::m.39024	54.333	600	244	8	43	633	40	618	0.0	655
Sapppeda	CP@TRINITY_DN24897_c0_g1::CP@TRINITY_DN24897_c0_g1_i1::g.57768::m.57768	60.847	189	59	1	445	633	1	174	1.56e-74	239
Fontalba	CP@TRINITY_DN1470_c0_g2::CP@TRINITY_DN1470_c0_g2_i1::g.39024::m.39024	48.592	426	199	5	410	827	256	669	2.43e-131	411
Fontalba	CP@TRINITY_DN24897_c0_g1::CP@TRINITY_DN24897_c0_g1_i1::g.57768::m.57768	48.927	233	104	5	603	827	1	226	1.49e-62	211
Rhizdele	CP@TRINITY_DN1470_c0_g2::CP@TRINITY_DN1470_c0_g2_i1::g.39024::m.39024	60.591	779	252	9	62	830	36	769	0.0	953
Rhizdele	CP@TRINITY_DN24897_c0_g1::CP@TRINITY_DN24897_c0_g1_i1::g.57768::m.57768	69.583	240	72	1	488	726	1	240	1.10e-115	351
Ustimayd	CP@TRINITY_DN1470_c0_g2::CP@TRINITY_DN1470_c0_g2_i1::g.39024::m.39024	59.524	798	255	9	134	927	32	765	0.0	966
Ustimayd	CP@TRINITY_DN24897_c0_g1::CP@TRINITY_DN24897_c0_g1_i1::g.57768::m.57768	68.724	243	75	1	585	826	1	243	8.96e-114	349
Coprcine	CP@TRINITY_DN1470_c0_g2::CP@TRINITY_DN1470_c0_g2_i1::g.39024::m.39024	61.303	752	250	9	91	825	36	763	0.0	941
Coprcine	CP@TRINITY_DN24897_c0_g1::CP@TRINITY_DN24897_c0_g1_i1::g.57768::m.57768	68.724	243	75	1	495	736	1	243	1.79e-115	351
Schizpom	CP@TRINITY_DN1470_c0_g2::CP@TRINITY_DN1470_c0_g2_i1::g.39024::m.39024	61.364	748	271	8	65	802	30	769	0.0	933
Schizpom	CP@TRINITY_DN24897_c0_g1::CP@TRINITY_DN24897_c0_g1_i1::g.57768::m.57768	68.724	243	75	1	474	715	1	243	3.16e-114	347
Debahans	CP@TRINITY_DN1470_c0_g2::CP@TRINITY_DN1470_c0_g2_i1::g.39024::m.39024	59.615	780	278	10	83	845	8	767	0.0	944
Debahans	CP@TRINITY_DN24897_c0_g1::CP@TRINITY_DN24897_c0_g1_i1::g.57768::m.57768	70.661	242	70	1	515	755	1	242	5.89e-118	357
Neurcras	CP@TRINITY_DN1470_c0_g2::CP@TRINITY_DN1470_c0_g2_i1::g.39024::m.39024	60.110	727	273	9	102	825	37	749	0.0	898
Neurcras	CP@TRINITY_DN24897_c0_g1::CP@TRINITY_DN24897_c0_g1_i1::g.57768::m.57768	65.000	240	83	1	516	754	1	240	1.42e-106	328
Aspefumi	CP@TRINITY_DN1470_c0_g2::CP@TRINITY_DN1470_c0_g2_i1::g.39024::m.39024	60.134	745	271	9	80	813	36	765	0.0	885
Aspefumi	CP@TRINITY_DN24897_c0_g1::CP@TRINITY_DN24897_c0_g1_i1::g.57768::m.57768	69.583	240	72	1	488	726	1	240	7.85e-114	346
Blasbrit	CP@TRINITY_DN1470_c0_g2::CP@TRINITY_DN1470_c0_g2_i1::g.39024::m.39024	54.269	527	218	6	342	866	194	699	0.0	586
Blasbrit	CP@TRINITY_DN24897_c0_g1::CP@TRINITY_DN24897_c0_g1_i1::g.57768::m.57768	60.833	240	92	2	613	850	1	240	1.03e-97	306
Allomacr	CP@TRINITY_DN1470_c0_g2::CP@TRINITY_DN1470_c0_g2_i1::g.39024::m.39024	60.940	745	251	7	72	815	40	745	0.0	932
Allomacr	CP@TRINITY_DN24897_c0_g1::CP@TRINITY_DN24897_c0_g1_i1::g.57768::m.57768	68.333	240	75	1	499	737	1	240	7.96e-113	343
Spizpunc	CP@TRINITY_DN1470_c0_g2::CP@TRINITY_DN1470_c0_g2_i1::g.39024::m.39024	54.899	745	297	11	105	825	39	768	0.0	803
Spizpunc	CP@TRINITY_DN24897_c0_g1::CP@TRINITY_DN24897_c0_g1_i1::g.57768::m.57768	61.111	234	88	2	503	735	1	232	3.35e-93	292
Pirisoci	CP@TRINITY_DN1470_c0_g2::CP@TRINITY_DN1470_c0_g2_i1::g.39024::m.39024	46.820	566	269	8	359	924	236	769	6.36e-166	503
Pirisoci	CP@TRINITY_DN24897_c0_g1::CP@TRINITY_DN24897_c0_g1_i1::g.57768::m.57768	56.735	245	104	1	569	813	1	243	8.77e-92	291
Tetrasti	CP@TRINITY_DN1470_c0_g2::CP@TRINITY_DN1470_c0_g2_i1::g.39024::m.39024	56.397	383	143	7	4	382	385	747	3.53e-144	429
Tetrasti	CP@TRINITY_DN24897_c0_g1::CP@TRINITY_DN24897_c0_g1_i1::g.57768::m.57768	63.598	239	77	3	64	302	1	229	3.57e-104	308
