IQ-TREE multicore version 1.6.11 for Linux 64-bit built Jun  6 2019
Developed by Bui Quang Minh, Nguyen Lam Tung, Olga Chernomor,
Heiko Schmidt, Dominik Schrempf, Michael Woodhams.

Host:    92355f672ec4 (AVX2, FMA3, 125 GB RAM)
Command: /usr/local/iqtree/bin/iqtree -s /tmp/IQTREE/OtX8MiB76y/seqin.fst -st AA -pre /tmp/IQTREE/OtX8MiB76y/iqt -m LG+R4+FO -wsr -bb 1000 -alrt 1000 -pers 0.5 -numstop 100 -nt 3
Seed:    463615 (Using SPRNG - Scalable Parallel Random Number Generator)
Time:    Sun Mar  3 11:02:02 2024
Kernel:  AVX+FMA - 3 threads (24 CPU cores detected)

Reading alignment file /tmp/IQTREE/OtX8MiB76y/seqin.fst ... Fasta format detected
Alignment most likely contains protein sequences
WARNING: 59 sites contain only gaps or ambiguous characters.
Alignment has 234 sequences with 2452 columns, 1584 distinct patterns
813 parsimony-informative, 539 singleton sites, 1100 constant sites
WARNING: Some sequence names are changed as follows:
CP@TRINITY_DN6562_c0_g1__CP@TRINITY_DN6562_c0_g1_i1__g.38268__m.38268_type_5prime_partial_len_301_gc_universal_CP@TRINITY_DN6562_c0_g1_i1_3-905_+_ -> CP_TRINITY_DN6562_c0_g1__CP_TRINITY_DN6562_c0_g1_i1__g.38268__m.38268_type_5prime_partial_len_301_gc_universal_CP_TRINITY_DN6562_c0_g1_i1_3-905___
CP@TRINITY_DN4140_c1_g1__CP@TRINITY_DN4140_c1_g1_i27__g.75973__m.75973_type_5prime_partial_len_139_gc_universal_CP@TRINITY_DN4140_c1_g1_i27_2-418_+_ -> CP_TRINITY_DN4140_c1_g1__CP_TRINITY_DN4140_c1_g1_i27__g.75973__m.75973_type_5prime_partial_len_139_gc_universal_CP_TRINITY_DN4140_c1_g1_i27_2-418___
CP@TRINITY_DN4140_c1_g1__CP@TRINITY_DN4140_c1_g1_i6__g.75975__m.75975_type_5prime_partial_len_166_gc_universal_CP@TRINITY_DN4140_c1_g1_i6_2-499_+_ -> CP_TRINITY_DN4140_c1_g1__CP_TRINITY_DN4140_c1_g1_i6__g.75975__m.75975_type_5prime_partial_len_166_gc_universal_CP_TRINITY_DN4140_c1_g1_i6_2-499___
CP@TRINITY_DN4140_c1_g2__CP@TRINITY_DN4140_c1_g2_i2__g.75976__m.75976_type_3prime_partial_len_441_gc_universal_CP@TRINITY_DN4140_c1_g2_i2_1322-3_-_ -> CP_TRINITY_DN4140_c1_g2__CP_TRINITY_DN4140_c1_g2_i2__g.75976__m.75976_type_3prime_partial_len_441_gc_universal_CP_TRINITY_DN4140_c1_g2_i2_1322-3_-_
CP@TRINITY_DN4140_c1_g2__CP@TRINITY_DN4140_c1_g2_i2__g.75977__m.75977_type_complete_len_177_gc_universal_CP@TRINITY_DN4140_c1_g2_i2_1849-1319_-_ -> CP_TRINITY_DN4140_c1_g2__CP_TRINITY_DN4140_c1_g2_i2__g.75977__m.75977_type_complete_len_177_gc_universal_CP_TRINITY_DN4140_c1_g2_i2_1849-1319_-_

                                                                                                                                                      Gap/Ambiguity  Composition  p-value
   1  Calltube                                                                                                                                               83.36%    passed     82.72%
   2  MAST04A1                                                                                                                                               84.34%    failed      0.00%
   3  Thalpseu                                                                                                                                               82.18%    passed     19.27%
   4  Guilthet                                                                                                                                               79.28%    passed     78.46%
   5  TeloneP1                                                                                                                                               89.80%    passed     30.04%
   6  Naeggrub                                                                                                                                               70.23%    passed     32.15%
   7  TeloneP2                                                                                                                                               74.18%    passed     99.38%
   8  Telosubt                                                                                                                                               69.66%    passed     91.59%
   9  MAST004E                                                                                                                                               80.34%    passed     37.84%
  10  MAST004C                                                                                                                                               85.77%    passed     43.30%
  11  MAST04A2                                                                                                                                               70.68%    passed     73.06%
  12  BicoCB20                                                                                                                                               69.70%    passed     24.03%
  13  EctocSP7                                                                                                                                               69.94%    passed     30.07%
  14  ChrysoH1                                                                                                                                               76.06%    passed     67.47%
  15  Phytpara                                                                                                                                               68.92%    passed     96.55%
  16  Paulchro                                                                                                                                               69.90%    passed     86.79%
  17  Plasbras                                                                                                                                               70.31%    passed     89.45%
  18  Leptvora                                                                                                                                               86.09%    passed     59.77%
  19  Retifilo                                                                                                                                               71.82%    passed     10.13%
  20  Ammo1384                                                                                                                                               83.97%    passed     36.86%
  21  Sori0191                                                                                                                                               76.63%    failed      0.00%
  22  MAST003F                                                                                                                                               77.53%    passed     93.22%
  23  Paraconf                                                                                                                                               69.58%    passed     87.77%
  24  Leptpyrr                                                                                                                                               69.54%    passed     92.68%
  25  Leismajo                                                                                                                                               69.58%    passed     97.62%
  26  Trypbruc                                                                                                                                               69.58%    passed     69.00%
  27  Hemikukw                                                                                                                                               69.25%    passed     91.75%
  28  Vitrbras                                                                                                                                               68.64%    passed     76.31%
  29  Eimebrun                                                                                                                                               69.74%    failed      0.00%
  30  Alphedax                                                                                                                                               88.87%    passed     71.99%
  31  Plasfalc                                                                                                                                               67.25%    failed      0.00%
  32  Colpangu                                                                                                                                               69.29%    passed     98.92%
  33  Noctscin                                                                                                                                               78.63%    passed     50.46%
  34  Oxyrmari                                                                                                                                               70.02%    passed     68.06%
  35  Stencoer                                                                                                                                               70.80%    passed     39.48%
  36  Protadhe                                                                                                                                               88.50%    passed     16.35%
  37  Stroincl                                                                                                                                               77.04%    passed     32.41%
  38  Styllemn                                                                                                                                               68.92%    passed      7.63%
  39  Platmacr                                                                                                                                               79.20%    failed      4.60%
  40  Paratetr                                                                                                                                               70.60%    failed      2.51%
  41  Ichtmult                                                                                                                                               81.69%    failed      0.13%
  42  Tetrther                                                                                                                                               69.70%    passed     25.27%
  43  Galdphle                                                                                                                                               69.74%    passed     71.00%
  44  Gracchor                                                                                                                                               69.09%    passed     61.83%
  45  Porppurp                                                                                                                                               67.99%    failed      4.20%
  46  Chlovari                                                                                                                                               68.84%    passed     17.62%
  47  Tetrasti                                                                                                                                               69.21%    passed     99.68%
  48  Arabthal                                                                                                                                               69.37%    passed     96.56%
  49  Nephpyri                                                                                                                                               68.56%    passed     46.53%
  50  Dunasali                                                                                                                                               69.29%    passed     75.11%
  51  Pyrapark                                                                                                                                               79.49%    passed     76.77%
  52  Mesoviri                                                                                                                                               69.17%    passed     99.20%
  53  Rainerin                                                                                                                                               81.73%    passed     79.64%
  54  ChoanoFB                                                                                                                                               69.62%    passed     91.61%
  55  AcanthFB                                                                                                                                               85.40%    passed     72.87%
  56  Raphhete                                                                                                                                               71.13%    passed     82.17%
  57  Prassing                                                                                                                                               79.12%    passed      9.62%
  58  Prascaps                                                                                                                                               89.97%    passed     80.56%
  59  Bigenata                                                                                                                                               71.08%    passed     97.53%
  60  Gemicryo                                                                                                                                               69.49%    passed     92.55%
  61  Hemirufe                                                                                                                                               69.98%    passed     72.45%
  62  Goniavon                                                                                                                                               69.74%    passed     66.98%
  63  Rozeallo                                                                                                                                               69.62%    failed      2.48%
  64  Dictdisc                                                                                                                                               70.19%    failed      1.94%
  65  Physpoly                                                                                                                                               69.62%    passed     61.56%
  66  Protfung                                                                                                                                               69.54%    passed     12.76%
  67  Mitodaph                                                                                                                                               68.80%    passed     14.11%
  68  Parasacc                                                                                                                                               74.14%    passed     97.92%
  69  Homosapi                                                                                                                                               68.60%    passed     99.51%
  70  Nemavect                                                                                                                                               70.02%    passed     80.27%
  71  Syssmult                                                                                                                                               69.62%    passed     98.04%
  72  Capsowcz                                                                                                                                               68.80%    passed     19.54%
  73  Creofrag                                                                                                                                               68.80%    passed     64.15%
  74  Sphadest                                                                                                                                               69.66%    passed     63.90%
  75  Monobrev                                                                                                                                               69.62%    passed     99.81%
  76  Coralima                                                                                                                                               69.45%    passed     88.64%
  77  Andagodo                                                                                                                                               69.45%    passed     72.21%
  78  Lapoguse                                                                                                                                               69.05%    passed     98.25%
  79  Gephhuxl                                                                                                                                               68.80%    failed      0.52%
  80  Calclept                                                                                                                                               69.62%    passed     52.81%
  81  Thectrah                                                                                                                                               69.45%    passed     20.28%
  82  Parvatla                                                                                                                                               75.12%    passed     97.19%
  83  Sacccere                                                                                                                                               68.96%    passed     93.83%
  84  Batrdend                                                                                                                                               70.47%    passed     64.79%
  85  Idiovort                                                                                                                                               67.09%    passed     71.51%
  86  Perkmari                                                                                                                                               63.46%    passed     94.95%
  87  Karebrev                                                                                                                                               69.09%    passed     95.02%
  88  Toxogond                                                                                                                                               63.99%    failed      0.00%
  89  Chroveli                                                                                                                                               68.64%    passed     70.30%
  90  Neobdesi                                                                                                                                               69.62%    passed     53.31%
  91  Flecnera                                                                                                                                               69.49%    passed     34.03%
  92  Diplambu                                                                                                                                               68.96%    passed     72.86%
  93  Rhodlimn                                                                                                                                               69.78%    passed     80.94%
  94  Rhodemar                                                                                                                                               69.70%    passed     77.72%
  95  Wobbluna                                                                                                                                               69.45%    passed     73.23%
  96  PlacCLAB                                                                                                                                               69.05%    passed     75.05%
  97  Chlorept                                                                                                                                               70.55%    passed     21.35%
  98  Aplakerg                                                                                                                                               69.58%    passed     99.14%
  99  ThraLLF1                                                                                                                                               69.74%    passed     62.33%
 100  Schiaggr                                                                                                                                               69.70%    passed     91.95%
 101  Auralima                                                                                                                                               69.21%    passed     53.23%
 102  Haloseos                                                                                                                                               67.58%    passed     91.76%
 103  PoterBG1                                                                                                                                               70.72%    passed     71.24%
 104  Ochr2298                                                                                                                                               72.15%    passed     96.11%
 105  Pedoelon                                                                                                                                               69.94%    passed     53.63%
 106  Dino2267                                                                                                                                               72.06%    passed     30.43%
 107  Mallmari                                                                                                                                               69.86%    passed     94.46%
 108  Paravest                                                                                                                                               81.85%    passed     50.97%
 109  Tripeleu                                                                                                                                               70.35%    passed     42.00%
 110  Phaetric                                                                                                                                               81.20%    passed     99.61%
 111  Psuemult                                                                                                                                               69.82%    passed     64.78%
 112  Fragcyli                                                                                                                                               71.13%    passed     26.81%
 113  Fucucera                                                                                                                                               69.09%    passed     79.37%
 114  Agarclat                                                                                                                                               69.21%    passed     88.99%
 115  Tribgaya                                                                                                                                               68.31%    passed      8.26%
 116  Vauclito                                                                                                                                               69.58%    passed     42.46%
 117  Syncpusi                                                                                                                                               80.75%    passed     49.56%
 118  Paheparv                                                                                                                                               82.87%    passed     49.30%
 119  Pingpyre                                                                                                                                               49.84%    failed      0.00%
 120  Heteakas                                                                                                                                               69.70%    passed     81.80%
 121  Chatsubs                                                                                                                                               70.55%    passed     96.44%
 122  Aureanop                                                                                                                                               70.11%    failed      0.00%
 123  Pelacalc                                                                                                                                               69.00%    passed     10.22%
 124  Pela2097                                                                                                                                               73.65%    passed     41.77%
 125  Aurelagu                                                                                                                                               69.21%    passed     34.86%
 126  Chryfrag                                                                                                                                               70.27%    failed      0.07%
 127  Octaspec                                                                                                                                               69.70%    passed     96.17%
 128  Flor1587                                                                                                                                               76.88%    passed     32.62%
 129  Pseuelas                                                                                                                                               70.15%    passed     49.69%
 130  Pedi2098                                                                                                                                               81.57%    passed      8.87%
 131  Deveeleg                                                                                                                                               70.02%    passed     12.58%
 132  Saprdecl                                                                                                                                               69.58%    passed     97.44%
 133  Pythirre                                                                                                                                               71.82%    passed     99.65%
 134  Albulaib                                                                                                                                               69.37%    passed     81.41%
 135  BlasS7SB                                                                                                                                               70.76%    passed     91.33%
 136  Rhodmari                                                                                                                                               67.94%    passed     71.56%
 137  Compcoer                                                                                                                                               68.43%    passed     19.23%
 138  Rhodmacu                                                                                                                                               80.51%    failed      4.55%
 139  Galdsulp                                                                                                                                               69.21%    passed     58.47%
 140  Cerakond                                                                                                                                               70.68%    passed     67.01%
 141  Gratturu                                                                                                                                               71.49%    passed     76.13%
 142  Choncris                                                                                                                                               69.49%    passed     67.77%
 143  Porpumbi                                                                                                                                               81.97%    failed      0.01%
 144  Cyanmero                                                                                                                                               65.86%    failed      0.00%
 145  Brevmoto                                                                                                                                               69.78%    passed     99.79%
 146  MatazaD1                                                                                                                                               73.49%    passed     52.55%
 147  Diacluth                                                                                                                                               69.37%    passed     10.62%
 148  Prymparv                                                                                                                                               70.64%    passed     58.49%
 149  Chrycart                                                                                                                                               68.03%    passed     49.65%
 150  Tisolute                                                                                                                                               72.92%    passed     87.94%
 151  Cryppara                                                                                                                                               68.76%    passed     63.02%
 152  Bafffrig                                                                                                                                               69.25%    passed     88.88%
 153  Rhodsali                                                                                                                                               67.94%    passed     56.88%
 154  Roomtrun                                                                                                                                               81.12%    passed     67.35%
 155  Ancytwis                                                                                                                                               69.33%    passed     92.78%
 156  Volvcart                                                                                                                                               70.96%    passed     20.27%
 157  Oryzsati                                                                                                                                               69.13%    passed     97.41%
 158  Physpate                                                                                                                                               68.27%    passed     59.10%
 159  Picosali                                                                                                                                               69.37%    passed     91.96%
 160  Micrpusl                                                                                                                                               69.21%    passed     71.75%
 161  Ostrtaur                                                                                                                                               69.05%    passed     60.83%
 162  Cyanpara                                                                                                                                               70.31%    passed     37.11%
 163  Gloewitr                                                                                                                                               69.66%    passed     77.76%
 164  Sapochin                                                                                                                                               70.72%    passed     22.21%
 165  Rigiramo                                                                                                                                               69.00%    passed     43.46%
 166  Mantplas                                                                                                                                               68.84%    passed     96.37%
 167  HeterBB2                                                                                                                                               67.86%    passed     77.86%
 168  Pharkirb                                                                                                                                               69.21%    passed     85.28%
 169  Eugllong                                                                                                                                               68.80%    passed     93.30%
 170  Euglgrac                                                                                                                                               68.76%    passed     87.88%
 171  Eutrgymn                                                                                                                                               68.76%    passed     88.58%
 172  Armalang                                                                                                                                               70.19%    passed     94.13%
 173  Veximinu                                                                                                                                               69.86%    passed     34.96%
 174  Cochminu                                                                                                                                               69.94%    passed     23.48%
 175  Gefiokel                                                                                                                                               77.00%    passed     98.53%
 176  Pellcata                                                                                                                                               83.85%    passed     56.47%
 177  Gocefonb                                                                                                                                               67.05%    passed     77.17%
 178  Endozona                                                                                                                                               66.84%    passed     80.47%
 179  Dracjorm                                                                                                                                               73.16%    passed     87.38%
 180  Luaphula                                                                                                                                               68.52%    passed     78.23%
 181  Paralevi                                                                                                                                               80.22%    passed     49.54%
 182  Flabcita                                                                                                                                               70.19%    passed     43.17%
 183  Rhizsaxo                                                                                                                                               69.90%    passed     77.05%
 184  NolaAFSM                                                                                                                                               68.92%    passed     74.25%
 185  Arcevulg                                                                                                                                               68.35%    passed     85.77%
 186  Amoeprot                                                                                                                                               69.25%    passed     81.22%
 187  Coprprot                                                                                                                                               69.86%    passed     54.99%
 188  Vermverm                                                                                                                                               69.58%    passed     93.06%
 189  Echiexud                                                                                                                                               69.78%    passed     85.63%
 190  Phalsoli                                                                                                                                               69.66%    passed     55.89%
 191  Soliirre                                                                                                                                               68.88%    passed     94.46%
 192  Schivulg                                                                                                                                               67.33%    passed     24.16%
 193  Cavoapop                                                                                                                                               67.54%    passed     79.48%
 194  Filanola                                                                                                                                               69.54%    passed     96.96%
 195  Sapppeda                                                                                                                                               81.00%    passed     73.48%
 196  Stensten                                                                                                                                               84.34%    passed     29.68%
 197  Hetepall                                                                                                                                               69.17%    passed     46.75%
 198  Fabotrop                                                                                                                                               69.62%    passed     98.70%
 199  Salprose                                                                                                                                               35.73%    failed      0.00%
 200  Tricadha                                                                                                                                               69.94%    passed     79.78%
 201  Amphquee                                                                                                                                               73.33%    passed     99.27%
 202  Caeneleg                                                                                                                                               69.41%    passed     94.58%
 203  Aplycali                                                                                                                                               69.54%    passed     99.33%
 204  Schimans                                                                                                                                               73.29%    passed     27.76%
 205  Taensoli                                                                                                                                               68.92%    passed     94.61%
 206  Apismell                                                                                                                                               69.66%    failed      0.03%
 207  Drosmela                                                                                                                                               69.62%    passed     75.39%
 208  Branflor                                                                                                                                               69.21%    passed     84.06%
 209  Gallgall                                                                                                                                               69.90%    passed     98.67%
 210  Sphaarct                                                                                                                                               72.55%    passed     91.47%
 211  Amoepara                                                                                                                                               69.25%    passed     97.80%
 212  Bodosalt                                                                                                                                               69.49%    passed     69.54%
 213  Diphrota                                                                                                                                               69.66%    passed     91.18%
 214  Mancberm                                                                                                                                               69.41%    passed     38.51%
 215  Ancysigm                                                                                                                                               68.76%    failed      4.52%
 216  Nutolong                                                                                                                                               74.55%    passed     37.31%
 217  Guttvulg                                                                                                                                               68.43%    passed     19.19%
 218  Fontalba                                                                                                                                               69.98%    passed     78.52%
 219  Rhizdele                                                                                                                                               69.17%    passed     71.27%
 220  Schizpom                                                                                                                                               68.60%    passed     51.45%
 221  Aspefumi                                                                                                                                               67.29%    passed     97.69%
 222  Neurcras                                                                                                                                               67.37%    passed     84.91%
 223  Debahans                                                                                                                                               68.76%    passed     79.41%
 224  Coprcine                                                                                                                                               66.64%    passed     58.44%
 225  Ustimayd                                                                                                                                               65.66%    failed      1.52%
 226  Spizpunc                                                                                                                                               68.56%    passed    100.00%
 227  Blasbrit                                                                                                                                               68.68%    passed     24.85%
 228  Allomacr                                                                                                                                               68.80%    passed     53.07%
 229  Pelasubv                                                                                                                                               71.45%    failed      0.02%
 230  CP_TRINITY_DN6562_c0_g1__CP_TRINITY_DN6562_c0_g1_i1__g.38268__m.38268_type_5prime_partial_len_301_gc_universal_CP_TRINITY_DN6562_c0_g1_i1_3-905___     87.77%    passed     25.86%
 231  CP_TRINITY_DN4140_c1_g1__CP_TRINITY_DN4140_c1_g1_i27__g.75973__m.75973_type_5prime_partial_len_139_gc_universal_CP_TRINITY_DN4140_c1_g1_i27_2-418___   94.37%    passed     79.68%
 232  CP_TRINITY_DN4140_c1_g1__CP_TRINITY_DN4140_c1_g1_i6__g.75975__m.75975_type_5prime_partial_len_166_gc_universal_CP_TRINITY_DN4140_c1_g1_i6_2-499___     93.27%    passed     84.94%
 233  CP_TRINITY_DN4140_c1_g2__CP_TRINITY_DN4140_c1_g2_i2__g.75976__m.75976_type_3prime_partial_len_441_gc_universal_CP_TRINITY_DN4140_c1_g2_i2_1322-3_-_    82.06%    passed     97.21%
 234  CP_TRINITY_DN4140_c1_g2__CP_TRINITY_DN4140_c1_g2_i2__g.75977__m.75977_type_complete_len_177_gc_universal_CP_TRINITY_DN4140_c1_g2_i2_1849-1319_-_       92.82%    passed      6.74%
WARNING: 232 sequences contain more than 50% gaps/ambiguity
****  TOTAL                                                                                                                                                  71.73%  23 sequences failed composition chi2 test (p-value<5%; df=19)

Create initial parsimony tree by phylogenetic likelihood library (PLL)... 0.560 seconds
Generating 1000 samples for ultrafast bootstrap (seed: 463615)...

NOTE: 238 MB RAM (0 GB) is required!
Estimate model parameters (epsilon = 0.100)
1. Initial log-likelihood: -208152.403
2. Current log-likelihood: -193721.034
3. Current log-likelihood: -193575.792
4. Current log-likelihood: -193573.824
Optimal log-likelihood: -193573.709
Site proportion and rates:  (0.238,0.106) (0.164,0.383) (0.194,0.847) (0.404,1.850)
Parameters optimization took 4 rounds (476.437 sec)
Computing ML distances based on estimated model parameters... 17.586 sec
WARNING: Some pairwise ML distances are too long (saturated)
Computing BIONJ tree...
0.028 seconds
Log-likelihood of BIONJ tree: -194184.072
--------------------------------------------------------------------
|             INITIALIZING CANDIDATE TREE SET                      |
--------------------------------------------------------------------
Generating 98 parsimony trees... 69.227 second
Computing log-likelihood of 98 initial trees ... 644.252 seconds
Current best score: -193423.934

Do NNI search on 20 best initial trees
Estimate model parameters (epsilon = 0.100)
BETTER TREE FOUND at iteration 1: -192950.544
Estimate model parameters (epsilon = 0.100)
BETTER TREE FOUND at iteration 6: -192914.111
Iteration 10 / LogL: -193104.210 / Time: 0h:40m:7s
Iteration 20 / LogL: -193084.063 / Time: 0h:55m:27s
Finish initializing candidate tree set (20)
Current best tree score: -192914.111 / CPU time: 2747.460
Number of iterations: 20
--------------------------------------------------------------------
|               OPTIMIZING CANDIDATE TREE SET                      |
--------------------------------------------------------------------
Estimate model parameters (epsilon = 0.100)
BETTER TREE FOUND at iteration 25: -192903.579
Estimate model parameters (epsilon = 0.100)
BETTER TREE FOUND at iteration 27: -192890.113
Estimate model parameters (epsilon = 0.100)
BETTER TREE FOUND at iteration 28: -192769.269
Estimate model parameters (epsilon = 0.100)
BETTER TREE FOUND at iteration 29: -192693.949
Estimate model parameters (epsilon = 0.100)
BETTER TREE FOUND at iteration 30: -192666.460
Iteration 30 / LogL: -192666.460 / Time: 1h:36m:40s (5h:33m:18s left)
Estimate model parameters (epsilon = 0.100)
BETTER TREE FOUND at iteration 33: -192657.632
Estimate model parameters (epsilon = 0.100)
BETTER TREE FOUND at iteration 34: -192645.738
Estimate model parameters (epsilon = 0.100)
BETTER TREE FOUND at iteration 37: -192629.791
Iteration 40 / LogL: -192650.003 / Time: 2h:3m:42s (5h:7m:39s left)
Estimate model parameters (epsilon = 0.100)
BETTER TREE FOUND at iteration 42: -192615.936
Iteration 50 / LogL: -192621.975 / Time: 2h:21m:11s (4h:25m:3s left)
Log-likelihood cutoff on original alignment: -192901.535
Estimate model parameters (epsilon = 0.100)
BETTER TREE FOUND at iteration 55: -192608.864
Estimate model parameters (epsilon = 0.100)
BETTER TREE FOUND at iteration 59: -192602.086
Iteration 60 / LogL: -192605.973 / Time: 2h:41m:2s (4h:30m:12s left)
Estimate model parameters (epsilon = 0.100)
BETTER TREE FOUND at iteration 66: -192600.583
Iteration 70 / LogL: -192623.525 / Time: 2h:55m:12s (4h:3m:44s left)
Iteration 80 / LogL: -192606.151 / Time: 3h:5m:32s (3h:21m:58s left)
Estimate model parameters (epsilon = 0.100)
BETTER TREE FOUND at iteration 85: -192600.096
Iteration 90 / LogL: -192610.602 / Time: 3h:20m:8s (3h:33m:36s left)
Estimate model parameters (epsilon = 0.100)
BETTER TREE FOUND at iteration 91: -192599.388
Estimate model parameters (epsilon = 0.100)
BETTER TREE FOUND at iteration 95: -192598.978
Iteration 100 / LogL: -192618.377 / Time: 3h:36m:52s (3h:28m:6s left)
Log-likelihood cutoff on original alignment: -192693.515
NOTE: Bootstrap correlation coefficient of split occurrence frequencies: 0.954
NOTE: UFBoot does not converge, continue at least 100 more iterations
Estimate model parameters (epsilon = 0.100)
BETTER TREE FOUND at iteration 106: -192596.250
Iteration 110 / LogL: -192616.369 / Time: 3h:50m:26s (3h:22m:56s left)
Iteration 120 / LogL: -192605.291 / Time: 4h:2m:9s (2h:54m:59s left)
Iteration 130 / LogL: -192599.778 / Time: 4h:12m:41s (2h:28m:51s left)
Estimate model parameters (epsilon = 0.100)
BETTER TREE FOUND at iteration 136: -192593.687
Iteration 140 / LogL: -192608.359 / Time: 4h:25m:20s (3h:3m:14s left)
Iteration 150 / LogL: -192613.773 / Time: 4h:35m:40s (2h:39m:6s left)
Log-likelihood cutoff on original alignment: -192693.515
Iteration 160 / LogL: -192623.539 / Time: 4h:46m:50s (2h:17m:6s left)
Estimate model parameters (epsilon = 0.100)
BETTER TREE FOUND at iteration 167: -192593.097
Iteration 170 / LogL: -192598.315 / Time: 5h:1m:57s (2h:53m:18s left)
Iteration 180 / LogL: -192628.481 / Time: 5h:11m:49s (2h:31m:32s left)
Iteration 190 / LogL: -192620.903 / Time: 5h:21m:38s (2h:11m:2s left)
Iteration 200 / LogL: -192609.217 / Time: 5h:31m:15s (1h:51m:31s left)
Log-likelihood cutoff on original alignment: -192693.515
NOTE: Bootstrap correlation coefficient of split occurrence frequencies: 0.993
Iteration 210 / LogL: -192601.636 / Time: 5h:40m:58s (2h:26m:49s left)
Iteration 220 / LogL: -192606.631 / Time: 5h:51m:0s (2h:8m:13s left)
Iteration 230 / LogL: -192607.227 / Time: 6h:0m:41s (1h:50m:14s left)
Iteration 240 / LogL: -192607.098 / Time: 6h:10m:56s (1h:33m:7s left)
Iteration 250 / LogL: -192606.327 / Time: 6h:20m:59s (1h:16m:30s left)
Log-likelihood cutoff on original alignment: -192693.515
Iteration 260 / LogL: -192635.069 / Time: 6h:30m:28s (1h:0m:18s left)
TREE SEARCH COMPLETED AFTER 268 ITERATIONS / Time: 6h:38m:23s

--------------------------------------------------------------------
|                    FINALIZING TREE SEARCH                        |
--------------------------------------------------------------------
Performs final model parameters optimization
Estimate model parameters (epsilon = 0.010)
1. Initial log-likelihood: -192593.097
2. Current log-likelihood: -192593.065
3. Current log-likelihood: -192593.043
Optimal log-likelihood: -192593.029
Site proportion and rates:  (0.234,0.093) (0.175,0.379) (0.195,0.847) (0.397,1.883)
Parameters optimization took 3 rounds (56.433 sec)
BEST SCORE FOUND : -192593.029
Empirical proportions for each category: 0.168 0.075 0.070 0.687
Site rates printed to /tmp/IQTREE/OtX8MiB76y/iqt.rate

Testing tree branches by SH-like aLRT with 1000 replicates...
34.916 sec.
Creating bootstrap support values...
Split supports printed to NEXUS file /tmp/IQTREE/OtX8MiB76y/iqt.splits.nex
Total tree length: 135.740

Total number of iterations: 268
CPU time used for tree search: 13384.899 sec (3h:43m:4s)
Wall-clock time used for tree search: 23323.402 sec (6h:28m:43s)
Total CPU time used: 13989.172 sec (3h:53m:9s)
Total wall-clock time used: 23997.118 sec (6h:39m:57s)

Computing bootstrap consensus tree...
Reading input file /tmp/IQTREE/OtX8MiB76y/iqt.splits.nex...
234 taxa and 1287 splits.
Consensus tree written to /tmp/IQTREE/OtX8MiB76y/iqt.contree
Reading input trees file /tmp/IQTREE/OtX8MiB76y/iqt.contree
Log-likelihood of consensus tree: -192591.120

Analysis results written to: 
  IQ-TREE report:                /tmp/IQTREE/OtX8MiB76y/iqt.iqtree
  Maximum-likelihood tree:       /tmp/IQTREE/OtX8MiB76y/iqt.treefile
  Likelihood distances:          /tmp/IQTREE/OtX8MiB76y/iqt.mldist
  Site-specific rates:           /tmp/IQTREE/OtX8MiB76y/iqt.rate

Ultrafast bootstrap approximation results written to:
  Split support values:          /tmp/IQTREE/OtX8MiB76y/iqt.splits.nex
  Consensus tree:                /tmp/IQTREE/OtX8MiB76y/iqt.contree
  Screen log file:               /tmp/IQTREE/OtX8MiB76y/iqt.log

Date and Time: Sun Mar  3 17:42:26 2024
